--------- beginning of /dev/log/main
04-25 21:23:22.135 E/Profiler(   83): BPUnw: [1 total] thread_unregister_for_profiling(me=0x423788)  (NOT REGISTERED) 
04-25 21:23:22.335 I/Gecko   (   83): 1398486202349	Marionette	INFO	sendToClient: {"from":"0","ok":true}, {86a86457-4f55-4a16-92f4-a9bef72e0787}, {86a86457-4f55-4a16-92f4-a9bef72e0787}
04-25 21:23:22.345 I/Gecko   (   83): 1398486202363	Marionette	DEBUG	Got request: switchToFrame, data: {"to":"0","sessionId":"3-b2g","name":"switchToFrame","parameters":{"id":null,"focus":true}}, id: {a5aaafb2-72a6-4909-8673-7644a95ca7a4}
04-25 21:23:22.355 I/Gecko   (   83): 1398486202373	Marionette	INFO	Switched to frame: {"frameValue":null}
04-25 21:23:22.405 I/Gecko   (   83): [Parent 83] WARNING: waitpid failed pid:499 errno:10: file ../../../gecko/ipc/chromium/src/base/process_util_posix.cc, line 254
04-25 21:23:22.405 I/Gecko   (   83): [Parent 83] WARNING: Failed to deliver SIGKILL to 499!(3).: file ../../../gecko/ipc/chromium/src/chrome/common/process_watcher_posix_sigchld.cc, line 118
04-25 21:23:22.475 I/Gecko   (   83): 1398486202491	Marionette	INFO	sendToClient: {"from":"0","ok":true}, {a5aaafb2-72a6-4909-8673-7644a95ca7a4}, {a5aaafb2-72a6-4909-8673-7644a95ca7a4}
04-25 21:23:22.485 I/Gecko   (   83): 1398486202500	Marionette	DEBUG	Got request: executeWithCallback, data: {"to":"0","sessionId":"3-b2g","name":"executeAsyncScript","parameters":{"specialPowers":false,"scriptTimeout":null,"newSandbox":true,"args":[],"filename":"gaia_test.py","script":"return GaiaApps.displayedApp();","line":66}}, id: {94aed72a-8ea4-4d9c-be70-feb85718c8d3}
04-25 21:23:22.535 I/Gecko   (   83): 1398486202550	Marionette	INFO	sendToClient: {"from":"0","value":{"frame":{"ELEMENT":"{7ea1f974-ed42-490a-8832-b63e82b86041}"},"src":"app://homescreen.gaiamobile.org/index.html#root","name":"Homescreen","origin":"app://homescreen.gaiamobile.org"}}, {94aed72a-8ea4-4d9c-be70-feb85718c8d3}, {94aed72a-8ea4-4d9c-be70-feb85718c8d3}
04-25 21:23:22.545 E/GeckoConsole(   83): Content JS LOG at dummy file:392 in GaiaApps.displayedApp: app with origin 'app://homescreen.gaiamobile.org' is displayed
04-25 21:23:22.545 I/Gecko   (   83): 1398486202560	Marionette	DEBUG	Got request: switchToFrame, data: {"to":"0","sessionId":"3-b2g","name":"switchToFrame","parameters":{"id":null,"focus":true}}, id: {bed474d0-22da-4f90-98e7-854a2d2faa26}
04-25 21:23:22.545 I/Gecko   (   83): 1398486202561	Marionette	INFO	Switched to frame: {"frameValue":null}
04-25 21:23:22.645 I/Gecko   (   83): 1398486202664	Marionette	INFO	sendToClient: {"from":"0","ok":true}, {bed474d0-22da-4f90-98e7-854a2d2faa26}, {bed474d0-22da-4f90-98e7-854a2d2faa26}
04-25 21:23:22.655 I/Gecko   (   83): 1398486202670	Marionette	DEBUG	Got request: switchToFrame, data: {"to":"0","sessionId":"3-b2g","name":"switchToFrame","parameters":{"id":null,"focus":true}}, id: {f715c5c8-9e79-4f00-8898-9a7d5e2c1270}
04-25 21:23:22.655 I/Gecko   (   83): 1398486202672	Marionette	INFO	Switched to frame: {"frameValue":null}
04-25 21:23:22.765 I/Gecko   (   83): 1398486202778	Marionette	INFO	sendToClient: {"from":"0","ok":true}, {f715c5c8-9e79-4f00-8898-9a7d5e2c1270}, {f715c5c8-9e79-4f00-8898-9a7d5e2c1270}
04-25 21:23:22.785 I/Gecko   (   83): 1398486202798	Marionette	DEBUG	Got request: executeWithCallback, data: {"to":"0","sessionId":"3-b2g","name":"executeAsyncScript","parameters":{"specialPowers":false,"scriptTimeout":null,"newSandbox":true,"args":[],"filename":"gaia_test.py","script":"return GaiaApps.displayedApp();","line":66}}, id: {70c7764a-1ea7-49db-af80-2422b29f0ce7}
04-25 21:23:22.855 I/Gecko   (   83): 1398486202874	Marionette	INFO	sendToClient: {"from":"0","value":{"frame":{"ELEMENT":"{7ea1f974-ed42-490a-8832-b63e82b86041}"},"src":"app://homescreen.gaiamobile.org/index.html#root","name":"Homescreen","origin":"app://homescreen.gaiamobile.org"}}, {70c7764a-1ea7-49db-af80-2422b29f0ce7}, {70c7764a-1ea7-49db-af80-2422b29f0ce7}
04-25 21:23:22.875 E/GeckoConsole(   83): Content JS LOG at dummy file:392 in GaiaApps.displayedApp: app with origin 'app://homescreen.gaiamobile.org' is displayed
04-25 21:23:22.875 I/Gecko   (   83): 1398486202893	Marionette	DEBUG	Got request: switchToFrame, data: {"to":"0","sessionId":"3-b2g","name":"switchToFrame","parameters":{"focus":true,"element":"{7ea1f974-ed42-490a-8832-b63e82b86041}"}}, id: {e6bbf4d2-5aa0-4d54-806c-87b723c45828}
04-25 21:23:22.885 I/Gecko   (   83): 1398486202900	Marionette	INFO	Switched to frame: {"frameValue":"{7ea1f974-ed42-490a-8832-b63e82b86041}"}
04-25 21:23:22.895 I/Gecko   (   83): 1398486202907	Marionette	INFO	trying remote frame 0
04-25 21:23:22.905 I/Gecko   (   83): 1398486202916	Marionette	INFO	deleting frame
04-25 21:23:22.905 I/Gecko   (   83): 1398486202923	Marionette	INFO	frame-manager load script: [object ChromeMessageSender]
04-25 21:23:23.225 I/Gecko   (   83): 1398486203239	Marionette	INFO	sendToClient: {"from":"0","ok":true}, {e6bbf4d2-5aa0-4d54-806c-87b723c45828}, {e6bbf4d2-5aa0-4d54-806c-87b723c45828}
04-25 21:23:23.315 I/Gecko   (   83): 1398486203327	Marionette	INFO	sendToClient: {"from":"0","value":{"ELEMENT":"{6db86f6b-40c4-4a65-bb91-a0d5c094dccc}"}}, {04e22f34-f4cd-4c2a-9db3-469c50c5c757}, {04e22f34-f4cd-4c2a-9db3-469c50c5c757}
04-25 21:23:23.585 E/GeckoConsole(  529): [JavaScript Warning: "Use of getAttributeNode() is deprecated. Use getAttribute() instead." {file: "chrome://marionette/content/atoms.js" line: 25}]
04-25 21:23:23.585 E/GeckoConsole(  529): [JavaScript Warning: "Use of attributes' specified attribute is deprecated. It always returns true." {file: "chrome://marionette/content/atoms.js" line: 25}]
04-25 21:23:23.585 I/Gecko   (   83): 1398486203600	Marionette	INFO	sendToClient: {"from":"0","value":"normal"}, {0910a88e-6d85-402e-b212-29cbb470d5a3}, {0910a88e-6d85-402e-b212-29cbb470d5a3}
04-25 21:23:23.595 I/Gecko   (   83): 1398486203607	Marionette	DEBUG	Got request: switchToFrame, data: {"to":"0","sessionId":"3-b2g","name":"switchToFrame","parameters":{"id":null,"focus":true}}, id: {19fc41d1-0bee-4cf2-b384-7e9c4f60105c}
04-25 21:23:23.595 I/Gecko   (   83): 1398486203615	Marionette	INFO	Switched to frame: {"frameValue":null}
04-25 21:23:23.715 I/Gecko   (   83): 1398486203726	Marionette	INFO	sendToClient: {"from":"0","ok":true}, {19fc41d1-0bee-4cf2-b384-7e9c4f60105c}, {19fc41d1-0bee-4cf2-b384-7e9c4f60105c}
04-25 21:23:23.715 I/Gecko   (   83): 1398486203734	Marionette	DEBUG	Got request: execute, data: {"to":"0","sessionId":"3-b2g","name":"executeScript","parameters":{"specialPowers":false,"scriptTimeout":null,"newSandbox":true,"args":[],"filename":"gaia_test.py","script":"window.wrappedJSObject.dispatchEvent(new Event('home'));","line":788}}, id: {024e33b4-374a-456f-bafd-36f39bc84d24}
04-25 21:23:23.795 I/Gecko   (   83): 1398486203807	Marionette	INFO	sendToClient: {"from":"0","value":null}, {024e33b4-374a-456f-bafd-36f39bc84d24}, {024e33b4-374a-456f-bafd-36f39bc84d24}
04-25 21:23:23.805 I/Gecko   (   83): 1398486203824	Marionette	DEBUG	Got request: switchToFrame, data: {"to":"0","sessionId":"3-b2g","name":"switchToFrame","parameters":{"id":null,"focus":true}}, id: {cfb1dc95-d574-4df1-b07d-9ff3a4ac03a6}
04-25 21:23:23.815 I/Gecko   (   83): 1398486203826	Marionette	INFO	Switched to frame: {"frameValue":null}
04-25 21:23:23.925 I/Gecko   (   83): 1398486203936	Marionette	INFO	sendToClient: {"from":"0","ok":true}, {cfb1dc95-d574-4df1-b07d-9ff3a4ac03a6}, {cfb1dc95-d574-4df1-b07d-9ff3a4ac03a6}
04-25 21:23:23.925 I/Gecko   (   83): 1398486203943	Marionette	DEBUG	Got request: switchToFrame, data: {"to":"0","sessionId":"3-b2g","name":"switchToFrame","parameters":{"id":null,"focus":true}}, id: {e62e27f5-994b-4e38-ba6c-2358c8ff8a86}
04-25 21:23:23.935 I/Gecko   (   83): 1398486203945	Marionette	INFO	Switched to frame: {"frameValue":null}
04-25 21:23:24.045 I/Gecko   (   83): 1398486204057	Marionette	INFO	sendToClient: {"from":"0","ok":true}, {e62e27f5-994b-4e38-ba6c-2358c8ff8a86}, {e62e27f5-994b-4e38-ba6c-2358c8ff8a86}
04-25 21:23:24.045 I/Gecko   (   83): 1398486204065	Marionette	DEBUG	Got request: executeWithCallback, data: {"to":"0","sessionId":"3-b2g","name":"executeAsyncScript","parameters":{"specialPowers":false,"scriptTimeout":null,"newSandbox":true,"args":[],"filename":"gaia_test.py","script":"return GaiaApps.displayedApp();","line":66}}, id: {7ba57269-17fb-4e35-8bae-8dee931a079c}
04-25 21:23:24.125 I/Gecko   (   83): 1398486204135	Marionette	INFO	sendToClient: {"from":"0","value":{"frame":{"ELEMENT":"{7ea1f974-ed42-490a-8832-b63e82b86041}"},"src":"app://homescreen.gaiamobile.org/index.html#rootFri%20Apr%2025%202014%2021:23:23%20GMT-0700%20(UTC)","name":"Homescreen","origin":"app://homescreen.gaiamobile.org"}}, {7ba57269-17fb-4e35-8bae-8dee931a079c}, {7ba57269-17fb-4e35-8bae-8dee931a079c}
04-25 21:23:24.125 E/GeckoConsole(   83): Content JS LOG at dummy file:392 in GaiaApps.displayedApp: app with origin 'app://homescreen.gaiamobile.org' is displayed
04-25 21:23:24.135 I/Gecko   (   83): 1398486204148	Marionette	DEBUG	Got request: switchToFrame, data: {"to":"0","sessionId":"3-b2g","name":"switchToFrame","parameters":{"focus":true,"element":"{7ea1f974-ed42-490a-8832-b63e82b86041}"}}, id: {5f9a1047-654a-4557-ab93-e918a3cf269d}
04-25 21:23:24.145 I/Gecko   (   83): 1398486204159	Marionette	INFO	Switched to frame: {"frameValue":"{7ea1f974-ed42-490a-8832-b63e82b86041}"}
04-25 21:23:24.155 I/Gecko   (   83): 1398486204168	Marionette	INFO	trying remote frame 0
04-25 21:23:24.355 W/WifiHW  (   83): wifi_command: SIGNAL_POLL
04-25 21:23:24.895 I/Gecko   (   83): 1398486204913	Marionette	INFO	sendToClient: {"from":"0","ok":true}, {5f9a1047-654a-4557-ab93-e918a3cf269d}, {5f9a1047-654a-4557-ab93-e918a3cf269d}
04-25 21:23:24.905 I/Gecko   (   83): 1398486204924	Marionette	DEBUG	Got request: execute, data: {"to":"0","sessionId":"3-b2g","name":"executeScript","parameters":{"specialPowers":false,"scriptTimeout":null,"newSandbox":true,"args":[],"filename":"gaia_test.py","script":"return window.wrappedJSObject.GridManager.pageHelper.getCurrentPageNumber();","line":784}}, id: {83400841-1ff1-4910-9254-1efd823bcf34}
04-25 21:23:24.915 E/GeckoConsole(  529): Content JS WARN at app://homescreen.gaiamobile.org/gaia_build_defer_index.js:184 in isHiddenApp: Unexpected role when checking hidden app: undefined
04-25 21:23:24.915 E/GeckoConsole(  529): Content JS WARN at app://homescreen.gaiamobile.org/gaia_build_defer_index.js:184 in isHiddenApp: Unexpected role when checking hidden app: undefined
04-25 21:23:24.915 E/GeckoConsole(  529): Content JS WARN at app://homescreen.gaiamobile.org/gaia_build_defer_index.js:184 in isHiddenApp: Unexpected role when checking hidden app: undefined
04-25 21:23:24.925 E/GeckoConsole(  529): Content JS WARN at app://homescreen.gaiamobile.org/gaia_build_defer_index.js:184 in isHiddenApp: Unexpected role when checking hidden app: undefined
04-25 21:23:24.925 E/GeckoConsole(  529): Content JS WARN at app://homescreen.gaiamobile.org/gaia_build_defer_index.js:184 in isHiddenApp: Unexpected role when checking hidden app: undefined
04-25 21:23:24.925 E/GeckoConsole(  529): Content JS WARN at app://homescreen.gaiamobile.org/gaia_build_defer_index.js:184 in isHiddenApp: Unexpected role when checking hidden app: undefined
04-25 21:23:24.925 E/GeckoConsole(  529): Content JS WARN at app://homescreen.gaiamobile.org/gaia_build_defer_index.js:184 in isHiddenApp: Unexpected role when checking hidden app: undefined
04-25 21:23:24.925 E/GeckoConsole(  529): Content JS WARN at app://homescreen.gaiamobile.org/gaia_build_defer_index.js:184 in isHiddenApp: Unexpected role when checking hidden app: undefined
04-25 21:23:24.925 E/GeckoConsole(  529): Content JS WARN at app://homescreen.gaiamobile.org/gaia_build_defer_index.js:184 in isHiddenApp: Unexpected role when checking hidden app: undefined
04-25 21:23:24.925 E/GeckoConsole(  529): Content JS WARN at app://homescreen.gaiamobile.org/gaia_build_defer_index.js:184 in isHiddenApp: Unexpected role when checking hidden app: undefined
04-25 21:23:24.925 E/GeckoConsole(  529): Content JS WARN at app://homescreen.gaiamobile.org/gaia_build_defer_index.js:184 in isHiddenApp: Unexpected role when checking hidden app: undefined
04-25 21:23:24.925 E/GeckoConsole(  529): Content JS WARN at app://homescreen.gaiamobile.org/gaia_build_defer_index.js:184 in isHiddenApp: Unexpected role when checking hidden app: undefined
04-25 21:23:24.925 E/GeckoConsole(  529): Content JS WARN at app://homescreen.gaiamobile.org/gaia_build_defer_index.js:184 in isHiddenApp: Unexpected role when checking hidden app: undefined
04-25 21:23:24.925 E/GeckoConsole(  529): Content JS WARN at app://homescreen.gaiamobile.org/gaia_build_defer_index.js:184 in isHiddenApp: Unexpected role when checking hidden app: undefined
04-25 21:23:24.925 E/GeckoConsole(  529): Content JS WARN at app://homescreen.gaiamobile.org/gaia_build_defer_index.js:184 in isHiddenApp: Unexpected role when checking hidden app: undefined
04-25 21:23:24.925 E/GeckoConsole(  529): Content JS WARN at app://homescreen.gaiamobile.org/gaia_build_defer_index.js:184 in isHiddenApp: Unexpected role when checking hidden app: undefined
04-25 21:23:24.925 E/GeckoConsole(  529): Content JS WARN at app://homescreen.gaiamobile.org/gaia_build_defer_index.js:184 in isHiddenApp: Unexpected role when checking hidden app: undefined
04-25 21:23:24.925 E/GeckoConsole(  529): Content JS WARN at app://homescreen.gaiamobile.org/gaia_build_defer_index.js:184 in isHiddenApp: Unexpected role when checking hidden app: undefined
04-25 21:23:24.935 E/GeckoConsole(  529): Content JS WARN at app://homescreen.gaiamobile.org/gaia_build_defer_index.js:184 in isHiddenApp: Unexpected role when checking hidden app: undefined
04-25 21:23:25.155 I/Gecko   (   83): 1398486205171	Marionette	INFO	sendToClient: {"from":"0","value":0}, {83400841-1ff1-4910-9254-1efd823bcf34}, {83400841-1ff1-4910-9254-1efd823bcf34}
04-25 21:23:25.225 I/Gecko   (   83): 1398486205241	Marionette	INFO	sendToClient: {"from":"0","value":["{54e36d20-4115-4e9a-a41a-2de08c858337}","{d829ae88-1807-4d95-bbc7-102a2925e808}","{213f5818-fcb3-47f8-8cec-70a90ebfd830}","{8a3b903e-7b55-4d88-99d3-723e3f516f5c}","{23d96a2e-c7b0-4576-9fb7-24bdec629181}","{f40f843a-0b63-42ee-ad44-b8c94f2655bd}","{c56c91a9-d2d9-40ef-93e6-7efa07b63873}","{f0dd15c0-7f90-4a70-a288-e105f353e990}","{394ab89c-dc82-4954-91d5-f1a81cbedd6c}","{ec19bd1c-691d-4dfe-b065-dbce7c88c01d}","{0faf0e0d-6baa-43d6-94d6-3928945f7274}","{9d0d878c-b9c6-42b2-b831-d4bffaf6fad0}","{3ed0dd7f-a4f0-4fad-9127-f9aec6c80915}","{ca82b54a-ca37-4dea-b0a3-a10a51f05cec}","{083df0db-a643-49bd-a0c1-7e0511d4da34}","{2ba1ead8-62a2-48b9-890a-46e94372bd45}","{fd0a33b1-fe50-4ac3-ba56-6155bdf3d17a}","{9414ed04-8dce-4d45-b0f2-5f45316480ef}","{36abe88b-c45b-4fe3-9874-bd8379c6d630}","{f04a671e-211b-4c74-bd78-5483a4f9a68d}","{e43fb158-fe18-4930-b961-c9c9fc7a3fc8}","{812e074d-9b24-44d1-9525-f66e62b231fd}","{11489adc-8d4d-447b-9f0d-626d66a43404}"]}, {5396332c-df
04-25 21:23:25.245 I/Gecko   (   83): 1398486205262	Marionette	INFO	sendToClient: {"from":"0","value":"app://homescreen.gaiamobile.org/index.html#rootFri%20Apr%2025%202014%2021:23:23%20GMT-0700%20(UTC)"}, {40579519-e058-4801-9dae-a5657b5fb23b}, {40579519-e058-4801-9dae-a5657b5fb23b}
04-25 21:23:25.255 I/Gecko   (   83): 1398486205271	Marionette	DEBUG	Got request: switchToFrame, data: {"to":"0","sessionId":"3-b2g","name":"switchToFrame","parameters":{"id":null,"focus":true}}, id: {3b4c0943-0e53-43c6-b0b7-0fb770f282f7}
04-25 21:23:25.265 I/Gecko   (   83): 1398486205283	Marionette	INFO	Switched to frame: {"frameValue":null}
04-25 21:23:25.375 I/Gecko   (   83): 1398486205389	Marionette	INFO	sendToClient: {"from":"0","ok":true}, {3b4c0943-0e53-43c6-b0b7-0fb770f282f7}, {3b4c0943-0e53-43c6-b0b7-0fb770f282f7}
04-25 21:23:25.385 I/Gecko   (   83): 1398486205395	Marionette	DEBUG	Got request: switchToFrame, data: {"to":"0","sessionId":"3-b2g","name":"switchToFrame","parameters":{"id":null,"focus":true}}, id: {6139738c-dae8-4b45-b8ac-7da8b20e8dad}
04-25 21:23:25.385 I/Gecko   (   83): 1398486205397	Marionette	INFO	Switched to frame: {"frameValue":null}
04-25 21:23:25.485 I/Gecko   (   83): 1398486205499	Marionette	INFO	sendToClient: {"from":"0","ok":true}, {6139738c-dae8-4b45-b8ac-7da8b20e8dad}, {6139738c-dae8-4b45-b8ac-7da8b20e8dad}
04-25 21:23:25.495 I/Gecko   (   83): 1398486205512	Marionette	DEBUG	Got request: executeWithCallback, data: {"to":"0","sessionId":"3-b2g","name":"executeAsyncScript","parameters":{"specialPowers":false,"scriptTimeout":30000,"newSandbox":true,"args":[],"filename":"app_checker.py","script":"GaiaApps.launchWithManifestURL('http://airemad.leandro.org/manifest.webapp')","line":106}}, id: {be4b8677-a892-4600-bce6-34042e9814f3}
04-25 21:23:25.605 I/Gonk    (   83): Setting nice for pid 537 to 18
04-25 21:23:25.605 I/Gonk    (   83): Changed nice for pid 537 from 18 to 18.
04-25 21:23:25.615 I/Gecko   (   83): [Parent 83] WARNING: waitpid failed pid:537 errno:10: file ../../../gecko/ipc/chromium/src/base/process_util_posix.cc, line 254
04-25 21:23:25.615 I/Gonk    (   83): Setting nice for pid 537 to 1
04-25 21:23:25.615 I/Gonk    (   83): Changed nice for pid 537 from 18 to 1.
04-25 21:23:25.635 E/GeckoConsole(   83): Content JS LOG at dummy file:334 in GaiaApps.launch: launching app with name 'Aire en MAD'
04-25 21:23:25.955 D/Sensors (   83): activate handle=0; drv=0
04-25 21:23:25.965 D/Sensors (   83): Lis3dhSensor: Control set 1
04-25 21:23:25.965 D/Sensors (   83): Lis3dhSensor: mEnabled = 1
04-25 21:23:25.995 I/Gonk    (   83): Setting nice for pid 529 to 18
04-25 21:23:25.995 I/Gonk    (   83): Changed nice for pid 529 from 0 to 18.
04-25 21:23:26.435 I/Gecko   (  537): ###################################### forms.js loaded
04-25 21:23:26.475 I/Gecko   (  537): ############################### browserElementPanning.js loaded
04-25 21:23:26.495 I/Gecko   (  537): ######################## BrowserElementChildPreload.js loaded
04-25 21:23:27.435 E/GeckoConsole(  537): [JavaScript Warning: "Expected end of value but found 'format'.  Skipped to next declaration." {file: "http://airemad.leandro.org/css/madridair.css" line: 4 column: 62 source: "	src: url("http://airemad.leandro.org/css/MozTT-Regular.ttf") format ('ttf');"}]
04-25 21:23:28.185 I/Gonk    (   83): Setting nice for pid 591 to 18
04-25 21:23:28.185 I/Gonk    (   83): Changed nice for pid 591 from 0 to 18.
04-25 21:23:28.365 V/AudioPolicyManagerBase(   88): getDeviceForStrategy() from cache strategy 0, device 2
04-25 21:23:28.365 V/AudioPolicyManagerBase(   88): getOutput() stream 1, samplingRate 0, format 0, channels 3, flags 0
04-25 21:23:28.435 V/AudioPolicyManagerBase(   88): startOutput() output 1, stream 1, session 2
04-25 21:23:28.435 V/AudioPolicyManagerBase(   88): startReadingThread
04-25 21:23:28.465 V/AudioPolicyManagerBase(   88): changeRefCount() stream 1, count 1
04-25 21:23:28.465 V/AudioPolicyManagerBase(   88): getDeviceForStrategy() from cache strategy 0, device 2
04-25 21:23:28.465 V/AudioPolicyManagerBase(   88): getNewDevice() selected device 2
04-25 21:23:28.465 D/AudioPolicyManagerBase(   88): setOutputDevice() output 1 device 2 delayMs 0
04-25 21:23:28.465 V/AudioPolicyManagerBase(   88): setOutputDevice() setting same device 2 or null device for output 1
04-25 21:23:28.465 E/AudioPolicyManagerBase(   88): checkAndSetVolume stream=1, index=15, output=1, device=2
04-25 21:23:28.465 E/AudioPolicyManagerBase(   88): computeVolume, streamDesc=0x114bbb0
04-25 21:23:28.465 V/AudioPolicyManagerBase(   88): VOLUME vol index=[60 100 100], dB=[-11.0 0.0 0.0] ampl=1.00000
04-25 21:23:28.465 V/AudioPolicyManagerBase(   88): ThreadWrapper 0x114bb38
04-25 21:23:28.465 V/AudioPolicyManagerBase(   88): threadFunc in
04-25 21:23:28.505 W/AudioFlinger(   88): Thread AudioOut_1 cannot connect to the power manager service
04-25 21:23:28.505 V/AudioPolicyManagerBase(   88): stopOutput() output 1, stream 1, session 2
04-25 21:23:28.505 V/AudioPolicyManagerBase(   88): stopReadingThread
04-25 21:23:28.575 V/AudioPolicyManagerBase(   88): threadFunc exit
04-25 21:23:28.575 V/AudioPolicyManagerBase(   88): changeRefCount() stream 1, count 0
04-25 21:23:28.575 V/AudioPolicyManagerBase(   88): getNewDevice() selected device 0
04-25 21:23:28.575 D/AudioPolicyManagerBase(   88): setOutputDevice() output 1 device 0 delayMs 290
04-25 21:23:28.575 V/AudioPolicyManagerBase(   88): setOutputDevice() setting same device 0 or null device for output 1
04-25 21:23:28.585 V/AudioPolicyManagerBase(   88): startOutput() output 1, stream 1, session 2
04-25 21:23:28.585 V/AudioPolicyManagerBase(   88): changeRefCount() stream 1, count 1
04-25 21:23:28.585 V/AudioPolicyManagerBase(   88): getDeviceForStrategy() from cache strategy 0, device 2
04-25 21:23:28.585 V/AudioPolicyManagerBase(   88): getNewDevice() selected device 2
04-25 21:23:28.585 D/AudioPolicyManagerBase(   88): setOutputDevice() output 1 device 2 delayMs 0
04-25 21:23:28.585 V/AudioPolicyManagerBase(   88): setOutputDevice() setting same device 2 or null device for output 1
04-25 21:23:28.585 E/AudioPolicyManagerBase(   88): checkAndSetVolume stream=1, index=15, output=1, device=2
04-25 21:23:28.585 E/AudioPolicyManagerBase(   88): computeVolume, streamDesc=0x114bbb0
04-25 21:23:28.585 V/AudioPolicyManagerBase(   88): VOLUME vol index=[60 100 100], dB=[-11.0 0.0 0.0] ampl=1.00000
04-25 21:23:28.585 V/AudioPolicyManagerBase(   88): stopOutput() output 1, stream 1, session 2
04-25 21:23:28.585 V/AudioPolicyManagerBase(   88): changeRefCount() stream 1, count 0
04-25 21:23:28.585 V/AudioPolicyManagerBase(   88): getNewDevice() selected device 0
04-25 21:23:28.585 D/AudioPolicyManagerBase(   88): setOutputDevice() output 1 device 0 delayMs 290
04-25 21:23:28.585 V/AudioPolicyManagerBase(   88): setOutputDevice() setting same device 0 or null device for output 1
04-25 21:23:28.595 V/AudioPolicyManagerBase(   88): releaseOutput() 1
04-25 21:23:29.355 E/GeckoConsole(   83): Content JS LOG at dummy file:326 in GaiaApps.launch/appOpen/<: app with origin 'http://airemad.leandro.org' has launched
04-25 21:23:29.385 I/Gecko   (   83): 1398486209402	Marionette	INFO	sendToClient: {"from":"0","value":{"frame":{"ELEMENT":"{813ace7b-8d06-43e8-8744-d4e0b84090cb}"},"src":"http://airemad.leandro.org/index.php?noinstall","name":"Aire en MAD","origin":"http://airemad.leandro.org"}}, {be4b8677-a892-4600-bce6-34042e9814f3}, {be4b8677-a892-4600-bce6-34042e9814f3}
04-25 21:23:29.435 W/WifiHW  (   83): wifi_command: SIGNAL_POLL
04-25 21:23:29.825 I/Gecko   (   83): [Parent 83] WARNING: pipe error (97): Connection reset by peer: file ../../../gecko/ipc/chromium/src/chrome/common/ipc_channel_posix.cc, line 446
04-25 21:23:29.975 I/Gecko   (   83): 
04-25 21:23:29.975 I/Gecko   (   83): ###!!! [Parent][MessageChannel] Error: Channel error: cannot send/recv
04-25 21:23:29.975 I/Gecko   (   83): 
04-25 21:23:30.135 I/Gecko   (   83): [Parent 83] WARNING: waitpid failed pid:529 errno:10: file ../../../gecko/ipc/chromium/src/base/process_util_posix.cc, line 254
04-25 21:23:30.135 I/Gecko   (   83): 1398486210151	Marionette	DEBUG	Got request: switchToFrame, data: {"to":"0","sessionId":"3-b2g","name":"switchToFrame","parameters":{"focus":true,"element":"{813ace7b-8d06-43e8-8744-d4e0b84090cb}"}}, id: {b3d2bbf9-920f-4687-b557-8e43e74a5170}
04-25 21:23:30.165 I/Gecko   (   83): 1398486210176	Marionette	INFO	Switched to frame: {"frameValue":"{813ace7b-8d06-43e8-8744-d4e0b84090cb}"}
04-25 21:23:30.165 I/Gecko   (   83): 1398486210179	Marionette	INFO	trying remote frame 0
04-25 21:23:30.175 I/Gecko   (   83): 1398486210187	Marionette	INFO	deleting frame
04-25 21:23:30.185 I/Gecko   (   83): 1398486210198	Marionette	INFO	frame-manager load script: [object ChromeMessageSender]
04-25 21:23:30.425 I/Gecko   (  591): ###################################### forms.js loaded
04-25 21:23:30.495 I/Gecko   (  591): ############################### browserElementPanning.js loaded
04-25 21:23:30.545 I/Gecko   (  591): ######################## BrowserElementChildPreload.js loaded
04-25 21:23:31.215 I/Gecko   (   83): 1398486211233	Marionette	INFO	sendToClient: {"from":"0","ok":true}, {b3d2bbf9-920f-4687-b557-8e43e74a5170}, {b3d2bbf9-920f-4687-b557-8e43e74a5170}
04-25 21:23:31.245 I/Gecko   (   83): 1398486211263	Marionette	INFO	sendToClient: {"from":"0","value":"http://airemad.leandro.org/index.php?noinstall"}, {f36a77df-d998-410c-b14c-ac82ec90b377}, {f36a77df-d998-410c-b14c-ac82ec90b377}
04-25 21:23:31.255 I/Gecko   (   83): 1398486211272	Marionette	DEBUG	Got request: execute, data: {"to":"0","sessionId":"3-b2g","name":"executeScript","parameters":{"specialPowers":false,"scriptTimeout":null,"newSandbox":true,"args":[],"filename":"app_checker.py","script":"return window.document.readyState;","line":191}}, id: {6d831b1b-5abe-4d23-946c-0599d4d0efc6}
04-25 21:23:31.325 I/Gecko   (   83): 1398486211343	Marionette	INFO	sendToClient: {"from":"0","value":"complete"}, {6d831b1b-5abe-4d23-946c-0599d4d0efc6}, {6d831b1b-5abe-4d23-946c-0599d4d0efc6}
04-25 21:23:31.335 I/Gecko   (   83): 1398486211352	Marionette	INFO	sendToClient: {"from":"0","value":"http://airemad.leandro.org/index.php?noinstall"}, {9104242a-4e16-4740-88d8-bff31ef16290}, {9104242a-4e16-4740-88d8-bff31ef16290}
04-25 21:23:31.355 I/Gecko   (  537): Attempting load of libEGL.so
04-25 21:23:31.415 D/libEGL  (  537): loaded /system/lib/egl/libEGL_mali.so
04-25 21:23:31.465 D/libEGL  (  537): loaded /system/lib/egl/libGLESv1_CM_mali.so
04-25 21:23:31.475 D/libEGL  (  537): loaded /system/lib/egl/libGLESv2_mali.so
04-25 21:23:31.525 I/Gecko   (  537): SharedSurface_Gralloc::Create -------
04-25 21:23:31.555 I/Gecko   (  537): SharedSurface_Gralloc::Create: success -- surface 0x4328a080, GraphicBuffer 0x43dcb480.
04-25 21:23:32.135 I/Gecko   (   83): [Parent 83] WARNING: waitpid failed pid:529 errno:10: file ../../../gecko/ipc/chromium/src/base/process_util_posix.cc, line 254
04-25 21:23:32.135 I/Gecko   (   83): [Parent 83] WARNING: Failed to deliver SIGKILL to 529!(3).: file ../../../gecko/ipc/chromium/src/chrome/common/process_watcher_posix_sigchld.cc, line 118
04-25 21:23:33.395 I/Gecko   (   83): 1398486213380	Marionette	INFO	sendToClient: {"from":"0","value":"iVBORw0KGgoAAAANSUhEUgAAAUAAAAHMCAYAAACk4nEJAAAgAElEQVR4nOy9+bddVZX+ff+W9/tPwDnnnnNPc/suCZ0DQhtpBEQJaJQuIkWrUAJKTwkUSElRaUCgFBCQTgjgQCE0Kp0lCgYoEQyNYb4/hM/OZ8+7buiCoMUdY49zz95rr2auOZ/1zDnX3meo2WxGq9WKnXbaKZrNZjQajdhpp51ip512ip133jkajUZ17LzzztFqtaLVakWz2Qzu5dPlqMtHt9uNRqNRK0+5TqdTKzs8PFx9ui7a5/6RkZFot9sxMjKyoM18X6fTiU6nU9XZbrdjeHi4+my1WjE8PBz9fn/B+JrNZnQ6nep7u92ujZ1P6mg2mzE8PFzd0+l0YmRkpPqf+znoA/2gr+12O9rtdvU/9bm/rqfVakW/36+u0Q7l6AOH++e63G6r1YperxcjIyPR6/UWtOnvnU4nut1ujIyM1Or2Qb2DwaBYR7fbrcmB/xkLslpMtt1ut9au27BMS337e8g5y873d7vd2hhsb9bF4eHhSsYfpz7bVpE9donN0pbtLtupdTvPpW31/eCGcWl4eDh23nnn6uA67XLe9e20005V+0N0ABBc7AYUY+edd64+aazdbtcEimCsFB4gCkj97Xa7Unr3J4Mf5RBEr9dbIOisnJ4A98nGhrJmBTGI8d2KQv/4n3ZtvIyD8WXDYMzU2+v1KuW3IfO93W5Hr9eLTqdTjZ9FwGBBW25vZGQk+v1+DRjyfS7H2AeDwQJA5Pvo6GitPn9Shj7T/xKgZKN3nwwa1DsYDKoyIyMjVV97vV6lJxlg3M9+v/+JyDmPmbrb7XYl8xKg+hp6aH38uPSZ/rlNAzy2boC13QHoJjnYIvKgrpGRkQ+EG9meIF4Z/OgnuEY7jUYjhmyIrtgs0MDocgbBvNp7NQAczca8cjSbzQXAgBKaSZRWJv
04-25 21:23:33.655 I/Gecko   (   83): 1398486213668	Marionette	INFO	sendToClient: {"from":"0","ok":true}, {ecb48a4b-1011-4f9c-9cce-249e02d8e89a}, {ecb48a4b-1011-4f9c-9cce-249e02d8e89a}
04-25 21:23:33.685 I/Gecko   (   83): 1398486213697	Marionette	DEBUG	Got request: switchToFrame, data: {"to":"0","sessionId":"3-b2g","name":"switchToFrame","parameters":{"id":null,"focus":true}}, id: {e06b8592-c068-45a4-b036-1446c81ad960}
04-25 21:23:33.705 I/Gecko   (   83): 1398486213725	Marionette	INFO	Switched to frame: {"frameValue":null}
04-25 21:23:33.825 I/Gecko   (   83): 1398486213836	Marionette	INFO	sendToClient: {"from":"0","ok":true}, {e06b8592-c068-45a4-b036-1446c81ad960}, {e06b8592-c068-45a4-b036-1446c81ad960}
04-25 21:23:33.825 I/Gecko   (   83): 1398486213843	Marionette	DEBUG	Got request: executeWithCallback, data: {"to":"0","sessionId":"3-b2g","name":"executeAsyncScript","parameters":{"specialPowers":false,"scriptTimeout":null,"newSandbox":true,"args":[],"filename":"gaia_test.py","script":"return GaiaApps.displayedApp();","line":66}}, id: {ba4159c3-1f73-43b8-a082-3b8687d950a0}
04-25 21:23:33.895 I/Gecko   (   83): 1398486213905	Marionette	INFO	sendToClient: {"from":"0","value":{"frame":{"ELEMENT":"{813ace7b-8d06-43e8-8744-d4e0b84090cb}"},"src":"http://airemad.leandro.org/index.php?noinstall","name":"Aire en MAD","origin":"http://airemad.leandro.org"}}, {ba4159c3-1f73-43b8-a082-3b8687d950a0}, {ba4159c3-1f73-43b8-a082-3b8687d950a0}
04-25 21:23:33.895 I/Gecko   (   83): 1398486213912	Marionette	DEBUG	Got request: switchToFrame, data: {"to":"0","sessionId":"3-b2g","name":"switchToFrame","parameters":{"id":null,"focus":true}}, id: {7239f85a-c883-4da3-87d9-f116d2b3e0e4}
04-25 21:23:33.895 I/Gecko   (   83): 1398486213914	Marionette	INFO	Switched to frame: {"frameValue":null}
04-25 21:23:33.905 E/GeckoConsole(   83): Content JS LOG at dummy file:392 in GaiaApps.displayedApp: app with origin 'http://airemad.leandro.org' is displayed
04-25 21:23:34.005 I/Gecko   (   83): 1398486214017	Marionette	INFO	sendToClient: {"from":"0","ok":true}, {7239f85a-c883-4da3-87d9-f116d2b3e0e4}, {7239f85a-c883-4da3-87d9-f116d2b3e0e4}
04-25 21:23:34.005 I/Gecko   (   83): 1398486214023	Marionette	DEBUG	Got request: execute, data: {"to":"0","sessionId":"3-b2g","name":"executeScript","parameters":{"specialPowers":false,"scriptTimeout":null,"newSandbox":true,"args":[],"filename":"gaia_test.py","script":"window.wrappedJSObject.dispatchEvent(new Event('home'));","line":788}}, id: {d2b6f2e8-4494-4e03-9c71-9a2a06ba3441}
04-25 21:23:34.095 I/Gonk    (   83): Setting nice for pid 591 to 18
04-25 21:23:34.095 I/Gonk    (   83): Changed nice for pid 591 from 0 to 18.
04-25 21:23:34.105 I/Gecko   (   83): [Parent 83] WARNING: waitpid failed pid:591 errno:10: file ../../../gecko/ipc/chromium/src/base/process_util_posix.cc, line 254
04-25 21:23:34.105 I/Gonk    (   83): Setting nice for pid 591 to 1
04-25 21:23:34.105 I/Gonk    (   83): Changed nice for pid 591 from 18 to 1.
04-25 21:23:34.125 D/Sensors (   83): activate handle=0; drv=0
04-25 21:23:34.125 D/Sensors (   83): Lis3dhSensor: Control set 0
04-25 21:23:34.125 D/Sensors (   83): Lis3dhSensor: mEnabled = 0
04-25 21:23:34.195 I/Gecko   (   83): 1398486214214	Marionette	INFO	sendToClient: {"from":"0","value":null}, {d2b6f2e8-4494-4e03-9c71-9a2a06ba3441}, {d2b6f2e8-4494-4e03-9c71-9a2a06ba3441}
04-25 21:23:34.255 I/Gecko   (   83): 1398486214268	Marionette	DEBUG	Got request: switchToFrame, data: {"to":"0","sessionId":"3-b2g","name":"switchToFrame","parameters":{"id":null,"focus":true}}, id: {60bfca5f-fe6f-470d-8100-6ee9df66c51b}
04-25 21:23:34.255 I/Gecko   (   83): 1398486214270	Marionette	INFO	Switched to frame: {"frameValue":null}
04-25 21:23:34.355 I/Gecko   (   83): 1398486214374	Marionette	INFO	sendToClient: {"from":"0","ok":true}, {60bfca5f-fe6f-470d-8100-6ee9df66c51b}, {60bfca5f-fe6f-470d-8100-6ee9df66c51b}
04-25 21:23:34.375 I/Gecko   (   83): 1398486214391	Marionette	DEBUG	Got request: executeWithCallback, data: {"to":"0","sessionId":"3-b2g","name":"executeAsyncScript","parameters":{"specialPowers":false,"scriptTimeout":null,"newSandbox":true,"args":[],"filename":"gaia_test.py","script":"return GaiaApps.displayedApp();","line":66}}, id: {680602a6-a877-4956-939e-8be9b6b4203a}
04-25 21:23:34.435 I/Gecko   (   83): 1398486214449	Marionette	INFO	sendToClient: {"from":"0","value":{"frame":{"ELEMENT":"{752081d7-f9be-403a-9785-8c2fa6314986}"},"src":"app://homescreen.gaiamobile.org/index.html#root","name":"Homescreen","origin":"app://homescreen.gaiamobile.org"}}, {680602a6-a877-4956-939e-8be9b6b4203a}, {680602a6-a877-4956-939e-8be9b6b4203a}
04-25 21:23:34.455 E/GeckoConsole(   83): Content JS LOG at dummy file:392 in GaiaApps.displayedApp: app with origin 'app://homescreen.gaiamobile.org' is displayed
04-25 21:23:34.455 W/WifiHW  (   83): wifi_command: SIGNAL_POLL
04-25 21:23:34.475 I/Gecko   (   83): 1398486214488	Marionette	DEBUG	Got request: switchToFrame, data: {"to":"0","sessionId":"3-b2g","name":"switchToFrame","parameters":{"id":null,"focus":true}}, id: {9478a31f-1791-49f0-b3ee-1acecbe4798a}
04-25 21:23:34.485 I/Gecko   (   83): 1398486214505	Marionette	INFO	Switched to frame: {"frameValue":null}
04-25 21:23:34.595 I/Gecko   (   83): 1398486214612	Marionette	INFO	sendToClient: {"from":"0","ok":true}, {9478a31f-1791-49f0-b3ee-1acecbe4798a}, {9478a31f-1791-49f0-b3ee-1acecbe4798a}
04-25 21:23:34.625 I/Gecko   (   83): 1398486214640	Marionette	DEBUG	Got request: switchToFrame, data: {"to":"0","sessionId":"3-b2g","name":"switchToFrame","parameters":{"id":null,"focus":true}}, id: {00724221-8fed-4757-86f3-0104bbb4c894}
04-25 21:23:34.645 I/Gecko   (   83): 1398486214657	Marionette	INFO	Switched to frame: {"frameValue":null}
04-25 21:23:34.745 I/Gecko   (   83): 1398486214760	Marionette	INFO	sendToClient: {"from":"0","ok":true}, {00724221-8fed-4757-86f3-0104bbb4c894}, {00724221-8fed-4757-86f3-0104bbb4c894}
04-25 21:23:34.755 I/Gecko   (   83): 1398486214768	Marionette	DEBUG	Got request: executeWithCallback, data: {"to":"0","sessionId":"3-b2g","name":"executeAsyncScript","parameters":{"specialPowers":false,"scriptTimeout":null,"newSandbox":true,"args":[],"filename":"gaia_test.py","script":"return GaiaApps.displayedApp();","line":66}}, id: {3b4a24bc-cd0d-4b86-89f9-7ed662f01fd4}
04-25 21:23:34.815 I/Gecko   (   83): 1398486214834	Marionette	INFO	sendToClient: {"from":"0","value":{"frame":{"ELEMENT":"{752081d7-f9be-403a-9785-8c2fa6314986}"},"src":"app://homescreen.gaiamobile.org/index.html#root","name":"Homescreen","origin":"app://homescreen.gaiamobile.org"}}, {3b4a24bc-cd0d-4b86-89f9-7ed662f01fd4}, {3b4a24bc-cd0d-4b86-89f9-7ed662f01fd4}
04-25 21:23:34.845 E/GeckoConsole(   83): Content JS LOG at dummy file:392 in GaiaApps.displayedApp: app with origin 'app://homescreen.gaiamobile.org' is displayed
04-25 21:23:34.845 I/Gecko   (   83): 1398486214860	Marionette	DEBUG	Got request: switchToFrame, data: {"to":"0","sessionId":"3-b2g","name":"switchToFrame","parameters":{"focus":true,"element":"{752081d7-f9be-403a-9785-8c2fa6314986}"}}, id: {c67d393d-d980-478c-bb69-7056cf8812db}
04-25 21:23:34.865 I/Gecko   (   83): 1398486214879	Marionette	INFO	Switched to frame: {"frameValue":"{752081d7-f9be-403a-9785-8c2fa6314986}"}
04-25 21:23:34.875 I/Gecko   (   83): 1398486214887	Marionette	INFO	trying remote frame 0
04-25 21:23:34.875 I/Gecko   (   83): 1398486214888	Marionette	INFO	deleting frame
04-25 21:23:34.885 I/Gecko   (   83): 1398486214899	Marionette	INFO	frame-manager load script: [object ChromeMessageSender]
04-25 21:23:36.425 I/Gecko   (   83): 1398486216437	Marionette	INFO	sendToClient: {"from":"0","ok":true}, {c67d393d-d980-478c-bb69-7056cf8812db}, {c67d393d-d980-478c-bb69-7056cf8812db}
04-25 21:23:36.515 I/Gonk    (   83): Setting nice for pid 537 to 18
04-25 21:23:36.515 I/Gonk    (   83): Changed nice for pid 537 from 1 to 18.
04-25 21:23:36.595 I/Gecko   (   83): 1398486216613	Marionette	INFO	sendToClient: {"from":"0","value":"app://homescreen.gaiamobile.org/index.html#root"}, {5bc6d206-9859-4b3a-871b-7e14559ee6e9}, {5bc6d206-9859-4b3a-871b-7e14559ee6e9}
04-25 21:23:36.605 I/Gecko   (   83): 1398486216620	Marionette	DEBUG	Got request: switchToFrame, data: {"to":"0","sessionId":"3-b2g","name":"switchToFrame","parameters":{"id":null,"focus":true}}, id: {60c291c1-14f3-4d6c-b2a9-bccfcc4d73a3}
04-25 21:23:36.615 I/Gecko   (   83): 1398486216635	Marionette	INFO	Switched to frame: {"frameValue":null}
04-25 21:23:36.735 I/Gecko   (   83): 1398486216749	Marionette	INFO	sendToClient: {"from":"0","ok":true}, {60c291c1-14f3-4d6c-b2a9-bccfcc4d73a3}, {60c291c1-14f3-4d6c-b2a9-bccfcc4d73a3}
04-25 21:23:36.745 I/Gecko   (   83): 1398486216756	Marionette	DEBUG	Got request: switchToFrame, data: {"to":"0","sessionId":"3-b2g","name":"switchToFrame","parameters":{"id":null,"focus":true}}, id: {7607e14f-941a-4a4a-8aaa-42f87fed4d06}
04-25 21:23:36.745 I/Gecko   (   83): 1398486216759	Marionette	INFO	Switched to frame: {"frameValue":null}
04-25 21:23:36.855 I/Gecko   (   83): 1398486216867	Marionette	INFO	sendToClient: {"from":"0","ok":true}, {7607e14f-941a-4a4a-8aaa-42f87fed4d06}, {7607e14f-941a-4a4a-8aaa-42f87fed4d06}
04-25 21:23:36.855 I/Gecko   (   83): 1398486216875	Marionette	DEBUG	Got request: executeWithCallback, data: {"to":"0","sessionId":"3-b2g","name":"executeAsyncScript","parameters":{"specialPowers":false,"scriptTimeout":null,"newSandbox":true,"args":[],"filename":"gaia_test.py","script":"GaiaApps.killAll()","line":91}}, id: {84a8cfa0-7947-4aea-8104-a95bc3c2a468}
04-25 21:23:36.965 E/GeckoConsole(   83): Content JS LOG at dummy file:266 in GaiaApps.kill: terminating app with origin 'http://airemad.leandro.org'
04-25 21:23:36.965 E/GeckoConsole(   83): Content JS LOG at dummy file:258 in GaiaApps.kill/gt_onAppTerminated/<: app with origin 'http://airemad.leandro.org' has terminated
04-25 21:23:36.975 I/Gecko   (   83): 1398486216988	Marionette	INFO	sendToClient: {"from":"0","value":true}, {84a8cfa0-7947-4aea-8104-a95bc3c2a468}, {84a8cfa0-7947-4aea-8104-a95bc3c2a468}
04-25 21:23:37.005 I/Gecko   (   83): 1398486217017	Marionette	DEBUG	Got request: switchToFrame, data: {"to":"0","sessionId":"3-b2g","name":"switchToFrame","parameters":{"id":null,"focus":true}}, id: {244edf0d-d21d-48b7-8d92-c14e6482db66}
04-25 21:23:37.005 I/Gecko   (   83): 1398486217019	Marionette	INFO	Switched to frame: {"frameValue":null}
04-25 21:23:37.105 I/Gecko   (   83): 1398486217122	Marionette	INFO	sendToClient: {"from":"0","ok":true}, {244edf0d-d21d-48b7-8d92-c14e6482db66}, {244edf0d-d21d-48b7-8d92-c14e6482db66}
04-25 21:23:37.115 I/Gecko   (   83): 1398486217129	Marionette	DEBUG	Got request: executeWithCallback, data: {"to":"0","sessionId":"3-b2g","name":"executeAsyncScript","parameters":{"specialPowers":false,"scriptTimeout":60000,"newSandbox":true,"args":[],"filename":"app_checker.py","script":"\n        GaiaApps.locateWithManifestURL('http://airemad.leandro.org/manifest.webapp',\n                                       null,\n                                       function uninstall(app) {\n                                       navigator.mozApps.mgmt.uninstall(app);\n                                       marionetteScriptFinished(true);\n                                       });\n        ","line":129}}, id: {02dee7aa-4eed-4bd6-a2f8-cf53ae99a9ee}
04-25 21:23:37.165 I/Gecko   (   83): -- webapps.js uninstall http://airemad.leandro.org/manifest.webapp
04-25 21:23:37.345 I/Gecko   (   83): [Parent 83] WARNING: pipe error (176): Connection reset by peer: file ../../../gecko/ipc/chromium/src/chrome/common/ipc_channel_posix.cc, line 446
04-25 21:23:37.385 I/Gecko   (   83): 
04-25 21:23:37.385 I/Gecko   (   83): ###!!! [Parent][MessageChannel] Error: Channel error: cannot send/recv
04-25 21:23:37.385 I/Gecko   (   83): 
04-25 21:23:37.385 I/Gecko   (   83): 
04-25 21:23:37.385 I/Gecko   (   83): ###!!! [Parent][MessageChannel] Error: Channel error: cannot send/recv
04-25 21:23:37.385 I/Gecko   (   83): 
04-25 21:23:37.435 I/Gecko   (   83): 1398486217446	Marionette	INFO	sendToClient: {"from":"0","value":true}, {02dee7aa-4eed-4bd6-a2f8-cf53ae99a9ee}, {02dee7aa-4eed-4bd6-a2f8-cf53ae99a9ee}
04-25 21:23:37.505 I/Gecko   (   83): [Parent 83] WARNING: waitpid failed pid:537 errno:10: file ../../../gecko/ipc/chromium/src/base/process_util_posix.cc, line 254