--------- beginning of /dev/log/main
04-26 05:52:12.276 I/Gecko   (   83): 1398516732289	Marionette	INFO	sendToClient: {"from":"0","ok":true}, {0df347e9-ea69-4c08-8fd6-7d11f62dc7d4}, {0df347e9-ea69-4c08-8fd6-7d11f62dc7d4}
04-26 05:52:12.326 I/Gecko   (   83): 1398516732332	Marionette	DEBUG	Got request: switchToFrame, data: {"to":"0","sessionId":"3-b2g","name":"switchToFrame","parameters":{"id":null,"focus":true}}, id: {6f2251d7-6926-4c9a-a2e3-787ef94c2ad2}
04-26 05:52:12.346 I/Gecko   (   83): 1398516732354	Marionette	INFO	Switched to frame: {"frameValue":null}
04-26 05:52:12.456 I/Gecko   (   83): 1398516732462	Marionette	INFO	sendToClient: {"from":"0","ok":true}, {6f2251d7-6926-4c9a-a2e3-787ef94c2ad2}, {6f2251d7-6926-4c9a-a2e3-787ef94c2ad2}
04-26 05:52:12.466 I/Gecko   (   83): 1398516732473	Marionette	DEBUG	Got request: executeWithCallback, data: {"to":"0","sessionId":"3-b2g","name":"executeAsyncScript","parameters":{"specialPowers":false,"scriptTimeout":null,"newSandbox":true,"args":[],"filename":"gaia_test.py","script":"return GaiaApps.displayedApp();","line":66}}, id: {da039d2b-f6a9-4a59-b606-21e486a9af50}
04-26 05:52:12.536 I/Gecko   (   83): 1398516732542	Marionette	INFO	sendToClient: {"from":"0","value":{"frame":{"ELEMENT":"{44b03080-d627-4489-ae31-c3b83d3fd517}"},"src":"app://homescreen.gaiamobile.org/index.html#root","name":"Homescreen","origin":"app://homescreen.gaiamobile.org"}}, {da039d2b-f6a9-4a59-b606-21e486a9af50}, {da039d2b-f6a9-4a59-b606-21e486a9af50}
04-26 05:52:12.536 E/GeckoConsole(   83): Content JS LOG at dummy file:392 in GaiaApps.displayedApp: app with origin 'app://homescreen.gaiamobile.org' is displayed
04-26 05:52:12.536 I/Gecko   (   83): 1398516732549	Marionette	DEBUG	Got request: switchToFrame, data: {"to":"0","sessionId":"3-b2g","name":"switchToFrame","parameters":{"id":null,"focus":true}}, id: {cf31aaeb-d5f6-444d-a760-720b016eb5d3}
04-26 05:52:12.546 I/Gecko   (   83): 1398516732554	Marionette	INFO	Switched to frame: {"frameValue":null}
04-26 05:52:12.666 I/Gecko   (   83): 1398516732671	Marionette	INFO	sendToClient: {"from":"0","ok":true}, {cf31aaeb-d5f6-444d-a760-720b016eb5d3}, {cf31aaeb-d5f6-444d-a760-720b016eb5d3}
04-26 05:52:12.686 I/Gecko   (   83): 1398516732694	Marionette	DEBUG	Got request: switchToFrame, data: {"to":"0","sessionId":"3-b2g","name":"switchToFrame","parameters":{"id":null,"focus":true}}, id: {e4462bde-b5b6-4991-a132-7389398150d2}
04-26 05:52:12.696 I/Gecko   (   83): 1398516732702	Marionette	INFO	Switched to frame: {"frameValue":null}
04-26 05:52:12.796 I/Gecko   (   83): [Parent 83] WARNING: waitpid failed pid:2402 errno:10: file ../../../gecko/ipc/chromium/src/base/process_util_posix.cc, line 254
04-26 05:52:12.796 I/Gecko   (   83): [Parent 83] WARNING: Failed to deliver SIGKILL to 2402!(3).: file ../../../gecko/ipc/chromium/src/chrome/common/process_watcher_posix_sigchld.cc, line 118
04-26 05:52:12.796 I/Gecko   (   83): 1398516732807	Marionette	INFO	sendToClient: {"from":"0","ok":true}, {e4462bde-b5b6-4991-a132-7389398150d2}, {e4462bde-b5b6-4991-a132-7389398150d2}
04-26 05:52:12.806 I/Gecko   (   83): 1398516732816	Marionette	DEBUG	Got request: executeWithCallback, data: {"to":"0","sessionId":"3-b2g","name":"executeAsyncScript","parameters":{"specialPowers":false,"scriptTimeout":null,"newSandbox":true,"args":[],"filename":"gaia_test.py","script":"return GaiaApps.displayedApp();","line":66}}, id: {a3448fa0-a06e-4757-b4a1-df8c2e636958}
04-26 05:52:12.876 I/Gecko   (   83): 1398516732882	Marionette	INFO	sendToClient: {"from":"0","value":{"frame":{"ELEMENT":"{44b03080-d627-4489-ae31-c3b83d3fd517}"},"src":"app://homescreen.gaiamobile.org/index.html#root","name":"Homescreen","origin":"app://homescreen.gaiamobile.org"}}, {a3448fa0-a06e-4757-b4a1-df8c2e636958}, {a3448fa0-a06e-4757-b4a1-df8c2e636958}
04-26 05:52:12.886 E/GeckoConsole(   83): Content JS LOG at dummy file:392 in GaiaApps.displayedApp: app with origin 'app://homescreen.gaiamobile.org' is displayed
04-26 05:52:12.896 I/Gecko   (   83): 1398516732906	Marionette	DEBUG	Got request: switchToFrame, data: {"to":"0","sessionId":"3-b2g","name":"switchToFrame","parameters":{"focus":true,"element":"{44b03080-d627-4489-ae31-c3b83d3fd517}"}}, id: {b2b18fd6-eb4c-4101-b213-9d5f4ad4bd86}
04-26 05:52:12.916 I/Gecko   (   83): 1398516732930	Marionette	INFO	Switched to frame: {"frameValue":"{44b03080-d627-4489-ae31-c3b83d3fd517}"}
04-26 05:52:12.926 I/Gecko   (   83): 1398516732935	Marionette	INFO	trying remote frame 0
04-26 05:52:12.936 I/Gecko   (   83): 1398516732942	Marionette	INFO	trying remote frame 1
04-26 05:52:12.936 I/Gecko   (   83): 1398516732943	Marionette	INFO	trying remote frame 2
04-26 05:52:12.936 I/Gecko   (   83): 1398516732944	Marionette	INFO	deleting frame
04-26 05:52:12.956 I/Gecko   (   83): 1398516732951	Marionette	INFO	frame-manager load script: [object ChromeMessageSender]
04-26 05:52:13.016 I/Gonk    (   83): Setting nice for pid 2487 to 18
04-26 05:52:13.016 I/Gonk    (   83): Changed nice for pid 2487 from 0 to 18.
04-26 05:52:13.176 W/WifiHW  (   83): wifi_command: SIGNAL_POLL
04-26 05:52:13.346 I/Gecko   (   83): 1398516733351	Marionette	INFO	sendToClient: {"from":"0","ok":true}, {b2b18fd6-eb4c-4101-b213-9d5f4ad4bd86}, {b2b18fd6-eb4c-4101-b213-9d5f4ad4bd86}
04-26 05:52:13.576 I/Gecko   (   83): 1398516733589	Marionette	INFO	sendToClient: {"from":"0","value":{"ELEMENT":"{3a459bc6-6a07-4b81-abe8-2ad757354ff6}"}}, {761db5dd-de5d-4660-b562-9f64e78dcb09}, {761db5dd-de5d-4660-b562-9f64e78dcb09}
04-26 05:52:13.716 E/GeckoConsole( 2458): [JavaScript Warning: "Use of getAttributeNode() is deprecated. Use getAttribute() instead." {file: "chrome://marionette/content/atoms.js" line: 25}]
04-26 05:52:13.716 E/GeckoConsole( 2458): [JavaScript Warning: "Use of attributes' specified attribute is deprecated. It always returns true." {file: "chrome://marionette/content/atoms.js" line: 25}]
04-26 05:52:13.736 I/Gecko   (   83): 1398516733743	Marionette	INFO	sendToClient: {"from":"0","value":"normal"}, {dd74be5b-5230-4d26-9514-24811536ff7f}, {dd74be5b-5230-4d26-9514-24811536ff7f}
04-26 05:52:13.736 I/Gecko   (   83): 1398516733750	Marionette	DEBUG	Got request: switchToFrame, data: {"to":"0","sessionId":"3-b2g","name":"switchToFrame","parameters":{"id":null,"focus":true}}, id: {76677b74-2b3f-40a7-80c7-54ca7777f84a}
04-26 05:52:13.746 I/Gecko   (   83): 1398516733759	Marionette	INFO	Switched to frame: {"frameValue":null}
04-26 05:52:13.856 I/Gecko   (   83): 1398516733861	Marionette	INFO	sendToClient: {"from":"0","ok":true}, {76677b74-2b3f-40a7-80c7-54ca7777f84a}, {76677b74-2b3f-40a7-80c7-54ca7777f84a}
04-26 05:52:13.856 I/Gecko   (   83): 1398516733869	Marionette	DEBUG	Got request: execute, data: {"to":"0","sessionId":"3-b2g","name":"executeScript","parameters":{"specialPowers":false,"scriptTimeout":null,"newSandbox":true,"args":[],"filename":"gaia_test.py","script":"window.wrappedJSObject.dispatchEvent(new Event('home'));","line":788}}, id: {8d26744e-42cc-4200-8d78-0a39f1b91d8e}
04-26 05:52:13.926 I/Gecko   (   83): 1398516733932	Marionette	INFO	sendToClient: {"from":"0","value":null}, {8d26744e-42cc-4200-8d78-0a39f1b91d8e}, {8d26744e-42cc-4200-8d78-0a39f1b91d8e}
04-26 05:52:13.936 I/Gecko   (   83): 1398516733950	Marionette	DEBUG	Got request: switchToFrame, data: {"to":"0","sessionId":"3-b2g","name":"switchToFrame","parameters":{"id":null,"focus":true}}, id: {e584bd1c-8d02-40fd-ba35-e17d941b2a1a}
04-26 05:52:13.946 I/Gecko   (   83): 1398516733953	Marionette	INFO	Switched to frame: {"frameValue":null}
04-26 05:52:14.076 I/Gecko   (   83): 1398516734084	Marionette	INFO	sendToClient: {"from":"0","ok":true}, {e584bd1c-8d02-40fd-ba35-e17d941b2a1a}, {e584bd1c-8d02-40fd-ba35-e17d941b2a1a}
04-26 05:52:14.086 I/Gecko   (   83): 1398516734096	Marionette	DEBUG	Got request: switchToFrame, data: {"to":"0","sessionId":"3-b2g","name":"switchToFrame","parameters":{"id":null,"focus":true}}, id: {27549b49-dd71-4550-b215-556e1c4876fc}
04-26 05:52:14.086 I/Gecko   (   83): 1398516734098	Marionette	INFO	Switched to frame: {"frameValue":null}
04-26 05:52:14.186 I/Gecko   (   83): 1398516734200	Marionette	INFO	sendToClient: {"from":"0","ok":true}, {27549b49-dd71-4550-b215-556e1c4876fc}, {27549b49-dd71-4550-b215-556e1c4876fc}
04-26 05:52:14.196 I/Gecko   (   83): 1398516734209	Marionette	DEBUG	Got request: executeWithCallback, data: {"to":"0","sessionId":"3-b2g","name":"executeAsyncScript","parameters":{"specialPowers":false,"scriptTimeout":null,"newSandbox":true,"args":[],"filename":"gaia_test.py","script":"return GaiaApps.displayedApp();","line":66}}, id: {a67a3fe0-1b38-4e04-b257-f008492af6a3}
04-26 05:52:14.266 I/Gecko   (   83): 1398516734278	Marionette	INFO	sendToClient: {"from":"0","value":{"frame":{"ELEMENT":"{44b03080-d627-4489-ae31-c3b83d3fd517}"},"src":"app://homescreen.gaiamobile.org/index.html#rootSat%20Apr%2026%202014%2005:52:13%20GMT-0700%20(UTC)","name":"Homescreen","origin":"app://homescreen.gaiamobile.org"}}, {a67a3fe0-1b38-4e04-b257-f008492af6a3}, {a67a3fe0-1b38-4e04-b257-f008492af6a3}
04-26 05:52:14.276 E/GeckoConsole(   83): Content JS LOG at dummy file:392 in GaiaApps.displayedApp: app with origin 'app://homescreen.gaiamobile.org' is displayed
04-26 05:52:14.286 I/Gecko   (   83): 1398516734296	Marionette	DEBUG	Got request: switchToFrame, data: {"to":"0","sessionId":"3-b2g","name":"switchToFrame","parameters":{"focus":true,"element":"{44b03080-d627-4489-ae31-c3b83d3fd517}"}}, id: {072c93e6-5a81-446f-bc0d-a79ba6836170}
04-26 05:52:14.296 I/Gecko   (   83): 1398516734307	Marionette	INFO	Switched to frame: {"frameValue":"{44b03080-d627-4489-ae31-c3b83d3fd517}"}
04-26 05:52:14.306 I/Gecko   (   83): 1398516734318	Marionette	INFO	trying remote frame 0
04-26 05:52:14.306 I/Gecko   (   83): 1398516734319	Marionette	INFO	trying remote frame 1
04-26 05:52:14.306 I/Gecko   (   83): 1398516734320	Marionette	INFO	trying remote frame 2
04-26 05:52:15.196 I/Gecko   (   83): 1398516735206	Marionette	INFO	sendToClient: {"from":"0","ok":true}, {072c93e6-5a81-446f-bc0d-a79ba6836170}, {072c93e6-5a81-446f-bc0d-a79ba6836170}
04-26 05:52:15.206 I/Gecko   (   83): 1398516735219	Marionette	DEBUG	Got request: execute, data: {"to":"0","sessionId":"3-b2g","name":"executeScript","parameters":{"specialPowers":false,"scriptTimeout":null,"newSandbox":true,"args":[],"filename":"gaia_test.py","script":"return window.wrappedJSObject.GridManager.pageHelper.getCurrentPageNumber();","line":784}}, id: {a77edb1a-3587-4522-8e81-7ad6043dfee0}
04-26 05:52:15.266 E/GeckoConsole( 2458): Content JS WARN at app://homescreen.gaiamobile.org/gaia_build_defer_index.js:184 in isHiddenApp: Unexpected role when checking hidden app: undefined
04-26 05:52:15.266 E/GeckoConsole( 2458): Content JS WARN at app://homescreen.gaiamobile.org/gaia_build_defer_index.js:184 in isHiddenApp: Unexpected role when checking hidden app: undefined
04-26 05:52:15.266 E/GeckoConsole( 2458): Content JS WARN at app://homescreen.gaiamobile.org/gaia_build_defer_index.js:184 in isHiddenApp: Unexpected role when checking hidden app: undefined
04-26 05:52:15.266 E/GeckoConsole( 2458): Content JS WARN at app://homescreen.gaiamobile.org/gaia_build_defer_index.js:184 in isHiddenApp: Unexpected role when checking hidden app: undefined
04-26 05:52:15.266 E/GeckoConsole( 2458): Content JS WARN at app://homescreen.gaiamobile.org/gaia_build_defer_index.js:184 in isHiddenApp: Unexpected role when checking hidden app: undefined
04-26 05:52:15.266 E/GeckoConsole( 2458): Content JS WARN at app://homescreen.gaiamobile.org/gaia_build_defer_index.js:184 in isHiddenApp: Unexpected role when checking hidden app: undefined
04-26 05:52:15.266 E/GeckoConsole( 2458): Content JS WARN at app://homescreen.gaiamobile.org/gaia_build_defer_index.js:184 in isHiddenApp: Unexpected role when checking hidden app: undefined
04-26 05:52:15.266 E/GeckoConsole( 2458): Content JS WARN at app://homescreen.gaiamobile.org/gaia_build_defer_index.js:184 in isHiddenApp: Unexpected role when checking hidden app: undefined
04-26 05:52:15.266 E/GeckoConsole( 2458): Content JS WARN at app://homescreen.gaiamobile.org/gaia_build_defer_index.js:184 in isHiddenApp: Unexpected role when checking hidden app: undefined
04-26 05:52:15.266 E/GeckoConsole( 2458): Content JS WARN at app://homescreen.gaiamobile.org/gaia_build_defer_index.js:184 in isHiddenApp: Unexpected role when checking hidden app: undefined
04-26 05:52:15.266 E/GeckoConsole( 2458): Content JS WARN at app://homescreen.gaiamobile.org/gaia_build_defer_index.js:184 in isHiddenApp: Unexpected role when checking hidden app: undefined
04-26 05:52:15.266 E/GeckoConsole( 2458): Content JS WARN at app://homescreen.gaiamobile.org/gaia_build_defer_index.js:184 in isHiddenApp: Unexpected role when checking hidden app: undefined
04-26 05:52:15.266 E/GeckoConsole( 2458): Content JS WARN at app://homescreen.gaiamobile.org/gaia_build_defer_index.js:184 in isHiddenApp: Unexpected role when checking hidden app: undefined
04-26 05:52:15.276 E/GeckoConsole( 2458): Content JS WARN at app://homescreen.gaiamobile.org/gaia_build_defer_index.js:184 in isHiddenApp: Unexpected role when checking hidden app: undefined
04-26 05:52:15.276 E/GeckoConsole( 2458): Content JS WARN at app://homescreen.gaiamobile.org/gaia_build_defer_index.js:184 in isHiddenApp: Unexpected role when checking hidden app: undefined
04-26 05:52:15.276 E/GeckoConsole( 2458): Content JS WARN at app://homescreen.gaiamobile.org/gaia_build_defer_index.js:184 in isHiddenApp: Unexpected role when checking hidden app: undefined
04-26 05:52:15.276 E/GeckoConsole( 2458): Content JS WARN at app://homescreen.gaiamobile.org/gaia_build_defer_index.js:184 in isHiddenApp: Unexpected role when checking hidden app: undefined
04-26 05:52:15.276 E/GeckoConsole( 2458): Content JS WARN at app://homescreen.gaiamobile.org/gaia_build_defer_index.js:184 in isHiddenApp: Unexpected role when checking hidden app: undefined
04-26 05:52:15.276 E/GeckoConsole( 2458): Content JS WARN at app://homescreen.gaiamobile.org/gaia_build_defer_index.js:184 in isHiddenApp: Unexpected role when checking hidden app: undefined
04-26 05:52:15.276 E/GeckoConsole( 2458): Content JS WARN at app://homescreen.gaiamobile.org/gaia_build_defer_index.js:184 in isHiddenApp: Unexpected role when checking hidden app: undefined
04-26 05:52:15.276 E/GeckoConsole( 2458): Content JS WARN at app://homescreen.gaiamobile.org/gaia_build_defer_index.js:184 in isHiddenApp: Unexpected role when checking hidden app: undefined
04-26 05:52:15.276 E/GeckoConsole( 2458): Content JS WARN at app://homescreen.gaiamobile.org/gaia_build_defer_index.js:184 in isHiddenApp: Unexpected role when checking hidden app: undefined
04-26 05:52:15.386 I/Gecko   (   83): 1398516735394	Marionette	INFO	sendToClient: {"from":"0","value":0}, {a77edb1a-3587-4522-8e81-7ad6043dfee0}, {a77edb1a-3587-4522-8e81-7ad6043dfee0}
04-26 05:52:15.616 I/Gecko   (   83): 1398516735627	Marionette	INFO	sendToClient: {"from":"0","value":["{d6fb9efa-01a1-4220-a238-3aa945ecd2f5}","{f32f513d-9e47-4172-af10-fe3654f26624}","{16fa1fc9-a64e-4227-88f6-263055af38a3}","{28a65369-2a49-4770-9c9d-d4e5ececdc51}","{571e7e41-0a56-46e8-99d3-0fdce3e08f18}","{c002ade3-13fc-4f9f-8511-3688e5ec9e71}","{11444d54-a80a-4840-af5a-6e8d0db9933c}","{0e1cb69e-4368-4501-a011-c70bee286d6f}","{cfd4ec99-cf8d-40f9-9219-75a974d3ed08}","{86da63bc-4ee2-430d-9624-f53c371414a0}","{4c35d22d-9155-4bf6-a135-9cc886f2621c}","{ee330726-dbea-48e5-a1ab-fd9feb8bb82b}","{b53d84a7-841b-46b5-8aeb-74a9a448c310}","{8eb15cf4-2514-4f43-9947-b2d8f0e126d4}","{d200e6a9-5589-446c-8ad4-23a416938f1b}","{cba5b36f-d816-48bf-977b-9dab8d156841}","{505c787d-e673-46b0-a3e6-8c361c06f683}","{f95af5e8-565f-447d-a89b-44e187d8bbac}","{7c01623c-8961-4f26-ae79-169ccea64d7e}","{df3eeeec-1a25-4665-89a2-b222f91b32d4}","{b8394433-4e8f-4415-9bc8-a487b7df1266}","{97a59321-7f38-4de6-9ac4-1355b08ca55c}","{f6ecc5d1-5104-4b6d-898c-5244f7e2a74a}","{47aaaecc-9172
04-26 05:52:15.636 I/Gecko   (   83): 1398516735650	Marionette	INFO	sendToClient: {"from":"0","value":"app://homescreen.gaiamobile.org/index.html#rootSat%20Apr%2026%202014%2005:52:13%20GMT-0700%20(UTC)"}, {48aec16c-457f-421c-8874-bc1a18193de6}, {48aec16c-457f-421c-8874-bc1a18193de6}
04-26 05:52:15.646 I/Gecko   (   83): 1398516735659	Marionette	DEBUG	Got request: switchToFrame, data: {"to":"0","sessionId":"3-b2g","name":"switchToFrame","parameters":{"id":null,"focus":true}}, id: {3be28055-9195-483d-bb42-fb629b63b251}
04-26 05:52:15.656 I/Gecko   (   83): 1398516735669	Marionette	INFO	Switched to frame: {"frameValue":null}
04-26 05:52:15.766 I/Gecko   (   83): 1398516735772	Marionette	INFO	sendToClient: {"from":"0","ok":true}, {3be28055-9195-483d-bb42-fb629b63b251}, {3be28055-9195-483d-bb42-fb629b63b251}
04-26 05:52:15.776 I/Gecko   (   83): 1398516735778	Marionette	DEBUG	Got request: switchToFrame, data: {"to":"0","sessionId":"3-b2g","name":"switchToFrame","parameters":{"id":null,"focus":true}}, id: {eb8efacc-86ec-4e54-ab2f-dd847f122703}
04-26 05:52:15.786 I/Gecko   (   83): 1398516735793	Marionette	INFO	Switched to frame: {"frameValue":null}
04-26 05:52:15.886 I/Gecko   (   83): 1398516735896	Marionette	INFO	sendToClient: {"from":"0","ok":true}, {eb8efacc-86ec-4e54-ab2f-dd847f122703}, {eb8efacc-86ec-4e54-ab2f-dd847f122703}
04-26 05:52:15.896 I/Gecko   (   83): 1398516735903	Marionette	DEBUG	Got request: executeWithCallback, data: {"to":"0","sessionId":"3-b2g","name":"executeAsyncScript","parameters":{"specialPowers":false,"scriptTimeout":30000,"newSandbox":true,"args":[],"filename":"app_checker.py","script":"GaiaApps.launchWithManifestURL('https://marketplace.firefox.com/app/fc9917b3-5b43-4da2-b74a-ad8b946454ff/manifest.webapp')","line":106}}, id: {d50da94b-4b4d-4c7d-aa51-8d4d30b00c60}
04-26 05:52:16.026 I/Gonk    (   83): Setting nice for pid 2487 to 18
04-26 05:52:16.026 I/Gonk    (   83): Changed nice for pid 2487 from 18 to 18.
04-26 05:52:16.026 I/Gecko   (   83): [Parent 83] WARNING: waitpid failed pid:2487 errno:10: file ../../../gecko/ipc/chromium/src/base/process_util_posix.cc, line 254
04-26 05:52:16.026 I/Gonk    (   83): Setting nice for pid 2487 to 1
04-26 05:52:16.036 I/Gonk    (   83): Changed nice for pid 2487 from 18 to 1.
04-26 05:52:16.056 E/GeckoConsole(   83): Content JS LOG at dummy file:334 in GaiaApps.launch: launching app with name 'Arabic Mozilla'
04-26 05:52:16.386 D/Sensors (   83): activate handle=0; drv=0
04-26 05:52:16.396 D/Sensors (   83): Lis3dhSensor: Control set 1
04-26 05:52:16.396 D/Sensors (   83): Lis3dhSensor: mEnabled = 1
04-26 05:52:16.436 I/Gonk    (   83): Setting nice for pid 2458 to 18
04-26 05:52:16.436 I/Gonk    (   83): Changed nice for pid 2458 from 1 to 18.
04-26 05:52:16.986 I/Gecko   ( 2487): ###################################### forms.js loaded
04-26 05:52:17.036 I/Gecko   ( 2487): ############################### browserElementPanning.js loaded
04-26 05:52:17.056 I/Gecko   ( 2487): ######################## BrowserElementChildPreload.js loaded
04-26 05:52:17.636 V/AudioPolicyManagerBase(   88): startOutput() output 1, stream 1, session 11
04-26 05:52:17.636 V/AudioPolicyManagerBase(   88): changeRefCount() stream 1, count 1
04-26 05:52:17.636 V/AudioPolicyManagerBase(   88): getDeviceForStrategy() from cache strategy 0, device 2
04-26 05:52:17.636 V/AudioPolicyManagerBase(   88): getNewDevice() selected device 2
04-26 05:52:17.636 D/AudioPolicyManagerBase(   88): setOutputDevice() output 1 device 2 delayMs 0
04-26 05:52:17.636 V/AudioPolicyManagerBase(   88): setOutputDevice() setting same device 2 or null device for output 1
04-26 05:52:17.636 E/AudioPolicyManagerBase(   88): checkAndSetVolume stream=1, index=15, output=1, device=2
04-26 05:52:17.636 E/AudioPolicyManagerBase(   88): computeVolume, streamDesc=0x162cbb0
04-26 05:52:17.636 V/AudioPolicyManagerBase(   88): VOLUME vol index=[60 100 100], dB=[-11.0 0.0 0.0] ampl=1.00000
04-26 05:52:17.696 W/AudioFlinger(   88): Thread AudioOut_1 cannot connect to the power manager service
04-26 05:52:17.696 V/AudioPolicyManagerBase(   88): stopOutput() output 1, stream 1, session 11
04-26 05:52:17.696 V/AudioPolicyManagerBase(   88): changeRefCount() stream 1, count 0
04-26 05:52:17.696 V/AudioPolicyManagerBase(   88): getNewDevice() selected device 0
04-26 05:52:17.696 D/AudioPolicyManagerBase(   88): setOutputDevice() output 1 device 0 delayMs 290
04-26 05:52:17.696 V/AudioPolicyManagerBase(   88): setOutputDevice() setting same device 0 or null device for output 1
04-26 05:52:17.706 V/AudioPolicyManagerBase(   88): startOutput() output 1, stream 1, session 11
04-26 05:52:17.706 V/AudioPolicyManagerBase(   88): changeRefCount() stream 1, count 1
04-26 05:52:17.706 V/AudioPolicyManagerBase(   88): getDeviceForStrategy() from cache strategy 0, device 2
04-26 05:52:17.706 V/AudioPolicyManagerBase(   88): getNewDevice() selected device 2
04-26 05:52:17.706 D/AudioPolicyManagerBase(   88): setOutputDevice() output 1 device 2 delayMs 0
04-26 05:52:17.706 V/AudioPolicyManagerBase(   88): setOutputDevice() setting same device 2 or null device for output 1
04-26 05:52:17.706 E/AudioPolicyManagerBase(   88): checkAndSetVolume stream=1, index=15, output=1, device=2
04-26 05:52:17.706 E/AudioPolicyManagerBase(   88): computeVolume, streamDesc=0x162cbb0
04-26 05:52:17.706 V/AudioPolicyManagerBase(   88): VOLUME vol index=[60 100 100], dB=[-11.0 0.0 0.0] ampl=1.00000
04-26 05:52:17.716 V/AudioPolicyManagerBase(   88): stopOutput() output 1, stream 1, session 11
04-26 05:52:17.716 V/AudioPolicyManagerBase(   88): changeRefCount() stream 1, count 0
04-26 05:52:17.716 V/AudioPolicyManagerBase(   88): getNewDevice() selected device 0
04-26 05:52:17.716 D/AudioPolicyManagerBase(   88): setOutputDevice() output 1 device 0 delayMs 290
04-26 05:52:17.716 V/AudioPolicyManagerBase(   88): setOutputDevice() setting same device 0 or null device for output 1
04-26 05:52:17.716 V/AudioPolicyManagerBase(   88): releaseOutput() 1
04-26 05:52:18.176 W/WifiHW  (   83): wifi_command: SIGNAL_POLL
04-26 05:52:18.636 I/log     ( 2524): <4>0[ 1256.311989] lowmem_shrink select 2458 (Homescreen), adj 8, size 7449, to kill 
04-26 05:52:19.206 I/Gecko   (   83): 
04-26 05:52:19.206 I/Gecko   (   83): ###!!! [Parent][MessageChannel] Error: Channel error: cannot send/recv
04-26 05:52:19.206 I/Gecko   (   83): 
04-26 05:52:19.306 I/Gecko   (   83): [Parent 83] WARNING: waitpid failed pid:2458 errno:10: file ../../../gecko/ipc/chromium/src/base/process_util_posix.cc, line 254
04-26 05:52:19.596 E/GeckoConsole( 2487): Content JS LOG at app://{f67bea9a-f1eb-4cda-b849-7ffb246d1858}/js/utils.js:127 in __loadJSON: ===== Loading Main Json
04-26 05:52:19.616 E/GeckoConsole( 2487): Content JS LOG at app://{f67bea9a-f1eb-4cda-b849-7ffb246d1858}/js/utils.js:134 in __loadJSON: ===== Main Json Successfullly Loaded
04-26 05:52:19.926 I/Gonk    (   83): Setting nice for pid 2527 to 18
04-26 05:52:19.926 I/Gonk    (   83): Changed nice for pid 2527 from 0 to 18.
04-26 05:52:19.996 E/GeckoConsole(   83): Content JS LOG at dummy file:326 in GaiaApps.launch/appOpen/<: app with origin 'app://{f67bea9a-f1eb-4cda-b849-7ffb246d1858}' has launched
04-26 05:52:19.996 I/Gecko   (   83): 1398516740003	Marionette	INFO	sendToClient: {"from":"0","value":{"frame":{"ELEMENT":"{5b846852-7cb6-4faa-9db6-e0f3c1859e2d}"},"src":"app://{f67bea9a-f1eb-4cda-b849-7ffb246d1858}/index.html","name":"Arabic Mozilla","origin":"app://{f67bea9a-f1eb-4cda-b849-7ffb246d1858}"}}, {d50da94b-4b4d-4c7d-aa51-8d4d30b00c60}, {d50da94b-4b4d-4c7d-aa51-8d4d30b00c60}
04-26 05:52:20.016 I/Gonk    (   83): Setting nice for pid 2527 to 18
04-26 05:52:20.016 I/Gonk    (   83): Changed nice for pid 2527 from 18 to 18.
04-26 05:52:20.016 I/Gecko   (   83): [Parent 83] WARNING: waitpid failed pid:2527 errno:10: file ../../../gecko/ipc/chromium/src/base/process_util_posix.cc, line 254
04-26 05:52:20.076 I/Gecko   (   83): 1398516740089	Marionette	DEBUG	Got request: switchToFrame, data: {"to":"0","sessionId":"3-b2g","name":"switchToFrame","parameters":{"focus":true,"element":"{5b846852-7cb6-4faa-9db6-e0f3c1859e2d}"}}, id: {fab5bbda-17bb-446c-be5e-d0c0d45b67f0}
04-26 05:52:20.096 I/Gecko   (   83): 1398516740102	Marionette	INFO	Switched to frame: {"frameValue":"{5b846852-7cb6-4faa-9db6-e0f3c1859e2d}"}
04-26 05:52:20.106 I/Gecko   (   83): 1398516740117	Marionette	INFO	trying remote frame 0
04-26 05:52:20.106 I/Gecko   (   83): 1398516740118	Marionette	INFO	trying remote frame 1
04-26 05:52:20.126 I/Gecko   (   83): 1398516740119	Marionette	INFO	trying remote frame 2
04-26 05:52:20.126 I/Gecko   (   83): 1398516740137	Marionette	INFO	deleting frame
04-26 05:52:20.156 I/Gecko   (   83): 1398516740164	Marionette	INFO	frame-manager load script: [object ChromeMessageSender]
04-26 05:52:20.806 I/Gecko   (   83): 1398516740811	Marionette	INFO	sendToClient: {"from":"0","ok":true}, {fab5bbda-17bb-446c-be5e-d0c0d45b67f0}, {fab5bbda-17bb-446c-be5e-d0c0d45b67f0}
04-26 05:52:20.836 I/Gecko   (   83): 1398516740850	Marionette	INFO	sendToClient: {"from":"0","value":"app://{f67bea9a-f1eb-4cda-b849-7ffb246d1858}/index.html"}, {c5597f5f-bab1-4c74-900a-2337faf08599}, {c5597f5f-bab1-4c74-900a-2337faf08599}
04-26 05:52:20.856 I/Gecko   (   83): 1398516740862	Marionette	DEBUG	Got request: execute, data: {"to":"0","sessionId":"3-b2g","name":"executeScript","parameters":{"specialPowers":false,"scriptTimeout":null,"newSandbox":true,"args":[],"filename":"app_checker.py","script":"return window.document.readyState;","line":191}}, id: {78217714-4786-48ae-9901-56464b1fd9d5}
04-26 05:52:20.946 I/Gecko   (   83): 1398516740958	Marionette	INFO	sendToClient: {"from":"0","value":"complete"}, {78217714-4786-48ae-9901-56464b1fd9d5}, {78217714-4786-48ae-9901-56464b1fd9d5}
04-26 05:52:21.046 I/Gonk    (   83): Setting nice for pid 2527 to 18
04-26 05:52:21.046 I/Gonk    (   83): Changed nice for pid 2527 from 18 to 18.
04-26 05:52:21.166 I/Gonk    (   83): Setting nice for pid 2537 to 18
04-26 05:52:21.166 I/Gonk    (   83): Changed nice for pid 2537 from 0 to 18.
04-26 05:52:21.216 I/Gecko   (   83): 1398516741229	Marionette	INFO	sendToClient: {"from":"0","value":"app://{f67bea9a-f1eb-4cda-b849-7ffb246d1858}/index.html"}, {c5bc198e-f58a-4e47-ab24-64d9e45fea26}, {c5bc198e-f58a-4e47-ab24-64d9e45fea26}
04-26 05:52:21.316 I/Gecko   (   83): [Parent 83] WARNING: waitpid failed pid:2458 errno:10: file ../../../gecko/ipc/chromium/src/base/process_util_posix.cc, line 254
04-26 05:52:21.316 I/Gecko   (   83): [Parent 83] WARNING: Failed to deliver SIGKILL to 2458!(3).: file ../../../gecko/ipc/chromium/src/chrome/common/process_watcher_posix_sigchld.cc, line 118
04-26 05:52:21.666 E/GeckoConsole( 2487): Content JS LOG at app://{f67bea9a-f1eb-4cda-b849-7ffb246d1858}/js/utils.js:163 in _show: ===== Showing Post1
04-26 05:52:21.676 E/GeckoConsole( 2487): Content JS LOG at app://{f67bea9a-f1eb-4cda-b849-7ffb246d1858}/js/utils.js:163 in _show: ===== Showing Post2
04-26 05:52:21.686 E/GeckoConsole( 2487): Content JS LOG at app://{f67bea9a-f1eb-4cda-b849-7ffb246d1858}/js/utils.js:163 in _show: ===== Showing Post3
04-26 05:52:21.686 E/GeckoConsole( 2487): Content JS LOG at app://{f67bea9a-f1eb-4cda-b849-7ffb246d1858}/js/utils.js:163 in _show: ===== Showing Post4
04-26 05:52:21.686 E/GeckoConsole( 2487): Content JS LOG at app://{f67bea9a-f1eb-4cda-b849-7ffb246d1858}/js/utils.js:163 in _show: ===== Showing Post5
04-26 05:52:21.686 E/GeckoConsole( 2487): Content JS LOG at app://{f67bea9a-f1eb-4cda-b849-7ffb246d1858}/js/utils.js:163 in _show: ===== Showing Post6
04-26 05:52:21.686 E/GeckoConsole( 2487): Content JS LOG at app://{f67bea9a-f1eb-4cda-b849-7ffb246d1858}/js/utils.js:163 in _show: ===== Showing Post7
04-26 05:52:21.686 E/GeckoConsole( 2487): Content JS LOG at app://{f67bea9a-f1eb-4cda-b849-7ffb246d1858}/js/utils.js:163 in _show: ===== Showing Post8
04-26 05:52:21.686 E/GeckoConsole( 2487): Content JS LOG at app://{f67bea9a-f1eb-4cda-b849-7ffb246d1858}/js/utils.js:163 in _show: ===== Showing Post9
04-26 05:52:21.686 E/GeckoConsole( 2487): Content JS LOG at app://{f67bea9a-f1eb-4cda-b849-7ffb246d1858}/js/utils.js:163 in _show: ===== Showing Post10
04-26 05:52:21.686 E/GeckoConsole( 2487): Content JS LOG at app://{f67bea9a-f1eb-4cda-b849-7ffb246d1858}/js/utils.js:167 in _show: ===== All 10 posts have been shown successfully.
04-26 05:52:22.106 I/Gecko   ( 2487): Attempting load of libEGL.so
04-26 05:52:22.216 D/libEGL  ( 2487): loaded /system/lib/egl/libEGL_mali.so
04-26 05:52:22.266 D/libEGL  ( 2487): loaded /system/lib/egl/libGLESv1_CM_mali.so
04-26 05:52:22.276 D/libEGL  ( 2487): loaded /system/lib/egl/libGLESv2_mali.so
04-26 05:52:22.336 I/Gecko   ( 2487): SharedSurface_Gralloc::Create -------
04-26 05:52:22.356 I/Gecko   ( 2487): SharedSurface_Gralloc::Create: success -- surface 0x43d81c00, GraphicBuffer 0x44256e00.
04-26 05:52:23.186 W/WifiHW  (   83): wifi_command: SIGNAL_POLL
04-26 05:52:23.856 I/Gecko   (   83): 1398516743831	Marionette	INFO	sendToClient: {"from":"0","value":"iVBORw0KGgoAAAANSUhEUgAAAUAAAAHMCAYAAACk4nEJAAAgAElEQVR4nOydd1hUZ/r+RzfZtN1NdrP5/jbJmsRdswnRZNObcWNQMWAFRRBBQXqJiIoFJfYaNWpii6ixgBU0KioJFiwUC0oTFERQBAQp0mZgyuf3x4GBYWZgkEEwnvu67gvmrc/7nHfu87ZzRhLv2hWRIkWKfBQpaW8DRIoUKbK9KAqgSJEiH1mKAihSpMhHlg+/ADp1ABtEihT5UFIUQJEiRT6yFAVQpEiRjywfegGMduhKvKdJu9shUqTIh4+SeKeuPMxUC2AHsEWkSJEPFx9+ARzZVRRAkSJF3hcffgG07ioKoEiRIu+LD70AHrPuyhVRAEWKFHkffPgF0LIrV755r93tEClS5MPHh14AwweJAtgcr8zorzP82sIRJPv3ape6RYrsCJTEO3TF2Lw235b8g2spSzpN5Y0kKm8kUZZ0mvyDa7k239aodYWbd+WK32dGb8PvhXfCf6Li2gWt8OwNkwG4vWtxm9Zdnnau3X0gUqQ+GlUAM1d4IMvPojnI8rPIXOFhlDrD+3Xlir8ogLqYFjgIAOmtq1px9xJOAOgUR2Pw2gI7ACpvJLW7H0SK1EejCOBlZxOKYw9qiJy09C4Zx8NIPbSV1ENbuX48FFnpXY00JecOc9nZpFV1h37VlUxRAHUyadxnAFTfva0Vd+/SceEiqJQk+Xxs9LozV3gI/SDnWrv7QaRIfZREOwiHiVvD6z/PUItaeWEuh+e6sa7/i2wd+DI7h/yTXUP/yY7B/2TboJc5udCNqrt56vRl6ReJdTa577pDv+hK5jTTVrfh98iYMd1QKRTIK0q14u5E7QGg+NIxYp3eMKi8C76fkzB9gEFp09dNEATwTrbR2pO+1o/LAebt7leRvx+2WgBP27/Gb7avkrJrJdeOh7HJ6g12D/0nx0a+pp
04-26 05:52:24.506 I/Gecko   (   83): 1398516744512	Marionette	INFO	sendToClient: {"from":"0","ok":true}, {52981a31-8a4b-41dc-afea-d55849fe651c}, {52981a31-8a4b-41dc-afea-d55849fe651c}
04-26 05:52:24.916 I/Gecko   (   83): 1398516744925	Marionette	DEBUG	Got request: switchToFrame, data: {"to":"0","sessionId":"3-b2g","name":"switchToFrame","parameters":{"id":null,"focus":true}}, id: {fe14b5f7-a099-4c7d-ac78-a45bea882723}
04-26 05:52:24.936 I/Gecko   (   83): 1398516744947	Marionette	INFO	Switched to frame: {"frameValue":null}
04-26 05:52:25.106 I/Gecko   (   83): 1398516745118	Marionette	INFO	sendToClient: {"from":"0","ok":true}, {fe14b5f7-a099-4c7d-ac78-a45bea882723}, {fe14b5f7-a099-4c7d-ac78-a45bea882723}
04-26 05:52:25.116 I/Gecko   (   83): 1398516745125	Marionette	DEBUG	Got request: executeWithCallback, data: {"to":"0","sessionId":"3-b2g","name":"executeAsyncScript","parameters":{"specialPowers":false,"scriptTimeout":null,"newSandbox":true,"args":[],"filename":"gaia_test.py","script":"return GaiaApps.displayedApp();","line":66}}, id: {0f254eaa-bd71-489d-8d17-da1881797ced}
04-26 05:52:25.366 I/Gecko   (   83): 1398516745380	Marionette	INFO	sendToClient: {"from":"0","value":{"frame":{"ELEMENT":"{5b846852-7cb6-4faa-9db6-e0f3c1859e2d}"},"src":"app://{f67bea9a-f1eb-4cda-b849-7ffb246d1858}/index.html","name":"Arabic Mozilla","origin":"app://{f67bea9a-f1eb-4cda-b849-7ffb246d1858}"}}, {0f254eaa-bd71-489d-8d17-da1881797ced}, {0f254eaa-bd71-489d-8d17-da1881797ced}
04-26 05:52:25.386 E/GeckoConsole(   83): Content JS LOG at dummy file:392 in GaiaApps.displayedApp: app with origin 'app://{f67bea9a-f1eb-4cda-b849-7ffb246d1858}' is displayed
04-26 05:52:25.396 I/Gecko   (   83): 1398516745410	Marionette	DEBUG	Got request: switchToFrame, data: {"to":"0","sessionId":"3-b2g","name":"switchToFrame","parameters":{"id":null,"focus":true}}, id: {7d70b559-1305-48cc-aed9-74f26f7546a1}
04-26 05:52:25.406 I/Gecko   (   83): 1398516745413	Marionette	INFO	Switched to frame: {"frameValue":null}
04-26 05:52:25.506 I/Gecko   (   83): 1398516745520	Marionette	INFO	sendToClient: {"from":"0","ok":true}, {7d70b559-1305-48cc-aed9-74f26f7546a1}, {7d70b559-1305-48cc-aed9-74f26f7546a1}
04-26 05:52:25.526 I/Gecko   (   83): 1398516745538	Marionette	DEBUG	Got request: execute, data: {"to":"0","sessionId":"3-b2g","name":"executeScript","parameters":{"specialPowers":false,"scriptTimeout":null,"newSandbox":true,"args":[],"filename":"gaia_test.py","script":"window.wrappedJSObject.dispatchEvent(new Event('home'));","line":788}}, id: {bf68ec45-a8e6-459e-8920-e0e9fb5dacba}
04-26 05:52:25.556 I/Gonk    (   83): Setting nice for pid 2527 to 1
04-26 05:52:25.566 I/Gonk    (   83): Changed nice for pid 2527 from 18 to 1.
04-26 05:52:25.606 D/Sensors (   83): activate handle=0; drv=0
04-26 05:52:25.606 D/Sensors (   83): Lis3dhSensor: Control set 0
04-26 05:52:25.606 D/Sensors (   83): Lis3dhSensor: mEnabled = 0
04-26 05:52:25.626 I/Gecko   (   83): 1398516745633	Marionette	INFO	sendToClient: {"from":"0","value":null}, {bf68ec45-a8e6-459e-8920-e0e9fb5dacba}, {bf68ec45-a8e6-459e-8920-e0e9fb5dacba}
04-26 05:52:25.636 I/Gecko   (   83): 1398516745650	Marionette	DEBUG	Got request: switchToFrame, data: {"to":"0","sessionId":"3-b2g","name":"switchToFrame","parameters":{"id":null,"focus":true}}, id: {940099b7-3774-4116-9f9c-c943220034c4}
04-26 05:52:25.646 I/Gecko   (   83): 1398516745653	Marionette	INFO	Switched to frame: {"frameValue":null}
04-26 05:52:25.746 I/Gecko   (   83): 1398516745756	Marionette	INFO	sendToClient: {"from":"0","ok":true}, {940099b7-3774-4116-9f9c-c943220034c4}, {940099b7-3774-4116-9f9c-c943220034c4}
04-26 05:52:25.756 I/Gecko   (   83): 1398516745763	Marionette	DEBUG	Got request: executeWithCallback, data: {"to":"0","sessionId":"3-b2g","name":"executeAsyncScript","parameters":{"specialPowers":false,"scriptTimeout":null,"newSandbox":true,"args":[],"filename":"gaia_test.py","script":"return GaiaApps.displayedApp();","line":66}}, id: {08b94b8d-2bc4-4a2b-9b37-b4740d07af33}
04-26 05:52:25.876 E/GeckoConsole(   83): Content JS LOG at dummy file:392 in GaiaApps.displayedApp: app with origin 'app://homescreen.gaiamobile.org' is displayed
04-26 05:52:25.876 I/Gecko   (   83): 1398516745886	Marionette	INFO	sendToClient: {"from":"0","value":{"frame":{"ELEMENT":"{0c1f8d93-1995-4af7-831e-6ffcdd37661a}"},"src":"app://homescreen.gaiamobile.org/index.html#root","name":"Homescreen","origin":"app://homescreen.gaiamobile.org"}}, {08b94b8d-2bc4-4a2b-9b37-b4740d07af33}, {08b94b8d-2bc4-4a2b-9b37-b4740d07af33}
04-26 05:52:25.896 I/Gecko   (   83): 1398516745906	Marionette	DEBUG	Got request: switchToFrame, data: {"to":"0","sessionId":"3-b2g","name":"switchToFrame","parameters":{"id":null,"focus":true}}, id: {a8df056f-66af-41f5-b4ab-f8b98d9ca880}
04-26 05:52:25.896 I/Gecko   (   83): 1398516745908	Marionette	INFO	Switched to frame: {"frameValue":null}
04-26 05:52:26.036 I/Gecko   (   83): 1398516746043	Marionette	INFO	sendToClient: {"from":"0","ok":true}, {a8df056f-66af-41f5-b4ab-f8b98d9ca880}, {a8df056f-66af-41f5-b4ab-f8b98d9ca880}
04-26 05:52:26.036 I/Gecko   (   83): 1398516746049	Marionette	DEBUG	Got request: switchToFrame, data: {"to":"0","sessionId":"3-b2g","name":"switchToFrame","parameters":{"id":null,"focus":true}}, id: {34dd88dd-c505-4af3-8884-fad25d54e902}
04-26 05:52:26.036 I/Gecko   (   83): 1398516746051	Marionette	INFO	Switched to frame: {"frameValue":null}
04-26 05:52:26.146 I/Gecko   (   83): 1398516746153	Marionette	INFO	sendToClient: {"from":"0","ok":true}, {34dd88dd-c505-4af3-8884-fad25d54e902}, {34dd88dd-c505-4af3-8884-fad25d54e902}
04-26 05:52:26.146 I/Gecko   (   83): 1398516746160	Marionette	DEBUG	Got request: executeWithCallback, data: {"to":"0","sessionId":"3-b2g","name":"executeAsyncScript","parameters":{"specialPowers":false,"scriptTimeout":null,"newSandbox":true,"args":[],"filename":"gaia_test.py","script":"return GaiaApps.displayedApp();","line":66}}, id: {c48fda56-0d66-4965-99eb-43dd0bcd823e}
04-26 05:52:26.226 I/Gecko   (   83): 1398516746221	Marionette	INFO	sendToClient: {"from":"0","value":{"frame":{"ELEMENT":"{0c1f8d93-1995-4af7-831e-6ffcdd37661a}"},"src":"app://homescreen.gaiamobile.org/index.html#root","name":"Homescreen","origin":"app://homescreen.gaiamobile.org"}}, {c48fda56-0d66-4965-99eb-43dd0bcd823e}, {c48fda56-0d66-4965-99eb-43dd0bcd823e}
04-26 05:52:26.226 E/GeckoConsole(   83): Content JS LOG at dummy file:392 in GaiaApps.displayedApp: app with origin 'app://homescreen.gaiamobile.org' is displayed
04-26 05:52:26.246 I/Gecko   (   83): 1398516746256	Marionette	DEBUG	Got request: switchToFrame, data: {"to":"0","sessionId":"3-b2g","name":"switchToFrame","parameters":{"focus":true,"element":"{0c1f8d93-1995-4af7-831e-6ffcdd37661a}"}}, id: {f8133f7b-349e-4d39-886a-f06eb28fd7b8}
04-26 05:52:26.286 I/Gecko   (   83): 1398516746292	Marionette	INFO	Switched to frame: {"frameValue":"{0c1f8d93-1995-4af7-831e-6ffcdd37661a}"}
04-26 05:52:26.426 I/Gecko   (   83): 1398516746439	Marionette	INFO	trying remote frame 0
04-26 05:52:26.456 I/Gecko   (   83): 1398516746462	Marionette	INFO	trying remote frame 1
04-26 05:52:26.456 I/Gecko   (   83): 1398516746463	Marionette	INFO	trying remote frame 2
04-26 05:52:26.456 I/Gecko   (   83): 1398516746468	Marionette	INFO	deleting frame
04-26 05:52:26.466 I/Gecko   (   83): 1398516746473	Marionette	INFO	frame-manager load script: [object ChromeMessageSender]
04-26 05:52:28.296 I/Gonk    (   83): Setting nice for pid 2487 to 18
04-26 05:52:28.306 I/Gonk    (   83): Changed nice for pid 2487 from 1 to 18.
04-26 05:52:28.416 W/WifiHW  (   83): wifi_command: SIGNAL_POLL
04-26 05:52:28.696 I/Gecko   ( 2527): ###################################### forms.js loaded
04-26 05:52:28.746 I/Gecko   (   83): [Parent 83] WARNING: pipe error (151): Connection reset by peer: file ../../../gecko/ipc/chromium/src/chrome/common/ipc_channel_posix.cc, line 446
04-26 05:52:28.756 I/Gecko   ( 2527): ############################### browserElementPanning.js loaded
04-26 05:52:28.776 I/Gecko   (   83): 
04-26 05:52:28.776 I/Gecko   (   83): ###!!! [Parent][MessageChannel] Error: Channel error: cannot send/recv
04-26 05:52:28.776 I/Gecko   (   83): 
04-26 05:52:28.816 I/Gecko   ( 2527): ######################## BrowserElementChildPreload.js loaded
04-26 05:52:28.886 I/Gecko   (   83): [Parent 83] WARNING: waitpid failed pid:2487 errno:10: file ../../../gecko/ipc/chromium/src/base/process_util_posix.cc, line 254
04-26 05:52:29.866 I/Gecko   (   83): 1398516749871	Marionette	INFO	sendToClient: {"from":"0","ok":true}, {f8133f7b-349e-4d39-886a-f06eb28fd7b8}, {f8133f7b-349e-4d39-886a-f06eb28fd7b8}
04-26 05:52:30.186 I/Gecko   (   83): 1398516750196	Marionette	INFO	sendToClient: {"from":"0","value":"app://homescreen.gaiamobile.org/index.html#root"}, {8c321bb4-dd8e-4b99-8dea-02e9b30b0a68}, {8c321bb4-dd8e-4b99-8dea-02e9b30b0a68}
04-26 05:52:30.196 I/Gecko   (   83): 1398516750203	Marionette	DEBUG	Got request: switchToFrame, data: {"to":"0","sessionId":"3-b2g","name":"switchToFrame","parameters":{"id":null,"focus":true}}, id: {57752827-907e-41d8-a0b6-147a561e7599}
04-26 05:52:30.246 I/Gecko   (   83): 1398516750252	Marionette	INFO	Switched to frame: {"frameValue":null}
04-26 05:52:30.346 I/Gecko   (   83): 1398516750355	Marionette	INFO	sendToClient: {"from":"0","ok":true}, {57752827-907e-41d8-a0b6-147a561e7599}, {57752827-907e-41d8-a0b6-147a561e7599}
04-26 05:52:30.356 I/Gecko   (   83): 1398516750361	Marionette	DEBUG	Got request: switchToFrame, data: {"to":"0","sessionId":"3-b2g","name":"switchToFrame","parameters":{"id":null,"focus":true}}, id: {12ab8557-811d-4b52-9a0b-d24f83d4c1b5}
04-26 05:52:30.356 I/Gecko   (   83): 1398516750363	Marionette	INFO	Switched to frame: {"frameValue":null}
04-26 05:52:30.456 I/Gecko   (   83): 1398516750465	Marionette	INFO	sendToClient: {"from":"0","ok":true}, {12ab8557-811d-4b52-9a0b-d24f83d4c1b5}, {12ab8557-811d-4b52-9a0b-d24f83d4c1b5}
04-26 05:52:30.466 I/Gecko   (   83): 1398516750472	Marionette	DEBUG	Got request: executeWithCallback, data: {"to":"0","sessionId":"3-b2g","name":"executeAsyncScript","parameters":{"specialPowers":false,"scriptTimeout":null,"newSandbox":true,"args":[],"filename":"gaia_test.py","script":"GaiaApps.killAll()","line":91}}, id: {d2c7577d-cf9e-4ef0-b471-15c475933b9a}
04-26 05:52:30.536 I/Gecko   (   83): 1398516750547	Marionette	INFO	sendToClient: {"from":"0","value":true}, {d2c7577d-cf9e-4ef0-b471-15c475933b9a}, {d2c7577d-cf9e-4ef0-b471-15c475933b9a}
04-26 05:52:30.546 I/Gecko   (   83): 1398516750553	Marionette	DEBUG	Got request: switchToFrame, data: {"to":"0","sessionId":"3-b2g","name":"switchToFrame","parameters":{"id":null,"focus":true}}, id: {ba8f0161-e6b0-4bd6-a5ca-c942abee97fb}
04-26 05:52:30.546 I/Gecko   (   83): 1398516750555	Marionette	INFO	Switched to frame: {"frameValue":null}
04-26 05:52:30.646 I/Gecko   (   83): 1398516750657	Marionette	INFO	sendToClient: {"from":"0","ok":true}, {ba8f0161-e6b0-4bd6-a5ca-c942abee97fb}, {ba8f0161-e6b0-4bd6-a5ca-c942abee97fb}
04-26 05:52:30.656 I/Gecko   (   83): 1398516750664	Marionette	DEBUG	Got request: executeWithCallback, data: {"to":"0","sessionId":"3-b2g","name":"executeAsyncScript","parameters":{"specialPowers":false,"scriptTimeout":60000,"newSandbox":true,"args":[],"filename":"app_checker.py","script":"\n        GaiaApps.locateWithManifestURL('https://marketplace.firefox.com/app/fc9917b3-5b43-4da2-b74a-ad8b946454ff/manifest.webapp',\n                                       null,\n                                       function uninstall(app) {\n                                       navigator.mozApps.mgmt.uninstall(app);\n                                       marionetteScriptFinished(true);\n                                       });\n        ","line":129}}, id: {cc963430-f145-499a-a505-f446429940be}
04-26 05:52:30.696 I/Gecko   (   83): -- webapps.js uninstall https://marketplace.firefox.com/app/fc9917b3-5b43-4da2-b74a-ad8b946454ff/manifest.webapp
04-26 05:52:30.886 I/Gecko   (   83): [Parent 83] WARNING: waitpid failed pid:2487 errno:10: file ../../../gecko/ipc/chromium/src/base/process_util_posix.cc, line 254
04-26 05:52:30.886 I/Gecko   (   83): [Parent 83] WARNING: Failed to deliver SIGKILL to 2487!(3).: file ../../../gecko/ipc/chromium/src/chrome/common/process_watcher_posix_sigchld.cc, line 118
04-26 05:52:31.156 I/Gecko   (   83): 1398516751162	Marionette	INFO	sendToClient: {"from":"0","value":true}, {cc963430-f145-499a-a505-f446429940be}, {cc963430-f145-499a-a505-f446429940be}