--------- beginning of /dev/log/system
04-26 07:49:32.280 I/Vold    (   78): Vold 2.1 (the revenge) firing up
04-26 07:49:32.360 D/Vold    (   78): Volume sdcard state changing -1 (Initializing) -> 0 (No-Media)
--------- beginning of /dev/log/main
04-26 07:49:34.160 E/AudioPolicyManagerBase(   88): checkAndSetVolume stream=10, index=1, output=1, device=2
04-26 07:49:34.160 E/AudioPolicyManagerBase(   88): computeVolume, streamDesc=0x96bcac
04-26 07:49:34.160 V/AudioPolicyManagerBase(   88): VOLUME vol index=[66 100 100], dB=[-10.2 0.0 0.0] ampl=1.00000
04-26 07:49:34.160 V/AudioPolicyManagerBase(   88): setStreamVolume() for output 1 stream 10, volume 1.000000, delay 0
04-26 07:49:34.160 V/AudioPolicyManagerBase(   88): getDeviceForStrategy() strategy 0, device 2
04-26 07:49:34.160 V/AudioPolicyManagerBase(   88): getDeviceForStrategy() strategy 1, device 1
04-26 07:49:34.160 V/AudioPolicyManagerBase(   88): getDeviceForStrategy() strategy 2, device 2
04-26 07:49:34.160 V/AudioPolicyManagerBase(   88): getDeviceForStrategy() strategy 0, device 2
04-26 07:49:34.160 V/AudioPolicyManagerBase(   88): getDeviceForStrategy() strategy 3, device 2
04-26 07:49:34.160 V/AudioPolicyManagerBase(   88): getDeviceForStrategy() strategy 4, device 2
04-26 07:49:34.160 V/AudioPolicyManagerBase(   88): getDeviceForStrategy() strategy 5, device 0
04-26 07:49:34.160 V/AudioPolicyManagerBase(   88): setSystemProperty() property ro.camera.sound.forced, value 0
04-26 07:49:34.160 V/AudioPolicyManagerBase(   88): ENFORCED_AUDIBLE can be muted
04-26 07:49:34.160 I/AudioPolicyService(   88): Loaded audio policy from LEGACY Audio Policy HAL (audio_policy)
04-26 07:49:34.180 E/eng_rf_nv_update(   95): [set_rf_nvconf]: waiting rf finish self calibration!
04-26 07:49:34.210 E/        (   94): read_rf_nvconf_cmd: send [39,1,AT+SNVM=0,415]
04-26 07:49:34.210 E/        (   94): nvcal_send_to_modem
04-26 07:49:34.210 E/        (   94): nvcal_recv_from_modem: Waiting modem response ... fd=7
04-26 07:49:34.210 E/        (   94): nvcal_recv_from_modem: Receive 1 Modem Response
04-26 07:49:34.210 E/        (   94): read_rf_nvconf_cmd:  timeout=7, response=[desterr]
04-26 07:49:34.210 I//system/bin/eng_rf_nv_config(   81): recv from modem timeout=7, cmdbuf=[desterr]
04-26 07:49:34.310 E/        (   94): read_rf_nvconf_cmd: send [39,1,AT+SNVM=0,415]
04-26 07:49:34.310 E/        (   94): nvcal_send_to_modem
04-26 07:49:34.310 E/        (   94): nvcal_recv_from_modem: Waiting modem response ... fd=7
04-26 07:49:34.310 E/        (   94): nvcal_recv_from_modem: Receive 1 Modem Response
04-26 07:49:34.310 E/        (   94): read_rf_nvconf_cmd:  timeout=7, response=[desterr]
04-26 07:49:34.310 I//system/bin/eng_rf_nv_config(   81): recv from modem timeout=7, cmdbuf=[desterr]
04-26 07:49:34.410 E/        (   94): read_rf_nvconf_cmd: send [39,1,AT+SNVM=0,415]
04-26 07:49:34.410 E/        (   94): nvcal_send_to_modem
04-26 07:49:34.410 E/        (   94): nvcal_recv_from_modem: Waiting modem response ... fd=7
04-26 07:49:34.410 E/        (   94): nvcal_recv_from_modem: Receive 1 Modem Response
04-26 07:49:34.410 E/        (   94): read_rf_nvconf_cmd:  timeout=7, response=[desterr]
04-26 07:49:34.410 I//system/bin/eng_rf_nv_config(   81): recv from modem timeout=7, cmdbuf=[desterr]
04-26 07:49:34.510 E/        (   94): read_rf_nvconf_cmd: send [39,1,AT+SNVM=0,415]
04-26 07:49:34.510 E/        (   94): nvcal_send_to_modem
04-26 07:49:34.510 E/        (   94): nvcal_recv_from_modem: Waiting modem response ... fd=7
04-26 07:49:34.510 E/        (   94): nvcal_recv_from_modem: Receive 1 Modem Response
04-26 07:49:34.510 E/        (   94): read_rf_nvconf_cmd:  timeout=7, response=[desterr]
04-26 07:49:34.510 I//system/bin/eng_rf_nv_config(   81): recv from modem timeout=7, cmdbuf=[desterr]
04-26 07:49:34.610 E/        (   94): read_rf_nvconf_cmd: send [39,1,AT+SNVM=0,415]
04-26 07:49:34.610 E/        (   94): nvcal_send_to_modem
04-26 07:49:34.610 E/        (   94): nvcal_recv_from_modem: Waiting modem response ... fd=7
04-26 07:49:34.620 E/        (   94): nvcal_recv_from_modem: Receive 1 Modem Response
04-26 07:49:34.620 E/        (   94): read_rf_nvconf_cmd:  timeout=7, response=[desterr]
04-26 07:49:34.620 I//system/bin/eng_rf_nv_config(   81): recv from modem timeout=7, cmdbuf=[desterr]
04-26 07:49:34.680 E/eng_rf_nv_update(   95): [set_rf_nvconf]: waiting rf finish self calibration!
04-26 07:49:34.720 E/        (   94): read_rf_nvconf_cmd: send [39,1,AT+SNVM=0,415]
04-26 07:49:34.720 E/        (   94): nvcal_send_to_modem
04-26 07:49:34.720 E/        (   94): nvcal_recv_from_modem: Waiting modem response ... fd=7
04-26 07:49:34.720 E/        (   94): nvcal_recv_from_modem: Receive 1 Modem Response
04-26 07:49:34.720 E/        (   94): read_rf_nvconf_cmd:  timeout=7, response=[desterr]
04-26 07:49:34.720 I//system/bin/eng_rf_nv_config(   81): recv from modem timeout=7, cmdbuf=[desterr]
04-26 07:49:34.820 E/        (   94): read_rf_nvconf_cmd: send [39,1,AT+SNVM=0,415]
04-26 07:49:34.820 E/        (   94): nvcal_send_to_modem
04-26 07:49:34.820 E/        (   94): nvcal_recv_from_modem: Waiting modem response ... fd=7
04-26 07:49:34.820 E/        (   94): nvcal_recv_from_modem: Receive 1 Modem Response
04-26 07:49:34.820 E/        (   94): read_rf_nvconf_cmd:  timeout=7, response=[desterr]
04-26 07:49:34.820 I//system/bin/eng_rf_nv_config(   81): recv from modem timeout=7, cmdbuf=[desterr]
04-26 07:49:34.920 E/        (   94): read_rf_nvconf_cmd: send [39,1,AT+SNVM=0,415]
04-26 07:49:34.920 E/        (   94): nvcal_send_to_modem
04-26 07:49:34.920 E/        (   94): nvcal_recv_from_modem: Waiting modem response ... fd=7
04-26 07:49:34.920 E/        (   94): nvcal_recv_from_modem: Receive 1 Modem Response
04-26 07:49:34.920 E/        (   94): read_rf_nvconf_cmd:  timeout=7, response=[desterr]
04-26 07:49:34.920 I//system/bin/eng_rf_nv_config(   81): recv from modem timeout=7, cmdbuf=[desterr]
04-26 07:49:35.020 E/        (   94): read_rf_nvconf_cmd: send [39,1,AT+SNVM=0,415]
04-26 07:49:35.020 E/        (   94): nvcal_send_to_modem
04-26 07:49:35.020 E/        (   94): nvcal_recv_from_modem: Waiting modem response ... fd=7
04-26 07:49:35.020 E/        (   94): nvcal_recv_from_modem: Receive 1 Modem Response
04-26 07:49:35.020 E/        (   94): read_rf_nvconf_cmd:  timeout=7, response=[desterr]
04-26 07:49:35.020 I//system/bin/eng_rf_nv_config(   81): recv from modem timeout=7, cmdbuf=[desterr]
04-26 07:49:35.120 E/        (   94): read_rf_nvconf_cmd: send [39,1,AT+SNVM=0,415]
04-26 07:49:35.120 E/        (   94): nvcal_send_to_modem
04-26 07:49:35.120 E/        (   94): nvcal_recv_from_modem: Waiting modem response ... fd=7
04-26 07:49:35.120 E/        (   94): nvcal_recv_from_modem: Receive 1 Modem Response
04-26 07:49:35.120 E/        (   94): read_rf_nvconf_cmd:  timeout=7, response=[desterr]
04-26 07:49:35.120 I//system/bin/eng_rf_nv_config(   81): recv from modem timeout=7, cmdbuf=[desterr]
04-26 07:49:35.180 E/eng_rf_nv_update(   95): [set_rf_nvconf]: waiting rf finish self calibration!
04-26 07:49:35.220 E/        (   94): read_rf_nvconf_cmd: send [39,1,AT+SNVM=0,415]
04-26 07:49:35.220 E/        (   94): nvcal_send_to_modem
04-26 07:49:35.220 E/        (   94): nvcal_recv_from_modem: Waiting modem response ... fd=7
04-26 07:49:35.220 E/        (   94): nvcal_recv_from_modem: Receive 1 Modem Response
04-26 07:49:35.220 E/        (   94): read_rf_nvconf_cmd:  timeout=7, response=[desterr]
04-26 07:49:35.220 I//system/bin/eng_rf_nv_config(   81): recv from modem timeout=7, cmdbuf=[desterr]
04-26 07:49:35.320 E/        (   94): read_rf_nvconf_cmd: send [39,1,AT+SNVM=0,415]
04-26 07:49:35.320 E/        (   94): nvcal_send_to_modem
04-26 07:49:35.320 E/        (   94): nvcal_recv_from_modem: Waiting modem response ... fd=7
04-26 07:49:35.320 E/        (   94): nvcal_recv_from_modem: Receive 1 Modem Response
04-26 07:49:35.320 E/        (   94): read_rf_nvconf_cmd:  timeout=7, response=[desterr]
04-26 07:49:35.320 I//system/bin/eng_rf_nv_config(   81): recv from modem timeout=7, cmdbuf=[desterr]
04-26 07:49:35.420 E/        (   94): read_rf_nvconf_cmd: send [39,1,AT+SNVM=0,415]
04-26 07:49:35.420 E/        (   94): nvcal_send_to_modem
04-26 07:49:35.420 E/        (   94): nvcal_recv_from_modem: Waiting modem response ... fd=7
04-26 07:49:35.420 E/        (   94): nvcal_recv_from_modem: Receive 1 Modem Response
04-26 07:49:35.420 E/        (   94): read_rf_nvconf_cmd:  timeout=7, response=[desterr]
04-26 07:49:35.420 I//system/bin/eng_rf_nv_config(   81): recv from modem timeout=7, cmdbuf=[desterr]
04-26 07:49:35.520 E/        (   94): read_rf_nvconf_cmd: send [39,1,AT+SNVM=0,415]
04-26 07:49:35.520 E/        (   94): nvcal_send_to_modem
04-26 07:49:35.520 E/        (   94): nvcal_recv_from_modem: Waiting modem response ... fd=7
04-26 07:49:35.520 E/        (   94): nvcal_recv_from_modem: Receive 1 Modem Response
04-26 07:49:35.520 E/        (   94): read_rf_nvconf_cmd:  timeout=7, response=[desterr]
04-26 07:49:35.520 I//system/bin/eng_rf_nv_config(   81): recv from modem timeout=7, cmdbuf=[desterr]
04-26 07:49:35.620 E/        (   94): read_rf_nvconf_cmd: send [39,1,AT+SNVM=0,415]
04-26 07:49:35.620 E/        (   94): nvcal_send_to_modem
04-26 07:49:35.620 E/        (   94): nvcal_recv_from_modem: Waiting modem response ... fd=7
04-26 07:49:35.620 E/        (   94): nvcal_recv_from_modem: Receive 1 Modem Response
04-26 07:49:35.620 E/        (   94): read_rf_nvconf_cmd:  timeout=7, response=[desterr]
04-26 07:49:35.620 I//system/bin/eng_rf_nv_config(   81): recv from modem timeout=7, cmdbuf=[desterr]
04-26 07:49:35.680 E/eng_rf_nv_update(   95): [set_rf_nvconf]: waiting rf finish self calibration!
04-26 07:49:35.720 E/        (   94): read_rf_nvconf_cmd: send [39,1,AT+SNVM=0,415]
04-26 07:49:35.720 E/        (   94): nvcal_send_to_modem
04-26 07:49:35.720 E/        (   94): nvcal_recv_from_modem: Waiting modem response ... fd=7
04-26 07:49:35.720 E/        (   94): nvcal_recv_from_modem: Receive 1 Modem Response
04-26 07:49:35.720 E/        (   94): read_rf_nvconf_cmd:  timeout=7, response=[desterr]
04-26 07:49:35.720 I//system/bin/eng_rf_nv_config(   81): recv from modem timeout=7, cmdbuf=[desterr]
04-26 07:49:35.820 E/        (   94): read_rf_nvconf_cmd: send [39,1,AT+SNVM=0,415]
04-26 07:49:35.820 E/        (   94): nvcal_send_to_modem
04-26 07:49:35.820 E/        (   94): nvcal_recv_from_modem: Waiting modem response ... fd=7
04-26 07:49:35.820 E/        (   94): nvcal_recv_from_modem: Receive 1 Modem Response
04-26 07:49:35.820 E/        (   94): read_rf_nvconf_cmd:  timeout=7, response=[desterr]
04-26 07:49:35.820 I//system/bin/eng_rf_nv_config(   81): recv from modem timeout=7, cmdbuf=[desterr]
04-26 07:49:35.920 E/        (   94): read_rf_nvconf_cmd: send [39,1,AT+SNVM=0,415]
04-26 07:49:35.920 E/        (   94): nvcal_send_to_modem
04-26 07:49:35.920 E/        (   94): nvcal_recv_from_modem: Waiting modem response ... fd=7
04-26 07:49:35.930 E/        (   94): nvcal_recv_from_modem: Receive 1 Modem Response
04-26 07:49:35.930 E/        (   94): read_rf_nvconf_cmd:  timeout=7, response=[desterr]
04-26 07:49:35.930 I//system/bin/eng_rf_nv_config(   81): recv from modem timeout=7, cmdbuf=[desterr]
04-26 07:49:36.020 D/SPRDENG (  170): eng_mcinit: open /dev/CHNPTY13 OK
04-26 07:49:36.020 D/SPRDENG (  170): eng_mcinit: open /dev/CHNPTY14 OK
04-26 07:49:36.030 E/        (   94): read_rf_nvconf_cmd: send [39,1,AT+SNVM=0,415]
04-26 07:49:36.030 E/        (   94): nvcal_send_to_modem
04-26 07:49:36.030 E/        (   94): nvcal_recv_from_modem: Waiting modem response ... fd=7
04-26 07:49:36.180 E/eng_rf_nv_update(   95): [set_rf_nvconf]: waiting rf finish self calibration!
04-26 07:49:36.390 I/power   (   83): *** set_screen_state 1
04-26 07:49:36.400 I/[Gralloc](   83): using (fd=13)
04-26 07:49:36.400 I/[Gralloc](   83): id           = sc8810fb
04-26 07:49:36.400 I/[Gralloc](   83): xres         = 320 px
04-26 07:49:36.400 I/[Gralloc](   83): yres         = 480 px
04-26 07:49:36.400 I/[Gralloc](   83): xres_virtual = 320 px
04-26 07:49:36.400 I/[Gralloc](   83): yres_virtual = 960 px
04-26 07:49:36.400 I/[Gralloc](   83): bpp          = 16
04-26 07:49:36.400 I/[Gralloc](   83): r            = 11:5
04-26 07:49:36.400 I/[Gralloc](   83): g            =  5:6
04-26 07:49:36.400 I/[Gralloc](   83): b            =  0:5
04-26 07:49:36.400 I/[Gralloc](   83): width        = 45 mm (180.622223 dpi)
04-26 07:49:36.400 I/[Gralloc](   83): height       = 75 mm (162.559998 dpi)
04-26 07:49:36.400 I/[Gralloc](   83): refresh rate = 60.28 Hz
04-26 07:49:36.400 W/        (   83): hwcomposer module not found
04-26 07:49:36.400 E/Profiler(   83): BEGIN mozilla_sampler_init
04-26 07:49:36.400 E/Profiler(   83): BPUnw: [1 total] thread_register_for_profiling(me=0x40144488, stacktop=0xbeefa9cf)
04-26 07:49:36.400 E/Profiler(   83): SPS:
04-26 07:49:36.400 E/Profiler(   83): SPS: Unwind mode       = pseudo
04-26 07:49:36.400 E/Profiler(   83): SPS: Sampling interval = 0 ms (zero means "platform default")
04-26 07:49:36.400 E/Profiler(   83): SPS: Entry store size  = 0 (zero means "platform default")
04-26 07:49:36.400 E/Profiler(   83): SPS: UnwindStackScan   = 0 (max dubious frames per unwind).
04-26 07:49:36.400 E/Profiler(   83): SPS: Use env var MOZ_PROFILER_MODE=help for further information.
04-26 07:49:36.400 E/Profiler(   83): SPS:
04-26 07:49:36.400 E/Profiler(   83): Registering start signal
04-26 07:49:36.680 E/eng_rf_nv_update(   95): [set_rf_nvconf]: waiting rf finish self calibration!
04-26 07:49:36.860 E/GeckoConsole(   83): Could not read chrome manifest 'file:///system/b2g/chrome.manifest'.
04-26 07:49:37.080 I/Gonk    (   83): Setting nice for pid 83 to 0
04-26 07:49:37.080 I/Gonk    (   83): Changed nice for pid 83 from 0 to 0.
04-26 07:49:37.180 E/eng_rf_nv_update(   95): [set_rf_nvconf]: waiting rf finish self calibration!
04-26 07:49:37.570 I/AutoMounter(   83): Unable to open volume configuration file '/system/etc/volume.cfg' - ignoring
04-26 07:49:37.570 I/VolumeManager(   83): changing state from 'Uninitialized' to 'Starting'
04-26 07:49:37.570 I/VolumeManager(   83): Connected to vold
04-26 07:49:37.570 I/VolumeManager(   83): Volume sdcard: changing state from Init to NoMedia (1 observers)
04-26 07:49:37.570 I/VolumeManager(   83): changing state from 'Starting' to 'Volumes Ready'
04-26 07:49:37.570 D/VoldCmdListener(   78): volume list
04-26 07:49:37.580 I/AutoMounter(   83): UpdateState: umsAvail:1 umsEnabled:1 mode:0 usbCablePluggedIn:1 tryToShare:0
04-26 07:49:37.580 I/AutoMounter(   83): UpdateState: Volume sdcard is NoMedia and missing
04-26 07:49:37.590 I/Gonk    (   83): Connected to netd
04-26 07:49:37.590 V/AudioPolicyManagerBase(   88): initStreamVolume() stream 0, min 0, max 5
04-26 07:49:37.590 V/AudioPolicyManagerBase(   88): initStreamVolume() stream 1, min 0, max 15
04-26 07:49:37.590 V/AudioPolicyManagerBase(   88): initStreamVolume() stream 2, min 0, max 15
04-26 07:49:37.590 V/AudioPolicyManagerBase(   88): initStreamVolume() stream 3, min 0, max 15
04-26 07:49:37.590 V/AudioPolicyManagerBase(   88): initStreamVolume() stream 4, min 0, max 15
04-26 07:49:37.590 V/AudioPolicyManagerBase(   88): initStreamVolume() stream 5, min 0, max 15
04-26 07:49:37.590 V/AudioPolicyManagerBase(   88): initStreamVolume() stream 6, min 0, max 15
04-26 07:49:37.590 V/AudioPolicyManagerBase(   88): initStreamVolume() stream 7, min 0, max 15
04-26 07:49:37.600 V/AudioPolicyManagerBase(   88): initStreamVolume() stream 8, min 0, max 15
04-26 07:49:37.600 V/AudioPolicyManagerBase(   88): initStreamVolume() stream 9, min 0, max 15
04-26 07:49:37.600 V/AudioPolicyManagerBase(   88): initStreamVolume() stream 10, min 0, max 15
04-26 07:49:37.600 V/AudioPolicyManagerBase(   88): setStreamVolumeIndex() stream 7, index 15
04-26 07:49:37.600 E/AudioPolicyManagerBase(   88): checkAndSetVolume stream=7, index=15, output=1, device=2
04-26 07:49:37.600 E/AudioPolicyManagerBase(   88): computeVolume, streamDesc=0x96bc58
04-26 07:49:37.600 V/AudioPolicyManagerBase(   88): VOLUME vol index=[66 100 100], dB=[-10.2 0.0 0.0] ampl=1.00000
04-26 07:49:37.600 W/AudioFlinger(   88): Thread AudioOut_1 cannot connect to the power manager service
04-26 07:49:37.600 W/audio_hw_primary(   88): adev_set_master_volume in...devices:0x2 ,volume:1.000000 
04-26 07:49:37.600 W/audio_hw_primary(   88): GetAudio_pga_nv, dac_pga_gain_l:0xc3 adc_pga_gain_l:0xc fm_pga_gain_l:0xff fm_pga_gain_r:0xff device:0x2 vol_level:0x1 
04-26 07:49:37.600 D/audio_pga(   88): 'speaker-l' apply
04-26 07:49:37.600 I/audio_pga(   88): 'Master Playback Volume' set to 12
04-26 07:49:37.600 I/audio_pga(   88): 'Inter PA Playback Volume' set to 12
04-26 07:49:37.600 I/audio_pga(   88): 'VBC DACL DG Set' set to 0
04-26 07:49:37.600 I/audio_pga(   88): 'VBC DACL DG Switch' set to 0
04-26 07:49:37.600 D/audio_pga(   88): 'speaker-r' apply
04-26 07:49:37.600 I/audio_pga(   88): 'Master Playback Volume' set to 12
04-26 07:49:37.600 I/audio_pga(   88): 'Inter PA Playback Volume' set to 12
04-26 07:49:37.600 I/audio_pga(   88): 'VBC DACR DG Set' set to 0
04-26 07:49:37.600 I/audio_pga(   88): 'VBC DACR DG Switch' set to 0
04-26 07:49:37.600 W/audio_hw_primary(   88): SetAudio_gain_by_devices out, devices:0x2 
04-26 07:49:37.680 E/eng_rf_nv_update(   95): [set_rf_nvconf]: waiting rf finish self calibration!
04-26 07:49:37.820 I/Gecko   (   83): 1398523777826	Marionette	INFO	marionette enabled via build flag and pref
04-26 07:49:37.990 E/GeckoConsole(   83): While creating services from category 'profile-after-change', could not create service for entry 'Nfc', contract ID '@mozilla.org/nfc;1'
04-26 07:49:38.010 E/GeckoConsole(   83): While creating services from category 'profile-after-change', could not create service for entry 'NfcContentHelper', contract ID '@mozilla.org/nfc/content-helper;1'
04-26 07:49:38.010 E/GeckoConsole(   83): While creating services from category 'profile-after-change', service for entry 'Pico Speech Synth', contract ID '@mozilla.org/synthpico;1' does not implement nsIObserver.
04-26 07:49:38.180 I/Gecko   (   83): -*- RadioInterfaceLayer: 2 interfaces
04-26 07:49:38.180 E/eng_rf_nv_update(   95): [set_rf_nvconf]: waiting rf finish self calibration!
04-26 07:49:38.390 I/Gecko   (   83): 1398523778396	Marionette	INFO	marionette-server.js loaded
04-26 07:49:38.450 I/Gecko   (   83): 1398523778462	Marionette	INFO	B2G emulator: no
04-26 07:49:38.450 I/Gecko   (   83): 1398523778463	Marionette	INFO	Device detected is sp6821a_gonk
04-26 07:49:38.460 I/Gecko   (   83): 1398523778465	Marionette	INFO	Listening on port 2828
04-26 07:49:38.460 I/Gecko   (   83): 
04-26 07:49:38.460 I/Gecko   (   83): 1398523778466	Marionette	INFO	Marionette server ready
04-26 07:49:38.550 D/EventHub(   83): No input device configuration file found for device 'light sensor'.
04-26 07:49:38.610 D/Sensors (   83): activate handle=0; drv=0
04-26 07:49:38.610 D/Sensors (   83): Lis3dhSensor: mEnabled = 0
04-26 07:49:38.610 D/EventHub(   83): No input device configuration file found for device 'headset-keyboard'.
04-26 07:49:38.610 D/Sensors (   83): activate handle=3; drv=1
04-26 07:49:38.610 D/Sensors (   83): SensorTMD2771::setEnable=0= en=0; newState=0; what=0; mEnabled=0
04-26 07:49:38.630 D/Sensors (   83): taos ---Light::TAOS_IOCTL_ALS_OFF=== err=0
04-26 07:49:38.630 D/Sensors (   83): SensorTMD2771::setEnable=1= en=0; newState=0; what=0; mEnabled=0
04-26 07:49:38.630 D/Sensors (   83): activate handle=4; drv=1
04-26 07:49:38.630 D/Sensors (   83): SensorTMD2771::setEnable=0= en=0; newState=0; what=1; mEnabled=0
04-26 07:49:38.630 D/Sensors (   83): taos ---Proximity::TAOS_IOCTL_PROX_OFF=== err=0
04-26 07:49:38.630 D/Sensors (   83): SensorTMD2771::setEnable=1= en=0; newState=0; what=1; mEnabled=0
04-26 07:49:38.630 W/EventHub(   83): Unable to disable kernel key repeat for /dev/input/event4: Function not implemented
04-26 07:49:38.630 I/EventHub(   83): New device: id=2, fd=50, path='/dev/input/event4', name='headset-keyboard', classes=0x1, configuration='', keyLayout='/system/usr/keylayout/Generic.kl', keyCharacterMap='/system/usr/keychars/Generic.kcm', builtinKeyboard=false, usingSuspendBlockIoctl=false, usingClockIoctl=false
04-26 07:49:38.630 D/EventHub(   83): No input device configuration file found for device 'accelerometer'.
04-26 07:49:38.630 D/Sensors (   83): activate handle=0; drv=0
04-26 07:49:38.630 D/Sensors (   83): Lis3dhSensor: Control set 1
04-26 07:49:38.630 D/Sensors (   83): Lis3dhSensor: mEnabled = 1
04-26 07:49:38.640 D/BTWIFIMAC(   93): read_btwifimac_from_modem
04-26 07:49:38.640 D/BTWIFIMAC(   93): read_btwifimac_from_modem modem_fd=7
04-26 07:49:38.640 D/BTWIFIMAC(   93): ===========BT MAC===========
04-26 07:49:38.640 D/BTWIFIMAC(   93): read_btwifimac_from_modem: send 39,1,AT+SNVM=0,401
04-26 07:49:38.640 D/BTWIFIMAC(   93): send_to_modem
04-26 07:49:38.640 D/BTWIFIMAC(   93): recv_from_modem: Waiting modem response ... fd=7
04-26 07:49:38.640 D/SPRDENG (  170): eng_servermodem_comm: use SIM1 /dev/CHNPTY13
04-26 07:49:38.640 D/SPRDENG (  170): AT > AT+SNVM=0,401
04-26 07:49:38.640 D/SPRDENG (  170): 41
04-26 07:49:38.640 D/SPRDENG (  170): 54
04-26 07:49:38.640 D/SPRDENG (  170): 2b
04-26 07:49:38.640 D/SPRDENG (  170): 53
04-26 07:49:38.640 D/SPRDENG (  170): 4e
04-26 07:49:38.640 D/SPRDENG (  170): 56
04-26 07:49:38.640 D/SPRDENG (  170): 4d
04-26 07:49:38.640 D/SPRDENG (  170): 3d
04-26 07:49:38.640 D/SPRDENG (  170): 30
04-26 07:49:38.640 D/SPRDENG (  170): 2c
04-26 07:49:38.640 D/SPRDENG (  170): 34
04-26 07:49:38.640 D/SPRDENG (  170): 30
04-26 07:49:38.640 D/SPRDENG (  170): 31
04-26 07:49:38.640 D/SPRDENG (  170): eng_modem2server: use SIM1 /dev/CHNPTY13
04-26 07:49:38.640 D/SPRDENG (  170): AT < 
04-26 07:49:38.640 D/SPRDENG (  170): +SNVM: 8,FFFFFFFFFFFF2500
04-26 07:49:38.640 D/SPRDENG (  170): 
04-26 07:49:38.640 D/SPRDENG (  170): OK
04-26 07:49:38.640 D/SPRDENG (  170): 
04-26 07:49:38.640 D/BTWIFIMAC(   93): recv_from_modem: Receive 1 Modem Response
04-26 07:49:38.640 D/BTWIFIMAC(   93): read_btwifimac_from_modem: BT timeout=35, response=
04-26 07:49:38.640 D/BTWIFIMAC(   93): +SNVM: 8,FFFFFFFFFFFF2500
04-26 07:49:38.640 D/BTWIFIMAC(   93): 
04-26 07:49:38.640 D/BTWIFIMAC(   93): OK
04-26 07:49:38.640 D/BTWIFIMAC(   93): 
04-26 07:49:38.650 D/EventHub(   83): No input device configuration file found for device 'sprd-keypad'.
04-26 07:49:38.650 W/EventHub(   83): Unable to disable kernel key repeat for /dev/input/event0: Function not implemented
04-26 07:49:38.650 I/EventHub(   83): New device: id=4, fd=55, path='/dev/input/event0', name='sprd-keypad', classes=0x1, configuration='', keyLayout='/system/usr/keylayout/sprd-keypad.kl', keyCharacterMap='/system/usr/keychars/Generic.kcm', builtinKeyboard=true, usingSuspendBlockIoctl=false, usingClockIoctl=false
04-26 07:49:38.650 D/EventHub(   83): No input device configuration file found for device 'rohm_proximity'.
04-26 07:49:38.680 E/eng_rf_nv_update(   95): [set_rf_nvconf]: waiting rf finish self calibration!
04-26 07:49:38.690 E/filemap (   83): mmap(0,4096) failed: No such device
04-26 07:49:38.700 W/EventHub(   83): Unable to disable kernel key repeat for /dev/input/event1: Function not implemented
04-26 07:49:38.700 I/EventHub(   83): New device: id=6, fd=56, path='/dev/input/event1', name='ms-msg21xx', classes=0x15, configuration='/system/usr/idc/ms-msg21xx.idc', keyLayout='/system/usr/keylayout/Generic.kl', keyCharacterMap='/system/usr/keychars/Generic.kcm', builtinKeyboard=false, usingSuspendBlockIoctl=false, usingClockIoctl=false
04-26 07:49:38.710 I/InputReader(   83): Device added: id=-1, name='Virtual', sources=0x00000301
04-26 07:49:38.710 I/InputReader(   83): Device reconfigured: id=6, name='ms-msg21xx', size 320x480, orientation 0, mode 1, display id 0
04-26 07:49:38.710 I/InputReader(   83): Device added: id=6, name='ms-msg21xx', sources=0x00001103
04-26 07:49:38.710 I/InputReader(   83): Device added: id=0, name='sprd-keypad', sources=0x00000101
04-26 07:49:38.710 I/InputReader(   83): Device added: id=2, name='headset-keyboard', sources=0x00000101
04-26 07:49:38.740 D/BTWIFIMAC(   93): get_macaddress: mac address is FF:FF:FF:FF:FF:FF
04-26 07:49:38.740 D/BTWIFIMAC(   93): ===========WIFI MAC===========
04-26 07:49:38.740 D/BTWIFIMAC(   93): read_btwifimac_from_modem: send 39,1,AT+SNVM=0,409
04-26 07:49:38.740 D/BTWIFIMAC(   93): send_to_modem
04-26 07:49:38.740 D/BTWIFIMAC(   93): recv_from_modem: Waiting modem response ... fd=7
04-26 07:49:38.740 D/SPRDENG (  170): eng_servermodem_comm: use SIM1 /dev/CHNPTY13
04-26 07:49:38.740 D/SPRDENG (  170): AT > AT+SNVM=0,409
04-26 07:49:38.740 D/SPRDENG (  170): 41
04-26 07:49:38.740 D/SPRDENG (  170): 54
04-26 07:49:38.740 D/SPRDENG (  170): 2b
04-26 07:49:38.740 D/SPRDENG (  170): 53
04-26 07:49:38.740 D/SPRDENG (  170): 4e
04-26 07:49:38.740 D/SPRDENG (  170): 56
04-26 07:49:38.740 D/SPRDENG (  170): 4d
04-26 07:49:38.740 D/SPRDENG (  170): 3d
04-26 07:49:38.740 D/SPRDENG (  170): 30
04-26 07:49:38.740 D/SPRDENG (  170): 2c
04-26 07:49:38.740 D/SPRDENG (  170): 34
04-26 07:49:38.740 D/SPRDENG (  170): 30
04-26 07:49:38.740 D/SPRDENG (  170): 39
04-26 07:49:38.740 D/SPRDENG (  170): eng_modem2server: use SIM1 /dev/CHNPTY13
04-26 07:49:38.740 D/SPRDENG (  170): AT < 
04-26 07:49:38.740 D/SPRDENG (  170): +SNVM: 20,FFFFFFFFFFFF0000000000000000000000000000
04-26 07:49:38.740 D/SPRDENG (  170): 
04-26 07:49:38.740 D/SPRDENG (  170): OK
04-26 07:49:38.740 D/SPRDENG (  170): 
04-26 07:49:38.740 D/BTWIFIMAC(   93): recv_from_modem: Receive 1 Modem Response
04-26 07:49:38.740 D/BTWIFIMAC(   93): read_btwifimac_from_modem: WIFI timeout=60, response=
04-26 07:49:38.740 D/BTWIFIMAC(   93): +SNVM: 20,FFFFFFFFFFFF0000000000000000000000000000
04-26 07:49:38.740 D/BTWIFIMAC(   93): 
04-26 07:49:38.740 D/BTWIFIMAC(   93): OK
04-26 07:49:38.740 D/BTWIFIMAC(   93): 
04-26 07:49:38.740 D/BTWIFIMAC(   93): get_macaddress: mac address is FF:FF:FF:FF:FF:FF
04-26 07:49:38.740 D/BTWIFIMAC(   93): bt_ok:0 wifi_ok:0 
04-26 07:49:38.740 D/BTWIFIMAC(   93): +mac_rand+
04-26 07:49:38.740 D/BTWIFIMAC(   93): mac_rand: /data/rand_mac.txt exists
04-26 07:49:38.740 D/BTWIFIMAC(   93): mac_rand: read /data/rand_mac.txt 00:7a:7a:b0:1e:04;00:3f:8e:cc:98:8e
04-26 07:49:38.740 D/BTWIFIMAC(   93): mac_rand: read btmac=00:7a:7a:b0:1e:04, wifimac=00:3f:8e:cc:98:8e
04-26 07:49:38.740 D/BTWIFIMAC(   93): property ro.mac.wifi=00:3f:8e:cc:98:8e, ro.mac.bluetooth=00:7a:7a:b0:1e:04
04-26 07:49:38.750 D/BTWIFIMAC(   93): write_mac2file: mac=00:3f:8e:cc:98:8e, fd[/data/wifimac.txt]=9
04-26 07:49:38.750 D/BTWIFIMAC(   93): write_mac2file: mac=00:7a:7a:b0:1e:04, fd[/data/btmac.txt]=9
04-26 07:49:38.750 D/BTWIFIMAC(   93): begin to run  trout_genpskey
04-26 07:49:38.760 D/BTWIFIMAC(   93): run trout_genpskey, ret=0
04-26 07:49:38.770 D/pskey_bt(  327): set BT mac
04-26 07:49:38.780 D/pskey_bt(  327): main, bt_mac from nv:
04-26 07:49:38.780 D/pskey_bt(  327): get_pskey_from_file
04-26 07:49:38.790 D/pskey_bt(  327): open bt pskey structure file fd=7
04-26 07:49:38.790 D/pskey_bt(  327): buf from pskey file:2048
04-26 07:49:38.790 D/pskey_bt(  327): parser_pskey_info
04-26 07:49:38.790 D/pskey_bt(  327): char:0, 0
04-26 07:49:38.790 D/pskey_bt(  327): get_one_item(data) = 0x0
04-26 07:49:38.790 D/pskey_bt(  327): get_next_u8: here:0
04-26 07:49:38.790 D/pskey_bt(  327): char:1, 1
04-26 07:49:38.790 D/pskey_bt(  327): get_one_item(data) = 0x1
04-26 07:49:38.790 D/pskey_bt(  327): get_next_u8: here:1
04-26 07:49:38.790 D/pskey_bt(  327): char:1, 1
04-26 07:49:38.790 D/pskey_bt(  327): get_one_item(data) = 0x1
04-26 07:49:38.790 D/pskey_bt(  327): get_next_u8: here:1
04-26 07:49:38.790 D/pskey_bt(  327): char:1, 1
04-26 07:49:38.790 D/pskey_bt(  327): get_one_item(data) = 0x1
04-26 07:49:38.790 D/pskey_bt(  327): get_next_u8: here:1
04-26 07:49:38.790 D/pskey_bt(  327): char:0, 0
04-26 07:49:38.790 D/pskey_bt(  327): char:1, 1
04-26 07:49:38.790 D/pskey_bt(  327): char:8, 8
04-26 07:49:38.790 D/pskey_bt(  327): char:C, C
04-26 07:49:38.790 D/pskey_bt(  327): char:B, B
04-26 07:49:38.790 D/pskey_bt(  327): char:A, A
04-26 07:49:38.790 D/pskey_bt(  327): char:8, 8
04-26 07:49:38.790 D/pskey_bt(  327): char:0, 0
04-26 07:49:38.790 D/pskey_bt(  327): get_one_item(data) = 0x18cba80
04-26 07:49:38.790 D/pskey_bt(  327): get_next_u32: here:18cba80
04-26 07:49:38.790 D/pskey_bt(  327): char:1, 1
04-26 07:49:38.790 D/pskey_bt(  327): char:f, f
04-26 07:49:38.790 D/pskey_bt(  327): char:0, 0
04-26 07:49:38.790 D/pskey_bt(  327): char:0, 0
04-26 07:49:38.790 D/pskey_bt(  327): get_one_item(data) = 0x1f00
04-26 07:49:38.790 D/pskey_bt(  327): get_next_u32: here:1f00
04-26 07:49:38.790 D/pskey_bt(  327): char:1, 1
04-26 07:49:38.790 D/pskey_bt(  327): char:E, E
04-26 07:49:38.790 D/pskey_bt(  327): get_one_item(data) = 0x1e
04-26 07:49:38.790 D/pskey_bt(  327): get_next_u32: here:1e
04-26 07:49:38.790 D/pskey_bt(  327): char:7, 7
04-26 07:49:38.790 D/pskey_bt(  327): char:B, B
04-26 07:49:38.790 D/pskey_bt(  327): char:0, 0
04-26 07:49:38.790 D/pskey_bt(  327): char:0, 0
04-26 07:49:38.790 D/pskey_bt(  327): char:7, 7
04-26 07:49:38.790 D/pskey_bt(  327): char:C, C
04-26 07:49:38.790 D/pskey_bt(  327): get_one_item(data) = 0x7b007c
04-26 07:49:38.790 D/pskey_bt(  327): get_next_u32: here:7b007c
04-26 07:49:38.790 D/pskey_bt(  327): char:3, 3
04-26 07:49:38.790 D/pskey_bt(  327): char:7, 7
04-26 07:49:38.790 D/pskey_bt(  327): char:0, 0
04-26 07:49:38.790 D/pskey_bt(  327): char:0, 0
04-26 07:49:38.790 D/pskey_bt(  327): char:7, 7
04-26 07:49:38.790 D/pskey_bt(  327): char:A, A
04-26 07:49:38.790 D/pskey_bt(  327): get_one_item(data) = 0x37007a
04-26 07:49:38.790 D/pskey_bt(  327): get_next_u32: here:37007a
04-26 07:49:38.790 D/pskey_bt(  327): char:3, 3
04-26 07:49:38.790 D/pskey_bt(  327): char:5, 5
04-26 07:49:38.790 D/pskey_bt(  327): char:0, 0
04-26 07:49:38.790 D/pskey_bt(  327): char:0, 0
04-26 07:49:38.790 D/pskey_bt(  327): char:3, 3
04-26 07:49:38.790 D/pskey_bt(  327): char:6, 6
04-26 07:49:38.790 D/pskey_bt(  327): get_one_item(data) = 0x350036
04-26 07:49:38.790 D/pskey_bt(  327): get_next_u32: here:350036
04-26 07:49:38.790 D/pskey_bt(  327): char:2, 2
04-26 07:49:38.790 D/pskey_bt(  327): char:9, 9
04-26 07:49:38.790 D/pskey_bt(  327): char:0, 0
04-26 07:49:38.790 D/pskey_bt(  327): char:0, 0
04-26 07:49:38.790 D/pskey_bt(  327): char:3, 3
04-26 07:49:38.790 D/pskey_bt(  327): char:4, 4
04-26 07:49:38.790 D/pskey_bt(  327): get_one_item(data) = 0x290034
04-26 07:49:38.790 D/pskey_bt(  327): get_next_u32: here:290034
04-26 07:49:38.790 D/pskey_bt(  327): char:0, 0
04-26 07:49:38.790 D/pskey_bt(  327): char:A, A
04-26 07:49:38.790 D/pskey_bt(  327): char:0, 0
04-26 07:49:38.790 D/pskey_bt(  327): char:0, 0
04-26 07:49:38.790 D/pskey_bt(  327): char:2, 2
04-26 07:49:38.790 D/pskey_bt(  327): char:8, 8
04-26 07:49:38.790 D/pskey_bt(  327): get_one_item(data) = 0xa0028
04-26 07:49:38.790 D/pskey_bt(  327): get_next_u32: here:a0028
04-26 07:49:38.790 D/pskey_bt(  327): char:0, 0
04-26 07:49:38.790 D/pskey_bt(  327): char:0, 0
04-26 07:49:38.790 D/pskey_bt(  327): char:0, 0
04-26 07:49:38.790 D/pskey_bt(  327): char:6, 6
04-26 07:49:38.790 D/pskey_bt(  327): char:0, 0
04-26 07:49:38.790 D/pskey_bt(  327): char:0, 0
04-26 07:49:38.790 D/pskey_bt(  327): char:0, 0
04-26 07:49:38.790 D/pskey_bt(  327): char:9, 9
04-26 07:49:38.790 D/pskey_bt(  327): get_one_item(data) = 0x60009
04-26 07:49:38.790 D/pskey_bt(  327): get_next_u32: here:60009
04-26 07:49:38.790 D/pskey_bt(  327): end of buff, str=},
04-26 07:49:38.790 D/pskey_bt(  327): {0x0B,0x0A,0x09, 0x08, 0x07},
04-26 07:49:38.790 D/pskey_bt(  327): {0xFF, 0xFF, 0x8D, 0xFE, 0x9B, 0x3F, 0x79, 0x83,
04-26 07:49:38.790 D/pskey_bt(  327):   0xFF, 0xA7, 0xFF, 0x7F, 0x00, 0xE0, 0xF7, 0x3E},
04-26 07:49:38.790 D/pskey_bt(  327): {0xFF, 0xFF, 0xFF, 0xFF, 0xFF, 0xFF},
04-26 07:49:38.790 D/pskey_bt(  327): 0,
04-26 07:49:38.790 D/pskey_bt(  327): 1,
04-26 07:49:38.790 D/pskey_bt(  327): 5,
04-26 07:49:38.790 D/pskey_bt(  327): 0xE,
04-26 07:49:38.790 D/pskey_bt(  327): 1,
04-26 07:49:38.790 D/pskey_bt(  327): 1,
04-26 07:49:38.790 D/pskey_bt(  327): 0x50000000,
04-26 07:49:38.790 D/pskey_bt(  327): 0x50000150,
04-26 07:49:38.790 D/pskey_bt(  327): 0x50000150,
04-26 07:49:38.790 D/pskey_bt(  327): 0x50000154,
04-26 07:49:38.790 D/pskey_bt(  327): 0xFFFFFFFF,
04-26 07:49:38.790 D/pskey_bt(  327): 0x100,
04-26 07:49:38.790 D/pskey_bt(  327): 0xA0,
04-26 07:49:38.790 D/pskey_bt(  327): 0xDC,
04-26 07:49:38.790 D/pskey_bt(  327): 0x20,
04-26 07:49:38.790 D/pskey_bt(  327): 0x55,
04-26 07:49:38.790 D/pskey_bt(  327): 0x64,
04-26 07:49:38.790 D/pskey_bt(  327): 0,
04-26 07:49:38.790 D/pskey_bt(  327): 0x8,
04-26 07:49:38.790 D/pskey_bt(  327): 0x13C,
04-26 07:49:38.790 D/pskey_bt(  327): 0x2,
04-26 07:49:38.790 D/pskey_bt(  327): 0xD704,
04-26 07:49:38.790 D/pskey_bt(  327): 0x88888888,
04-26 07:49:38.790 D/pskey_bt(  327): 0x6,
04-26 07:49:38.790 D/pskey_bt(  327): 0x0,
04-26 07:49:38.790 D/pskey_bt(  327): {0x0001,0x0000,0x0000,0x0000,0x0000,0x0000,0x0000,0x0000,0x0000
04-26 07:49:38.790 D/pskey_bt(  327): char:0, 0
04-26 07:49:38.790 D/pskey_bt(  327): char:B, B
04-26 07:49:38.790 D/pskey_bt(  327): get_one_item(data) = 0xb
04-26 07:49:38.790 D/pskey_bt(  327): get_next_u32: here:b
04-26 07:49:38.790 D/pskey_bt(  327): char:0, 0
04-26 07:49:38.790 D/pskey_bt(  327): char:A, A
04-26 07:49:38.790 D/pskey_bt(  327): get_one_item(data) = 0xa
04-26 07:49:38.790 D/pskey_bt(  327): get_next_u32: here:a
04-26 07:49:38.790 D/pskey_bt(  327): char:0, 0
04-26 07:49:38.790 D/pskey_bt(  327): char:9, 9
04-26 07:49:38.790 D/pskey_bt(  327): get_one_item(data) = 0x9
04-26 07:49:38.790 D/pskey_bt(  327): get_next_u32: here:9
04-26 07:49:38.790 D/pskey_bt(  327): char:0, 0
04-26 07:49:38.790 D/pskey_bt(  327): char:8, 8
04-26 07:49:38.790 D/pskey_bt(  327): get_one_item(data) = 0x8
04-26 07:49:38.790 D/pskey_bt(  327): get_next_u32: here:8
04-26 07:49:38.790 D/pskey_bt(  327): char:0, 0
04-26 07:49:38.790 D/pskey_bt(  327): char:7, 7
04-26 07:49:38.790 D/pskey_bt(  327): get_one_item(data) = 0x7
04-26 07:49:38.790 D/pskey_bt(  327): get_next_u32: here:7
04-26 07:49:38.790 D/pskey_bt(  327): end of buff, str=},
04-26 07:49:38.790 D/pskey_bt(  327): {0xFF, 0xFF, 0x8D, 0xFE, 0x9B, 0x3F, 0x79, 0x83,
04-26 07:49:38.790 D/pskey_bt(  327):   0xFF, 0xA7, 0xFF, 0x7F, 0x00, 0xE0, 0xF7, 0x3E},
04-26 07:49:38.790 D/pskey_bt(  327): {0xFF, 0xFF, 0xFF, 0xFF, 0xFF, 0xFF},
04-26 07:49:38.790 D/pskey_bt(  327): 0,
04-26 07:49:38.790 D/pskey_bt(  327): 1,
04-26 07:49:38.790 D/pskey_bt(  327): 5,
04-26 07:49:38.790 D/pskey_bt(  327): 0xE,
04-26 07:49:38.790 D/pskey_bt(  327): 1,
04-26 07:49:38.790 D/pskey_bt(  327): 1,
04-26 07:49:38.790 D/pskey_bt(  327): 0x50000000,
04-26 07:49:38.790 D/pskey_bt(  327): 0x50000150,
04-26 07:49:38.790 D/pskey_bt(  327): 0x50000150,
04-26 07:49:38.790 D/pskey_bt(  327): 0x50000154,
04-26 07:49:38.790 D/pskey_bt(  327): 0xFFFFFFFF,
04-26 07:49:38.790 D/pskey_bt(  327): 0x100,
04-26 07:49:38.790 D/pskey_bt(  327): 0xA0,
04-26 07:49:38.790 D/pskey_bt(  327): 0xDC,
04-26 07:49:38.790 D/pskey_bt(  327): 0x20,
04-26 07:49:38.790 D/pskey_bt(  327): 0x55,
04-26 07:49:38.790 D/pskey_bt(  327): 0x64,
04-26 07:49:38.790 D/pskey_bt(  327): 0,
04-26 07:49:38.790 D/pskey_bt(  327): 0x8,
04-26 07:49:38.790 D/pskey_bt(  327): 0x13C,
04-26 07:49:38.790 D/pskey_bt(  327): 0x2,
04-26 07:49:38.790 D/pskey_bt(  327): 0xD704,
04-26 07:49:38.790 D/pskey_bt(  327): 0x88888888,
04-26 07:49:38.790 D/pskey_bt(  327): 0x6,
04-26 07:49:38.790 D/pskey_bt(  327): 0x0,
04-26 07:49:38.790 D/pskey_bt(  327): {0x0001,0x0000,0x0000,0x0000,0x0000,0x0000,0x0000,0x0000,0x0000
04-26 07:49:38.790 D/pskey_bt(  327): char:F, F
04-26 07:49:38.790 D/pskey_bt(  327): char:F, F
04-26 07:49:38.790 D/pskey_bt(  327): get_one_item(data) = 0xff
04-26 07:49:38.790 D/pskey_bt(  327): get_next_u8: here:ff
04-26 07:49:38.790 D/pskey_bt(  327): char:F, F
04-26 07:49:38.790 D/pskey_bt(  327): char:F, F
04-26 07:49:38.790 D/pskey_bt(  327): get_one_item(data) = 0xff
04-26 07:49:38.790 D/pskey_bt(  327): get_next_u8: here:ff
04-26 07:49:38.790 D/pskey_bt(  327): char:8, 8
04-26 07:49:38.790 D/pskey_bt(  327): char:D, D
04-26 07:49:38.790 D/pskey_bt(  327): get_one_item(data) = 0x8d
04-26 07:49:38.790 D/pskey_bt(  327): get_next_u8: here:8d
04-26 07:49:38.790 D/pskey_bt(  327): char:F, F
04-26 07:49:38.790 D/pskey_bt(  327): char:E, E
04-26 07:49:38.790 D/pskey_bt(  327): get_one_item(data) = 0xfe
04-26 07:49:38.790 D/pskey_bt(  327): get_next_u8: here:fe
04-26 07:49:38.790 D/pskey_bt(  327): char:9, 9
04-26 07:49:38.790 D/pskey_bt(  327): char:B, B
04-26 07:49:38.790 D/pskey_bt(  327): get_one_item(data) = 0x9b
04-26 07:49:38.790 D/pskey_bt(  327): get_next_u8: here:9b
04-26 07:49:38.790 D/pskey_bt(  327): char:3, 3
04-26 07:49:38.790 D/pskey_bt(  327): char:F, F
04-26 07:49:38.790 D/pskey_bt(  327): get_one_item(data) = 0x3f
04-26 07:49:38.790 D/pskey_bt(  327): get_next_u8: here:3f
04-26 07:49:38.790 D/pskey_bt(  327): char:7, 7
04-26 07:49:38.790 D/pskey_bt(  327): char:9, 9
04-26 07:49:38.790 D/pskey_bt(  327): get_one_item(data) = 0x79
04-26 07:49:38.790 D/pskey_bt(  327): get_next_u8: here:79
04-26 07:49:38.790 D/pskey_bt(  327): char:8, 8
04-26 07:49:38.790 D/pskey_bt(  327): char:3, 3
04-26 07:49:38.790 D/pskey_bt(  327): get_one_item(data) = 0x83
04-26 07:49:38.790 D/pskey_bt(  327): get_next_u8: here:83
04-26 07:49:38.790 D/pskey_bt(  327): char:F, F
04-26 07:49:38.790 D/pskey_bt(  327): char:F, F
04-26 07:49:38.790 D/pskey_bt(  327): get_one_item(data) = 0xff
04-26 07:49:38.790 D/pskey_bt(  327): get_next_u8: here:ff
04-26 07:49:38.790 D/pskey_bt(  327): char:A, A
04-26 07:49:38.790 D/pskey_bt(  327): char:7, 7
04-26 07:49:38.790 D/pskey_bt(  327): get_one_item(data) = 0xa7
04-26 07:49:38.790 D/pskey_bt(  327): get_next_u8: here:a7
04-26 07:49:38.790 D/pskey_bt(  327): char:F, F
04-26 07:49:38.790 D/pskey_bt(  327): char:F, F
04-26 07:49:38.790 D/pskey_bt(  327): get_one_item(data) = 0xff
04-26 07:49:38.790 D/pskey_bt(  327): get_next_u8: here:ff
04-26 07:49:38.790 D/pskey_bt(  327): char:7, 7
04-26 07:49:38.790 D/pskey_bt(  327): char:F, F
04-26 07:49:38.790 D/pskey_bt(  327): get_one_item(data) = 0x7f
04-26 07:49:38.790 D/pskey_bt(  327): get_next_u8: here:7f
04-26 07:49:38.790 D/pskey_bt(  327): char:0, 0
04-26 07:49:38.790 D/pskey_bt(  327): char:0, 0
04-26 07:49:38.790 D/pskey_bt(  327): get_one_item(data) = 0x0
04-26 07:49:38.790 D/pskey_bt(  327): get_next_u8: here:0
04-26 07:49:38.790 D/pskey_bt(  327): char:E, E
04-26 07:49:38.790 D/pskey_bt(  327): char:0, 0
04-26 07:49:38.790 D/pskey_bt(  327): get_one_item(data) = 0xe0
04-26 07:49:38.790 D/pskey_bt(  327): get_next_u8: here:e0
04-26 07:49:38.790 D/pskey_bt(  327): char:F, F
04-26 07:49:38.790 D/pskey_bt(  327): char:7, 7
04-26 07:49:38.790 D/pskey_bt(  327): get_one_item(data) = 0xf7
04-26 07:49:38.790 D/pskey_bt(  327): get_next_u8: here:f7
04-26 07:49:38.790 D/pskey_bt(  327): char:3, 3
04-26 07:49:38.790 D/pskey_bt(  327): char:E, E
04-26 07:49:38.790 D/pskey_bt(  327): get_one_item(data) = 0x3e
04-26 07:49:38.790 D/pskey_bt(  327): get_next_u8: here:3e
04-26 07:49:38.790 D/pskey_bt(  327): end of buff, str=},
04-26 07:49:38.790 D/pskey_bt(  327): {0xFF, 0xFF, 0xFF, 0xFF, 0xFF, 0xFF},
04-26 07:49:38.790 D/pskey_bt(  327): 0,
04-26 07:49:38.790 D/pskey_bt(  327): 1,
04-26 07:49:38.790 D/pskey_bt(  327): 5,
04-26 07:49:38.790 D/pskey_bt(  327): 0xE,
04-26 07:49:38.790 D/pskey_bt(  327): 1,
04-26 07:49:38.790 D/pskey_bt(  327): 1,
04-26 07:49:38.790 D/pskey_bt(  327): 0x50000000,
04-26 07:49:38.790 D/pskey_bt(  327): 0x50000150,
04-26 07:49:38.790 D/pskey_bt(  327): 0x50000150,
04-26 07:49:38.790 D/pskey_bt(  327): 0x50000154,
04-26 07:49:38.790 D/pskey_bt(  327): 0xFFFFFFFF,
04-26 07:49:38.790 D/pskey_bt(  327): 0x100,
04-26 07:49:38.790 D/pskey_bt(  327): 0xA0,
04-26 07:49:38.790 D/pskey_bt(  327): 0xDC,
04-26 07:49:38.790 D/pskey_bt(  327): 0x20,
04-26 07:49:38.790 D/pskey_bt(  327): 0x55,
04-26 07:49:38.790 D/pskey_bt(  327): 0x64,
04-26 07:49:38.790 D/pskey_bt(  327): 0,
04-26 07:49:38.790 D/pskey_bt(  327): 0x8,
04-26 07:49:38.790 D/pskey_bt(  327): 0x13C,
04-26 07:49:38.790 D/pskey_bt(  327): 0x2,
04-26 07:49:38.790 D/pskey_bt(  327): 0xD704,
04-26 07:49:38.790 D/pskey_bt(  327): 0x88888888,
04-26 07:49:38.790 D/pskey_bt(  327): 0x6,
04-26 07:49:38.790 D/pskey_bt(  327): 0x0,
04-26 07:49:38.790 D/pskey_bt(  327): {0x0001,0x0000,0x0000,0x0000,0x0000,0x0000,0x0000,0x0000,0x0000
04-26 07:49:38.790 D/pskey_bt(  327): char:F, F
04-26 07:49:38.790 D/pskey_bt(  327): char:F, F
04-26 07:49:38.790 D/pskey_bt(  327): get_one_item(data) = 0xff
04-26 07:49:38.790 D/pskey_bt(  327): get_next_u8: here:ff
04-26 07:49:38.790 D/pskey_bt(  327): char:F, F
04-26 07:49:38.790 D/pskey_bt(  327): char:F, F
04-26 07:49:38.790 D/pskey_bt(  327): get_one_item(data) = 0xff
04-26 07:49:38.790 D/pskey_bt(  327): get_next_u8: here:ff
04-26 07:49:38.790 D/pskey_bt(  327): char:F, F
04-26 07:49:38.790 D/pskey_bt(  327): char:F, F
04-26 07:49:38.790 D/pskey_bt(  327): get_one_item(data) = 0xff
04-26 07:49:38.790 D/pskey_bt(  327): get_next_u8: here:ff
04-26 07:49:38.790 D/pskey_bt(  327): char:F, F
04-26 07:49:38.790 D/pskey_bt(  327): char:F, F
04-26 07:49:38.790 D/pskey_bt(  327): get_one_item(data) = 0xff
04-26 07:49:38.790 D/pskey_bt(  327): get_next_u8: here:ff
04-26 07:49:38.790 D/pskey_bt(  327): char:F, F
04-26 07:49:38.790 D/pskey_bt(  327): char:F, F
04-26 07:49:38.790 D/pskey_bt(  327): get_one_item(data) = 0xff
04-26 07:49:38.790 D/pskey_bt(  327): get_next_u8: here:ff
04-26 07:49:38.790 D/pskey_bt(  327): char:F, F
04-26 07:49:38.790 D/pskey_bt(  327): char:F, F
04-26 07:49:38.790 D/pskey_bt(  327): get_one_item(data) = 0xff
04-26 07:49:38.790 D/pskey_bt(  327): get_next_u8: here:ff
04-26 07:49:38.790 D/pskey_bt(  327): end of buff, str=},
04-26 07:49:38.790 D/pskey_bt(  327): 0,
04-26 07:49:38.790 D/pskey_bt(  327): 1,
04-26 07:49:38.790 D/pskey_bt(  327): 5,
04-26 07:49:38.790 D/pskey_bt(  327): 0xE,
04-26 07:49:38.790 D/pskey_bt(  327): 1,
04-26 07:49:38.790 D/pskey_bt(  327): 1,
04-26 07:49:38.790 D/pskey_bt(  327): 0x50000000,
04-26 07:49:38.790 D/pskey_bt(  327): 0x50000150,
04-26 07:49:38.790 D/pskey_bt(  327): 0x50000150,
04-26 07:49:38.790 D/pskey_bt(  327): 0x50000154,
04-26 07:49:38.790 D/pskey_bt(  327): 0xFFFFFFFF,
04-26 07:49:38.790 D/pskey_bt(  327): 0x100,
04-26 07:49:38.790 D/pskey_bt(  327): 0xA0,
04-26 07:49:38.790 D/pskey_bt(  327): 0xDC,
04-26 07:49:38.790 D/pskey_bt(  327): 0x20,
04-26 07:49:38.790 D/pskey_bt(  327): 0x55,
04-26 07:49:38.790 D/pskey_bt(  327): 0x64,
04-26 07:49:38.790 D/pskey_bt(  327): 0,
04-26 07:49:38.790 D/pskey_bt(  327): 0x8,
04-26 07:49:38.790 D/pskey_bt(  327): 0x13C,
04-26 07:49:38.790 D/pskey_bt(  327): 0x2,
04-26 07:49:38.790 D/pskey_bt(  327): 0xD704,
04-26 07:49:38.790 D/pskey_bt(  327): 0x88888888,
04-26 07:49:38.790 D/pskey_bt(  327): 0x6,
04-26 07:49:38.790 D/pskey_bt(  327): 0x0,
04-26 07:49:38.790 D/pskey_bt(  327): {0x0001,0x0000,0x0000,0x0000,0x0000,0x0000,0x0000,0x0000,0x0000
04-26 07:49:38.790 D/pskey_bt(  327): char:0, 0
04-26 07:49:38.790 D/pskey_bt(  327): get_one_item(data) = 0x0
04-26 07:49:38.790 D/pskey_bt(  327): get_next_u8: here:0
04-26 07:49:38.790 D/pskey_bt(  327): char:1, 1
04-26 07:49:38.790 D/pskey_bt(  327): get_one_item(data) = 0x1
04-26 07:49:38.790 D/pskey_bt(  327): get_next_u8: here:1
04-26 07:49:38.790 D/pskey_bt(  327): char:5, 5
04-26 07:49:38.790 D/pskey_bt(  327): get_one_item(data) = 0x5
04-26 07:49:38.790 D/pskey_bt(  327): get_next_u8: here:5
04-26 07:49:38.790 D/pskey_bt(  327): char:E, E
04-26 07:49:38.790 D/pskey_bt(  327): get_one_item(data) = 0xe
04-26 07:49:38.790 D/pskey_bt(  327): get_next_u8: here:e
04-26 07:49:38.790 D/pskey_bt(  327): char:1, 1
04-26 07:49:38.790 D/pskey_bt(  327): get_one_item(data) = 0x1
04-26 07:49:38.790 D/pskey_bt(  327): get_next_u8: here:1
04-26 07:49:38.790 D/pskey_bt(  327): char:1, 1
04-26 07:49:38.790 D/pskey_bt(  327): get_one_item(data) = 0x1
04-26 07:49:38.790 D/pskey_bt(  327): get_next_u8: here:1
04-26 07:49:38.790 D/pskey_bt(  327): char:5, 5
04-26 07:49:38.790 D/pskey_bt(  327): char:0, 0
04-26 07:49:38.790 D/pskey_bt(  327): char:0, 0
04-26 07:49:38.790 D/pskey_bt(  327): char:0, 0
04-26 07:49:38.790 D/pskey_bt(  327): char:0, 0
04-26 07:49:38.790 D/pskey_bt(  327): char:0, 0
04-26 07:49:38.790 D/pskey_bt(  327): char:0, 0
04-26 07:49:38.790 D/pskey_bt(  327): char:0, 0
04-26 07:49:38.790 D/pskey_bt(  327): get_one_item(data) = 0x50000000
04-26 07:49:38.790 D/pskey_bt(  327): get_next_u32: here:50000000
04-26 07:49:38.790 D/pskey_bt(  327): char:5, 5
04-26 07:49:38.790 D/pskey_bt(  327): char:0, 0
04-26 07:49:38.790 D/pskey_bt(  327): char:0, 0
04-26 07:49:38.790 D/pskey_bt(  327): char:0, 0
04-26 07:49:38.790 D/pskey_bt(  327): char:0, 0
04-26 07:49:38.790 D/pskey_bt(  327): char:1, 1
04-26 07:49:38.790 D/pskey_bt(  327): char:5, 5
04-26 07:49:38.790 D/pskey_bt(  327): char:0, 0
04-26 07:49:38.790 D/pskey_bt(  327): get_one_item(data) = 0x50000150
04-26 07:49:38.790 D/pskey_bt(  327): get_next_u32: here:50000150
04-26 07:49:38.790 D/pskey_bt(  327): char:5, 5
04-26 07:49:38.790 D/pskey_bt(  327): char:0, 0
04-26 07:49:38.790 D/pskey_bt(  327): char:0, 0
04-26 07:49:38.790 D/pskey_bt(  327): char:0, 0
04-26 07:49:38.790 D/pskey_bt(  327): char:0, 0
04-26 07:49:38.790 D/pskey_bt(  327): char:1, 1
04-26 07:49:38.790 D/pskey_bt(  327): char:5, 5
04-26 07:49:38.790 D/pskey_bt(  327): char:0, 0
04-26 07:49:38.790 D/pskey_bt(  327): get_one_item(data) = 0x50000150
04-26 07:49:38.790 D/pskey_bt(  327): get_next_u32: here:50000150
04-26 07:49:38.790 D/pskey_bt(  327): char:5, 5
04-26 07:49:38.790 D/pskey_bt(  327): char:0, 0
04-26 07:49:38.790 D/pskey_bt(  327): char:0, 0
04-26 07:49:38.790 D/pskey_bt(  327): char:0, 0
04-26 07:49:38.790 D/pskey_bt(  327): char:0, 0
04-26 07:49:38.790 D/pskey_bt(  327): char:1, 1
04-26 07:49:38.790 D/pskey_bt(  327): char:5, 5
04-26 07:49:38.790 D/pskey_bt(  327): char:4, 4
04-26 07:49:38.790 D/pskey_bt(  327): get_one_item(data) = 0x50000154
04-26 07:49:38.790 D/pskey_bt(  327): get_next_u32: here:50000154
04-26 07:49:38.790 D/pskey_bt(  327): char:F, F
04-26 07:49:38.790 D/pskey_bt(  327): char:F, F
04-26 07:49:38.790 D/pskey_bt(  327): char:F, F
04-26 07:49:38.790 D/pskey_bt(  327): char:F, F
04-26 07:49:38.790 D/pskey_bt(  327): char:F, F
04-26 07:49:38.790 D/pskey_bt(  327): char:F, F
04-26 07:49:38.790 D/pskey_bt(  327): char:F, F
04-26 07:49:38.790 D/pskey_bt(  327): char:F, F
04-26 07:49:38.790 D/pskey_bt(  327): get_one_item(data) = 0xffffffff
04-26 07:49:38.790 D/pskey_bt(  327): get_next_u32: here:ffffffff
04-26 07:49:38.790 D/pskey_bt(  327): char:1, 1
04-26 07:49:38.790 D/pskey_bt(  327): char:0, 0
04-26 07:49:38.790 D/pskey_bt(  327): char:0, 0
04-26 07:49:38.790 D/pskey_bt(  327): get_one_item(data) = 0x100
04-26 07:49:38.790 D/pskey_bt(  327): get_next_u16: here:100
04-26 07:49:38.790 D/pskey_bt(  327): char:A, A
04-26 07:49:38.790 D/pskey_bt(  327): char:0, 0
04-26 07:49:38.790 D/pskey_bt(  327): get_one_item(data) = 0xa0
04-26 07:49:38.790 D/pskey_bt(  327): get_next_u16: here:a0
04-26 07:49:38.790 D/pskey_bt(  327): char:D, D
04-26 07:49:38.790 D/pskey_bt(  327): char:C, C
04-26 07:49:38.790 D/pskey_bt(  327): get_one_item(data) = 0xdc
04-26 07:49:38.790 D/pskey_bt(  327): get_next_u16: here:dc
04-26 07:49:38.790 D/pskey_bt(  327): char:2, 2
04-26 07:49:38.790 D/pskey_bt(  327): char:0, 0
04-26 07:49:38.790 D/pskey_bt(  327): get_one_item(data) = 0x20
04-26 07:49:38.790 D/pskey_bt(  327): get_next_u16: here:20
04-26 07:49:38.790 D/pskey_bt(  327): char:5, 5
04-26 07:49:38.790 D/pskey_bt(  327): char:5, 5
04-26 07:49:38.790 D/pskey_bt(  327): get_one_item(data) = 0x55
04-26 07:49:38.790 D/pskey_bt(  327): get_next_u16: here:55
04-26 07:49:38.790 D/pskey_bt(  327): char:6, 6
04-26 07:49:38.790 D/pskey_bt(  327): char:4, 4
04-26 07:49:38.790 D/pskey_bt(  327): get_one_item(data) = 0x64
04-26 07:49:38.790 D/pskey_bt(  327): get_next_u16: here:64
04-26 07:49:38.790 D/pskey_bt(  327): char:0, 0
04-26 07:49:38.790 D/pskey_bt(  327): get_one_item(data) = 0x0
04-26 07:49:38.790 D/pskey_bt(  327): get_next_u32: here:0
04-26 07:49:38.790 D/pskey_bt(  327): char:8, 8
04-26 07:49:38.790 D/pskey_bt(  327): get_one_item(data) = 0x8
04-26 07:49:38.790 D/pskey_bt(  327): get_next_u16: here:8
04-26 07:49:38.790 D/pskey_bt(  327): char:1, 1
04-26 07:49:38.790 D/pskey_bt(  327): char:3, 3
04-26 07:49:38.790 D/pskey_bt(  327): char:C, C
04-26 07:49:38.790 D/pskey_bt(  327): get_one_item(data) = 0x13c
04-26 07:49:38.790 D/pskey_bt(  327): get_next_u16: here:13c
04-26 07:49:38.790 D/pskey_bt(  327): char:2, 2
04-26 07:49:38.790 D/pskey_bt(  327): get_one_item(data) = 0x2
04-26 07:49:38.790 D/pskey_bt(  327): get_next_u16: here:2
04-26 07:49:38.790 D/pskey_bt(  327): char:D, D
04-26 07:49:38.790 D/pskey_bt(  327): char:7, 7
04-26 07:49:38.790 D/pskey_bt(  327): char:0, 0
04-26 07:49:38.790 D/pskey_bt(  327): char:4, 4
04-26 07:49:38.790 D/pskey_bt(  327): get_one_item(data) = 0xd704
04-26 07:49:38.790 D/pskey_bt(  327): get_next_u16: here:d704
04-26 07:49:38.790 D/pskey_bt(  327): char:8, 8
04-26 07:49:38.790 D/pskey_bt(  327): char:8, 8
04-26 07:49:38.790 D/pskey_bt(  327): char:8, 8
04-26 07:49:38.790 D/pskey_bt(  327): char:8, 8
04-26 07:49:38.790 D/pskey_bt(  327): char:8, 8
04-26 07:49:38.790 D/pskey_bt(  327): char:8, 8
04-26 07:49:38.790 D/pskey_bt(  327): char:8, 8
04-26 07:49:38.790 D/pskey_bt(  327): char:8, 8
04-26 07:49:38.790 D/pskey_bt(  327): get_one_item(data) = 0x88888888
04-26 07:49:38.790 D/pskey_bt(  327): get_next_u32: here:88888888
04-26 07:49:38.790 D/pskey_bt(  327): char:6, 6
04-26 07:49:38.790 D/pskey_bt(  327): get_one_item(data) = 0x6
04-26 07:49:38.790 D/pskey_bt(  327): get_next_u16: here:6
04-26 07:49:38.790 D/pskey_bt(  327): char:0, 0
04-26 07:49:38.790 D/pskey_bt(  327): get_one_item(data) = 0x0
04-26 07:49:38.790 D/pskey_bt(  327): get_next_u16: here:0
04-26 07:49:38.790 D/pskey_bt(  327): char:0, 0
04-26 07:49:38.790 D/pskey_bt(  327): char:0, 0
04-26 07:49:38.790 D/pskey_bt(  327): char:0, 0
04-26 07:49:38.790 D/pskey_bt(  327): char:1, 1
04-26 07:49:38.790 D/pskey_bt(  327): get_one_item(data) = 0x1
04-26 07:49:38.790 D/pskey_bt(  327): get_next_u32: here:1
04-26 07:49:38.790 D/pskey_bt(  327): char:0, 0
04-26 07:49:38.790 D/pskey_bt(  327): char:0, 0
04-26 07:49:38.790 D/pskey_bt(  327): char:0, 0
04-26 07:49:38.790 D/pskey_bt(  327): char:0, 0
04-26 07:49:38.790 D/pskey_bt(  327): get_one_item(data) = 0x0
04-26 07:49:38.790 D/pskey_bt(  327): get_next_u32: here:0
04-26 07:49:38.790 D/pskey_bt(  327): char:0, 0
04-26 07:49:38.790 D/pskey_bt(  327): char:0, 0
04-26 07:49:38.790 D/pskey_bt(  327): char:0, 0
04-26 07:49:38.790 D/pskey_bt(  327): char:0, 0
04-26 07:49:38.790 D/pskey_bt(  327): get_one_item(data) = 0x0
04-26 07:49:38.790 D/pskey_bt(  327): get_next_u32: here:0
04-26 07:49:38.790 D/pskey_bt(  327): char:0, 0
04-26 07:49:38.790 D/pskey_bt(  327): char:0, 0
04-26 07:49:38.790 D/pskey_bt(  327): char:0, 0
04-26 07:49:38.790 D/pskey_bt(  327): char:0, 0
04-26 07:49:38.790 D/pskey_bt(  327): get_one_item(data) = 0x0
04-26 07:49:38.790 D/pskey_bt(  327): get_next_u32: here:0
04-26 07:49:38.790 D/pskey_bt(  327): char:0, 0
04-26 07:49:38.790 D/pskey_bt(  327): char:0, 0
04-26 07:49:38.790 D/pskey_bt(  327): char:0, 0
04-26 07:49:38.790 D/pskey_bt(  327): char:0, 0
04-26 07:49:38.790 D/pskey_bt(  327): get_one_item(data) = 0x0
04-26 07:49:38.790 D/pskey_bt(  327): get_next_u32: here:0
04-26 07:49:38.790 D/pskey_bt(  327): char:0, 0
04-26 07:49:38.790 D/pskey_bt(  327): char:0, 0
04-26 07:49:38.790 D/pskey_bt(  327): char:0, 0
04-26 07:49:38.790 D/pskey_bt(  327): char:0, 0
04-26 07:49:38.790 D/pskey_bt(  327): get_one_item(data) = 0x0
04-26 07:49:38.790 D/pskey_bt(  327): get_next_u32: here:0
04-26 07:49:38.790 D/pskey_bt(  327): char:0, 0
04-26 07:49:38.790 D/pskey_bt(  327): char:0, 0
04-26 07:49:38.790 D/pskey_bt(  327): char:0, 0
04-26 07:49:38.790 D/pskey_bt(  327): char:0, 0
04-26 07:49:38.790 D/pskey_bt(  327): get_one_item(data) = 0x0
04-26 07:49:38.790 D/pskey_bt(  327): get_next_u32: here:0
04-26 07:49:38.790 D/pskey_bt(  327): char:0, 0
04-26 07:49:38.790 D/pskey_bt(  327): char:0, 0
04-26 07:49:38.790 D/pskey_bt(  327): char:0, 0
04-26 07:49:38.790 D/pskey_bt(  327): char:0, 0
04-26 07:49:38.790 D/pskey_bt(  327): get_one_item(data) = 0x0
04-26 07:49:38.790 D/pskey_bt(  327): get_next_u32: here:0
04-26 07:49:38.790 D/pskey_bt(  327): char:0, 0
04-26 07:49:38.790 D/pskey_bt(  327): char:0, 0
04-26 07:49:38.790 D/pskey_bt(  327): char:0, 0
04-26 07:49:38.790 D/pskey_bt(  327): char:0, 0
04-26 07:49:38.790 D/pskey_bt(  327): get_one_item(data) = 0x0
04-26 07:49:38.790 D/pskey_bt(  327): get_next_u32: here:0
04-26 07:49:38.790 D/pskey_bt(  327): get_one_item(data) = 0x0
04-26 07:49:38.790 D/pskey_bt(  327): get_next_u32: here:0
04-26 07:49:38.790 D/pskey_bt(  327): leave out tmp_buff=
04-26 07:49:38.790 D/pskey_bt(  327): parse pskey success, tmp_buff=0x10ca120
04-26 07:49:38.790 D/pskey_bt(  327): ret get pskey from file =0
04-26 07:49:38.790 D/pskey_bt(  327): data/btmac.txt does not exist 0 
04-26 07:49:38.890 D/pskey_bt(  327): tmp_mac:007a7ab01e04
04-26 07:49:38.890 D/pskey_bt(  327): 4  
04-26 07:49:38.890 D/pskey_bt(  327): 1e  
04-26 07:49:38.890 D/pskey_bt(  327): b0  
04-26 07:49:38.890 D/pskey_bt(  327): 7a  
04-26 07:49:38.890 D/pskey_bt(  327): 7a  
04-26 07:49:38.890 D/pskey_bt(  327): 0  
04-26 07:49:39.180 E/eng_rf_nv_update(   95): [set_rf_nvconf]: waiting rf finish self calibration!
04-26 07:49:39.470 I/Gonk    (   83): RIL[0]: OnConnectSuccess
04-26 07:49:39.650 I/Gonk    (   83): RIL[1]: OnConnectSuccess
04-26 07:49:39.680 E/eng_rf_nv_update(   95): [set_rf_nvconf]: waiting rf finish self calibration!
04-26 07:49:39.910 I/Gecko   (   83): 1398523779921	Marionette	DEBUG	accepted connection on 127.0.0.1:34230
04-26 07:49:40.100 E/bluedroid(   83): test bt_is_enabled
04-26 07:49:40.180 E/eng_rf_nv_update(   95): [set_rf_nvconf]: waiting rf finish self calibration!
04-26 07:49:40.680 E/eng_rf_nv_update(   95): [set_rf_nvconf]: waiting rf finish self calibration!
04-26 07:49:40.760 D/NetUtils(   83): failed to remove default route for wlan0: No such device
04-26 07:49:40.760 W/WifiHW  (   83): wifi_load_driver enter 211
04-26 07:49:41.010 W/WifiHW  (   86): wifi_change_fw_path: /system/lib/modules/itm_sta.ko
04-26 07:49:41.180 E/eng_rf_nv_update(   95): [set_rf_nvconf]: waiting rf finish self calibration!
04-26 07:49:41.210 D/WifiHW  (   86): Unable to unload driver module "itm_ap": No such file or directory
04-26 07:49:41.410 D/WifiHW  (   86): Unable to unload driver module "itm_sta": No such file or directory
04-26 07:49:41.540 V/AudioPolicyManagerBase(   88): setStreamVolumeIndex() stream 3, index 15
04-26 07:49:41.540 E/AudioPolicyManagerBase(   88): checkAndSetVolume stream=3, index=15, output=1, device=2
04-26 07:49:41.540 E/AudioPolicyManagerBase(   88): computeVolume, streamDesc=0x96bbe8
04-26 07:49:41.540 V/AudioPolicyManagerBase(   88): VOLUME vol index=[60 100 100], dB=[-11.0 0.0 0.0] ampl=1.00000
04-26 07:49:41.540 V/AudioPolicyManagerBase(   88): setStreamVolumeIndex() stream 1, index 15
04-26 07:49:41.540 E/AudioPolicyManagerBase(   88): checkAndSetVolume stream=1, index=15, output=1, device=2
04-26 07:49:41.540 E/AudioPolicyManagerBase(   88): computeVolume, streamDesc=0x96bbb0
04-26 07:49:41.540 V/AudioPolicyManagerBase(   88): VOLUME vol index=[60 100 100], dB=[-11.0 0.0 0.0] ampl=1.00000
04-26 07:49:41.550 V/AudioPolicyManagerBase(   88): setStreamVolumeIndex() stream 5, index 15
04-26 07:49:41.550 E/AudioPolicyManagerBase(   88): checkAndSetVolume stream=5, index=15, output=1, device=2
04-26 07:49:41.550 E/AudioPolicyManagerBase(   88): computeVolume, streamDesc=0x96bc20
04-26 07:49:41.550 V/AudioPolicyManagerBase(   88): VOLUME vol index=[66 100 100], dB=[-10.2 0.0 0.0] ampl=1.00000
04-26 07:49:41.550 V/AudioPolicyManagerBase(   88): setStreamVolumeIndex() stream 2, index 15
04-26 07:49:41.550 E/AudioPolicyManagerBase(   88): checkAndSetVolume stream=2, index=15, output=1, device=2
04-26 07:49:41.550 E/AudioPolicyManagerBase(   88): computeVolume, streamDesc=0x96bbcc
04-26 07:49:41.550 V/AudioPolicyManagerBase(   88): VOLUME vol index=[66 100 100], dB=[-10.2 0.0 0.0] ampl=1.00000
04-26 07:49:41.550 V/AudioPolicyManagerBase(   88): setStreamVolumeIndex() stream 4, index 15
04-26 07:49:41.550 E/AudioPolicyManagerBase(   88): checkAndSetVolume stream=4, index=15, output=1, device=2
04-26 07:49:41.550 E/AudioPolicyManagerBase(   88): computeVolume, streamDesc=0x96bc04
04-26 07:49:41.550 V/AudioPolicyManagerBase(   88): VOLUME vol index=[66 100 100], dB=[-10.2 0.0 0.0] ampl=1.00000
04-26 07:49:41.550 V/AudioPolicyManagerBase(   88): setStreamVolumeIndex() stream 0, index 5
04-26 07:49:41.550 E/AudioPolicyManagerBase(   88): checkAndSetVolume stream=0, index=5, output=1, device=2
04-26 07:49:41.550 E/AudioPolicyManagerBase(   88): computeVolume, streamDesc=0x96bb94
04-26 07:49:41.550 V/AudioPolicyManagerBase(   88): VOLUME vol index=[66 100 100], dB=[-17.0 0.0 0.0] ampl=1.00000
04-26 07:49:41.550 V/AudioPolicyManagerBase(   88): setStreamVolumeIndex() stream 6, index 15
04-26 07:49:41.550 V/AudioPolicyManagerBase(   88): checkAndSetVolume() cannot set stream 6 volume with force use = 0 for comm
04-26 07:49:41.610 W/WifiHW  (   86): wifi_load_driver enter 211
04-26 07:49:41.610 W/WifiHW  (   86): DRIVER_MODULE_PATH=/system/lib/modules/itm_sta.ko DRIVER_MODULE_ARG= 
04-26 07:49:41.610 W/WifiHW  (   86): insmod filename=/system/lib/modules/itm_sta.ko args= 
04-26 07:49:41.690 E/eng_rf_nv_update(   95): [set_rf_nvconf]: waiting rf finish self calibration!
04-26 07:49:41.880 I/VolumeManager(   83): SetSharingMode for volume sdcard to 1 canBeShared = 1
04-26 07:49:41.880 I/AutoMounter(   83): UpdateState: umsAvail:1 umsEnabled:1 mode:0 usbCablePluggedIn:1 tryToShare:0
04-26 07:49:41.880 I/AutoMounter(   83): UpdateState: Volume sdcard is NoMedia and missing
04-26 07:49:42.190 E/eng_rf_nv_update(   95): [set_rf_nvconf]: waiting rf finish self calibration!
04-26 07:49:42.300 I/Gecko   (   83): ###################################### forms.js loaded
04-26 07:49:42.330 I/Gecko   (   83): ############################### browserElementPanning.js loaded
04-26 07:49:42.430 I/Gecko   (   83): ######################## BrowserElementChildPreload.js loaded
04-26 07:49:42.490 I/Gecko   (   83): *** UTM:SVC TimerManager:registerTimer - id: user-agent-updates-timer
04-26 07:49:42.510 E/GeckoConsole(   83): UTM:SVC TimerManager:registerTimer - id: user-agent-updates-timer
04-26 07:49:42.530 E/Profiler(  346): BEGIN mozilla_sampler_init
04-26 07:49:42.540 E/Profiler(  346): BPUnw: [1 total] thread_register_for_profiling(me=0x400e8488, stacktop=0xbef9f997)
04-26 07:49:42.540 E/Profiler(  346): SPS:
04-26 07:49:42.540 E/Profiler(  346): SPS: Unwind mode       = pseudo
04-26 07:49:42.540 E/Profiler(  346): SPS: Sampling interval = 0 ms (zero means "platform default")
04-26 07:49:42.540 E/Profiler(  346): SPS: Entry store size  = 0 (zero means "platform default")
04-26 07:49:42.540 E/Profiler(  346): SPS: UnwindStackScan   = 0 (max dubious frames per unwind).
04-26 07:49:42.540 E/Profiler(  346): SPS: Use env var MOZ_PROFILER_MODE=help for further information.
04-26 07:49:42.540 E/Profiler(  346): SPS:
04-26 07:49:42.540 E/Profiler(  346): Registering start signal
04-26 07:49:42.690 E/eng_rf_nv_update(   95): [set_rf_nvconf]: waiting rf finish self calibration!
04-26 07:49:43.030 E/GeckoConsole(  346): Could not read chrome manifest 'file:///system/b2g/chrome.manifest'.
04-26 07:49:43.190 E/eng_rf_nv_update(   95): [set_rf_nvconf]: waiting rf finish self calibration!
04-26 07:49:43.600 E/GeckoConsole(   83): [JavaScript Warning: "Error in parsing value for 'font-weight'.  Declaration dropped." {file: "app://system.gaiamobile.org/style/shrinking_ui/shrinking_ui.css" line: 9 column: 15 source: "  font-weight: medium;"}]
04-26 07:49:43.690 E/eng_rf_nv_update(   95): [set_rf_nvconf]: waiting rf finish self calibration!
04-26 07:49:43.830 E/Profiler(   83): BPUnw: [1 total] thread_unregister_for_profiling(me=0x1157fc0)  (NOT REGISTERED) 
04-26 07:49:43.950 W/WifiHW  (   86): driver insmod complete 
04-26 07:49:43.950 D/SoftapController(   86): Softap fwReload - Ok
04-26 07:49:43.950 E/BandwidthController(   86): No such iface wlan0 to delete
04-26 07:49:44.150 D/Sensors (   83): activate handle=0; drv=0
04-26 07:49:44.150 D/Sensors (   83): Lis3dhSensor: Control set 0
04-26 07:49:44.150 D/Sensors (   83): Lis3dhSensor: mEnabled = 0
04-26 07:49:44.160 I/Gecko   (   83): MobileConnection initialized
04-26 07:49:44.160 I/Gecko   (   83): MobileConnection initialized
04-26 07:49:44.190 E/eng_rf_nv_update(   95): [set_rf_nvconf]: waiting rf finish self calibration!
04-26 07:49:44.690 E/eng_rf_nv_update(   95): [set_rf_nvconf]: waiting rf finish self calibration!
04-26 07:49:44.690 I/Gecko   (   83): Attempting load of libEGL.so
04-26 07:49:44.730 D/libEGL  (   83): loaded /system/lib/egl/libEGL_mali.so
04-26 07:49:44.770 D/libEGL  (   83): loaded /system/lib/egl/libGLESv1_CM_mali.so
04-26 07:49:44.780 D/libEGL  (   83): loaded /system/lib/egl/libGLESv2_mali.so
04-26 07:49:44.800 I/HWComposer(   83): Creating new instance
04-26 07:49:44.800 E/HWComposer(   83): Failed to initialize hwc
04-26 07:49:44.860 E/GeckoConsole(   83): OpenGL compositor Initialized Succesfully.
04-26 07:49:44.860 E/GeckoConsole(   83): Version: OpenGL ES 2.0 Spreadtrum Build
04-26 07:49:44.860 E/GeckoConsole(   83): Vendor: ARM
04-26 07:49:44.860 E/GeckoConsole(   83): Renderer: Mali-300
04-26 07:49:44.860 E/GeckoConsole(   83): FBO Texture Target: TEXTURE_2D
04-26 07:49:45.190 E/eng_rf_nv_update(   95): [set_rf_nvconf]: waiting rf finish self calibration!
04-26 07:49:45.690 E/eng_rf_nv_update(   95): [set_rf_nvconf]: waiting rf finish self calibration!
04-26 07:49:45.890 I/Gonk    (   83): Setting nice for pid 360 to 18
04-26 07:49:45.890 I/Gonk    (   83): Changed nice for pid 360 from 0 to 18.
04-26 07:49:46.190 E/eng_rf_nv_update(   95): [set_rf_nvconf]: waiting rf finish self calibration!
04-26 07:49:46.620 I/Gecko   (   83): 1398523786628	Marionette	DEBUG	accepted connection on 127.0.0.1:34231
04-26 07:49:46.680 I/power   (   83): *** set_screen_state 1
04-26 07:49:46.690 D/Sensors (   83): activate handle=3; drv=1
04-26 07:49:46.690 D/Sensors (   83): SensorTMD2771::setEnable=0= en=1; newState=1; what=0; mEnabled=0
04-26 07:49:46.700 E/eng_rf_nv_update(   95): [set_rf_nvconf]: waiting rf finish self calibration!
04-26 07:49:46.800 D/Sensors (   83): taos ---Light::TAOS_IOCTL_ALS_ON=== err=0
04-26 07:49:46.800 D/Sensors (   83): SensorTMD2771::setEnable=1= en=1; newState=1; what=0; mEnabled=1
04-26 07:49:46.800 D/Sensors (   83): SensorTMD2771::getEnable===mEnabled=0x1; enable=1
04-26 07:49:46.810 I/GeckoDump(   83): XXX FIXME : Got a mozContentEvent: nfc-hardware-state-change
04-26 07:49:46.870 I/Gecko   (   83): ############################### browserElementPanning.js loaded
04-26 07:49:46.900 I/Gecko   (   83): ######################## BrowserElementChildPreload.js loaded
04-26 07:49:46.940 I/GeckoDump(   83): XXX FIXME : Got a mozContentEvent: system-message-listener-ready
04-26 07:49:47.200 E/eng_rf_nv_update(   95): [set_rf_nvconf]: waiting rf finish self calibration!
04-26 07:49:47.310 D/Sensors (   83): SensorTMD2771::readEvents()======data_fd=53,count=16
04-26 07:49:47.310 D/Sensors (   83): SensorTMD2771::processEvent()=====code=40::value=2 
04-26 07:49:47.310 D/Sensors (   83): SensorTMD2771: mPendingEvents[Light].light = 2.000000
04-26 07:49:47.510 E/WifiHW  (   83): Leo ensure_config_file_exists config_file=/data/misc/wifi/wpa_supplicant.conf
04-26 07:49:47.510 E/WifiHW  (   83): daemon_cmd=wpa_supplicant:-iwlan0 -c/data/misc/wifi/wpa_supplicant.conf
04-26 07:49:47.620 E/GeckoConsole(   83): [JavaScript Warning: "Error in parsing value for 'padding'.  Declaration dropped." {file: "app://callscreen.gaiamobile.org/style/oncall.css" line: 280 column: 13 source: "    padding: none;"}]
04-26 07:49:47.700 E/eng_rf_nv_update(   95): [set_rf_nvconf]: waiting rf finish self calibration!
04-26 07:49:47.910 I/Gecko   (   83): MobileConnection initialized
04-26 07:49:47.910 I/Gecko   (   83): MobileConnection initialized
04-26 07:49:48.090 V/AudioPolicyManagerBase(   88): getDeviceForStrategy() from cache strategy 0, device 2
04-26 07:49:48.090 V/AudioPolicyManagerBase(   88): getOutput() stream 3, samplingRate 0, format 0, channels 3, flags 0
04-26 07:49:48.200 E/eng_rf_nv_update(   95): [set_rf_nvconf]: waiting rf finish self calibration!
04-26 07:49:48.460 I/Gecko   (   83): 1398523788473	Marionette	INFO	loaded marionette-listener.js
04-26 07:49:48.470 I/Gecko   (   83): 1398523788475	Marionette	INFO	sendToClient: {"from":"0","value":"3-b2g"}, {96728b8e-2a98-4538-b891-9c8e92003eb7}, {96728b8e-2a98-4538-b891-9c8e92003eb7}
04-26 07:49:48.620 W/audio_hw_primary(   88): adev_set_mode, mode=0
04-26 07:49:48.620 W/audio_hw_primary(   88): adev_set_mode,the same mode(0)
04-26 07:49:48.620 V/AudioPolicyManagerBase(   88): setPhoneState() state 0
04-26 07:49:48.620 W/AudioPolicyManagerBase(   88): setPhoneState() setting same state 0
04-26 07:49:48.700 E/eng_rf_nv_update(   95): [set_rf_nvconf]: waiting rf finish self calibration!
04-26 07:49:48.750 I/Gecko   (   83): 1398523788756	Marionette	INFO	sendToClient: {"from":"0","value":{"ELEMENT":"{7af2df06-a9a3-4a42-8685-d430181c499a}"}}, {7c69d07a-f978-4965-9b7b-f2ad74b24f6f}, {7c69d07a-f978-4965-9b7b-f2ad74b24f6f}
04-26 07:49:48.830 I/Gecko   (   83): 1398523788836	Marionette	INFO	sendToClient: {"from":"0","value":false}, {d18ba6f9-410d-4691-b5e8-20b534ca4ef7}, {d18ba6f9-410d-4691-b5e8-20b534ca4ef7}
04-26 07:49:48.990 I/Gecko   (   83): 1398523789002	Marionette	INFO	sendToClient: {"from":"0","value":{"ELEMENT":"{7af2df06-a9a3-4a42-8685-d430181c499a}"}}, {b7311b1c-dba3-423d-afde-8d1678197081}, {b7311b1c-dba3-423d-afde-8d1678197081}
04-26 07:49:49.200 E/eng_rf_nv_update(   95): [set_rf_nvconf]: waiting rf finish self calibration!
04-26 07:49:49.700 E/eng_rf_nv_update(   95): [set_rf_nvconf]: waiting rf finish self calibration!
04-26 07:49:49.840 I/Gecko   (   83): 1398523789851	Marionette	INFO	sendToClient: {"from":"0","value":false}, {750c3a22-4a8f-4e33-9fb3-9b15baea4287}, {750c3a22-4a8f-4e33-9fb3-9b15baea4287}
04-26 07:49:50.050 I/Gecko   (   83): 1398523790055	Marionette	INFO	sendToClient: {"from":"0","value":{"ELEMENT":"{7af2df06-a9a3-4a42-8685-d430181c499a}"}}, {b3e6e0cf-1d9c-49b3-ae95-015aae4bbe51}, {b3e6e0cf-1d9c-49b3-ae95-015aae4bbe51}
04-26 07:49:50.090 I/Gecko   (   83): 1398523790093	Marionette	INFO	sendToClient: {"from":"0","value":false}, {e4c527a2-f5b8-4c2b-9206-04a8c75a85e0}, {e4c527a2-f5b8-4c2b-9206-04a8c75a85e0}
04-26 07:49:50.200 E/eng_rf_nv_update(   95): [set_rf_nvconf]: waiting rf finish self calibration!
04-26 07:49:50.230 I/Gecko   (   83): 1398523790243	Marionette	INFO	sendToClient: {"from":"0","value":{"ELEMENT":"{7af2df06-a9a3-4a42-8685-d430181c499a}"}}, {e01aa5fe-a482-40d3-b77c-93b76a1a7a13}, {e01aa5fe-a482-40d3-b77c-93b76a1a7a13}
04-26 07:49:50.280 I/Gecko   (   83): 1398523790284	Marionette	INFO	sendToClient: {"from":"0","value":false}, {d0dfca3f-1fc9-46b3-9c90-89f139410c46}, {d0dfca3f-1fc9-46b3-9c90-89f139410c46}
04-26 07:49:50.380 I/GeckoDump(   83): XXX FIXME : Got a mozContentEvent: accessibility-screenreader
04-26 07:49:50.420 I/GeckoDump(   83): XXX FIXME : Got a mozContentEvent: nfc-hardware-state-change
04-26 07:49:50.700 E/eng_rf_nv_update(   95): [set_rf_nvconf]: waiting rf finish self calibration!
04-26 07:49:50.790 I/Gecko   (   83): 1398523790801	Marionette	INFO	sendToClient: {"from":"0","value":{"ELEMENT":"{7af2df06-a9a3-4a42-8685-d430181c499a}"}}, {4e11b643-a7e3-47a8-877d-2c7b31e13c9a}, {4e11b643-a7e3-47a8-877d-2c7b31e13c9a}
04-26 07:49:50.890 I/Gecko   (   83): 1398523790897	Marionette	INFO	sendToClient: {"from":"0","value":true}, {cbac6ed8-d0c7-4ad2-af17-757ce5f36f20}, {cbac6ed8-d0c7-4ad2-af17-757ce5f36f20}
04-26 07:49:51.040 E/GeckoConsole(   83): Content JS ERROR at app://system.gaiamobile.org/js/telephony_settings.js:23 in set_vpm_error: Error setting voice privacy.
04-26 07:49:51.040 E/GeckoConsole(   83): Content JS ERROR at app://system.gaiamobile.org/js/telephony_settings.js:23 in set_vpm_error: Error setting voice privacy.
04-26 07:49:51.060 I/FMRadio (   83): FMRadio is initialized.
04-26 07:49:51.120 E/GeckoConsole(   83): Content JS ERROR at app://system.gaiamobile.org/js/telephony_settings.js:42 in set_vpm_error: Error roaming preference.
04-26 07:49:51.120 E/GeckoConsole(   83): Content JS ERROR at app://system.gaiamobile.org/js/telephony_settings.js:42 in set_vpm_error: Error roaming preference.
04-26 07:49:51.200 E/eng_rf_nv_update(   95): [set_rf_nvconf]: waiting rf finish self calibration!
04-26 07:49:51.420 I/GeckoDump(   83): XXX FIXME : Got a mozContentEvent: inputmethod-update-layouts
04-26 07:49:51.480 I/Gecko   (   83): ############################### browserElementPanning.js loaded
04-26 07:49:51.510 I/Gecko   (   83): ######################## BrowserElementChildPreload.js loaded
04-26 07:49:51.550 I/GeckoDump(   83): XXX FIXME : Got a mozContentEvent: inputmethod-update-layouts
04-26 07:49:51.700 E/eng_rf_nv_update(   95): [set_rf_nvconf]: waiting rf finish self calibration!
04-26 07:49:51.860 E/GeckoConsole(   83): [JavaScript Warning: "Error in parsing value for 'font-weight'.  Declaration dropped." {file: "app://keyboard.gaiamobile.org/style/keyboard.css" line: 133 column: 15 source: "  font-weight: medium;"}]
04-26 07:49:52.200 E/eng_rf_nv_update(   95): [set_rf_nvconf]: waiting rf finish self calibration!
04-26 07:49:52.230 I/GeckoDump(   83): FTU manifest cannot be found skipping.
04-26 07:49:52.260 I/Gonk    (   83): Setting nice for pid 360 to 18
04-26 07:49:52.260 I/Gonk    (   83): Changed nice for pid 360 from 18 to 18.
04-26 07:49:52.270 I/Gecko   (   83): [Parent 83] WARNING: waitpid failed pid:360 errno:10: file ../../../gecko/ipc/chromium/src/base/process_util_posix.cc, line 254
04-26 07:49:52.270 I/Gonk    (   83): Setting nice for pid 360 to 1
04-26 07:49:52.270 I/Gonk    (   83): Changed nice for pid 360 from 18 to 1.
04-26 07:49:52.700 E/eng_rf_nv_update(   95): [set_rf_nvconf]: waiting rf finish self calibration!
04-26 07:49:52.860 I/Gecko   (  360): ###################################### forms.js loaded
04-26 07:49:52.890 I/Gecko   (  360): ############################### browserElementPanning.js loaded
04-26 07:49:52.940 I/Gecko   (  360): ######################## BrowserElementChildPreload.js loaded
04-26 07:49:53.220 E/eng_rf_nv_update(   95): [set_rf_nvconf]: waiting rf finish self calibration!
04-26 07:49:53.580 I/Gecko   (   83): 1398523793591	Marionette	INFO	sendToClient: {"from":"0","ok":true}, {bbd11ec5-314d-4049-8b3f-675d0ff11d94}, {bbd11ec5-314d-4049-8b3f-675d0ff11d94}
04-26 07:49:53.600 I/Gecko   (   83): 1398523793608	Marionette	DEBUG	Got request: switchToFrame, data: {"to":"0","sessionId":"3-b2g","name":"switchToFrame","parameters":{"id":null,"focus":true}}, id: {a1842f1f-8bac-4e45-8b5a-2c52134204cb}
04-26 07:49:53.600 I/Gecko   (   83): 1398523793610	Marionette	INFO	Switched to frame: {"frameValue":null}
04-26 07:49:53.710 I/Gecko   (   83): 1398523793715	Marionette	INFO	sendToClient: {"from":"0","ok":true}, {a1842f1f-8bac-4e45-8b5a-2c52134204cb}, {a1842f1f-8bac-4e45-8b5a-2c52134204cb}
04-26 07:49:53.710 I/Gecko   (   83): 1398523793722	Marionette	DEBUG	Got request: executeWithCallback, data: {"to":"0","sessionId":"3-b2g","name":"executeAsyncScript","parameters":{"specialPowers":false,"scriptTimeout":null,"newSandbox":true,"args":[],"filename":"gaia_test.py","script":"GaiaLockScreen.unlock()","line":810}}, id: {fcd37ee5-f436-4e31-9ba0-34f99dba80d8}
04-26 07:49:53.720 E/eng_rf_nv_update(   95): [set_rf_nvconf]: waiting rf finish self calibration!
04-26 07:49:54.060 I/Gecko   (   83): 1398523794071	Marionette	INFO	sendToClient: {"from":"0","value":{"passed":0,"failed":0,"failures":[]}}, {fcd37ee5-f436-4e31-9ba0-34f99dba80d8}, {fcd37ee5-f436-4e31-9ba0-34f99dba80d8}
04-26 07:49:54.220 E/eng_rf_nv_update(   95): [set_rf_nvconf]: waiting rf finish self calibration!
04-26 07:49:54.750 E/eng_rf_nv_update(   95): [set_rf_nvconf]: waiting rf finish self calibration!
04-26 07:49:54.980 I/Gecko   (   83): 1398523794985	Marionette	INFO	sendToClient: {"from":"0","ok":true}, {62ee0a01-f8ac-4b09-88d2-21ae9c1d96bf}, {62ee0a01-f8ac-4b09-88d2-21ae9c1d96bf}
04-26 07:49:55.000 I/GeckoDump(   83): XXX FIXME : Got a mozContentEvent: nfc-hardware-state-change
04-26 07:49:55.020 I/GeckoDump(   83): XXX FIXME : Got a mozContentEvent: nfc-hardware-state-change
04-26 07:49:55.250 E/eng_rf_nv_update(   95): [set_rf_nvconf]: waiting rf finish self calibration!
04-26 07:49:55.320 E/Profiler(   83): BPUnw: [1 total] thread_unregister_for_profiling(me=0x1157408)  (NOT REGISTERED) 
04-26 07:49:55.400 I/Gecko   (   83): 1398523795408	Marionette	DEBUG	Got request: switchToFrame, data: {"to":"0","sessionId":"3-b2g","name":"switchToFrame","parameters":{"id":null,"focus":true}}, id: {c12d46da-0b91-4127-9a76-d9b982f4a9d7}
04-26 07:49:55.430 I/Gecko   (   83): 1398523795439	Marionette	INFO	Switched to frame: {"frameValue":null}
04-26 07:49:55.540 I/Gecko   (   83): 1398523795544	Marionette	INFO	sendToClient: {"from":"0","ok":true}, {c12d46da-0b91-4127-9a76-d9b982f4a9d7}, {c12d46da-0b91-4127-9a76-d9b982f4a9d7}
04-26 07:49:55.540 I/Gecko   (   83): 1398523795550	Marionette	DEBUG	Got request: executeWithCallback, data: {"to":"0","sessionId":"3-b2g","name":"executeAsyncScript","parameters":{"specialPowers":false,"scriptTimeout":60000,"newSandbox":true,"args":[],"filename":"app_checker.py","script":"\n        GaiaApps.locateWithManifestURL('https://marketplace.firefox.com/app/33be4a1d-7211-4ace-8baa-84c9ab06b55f/manifest.webapp',\n                                       null,\n                                       function uninstall(app) {\n                                       navigator.mozApps.mgmt.uninstall(app);\n                                       marionetteScriptFinished(true);\n                                       });\n        ","line":129}}, id: {2ad76e36-d317-41e2-89c6-79435f7e09b4}
04-26 07:49:55.590 I/Gecko   (   83): -- webapps.js uninstall https://marketplace.firefox.com/app/33be4a1d-7211-4ace-8baa-84c9ab06b55f/manifest.webapp
04-26 07:49:55.720 I/Gecko   (   83): 1398523795726	Marionette	INFO	sendToClient: {"from":"0","value":true}, {2ad76e36-d317-41e2-89c6-79435f7e09b4}, {2ad76e36-d317-41e2-89c6-79435f7e09b4}
04-26 07:49:55.750 E/eng_rf_nv_update(   95): [set_rf_nvconf]: waiting rf finish self calibration!
04-26 07:49:56.050 E/        (   94): nvcal_recv_from_modem: select n=0, retry 1
04-26 07:49:56.050 E/        (   94): nvcal_recv_from_modem: select n=0, retry 2
04-26 07:49:56.050 E/        (   94): nvcal_recv_from_modem: select n=0, retry 3
04-26 07:49:56.050 E/        (   94): nvcal_recv_from_modem: select n=0, retry 4
04-26 07:49:56.050 E/        (   94): nvcal_recv_from_modem: Receive 0 Modem Response
04-26 07:49:56.050 E/        (   94): read_rf_nvconf_cmd:  timeout=-1, response=[]
04-26 07:49:56.100 I//system/bin/eng_rf_nv_config(   81): recv from modem timeout=-1, cmdbuf=[]
04-26 07:49:56.150 E/        (   94): read_rf_nvconf_cmd: Get info from modem fail
04-26 07:49:56.150 E/        (   94): read_rf_nvconf_from_modem: read part1 data failed
04-26 07:49:56.150 E/eng_rf_nv_config(   94): [get_rf_nvconf] Error: get nv from modem failed! retry!
04-26 07:49:56.250 E/eng_rf_nv_update(   95): [set_rf_nvconf]: waiting rf finish self calibration!
04-26 07:49:56.250 E/        (   94): read_rf_nvconf_from_modem: part1=[0xbefb0324,976]; part2=[0xbefb06f4,880]; part3=[0xbefb0a64,400];
04-26 07:49:56.250 E/        (   94): read_rf_nvconf_cmd 
04-26 07:49:56.260 E/        (   94): read_rf_nvconf_cmd: send [39,1,AT+SNVM=0,415]
04-26 07:49:56.260 E/        (   94): nvcal_send_to_modem
04-26 07:49:56.260 E/        (   94): nvcal_recv_from_modem: Waiting modem response ... fd=7
04-26 07:49:56.260 D/SPRDENG (  170): eng_servermodem_comm: use SIM1 /dev/CHNPTY13
04-26 07:49:56.260 D/SPRDENG (  170): AT > AT+SNVM=0,415
04-26 07:49:56.260 D/SPRDENG (  170): 41
04-26 07:49:56.260 D/SPRDENG (  170): 54
04-26 07:49:56.260 D/SPRDENG (  170): 2b
04-26 07:49:56.260 D/SPRDENG (  170): 53
04-26 07:49:56.260 D/SPRDENG (  170): 4e
04-26 07:49:56.260 D/SPRDENG (  170): 56
04-26 07:49:56.260 D/SPRDENG (  170): 4d
04-26 07:49:56.260 D/SPRDENG (  170): 3d
04-26 07:49:56.260 D/SPRDENG (  170): 30
04-26 07:49:56.260 D/SPRDENG (  170): 2c
04-26 07:49:56.260 D/SPRDENG (  170): 34
04-26 07:49:56.260 D/SPRDENG (  170): 31
04-26 07:49:56.260 D/SPRDENG (  170): 35
04-26 07:49:56.260 D/SPRDENG (  170): eng_modem2server: use SIM1 /dev/CHNPTY13