--------- beginning of /dev/log/main
04-25 21:58:39.401 I/Gecko   (   83): 1398488319409	Marionette	INFO	sendToClient: {"from":"0","ok":true}, {d2e2c06b-85c9-44f4-a409-b53e984a1f70}, {d2e2c06b-85c9-44f4-a409-b53e984a1f70}
04-25 21:58:39.411 I/Gecko   (   83): 1398488319415	Marionette	DEBUG	Got request: switchToFrame, data: {"to":"0","sessionId":"3-b2g","name":"switchToFrame","parameters":{"id":null,"focus":true}}, id: {302fb937-7f8c-4916-aa03-ea096c23bda4}
04-25 21:58:39.411 I/Gecko   (   83): 1398488319417	Marionette	INFO	Switched to frame: {"frameValue":null}
04-25 21:58:39.511 I/Gecko   (   83): 1398488319519	Marionette	INFO	sendToClient: {"from":"0","ok":true}, {302fb937-7f8c-4916-aa03-ea096c23bda4}, {302fb937-7f8c-4916-aa03-ea096c23bda4}
04-25 21:58:39.531 I/Gecko   (   83): 1398488319537	Marionette	DEBUG	Got request: executeWithCallback, data: {"to":"0","sessionId":"3-b2g","name":"executeAsyncScript","parameters":{"specialPowers":false,"scriptTimeout":null,"newSandbox":true,"args":[],"filename":"gaia_test.py","script":"return GaiaApps.displayedApp();","line":66}}, id: {6a4c14a3-a746-41e1-83c4-d3e1ecee81a6}
04-25 21:58:39.571 I/Gecko   (   83): 1398488319582	Marionette	INFO	sendToClient: {"from":"0","value":{"frame":{"ELEMENT":"{4ac6ba95-8ef9-4a00-ac07-aca80383b809}"},"src":"app://homescreen.gaiamobile.org/index.html#root","name":"Homescreen","origin":"app://homescreen.gaiamobile.org"}}, {6a4c14a3-a746-41e1-83c4-d3e1ecee81a6}, {6a4c14a3-a746-41e1-83c4-d3e1ecee81a6}
04-25 21:58:39.581 I/Gecko   (   83): 1398488319589	Marionette	DEBUG	Got request: switchToFrame, data: {"to":"0","sessionId":"3-b2g","name":"switchToFrame","parameters":{"id":null,"focus":true}}, id: {58913c92-60d1-4157-80b7-003a90f19e4c}
04-25 21:58:39.581 I/Gecko   (   83): 1398488319590	Marionette	INFO	Switched to frame: {"frameValue":null}
04-25 21:58:39.581 E/GeckoConsole(   83): Content JS LOG at dummy file:392 in GaiaApps.displayedApp: app with origin 'app://homescreen.gaiamobile.org' is displayed
04-25 21:58:39.681 I/Gecko   (   83): 1398488319692	Marionette	INFO	sendToClient: {"from":"0","ok":true}, {58913c92-60d1-4157-80b7-003a90f19e4c}, {58913c92-60d1-4157-80b7-003a90f19e4c}
04-25 21:58:39.691 I/Gecko   (   83): 1398488319699	Marionette	DEBUG	Got request: switchToFrame, data: {"to":"0","sessionId":"3-b2g","name":"switchToFrame","parameters":{"id":null,"focus":true}}, id: {98190f1d-f2fc-438b-9b4d-104204823f14}
04-25 21:58:39.691 I/Gecko   (   83): 1398488319700	Marionette	INFO	Switched to frame: {"frameValue":null}
04-25 21:58:39.791 I/Gecko   (   83): 1398488319802	Marionette	INFO	sendToClient: {"from":"0","ok":true}, {98190f1d-f2fc-438b-9b4d-104204823f14}, {98190f1d-f2fc-438b-9b4d-104204823f14}
04-25 21:58:39.801 I/Gecko   (   83): 1398488319810	Marionette	DEBUG	Got request: executeWithCallback, data: {"to":"0","sessionId":"3-b2g","name":"executeAsyncScript","parameters":{"specialPowers":false,"scriptTimeout":null,"newSandbox":true,"args":[],"filename":"gaia_test.py","script":"return GaiaApps.displayedApp();","line":66}}, id: {ca54c632-5929-44d6-8cbb-f285455baa7a}
04-25 21:58:39.831 I/Gecko   (   83): 1398488319837	Marionette	INFO	sendToClient: {"from":"0","value":{"frame":{"ELEMENT":"{4ac6ba95-8ef9-4a00-ac07-aca80383b809}"},"src":"app://homescreen.gaiamobile.org/index.html#root","name":"Homescreen","origin":"app://homescreen.gaiamobile.org"}}, {ca54c632-5929-44d6-8cbb-f285455baa7a}, {ca54c632-5929-44d6-8cbb-f285455baa7a}
04-25 21:58:39.831 I/Gecko   (   83): 1398488319844	Marionette	DEBUG	Got request: switchToFrame, data: {"to":"0","sessionId":"3-b2g","name":"switchToFrame","parameters":{"focus":true,"element":"{4ac6ba95-8ef9-4a00-ac07-aca80383b809}"}}, id: {866e292f-dfa7-45e0-b80f-4c584367e184}
04-25 21:58:39.841 I/Gecko   (   83): 1398488319850	Marionette	INFO	Switched to frame: {"frameValue":"{4ac6ba95-8ef9-4a00-ac07-aca80383b809}"}
04-25 21:58:39.851 E/GeckoConsole(   83): Content JS LOG at dummy file:392 in GaiaApps.displayedApp: app with origin 'app://homescreen.gaiamobile.org' is displayed
04-25 21:58:39.851 I/Gecko   (   83): 1398488319858	Marionette	INFO	trying remote frame 0
04-25 21:58:39.861 I/Gecko   (   83): 1398488319867	Marionette	INFO	sendToClient: {"from":"0","ok":true}, {866e292f-dfa7-45e0-b80f-4c584367e184}, {866e292f-dfa7-45e0-b80f-4c584367e184}
04-25 21:58:39.891 I/Gecko   (   83): 1398488319899	Marionette	INFO	sendToClient: {"from":"0","value":{"ELEMENT":"{e29c8586-5980-404f-ae00-708b8b82484b}"}}, {61eb2236-a85c-4e7b-9c3c-bb49eb880105}, {61eb2236-a85c-4e7b-9c3c-bb49eb880105}
04-25 21:58:39.931 E/GeckoConsole(  528): [JavaScript Warning: "Use of getAttributeNode() is deprecated. Use getAttribute() instead." {file: "chrome://marionette/content/atoms.js" line: 25}]
04-25 21:58:39.941 E/GeckoConsole(  528): [JavaScript Warning: "Use of attributes' specified attribute is deprecated. It always returns true." {file: "chrome://marionette/content/atoms.js" line: 25}]
04-25 21:58:39.941 I/Gecko   (   83): 1398488319950	Marionette	INFO	sendToClient: {"from":"0","value":"normal"}, {7267be70-9d81-4f3f-b71d-a1608433b0e3}, {7267be70-9d81-4f3f-b71d-a1608433b0e3}
04-25 21:58:39.951 I/Gecko   (   83): 1398488319957	Marionette	DEBUG	Got request: switchToFrame, data: {"to":"0","sessionId":"3-b2g","name":"switchToFrame","parameters":{"id":null,"focus":true}}, id: {0f247360-46d5-43ca-9d4b-7a24fb45ab2e}
04-25 21:58:39.961 I/Gecko   (   83): 1398488319966	Marionette	INFO	Switched to frame: {"frameValue":null}
04-25 21:58:40.071 I/Gecko   (   83): 1398488320077	Marionette	INFO	sendToClient: {"from":"0","ok":true}, {0f247360-46d5-43ca-9d4b-7a24fb45ab2e}, {0f247360-46d5-43ca-9d4b-7a24fb45ab2e}
04-25 21:58:40.071 I/Gecko   (   83): 1398488320084	Marionette	DEBUG	Got request: execute, data: {"to":"0","sessionId":"3-b2g","name":"executeScript","parameters":{"specialPowers":false,"scriptTimeout":null,"newSandbox":true,"args":[],"filename":"gaia_test.py","script":"window.wrappedJSObject.dispatchEvent(new Event('home'));","line":788}}, id: {94b61e7d-2aaa-4ab4-b1f9-dd32c81f9381}
04-25 21:58:40.121 I/Gecko   (   83): 1398488320126	Marionette	INFO	sendToClient: {"from":"0","value":null}, {94b61e7d-2aaa-4ab4-b1f9-dd32c81f9381}, {94b61e7d-2aaa-4ab4-b1f9-dd32c81f9381}
04-25 21:58:40.121 I/Gecko   (   83): 1398488320132	Marionette	DEBUG	Got request: switchToFrame, data: {"to":"0","sessionId":"3-b2g","name":"switchToFrame","parameters":{"id":null,"focus":true}}, id: {ba38dba2-5051-4fe6-8ddc-fa15f8418358}
04-25 21:58:40.121 I/Gecko   (   83): 1398488320134	Marionette	INFO	Switched to frame: {"frameValue":null}
04-25 21:58:40.231 I/Gecko   (   83): 1398488320237	Marionette	INFO	sendToClient: {"from":"0","ok":true}, {ba38dba2-5051-4fe6-8ddc-fa15f8418358}, {ba38dba2-5051-4fe6-8ddc-fa15f8418358}
04-25 21:58:40.231 I/Gecko   (   83): 1398488320243	Marionette	DEBUG	Got request: switchToFrame, data: {"to":"0","sessionId":"3-b2g","name":"switchToFrame","parameters":{"id":null,"focus":true}}, id: {5df385b8-c51c-453f-8685-c56d7c19b5e5}
04-25 21:58:40.251 I/Gecko   (   83): 1398488320255	Marionette	INFO	Switched to frame: {"frameValue":null}
04-25 21:58:40.281 I/Gecko   (   83): [Parent 83] WARNING: waitpid failed pid:563 errno:10: file ../../../gecko/ipc/chromium/src/base/process_util_posix.cc, line 254
04-25 21:58:40.281 I/Gecko   (   83): [Parent 83] WARNING: Failed to deliver SIGKILL to 563!(3).: file ../../../gecko/ipc/chromium/src/chrome/common/process_watcher_posix_sigchld.cc, line 118
04-25 21:58:40.361 I/Gecko   (   83): 1398488320367	Marionette	INFO	sendToClient: {"from":"0","ok":true}, {5df385b8-c51c-453f-8685-c56d7c19b5e5}, {5df385b8-c51c-453f-8685-c56d7c19b5e5}
04-25 21:58:40.361 I/Gecko   (   83): 1398488320374	Marionette	DEBUG	Got request: executeWithCallback, data: {"to":"0","sessionId":"3-b2g","name":"executeAsyncScript","parameters":{"specialPowers":false,"scriptTimeout":null,"newSandbox":true,"args":[],"filename":"gaia_test.py","script":"return GaiaApps.displayedApp();","line":66}}, id: {aa5e4775-ef19-4518-ab5c-e4bb8418f821}
04-25 21:58:40.401 I/Gecko   (   83): 1398488320412	Marionette	INFO	sendToClient: {"from":"0","value":{"frame":{"ELEMENT":"{4ac6ba95-8ef9-4a00-ac07-aca80383b809}"},"src":"app://homescreen.gaiamobile.org/index.html#rootFri%20Apr%2025%202014%2021:58:40%20GMT-0700%20(UTC)","name":"Homescreen","origin":"app://homescreen.gaiamobile.org"}}, {aa5e4775-ef19-4518-ab5c-e4bb8418f821}, {aa5e4775-ef19-4518-ab5c-e4bb8418f821}
04-25 21:58:40.411 I/Gecko   (   83): 1398488320418	Marionette	DEBUG	Got request: switchToFrame, data: {"to":"0","sessionId":"3-b2g","name":"switchToFrame","parameters":{"focus":true,"element":"{4ac6ba95-8ef9-4a00-ac07-aca80383b809}"}}, id: {38c66388-dab3-4e39-9efa-3f852796ed86}
04-25 21:58:40.411 I/Gecko   (   83): 1398488320423	Marionette	INFO	Switched to frame: {"frameValue":"{4ac6ba95-8ef9-4a00-ac07-aca80383b809}"}
04-25 21:58:40.421 E/GeckoConsole(   83): Content JS LOG at dummy file:392 in GaiaApps.displayedApp: app with origin 'app://homescreen.gaiamobile.org' is displayed
04-25 21:58:40.421 I/Gecko   (   83): 1398488320427	Marionette	INFO	trying remote frame 0
04-25 21:58:40.431 I/Gecko   (   83): 1398488320435	Marionette	INFO	sendToClient: {"from":"0","ok":true}, {38c66388-dab3-4e39-9efa-3f852796ed86}, {38c66388-dab3-4e39-9efa-3f852796ed86}
04-25 21:58:40.441 I/Gecko   (   83): 1398488320446	Marionette	DEBUG	Got request: execute, data: {"to":"0","sessionId":"3-b2g","name":"executeScript","parameters":{"specialPowers":false,"scriptTimeout":null,"newSandbox":true,"args":[],"filename":"gaia_test.py","script":"return window.wrappedJSObject.GridManager.pageHelper.getCurrentPageNumber();","line":784}}, id: {19ca8f3e-bfda-4e07-be43-779fc20ca9b6}
04-25 21:58:40.451 I/Gecko   (  609): ###################################### forms.js loaded
04-25 21:58:40.491 I/Gecko   (   83): 1398488320501	Marionette	INFO	sendToClient: {"from":"0","value":0}, {19ca8f3e-bfda-4e07-be43-779fc20ca9b6}, {19ca8f3e-bfda-4e07-be43-779fc20ca9b6}
04-25 21:58:40.521 I/Gecko   (   83): 1398488320531	Marionette	INFO	sendToClient: {"from":"0","value":["{2fcbf108-51a6-4894-b5b2-00bd29ccf206}","{7287c1a2-6c46-4e13-90ff-7bc2bdd1398d}","{540f973c-d22c-44be-9ebe-7feb083c7d7c}","{e7caf136-b131-4ffd-8ed3-66aa0521f883}","{858722fd-f004-4345-a5bb-7643cbc1301b}","{0b82817e-8ab3-4e97-b1bb-caa5ad943e98}","{d4e4904f-2ec9-4490-8023-fa2f2e6c6fcc}","{93b41924-5dc6-48ad-9c34-034a93558789}","{9089ca2e-07dc-4a91-968b-a12f5d67b673}","{5d867c64-b7d5-47f4-804a-6efca9468e8b}","{130efa91-4074-4822-81f8-00cf233372bd}","{377d513c-597c-41d3-891e-e3173176a8af}","{d236d9d4-e2e7-4012-9c28-4a69c46cd5b0}","{b480656b-ba26-472b-81e4-8854c23bf323}","{20ba8a9d-381e-4533-890b-3f1be9e2e42f}","{1eab71cc-bae1-48e3-adcb-842e4d064fa3}","{723da486-ced9-43c1-beae-57f6d9743d83}","{1e5c98a3-2823-47a6-92e8-4f6954ce913d}","{d9bfc321-872f-43b6-92a9-4aaf86658a2e}","{c301b907-5bd4-4a09-9166-898dc4532973}","{96fcc8c3-838b-496d-8f78-9209d38b8e6d}","{ecf09292-0b61-4836-99fa-e3764d4421cb}","{2eec2869-94fd-4f50-a540-699c89f0f59b}"]}, {84d70e94-8f
04-25 21:58:40.531 I/Gecko   (   83): 1398488320541	Marionette	INFO	sendToClient: {"from":"0","value":"app://homescreen.gaiamobile.org/index.html#rootFri%20Apr%2025%202014%2021:58:40%20GMT-0700%20(UTC)"}, {5b866138-59bd-4cd6-ae80-02ad0e47fc9b}, {5b866138-59bd-4cd6-ae80-02ad0e47fc9b}
04-25 21:58:40.541 I/Gecko   (   83): 1398488320547	Marionette	DEBUG	Got request: switchToFrame, data: {"to":"0","sessionId":"3-b2g","name":"switchToFrame","parameters":{"id":null,"focus":true}}, id: {17815afa-4bdb-4862-9930-6949bec38dd9}
04-25 21:58:40.561 I/Gecko   (   83): 1398488320567	Marionette	INFO	Switched to frame: {"frameValue":null}
04-25 21:58:40.571 I/Gecko   (  609): ############################### browserElementPanning.js loaded
04-25 21:58:40.591 I/Gecko   (  609): ######################## BrowserElementChildPreload.js loaded
04-25 21:58:40.661 I/Gecko   (   83): 1398488320674	Marionette	INFO	sendToClient: {"from":"0","ok":true}, {17815afa-4bdb-4862-9930-6949bec38dd9}, {17815afa-4bdb-4862-9930-6949bec38dd9}
04-25 21:58:40.671 I/Gecko   (   83): 1398488320681	Marionette	DEBUG	Got request: switchToFrame, data: {"to":"0","sessionId":"3-b2g","name":"switchToFrame","parameters":{"id":null,"focus":true}}, id: {8e4d6844-d0f7-4796-9979-f9db8c2212c1}
04-25 21:58:40.671 I/Gecko   (   83): 1398488320682	Marionette	INFO	Switched to frame: {"frameValue":null}
04-25 21:58:40.721 W/WifiHW  (   83): wifi_command: SIGNAL_POLL
04-25 21:58:40.841 I/Gecko   (   83): 1398488320847	Marionette	INFO	sendToClient: {"from":"0","ok":true}, {8e4d6844-d0f7-4796-9979-f9db8c2212c1}, {8e4d6844-d0f7-4796-9979-f9db8c2212c1}
04-25 21:58:40.851 I/Gecko   (   83): 1398488320858	Marionette	DEBUG	Got request: executeWithCallback, data: {"to":"0","sessionId":"3-b2g","name":"executeAsyncScript","parameters":{"specialPowers":false,"scriptTimeout":30000,"newSandbox":true,"args":[],"filename":"app_checker.py","script":"GaiaApps.launchWithManifestURL('https://marketplace.firefox.com/app/90551bad-1e2a-4c5a-a5fb-9a4e58873d20/manifest.webapp')","line":106}}, id: {61a39b59-ecc6-4754-9691-60cd55925c38}
04-25 21:58:41.071 V/AudioPolicyManagerBase(   88): getDeviceForStrategy() from cache strategy 0, device 2
04-25 21:58:41.081 V/AudioPolicyManagerBase(   88): getOutput() stream 1, samplingRate 0, format 0, channels 3, flags 0
04-25 21:58:41.101 I/Gonk    (   83): Setting nice for pid 609 to 18
04-25 21:58:41.101 I/Gonk    (   83): Changed nice for pid 609 from 18 to 18.
04-25 21:58:41.101 I/Gecko   (   83): [Parent 83] WARNING: waitpid failed pid:609 errno:10: file ../../../gecko/ipc/chromium/src/base/process_util_posix.cc, line 254
04-25 21:58:41.121 V/AudioPolicyManagerBase(   88): startOutput() output 1, stream 1, session 2
04-25 21:58:41.121 V/AudioPolicyManagerBase(   88): startReadingThread
04-25 21:58:41.121 V/AudioPolicyManagerBase(   88): changeRefCount() stream 1, count 1
04-25 21:58:41.121 V/AudioPolicyManagerBase(   88): getDeviceForStrategy() from cache strategy 0, device 2
04-25 21:58:41.121 V/AudioPolicyManagerBase(   88): getNewDevice() selected device 2
04-25 21:58:41.121 D/AudioPolicyManagerBase(   88): setOutputDevice() output 1 device 2 delayMs 0
04-25 21:58:41.121 V/AudioPolicyManagerBase(   88): setOutputDevice() setting same device 2 or null device for output 1
04-25 21:58:41.121 E/AudioPolicyManagerBase(   88): checkAndSetVolume stream=1, index=15, output=1, device=2
04-25 21:58:41.121 E/AudioPolicyManagerBase(   88): computeVolume, streamDesc=0xab4bb0
04-25 21:58:41.121 V/AudioPolicyManagerBase(   88): VOLUME vol index=[60 100 100], dB=[-11.0 0.0 0.0] ampl=1.00000
04-25 21:58:41.131 I/Gonk    (   83): Setting nice for pid 609 to 1
04-25 21:58:41.131 I/Gonk    (   83): Changed nice for pid 609 from 18 to 1.
04-25 21:58:41.131 V/AudioPolicyManagerBase(   88): ThreadWrapper 0xab4b38
04-25 21:58:41.131 V/AudioPolicyManagerBase(   88): threadFunc in
04-25 21:58:41.161 W/AudioFlinger(   88): Thread AudioOut_1 cannot connect to the power manager service
04-25 21:58:41.161 V/AudioPolicyManagerBase(   88): stopOutput() output 1, stream 1, session 2
04-25 21:58:41.161 V/AudioPolicyManagerBase(   88): stopReadingThread
04-25 21:58:41.161 E/GeckoConsole(   83): Content JS LOG at dummy file:334 in GaiaApps.launch: launching app with name 'Easy Discount'
04-25 21:58:41.231 V/AudioPolicyManagerBase(   88): threadFunc exit
04-25 21:58:41.241 V/AudioPolicyManagerBase(   88): changeRefCount() stream 1, count 0
04-25 21:58:41.241 V/AudioPolicyManagerBase(   88): getNewDevice() selected device 0
04-25 21:58:41.241 D/AudioPolicyManagerBase(   88): setOutputDevice() output 1 device 0 delayMs 290
04-25 21:58:41.241 V/AudioPolicyManagerBase(   88): setOutputDevice() setting same device 0 or null device for output 1
04-25 21:58:41.251 V/AudioPolicyManagerBase(   88): startOutput() output 1, stream 1, session 2
04-25 21:58:41.251 V/AudioPolicyManagerBase(   88): changeRefCount() stream 1, count 1
04-25 21:58:41.251 V/AudioPolicyManagerBase(   88): getDeviceForStrategy() from cache strategy 0, device 2
04-25 21:58:41.251 V/AudioPolicyManagerBase(   88): getNewDevice() selected device 2
04-25 21:58:41.251 D/AudioPolicyManagerBase(   88): setOutputDevice() output 1 device 2 delayMs 0
04-25 21:58:41.251 V/AudioPolicyManagerBase(   88): setOutputDevice() setting same device 2 or null device for output 1
04-25 21:58:41.251 E/AudioPolicyManagerBase(   88): checkAndSetVolume stream=1, index=15, output=1, device=2
04-25 21:58:41.251 E/AudioPolicyManagerBase(   88): computeVolume, streamDesc=0xab4bb0
04-25 21:58:41.251 V/AudioPolicyManagerBase(   88): VOLUME vol index=[60 100 100], dB=[-11.0 0.0 0.0] ampl=1.00000
04-25 21:58:41.251 V/AudioPolicyManagerBase(   88): stopOutput() output 1, stream 1, session 2
04-25 21:58:41.251 V/AudioPolicyManagerBase(   88): changeRefCount() stream 1, count 0
04-25 21:58:41.251 V/AudioPolicyManagerBase(   88): getNewDevice() selected device 0
04-25 21:58:41.251 D/AudioPolicyManagerBase(   88): setOutputDevice() output 1 device 0 delayMs 290
04-25 21:58:41.251 V/AudioPolicyManagerBase(   88): setOutputDevice() setting same device 0 or null device for output 1
04-25 21:58:41.261 V/AudioPolicyManagerBase(   88): releaseOutput() 1
04-25 21:58:41.491 D/Sensors (   83): activate handle=0; drv=0
04-25 21:58:41.491 D/Sensors (   83): Lis3dhSensor: Control set 1
04-25 21:58:41.491 D/Sensors (   83): Lis3dhSensor: mEnabled = 1
04-25 21:58:41.521 I/Gonk    (   83): Setting nice for pid 528 to 18
04-25 21:58:41.521 I/Gonk    (   83): Changed nice for pid 528 from 1 to 18.
04-25 21:58:42.051 E/GeckoConsole(  609): [JavaScript Warning: "Selector expected.  Ruleset ignored due to bad selector." {file: "app://{23a91973-2a39-415e-9902-a335b5c4c8a6}/app.html" line: 160 column: 4 source: "    }"}]
04-25 21:58:42.131 E/GeckoConsole(  609): [JavaScript Warning: "Expected end of selector or a user action pseudo-class after pseudo-element but found ':'.  Ruleset ignored due to bad selector." {file: "app://{23a91973-2a39-415e-9902-a335b5c4c8a6}/icons/styles/media_icons.css" line: 83 column: 25 source: ".media-artistfilter:after:before { background-position:  -0px -575px; }"}]
04-25 21:58:42.151 E/GeckoConsole(  609): [JavaScript Warning: "Unknown property 'box-sizing'.  Declaration dropped." {file: "app://{23a91973-2a39-415e-9902-a335b5c4c8a6}/util.css" line: 36 column: 12 source: "  box-sizing: border-box;"}]
04-25 21:58:42.151 E/GeckoConsole(  609): [JavaScript Warning: "Unknown property 'box-sizing'.  Declaration dropped." {file: "app://{23a91973-2a39-415e-9902-a335b5c4c8a6}/cross_browser.css" line: 19 column: 12 source: "  box-sizing: border-box;"}]
04-25 21:58:42.151 E/GeckoConsole(  609): [JavaScript Warning: "Unknown property 'box-sizing'.  Declaration dropped." {file: "app://{23a91973-2a39-415e-9902-a335b5c4c8a6}/cross_browser.css" line: 27 column: 12 source: "  box-sizing: border-box;"}]
04-25 21:58:42.151 E/GeckoConsole(  609): [JavaScript Warning: "Unknown property 'box-sizing'.  Declaration dropped." {file: "app://{23a91973-2a39-415e-9902-a335b5c4c8a6}/cross_browser.css" line: 40 column: 12 source: "  box-sizing: border-box;"}]
04-25 21:58:42.161 E/GeckoConsole(  609): [JavaScript Warning: "Unknown property 'box-sizing'.  Declaration dropped." {file: "app://{23a91973-2a39-415e-9902-a335b5c4c8a6}/cross_browser.css" line: 64 column: 12 source: "  box-sizing: border-box;"}]
04-25 21:58:42.161 E/GeckoConsole(  609): [JavaScript Warning: "Unknown property 'box-sizing'.  Declaration dropped." {file: "app://{23a91973-2a39-415e-9902-a335b5c4c8a6}/cross_browser.css" line: 70 column: 12 source: "  box-sizing: border-box;"}]
04-25 21:58:42.161 E/GeckoConsole(  609): [JavaScript Warning: "Unknown property 'box-sizing'.  Declaration dropped." {file: "app://{23a91973-2a39-415e-9902-a335b5c4c8a6}/cross_browser.css" line: 77 column: 12 source: "  box-sizing: border-box;"}]
04-25 21:58:42.161 E/GeckoConsole(  609): [JavaScript Warning: "Unknown property 'box-sizing'.  Declaration dropped." {file: "app://{23a91973-2a39-415e-9902-a335b5c4c8a6}/cross_browser.css" line: 112 column: 12 source: "  box-sizing: border-box;"}]
04-25 21:58:42.161 E/GeckoConsole(  609): [JavaScript Warning: "Unknown property 'box-sizing'.  Declaration dropped." {file: "app://{23a91973-2a39-415e-9902-a335b5c4c8a6}/cross_browser.css" line: 121 column: 12 source: "  box-sizing: border-box;"}]
04-25 21:58:42.161 E/GeckoConsole(  609): [JavaScript Warning: "Unknown property 'box-sizing'.  Declaration dropped." {file: "app://{23a91973-2a39-415e-9902-a335b5c4c8a6}/cross_browser.css" line: 126 column: 12 source: "  box-sizing: border-box;"}]
04-25 21:58:42.161 E/GeckoConsole(  609): [JavaScript Warning: "Unknown property 'box-sizing'.  Declaration dropped." {file: "app://{23a91973-2a39-415e-9902-a335b5c4c8a6}/cross_browser.css" line: 153 column: 12 source: "  box-sizing: border-box;"}]
04-25 21:58:42.161 E/GeckoConsole(  609): [JavaScript Warning: "Unknown property 'box-sizing'.  Declaration dropped." {file: "app://{23a91973-2a39-415e-9902-a335b5c4c8a6}/cross_browser.css" line: 179 column: 12 source: "  box-sizing: border-box;"}]
04-25 21:58:42.161 E/GeckoConsole(  609): [JavaScript Warning: "Unknown pseudo-class or pseudo-element '-webkit-progress-bar'.  Ruleset ignored due to bad selector." {file: "app://{23a91973-2a39-415e-9902-a335b5c4c8a6}/cross_browser.css" line: 192 column: 23 source: "progress:not([value])::-webkit-progress-bar {"}]
04-25 21:58:42.161 E/GeckoConsole(  609): [JavaScript Warning: "Unknown pseudo-class or pseudo-element '-webkit-progress-bar'.  Ruleset ignored due to bad selector." {file: "app://{23a91973-2a39-415e-9902-a335b5c4c8a6}/cross_browser.css" line: 196 column: 17 source: "progress[value]::-webkit-progress-bar {"}]
04-25 21:58:42.161 E/GeckoConsole(  609): [JavaScript Warning: "Unknown pseudo-class or pseudo-element '-webkit-progress-value'.  Ruleset ignored due to bad selector." {file: "app://{23a91973-2a39-415e-9902-a335b5c4c8a6}/cross_browser.css" line: 200 column: 17 source: "progress[value]::-webkit-progress-value {"}]
04-25 21:58:42.161 E/GeckoConsole(  609): [JavaScript Warning: "Unknown pseudo-class or pseudo-element '-webkit-progress-bar'.  Ruleset ignored due to bad selector." {file: "app://{23a91973-2a39-415e-9902-a335b5c4c8a6}/cross_browser.css" line: 204 column: 31 source: "progress[value].pack-activity::-webkit-progress-bar {"}]
04-25 21:58:42.161 E/GeckoConsole(  609): [JavaScript Warning: "Unknown pseudo-class or pseudo-element '-webkit-progress-bar'.  Ruleset ignored due to bad selector." {file: "app://{23a91973-2a39-415e-9902-a335b5c4c8a6}/cross_browser.css" line: 209 column: 37 source: "progress[value].pack-activity.light::-webkit-progress-bar {"}]
04-25 21:58:42.161 E/GeckoConsole(  609): [JavaScript Warning: "Unknown pseudo-class or pseudo-element '-webkit-progress-value'.  Ruleset ignored due to bad selector." {file: "app://{23a91973-2a39-415e-9902-a335b5c4c8a6}/cross_browser.css" line: 228 column: 29 source: "div[role="slider"] progress::-webkit-progress-value {"}]
04-25 21:58:42.161 E/GeckoConsole(  609): [JavaScript Warning: "Unknown property 'box-sizing'.  Declaration dropped." {file: "app://{23a91973-2a39-415e-9902-a335b5c4c8a6}/cross_browser.css" line: 267 column: 12 source: "  box-sizing: border-box;"}]
04-25 21:58:42.561 E/GeckoConsole(  609): [JavaScript Error: "TypeError: document.querySelector(...) is null" {file: "app://{23a91973-2a39-415e-9902-a335b5c4c8a6}/js/app.js" line: 2}]
04-25 21:58:43.971 E/GeckoConsole(   83): Content JS LOG at dummy file:326 in GaiaApps.launch/appOpen/<: app with origin 'app://{23a91973-2a39-415e-9902-a335b5c4c8a6}' has launched
04-25 21:58:43.981 I/Gecko   (   83): 1398488323991	Marionette	INFO	sendToClient: {"from":"0","value":{"frame":{"ELEMENT":"{9b055d2b-8c79-4bff-8904-755eebc95da4}"},"src":"app://{23a91973-2a39-415e-9902-a335b5c4c8a6}/app.html","name":"Easy Discount","origin":"app://{23a91973-2a39-415e-9902-a335b5c4c8a6}"}}, {61a39b59-ecc6-4754-9691-60cd55925c38}, {61a39b59-ecc6-4754-9691-60cd55925c38}
04-25 21:58:44.001 I/Gecko   (   83): 1398488324014	Marionette	DEBUG	Got request: switchToFrame, data: {"to":"0","sessionId":"3-b2g","name":"switchToFrame","parameters":{"focus":true,"element":"{9b055d2b-8c79-4bff-8904-755eebc95da4}"}}, id: {fc65740c-1add-4c57-9887-8a1ef4e004ca}
04-25 21:58:44.011 I/Gecko   (   83): 1398488324021	Marionette	INFO	Switched to frame: {"frameValue":"{9b055d2b-8c79-4bff-8904-755eebc95da4}"}
04-25 21:58:44.011 I/Gecko   (   83): 1398488324023	Marionette	INFO	trying remote frame 0
04-25 21:58:44.021 I/Gecko   (   83): 1398488324025	Marionette	INFO	trying remote frame 1
04-25 21:58:44.021 I/Gecko   (   83): 1398488324031	Marionette	INFO	deleting frame
04-25 21:58:44.031 I/Gecko   (   83): 1398488324036	Marionette	INFO	frame-manager load script: [object ChromeMessageSender]
04-25 21:58:44.461 I/Gecko   (   83): 1398488324469	Marionette	INFO	sendToClient: {"from":"0","ok":true}, {fc65740c-1add-4c57-9887-8a1ef4e004ca}, {fc65740c-1add-4c57-9887-8a1ef4e004ca}
04-25 21:58:44.471 I/Gecko   (   83): 1398488324482	Marionette	INFO	sendToClient: {"from":"0","value":"app://{23a91973-2a39-415e-9902-a335b5c4c8a6}/app.html"}, {bfe340c5-b550-41b7-adbb-0c2bbacdcce3}, {bfe340c5-b550-41b7-adbb-0c2bbacdcce3}
04-25 21:58:44.481 I/Gecko   (   83): 1398488324489	Marionette	DEBUG	Got request: execute, data: {"to":"0","sessionId":"3-b2g","name":"executeScript","parameters":{"specialPowers":false,"scriptTimeout":null,"newSandbox":true,"args":[],"filename":"app_checker.py","script":"return window.document.readyState;","line":191}}, id: {ed4e458e-4d70-4198-984b-6e095abed673}
04-25 21:58:44.501 I/Gecko   (   83): 1398488324511	Marionette	INFO	sendToClient: {"from":"0","value":"complete"}, {ed4e458e-4d70-4198-984b-6e095abed673}, {ed4e458e-4d70-4198-984b-6e095abed673}
04-25 21:58:44.511 I/Gecko   (   83): 1398488324519	Marionette	INFO	sendToClient: {"from":"0","value":"app://{23a91973-2a39-415e-9902-a335b5c4c8a6}/app.html"}, {9b21828e-210a-44f6-9745-ac768d235b2a}, {9b21828e-210a-44f6-9745-ac768d235b2a}
04-25 21:58:44.531 I/Gecko   (  609): Attempting load of libEGL.so
04-25 21:58:44.571 D/libEGL  (  609): loaded /system/lib/egl/libEGL_mali.so
04-25 21:58:44.591 D/libEGL  (  609): loaded /system/lib/egl/libGLESv1_CM_mali.so
04-25 21:58:44.591 D/libEGL  (  609): loaded /system/lib/egl/libGLESv2_mali.so
04-25 21:58:44.641 I/Gecko   (  609): SharedSurface_Gralloc::Create -------
04-25 21:58:44.661 I/Gecko   (  609): SharedSurface_Gralloc::Create: success -- surface 0x443b6e40, GraphicBuffer 0x4439b800.
04-25 21:58:45.721 I/Gecko   (   83): 1398488325728	Marionette	INFO	sendToClient: {"from":"0","value":"iVBORw0KGgoAAAANSUhEUgAAAUAAAAHMCAYAAACk4nEJAAAgAElEQVR4nOx9eZhUxdX+VWNc4pfdLzHrh8svQU1MjBo1JlETNYnRRA0aVFxwBdxwHBDaBaERxNZEGRURFVGRIIw6hlFaaY2t08DADDAwyDbsDPuILMM65/fH7ao6W92eAXQg3Ps85+nue+tWnao65633VNW9HVTd0AZiiSWWWPZFCVpbgVhiiSWW1pIYAGOJJZZ9VmIAjCWWWPZZiQEwllhi0eXaPUCHz1hiAIwlllh0iQEwllhi2WclBsBYYollX5WKDm2gqlPbVtfjs5Sg6to2EEssscTCxQLgHqDLZyUxAMYSSyyqVLRvEwNgLLHEsm9KRbs2MQDGEkss+6aMa9cGamMAjGVPkWm3nghzBlwOU7uc0Oq6xPLfL+MuagO1t/681fX4LCUGwL1Eqq8/BraurQcAgC2rFsOUG3/c6jrF8t8tYy7YFwCwQxtoTam57TSY9cDFBaXqqiNbVc/Poq4f3/8XmH776VB9zTEF753R7XeAj5rbT2v1+sTy3y1j/tgGarv+d9tZqwPg0n89BIWObevXtnpDfaZ1bWqCLWuWwcp3hsGMu87U77/qSKh/owQ2zpsKS0f0b/W67A0yrdOJMDt5GSwYdGer67I3yphz2kBtcQyAn6lgUPikehw0THxLyIoxT7d6Q31Wdf10RgVsWbnIYeG2rbBo6L2trut/g+D2bm1d9kYZfVYbqPtvB8CKDuGGx9aShchIJ3Y+sVV1ac26Tun5B9gwv8ZenzWwS6vru7cLbu/W1mVvlNFntIG6HmfvtvxmPd4J5j2XaPV6YdmrAXD8dcfCjP5XwpzBxTD/5T4wq+RWmHrvBVBx1ZGR9+WuORqmJy+Fuc8UQ93Qe2FGv8uhsstJJE3VXWfClB7nQVXxWd58Km85Bab0OA+m9DgPclcfvc
04-25 21:58:45.751 W/WifiHW  (   83): wifi_command: SIGNAL_POLL
04-25 21:58:46.031 I/Gecko   (   83): 1398488326036	Marionette	INFO	sendToClient: {"from":"0","ok":true}, {2cb51105-37b2-4d7f-92d0-a549d26b47f8}, {2cb51105-37b2-4d7f-92d0-a549d26b47f8}
04-25 21:58:46.041 I/Gecko   (   83): 1398488326047	Marionette	DEBUG	Got request: switchToFrame, data: {"to":"0","sessionId":"3-b2g","name":"switchToFrame","parameters":{"id":null,"focus":true}}, id: {ad870362-6009-4de4-8abf-afb23a68bc5c}
04-25 21:58:46.061 I/Gecko   (   83): 1398488326068	Marionette	INFO	Switched to frame: {"frameValue":null}
04-25 21:58:46.161 I/Gecko   (   83): 1398488326173	Marionette	INFO	sendToClient: {"from":"0","ok":true}, {ad870362-6009-4de4-8abf-afb23a68bc5c}, {ad870362-6009-4de4-8abf-afb23a68bc5c}
04-25 21:58:46.171 I/Gecko   (   83): 1398488326181	Marionette	DEBUG	Got request: executeWithCallback, data: {"to":"0","sessionId":"3-b2g","name":"executeAsyncScript","parameters":{"specialPowers":false,"scriptTimeout":null,"newSandbox":true,"args":[],"filename":"gaia_test.py","script":"return GaiaApps.displayedApp();","line":66}}, id: {400aa61f-2a29-4d66-a756-617070fd1b5d}
04-25 21:58:46.381 I/Gonk    (   83): Setting nice for pid 643 to 18
04-25 21:58:46.381 I/Gonk    (   83): Changed nice for pid 643 from 0 to 18.
04-25 21:58:46.391 I/Gecko   (   83): 1398488326396	Marionette	INFO	sendToClient: {"from":"0","value":{"frame":{"ELEMENT":"{9b055d2b-8c79-4bff-8904-755eebc95da4}"},"src":"app://{23a91973-2a39-415e-9902-a335b5c4c8a6}/app.html","name":"Easy Discount","origin":"app://{23a91973-2a39-415e-9902-a335b5c4c8a6}"}}, {400aa61f-2a29-4d66-a756-617070fd1b5d}, {400aa61f-2a29-4d66-a756-617070fd1b5d}
04-25 21:58:46.401 E/GeckoConsole(   83): Content JS LOG at dummy file:392 in GaiaApps.displayedApp: app with origin 'app://{23a91973-2a39-415e-9902-a335b5c4c8a6}' is displayed
04-25 21:58:46.401 I/Gecko   (   83): 1398488326414	Marionette	DEBUG	Got request: switchToFrame, data: {"to":"0","sessionId":"3-b2g","name":"switchToFrame","parameters":{"id":null,"focus":true}}, id: {f4715655-3c22-4f44-b77c-ce80404d3ff3}
04-25 21:58:46.411 I/Gecko   (   83): 1398488326416	Marionette	INFO	Switched to frame: {"frameValue":null}
04-25 21:58:46.511 I/Gecko   (   83): 1398488326520	Marionette	INFO	sendToClient: {"from":"0","ok":true}, {f4715655-3c22-4f44-b77c-ce80404d3ff3}, {f4715655-3c22-4f44-b77c-ce80404d3ff3}
04-25 21:58:46.521 I/Gecko   (   83): 1398488326527	Marionette	DEBUG	Got request: execute, data: {"to":"0","sessionId":"3-b2g","name":"executeScript","parameters":{"specialPowers":false,"scriptTimeout":null,"newSandbox":true,"args":[],"filename":"gaia_test.py","script":"window.wrappedJSObject.dispatchEvent(new Event('home'));","line":788}}, id: {315a4c8f-b5ce-43cc-a600-ad8527b83a5b}
04-25 21:58:46.581 I/Gonk    (   83): Setting nice for pid 528 to 1
04-25 21:58:46.581 I/Gonk    (   83): Changed nice for pid 528 from 18 to 1.
04-25 21:58:46.601 D/Sensors (   83): activate handle=0; drv=0
04-25 21:58:46.601 D/Sensors (   83): Lis3dhSensor: Control set 0
04-25 21:58:46.601 D/Sensors (   83): Lis3dhSensor: mEnabled = 0
04-25 21:58:46.611 I/Gecko   (   83): 1398488326619	Marionette	INFO	sendToClient: {"from":"0","value":null}, {315a4c8f-b5ce-43cc-a600-ad8527b83a5b}, {315a4c8f-b5ce-43cc-a600-ad8527b83a5b}
04-25 21:58:46.621 I/Gecko   (   83): 1398488326627	Marionette	DEBUG	Got request: switchToFrame, data: {"to":"0","sessionId":"3-b2g","name":"switchToFrame","parameters":{"id":null,"focus":true}}, id: {476bd0f3-bf4a-4a0b-96ea-f74f38c15ae9}
04-25 21:58:46.621 I/Gecko   (   83): 1398488326629	Marionette	INFO	Switched to frame: {"frameValue":null}
04-25 21:58:46.731 I/Gecko   (   83): 1398488326736	Marionette	INFO	sendToClient: {"from":"0","ok":true}, {476bd0f3-bf4a-4a0b-96ea-f74f38c15ae9}, {476bd0f3-bf4a-4a0b-96ea-f74f38c15ae9}
04-25 21:58:46.731 I/Gecko   (   83): 1398488326743	Marionette	DEBUG	Got request: executeWithCallback, data: {"to":"0","sessionId":"3-b2g","name":"executeAsyncScript","parameters":{"specialPowers":false,"scriptTimeout":null,"newSandbox":true,"args":[],"filename":"gaia_test.py","script":"return GaiaApps.displayedApp();","line":66}}, id: {66d5869e-b2e5-49c6-8bbc-275d27fc3944}
04-25 21:58:46.771 I/Gecko   (   83): 1398488326783	Marionette	INFO	sendToClient: {"from":"0","value":{"frame":{"ELEMENT":"{4ac6ba95-8ef9-4a00-ac07-aca80383b809}"},"src":"app://homescreen.gaiamobile.org/index.html#rootFri%20Apr%2025%202014%2021:58:40%20GMT-0700%20(UTC)","name":"Homescreen","origin":"app://homescreen.gaiamobile.org"}}, {66d5869e-b2e5-49c6-8bbc-275d27fc3944}, {66d5869e-b2e5-49c6-8bbc-275d27fc3944}
04-25 21:58:46.801 E/GeckoConsole(   83): Content JS LOG at dummy file:392 in GaiaApps.displayedApp: app with origin 'app://homescreen.gaiamobile.org' is displayed
04-25 21:58:46.801 I/Gecko   (   83): 1398488326809	Marionette	DEBUG	Got request: switchToFrame, data: {"to":"0","sessionId":"3-b2g","name":"switchToFrame","parameters":{"id":null,"focus":true}}, id: {f1219407-b5d3-4e4f-8e63-1026dfd3dcb9}
04-25 21:58:46.811 I/Gecko   (   83): 1398488326817	Marionette	INFO	Switched to frame: {"frameValue":null}
04-25 21:58:47.431 I/Gecko   (   83): 1398488327435	Marionette	INFO	sendToClient: {"from":"0","ok":true}, {f1219407-b5d3-4e4f-8e63-1026dfd3dcb9}, {f1219407-b5d3-4e4f-8e63-1026dfd3dcb9}
04-25 21:58:47.821 I/Gecko   (   83): 1398488327834	Marionette	DEBUG	Got request: switchToFrame, data: {"to":"0","sessionId":"3-b2g","name":"switchToFrame","parameters":{"id":null,"focus":true}}, id: {3700b30c-19e9-48eb-ac4c-14790a7437cf}
04-25 21:58:47.841 I/Gecko   (   83): 1398488327845	Marionette	INFO	Switched to frame: {"frameValue":null}
04-25 21:58:47.941 I/Gecko   (   83): 1398488327951	Marionette	INFO	sendToClient: {"from":"0","ok":true}, {3700b30c-19e9-48eb-ac4c-14790a7437cf}, {3700b30c-19e9-48eb-ac4c-14790a7437cf}
04-25 21:58:47.951 I/Gecko   (   83): 1398488327959	Marionette	DEBUG	Got request: executeWithCallback, data: {"to":"0","sessionId":"3-b2g","name":"executeAsyncScript","parameters":{"specialPowers":false,"scriptTimeout":null,"newSandbox":true,"args":[],"filename":"gaia_test.py","script":"return GaiaApps.displayedApp();","line":66}}, id: {85cd38d7-95b3-4ced-aa19-ffa351b12c87}
04-25 21:58:48.041 E/GeckoConsole(   83): Content JS LOG at dummy file:392 in GaiaApps.displayedApp: app with origin 'app://homescreen.gaiamobile.org' is displayed
04-25 21:58:48.041 I/Gecko   (   83): 1398488328049	Marionette	INFO	sendToClient: {"from":"0","value":{"frame":{"ELEMENT":"{4ac6ba95-8ef9-4a00-ac07-aca80383b809}"},"src":"app://homescreen.gaiamobile.org/index.html#rootFri%20Apr%2025%202014%2021:58:40%20GMT-0700%20(UTC)","name":"Homescreen","origin":"app://homescreen.gaiamobile.org"}}, {85cd38d7-95b3-4ced-aa19-ffa351b12c87}, {85cd38d7-95b3-4ced-aa19-ffa351b12c87}
04-25 21:58:48.101 I/Gecko   (   83): 1398488328109	Marionette	DEBUG	Got request: switchToFrame, data: {"to":"0","sessionId":"3-b2g","name":"switchToFrame","parameters":{"focus":true,"element":"{4ac6ba95-8ef9-4a00-ac07-aca80383b809}"}}, id: {dc02b7b4-31ce-46d8-94d4-f672436df666}
04-25 21:58:48.131 I/Gecko   (   83): 1398488328136	Marionette	INFO	Switched to frame: {"frameValue":"{4ac6ba95-8ef9-4a00-ac07-aca80383b809}"}
04-25 21:58:48.131 I/Gonk    (   83): Setting nice for pid 609 to 18
04-25 21:58:48.131 I/Gonk    (   83): Changed nice for pid 609 from 1 to 18.
04-25 21:58:48.141 I/Gecko   (   83): 1398488328146	Marionette	INFO	trying remote frame 0
04-25 21:58:48.201 I/Gecko   (   83): 1398488328206	Marionette	INFO	sendToClient: {"from":"0","ok":true}, {dc02b7b4-31ce-46d8-94d4-f672436df666}, {dc02b7b4-31ce-46d8-94d4-f672436df666}
04-25 21:58:48.221 I/Gecko   (   83): 1398488328226	Marionette	INFO	sendToClient: {"from":"0","value":"app://homescreen.gaiamobile.org/index.html#rootFri%20Apr%2025%202014%2021:58:40%20GMT-0700%20(UTC)"}, {031371ff-7ff6-4788-af81-966cad4b31bb}, {031371ff-7ff6-4788-af81-966cad4b31bb}
04-25 21:58:48.221 I/Gecko   (   83): 1398488328233	Marionette	DEBUG	Got request: switchToFrame, data: {"to":"0","sessionId":"3-b2g","name":"switchToFrame","parameters":{"id":null,"focus":true}}, id: {fd1ffe4a-ccdc-4a7b-a95a-f7b8a50bb0f5}
04-25 21:58:48.241 I/Gecko   (   83): 1398488328245	Marionette	INFO	Switched to frame: {"frameValue":null}
04-25 21:58:48.271 I/Gecko   (   83): 
04-25 21:58:48.271 I/Gecko   (   83): ###!!! [Parent][MessageChannel] Error: Channel error: cannot send/recv
04-25 21:58:48.271 I/Gecko   (   83): 
04-25 21:58:48.371 I/Gecko   (   83): [Parent 83] WARNING: waitpid failed pid:609 errno:10: file ../../../gecko/ipc/chromium/src/base/process_util_posix.cc, line 254
04-25 21:58:48.371 I/Gecko   (   83): 1398488328378	Marionette	INFO	sendToClient: {"from":"0","ok":true}, {fd1ffe4a-ccdc-4a7b-a95a-f7b8a50bb0f5}, {fd1ffe4a-ccdc-4a7b-a95a-f7b8a50bb0f5}
04-25 21:58:48.381 I/Gecko   (   83): 1398488328384	Marionette	DEBUG	Got request: switchToFrame, data: {"to":"0","sessionId":"3-b2g","name":"switchToFrame","parameters":{"id":null,"focus":true}}, id: {16c44a54-83fb-4ef0-a695-976142d0a15c}
04-25 21:58:48.381 I/Gecko   (   83): 1398488328386	Marionette	INFO	Switched to frame: {"frameValue":null}
04-25 21:58:48.481 I/Gecko   (   83): 1398488328489	Marionette	INFO	sendToClient: {"from":"0","ok":true}, {16c44a54-83fb-4ef0-a695-976142d0a15c}, {16c44a54-83fb-4ef0-a695-976142d0a15c}
04-25 21:58:48.491 I/Gecko   (   83): 1398488328496	Marionette	DEBUG	Got request: executeWithCallback, data: {"to":"0","sessionId":"3-b2g","name":"executeAsyncScript","parameters":{"specialPowers":false,"scriptTimeout":null,"newSandbox":true,"args":[],"filename":"gaia_test.py","script":"GaiaApps.killAll()","line":91}}, id: {7883412c-ad5b-48ea-902f-0072c98ab861}
04-25 21:58:48.531 I/Gecko   (   83): 1398488328542	Marionette	INFO	sendToClient: {"from":"0","value":true}, {7883412c-ad5b-48ea-902f-0072c98ab861}, {7883412c-ad5b-48ea-902f-0072c98ab861}
04-25 21:58:48.541 I/Gecko   (   83): 1398488328548	Marionette	DEBUG	Got request: switchToFrame, data: {"to":"0","sessionId":"3-b2g","name":"switchToFrame","parameters":{"id":null,"focus":true}}, id: {f7a1785b-f6fa-4fff-b195-73b313e47772}
04-25 21:58:48.541 I/Gecko   (   83): 1398488328550	Marionette	INFO	Switched to frame: {"frameValue":null}
04-25 21:58:48.641 I/Gecko   (   83): 1398488328652	Marionette	INFO	sendToClient: {"from":"0","ok":true}, {f7a1785b-f6fa-4fff-b195-73b313e47772}, {f7a1785b-f6fa-4fff-b195-73b313e47772}
04-25 21:58:48.651 I/Gecko   (   83): 1398488328658	Marionette	DEBUG	Got request: executeWithCallback, data: {"to":"0","sessionId":"3-b2g","name":"executeAsyncScript","parameters":{"specialPowers":false,"scriptTimeout":60000,"newSandbox":true,"args":[],"filename":"app_checker.py","script":"\n        GaiaApps.locateWithManifestURL('https://marketplace.firefox.com/app/90551bad-1e2a-4c5a-a5fb-9a4e58873d20/manifest.webapp',\n                                       null,\n                                       function uninstall(app) {\n                                       navigator.mozApps.mgmt.uninstall(app);\n                                       marionetteScriptFinished(true);\n                                       });\n        ","line":129}}, id: {d4a5dd67-99f0-4f2d-8c49-926e9160d6f0}
04-25 21:58:48.701 I/Gecko   (   83): -- webapps.js uninstall https://marketplace.firefox.com/app/90551bad-1e2a-4c5a-a5fb-9a4e58873d20/manifest.webapp
04-25 21:58:48.911 I/Gecko   (   83): 1398488328923	Marionette	INFO	sendToClient: {"from":"0","value":true}, {d4a5dd67-99f0-4f2d-8c49-926e9160d6f0}, {d4a5dd67-99f0-4f2d-8c49-926e9160d6f0}