--------- beginning of /dev/log/system
04-26 06:49:57.250 I/Vold    (   78): Vold 2.1 (the revenge) firing up
04-26 06:49:57.250 D/Vold    (   78): Volume sdcard state changing -1 (Initializing) -> 0 (No-Media)
04-26 06:50:02.500 D/VoldCmdListener(   78): volume list
--------- beginning of /dev/log/main
04-26 06:50:03.510 D/Sensors (   83): Lis3dhSensor: mEnabled = 0
04-26 06:50:03.510 D/Sensors (   83): activate handle=3; drv=1
04-26 06:50:03.510 D/Sensors (   83): SensorTMD2771::setEnable=0= en=0; newState=0; what=0; mEnabled=0
04-26 06:50:03.530 W/EventHub(   83): Unable to disable kernel key repeat for /dev/input/event4: Function not implemented
04-26 06:50:03.530 D/Sensors (   83): taos ---Light::TAOS_IOCTL_ALS_OFF=== err=0
04-26 06:50:03.530 D/Sensors (   83): SensorTMD2771::setEnable=1= en=0; newState=0; what=0; mEnabled=0
04-26 06:50:03.530 D/Sensors (   83): activate handle=4; drv=1
04-26 06:50:03.530 D/Sensors (   83): SensorTMD2771::setEnable=0= en=0; newState=0; what=1; mEnabled=0
04-26 06:50:03.530 I/EventHub(   83): New device: id=2, fd=50, path='/dev/input/event4', name='headset-keyboard', classes=0x1, configuration='', keyLayout='/system/usr/keylayout/Generic.kl', keyCharacterMap='/system/usr/keychars/Generic.kcm', builtinKeyboard=false, usingSuspendBlockIoctl=false, usingClockIoctl=false
04-26 06:50:03.530 D/Sensors (   83): taos ---Proximity::TAOS_IOCTL_PROX_OFF=== err=0
04-26 06:50:03.530 D/Sensors (   83): SensorTMD2771::setEnable=1= en=0; newState=0; what=1; mEnabled=0
04-26 06:50:03.530 D/EventHub(   83): No input device configuration file found for device 'accelerometer'.
04-26 06:50:03.530 D/Sensors (   83): activate handle=0; drv=0
04-26 06:50:03.530 D/Sensors (   83): Lis3dhSensor: Control set 1
04-26 06:50:03.530 D/Sensors (   83): Lis3dhSensor: mEnabled = 1
04-26 06:50:03.550 D/EventHub(   83): No input device configuration file found for device 'sprd-keypad'.
04-26 06:50:03.550 W/EventHub(   83): Unable to disable kernel key repeat for /dev/input/event0: Function not implemented
04-26 06:50:03.550 I/EventHub(   83): New device: id=4, fd=55, path='/dev/input/event0', name='sprd-keypad', classes=0x1, configuration='', keyLayout='/system/usr/keylayout/sprd-keypad.kl', keyCharacterMap='/system/usr/keychars/Generic.kcm', builtinKeyboard=true, usingSuspendBlockIoctl=false, usingClockIoctl=false
04-26 06:50:03.560 D/EventHub(   83): No input device configuration file found for device 'rohm_proximity'.
04-26 06:50:03.600 E/filemap (   83): mmap(0,4096) failed: No such device
04-26 06:50:03.610 W/EventHub(   83): Unable to disable kernel key repeat for /dev/input/event1: Function not implemented
04-26 06:50:03.610 I/EventHub(   83): New device: id=6, fd=57, path='/dev/input/event1', name='ms-msg21xx', classes=0x15, configuration='/system/usr/idc/ms-msg21xx.idc', keyLayout='/system/usr/keylayout/Generic.kl', keyCharacterMap='/system/usr/keychars/Generic.kcm', builtinKeyboard=false, usingSuspendBlockIoctl=false, usingClockIoctl=false
04-26 06:50:03.620 I/InputReader(   83): Device added: id=-1, name='Virtual', sources=0x00000301
04-26 06:50:03.620 I/InputReader(   83): Device reconfigured: id=6, name='ms-msg21xx', size 320x480, orientation 0, mode 1, display id 0
04-26 06:50:03.620 I/InputReader(   83): Device added: id=6, name='ms-msg21xx', sources=0x00001103
04-26 06:50:03.620 I/InputReader(   83): Device added: id=0, name='sprd-keypad', sources=0x00000101
04-26 06:50:03.620 I/InputReader(   83): Device added: id=2, name='headset-keyboard', sources=0x00000101
04-26 06:50:03.690 D/BTWIFIMAC(   93): read_btwifimac_from_modem
04-26 06:50:03.700 D/BTWIFIMAC(   93): read_btwifimac_from_modem modem_fd=7
04-26 06:50:03.700 D/BTWIFIMAC(   93): ===========BT MAC===========
04-26 06:50:03.700 D/BTWIFIMAC(   93): read_btwifimac_from_modem: send 39,1,AT+SNVM=0,401
04-26 06:50:03.700 D/BTWIFIMAC(   93): send_to_modem
04-26 06:50:03.700 D/BTWIFIMAC(   93): recv_from_modem: Waiting modem response ... fd=7
04-26 06:50:03.700 D/SPRDENG (  168): eng_servermodem_comm: use SIM1 /dev/CHNPTY13
04-26 06:50:03.700 D/SPRDENG (  168): AT > AT+SNVM=0,401
04-26 06:50:03.700 D/SPRDENG (  168): 41
04-26 06:50:03.700 D/SPRDENG (  168): 54
04-26 06:50:03.700 D/SPRDENG (  168): 2b
04-26 06:50:03.700 D/SPRDENG (  168): 53
04-26 06:50:03.700 D/SPRDENG (  168): 4e
04-26 06:50:03.700 D/SPRDENG (  168): 56
04-26 06:50:03.700 D/SPRDENG (  168): 4d
04-26 06:50:03.700 D/SPRDENG (  168): 3d
04-26 06:50:03.700 D/SPRDENG (  168): 30
04-26 06:50:03.700 D/SPRDENG (  168): 2c
04-26 06:50:03.700 D/SPRDENG (  168): 34
04-26 06:50:03.700 D/SPRDENG (  168): 30
04-26 06:50:03.700 D/SPRDENG (  168): 31
04-26 06:50:03.700 D/SPRDENG (  168): eng_modem2server: use SIM1 /dev/CHNPTY13
04-26 06:50:03.700 D/SPRDENG (  168): AT < 
04-26 06:50:03.700 D/SPRDENG (  168): +SNVM: 8,FFFFFFFFFFFF2500
04-26 06:50:03.700 D/SPRDENG (  168): 
04-26 06:50:03.700 D/SPRDENG (  168): OK
04-26 06:50:03.700 D/SPRDENG (  168): 
04-26 06:50:03.700 D/BTWIFIMAC(   93): recv_from_modem: Receive 1 Modem Response
04-26 06:50:03.700 D/BTWIFIMAC(   93): read_btwifimac_from_modem: BT timeout=35, response=
04-26 06:50:03.700 D/BTWIFIMAC(   93): +SNVM: 8,FFFFFFFFFFFF2500
04-26 06:50:03.700 D/BTWIFIMAC(   93): 
04-26 06:50:03.700 D/BTWIFIMAC(   93): OK
04-26 06:50:03.700 D/BTWIFIMAC(   93): 
04-26 06:50:03.800 D/BTWIFIMAC(   93): get_macaddress: mac address is FF:FF:FF:FF:FF:FF
04-26 06:50:03.800 D/BTWIFIMAC(   93): ===========WIFI MAC===========
04-26 06:50:03.800 D/BTWIFIMAC(   93): read_btwifimac_from_modem: send 39,1,AT+SNVM=0,409
04-26 06:50:03.800 D/BTWIFIMAC(   93): send_to_modem
04-26 06:50:03.800 D/BTWIFIMAC(   93): recv_from_modem: Waiting modem response ... fd=7
04-26 06:50:03.800 D/SPRDENG (  168): eng_servermodem_comm: use SIM1 /dev/CHNPTY13
04-26 06:50:03.800 D/SPRDENG (  168): AT > AT+SNVM=0,409
04-26 06:50:03.800 D/SPRDENG (  168): 41
04-26 06:50:03.800 D/SPRDENG (  168): 54
04-26 06:50:03.800 D/SPRDENG (  168): 2b
04-26 06:50:03.800 D/SPRDENG (  168): 53
04-26 06:50:03.800 D/SPRDENG (  168): 4e
04-26 06:50:03.800 D/SPRDENG (  168): 56
04-26 06:50:03.800 D/SPRDENG (  168): 4d
04-26 06:50:03.800 D/SPRDENG (  168): 3d
04-26 06:50:03.800 D/SPRDENG (  168): 30
04-26 06:50:03.800 D/SPRDENG (  168): 2c
04-26 06:50:03.800 D/SPRDENG (  168): 34
04-26 06:50:03.800 D/SPRDENG (  168): 30
04-26 06:50:03.800 D/SPRDENG (  168): 39
04-26 06:50:03.800 D/SPRDENG (  168): eng_modem2server: use SIM1 /dev/CHNPTY13
04-26 06:50:03.800 D/SPRDENG (  168): AT < 
04-26 06:50:03.800 D/SPRDENG (  168): +SNVM: 20,FFFFFFFFFFFF0000000000000000000000000000
04-26 06:50:03.800 D/SPRDENG (  168): 
04-26 06:50:03.800 D/SPRDENG (  168): OK
04-26 06:50:03.800 D/SPRDENG (  168): 
04-26 06:50:03.800 D/BTWIFIMAC(   93): recv_from_modem: Receive 1 Modem Response
04-26 06:50:03.800 D/BTWIFIMAC(   93): read_btwifimac_from_modem: WIFI timeout=60, response=
04-26 06:50:03.800 D/BTWIFIMAC(   93): +SNVM: 20,FFFFFFFFFFFF0000000000000000000000000000
04-26 06:50:03.800 D/BTWIFIMAC(   93): 
04-26 06:50:03.800 D/BTWIFIMAC(   93): OK
04-26 06:50:03.800 D/BTWIFIMAC(   93): 
04-26 06:50:03.800 D/BTWIFIMAC(   93): get_macaddress: mac address is FF:FF:FF:FF:FF:FF
04-26 06:50:03.800 D/BTWIFIMAC(   93): bt_ok:0 wifi_ok:0 
04-26 06:50:03.800 D/BTWIFIMAC(   93): +mac_rand+
04-26 06:50:03.800 D/BTWIFIMAC(   93): mac_rand: /data/rand_mac.txt exists
04-26 06:50:03.800 D/BTWIFIMAC(   93): mac_rand: read /data/rand_mac.txt 00:7a:7a:b0:1e:04;00:3f:8e:cc:98:8e
04-26 06:50:03.800 D/BTWIFIMAC(   93): mac_rand: read btmac=00:7a:7a:b0:1e:04, wifimac=00:3f:8e:cc:98:8e
04-26 06:50:03.800 D/BTWIFIMAC(   93): property ro.mac.wifi=00:3f:8e:cc:98:8e, ro.mac.bluetooth=00:7a:7a:b0:1e:04
04-26 06:50:03.800 D/BTWIFIMAC(   93): write_mac2file: mac=00:3f:8e:cc:98:8e, fd[/data/wifimac.txt]=9
04-26 06:50:03.810 D/BTWIFIMAC(   93): write_mac2file: mac=00:7a:7a:b0:1e:04, fd[/data/btmac.txt]=9
04-26 06:50:03.810 D/BTWIFIMAC(   93): begin to run  trout_genpskey
04-26 06:50:03.810 D/BTWIFIMAC(   93): run trout_genpskey, ret=0
04-26 06:50:03.840 D/pskey_bt(  327): set BT mac
04-26 06:50:03.850 D/pskey_bt(  327): main, bt_mac from nv:
04-26 06:50:03.850 D/pskey_bt(  327): get_pskey_from_file
04-26 06:50:03.850 D/pskey_bt(  327): open bt pskey structure file fd=7
04-26 06:50:03.850 D/pskey_bt(  327): buf from pskey file:2048
04-26 06:50:03.850 D/pskey_bt(  327): parser_pskey_info
04-26 06:50:03.850 D/pskey_bt(  327): char:0, 0
04-26 06:50:03.850 D/pskey_bt(  327): get_one_item(data) = 0x0
04-26 06:50:03.850 D/pskey_bt(  327): get_next_u8: here:0
04-26 06:50:03.850 D/pskey_bt(  327): char:1, 1
04-26 06:50:03.850 D/pskey_bt(  327): get_one_item(data) = 0x1
04-26 06:50:03.850 D/pskey_bt(  327): get_next_u8: here:1
04-26 06:50:03.850 D/pskey_bt(  327): char:1, 1
04-26 06:50:03.850 D/pskey_bt(  327): get_one_item(data) = 0x1
04-26 06:50:03.850 D/pskey_bt(  327): get_next_u8: here:1
04-26 06:50:03.850 D/pskey_bt(  327): char:1, 1
04-26 06:50:03.850 D/pskey_bt(  327): get_one_item(data) = 0x1
04-26 06:50:03.850 D/pskey_bt(  327): get_next_u8: here:1
04-26 06:50:03.850 D/pskey_bt(  327): char:0, 0
04-26 06:50:03.850 D/pskey_bt(  327): char:1, 1
04-26 06:50:03.850 D/pskey_bt(  327): char:8, 8
04-26 06:50:03.850 D/pskey_bt(  327): char:C, C
04-26 06:50:03.850 D/pskey_bt(  327): char:B, B
04-26 06:50:03.850 D/pskey_bt(  327): char:A, A
04-26 06:50:03.850 D/pskey_bt(  327): char:8, 8
04-26 06:50:03.850 D/pskey_bt(  327): char:0, 0
04-26 06:50:03.850 D/pskey_bt(  327): get_one_item(data) = 0x18cba80
04-26 06:50:03.850 D/pskey_bt(  327): get_next_u32: here:18cba80
04-26 06:50:03.850 D/pskey_bt(  327): char:1, 1
04-26 06:50:03.850 D/pskey_bt(  327): char:f, f
04-26 06:50:03.850 D/pskey_bt(  327): char:0, 0
04-26 06:50:03.850 D/pskey_bt(  327): char:0, 0
04-26 06:50:03.850 D/pskey_bt(  327): get_one_item(data) = 0x1f00
04-26 06:50:03.850 D/pskey_bt(  327): get_next_u32: here:1f00
04-26 06:50:03.850 D/pskey_bt(  327): char:1, 1
04-26 06:50:03.850 D/pskey_bt(  327): char:E, E
04-26 06:50:03.850 D/pskey_bt(  327): get_one_item(data) = 0x1e
04-26 06:50:03.850 D/pskey_bt(  327): get_next_u32: here:1e
04-26 06:50:03.850 D/pskey_bt(  327): char:7, 7
04-26 06:50:03.850 D/pskey_bt(  327): char:B, B
04-26 06:50:03.850 D/pskey_bt(  327): char:0, 0
04-26 06:50:03.850 D/pskey_bt(  327): char:0, 0
04-26 06:50:03.850 D/pskey_bt(  327): char:7, 7
04-26 06:50:03.850 D/pskey_bt(  327): char:C, C
04-26 06:50:03.850 D/pskey_bt(  327): get_one_item(data) = 0x7b007c
04-26 06:50:03.850 D/pskey_bt(  327): get_next_u32: here:7b007c
04-26 06:50:03.850 D/pskey_bt(  327): char:3, 3
04-26 06:50:03.850 D/pskey_bt(  327): char:7, 7
04-26 06:50:03.850 D/pskey_bt(  327): char:0, 0
04-26 06:50:03.850 D/pskey_bt(  327): char:0, 0
04-26 06:50:03.850 D/pskey_bt(  327): char:7, 7
04-26 06:50:03.850 D/pskey_bt(  327): char:A, A
04-26 06:50:03.850 D/pskey_bt(  327): get_one_item(data) = 0x37007a
04-26 06:50:03.850 D/pskey_bt(  327): get_next_u32: here:37007a
04-26 06:50:03.850 D/pskey_bt(  327): char:3, 3
04-26 06:50:03.850 D/pskey_bt(  327): char:5, 5
04-26 06:50:03.850 D/pskey_bt(  327): char:0, 0
04-26 06:50:03.850 D/pskey_bt(  327): char:0, 0
04-26 06:50:03.850 D/pskey_bt(  327): char:3, 3
04-26 06:50:03.850 D/pskey_bt(  327): char:6, 6
04-26 06:50:03.850 D/pskey_bt(  327): get_one_item(data) = 0x350036
04-26 06:50:03.850 D/pskey_bt(  327): get_next_u32: here:350036
04-26 06:50:03.850 D/pskey_bt(  327): char:2, 2
04-26 06:50:03.850 D/pskey_bt(  327): char:9, 9
04-26 06:50:03.850 D/pskey_bt(  327): char:0, 0
04-26 06:50:03.850 D/pskey_bt(  327): char:0, 0
04-26 06:50:03.850 D/pskey_bt(  327): char:3, 3
04-26 06:50:03.850 D/pskey_bt(  327): char:4, 4
04-26 06:50:03.850 D/pskey_bt(  327): get_one_item(data) = 0x290034
04-26 06:50:03.850 D/pskey_bt(  327): get_next_u32: here:290034
04-26 06:50:03.850 D/pskey_bt(  327): char:0, 0
04-26 06:50:03.860 D/pskey_bt(  327): char:A, A
04-26 06:50:03.860 D/pskey_bt(  327): char:0, 0
04-26 06:50:03.860 D/pskey_bt(  327): char:0, 0
04-26 06:50:03.860 D/pskey_bt(  327): char:2, 2
04-26 06:50:03.860 D/pskey_bt(  327): char:8, 8
04-26 06:50:03.860 D/pskey_bt(  327): get_one_item(data) = 0xa0028
04-26 06:50:03.860 D/pskey_bt(  327): get_next_u32: here:a0028
04-26 06:50:03.860 D/pskey_bt(  327): char:0, 0
04-26 06:50:03.860 D/pskey_bt(  327): char:0, 0
04-26 06:50:03.860 D/pskey_bt(  327): char:0, 0
04-26 06:50:03.860 D/pskey_bt(  327): char:6, 6
04-26 06:50:03.860 D/pskey_bt(  327): char:0, 0
04-26 06:50:03.860 D/pskey_bt(  327): char:0, 0
04-26 06:50:03.860 D/pskey_bt(  327): char:0, 0
04-26 06:50:03.860 D/pskey_bt(  327): char:9, 9
04-26 06:50:03.860 D/pskey_bt(  327): get_one_item(data) = 0x60009
04-26 06:50:03.860 D/pskey_bt(  327): get_next_u32: here:60009
04-26 06:50:03.860 D/pskey_bt(  327): end of buff, str=},
04-26 06:50:03.860 D/pskey_bt(  327): {0x0B,0x0A,0x09, 0x08, 0x07},
04-26 06:50:03.860 D/pskey_bt(  327): {0xFF, 0xFF, 0x8D, 0xFE, 0x9B, 0x3F, 0x79, 0x83,
04-26 06:50:03.860 D/pskey_bt(  327):   0xFF, 0xA7, 0xFF, 0x7F, 0x00, 0xE0, 0xF7, 0x3E},
04-26 06:50:03.860 D/pskey_bt(  327): {0xFF, 0xFF, 0xFF, 0xFF, 0xFF, 0xFF},
04-26 06:50:03.860 D/pskey_bt(  327): 0,
04-26 06:50:03.860 D/pskey_bt(  327): 1,
04-26 06:50:03.860 D/pskey_bt(  327): 5,
04-26 06:50:03.860 D/pskey_bt(  327): 0xE,
04-26 06:50:03.860 D/pskey_bt(  327): 1,
04-26 06:50:03.860 D/pskey_bt(  327): 1,
04-26 06:50:03.860 D/pskey_bt(  327): 0x50000000,
04-26 06:50:03.860 D/pskey_bt(  327): 0x50000150,
04-26 06:50:03.860 D/pskey_bt(  327): 0x50000150,
04-26 06:50:03.860 D/pskey_bt(  327): 0x50000154,
04-26 06:50:03.860 D/pskey_bt(  327): 0xFFFFFFFF,
04-26 06:50:03.860 D/pskey_bt(  327): 0x100,
04-26 06:50:03.860 D/pskey_bt(  327): 0xA0,
04-26 06:50:03.860 D/pskey_bt(  327): 0xDC,
04-26 06:50:03.860 D/pskey_bt(  327): 0x20,
04-26 06:50:03.860 D/pskey_bt(  327): 0x55,
04-26 06:50:03.860 D/pskey_bt(  327): 0x64,
04-26 06:50:03.860 D/pskey_bt(  327): 0,
04-26 06:50:03.860 D/pskey_bt(  327): 0x8,
04-26 06:50:03.860 D/pskey_bt(  327): 0x13C,
04-26 06:50:03.860 D/pskey_bt(  327): 0x2,
04-26 06:50:03.860 D/pskey_bt(  327): 0xD704,
04-26 06:50:03.860 D/pskey_bt(  327): 0x88888888,
04-26 06:50:03.860 D/pskey_bt(  327): 0x6,
04-26 06:50:03.860 D/pskey_bt(  327): 0x0,
04-26 06:50:03.860 D/pskey_bt(  327): {0x0001,0x0000,0x0000,0x0000,0x0000,0x0000,0x0000,0x0000,0x0000
04-26 06:50:03.860 D/pskey_bt(  327): char:0, 0
04-26 06:50:03.860 D/pskey_bt(  327): char:B, B
04-26 06:50:03.860 D/pskey_bt(  327): get_one_item(data) = 0xb
04-26 06:50:03.860 D/pskey_bt(  327): get_next_u32: here:b
04-26 06:50:03.860 D/pskey_bt(  327): char:0, 0
04-26 06:50:03.860 D/pskey_bt(  327): char:A, A
04-26 06:50:03.860 D/pskey_bt(  327): get_one_item(data) = 0xa
04-26 06:50:03.860 D/pskey_bt(  327): get_next_u32: here:a
04-26 06:50:03.860 D/pskey_bt(  327): char:0, 0
04-26 06:50:03.860 D/pskey_bt(  327): char:9, 9
04-26 06:50:03.860 D/pskey_bt(  327): get_one_item(data) = 0x9
04-26 06:50:03.860 D/pskey_bt(  327): get_next_u32: here:9
04-26 06:50:03.860 D/pskey_bt(  327): char:0, 0
04-26 06:50:03.860 D/pskey_bt(  327): char:8, 8
04-26 06:50:03.860 D/pskey_bt(  327): get_one_item(data) = 0x8
04-26 06:50:03.860 D/pskey_bt(  327): get_next_u32: here:8
04-26 06:50:03.860 D/pskey_bt(  327): char:0, 0
04-26 06:50:03.860 D/pskey_bt(  327): char:7, 7
04-26 06:50:03.860 D/pskey_bt(  327): get_one_item(data) = 0x7
04-26 06:50:03.860 D/pskey_bt(  327): get_next_u32: here:7
04-26 06:50:03.860 D/pskey_bt(  327): end of buff, str=},
04-26 06:50:03.860 D/pskey_bt(  327): {0xFF, 0xFF, 0x8D, 0xFE, 0x9B, 0x3F, 0x79, 0x83,
04-26 06:50:03.860 D/pskey_bt(  327):   0xFF, 0xA7, 0xFF, 0x7F, 0x00, 0xE0, 0xF7, 0x3E},
04-26 06:50:03.860 D/pskey_bt(  327): {0xFF, 0xFF, 0xFF, 0xFF, 0xFF, 0xFF},
04-26 06:50:03.860 D/pskey_bt(  327): 0,
04-26 06:50:03.860 D/pskey_bt(  327): 1,
04-26 06:50:03.860 D/pskey_bt(  327): 5,
04-26 06:50:03.860 D/pskey_bt(  327): 0xE,
04-26 06:50:03.860 D/pskey_bt(  327): 1,
04-26 06:50:03.860 D/pskey_bt(  327): 1,
04-26 06:50:03.860 D/pskey_bt(  327): 0x50000000,
04-26 06:50:03.860 D/pskey_bt(  327): 0x50000150,
04-26 06:50:03.860 D/pskey_bt(  327): 0x50000150,
04-26 06:50:03.860 D/pskey_bt(  327): 0x50000154,
04-26 06:50:03.860 D/pskey_bt(  327): 0xFFFFFFFF,
04-26 06:50:03.860 D/pskey_bt(  327): 0x100,
04-26 06:50:03.860 D/pskey_bt(  327): 0xA0,
04-26 06:50:03.860 D/pskey_bt(  327): 0xDC,
04-26 06:50:03.860 D/pskey_bt(  327): 0x20,
04-26 06:50:03.860 D/pskey_bt(  327): 0x55,
04-26 06:50:03.860 D/pskey_bt(  327): 0x64,
04-26 06:50:03.860 D/pskey_bt(  327): 0,
04-26 06:50:03.860 D/pskey_bt(  327): 0x8,
04-26 06:50:03.860 D/pskey_bt(  327): 0x13C,
04-26 06:50:03.860 D/pskey_bt(  327): 0x2,
04-26 06:50:03.860 D/pskey_bt(  327): 0xD704,
04-26 06:50:03.860 D/pskey_bt(  327): 0x88888888,
04-26 06:50:03.860 D/pskey_bt(  327): 0x6,
04-26 06:50:03.860 D/pskey_bt(  327): 0x0,
04-26 06:50:03.860 D/pskey_bt(  327): {0x0001,0x0000,0x0000,0x0000,0x0000,0x0000,0x0000,0x0000,0x0000
04-26 06:50:03.860 D/pskey_bt(  327): char:F, F
04-26 06:50:03.860 D/pskey_bt(  327): char:F, F
04-26 06:50:03.860 D/pskey_bt(  327): get_one_item(data) = 0xff
04-26 06:50:03.860 D/pskey_bt(  327): get_next_u8: here:ff
04-26 06:50:03.860 D/pskey_bt(  327): char:F, F
04-26 06:50:03.860 D/pskey_bt(  327): char:F, F
04-26 06:50:03.860 D/pskey_bt(  327): get_one_item(data) = 0xff
04-26 06:50:03.860 D/pskey_bt(  327): get_next_u8: here:ff
04-26 06:50:03.860 D/pskey_bt(  327): char:8, 8
04-26 06:50:03.860 D/pskey_bt(  327): char:D, D
04-26 06:50:03.860 D/pskey_bt(  327): get_one_item(data) = 0x8d
04-26 06:50:03.860 D/pskey_bt(  327): get_next_u8: here:8d
04-26 06:50:03.860 D/pskey_bt(  327): char:F, F
04-26 06:50:03.860 D/pskey_bt(  327): char:E, E
04-26 06:50:03.860 D/pskey_bt(  327): get_one_item(data) = 0xfe
04-26 06:50:03.860 D/pskey_bt(  327): get_next_u8: here:fe
04-26 06:50:03.860 D/pskey_bt(  327): char:9, 9
04-26 06:50:03.860 D/pskey_bt(  327): char:B, B
04-26 06:50:03.860 D/pskey_bt(  327): get_one_item(data) = 0x9b
04-26 06:50:03.860 D/pskey_bt(  327): get_next_u8: here:9b
04-26 06:50:03.860 D/pskey_bt(  327): char:3, 3
04-26 06:50:03.860 D/pskey_bt(  327): char:F, F
04-26 06:50:03.860 D/pskey_bt(  327): get_one_item(data) = 0x3f
04-26 06:50:03.860 D/pskey_bt(  327): get_next_u8: here:3f
04-26 06:50:03.860 D/pskey_bt(  327): char:7, 7
04-26 06:50:03.860 D/pskey_bt(  327): char:9, 9
04-26 06:50:03.860 D/pskey_bt(  327): get_one_item(data) = 0x79
04-26 06:50:03.860 D/pskey_bt(  327): get_next_u8: here:79
04-26 06:50:03.860 D/pskey_bt(  327): char:8, 8
04-26 06:50:03.860 D/pskey_bt(  327): char:3, 3
04-26 06:50:03.860 D/pskey_bt(  327): get_one_item(data) = 0x83
04-26 06:50:03.860 D/pskey_bt(  327): get_next_u8: here:83
04-26 06:50:03.860 D/pskey_bt(  327): char:F, F
04-26 06:50:03.860 D/pskey_bt(  327): char:F, F
04-26 06:50:03.860 D/pskey_bt(  327): get_one_item(data) = 0xff
04-26 06:50:03.860 D/pskey_bt(  327): get_next_u8: here:ff
04-26 06:50:03.860 D/pskey_bt(  327): char:A, A
04-26 06:50:03.860 D/pskey_bt(  327): char:7, 7
04-26 06:50:03.860 D/pskey_bt(  327): get_one_item(data) = 0xa7
04-26 06:50:03.860 D/pskey_bt(  327): get_next_u8: here:a7
04-26 06:50:03.860 D/pskey_bt(  327): char:F, F
04-26 06:50:03.860 D/pskey_bt(  327): char:F, F
04-26 06:50:03.860 D/pskey_bt(  327): get_one_item(data) = 0xff
04-26 06:50:03.860 D/pskey_bt(  327): get_next_u8: here:ff
04-26 06:50:03.860 D/pskey_bt(  327): char:7, 7
04-26 06:50:03.860 D/pskey_bt(  327): char:F, F
04-26 06:50:03.860 D/pskey_bt(  327): get_one_item(data) = 0x7f
04-26 06:50:03.860 D/pskey_bt(  327): get_next_u8: here:7f
04-26 06:50:03.860 D/pskey_bt(  327): char:0, 0
04-26 06:50:03.860 D/pskey_bt(  327): char:0, 0
04-26 06:50:03.860 D/pskey_bt(  327): get_one_item(data) = 0x0
04-26 06:50:03.860 D/pskey_bt(  327): get_next_u8: here:0
04-26 06:50:03.860 D/pskey_bt(  327): char:E, E
04-26 06:50:03.860 D/pskey_bt(  327): char:0, 0
04-26 06:50:03.860 D/pskey_bt(  327): get_one_item(data) = 0xe0
04-26 06:50:03.860 D/pskey_bt(  327): get_next_u8: here:e0
04-26 06:50:03.860 D/pskey_bt(  327): char:F, F
04-26 06:50:03.860 D/pskey_bt(  327): char:7, 7
04-26 06:50:03.860 D/pskey_bt(  327): get_one_item(data) = 0xf7
04-26 06:50:03.860 D/pskey_bt(  327): get_next_u8: here:f7
04-26 06:50:03.860 D/pskey_bt(  327): char:3, 3
04-26 06:50:03.860 D/pskey_bt(  327): char:E, E
04-26 06:50:03.860 D/pskey_bt(  327): get_one_item(data) = 0x3e
04-26 06:50:03.860 D/pskey_bt(  327): get_next_u8: here:3e
04-26 06:50:03.860 D/pskey_bt(  327): end of buff, str=},
04-26 06:50:03.860 D/pskey_bt(  327): {0xFF, 0xFF, 0xFF, 0xFF, 0xFF, 0xFF},
04-26 06:50:03.860 D/pskey_bt(  327): 0,
04-26 06:50:03.860 D/pskey_bt(  327): 1,
04-26 06:50:03.860 D/pskey_bt(  327): 5,
04-26 06:50:03.860 D/pskey_bt(  327): 0xE,
04-26 06:50:03.860 D/pskey_bt(  327): 1,
04-26 06:50:03.860 D/pskey_bt(  327): 1,
04-26 06:50:03.860 D/pskey_bt(  327): 0x50000000,
04-26 06:50:03.860 D/pskey_bt(  327): 0x50000150,
04-26 06:50:03.860 D/pskey_bt(  327): 0x50000150,
04-26 06:50:03.860 D/pskey_bt(  327): 0x50000154,
04-26 06:50:03.860 D/pskey_bt(  327): 0xFFFFFFFF,
04-26 06:50:03.860 D/pskey_bt(  327): 0x100,
04-26 06:50:03.860 D/pskey_bt(  327): 0xA0,
04-26 06:50:03.860 D/pskey_bt(  327): 0xDC,
04-26 06:50:03.860 D/pskey_bt(  327): 0x20,
04-26 06:50:03.860 D/pskey_bt(  327): 0x55,
04-26 06:50:03.860 D/pskey_bt(  327): 0x64,
04-26 06:50:03.860 D/pskey_bt(  327): 0,
04-26 06:50:03.860 D/pskey_bt(  327): 0x8,
04-26 06:50:03.860 D/pskey_bt(  327): 0x13C,
04-26 06:50:03.860 D/pskey_bt(  327): 0x2,
04-26 06:50:03.860 D/pskey_bt(  327): 0xD704,
04-26 06:50:03.860 D/pskey_bt(  327): 0x88888888,
04-26 06:50:03.860 D/pskey_bt(  327): 0x6,
04-26 06:50:03.860 D/pskey_bt(  327): 0x0,
04-26 06:50:03.860 D/pskey_bt(  327): {0x0001,0x0000,0x0000,0x0000,0x0000,0x0000,0x0000,0x0000,0x0000
04-26 06:50:03.860 D/pskey_bt(  327): char:F, F
04-26 06:50:03.860 D/pskey_bt(  327): char:F, F
04-26 06:50:03.860 D/pskey_bt(  327): get_one_item(data) = 0xff
04-26 06:50:03.860 D/pskey_bt(  327): get_next_u8: here:ff
04-26 06:50:03.860 D/pskey_bt(  327): char:F, F
04-26 06:50:03.860 D/pskey_bt(  327): char:F, F
04-26 06:50:03.860 D/pskey_bt(  327): get_one_item(data) = 0xff
04-26 06:50:03.860 D/pskey_bt(  327): get_next_u8: here:ff
04-26 06:50:03.860 D/pskey_bt(  327): char:F, F
04-26 06:50:03.860 D/pskey_bt(  327): char:F, F
04-26 06:50:03.860 D/pskey_bt(  327): get_one_item(data) = 0xff
04-26 06:50:03.860 D/pskey_bt(  327): get_next_u8: here:ff
04-26 06:50:03.860 D/pskey_bt(  327): char:F, F
04-26 06:50:03.860 D/pskey_bt(  327): char:F, F
04-26 06:50:03.860 D/pskey_bt(  327): get_one_item(data) = 0xff
04-26 06:50:03.860 D/pskey_bt(  327): get_next_u8: here:ff
04-26 06:50:03.860 D/pskey_bt(  327): char:F, F
04-26 06:50:03.860 D/pskey_bt(  327): char:F, F
04-26 06:50:03.860 D/pskey_bt(  327): get_one_item(data) = 0xff
04-26 06:50:03.860 D/pskey_bt(  327): get_next_u8: here:ff
04-26 06:50:03.860 D/pskey_bt(  327): char:F, F
04-26 06:50:03.860 D/pskey_bt(  327): char:F, F
04-26 06:50:03.860 D/pskey_bt(  327): get_one_item(data) = 0xff
04-26 06:50:03.860 D/pskey_bt(  327): get_next_u8: here:ff
04-26 06:50:03.860 D/pskey_bt(  327): end of buff, str=},
04-26 06:50:03.860 D/pskey_bt(  327): 0,
04-26 06:50:03.860 D/pskey_bt(  327): 1,
04-26 06:50:03.860 D/pskey_bt(  327): 5,
04-26 06:50:03.860 D/pskey_bt(  327): 0xE,
04-26 06:50:03.860 D/pskey_bt(  327): 1,
04-26 06:50:03.860 D/pskey_bt(  327): 1,
04-26 06:50:03.860 D/pskey_bt(  327): 0x50000000,
04-26 06:50:03.860 D/pskey_bt(  327): 0x50000150,
04-26 06:50:03.860 D/pskey_bt(  327): 0x50000150,
04-26 06:50:03.860 D/pskey_bt(  327): 0x50000154,
04-26 06:50:03.860 D/pskey_bt(  327): 0xFFFFFFFF,
04-26 06:50:03.860 D/pskey_bt(  327): 0x100,
04-26 06:50:03.860 D/pskey_bt(  327): 0xA0,
04-26 06:50:03.860 D/pskey_bt(  327): 0xDC,
04-26 06:50:03.860 D/pskey_bt(  327): 0x20,
04-26 06:50:03.860 D/pskey_bt(  327): 0x55,
04-26 06:50:03.860 D/pskey_bt(  327): 0x64,
04-26 06:50:03.860 D/pskey_bt(  327): 0,
04-26 06:50:03.860 D/pskey_bt(  327): 0x8,
04-26 06:50:03.860 D/pskey_bt(  327): 0x13C,
04-26 06:50:03.860 D/pskey_bt(  327): 0x2,
04-26 06:50:03.860 D/pskey_bt(  327): 0xD704,
04-26 06:50:03.860 D/pskey_bt(  327): 0x88888888,
04-26 06:50:03.860 D/pskey_bt(  327): 0x6,
04-26 06:50:03.860 D/pskey_bt(  327): 0x0,
04-26 06:50:03.860 D/pskey_bt(  327): {0x0001,0x0000,0x0000,0x0000,0x0000,0x0000,0x0000,0x0000,0x0000
04-26 06:50:03.860 D/pskey_bt(  327): char:0, 0
04-26 06:50:03.860 D/pskey_bt(  327): get_one_item(data) = 0x0
04-26 06:50:03.860 D/pskey_bt(  327): get_next_u8: here:0
04-26 06:50:03.860 D/pskey_bt(  327): char:1, 1
04-26 06:50:03.860 D/pskey_bt(  327): get_one_item(data) = 0x1
04-26 06:50:03.860 D/pskey_bt(  327): get_next_u8: here:1
04-26 06:50:03.860 D/pskey_bt(  327): char:5, 5
04-26 06:50:03.860 D/pskey_bt(  327): get_one_item(data) = 0x5
04-26 06:50:03.860 D/pskey_bt(  327): get_next_u8: here:5
04-26 06:50:03.860 D/pskey_bt(  327): char:E, E
04-26 06:50:03.860 D/pskey_bt(  327): get_one_item(data) = 0xe
04-26 06:50:03.860 D/pskey_bt(  327): get_next_u8: here:e
04-26 06:50:03.860 D/pskey_bt(  327): char:1, 1
04-26 06:50:03.860 D/pskey_bt(  327): get_one_item(data) = 0x1
04-26 06:50:03.860 D/pskey_bt(  327): get_next_u8: here:1
04-26 06:50:03.860 D/pskey_bt(  327): char:1, 1
04-26 06:50:03.860 D/pskey_bt(  327): get_one_item(data) = 0x1
04-26 06:50:03.860 D/pskey_bt(  327): get_next_u8: here:1
04-26 06:50:03.860 D/pskey_bt(  327): char:5, 5
04-26 06:50:03.860 D/pskey_bt(  327): char:0, 0
04-26 06:50:03.860 D/pskey_bt(  327): char:0, 0
04-26 06:50:03.860 D/pskey_bt(  327): char:0, 0
04-26 06:50:03.860 D/pskey_bt(  327): char:0, 0
04-26 06:50:03.860 D/pskey_bt(  327): char:0, 0
04-26 06:50:03.860 D/pskey_bt(  327): char:0, 0
04-26 06:50:03.860 D/pskey_bt(  327): char:0, 0
04-26 06:50:03.860 D/pskey_bt(  327): get_one_item(data) = 0x50000000
04-26 06:50:03.860 D/pskey_bt(  327): get_next_u32: here:50000000
04-26 06:50:03.860 D/pskey_bt(  327): char:5, 5
04-26 06:50:03.860 D/pskey_bt(  327): char:0, 0
04-26 06:50:03.860 D/pskey_bt(  327): char:0, 0
04-26 06:50:03.860 D/pskey_bt(  327): char:0, 0
04-26 06:50:03.860 D/pskey_bt(  327): char:0, 0
04-26 06:50:03.860 D/pskey_bt(  327): char:1, 1
04-26 06:50:03.860 D/pskey_bt(  327): char:5, 5
04-26 06:50:03.860 D/pskey_bt(  327): char:0, 0
04-26 06:50:03.860 D/pskey_bt(  327): get_one_item(data) = 0x50000150
04-26 06:50:03.860 D/pskey_bt(  327): get_next_u32: here:50000150
04-26 06:50:03.860 D/pskey_bt(  327): char:5, 5
04-26 06:50:03.860 D/pskey_bt(  327): char:0, 0
04-26 06:50:03.860 D/pskey_bt(  327): char:0, 0
04-26 06:50:03.860 D/pskey_bt(  327): char:0, 0
04-26 06:50:03.860 D/pskey_bt(  327): char:0, 0
04-26 06:50:03.860 D/pskey_bt(  327): char:1, 1
04-26 06:50:03.860 D/pskey_bt(  327): char:5, 5
04-26 06:50:03.860 D/pskey_bt(  327): char:0, 0
04-26 06:50:03.860 D/pskey_bt(  327): get_one_item(data) = 0x50000150
04-26 06:50:03.860 D/pskey_bt(  327): get_next_u32: here:50000150
04-26 06:50:03.860 D/pskey_bt(  327): char:5, 5
04-26 06:50:03.860 D/pskey_bt(  327): char:0, 0
04-26 06:50:03.860 D/pskey_bt(  327): char:0, 0
04-26 06:50:03.860 D/pskey_bt(  327): char:0, 0
04-26 06:50:03.860 D/pskey_bt(  327): char:0, 0
04-26 06:50:03.860 D/pskey_bt(  327): char:1, 1
04-26 06:50:03.860 D/pskey_bt(  327): char:5, 5
04-26 06:50:03.860 D/pskey_bt(  327): char:4, 4
04-26 06:50:03.860 D/pskey_bt(  327): get_one_item(data) = 0x50000154
04-26 06:50:03.860 D/pskey_bt(  327): get_next_u32: here:50000154
04-26 06:50:03.860 D/pskey_bt(  327): char:F, F
04-26 06:50:03.860 D/pskey_bt(  327): char:F, F
04-26 06:50:03.860 D/pskey_bt(  327): char:F, F
04-26 06:50:03.860 D/pskey_bt(  327): char:F, F
04-26 06:50:03.860 D/pskey_bt(  327): char:F, F
04-26 06:50:03.860 D/pskey_bt(  327): char:F, F
04-26 06:50:03.860 D/pskey_bt(  327): char:F, F
04-26 06:50:03.860 D/pskey_bt(  327): char:F, F
04-26 06:50:03.860 D/pskey_bt(  327): get_one_item(data) = 0xffffffff
04-26 06:50:03.860 D/pskey_bt(  327): get_next_u32: here:ffffffff
04-26 06:50:03.860 D/pskey_bt(  327): char:1, 1
04-26 06:50:03.860 D/pskey_bt(  327): char:0, 0
04-26 06:50:03.860 D/pskey_bt(  327): char:0, 0
04-26 06:50:03.860 D/pskey_bt(  327): get_one_item(data) = 0x100
04-26 06:50:03.860 D/pskey_bt(  327): get_next_u16: here:100
04-26 06:50:03.860 D/pskey_bt(  327): char:A, A
04-26 06:50:03.860 D/pskey_bt(  327): char:0, 0
04-26 06:50:03.860 D/pskey_bt(  327): get_one_item(data) = 0xa0
04-26 06:50:03.860 D/pskey_bt(  327): get_next_u16: here:a0
04-26 06:50:03.860 D/pskey_bt(  327): char:D, D
04-26 06:50:03.860 D/pskey_bt(  327): char:C, C
04-26 06:50:03.860 D/pskey_bt(  327): get_one_item(data) = 0xdc
04-26 06:50:03.860 D/pskey_bt(  327): get_next_u16: here:dc
04-26 06:50:03.860 D/pskey_bt(  327): char:2, 2
04-26 06:50:03.860 D/pskey_bt(  327): char:0, 0
04-26 06:50:03.860 D/pskey_bt(  327): get_one_item(data) = 0x20
04-26 06:50:03.860 D/pskey_bt(  327): get_next_u16: here:20
04-26 06:50:03.860 D/pskey_bt(  327): char:5, 5
04-26 06:50:03.860 D/pskey_bt(  327): char:5, 5
04-26 06:50:03.860 D/pskey_bt(  327): get_one_item(data) = 0x55
04-26 06:50:03.860 D/pskey_bt(  327): get_next_u16: here:55
04-26 06:50:03.860 D/pskey_bt(  327): char:6, 6
04-26 06:50:03.860 D/pskey_bt(  327): char:4, 4
04-26 06:50:03.860 D/pskey_bt(  327): get_one_item(data) = 0x64
04-26 06:50:03.860 D/pskey_bt(  327): get_next_u16: here:64
04-26 06:50:03.860 D/pskey_bt(  327): char:0, 0
04-26 06:50:03.860 D/pskey_bt(  327): get_one_item(data) = 0x0
04-26 06:50:03.860 D/pskey_bt(  327): get_next_u32: here:0
04-26 06:50:03.860 D/pskey_bt(  327): char:8, 8
04-26 06:50:03.860 D/pskey_bt(  327): get_one_item(data) = 0x8
04-26 06:50:03.860 D/pskey_bt(  327): get_next_u16: here:8
04-26 06:50:03.860 D/pskey_bt(  327): char:1, 1
04-26 06:50:03.860 D/pskey_bt(  327): char:3, 3
04-26 06:50:03.860 D/pskey_bt(  327): char:C, C
04-26 06:50:03.860 D/pskey_bt(  327): get_one_item(data) = 0x13c
04-26 06:50:03.860 D/pskey_bt(  327): get_next_u16: here:13c
04-26 06:50:03.860 D/pskey_bt(  327): char:2, 2
04-26 06:50:03.860 D/pskey_bt(  327): get_one_item(data) = 0x2
04-26 06:50:03.860 D/pskey_bt(  327): get_next_u16: here:2
04-26 06:50:03.860 D/pskey_bt(  327): char:D, D
04-26 06:50:03.860 D/pskey_bt(  327): char:7, 7
04-26 06:50:03.860 D/pskey_bt(  327): char:0, 0
04-26 06:50:03.860 D/pskey_bt(  327): char:4, 4
04-26 06:50:03.860 D/pskey_bt(  327): get_one_item(data) = 0xd704
04-26 06:50:03.860 D/pskey_bt(  327): get_next_u16: here:d704
04-26 06:50:03.860 D/pskey_bt(  327): char:8, 8
04-26 06:50:03.860 D/pskey_bt(  327): char:8, 8
04-26 06:50:03.860 D/pskey_bt(  327): char:8, 8
04-26 06:50:03.860 D/pskey_bt(  327): char:8, 8
04-26 06:50:03.860 D/pskey_bt(  327): char:8, 8
04-26 06:50:03.860 D/pskey_bt(  327): char:8, 8
04-26 06:50:03.860 D/pskey_bt(  327): char:8, 8
04-26 06:50:03.860 D/pskey_bt(  327): char:8, 8
04-26 06:50:03.860 D/pskey_bt(  327): get_one_item(data) = 0x88888888
04-26 06:50:03.860 D/pskey_bt(  327): get_next_u32: here:88888888
04-26 06:50:03.860 D/pskey_bt(  327): char:6, 6
04-26 06:50:03.860 D/pskey_bt(  327): get_one_item(data) = 0x6
04-26 06:50:03.860 D/pskey_bt(  327): get_next_u16: here:6
04-26 06:50:03.860 D/pskey_bt(  327): char:0, 0
04-26 06:50:03.860 D/pskey_bt(  327): get_one_item(data) = 0x0
04-26 06:50:03.860 D/pskey_bt(  327): get_next_u16: here:0
04-26 06:50:03.860 D/pskey_bt(  327): char:0, 0
04-26 06:50:03.860 D/pskey_bt(  327): char:0, 0
04-26 06:50:03.860 D/pskey_bt(  327): char:0, 0
04-26 06:50:03.860 D/pskey_bt(  327): char:1, 1
04-26 06:50:03.860 D/pskey_bt(  327): get_one_item(data) = 0x1
04-26 06:50:03.860 D/pskey_bt(  327): get_next_u32: here:1
04-26 06:50:03.860 D/pskey_bt(  327): char:0, 0
04-26 06:50:03.860 D/pskey_bt(  327): char:0, 0
04-26 06:50:03.860 D/pskey_bt(  327): char:0, 0
04-26 06:50:03.860 D/pskey_bt(  327): char:0, 0
04-26 06:50:03.860 D/pskey_bt(  327): get_one_item(data) = 0x0
04-26 06:50:03.860 D/pskey_bt(  327): get_next_u32: here:0
04-26 06:50:03.860 D/pskey_bt(  327): char:0, 0
04-26 06:50:03.860 D/pskey_bt(  327): char:0, 0
04-26 06:50:03.860 D/pskey_bt(  327): char:0, 0
04-26 06:50:03.860 D/pskey_bt(  327): char:0, 0
04-26 06:50:03.860 D/pskey_bt(  327): get_one_item(data) = 0x0
04-26 06:50:03.860 D/pskey_bt(  327): get_next_u32: here:0
04-26 06:50:03.860 D/pskey_bt(  327): char:0, 0
04-26 06:50:03.860 D/pskey_bt(  327): char:0, 0
04-26 06:50:03.860 D/pskey_bt(  327): char:0, 0
04-26 06:50:03.860 D/pskey_bt(  327): char:0, 0
04-26 06:50:03.860 D/pskey_bt(  327): get_one_item(data) = 0x0
04-26 06:50:03.860 D/pskey_bt(  327): get_next_u32: here:0
04-26 06:50:03.860 D/pskey_bt(  327): char:0, 0
04-26 06:50:03.860 D/pskey_bt(  327): char:0, 0
04-26 06:50:03.860 D/pskey_bt(  327): char:0, 0
04-26 06:50:03.860 D/pskey_bt(  327): char:0, 0
04-26 06:50:03.860 D/pskey_bt(  327): get_one_item(data) = 0x0
04-26 06:50:03.860 D/pskey_bt(  327): get_next_u32: here:0
04-26 06:50:03.860 D/pskey_bt(  327): char:0, 0
04-26 06:50:03.860 D/pskey_bt(  327): char:0, 0
04-26 06:50:03.860 D/pskey_bt(  327): char:0, 0
04-26 06:50:03.860 D/pskey_bt(  327): char:0, 0
04-26 06:50:03.860 D/pskey_bt(  327): get_one_item(data) = 0x0
04-26 06:50:03.860 D/pskey_bt(  327): get_next_u32: here:0
04-26 06:50:03.860 D/pskey_bt(  327): char:0, 0
04-26 06:50:03.860 D/pskey_bt(  327): char:0, 0
04-26 06:50:03.860 D/pskey_bt(  327): char:0, 0
04-26 06:50:03.860 D/pskey_bt(  327): char:0, 0
04-26 06:50:03.860 D/pskey_bt(  327): get_one_item(data) = 0x0
04-26 06:50:03.860 D/pskey_bt(  327): get_next_u32: here:0
04-26 06:50:03.860 D/pskey_bt(  327): char:0, 0
04-26 06:50:03.860 D/pskey_bt(  327): char:0, 0
04-26 06:50:03.860 D/pskey_bt(  327): char:0, 0
04-26 06:50:03.860 D/pskey_bt(  327): char:0, 0
04-26 06:50:03.860 D/pskey_bt(  327): get_one_item(data) = 0x0
04-26 06:50:03.860 D/pskey_bt(  327): get_next_u32: here:0
04-26 06:50:03.860 D/pskey_bt(  327): char:0, 0
04-26 06:50:03.860 D/pskey_bt(  327): char:0, 0
04-26 06:50:03.860 D/pskey_bt(  327): char:0, 0
04-26 06:50:03.860 D/pskey_bt(  327): char:0, 0
04-26 06:50:03.860 D/pskey_bt(  327): get_one_item(data) = 0x0
04-26 06:50:03.860 D/pskey_bt(  327): get_next_u32: here:0
04-26 06:50:03.860 D/pskey_bt(  327): get_one_item(data) = 0x0
04-26 06:50:03.860 D/pskey_bt(  327): get_next_u32: here:0
04-26 06:50:03.860 D/pskey_bt(  327): leave out tmp_buff=
04-26 06:50:03.860 D/pskey_bt(  327): parse pskey success, tmp_buff=0x93c120
04-26 06:50:03.860 D/pskey_bt(  327): ret get pskey from file =0
04-26 06:50:03.860 D/pskey_bt(  327): data/btmac.txt does not exist 0 
04-26 06:50:03.960 D/pskey_bt(  327): tmp_mac:007a7ab01e04
04-26 06:50:03.960 D/pskey_bt(  327): 4  
04-26 06:50:03.960 D/pskey_bt(  327): 1e  
04-26 06:50:03.960 D/pskey_bt(  327): b0  
04-26 06:50:03.960 D/pskey_bt(  327): 7a  
04-26 06:50:03.960 D/pskey_bt(  327): 7a  
04-26 06:50:03.960 D/pskey_bt(  327): 0  
04-26 06:50:04.350 I/Gonk    (   83): RIL[0]: OnConnectSuccess
04-26 06:50:04.530 I/Gonk    (   83): RIL[1]: OnConnectSuccess
04-26 06:50:04.770 I/Gecko   (   83): 1398520204780	Marionette	DEBUG	accepted connection on 127.0.0.1:48938
04-26 06:50:04.980 E/bluedroid(   83): test bt_is_enabled
04-26 06:50:05.600 D/NetUtils(   83): failed to remove default route for wlan0: No such device
04-26 06:50:05.610 W/WifiHW  (   83): wifi_load_driver enter 211
04-26 06:50:05.870 W/WifiHW  (   86): wifi_change_fw_path: /system/lib/modules/itm_sta.ko
04-26 06:50:06.070 D/WifiHW  (   86): Unable to unload driver module "itm_ap": No such file or directory
04-26 06:50:06.270 D/WifiHW  (   86): Unable to unload driver module "itm_sta": No such file or directory
04-26 06:50:06.360 V/AudioPolicyManagerBase(   88): setStreamVolumeIndex() stream 3, index 15
04-26 06:50:06.360 E/AudioPolicyManagerBase(   88): checkAndSetVolume stream=3, index=15, output=1, device=2
04-26 06:50:06.360 E/AudioPolicyManagerBase(   88): computeVolume, streamDesc=0xe9fbe8
04-26 06:50:06.360 V/AudioPolicyManagerBase(   88): VOLUME vol index=[60 100 100], dB=[-11.0 0.0 0.0] ampl=1.00000
04-26 06:50:06.360 V/AudioPolicyManagerBase(   88): setStreamVolumeIndex() stream 1, index 15
04-26 06:50:06.360 E/AudioPolicyManagerBase(   88): checkAndSetVolume stream=1, index=15, output=1, device=2
04-26 06:50:06.360 E/AudioPolicyManagerBase(   88): computeVolume, streamDesc=0xe9fbb0
04-26 06:50:06.360 V/AudioPolicyManagerBase(   88): VOLUME vol index=[60 100 100], dB=[-11.0 0.0 0.0] ampl=1.00000
04-26 06:50:06.360 V/AudioPolicyManagerBase(   88): setStreamVolumeIndex() stream 5, index 15
04-26 06:50:06.360 E/AudioPolicyManagerBase(   88): checkAndSetVolume stream=5, index=15, output=1, device=2
04-26 06:50:06.360 E/AudioPolicyManagerBase(   88): computeVolume, streamDesc=0xe9fc20
04-26 06:50:06.360 V/AudioPolicyManagerBase(   88): VOLUME vol index=[66 100 100], dB=[-10.2 0.0 0.0] ampl=1.00000
04-26 06:50:06.360 V/AudioPolicyManagerBase(   88): setStreamVolumeIndex() stream 2, index 15
04-26 06:50:06.360 E/AudioPolicyManagerBase(   88): checkAndSetVolume stream=2, index=15, output=1, device=2
04-26 06:50:06.360 E/AudioPolicyManagerBase(   88): computeVolume, streamDesc=0xe9fbcc
04-26 06:50:06.360 V/AudioPolicyManagerBase(   88): VOLUME vol index=[66 100 100], dB=[-10.2 0.0 0.0] ampl=1.00000
04-26 06:50:06.370 V/AudioPolicyManagerBase(   88): setStreamVolumeIndex() stream 4, index 15
04-26 06:50:06.370 E/AudioPolicyManagerBase(   88): checkAndSetVolume stream=4, index=15, output=1, device=2
04-26 06:50:06.370 E/AudioPolicyManagerBase(   88): computeVolume, streamDesc=0xe9fc04
04-26 06:50:06.370 V/AudioPolicyManagerBase(   88): VOLUME vol index=[66 100 100], dB=[-10.2 0.0 0.0] ampl=1.00000
04-26 06:50:06.370 V/AudioPolicyManagerBase(   88): setStreamVolumeIndex() stream 0, index 5
04-26 06:50:06.370 E/AudioPolicyManagerBase(   88): checkAndSetVolume stream=0, index=5, output=1, device=2
04-26 06:50:06.370 E/AudioPolicyManagerBase(   88): computeVolume, streamDesc=0xe9fb94
04-26 06:50:06.370 V/AudioPolicyManagerBase(   88): VOLUME vol index=[66 100 100], dB=[-17.0 0.0 0.0] ampl=1.00000
04-26 06:50:06.380 V/AudioPolicyManagerBase(   88): setStreamVolumeIndex() stream 6, index 15
04-26 06:50:06.380 V/AudioPolicyManagerBase(   88): checkAndSetVolume() cannot set stream 6 volume with force use = 0 for comm
04-26 06:50:06.470 W/WifiHW  (   86): wifi_load_driver enter 211
04-26 06:50:06.470 W/WifiHW  (   86): DRIVER_MODULE_PATH=/system/lib/modules/itm_sta.ko DRIVER_MODULE_ARG= 
04-26 06:50:06.470 W/WifiHW  (   86): insmod filename=/system/lib/modules/itm_sta.ko args= 
04-26 06:50:06.690 I/VolumeManager(   83): SetSharingMode for volume sdcard to 1 canBeShared = 1
04-26 06:50:06.690 I/AutoMounter(   83): UpdateState: umsAvail:1 umsEnabled:1 mode:0 usbCablePluggedIn:1 tryToShare:0
04-26 06:50:06.690 I/AutoMounter(   83): UpdateState: Volume sdcard is NoMedia and missing
04-26 06:50:06.950 I/Gecko   (   83): ###################################### forms.js loaded
04-26 06:50:06.970 I/Gecko   (   83): ############################### browserElementPanning.js loaded
04-26 06:50:07.030 I/Gecko   (   83): ######################## BrowserElementChildPreload.js loaded
04-26 06:50:07.090 I/Gecko   (   83): *** UTM:SVC TimerManager:registerTimer - id: user-agent-updates-timer
04-26 06:50:07.100 E/GeckoConsole(   83): UTM:SVC TimerManager:registerTimer - id: user-agent-updates-timer
04-26 06:50:07.810 E/Profiler(  346): BEGIN mozilla_sampler_init
04-26 06:50:07.820 E/Profiler(  346): BPUnw: [1 total] thread_register_for_profiling(me=0x40157488, stacktop=0xbebbf997)
04-26 06:50:07.830 E/Profiler(  346): SPS:
04-26 06:50:07.830 E/Profiler(  346): SPS: Unwind mode       = pseudo
04-26 06:50:07.830 E/Profiler(  346): SPS: Sampling interval = 0 ms (zero means "platform default")
04-26 06:50:07.830 E/Profiler(  346): SPS: Entry store size  = 0 (zero means "platform default")
04-26 06:50:07.830 E/Profiler(  346): SPS: UnwindStackScan   = 0 (max dubious frames per unwind).
04-26 06:50:07.830 E/Profiler(  346): SPS: Use env var MOZ_PROFILER_MODE=help for further information.
04-26 06:50:07.830 E/Profiler(  346): SPS:
04-26 06:50:07.830 E/Profiler(  346): Registering start signal
04-26 06:50:08.260 W/WifiHW  (   86): driver insmod complete 
04-26 06:50:08.260 D/SoftapController(   86): Softap fwReload - Ok
04-26 06:50:08.260 E/BandwidthController(   86): No such iface wlan0 to delete
04-26 06:50:08.300 E/GeckoConsole(   83): [JavaScript Warning: "Error in parsing value for 'font-weight'.  Declaration dropped." {file: "app://system.gaiamobile.org/style/shrinking_ui/shrinking_ui.css" line: 9 column: 15 source: "  font-weight: medium;"}]
04-26 06:50:08.490 E/GeckoConsole(  346): Could not read chrome manifest 'file:///system/b2g/chrome.manifest'.
04-26 06:50:09.020 D/Sensors (   83): activate handle=0; drv=0
04-26 06:50:09.020 D/Sensors (   83): Lis3dhSensor: Control set 0
04-26 06:50:09.020 D/Sensors (   83): Lis3dhSensor: mEnabled = 0
04-26 06:50:09.030 I/Gecko   (   83): MobileConnection initialized
04-26 06:50:09.030 I/Gecko   (   83): MobileConnection initialized
04-26 06:50:09.540 I/Gecko   (   83): Attempting load of libEGL.so
04-26 06:50:09.580 D/libEGL  (   83): loaded /system/lib/egl/libEGL_mali.so
04-26 06:50:09.620 D/libEGL  (   83): loaded /system/lib/egl/libGLESv1_CM_mali.so
04-26 06:50:09.620 D/libEGL  (   83): loaded /system/lib/egl/libGLESv2_mali.so
04-26 06:50:09.640 I/HWComposer(   83): Creating new instance
04-26 06:50:09.640 E/HWComposer(   83): Failed to initialize hwc
04-26 06:50:09.690 E/GeckoConsole(   83): OpenGL compositor Initialized Succesfully.
04-26 06:50:09.690 E/GeckoConsole(   83): Version: OpenGL ES 2.0 Spreadtrum Build
04-26 06:50:09.690 E/GeckoConsole(   83): Vendor: ARM
04-26 06:50:09.690 E/GeckoConsole(   83): Renderer: Mali-300
04-26 06:50:09.690 E/GeckoConsole(   83): FBO Texture Target: TEXTURE_2D
04-26 06:50:10.140 E/Profiler(   83): BPUnw: [1 total] thread_unregister_for_profiling(me=0x13dbf68)  (NOT REGISTERED) 
04-26 06:50:10.580 E/WifiHW  (   83): Leo ensure_config_file_exists config_file=/data/misc/wifi/wpa_supplicant.conf
04-26 06:50:10.580 E/WifiHW  (   83): daemon_cmd=wpa_supplicant:-iwlan0 -c/data/misc/wifi/wpa_supplicant.conf
04-26 06:50:11.020 I/Gecko   (   83): 1398520211024	Marionette	DEBUG	accepted connection on 127.0.0.1:48939
04-26 06:50:12.260 I/power   (   83): *** set_screen_state 1
04-26 06:50:12.270 D/Sensors (   83): activate handle=3; drv=1
04-26 06:50:12.270 D/Sensors (   83): SensorTMD2771::setEnable=0= en=1; newState=1; what=0; mEnabled=0
04-26 06:50:12.380 D/Sensors (   83): taos ---Light::TAOS_IOCTL_ALS_ON=== err=0
04-26 06:50:12.380 D/Sensors (   83): SensorTMD2771::setEnable=1= en=1; newState=1; what=0; mEnabled=1
04-26 06:50:12.380 D/Sensors (   83): SensorTMD2771::getEnable===mEnabled=0x1; enable=1
04-26 06:50:12.420 I/GeckoDump(   83): XXX FIXME : Got a mozContentEvent: nfc-hardware-state-change
04-26 06:50:12.470 I/Gecko   (   83): ############################### browserElementPanning.js loaded
04-26 06:50:12.500 I/Gecko   (   83): ######################## BrowserElementChildPreload.js loaded
04-26 06:50:12.530 I/GeckoDump(   83): XXX FIXME : Got a mozContentEvent: system-message-listener-ready
04-26 06:50:12.600 W/WifiHW  (   83): wifi_command: LOG_LEVEL
04-26 06:50:12.600 W/WifiHW  (   83): wifi_command: STATUS
04-26 06:50:12.800 I/Gonk    (   83): Setting nice for pid 364 to 18
04-26 06:50:12.800 I/Gonk    (   83): Changed nice for pid 364 from 0 to 18.
04-26 06:50:12.830 W/WifiHW  (   83): wifi_command: LIST_NETWORKS
04-26 06:50:12.830 W/WifiHW  (   83): wifi_command: DRIVER MACADDR
04-26 06:50:12.890 D/Sensors (   83): SensorTMD2771::readEvents()======data_fd=53,count=16
04-26 06:50:12.890 D/Sensors (   83): SensorTMD2771::processEvent()=====code=40::value=1 
04-26 06:50:12.890 D/Sensors (   83): SensorTMD2771: mPendingEvents[Light].light = 1.000000
04-26 06:50:13.160 W/WifiHW  (   83): wifi_command: GET_NETWORK 0 ssid
04-26 06:50:13.160 W/WifiHW  (   83): wifi_command: GET_NETWORK 0 bssid
04-26 06:50:13.160 W/WifiHW  (   83): wifi_command: GET_NETWORK 0 psk
04-26 06:50:13.160 W/WifiHW  (   83): wifi_command: GET_NETWORK 0 wep_key0
04-26 06:50:13.160 W/WifiHW  (   83): wifi_command: GET_NETWORK 0 wep_key1
04-26 06:50:13.160 W/WifiHW  (   83): wifi_command: GET_NETWORK 0 wep_key2
04-26 06:50:13.160 W/WifiHW  (   83): wifi_command: GET_NETWORK 0 wep_key3
04-26 06:50:13.160 W/WifiHW  (   83): wifi_command: GET_NETWORK 0 wep_tx_keyidx
04-26 06:50:13.160 W/WifiHW  (   83): wifi_command: GET_NETWORK 0 priority
04-26 06:50:13.160 W/WifiHW  (   83): wifi_command: GET_NETWORK 0 key_mgmt
04-26 06:50:13.160 W/WifiHW  (   83): wifi_command: GET_NETWORK 0 scan_ssid
04-26 06:50:13.160 W/WifiHW  (   83): wifi_command: GET_NETWORK 0 disabled
04-26 06:50:13.160 W/WifiHW  (   83): wifi_command: GET_NETWORK 0 identity
04-26 06:50:13.160 W/WifiHW  (   83): wifi_command: GET_NETWORK 0 password
04-26 06:50:13.170 W/WifiHW  (   83): wifi_command: GET_NETWORK 0 auth_alg
04-26 06:50:13.170 W/WifiHW  (   83): wifi_command: GET_NETWORK 0 phase1
04-26 06:50:13.170 W/WifiHW  (   83): wifi_command: GET_NETWORK 0 phase2
04-26 06:50:13.170 W/WifiHW  (   83): wifi_command: GET_NETWORK 0 eap
04-26 06:50:13.170 W/WifiHW  (   83): wifi_command: GET_NETWORK 0 pin
04-26 06:50:13.170 W/WifiHW  (   83): wifi_command: GET_NETWORK 0 pcsc
04-26 06:50:13.290 E/GeckoConsole(   83): [JavaScript Warning: "Error in parsing value for 'padding'.  Declaration dropped." {file: "app://callscreen.gaiamobile.org/style/oncall.css" line: 280 column: 13 source: "    padding: none;"}]
04-26 06:50:13.510 I/Gecko   (   83): MobileConnection initialized
04-26 06:50:13.510 I/Gecko   (   83): MobileConnection initialized
04-26 06:50:13.530 W/WifiHW  (   83): wifi_command: ENABLE_NETWORK 0
04-26 06:50:13.530 W/WifiHW  (   83): wifi_command: AP_SCAN 1
04-26 06:50:13.680 V/AudioPolicyManagerBase(   88): getDeviceForStrategy() from cache strategy 0, device 2
04-26 06:50:13.680 V/AudioPolicyManagerBase(   88): getOutput() stream 3, samplingRate 0, format 0, channels 3, flags 0
04-26 06:50:13.710 W/WifiHW  (   83): wifi_command: SAVE_CONFIG
04-26 06:50:13.810 I/Gecko   (   83): 1398520213814	Marionette	INFO	loaded marionette-listener.js
04-26 06:50:13.810 I/Gecko   (   83): 1398520213816	Marionette	INFO	sendToClient: {"from":"0","value":"3-b2g"}, {890b544a-c734-4d01-a3f3-3c1aaa254f15}, {890b544a-c734-4d01-a3f3-3c1aaa254f15}
04-26 06:50:14.370 I/Gecko   (   83): 1398520214380	Marionette	INFO	sendToClient: {"from":"0","value":{"ELEMENT":"{115d6321-6aa0-4054-8984-fdff5350d489}"}}, {a250b4a8-852f-440c-9a4f-4a1b8a8ed9e6}, {a250b4a8-852f-440c-9a4f-4a1b8a8ed9e6}
04-26 06:50:14.440 I/Gecko   (   83): 1398520214450	Marionette	INFO	sendToClient: {"from":"0","value":false}, {22a27ed3-0e4c-45eb-bc21-1fc885208899}, {22a27ed3-0e4c-45eb-bc21-1fc885208899}
04-26 06:50:14.590 I/Gecko   (   83): 1398520214598	Marionette	INFO	sendToClient: {"from":"0","value":{"ELEMENT":"{115d6321-6aa0-4054-8984-fdff5350d489}"}}, {aee4af9d-b2ff-466e-9e36-b6e221047e38}, {aee4af9d-b2ff-466e-9e36-b6e221047e38}
04-26 06:50:14.640 I/Gecko   (   83): 1398520214648	Marionette	INFO	sendToClient: {"from":"0","value":false}, {d59d1c49-5855-4505-9d1b-6b291c290d8d}, {d59d1c49-5855-4505-9d1b-6b291c290d8d}
04-26 06:50:15.410 I/Gecko   (   83): 1398520215419	Marionette	INFO	sendToClient: {"from":"0","value":{"ELEMENT":"{115d6321-6aa0-4054-8984-fdff5350d489}"}}, {f649a338-fdd6-439e-9ad2-b064883fd940}, {f649a338-fdd6-439e-9ad2-b064883fd940}
04-26 06:50:15.490 I/Gecko   (   83): 1398520215500	Marionette	INFO	sendToClient: {"from":"0","value":false}, {6b5e875e-536b-4f25-918e-bf6cf94c73fb}, {6b5e875e-536b-4f25-918e-bf6cf94c73fb}
04-26 06:50:15.640 I/Gecko   (   83): 1398520215644	Marionette	INFO	sendToClient: {"from":"0","value":{"ELEMENT":"{115d6321-6aa0-4054-8984-fdff5350d489}"}}, {ee644cf2-b9fc-41cc-a1b6-05f6ab81e7b5}, {ee644cf2-b9fc-41cc-a1b6-05f6ab81e7b5}
04-26 06:50:15.670 I/Gecko   (   83): 1398520215678	Marionette	INFO	sendToClient: {"from":"0","value":false}, {917502ca-ce3d-4a74-814b-b488087f13b9}, {917502ca-ce3d-4a74-814b-b488087f13b9}
04-26 06:50:15.750 I/GeckoDump(   83): XXX FIXME : Got a mozContentEvent: accessibility-screenreader
04-26 06:50:15.790 I/GeckoDump(   83): XXX FIXME : Got a mozContentEvent: nfc-hardware-state-change
04-26 06:50:15.970 W/WifiHW  (   83): wifi_command: DRIVER SCAN-ACTIVE
04-26 06:50:16.110 W/WifiHW  (   83): wifi_command: SCAN
04-26 06:50:16.210 W/WifiHW  (   83): wifi_command: DRIVER SCAN-PASSIVE
04-26 06:50:16.240 I/Gecko   (   83): 1398520216252	Marionette	INFO	sendToClient: {"from":"0","value":{"ELEMENT":"{115d6321-6aa0-4054-8984-fdff5350d489}"}}, {daaa2140-9627-4683-8797-f1fb51783777}, {daaa2140-9627-4683-8797-f1fb51783777}
04-26 06:50:16.370 I/Gecko   (   83): 1398520216378	Marionette	INFO	sendToClient: {"from":"0","value":true}, {82c61a08-df8d-4f4a-afa2-f72d1ad26235}, {82c61a08-df8d-4f4a-afa2-f72d1ad26235}
04-26 06:50:16.640 I/FMRadio (   83): FMRadio is initialized.
04-26 06:50:16.670 E/GeckoConsole(   83): Content JS ERROR at app://system.gaiamobile.org/js/telephony_settings.js:23 in set_vpm_error: Error setting voice privacy.
04-26 06:50:16.670 E/GeckoConsole(   83): Content JS ERROR at app://system.gaiamobile.org/js/telephony_settings.js:23 in set_vpm_error: Error setting voice privacy.
04-26 06:50:16.670 E/GeckoConsole(   83): Content JS ERROR at app://system.gaiamobile.org/js/telephony_settings.js:42 in set_vpm_error: Error roaming preference.
04-26 06:50:16.670 E/GeckoConsole(   83): Content JS ERROR at app://system.gaiamobile.org/js/telephony_settings.js:42 in set_vpm_error: Error roaming preference.
04-26 06:50:17.190 I/GeckoDump(   83): XXX FIXME : Got a mozContentEvent: inputmethod-update-layouts
04-26 06:50:17.500 I/Gecko   (   83): ############################### browserElementPanning.js loaded
04-26 06:50:17.560 I/Gecko   (   83): ######################## BrowserElementChildPreload.js loaded
04-26 06:50:17.660 I/GeckoDump(   83): XXX FIXME : Got a mozContentEvent: inputmethod-update-layouts
04-26 06:50:18.030 E/GeckoConsole(   83): [JavaScript Warning: "Error in parsing value for 'font-weight'.  Declaration dropped." {file: "app://keyboard.gaiamobile.org/style/keyboard.css" line: 133 column: 15 source: "  font-weight: medium;"}]
04-26 06:50:18.290 W/WifiHW  (   83): wifi_command: SCAN_RESULTS
04-26 06:50:18.290 W/WifiHW  (   83): wifi_command: DRIVER SCAN-PASSIVE
04-26 06:50:18.330 W/WifiHW  (   83): wifi_command: GET_NETWORK 0 ssid
04-26 06:50:18.330 W/WifiHW  (   83): wifi_command: GET_NETWORK 0 bssid
04-26 06:50:18.330 W/WifiHW  (   83): wifi_command: GET_NETWORK 0 psk
04-26 06:50:18.330 W/WifiHW  (   83): wifi_command: GET_NETWORK 0 wep_key0
04-26 06:50:18.330 W/WifiHW  (   83): wifi_command: GET_NETWORK 0 wep_key1
04-26 06:50:18.330 W/WifiHW  (   83): wifi_command: GET_NETWORK 0 wep_key2
04-26 06:50:18.330 W/WifiHW  (   83): wifi_command: GET_NETWORK 0 wep_key3
04-26 06:50:18.330 W/WifiHW  (   83): wifi_command: GET_NETWORK 0 wep_tx_keyidx
04-26 06:50:18.330 W/WifiHW  (   83): wifi_command: GET_NETWORK 0 priority
04-26 06:50:18.340 W/WifiHW  (   83): wifi_command: GET_NETWORK 0 key_mgmt
04-26 06:50:18.340 W/WifiHW  (   83): wifi_command: GET_NETWORK 0 scan_ssid
04-26 06:50:18.340 W/WifiHW  (   83): wifi_command: GET_NETWORK 0 disabled
04-26 06:50:18.340 W/WifiHW  (   83): wifi_command: GET_NETWORK 0 identity
04-26 06:50:18.340 W/WifiHW  (   83): wifi_command: GET_NETWORK 0 password
04-26 06:50:18.340 W/WifiHW  (   83): wifi_command: GET_NETWORK 0 auth_alg
04-26 06:50:18.340 W/WifiHW  (   83): wifi_command: GET_NETWORK 0 phase1
04-26 06:50:18.340 W/WifiHW  (   83): wifi_command: GET_NETWORK 0 phase2
04-26 06:50:18.340 W/WifiHW  (   83): wifi_command: GET_NETWORK 0 eap
04-26 06:50:18.340 W/WifiHW  (   83): wifi_command: GET_NETWORK 0 pin
04-26 06:50:18.340 W/WifiHW  (   83): wifi_command: GET_NETWORK 0 pcsc
04-26 06:50:18.430 W/WifiHW  (   83): wifi_command: SIGNAL_POLL
04-26 06:50:18.430 W/WifiHW  (   83): wifi_command: GET_NETWORK 0 ssid
04-26 06:50:18.430 W/WifiHW  (   83): wifi_command: GET_NETWORK 0 bssid
04-26 06:50:18.430 W/WifiHW  (   83): wifi_command: GET_NETWORK 0 psk
04-26 06:50:18.430 W/WifiHW  (   83): wifi_command: GET_NETWORK 0 wep_key0
04-26 06:50:18.430 W/WifiHW  (   83): wifi_command: GET_NETWORK 0 wep_key1
04-26 06:50:18.440 W/WifiHW  (   83): wifi_command: GET_NETWORK 0 wep_key2
04-26 06:50:18.440 W/WifiHW  (   83): wifi_command: GET_NETWORK 0 wep_key3
04-26 06:50:18.440 W/WifiHW  (   83): wifi_command: GET_NETWORK 0 wep_tx_keyidx
04-26 06:50:18.440 W/WifiHW  (   83): wifi_command: GET_NETWORK 0 priority
04-26 06:50:18.440 W/WifiHW  (   83): wifi_command: GET_NETWORK 0 key_mgmt
04-26 06:50:18.440 W/WifiHW  (   83): wifi_command: GET_NETWORK 0 scan_ssid
04-26 06:50:18.440 W/WifiHW  (   83): wifi_command: GET_NETWORK 0 disabled
04-26 06:50:18.440 W/WifiHW  (   83): wifi_command: GET_NETWORK 0 identity
04-26 06:50:18.440 W/WifiHW  (   83): wifi_command: GET_NETWORK 0 password
04-26 06:50:18.440 W/WifiHW  (   83): wifi_command: GET_NETWORK 0 auth_alg
04-26 06:50:18.440 W/WifiHW  (   83): wifi_command: GET_NETWORK 0 phase1
04-26 06:50:18.450 W/WifiHW  (   83): wifi_command: GET_NETWORK 0 phase2
04-26 06:50:18.450 W/WifiHW  (   83): wifi_command: GET_NETWORK 0 eap
04-26 06:50:18.450 W/WifiHW  (   83): wifi_command: GET_NETWORK 0 pin
04-26 06:50:18.450 W/WifiHW  (   83): wifi_command: GET_NETWORK 0 pcsc
04-26 06:50:19.000 I/GeckoDump(   83): FTU manifest cannot be found skipping.
04-26 06:50:19.080 I/Gonk    (   83): Setting nice for pid 364 to 18
04-26 06:50:19.090 I/Gonk    (   83): Changed nice for pid 364 from 18 to 18.
04-26 06:50:19.090 I/Gecko   (   83): [Parent 83] WARNING: waitpid failed pid:364 errno:10: file ../../../gecko/ipc/chromium/src/base/process_util_posix.cc, line 254
04-26 06:50:19.100 I/Gonk    (   83): Setting nice for pid 364 to 1
04-26 06:50:19.100 I/Gonk    (   83): Changed nice for pid 364 from 18 to 1.
04-26 06:50:19.150 I/Gecko   (   83): 1398520219160	Marionette	INFO	sendToClient: {"from":"0","ok":true}, {d6ff6787-013c-4d83-b730-e4f77d87932e}, {d6ff6787-013c-4d83-b730-e4f77d87932e}
04-26 06:50:19.250 I/Gecko   (   83): 1398520219256	Marionette	DEBUG	Got request: switchToFrame, data: {"to":"0","sessionId":"3-b2g","name":"switchToFrame","parameters":{"id":null,"focus":true}}, id: {5a2d5411-ebd0-422b-916a-09226c9bc9ad}
04-26 06:50:19.280 I/Gecko   (   83): 1398520219290	Marionette	INFO	Switched to frame: {"frameValue":null}
04-26 06:50:19.390 I/Gecko   (   83): 1398520219396	Marionette	INFO	sendToClient: {"from":"0","ok":true}, {5a2d5411-ebd0-422b-916a-09226c9bc9ad}, {5a2d5411-ebd0-422b-916a-09226c9bc9ad}
04-26 06:50:19.400 I/Gecko   (   83): 1398520219403	Marionette	DEBUG	Got request: executeWithCallback, data: {"to":"0","sessionId":"3-b2g","name":"executeAsyncScript","parameters":{"specialPowers":false,"scriptTimeout":null,"newSandbox":true,"args":[],"filename":"gaia_test.py","script":"GaiaLockScreen.unlock()","line":810}}, id: {de822b3c-63fd-4078-81eb-6e5f5b8e0ceb}
04-26 06:50:19.690 I/Gecko   (   83): 1398520219695	Marionette	INFO	sendToClient: {"from":"0","value":{"passed":0,"failed":0,"failures":[]}}, {de822b3c-63fd-4078-81eb-6e5f5b8e0ceb}, {de822b3c-63fd-4078-81eb-6e5f5b8e0ceb}
04-26 06:50:20.462 I/GeckoDump(   83): XXX FIXME : Got a mozContentEvent: nfc-hardware-state-change
04-26 06:50:20.482 I/GeckoDump(   83): XXX FIXME : Got a mozContentEvent: nfc-hardware-state-change
04-26 06:50:20.486 E/Profiler(   83): BPUnw: [1 total] thread_unregister_for_profiling(me=0x13dc078)  (NOT REGISTERED) 
04-26 06:50:20.606 I/Gecko   (   83): 1398520220613	Marionette	INFO	sendToClient: {"from":"0","ok":true}, {cd68f23d-9045-48e9-b28f-d5b349af4d88}, {cd68f23d-9045-48e9-b28f-d5b349af4d88}
04-26 06:50:20.706 I/Gecko   (   83): 1398520220716	Marionette	DEBUG	Got request: switchToFrame, data: {"to":"0","sessionId":"3-b2g","name":"switchToFrame","parameters":{"id":null,"focus":true}}, id: {81d61d1f-eb20-457c-a94f-e89209ed894b}
04-26 06:50:20.736 I/Gecko   (   83): 1398520220744	Marionette	INFO	Switched to frame: {"frameValue":null}
04-26 06:50:20.846 I/Gecko   (   83): 1398520220853	Marionette	INFO	sendToClient: {"from":"0","ok":true}, {81d61d1f-eb20-457c-a94f-e89209ed894b}, {81d61d1f-eb20-457c-a94f-e89209ed894b}
04-26 06:50:20.856 I/Gecko   (   83): 1398520220866	Marionette	DEBUG	Got request: executeWithCallback, data: {"to":"0","sessionId":"3-b2g","name":"executeAsyncScript","parameters":{"specialPowers":false,"scriptTimeout":60000,"newSandbox":true,"args":[],"filename":"app_checker.py","script":"\n        GaiaApps.locateWithManifestURL('https://marketplace.firefox.com/app/89ad59f8-3a6b-4fbd-9b4c-0ec8d5e1d4cb/manifest.webapp',\n                                       null,\n                                       function uninstall(app) {\n                                       navigator.mozApps.mgmt.uninstall(app);\n                                       marionetteScriptFinished(true);\n                                       });\n        ","line":129}}, id: {15f09e8d-a239-4455-a0d1-a720f50f73a2}
04-26 06:50:20.906 I/Gecko   (   83): -- webapps.js uninstall https://marketplace.firefox.com/app/89ad59f8-3a6b-4fbd-9b4c-0ec8d5e1d4cb/manifest.webapp
04-26 06:50:20.946 I/Gecko   (  364): ###################################### forms.js loaded
04-26 06:50:20.986 I/Gecko   (  364): ############################### browserElementPanning.js loaded
04-26 06:50:21.056 I/Gecko   (  364): ######################## BrowserElementChildPreload.js loaded
04-26 06:50:21.126 I/Gecko   (   83): 1398520221132	Marionette	INFO	sendToClient: {"from":"0","value":true}, {15f09e8d-a239-4455-a0d1-a720f50f73a2}, {15f09e8d-a239-4455-a0d1-a720f50f73a2}