--------- beginning of /dev/log/main
04-26 05:02:28.593 W/WifiHW  (   83): wifi_command: SIGNAL_POLL
04-26 05:02:28.893 I/Gecko   (   83): 1398513748902	Marionette	INFO	sendToClient: {"from":"0","ok":true}, {cc7be6eb-dbec-4d06-8781-1034ceeec8cb}, {cc7be6eb-dbec-4d06-8781-1034ceeec8cb}
04-26 05:02:28.923 I/Gecko   (   83): 1398513748935	Marionette	DEBUG	Got request: switchToFrame, data: {"to":"0","sessionId":"3-b2g","name":"switchToFrame","parameters":{"id":null,"focus":true}}, id: {73dd7605-c589-4a07-8654-c235a59ac0a9}
04-26 05:02:28.933 I/Gecko   (   83): 1398513748939	Marionette	INFO	Switched to frame: {"frameValue":null}
04-26 05:02:29.033 I/Gecko   (   83): 1398513749048	Marionette	INFO	sendToClient: {"from":"0","ok":true}, {73dd7605-c589-4a07-8654-c235a59ac0a9}, {73dd7605-c589-4a07-8654-c235a59ac0a9}
04-26 05:02:29.043 I/Gecko   (   83): 1398513749055	Marionette	DEBUG	Got request: executeWithCallback, data: {"to":"0","sessionId":"3-b2g","name":"executeAsyncScript","parameters":{"specialPowers":false,"scriptTimeout":null,"newSandbox":true,"args":[],"filename":"gaia_test.py","script":"return GaiaApps.displayedApp();","line":66}}, id: {366b79f1-ee40-4a16-b9fd-d5743c0ca489}
04-26 05:02:29.103 I/Gecko   (   83): 1398513749114	Marionette	INFO	sendToClient: {"from":"0","value":{"frame":{"ELEMENT":"{f1135ca8-ab53-41f6-ba66-f3b627a39fea}"},"src":"app://homescreen.gaiamobile.org/index.html#root","name":"Homescreen","origin":"app://homescreen.gaiamobile.org"}}, {366b79f1-ee40-4a16-b9fd-d5743c0ca489}, {366b79f1-ee40-4a16-b9fd-d5743c0ca489}
04-26 05:02:29.113 E/GeckoConsole(   83): Content JS LOG at dummy file:392 in GaiaApps.displayedApp: app with origin 'app://homescreen.gaiamobile.org' is displayed
04-26 05:02:29.113 I/Gecko   (   83): 1398513749121	Marionette	DEBUG	Got request: switchToFrame, data: {"to":"0","sessionId":"3-b2g","name":"switchToFrame","parameters":{"id":null,"focus":true}}, id: {5139e35e-31ea-4b9f-9369-afc906f6e500}
04-26 05:02:29.113 I/Gecko   (   83): 1398513749127	Marionette	INFO	Switched to frame: {"frameValue":null}
04-26 05:02:29.223 I/Gecko   (   83): [Parent 83] WARNING: waitpid failed pid:499 errno:10: file ../../../gecko/ipc/chromium/src/base/process_util_posix.cc, line 254
04-26 05:02:29.223 I/Gecko   (   83): [Parent 83] WARNING: Failed to deliver SIGKILL to 499!(3).: file ../../../gecko/ipc/chromium/src/chrome/common/process_watcher_posix_sigchld.cc, line 118
04-26 05:02:29.243 I/Gecko   (   83): 1398513749258	Marionette	INFO	sendToClient: {"from":"0","ok":true}, {5139e35e-31ea-4b9f-9369-afc906f6e500}, {5139e35e-31ea-4b9f-9369-afc906f6e500}
04-26 05:02:29.263 I/Gecko   (   83): 1398513749274	Marionette	DEBUG	Got request: switchToFrame, data: {"to":"0","sessionId":"3-b2g","name":"switchToFrame","parameters":{"id":null,"focus":true}}, id: {82377262-e4e7-4804-abaa-ec1592119362}
04-26 05:02:29.263 I/Gecko   (   83): 1398513749276	Marionette	INFO	Switched to frame: {"frameValue":null}
04-26 05:02:29.363 I/Gecko   (   83): 1398513749378	Marionette	INFO	sendToClient: {"from":"0","ok":true}, {82377262-e4e7-4804-abaa-ec1592119362}, {82377262-e4e7-4804-abaa-ec1592119362}
04-26 05:02:29.393 I/Gecko   (   83): 1398513749400	Marionette	DEBUG	Got request: executeWithCallback, data: {"to":"0","sessionId":"3-b2g","name":"executeAsyncScript","parameters":{"specialPowers":false,"scriptTimeout":null,"newSandbox":true,"args":[],"filename":"gaia_test.py","script":"return GaiaApps.displayedApp();","line":66}}, id: {a9369e42-6313-4ea1-b6ca-14bc5a20c104}
04-26 05:02:29.463 E/GeckoConsole(   83): Content JS LOG at dummy file:392 in GaiaApps.displayedApp: app with origin 'app://homescreen.gaiamobile.org' is displayed
04-26 05:02:29.463 I/Gecko   (   83): 1398513749476	Marionette	INFO	sendToClient: {"from":"0","value":{"frame":{"ELEMENT":"{f1135ca8-ab53-41f6-ba66-f3b627a39fea}"},"src":"app://homescreen.gaiamobile.org/index.html#root","name":"Homescreen","origin":"app://homescreen.gaiamobile.org"}}, {a9369e42-6313-4ea1-b6ca-14bc5a20c104}, {a9369e42-6313-4ea1-b6ca-14bc5a20c104}
04-26 05:02:29.483 I/Gecko   (   83): 1398513749492	Marionette	DEBUG	Got request: switchToFrame, data: {"to":"0","sessionId":"3-b2g","name":"switchToFrame","parameters":{"focus":true,"element":"{f1135ca8-ab53-41f6-ba66-f3b627a39fea}"}}, id: {c6e5a2d1-981c-4f30-81c5-63f6be47e6a9}
04-26 05:02:29.513 I/Gecko   (   83): 1398513749519	Marionette	INFO	Switched to frame: {"frameValue":"{f1135ca8-ab53-41f6-ba66-f3b627a39fea}"}
04-26 05:02:29.513 I/Gecko   (   83): 1398513749522	Marionette	INFO	trying remote frame 0
04-26 05:02:29.513 I/Gecko   (   83): 1398513749526	Marionette	INFO	deleting frame
04-26 05:02:29.533 I/Gecko   (   83): 1398513749541	Marionette	INFO	frame-manager load script: [object ChromeMessageSender]
04-26 05:02:29.803 I/Gecko   (   83): 1398513749812	Marionette	INFO	sendToClient: {"from":"0","ok":true}, {c6e5a2d1-981c-4f30-81c5-63f6be47e6a9}, {c6e5a2d1-981c-4f30-81c5-63f6be47e6a9}
04-26 05:02:30.013 I/Gecko   (   83): 1398513750028	Marionette	INFO	sendToClient: {"from":"0","value":{"ELEMENT":"{a0f3ac34-b3e1-4cab-a9eb-f6ff45983ba4}"}}, {a35b5141-855a-4f83-886e-ccb5e5000e46}, {a35b5141-855a-4f83-886e-ccb5e5000e46}
04-26 05:02:30.133 E/GeckoConsole(  532): [JavaScript Warning: "Use of getAttributeNode() is deprecated. Use getAttribute() instead." {file: "chrome://marionette/content/atoms.js" line: 25}]
04-26 05:02:30.143 E/GeckoConsole(  532): [JavaScript Warning: "Use of attributes' specified attribute is deprecated. It always returns true." {file: "chrome://marionette/content/atoms.js" line: 25}]
04-26 05:02:30.143 I/Gecko   (   83): 1398513750152	Marionette	INFO	sendToClient: {"from":"0","value":"normal"}, {f3fdf5d4-79cd-4cfb-a028-5e9b877207dc}, {f3fdf5d4-79cd-4cfb-a028-5e9b877207dc}
04-26 05:02:30.143 I/Gecko   (   83): 1398513750159	Marionette	DEBUG	Got request: switchToFrame, data: {"to":"0","sessionId":"3-b2g","name":"switchToFrame","parameters":{"id":null,"focus":true}}, id: {8e58d97c-5f3c-43e9-96a1-b1f1509c8ebd}
04-26 05:02:30.163 I/Gecko   (   83): 1398513750170	Marionette	INFO	Switched to frame: {"frameValue":null}
04-26 05:02:30.263 I/Gecko   (   83): 1398513750273	Marionette	INFO	sendToClient: {"from":"0","ok":true}, {8e58d97c-5f3c-43e9-96a1-b1f1509c8ebd}, {8e58d97c-5f3c-43e9-96a1-b1f1509c8ebd}
04-26 05:02:30.273 I/Gecko   (   83): 1398513750280	Marionette	DEBUG	Got request: execute, data: {"to":"0","sessionId":"3-b2g","name":"executeScript","parameters":{"specialPowers":false,"scriptTimeout":null,"newSandbox":true,"args":[],"filename":"gaia_test.py","script":"window.wrappedJSObject.dispatchEvent(new Event('home'));","line":788}}, id: {096b2187-54fe-4a4f-b8aa-922c852b3353}
04-26 05:02:30.313 I/Gecko   (   83): 1398513750328	Marionette	INFO	sendToClient: {"from":"0","value":null}, {096b2187-54fe-4a4f-b8aa-922c852b3353}, {096b2187-54fe-4a4f-b8aa-922c852b3353}
04-26 05:02:30.333 I/Gecko   (   83): 1398513750342	Marionette	DEBUG	Got request: switchToFrame, data: {"to":"0","sessionId":"3-b2g","name":"switchToFrame","parameters":{"id":null,"focus":true}}, id: {422ed160-c404-4430-8eb7-8535ebb3e8f0}
04-26 05:02:30.333 I/Gecko   (   83): 1398513750344	Marionette	INFO	Switched to frame: {"frameValue":null}
04-26 05:02:30.433 I/Gecko   (   83): 1398513750446	Marionette	INFO	sendToClient: {"from":"0","ok":true}, {422ed160-c404-4430-8eb7-8535ebb3e8f0}, {422ed160-c404-4430-8eb7-8535ebb3e8f0}
04-26 05:02:30.443 I/Gecko   (   83): 1398513750452	Marionette	DEBUG	Got request: switchToFrame, data: {"to":"0","sessionId":"3-b2g","name":"switchToFrame","parameters":{"id":null,"focus":true}}, id: {978e9a7e-6af6-4930-98a7-e62e1de63002}
04-26 05:02:30.443 I/Gecko   (   83): 1398513750453	Marionette	INFO	Switched to frame: {"frameValue":null}
04-26 05:02:30.543 I/Gecko   (   83): 1398513750555	Marionette	INFO	sendToClient: {"from":"0","ok":true}, {978e9a7e-6af6-4930-98a7-e62e1de63002}, {978e9a7e-6af6-4930-98a7-e62e1de63002}
04-26 05:02:30.553 I/Gecko   (   83): 1398513750565	Marionette	DEBUG	Got request: executeWithCallback, data: {"to":"0","sessionId":"3-b2g","name":"executeAsyncScript","parameters":{"specialPowers":false,"scriptTimeout":null,"newSandbox":true,"args":[],"filename":"gaia_test.py","script":"return GaiaApps.displayedApp();","line":66}}, id: {7abde51d-4c7f-4fd5-9047-23a158adf008}
04-26 05:02:30.603 I/Gecko   (   83): 1398513750617	Marionette	INFO	sendToClient: {"from":"0","value":{"frame":{"ELEMENT":"{f1135ca8-ab53-41f6-ba66-f3b627a39fea}"},"src":"app://homescreen.gaiamobile.org/index.html#rootSat%20Apr%2026%202014%2005:02:30%20GMT-0700%20(UTC)","name":"Homescreen","origin":"app://homescreen.gaiamobile.org"}}, {7abde51d-4c7f-4fd5-9047-23a158adf008}, {7abde51d-4c7f-4fd5-9047-23a158adf008}
04-26 05:02:30.613 E/GeckoConsole(   83): Content JS LOG at dummy file:392 in GaiaApps.displayedApp: app with origin 'app://homescreen.gaiamobile.org' is displayed
04-26 05:02:30.633 I/Gecko   (   83): 1398513750641	Marionette	DEBUG	Got request: switchToFrame, data: {"to":"0","sessionId":"3-b2g","name":"switchToFrame","parameters":{"focus":true,"element":"{f1135ca8-ab53-41f6-ba66-f3b627a39fea}"}}, id: {8130653d-6a4e-4a90-b845-23e2733465a9}
04-26 05:02:30.633 I/Gecko   (   83): 1398513750646	Marionette	INFO	Switched to frame: {"frameValue":"{f1135ca8-ab53-41f6-ba66-f3b627a39fea}"}
04-26 05:02:30.643 I/Gecko   (   83): 1398513750650	Marionette	INFO	trying remote frame 0
04-26 05:02:31.413 I/Gecko   (   83): 1398513751423	Marionette	INFO	sendToClient: {"from":"0","ok":true}, {8130653d-6a4e-4a90-b845-23e2733465a9}, {8130653d-6a4e-4a90-b845-23e2733465a9}
04-26 05:02:31.423 I/Gecko   (   83): 1398513751432	Marionette	DEBUG	Got request: execute, data: {"to":"0","sessionId":"3-b2g","name":"executeScript","parameters":{"specialPowers":false,"scriptTimeout":null,"newSandbox":true,"args":[],"filename":"gaia_test.py","script":"return window.wrappedJSObject.GridManager.pageHelper.getCurrentPageNumber();","line":784}}, id: {55bb5c1f-7244-46fc-84ec-ed90cf2da9c1}
04-26 05:02:31.423 E/GeckoConsole(  532): Content JS WARN at app://homescreen.gaiamobile.org/gaia_build_defer_index.js:184 in isHiddenApp: Unexpected role when checking hidden app: undefined
04-26 05:02:31.423 E/GeckoConsole(  532): Content JS WARN at app://homescreen.gaiamobile.org/gaia_build_defer_index.js:184 in isHiddenApp: Unexpected role when checking hidden app: undefined
04-26 05:02:31.423 E/GeckoConsole(  532): Content JS WARN at app://homescreen.gaiamobile.org/gaia_build_defer_index.js:184 in isHiddenApp: Unexpected role when checking hidden app: undefined
04-26 05:02:31.433 E/GeckoConsole(  532): Content JS WARN at app://homescreen.gaiamobile.org/gaia_build_defer_index.js:184 in isHiddenApp: Unexpected role when checking hidden app: undefined
04-26 05:02:31.433 E/GeckoConsole(  532): Content JS WARN at app://homescreen.gaiamobile.org/gaia_build_defer_index.js:184 in isHiddenApp: Unexpected role when checking hidden app: undefined
04-26 05:02:31.433 E/GeckoConsole(  532): Content JS WARN at app://homescreen.gaiamobile.org/gaia_build_defer_index.js:184 in isHiddenApp: Unexpected role when checking hidden app: undefined
04-26 05:02:31.433 E/GeckoConsole(  532): Content JS WARN at app://homescreen.gaiamobile.org/gaia_build_defer_index.js:184 in isHiddenApp: Unexpected role when checking hidden app: undefined
04-26 05:02:31.433 E/GeckoConsole(  532): Content JS WARN at app://homescreen.gaiamobile.org/gaia_build_defer_index.js:184 in isHiddenApp: Unexpected role when checking hidden app: undefined
04-26 05:02:31.433 E/GeckoConsole(  532): Content JS WARN at app://homescreen.gaiamobile.org/gaia_build_defer_index.js:184 in isHiddenApp: Unexpected role when checking hidden app: undefined
04-26 05:02:31.433 E/GeckoConsole(  532): Content JS WARN at app://homescreen.gaiamobile.org/gaia_build_defer_index.js:184 in isHiddenApp: Unexpected role when checking hidden app: undefined
04-26 05:02:31.433 E/GeckoConsole(  532): Content JS WARN at app://homescreen.gaiamobile.org/gaia_build_defer_index.js:184 in isHiddenApp: Unexpected role when checking hidden app: undefined
04-26 05:02:31.433 E/GeckoConsole(  532): Content JS WARN at app://homescreen.gaiamobile.org/gaia_build_defer_index.js:184 in isHiddenApp: Unexpected role when checking hidden app: undefined
04-26 05:02:31.433 E/GeckoConsole(  532): Content JS WARN at app://homescreen.gaiamobile.org/gaia_build_defer_index.js:184 in isHiddenApp: Unexpected role when checking hidden app: undefined
04-26 05:02:31.433 E/GeckoConsole(  532): Content JS WARN at app://homescreen.gaiamobile.org/gaia_build_defer_index.js:184 in isHiddenApp: Unexpected role when checking hidden app: undefined
04-26 05:02:31.433 E/GeckoConsole(  532): Content JS WARN at app://homescreen.gaiamobile.org/gaia_build_defer_index.js:184 in isHiddenApp: Unexpected role when checking hidden app: undefined
04-26 05:02:31.433 E/GeckoConsole(  532): Content JS WARN at app://homescreen.gaiamobile.org/gaia_build_defer_index.js:184 in isHiddenApp: Unexpected role when checking hidden app: undefined
04-26 05:02:31.433 E/GeckoConsole(  532): Content JS WARN at app://homescreen.gaiamobile.org/gaia_build_defer_index.js:184 in isHiddenApp: Unexpected role when checking hidden app: undefined
04-26 05:02:31.443 E/GeckoConsole(  532): Content JS WARN at app://homescreen.gaiamobile.org/gaia_build_defer_index.js:184 in isHiddenApp: Unexpected role when checking hidden app: undefined
04-26 05:02:31.443 E/GeckoConsole(  532): Content JS WARN at app://homescreen.gaiamobile.org/gaia_build_defer_index.js:184 in isHiddenApp: Unexpected role when checking hidden app: undefined
04-26 05:02:31.443 E/GeckoConsole(  532): Content JS WARN at app://homescreen.gaiamobile.org/gaia_build_defer_index.js:184 in isHiddenApp: Unexpected role when checking hidden app: undefined
04-26 05:02:31.443 E/GeckoConsole(  532): Content JS WARN at app://homescreen.gaiamobile.org/gaia_build_defer_index.js:184 in isHiddenApp: Unexpected role when checking hidden app: undefined
04-26 05:02:31.703 I/Gecko   (   83): 1398513751709	Marionette	INFO	sendToClient: {"from":"0","value":0}, {55bb5c1f-7244-46fc-84ec-ed90cf2da9c1}, {55bb5c1f-7244-46fc-84ec-ed90cf2da9c1}
04-26 05:02:31.793 I/Gecko   (   83): 1398513751799	Marionette	INFO	sendToClient: {"from":"0","value":["{1093ca86-b660-4b47-8a7c-3c63733a5137}","{62f4fadf-1048-4d87-8c8a-36de3f9affa9}","{f6bf5974-efef-4289-a4a6-58dd87301077}","{7f27e5d6-675b-4ee9-a836-aa9d72c28cc4}","{25c58fd7-341b-4222-8840-e1787fad8934}","{f8fb32c8-d5e0-4dbb-aea5-5e991ab6d08c}","{0d8bab65-3d07-4d61-bc67-12c339e9316b}","{892e2a44-b3de-4cca-bb2b-4ddc61d1148c}","{51d95894-6d49-443a-a261-2fae60ea7831}","{dc721cac-cde7-47fd-b48c-3849edfb84e4}","{80df0075-1998-41a2-9779-24783229351e}","{b8893c6e-1620-4b29-8714-5fa965d65583}","{65133b27-da57-4a71-9541-0893b9fbcf5a}","{d151001c-a9f5-4526-9d45-a3e4c5cf043e}","{a10add3d-9f32-4ece-bc91-cf68ea305f4d}","{53b1db01-97bd-4866-9779-779db370ef8a}","{b15d727d-9a28-4664-8ee0-a579f36b0178}","{325796ce-3a10-4b14-a11e-4140103b0ac6}","{87855e51-2bdb-42fa-b1ab-de9bad824d7c}","{05e12634-02f2-4b61-98f8-aaa4c0d2df1b}","{6379fa49-c1a9-49e4-b4d0-8775a9e22c28}","{fe95b3ab-1e60-4a66-91b6-93b397c02713}","{3d3cddcb-dd01-4480-b50b-a1cbcc6285e2}","{761b1d47-1f5a
04-26 05:02:31.833 I/Gecko   (   83): 1398513751839	Marionette	INFO	sendToClient: {"from":"0","value":"app://homescreen.gaiamobile.org/index.html#rootSat%20Apr%2026%202014%2005:02:30%20GMT-0700%20(UTC)"}, {f5028c66-81ad-4a1d-9a7a-d2518edf0a1c}, {f5028c66-81ad-4a1d-9a7a-d2518edf0a1c}
04-26 05:02:31.833 I/Gecko   (   83): 1398513751846	Marionette	DEBUG	Got request: switchToFrame, data: {"to":"0","sessionId":"3-b2g","name":"switchToFrame","parameters":{"id":null,"focus":true}}, id: {4119e003-46b5-4fe3-a01f-bd51fd103003}
04-26 05:02:31.863 I/Gecko   (   83): 1398513751870	Marionette	INFO	Switched to frame: {"frameValue":null}
04-26 05:02:31.963 I/Gecko   (   83): 1398513751973	Marionette	INFO	sendToClient: {"from":"0","ok":true}, {4119e003-46b5-4fe3-a01f-bd51fd103003}, {4119e003-46b5-4fe3-a01f-bd51fd103003}
04-26 05:02:31.973 I/Gecko   (   83): 1398513751981	Marionette	DEBUG	Got request: switchToFrame, data: {"to":"0","sessionId":"3-b2g","name":"switchToFrame","parameters":{"id":null,"focus":true}}, id: {801b2211-4972-47f8-95f4-8a4668c606a3}
04-26 05:02:31.973 I/Gecko   (   83): 1398513751982	Marionette	INFO	Switched to frame: {"frameValue":null}
04-26 05:02:32.073 I/Gecko   (   83): 1398513752085	Marionette	INFO	sendToClient: {"from":"0","ok":true}, {801b2211-4972-47f8-95f4-8a4668c606a3}, {801b2211-4972-47f8-95f4-8a4668c606a3}
04-26 05:02:32.083 I/Gecko   (   83): 1398513752092	Marionette	DEBUG	Got request: executeWithCallback, data: {"to":"0","sessionId":"3-b2g","name":"executeAsyncScript","parameters":{"specialPowers":false,"scriptTimeout":30000,"newSandbox":true,"args":[],"filename":"app_checker.py","script":"GaiaApps.launchWithManifestURL('https://marketplace.firefox.com/app/ccd4ad13-bf33-465d-a105-52425b3eeff7/manifest.webapp')","line":106}}, id: {0b85ad1c-10a7-42a5-a8d8-c31576ccb331}
04-26 05:02:32.173 I/Gonk    (   83): Setting nice for pid 540 to 18
04-26 05:02:32.183 I/Gonk    (   83): Changed nice for pid 540 from 18 to 18.
04-26 05:02:32.183 I/Gecko   (   83): [Parent 83] WARNING: waitpid failed pid:540 errno:10: file ../../../gecko/ipc/chromium/src/base/process_util_posix.cc, line 254
04-26 05:02:32.183 I/Gonk    (   83): Setting nice for pid 540 to 1
04-26 05:02:32.183 I/Gonk    (   83): Changed nice for pid 540 from 18 to 1.
04-26 05:02:32.193 E/GeckoConsole(   83): Content JS LOG at dummy file:334 in GaiaApps.launch: launching app with name 'Hindie'
04-26 05:02:32.523 D/Sensors (   83): activate handle=0; drv=0
04-26 05:02:32.523 D/Sensors (   83): Lis3dhSensor: Control set 1
04-26 05:02:32.523 D/Sensors (   83): Lis3dhSensor: mEnabled = 1
04-26 05:02:32.683 I/Gonk    (   83): Setting nice for pid 532 to 18
04-26 05:02:32.683 I/Gonk    (   83): Changed nice for pid 532 from 1 to 18.
04-26 05:02:33.543 I/Gecko   (  540): ###################################### forms.js loaded
04-26 05:02:33.583 I/Gecko   (  540): ############################### browserElementPanning.js loaded
04-26 05:02:33.593 W/WifiHW  (   83): wifi_command: SIGNAL_POLL
04-26 05:02:33.633 I/Gecko   (  540): ######################## BrowserElementChildPreload.js loaded
04-26 05:02:34.083 I/Gonk    (   83): Setting nice for pid 597 to 18
04-26 05:02:34.083 I/Gonk    (   83): Changed nice for pid 597 from 0 to 18.
04-26 05:02:34.303 V/AudioPolicyManagerBase(   88): getDeviceForStrategy() from cache strategy 0, device 2
04-26 05:02:34.303 V/AudioPolicyManagerBase(   88): getOutput() stream 1, samplingRate 0, format 0, channels 3, flags 0
04-26 05:02:34.403 V/AudioPolicyManagerBase(   88): startOutput() output 1, stream 1, session 2
04-26 05:02:34.403 V/AudioPolicyManagerBase(   88): startReadingThread
04-26 05:02:34.403 V/AudioPolicyManagerBase(   88): changeRefCount() stream 1, count 1
04-26 05:02:34.403 V/AudioPolicyManagerBase(   88): getDeviceForStrategy() from cache strategy 0, device 2
04-26 05:02:34.403 V/AudioPolicyManagerBase(   88): getNewDevice() selected device 2
04-26 05:02:34.403 D/AudioPolicyManagerBase(   88): setOutputDevice() output 1 device 2 delayMs 0
04-26 05:02:34.403 V/AudioPolicyManagerBase(   88): setOutputDevice() setting same device 2 or null device for output 1
04-26 05:02:34.403 E/AudioPolicyManagerBase(   88): checkAndSetVolume stream=1, index=15, output=1, device=2
04-26 05:02:34.403 E/AudioPolicyManagerBase(   88): computeVolume, streamDesc=0xbdabb0
04-26 05:02:34.403 V/AudioPolicyManagerBase(   88): VOLUME vol index=[60 100 100], dB=[-11.0 0.0 0.0] ampl=1.00000
04-26 05:02:34.413 V/AudioPolicyManagerBase(   88): ThreadWrapper 0xbdab38
04-26 05:02:34.413 V/AudioPolicyManagerBase(   88): threadFunc in
04-26 05:02:34.443 W/AudioFlinger(   88): Thread AudioOut_1 cannot connect to the power manager service
04-26 05:02:34.443 V/AudioPolicyManagerBase(   88): stopOutput() output 1, stream 1, session 2
04-26 05:02:34.443 V/AudioPolicyManagerBase(   88): stopReadingThread
04-26 05:02:34.513 V/AudioPolicyManagerBase(   88): threadFunc exit
04-26 05:02:34.513 V/AudioPolicyManagerBase(   88): changeRefCount() stream 1, count 0
04-26 05:02:34.513 V/AudioPolicyManagerBase(   88): getNewDevice() selected device 0
04-26 05:02:34.513 D/AudioPolicyManagerBase(   88): setOutputDevice() output 1 device 0 delayMs 290
04-26 05:02:34.513 V/AudioPolicyManagerBase(   88): setOutputDevice() setting same device 0 or null device for output 1
04-26 05:02:34.523 V/AudioPolicyManagerBase(   88): startOutput() output 1, stream 1, session 2
04-26 05:02:34.523 V/AudioPolicyManagerBase(   88): changeRefCount() stream 1, count 1
04-26 05:02:34.523 V/AudioPolicyManagerBase(   88): getDeviceForStrategy() from cache strategy 0, device 2
04-26 05:02:34.523 V/AudioPolicyManagerBase(   88): getNewDevice() selected device 2
04-26 05:02:34.523 D/AudioPolicyManagerBase(   88): setOutputDevice() output 1 device 2 delayMs 0
04-26 05:02:34.523 V/AudioPolicyManagerBase(   88): setOutputDevice() setting same device 2 or null device for output 1
04-26 05:02:34.523 E/AudioPolicyManagerBase(   88): checkAndSetVolume stream=1, index=15, output=1, device=2
04-26 05:02:34.523 E/AudioPolicyManagerBase(   88): computeVolume, streamDesc=0xbdabb0
04-26 05:02:34.523 V/AudioPolicyManagerBase(   88): VOLUME vol index=[60 100 100], dB=[-11.0 0.0 0.0] ampl=1.00000
04-26 05:02:34.523 V/AudioPolicyManagerBase(   88): stopOutput() output 1, stream 1, session 2
04-26 05:02:34.523 V/AudioPolicyManagerBase(   88): changeRefCount() stream 1, count 0
04-26 05:02:34.523 V/AudioPolicyManagerBase(   88): getNewDevice() selected device 0
04-26 05:02:34.523 D/AudioPolicyManagerBase(   88): setOutputDevice() output 1 device 0 delayMs 290
04-26 05:02:34.523 V/AudioPolicyManagerBase(   88): setOutputDevice() setting same device 0 or null device for output 1
04-26 05:02:34.543 V/AudioPolicyManagerBase(   88): releaseOutput() 1
04-26 05:02:34.583 E/GeckoConsole(  540): [JavaScript Error: "ReferenceError: $ is not defined" {file: "app://{14783b02-9174-4fdb-8694-9d858949fc3b}/js/action.js" line: 4}]
04-26 05:02:34.583 E/GeckoConsole(  540): [JavaScript Warning: "Expected declaration but found '*'.  Skipped to next declaration." {file: "app://{14783b02-9174-4fdb-8694-9d858949fc3b}/css/style.css" line: 34 column: 5 source: "     *//*set to a negative number 1/2 of your height*/"}]
04-26 05:02:34.583 E/GeckoConsole(  540): [JavaScript Warning: "Error in parsing value for 'font-size'.  Declaration dropped." {file: "app://{14783b02-9174-4fdb-8694-9d858949fc3b}/css/style.css" line: 54 column: 15 source: "    font-size: -webkit-xxx-large;"}]
04-26 05:02:34.583 E/GeckoConsole(  540): [JavaScript Warning: "Error in parsing value for 'font-size'.  Declaration dropped." {file: "app://{14783b02-9174-4fdb-8694-9d858949fc3b}/css/style.css" line: 55 column: 15 source: "    font-size: xxx-large;"}]
04-26 05:02:34.623 E/GeckoConsole(  540): [JavaScript Warning: "SyntaxError: Using //@ to indicate sourceMappingURL pragmas is deprecated. Use //# instead" {file: "app://{14783b02-9174-4fdb-8694-9d858949fc3b}/js/jquery.min.js" line: 1}]
04-26 05:02:34.933 E/GeckoConsole(  540): [JavaScript Warning: "Unknown property 'box-sizing'.  Declaration dropped." {file: "app://{14783b02-9174-4fdb-8694-9d858949fc3b}/indexer.html" line: 0 column: 67 source: "-webkit-box-sizing:border-box;-moz-box-sizing:border-box;box-sizing:border-box;padding:1px;border:1px;display:block;width:4px;margin-top:1%;position:absolute;top:1%"}]
04-26 05:02:34.933 E/GeckoConsole(  540): [JavaScript Error: "downloadable font: download failed (font-family: "mozTT" style:normal weight:normal stretch:normal src index:0): status=2152857618
04-26 05:02:34.933 E/GeckoConsole(  540): source: app://{14783b02-9174-4fdb-8694-9d858949fc3b}/fonts/moztt_regular-webfont.woff" {file: "app://{14783b02-9174-4fdb-8694-9d858949fc3b}/css/base.css" line: 0 column: 0 source: "@font-face {
04-26 05:02:34.933 E/GeckoConsole(  540):   font-family: "mozTT";
04-26 05:02:34.933 E/GeckoConsole(  540):   font-style: normal;
04-26 05:02:34.933 E/GeckoConsole(  540):   font-weight: normal;
04-26 05:02:34.933 E/GeckoConsole(  540):   src: url("../fonts/moztt_regular-webfont.woff") format("woff");
04-26 05:02:34.933 E/GeckoConsole(  540): }"}]
04-26 05:02:35.043 E/GeckoConsole(  540): [JavaScript Warning: "Unknown property 'box-sizing'.  Declaration dropped." {file: "app://{14783b02-9174-4fdb-8694-9d858949fc3b}/indexer.html" line: 0 column: 111 source: "padding:0;margin:0;border:0;display:block;-webkit-box-sizing:content-box;-moz-box-sizing:content-box;box-sizing:content-box"}]
04-26 05:02:35.043 E/GeckoConsole(  540): [JavaScript Warning: "Unknown property 'box-sizing'.  Declaration dropped." {file: "app://{14783b02-9174-4fdb-8694-9d858949fc3b}/indexer.html" line: 0 column: 111 source: "padding:0;margin:0;border:0;display:block;-webkit-box-sizing:content-box;-moz-box-sizing:content-box;box-sizing:content-box"}]
04-26 05:02:35.303 E/GeckoConsole(   83): Content JS LOG at dummy file:326 in GaiaApps.launch/appOpen/<: app with origin 'app://{14783b02-9174-4fdb-8694-9d858949fc3b}' has launched
04-26 05:02:35.313 I/Gecko   (   83): 1398513755321	Marionette	INFO	sendToClient: {"from":"0","value":{"frame":{"ELEMENT":"{d22d549a-6635-4dad-8d7d-0f757a230a5a}"},"src":"app://{14783b02-9174-4fdb-8694-9d858949fc3b}/indexer.html","name":"Hindie","origin":"app://{14783b02-9174-4fdb-8694-9d858949fc3b}"}}, {0b85ad1c-10a7-42a5-a8d8-c31576ccb331}, {0b85ad1c-10a7-42a5-a8d8-c31576ccb331}
04-26 05:02:35.413 I/Gecko   (   83): 1398513755420	Marionette	DEBUG	Got request: switchToFrame, data: {"to":"0","sessionId":"3-b2g","name":"switchToFrame","parameters":{"focus":true,"element":"{d22d549a-6635-4dad-8d7d-0f757a230a5a}"}}, id: {0d8ea4d7-8caa-48db-b833-9f675a68bdc9}
04-26 05:02:35.433 I/Gecko   (   83): 1398513755446	Marionette	INFO	Switched to frame: {"frameValue":"{d22d549a-6635-4dad-8d7d-0f757a230a5a}"}
04-26 05:02:35.443 I/Gecko   (   83): 1398513755456	Marionette	INFO	trying remote frame 0
04-26 05:02:35.453 I/Gecko   (   83): 1398513755461	Marionette	INFO	trying remote frame 1
04-26 05:02:35.463 I/Gecko   (   83): 1398513755474	Marionette	INFO	frame-manager load script: [object ChromeMessageSender]
04-26 05:02:35.923 I/Gecko   (   83): 1398513755931	Marionette	INFO	sendToClient: {"from":"0","ok":true}, {0d8ea4d7-8caa-48db-b833-9f675a68bdc9}, {0d8ea4d7-8caa-48db-b833-9f675a68bdc9}
04-26 05:02:35.933 I/Gecko   (   83): 1398513755948	Marionette	INFO	sendToClient: {"from":"0","value":"app://{14783b02-9174-4fdb-8694-9d858949fc3b}/indexer.html"}, {0c4956a4-c40e-4ebe-9504-3210dd49ee30}, {0c4956a4-c40e-4ebe-9504-3210dd49ee30}
04-26 05:02:35.943 I/Gecko   (   83): 1398513755955	Marionette	DEBUG	Got request: execute, data: {"to":"0","sessionId":"3-b2g","name":"executeScript","parameters":{"specialPowers":false,"scriptTimeout":null,"newSandbox":true,"args":[],"filename":"app_checker.py","script":"return window.document.readyState;","line":191}}, id: {70604243-723c-4f18-b744-5281426192f3}
04-26 05:02:36.023 I/Gecko   (   83): 1398513756030	Marionette	INFO	sendToClient: {"from":"0","value":"complete"}, {70604243-723c-4f18-b744-5281426192f3}, {70604243-723c-4f18-b744-5281426192f3}
04-26 05:02:36.033 I/Gecko   (   83): 1398513756040	Marionette	INFO	sendToClient: {"from":"0","value":"app://{14783b02-9174-4fdb-8694-9d858949fc3b}/indexer.html"}, {57f4ef57-ea98-4c6f-b913-7a5805276d16}, {57f4ef57-ea98-4c6f-b913-7a5805276d16}
04-26 05:02:36.043 I/Gecko   (  540): Attempting load of libEGL.so
04-26 05:02:36.073 D/libEGL  (  540): loaded /system/lib/egl/libEGL_mali.so
04-26 05:02:36.093 D/libEGL  (  540): loaded /system/lib/egl/libGLESv1_CM_mali.so
04-26 05:02:36.093 D/libEGL  (  540): loaded /system/lib/egl/libGLESv2_mali.so
04-26 05:02:36.123 I/Gecko   (  540): SharedSurface_Gralloc::Create -------
04-26 05:02:36.123 I/Gecko   (  540): SharedSurface_Gralloc::Create: success -- surface 0x4328b540, GraphicBuffer 0x43eb3500.
04-26 05:02:36.593 I/Gecko   (   83): 
04-26 05:02:36.593 I/Gecko   (   83): ###!!! [Parent][MessageChannel] Error: Channel error: cannot send/recv
04-26 05:02:36.593 I/Gecko   (   83): 
04-26 05:02:36.683 I/Gecko   (   83): [Parent 83] WARNING: waitpid failed pid:532 errno:10: file ../../../gecko/ipc/chromium/src/base/process_util_posix.cc, line 254
04-26 05:02:36.833 I/Gecko   (   83): 1398513756841	Marionette	INFO	sendToClient: {"from":"0","value":"iVBORw0KGgoAAAANSUhEUgAAAUAAAAHgCAYAAADUjLREAAAgAElEQVR4nO2deXiU5aFHB3BBxAV3a0u1atVWujCUXhdah02KQItaRCmCikpBUesSUKPFiGGNoECUfSYL2RO2AAkkZBKpgBK5LAIh4bleRMXlliVIMim/+0fMR4Zsk2QyM+Q953nOH2Te+eadyeTwbfONTQAAhmIL9gQAAIIFAQQAYyGAAGAsBBAAjIUAAoCxEEAAMBYCCADGQgABwFgIIAAYCwEEAGMhgABgLAQQAIyFAAKAsRBAADAWAggAxkIAAcBYCCAAGAsBBABjIYAAYCwEEACMhQACgLEQQAAwFgIIAMZCAAHAWAggABgLAQQAYyGAAGAsBBAAjIUAAoCxEEAAMBYCCADGQgABwFgIIAAYCwEEAGMhgABgLAQQAIyFAAKAsRBAADAWAggAxkIAAcBYCCAAGAsBBABjIYAAYCwEEACMhQACgLEQQAAwFgIIAMZCAAHAWAggABgLAQQAYyGAAGAsBBAAjIUAAoCxEEAAMJaAB7CsrEzFxcXasmWL8vPzlZWVpWXLlikxMVFOpxMRsVYTExO1bNkyZWVlKT8/X1u2bFFJSYnKysqa3KOABLC0tFS7d+9WVlaWYmJigv5CImLrMSYmRllZWdq9e7dKS0sb1aYWDWBpaak++OADuVyuUxN2uRSXvEKJq/KVvGaTUtcVKi13h9Lz9iijoAQRsVbT8/YoLXeHUtcVKnnNJiWuyld88go5q/XF5XJp48aNOn78ePACWF5ersLCQsXFxVmTikteqeTVHyrdvTfoLyQith7T3XuVvOZDxaestFa24uLiVFhYKI/HE9gAHjhw4NT+PJdL8amZSsvdFfQXCRFbv6m5OxWfmmmtESYlJenzzz8PTAC3b99+qsDJK5SWsz3oLwgimmfq+v+u3Dz+YQt0x44dLRfAsr
04-26 05:02:37.053 I/Gecko   (   83): 1398513757064	Marionette	INFO	sendToClient: {"from":"0","ok":true}, {1c63822c-8b7f-4a9f-8d4b-e216260ad5b4}, {1c63822c-8b7f-4a9f-8d4b-e216260ad5b4}
04-26 05:02:37.063 I/Gecko   (   83): 1398513757073	Marionette	DEBUG	Got request: switchToFrame, data: {"to":"0","sessionId":"3-b2g","name":"switchToFrame","parameters":{"id":null,"focus":true}}, id: {20374142-940b-48d9-a446-81b49a6365af}
04-26 05:02:37.083 I/Gecko   (   83): 1398513757089	Marionette	INFO	Switched to frame: {"frameValue":null}
04-26 05:02:37.183 I/Gecko   (   83): 1398513757193	Marionette	INFO	sendToClient: {"from":"0","ok":true}, {20374142-940b-48d9-a446-81b49a6365af}, {20374142-940b-48d9-a446-81b49a6365af}
04-26 05:02:37.193 I/Gecko   (   83): 1398513757200	Marionette	DEBUG	Got request: executeWithCallback, data: {"to":"0","sessionId":"3-b2g","name":"executeAsyncScript","parameters":{"specialPowers":false,"scriptTimeout":null,"newSandbox":true,"args":[],"filename":"gaia_test.py","script":"return GaiaApps.displayedApp();","line":66}}, id: {40169f73-cdce-44fc-bdee-1520ead3b7ea}
04-26 05:02:37.233 I/Gecko   (   83): 1398513757246	Marionette	INFO	sendToClient: {"from":"0","value":{"frame":{"ELEMENT":"{d22d549a-6635-4dad-8d7d-0f757a230a5a}"},"src":"app://{14783b02-9174-4fdb-8694-9d858949fc3b}/indexer.html","name":"Hindie","origin":"app://{14783b02-9174-4fdb-8694-9d858949fc3b}"}}, {40169f73-cdce-44fc-bdee-1520ead3b7ea}, {40169f73-cdce-44fc-bdee-1520ead3b7ea}
04-26 05:02:37.243 I/Gecko   (   83): 1398513757253	Marionette	DEBUG	Got request: switchToFrame, data: {"to":"0","sessionId":"3-b2g","name":"switchToFrame","parameters":{"id":null,"focus":true}}, id: {59f86015-90d0-4a56-a269-777b56b180b4}
04-26 05:02:37.243 I/Gecko   (   83): 1398513757255	Marionette	INFO	Switched to frame: {"frameValue":null}
04-26 05:02:37.243 E/GeckoConsole(   83): Content JS LOG at dummy file:392 in GaiaApps.displayedApp: app with origin 'app://{14783b02-9174-4fdb-8694-9d858949fc3b}' is displayed
04-26 05:02:37.343 I/Gecko   (   83): 1398513757357	Marionette	INFO	sendToClient: {"from":"0","ok":true}, {59f86015-90d0-4a56-a269-777b56b180b4}, {59f86015-90d0-4a56-a269-777b56b180b4}
04-26 05:02:37.353 I/Gecko   (   83): 1398513757365	Marionette	DEBUG	Got request: execute, data: {"to":"0","sessionId":"3-b2g","name":"executeScript","parameters":{"specialPowers":false,"scriptTimeout":null,"newSandbox":true,"args":[],"filename":"gaia_test.py","script":"window.wrappedJSObject.dispatchEvent(new Event('home'));","line":788}}, id: {e789f528-3dda-4813-9d9a-4f331010decb}
04-26 05:02:37.403 I/Gonk    (   83): Setting nice for pid 597 to 18
04-26 05:02:37.413 I/Gonk    (   83): Changed nice for pid 597 from 18 to 18.
04-26 05:02:37.413 I/Gecko   (   83): [Parent 83] WARNING: waitpid failed pid:597 errno:10: file ../../../gecko/ipc/chromium/src/base/process_util_posix.cc, line 254
04-26 05:02:37.413 I/Gonk    (   83): Setting nice for pid 597 to 1
04-26 05:02:37.413 I/Gonk    (   83): Changed nice for pid 597 from 18 to 1.
04-26 05:02:37.433 D/Sensors (   83): activate handle=0; drv=0
04-26 05:02:37.433 D/Sensors (   83): Lis3dhSensor: Control set 0
04-26 05:02:37.433 D/Sensors (   83): Lis3dhSensor: mEnabled = 0
04-26 05:02:37.563 I/Gecko   (   83): 1398513757573	Marionette	INFO	sendToClient: {"from":"0","value":null}, {e789f528-3dda-4813-9d9a-4f331010decb}, {e789f528-3dda-4813-9d9a-4f331010decb}
04-26 05:02:37.673 I/Gecko   (   83): 1398513757688	Marionette	DEBUG	Got request: switchToFrame, data: {"to":"0","sessionId":"3-b2g","name":"switchToFrame","parameters":{"id":null,"focus":true}}, id: {32f7bb95-0590-4095-86d3-343e27ce517f}
04-26 05:02:37.683 I/Gecko   (   83): 1398513757690	Marionette	INFO	Switched to frame: {"frameValue":null}
04-26 05:02:37.793 I/Gecko   (   83): 1398513757802	Marionette	INFO	sendToClient: {"from":"0","ok":true}, {32f7bb95-0590-4095-86d3-343e27ce517f}, {32f7bb95-0590-4095-86d3-343e27ce517f}
04-26 05:02:37.813 I/Gecko   (   83): 1398513757822	Marionette	DEBUG	Got request: executeWithCallback, data: {"to":"0","sessionId":"3-b2g","name":"executeAsyncScript","parameters":{"specialPowers":false,"scriptTimeout":null,"newSandbox":true,"args":[],"filename":"gaia_test.py","script":"return GaiaApps.displayedApp();","line":66}}, id: {b558c510-4c73-4436-8d19-8559ebce4a46}
04-26 05:02:37.893 I/Gecko   (   83): 1398513757904	Marionette	INFO	sendToClient: {"from":"0","value":{"frame":{"ELEMENT":"{994d52d1-00c4-4148-83c8-4e991ab5695c}"},"src":"app://homescreen.gaiamobile.org/index.html#root","name":"Homescreen","origin":"app://homescreen.gaiamobile.org"}}, {b558c510-4c73-4436-8d19-8559ebce4a46}, {b558c510-4c73-4436-8d19-8559ebce4a46}
04-26 05:02:37.893 E/GeckoConsole(   83): Content JS LOG at dummy file:392 in GaiaApps.displayedApp: app with origin 'app://homescreen.gaiamobile.org' is displayed
04-26 05:02:37.903 I/Gecko   (   83): 1398513757912	Marionette	DEBUG	Got request: switchToFrame, data: {"to":"0","sessionId":"3-b2g","name":"switchToFrame","parameters":{"id":null,"focus":true}}, id: {f7ec4fa2-1bdd-48e1-bbdf-0fefe80d646d}
04-26 05:02:37.923 I/Gecko   (   83): 1398513757930	Marionette	INFO	Switched to frame: {"frameValue":null}
04-26 05:02:38.683 I/Gecko   (   83): [Parent 83] WARNING: waitpid failed pid:532 errno:10: file ../../../gecko/ipc/chromium/src/base/process_util_posix.cc, line 254
04-26 05:02:38.683 I/Gecko   (   83): [Parent 83] WARNING: Failed to deliver SIGKILL to 532!(3).: file ../../../gecko/ipc/chromium/src/chrome/common/process_watcher_posix_sigchld.cc, line 118
04-26 05:02:38.823 W/WifiHW  (   83): wifi_command: SIGNAL_POLL
04-26 05:02:38.863 I/Gecko   (   83): 1398513758875	Marionette	INFO	sendToClient: {"from":"0","ok":true}, {f7ec4fa2-1bdd-48e1-bbdf-0fefe80d646d}, {f7ec4fa2-1bdd-48e1-bbdf-0fefe80d646d}
04-26 05:02:39.153 I/Gecko   (   83): 1398513759160	Marionette	DEBUG	Got request: switchToFrame, data: {"to":"0","sessionId":"3-b2g","name":"switchToFrame","parameters":{"id":null,"focus":true}}, id: {7b5b4138-f449-47a2-b38d-a6ae5874640c}
04-26 05:02:39.183 I/Gecko   (   83): 1398513759191	Marionette	INFO	Switched to frame: {"frameValue":null}
04-26 05:02:39.303 I/Gecko   (   83): 1398513759316	Marionette	INFO	sendToClient: {"from":"0","ok":true}, {7b5b4138-f449-47a2-b38d-a6ae5874640c}, {7b5b4138-f449-47a2-b38d-a6ae5874640c}
04-26 05:02:39.343 I/Gecko   (   83): 1398513759357	Marionette	DEBUG	Got request: executeWithCallback, data: {"to":"0","sessionId":"3-b2g","name":"executeAsyncScript","parameters":{"specialPowers":false,"scriptTimeout":null,"newSandbox":true,"args":[],"filename":"gaia_test.py","script":"return GaiaApps.displayedApp();","line":66}}, id: {1d6fafcb-c03c-4c14-8f39-75511afe0d2e}
04-26 05:02:39.563 I/Gecko   (   83): 1398513759571	Marionette	INFO	sendToClient: {"from":"0","value":{"frame":{"ELEMENT":"{994d52d1-00c4-4148-83c8-4e991ab5695c}"},"src":"app://homescreen.gaiamobile.org/index.html#root","name":"Homescreen","origin":"app://homescreen.gaiamobile.org"}}, {1d6fafcb-c03c-4c14-8f39-75511afe0d2e}, {1d6fafcb-c03c-4c14-8f39-75511afe0d2e}
04-26 05:02:39.563 E/GeckoConsole(   83): Content JS LOG at dummy file:392 in GaiaApps.displayedApp: app with origin 'app://homescreen.gaiamobile.org' is displayed
04-26 05:02:39.563 I/Gonk    (   83): Setting nice for pid 540 to 18
04-26 05:02:39.563 I/Gonk    (   83): Changed nice for pid 540 from 1 to 18.
04-26 05:02:39.583 I/Gecko   (   83): 1398513759594	Marionette	DEBUG	Got request: switchToFrame, data: {"to":"0","sessionId":"3-b2g","name":"switchToFrame","parameters":{"focus":true,"element":"{994d52d1-00c4-4148-83c8-4e991ab5695c}"}}, id: {3b0c2c0e-4b93-4962-ac5c-2dc8c73d837f}
04-26 05:02:39.603 I/Gecko   (   83): 1398513759615	Marionette	INFO	Switched to frame: {"frameValue":"{994d52d1-00c4-4148-83c8-4e991ab5695c}"}
04-26 05:02:39.643 I/Gecko   (   83): 1398513759650	Marionette	INFO	trying remote frame 0
04-26 05:02:39.643 I/Gecko   (   83): 1398513759652	Marionette	INFO	deleting frame
04-26 05:02:39.643 I/Gecko   (   83): 1398513759653	Marionette	INFO	trying remote frame 1
04-26 05:02:39.653 I/Gecko   (   83): 1398513759663	Marionette	INFO	frame-manager load script: [object ChromeMessageSender]
04-26 05:02:39.763 I/Gecko   (   83): [Parent 83] WARNING: pipe error (164): Connection reset by peer: file ../../../gecko/ipc/chromium/src/chrome/common/ipc_channel_posix.cc, line 446
04-26 05:02:39.763 I/Gecko   (   83): 
04-26 05:02:39.763 I/Gecko   (   83): ###!!! [Parent][MessageChannel] Error: Channel error: cannot send/recv
04-26 05:02:39.763 I/Gecko   (   83): 
04-26 05:02:39.803 I/Gecko   (   83): [Parent 83] WARNING: waitpid failed pid:540 errno:10: file ../../../gecko/ipc/chromium/src/base/process_util_posix.cc, line 254
04-26 05:02:39.843 I/Gecko   (  597): ###################################### forms.js loaded
04-26 05:02:39.943 I/Gecko   (  597): ############################### browserElementPanning.js loaded
04-26 05:02:40.003 I/Gecko   (  597): ######################## BrowserElementChildPreload.js loaded
04-26 05:02:40.853 I/Gecko   (   83): 1398513760862	Marionette	INFO	sendToClient: {"from":"0","ok":true}, {3b0c2c0e-4b93-4962-ac5c-2dc8c73d837f}, {3b0c2c0e-4b93-4962-ac5c-2dc8c73d837f}
04-26 05:02:41.053 I/Gonk    (   83): Setting nice for pid 622 to 18
04-26 05:02:41.053 I/Gonk    (   83): Changed nice for pid 622 from 0 to 18.
04-26 05:02:41.173 I/Gecko   (   83): 1398513761187	Marionette	INFO	sendToClient: {"from":"0","value":"app://homescreen.gaiamobile.org/index.html#root"}, {7b0bdeda-324e-4d00-8b39-99e0f3d41a0a}, {7b0bdeda-324e-4d00-8b39-99e0f3d41a0a}
04-26 05:02:41.183 I/Gecko   (   83): 1398513761193	Marionette	DEBUG	Got request: switchToFrame, data: {"to":"0","sessionId":"3-b2g","name":"switchToFrame","parameters":{"id":null,"focus":true}}, id: {26151b46-afd6-4db7-9042-4f604284390b}
04-26 05:02:41.203 I/Gecko   (   83): 1398513761215	Marionette	INFO	Switched to frame: {"frameValue":null}
04-26 05:02:41.313 I/Gecko   (   83): 1398513761320	Marionette	INFO	sendToClient: {"from":"0","ok":true}, {26151b46-afd6-4db7-9042-4f604284390b}, {26151b46-afd6-4db7-9042-4f604284390b}
04-26 05:02:41.313 I/Gecko   (   83): 1398513761326	Marionette	DEBUG	Got request: switchToFrame, data: {"to":"0","sessionId":"3-b2g","name":"switchToFrame","parameters":{"id":null,"focus":true}}, id: {f865eaeb-8c7d-4393-bf2f-a1ecd5a91d6d}
04-26 05:02:41.313 I/Gecko   (   83): 1398513761328	Marionette	INFO	Switched to frame: {"frameValue":null}
04-26 05:02:41.423 I/Gecko   (   83): 1398513761430	Marionette	INFO	sendToClient: {"from":"0","ok":true}, {f865eaeb-8c7d-4393-bf2f-a1ecd5a91d6d}, {f865eaeb-8c7d-4393-bf2f-a1ecd5a91d6d}
04-26 05:02:41.423 I/Gecko   (   83): 1398513761438	Marionette	DEBUG	Got request: executeWithCallback, data: {"to":"0","sessionId":"3-b2g","name":"executeAsyncScript","parameters":{"specialPowers":false,"scriptTimeout":null,"newSandbox":true,"args":[],"filename":"gaia_test.py","script":"GaiaApps.killAll()","line":91}}, id: {20e7dac6-afff-4a15-a54b-d432707430b2}
04-26 05:02:41.493 I/Gecko   (   83): 1398513761502	Marionette	INFO	sendToClient: {"from":"0","value":true}, {20e7dac6-afff-4a15-a54b-d432707430b2}, {20e7dac6-afff-4a15-a54b-d432707430b2}
04-26 05:02:41.493 I/Gecko   (   83): 1398513761508	Marionette	DEBUG	Got request: switchToFrame, data: {"to":"0","sessionId":"3-b2g","name":"switchToFrame","parameters":{"id":null,"focus":true}}, id: {6d7c6a80-e26a-4514-9e29-02abbe6311b9}
04-26 05:02:41.503 I/Gecko   (   83): 1398513761510	Marionette	INFO	Switched to frame: {"frameValue":null}
04-26 05:02:41.613 I/Gecko   (   83): 1398513761622	Marionette	INFO	sendToClient: {"from":"0","ok":true}, {6d7c6a80-e26a-4514-9e29-02abbe6311b9}, {6d7c6a80-e26a-4514-9e29-02abbe6311b9}
04-26 05:02:41.613 I/Gecko   (   83): 1398513761628	Marionette	DEBUG	Got request: executeWithCallback, data: {"to":"0","sessionId":"3-b2g","name":"executeAsyncScript","parameters":{"specialPowers":false,"scriptTimeout":60000,"newSandbox":true,"args":[],"filename":"app_checker.py","script":"\n        GaiaApps.locateWithManifestURL('https://marketplace.firefox.com/app/ccd4ad13-bf33-465d-a105-52425b3eeff7/manifest.webapp',\n                                       null,\n                                       function uninstall(app) {\n                                       navigator.mozApps.mgmt.uninstall(app);\n                                       marionetteScriptFinished(true);\n                                       });\n        ","line":129}}, id: {689b3b2c-69b1-45e6-b94c-6148e4ffab93}
04-26 05:02:41.693 I/Gecko   (   83): -- webapps.js uninstall https://marketplace.firefox.com/app/ccd4ad13-bf33-465d-a105-52425b3eeff7/manifest.webapp
04-26 05:02:41.803 I/Gecko   (   83): [Parent 83] WARNING: waitpid failed pid:540 errno:10: file ../../../gecko/ipc/chromium/src/base/process_util_posix.cc, line 254
04-26 05:02:41.803 I/Gecko   (   83): [Parent 83] WARNING: Failed to deliver SIGKILL to 540!(3).: file ../../../gecko/ipc/chromium/src/chrome/common/process_watcher_posix_sigchld.cc, line 118
04-26 05:02:42.013 I/Gecko   (   83): 1398513762022	Marionette	INFO	sendToClient: {"from":"0","value":true}, {689b3b2c-69b1-45e6-b94c-6148e4ffab93}, {689b3b2c-69b1-45e6-b94c-6148e4ffab93}