--------- beginning of /dev/log/main
04-26 07:40:54.746 I/Gecko   (   83): 1398523254753	Marionette	INFO	sendToClient: {"from":"0","ok":true}, {9a60f296-80d7-4220-a931-2855522660ae}, {9a60f296-80d7-4220-a931-2855522660ae}
04-26 07:40:54.766 I/Gecko   (   83): 1398523254777	Marionette	DEBUG	Got request: switchToFrame, data: {"to":"0","sessionId":"3-b2g","name":"switchToFrame","parameters":{"id":null,"focus":true}}, id: {5fa23606-fd6e-4447-ac9f-e78f8d01bb27}
04-26 07:40:54.776 I/Gecko   (   83): 1398523254785	Marionette	INFO	Switched to frame: {"frameValue":null}
04-26 07:40:54.906 I/Gecko   (   83): 1398523254916	Marionette	INFO	sendToClient: {"from":"0","ok":true}, {5fa23606-fd6e-4447-ac9f-e78f8d01bb27}, {5fa23606-fd6e-4447-ac9f-e78f8d01bb27}
04-26 07:40:54.926 I/Gecko   (   83): 1398523254936	Marionette	DEBUG	Got request: executeWithCallback, data: {"to":"0","sessionId":"3-b2g","name":"executeAsyncScript","parameters":{"specialPowers":false,"scriptTimeout":null,"newSandbox":true,"args":[],"filename":"gaia_test.py","script":"return GaiaApps.displayedApp();","line":66}}, id: {ecef5466-4a3e-4016-9837-a9bd94428bc9}
04-26 07:40:54.996 I/Gecko   (   83): 1398523255003	Marionette	INFO	sendToClient: {"from":"0","value":{"frame":{"ELEMENT":"{3b4d2976-7206-4358-a016-12d1a1298204}"},"src":"app://homescreen.gaiamobile.org/index.html#root","name":"Homescreen","origin":"app://homescreen.gaiamobile.org"}}, {ecef5466-4a3e-4016-9837-a9bd94428bc9}, {ecef5466-4a3e-4016-9837-a9bd94428bc9}
04-26 07:40:54.996 E/GeckoConsole(   83): Content JS LOG at dummy file:392 in GaiaApps.displayedApp: app with origin 'app://homescreen.gaiamobile.org' is displayed
04-26 07:40:55.006 I/Gecko   (   83): 1398523255018	Marionette	DEBUG	Got request: switchToFrame, data: {"to":"0","sessionId":"3-b2g","name":"switchToFrame","parameters":{"id":null,"focus":true}}, id: {44028d69-bcae-49e5-a478-d30b0ec9d0d5}
04-26 07:40:55.006 I/Gecko   (   83): 1398523255020	Marionette	INFO	Switched to frame: {"frameValue":null}
04-26 07:40:55.116 I/Gecko   (   83): 1398523255123	Marionette	INFO	sendToClient: {"from":"0","ok":true}, {44028d69-bcae-49e5-a478-d30b0ec9d0d5}, {44028d69-bcae-49e5-a478-d30b0ec9d0d5}
04-26 07:40:55.136 I/Gecko   (   83): 1398523255145	Marionette	DEBUG	Got request: switchToFrame, data: {"to":"0","sessionId":"3-b2g","name":"switchToFrame","parameters":{"id":null,"focus":true}}, id: {c1e47cf7-ad6d-45d2-8257-48838a8b0d3b}
04-26 07:40:55.136 I/Gecko   (   83): 1398523255147	Marionette	INFO	Switched to frame: {"frameValue":null}
04-26 07:40:55.246 I/Gecko   (   83): 1398523255257	Marionette	INFO	sendToClient: {"from":"0","ok":true}, {c1e47cf7-ad6d-45d2-8257-48838a8b0d3b}, {c1e47cf7-ad6d-45d2-8257-48838a8b0d3b}
04-26 07:40:55.256 I/Gecko   (   83): 1398523255272	Marionette	DEBUG	Got request: executeWithCallback, data: {"to":"0","sessionId":"3-b2g","name":"executeAsyncScript","parameters":{"specialPowers":false,"scriptTimeout":null,"newSandbox":true,"args":[],"filename":"gaia_test.py","script":"return GaiaApps.displayedApp();","line":66}}, id: {68e914dc-097a-4227-b704-12a2e93ce07e}
04-26 07:40:55.666 I/Gecko   (   83): 1398523255674	Marionette	INFO	sendToClient: {"from":"0","value":{"frame":{"ELEMENT":"{3b4d2976-7206-4358-a016-12d1a1298204}"},"src":"app://homescreen.gaiamobile.org/index.html#root","name":"Homescreen","origin":"app://homescreen.gaiamobile.org"}}, {68e914dc-097a-4227-b704-12a2e93ce07e}, {68e914dc-097a-4227-b704-12a2e93ce07e}
04-26 07:40:55.666 E/GeckoConsole(   83): Content JS LOG at dummy file:392 in GaiaApps.displayedApp: app with origin 'app://homescreen.gaiamobile.org' is displayed
04-26 07:40:55.696 I/Gecko   (   83): 1398523255711	Marionette	DEBUG	Got request: switchToFrame, data: {"to":"0","sessionId":"3-b2g","name":"switchToFrame","parameters":{"focus":true,"element":"{3b4d2976-7206-4358-a016-12d1a1298204}"}}, id: {31361828-9ce7-4ee2-9e65-0ae90064c688}
04-26 07:40:55.726 I/Gecko   (   83): 1398523255741	Marionette	INFO	Switched to frame: {"frameValue":"{3b4d2976-7206-4358-a016-12d1a1298204}"}
04-26 07:40:55.736 I/Gecko   (   83): 1398523255744	Marionette	INFO	trying remote frame 0
04-26 07:40:55.746 I/Gecko   (   83): 1398523255753	Marionette	INFO	trying remote frame 1
04-26 07:40:55.746 I/Gecko   (   83): 1398523255754	Marionette	INFO	deleting frame
04-26 07:40:55.746 I/Gecko   (   83): 1398523255759	Marionette	INFO	frame-manager load script: [object ChromeMessageSender]
04-26 07:40:55.856 V/AudioPolicyManagerBase(   88): startOutput() output 1, stream 1, session 5
04-26 07:40:55.856 V/AudioPolicyManagerBase(   88): changeRefCount() stream 1, count 1
04-26 07:40:55.856 V/AudioPolicyManagerBase(   88): getDeviceForStrategy() from cache strategy 0, device 2
04-26 07:40:55.856 V/AudioPolicyManagerBase(   88): getNewDevice() selected device 2
04-26 07:40:55.856 D/AudioPolicyManagerBase(   88): setOutputDevice() output 1 device 2 delayMs 0
04-26 07:40:55.856 V/AudioPolicyManagerBase(   88): setOutputDevice() setting same device 2 or null device for output 1
04-26 07:40:55.856 E/AudioPolicyManagerBase(   88): checkAndSetVolume stream=1, index=15, output=1, device=2
04-26 07:40:55.856 E/AudioPolicyManagerBase(   88): computeVolume, streamDesc=0x62bbb0
04-26 07:40:55.856 V/AudioPolicyManagerBase(   88): VOLUME vol index=[60 100 100], dB=[-11.0 0.0 0.0] ampl=1.00000
04-26 07:40:55.916 W/AudioFlinger(   88): Thread AudioOut_1 cannot connect to the power manager service
04-26 07:40:55.916 V/AudioPolicyManagerBase(   88): stopOutput() output 1, stream 1, session 5
04-26 07:40:55.916 V/AudioPolicyManagerBase(   88): changeRefCount() stream 1, count 0
04-26 07:40:55.916 V/AudioPolicyManagerBase(   88): getNewDevice() selected device 0
04-26 07:40:55.916 D/AudioPolicyManagerBase(   88): setOutputDevice() output 1 device 0 delayMs 290
04-26 07:40:55.916 V/AudioPolicyManagerBase(   88): setOutputDevice() setting same device 0 or null device for output 1
04-26 07:40:55.926 V/AudioPolicyManagerBase(   88): startOutput() output 1, stream 1, session 5
04-26 07:40:55.926 V/AudioPolicyManagerBase(   88): changeRefCount() stream 1, count 1
04-26 07:40:55.926 V/AudioPolicyManagerBase(   88): getDeviceForStrategy() from cache strategy 0, device 2
04-26 07:40:55.926 V/AudioPolicyManagerBase(   88): getNewDevice() selected device 2
04-26 07:40:55.926 D/AudioPolicyManagerBase(   88): setOutputDevice() output 1 device 2 delayMs 0
04-26 07:40:55.926 V/AudioPolicyManagerBase(   88): setOutputDevice() setting same device 2 or null device for output 1
04-26 07:40:55.926 E/AudioPolicyManagerBase(   88): checkAndSetVolume stream=1, index=15, output=1, device=2
04-26 07:40:55.926 E/AudioPolicyManagerBase(   88): computeVolume, streamDesc=0x62bbb0
04-26 07:40:55.926 V/AudioPolicyManagerBase(   88): VOLUME vol index=[60 100 100], dB=[-11.0 0.0 0.0] ampl=1.00000
04-26 07:40:55.926 V/AudioPolicyManagerBase(   88): stopOutput() output 1, stream 1, session 5
04-26 07:40:55.926 V/AudioPolicyManagerBase(   88): changeRefCount() stream 1, count 0
04-26 07:40:55.926 V/AudioPolicyManagerBase(   88): getNewDevice() selected device 0
04-26 07:40:55.926 D/AudioPolicyManagerBase(   88): setOutputDevice() output 1 device 0 delayMs 290
04-26 07:40:55.926 V/AudioPolicyManagerBase(   88): setOutputDevice() setting same device 0 or null device for output 1
04-26 07:40:55.926 V/AudioPolicyManagerBase(   88): releaseOutput() 1
04-26 07:40:56.116 I/Gecko   (   83): 1398523256131	Marionette	INFO	sendToClient: {"from":"0","ok":true}, {31361828-9ce7-4ee2-9e65-0ae90064c688}, {31361828-9ce7-4ee2-9e65-0ae90064c688}
04-26 07:40:56.386 I/Gecko   (   83): 1398523256397	Marionette	INFO	sendToClient: {"from":"0","value":{"ELEMENT":"{f9863dda-e1a8-4cda-8974-ba384a75cd0d}"}}, {5467a0a8-b3d7-4481-b7b1-e3e7f3b55e0e}, {5467a0a8-b3d7-4481-b7b1-e3e7f3b55e0e}
04-26 07:40:56.536 E/GeckoConsole( 1230): [JavaScript Warning: "Use of getAttributeNode() is deprecated. Use getAttribute() instead." {file: "chrome://marionette/content/atoms.js" line: 25}]
04-26 07:40:56.556 E/GeckoConsole( 1230): [JavaScript Warning: "Use of attributes' specified attribute is deprecated. It always returns true." {file: "chrome://marionette/content/atoms.js" line: 25}]
04-26 07:40:56.556 I/Gecko   (   83): 1398523256567	Marionette	INFO	sendToClient: {"from":"0","value":"normal"}, {ad6b33a3-5ff7-4260-adc6-c66d029c05aa}, {ad6b33a3-5ff7-4260-adc6-c66d029c05aa}
04-26 07:40:56.566 I/Gecko   (   83): 1398523256574	Marionette	DEBUG	Got request: switchToFrame, data: {"to":"0","sessionId":"3-b2g","name":"switchToFrame","parameters":{"id":null,"focus":true}}, id: {9d968aec-4fd0-424a-8d79-3a1964bb7526}
04-26 07:40:56.576 I/Gecko   (   83): 1398523256583	Marionette	INFO	Switched to frame: {"frameValue":null}
04-26 07:40:56.706 I/Gecko   (   83): 1398523256717	Marionette	INFO	sendToClient: {"from":"0","ok":true}, {9d968aec-4fd0-424a-8d79-3a1964bb7526}, {9d968aec-4fd0-424a-8d79-3a1964bb7526}
04-26 07:40:56.866 I/Gecko   (   83): 1398523256878	Marionette	DEBUG	Got request: execute, data: {"to":"0","sessionId":"3-b2g","name":"executeScript","parameters":{"specialPowers":false,"scriptTimeout":null,"newSandbox":true,"args":[],"filename":"gaia_test.py","script":"window.wrappedJSObject.dispatchEvent(new Event('home'));","line":788}}, id: {eed83f68-2480-42c6-a9f3-ac817226bc12}
04-26 07:40:56.946 I/Gecko   (   83): 1398523256959	Marionette	INFO	sendToClient: {"from":"0","value":null}, {eed83f68-2480-42c6-a9f3-ac817226bc12}, {eed83f68-2480-42c6-a9f3-ac817226bc12}
04-26 07:40:56.966 I/Gecko   (   83): 1398523256973	Marionette	DEBUG	Got request: switchToFrame, data: {"to":"0","sessionId":"3-b2g","name":"switchToFrame","parameters":{"id":null,"focus":true}}, id: {e1d26a6e-67e3-4d15-9b02-01bbb0cbf859}
04-26 07:40:56.966 I/Gecko   (   83): 1398523256980	Marionette	INFO	Switched to frame: {"frameValue":null}
04-26 07:40:57.086 I/Gecko   (   83): 1398523257093	Marionette	INFO	sendToClient: {"from":"0","ok":true}, {e1d26a6e-67e3-4d15-9b02-01bbb0cbf859}, {e1d26a6e-67e3-4d15-9b02-01bbb0cbf859}
04-26 07:40:57.126 I/Gecko   (   83): 1398523257136	Marionette	DEBUG	Got request: switchToFrame, data: {"to":"0","sessionId":"3-b2g","name":"switchToFrame","parameters":{"id":null,"focus":true}}, id: {b42392ed-bd49-4655-8ec5-8f45aef31246}
04-26 07:40:57.136 I/Gecko   (   83): 1398523257143	Marionette	INFO	Switched to frame: {"frameValue":null}
04-26 07:40:57.246 I/Gecko   (   83): 1398523257254	Marionette	INFO	sendToClient: {"from":"0","ok":true}, {b42392ed-bd49-4655-8ec5-8f45aef31246}, {b42392ed-bd49-4655-8ec5-8f45aef31246}
04-26 07:40:57.356 I/Gecko   (   83): 1398523257364	Marionette	DEBUG	Got request: executeWithCallback, data: {"to":"0","sessionId":"3-b2g","name":"executeAsyncScript","parameters":{"specialPowers":false,"scriptTimeout":null,"newSandbox":true,"args":[],"filename":"gaia_test.py","script":"return GaiaApps.displayedApp();","line":66}}, id: {b3e13cce-466a-484a-9641-dccc9e2522b3}
04-26 07:40:57.486 W/WifiHW  (   83): wifi_command: SIGNAL_POLL
04-26 07:40:57.506 E/GeckoConsole(   83): Content JS LOG at dummy file:392 in GaiaApps.displayedApp: app with origin 'app://homescreen.gaiamobile.org' is displayed
04-26 07:40:57.506 I/Gecko   (   83): 1398523257516	Marionette	INFO	sendToClient: {"from":"0","value":{"frame":{"ELEMENT":"{3b4d2976-7206-4358-a016-12d1a1298204}"},"src":"app://homescreen.gaiamobile.org/index.html#rootSat%20Apr%2026%202014%2007:40:56%20GMT-0700%20(UTC)","name":"Homescreen","origin":"app://homescreen.gaiamobile.org"}}, {b3e13cce-466a-484a-9641-dccc9e2522b3}, {b3e13cce-466a-484a-9641-dccc9e2522b3}
04-26 07:40:57.526 I/Gecko   (   83): 1398523257539	Marionette	DEBUG	Got request: switchToFrame, data: {"to":"0","sessionId":"3-b2g","name":"switchToFrame","parameters":{"focus":true,"element":"{3b4d2976-7206-4358-a016-12d1a1298204}"}}, id: {a64f84d4-1762-4467-9aab-eb6141c903c7}
04-26 07:40:57.536 I/Gecko   (   83): 1398523257544	Marionette	INFO	Switched to frame: {"frameValue":"{3b4d2976-7206-4358-a016-12d1a1298204}"}
04-26 07:40:57.546 I/Gecko   (   83): 1398523257561	Marionette	INFO	trying remote frame 0
04-26 07:40:57.556 I/Gecko   (   83): 1398523257562	Marionette	INFO	trying remote frame 1
04-26 07:40:58.496 I/Gecko   (   83): 1398523258503	Marionette	INFO	sendToClient: {"from":"0","ok":true}, {a64f84d4-1762-4467-9aab-eb6141c903c7}, {a64f84d4-1762-4467-9aab-eb6141c903c7}
04-26 07:40:58.506 I/Gecko   (   83): 1398523258519	Marionette	DEBUG	Got request: execute, data: {"to":"0","sessionId":"3-b2g","name":"executeScript","parameters":{"specialPowers":false,"scriptTimeout":null,"newSandbox":true,"args":[],"filename":"gaia_test.py","script":"return window.wrappedJSObject.GridManager.pageHelper.getCurrentPageNumber();","line":784}}, id: {2a7d28e9-7ca6-43ce-92f9-a18ea9085151}
04-26 07:40:58.576 E/GeckoConsole( 1230): Content JS WARN at app://homescreen.gaiamobile.org/gaia_build_defer_index.js:184 in isHiddenApp: Unexpected role when checking hidden app: undefined
04-26 07:40:58.576 E/GeckoConsole( 1230): Content JS WARN at app://homescreen.gaiamobile.org/gaia_build_defer_index.js:184 in isHiddenApp: Unexpected role when checking hidden app: undefined
04-26 07:40:58.576 E/GeckoConsole( 1230): Content JS WARN at app://homescreen.gaiamobile.org/gaia_build_defer_index.js:184 in isHiddenApp: Unexpected role when checking hidden app: undefined
04-26 07:40:58.576 E/GeckoConsole( 1230): Content JS WARN at app://homescreen.gaiamobile.org/gaia_build_defer_index.js:184 in isHiddenApp: Unexpected role when checking hidden app: undefined
04-26 07:40:58.576 E/GeckoConsole( 1230): Content JS WARN at app://homescreen.gaiamobile.org/gaia_build_defer_index.js:184 in isHiddenApp: Unexpected role when checking hidden app: undefined
04-26 07:40:58.576 E/GeckoConsole( 1230): Content JS WARN at app://homescreen.gaiamobile.org/gaia_build_defer_index.js:184 in isHiddenApp: Unexpected role when checking hidden app: undefined
04-26 07:40:58.576 E/GeckoConsole( 1230): Content JS WARN at app://homescreen.gaiamobile.org/gaia_build_defer_index.js:184 in isHiddenApp: Unexpected role when checking hidden app: undefined
04-26 07:40:58.576 E/GeckoConsole( 1230): Content JS WARN at app://homescreen.gaiamobile.org/gaia_build_defer_index.js:184 in isHiddenApp: Unexpected role when checking hidden app: undefined
04-26 07:40:58.576 E/GeckoConsole( 1230): Content JS WARN at app://homescreen.gaiamobile.org/gaia_build_defer_index.js:184 in isHiddenApp: Unexpected role when checking hidden app: undefined
04-26 07:40:58.576 E/GeckoConsole( 1230): Content JS WARN at app://homescreen.gaiamobile.org/gaia_build_defer_index.js:184 in isHiddenApp: Unexpected role when checking hidden app: undefined
04-26 07:40:58.586 E/GeckoConsole( 1230): Content JS WARN at app://homescreen.gaiamobile.org/gaia_build_defer_index.js:184 in isHiddenApp: Unexpected role when checking hidden app: undefined
04-26 07:40:58.586 E/GeckoConsole( 1230): Content JS WARN at app://homescreen.gaiamobile.org/gaia_build_defer_index.js:184 in isHiddenApp: Unexpected role when checking hidden app: undefined
04-26 07:40:58.586 E/GeckoConsole( 1230): Content JS WARN at app://homescreen.gaiamobile.org/gaia_build_defer_index.js:184 in isHiddenApp: Unexpected role when checking hidden app: undefined
04-26 07:40:58.586 E/GeckoConsole( 1230): Content JS WARN at app://homescreen.gaiamobile.org/gaia_build_defer_index.js:184 in isHiddenApp: Unexpected role when checking hidden app: undefined
04-26 07:40:58.586 E/GeckoConsole( 1230): Content JS WARN at app://homescreen.gaiamobile.org/gaia_build_defer_index.js:184 in isHiddenApp: Unexpected role when checking hidden app: undefined
04-26 07:40:58.586 E/GeckoConsole( 1230): Content JS WARN at app://homescreen.gaiamobile.org/gaia_build_defer_index.js:184 in isHiddenApp: Unexpected role when checking hidden app: undefined
04-26 07:40:58.586 E/GeckoConsole( 1230): Content JS WARN at app://homescreen.gaiamobile.org/gaia_build_defer_index.js:184 in isHiddenApp: Unexpected role when checking hidden app: undefined
04-26 07:40:58.586 E/GeckoConsole( 1230): Content JS WARN at app://homescreen.gaiamobile.org/gaia_build_defer_index.js:184 in isHiddenApp: Unexpected role when checking hidden app: undefined
04-26 07:40:58.586 E/GeckoConsole( 1230): Content JS WARN at app://homescreen.gaiamobile.org/gaia_build_defer_index.js:184 in isHiddenApp: Unexpected role when checking hidden app: undefined
04-26 07:40:58.586 E/GeckoConsole( 1230): Content JS WARN at app://homescreen.gaiamobile.org/gaia_build_defer_index.js:184 in isHiddenApp: Unexpected role when checking hidden app: undefined
04-26 07:40:58.586 E/GeckoConsole( 1230): Content JS WARN at app://homescreen.gaiamobile.org/gaia_build_defer_index.js:184 in isHiddenApp: Unexpected role when checking hidden app: undefined
04-26 07:40:58.586 E/GeckoConsole( 1230): Content JS WARN at app://homescreen.gaiamobile.org/gaia_build_defer_index.js:184 in isHiddenApp: Unexpected role when checking hidden app: undefined
04-26 07:40:58.906 I/Gecko   (   83): 1398523258914	Marionette	INFO	sendToClient: {"from":"0","value":0}, {2a7d28e9-7ca6-43ce-92f9-a18ea9085151}, {2a7d28e9-7ca6-43ce-92f9-a18ea9085151}
04-26 07:40:58.986 I/Gecko   (   83): 1398523258992	Marionette	INFO	sendToClient: {"from":"0","value":["{fbe0d27a-d9d5-4aa4-9bd2-1bda88810df2}","{3a4e60c6-7d28-4ae5-a037-00bd27678b79}","{15935a90-260b-40f4-9ac1-ff75d2126138}","{f1df92f5-b04d-4525-a8d2-d5d856107916}","{6e54622c-6b5f-4eed-871c-884b59c1876e}","{fa347ee7-af99-40f3-ad27-85bb0636ba03}","{f746cbbb-d398-40b0-a551-4fb84d88c408}","{76a52cb2-56ce-4f9a-aa68-744036cd5e35}","{d775004f-e99e-4232-9cb5-f5ec9ab55789}","{53060ca4-e4c7-484a-ba91-5a7970e2ae8f}","{49e00f0d-812c-46d0-bb4d-09b14422a199}","{e5a213cb-d883-4f50-b9e1-0f00e31e2755}","{ff6be2ba-71ec-48be-b5f8-daac409097be}","{ad788786-728f-4162-976d-269e9469a8a3}","{1b7315d4-a76c-4a64-8735-416f6cf35b5d}","{a84a51f2-a9b6-4cc9-a324-ba62feb5d8f0}","{d7bd1043-352e-4689-a57a-4d216eefdfb4}","{7e3c77fd-4e56-4719-979b-d97a76389383}","{afe49153-420b-491d-9550-639fef06fa4c}","{cd52645a-af94-4e94-9ce6-54ed21187372}","{b143af39-323e-45a7-80b5-13fdeb1ea48b}","{0845514c-107b-4ba8-89d9-a4655088ce7e}","{74ce0e07-9273-43d0-b559-419d1d90decc}","{15569621-15c9
04-26 07:40:59.006 I/Gecko   (   83): 1398523259015	Marionette	INFO	sendToClient: {"from":"0","value":"app://homescreen.gaiamobile.org/index.html#rootSat%20Apr%2026%202014%2007:40:56%20GMT-0700%20(UTC)"}, {8c0a509d-cdca-4baa-a2e7-d09e3f7bf82a}, {8c0a509d-cdca-4baa-a2e7-d09e3f7bf82a}
04-26 07:40:59.016 I/Gecko   (   83): 1398523259023	Marionette	DEBUG	Got request: switchToFrame, data: {"to":"0","sessionId":"3-b2g","name":"switchToFrame","parameters":{"id":null,"focus":true}}, id: {c8887653-ddda-4f27-9613-62c826c6d7f4}
04-26 07:40:59.026 I/Gecko   (   83): 1398523259034	Marionette	INFO	Switched to frame: {"frameValue":null}
04-26 07:40:59.126 I/Gecko   (   83): 1398523259137	Marionette	INFO	sendToClient: {"from":"0","ok":true}, {c8887653-ddda-4f27-9613-62c826c6d7f4}, {c8887653-ddda-4f27-9613-62c826c6d7f4}
04-26 07:40:59.136 I/Gecko   (   83): 1398523259143	Marionette	DEBUG	Got request: switchToFrame, data: {"to":"0","sessionId":"3-b2g","name":"switchToFrame","parameters":{"id":null,"focus":true}}, id: {6e2cc962-85ba-4f99-86e6-9c05959c7bb8}
04-26 07:40:59.136 I/Gecko   (   83): 1398523259145	Marionette	INFO	Switched to frame: {"frameValue":null}
04-26 07:40:59.236 I/Gecko   (   83): 1398523259247	Marionette	INFO	sendToClient: {"from":"0","ok":true}, {6e2cc962-85ba-4f99-86e6-9c05959c7bb8}, {6e2cc962-85ba-4f99-86e6-9c05959c7bb8}
04-26 07:40:59.246 I/Gecko   (   83): 1398523259254	Marionette	DEBUG	Got request: executeWithCallback, data: {"to":"0","sessionId":"3-b2g","name":"executeAsyncScript","parameters":{"specialPowers":false,"scriptTimeout":30000,"newSandbox":true,"args":[],"filename":"app_checker.py","script":"GaiaApps.launchWithManifestURL('https://marketplace.firefox.com/app/470e46dc-ddd8-4bfe-8c3a-dca301da1acd/manifest.webapp')","line":106}}, id: {01d0cc8e-257a-4d5c-8871-8b5a6cbfdfed}
04-26 07:40:59.376 I/Gonk    (   83): Setting nice for pid 1248 to 18
04-26 07:40:59.376 I/Gonk    (   83): Changed nice for pid 1248 from 18 to 18.
04-26 07:40:59.376 I/Gecko   (   83): [Parent 83] WARNING: waitpid failed pid:1248 errno:10: file ../../../gecko/ipc/chromium/src/base/process_util_posix.cc, line 254
04-26 07:40:59.416 I/Gonk    (   83): Setting nice for pid 1248 to 1
04-26 07:40:59.416 I/Gonk    (   83): Changed nice for pid 1248 from 18 to 1.
04-26 07:40:59.446 E/GeckoConsole(   83): Content JS LOG at dummy file:334 in GaiaApps.launch: launching app with name 'London Transit Commission'
04-26 07:41:00.696 D/Sensors (   83): activate handle=0; drv=0
04-26 07:41:00.696 D/Sensors (   83): Lis3dhSensor: Control set 1
04-26 07:41:00.706 D/Sensors (   83): Lis3dhSensor: mEnabled = 1
04-26 07:41:00.736 I/Gonk    (   83): Setting nice for pid 1230 to 18
04-26 07:41:00.736 I/Gonk    (   83): Changed nice for pid 1230 from 1 to 18.
04-26 07:41:01.086 I/Gonk    (   83): Setting nice for pid 1291 to 18
04-26 07:41:01.086 I/Gonk    (   83): Changed nice for pid 1291 from 0 to 18.
04-26 07:41:01.476 I/Gecko   ( 1248): ###################################### forms.js loaded
04-26 07:41:01.506 I/Gecko   ( 1248): ############################### browserElementPanning.js loaded
04-26 07:41:01.526 I/Gecko   ( 1248): ######################## BrowserElementChildPreload.js loaded
04-26 07:41:02.606 W/WifiHW  (   83): wifi_command: SIGNAL_POLL
04-26 07:41:03.486 E/GeckoConsole( 1248): [JavaScript Warning: "Expected end of selector or a user action pseudo-class after pseudo-element but found ':'.  Ruleset ignored due to bad selector." {file: "app://{b011dedb-fa61-4f4a-8a1a-3a4efd0cd07f}/vendor/gaia/icons/media_icons.css" line: 83 column: 25 source: ".media-artistfilter:after:before { background-position:  -0px -575px; }"}]
04-26 07:41:03.506 E/GeckoConsole( 1248): [JavaScript Warning: "Unknown property 'box-sizing'.  Declaration dropped." {file: "app://{b011dedb-fa61-4f4a-8a1a-3a4efd0cd07f}/vendor/gaia/style/cross_browser.css" line: 19 column: 12 source: "  box-sizing: border-box;"}]
04-26 07:41:03.506 E/GeckoConsole( 1248): [JavaScript Warning: "Unknown property 'box-sizing'.  Declaration dropped." {file: "app://{b011dedb-fa61-4f4a-8a1a-3a4efd0cd07f}/vendor/gaia/style/cross_browser.css" line: 27 column: 12 source: "  box-sizing: border-box;"}]
04-26 07:41:03.506 E/GeckoConsole( 1248): [JavaScript Warning: "Unknown property 'box-sizing'.  Declaration dropped." {file: "app://{b011dedb-fa61-4f4a-8a1a-3a4efd0cd07f}/vendor/gaia/style/cross_browser.css" line: 40 column: 12 source: "  box-sizing: border-box;"}]
04-26 07:41:03.506 E/GeckoConsole( 1248): [JavaScript Warning: "Unknown property 'box-sizing'.  Declaration dropped." {file: "app://{b011dedb-fa61-4f4a-8a1a-3a4efd0cd07f}/vendor/gaia/style/cross_browser.css" line: 64 column: 12 source: "  box-sizing: border-box;"}]
04-26 07:41:03.506 E/GeckoConsole( 1248): [JavaScript Warning: "Unknown property 'box-sizing'.  Declaration dropped." {file: "app://{b011dedb-fa61-4f4a-8a1a-3a4efd0cd07f}/vendor/gaia/style/cross_browser.css" line: 70 column: 12 source: "  box-sizing: border-box;"}]
04-26 07:41:03.506 E/GeckoConsole( 1248): [JavaScript Warning: "Unknown property 'box-sizing'.  Declaration dropped." {file: "app://{b011dedb-fa61-4f4a-8a1a-3a4efd0cd07f}/vendor/gaia/style/cross_browser.css" line: 77 column: 12 source: "  box-sizing: border-box;"}]
04-26 07:41:03.506 E/GeckoConsole( 1248): [JavaScript Warning: "Unknown property 'box-sizing'.  Declaration dropped." {file: "app://{b011dedb-fa61-4f4a-8a1a-3a4efd0cd07f}/vendor/gaia/style/cross_browser.css" line: 112 column: 12 source: "  box-sizing: border-box;"}]
04-26 07:41:03.506 E/GeckoConsole( 1248): [JavaScript Warning: "Unknown property 'box-sizing'.  Declaration dropped." {file: "app://{b011dedb-fa61-4f4a-8a1a-3a4efd0cd07f}/vendor/gaia/style/cross_browser.css" line: 121 column: 12 source: "  box-sizing: border-box;"}]
04-26 07:41:03.506 E/GeckoConsole( 1248): [JavaScript Warning: "Unknown property 'box-sizing'.  Declaration dropped." {file: "app://{b011dedb-fa61-4f4a-8a1a-3a4efd0cd07f}/vendor/gaia/style/cross_browser.css" line: 126 column: 12 source: "  box-sizing: border-box;"}]
04-26 07:41:03.506 E/GeckoConsole( 1248): [JavaScript Warning: "Unknown property 'box-sizing'.  Declaration dropped." {file: "app://{b011dedb-fa61-4f4a-8a1a-3a4efd0cd07f}/vendor/gaia/style/cross_browser.css" line: 153 column: 12 source: "  box-sizing: border-box;"}]
04-26 07:41:03.506 E/GeckoConsole( 1248): [JavaScript Warning: "Unknown property 'box-sizing'.  Declaration dropped." {file: "app://{b011dedb-fa61-4f4a-8a1a-3a4efd0cd07f}/vendor/gaia/style/cross_browser.css" line: 179 column: 12 source: "  box-sizing: border-box;"}]
04-26 07:41:03.506 E/GeckoConsole( 1248): [JavaScript Warning: "Unknown pseudo-class or pseudo-element '-webkit-progress-bar'.  Ruleset ignored due to bad selector." {file: "app://{b011dedb-fa61-4f4a-8a1a-3a4efd0cd07f}/vendor/gaia/style/cross_browser.css" line: 192 column: 23 source: "progress:not([value])::-webkit-progress-bar {"}]
04-26 07:41:03.506 E/GeckoConsole( 1248): [JavaScript Warning: "Unknown pseudo-class or pseudo-element '-webkit-progress-bar'.  Ruleset ignored due to bad selector." {file: "app://{b011dedb-fa61-4f4a-8a1a-3a4efd0cd07f}/vendor/gaia/style/cross_browser.css" line: 196 column: 17 source: "progress[value]::-webkit-progress-bar {"}]
04-26 07:41:03.506 E/GeckoConsole( 1248): [JavaScript Warning: "Unknown pseudo-class or pseudo-element '-webkit-progress-value'.  Ruleset ignored due to bad selector." {file: "app://{b011dedb-fa61-4f4a-8a1a-3a4efd0cd07f}/vendor/gaia/style/cross_browser.css" line: 200 column: 17 source: "progress[value]::-webkit-progress-value {"}]
04-26 07:41:03.506 E/GeckoConsole( 1248): [JavaScript Warning: "Unknown pseudo-class or pseudo-element '-webkit-progress-bar'.  Ruleset ignored due to bad selector." {file: "app://{b011dedb-fa61-4f4a-8a1a-3a4efd0cd07f}/vendor/gaia/style/cross_browser.css" line: 204 column: 31 source: "progress[value].pack-activity::-webkit-progress-bar {"}]
04-26 07:41:03.516 E/GeckoConsole( 1248): [JavaScript Warning: "Unknown pseudo-class or pseudo-element '-webkit-progress-bar'.  Ruleset ignored due to bad selector." {file: "app://{b011dedb-fa61-4f4a-8a1a-3a4efd0cd07f}/vendor/gaia/style/cross_browser.css" line: 209 column: 37 source: "progress[value].pack-activity.light::-webkit-progress-bar {"}]
04-26 07:41:03.516 E/GeckoConsole( 1248): [JavaScript Warning: "Unknown pseudo-class or pseudo-element '-webkit-progress-value'.  Ruleset ignored due to bad selector." {file: "app://{b011dedb-fa61-4f4a-8a1a-3a4efd0cd07f}/vendor/gaia/style/cross_browser.css" line: 228 column: 29 source: "div[role="slider"] progress::-webkit-progress-value {"}]
04-26 07:41:03.516 E/GeckoConsole( 1248): [JavaScript Warning: "Unknown property 'box-sizing'.  Declaration dropped." {file: "app://{b011dedb-fa61-4f4a-8a1a-3a4efd0cd07f}/vendor/gaia/style/cross_browser.css" line: 267 column: 12 source: "  box-sizing: border-box;"}]
04-26 07:41:03.516 E/GeckoConsole( 1248): [JavaScript Warning: "Unknown property 'box-sizing'.  Declaration dropped." {file: "app://{b011dedb-fa61-4f4a-8a1a-3a4efd0cd07f}/vendor/gaia/style/util.css" line: 36 column: 12 source: "  box-sizing: border-box;"}]
04-26 07:41:03.516 E/GeckoConsole( 1248): [JavaScript Warning: "Unknown property 'user-select'.  Declaration dropped." {file: "app://{b011dedb-fa61-4f4a-8a1a-3a4efd0cd07f}/vendor/leaflet/leaflet.css" line: 30 column: 20 source: "	        user-select: none;"}]
04-26 07:41:03.516 E/GeckoConsole( 1248): [JavaScript Warning: "Error in parsing value for 'cursor'.  Declaration dropped." {file: "app://{b011dedb-fa61-4f4a-8a1a-3a4efd0cd07f}/vendor/leaflet/leaflet.css" line: 156 column: 9 source: "	cursor: -webkit-grab;"}]
04-26 07:41:03.516 E/GeckoConsole( 1248): [JavaScript Warning: "Error in parsing value for 'cursor'.  Declaration dropped." {file: "app://{b011dedb-fa61-4f4a-8a1a-3a4efd0cd07f}/vendor/leaflet/leaflet.css" line: 167 column: 9 source: "	cursor: -webkit-grabbing;"}]
04-26 07:41:05.176 E/GeckoConsole( 1248): [JavaScript Warning: "SyntaxError: Using //@ to indicate sourceMappingURL pragmas is deprecated. Use //# instead" {file: "app://{b011dedb-fa61-4f4a-8a1a-3a4efd0cd07f}/vendor/jquery/jquery-2.0.3.min.js" line: 1}]
04-26 07:41:06.106 E/GeckoConsole( 1248): [JavaScript Warning: "Unknown property 'box-sizing'.  Declaration dropped." {file: "app://{b011dedb-fa61-4f4a-8a1a-3a4efd0cd07f}/index.html" line: 0 column: 67 source: "-webkit-box-sizing:border-box;-moz-box-sizing:border-box;box-sizing:border-box;padding:1px;border:1px;display:block;width:4px;margin-top:1%;position:absolute;top:1%"}]
04-26 07:41:06.136 E/GeckoConsole( 1248): [JavaScript Warning: "Unknown property 'box-sizing'.  Declaration dropped." {file: "app://{b011dedb-fa61-4f4a-8a1a-3a4efd0cd07f}/index.html" line: 0 column: 111 source: "padding:0;margin:0;border:0;display:block;-webkit-box-sizing:content-box;-moz-box-sizing:content-box;box-sizing:content-box"}]
04-26 07:41:06.136 E/GeckoConsole( 1248): [JavaScript Warning: "Unknown property 'box-sizing'.  Declaration dropped." {file: "app://{b011dedb-fa61-4f4a-8a1a-3a4efd0cd07f}/index.html" line: 0 column: 111 source: "padding:0;margin:0;border:0;display:block;-webkit-box-sizing:content-box;-moz-box-sizing:content-box;box-sizing:content-box"}]
04-26 07:41:06.206 E/GeckoConsole(   83): [JavaScript Warning: "Content Security Policy: Failed to parse unrecognized source app://"]
04-26 07:41:06.216 E/GeckoConsole(   83): [JavaScript Warning: "Content Security Policy: Failed to parse unrecognized source app://"]
04-26 07:41:06.216 E/GeckoConsole(   83): [JavaScript Error: "Content Security Policy: Can't use 'self' if self data is not provided"]
04-26 07:41:06.216 E/GeckoConsole(   83): [JavaScript Warning: "Content Security Policy: Failed to parse unrecognized source unsafe-inline"]
04-26 07:41:06.486 E/GeckoConsole( 1248): [JavaScript Error: "Error: call to Function() blocked by CSP" {file: "app://{b011dedb-fa61-4f4a-8a1a-3a4efd0cd07f}/vendor/handlebars/handlebars.js" line: 1457}]
04-26 07:41:07.166 I/Gecko   (   83): 
04-26 07:41:07.166 I/Gecko   (   83): ###!!! [Parent][MessageChannel] Error: Channel error: cannot send/recv
04-26 07:41:07.166 I/Gecko   (   83): 
04-26 07:41:07.266 I/Gecko   (   83): [Parent 83] WARNING: waitpid failed pid:1230 errno:10: file ../../../gecko/ipc/chromium/src/base/process_util_posix.cc, line 254
04-26 07:41:07.496 E/GeckoConsole( 1248): [JavaScript Warning: "Content Security Policy: The page's settings blocked the loading of a resource: An attempt to call JavaScript from a string (by calling a function like eval) has been blocked" {file: "app://{b011dedb-fa61-4f4a-8a1a-3a4efd0cd07f}/vendor/handlebars/handlebars.js" line: 1457 column: 0 source: "call to eval() or related function blocked by CSP"}]
04-26 07:41:07.916 W/WifiHW  (   83): wifi_command: SIGNAL_POLL
04-26 07:41:08.326 E/GeckoConsole( 1248): [JavaScript Error: "Error: call to Function() blocked by CSP" {file: "app://{b011dedb-fa61-4f4a-8a1a-3a4efd0cd07f}/vendor/handlebars/handlebars.js" line: 1457}]
04-26 07:41:08.526 I/Gonk    (   83): Setting nice for pid 1291 to 18
04-26 07:41:08.526 I/Gonk    (   83): Changed nice for pid 1291 from 18 to 18.
04-26 07:41:08.526 I/Gecko   (   83): [Parent 83] WARNING: waitpid failed pid:1291 errno:10: file ../../../gecko/ipc/chromium/src/base/process_util_posix.cc, line 254
04-26 07:41:08.536 I/Gonk    (   83): Setting nice for pid 1291 to 1
04-26 07:41:08.536 I/Gonk    (   83): Changed nice for pid 1291 from 18 to 1.
04-26 07:41:08.546 I/Gonk    (   83): Setting nice for pid 1291 to 18
04-26 07:41:08.546 I/Gonk    (   83): Changed nice for pid 1291 from 1 to 18.
04-26 07:41:08.726 E/GeckoConsole(   83): Content JS LOG at dummy file:326 in GaiaApps.launch/appOpen/<: app with origin 'app://{b011dedb-fa61-4f4a-8a1a-3a4efd0cd07f}' has launched
04-26 07:41:08.736 I/Gecko   (   83): 1398523268742	Marionette	INFO	sendToClient: {"from":"0","value":{"frame":{"ELEMENT":"{8000c74f-db2a-40ec-9fc9-32fa3cbb201f}"},"src":"app://{b011dedb-fa61-4f4a-8a1a-3a4efd0cd07f}/index.html","name":"London Transit Commission","origin":"app://{b011dedb-fa61-4f4a-8a1a-3a4efd0cd07f}"}}, {01d0cc8e-257a-4d5c-8871-8b5a6cbfdfed}, {01d0cc8e-257a-4d5c-8871-8b5a6cbfdfed}
04-26 07:41:08.746 I/Gecko   (   83): 1398523268758	Marionette	DEBUG	Got request: switchToFrame, data: {"to":"0","sessionId":"3-b2g","name":"switchToFrame","parameters":{"focus":true,"element":"{8000c74f-db2a-40ec-9fc9-32fa3cbb201f}"}}, id: {00104aae-8599-4ce1-a7d9-7e8fc9edcd2a}
04-26 07:41:08.766 I/Gecko   (   83): 1398523268777	Marionette	INFO	Switched to frame: {"frameValue":"{8000c74f-db2a-40ec-9fc9-32fa3cbb201f}"}
04-26 07:41:08.776 I/Gecko   (   83): 1398523268783	Marionette	INFO	trying remote frame 0
04-26 07:41:08.776 I/Gecko   (   83): 1398523268784	Marionette	INFO	trying remote frame 1
04-26 07:41:08.776 I/Gecko   (   83): 1398523268785	Marionette	INFO	deleting frame
04-26 07:41:08.786 I/Gecko   (   83): 1398523268792	Marionette	INFO	frame-manager load script: [object ChromeMessageSender]
04-26 07:41:09.176 I/Gecko   (   83): 1398523269188	Marionette	INFO	sendToClient: {"from":"0","ok":true}, {00104aae-8599-4ce1-a7d9-7e8fc9edcd2a}, {00104aae-8599-4ce1-a7d9-7e8fc9edcd2a}
04-26 07:41:09.196 I/Gecko   (   83): 1398523269206	Marionette	INFO	sendToClient: {"from":"0","value":"app://{b011dedb-fa61-4f4a-8a1a-3a4efd0cd07f}/index.html"}, {84acddd2-6996-409f-92e0-0abb3c65e061}, {84acddd2-6996-409f-92e0-0abb3c65e061}
04-26 07:41:09.206 I/Gecko   (   83): 1398523269214	Marionette	DEBUG	Got request: execute, data: {"to":"0","sessionId":"3-b2g","name":"executeScript","parameters":{"specialPowers":false,"scriptTimeout":null,"newSandbox":true,"args":[],"filename":"app_checker.py","script":"return window.document.readyState;","line":191}}, id: {1d8758fc-403a-439a-8679-e328c5312bc3}
04-26 07:41:09.266 I/Gecko   (   83): [Parent 83] WARNING: waitpid failed pid:1230 errno:10: file ../../../gecko/ipc/chromium/src/base/process_util_posix.cc, line 254
04-26 07:41:09.266 I/Gecko   (   83): [Parent 83] WARNING: Failed to deliver SIGKILL to 1230!(3).: file ../../../gecko/ipc/chromium/src/chrome/common/process_watcher_posix_sigchld.cc, line 118
04-26 07:41:09.266 I/Gecko   (   83): 1398523269274	Marionette	INFO	sendToClient: {"from":"0","value":"complete"}, {1d8758fc-403a-439a-8679-e328c5312bc3}, {1d8758fc-403a-439a-8679-e328c5312bc3}
04-26 07:41:09.276 I/Gecko   (   83): 1398523269286	Marionette	INFO	sendToClient: {"from":"0","value":"app://{b011dedb-fa61-4f4a-8a1a-3a4efd0cd07f}/index.html"}, {2385f389-2814-42a5-a042-220cd14793ea}, {2385f389-2814-42a5-a042-220cd14793ea}
04-26 07:41:09.306 I/Gecko   ( 1248): Attempting load of libEGL.so
04-26 07:41:09.326 D/libEGL  ( 1248): loaded /system/lib/egl/libEGL_mali.so
04-26 07:41:09.346 D/libEGL  ( 1248): loaded /system/lib/egl/libGLESv1_CM_mali.so
04-26 07:41:09.346 D/libEGL  ( 1248): loaded /system/lib/egl/libGLESv2_mali.so
04-26 07:41:09.386 I/Gecko   ( 1248): SharedSurface_Gralloc::Create -------
04-26 07:41:09.406 I/Gecko   ( 1248): SharedSurface_Gralloc::Create: success -- surface 0x446d48c0, GraphicBuffer 0x4446f980.
04-26 07:41:11.006 I/Gecko   (   83): 1398523271017	Marionette	INFO	sendToClient: {"from":"0","value":"iVBORw0KGgoAAAANSUhEUgAAAUAAAAHMCAYAAACk4nEJAAAgAElEQVR4nOydd1gUV/u/j2KJqJjkm+jP5H01UVKMRpLXNLGLYowFNRoT165YY0ksGFfF3iWK2MBesaIiGsVORBEQFEHEArii9N5h5/P7g+yRYXdh1wV2yTz3dT3XtTxzzpkzZ2Zupu0Oa9FzOygoKCikGMzYHaCgoKAwVpAAKSgoJBskQAoKCskGCZCCgkKyQQKkoKCQbLAW3beDgoKCQopBAqSgoJBssBbdXUBBQUEhxSABUlBQSDZIgBQUFJINEiCF5MJ64HaMnHUS3/R3M3pfpBimNP4kwHKKc1cfYf/Jexg566TR+0KhPT7vuRmxCRkAgOex6fii1xaj90lKYWrjb1QBdv5lF36eehQ/Tz2Kz3tuNvrKMSSyc/IBAG7ugUbvS2nRa/QBPua6RF/7g0bvc3nGD6P2ozidf9ldofOzHb4Xjn9ewaZ9t7Fuuy+mLT6H7wZsN/o4SGX8ywqjCtBphy8fCOuBVXujqCoCvHorCvpwzS/K6H0uz/jM1gVbD/gjJDwOa9181aa3/XE7hv1+Ag6rvA2aT/dhe3H5ZqTGMc3LL8R+j7to03eb0cfD1Ma/soMEWE5RVQS490Qw7kfEiyIru6jvObkFatP+3HnT6H2uzCi+Tb5uGwMnHUZyag4AIL+gEFdvRcFl723sPBqEO6EvefsT5nkafXmlHiTAcoqqIkBNcftuDADgfkS80fti7DBUgN8N2M6vcb2Mz0DPUfvVyvzqeBbLNl03+rJSVGEBfmbrgn7j3TFv3WWs3OKD35eeL7ONLkN2o6/9QbT/aSdadHdBq+83Y7TDKSzbdB2zV3pr3FhLxld9t2Ha4nNYvtkHkx29+DUMXQRorD6XFboIUNWPDoOL+tH2x+34Y/VFLN10Xe064Ze9t2K0wynMXXORL+ePEw
04-26 07:41:11.406 I/Gecko   (   83): 1398523271420	Marionette	INFO	sendToClient: {"from":"0","ok":true}, {22cb9eef-1e2e-4d2e-9242-a9ed6b6bd118}, {22cb9eef-1e2e-4d2e-9242-a9ed6b6bd118}
04-26 07:41:11.676 I/Gecko   (   83): 1398523271686	Marionette	DEBUG	Got request: switchToFrame, data: {"to":"0","sessionId":"3-b2g","name":"switchToFrame","parameters":{"id":null,"focus":true}}, id: {b99033dc-77af-498a-aee1-78fc1b7a25e1}
04-26 07:41:11.696 I/Gecko   (   83): 1398523271705	Marionette	INFO	Switched to frame: {"frameValue":null}
04-26 07:41:11.816 I/Gecko   (   83): 1398523271827	Marionette	INFO	sendToClient: {"from":"0","ok":true}, {b99033dc-77af-498a-aee1-78fc1b7a25e1}, {b99033dc-77af-498a-aee1-78fc1b7a25e1}
04-26 07:41:11.836 I/Gecko   (   83): 1398523271845	Marionette	DEBUG	Got request: executeWithCallback, data: {"to":"0","sessionId":"3-b2g","name":"executeAsyncScript","parameters":{"specialPowers":false,"scriptTimeout":null,"newSandbox":true,"args":[],"filename":"gaia_test.py","script":"return GaiaApps.displayedApp();","line":66}}, id: {62a04115-b8c2-4b00-8172-d97b4eb95ab5}
04-26 07:41:12.036 I/Gecko   (   83): 1398523272049	Marionette	INFO	sendToClient: {"from":"0","value":{"frame":{"ELEMENT":"{8000c74f-db2a-40ec-9fc9-32fa3cbb201f}"},"src":"app://{b011dedb-fa61-4f4a-8a1a-3a4efd0cd07f}/index.html","name":"London Transit Commission","origin":"app://{b011dedb-fa61-4f4a-8a1a-3a4efd0cd07f}"}}, {62a04115-b8c2-4b00-8172-d97b4eb95ab5}, {62a04115-b8c2-4b00-8172-d97b4eb95ab5}
04-26 07:41:12.036 E/GeckoConsole(   83): Content JS LOG at dummy file:392 in GaiaApps.displayedApp: app with origin 'app://{b011dedb-fa61-4f4a-8a1a-3a4efd0cd07f}' is displayed
04-26 07:41:12.106 I/Gecko   (   83): 1398523272119	Marionette	DEBUG	Got request: switchToFrame, data: {"to":"0","sessionId":"3-b2g","name":"switchToFrame","parameters":{"id":null,"focus":true}}, id: {e5fd158a-1042-4f63-904d-bdbc1d84b704}
04-26 07:41:12.126 I/Gecko   (   83): 1398523272136	Marionette	INFO	Switched to frame: {"frameValue":null}
04-26 07:41:12.226 I/Gecko   (   83): 1398523272239	Marionette	INFO	sendToClient: {"from":"0","ok":true}, {e5fd158a-1042-4f63-904d-bdbc1d84b704}, {e5fd158a-1042-4f63-904d-bdbc1d84b704}
04-26 07:41:12.246 I/Gecko   (   83): 1398523272254	Marionette	DEBUG	Got request: execute, data: {"to":"0","sessionId":"3-b2g","name":"executeScript","parameters":{"specialPowers":false,"scriptTimeout":null,"newSandbox":true,"args":[],"filename":"gaia_test.py","script":"window.wrappedJSObject.dispatchEvent(new Event('home'));","line":788}}, id: {32a612e1-9e63-45bd-aa92-658050c96aa9}
04-26 07:41:12.296 I/GeckoDump(   83): XXX FIXME : Got a mozContentEvent: permission-deny
04-26 07:41:12.336 I/Gonk    (   83): Setting nice for pid 1291 to 1
04-26 07:41:12.336 I/Gonk    (   83): Changed nice for pid 1291 from 18 to 1.
04-26 07:41:12.376 D/Sensors (   83): activate handle=0; drv=0
04-26 07:41:12.386 D/Sensors (   83): Lis3dhSensor: Control set 0
04-26 07:41:12.386 D/Sensors (   83): Lis3dhSensor: mEnabled = 0
04-26 07:41:12.446 I/Gecko   (   83): 1398523272458	Marionette	INFO	sendToClient: {"from":"0","value":null}, {32a612e1-9e63-45bd-aa92-658050c96aa9}, {32a612e1-9e63-45bd-aa92-658050c96aa9}
04-26 07:41:12.486 I/Gecko   (   83): 1398523272494	Marionette	DEBUG	Got request: switchToFrame, data: {"to":"0","sessionId":"3-b2g","name":"switchToFrame","parameters":{"id":null,"focus":true}}, id: {ec6fa9ab-2eea-463a-a936-47211a51950d}
04-26 07:41:12.496 I/Gecko   (   83): 1398523272502	Marionette	INFO	Switched to frame: {"frameValue":null}
04-26 07:41:12.596 I/Gecko   (   83): 1398523272605	Marionette	INFO	sendToClient: {"from":"0","ok":true}, {ec6fa9ab-2eea-463a-a936-47211a51950d}, {ec6fa9ab-2eea-463a-a936-47211a51950d}
04-26 07:41:12.606 I/Gecko   (   83): 1398523272615	Marionette	DEBUG	Got request: executeWithCallback, data: {"to":"0","sessionId":"3-b2g","name":"executeAsyncScript","parameters":{"specialPowers":false,"scriptTimeout":null,"newSandbox":true,"args":[],"filename":"gaia_test.py","script":"return GaiaApps.displayedApp();","line":66}}, id: {c7be6fbf-cfe7-4763-b95f-afc1425d40b8}
04-26 07:41:12.686 I/Gecko   (   83): 1398523272693	Marionette	INFO	sendToClient: {"from":"0","value":{"frame":{"ELEMENT":"{571d749a-368f-451a-81a9-d097c33fb695}"},"src":"app://homescreen.gaiamobile.org/index.html#root","name":"Homescreen","origin":"app://homescreen.gaiamobile.org"}}, {c7be6fbf-cfe7-4763-b95f-afc1425d40b8}, {c7be6fbf-cfe7-4763-b95f-afc1425d40b8}
04-26 07:41:12.696 E/GeckoConsole(   83): Content JS LOG at dummy file:392 in GaiaApps.displayedApp: app with origin 'app://homescreen.gaiamobile.org' is displayed
04-26 07:41:12.746 I/Gecko   (   83): 1398523272755	Marionette	DEBUG	Got request: switchToFrame, data: {"to":"0","sessionId":"3-b2g","name":"switchToFrame","parameters":{"id":null,"focus":true}}, id: {9be7a654-30bf-46b3-babc-0117c9615099}
04-26 07:41:12.746 I/Gecko   (   83): 1398523272757	Marionette	INFO	Switched to frame: {"frameValue":null}
04-26 07:41:12.846 I/Gecko   (   83): 1398523272860	Marionette	INFO	sendToClient: {"from":"0","ok":true}, {9be7a654-30bf-46b3-babc-0117c9615099}, {9be7a654-30bf-46b3-babc-0117c9615099}
04-26 07:41:12.856 I/Gecko   (   83): 1398523272867	Marionette	DEBUG	Got request: switchToFrame, data: {"to":"0","sessionId":"3-b2g","name":"switchToFrame","parameters":{"id":null,"focus":true}}, id: {1f0a41fa-efbc-4e83-b7c5-135c3302bc8d}
04-26 07:41:12.856 I/Gecko   (   83): 1398523272872	Marionette	INFO	Switched to frame: {"frameValue":null}
04-26 07:41:12.936 W/WifiHW  (   83): wifi_command: SIGNAL_POLL
04-26 07:41:13.136 I/Gecko   (   83): 1398523273147	Marionette	INFO	sendToClient: {"from":"0","ok":true}, {1f0a41fa-efbc-4e83-b7c5-135c3302bc8d}, {1f0a41fa-efbc-4e83-b7c5-135c3302bc8d}
04-26 07:41:13.146 I/Gecko   (   83): 1398523273156	Marionette	DEBUG	Got request: executeWithCallback, data: {"to":"0","sessionId":"3-b2g","name":"executeAsyncScript","parameters":{"specialPowers":false,"scriptTimeout":null,"newSandbox":true,"args":[],"filename":"gaia_test.py","script":"return GaiaApps.displayedApp();","line":66}}, id: {919f2521-512c-4d06-ad86-c2710205ea8d}
04-26 07:41:13.426 E/GeckoConsole(   83): Content JS LOG at dummy file:392 in GaiaApps.displayedApp: app with origin 'app://homescreen.gaiamobile.org' is displayed
04-26 07:41:13.436 I/Gecko   (   83): 1398523273443	Marionette	INFO	sendToClient: {"from":"0","value":{"frame":{"ELEMENT":"{571d749a-368f-451a-81a9-d097c33fb695}"},"src":"app://homescreen.gaiamobile.org/index.html#root","name":"Homescreen","origin":"app://homescreen.gaiamobile.org"}}, {919f2521-512c-4d06-ad86-c2710205ea8d}, {919f2521-512c-4d06-ad86-c2710205ea8d}
04-26 07:41:14.716 I/Gonk    (   83): Setting nice for pid 1317 to 18
04-26 07:41:14.726 I/Gonk    (   83): Changed nice for pid 1317 from 0 to 18.
04-26 07:41:14.786 I/Gonk    (   83): Setting nice for pid 1248 to 18
04-26 07:41:14.786 I/Gonk    (   83): Changed nice for pid 1248 from 1 to 18.
04-26 07:41:14.866 I/Gecko   (   83): 1398523274877	Marionette	DEBUG	Got request: switchToFrame, data: {"to":"0","sessionId":"3-b2g","name":"switchToFrame","parameters":{"focus":true,"element":"{571d749a-368f-451a-81a9-d097c33fb695}"}}, id: {232e26f7-830e-40e3-aaa9-36711c5a4d41}
04-26 07:41:14.896 I/Gecko   (   83): 1398523274903	Marionette	INFO	Switched to frame: {"frameValue":"{571d749a-368f-451a-81a9-d097c33fb695}"}
04-26 07:41:14.906 I/Gecko   (   83): 1398523274921	Marionette	INFO	trying remote frame 0
04-26 07:41:14.916 I/Gecko   (   83): 1398523274923	Marionette	INFO	trying remote frame 1
04-26 07:41:14.916 I/Gecko   (   83): 1398523274924	Marionette	INFO	deleting frame
04-26 07:41:14.926 I/Gecko   (   83): 1398523274937	Marionette	INFO	frame-manager load script: [object ChromeMessageSender]
04-26 07:41:15.656 I/Gecko   ( 1291): ###################################### forms.js loaded
04-26 07:41:15.696 I/Gecko   ( 1291): ############################### browserElementPanning.js loaded
04-26 07:41:15.716 I/Gecko   ( 1291): ######################## BrowserElementChildPreload.js loaded
04-26 07:41:16.236 I/Gonk    (   83): Setting nice for pid 1291 to 18
04-26 07:41:16.236 I/Gonk    (   83): Changed nice for pid 1291 from 1 to 18.
04-26 07:41:16.266 I/Gecko   (   83): [Parent 83] WARNING: pipe error (99): Connection reset by peer: file ../../../gecko/ipc/chromium/src/chrome/common/ipc_channel_posix.cc, line 446
04-26 07:41:16.266 I/Gecko   (   83): 
04-26 07:41:16.266 I/Gecko   (   83): ###!!! [Parent][MessageChannel] Error: Channel error: cannot send/recv
04-26 07:41:16.266 I/Gecko   (   83): 
04-26 07:41:16.286 I/Gecko   (   83): [Parent 83] WARNING: waitpid failed pid:1248 errno:10: file ../../../gecko/ipc/chromium/src/base/process_util_posix.cc, line 254
04-26 07:41:16.476 I/Gonk    (   83): Setting nice for pid 1291 to 1
04-26 07:41:16.476 I/Gonk    (   83): Changed nice for pid 1291 from 18 to 1.
04-26 07:41:16.906 I/Gecko   (   83): 1398523276916	Marionette	INFO	sendToClient: {"from":"0","ok":true}, {232e26f7-830e-40e3-aaa9-36711c5a4d41}, {232e26f7-830e-40e3-aaa9-36711c5a4d41}
04-26 07:41:17.206 I/Gecko   (   83): 1398523277215	Marionette	INFO	sendToClient: {"from":"0","value":"app://homescreen.gaiamobile.org/index.html#root"}, {5e67a447-0fe0-45d0-a006-e4c9134ff79f}, {5e67a447-0fe0-45d0-a006-e4c9134ff79f}
04-26 07:41:17.216 I/Gecko   (   83): 1398523277222	Marionette	DEBUG	Got request: switchToFrame, data: {"to":"0","sessionId":"3-b2g","name":"switchToFrame","parameters":{"id":null,"focus":true}}, id: {03cb9486-ccfe-449f-b588-fa3c974ce214}
04-26 07:41:17.226 I/Gecko   (   83): 1398523277234	Marionette	INFO	Switched to frame: {"frameValue":null}
04-26 07:41:17.326 I/Gecko   (   83): 1398523277338	Marionette	INFO	sendToClient: {"from":"0","ok":true}, {03cb9486-ccfe-449f-b588-fa3c974ce214}, {03cb9486-ccfe-449f-b588-fa3c974ce214}
04-26 07:41:17.336 I/Gecko   (   83): 1398523277345	Marionette	DEBUG	Got request: switchToFrame, data: {"to":"0","sessionId":"3-b2g","name":"switchToFrame","parameters":{"id":null,"focus":true}}, id: {3e114c13-b6f7-4b23-bc68-2bcfea522b1d}
04-26 07:41:17.336 I/Gecko   (   83): 1398523277346	Marionette	INFO	Switched to frame: {"frameValue":null}
04-26 07:41:17.436 I/Gecko   (   83): 1398523277449	Marionette	INFO	sendToClient: {"from":"0","ok":true}, {3e114c13-b6f7-4b23-bc68-2bcfea522b1d}, {3e114c13-b6f7-4b23-bc68-2bcfea522b1d}
04-26 07:41:17.446 I/Gecko   (   83): 1398523277456	Marionette	DEBUG	Got request: executeWithCallback, data: {"to":"0","sessionId":"3-b2g","name":"executeAsyncScript","parameters":{"specialPowers":false,"scriptTimeout":null,"newSandbox":true,"args":[],"filename":"gaia_test.py","script":"GaiaApps.killAll()","line":91}}, id: {367ac5c4-3b96-4d29-81ad-793ffc536e60}
04-26 07:41:17.506 I/Gecko   (   83): 1398523277516	Marionette	INFO	sendToClient: {"from":"0","value":true}, {367ac5c4-3b96-4d29-81ad-793ffc536e60}, {367ac5c4-3b96-4d29-81ad-793ffc536e60}
04-26 07:41:17.516 I/Gecko   (   83): 1398523277523	Marionette	DEBUG	Got request: switchToFrame, data: {"to":"0","sessionId":"3-b2g","name":"switchToFrame","parameters":{"id":null,"focus":true}}, id: {768adddc-5c2e-4a1a-8ec3-efc7493a1ef1}
04-26 07:41:17.516 I/Gecko   (   83): 1398523277525	Marionette	INFO	Switched to frame: {"frameValue":null}
04-26 07:41:17.616 I/Gecko   (   83): 1398523277627	Marionette	INFO	sendToClient: {"from":"0","ok":true}, {768adddc-5c2e-4a1a-8ec3-efc7493a1ef1}, {768adddc-5c2e-4a1a-8ec3-efc7493a1ef1}
04-26 07:41:17.626 I/Gecko   (   83): 1398523277634	Marionette	DEBUG	Got request: executeWithCallback, data: {"to":"0","sessionId":"3-b2g","name":"executeAsyncScript","parameters":{"specialPowers":false,"scriptTimeout":60000,"newSandbox":true,"args":[],"filename":"app_checker.py","script":"\n        GaiaApps.locateWithManifestURL('https://marketplace.firefox.com/app/470e46dc-ddd8-4bfe-8c3a-dca301da1acd/manifest.webapp',\n                                       null,\n                                       function uninstall(app) {\n                                       navigator.mozApps.mgmt.uninstall(app);\n                                       marionetteScriptFinished(true);\n                                       });\n        ","line":129}}, id: {1c989403-ad39-4eb9-a871-c5b50d8600b1}
04-26 07:41:17.656 I/Gecko   (   83): -- webapps.js uninstall https://marketplace.firefox.com/app/470e46dc-ddd8-4bfe-8c3a-dca301da1acd/manifest.webapp
04-26 07:41:17.926 I/Gecko   (   83): 1398523277935	Marionette	INFO	sendToClient: {"from":"0","value":true}, {1c989403-ad39-4eb9-a871-c5b50d8600b1}, {1c989403-ad39-4eb9-a871-c5b50d8600b1}
04-26 07:41:17.956 W/WifiHW  (   83): wifi_command: SIGNAL_POLL
04-26 07:41:18.286 I/Gecko   (   83): [Parent 83] WARNING: waitpid failed pid:1248 errno:10: file ../../../gecko/ipc/chromium/src/base/process_util_posix.cc, line 254
04-26 07:41:18.286 I/Gecko   (   83): [Parent 83] WARNING: Failed to deliver SIGKILL to 1248!(3).: file ../../../gecko/ipc/chromium/src/chrome/common/process_watcher_posix_sigchld.cc, line 118