--------- beginning of /dev/log/main
04-26 11:52:24.872 I/Gecko   (   83): 1398538344883	Marionette	INFO	sendToClient: {"from":"0","ok":true}, {ee6da0ad-e989-4c8c-b3f8-dd1513fcc5b0}, {ee6da0ad-e989-4c8c-b3f8-dd1513fcc5b0}
04-26 11:52:24.902 I/Gecko   (   83): 1398538344917	Marionette	DEBUG	Got request: switchToFrame, data: {"to":"0","sessionId":"3-b2g","name":"switchToFrame","parameters":{"id":null,"focus":true}}, id: {2d29a5df-5894-40b2-871a-f4f3c46f16be}
04-26 11:52:24.922 I/Gecko   (   83): 1398538344934	Marionette	INFO	Switched to frame: {"frameValue":null}
04-26 11:52:25.022 I/Gecko   (   83): 1398538345036	Marionette	INFO	sendToClient: {"from":"0","ok":true}, {2d29a5df-5894-40b2-871a-f4f3c46f16be}, {2d29a5df-5894-40b2-871a-f4f3c46f16be}
04-26 11:52:25.032 I/Gecko   (   83): 1398538345044	Marionette	DEBUG	Got request: executeWithCallback, data: {"to":"0","sessionId":"3-b2g","name":"executeAsyncScript","parameters":{"specialPowers":false,"scriptTimeout":null,"newSandbox":true,"args":[],"filename":"gaia_test.py","script":"return GaiaApps.displayedApp();","line":66}}, id: {b4188f8c-d80a-4da1-9d9f-8b41eebee771}
04-26 11:52:25.122 E/GeckoConsole(   83): Content JS LOG at dummy file:392 in GaiaApps.displayedApp: app with origin 'app://homescreen.gaiamobile.org' is displayed
04-26 11:52:25.122 I/Gecko   (   83): 1398538345134	Marionette	INFO	sendToClient: {"from":"0","value":{"frame":{"ELEMENT":"{1e8ff33c-6c77-448b-bcf6-61e086509118}"},"src":"app://homescreen.gaiamobile.org/index.html#root","name":"Homescreen","origin":"app://homescreen.gaiamobile.org"}}, {b4188f8c-d80a-4da1-9d9f-8b41eebee771}, {b4188f8c-d80a-4da1-9d9f-8b41eebee771}
04-26 11:52:25.122 I/Gecko   (   83): 1398538345140	Marionette	DEBUG	Got request: switchToFrame, data: {"to":"0","sessionId":"3-b2g","name":"switchToFrame","parameters":{"id":null,"focus":true}}, id: {b3f1379e-e22d-4fc1-9661-5c9f8c5e7373}
04-26 11:52:25.132 I/Gecko   (   83): 1398538345144	Marionette	INFO	Switched to frame: {"frameValue":null}
04-26 11:52:25.232 I/Gecko   (   83): 1398538345251	Marionette	INFO	sendToClient: {"from":"0","ok":true}, {b3f1379e-e22d-4fc1-9661-5c9f8c5e7373}, {b3f1379e-e22d-4fc1-9661-5c9f8c5e7373}
04-26 11:52:25.252 I/Gecko   (   83): 1398538345263	Marionette	DEBUG	Got request: switchToFrame, data: {"to":"0","sessionId":"3-b2g","name":"switchToFrame","parameters":{"id":null,"focus":true}}, id: {74fd4b14-35f2-4fdc-885d-9e7ae54f6f6c}
04-26 11:52:25.252 I/Gecko   (   83): 1398538345266	Marionette	INFO	Switched to frame: {"frameValue":null}
04-26 11:52:25.352 I/Gecko   (   83): 1398538345368	Marionette	INFO	sendToClient: {"from":"0","ok":true}, {74fd4b14-35f2-4fdc-885d-9e7ae54f6f6c}, {74fd4b14-35f2-4fdc-885d-9e7ae54f6f6c}
04-26 11:52:25.362 I/Gecko   (   83): 1398538345377	Marionette	DEBUG	Got request: executeWithCallback, data: {"to":"0","sessionId":"3-b2g","name":"executeAsyncScript","parameters":{"specialPowers":false,"scriptTimeout":null,"newSandbox":true,"args":[],"filename":"gaia_test.py","script":"return GaiaApps.displayedApp();","line":66}}, id: {479738ad-e8c4-4859-8c30-c604cda65bca}
04-26 11:52:25.432 I/Gecko   (   83): [Parent 83] WARNING: waitpid failed pid:749 errno:10: file ../../../gecko/ipc/chromium/src/base/process_util_posix.cc, line 254
04-26 11:52:25.432 I/Gecko   (   83): [Parent 83] WARNING: Failed to deliver SIGKILL to 749!(3).: file ../../../gecko/ipc/chromium/src/chrome/common/process_watcher_posix_sigchld.cc, line 118
04-26 11:52:25.442 I/Gecko   (   83): 1398538345461	Marionette	INFO	sendToClient: {"from":"0","value":{"frame":{"ELEMENT":"{1e8ff33c-6c77-448b-bcf6-61e086509118}"},"src":"app://homescreen.gaiamobile.org/index.html#root","name":"Homescreen","origin":"app://homescreen.gaiamobile.org"}}, {479738ad-e8c4-4859-8c30-c604cda65bca}, {479738ad-e8c4-4859-8c30-c604cda65bca}
04-26 11:52:25.492 E/GeckoConsole(   83): Content JS LOG at dummy file:392 in GaiaApps.displayedApp: app with origin 'app://homescreen.gaiamobile.org' is displayed
04-26 11:52:25.512 I/Gecko   (   83): 1398538345524	Marionette	DEBUG	Got request: switchToFrame, data: {"to":"0","sessionId":"3-b2g","name":"switchToFrame","parameters":{"focus":true,"element":"{1e8ff33c-6c77-448b-bcf6-61e086509118}"}}, id: {17d96a78-fcc8-417b-95d0-b003533f60c7}
04-26 11:52:25.522 I/Gecko   (   83): 1398538345538	Marionette	INFO	Switched to frame: {"frameValue":"{1e8ff33c-6c77-448b-bcf6-61e086509118}"}
04-26 11:52:25.532 I/Gecko   (   83): 1398538345546	Marionette	INFO	trying remote frame 0
04-26 11:52:25.532 I/Gecko   (   83): 1398538345547	Marionette	INFO	trying remote frame 1
04-26 11:52:25.532 I/Gecko   (   83): 1398538345548	Marionette	INFO	deleting frame
04-26 11:52:25.542 I/Gecko   (   83): 1398538345553	Marionette	INFO	frame-manager load script: [object ChromeMessageSender]
04-26 11:52:25.872 I/Gecko   (   83): 1398538345886	Marionette	INFO	sendToClient: {"from":"0","ok":true}, {17d96a78-fcc8-417b-95d0-b003533f60c7}, {17d96a78-fcc8-417b-95d0-b003533f60c7}
04-26 11:52:25.972 I/Gecko   (   83): 1398538345985	Marionette	INFO	sendToClient: {"from":"0","value":{"ELEMENT":"{c77023d5-233a-403e-86da-4ca9495dbaa8}"}}, {00efc9ea-e63e-425e-b1b3-9054d5d4a202}, {00efc9ea-e63e-425e-b1b3-9054d5d4a202}
04-26 11:52:26.232 E/GeckoConsole(  817): [JavaScript Warning: "Use of getAttributeNode() is deprecated. Use getAttribute() instead." {file: "chrome://marionette/content/atoms.js" line: 25}]
04-26 11:52:26.232 E/GeckoConsole(  817): [JavaScript Warning: "Use of attributes' specified attribute is deprecated. It always returns true." {file: "chrome://marionette/content/atoms.js" line: 25}]
04-26 11:52:26.242 I/Gecko   (   83): 1398538346253	Marionette	INFO	sendToClient: {"from":"0","value":"normal"}, {098c8693-38d5-4d0d-a3be-deac552782ec}, {098c8693-38d5-4d0d-a3be-deac552782ec}
04-26 11:52:26.242 I/Gecko   (   83): 1398538346260	Marionette	DEBUG	Got request: switchToFrame, data: {"to":"0","sessionId":"3-b2g","name":"switchToFrame","parameters":{"id":null,"focus":true}}, id: {0d065502-2374-4b38-b3ce-bf4d8af96861}
04-26 11:52:26.262 I/Gecko   (   83): 1398538346274	Marionette	INFO	Switched to frame: {"frameValue":null}
04-26 11:52:26.362 I/Gecko   (   83): 1398538346377	Marionette	INFO	sendToClient: {"from":"0","ok":true}, {0d065502-2374-4b38-b3ce-bf4d8af96861}, {0d065502-2374-4b38-b3ce-bf4d8af96861}
04-26 11:52:26.372 I/Gecko   (   83): 1398538346388	Marionette	DEBUG	Got request: execute, data: {"to":"0","sessionId":"3-b2g","name":"executeScript","parameters":{"specialPowers":false,"scriptTimeout":null,"newSandbox":true,"args":[],"filename":"gaia_test.py","script":"window.wrappedJSObject.dispatchEvent(new Event('home'));","line":788}}, id: {fa9e4cc8-d7d1-4f79-8161-b4ce5dd73665}
04-26 11:52:26.472 I/Gecko   (   83): 1398538346486	Marionette	INFO	sendToClient: {"from":"0","value":null}, {fa9e4cc8-d7d1-4f79-8161-b4ce5dd73665}, {fa9e4cc8-d7d1-4f79-8161-b4ce5dd73665}
04-26 11:52:26.482 I/Gecko   (   83): 1398538346494	Marionette	DEBUG	Got request: switchToFrame, data: {"to":"0","sessionId":"3-b2g","name":"switchToFrame","parameters":{"id":null,"focus":true}}, id: {6dac759e-0d6b-4268-8677-ae2920430712}
04-26 11:52:26.482 I/Gecko   (   83): 1398538346496	Marionette	INFO	Switched to frame: {"frameValue":null}
04-26 11:52:26.582 I/Gecko   (   83): 1398538346599	Marionette	INFO	sendToClient: {"from":"0","ok":true}, {6dac759e-0d6b-4268-8677-ae2920430712}, {6dac759e-0d6b-4268-8677-ae2920430712}
04-26 11:52:26.592 I/Gecko   (   83): 1398538346605	Marionette	DEBUG	Got request: switchToFrame, data: {"to":"0","sessionId":"3-b2g","name":"switchToFrame","parameters":{"id":null,"focus":true}}, id: {78bbd0aa-1e0a-4e52-908f-7e63c20ebb71}
04-26 11:52:26.592 I/Gecko   (   83): 1398538346607	Marionette	INFO	Switched to frame: {"frameValue":null}
04-26 11:52:26.642 W/WifiHW  (   83): wifi_command: SIGNAL_POLL
04-26 11:52:26.692 I/Gecko   (   83): 1398538346709	Marionette	INFO	sendToClient: {"from":"0","ok":true}, {78bbd0aa-1e0a-4e52-908f-7e63c20ebb71}, {78bbd0aa-1e0a-4e52-908f-7e63c20ebb71}
04-26 11:52:26.702 I/Gecko   (   83): 1398538346717	Marionette	DEBUG	Got request: executeWithCallback, data: {"to":"0","sessionId":"3-b2g","name":"executeAsyncScript","parameters":{"specialPowers":false,"scriptTimeout":null,"newSandbox":true,"args":[],"filename":"gaia_test.py","script":"return GaiaApps.displayedApp();","line":66}}, id: {27176a1c-c49a-4c37-b70c-6671caee1c29}
04-26 11:52:26.772 E/GeckoConsole(   83): Content JS LOG at dummy file:392 in GaiaApps.displayedApp: app with origin 'app://homescreen.gaiamobile.org' is displayed
04-26 11:52:26.772 I/Gecko   (   83): 1398538346788	Marionette	INFO	sendToClient: {"from":"0","value":{"frame":{"ELEMENT":"{1e8ff33c-6c77-448b-bcf6-61e086509118}"},"src":"app://homescreen.gaiamobile.org/index.html#rootSat%20Apr%2026%202014%2011:52:26%20GMT-0700%20(UTC)","name":"Homescreen","origin":"app://homescreen.gaiamobile.org"}}, {27176a1c-c49a-4c37-b70c-6671caee1c29}, {27176a1c-c49a-4c37-b70c-6671caee1c29}
04-26 11:52:26.782 I/Gecko   (   83): 1398538346795	Marionette	DEBUG	Got request: switchToFrame, data: {"to":"0","sessionId":"3-b2g","name":"switchToFrame","parameters":{"focus":true,"element":"{1e8ff33c-6c77-448b-bcf6-61e086509118}"}}, id: {901f1413-b4e6-4469-886c-efc2f2cb5a2f}
04-26 11:52:26.782 I/Gecko   (   83): 1398538346800	Marionette	INFO	Switched to frame: {"frameValue":"{1e8ff33c-6c77-448b-bcf6-61e086509118}"}
04-26 11:52:26.802 I/Gecko   (   83): 1398538346813	Marionette	INFO	trying remote frame 0
04-26 11:52:26.802 I/Gecko   (   83): 1398538346814	Marionette	INFO	trying remote frame 1
04-26 11:52:26.932 I/Gecko   (   83): 1398538346945	Marionette	INFO	sendToClient: {"from":"0","ok":true}, {901f1413-b4e6-4469-886c-efc2f2cb5a2f}, {901f1413-b4e6-4469-886c-efc2f2cb5a2f}
04-26 11:52:26.952 I/Gecko   (   83): 1398538346967	Marionette	DEBUG	Got request: execute, data: {"to":"0","sessionId":"3-b2g","name":"executeScript","parameters":{"specialPowers":false,"scriptTimeout":null,"newSandbox":true,"args":[],"filename":"gaia_test.py","script":"return window.wrappedJSObject.GridManager.pageHelper.getCurrentPageNumber();","line":784}}, id: {3a3a8c0c-a47e-4d47-8b68-b1144e54eb37}
04-26 11:52:28.062 I/Gecko   (   83): 1398538348076	Marionette	INFO	sendToClient: {"from":"0","value":0}, {3a3a8c0c-a47e-4d47-8b68-b1144e54eb37}, {3a3a8c0c-a47e-4d47-8b68-b1144e54eb37}
04-26 11:52:28.072 E/GeckoConsole(  817): Content JS WARN at app://homescreen.gaiamobile.org/gaia_build_defer_index.js:184 in isHiddenApp: Unexpected role when checking hidden app: undefined
04-26 11:52:28.072 E/GeckoConsole(  817): Content JS WARN at app://homescreen.gaiamobile.org/gaia_build_defer_index.js:184 in isHiddenApp: Unexpected role when checking hidden app: undefined
04-26 11:52:28.072 E/GeckoConsole(  817): Content JS WARN at app://homescreen.gaiamobile.org/gaia_build_defer_index.js:184 in isHiddenApp: Unexpected role when checking hidden app: undefined
04-26 11:52:28.072 E/GeckoConsole(  817): Content JS WARN at app://homescreen.gaiamobile.org/gaia_build_defer_index.js:184 in isHiddenApp: Unexpected role when checking hidden app: undefined
04-26 11:52:28.072 E/GeckoConsole(  817): Content JS WARN at app://homescreen.gaiamobile.org/gaia_build_defer_index.js:184 in isHiddenApp: Unexpected role when checking hidden app: undefined
04-26 11:52:28.072 E/GeckoConsole(  817): Content JS WARN at app://homescreen.gaiamobile.org/gaia_build_defer_index.js:184 in isHiddenApp: Unexpected role when checking hidden app: undefined
04-26 11:52:28.072 E/GeckoConsole(  817): Content JS WARN at app://homescreen.gaiamobile.org/gaia_build_defer_index.js:184 in isHiddenApp: Unexpected role when checking hidden app: undefined
04-26 11:52:28.072 E/GeckoConsole(  817): Content JS WARN at app://homescreen.gaiamobile.org/gaia_build_defer_index.js:184 in isHiddenApp: Unexpected role when checking hidden app: undefined
04-26 11:52:28.072 E/GeckoConsole(  817): Content JS WARN at app://homescreen.gaiamobile.org/gaia_build_defer_index.js:184 in isHiddenApp: Unexpected role when checking hidden app: undefined
04-26 11:52:28.082 E/GeckoConsole(  817): Content JS WARN at app://homescreen.gaiamobile.org/gaia_build_defer_index.js:184 in isHiddenApp: Unexpected role when checking hidden app: undefined
04-26 11:52:28.082 E/GeckoConsole(  817): Content JS WARN at app://homescreen.gaiamobile.org/gaia_build_defer_index.js:184 in isHiddenApp: Unexpected role when checking hidden app: undefined
04-26 11:52:28.082 E/GeckoConsole(  817): Content JS WARN at app://homescreen.gaiamobile.org/gaia_build_defer_index.js:184 in isHiddenApp: Unexpected role when checking hidden app: undefined
04-26 11:52:28.082 E/GeckoConsole(  817): Content JS WARN at app://homescreen.gaiamobile.org/gaia_build_defer_index.js:184 in isHiddenApp: Unexpected role when checking hidden app: undefined
04-26 11:52:28.082 E/GeckoConsole(  817): Content JS WARN at app://homescreen.gaiamobile.org/gaia_build_defer_index.js:184 in isHiddenApp: Unexpected role when checking hidden app: undefined
04-26 11:52:28.082 E/GeckoConsole(  817): Content JS WARN at app://homescreen.gaiamobile.org/gaia_build_defer_index.js:184 in isHiddenApp: Unexpected role when checking hidden app: undefined
04-26 11:52:28.082 E/GeckoConsole(  817): Content JS WARN at app://homescreen.gaiamobile.org/gaia_build_defer_index.js:184 in isHiddenApp: Unexpected role when checking hidden app: undefined
04-26 11:52:28.082 E/GeckoConsole(  817): Content JS WARN at app://homescreen.gaiamobile.org/gaia_build_defer_index.js:184 in isHiddenApp: Unexpected role when checking hidden app: undefined
04-26 11:52:28.082 E/GeckoConsole(  817): Content JS WARN at app://homescreen.gaiamobile.org/gaia_build_defer_index.js:184 in isHiddenApp: Unexpected role when checking hidden app: undefined
04-26 11:52:28.082 E/GeckoConsole(  817): Content JS WARN at app://homescreen.gaiamobile.org/gaia_build_defer_index.js:184 in isHiddenApp: Unexpected role when checking hidden app: undefined
04-26 11:52:28.082 E/GeckoConsole(  817): Content JS WARN at app://homescreen.gaiamobile.org/gaia_build_defer_index.js:184 in isHiddenApp: Unexpected role when checking hidden app: undefined
04-26 11:52:28.082 E/GeckoConsole(  817): Content JS WARN at app://homescreen.gaiamobile.org/gaia_build_defer_index.js:184 in isHiddenApp: Unexpected role when checking hidden app: undefined
04-26 11:52:28.082 E/GeckoConsole(  817): Content JS WARN at app://homescreen.gaiamobile.org/gaia_build_defer_index.js:184 in isHiddenApp: Unexpected role when checking hidden app: undefined
04-26 11:52:28.082 E/GeckoConsole(  817): Content JS WARN at app://homescreen.gaiamobile.org/gaia_build_defer_index.js:184 in isHiddenApp: Unexpected role when checking hidden app: undefined
04-26 11:52:28.092 E/GeckoConsole(  817): Content JS WARN at app://homescreen.gaiamobile.org/gaia_build_defer_index.js:184 in isHiddenApp: Unexpected role when checking hidden app: undefined
04-26 11:52:28.092 E/GeckoConsole(  817): Content JS WARN at app://homescreen.gaiamobile.org/gaia_build_defer_index.js:184 in isHiddenApp: Unexpected role when checking hidden app: undefined
04-26 11:52:28.312 I/Gecko   (   83): 1398538348326	Marionette	INFO	sendToClient: {"from":"0","value":["{525d7200-d558-4492-9d3e-1f773abbabd3}","{5fe5137b-38b1-4d8a-bdbc-fb67683262e1}","{5e3c829e-4af5-4f3e-8617-491a840440ab}","{ed7d037d-a1ad-4a58-a717-0925d6bea621}","{21607c9d-bb16-41b0-928e-fea2bb2c025a}","{57160bc2-18e5-42c0-825f-912767f9fd59}","{c6e9bf14-349a-4fdf-a742-7d3ea1f584af}","{d9427fe5-af27-4535-8806-ce0e1169fe8e}","{a5ec30c5-3108-42f2-95c4-b58fb0d95eaf}","{940e6439-8fc4-43e8-91b9-2788308b0ef4}","{749995bc-879e-4a01-912d-ed5bb17aa5f6}","{f7664def-2647-4ddb-84e8-e0f91eb4a0c9}","{04534f72-393d-4800-9a45-0e53160f60cb}","{a5bf2271-3a69-4565-b77d-d9c1dff86300}","{30dd40a8-acf2-42ba-8989-daa7e2f3c957}","{8fdc1c91-f9e0-4a42-81bd-1068e779579d}","{c7d112d8-0472-425f-a0be-47fb6bc7271e}","{d6931f96-1f64-493d-9347-cad2d9c82d65}","{9dbb730f-94a9-4cdb-979f-7b991289d56f}","{7f753ee3-5d3b-4add-8880-2aee370118d0}","{0fd73fd2-e074-4435-a264-bfd12ee0cc0e}","{3ca4f37c-8ce7-40f4-b299-cf9dd76be13d}","{32fdd74a-28d6-4f13-ad00-6a3a7e6b2001}","{72239b9f-eb53
04-26 11:52:28.362 I/Gecko   (   83): 1398538348373	Marionette	INFO	sendToClient: {"from":"0","value":"app://homescreen.gaiamobile.org/index.html#rootSat%20Apr%2026%202014%2011:52:26%20GMT-0700%20(UTC)"}, {50ab5af9-0f67-40e9-8704-b5efd88d3c91}, {50ab5af9-0f67-40e9-8704-b5efd88d3c91}
04-26 11:52:28.392 I/Gecko   (   83): 1398538348405	Marionette	DEBUG	Got request: switchToFrame, data: {"to":"0","sessionId":"3-b2g","name":"switchToFrame","parameters":{"id":null,"focus":true}}, id: {ce8f3c70-d8d5-46dc-a721-cecc9e49bd8c}
04-26 11:52:28.412 I/Gecko   (   83): 1398538348424	Marionette	INFO	Switched to frame: {"frameValue":null}
04-26 11:52:28.512 I/Gecko   (   83): 1398538348526	Marionette	INFO	sendToClient: {"from":"0","ok":true}, {ce8f3c70-d8d5-46dc-a721-cecc9e49bd8c}, {ce8f3c70-d8d5-46dc-a721-cecc9e49bd8c}
04-26 11:52:28.522 I/Gecko   (   83): 1398538348533	Marionette	DEBUG	Got request: switchToFrame, data: {"to":"0","sessionId":"3-b2g","name":"switchToFrame","parameters":{"id":null,"focus":true}}, id: {06dede57-ea8b-480a-ad5e-41c394940782}
04-26 11:52:28.522 I/Gecko   (   83): 1398538348534	Marionette	INFO	Switched to frame: {"frameValue":null}
04-26 11:52:28.632 I/Gecko   (   83): 1398538348650	Marionette	INFO	sendToClient: {"from":"0","ok":true}, {06dede57-ea8b-480a-ad5e-41c394940782}, {06dede57-ea8b-480a-ad5e-41c394940782}
04-26 11:52:28.642 I/Gecko   (   83): 1398538348657	Marionette	DEBUG	Got request: executeWithCallback, data: {"to":"0","sessionId":"3-b2g","name":"executeAsyncScript","parameters":{"specialPowers":false,"scriptTimeout":30000,"newSandbox":true,"args":[],"filename":"app_checker.py","script":"GaiaApps.launchWithManifestURL('https://marketplace.firefox.com/app/7266fa16-77bf-401e-b55d-0d41d6fca7c5/manifest.webapp')","line":106}}, id: {12cc497a-85cc-41be-bd63-2aad0298ef9d}
04-26 11:52:28.752 I/Gonk    (   83): Setting nice for pid 840 to 18
04-26 11:52:28.752 I/Gonk    (   83): Changed nice for pid 840 from 18 to 18.
04-26 11:52:28.752 I/Gecko   (   83): [Parent 83] WARNING: waitpid failed pid:840 errno:10: file ../../../gecko/ipc/chromium/src/base/process_util_posix.cc, line 254
04-26 11:52:28.752 I/Gonk    (   83): Setting nice for pid 840 to 1
04-26 11:52:28.752 I/Gonk    (   83): Changed nice for pid 840 from 18 to 1.
04-26 11:52:28.782 D/Sensors (   83): activate handle=0; drv=0
04-26 11:52:28.782 D/Sensors (   83): Lis3dhSensor: Control set 1
04-26 11:52:28.782 D/Sensors (   83): Lis3dhSensor: mEnabled = 1
04-26 11:52:28.982 I/InputReader(   83): Reconfiguring input devices.  changes=0x00000004
04-26 11:52:29.002 I/InputReader(   83): Device reconfigured: id=6, name='ms-msg21xx', size 320x480, orientation 1, mode 1, display id 0
04-26 11:52:29.022 E/GeckoConsole(   83): Content JS LOG at dummy file:334 in GaiaApps.launch: launching app with name 'Match Up'
04-26 11:52:29.552 I/Gonk    (   83): Setting nice for pid 817 to 18
04-26 11:52:29.552 I/Gonk    (   83): Changed nice for pid 817 from 1 to 18.
04-26 11:52:30.262 I/Gecko   (  840): ###################################### forms.js loaded
04-26 11:52:30.282 I/Gecko   (  840): ############################### browserElementPanning.js loaded
04-26 11:52:30.322 I/Gecko   (  840): ######################## BrowserElementChildPreload.js loaded
04-26 11:52:30.692 I/Gonk    (   83): Setting nice for pid 894 to 18
04-26 11:52:30.692 I/Gonk    (   83): Changed nice for pid 894 from 0 to 18.
04-26 11:52:30.832 V/AudioPolicyManagerBase(   88): startOutput() output 1, stream 1, session 4
04-26 11:52:30.832 V/AudioPolicyManagerBase(   88): changeRefCount() stream 1, count 1
04-26 11:52:30.832 V/AudioPolicyManagerBase(   88): getDeviceForStrategy() from cache strategy 0, device 2
04-26 11:52:30.832 V/AudioPolicyManagerBase(   88): getNewDevice() selected device 2
04-26 11:52:30.832 D/AudioPolicyManagerBase(   88): setOutputDevice() output 1 device 2 delayMs 0
04-26 11:52:30.832 V/AudioPolicyManagerBase(   88): setOutputDevice() setting same device 2 or null device for output 1
04-26 11:52:30.832 E/AudioPolicyManagerBase(   88): checkAndSetVolume stream=1, index=15, output=1, device=2
04-26 11:52:30.832 E/AudioPolicyManagerBase(   88): computeVolume, streamDesc=0x1cddbb0
04-26 11:52:30.842 V/AudioPolicyManagerBase(   88): VOLUME vol index=[60 100 100], dB=[-11.0 0.0 0.0] ampl=1.00000
04-26 11:52:30.872 W/AudioFlinger(   88): Thread AudioOut_1 cannot connect to the power manager service
04-26 11:52:30.872 V/AudioPolicyManagerBase(   88): stopOutput() output 1, stream 1, session 4
04-26 11:52:30.872 V/AudioPolicyManagerBase(   88): changeRefCount() stream 1, count 0
04-26 11:52:30.872 V/AudioPolicyManagerBase(   88): getNewDevice() selected device 0
04-26 11:52:30.872 D/AudioPolicyManagerBase(   88): setOutputDevice() output 1 device 0 delayMs 290
04-26 11:52:30.872 V/AudioPolicyManagerBase(   88): setOutputDevice() setting same device 0 or null device for output 1
04-26 11:52:30.882 V/AudioPolicyManagerBase(   88): startOutput() output 1, stream 1, session 4
04-26 11:52:30.882 V/AudioPolicyManagerBase(   88): changeRefCount() stream 1, count 1
04-26 11:52:30.882 V/AudioPolicyManagerBase(   88): getDeviceForStrategy() from cache strategy 0, device 2
04-26 11:52:30.882 V/AudioPolicyManagerBase(   88): getNewDevice() selected device 2
04-26 11:52:30.882 D/AudioPolicyManagerBase(   88): setOutputDevice() output 1 device 2 delayMs 0
04-26 11:52:30.882 V/AudioPolicyManagerBase(   88): setOutputDevice() setting same device 2 or null device for output 1
04-26 11:52:30.882 E/AudioPolicyManagerBase(   88): checkAndSetVolume stream=1, index=15, output=1, device=2
04-26 11:52:30.882 E/AudioPolicyManagerBase(   88): computeVolume, streamDesc=0x1cddbb0
04-26 11:52:30.882 V/AudioPolicyManagerBase(   88): VOLUME vol index=[60 100 100], dB=[-11.0 0.0 0.0] ampl=1.00000
04-26 11:52:30.882 V/AudioPolicyManagerBase(   88): stopOutput() output 1, stream 1, session 4
04-26 11:52:30.882 V/AudioPolicyManagerBase(   88): changeRefCount() stream 1, count 0
04-26 11:52:30.882 V/AudioPolicyManagerBase(   88): getNewDevice() selected device 0
04-26 11:52:30.882 D/AudioPolicyManagerBase(   88): setOutputDevice() output 1 device 0 delayMs 290
04-26 11:52:30.882 V/AudioPolicyManagerBase(   88): setOutputDevice() setting same device 0 or null device for output 1
04-26 11:52:30.882 V/AudioPolicyManagerBase(   88): releaseOutput() 1
04-26 11:52:31.362 E/GeckoConsole(  840): [JavaScript Warning: "Error in parsing value for 'background-color'.  Declaration dropped." {file: "app://{0cf4aaa5-7a60-42a8-aca6-f0db70c82d95}/css/main.css" line: 26 column: 22 source: "    background-color: "white";"}]
04-26 11:52:31.372 E/GeckoConsole(  840): [JavaScript Warning: "Error in parsing value for 'display'.  Declaration dropped." {file: "app://{0cf4aaa5-7a60-42a8-aca6-f0db70c82d95}/css/main.css" line: 39 column: 13 source: "    display: -webkit-box;"}]
04-26 11:52:31.382 E/GeckoConsole(  840): [JavaScript Warning: "Unknown property 'z'.  Declaration dropped." {file: "app://{0cf4aaa5-7a60-42a8-aca6-f0db70c82d95}/css/main.css" line: 77 column: 5 source: "    z:1;"}]
04-26 11:52:31.382 E/GeckoConsole(  840): [JavaScript Warning: "Unknown property 'z'.  Declaration dropped." {file: "app://{0cf4aaa5-7a60-42a8-aca6-f0db70c82d95}/css/main.css" line: 136 column: 5 source: "    z:1;"}]
04-26 11:52:31.382 E/GeckoConsole(  840): [JavaScript Warning: "Unknown property 'z'.  Declaration dropped." {file: "app://{0cf4aaa5-7a60-42a8-aca6-f0db70c82d95}/css/main.css" line: 275 column: 5 source: "    z:1;"}]
04-26 11:52:31.382 E/GeckoConsole(  840): [JavaScript Warning: "Unknown property 'z'.  Declaration dropped." {file: "app://{0cf4aaa5-7a60-42a8-aca6-f0db70c82d95}/css/main.css" line: 319 column: 5 source: "    z:1;"}]
04-26 11:52:31.382 E/GeckoConsole(  840): [JavaScript Warning: "Expected color but found 'back'.  Error in parsing value for 'color'.  Declaration dropped." {file: "app://{0cf4aaa5-7a60-42a8-aca6-f0db70c82d95}/css/main.css" line: 351 column: 11 source: "    color: back;"}]
04-26 11:52:31.382 E/GeckoConsole(  840): [JavaScript Warning: "Unknown property 'z'.  Declaration dropped." {file: "app://{0cf4aaa5-7a60-42a8-aca6-f0db70c82d95}/css/main.css" line: 368 column: 5 source: "    z:1;"}]
04-26 11:52:31.382 E/GeckoConsole(  840): [JavaScript Warning: "Expected color but found 'back'.  Error in parsing value for 'color'.  Declaration dropped." {file: "app://{0cf4aaa5-7a60-42a8-aca6-f0db70c82d95}/css/main.css" line: 407 column: 11 source: "    color: back;"}]
04-26 11:52:31.392 E/GeckoConsole(  840): [JavaScript Warning: "Unknown property 'z'.  Declaration dropped." {file: "app://{0cf4aaa5-7a60-42a8-aca6-f0db70c82d95}/css/main.css" line: 424 column: 5 source: "    z:1;"}]
04-26 11:52:31.392 E/GeckoConsole(  840): [JavaScript Warning: "Expected color but found 'back'.  Error in parsing value for 'color'.  Declaration dropped." {file: "app://{0cf4aaa5-7a60-42a8-aca6-f0db70c82d95}/css/main.css" line: 462 column: 11 source: "    color: back;"}]
04-26 11:52:31.392 E/GeckoConsole(  840): [JavaScript Warning: "Unknown property 'z'.  Declaration dropped." {file: "app://{0cf4aaa5-7a60-42a8-aca6-f0db70c82d95}/css/main.css" line: 479 column: 5 source: "    z:1;"}]
04-26 11:52:31.392 E/GeckoConsole(  840): [JavaScript Warning: "Unknown property 'z'.  Declaration dropped." {file: "app://{0cf4aaa5-7a60-42a8-aca6-f0db70c82d95}/css/main.css" line: 538 column: 5 source: "    z:1;"}]
04-26 11:52:31.392 E/GeckoConsole(  840): [JavaScript Warning: "Error in parsing value for 'background'.  Declaration dropped." {file: "app://{0cf4aaa5-7a60-42a8-aca6-f0db70c82d95}/css/license.css" line: 30 column: 16 source: "    background: -webkit-gradient(linear, left top, right top, from(#7ab5b3), to(#77697e));"}]
04-26 11:52:31.392 E/GeckoConsole(  840): [JavaScript Warning: "Error in parsing value for 'background-image'.  Declaration dropped." {file: "app://{0cf4aaa5-7a60-42a8-aca6-f0db70c82d95}/css/license.css" line: 36 column: 22 source: "    background-image: -webkit-gradient(linear, left bottom, left top, color-stop(0, #FFFFFF), color-stop(1, #7ab5b3));"}]
04-26 11:52:31.392 E/GeckoConsole(  840): [JavaScript Warning: "Error in parsing value for 'background'.  Declaration dropped." {file: "app://{0cf4aaa5-7a60-42a8-aca6-f0db70c82d95}/css/license.css" line: 53 column: 16 source: "    background: -webkit-gradient(linear, left top, left bottom, from(#666), to(#000));"}]
04-26 11:52:31.392 E/GeckoConsole(  840): [JavaScript Warning: "Error in parsing value for 'background'.  Declaration dropped." {file: "app://{0cf4aaa5-7a60-42a8-aca6-f0db70c82d95}/css/license.css" line: 61 column: 16 source: "    background: -webkit-gradient(linear, left top, left bottom, from(#444), to(#000));"}]
04-26 11:52:31.402 E/GeckoConsole(  840): [JavaScript Warning: "Error in parsing value for 'background'.  Declaration dropped." {file: "app://{0cf4aaa5-7a60-42a8-aca6-f0db70c82d95}/css/license.css" line: 66 column: 16 source: "    background: -webkit-gradient(linear, left top, left bottom, from(#000), to(#444));"}]
04-26 11:52:31.652 W/WifiHW  (   83): wifi_command: SIGNAL_POLL
04-26 11:52:33.242 I/Gecko   (   83): 
04-26 11:52:33.242 I/Gecko   (   83): ###!!! [Parent][MessageChannel] Error: Channel error: cannot send/recv
04-26 11:52:33.242 I/Gecko   (   83): 
04-26 11:52:33.412 I/log     (  921): <4>0[ 188.305095] lowmem_shrink select 817 (Homescreen), adj 8, size 7351, to kill 
04-26 11:52:33.532 I/Gecko   (   83): [Parent 83] WARNING: waitpid failed pid:817 errno:10: file ../../../gecko/ipc/chromium/src/base/process_util_posix.cc, line 254
04-26 11:52:33.872 E/GeckoConsole(  840): Content JS LOG at app://{0cf4aaa5-7a60-42a8-aca6-f0db70c82d95}/js/main.js:442 in anonymous: --> document.ready()
04-26 11:52:35.222 I/Gonk    (   83): Setting nice for pid 894 to 18
04-26 11:52:35.222 I/Gonk    (   83): Changed nice for pid 894 from 18 to 18.
04-26 11:52:35.222 I/Gecko   (   83): [Parent 83] WARNING: waitpid failed pid:894 errno:10: file ../../../gecko/ipc/chromium/src/base/process_util_posix.cc, line 254
04-26 11:52:35.222 I/Gonk    (   83): Setting nice for pid 894 to 1
04-26 11:52:35.222 I/Gonk    (   83): Changed nice for pid 894 from 18 to 1.
04-26 11:52:35.242 I/Gonk    (   83): Setting nice for pid 894 to 18
04-26 11:52:35.242 I/Gonk    (   83): Changed nice for pid 894 from 1 to 18.
04-26 11:52:35.472 W/AudioFlinger(   88): Thread AudioOut_1 cannot connect to the power manager service
04-26 11:52:35.482 V/AudioPolicyManagerBase(   88): getDeviceForStrategy() from cache strategy 0, device 2
04-26 11:52:35.502 V/AudioPolicyManagerBase(   88): getOutput() stream 1, samplingRate 0, format 0, channels 3, flags 0
04-26 11:52:35.502 V/AudioPolicyManagerBase(   88): startOutput() output 1, stream 1, session 5
04-26 11:52:35.502 V/AudioPolicyManagerBase(   88): changeRefCount() stream 1, count 1
04-26 11:52:35.502 V/AudioPolicyManagerBase(   88): getDeviceForStrategy() from cache strategy 0, device 2
04-26 11:52:35.502 V/AudioPolicyManagerBase(   88): getNewDevice() selected device 2
04-26 11:52:35.502 D/AudioPolicyManagerBase(   88): setOutputDevice() output 1 device 2 delayMs 0
04-26 11:52:35.502 V/AudioPolicyManagerBase(   88): setOutputDevice() setting same device 2 or null device for output 1
04-26 11:52:35.502 E/AudioPolicyManagerBase(   88): checkAndSetVolume stream=1, index=15, output=1, device=2
04-26 11:52:35.502 E/AudioPolicyManagerBase(   88): computeVolume, streamDesc=0x1cddbb0
04-26 11:52:35.502 V/AudioPolicyManagerBase(   88): VOLUME vol index=[60 100 100], dB=[-11.0 0.0 0.0] ampl=1.00000
04-26 11:52:35.512 I/Gecko   (   83): 1398538355526	Marionette	INFO	sendToClient: {"from":"0","value":{"frame":{"ELEMENT":"{c8c4a7e7-952e-4c3f-9091-766837473629}"},"src":"app://{0cf4aaa5-7a60-42a8-aca6-f0db70c82d95}/index.html","name":"Match Up","origin":"app://{0cf4aaa5-7a60-42a8-aca6-f0db70c82d95}"}}, {12cc497a-85cc-41be-bd63-2aad0298ef9d}, {12cc497a-85cc-41be-bd63-2aad0298ef9d}
04-26 11:52:35.512 E/GeckoConsole(   83): Content JS LOG at dummy file:326 in GaiaApps.launch/appOpen/<: app with origin 'app://{0cf4aaa5-7a60-42a8-aca6-f0db70c82d95}' has launched
04-26 11:52:35.542 I/Gecko   (   83): [Parent 83] WARNING: waitpid failed pid:817 errno:10: file ../../../gecko/ipc/chromium/src/base/process_util_posix.cc, line 254
04-26 11:52:35.542 I/Gecko   (   83): [Parent 83] WARNING: Failed to deliver SIGKILL to 817!(3).: file ../../../gecko/ipc/chromium/src/chrome/common/process_watcher_posix_sigchld.cc, line 118
04-26 11:52:35.562 V/AudioPolicyManagerBase(   88): stopOutput() output 1, stream 1, session 5
04-26 11:52:35.562 V/AudioPolicyManagerBase(   88): changeRefCount() stream 1, count 0
04-26 11:52:35.562 V/AudioPolicyManagerBase(   88): getNewDevice() selected device 0
04-26 11:52:35.562 D/AudioPolicyManagerBase(   88): setOutputDevice() output 1 device 0 delayMs 290
04-26 11:52:35.562 V/AudioPolicyManagerBase(   88): setOutputDevice() setting same device 0 or null device for output 1
04-26 11:52:35.572 V/AudioPolicyManagerBase(   88): startOutput() output 1, stream 1, session 5
04-26 11:52:35.572 V/AudioPolicyManagerBase(   88): changeRefCount() stream 1, count 1
04-26 11:52:35.572 V/AudioPolicyManagerBase(   88): getDeviceForStrategy() from cache strategy 0, device 2
04-26 11:52:35.572 V/AudioPolicyManagerBase(   88): getNewDevice() selected device 2
04-26 11:52:35.572 D/AudioPolicyManagerBase(   88): setOutputDevice() output 1 device 2 delayMs 0
04-26 11:52:35.572 V/AudioPolicyManagerBase(   88): setOutputDevice() setting same device 2 or null device for output 1
04-26 11:52:35.572 E/AudioPolicyManagerBase(   88): checkAndSetVolume stream=1, index=15, output=1, device=2
04-26 11:52:35.572 E/AudioPolicyManagerBase(   88): computeVolume, streamDesc=0x1cddbb0
04-26 11:52:35.572 V/AudioPolicyManagerBase(   88): VOLUME vol index=[60 100 100], dB=[-11.0 0.0 0.0] ampl=1.00000
04-26 11:52:35.612 I/audio_hw_primary(   88): select_devices_signal starting...
04-26 11:52:35.612 I/audio_hw_primary(   88): select_devices_signal finished.
04-26 11:52:35.612 W/audio_hw_primary(   88): open s_tinycard in
04-26 11:52:35.612 W/audio_hw_primary(   88): open s_tinycard successfully
04-26 11:52:35.612 I/audio_hw_primary(   88): Changing devices: 0x00000002
04-26 11:52:35.682 I/Gecko   (   83): 1398538355696	Marionette	DEBUG	Got request: switchToFrame, data: {"to":"0","sessionId":"3-b2g","name":"switchToFrame","parameters":{"focus":true,"element":"{c8c4a7e7-952e-4c3f-9091-766837473629}"}}, id: {8bbbaec0-fa26-460d-91fc-1e42b91fcb82}
04-26 11:52:35.702 I/Gecko   (   83): 1398538355715	Marionette	INFO	Switched to frame: {"frameValue":"{c8c4a7e7-952e-4c3f-9091-766837473629}"}
04-26 11:52:35.702 I/Gecko   (   83): 1398538355717	Marionette	INFO	trying remote frame 0
04-26 11:52:35.702 I/Gecko   (   83): 1398538355718	Marionette	INFO	trying remote frame 1
04-26 11:52:35.722 I/Gecko   (   83): 1398538355734	Marionette	INFO	deleting frame
04-26 11:52:35.722 I/Gecko   (   83): 1398538355740	Marionette	INFO	frame-manager load script: [object ChromeMessageSender]
04-26 11:52:35.762 I/audio_hw_primary(   88): Set 'HeadPhone Function'.0 to 0
04-26 11:52:35.762 I/audio_hw_primary(   88): Set 'Earpiece Function'.0 to 0
04-26 11:52:35.762 I/audio_hw_primary(   88): Set 'Mic Function'.0 to 0
04-26 11:52:35.762 I/audio_hw_primary(   88): Set 'HP Mic Function'.0 to 0
04-26 11:52:35.762 I/audio_hw_primary(   88): Set 'Line Function'.0 to 0
04-26 11:52:35.762 I/audio_hw_primary(   88): Changing devices, mask: 0x00004002
04-26 11:52:35.762 I/audio_hw_primary(   88): Set 'Speaker Function'.0 to 1
04-26 11:52:35.762 I/vb_effect(   88): s_cur_devices(0x00000002)
04-26 11:52:35.762 I/vb_effect(   88): profile is Handsfree, ret=0
04-26 11:52:35.782 W/audio_hw_primary(   88): GetAudio_pga_nv, dac_pga_gain_l:0xc3 adc_pga_gain_l:0xc fm_pga_gain_l:0xff fm_pga_gain_r:0xff device:0x2 vol_level:0x1 
04-26 11:52:35.782 D/audio_pga(   88): 'speaker-l' apply
04-26 11:52:35.782 I/audio_pga(   88): 'Master Playback Volume' set to 12
04-26 11:52:35.782 I/audio_pga(   88): 'Inter PA Playback Volume' set to 12
04-26 11:52:35.782 I/audio_pga(   88): 'VBC DACL DG Set' set to 0
04-26 11:52:35.782 I/audio_pga(   88): 'VBC DACL DG Switch' set to 0
04-26 11:52:35.782 D/audio_pga(   88): 'speaker-r' apply
04-26 11:52:35.782 I/audio_pga(   88): 'Master Playback Volume' set to 12
04-26 11:52:35.782 I/audio_pga(   88): 'Inter PA Playback Volume' set to 12
04-26 11:52:35.782 I/audio_pga(   88): 'VBC DACR DG Set' set to 0
04-26 11:52:35.782 I/audio_pga(   88): 'VBC DACR DG Switch' set to 0
04-26 11:52:35.782 W/audio_hw_primary(   88): SetAudio_gain_by_devices out, devices:0x2 
04-26 11:52:35.782 I/audio_hw_primary(   88): stream_routing_thread looping done.
04-26 11:52:35.782 I/audio_hw_primary(   88): stream_routing_thread looping now...
04-26 11:52:35.882 E/GeckoConsole(  840): Content JS LOG at app://{0cf4aaa5-7a60-42a8-aca6-f0db70c82d95}/js/main.js:119 in prepareSelectLevelScreen: --> prepareSelectLevelScreen()
04-26 11:52:35.892 E/GeckoConsole(  840): Content JS LOG at app://{0cf4aaa5-7a60-42a8-aca6-f0db70c82d95}/js/main.js:139 in prepareSelectLevelScreen: <-- prepareSelectLevelScreen()
04-26 11:52:36.752 W/WifiHW  (   83): wifi_command: SIGNAL_POLL
04-26 11:52:37.202 I/Gecko   (   83): 1398538357203	Marionette	INFO	sendToClient: {"from":"0","ok":true}, {8bbbaec0-fa26-460d-91fc-1e42b91fcb82}, {8bbbaec0-fa26-460d-91fc-1e42b91fcb82}
04-26 11:52:37.572 I/Gecko   (   83): 1398538357590	Marionette	INFO	sendToClient: {"from":"0","value":"app://{0cf4aaa5-7a60-42a8-aca6-f0db70c82d95}/index.html"}, {6bfacd28-4fed-4dda-9bdd-bd14874d00f5}, {6bfacd28-4fed-4dda-9bdd-bd14874d00f5}
04-26 11:52:37.582 I/Gecko   (   83): 1398538357598	Marionette	DEBUG	Got request: execute, data: {"to":"0","sessionId":"3-b2g","name":"executeScript","parameters":{"specialPowers":false,"scriptTimeout":null,"newSandbox":true,"args":[],"filename":"app_checker.py","script":"return window.document.readyState;","line":191}}, id: {f8ed0580-32f2-438b-81d1-82b5e7ada2fa}
04-26 11:52:38.012 I/Gecko   (   83): 1398538358029	Marionette	INFO	sendToClient: {"from":"0","value":"complete"}, {f8ed0580-32f2-438b-81d1-82b5e7ada2fa}, {f8ed0580-32f2-438b-81d1-82b5e7ada2fa}
04-26 11:52:38.032 I/Gecko   (   83): 1398538358043	Marionette	INFO	sendToClient: {"from":"0","value":"app://{0cf4aaa5-7a60-42a8-aca6-f0db70c82d95}/index.html"}, {7133450d-9234-4e6c-886e-d01f70168ce2}, {7133450d-9234-4e6c-886e-d01f70168ce2}
04-26 11:52:38.062 I/Gecko   (  840): Attempting load of libEGL.so
04-26 11:52:38.142 D/libEGL  (  840): loaded /system/lib/egl/libEGL_mali.so
04-26 11:52:38.172 D/libEGL  (  840): loaded /system/lib/egl/libGLESv1_CM_mali.so
04-26 11:52:38.182 D/libEGL  (  840): loaded /system/lib/egl/libGLESv2_mali.so
04-26 11:52:38.202 I/Gecko   (  840): SharedSurface_Gralloc::Create -------
04-26 11:52:38.202 I/Gecko   (  840): SharedSurface_Gralloc::Create: success -- surface 0x4328a140, GraphicBuffer 0x44d96100.
04-26 11:52:38.492 V/AudioPolicyManagerBase(   88): stopOutput() output 1, stream 1, session 5
04-26 11:52:38.492 V/AudioPolicyManagerBase(   88): changeRefCount() stream 1, count 0
04-26 11:52:38.492 V/AudioPolicyManagerBase(   88): getNewDevice() selected device 0
04-26 11:52:38.492 D/AudioPolicyManagerBase(   88): setOutputDevice() output 1 device 0 delayMs 290
04-26 11:52:38.492 V/AudioPolicyManagerBase(   88): setOutputDevice() setting same device 0 or null device for output 1
04-26 11:52:38.562 V/AudioPolicyManagerBase(   88): releaseOutput() 1
04-26 11:52:39.552 I/Gecko   (   83): 1398538359535	Marionette	INFO	sendToClient: {"from":"0","value":"iVBORw0KGgoAAAANSUhEUgAAAeAAAAEsCAYAAAAb/mBaAAAgAElEQVR4nOy96XcT2Z4tWB9qra7urlr1VvVb/ep1VYFDipAUUoQUJwZJYYxseQCMMbYZMtOX5GbelG1hBBgwYIOZMWDAJJBpwIATzCBsA4IkM111s17l6771+vZa9bH7H9r94ZwTEZqMyYkh9WGvCEmhUOiEdPbZv/EvpLoMiiBkINRlIPmqQMjAV+U4/lisy0BYQR/7hZLz/8oQPJCqXEvRdde536/iOdlxvgpjJJR8nsjGyleXgb/ks4rRB8lHx8ovlIyn53y+ks8VfBkI7D4IPs+WQRKz8IlZuu/LQvLs+31Z+HxZ5/mfBYHcj0doacihodcAPV4S2TYwhGBgCFJoF0KBIUihIYRk+nwglIMUGqqKUGgIUpAfO4SgPAQ5yF+n76WfuZ9uw/SxJA8hHNoPKTyEUGg/5PAwJGU/e30v3S6J4SIEwnshh4bd1yP03LK8H5I8BCm8D3JoHwLh/QiF2WuhYUiRIcjhvQiE90EO76PXK5d8Tsh9HOTfLTyEUHgIcni/e2xoGKHQMALBYTombDyWGr+fjj2QQnTsy8aIj73ncbXzLOt3ExhCSNoDSSr+7QVf9duVBiEFshS+LCRpp/tYevX/RvBlIfjp/9Hv64ff3w+fr8/zf3XnHL9QMqd55omqc3aFOcpX1+e83++ZV8QK5+dzk88zr1WaF0s/R+TXt+LV8+/rfIdlo/TzhKWP935f5/r5eKyowCWVxnYlPfZV48PxF6WkUcM7Cl/W+RELvgx8dTsg1Q3C7+tHSByA6BsoW5BUxIoSvM41/JT3/syQhCwEgS42hJVs8cKuq2iSWe51rszAVzcASd4Hoa6Pnmdl5WP5RCUIGYTC+yAroxDELKTQMARhoPw9QsZZQPE/a+lxfnZfBR993ufrgxo9Cjl2HHLkQN
04-26 11:52:40.142 I/Gecko   (   83): 1398538360157	Marionette	INFO	sendToClient: {"from":"0","ok":true}, {a489e38d-283f-4884-828a-f02533b3d225}, {a489e38d-283f-4884-828a-f02533b3d225}
04-26 11:52:40.152 I/Gecko   (   83): 1398538360165	Marionette	DEBUG	Got request: switchToFrame, data: {"to":"0","sessionId":"3-b2g","name":"switchToFrame","parameters":{"id":null,"focus":true}}, id: {19916eed-75c1-4575-b0bd-77ef7b0b8828}
04-26 11:52:40.192 I/Gecko   (   83): 1398538360208	Marionette	INFO	Switched to frame: {"frameValue":null}
04-26 11:52:40.302 I/Gecko   (   83): 1398538360313	Marionette	INFO	sendToClient: {"from":"0","ok":true}, {19916eed-75c1-4575-b0bd-77ef7b0b8828}, {19916eed-75c1-4575-b0bd-77ef7b0b8828}
04-26 11:52:40.302 I/Gecko   (   83): 1398538360321	Marionette	DEBUG	Got request: executeWithCallback, data: {"to":"0","sessionId":"3-b2g","name":"executeAsyncScript","parameters":{"specialPowers":false,"scriptTimeout":null,"newSandbox":true,"args":[],"filename":"gaia_test.py","script":"return GaiaApps.displayedApp();","line":66}}, id: {86853cde-057c-4f3e-907f-30dece1bb89f}
04-26 11:52:40.802 I/Gonk    (   83): Setting nice for pid 937 to 18
04-26 11:52:40.802 I/Gonk    (   83): Changed nice for pid 937 from 0 to 18.
04-26 11:52:40.872 E/GeckoConsole(   83): Content JS LOG at dummy file:392 in GaiaApps.displayedApp: app with origin 'app://{0cf4aaa5-7a60-42a8-aca6-f0db70c82d95}' is displayed
04-26 11:52:40.872 I/Gecko   (   83): 1398538360886	Marionette	INFO	sendToClient: {"from":"0","value":{"frame":{"ELEMENT":"{c8c4a7e7-952e-4c3f-9091-766837473629}"},"src":"app://{0cf4aaa5-7a60-42a8-aca6-f0db70c82d95}/index.html","name":"Match Up","origin":"app://{0cf4aaa5-7a60-42a8-aca6-f0db70c82d95}"}}, {86853cde-057c-4f3e-907f-30dece1bb89f}, {86853cde-057c-4f3e-907f-30dece1bb89f}
04-26 11:52:40.882 I/Gecko   (   83): 1398538360899	Marionette	DEBUG	Got request: switchToFrame, data: {"to":"0","sessionId":"3-b2g","name":"switchToFrame","parameters":{"id":null,"focus":true}}, id: {38ab57e4-237f-46d1-858d-8471bb26f812}
04-26 11:52:40.892 I/Gecko   (   83): 1398538360904	Marionette	INFO	Switched to frame: {"frameValue":null}
04-26 11:52:41.002 I/Gecko   (   83): 1398538361015	Marionette	INFO	sendToClient: {"from":"0","ok":true}, {38ab57e4-237f-46d1-858d-8471bb26f812}, {38ab57e4-237f-46d1-858d-8471bb26f812}
04-26 11:52:41.012 I/Gecko   (   83): 1398538361022	Marionette	DEBUG	Got request: execute, data: {"to":"0","sessionId":"3-b2g","name":"executeScript","parameters":{"specialPowers":false,"scriptTimeout":null,"newSandbox":true,"args":[],"filename":"gaia_test.py","script":"window.wrappedJSObject.dispatchEvent(new Event('home'));","line":788}}, id: {a100e964-4ce9-4fdc-8319-f9e33c4597ff}
04-26 11:52:41.072 I/Gonk    (   83): Setting nice for pid 894 to 1
04-26 11:52:41.072 I/Gonk    (   83): Changed nice for pid 894 from 18 to 1.
04-26 11:52:41.152 D/Sensors (   83): activate handle=0; drv=0
04-26 11:52:41.152 D/Sensors (   83): Lis3dhSensor: Control set 0
04-26 11:52:41.152 D/Sensors (   83): Lis3dhSensor: mEnabled = 0
04-26 11:52:41.492 I/InputReader(   83): Reconfiguring input devices.  changes=0x00000004
04-26 11:52:41.502 I/InputReader(   83): Device reconfigured: id=6, name='ms-msg21xx', size 320x480, orientation 0, mode 1, display id 0
04-26 11:52:41.572 W/audio_hw_primary(   88): do_output_standby.mode:0 
04-26 11:52:41.942 I/Gecko   (   83): 1398538361956	Marionette	INFO	sendToClient: {"from":"0","value":null}, {a100e964-4ce9-4fdc-8319-f9e33c4597ff}, {a100e964-4ce9-4fdc-8319-f9e33c4597ff}
04-26 11:52:42.072 W/WifiHW  (   83): wifi_command: SIGNAL_POLL
04-26 11:52:42.192 I/Gecko   (   83): 1398538362202	Marionette	DEBUG	Got request: switchToFrame, data: {"to":"0","sessionId":"3-b2g","name":"switchToFrame","parameters":{"id":null,"focus":true}}, id: {9c25aee1-a33c-4506-964b-7550a4cad9a0}
04-26 11:52:42.212 I/Gecko   (   83): 1398538362223	Marionette	INFO	Switched to frame: {"frameValue":null}
04-26 11:52:42.332 I/Gecko   (   83): 1398538362343	Marionette	INFO	sendToClient: {"from":"0","ok":true}, {9c25aee1-a33c-4506-964b-7550a4cad9a0}, {9c25aee1-a33c-4506-964b-7550a4cad9a0}
04-26 11:52:42.352 I/Gecko   (   83): 1398538362364	Marionette	DEBUG	Got request: executeWithCallback, data: {"to":"0","sessionId":"3-b2g","name":"executeAsyncScript","parameters":{"specialPowers":false,"scriptTimeout":null,"newSandbox":true,"args":[],"filename":"gaia_test.py","script":"return GaiaApps.displayedApp();","line":66}}, id: {ff192904-a3a4-4e2a-8049-8d07d2029a7e}
04-26 11:52:42.472 I/Gecko   (   83): 1398538362483	Marionette	INFO	sendToClient: {"from":"0","value":{"frame":{"ELEMENT":"{748e748e-8b94-48da-9dca-dddc4fbaf5b7}"},"src":"app://homescreen.gaiamobile.org/index.html#root","name":"Homescreen","origin":"app://homescreen.gaiamobile.org"}}, {ff192904-a3a4-4e2a-8049-8d07d2029a7e}, {ff192904-a3a4-4e2a-8049-8d07d2029a7e}
04-26 11:52:42.492 E/GeckoConsole(   83): Content JS LOG at dummy file:392 in GaiaApps.displayedApp: app with origin 'app://homescreen.gaiamobile.org' is displayed
04-26 11:52:42.512 I/Gecko   (   83): 1398538362526	Marionette	DEBUG	Got request: switchToFrame, data: {"to":"0","sessionId":"3-b2g","name":"switchToFrame","parameters":{"id":null,"focus":true}}, id: {fbe8fce9-281e-4a05-8329-f24b53871179}
04-26 11:52:42.862 I/Gecko   (   83): 1398538362873	Marionette	INFO	Switched to frame: {"frameValue":null}
04-26 11:52:43.102 I/Gecko   (   83): 1398538363115	Marionette	INFO	sendToClient: {"from":"0","ok":true}, {fbe8fce9-281e-4a05-8329-f24b53871179}, {fbe8fce9-281e-4a05-8329-f24b53871179}
04-26 11:52:43.112 I/Gecko   (   83): 1398538363123	Marionette	DEBUG	Got request: switchToFrame, data: {"to":"0","sessionId":"3-b2g","name":"switchToFrame","parameters":{"id":null,"focus":true}}, id: {9edfa47b-9e19-4e7c-84db-a6e6a5acf51a}
04-26 11:52:43.112 I/Gecko   (   83): 1398538363125	Marionette	INFO	Switched to frame: {"frameValue":null}
04-26 11:52:43.212 I/Gecko   (   83): 1398538363228	Marionette	INFO	sendToClient: {"from":"0","ok":true}, {9edfa47b-9e19-4e7c-84db-a6e6a5acf51a}, {9edfa47b-9e19-4e7c-84db-a6e6a5acf51a}
04-26 11:52:43.222 I/Gecko   (   83): 1398538363236	Marionette	DEBUG	Got request: executeWithCallback, data: {"to":"0","sessionId":"3-b2g","name":"executeAsyncScript","parameters":{"specialPowers":false,"scriptTimeout":null,"newSandbox":true,"args":[],"filename":"gaia_test.py","script":"return GaiaApps.displayedApp();","line":66}}, id: {a3a8dec0-2883-46dc-9e94-a85d4f6cd42e}
04-26 11:52:43.302 I/Gecko   (   83): 1398538363322	Marionette	INFO	sendToClient: {"from":"0","value":{"frame":{"ELEMENT":"{748e748e-8b94-48da-9dca-dddc4fbaf5b7}"},"src":"app://homescreen.gaiamobile.org/index.html#root","name":"Homescreen","origin":"app://homescreen.gaiamobile.org"}}, {a3a8dec0-2883-46dc-9e94-a85d4f6cd42e}, {a3a8dec0-2883-46dc-9e94-a85d4f6cd42e}
04-26 11:52:43.332 E/GeckoConsole(   83): Content JS LOG at dummy file:392 in GaiaApps.displayedApp: app with origin 'app://homescreen.gaiamobile.org' is displayed
04-26 11:52:43.332 I/Gecko   (   83): 1398538363350	Marionette	DEBUG	Got request: switchToFrame, data: {"to":"0","sessionId":"3-b2g","name":"switchToFrame","parameters":{"focus":true,"element":"{748e748e-8b94-48da-9dca-dddc4fbaf5b7}"}}, id: {b329a3cc-369e-4d75-8975-193a07f2545b}
04-26 11:52:43.342 I/Gecko   (   83): 1398538363356	Marionette	INFO	Switched to frame: {"frameValue":"{748e748e-8b94-48da-9dca-dddc4fbaf5b7}"}
04-26 11:52:43.352 I/Gecko   (   83): 1398538363363	Marionette	INFO	trying remote frame 0
04-26 11:52:43.362 I/Gecko   (   83): 1398538363373	Marionette	INFO	trying remote frame 1
04-26 11:52:43.362 I/Gecko   (   83): 1398538363374	Marionette	INFO	deleting frame
04-26 11:52:43.362 I/Gecko   (   83): 1398538363380	Marionette	INFO	frame-manager load script: [object ChromeMessageSender]
04-26 11:52:43.402 I/Gonk    (   83): Setting nice for pid 840 to 18
04-26 11:52:43.402 I/Gonk    (   83): Changed nice for pid 840 from 1 to 18.
04-26 11:52:44.182 I/Gecko   (  894): ###################################### forms.js loaded
04-26 11:52:44.302 I/Gecko   (  894): ############################### browserElementPanning.js loaded
04-26 11:52:44.352 I/Gecko   (  894): ######################## BrowserElementChildPreload.js loaded
04-26 11:52:44.432 I/Gecko   (   83): 
04-26 11:52:44.432 I/Gecko   (   83): ###!!! [Parent][MessageChannel] Error: Channel error: cannot send/recv
04-26 11:52:44.432 I/Gecko   (   83): 
04-26 11:52:44.582 I/Gecko   (   83): [Parent 83] WARNING: waitpid failed pid:840 errno:10: file ../../../gecko/ipc/chromium/src/base/process_util_posix.cc, line 254
04-26 11:52:45.042 I/Gonk    (   83): Setting nice for pid 894 to 18
04-26 11:52:45.042 I/Gonk    (   83): Changed nice for pid 894 from 1 to 18.
04-26 11:52:45.382 I/Gonk    (   83): Setting nice for pid 894 to 1
04-26 11:52:45.382 I/Gonk    (   83): Changed nice for pid 894 from 18 to 1.
04-26 11:52:45.892 I/Gecko   (   83): 1398538365906	Marionette	INFO	sendToClient: {"from":"0","ok":true}, {b329a3cc-369e-4d75-8975-193a07f2545b}, {b329a3cc-369e-4d75-8975-193a07f2545b}
04-26 11:52:46.152 I/Gecko   (   83): 1398538366167	Marionette	INFO	sendToClient: {"from":"0","value":"app://homescreen.gaiamobile.org/index.html#root"}, {3bba72c2-ab0b-40a5-b36d-73d2526b41c7}, {3bba72c2-ab0b-40a5-b36d-73d2526b41c7}
04-26 11:52:46.162 I/Gecko   (   83): 1398538366174	Marionette	DEBUG	Got request: switchToFrame, data: {"to":"0","sessionId":"3-b2g","name":"switchToFrame","parameters":{"id":null,"focus":true}}, id: {65e481af-7d9e-4395-b849-726e7c89613a}
04-26 11:52:46.182 I/Gecko   (   83): 1398538366198	Marionette	INFO	Switched to frame: {"frameValue":null}
04-26 11:52:46.292 I/Gecko   (   83): 1398538366305	Marionette	INFO	sendToClient: {"from":"0","ok":true}, {65e481af-7d9e-4395-b849-726e7c89613a}, {65e481af-7d9e-4395-b849-726e7c89613a}
04-26 11:52:46.292 I/Gecko   (   83): 1398538366311	Marionette	DEBUG	Got request: switchToFrame, data: {"to":"0","sessionId":"3-b2g","name":"switchToFrame","parameters":{"id":null,"focus":true}}, id: {ce2177bf-754e-422c-8937-b1ad2ad9aed5}
04-26 11:52:46.302 I/Gecko   (   83): 1398538366313	Marionette	INFO	Switched to frame: {"frameValue":null}
04-26 11:52:46.402 I/Gecko   (   83): 1398538366416	Marionette	INFO	sendToClient: {"from":"0","ok":true}, {ce2177bf-754e-422c-8937-b1ad2ad9aed5}, {ce2177bf-754e-422c-8937-b1ad2ad9aed5}
04-26 11:52:46.412 I/Gecko   (   83): 1398538366422	Marionette	DEBUG	Got request: executeWithCallback, data: {"to":"0","sessionId":"3-b2g","name":"executeAsyncScript","parameters":{"specialPowers":false,"scriptTimeout":null,"newSandbox":true,"args":[],"filename":"gaia_test.py","script":"GaiaApps.killAll()","line":91}}, id: {bab4d0cd-d817-4491-944e-bd87f674e6cc}
04-26 11:52:46.452 I/Gecko   (   83): 1398538366465	Marionette	INFO	sendToClient: {"from":"0","value":true}, {bab4d0cd-d817-4491-944e-bd87f674e6cc}, {bab4d0cd-d817-4491-944e-bd87f674e6cc}
04-26 11:52:46.452 I/Gecko   (   83): 1398538366471	Marionette	DEBUG	Got request: switchToFrame, data: {"to":"0","sessionId":"3-b2g","name":"switchToFrame","parameters":{"id":null,"focus":true}}, id: {631094e7-40b8-4e24-92a6-6edfa1fd1ce6}
04-26 11:52:46.462 I/Gecko   (   83): 1398538366473	Marionette	INFO	Switched to frame: {"frameValue":null}
04-26 11:52:46.562 I/Gecko   (   83): 1398538366576	Marionette	INFO	sendToClient: {"from":"0","ok":true}, {631094e7-40b8-4e24-92a6-6edfa1fd1ce6}, {631094e7-40b8-4e24-92a6-6edfa1fd1ce6}
04-26 11:52:46.572 I/Gecko   (   83): 1398538366583	Marionette	DEBUG	Got request: executeWithCallback, data: {"to":"0","sessionId":"3-b2g","name":"executeAsyncScript","parameters":{"specialPowers":false,"scriptTimeout":60000,"newSandbox":true,"args":[],"filename":"app_checker.py","script":"\n        GaiaApps.locateWithManifestURL('https://marketplace.firefox.com/app/7266fa16-77bf-401e-b55d-0d41d6fca7c5/manifest.webapp',\n                                       null,\n                                       function uninstall(app) {\n                                       navigator.mozApps.mgmt.uninstall(app);\n                                       marionetteScriptFinished(true);\n                                       });\n        ","line":129}}, id: {11b5e3d3-6348-4fbd-9acc-ba0c7e6a1560}
04-26 11:52:46.582 I/Gecko   (   83): [Parent 83] WARNING: waitpid failed pid:840 errno:10: file ../../../gecko/ipc/chromium/src/base/process_util_posix.cc, line 254
04-26 11:52:46.582 I/Gecko   (   83): [Parent 83] WARNING: Failed to deliver SIGKILL to 840!(3).: file ../../../gecko/ipc/chromium/src/chrome/common/process_watcher_posix_sigchld.cc, line 118
04-26 11:52:46.592 I/Gecko   (   83): -- webapps.js uninstall https://marketplace.firefox.com/app/7266fa16-77bf-401e-b55d-0d41d6fca7c5/manifest.webapp
04-26 11:52:46.812 I/Gecko   (   83): 1398538366823	Marionette	INFO	sendToClient: {"from":"0","value":true}, {11b5e3d3-6348-4fbd-9acc-ba0c7e6a1560}, {11b5e3d3-6348-4fbd-9acc-ba0c7e6a1560}