--------- beginning of /dev/log/main
04-26 10:12:20.731 I/Gecko   (   83): 1398532340746	Marionette	INFO	sendToClient: {"from":"0","ok":true}, {930f7cd6-18f6-44c0-9bb4-760a872c41e5}, {930f7cd6-18f6-44c0-9bb4-760a872c41e5}
04-26 10:12:20.761 I/Gecko   (   83): 1398532340774	Marionette	DEBUG	Got request: switchToFrame, data: {"to":"0","sessionId":"3-b2g","name":"switchToFrame","parameters":{"id":null,"focus":true}}, id: {d7675832-6fd6-4218-b932-84a4f250c957}
04-26 10:12:20.771 I/Gecko   (   83): 1398532340782	Marionette	INFO	Switched to frame: {"frameValue":null}
04-26 10:12:20.871 I/Gecko   (   83): 1398532340889	Marionette	INFO	sendToClient: {"from":"0","ok":true}, {d7675832-6fd6-4218-b932-84a4f250c957}, {d7675832-6fd6-4218-b932-84a4f250c957}
04-26 10:12:20.881 I/Gecko   (   83): 1398532340897	Marionette	DEBUG	Got request: executeWithCallback, data: {"to":"0","sessionId":"3-b2g","name":"executeAsyncScript","parameters":{"specialPowers":false,"scriptTimeout":null,"newSandbox":true,"args":[],"filename":"gaia_test.py","script":"return GaiaApps.displayedApp();","line":66}}, id: {17e7c78f-3f13-4fc4-a72a-af63d496f029}
04-26 10:12:20.951 E/GeckoConsole(   83): Content JS LOG at dummy file:392 in GaiaApps.displayedApp: app with origin 'app://homescreen.gaiamobile.org' is displayed
04-26 10:12:20.951 I/Gecko   (   83): 1398532340967	Marionette	INFO	sendToClient: {"from":"0","value":{"frame":{"ELEMENT":"{2cd42fd3-be3d-423f-b91a-9a8ec1b77d96}"},"src":"app://homescreen.gaiamobile.org/index.html#root","name":"Homescreen","origin":"app://homescreen.gaiamobile.org"}}, {17e7c78f-3f13-4fc4-a72a-af63d496f029}, {17e7c78f-3f13-4fc4-a72a-af63d496f029}
04-26 10:12:20.961 I/Gecko   (   83): 1398532340975	Marionette	DEBUG	Got request: switchToFrame, data: {"to":"0","sessionId":"3-b2g","name":"switchToFrame","parameters":{"id":null,"focus":true}}, id: {b48b1dca-799a-412d-ab3a-eb5781410998}
04-26 10:12:20.971 I/Gecko   (   83): 1398532340982	Marionette	INFO	Switched to frame: {"frameValue":null}
04-26 10:12:21.071 I/Gecko   (   83): 1398532341084	Marionette	INFO	sendToClient: {"from":"0","ok":true}, {b48b1dca-799a-412d-ab3a-eb5781410998}, {b48b1dca-799a-412d-ab3a-eb5781410998}
04-26 10:12:21.091 I/Gecko   (   83): 1398532341101	Marionette	DEBUG	Got request: switchToFrame, data: {"to":"0","sessionId":"3-b2g","name":"switchToFrame","parameters":{"id":null,"focus":true}}, id: {84b13ce2-5327-4356-aa5d-83a1c2e82ec2}
04-26 10:12:21.091 I/Gecko   (   83): 1398532341103	Marionette	INFO	Switched to frame: {"frameValue":null}
04-26 10:12:21.191 I/Gecko   (   83): 1398532341205	Marionette	INFO	sendToClient: {"from":"0","ok":true}, {84b13ce2-5327-4356-aa5d-83a1c2e82ec2}, {84b13ce2-5327-4356-aa5d-83a1c2e82ec2}
04-26 10:12:21.201 I/Gecko   (   83): 1398532341211	Marionette	DEBUG	Got request: executeWithCallback, data: {"to":"0","sessionId":"3-b2g","name":"executeAsyncScript","parameters":{"specialPowers":false,"scriptTimeout":null,"newSandbox":true,"args":[],"filename":"gaia_test.py","script":"return GaiaApps.displayedApp();","line":66}}, id: {98d8686b-c733-48df-8eea-2088178a7f19}
04-26 10:12:21.291 E/GeckoConsole(   83): Content JS LOG at dummy file:392 in GaiaApps.displayedApp: app with origin 'app://homescreen.gaiamobile.org' is displayed
04-26 10:12:21.311 I/Gecko   (   83): 1398532341321	Marionette	INFO	sendToClient: {"from":"0","value":{"frame":{"ELEMENT":"{2cd42fd3-be3d-423f-b91a-9a8ec1b77d96}"},"src":"app://homescreen.gaiamobile.org/index.html#root","name":"Homescreen","origin":"app://homescreen.gaiamobile.org"}}, {98d8686b-c733-48df-8eea-2088178a7f19}, {98d8686b-c733-48df-8eea-2088178a7f19}
04-26 10:12:21.311 I/Gecko   (   83): 1398532341327	Marionette	DEBUG	Got request: switchToFrame, data: {"to":"0","sessionId":"3-b2g","name":"switchToFrame","parameters":{"focus":true,"element":"{2cd42fd3-be3d-423f-b91a-9a8ec1b77d96}"}}, id: {3658c295-f477-4c2e-954a-064d1a985e4c}
04-26 10:12:21.321 I/Gecko   (   83): 1398532341335	Marionette	INFO	Switched to frame: {"frameValue":"{2cd42fd3-be3d-423f-b91a-9a8ec1b77d96}"}
04-26 10:12:21.351 I/Gecko   (   83): 1398532341360	Marionette	INFO	trying remote frame 0
04-26 10:12:21.351 I/Gecko   (   83): 1398532341361	Marionette	INFO	trying remote frame 1
04-26 10:12:21.351 I/Gecko   (   83): 1398532341362	Marionette	INFO	trying remote frame 2
04-26 10:12:21.351 I/Gecko   (   83): 1398532341363	Marionette	INFO	deleting frame
04-26 10:12:21.351 I/Gecko   (   83): 1398532341368	Marionette	INFO	frame-manager load script: [object ChromeMessageSender]
04-26 10:12:21.621 W/WifiHW  (   83): wifi_command: SIGNAL_POLL
04-26 10:12:21.971 I/Gecko   (   83): 1398532341983	Marionette	INFO	sendToClient: {"from":"0","ok":true}, {3658c295-f477-4c2e-954a-064d1a985e4c}, {3658c295-f477-4c2e-954a-064d1a985e4c}
04-26 10:12:22.181 V/AudioPolicyManagerBase(   88): startOutput() output 1, stream 1, session 6
04-26 10:12:22.181 V/AudioPolicyManagerBase(   88): changeRefCount() stream 1, count 1
04-26 10:12:22.181 V/AudioPolicyManagerBase(   88): getDeviceForStrategy() from cache strategy 0, device 2
04-26 10:12:22.181 V/AudioPolicyManagerBase(   88): getNewDevice() selected device 2
04-26 10:12:22.181 D/AudioPolicyManagerBase(   88): setOutputDevice() output 1 device 2 delayMs 0
04-26 10:12:22.181 V/AudioPolicyManagerBase(   88): setOutputDevice() setting same device 2 or null device for output 1
04-26 10:12:22.181 E/AudioPolicyManagerBase(   88): checkAndSetVolume stream=1, index=15, output=1, device=2
04-26 10:12:22.181 E/AudioPolicyManagerBase(   88): computeVolume, streamDesc=0x1275bb0
04-26 10:12:22.181 V/AudioPolicyManagerBase(   88): VOLUME vol index=[60 100 100], dB=[-11.0 0.0 0.0] ampl=1.00000
04-26 10:12:22.211 W/AudioFlinger(   88): Thread AudioOut_1 cannot connect to the power manager service
04-26 10:12:22.211 V/AudioPolicyManagerBase(   88): stopOutput() output 1, stream 1, session 6
04-26 10:12:22.211 V/AudioPolicyManagerBase(   88): changeRefCount() stream 1, count 0
04-26 10:12:22.211 V/AudioPolicyManagerBase(   88): getNewDevice() selected device 0
04-26 10:12:22.211 D/AudioPolicyManagerBase(   88): setOutputDevice() output 1 device 0 delayMs 290
04-26 10:12:22.211 V/AudioPolicyManagerBase(   88): setOutputDevice() setting same device 0 or null device for output 1
04-26 10:12:22.211 V/AudioPolicyManagerBase(   88): releaseOutput() 1
04-26 10:12:22.281 I/Gecko   (   83): 1398532342295	Marionette	INFO	sendToClient: {"from":"0","value":{"ELEMENT":"{495c8b13-fa50-4d93-9d1f-607a3da31c6e}"}}, {2045ef0e-2987-4f73-b081-11dddc285afd}, {2045ef0e-2987-4f73-b081-11dddc285afd}
04-26 10:12:22.501 E/GeckoConsole( 1581): [JavaScript Warning: "Use of getAttributeNode() is deprecated. Use getAttribute() instead." {file: "chrome://marionette/content/atoms.js" line: 25}]
04-26 10:12:22.501 E/GeckoConsole( 1581): [JavaScript Warning: "Use of attributes' specified attribute is deprecated. It always returns true." {file: "chrome://marionette/content/atoms.js" line: 25}]
04-26 10:12:22.501 I/Gecko   (   83): 1398532342516	Marionette	INFO	sendToClient: {"from":"0","value":"normal"}, {2a314a2f-bcb2-44f6-9a5d-9195b50df96c}, {2a314a2f-bcb2-44f6-9a5d-9195b50df96c}
04-26 10:12:22.511 I/Gecko   (   83): 1398532342525	Marionette	DEBUG	Got request: switchToFrame, data: {"to":"0","sessionId":"3-b2g","name":"switchToFrame","parameters":{"id":null,"focus":true}}, id: {3c6739c5-6a28-4afd-b59e-ced2c3893b7a}
04-26 10:12:22.521 I/Gecko   (   83): 1398532342538	Marionette	INFO	Switched to frame: {"frameValue":null}
04-26 10:12:22.631 I/Gecko   (   83): 1398532342645	Marionette	INFO	sendToClient: {"from":"0","ok":true}, {3c6739c5-6a28-4afd-b59e-ced2c3893b7a}, {3c6739c5-6a28-4afd-b59e-ced2c3893b7a}
04-26 10:12:22.641 I/Gecko   (   83): 1398532342652	Marionette	DEBUG	Got request: execute, data: {"to":"0","sessionId":"3-b2g","name":"executeScript","parameters":{"specialPowers":false,"scriptTimeout":null,"newSandbox":true,"args":[],"filename":"gaia_test.py","script":"window.wrappedJSObject.dispatchEvent(new Event('home'));","line":788}}, id: {d424598a-3157-4c29-a636-dfe0b0f636bd}
04-26 10:12:22.681 I/Gecko   (   83): 1398532342698	Marionette	INFO	sendToClient: {"from":"0","value":null}, {d424598a-3157-4c29-a636-dfe0b0f636bd}, {d424598a-3157-4c29-a636-dfe0b0f636bd}
04-26 10:12:22.701 I/Gecko   (   83): 1398532342711	Marionette	DEBUG	Got request: switchToFrame, data: {"to":"0","sessionId":"3-b2g","name":"switchToFrame","parameters":{"id":null,"focus":true}}, id: {7aa00c69-3f77-4144-926e-ca81cac97819}
04-26 10:12:22.701 I/Gecko   (   83): 1398532342713	Marionette	INFO	Switched to frame: {"frameValue":null}
04-26 10:12:22.801 I/Gecko   (   83): 1398532342816	Marionette	INFO	sendToClient: {"from":"0","ok":true}, {7aa00c69-3f77-4144-926e-ca81cac97819}, {7aa00c69-3f77-4144-926e-ca81cac97819}
04-26 10:12:22.811 I/Gecko   (   83): 1398532342825	Marionette	DEBUG	Got request: switchToFrame, data: {"to":"0","sessionId":"3-b2g","name":"switchToFrame","parameters":{"id":null,"focus":true}}, id: {e5eecf36-1d6d-4eec-8a27-0d328018a044}
04-26 10:12:22.811 I/Gecko   (   83): 1398532342827	Marionette	INFO	Switched to frame: {"frameValue":null}
04-26 10:12:22.911 I/Gecko   (   83): 1398532342930	Marionette	INFO	sendToClient: {"from":"0","ok":true}, {e5eecf36-1d6d-4eec-8a27-0d328018a044}, {e5eecf36-1d6d-4eec-8a27-0d328018a044}
04-26 10:12:22.921 I/Gecko   (   83): 1398532342937	Marionette	DEBUG	Got request: executeWithCallback, data: {"to":"0","sessionId":"3-b2g","name":"executeAsyncScript","parameters":{"specialPowers":false,"scriptTimeout":null,"newSandbox":true,"args":[],"filename":"gaia_test.py","script":"return GaiaApps.displayedApp();","line":66}}, id: {33d653ae-9f31-46fe-a0e1-4320060ba45f}
04-26 10:12:22.991 I/Gecko   (   83): 1398532343009	Marionette	INFO	sendToClient: {"from":"0","value":{"frame":{"ELEMENT":"{2cd42fd3-be3d-423f-b91a-9a8ec1b77d96}"},"src":"app://homescreen.gaiamobile.org/index.html#rootSat%20Apr%2026%202014%2010:12:22%20GMT-0700%20(UTC)","name":"Homescreen","origin":"app://homescreen.gaiamobile.org"}}, {33d653ae-9f31-46fe-a0e1-4320060ba45f}, {33d653ae-9f31-46fe-a0e1-4320060ba45f}
04-26 10:12:23.011 E/GeckoConsole(   83): Content JS LOG at dummy file:392 in GaiaApps.displayedApp: app with origin 'app://homescreen.gaiamobile.org' is displayed
04-26 10:12:23.031 I/Gecko   (   83): 1398532343044	Marionette	DEBUG	Got request: switchToFrame, data: {"to":"0","sessionId":"3-b2g","name":"switchToFrame","parameters":{"focus":true,"element":"{2cd42fd3-be3d-423f-b91a-9a8ec1b77d96}"}}, id: {58a2c987-963b-4d0d-92b9-e2e7ce3805b9}
04-26 10:12:23.031 I/Gecko   (   83): 1398532343049	Marionette	INFO	Switched to frame: {"frameValue":"{2cd42fd3-be3d-423f-b91a-9a8ec1b77d96}"}
04-26 10:12:23.041 I/Gecko   (   83): 1398532343052	Marionette	INFO	trying remote frame 0
04-26 10:12:23.041 I/Gecko   (   83): 1398532343053	Marionette	INFO	trying remote frame 1
04-26 10:12:23.041 I/Gecko   (   83): 1398532343054	Marionette	INFO	trying remote frame 2
04-26 10:12:23.151 I/Gecko   (   83): 1398532343163	Marionette	INFO	sendToClient: {"from":"0","ok":true}, {58a2c987-963b-4d0d-92b9-e2e7ce3805b9}, {58a2c987-963b-4d0d-92b9-e2e7ce3805b9}
04-26 10:12:23.161 I/Gecko   (   83): 1398532343170	Marionette	DEBUG	Got request: execute, data: {"to":"0","sessionId":"3-b2g","name":"executeScript","parameters":{"specialPowers":false,"scriptTimeout":null,"newSandbox":true,"args":[],"filename":"gaia_test.py","script":"return window.wrappedJSObject.GridManager.pageHelper.getCurrentPageNumber();","line":784}}, id: {c2ec0a23-7622-4b21-aa50-c67118459d37}
04-26 10:12:23.251 I/Gecko   (   83): 1398532343270	Marionette	INFO	sendToClient: {"from":"0","value":0}, {c2ec0a23-7622-4b21-aa50-c67118459d37}, {c2ec0a23-7622-4b21-aa50-c67118459d37}
04-26 10:12:23.431 I/Gecko   (   83): 1398532343445	Marionette	INFO	sendToClient: {"from":"0","value":["{dc64aca9-dab7-4f91-bf79-6b3b84f1fc8a}","{0ba740e4-66f2-4e61-b636-16076bdb4677}","{cca74574-6942-4bf2-a496-3ed059da71d7}","{dff5e6d1-ff47-4f53-b720-72abfbe1790e}","{d9f7d53d-c38d-4930-97ca-532dd7bbaae4}","{819da3e9-2889-4db9-9ddc-55194e56eea7}","{23618ac6-d273-47c8-b2ae-1b3178342e57}","{52d851c5-54e7-49b4-b626-8d24d3601ee8}","{54dc89c3-dfef-4fbe-926f-2b231ddbc2b0}","{85b7b17c-4a24-4658-b930-04deff03ca97}","{6a6bad44-cade-482c-a120-8905f2dab599}","{0d381fa4-7ebb-4d75-afa0-a7c9048f08b3}","{3fd6cf6c-ddd7-433d-a923-b193ce4ff887}","{33ffd321-c336-440b-a8f4-aed9abe1897c}","{3f1058e9-bc54-4c51-a2b8-f7c3e534a3dd}","{6b5142b1-5d0a-44e7-b6ee-90c2a60328ff}","{a5c99d55-b60d-4c15-9206-a2471d38f87d}","{eefdd84c-369c-4bc9-8aaf-79b6178b4dfc}","{db5a4354-f73e-4872-8244-993e423021af}","{72ae505f-91f0-4894-8787-a0ab6e5a3575}","{6a68ee9b-7f77-4805-8ecd-8737f97e6a4b}","{5b021707-6af2-4247-944c-4efba2661021}","{a11f6df2-ae77-4c3c-a5b7-b8c2527153ff}","{7f51dc63-499f
04-26 10:12:23.461 I/Gecko   (   83): 1398532343473	Marionette	INFO	sendToClient: {"from":"0","value":"app://homescreen.gaiamobile.org/index.html#rootSat%20Apr%2026%202014%2010:12:22%20GMT-0700%20(UTC)"}, {77d331d7-2dea-41d4-a76d-787f23621e5e}, {77d331d7-2dea-41d4-a76d-787f23621e5e}
04-26 10:12:23.481 I/Gecko   (   83): 1398532343493	Marionette	DEBUG	Got request: switchToFrame, data: {"to":"0","sessionId":"3-b2g","name":"switchToFrame","parameters":{"id":null,"focus":true}}, id: {f1b541b5-ec9e-46ef-b8b8-1c9db39c3b60}
04-26 10:12:23.491 I/Gecko   (   83): 1398532343509	Marionette	INFO	Switched to frame: {"frameValue":null}
04-26 10:12:23.611 I/Gecko   (   83): 1398532343623	Marionette	INFO	sendToClient: {"from":"0","ok":true}, {f1b541b5-ec9e-46ef-b8b8-1c9db39c3b60}, {f1b541b5-ec9e-46ef-b8b8-1c9db39c3b60}
04-26 10:12:23.631 I/Gecko   (   83): 1398532343648	Marionette	DEBUG	Got request: switchToFrame, data: {"to":"0","sessionId":"3-b2g","name":"switchToFrame","parameters":{"id":null,"focus":true}}, id: {5d30edaa-db6d-42d4-921f-1525a68c077f}
04-26 10:12:23.641 I/Gecko   (   83): 1398532343655	Marionette	INFO	Switched to frame: {"frameValue":null}
04-26 10:12:23.741 I/Gecko   (   83): 1398532343758	Marionette	INFO	sendToClient: {"from":"0","ok":true}, {5d30edaa-db6d-42d4-921f-1525a68c077f}, {5d30edaa-db6d-42d4-921f-1525a68c077f}
04-26 10:12:23.751 I/Gecko   (   83): 1398532343765	Marionette	DEBUG	Got request: executeWithCallback, data: {"to":"0","sessionId":"3-b2g","name":"executeAsyncScript","parameters":{"specialPowers":false,"scriptTimeout":30000,"newSandbox":true,"args":[],"filename":"app_checker.py","script":"GaiaApps.launchWithManifestURL('https://marketplace.firefox.com/app/41fe8051-e2c8-43c7-ab0e-a4937e174483/manifest.webapp')","line":106}}, id: {fadb7584-9e0a-4246-ab34-19da387245f8}
04-26 10:12:23.911 I/Gonk    (   83): Setting nice for pid 1593 to 18
04-26 10:12:23.921 I/Gonk    (   83): Changed nice for pid 1593 from 18 to 18.
04-26 10:12:23.921 I/Gecko   (   83): [Parent 83] WARNING: waitpid failed pid:1593 errno:10: file ../../../gecko/ipc/chromium/src/base/process_util_posix.cc, line 254
04-26 10:12:23.921 I/Gonk    (   83): Setting nice for pid 1593 to 1
04-26 10:12:23.921 I/Gonk    (   83): Changed nice for pid 1593 from 18 to 1.
04-26 10:12:23.951 E/GeckoConsole(   83): Content JS LOG at dummy file:334 in GaiaApps.launch: launching app with name 'Math This'
04-26 10:12:24.271 D/Sensors (   83): activate handle=0; drv=0
04-26 10:12:24.281 D/Sensors (   83): Lis3dhSensor: Control set 1
04-26 10:12:24.281 D/Sensors (   83): Lis3dhSensor: mEnabled = 1
04-26 10:12:24.371 I/Gonk    (   83): Setting nice for pid 1581 to 18
04-26 10:12:24.371 I/Gonk    (   83): Changed nice for pid 1581 from 1 to 18.
04-26 10:12:25.211 I/Gecko   ( 1593): ###################################### forms.js loaded
04-26 10:12:25.271 I/Gecko   ( 1593): ############################### browserElementPanning.js loaded
04-26 10:12:25.391 I/Gecko   ( 1593): ######################## BrowserElementChildPreload.js loaded
04-26 10:12:26.761 W/WifiHW  (   83): wifi_command: SIGNAL_POLL
04-26 10:12:27.071 I/Gonk    (   83): Setting nice for pid 1650 to 18
04-26 10:12:27.071 I/Gonk    (   83): Changed nice for pid 1650 from 0 to 18.
04-26 10:12:27.391 E/GeckoConsole( 1593): [JavaScript Warning: "Unknown property 'user-select'.  Declaration dropped." {file: "app://{7b3c6422-9e04-4cf5-bb20-d1dbeab5ec97}/enyo/enyo.css" line: 42 column: 12 source: "	user-select: none;"}]
04-26 10:12:27.391 E/GeckoConsole( 1593): [JavaScript Warning: "Unknown pseudo-class or pseudo-element 'selection'.  Ruleset ignored due to bad selector." {file: "app://{7b3c6422-9e04-4cf5-bb20-d1dbeab5ec97}/enyo/enyo.css" line: 45 column: 20 source: ".enyo-unselectable::selection, .enyo-unselectable ::selection {"}]
04-26 10:12:27.391 E/GeckoConsole( 1593): [JavaScript Warning: "Unknown property 'user-select'.  Declaration dropped." {file: "app://{7b3c6422-9e04-4cf5-bb20-d1dbeab5ec97}/enyo/enyo.css" line: 53 column: 12 source: "	user-select: text;"}]
04-26 10:12:27.391 E/GeckoConsole( 1593): [JavaScript Warning: "Unknown pseudo-class or pseudo-element 'selection'.  Ruleset ignored due to bad selector." {file: "app://{7b3c6422-9e04-4cf5-bb20-d1dbeab5ec97}/enyo/enyo.css" line: 56 column: 18 source: ".enyo-selectable::selection, .enyo-selectable ::selection {"}]
04-26 10:12:27.391 E/GeckoConsole( 1593): [JavaScript Warning: "Unknown property 'box-sizing'.  Declaration dropped." {file: "app://{7b3c6422-9e04-4cf5-bb20-d1dbeab5ec97}/enyo/enyo.css" line: 78 column: 11 source: "	box-sizing: border-box;"}]
04-26 10:12:27.391 E/GeckoConsole( 1593): [JavaScript Warning: "Unknown property 'box-sizing'.  Declaration dropped." {file: "app://{7b3c6422-9e04-4cf5-bb20-d1dbeab5ec97}/enyo/enyo.css" line: 97 column: 11 source: "	box-sizing: border-box;"}]
04-26 10:12:27.401 E/GeckoConsole( 1593): [JavaScript Warning: "Unknown property 'box-sizing'.  Declaration dropped." {file: "app://{7b3c6422-9e04-4cf5-bb20-d1dbeab5ec97}/enyo/app.css" line: 9 column: 11 source: "	box-sizing: border-box;"}]
04-26 10:12:27.411 E/GeckoConsole( 1593): [JavaScript Warning: "Unknown property 'box-sizing'.  Declaration dropped." {file: "app://{7b3c6422-9e04-4cf5-bb20-d1dbeab5ec97}/enyo/app.css" line: 45 column: 11 source: "	box-sizing: border-box;"}]
04-26 10:12:27.411 E/GeckoConsole( 1593): [JavaScript Warning: "Unknown property 'box-sizing'.  Declaration dropped." {file: "app://{7b3c6422-9e04-4cf5-bb20-d1dbeab5ec97}/enyo/app.css" line: 170 column: 11 source: "	box-sizing: border-box;"}]
04-26 10:12:27.411 E/GeckoConsole( 1593): [JavaScript Warning: "Error in parsing value for 'max-width'.  Declaration dropped." {file: "app://{7b3c6422-9e04-4cf5-bb20-d1dbeab5ec97}/enyo/app.css" line: 182 column: 12 source: "	max-width: auto !important;"}]
04-26 10:12:27.411 E/GeckoConsole( 1593): [JavaScript Warning: "Error in parsing value for 'max-height'.  Declaration dropped." {file: "app://{7b3c6422-9e04-4cf5-bb20-d1dbeab5ec97}/enyo/app.css" line: 184 column: 13 source: "	max-height: auto !important;"}]
04-26 10:12:27.411 E/GeckoConsole( 1593): [JavaScript Warning: "Expected 'none' or URL but found 'alpha('.  Error in parsing value for 'filter'.  Declaration dropped." {file: "app://{7b3c6422-9e04-4cf5-bb20-d1dbeab5ec97}/enyo/app.css" line: 276 column: 9 source: "	filter: alpha(opacity=40);"}]
04-26 10:12:27.421 E/GeckoConsole( 1593): [JavaScript Warning: "Unknown property 'box-sizing'.  Declaration dropped." {file: "app://{7b3c6422-9e04-4cf5-bb20-d1dbeab5ec97}/enyo/app.css" line: 564 column: 11 source: "	box-sizing: border-box;"}]
04-26 10:12:27.421 E/GeckoConsole( 1593): [JavaScript Warning: "Expected 'none' or URL but found 'alpha('.  Error in parsing value for 'filter'.  Declaration dropped." {file: "app://{7b3c6422-9e04-4cf5-bb20-d1dbeab5ec97}/enyo/app.css" line: 712 column: 9 source: "	filter: alpha(opacity=65);"}]
04-26 10:12:27.421 E/GeckoConsole( 1593): [JavaScript Warning: "Expected 'none' or URL but found 'alpha('.  Error in parsing value for 'filter'.  Declaration dropped." {file: "app://{7b3c6422-9e04-4cf5-bb20-d1dbeab5ec97}/enyo/app.css" line: 773 column: 9 source: "	filter: alpha(opacity=40);"}]
04-26 10:12:27.421 E/GeckoConsole( 1593): [JavaScript Warning: "Unknown property 'box-sizing'.  Declaration dropped." {file: "app://{7b3c6422-9e04-4cf5-bb20-d1dbeab5ec97}/enyo/app.css" line: 815 column: 11 source: "	box-sizing: border-box;"}]
04-26 10:12:27.421 E/GeckoConsole( 1593): [JavaScript Warning: "Unknown pseudo-class or pseudo-element '-webkit-input-placeholder'.  Ruleset ignored due to bad selector." {file: "app://{7b3c6422-9e04-4cf5-bb20-d1dbeab5ec97}/enyo/app.css" line: 852 column: 55 source: ".onyx-toolbar .onyx-input-decorator .onyx-input:focus::-webkit-input-placeholder {"}]
04-26 10:12:27.421 E/GeckoConsole( 1593): [JavaScript Warning: "Error in parsing value for 'background-image'.  Declaration dropped." {file: "app://{7b3c6422-9e04-4cf5-bb20-d1dbeab5ec97}/enyo/app.css" line: 945 column: 19 source: "	background-image: -webkit-gradient(linear, 0 100%, 100% 0, color-stop(0.25, rgba(255, 255, 255, 0.15)), color-stop(0.25, transparent), color-stop(0.5, transparent), color-stop(0.5, rgba(255, 255, 255, 0.15)), color-stop(0.75, rgba(255, 255, 255, 0.15)), color-stop(0.75, transparent), to(transparent));"}]
04-26 10:12:27.421 E/GeckoConsole( 1593): [JavaScript Warning: "Error in parsing value for 'background-image'.  Declaration dropped." {file: "app://{7b3c6422-9e04-4cf5-bb20-d1dbeab5ec97}/enyo/app.css" line: 946 column: 19 source: "	background-image: -webkit-linear-gradient(-45deg, rgba(255, 255, 255, 0.15) 25%, transparent 25%, transparent 50%, rgba(255, 255, 255, 0.15) 50%, rgba(255, 255, 255, 0.15) 75%, transparent 75%, transparent);"}]
04-26 10:12:27.421 E/GeckoConsole( 1593): [JavaScript Warning: "Error in parsing value for 'background-image'.  Declaration dropped." {file: "app://{7b3c6422-9e04-4cf5-bb20-d1dbeab5ec97}/enyo/app.css" line: 948 column: 19 source: "	background-image: -ms-linear-gradient(-45deg, rgba(255, 255, 255, 0.15) 25%, transparent 25%, transparent 50%, rgba(255, 255, 255, 0.15) 50%, rgba(255, 255, 255, 0.15) 75%, transparent 75%, transparent);"}]
04-26 10:12:27.421 E/GeckoConsole( 1593): [JavaScript Warning: "Error in parsing value for 'background-image'.  Declaration dropped." {file: "app://{7b3c6422-9e04-4cf5-bb20-d1dbeab5ec97}/enyo/app.css" line: 949 column: 19 source: "	background-image: -o-linear-gradient(-45deg, rgba(255, 255, 255, 0.15) 25%, transparent 25%, transparent 50%, rgba(255, 255, 255, 0.15) 50%, rgba(255, 255, 255, 0.15) 75%, transparent 75%, transparent);"}]
04-26 10:12:27.431 E/GeckoConsole( 1593): [JavaScript Warning: "Unknown property 'box-sizing'.  Declaration dropped." {file: "app://{7b3c6422-9e04-4cf5-bb20-d1dbeab5ec97}/enyo/app.css" line: 1076 column: 11 source: "	box-sizing: border-box;"}]
04-26 10:12:29.021 E/GeckoConsole( 1593): [JavaScript Warning: "Unknown property 'box-sizing'.  Declaration dropped." {file: "app://{7b3c6422-9e04-4cf5-bb20-d1dbeab5ec97}/lib/layout/fittable/source/FittableLayout.css" line: 6 column: 11 source: "	box-sizing: border-box;"}]
04-26 10:12:29.021 E/GeckoConsole( 1593): [JavaScript Warning: "Unknown property 'box-sizing'.  Declaration dropped." {file: "app://{7b3c6422-9e04-4cf5-bb20-d1dbeab5ec97}/lib/layout/fittable/source/FittableLayout.css" line: 42 column: 11 source: "	box-sizing: border-box;"}]
04-26 10:12:29.191 E/GeckoConsole( 1593): Content JS LOG at app://{7b3c6422-9e04-4cf5-bb20-d1dbeab5ec97}/helper.js:11 in anonymous: Installed console ! 
04-26 10:12:29.991 E/GeckoConsole( 1593): [JavaScript Warning: "Error in parsing value for 'top'.  Declaration dropped." {file: "app://{7b3c6422-9e04-4cf5-bb20-d1dbeab5ec97}/index.html" line: 0 column: 31 source: "width:320px; display:none;top: NaNpx;left: NaNpx;z-index:123;"}]
04-26 10:12:30.001 E/GeckoConsole( 1593): [JavaScript Warning: "Error in parsing value for 'left'.  Declaration dropped." {file: "app://{7b3c6422-9e04-4cf5-bb20-d1dbeab5ec97}/index.html" line: 0 column: 43 source: "width:320px; display:none;top: NaNpx;left: NaNpx;z-index:123;"}]
04-26 10:12:31.421 E/GeckoConsole(   83): Content JS LOG at dummy file:326 in GaiaApps.launch/appOpen/<: app with origin 'app://{7b3c6422-9e04-4cf5-bb20-d1dbeab5ec97}' has launched
04-26 10:12:31.421 I/Gecko   (   83): 1398532351436	Marionette	INFO	sendToClient: {"from":"0","value":{"frame":{"ELEMENT":"{d88d04c1-a650-4a91-8ad2-9b6092a2c812}"},"src":"app://{7b3c6422-9e04-4cf5-bb20-d1dbeab5ec97}/index.html","name":"Math This","origin":"app://{7b3c6422-9e04-4cf5-bb20-d1dbeab5ec97}"}}, {fadb7584-9e0a-4246-ab34-19da387245f8}, {fadb7584-9e0a-4246-ab34-19da387245f8}
04-26 10:12:31.951 E/GeckoConsole( 1593): Content JS LOG at app://{7b3c6422-9e04-4cf5-bb20-d1dbeab5ec97}/helper.js:71 in window.onload: window.onload
04-26 10:12:31.981 E/GeckoConsole( 1593): Content JS LOG at app://{7b3c6422-9e04-4cf5-bb20-d1dbeab5ec97}/helper.js:72 in window.onload: Mozilla/5.0 (Mobile; rv:28.0) Gecko/28.0 Firefox/28.0
04-26 10:12:31.991 E/GeckoConsole( 1593): Content JS LOG at app://{7b3c6422-9e04-4cf5-bb20-d1dbeab5ec97}/helper.js:17 in onDeviceReady: deviceready event fired!
04-26 10:12:31.991 E/GeckoConsole( 1593): Content JS LOG at app://{7b3c6422-9e04-4cf5-bb20-d1dbeab5ec97}/helper.js:29 in startApp: startApp
04-26 10:12:31.991 E/GeckoConsole( 1593): Content JS ERROR at app://{7b3c6422-9e04-4cf5-bb20-d1dbeab5ec97}/srcs/MathThis.js:124 in .create: gblAndroid: false
04-26 10:12:32.291 W/WifiHW  (   83): wifi_command: SIGNAL_POLL
04-26 10:12:32.541 I/Gecko   (   83): 1398532352558	Marionette	DEBUG	Got request: switchToFrame, data: {"to":"0","sessionId":"3-b2g","name":"switchToFrame","parameters":{"focus":true,"element":"{d88d04c1-a650-4a91-8ad2-9b6092a2c812}"}}, id: {0af923a0-f4ec-427c-bd18-d86847933f2c}
04-26 10:12:32.701 I/Gecko   (   83): 1398532352711	Marionette	INFO	Switched to frame: {"frameValue":"{d88d04c1-a650-4a91-8ad2-9b6092a2c812}"}
04-26 10:12:32.711 I/Gecko   (   83): 1398532352727	Marionette	INFO	trying remote frame 0
04-26 10:12:32.731 I/Gecko   (   83): 1398532352744	Marionette	INFO	trying remote frame 1
04-26 10:12:32.731 I/Gecko   (   83): 1398532352745	Marionette	INFO	trying remote frame 2
04-26 10:12:32.741 I/Gecko   (   83): 1398532352758	Marionette	INFO	trying remote frame 3
04-26 10:12:32.751 I/Gecko   (   83): 1398532352765	Marionette	INFO	frame-manager load script: [object ChromeMessageSender]
04-26 10:12:33.611 I/Gecko   ( 1593): Attempting load of libEGL.so
04-26 10:12:33.671 D/libEGL  ( 1593): loaded /system/lib/egl/libEGL_mali.so
04-26 10:12:33.691 D/libEGL  ( 1593): loaded /system/lib/egl/libGLESv1_CM_mali.so
04-26 10:12:33.691 D/libEGL  ( 1593): loaded /system/lib/egl/libGLESv2_mali.so
04-26 10:12:33.731 I/Gecko   ( 1593): SharedSurface_Gralloc::Create -------
04-26 10:12:33.761 I/Gecko   ( 1593): SharedSurface_Gralloc::Create: success -- surface 0x4404f7c0, GraphicBuffer 0x43f06b80.
04-26 10:12:35.221 I/Gecko   (   83): 
04-26 10:12:35.221 I/Gecko   (   83): ###!!! [Parent][MessageChannel] Error: Channel error: cannot send/recv
04-26 10:12:35.221 I/Gecko   (   83): 
04-26 10:12:35.331 I/Gecko   (   83): 1398532355342	Marionette	INFO	sendToClient: {"from":"0","ok":true}, {0af923a0-f4ec-427c-bd18-d86847933f2c}, {0af923a0-f4ec-427c-bd18-d86847933f2c}
04-26 10:12:35.341 I/Gecko   (   83): [Parent 83] WARNING: waitpid failed pid:1581 errno:10: file ../../../gecko/ipc/chromium/src/base/process_util_posix.cc, line 254
04-26 10:12:35.391 E/GeckoConsole( 1593): Content JS ERROR at app://{7b3c6422-9e04-4cf5-bb20-d1dbeab5ec97}/srcs/MathThis.js:178 in .rendered/checkIfInstalled.onsuccess: checkIfInstalled.onsuccess
04-26 10:12:35.401 E/GeckoConsole( 1593): Content JS ERROR at app://{7b3c6422-9e04-4cf5-bb20-d1dbeab5ec97}/srcs/MathThis.js:472 in .DrawPlayfield: bkg: [object HTMLImageElement] true
04-26 10:12:35.401 E/GeckoConsole( 1593): Content JS ERROR at app://{7b3c6422-9e04-4cf5-bb20-d1dbeab5ec97}/srcs/MathThis.js:474 in .DrawPlayfield: app://{7b3c6422-9e04-4cf5-bb20-d1dbeab5ec97}/images/back_1.JPG 1067 800
04-26 10:12:35.401 E/GeckoConsole( 1593): Content JS LOG at app://{7b3c6422-9e04-4cf5-bb20-d1dbeab5ec97}/srcs/MathThis.js:537 in .DrawPlayfield: this.gblTilesPlacedIdx is undefined
04-26 10:12:35.601 I/Gecko   ( 1593): SharedSurface_Gralloc::Create -------
04-26 10:12:35.601 I/Gecko   ( 1593): SharedSurface_Gralloc::Create: success -- surface 0x43f0a6c0, GraphicBuffer 0x43f08480.
04-26 10:12:35.811 I/Gecko   (   83): 1398532355825	Marionette	INFO	sendToClient: {"from":"0","value":"app://{7b3c6422-9e04-4cf5-bb20-d1dbeab5ec97}/index.html"}, {dad8b6b4-8e43-4f18-bf91-d7ae99aec2ea}, {dad8b6b4-8e43-4f18-bf91-d7ae99aec2ea}
04-26 10:12:35.821 I/Gecko   (   83): 1398532355835	Marionette	DEBUG	Got request: execute, data: {"to":"0","sessionId":"3-b2g","name":"executeScript","parameters":{"specialPowers":false,"scriptTimeout":null,"newSandbox":true,"args":[],"filename":"app_checker.py","script":"return window.document.readyState;","line":191}}, id: {2ec0a2be-34d2-4b2e-bd8c-a3b9a9da9017}
04-26 10:12:36.091 I/Gecko   (   83): 1398532356100	Marionette	INFO	sendToClient: {"from":"0","value":"complete"}, {2ec0a2be-34d2-4b2e-bd8c-a3b9a9da9017}, {2ec0a2be-34d2-4b2e-bd8c-a3b9a9da9017}
04-26 10:12:36.121 I/Gecko   (   83): 1398532356140	Marionette	INFO	sendToClient: {"from":"0","value":"app://{7b3c6422-9e04-4cf5-bb20-d1dbeab5ec97}/index.html"}, {68885a1d-1ce6-44da-bf90-29ffccc424c9}, {68885a1d-1ce6-44da-bf90-29ffccc424c9}
04-26 10:12:36.301 I/Gecko   ( 1593): SharedSurface_Gralloc::Create -------
04-26 10:12:36.431 I/Gecko   ( 1593): SharedSurface_Gralloc::Create: success -- surface 0x43018ec0, GraphicBuffer 0x43f08d00.
04-26 10:12:36.581 I/Gecko   ( 1593): SharedSurface_Gralloc::Create -------
04-26 10:12:36.711 I/Gecko   ( 1593): SharedSurface_Gralloc::Create: success -- surface 0x435621c0, GraphicBuffer 0x450d8200.
04-26 10:12:37.351 I/Gecko   (   83): [Parent 83] WARNING: waitpid failed pid:1581 errno:10: file ../../../gecko/ipc/chromium/src/base/process_util_posix.cc, line 254
04-26 10:12:37.381 I/Gecko   (   83): [Parent 83] WARNING: Failed to deliver SIGKILL to 1581!(3).: file ../../../gecko/ipc/chromium/src/chrome/common/process_watcher_posix_sigchld.cc, line 118
04-26 10:12:37.561 W/WifiHW  (   83): wifi_command: SIGNAL_POLL
04-26 10:12:38.591 I/Gecko   (   83): 1398532358531	Marionette	INFO	sendToClient: {"from":"0","value":"iVBORw0KGgoAAAANSUhEUgAAAUAAAAHMCAYAAACk4nEJAAAgAElEQVR4nOy9aVsiy5vuW7v/p3t373O6r71WuZQCcyIziCAiBzJNEEVBwAEExNLSgu//Qe7z4olMkHKs0mWtKl7cF4rkBOTPZ44Pe3t7WGuttdb6HfWhN5rjd1B3NEfnEXV/8eP/6Pn9sM7n6AzXWuvn0hqAfxOA3vv4Pz0Az39w+7XW+g6tAai1BuDj57cG4Fq/otYA1FoD8PHze2sAds+fOL81ANd6A60BqLUG4OPn948H4D/dwvynn/9PqjUAtdYAfOIG+1H9wwHYPX9nK3QNwDfRbwPAJ3U+R2+oH5d/Xn7uqe0f2m74wu1X9/Gc7X9xvTcA3xtAP/s/iB/WU8d/I60BmGkZPvfpOQB7z+1/cb37Df7egBguHeP8iefWAFwD8MV6b4CtAfio1gB8ZwCtAfiL670Btgbgo3rzGOVb670B+9aA+dHreyetAZjpvQG2BuCjWgPwie1/QwAevcI+1gDM9N4AWwPwTfWjWfj3zuL/aAjgySTKe1/fE8fPz+P8FsfDC5wOhjg7O8PZ2QCng3McDy/QHX1dA/C79d4AWwPwTbUG4E9+fU8cvzOaoz/8jLOzgQbfPRoM0Du/XgPwu/TeAFsD8E31Twfgk9f3o3WW73x9Tx2/d/7lYfAt6fjkBLvd8RqAa/3Nuq8Ocrjy3Huf4xvqZ49R/ijA3vofyHPO//j8mqy8/jE2Njbwb//2b/if//kfHB0d3YHgx48fEaSHz7quNQDXeh395hbsGoBv+/5k+0/3uvj3f/93fPjwIVeapncAuLGxgf/n3/8d7bMvT17XGoBrvY7WAHx3yP0OAOyN5pC1Pfzbv/6F//o//43mYf+uC3x8jP/4j//Ahw8fEO/2nryuNQDXeh2tAfjukPtdANgbzbHbOUf/bPxNDLBUKuWWYd
04-26 10:12:39.131 I/Gecko   (   83): 1398532359147	Marionette	INFO	sendToClient: {"from":"0","ok":true}, {db8a9d12-3b24-4f57-adf7-3bf729912107}, {db8a9d12-3b24-4f57-adf7-3bf729912107}
04-26 10:12:39.181 I/Gecko   (   83): 1398532359197	Marionette	DEBUG	Got request: switchToFrame, data: {"to":"0","sessionId":"3-b2g","name":"switchToFrame","parameters":{"id":null,"focus":true}}, id: {581c69a0-a61d-4f01-a02d-7c7427bccf7d}
04-26 10:12:39.211 I/Gecko   (   83): 1398532359225	Marionette	INFO	Switched to frame: {"frameValue":null}
04-26 10:12:39.371 I/Gecko   (   83): 1398532359382	Marionette	INFO	sendToClient: {"from":"0","ok":true}, {581c69a0-a61d-4f01-a02d-7c7427bccf7d}, {581c69a0-a61d-4f01-a02d-7c7427bccf7d}
04-26 10:12:39.381 I/Gecko   (   83): 1398532359390	Marionette	DEBUG	Got request: executeWithCallback, data: {"to":"0","sessionId":"3-b2g","name":"executeAsyncScript","parameters":{"specialPowers":false,"scriptTimeout":null,"newSandbox":true,"args":[],"filename":"gaia_test.py","script":"return GaiaApps.displayedApp();","line":66}}, id: {05626e65-3a25-48e2-a834-f0712a78f593}
04-26 10:12:40.031 E/GeckoConsole(   83): Content JS LOG at dummy file:392 in GaiaApps.displayedApp: app with origin 'app://{7b3c6422-9e04-4cf5-bb20-d1dbeab5ec97}' is displayed
04-26 10:12:40.041 I/Gecko   (   83): 1398532360051	Marionette	INFO	sendToClient: {"from":"0","value":{"frame":{"ELEMENT":"{d88d04c1-a650-4a91-8ad2-9b6092a2c812}"},"src":"app://{7b3c6422-9e04-4cf5-bb20-d1dbeab5ec97}/index.html","name":"Math This","origin":"app://{7b3c6422-9e04-4cf5-bb20-d1dbeab5ec97}"}}, {05626e65-3a25-48e2-a834-f0712a78f593}, {05626e65-3a25-48e2-a834-f0712a78f593}
04-26 10:12:40.041 I/Gecko   (   83): 1398532360060	Marionette	DEBUG	Got request: switchToFrame, data: {"to":"0","sessionId":"3-b2g","name":"switchToFrame","parameters":{"id":null,"focus":true}}, id: {639bede3-d828-4be8-b09a-082be7217c55}
04-26 10:12:40.051 I/Gecko   (   83): 1398532360066	Marionette	INFO	Switched to frame: {"frameValue":null}
04-26 10:12:40.161 I/Gecko   (   83): 1398532360169	Marionette	INFO	sendToClient: {"from":"0","ok":true}, {639bede3-d828-4be8-b09a-082be7217c55}, {639bede3-d828-4be8-b09a-082be7217c55}
04-26 10:12:40.181 I/Gecko   (   83): 1398532360193	Marionette	DEBUG	Got request: execute, data: {"to":"0","sessionId":"3-b2g","name":"executeScript","parameters":{"specialPowers":false,"scriptTimeout":null,"newSandbox":true,"args":[],"filename":"gaia_test.py","script":"window.wrappedJSObject.dispatchEvent(new Event('home'));","line":788}}, id: {61085ad9-795d-4679-b2ee-dcce35d0c40d}
04-26 10:12:40.861 I/Gonk    (   83): Setting nice for pid 1650 to 18
04-26 10:12:40.861 I/Gonk    (   83): Changed nice for pid 1650 from 18 to 18.
04-26 10:12:40.861 I/Gecko   (   83): [Parent 83] WARNING: waitpid failed pid:1650 errno:10: file ../../../gecko/ipc/chromium/src/base/process_util_posix.cc, line 254
04-26 10:12:40.871 I/Gonk    (   83): Setting nice for pid 1650 to 1
04-26 10:12:40.871 I/Gonk    (   83): Changed nice for pid 1650 from 18 to 1.
04-26 10:12:40.961 D/Sensors (   83): activate handle=0; drv=0
04-26 10:12:40.961 D/Sensors (   83): Lis3dhSensor: Control set 0
04-26 10:12:40.961 D/Sensors (   83): Lis3dhSensor: mEnabled = 0
04-26 10:12:41.061 I/Gecko   (   83): 1398532361078	Marionette	INFO	sendToClient: {"from":"0","value":null}, {61085ad9-795d-4679-b2ee-dcce35d0c40d}, {61085ad9-795d-4679-b2ee-dcce35d0c40d}
04-26 10:12:41.241 I/Gecko   (   83): 1398532361252	Marionette	DEBUG	Got request: switchToFrame, data: {"to":"0","sessionId":"3-b2g","name":"switchToFrame","parameters":{"id":null,"focus":true}}, id: {2deb3d70-38c0-46c1-8527-087780717dee}
04-26 10:12:41.241 I/Gecko   (   83): 1398532361255	Marionette	INFO	Switched to frame: {"frameValue":null}
04-26 10:12:41.351 I/Gecko   (   83): 1398532361362	Marionette	INFO	sendToClient: {"from":"0","ok":true}, {2deb3d70-38c0-46c1-8527-087780717dee}, {2deb3d70-38c0-46c1-8527-087780717dee}
04-26 10:12:41.361 I/Gecko   (   83): 1398532361378	Marionette	DEBUG	Got request: executeWithCallback, data: {"to":"0","sessionId":"3-b2g","name":"executeAsyncScript","parameters":{"specialPowers":false,"scriptTimeout":null,"newSandbox":true,"args":[],"filename":"gaia_test.py","script":"return GaiaApps.displayedApp();","line":66}}, id: {8f9d4bf4-d6ae-4315-bd43-80a19f7b24a6}
04-26 10:12:41.681 E/GeckoConsole(   83): Content JS LOG at dummy file:392 in GaiaApps.displayedApp: app with origin 'app://homescreen.gaiamobile.org' is displayed
04-26 10:12:41.691 I/Gecko   (   83): 1398532361702	Marionette	INFO	sendToClient: {"from":"0","value":{"frame":{"ELEMENT":"{d541d7e0-c35a-4bbb-9220-cfd0245e66cc}"},"src":"app://homescreen.gaiamobile.org/index.html#root","name":"Homescreen","origin":"app://homescreen.gaiamobile.org"}}, {8f9d4bf4-d6ae-4315-bd43-80a19f7b24a6}, {8f9d4bf4-d6ae-4315-bd43-80a19f7b24a6}
04-26 10:12:41.741 I/Gecko   (   83): 1398532361756	Marionette	DEBUG	Got request: switchToFrame, data: {"to":"0","sessionId":"3-b2g","name":"switchToFrame","parameters":{"id":null,"focus":true}}, id: {87da3fa5-1989-40d0-9425-1c9b24c226a3}
04-26 10:12:41.751 I/Gecko   (   83): 1398532361762	Marionette	INFO	Switched to frame: {"frameValue":null}
04-26 10:12:42.691 I/Gecko   (   83): 1398532362703	Marionette	INFO	sendToClient: {"from":"0","ok":true}, {87da3fa5-1989-40d0-9425-1c9b24c226a3}, {87da3fa5-1989-40d0-9425-1c9b24c226a3}
04-26 10:12:43.491 W/WifiHW  (   83): wifi_command: SIGNAL_POLL
04-26 10:12:43.551 I/Gonk    (   83): Setting nice for pid 1593 to 18
04-26 10:12:43.551 I/Gonk    (   83): Changed nice for pid 1593 from 1 to 18.
04-26 10:12:44.811 I/Gonk    (   83): Setting nice for pid 1683 to 18
04-26 10:12:44.811 I/Gonk    (   83): Changed nice for pid 1683 from 0 to 18.
04-26 10:12:44.821 I/Gecko   (   83): 1398532364832	Marionette	DEBUG	Got request: switchToFrame, data: {"to":"0","sessionId":"3-b2g","name":"switchToFrame","parameters":{"id":null,"focus":true}}, id: {42e56028-ce77-44e9-b24b-f01e1cf41f07}
04-26 10:12:44.881 I/Gecko   (   83): 1398532364899	Marionette	INFO	Switched to frame: {"frameValue":null}
04-26 10:12:45.001 I/Gecko   (   83): 1398532365014	Marionette	INFO	sendToClient: {"from":"0","ok":true}, {42e56028-ce77-44e9-b24b-f01e1cf41f07}, {42e56028-ce77-44e9-b24b-f01e1cf41f07}
04-26 10:12:45.011 I/Gecko   (   83): 1398532365021	Marionette	DEBUG	Got request: executeWithCallback, data: {"to":"0","sessionId":"3-b2g","name":"executeAsyncScript","parameters":{"specialPowers":false,"scriptTimeout":null,"newSandbox":true,"args":[],"filename":"gaia_test.py","script":"return GaiaApps.displayedApp();","line":66}}, id: {af4c7313-393a-4073-8151-82066e21f234}
04-26 10:12:45.091 I/Gecko   (   83): 1398532365109	Marionette	INFO	sendToClient: {"from":"0","value":{"frame":{"ELEMENT":"{d541d7e0-c35a-4bbb-9220-cfd0245e66cc}"},"src":"app://homescreen.gaiamobile.org/index.html#root","name":"Homescreen","origin":"app://homescreen.gaiamobile.org"}}, {af4c7313-393a-4073-8151-82066e21f234}, {af4c7313-393a-4073-8151-82066e21f234}
04-26 10:12:45.111 E/GeckoConsole(   83): Content JS LOG at dummy file:392 in GaiaApps.displayedApp: app with origin 'app://homescreen.gaiamobile.org' is displayed
04-26 10:12:45.111 I/Gecko   (   83): 1398532365128	Marionette	DEBUG	Got request: switchToFrame, data: {"to":"0","sessionId":"3-b2g","name":"switchToFrame","parameters":{"focus":true,"element":"{d541d7e0-c35a-4bbb-9220-cfd0245e66cc}"}}, id: {e473448e-e97a-4b04-9c4a-fb0c5736d040}
04-26 10:12:45.121 I/Gecko   (   83): 1398532365136	Marionette	INFO	Switched to frame: {"frameValue":"{d541d7e0-c35a-4bbb-9220-cfd0245e66cc}"}
04-26 10:12:45.141 I/Gecko   (   83): 1398532365153	Marionette	INFO	trying remote frame 0
04-26 10:12:45.161 I/Gecko   (   83): 1398532365172	Marionette	INFO	trying remote frame 1
04-26 10:12:45.161 I/Gecko   (   83): 1398532365173	Marionette	INFO	trying remote frame 2
04-26 10:12:45.181 I/Gecko   ( 1650): ###################################### forms.js loaded
04-26 10:12:45.181 I/Gecko   (   83): 1398532365190	Marionette	INFO	deleting frame
04-26 10:12:45.181 I/Gecko   (   83): 1398532365198	Marionette	INFO	trying remote frame 3
04-26 10:12:45.201 I/Gecko   (   83): 1398532365216	Marionette	INFO	frame-manager load script: [object ChromeMessageSender]
04-26 10:12:45.271 I/Gecko   ( 1650): ############################### browserElementPanning.js loaded
04-26 10:12:45.291 I/Gecko   ( 1650): ######################## BrowserElementChildPreload.js loaded
04-26 10:12:45.701 I/Gecko   (   83): [Parent 83] WARNING: pipe error (118): Connection reset by peer: file ../../../gecko/ipc/chromium/src/chrome/common/ipc_channel_posix.cc, line 446
04-26 10:12:45.701 I/Gecko   (   83): 
04-26 10:12:45.701 I/Gecko   (   83): ###!!! [Parent][MessageChannel] Error: Channel error: cannot send/recv
04-26 10:12:45.701 I/Gecko   (   83): 
04-26 10:12:45.771 I/Gecko   (   83): [Parent 83] WARNING: waitpid failed pid:1593 errno:10: file ../../../gecko/ipc/chromium/src/base/process_util_posix.cc, line 254
04-26 10:12:46.491 I/Gecko   (   83): 1398532366509	Marionette	INFO	sendToClient: {"from":"0","ok":true}, {e473448e-e97a-4b04-9c4a-fb0c5736d040}, {e473448e-e97a-4b04-9c4a-fb0c5736d040}
04-26 10:12:46.801 I/Gecko   (   83): 1398532366813	Marionette	INFO	sendToClient: {"from":"0","value":"app://homescreen.gaiamobile.org/index.html#root"}, {33e8977d-b934-49e8-9c08-4ed9477060a3}, {33e8977d-b934-49e8-9c08-4ed9477060a3}
04-26 10:12:46.811 I/Gecko   (   83): 1398532366826	Marionette	DEBUG	Got request: switchToFrame, data: {"to":"0","sessionId":"3-b2g","name":"switchToFrame","parameters":{"id":null,"focus":true}}, id: {dbf6eb48-6d59-423b-a50c-3a16cb1da752}
04-26 10:12:46.831 I/Gecko   (   83): 1398532366847	Marionette	INFO	Switched to frame: {"frameValue":null}
04-26 10:12:46.951 I/Gecko   (   83): 1398532366964	Marionette	INFO	sendToClient: {"from":"0","ok":true}, {dbf6eb48-6d59-423b-a50c-3a16cb1da752}, {dbf6eb48-6d59-423b-a50c-3a16cb1da752}
04-26 10:12:46.951 I/Gecko   (   83): 1398532366969	Marionette	DEBUG	Got request: switchToFrame, data: {"to":"0","sessionId":"3-b2g","name":"switchToFrame","parameters":{"id":null,"focus":true}}, id: {a8d72057-4ca6-4bea-9f11-f900ebebe933}
04-26 10:12:46.961 I/Gecko   (   83): 1398532366971	Marionette	INFO	Switched to frame: {"frameValue":null}
04-26 10:12:47.061 I/Gecko   (   83): 1398532367074	Marionette	INFO	sendToClient: {"from":"0","ok":true}, {a8d72057-4ca6-4bea-9f11-f900ebebe933}, {a8d72057-4ca6-4bea-9f11-f900ebebe933}
04-26 10:12:47.071 I/Gecko   (   83): 1398532367081	Marionette	DEBUG	Got request: executeWithCallback, data: {"to":"0","sessionId":"3-b2g","name":"executeAsyncScript","parameters":{"specialPowers":false,"scriptTimeout":null,"newSandbox":true,"args":[],"filename":"gaia_test.py","script":"GaiaApps.killAll()","line":91}}, id: {c3431596-4cde-4db4-b5c3-0d072a10658b}
04-26 10:12:47.111 I/Gecko   (   83): 1398532367122	Marionette	INFO	sendToClient: {"from":"0","value":true}, {c3431596-4cde-4db4-b5c3-0d072a10658b}, {c3431596-4cde-4db4-b5c3-0d072a10658b}
04-26 10:12:47.111 I/Gecko   (   83): 1398532367128	Marionette	DEBUG	Got request: switchToFrame, data: {"to":"0","sessionId":"3-b2g","name":"switchToFrame","parameters":{"id":null,"focus":true}}, id: {7f65b26a-8899-420a-b4b1-e5524843720c}
04-26 10:12:47.111 I/Gecko   (   83): 1398532367129	Marionette	INFO	Switched to frame: {"frameValue":null}
04-26 10:12:47.221 I/Gecko   (   83): 1398532367232	Marionette	INFO	sendToClient: {"from":"0","ok":true}, {7f65b26a-8899-420a-b4b1-e5524843720c}, {7f65b26a-8899-420a-b4b1-e5524843720c}
04-26 10:12:47.221 I/Gecko   (   83): 1398532367239	Marionette	DEBUG	Got request: executeWithCallback, data: {"to":"0","sessionId":"3-b2g","name":"executeAsyncScript","parameters":{"specialPowers":false,"scriptTimeout":60000,"newSandbox":true,"args":[],"filename":"app_checker.py","script":"\n        GaiaApps.locateWithManifestURL('https://marketplace.firefox.com/app/41fe8051-e2c8-43c7-ab0e-a4937e174483/manifest.webapp',\n                                       null,\n                                       function uninstall(app) {\n                                       navigator.mozApps.mgmt.uninstall(app);\n                                       marionetteScriptFinished(true);\n                                       });\n        ","line":129}}, id: {fd8baf78-4e25-4a1f-87ec-21a816897a9a}
04-26 10:12:47.271 I/Gecko   (   83): -- webapps.js uninstall https://marketplace.firefox.com/app/41fe8051-e2c8-43c7-ab0e-a4937e174483/manifest.webapp
04-26 10:12:47.621 I/Gecko   (   83): 1398532367631	Marionette	INFO	sendToClient: {"from":"0","value":true}, {fd8baf78-4e25-4a1f-87ec-21a816897a9a}, {fd8baf78-4e25-4a1f-87ec-21a816897a9a}
04-26 10:12:47.771 I/Gecko   (   83): [Parent 83] WARNING: waitpid failed pid:1593 errno:10: file ../../../gecko/ipc/chromium/src/base/process_util_posix.cc, line 254
04-26 10:12:47.771 I/Gecko   (   83): [Parent 83] WARNING: Failed to deliver SIGKILL to 1593!(3).: file ../../../gecko/ipc/chromium/src/chrome/common/process_watcher_posix_sigchld.cc, line 118