--------- beginning of /dev/log/main
04-26 01:10:59.867 I/Gecko   (   83): 1398499859879	Marionette	INFO	sendToClient: {"from":"0","ok":true}, {bf6dcb34-3fbf-4ecc-9ead-7dcd19837ad2}, {bf6dcb34-3fbf-4ecc-9ead-7dcd19837ad2}
04-26 01:10:59.907 I/Gecko   (   83): 1398499859914	Marionette	DEBUG	Got request: switchToFrame, data: {"to":"0","sessionId":"3-b2g","name":"switchToFrame","parameters":{"id":null,"focus":true}}, id: {11028183-b609-4db1-98f1-d5a0d3186214}
04-26 01:10:59.917 I/Gecko   (   83): 1398499859924	Marionette	INFO	Switched to frame: {"frameValue":null}
04-26 01:11:00.017 I/Gecko   (   83): 1398499860027	Marionette	INFO	sendToClient: {"from":"0","ok":true}, {11028183-b609-4db1-98f1-d5a0d3186214}, {11028183-b609-4db1-98f1-d5a0d3186214}
04-26 01:11:00.027 I/Gecko   (   83): 1398499860034	Marionette	DEBUG	Got request: executeWithCallback, data: {"to":"0","sessionId":"3-b2g","name":"executeAsyncScript","parameters":{"specialPowers":false,"scriptTimeout":null,"newSandbox":true,"args":[],"filename":"gaia_test.py","script":"return GaiaApps.displayedApp();","line":66}}, id: {95d8a56c-1d40-4c89-af14-282a0e88bda6}
04-26 01:11:00.067 I/Gecko   (   83): 1398499860076	Marionette	INFO	sendToClient: {"from":"0","value":{"frame":{"ELEMENT":"{9ab65827-761e-42f6-9849-6d63ef6ea732}"},"src":"app://homescreen.gaiamobile.org/index.html#root","name":"Homescreen","origin":"app://homescreen.gaiamobile.org"}}, {95d8a56c-1d40-4c89-af14-282a0e88bda6}, {95d8a56c-1d40-4c89-af14-282a0e88bda6}
04-26 01:11:00.077 E/GeckoConsole(   83): Content JS LOG at dummy file:392 in GaiaApps.displayedApp: app with origin 'app://homescreen.gaiamobile.org' is displayed
04-26 01:11:00.097 I/Gecko   (   83): 1398499860110	Marionette	DEBUG	Got request: switchToFrame, data: {"to":"0","sessionId":"3-b2g","name":"switchToFrame","parameters":{"id":null,"focus":true}}, id: {fd72830f-4f6e-4575-80af-5f89210e6a21}
04-26 01:11:00.107 I/Gecko   (   83): 1398499860114	Marionette	INFO	Switched to frame: {"frameValue":null}
04-26 01:11:00.217 I/Gecko   (   83): 1398499860229	Marionette	INFO	sendToClient: {"from":"0","ok":true}, {fd72830f-4f6e-4575-80af-5f89210e6a21}, {fd72830f-4f6e-4575-80af-5f89210e6a21}
04-26 01:11:00.227 I/Gecko   (   83): 1398499860236	Marionette	DEBUG	Got request: switchToFrame, data: {"to":"0","sessionId":"3-b2g","name":"switchToFrame","parameters":{"id":null,"focus":true}}, id: {68e6711a-bf31-446c-98be-9c4388379ef5}
04-26 01:11:00.227 I/Gecko   (   83): 1398499860237	Marionette	INFO	Switched to frame: {"frameValue":null}
04-26 01:11:00.337 I/Gecko   (   83): 1398499860341	Marionette	INFO	sendToClient: {"from":"0","ok":true}, {68e6711a-bf31-446c-98be-9c4388379ef5}, {68e6711a-bf31-446c-98be-9c4388379ef5}
04-26 01:11:00.337 I/Gecko   (   83): 1398499860348	Marionette	DEBUG	Got request: executeWithCallback, data: {"to":"0","sessionId":"3-b2g","name":"executeAsyncScript","parameters":{"specialPowers":false,"scriptTimeout":null,"newSandbox":true,"args":[],"filename":"gaia_test.py","script":"return GaiaApps.displayedApp();","line":66}}, id: {5f4760a8-33b2-4896-b23b-6f0b8a29e3a5}
04-26 01:11:00.397 I/Gecko   (   83): 1398499860401	Marionette	INFO	sendToClient: {"from":"0","value":{"frame":{"ELEMENT":"{9ab65827-761e-42f6-9849-6d63ef6ea732}"},"src":"app://homescreen.gaiamobile.org/index.html#root","name":"Homescreen","origin":"app://homescreen.gaiamobile.org"}}, {5f4760a8-33b2-4896-b23b-6f0b8a29e3a5}, {5f4760a8-33b2-4896-b23b-6f0b8a29e3a5}
04-26 01:11:00.397 E/GeckoConsole(   83): Content JS LOG at dummy file:392 in GaiaApps.displayedApp: app with origin 'app://homescreen.gaiamobile.org' is displayed
04-26 01:11:00.407 I/Gecko   (   83): 1398499860415	Marionette	DEBUG	Got request: switchToFrame, data: {"to":"0","sessionId":"3-b2g","name":"switchToFrame","parameters":{"focus":true,"element":"{9ab65827-761e-42f6-9849-6d63ef6ea732}"}}, id: {029723ea-e15f-4912-8651-e9b7bd59acfe}
04-26 01:11:00.417 I/Gecko   (   83): 1398499860425	Marionette	INFO	Switched to frame: {"frameValue":"{9ab65827-761e-42f6-9849-6d63ef6ea732}"}
04-26 01:11:00.427 I/Gecko   (   83): 1398499860432	Marionette	INFO	trying remote frame 0
04-26 01:11:00.427 I/Gecko   (   83): 1398499860433	Marionette	INFO	deleting frame
04-26 01:11:00.427 I/Gecko   (   83): 1398499860434	Marionette	INFO	trying remote frame 1
04-26 01:11:00.547 I/Gecko   (   83): 1398499860552	Marionette	INFO	sendToClient: {"from":"0","ok":true}, {029723ea-e15f-4912-8651-e9b7bd59acfe}, {029723ea-e15f-4912-8651-e9b7bd59acfe}
04-26 01:11:00.717 I/Gecko   (   83): 1398499860729	Marionette	INFO	sendToClient: {"from":"0","value":{"ELEMENT":"{23e18045-dddf-4813-af1c-ca9e779b1ead}"}}, {b06f0f48-39d9-493e-b554-8f799a91ab72}, {b06f0f48-39d9-493e-b554-8f799a91ab72}
04-26 01:11:01.007 E/GeckoConsole( 1488): [JavaScript Warning: "Use of getAttributeNode() is deprecated. Use getAttribute() instead." {file: "chrome://marionette/content/atoms.js" line: 25}]
04-26 01:11:01.007 E/GeckoConsole( 1488): [JavaScript Warning: "Use of attributes' specified attribute is deprecated. It always returns true." {file: "chrome://marionette/content/atoms.js" line: 25}]
04-26 01:11:01.007 I/Gecko   (   83): 1398499861017	Marionette	INFO	sendToClient: {"from":"0","value":"normal"}, {bb294873-d014-4193-a148-2115eb163f62}, {bb294873-d014-4193-a148-2115eb163f62}
04-26 01:11:01.017 I/Gecko   (   83): 1398499861024	Marionette	DEBUG	Got request: switchToFrame, data: {"to":"0","sessionId":"3-b2g","name":"switchToFrame","parameters":{"id":null,"focus":true}}, id: {732d0777-234b-4dba-80c5-6c07386c8c34}
04-26 01:11:01.027 I/Gecko   (   83): 1398499861033	Marionette	INFO	Switched to frame: {"frameValue":null}
04-26 01:11:01.127 I/Gecko   (   83): 1398499861140	Marionette	INFO	sendToClient: {"from":"0","ok":true}, {732d0777-234b-4dba-80c5-6c07386c8c34}, {732d0777-234b-4dba-80c5-6c07386c8c34}
04-26 01:11:01.137 I/Gecko   (   83): 1398499861147	Marionette	DEBUG	Got request: execute, data: {"to":"0","sessionId":"3-b2g","name":"executeScript","parameters":{"specialPowers":false,"scriptTimeout":null,"newSandbox":true,"args":[],"filename":"gaia_test.py","script":"window.wrappedJSObject.dispatchEvent(new Event('home'));","line":788}}, id: {e174e706-3ac9-4cb3-8bfa-06030c27c38a}
04-26 01:11:01.207 I/Gecko   (   83): 1398499861216	Marionette	INFO	sendToClient: {"from":"0","value":null}, {e174e706-3ac9-4cb3-8bfa-06030c27c38a}, {e174e706-3ac9-4cb3-8bfa-06030c27c38a}
04-26 01:11:01.217 I/Gecko   (   83): 1398499861227	Marionette	DEBUG	Got request: switchToFrame, data: {"to":"0","sessionId":"3-b2g","name":"switchToFrame","parameters":{"id":null,"focus":true}}, id: {8c9c4451-aabc-46d0-bec9-61f9031a3b53}
04-26 01:11:01.217 I/Gecko   (   83): 1398499861229	Marionette	INFO	Switched to frame: {"frameValue":null}
04-26 01:11:01.327 I/Gecko   (   83): 1398499861332	Marionette	INFO	sendToClient: {"from":"0","ok":true}, {8c9c4451-aabc-46d0-bec9-61f9031a3b53}, {8c9c4451-aabc-46d0-bec9-61f9031a3b53}
04-26 01:11:01.337 I/Gecko   (   83): 1398499861343	Marionette	DEBUG	Got request: switchToFrame, data: {"to":"0","sessionId":"3-b2g","name":"switchToFrame","parameters":{"id":null,"focus":true}}, id: {288bd536-f40f-4862-a036-dc9a465bf870}
04-26 01:11:01.337 I/Gecko   (   83): 1398499861349	Marionette	INFO	Switched to frame: {"frameValue":null}
04-26 01:11:01.457 I/Gecko   (   83): 1398499861463	Marionette	INFO	sendToClient: {"from":"0","ok":true}, {288bd536-f40f-4862-a036-dc9a465bf870}, {288bd536-f40f-4862-a036-dc9a465bf870}
04-26 01:11:01.457 I/Gecko   (   83): 1398499861470	Marionette	DEBUG	Got request: executeWithCallback, data: {"to":"0","sessionId":"3-b2g","name":"executeAsyncScript","parameters":{"specialPowers":false,"scriptTimeout":null,"newSandbox":true,"args":[],"filename":"gaia_test.py","script":"return GaiaApps.displayedApp();","line":66}}, id: {f82abf0a-2837-403d-bd81-550dfdcaa651}
04-26 01:11:01.527 E/GeckoConsole(   83): Content JS LOG at dummy file:392 in GaiaApps.displayedApp: app with origin 'app://homescreen.gaiamobile.org' is displayed
04-26 01:11:01.527 I/Gecko   (   83): 1398499861537	Marionette	INFO	sendToClient: {"from":"0","value":{"frame":{"ELEMENT":"{9ab65827-761e-42f6-9849-6d63ef6ea732}"},"src":"app://homescreen.gaiamobile.org/index.html#rootSat%20Apr%2026%202014%2001:11:01%20GMT-0700%20(UTC)","name":"Homescreen","origin":"app://homescreen.gaiamobile.org"}}, {f82abf0a-2837-403d-bd81-550dfdcaa651}, {f82abf0a-2837-403d-bd81-550dfdcaa651}
04-26 01:11:01.547 I/Gecko   (   83): 1398499861555	Marionette	DEBUG	Got request: switchToFrame, data: {"to":"0","sessionId":"3-b2g","name":"switchToFrame","parameters":{"focus":true,"element":"{9ab65827-761e-42f6-9849-6d63ef6ea732}"}}, id: {869736f2-7272-4152-90ee-fd4e8abc5f71}
04-26 01:11:01.557 I/Gecko   (   83): 1398499861566	Marionette	INFO	Switched to frame: {"frameValue":"{9ab65827-761e-42f6-9849-6d63ef6ea732}"}
04-26 01:11:01.567 I/Gecko   (   83): 1398499861572	Marionette	INFO	trying remote frame 0
04-26 01:11:01.567 I/Gecko   (   83): 1398499861575	Marionette	INFO	deleting frame
04-26 01:11:01.587 I/Gecko   (   83): 1398499861596	Marionette	INFO	frame-manager load script: [object ChromeMessageSender]
04-26 01:11:02.647 I/Gecko   (   83): 1398499862660	Marionette	INFO	sendToClient: {"from":"0","ok":true}, {869736f2-7272-4152-90ee-fd4e8abc5f71}, {869736f2-7272-4152-90ee-fd4e8abc5f71}
04-26 01:11:02.657 I/Gecko   (   83): 1398499862670	Marionette	DEBUG	Got request: execute, data: {"to":"0","sessionId":"3-b2g","name":"executeScript","parameters":{"specialPowers":false,"scriptTimeout":null,"newSandbox":true,"args":[],"filename":"gaia_test.py","script":"return window.wrappedJSObject.GridManager.pageHelper.getCurrentPageNumber();","line":784}}, id: {14d29088-71db-4388-a4c6-3f2801915243}
04-26 01:11:02.667 E/GeckoConsole( 1488): Content JS WARN at app://homescreen.gaiamobile.org/gaia_build_defer_index.js:184 in isHiddenApp: Unexpected role when checking hidden app: undefined
04-26 01:11:02.667 E/GeckoConsole( 1488): Content JS WARN at app://homescreen.gaiamobile.org/gaia_build_defer_index.js:184 in isHiddenApp: Unexpected role when checking hidden app: undefined
04-26 01:11:02.667 E/GeckoConsole( 1488): Content JS WARN at app://homescreen.gaiamobile.org/gaia_build_defer_index.js:184 in isHiddenApp: Unexpected role when checking hidden app: undefined
04-26 01:11:02.667 E/GeckoConsole( 1488): Content JS WARN at app://homescreen.gaiamobile.org/gaia_build_defer_index.js:184 in isHiddenApp: Unexpected role when checking hidden app: undefined
04-26 01:11:02.667 E/GeckoConsole( 1488): Content JS WARN at app://homescreen.gaiamobile.org/gaia_build_defer_index.js:184 in isHiddenApp: Unexpected role when checking hidden app: undefined
04-26 01:11:02.667 E/GeckoConsole( 1488): Content JS WARN at app://homescreen.gaiamobile.org/gaia_build_defer_index.js:184 in isHiddenApp: Unexpected role when checking hidden app: undefined
04-26 01:11:02.667 E/GeckoConsole( 1488): Content JS WARN at app://homescreen.gaiamobile.org/gaia_build_defer_index.js:184 in isHiddenApp: Unexpected role when checking hidden app: undefined
04-26 01:11:02.667 E/GeckoConsole( 1488): Content JS WARN at app://homescreen.gaiamobile.org/gaia_build_defer_index.js:184 in isHiddenApp: Unexpected role when checking hidden app: undefined
04-26 01:11:02.667 E/GeckoConsole( 1488): Content JS WARN at app://homescreen.gaiamobile.org/gaia_build_defer_index.js:184 in isHiddenApp: Unexpected role when checking hidden app: undefined
04-26 01:11:02.667 E/GeckoConsole( 1488): Content JS WARN at app://homescreen.gaiamobile.org/gaia_build_defer_index.js:184 in isHiddenApp: Unexpected role when checking hidden app: undefined
04-26 01:11:02.677 E/GeckoConsole( 1488): Content JS WARN at app://homescreen.gaiamobile.org/gaia_build_defer_index.js:184 in isHiddenApp: Unexpected role when checking hidden app: undefined
04-26 01:11:02.677 E/GeckoConsole( 1488): Content JS WARN at app://homescreen.gaiamobile.org/gaia_build_defer_index.js:184 in isHiddenApp: Unexpected role when checking hidden app: undefined
04-26 01:11:02.677 E/GeckoConsole( 1488): Content JS WARN at app://homescreen.gaiamobile.org/gaia_build_defer_index.js:184 in isHiddenApp: Unexpected role when checking hidden app: undefined
04-26 01:11:02.677 E/GeckoConsole( 1488): Content JS WARN at app://homescreen.gaiamobile.org/gaia_build_defer_index.js:184 in isHiddenApp: Unexpected role when checking hidden app: undefined
04-26 01:11:02.677 E/GeckoConsole( 1488): Content JS WARN at app://homescreen.gaiamobile.org/gaia_build_defer_index.js:184 in isHiddenApp: Unexpected role when checking hidden app: undefined
04-26 01:11:02.677 E/GeckoConsole( 1488): Content JS WARN at app://homescreen.gaiamobile.org/gaia_build_defer_index.js:184 in isHiddenApp: Unexpected role when checking hidden app: undefined
04-26 01:11:02.677 E/GeckoConsole( 1488): Content JS WARN at app://homescreen.gaiamobile.org/gaia_build_defer_index.js:184 in isHiddenApp: Unexpected role when checking hidden app: undefined
04-26 01:11:02.677 E/GeckoConsole( 1488): Content JS WARN at app://homescreen.gaiamobile.org/gaia_build_defer_index.js:184 in isHiddenApp: Unexpected role when checking hidden app: undefined
04-26 01:11:02.677 E/GeckoConsole( 1488): Content JS WARN at app://homescreen.gaiamobile.org/gaia_build_defer_index.js:184 in isHiddenApp: Unexpected role when checking hidden app: undefined
04-26 01:11:02.977 I/Gecko   (   83): 1398499862985	Marionette	INFO	sendToClient: {"from":"0","value":0}, {14d29088-71db-4388-a4c6-3f2801915243}, {14d29088-71db-4388-a4c6-3f2801915243}
04-26 01:11:03.037 W/WifiHW  (   83): wifi_command: SIGNAL_POLL
04-26 01:11:03.107 I/Gecko   (   83): 1398499863112	Marionette	INFO	sendToClient: {"from":"0","value":["{489f3919-a74e-4f72-a529-d9854103a9d3}","{93c5f478-5432-4534-a49c-074a2f2bd4ea}","{0ae32972-abfc-46d4-b20f-15093e1a09bb}","{03029177-57c8-4626-af46-770027595b68}","{ea5527b3-b23d-4f51-89d3-c4bc7c28d8df}","{ac0d230f-b0f8-489c-9eea-09a831d6fa65}","{48404e10-8ee5-4ea1-8f4a-f7f10b07a5aa}","{c4a2df93-1d74-41a2-b3f5-1e8a238d184f}","{8b1238df-a397-477d-92b1-e45d853b502a}","{4d80081d-a3f5-42c6-9fea-aba6ccfb798d}","{625c09bd-68a8-4cf1-99be-c4ca09ee42f1}","{72afee37-7ae1-490d-9f8e-ae2cce71352a}","{fd98e93e-bbd1-4ad0-a5c3-d4dead306f5f}","{a6509040-73dd-4c76-916d-192b7f9b80df}","{46c47ecd-6847-4e09-924b-222c6e61d877}","{993fe2ab-515a-4b89-a808-4a1987d51563}","{ddbf4818-f8d8-44cb-b463-2d58e96caa4e}","{cc598835-4471-4bea-8bf4-ab42361f94c9}","{ccb25028-f8ae-4144-a433-451eec11ad9b}","{8080ba43-a26f-41b4-9ec3-5142b341d12b}","{983a3133-b166-4e88-87fe-0308376da2a7}","{e4eb665a-efac-4946-91e6-b287e36b8432}","{e83a67f2-9a23-43a5-876d-bb9a4c067f60}"]}, {5fe217b2-e6
04-26 01:11:03.147 I/Gecko   (   83): 1398499863153	Marionette	INFO	sendToClient: {"from":"0","value":"app://homescreen.gaiamobile.org/index.html#rootSat%20Apr%2026%202014%2001:11:01%20GMT-0700%20(UTC)"}, {7f82cb29-b8ec-42d0-8f9b-084649c93610}, {7f82cb29-b8ec-42d0-8f9b-084649c93610}
04-26 01:11:03.157 I/Gecko   (   83): 1398499863162	Marionette	DEBUG	Got request: switchToFrame, data: {"to":"0","sessionId":"3-b2g","name":"switchToFrame","parameters":{"id":null,"focus":true}}, id: {a387ccc2-1203-4218-8975-db7ee7be7b99}
04-26 01:11:03.167 I/Gecko   (   83): 1398499863173	Marionette	INFO	Switched to frame: {"frameValue":null}
04-26 01:11:03.267 I/Gecko   (   83): 1398499863275	Marionette	INFO	sendToClient: {"from":"0","ok":true}, {a387ccc2-1203-4218-8975-db7ee7be7b99}, {a387ccc2-1203-4218-8975-db7ee7be7b99}
04-26 01:11:03.277 I/Gecko   (   83): 1398499863282	Marionette	DEBUG	Got request: switchToFrame, data: {"to":"0","sessionId":"3-b2g","name":"switchToFrame","parameters":{"id":null,"focus":true}}, id: {d30f648c-303e-4a53-98ac-699c482ca116}
04-26 01:11:03.277 I/Gecko   (   83): 1398499863284	Marionette	INFO	Switched to frame: {"frameValue":null}
04-26 01:11:03.377 I/Gecko   (   83): 1398499863386	Marionette	INFO	sendToClient: {"from":"0","ok":true}, {d30f648c-303e-4a53-98ac-699c482ca116}, {d30f648c-303e-4a53-98ac-699c482ca116}
04-26 01:11:03.387 I/Gecko   (   83): 1398499863394	Marionette	DEBUG	Got request: executeWithCallback, data: {"to":"0","sessionId":"3-b2g","name":"executeAsyncScript","parameters":{"specialPowers":false,"scriptTimeout":30000,"newSandbox":true,"args":[],"filename":"app_checker.py","script":"GaiaApps.launchWithManifestURL('https://marketplace.firefox.com/app/c0a6534e-c32f-4506-9d03-49e2899256a2/manifest.webapp')","line":106}}, id: {274ce7ca-6d9e-4c4e-b17c-dfb1244c4e6c}
04-26 01:11:03.507 I/Gonk    (   83): Setting nice for pid 1506 to 18
04-26 01:11:03.507 I/Gonk    (   83): Changed nice for pid 1506 from 18 to 18.
04-26 01:11:03.507 I/Gecko   (   83): [Parent 83] WARNING: waitpid failed pid:1506 errno:10: file ../../../gecko/ipc/chromium/src/base/process_util_posix.cc, line 254
04-26 01:11:03.527 I/Gonk    (   83): Setting nice for pid 1506 to 1
04-26 01:11:03.527 I/Gonk    (   83): Changed nice for pid 1506 from 18 to 1.
04-26 01:11:03.547 E/GeckoConsole(   83): Content JS LOG at dummy file:334 in GaiaApps.launch: launching app with name 'Portal Gaz'
04-26 01:11:03.867 D/Sensors (   83): activate handle=0; drv=0
04-26 01:11:03.867 D/Sensors (   83): Lis3dhSensor: Control set 1
04-26 01:11:03.867 D/Sensors (   83): Lis3dhSensor: mEnabled = 1
04-26 01:11:03.917 I/Gonk    (   83): Setting nice for pid 1488 to 18
04-26 01:11:03.917 I/Gonk    (   83): Changed nice for pid 1488 from 1 to 18.
04-26 01:11:04.517 I/Gecko   ( 1506): ###################################### forms.js loaded
04-26 01:11:04.547 I/Gecko   ( 1506): ############################### browserElementPanning.js loaded
04-26 01:11:04.567 I/Gecko   ( 1506): ######################## BrowserElementChildPreload.js loaded
04-26 01:11:05.047 I/Gonk    (   83): Setting nice for pid 1547 to 18
04-26 01:11:05.047 I/Gonk    (   83): Changed nice for pid 1547 from 0 to 18.
04-26 01:11:05.877 V/AudioPolicyManagerBase(   88): startOutput() output 1, stream 1, session 7
04-26 01:11:05.877 V/AudioPolicyManagerBase(   88): changeRefCount() stream 1, count 1
04-26 01:11:05.877 V/AudioPolicyManagerBase(   88): getDeviceForStrategy() from cache strategy 0, device 2
04-26 01:11:05.877 V/AudioPolicyManagerBase(   88): getNewDevice() selected device 2
04-26 01:11:05.877 D/AudioPolicyManagerBase(   88): setOutputDevice() output 1 device 2 delayMs 0
04-26 01:11:05.877 V/AudioPolicyManagerBase(   88): setOutputDevice() setting same device 2 or null device for output 1
04-26 01:11:05.877 E/AudioPolicyManagerBase(   88): checkAndSetVolume stream=1, index=15, output=1, device=2
04-26 01:11:05.877 E/AudioPolicyManagerBase(   88): computeVolume, streamDesc=0x1dcbb0
04-26 01:11:05.877 V/AudioPolicyManagerBase(   88): VOLUME vol index=[60 100 100], dB=[-11.0 0.0 0.0] ampl=1.00000
04-26 01:11:05.927 W/AudioFlinger(   88): Thread AudioOut_1 cannot connect to the power manager service
04-26 01:11:05.927 V/AudioPolicyManagerBase(   88): stopOutput() output 1, stream 1, session 7
04-26 01:11:05.927 V/AudioPolicyManagerBase(   88): changeRefCount() stream 1, count 0
04-26 01:11:05.927 V/AudioPolicyManagerBase(   88): getNewDevice() selected device 0
04-26 01:11:05.927 D/AudioPolicyManagerBase(   88): setOutputDevice() output 1 device 0 delayMs 290
04-26 01:11:05.927 V/AudioPolicyManagerBase(   88): setOutputDevice() setting same device 0 or null device for output 1
04-26 01:11:05.927 V/AudioPolicyManagerBase(   88): releaseOutput() 1
04-26 01:11:06.077 E/GeckoConsole( 1506): [JavaScript Warning: "Error in parsing value for 'position'.  Declaration dropped." {file: "app://{9fe85005-0820-4cf9-917d-f8a53d242272}/css/style.css" line: 130 column: 11 source: "	position: bottom 0%;"}]
04-26 01:11:06.087 E/GeckoConsole( 1506): [JavaScript Warning: "Error in parsing value for 'max-width'.  Declaration dropped." {file: "app://{9fe85005-0820-4cf9-917d-f8a53d242272}/css/style.css" line: 211 column: 12 source: "	max-width: auto;"}]
04-26 01:11:06.147 E/GeckoConsole( 1506): [JavaScript Warning: "SyntaxError: Using //@ to indicate sourceMappingURL pragmas is deprecated. Use //# instead" {file: "app://{9fe85005-0820-4cf9-917d-f8a53d242272}/js/jquery.min.js" line: 1}]
04-26 01:11:07.287 E/GeckoConsole( 1506): [JavaScript Error: "The character encoding of the HTML document was not declared. The document will render with garbled text in some browser configurations if the document contains characters from outside the US-ASCII range. The character encoding of the page must be declared in the document or in the transfer protocol." {file: "app://{9fe85005-0820-4cf9-917d-f8a53d242272}/main.html" line: 0}]
04-26 01:11:08.017 E/GeckoConsole( 1506): [JavaScript Warning: "Unknown property 'box-sizing'.  Declaration dropped." {file: "app://{9fe85005-0820-4cf9-917d-f8a53d242272}/main.html" line: 0 column: 10 source: "box-sizing:border-box;-moz-box-sizing:border-box;-webkit-box-sizing:border-box;padding:1px;border:1px;display:block;width:4px;margin-top:1%;position:absolute;top:1%;"}]
04-26 01:11:08.027 W/WifiHW  (   83): wifi_command: SIGNAL_POLL
04-26 01:11:08.037 E/GeckoConsole( 1506): [JavaScript Warning: "Unknown property 'box-sizing'.  Declaration dropped." {file: "app://{9fe85005-0820-4cf9-917d-f8a53d242272}/main.html" line: 0 column: 52 source: "padding:0;margin:0;border:0;display:block;box-sizing:content-box;-moz-box-sizing:content-box;-webkit-box-sizing:content-box;"}]
04-26 01:11:08.037 E/GeckoConsole( 1506): [JavaScript Warning: "Unknown property 'box-sizing'.  Declaration dropped." {file: "app://{9fe85005-0820-4cf9-917d-f8a53d242272}/main.html" line: 0 column: 52 source: "padding:0;margin:0;border:0;display:block;box-sizing:content-box;-moz-box-sizing:content-box;-webkit-box-sizing:content-box;"}]
04-26 01:11:08.347 I/Gecko   ( 1547): ###################################### forms.js loaded
04-26 01:11:08.417 I/Gecko   ( 1547): ############################### browserElementPanning.js loaded
04-26 01:11:08.507 I/Gecko   ( 1547): ######################## BrowserElementChildPreload.js loaded
04-26 01:11:10.237 E/GeckoConsole(   83): Content JS LOG at dummy file:326 in GaiaApps.launch/appOpen/<: app with origin 'app://{9fe85005-0820-4cf9-917d-f8a53d242272}' has launched
04-26 01:11:10.277 I/Gecko   (   83): 1398499870290	Marionette	INFO	sendToClient: {"from":"0","value":{"frame":{"ELEMENT":"{4069b21d-44ba-4824-90ac-c829141c027b}"},"src":"app://{9fe85005-0820-4cf9-917d-f8a53d242272}/main.html","name":"Portal Gaz","origin":"app://{9fe85005-0820-4cf9-917d-f8a53d242272}"}}, {274ce7ca-6d9e-4c4e-b17c-dfb1244c4e6c}, {274ce7ca-6d9e-4c4e-b17c-dfb1244c4e6c}
04-26 01:11:10.317 I/Gecko   (   83): 1398499870322	Marionette	DEBUG	Got request: switchToFrame, data: {"to":"0","sessionId":"3-b2g","name":"switchToFrame","parameters":{"focus":true,"element":"{4069b21d-44ba-4824-90ac-c829141c027b}"}}, id: {faa36909-7e57-4a76-b61b-9b51e8d7aa92}
04-26 01:11:10.327 I/Gecko   (   83): [Parent 83] WARNING: pipe error (101): Connection reset by peer: file ../../../gecko/ipc/chromium/src/chrome/common/ipc_channel_posix.cc, line 446
04-26 01:11:10.327 I/Gecko   (   83): 1398499870334	Marionette	INFO	Switched to frame: {"frameValue":"{4069b21d-44ba-4824-90ac-c829141c027b}"}
04-26 01:11:10.337 I/Gecko   (   83): 
04-26 01:11:10.337 I/Gecko   (   83): ###!!! [Parent][MessageChannel] Error: Channel error: cannot send/recv
04-26 01:11:10.337 I/Gecko   (   83): 
04-26 01:11:10.377 I/Gecko   (   83): 1398499870385	Marionette	INFO	trying remote frame 0
04-26 01:11:10.377 I/Gecko   (   83): 1398499870386	Marionette	INFO	deleting frame
04-26 01:11:10.387 I/Gecko   (   83): 1398499870392	Marionette	INFO	frame-manager load script: [object ChromeMessageSender]
04-26 01:11:10.517 I/Gecko   (   83): 1398499870521	Marionette	INFO	loaded marionette-listener.js
04-26 01:11:10.517 I/Gecko   (   83): [Parent 83] WARNING: waitpid failed pid:1488 errno:10: file ../../../gecko/ipc/chromium/src/base/process_util_posix.cc, line 254
04-26 01:11:12.517 I/Gecko   (   83): [Parent 83] WARNING: waitpid failed pid:1488 errno:10: file ../../../gecko/ipc/chromium/src/base/process_util_posix.cc, line 254
04-26 01:11:12.517 I/Gecko   (   83): [Parent 83] WARNING: Failed to deliver SIGKILL to 1488!(3).: file ../../../gecko/ipc/chromium/src/chrome/common/process_watcher_posix_sigchld.cc, line 118
04-26 01:11:13.167 W/WifiHW  (   83): wifi_command: SIGNAL_POLL
04-26 01:11:18.177 W/WifiHW  (   83): wifi_command: SIGNAL_POLL
04-26 01:11:23.177 W/WifiHW  (   83): wifi_command: SIGNAL_POLL
04-26 01:11:28.177 W/WifiHW  (   83): wifi_command: SIGNAL_POLL
04-26 01:11:33.157 E/Profiler(   83): BPUnw: [1 total] thread_unregister_for_profiling(me=0x1c30f28)  (NOT REGISTERED) 
04-26 01:11:33.167 E/Profiler(   83): BPUnw: [1 total] thread_unregister_for_profiling(me=0x1c30ea8)  (NOT REGISTERED) 
04-26 01:11:33.177 W/WifiHW  (   83): wifi_command: SIGNAL_POLL
04-26 01:11:33.397 E/Profiler(   83): BPUnw: [1 total] thread_unregister_for_profiling(me=0x1c30ee8)  (NOT REGISTERED) 
04-26 01:11:33.537 E/Profiler(   83): BPUnw: [1 total] thread_unregister_for_profiling(me=0x1c48248)  (NOT REGISTERED) 
04-26 01:11:38.177 W/WifiHW  (   83): wifi_command: SIGNAL_POLL
04-26 01:11:40.517 E/Profiler(   83): BPUnw: [1 total] thread_unregister_for_profiling(me=0x1c30e28)  (NOT REGISTERED) 
04-26 01:11:43.177 W/WifiHW  (   83): wifi_command: SIGNAL_POLL
04-26 01:11:48.177 W/WifiHW  (   83): wifi_command: SIGNAL_POLL
04-26 01:11:53.177 W/WifiHW  (   83): wifi_command: SIGNAL_POLL
04-26 01:11:58.177 W/WifiHW  (   83): wifi_command: SIGNAL_POLL
04-26 01:12:03.187 W/WifiHW  (   83): wifi_command: SIGNAL_POLL
04-26 01:12:08.187 W/WifiHW  (   83): wifi_command: SIGNAL_POLL
04-26 01:12:13.187 W/WifiHW  (   83): wifi_command: SIGNAL_POLL
04-26 01:12:18.187 W/WifiHW  (   83): wifi_command: SIGNAL_POLL
04-26 01:12:23.187 W/WifiHW  (   83): wifi_command: SIGNAL_POLL
04-26 01:12:28.187 W/WifiHW  (   83): wifi_command: SIGNAL_POLL
04-26 01:12:33.187 W/WifiHW  (   83): wifi_command: SIGNAL_POLL
04-26 01:12:38.187 W/WifiHW  (   83): wifi_command: SIGNAL_POLL
04-26 01:12:43.187 W/WifiHW  (   83): wifi_command: SIGNAL_POLL
04-26 01:12:48.187 W/WifiHW  (   83): wifi_command: SIGNAL_POLL
04-26 01:12:53.197 W/WifiHW  (   83): wifi_command: SIGNAL_POLL
04-26 01:12:58.197 W/WifiHW  (   83): wifi_command: SIGNAL_POLL
04-26 01:13:03.197 W/WifiHW  (   83): wifi_command: SIGNAL_POLL
04-26 01:13:08.197 W/WifiHW  (   83): wifi_command: SIGNAL_POLL
04-26 01:13:13.197 W/WifiHW  (   83): wifi_command: SIGNAL_POLL
04-26 01:13:18.197 W/WifiHW  (   83): wifi_command: SIGNAL_POLL
04-26 01:13:23.197 W/WifiHW  (   83): wifi_command: SIGNAL_POLL
04-26 01:13:28.197 W/WifiHW  (   83): wifi_command: SIGNAL_POLL
04-26 01:13:33.197 W/WifiHW  (   83): wifi_command: SIGNAL_POLL
04-26 01:13:38.197 W/WifiHW  (   83): wifi_command: SIGNAL_POLL
04-26 01:13:43.207 W/WifiHW  (   83): wifi_command: SIGNAL_POLL
04-26 01:13:48.207 W/WifiHW  (   83): wifi_command: SIGNAL_POLL
04-26 01:13:53.207 W/WifiHW  (   83): wifi_command: SIGNAL_POLL
04-26 01:13:58.207 W/WifiHW  (   83): wifi_command: SIGNAL_POLL
04-26 01:14:03.207 W/WifiHW  (   83): wifi_command: SIGNAL_POLL
04-26 01:14:08.207 W/WifiHW  (   83): wifi_command: SIGNAL_POLL
04-26 01:14:13.207 W/WifiHW  (   83): wifi_command: SIGNAL_POLL
04-26 01:14:18.207 W/WifiHW  (   83): wifi_command: SIGNAL_POLL
04-26 01:14:23.207 W/WifiHW  (   83): wifi_command: SIGNAL_POLL
04-26 01:14:28.217 W/WifiHW  (   83): wifi_command: SIGNAL_POLL
04-26 01:14:33.217 W/WifiHW  (   83): wifi_command: SIGNAL_POLL
04-26 01:14:38.217 W/WifiHW  (   83): wifi_command: SIGNAL_POLL
04-26 01:14:43.217 W/WifiHW  (   83): wifi_command: SIGNAL_POLL
04-26 01:14:48.217 W/WifiHW  (   83): wifi_command: SIGNAL_POLL
04-26 01:14:53.227 W/WifiHW  (   83): wifi_command: SIGNAL_POLL
04-26 01:14:58.237 W/WifiHW  (   83): wifi_command: SIGNAL_POLL
04-26 01:15:03.237 W/WifiHW  (   83): wifi_command: SIGNAL_POLL
04-26 01:15:08.237 W/WifiHW  (   83): wifi_command: SIGNAL_POLL
04-26 01:15:13.237 W/WifiHW  (   83): wifi_command: SIGNAL_POLL
04-26 01:15:18.237 W/WifiHW  (   83): wifi_command: SIGNAL_POLL
04-26 01:15:23.237 W/WifiHW  (   83): wifi_command: SIGNAL_POLL
04-26 01:15:28.237 W/WifiHW  (   83): wifi_command: SIGNAL_POLL
04-26 01:15:33.237 W/WifiHW  (   83): wifi_command: SIGNAL_POLL
04-26 01:15:38.237 W/WifiHW  (   83): wifi_command: SIGNAL_POLL
04-26 01:15:43.237 W/WifiHW  (   83): wifi_command: SIGNAL_POLL
04-26 01:15:48.237 W/WifiHW  (   83): wifi_command: SIGNAL_POLL
04-26 01:15:53.237 W/WifiHW  (   83): wifi_command: SIGNAL_POLL
04-26 01:15:58.237 W/WifiHW  (   83): wifi_command: SIGNAL_POLL
04-26 01:16:03.247 W/WifiHW  (   83): wifi_command: SIGNAL_POLL
04-26 01:16:08.247 W/WifiHW  (   83): wifi_command: SIGNAL_POLL
04-26 01:16:13.247 W/WifiHW  (   83): wifi_command: SIGNAL_POLL
04-26 01:16:18.247 W/WifiHW  (   83): wifi_command: SIGNAL_POLL
04-26 01:16:23.247 W/WifiHW  (   83): wifi_command: SIGNAL_POLL
04-26 01:16:28.247 W/WifiHW  (   83): wifi_command: SIGNAL_POLL
04-26 01:16:33.247 W/WifiHW  (   83): wifi_command: SIGNAL_POLL
04-26 01:16:38.247 W/WifiHW  (   83): wifi_command: SIGNAL_POLL
04-26 01:16:43.247 W/WifiHW  (   83): wifi_command: SIGNAL_POLL
04-26 01:16:48.247 W/WifiHW  (   83): wifi_command: SIGNAL_POLL
04-26 01:16:53.247 W/WifiHW  (   83): wifi_command: SIGNAL_POLL
04-26 01:16:58.257 W/WifiHW  (   83): wifi_command: SIGNAL_POLL
04-26 01:17:03.257 W/WifiHW  (   83): wifi_command: SIGNAL_POLL
04-26 01:17:08.257 W/WifiHW  (   83): wifi_command: SIGNAL_POLL