--------- beginning of /dev/log/main
04-26 03:17:52.827 I/Gecko   (   83): 1398507472837	Marionette	INFO	sendToClient: {"from":"0","ok":true}, {b8393aad-3b2b-45c4-bdd1-b4d018550d9f}, {b8393aad-3b2b-45c4-bdd1-b4d018550d9f}
04-26 03:17:52.897 I/Gecko   (   83): 1398507472910	Marionette	DEBUG	Got request: switchToFrame, data: {"to":"0","sessionId":"3-b2g","name":"switchToFrame","parameters":{"id":null,"focus":true}}, id: {125ab7b0-0415-4279-9864-db1d441c6e9a}
04-26 03:17:52.897 I/Gecko   (   83): 1398507472912	Marionette	INFO	Switched to frame: {"frameValue":null}
04-26 03:17:52.957 I/Gonk    (   83): Setting nice for pid 2081 to 18
04-26 03:17:52.957 I/Gonk    (   83): Changed nice for pid 2081 from 0 to 18.
04-26 03:17:52.997 I/Gecko   (   83): 1398507473015	Marionette	INFO	sendToClient: {"from":"0","ok":true}, {125ab7b0-0415-4279-9864-db1d441c6e9a}, {125ab7b0-0415-4279-9864-db1d441c6e9a}
04-26 03:17:53.007 I/Gecko   (   83): [Parent 83] WARNING: waitpid failed pid:2030 errno:10: file ../../../gecko/ipc/chromium/src/base/process_util_posix.cc, line 254
04-26 03:17:53.007 I/Gecko   (   83): [Parent 83] WARNING: Failed to deliver SIGKILL to 2030!(3).: file ../../../gecko/ipc/chromium/src/chrome/common/process_watcher_posix_sigchld.cc, line 118
04-26 03:17:53.007 I/Gecko   (   83): 1398507473024	Marionette	DEBUG	Got request: executeWithCallback, data: {"to":"0","sessionId":"3-b2g","name":"executeAsyncScript","parameters":{"specialPowers":false,"scriptTimeout":null,"newSandbox":true,"args":[],"filename":"gaia_test.py","script":"return GaiaApps.displayedApp();","line":66}}, id: {57a399d2-97d7-4bae-97dc-c08b80a6c413}
04-26 03:17:53.097 I/Gecko   (   83): 1398507473115	Marionette	INFO	sendToClient: {"from":"0","value":{"frame":{"ELEMENT":"{1d7b5939-16ce-42ea-b40e-abaa24bacfd1}"},"src":"app://homescreen.gaiamobile.org/index.html#root","name":"Homescreen","origin":"app://homescreen.gaiamobile.org"}}, {57a399d2-97d7-4bae-97dc-c08b80a6c413}, {57a399d2-97d7-4bae-97dc-c08b80a6c413}
04-26 03:17:53.117 E/GeckoConsole(   83): Content JS LOG at dummy file:392 in GaiaApps.displayedApp: app with origin 'app://homescreen.gaiamobile.org' is displayed
04-26 03:17:53.147 I/Gecko   (   83): 1398507473159	Marionette	DEBUG	Got request: switchToFrame, data: {"to":"0","sessionId":"3-b2g","name":"switchToFrame","parameters":{"id":null,"focus":true}}, id: {69e285f9-a699-441d-b9e2-fd4eff98e89f}
04-26 03:17:53.147 I/Gecko   (   83): 1398507473161	Marionette	INFO	Switched to frame: {"frameValue":null}
04-26 03:17:53.277 I/Gecko   (   83): 1398507473293	Marionette	INFO	sendToClient: {"from":"0","ok":true}, {69e285f9-a699-441d-b9e2-fd4eff98e89f}, {69e285f9-a699-441d-b9e2-fd4eff98e89f}
04-26 03:17:53.287 I/Gecko   (   83): 1398507473303	Marionette	DEBUG	Got request: switchToFrame, data: {"to":"0","sessionId":"3-b2g","name":"switchToFrame","parameters":{"id":null,"focus":true}}, id: {528fbdd0-d0db-474d-a77b-0a24eb376e51}
04-26 03:17:53.287 I/Gecko   (   83): 1398507473305	Marionette	INFO	Switched to frame: {"frameValue":null}
04-26 03:17:53.397 I/Gecko   (   83): 1398507473408	Marionette	INFO	sendToClient: {"from":"0","ok":true}, {528fbdd0-d0db-474d-a77b-0a24eb376e51}, {528fbdd0-d0db-474d-a77b-0a24eb376e51}
04-26 03:17:53.397 I/Gecko   (   83): 1398507473416	Marionette	DEBUG	Got request: executeWithCallback, data: {"to":"0","sessionId":"3-b2g","name":"executeAsyncScript","parameters":{"specialPowers":false,"scriptTimeout":null,"newSandbox":true,"args":[],"filename":"gaia_test.py","script":"return GaiaApps.displayedApp();","line":66}}, id: {97f41d2f-3222-4d65-9df7-a1debd780700}
04-26 03:17:53.517 I/Gecko   (   83): 1398507473528	Marionette	INFO	sendToClient: {"from":"0","value":{"frame":{"ELEMENT":"{1d7b5939-16ce-42ea-b40e-abaa24bacfd1}"},"src":"app://homescreen.gaiamobile.org/index.html#root","name":"Homescreen","origin":"app://homescreen.gaiamobile.org"}}, {97f41d2f-3222-4d65-9df7-a1debd780700}, {97f41d2f-3222-4d65-9df7-a1debd780700}
04-26 03:17:53.517 E/GeckoConsole(   83): Content JS LOG at dummy file:392 in GaiaApps.displayedApp: app with origin 'app://homescreen.gaiamobile.org' is displayed
04-26 03:17:53.537 I/Gecko   (   83): 1398507473548	Marionette	DEBUG	Got request: switchToFrame, data: {"to":"0","sessionId":"3-b2g","name":"switchToFrame","parameters":{"focus":true,"element":"{1d7b5939-16ce-42ea-b40e-abaa24bacfd1}"}}, id: {eafa6296-7263-439d-b608-4e82d4acb049}
04-26 03:17:53.537 I/Gecko   (   83): 1398507473555	Marionette	INFO	Switched to frame: {"frameValue":"{1d7b5939-16ce-42ea-b40e-abaa24bacfd1}"}
04-26 03:17:53.557 I/Gecko   (   83): 1398507473568	Marionette	INFO	trying remote frame 0
04-26 03:17:53.557 I/Gecko   (   83): 1398507473569	Marionette	INFO	trying remote frame 1
04-26 03:17:53.557 I/Gecko   (   83): 1398507473570	Marionette	INFO	trying remote frame 2
04-26 03:17:53.557 I/Gecko   (   83): 1398507473571	Marionette	INFO	trying remote frame 3
04-26 03:17:53.557 I/Gecko   (   83): 1398507473572	Marionette	INFO	trying remote frame 4
04-26 03:17:53.567 I/Gecko   (   83): 1398507473581	Marionette	INFO	deleting frame
04-26 03:17:53.577 I/Gecko   (   83): 1398507473594	Marionette	INFO	frame-manager load script: [object ChromeMessageSender]
04-26 03:17:54.187 V/AudioPolicyManagerBase(   88): startOutput() output 1, stream 1, session 9
04-26 03:17:54.187 V/AudioPolicyManagerBase(   88): changeRefCount() stream 1, count 1
04-26 03:17:54.187 V/AudioPolicyManagerBase(   88): getDeviceForStrategy() from cache strategy 0, device 2
04-26 03:17:54.187 V/AudioPolicyManagerBase(   88): getNewDevice() selected device 2
04-26 03:17:54.187 D/AudioPolicyManagerBase(   88): setOutputDevice() output 1 device 2 delayMs 0
04-26 03:17:54.197 V/AudioPolicyManagerBase(   88): setOutputDevice() setting same device 2 or null device for output 1
04-26 03:17:54.197 E/AudioPolicyManagerBase(   88): checkAndSetVolume stream=1, index=15, output=1, device=2
04-26 03:17:54.197 E/AudioPolicyManagerBase(   88): computeVolume, streamDesc=0x255bb0
04-26 03:17:54.197 V/AudioPolicyManagerBase(   88): VOLUME vol index=[60 100 100], dB=[-11.0 0.0 0.0] ampl=1.00000
04-26 03:17:54.237 W/AudioFlinger(   88): Thread AudioOut_1 cannot connect to the power manager service
04-26 03:17:54.237 V/AudioPolicyManagerBase(   88): stopOutput() output 1, stream 1, session 9
04-26 03:17:54.237 V/AudioPolicyManagerBase(   88): changeRefCount() stream 1, count 0
04-26 03:17:54.237 V/AudioPolicyManagerBase(   88): getNewDevice() selected device 0
04-26 03:17:54.237 D/AudioPolicyManagerBase(   88): setOutputDevice() output 1 device 0 delayMs 290
04-26 03:17:54.237 V/AudioPolicyManagerBase(   88): setOutputDevice() setting same device 0 or null device for output 1
04-26 03:17:54.237 V/AudioPolicyManagerBase(   88): releaseOutput() 1
04-26 03:17:54.467 I/Gecko   (   83): 1398507474478	Marionette	INFO	sendToClient: {"from":"0","ok":true}, {eafa6296-7263-439d-b608-4e82d4acb049}, {eafa6296-7263-439d-b608-4e82d4acb049}
04-26 03:17:54.737 I/Gecko   (   83): 1398507474751	Marionette	INFO	sendToClient: {"from":"0","value":{"ELEMENT":"{c54ef8d6-e37e-461c-8f3c-33f5c682b860}"}}, {4ae4ba1c-6e66-493c-b548-a0ecfa0ad5dc}, {4ae4ba1c-6e66-493c-b548-a0ecfa0ad5dc}
04-26 03:17:55.247 E/GeckoConsole( 2054): [JavaScript Warning: "Use of getAttributeNode() is deprecated. Use getAttribute() instead." {file: "chrome://marionette/content/atoms.js" line: 25}]
04-26 03:17:55.297 E/GeckoConsole( 2054): [JavaScript Warning: "Use of attributes' specified attribute is deprecated. It always returns true." {file: "chrome://marionette/content/atoms.js" line: 25}]
04-26 03:17:55.297 I/Gecko   (   83): 1398507475312	Marionette	INFO	sendToClient: {"from":"0","value":"normal"}, {c89c982d-3f29-470b-b5b5-1c21bfd49b61}, {c89c982d-3f29-470b-b5b5-1c21bfd49b61}
04-26 03:17:55.307 I/Gecko   (   83): 1398507475319	Marionette	DEBUG	Got request: switchToFrame, data: {"to":"0","sessionId":"3-b2g","name":"switchToFrame","parameters":{"id":null,"focus":true}}, id: {50a3c5d0-2d44-4ac5-bfbe-01dc8630fa02}
04-26 03:17:55.317 I/Gecko   (   83): 1398507475331	Marionette	INFO	Switched to frame: {"frameValue":null}
04-26 03:17:55.427 I/Gecko   (   83): 1398507475441	Marionette	INFO	sendToClient: {"from":"0","ok":true}, {50a3c5d0-2d44-4ac5-bfbe-01dc8630fa02}, {50a3c5d0-2d44-4ac5-bfbe-01dc8630fa02}
04-26 03:17:55.437 I/Gecko   (   83): 1398507475449	Marionette	DEBUG	Got request: execute, data: {"to":"0","sessionId":"3-b2g","name":"executeScript","parameters":{"specialPowers":false,"scriptTimeout":null,"newSandbox":true,"args":[],"filename":"gaia_test.py","script":"window.wrappedJSObject.dispatchEvent(new Event('home'));","line":788}}, id: {ffce8b2a-0b2a-40bc-98f1-cfd968cda685}
04-26 03:17:55.587 I/Gecko   (   83): 1398507475601	Marionette	INFO	sendToClient: {"from":"0","value":null}, {ffce8b2a-0b2a-40bc-98f1-cfd968cda685}, {ffce8b2a-0b2a-40bc-98f1-cfd968cda685}
04-26 03:17:55.597 I/Gecko   (   83): 1398507475614	Marionette	DEBUG	Got request: switchToFrame, data: {"to":"0","sessionId":"3-b2g","name":"switchToFrame","parameters":{"id":null,"focus":true}}, id: {00022915-9d1c-4699-8420-c276b3524f19}
04-26 03:17:55.607 I/Gecko   (   83): 1398507475618	Marionette	INFO	Switched to frame: {"frameValue":null}
04-26 03:17:55.627 I/Gecko   ( 2081): ###################################### forms.js loaded
04-26 03:17:55.707 I/Gecko   (   83): 1398507475722	Marionette	INFO	sendToClient: {"from":"0","ok":true}, {00022915-9d1c-4699-8420-c276b3524f19}, {00022915-9d1c-4699-8420-c276b3524f19}
04-26 03:17:55.717 I/Gecko   (   83): 1398507475730	Marionette	DEBUG	Got request: switchToFrame, data: {"to":"0","sessionId":"3-b2g","name":"switchToFrame","parameters":{"id":null,"focus":true}}, id: {060b2630-61b4-4935-9505-b55147554e0d}
04-26 03:17:55.717 I/Gecko   (   83): 1398507475733	Marionette	INFO	Switched to frame: {"frameValue":null}
04-26 03:17:55.747 I/Gecko   ( 2081): ############################### browserElementPanning.js loaded
04-26 03:17:55.807 I/Gecko   ( 2081): ######################## BrowserElementChildPreload.js loaded
04-26 03:17:55.827 I/Gecko   (   83): 1398507475844	Marionette	INFO	sendToClient: {"from":"0","ok":true}, {060b2630-61b4-4935-9505-b55147554e0d}, {060b2630-61b4-4935-9505-b55147554e0d}
04-26 03:17:55.837 I/Gecko   (   83): 1398507475853	Marionette	DEBUG	Got request: executeWithCallback, data: {"to":"0","sessionId":"3-b2g","name":"executeAsyncScript","parameters":{"specialPowers":false,"scriptTimeout":null,"newSandbox":true,"args":[],"filename":"gaia_test.py","script":"return GaiaApps.displayedApp();","line":66}}, id: {82333560-1eb8-423d-bce4-b8c13b7f32ab}
04-26 03:17:56.007 E/GeckoConsole(   83): Content JS LOG at dummy file:392 in GaiaApps.displayedApp: app with origin 'app://homescreen.gaiamobile.org' is displayed
04-26 03:17:56.007 I/Gecko   (   83): 1398507476026	Marionette	INFO	sendToClient: {"from":"0","value":{"frame":{"ELEMENT":"{1d7b5939-16ce-42ea-b40e-abaa24bacfd1}"},"src":"app://homescreen.gaiamobile.org/index.html#rootSat%20Apr%2026%202014%2003:17:55%20GMT-0700%20(UTC)","name":"Homescreen","origin":"app://homescreen.gaiamobile.org"}}, {82333560-1eb8-423d-bce4-b8c13b7f32ab}, {82333560-1eb8-423d-bce4-b8c13b7f32ab}
04-26 03:17:56.027 I/Gecko   (   83): 1398507476045	Marionette	DEBUG	Got request: switchToFrame, data: {"to":"0","sessionId":"3-b2g","name":"switchToFrame","parameters":{"focus":true,"element":"{1d7b5939-16ce-42ea-b40e-abaa24bacfd1}"}}, id: {eef100d7-df99-436c-b704-f7712516d95d}
04-26 03:17:56.037 I/Gecko   (   83): 1398507476052	Marionette	INFO	Switched to frame: {"frameValue":"{1d7b5939-16ce-42ea-b40e-abaa24bacfd1}"}
04-26 03:17:56.037 I/Gecko   (   83): 1398507476054	Marionette	INFO	trying remote frame 0
04-26 03:17:56.037 I/Gecko   (   83): 1398507476055	Marionette	INFO	trying remote frame 1
04-26 03:17:56.037 I/Gecko   (   83): 1398507476056	Marionette	INFO	trying remote frame 2
04-26 03:17:56.037 I/Gecko   (   83): 1398507476056	Marionette	INFO	trying remote frame 3
04-26 03:17:56.067 I/Gecko   (   83): 1398507476082	Marionette	INFO	trying remote frame 4
04-26 03:17:56.337 W/WifiHW  (   83): wifi_command: SIGNAL_POLL
04-26 03:17:56.367 I/Gecko   (   83): 1398507476379	Marionette	INFO	sendToClient: {"from":"0","ok":true}, {eef100d7-df99-436c-b704-f7712516d95d}, {eef100d7-df99-436c-b704-f7712516d95d}
04-26 03:17:56.417 I/Gecko   (   83): 1398507476434	Marionette	DEBUG	Got request: execute, data: {"to":"0","sessionId":"3-b2g","name":"executeScript","parameters":{"specialPowers":false,"scriptTimeout":null,"newSandbox":true,"args":[],"filename":"gaia_test.py","script":"return window.wrappedJSObject.GridManager.pageHelper.getCurrentPageNumber();","line":784}}, id: {6142a766-d17c-485a-ba30-91d4ef1af1de}
04-26 03:17:57.637 I/Gecko   (   83): 1398507477649	Marionette	INFO	sendToClient: {"from":"0","value":0}, {6142a766-d17c-485a-ba30-91d4ef1af1de}, {6142a766-d17c-485a-ba30-91d4ef1af1de}
04-26 03:17:57.647 E/GeckoConsole( 2054): Content JS WARN at app://homescreen.gaiamobile.org/gaia_build_defer_index.js:184 in isHiddenApp: Unexpected role when checking hidden app: undefined
04-26 03:17:57.647 E/GeckoConsole( 2054): Content JS WARN at app://homescreen.gaiamobile.org/gaia_build_defer_index.js:184 in isHiddenApp: Unexpected role when checking hidden app: undefined
04-26 03:17:57.647 E/GeckoConsole( 2054): Content JS WARN at app://homescreen.gaiamobile.org/gaia_build_defer_index.js:184 in isHiddenApp: Unexpected role when checking hidden app: undefined
04-26 03:17:57.647 E/GeckoConsole( 2054): Content JS WARN at app://homescreen.gaiamobile.org/gaia_build_defer_index.js:184 in isHiddenApp: Unexpected role when checking hidden app: undefined
04-26 03:17:57.647 E/GeckoConsole( 2054): Content JS WARN at app://homescreen.gaiamobile.org/gaia_build_defer_index.js:184 in isHiddenApp: Unexpected role when checking hidden app: undefined
04-26 03:17:57.647 E/GeckoConsole( 2054): Content JS WARN at app://homescreen.gaiamobile.org/gaia_build_defer_index.js:184 in isHiddenApp: Unexpected role when checking hidden app: undefined
04-26 03:17:57.647 E/GeckoConsole( 2054): Content JS WARN at app://homescreen.gaiamobile.org/gaia_build_defer_index.js:184 in isHiddenApp: Unexpected role when checking hidden app: undefined
04-26 03:17:57.647 E/GeckoConsole( 2054): Content JS WARN at app://homescreen.gaiamobile.org/gaia_build_defer_index.js:184 in isHiddenApp: Unexpected role when checking hidden app: undefined
04-26 03:17:57.647 E/GeckoConsole( 2054): Content JS WARN at app://homescreen.gaiamobile.org/gaia_build_defer_index.js:184 in isHiddenApp: Unexpected role when checking hidden app: undefined
04-26 03:17:57.657 E/GeckoConsole( 2054): Content JS WARN at app://homescreen.gaiamobile.org/gaia_build_defer_index.js:184 in isHiddenApp: Unexpected role when checking hidden app: undefined
04-26 03:17:57.657 E/GeckoConsole( 2054): Content JS WARN at app://homescreen.gaiamobile.org/gaia_build_defer_index.js:184 in isHiddenApp: Unexpected role when checking hidden app: undefined
04-26 03:17:57.657 E/GeckoConsole( 2054): Content JS WARN at app://homescreen.gaiamobile.org/gaia_build_defer_index.js:184 in isHiddenApp: Unexpected role when checking hidden app: undefined
04-26 03:17:57.657 E/GeckoConsole( 2054): Content JS WARN at app://homescreen.gaiamobile.org/gaia_build_defer_index.js:184 in isHiddenApp: Unexpected role when checking hidden app: undefined
04-26 03:17:57.657 E/GeckoConsole( 2054): Content JS WARN at app://homescreen.gaiamobile.org/gaia_build_defer_index.js:184 in isHiddenApp: Unexpected role when checking hidden app: undefined
04-26 03:17:57.657 E/GeckoConsole( 2054): Content JS WARN at app://homescreen.gaiamobile.org/gaia_build_defer_index.js:184 in isHiddenApp: Unexpected role when checking hidden app: undefined
04-26 03:17:57.667 E/GeckoConsole( 2054): Content JS WARN at app://homescreen.gaiamobile.org/gaia_build_defer_index.js:184 in isHiddenApp: Unexpected role when checking hidden app: undefined
04-26 03:17:57.667 E/GeckoConsole( 2054): Content JS WARN at app://homescreen.gaiamobile.org/gaia_build_defer_index.js:184 in isHiddenApp: Unexpected role when checking hidden app: undefined
04-26 03:17:57.667 E/GeckoConsole( 2054): Content JS WARN at app://homescreen.gaiamobile.org/gaia_build_defer_index.js:184 in isHiddenApp: Unexpected role when checking hidden app: undefined
04-26 03:17:57.667 E/GeckoConsole( 2054): Content JS WARN at app://homescreen.gaiamobile.org/gaia_build_defer_index.js:184 in isHiddenApp: Unexpected role when checking hidden app: undefined
04-26 03:17:57.667 E/GeckoConsole( 2054): Content JS WARN at app://homescreen.gaiamobile.org/gaia_build_defer_index.js:184 in isHiddenApp: Unexpected role when checking hidden app: undefined
04-26 03:17:57.667 E/GeckoConsole( 2054): Content JS WARN at app://homescreen.gaiamobile.org/gaia_build_defer_index.js:184 in isHiddenApp: Unexpected role when checking hidden app: undefined
04-26 03:17:58.657 I/Gecko   (   83): 1398507478674	Marionette	INFO	sendToClient: {"from":"0","value":["{742c8042-d8ce-4232-9ac2-56bcba8ec3b2}","{eaed8559-0422-4410-82da-7d7c92b75da2}","{f1a25bd1-caca-4321-a43d-753a72e990db}","{fb386bee-9898-4cdb-83ad-7404cda0f403}","{5a8b163d-8449-4bd4-85c6-a8cfd837b9de}","{8b78dc81-0a60-4f8e-8da2-ab9a4f02c026}","{39011761-f75c-4f7f-a9e1-fbbb70aaef07}","{58714f9f-a0b1-4563-b0f4-2968ac1fba8b}","{5e6eb596-369c-4d8f-aec0-56afddb8adee}","{760d21d5-89f8-442e-bd8d-81f3e476be8e}","{cf008c38-8297-4642-a949-d3693b8c5c58}","{0618a12d-b441-49d2-b8c7-7e877375a85c}","{000d5b17-2a8b-4547-93f3-b7333e669204}","{3c8269fc-467f-42ac-abea-a7ed1362b77f}","{ea90b97e-14c2-418d-8c83-a44f531f06e2}","{d21da964-43e6-4fa1-a315-80d8905af286}","{99e4fd14-f4c3-4159-888d-aca3814afe2b}","{40e35343-f189-4534-b4ec-7988f22cd880}","{cb1a890f-7a21-4b32-aae1-568dfdb157bd}","{2ecb29cc-0c83-4ff9-9c3d-917bd70bb605}","{c91b807c-e9e8-4d5b-a5c8-1e35314b6bc7}","{1261f5b5-0b6c-4736-b7dc-114ada38cadc}","{a0957c71-825e-42b1-a006-c5d078c44506}","{c39c3e3e-c224
04-26 03:17:58.697 I/Gecko   (   83): 1398507478712	Marionette	INFO	sendToClient: {"from":"0","value":"app://homescreen.gaiamobile.org/index.html#rootSat%20Apr%2026%202014%2003:17:55%20GMT-0700%20(UTC)"}, {8e7074e5-2c0e-402e-a133-276c35decf7b}, {8e7074e5-2c0e-402e-a133-276c35decf7b}
04-26 03:17:58.737 I/Gecko   (   83): 1398507478752	Marionette	DEBUG	Got request: switchToFrame, data: {"to":"0","sessionId":"3-b2g","name":"switchToFrame","parameters":{"id":null,"focus":true}}, id: {864fb9c9-e671-420a-9685-4b78ec85806d}
04-26 03:17:58.847 I/Gecko   (   83): 1398507478858	Marionette	INFO	Switched to frame: {"frameValue":null}
04-26 03:17:58.977 I/Gecko   (   83): 1398507478990	Marionette	INFO	sendToClient: {"from":"0","ok":true}, {864fb9c9-e671-420a-9685-4b78ec85806d}, {864fb9c9-e671-420a-9685-4b78ec85806d}
04-26 03:17:58.987 I/Gecko   (   83): 1398507478997	Marionette	DEBUG	Got request: switchToFrame, data: {"to":"0","sessionId":"3-b2g","name":"switchToFrame","parameters":{"id":null,"focus":true}}, id: {1c846e9c-8345-4f1b-8191-08a2f89a622d}
04-26 03:17:58.987 I/Gecko   (   83): 1398507478999	Marionette	INFO	Switched to frame: {"frameValue":null}
04-26 03:17:59.117 I/Gecko   (   83): 1398507479133	Marionette	INFO	sendToClient: {"from":"0","ok":true}, {1c846e9c-8345-4f1b-8191-08a2f89a622d}, {1c846e9c-8345-4f1b-8191-08a2f89a622d}
04-26 03:17:59.127 I/Gecko   (   83): 1398507479140	Marionette	DEBUG	Got request: executeWithCallback, data: {"to":"0","sessionId":"3-b2g","name":"executeAsyncScript","parameters":{"specialPowers":false,"scriptTimeout":30000,"newSandbox":true,"args":[],"filename":"app_checker.py","script":"GaiaApps.launchWithManifestURL('https://marketplace.firefox.com/app/362e3acb-c15c-435e-81b5-89f040230f8f/manifest.webapp')","line":106}}, id: {efa36f1e-4ef6-4ccf-a272-a7bcde838f20}
04-26 03:17:59.247 I/Gonk    (   83): Setting nice for pid 2081 to 18
04-26 03:17:59.247 I/Gonk    (   83): Changed nice for pid 2081 from 0 to 18.
04-26 03:17:59.257 I/Gecko   (   83): [Parent 83] WARNING: waitpid failed pid:2081 errno:10: file ../../../gecko/ipc/chromium/src/base/process_util_posix.cc, line 254
04-26 03:17:59.277 I/Gonk    (   83): Setting nice for pid 2081 to 1
04-26 03:17:59.277 I/Gonk    (   83): Changed nice for pid 2081 from 18 to 1.
04-26 03:17:59.307 E/GeckoConsole(   83): Content JS LOG at dummy file:334 in GaiaApps.launch: launching app with name 'SGT'
04-26 03:17:59.617 D/Sensors (   83): activate handle=0; drv=0
04-26 03:17:59.627 D/Sensors (   83): Lis3dhSensor: Control set 1
04-26 03:17:59.627 D/Sensors (   83): Lis3dhSensor: mEnabled = 1
04-26 03:17:59.757 I/Gonk    (   83): Setting nice for pid 2054 to 18
04-26 03:17:59.757 I/Gonk    (   83): Changed nice for pid 2054 from 1 to 18.
04-26 03:18:01.367 W/WifiHW  (   83): wifi_command: SIGNAL_POLL
04-26 03:18:02.337 E/GeckoConsole(   83): Content JS LOG at dummy file:326 in GaiaApps.launch/appOpen/<: app with origin 'app://{95212a58-cc1f-4254-b1bb-138424f9ffdf}' has launched
04-26 03:18:02.337 I/Gecko   (   83): 1398507482351	Marionette	INFO	sendToClient: {"from":"0","value":{"frame":{"ELEMENT":"{b5e76fba-6008-4fe7-b2ba-bbe594a5c0b4}"},"src":"app://{95212a58-cc1f-4254-b1bb-138424f9ffdf}/index.html","name":"SGT","origin":"app://{95212a58-cc1f-4254-b1bb-138424f9ffdf}"}}, {efa36f1e-4ef6-4ccf-a272-a7bcde838f20}, {efa36f1e-4ef6-4ccf-a272-a7bcde838f20}
04-26 03:18:02.487 I/Gecko   (   83): 1398507482499	Marionette	DEBUG	Got request: switchToFrame, data: {"to":"0","sessionId":"3-b2g","name":"switchToFrame","parameters":{"focus":true,"element":"{b5e76fba-6008-4fe7-b2ba-bbe594a5c0b4}"}}, id: {05b3ab58-186d-4c8d-948e-336b5967defa}
04-26 03:18:02.497 I/Gecko   (   83): 1398507482515	Marionette	INFO	Switched to frame: {"frameValue":"{b5e76fba-6008-4fe7-b2ba-bbe594a5c0b4}"}
04-26 03:18:02.507 I/Gecko   (   83): 1398507482523	Marionette	INFO	trying remote frame 0
04-26 03:18:02.507 I/Gecko   (   83): 1398507482524	Marionette	INFO	trying remote frame 1
04-26 03:18:02.517 I/Gecko   (   83): 1398507482528	Marionette	INFO	trying remote frame 2
04-26 03:18:02.517 I/Gecko   (   83): 1398507482529	Marionette	INFO	trying remote frame 3
04-26 03:18:02.517 I/Gecko   (   83): 1398507482529	Marionette	INFO	trying remote frame 4
04-26 03:18:02.527 I/Gecko   (   83): 1398507482538	Marionette	INFO	trying remote frame 5
04-26 03:18:02.527 I/Gecko   (   83): 1398507482543	Marionette	INFO	frame-manager load script: [object ChromeMessageSender]
04-26 03:18:02.757 E/GeckoConsole( 2081): [JavaScript Warning: "Unknown property '-moz-outline'.  Declaration dropped." {file: "https://platform.twitter.com/embed/timeline.6a72a50e1a93dc4d97ff897124263ab7.default.css" line: 1 column: 371 source: "html body{display:block;background:transparent}html,body,h1,h2,h3,blockquote,p,ol,ul,li,img,iframe,button{padding:0;margin:0;font:normal normal normal 12px/16px "Helvetica Neue",Arial,sans-serif;text-decoration:none;-webkit-text-size-adjust:100%;-ms-text-size-adjust:100%;text-transform:none;vertical-align:baseline;list-style:none;border:0;-webkit-outline:0;-moz-outline:0;-ms-outline:0;-o-outline:0;outline:0}b,i{font-style:normal;font-weight:normal}abbr{border-bottom:0}.p-author:before,.p-author:after,.cards-base:before,.cards-base:after{display:table;content:""}.p-author:after,.cards-base:after{clear:both}.tweet,.root,.p-author{zoom:1}.root,.tweet,.footer,.detail-expander,.header,.timeline{position:relative}button.load-more,.tweet-box-button,.no-tweets-pane .load-tweets{-webkit-box-sizing:border-box;-moz-bo
04-26 03:18:02.757 E/GeckoConsole( 2081): [JavaScript Warning: "Unknown property 'zoom'.  Declaration dropped." {file: "https://platform.twitter.com/embed/timeline.6a72a50e1a93dc4d97ff897124263ab7.default.css" line: 1 column: 640 source: "html body{display:block;background:transparent}html,body,h1,h2,h3,blockquote,p,ol,ul,li,img,iframe,button{padding:0;margin:0;font:normal normal normal 12px/16px "Helvetica Neue",Arial,sans-serif;text-decoration:none;-webkit-text-size-adjust:100%;-ms-text-size-adjust:100%;text-transform:none;vertical-align:baseline;list-style:none;border:0;-webkit-outline:0;-moz-outline:0;-ms-outline:0;-o-outline:0;outline:0}b,i{font-style:normal;font-weight:normal}abbr{border-bottom:0}.p-author:before,.p-author:after,.cards-base:before,.cards-base:after{display:table;content:""}.p-author:after,.cards-base:after{clear:both}.tweet,.root,.p-author{zoom:1}.root,.tweet,.footer,.detail-expander,.header,.timeline{position:relative}button.load-more,.tweet-box-button,.no-tweets-pane .load-tweets{-webkit-box-sizing:border-box;-moz-box-sizing
04-26 03:18:02.767 E/GeckoConsole( 2081): [JavaScript Warning: "Unknown property 'box-sizing'.  Declaration dropped." {file: "https://platform.twitter.com/embed/timeline.6a72a50e1a93dc4d97ff897124263ab7.default.css" line: 1 column: 848 source: "html body{display:block;background:transparent}html,body,h1,h2,h3,blockquote,p,ol,ul,li,img,iframe,button{padding:0;margin:0;font:normal normal normal 12px/16px "Helvetica Neue",Arial,sans-serif;text-decoration:none;-webkit-text-size-adjust:100%;-ms-text-size-adjust:100%;text-transform:none;vertical-align:baseline;list-style:none;border:0;-webkit-outline:0;-moz-outline:0;-ms-outline:0;-o-outline:0;outline:0}b,i{font-style:normal;font-weight:normal}abbr{border-bottom:0}.p-author:before,.p-author:after,.cards-base:before,.cards-base:after{display:table;content:""}.p-author:after,.cards-base:after{clear:both}.tweet,.root,.p-author{zoom:1}.root,.tweet,.footer,.detail-expander,.header,.timeline{position:relative}button.load-more,.tweet-box-button,.no-tweets-pane .load-tweets{-webkit-box-sizing:border-box;-moz-box-
04-26 03:18:02.777 E/GeckoConsole( 2081): [JavaScript Warning: "Expected declaration but found '*'.  Skipped to next declaration." {file: "https://platform.twitter.com/embed/timeline.6a72a50e1a93dc4d97ff897124263ab7.default.css" line: 1 column: 16432 source: "html body{display:block;background:transparent}html,body,h1,h2,h3,blockquote,p,ol,ul,li,img,iframe,button{padding:0;margin:0;font:normal normal normal 12px/16px "Helvetica Neue",Arial,sans-serif;text-decoration:none;-webkit-text-size-adjust:100%;-ms-text-size-adjust:100%;text-transform:none;vertical-align:baseline;list-style:none;border:0;-webkit-outline:0;-moz-outline:0;-ms-outline:0;-o-outline:0;outline:0}b,i{font-style:normal;font-weight:normal}abbr{border-bottom:0}.p-author:before,.p-author:after,.cards-base:before,.cards-base:after{display:table;content:""}.p-author:after,.cards-base:after{clear:both}.tweet,.root,.p-author{zoom:1}.root,.tweet,.footer,.detail-expander,.header,.timeline{position:relative}button.load-more,.tweet-box-button,.no-tweets-pane .load-tweets{-webkit-box-sizing:borde
04-26 03:18:02.777 E/GeckoConsole( 2081): [JavaScript Warning: "Error in parsing value for 'background-image'.  Declaration dropped." {file: "https://platform.twitter.com/embed/timeline.6a72a50e1a93dc4d97ff897124263ab7.default.css" line: 1 column: 17524 source: "html body{display:block;background:transparent}html,body,h1,h2,h3,blockquote,p,ol,ul,li,img,iframe,button{padding:0;margin:0;font:normal normal normal 12px/16px "Helvetica Neue",Arial,sans-serif;text-decoration:none;-webkit-text-size-adjust:100%;-ms-text-size-adjust:100%;text-transform:none;vertical-align:baseline;list-style:none;border:0;-webkit-outline:0;-moz-outline:0;-ms-outline:0;-o-outline:0;outline:0}b,i{font-style:normal;font-weight:normal}abbr{border-bottom:0}.p-author:before,.p-author:after,.cards-base:before,.cards-base:after{display:table;content:""}.p-author:after,.cards-base:after{clear:both}.tweet,.root,.p-author{zoom:1}.root,.tweet,.footer,.detail-expander,.header,.timeline{position:relative}button.load-more,.tweet-box-button,.no-tweets-pane .load-tweets{-webkit-box-sizing:bo
04-26 03:18:02.847 E/GeckoConsole( 2081): [JavaScript Warning: "Error in parsing value for 'background-image'.  Declaration dropped." {file: "https://platform.twitter.com/embed/timeline.6a72a50e1a93dc4d97ff897124263ab7.default.css" line: 1 column: 17965 source: "html body{display:block;background:transparent}html,body,h1,h2,h3,blockquote,p,ol,ul,li,img,iframe,button{padding:0;margin:0;font:normal normal normal 12px/16px "Helvetica Neue",Arial,sans-serif;text-decoration:none;-webkit-text-size-adjust:100%;-ms-text-size-adjust:100%;text-transform:none;vertical-align:baseline;list-style:none;border:0;-webkit-outline:0;-moz-outline:0;-ms-outline:0;-o-outline:0;outline:0}b,i{font-style:normal;font-weight:normal}abbr{border-bottom:0}.p-author:before,.p-author:after,.cards-base:before,.cards-base:after{display:table;content:""}.p-author:after,.cards-base:after{clear:both}.tweet,.root,.p-author{zoom:1}.root,.tweet,.footer,.detail-expander,.header,.timeline{position:relative}button.load-more,.tweet-box-button,.no-tweets-pane .load-tweets{-webkit-box-sizing:bo
04-26 03:18:02.857 E/GeckoConsole( 2081): [JavaScript Warning: "Expected color but found 'top'.  Error in parsing value for 'background-image'.  Declaration dropped." {file: "https://platform.twitter.com/embed/timeline.6a72a50e1a93dc4d97ff897124263ab7.default.css" line: 1 column: 18060 source: "html body{display:block;background:transparent}html,body,h1,h2,h3,blockquote,p,ol,ul,li,img,iframe,button{padding:0;margin:0;font:normal normal normal 12px/16px "Helvetica Neue",Arial,sans-serif;text-decoration:none;-webkit-text-size-adjust:100%;-ms-text-size-adjust:100%;text-transform:none;vertical-align:baseline;list-style:none;border:0;-webkit-outline:0;-moz-outline:0;-ms-outline:0;-o-outline:0;outline:0}b,i{font-style:normal;font-weight:normal}abbr{border-bottom:0}.p-author:before,.p-author:after,.cards-base:before,.cards-base:after{display:table;content:""}.p-author:after,.cards-base:after{clear:both}.tweet,.root,.p-author{zoom:1}.root,.tweet,.footer,.detail-expander,.header,.timeline{position:relative}button.load-more,.tweet-box-button,.no-tweets-pane .
04-26 03:18:02.867 E/GeckoConsole( 2081): [JavaScript Warning: "Unknown property 'zoom'.  Declaration dropped." {file: "https://platform.twitter.com/embed/timeline.6a72a50e1a93dc4d97ff897124263ab7.default.css" line: 1 column: 19336 source: "html body{display:block;background:transparent}html,body,h1,h2,h3,blockquote,p,ol,ul,li,img,iframe,button{padding:0;margin:0;font:normal normal normal 12px/16px "Helvetica Neue",Arial,sans-serif;text-decoration:none;-webkit-text-size-adjust:100%;-ms-text-size-adjust:100%;text-transform:none;vertical-align:baseline;list-style:none;border:0;-webkit-outline:0;-moz-outline:0;-ms-outline:0;-o-outline:0;outline:0}b,i{font-style:normal;font-weight:normal}abbr{border-bottom:0}.p-author:before,.p-author:after,.cards-base:before,.cards-base:after{display:table;content:""}.p-author:after,.cards-base:after{clear:both}.tweet,.root,.p-author{zoom:1}.root,.tweet,.footer,.detail-expander,.header,.timeline{position:relative}button.load-more,.tweet-box-button,.no-tweets-pane .load-tweets{-webkit-box-sizing:border-box;-moz-box-sizi
04-26 03:18:02.877 E/GeckoConsole( 2081): [JavaScript Warning: "Expected declaration but found '*'.  Skipped to next declaration." {file: "https://platform.twitter.com/embed/timeline.6a72a50e1a93dc4d97ff897124263ab7.default.css" line: 1 column: 19587 source: "html body{display:block;background:transparent}html,body,h1,h2,h3,blockquote,p,ol,ul,li,img,iframe,button{padding:0;margin:0;font:normal normal normal 12px/16px "Helvetica Neue",Arial,sans-serif;text-decoration:none;-webkit-text-size-adjust:100%;-ms-text-size-adjust:100%;text-transform:none;vertical-align:baseline;list-style:none;border:0;-webkit-outline:0;-moz-outline:0;-ms-outline:0;-o-outline:0;outline:0}b,i{font-style:normal;font-weight:normal}abbr{border-bottom:0}.p-author:before,.p-author:after,.cards-base:before,.cards-base:after{display:table;content:""}.p-author:after,.cards-base:after{clear:both}.tweet,.root,.p-author{zoom:1}.root,.tweet,.footer,.detail-expander,.header,.timeline{position:relative}button.load-more,.tweet-box-button,.no-tweets-pane .load-tweets{-webkit-box-sizing:borde
04-26 03:18:02.887 E/GeckoConsole( 2081): [JavaScript Warning: "Error in parsing value for 'background-image'.  Declaration dropped." {file: "https://platform.twitter.com/embed/timeline.6a72a50e1a93dc4d97ff897124263ab7.default.css" line: 1 column: 25325 source: "html body{display:block;background:transparent}html,body,h1,h2,h3,blockquote,p,ol,ul,li,img,iframe,button{padding:0;margin:0;font:normal normal normal 12px/16px "Helvetica Neue",Arial,sans-serif;text-decoration:none;-webkit-text-size-adjust:100%;-ms-text-size-adjust:100%;text-transform:none;vertical-align:baseline;list-style:none;border:0;-webkit-outline:0;-moz-outline:0;-ms-outline:0;-o-outline:0;outline:0}b,i{font-style:normal;font-weight:normal}abbr{border-bottom:0}.p-author:before,.p-author:after,.cards-base:before,.cards-base:after{display:table;content:""}.p-author:after,.cards-base:after{clear:both}.tweet,.root,.p-author{zoom:1}.root,.tweet,.footer,.detail-expander,.header,.timeline{position:relative}button.load-more,.tweet-box-button,.no-tweets-pane .load-tweets{-webkit-box-sizing:bo
04-26 03:18:02.907 E/GeckoConsole( 2081): [JavaScript Warning: "Error in parsing value for 'background-image'.  Declaration dropped." {file: "https://platform.twitter.com/embed/timeline.6a72a50e1a93dc4d97ff897124263ab7.default.css" line: 1 column: 25761 source: "html body{display:block;background:transparent}html,body,h1,h2,h3,blockquote,p,ol,ul,li,img,iframe,button{padding:0;margin:0;font:normal normal normal 12px/16px "Helvetica Neue",Arial,sans-serif;text-decoration:none;-webkit-text-size-adjust:100%;-ms-text-size-adjust:100%;text-transform:none;vertical-align:baseline;list-style:none;border:0;-webkit-outline:0;-moz-outline:0;-ms-outline:0;-o-outline:0;outline:0}b,i{font-style:normal;font-weight:normal}abbr{border-bottom:0}.p-author:before,.p-author:after,.cards-base:before,.cards-base:after{display:table;content:""}.p-author:after,.cards-base:after{clear:both}.tweet,.root,.p-author{zoom:1}.root,.tweet,.footer,.detail-expander,.header,.timeline{position:relative}button.load-more,.tweet-box-button,.no-tweets-pane .load-tweets{-webkit-box-sizing:bo
04-26 03:18:03.807 I/Gecko   (   83): 1398507483826	Marionette	INFO	sendToClient: {"from":"0","ok":true}, {05b3ab58-186d-4c8d-948e-336b5967defa}, {05b3ab58-186d-4c8d-948e-336b5967defa}
04-26 03:18:04.417 I/Gonk    (   83): Setting nice for pid 2129 to 18
04-26 03:18:04.437 I/Gonk    (   83): Changed nice for pid 2129 from 0 to 18.
04-26 03:18:05.457 I/Gecko   (   83): 
04-26 03:18:05.457 I/Gecko   (   83): ###!!! [Parent][MessageChannel] Error: Channel error: cannot send/recv
04-26 03:18:05.457 I/Gecko   (   83): 
04-26 03:18:05.627 I/Gecko   (   83): [Parent 83] WARNING: waitpid failed pid:2054 errno:10: file ../../../gecko/ipc/chromium/src/base/process_util_posix.cc, line 254
04-26 03:18:06.387 W/WifiHW  (   83): wifi_command: SIGNAL_POLL
04-26 03:18:06.747 I/Gecko   (   83): 1398507486759	Marionette	INFO	sendToClient: {"from":"0","value":"app://{95212a58-cc1f-4254-b1bb-138424f9ffdf}/index.html"}, {e9e53cea-cb7c-4e95-ad2b-feb2ed7e32e2}, {e9e53cea-cb7c-4e95-ad2b-feb2ed7e32e2}
04-26 03:18:06.777 I/Gecko   (   83): 1398507486789	Marionette	DEBUG	Got request: execute, data: {"to":"0","sessionId":"3-b2g","name":"executeScript","parameters":{"specialPowers":false,"scriptTimeout":null,"newSandbox":true,"args":[],"filename":"app_checker.py","script":"return window.document.readyState;","line":191}}, id: {09b31a9e-c3c1-4374-82fb-4abf0bfdb7b8}
04-26 03:18:07.077 I/Gecko   ( 2129): ###################################### forms.js loaded
04-26 03:18:07.187 I/Gecko   ( 2129): ############################### browserElementPanning.js loaded
04-26 03:18:07.237 I/Gecko   ( 2129): ######################## BrowserElementChildPreload.js loaded
04-26 03:18:07.437 I/Gecko   (   83): 1398507487448	Marionette	INFO	sendToClient: {"from":"0","value":"complete"}, {09b31a9e-c3c1-4374-82fb-4abf0bfdb7b8}, {09b31a9e-c3c1-4374-82fb-4abf0bfdb7b8}
04-26 03:18:07.627 I/Gecko   (   83): [Parent 83] WARNING: waitpid failed pid:2054 errno:10: file ../../../gecko/ipc/chromium/src/base/process_util_posix.cc, line 254
04-26 03:18:07.627 I/Gecko   (   83): [Parent 83] WARNING: Failed to deliver SIGKILL to 2054!(3).: file ../../../gecko/ipc/chromium/src/chrome/common/process_watcher_posix_sigchld.cc, line 118
04-26 03:18:09.737 I/Gecko   (   83): 1398507489755	Marionette	INFO	sendToClient: {"from":"0","value":"app://{95212a58-cc1f-4254-b1bb-138424f9ffdf}/index.html"}, {8d817b13-dc5d-47cf-8bef-ed7b7f9cffee}, {8d817b13-dc5d-47cf-8bef-ed7b7f9cffee}
04-26 03:18:09.927 I/Gecko   ( 2081): Attempting load of libEGL.so
04-26 03:18:10.087 D/libEGL  ( 2081): loaded /system/lib/egl/libEGL_mali.so
04-26 03:18:10.107 D/libEGL  ( 2081): loaded /system/lib/egl/libGLESv1_CM_mali.so
04-26 03:18:10.147 D/libEGL  ( 2081): loaded /system/lib/egl/libGLESv2_mali.so
04-26 03:18:10.207 I/Gecko   ( 2081): SharedSurface_Gralloc::Create -------
04-26 03:18:10.237 I/Gecko   ( 2081): SharedSurface_Gralloc::Create: success -- surface 0x440aafc0, GraphicBuffer 0x442a1780.
04-26 03:18:11.497 W/WifiHW  (   83): wifi_command: SIGNAL_POLL
04-26 03:18:12.007 I/Gecko   (   83): 1398507492014	Marionette	INFO	sendToClient: {"from":"0","value":"iVBORw0KGgoAAAANSUhEUgAAAUAAAAHMCAYAAACk4nEJAAAgAElEQVR4nOydd1xV5ePHL4iAiIgLcWtadl1XPeLIlZbZ3lbWr/o2rGyJijNHJorixm3u1ByoqUwXioCAIOBEZYgyBGRv4d7374/LPXLhDhwVyXm/Xs9LuedZ5+GeD8/8HBkSEhIStRTZv10BCQkJiX8LSQAlJCRqLZIASkhI1FokAZSQkKi1SAIoISFRa5EEUEJCotYiCaCEhEStpdoCWFJSQlZWFunp6dy5c0cKUpCCFGpUSE9PJysri5KSkscrgHl5eaSnp1NUVERZWVm1M5eQkJD4pygrK6OoqIj09HTy8vKqlcaoAJaUlJCeno5SqXzkCkpISEj83SiVStLT06vVEzQqgFlZWRQVFT2WiklISEj8ExQVFZGVlWU0nlEBTEtLk3p/EhIS/ymUSiVpaWlG4xkVwDt37jyWCklISEj8k1RHuyQBlJCQeCKRBFBCohaiVCqJiYkhIiKCsLCwJzJEREQQExNjcHpOEkAJiVpIYmIi165dIy8vD5VK9USGvLw8rl27RmJiot52kARQQqIWEhUVRV5eHmVlZU90yMvLIyoqSm87SAIoIVELCQsL4969e7UihIWF6W0HSQAlJGohYWFhFBcX6wx3srP1fJ7DotNXmHHsAr+Hxohx9cWvKUESQAkJCS3CwsIoLCzUGd7YEcj64OtVPu+2/jSypQHIVoQgW+zPkO0htFl2nPUhMXrzMhaCg4NZunQpJ0+e1Pr/w+anK9QIARw+8jUUDgN0hqUrVhpN/zg54uXNut83EX3t2j9aroRETSEsLIz8/HydYeifkcgW+/N/+8NIysgkPz+foLg7yFafR/ZHArKdici2xSPbGI3N71GE3Lqrlf7AgQO8/PLLWsHX11dnWcuXL0cQBDZs2KD1f311e5hQIwRw0PARyBWCzr
04-26 03:18:12.447 I/Gecko   (   83): 1398507492466	Marionette	INFO	sendToClient: {"from":"0","ok":true}, {df7a466d-0c74-436c-95c4-3001f2f32e12}, {df7a466d-0c74-436c-95c4-3001f2f32e12}
04-26 03:18:12.457 I/Gecko   (   83): 1398507492474	Marionette	DEBUG	Got request: switchToFrame, data: {"to":"0","sessionId":"3-b2g","name":"switchToFrame","parameters":{"id":null,"focus":true}}, id: {c52d51a9-0895-441e-b3a8-f77c7c0375c2}
04-26 03:18:12.527 I/Gecko   (   83): 1398507492542	Marionette	INFO	Switched to frame: {"frameValue":null}
04-26 03:18:12.657 I/Gecko   (   83): 1398507492673	Marionette	INFO	sendToClient: {"from":"0","ok":true}, {c52d51a9-0895-441e-b3a8-f77c7c0375c2}, {c52d51a9-0895-441e-b3a8-f77c7c0375c2}
04-26 03:18:12.667 I/Gecko   (   83): 1398507492681	Marionette	DEBUG	Got request: executeWithCallback, data: {"to":"0","sessionId":"3-b2g","name":"executeAsyncScript","parameters":{"specialPowers":false,"scriptTimeout":null,"newSandbox":true,"args":[],"filename":"gaia_test.py","script":"return GaiaApps.displayedApp();","line":66}}, id: {d1e3bf1a-0a97-4418-bd6f-b423e34bc02c}
04-26 03:18:12.897 E/GeckoConsole(   83): Content JS LOG at dummy file:392 in GaiaApps.displayedApp: app with origin 'app://{95212a58-cc1f-4254-b1bb-138424f9ffdf}' is displayed
04-26 03:18:12.907 I/Gecko   (   83): 1398507492918	Marionette	INFO	sendToClient: {"from":"0","value":{"frame":{"ELEMENT":"{b5e76fba-6008-4fe7-b2ba-bbe594a5c0b4}"},"src":"app://{95212a58-cc1f-4254-b1bb-138424f9ffdf}/index.html","name":"SGT","origin":"app://{95212a58-cc1f-4254-b1bb-138424f9ffdf}"}}, {d1e3bf1a-0a97-4418-bd6f-b423e34bc02c}, {d1e3bf1a-0a97-4418-bd6f-b423e34bc02c}
04-26 03:18:12.917 I/Gecko   (   83): 1398507492932	Marionette	DEBUG	Got request: switchToFrame, data: {"to":"0","sessionId":"3-b2g","name":"switchToFrame","parameters":{"id":null,"focus":true}}, id: {1d4b0fb6-4876-4b8b-ad21-f89b3ec1f3d2}
04-26 03:18:12.917 I/Gecko   (   83): 1398507492935	Marionette	INFO	Switched to frame: {"frameValue":null}
04-26 03:18:13.157 I/Gecko   (   83): 1398507493174	Marionette	INFO	sendToClient: {"from":"0","ok":true}, {1d4b0fb6-4876-4b8b-ad21-f89b3ec1f3d2}, {1d4b0fb6-4876-4b8b-ad21-f89b3ec1f3d2}
04-26 03:18:13.187 I/Gecko   (   83): 1398507493202	Marionette	DEBUG	Got request: execute, data: {"to":"0","sessionId":"3-b2g","name":"executeScript","parameters":{"specialPowers":false,"scriptTimeout":null,"newSandbox":true,"args":[],"filename":"gaia_test.py","script":"window.wrappedJSObject.dispatchEvent(new Event('home'));","line":788}}, id: {5f3b7771-4333-46d3-87f9-21910e8dfd58}
04-26 03:18:13.357 I/Gonk    (   83): Setting nice for pid 2129 to 18
04-26 03:18:13.357 I/Gonk    (   83): Changed nice for pid 2129 from 0 to 18.
04-26 03:18:13.367 I/Gecko   (   83): [Parent 83] WARNING: waitpid failed pid:2129 errno:10: file ../../../gecko/ipc/chromium/src/base/process_util_posix.cc, line 254
04-26 03:18:13.377 I/Gonk    (   83): Setting nice for pid 2129 to 1
04-26 03:18:13.377 I/Gonk    (   83): Changed nice for pid 2129 from 18 to 1.
04-26 03:18:13.417 D/Sensors (   83): activate handle=0; drv=0
04-26 03:18:13.417 D/Sensors (   83): Lis3dhSensor: Control set 0
04-26 03:18:13.417 D/Sensors (   83): Lis3dhSensor: mEnabled = 0
04-26 03:18:13.467 I/Gecko   (   83): 1398507493480	Marionette	INFO	sendToClient: {"from":"0","value":null}, {5f3b7771-4333-46d3-87f9-21910e8dfd58}, {5f3b7771-4333-46d3-87f9-21910e8dfd58}
04-26 03:18:13.487 I/Gecko   (   83): 1398507493503	Marionette	DEBUG	Got request: switchToFrame, data: {"to":"0","sessionId":"3-b2g","name":"switchToFrame","parameters":{"id":null,"focus":true}}, id: {34abbf6c-e0d7-4089-bb83-91b1bc4ef357}
04-26 03:18:13.497 I/Gecko   (   83): 1398507493509	Marionette	INFO	Switched to frame: {"frameValue":null}
04-26 03:18:13.687 I/Gecko   (   83): 1398507493698	Marionette	INFO	sendToClient: {"from":"0","ok":true}, {34abbf6c-e0d7-4089-bb83-91b1bc4ef357}, {34abbf6c-e0d7-4089-bb83-91b1bc4ef357}
04-26 03:18:13.697 I/Gecko   (   83): 1398507493714	Marionette	DEBUG	Got request: executeWithCallback, data: {"to":"0","sessionId":"3-b2g","name":"executeAsyncScript","parameters":{"specialPowers":false,"scriptTimeout":null,"newSandbox":true,"args":[],"filename":"gaia_test.py","script":"return GaiaApps.displayedApp();","line":66}}, id: {4b571409-ce02-4802-b801-b94846e3fa06}
04-26 03:18:13.787 I/Gecko   (   83): 1398507493803	Marionette	INFO	sendToClient: {"from":"0","value":{"frame":{"ELEMENT":"{93e112de-b79d-495e-91f0-59c100f2d42e}"},"src":"app://homescreen.gaiamobile.org/index.html#root","name":"Homescreen","origin":"app://homescreen.gaiamobile.org"}}, {4b571409-ce02-4802-b801-b94846e3fa06}, {4b571409-ce02-4802-b801-b94846e3fa06}
04-26 03:18:13.807 E/GeckoConsole(   83): Content JS LOG at dummy file:392 in GaiaApps.displayedApp: app with origin 'app://homescreen.gaiamobile.org' is displayed
04-26 03:18:13.817 I/Gecko   (   83): 1398507493833	Marionette	DEBUG	Got request: switchToFrame, data: {"to":"0","sessionId":"3-b2g","name":"switchToFrame","parameters":{"id":null,"focus":true}}, id: {5de3ca19-f192-45c4-807e-e21b71c4eab0}
04-26 03:18:13.817 I/Gecko   (   83): 1398507493835	Marionette	INFO	Switched to frame: {"frameValue":null}
04-26 03:18:13.927 I/Gecko   (   83): 1398507493939	Marionette	INFO	sendToClient: {"from":"0","ok":true}, {5de3ca19-f192-45c4-807e-e21b71c4eab0}, {5de3ca19-f192-45c4-807e-e21b71c4eab0}
04-26 03:18:13.927 I/Gecko   (   83): 1398507493945	Marionette	DEBUG	Got request: switchToFrame, data: {"to":"0","sessionId":"3-b2g","name":"switchToFrame","parameters":{"id":null,"focus":true}}, id: {41819c5c-91ba-4c0e-8083-f79b37c96288}
04-26 03:18:13.937 I/Gecko   (   83): 1398507493948	Marionette	INFO	Switched to frame: {"frameValue":null}
04-26 03:18:14.037 I/Gecko   (   83): 1398507494051	Marionette	INFO	sendToClient: {"from":"0","ok":true}, {41819c5c-91ba-4c0e-8083-f79b37c96288}, {41819c5c-91ba-4c0e-8083-f79b37c96288}
04-26 03:18:14.047 I/Gecko   (   83): 1398507494058	Marionette	DEBUG	Got request: executeWithCallback, data: {"to":"0","sessionId":"3-b2g","name":"executeAsyncScript","parameters":{"specialPowers":false,"scriptTimeout":null,"newSandbox":true,"args":[],"filename":"gaia_test.py","script":"return GaiaApps.displayedApp();","line":66}}, id: {8f5bdd2b-0b2d-4716-a64a-e910a3c2fc6a}
04-26 03:18:14.127 E/GeckoConsole(   83): Content JS LOG at dummy file:392 in GaiaApps.displayedApp: app with origin 'app://homescreen.gaiamobile.org' is displayed
04-26 03:18:14.127 I/Gecko   (   83): 1398507494139	Marionette	INFO	sendToClient: {"from":"0","value":{"frame":{"ELEMENT":"{93e112de-b79d-495e-91f0-59c100f2d42e}"},"src":"app://homescreen.gaiamobile.org/index.html#root","name":"Homescreen","origin":"app://homescreen.gaiamobile.org"}}, {8f5bdd2b-0b2d-4716-a64a-e910a3c2fc6a}, {8f5bdd2b-0b2d-4716-a64a-e910a3c2fc6a}
04-26 03:18:14.137 I/Gecko   (   83): 1398507494152	Marionette	DEBUG	Got request: switchToFrame, data: {"to":"0","sessionId":"3-b2g","name":"switchToFrame","parameters":{"focus":true,"element":"{93e112de-b79d-495e-91f0-59c100f2d42e}"}}, id: {35d9e6fb-4ead-460a-a509-b7fa5a6e467c}
04-26 03:18:14.187 I/Gecko   (   83): 1398507494203	Marionette	INFO	Switched to frame: {"frameValue":"{93e112de-b79d-495e-91f0-59c100f2d42e}"}
04-26 03:18:14.237 I/Gecko   (   83): 1398507494252	Marionette	INFO	trying remote frame 0
04-26 03:18:14.247 I/Gecko   (   83): 1398507494258	Marionette	INFO	trying remote frame 1
04-26 03:18:14.247 I/Gecko   (   83): 1398507494259	Marionette	INFO	trying remote frame 2
04-26 03:18:14.247 I/Gecko   (   83): 1398507494260	Marionette	INFO	trying remote frame 3
04-26 03:18:14.247 I/Gecko   (   83): 1398507494261	Marionette	INFO	trying remote frame 4
04-26 03:18:14.257 I/Gecko   (   83): 1398507494273	Marionette	INFO	deleting frame
04-26 03:18:14.267 I/Gecko   (   83): 1398507494277	Marionette	INFO	trying remote frame 5
04-26 03:18:14.267 I/Gecko   (   83): 1398507494285	Marionette	INFO	frame-manager load script: [object ChromeMessageSender]
04-26 03:18:15.257 I/Gonk    (   83): Setting nice for pid 2081 to 18
04-26 03:18:15.257 I/Gonk    (   83): Changed nice for pid 2081 from 1 to 18.
04-26 03:18:15.637 I/Gecko   (   83): 1398507495654	Marionette	INFO	sendToClient: {"from":"0","ok":true}, {35d9e6fb-4ead-460a-a509-b7fa5a6e467c}, {35d9e6fb-4ead-460a-a509-b7fa5a6e467c}
04-26 03:18:15.887 I/Gecko   (   83): [Parent 83] WARNING: pipe error (98): Connection reset by peer: file ../../../gecko/ipc/chromium/src/chrome/common/ipc_channel_posix.cc, line 446
04-26 03:18:15.887 I/Gecko   (   83): 
04-26 03:18:15.887 I/Gecko   (   83): ###!!! [Parent][MessageChannel] Error: Channel error: cannot send/recv
04-26 03:18:15.887 I/Gecko   (   83): 
04-26 03:18:15.987 I/Gecko   (   83): [Parent 83] WARNING: waitpid failed pid:2081 errno:10: file ../../../gecko/ipc/chromium/src/base/process_util_posix.cc, line 254
04-26 03:18:16.067 I/Gecko   (   83): 1398507496081	Marionette	INFO	sendToClient: {"from":"0","value":"app://homescreen.gaiamobile.org/index.html#root"}, {58693b2b-243e-497a-8e71-d411405ae82b}, {58693b2b-243e-497a-8e71-d411405ae82b}
04-26 03:18:16.077 I/Gecko   (   83): 1398507496088	Marionette	DEBUG	Got request: switchToFrame, data: {"to":"0","sessionId":"3-b2g","name":"switchToFrame","parameters":{"id":null,"focus":true}}, id: {9a3e582c-6c93-4a0d-81e3-8919266b8977}
04-26 03:18:16.087 I/Gecko   (   83): 1398507496099	Marionette	INFO	Switched to frame: {"frameValue":null}
04-26 03:18:16.187 I/Gecko   (   83): 1398507496204	Marionette	INFO	sendToClient: {"from":"0","ok":true}, {9a3e582c-6c93-4a0d-81e3-8919266b8977}, {9a3e582c-6c93-4a0d-81e3-8919266b8977}
04-26 03:18:16.197 I/Gecko   (   83): 1398507496210	Marionette	DEBUG	Got request: switchToFrame, data: {"to":"0","sessionId":"3-b2g","name":"switchToFrame","parameters":{"id":null,"focus":true}}, id: {fc69b66b-dc6b-44c0-a772-1500beafec32}
04-26 03:18:16.197 I/Gecko   (   83): 1398507496212	Marionette	INFO	Switched to frame: {"frameValue":null}
04-26 03:18:16.307 I/Gecko   (   83): 1398507496317	Marionette	INFO	sendToClient: {"from":"0","ok":true}, {fc69b66b-dc6b-44c0-a772-1500beafec32}, {fc69b66b-dc6b-44c0-a772-1500beafec32}
04-26 03:18:16.307 I/Gecko   (   83): 1398507496324	Marionette	DEBUG	Got request: executeWithCallback, data: {"to":"0","sessionId":"3-b2g","name":"executeAsyncScript","parameters":{"specialPowers":false,"scriptTimeout":null,"newSandbox":true,"args":[],"filename":"gaia_test.py","script":"GaiaApps.killAll()","line":91}}, id: {72cbbed0-3082-4811-b35b-b226921f9b2b}
04-26 03:18:16.367 I/Gecko   (   83): 1398507496385	Marionette	INFO	sendToClient: {"from":"0","value":true}, {72cbbed0-3082-4811-b35b-b226921f9b2b}, {72cbbed0-3082-4811-b35b-b226921f9b2b}
04-26 03:18:16.377 I/Gecko   (   83): 1398507496392	Marionette	DEBUG	Got request: switchToFrame, data: {"to":"0","sessionId":"3-b2g","name":"switchToFrame","parameters":{"id":null,"focus":true}}, id: {86c0c343-eae3-451a-89aa-e1b6d4d17829}
04-26 03:18:16.387 I/Gecko   (   83): 1398507496398	Marionette	INFO	Switched to frame: {"frameValue":null}
04-26 03:18:16.487 I/Gecko   (   83): 1398507496501	Marionette	INFO	sendToClient: {"from":"0","ok":true}, {86c0c343-eae3-451a-89aa-e1b6d4d17829}, {86c0c343-eae3-451a-89aa-e1b6d4d17829}
04-26 03:18:16.497 I/Gecko   (   83): 1398507496508	Marionette	DEBUG	Got request: executeWithCallback, data: {"to":"0","sessionId":"3-b2g","name":"executeAsyncScript","parameters":{"specialPowers":false,"scriptTimeout":60000,"newSandbox":true,"args":[],"filename":"app_checker.py","script":"\n        GaiaApps.locateWithManifestURL('https://marketplace.firefox.com/app/362e3acb-c15c-435e-81b5-89f040230f8f/manifest.webapp',\n                                       null,\n                                       function uninstall(app) {\n                                       navigator.mozApps.mgmt.uninstall(app);\n                                       marionetteScriptFinished(true);\n                                       });\n        ","line":129}}, id: {fe99b308-7c77-4cf5-aec8-52d65d038c58}
04-26 03:18:16.537 I/Gecko   (   83): -- webapps.js uninstall https://marketplace.firefox.com/app/362e3acb-c15c-435e-81b5-89f040230f8f/manifest.webapp
04-26 03:18:16.537 W/WifiHW  (   83): wifi_command: SIGNAL_POLL
04-26 03:18:16.917 I/Gecko   (   83): 1398507496932	Marionette	INFO	sendToClient: {"from":"0","value":true}, {fe99b308-7c77-4cf5-aec8-52d65d038c58}, {fe99b308-7c77-4cf5-aec8-52d65d038c58}