--------- beginning of /dev/log/main
04-26 01:06:03.067 I/Gecko   (   83): 1398499563075	Marionette	INFO	sendToClient: {"from":"0","ok":true}, {51389a2b-e5f3-4fee-a053-afa846ae574d}, {51389a2b-e5f3-4fee-a053-afa846ae574d}
04-26 01:06:03.097 I/Gecko   (   83): 1398499563104	Marionette	DEBUG	Got request: switchToFrame, data: {"to":"0","sessionId":"3-b2g","name":"switchToFrame","parameters":{"id":null,"focus":true}}, id: {d62918aa-a890-4b54-a027-acbfcf0c414f}
04-26 01:06:03.107 I/Gecko   (   83): 1398499563114	Marionette	INFO	Switched to frame: {"frameValue":null}
04-26 01:06:03.217 I/Gecko   (   83): 1398499563223	Marionette	INFO	sendToClient: {"from":"0","ok":true}, {d62918aa-a890-4b54-a027-acbfcf0c414f}, {d62918aa-a890-4b54-a027-acbfcf0c414f}
04-26 01:06:03.217 I/Gecko   (   83): 1398499563230	Marionette	DEBUG	Got request: executeWithCallback, data: {"to":"0","sessionId":"3-b2g","name":"executeAsyncScript","parameters":{"specialPowers":false,"scriptTimeout":null,"newSandbox":true,"args":[],"filename":"gaia_test.py","script":"return GaiaApps.displayedApp();","line":66}}, id: {361bb7fc-1a74-4292-94d7-aae76c57fbb6}
04-26 01:06:03.287 I/Gecko   (   83): 1398499563292	Marionette	INFO	sendToClient: {"from":"0","value":{"frame":{"ELEMENT":"{ef36fa09-45de-42e9-87ce-3b4f2434ceaa}"},"src":"app://homescreen.gaiamobile.org/index.html#root","name":"Homescreen","origin":"app://homescreen.gaiamobile.org"}}, {361bb7fc-1a74-4292-94d7-aae76c57fbb6}, {361bb7fc-1a74-4292-94d7-aae76c57fbb6}
04-26 01:06:03.287 E/GeckoConsole(   83): Content JS LOG at dummy file:392 in GaiaApps.displayedApp: app with origin 'app://homescreen.gaiamobile.org' is displayed
04-26 01:06:03.317 I/Gecko   (   83): 1398499563327	Marionette	DEBUG	Got request: switchToFrame, data: {"to":"0","sessionId":"3-b2g","name":"switchToFrame","parameters":{"id":null,"focus":true}}, id: {50d9a4a9-7108-40de-8175-2feb0f6615f2}
04-26 01:06:03.317 I/Gecko   (   83): 1398499563329	Marionette	INFO	Switched to frame: {"frameValue":null}
04-26 01:06:03.427 I/Gecko   (   83): 1398499563431	Marionette	INFO	sendToClient: {"from":"0","ok":true}, {50d9a4a9-7108-40de-8175-2feb0f6615f2}, {50d9a4a9-7108-40de-8175-2feb0f6615f2}
04-26 01:06:03.427 I/Gecko   (   83): 1398499563438	Marionette	DEBUG	Got request: switchToFrame, data: {"to":"0","sessionId":"3-b2g","name":"switchToFrame","parameters":{"id":null,"focus":true}}, id: {2fa846cf-ce7f-4573-b00f-c2a7978b5c90}
04-26 01:06:03.427 I/Gecko   (   83): 1398499563440	Marionette	INFO	Switched to frame: {"frameValue":null}
04-26 01:06:03.537 I/Gecko   (   83): 1398499563543	Marionette	INFO	sendToClient: {"from":"0","ok":true}, {2fa846cf-ce7f-4573-b00f-c2a7978b5c90}, {2fa846cf-ce7f-4573-b00f-c2a7978b5c90}
04-26 01:06:03.557 I/Gecko   (   83): 1398499563567	Marionette	DEBUG	Got request: executeWithCallback, data: {"to":"0","sessionId":"3-b2g","name":"executeAsyncScript","parameters":{"specialPowers":false,"scriptTimeout":null,"newSandbox":true,"args":[],"filename":"gaia_test.py","script":"return GaiaApps.displayedApp();","line":66}}, id: {c64b2327-2e82-4549-8bad-5e4812db0a85}
04-26 01:06:03.627 I/Gecko   (   83): 1398499563632	Marionette	INFO	sendToClient: {"from":"0","value":{"frame":{"ELEMENT":"{ef36fa09-45de-42e9-87ce-3b4f2434ceaa}"},"src":"app://homescreen.gaiamobile.org/index.html#root","name":"Homescreen","origin":"app://homescreen.gaiamobile.org"}}, {c64b2327-2e82-4549-8bad-5e4812db0a85}, {c64b2327-2e82-4549-8bad-5e4812db0a85}
04-26 01:06:03.627 E/GeckoConsole(   83): Content JS LOG at dummy file:392 in GaiaApps.displayedApp: app with origin 'app://homescreen.gaiamobile.org' is displayed
04-26 01:06:03.637 I/Gecko   (   83): 1398499563641	Marionette	DEBUG	Got request: switchToFrame, data: {"to":"0","sessionId":"3-b2g","name":"switchToFrame","parameters":{"focus":true,"element":"{ef36fa09-45de-42e9-87ce-3b4f2434ceaa}"}}, id: {842065cf-493f-47f5-a92c-aeb3e5847439}
04-26 01:06:03.637 I/Gecko   (   83): 1398499563648	Marionette	INFO	Switched to frame: {"frameValue":"{ef36fa09-45de-42e9-87ce-3b4f2434ceaa}"}
04-26 01:06:03.657 I/Gecko   (   83): 1398499563663	Marionette	INFO	trying remote frame 0
04-26 01:06:03.657 I/Gecko   (   83): 1398499563664	Marionette	INFO	deleting frame
04-26 01:06:03.657 I/Gecko   (   83): 1398499563664	Marionette	INFO	trying remote frame 1
04-26 01:06:03.767 I/Gecko   (   83): 1398499563774	Marionette	INFO	sendToClient: {"from":"0","ok":true}, {842065cf-493f-47f5-a92c-aeb3e5847439}, {842065cf-493f-47f5-a92c-aeb3e5847439}
04-26 01:06:03.797 W/WifiHW  (   83): wifi_command: SIGNAL_POLL
04-26 01:06:03.917 I/Gecko   (   83): 1398499563926	Marionette	INFO	sendToClient: {"from":"0","value":{"ELEMENT":"{b8c127b7-cf6e-4229-8674-f210c3981c81}"}}, {64b42b45-0447-426f-920c-80e1de091cf2}, {64b42b45-0447-426f-920c-80e1de091cf2}
04-26 01:06:04.227 E/GeckoConsole(  714): [JavaScript Warning: "Use of getAttributeNode() is deprecated. Use getAttribute() instead." {file: "chrome://marionette/content/atoms.js" line: 25}]
04-26 01:06:04.237 E/GeckoConsole(  714): [JavaScript Warning: "Use of attributes' specified attribute is deprecated. It always returns true." {file: "chrome://marionette/content/atoms.js" line: 25}]
04-26 01:06:04.237 I/Gecko   (   83): 1398499564243	Marionette	INFO	sendToClient: {"from":"0","value":"normal"}, {139ba63f-c065-4e41-a7ed-b3ab2567d8db}, {139ba63f-c065-4e41-a7ed-b3ab2567d8db}
04-26 01:06:04.237 I/Gecko   (   83): 1398499564250	Marionette	DEBUG	Got request: switchToFrame, data: {"to":"0","sessionId":"3-b2g","name":"switchToFrame","parameters":{"id":null,"focus":true}}, id: {4b74a3da-5b8e-430f-8677-2e8fa4eb50d3}
04-26 01:06:04.247 I/Gecko   (   83): 1398499564258	Marionette	INFO	Switched to frame: {"frameValue":null}
04-26 01:06:04.357 I/Gecko   (   83): 1398499564362	Marionette	INFO	sendToClient: {"from":"0","ok":true}, {4b74a3da-5b8e-430f-8677-2e8fa4eb50d3}, {4b74a3da-5b8e-430f-8677-2e8fa4eb50d3}
04-26 01:06:04.357 I/Gecko   (   83): 1398499564369	Marionette	DEBUG	Got request: execute, data: {"to":"0","sessionId":"3-b2g","name":"executeScript","parameters":{"specialPowers":false,"scriptTimeout":null,"newSandbox":true,"args":[],"filename":"gaia_test.py","script":"window.wrappedJSObject.dispatchEvent(new Event('home'));","line":788}}, id: {397700ef-b855-4767-8b38-bb8693ce602d}
04-26 01:06:04.407 I/Gecko   (   83): 1398499564414	Marionette	INFO	sendToClient: {"from":"0","value":null}, {397700ef-b855-4767-8b38-bb8693ce602d}, {397700ef-b855-4767-8b38-bb8693ce602d}
04-26 01:06:04.407 I/Gecko   (   83): 1398499564420	Marionette	DEBUG	Got request: switchToFrame, data: {"to":"0","sessionId":"3-b2g","name":"switchToFrame","parameters":{"id":null,"focus":true}}, id: {e92b807e-7536-4c46-a89e-645d7c5d4c40}
04-26 01:06:04.417 I/Gecko   (   83): 1398499564422	Marionette	INFO	Switched to frame: {"frameValue":null}
04-26 01:06:04.517 I/Gecko   (   83): 1398499564525	Marionette	INFO	sendToClient: {"from":"0","ok":true}, {e92b807e-7536-4c46-a89e-645d7c5d4c40}, {e92b807e-7536-4c46-a89e-645d7c5d4c40}
04-26 01:06:04.527 I/Gecko   (   83): 1398499564534	Marionette	DEBUG	Got request: switchToFrame, data: {"to":"0","sessionId":"3-b2g","name":"switchToFrame","parameters":{"id":null,"focus":true}}, id: {dfceffb0-1c0c-4078-ba08-713eb56be7a0}
04-26 01:06:04.527 I/Gecko   (   83): 1398499564536	Marionette	INFO	Switched to frame: {"frameValue":null}
04-26 01:06:04.647 I/Gecko   (   83): 1398499564653	Marionette	INFO	sendToClient: {"from":"0","ok":true}, {dfceffb0-1c0c-4078-ba08-713eb56be7a0}, {dfceffb0-1c0c-4078-ba08-713eb56be7a0}
04-26 01:06:04.657 I/Gecko   (   83): 1398499564668	Marionette	DEBUG	Got request: executeWithCallback, data: {"to":"0","sessionId":"3-b2g","name":"executeAsyncScript","parameters":{"specialPowers":false,"scriptTimeout":null,"newSandbox":true,"args":[],"filename":"gaia_test.py","script":"return GaiaApps.displayedApp();","line":66}}, id: {f62f1ba5-4d83-4fa8-88eb-d42632b7c79b}
04-26 01:06:04.717 I/Gecko   (   83): 1398499564728	Marionette	INFO	sendToClient: {"from":"0","value":{"frame":{"ELEMENT":"{ef36fa09-45de-42e9-87ce-3b4f2434ceaa}"},"src":"app://homescreen.gaiamobile.org/index.html#rootSat%20Apr%2026%202014%2001:06:04%20GMT-0700%20(UTC)","name":"Homescreen","origin":"app://homescreen.gaiamobile.org"}}, {f62f1ba5-4d83-4fa8-88eb-d42632b7c79b}, {f62f1ba5-4d83-4fa8-88eb-d42632b7c79b}
04-26 01:06:04.727 E/GeckoConsole(   83): Content JS LOG at dummy file:392 in GaiaApps.displayedApp: app with origin 'app://homescreen.gaiamobile.org' is displayed
04-26 01:06:04.747 I/Gecko   (   83): 1398499564755	Marionette	DEBUG	Got request: switchToFrame, data: {"to":"0","sessionId":"3-b2g","name":"switchToFrame","parameters":{"focus":true,"element":"{ef36fa09-45de-42e9-87ce-3b4f2434ceaa}"}}, id: {c3846f3c-08c4-4654-a48e-92d22ae73a1b}
04-26 01:06:04.757 I/Gecko   (   83): 1398499564767	Marionette	INFO	Switched to frame: {"frameValue":"{ef36fa09-45de-42e9-87ce-3b4f2434ceaa}"}
04-26 01:06:04.757 I/Gecko   (   83): 1398499564769	Marionette	INFO	trying remote frame 0
04-26 01:06:04.757 I/Gecko   (   83): 1398499564770	Marionette	INFO	deleting frame
04-26 01:06:04.767 I/Gecko   (   83): 1398499564774	Marionette	INFO	frame-manager load script: [object ChromeMessageSender]
04-26 01:06:05.927 I/Gecko   (   83): 1398499565935	Marionette	INFO	sendToClient: {"from":"0","ok":true}, {c3846f3c-08c4-4654-a48e-92d22ae73a1b}, {c3846f3c-08c4-4654-a48e-92d22ae73a1b}
04-26 01:06:05.937 I/Gecko   (   83): 1398499565944	Marionette	DEBUG	Got request: execute, data: {"to":"0","sessionId":"3-b2g","name":"executeScript","parameters":{"specialPowers":false,"scriptTimeout":null,"newSandbox":true,"args":[],"filename":"gaia_test.py","script":"return window.wrappedJSObject.GridManager.pageHelper.getCurrentPageNumber();","line":784}}, id: {66b9bf7b-8a4d-493d-a4ea-a0a76810e3f7}
04-26 01:06:05.937 E/GeckoConsole(  714): Content JS WARN at app://homescreen.gaiamobile.org/gaia_build_defer_index.js:184 in isHiddenApp: Unexpected role when checking hidden app: undefined
04-26 01:06:05.937 E/GeckoConsole(  714): Content JS WARN at app://homescreen.gaiamobile.org/gaia_build_defer_index.js:184 in isHiddenApp: Unexpected role when checking hidden app: undefined
04-26 01:06:05.937 E/GeckoConsole(  714): Content JS WARN at app://homescreen.gaiamobile.org/gaia_build_defer_index.js:184 in isHiddenApp: Unexpected role when checking hidden app: undefined
04-26 01:06:05.947 E/GeckoConsole(  714): Content JS WARN at app://homescreen.gaiamobile.org/gaia_build_defer_index.js:184 in isHiddenApp: Unexpected role when checking hidden app: undefined
04-26 01:06:05.947 E/GeckoConsole(  714): Content JS WARN at app://homescreen.gaiamobile.org/gaia_build_defer_index.js:184 in isHiddenApp: Unexpected role when checking hidden app: undefined
04-26 01:06:05.947 E/GeckoConsole(  714): Content JS WARN at app://homescreen.gaiamobile.org/gaia_build_defer_index.js:184 in isHiddenApp: Unexpected role when checking hidden app: undefined
04-26 01:06:05.947 E/GeckoConsole(  714): Content JS WARN at app://homescreen.gaiamobile.org/gaia_build_defer_index.js:184 in isHiddenApp: Unexpected role when checking hidden app: undefined
04-26 01:06:05.947 E/GeckoConsole(  714): Content JS WARN at app://homescreen.gaiamobile.org/gaia_build_defer_index.js:184 in isHiddenApp: Unexpected role when checking hidden app: undefined
04-26 01:06:05.947 E/GeckoConsole(  714): Content JS WARN at app://homescreen.gaiamobile.org/gaia_build_defer_index.js:184 in isHiddenApp: Unexpected role when checking hidden app: undefined
04-26 01:06:05.957 E/GeckoConsole(  714): Content JS WARN at app://homescreen.gaiamobile.org/gaia_build_defer_index.js:184 in isHiddenApp: Unexpected role when checking hidden app: undefined
04-26 01:06:05.957 E/GeckoConsole(  714): Content JS WARN at app://homescreen.gaiamobile.org/gaia_build_defer_index.js:184 in isHiddenApp: Unexpected role when checking hidden app: undefined
04-26 01:06:05.957 E/GeckoConsole(  714): Content JS WARN at app://homescreen.gaiamobile.org/gaia_build_defer_index.js:184 in isHiddenApp: Unexpected role when checking hidden app: undefined
04-26 01:06:05.957 E/GeckoConsole(  714): Content JS WARN at app://homescreen.gaiamobile.org/gaia_build_defer_index.js:184 in isHiddenApp: Unexpected role when checking hidden app: undefined
04-26 01:06:05.957 E/GeckoConsole(  714): Content JS WARN at app://homescreen.gaiamobile.org/gaia_build_defer_index.js:184 in isHiddenApp: Unexpected role when checking hidden app: undefined
04-26 01:06:05.957 E/GeckoConsole(  714): Content JS WARN at app://homescreen.gaiamobile.org/gaia_build_defer_index.js:184 in isHiddenApp: Unexpected role when checking hidden app: undefined
04-26 01:06:05.957 E/GeckoConsole(  714): Content JS WARN at app://homescreen.gaiamobile.org/gaia_build_defer_index.js:184 in isHiddenApp: Unexpected role when checking hidden app: undefined
04-26 01:06:05.957 E/GeckoConsole(  714): Content JS WARN at app://homescreen.gaiamobile.org/gaia_build_defer_index.js:184 in isHiddenApp: Unexpected role when checking hidden app: undefined
04-26 01:06:05.957 E/GeckoConsole(  714): Content JS WARN at app://homescreen.gaiamobile.org/gaia_build_defer_index.js:184 in isHiddenApp: Unexpected role when checking hidden app: undefined
04-26 01:06:05.957 E/GeckoConsole(  714): Content JS WARN at app://homescreen.gaiamobile.org/gaia_build_defer_index.js:184 in isHiddenApp: Unexpected role when checking hidden app: undefined
04-26 01:06:06.157 I/Gecko   (   83): 1398499566169	Marionette	INFO	sendToClient: {"from":"0","value":0}, {66b9bf7b-8a4d-493d-a4ea-a0a76810e3f7}, {66b9bf7b-8a4d-493d-a4ea-a0a76810e3f7}
04-26 01:06:06.247 I/Gecko   (   83): 1398499566258	Marionette	INFO	sendToClient: {"from":"0","value":["{d72ae041-5219-49cb-8385-d5acc7f51da6}","{8474b09e-bc6d-48e1-8acc-288ecce465c4}","{e676f842-49ab-4151-8fa1-f9dbeb431bcb}","{a498985f-c726-4fb4-ab7a-1e55678380fc}","{187847b1-01ec-4c15-9b15-7c4d5ed7de3c}","{16761f7e-24cc-4605-883a-3aec4d20a67e}","{7c1c284e-39bd-452d-83cc-de1251efa744}","{cab600bd-9a44-4473-9833-30e2e071e403}","{b328e26d-eef3-47e7-a4c7-1db1d56d97b6}","{55fd4c07-c7a3-421e-9472-3a5cb65a9386}","{78431a97-2eea-437c-9104-f5eb3772c101}","{bdf2ba4c-bc26-4cb2-ae3b-2d1d36f7e62e}","{fc9e56bf-7932-41a2-9446-0b8ad87f7e4f}","{1da41e9c-1f50-478c-aabc-e43d6c78f641}","{274a9b26-7c9f-4986-9658-15c182f235e8}","{bae84db1-daea-4b2f-9863-a07cb45ee972}","{58908af2-ef71-4dc1-90d1-caef545fac01}","{c19b64f5-c8f0-4ced-8f58-0990dc72f1f4}","{cf508bf4-7520-45c3-ac02-c3bcee84dd01}","{baf77106-01e6-445f-969f-6698e2d26a3e}","{f0fda7d0-5499-4785-bea4-9b7448a8e582}","{f04fb83a-048d-40f7-8b06-b36d83271df2}","{68d2a694-a7d1-4ae7-9bd1-7d4e7404e95e}"]}, {0d7cb38e-cf
04-26 01:06:06.287 I/Gecko   (   83): 1398499566296	Marionette	INFO	sendToClient: {"from":"0","value":"app://homescreen.gaiamobile.org/index.html#rootSat%20Apr%2026%202014%2001:06:04%20GMT-0700%20(UTC)"}, {039bda5c-bbaa-489d-b278-f49e174ed53b}, {039bda5c-bbaa-489d-b278-f49e174ed53b}
04-26 01:06:06.297 I/Gecko   (   83): 1398499566303	Marionette	DEBUG	Got request: switchToFrame, data: {"to":"0","sessionId":"3-b2g","name":"switchToFrame","parameters":{"id":null,"focus":true}}, id: {91cc849b-3af0-4a9f-a484-f11ea3de0495}
04-26 01:06:06.307 I/Gecko   (   83): 1398499566313	Marionette	INFO	Switched to frame: {"frameValue":null}
04-26 01:06:06.407 I/Gecko   (   83): 1398499566416	Marionette	INFO	sendToClient: {"from":"0","ok":true}, {91cc849b-3af0-4a9f-a484-f11ea3de0495}, {91cc849b-3af0-4a9f-a484-f11ea3de0495}
04-26 01:06:06.417 I/Gecko   (   83): 1398499566424	Marionette	DEBUG	Got request: switchToFrame, data: {"to":"0","sessionId":"3-b2g","name":"switchToFrame","parameters":{"id":null,"focus":true}}, id: {e325eae6-8a35-4f89-8607-982e46d7b5e3}
04-26 01:06:06.417 I/Gecko   (   83): 1398499566427	Marionette	INFO	Switched to frame: {"frameValue":null}
04-26 01:06:06.527 I/Gecko   (   83): 1398499566532	Marionette	INFO	sendToClient: {"from":"0","ok":true}, {e325eae6-8a35-4f89-8607-982e46d7b5e3}, {e325eae6-8a35-4f89-8607-982e46d7b5e3}
04-26 01:06:06.527 I/Gecko   (   83): 1398499566539	Marionette	DEBUG	Got request: executeWithCallback, data: {"to":"0","sessionId":"3-b2g","name":"executeAsyncScript","parameters":{"specialPowers":false,"scriptTimeout":30000,"newSandbox":true,"args":[],"filename":"app_checker.py","script":"GaiaApps.launchWithManifestURL('https://marketplace.firefox.com/app/d4ed751a-e4eb-48ef-ae3d-1ca39d62f5b7/manifest.webapp')","line":106}}, id: {0f835ecc-edf3-41cc-bcc4-4fc31de79a81}
04-26 01:06:06.637 I/Gonk    (   83): Setting nice for pid 722 to 18
04-26 01:06:06.637 I/Gonk    (   83): Changed nice for pid 722 from 18 to 18.
04-26 01:06:06.637 I/Gecko   (   83): [Parent 83] WARNING: waitpid failed pid:722 errno:10: file ../../../gecko/ipc/chromium/src/base/process_util_posix.cc, line 254
04-26 01:06:06.637 I/Gonk    (   83): Setting nice for pid 722 to 1
04-26 01:06:06.637 I/Gonk    (   83): Changed nice for pid 722 from 18 to 1.
04-26 01:06:06.677 E/GeckoConsole(   83): Content JS LOG at dummy file:334 in GaiaApps.launch: launching app with name 'watch your ip'
04-26 01:06:07.007 D/Sensors (   83): activate handle=0; drv=0
04-26 01:06:07.027 D/Sensors (   83): Lis3dhSensor: Control set 1
04-26 01:06:07.027 D/Sensors (   83): Lis3dhSensor: mEnabled = 1
04-26 01:06:07.067 I/Gonk    (   83): Setting nice for pid 714 to 18
04-26 01:06:07.077 I/Gonk    (   83): Changed nice for pid 714 from 1 to 18.
04-26 01:06:07.627 I/Gecko   (  722): ###################################### forms.js loaded
04-26 01:06:07.637 I/Gecko   (  722): ############################### browserElementPanning.js loaded
04-26 01:06:07.667 I/Gecko   (  722): ######################## BrowserElementChildPreload.js loaded
04-26 01:06:08.407 E/GeckoConsole(  722): [JavaScript Error: "The character encoding of the HTML document was not declared. The document will render with garbled text in some browser configurations if the document contains characters from outside the US-ASCII range. The character encoding of the page must be declared in the document or in the transfer protocol." {file: "app://{26cfd9cf-3cec-4f1c-995c-95fb35bf2bca}/index.html" line: 0}]
04-26 01:06:08.467 I/Gonk    (   83): Setting nice for pid 779 to 18
04-26 01:06:08.467 I/Gonk    (   83): Changed nice for pid 779 from 0 to 18.
04-26 01:06:08.907 W/WifiHW  (   83): wifi_command: SIGNAL_POLL
04-26 01:06:09.267 V/AudioPolicyManagerBase(   88): startOutput() output 1, stream 1, session 3
04-26 01:06:09.267 V/AudioPolicyManagerBase(   88): changeRefCount() stream 1, count 1
04-26 01:06:09.267 V/AudioPolicyManagerBase(   88): getDeviceForStrategy() from cache strategy 0, device 2
04-26 01:06:09.267 V/AudioPolicyManagerBase(   88): getNewDevice() selected device 2
04-26 01:06:09.267 D/AudioPolicyManagerBase(   88): setOutputDevice() output 1 device 2 delayMs 0
04-26 01:06:09.267 V/AudioPolicyManagerBase(   88): setOutputDevice() setting same device 2 or null device for output 1
04-26 01:06:09.267 E/AudioPolicyManagerBase(   88): checkAndSetVolume stream=1, index=15, output=1, device=2
04-26 01:06:09.267 E/AudioPolicyManagerBase(   88): computeVolume, streamDesc=0x1dcbb0
04-26 01:06:09.287 V/AudioPolicyManagerBase(   88): VOLUME vol index=[60 100 100], dB=[-11.0 0.0 0.0] ampl=1.00000
04-26 01:06:09.337 W/AudioFlinger(   88): Thread AudioOut_1 cannot connect to the power manager service
04-26 01:06:09.337 V/AudioPolicyManagerBase(   88): stopOutput() output 1, stream 1, session 3
04-26 01:06:09.347 V/AudioPolicyManagerBase(   88): changeRefCount() stream 1, count 0
04-26 01:06:09.347 V/AudioPolicyManagerBase(   88): getNewDevice() selected device 0
04-26 01:06:09.347 D/AudioPolicyManagerBase(   88): setOutputDevice() output 1 device 0 delayMs 290
04-26 01:06:09.347 V/AudioPolicyManagerBase(   88): setOutputDevice() setting same device 0 or null device for output 1
04-26 01:06:09.347 V/AudioPolicyManagerBase(   88): releaseOutput() 1
04-26 01:06:09.607 E/GeckoConsole(   83): Content JS LOG at dummy file:326 in GaiaApps.launch/appOpen/<: app with origin 'app://{26cfd9cf-3cec-4f1c-995c-95fb35bf2bca}' has launched
04-26 01:06:09.607 I/Gecko   (   83): 1398499569615	Marionette	INFO	sendToClient: {"from":"0","value":{"frame":{"ELEMENT":"{464a3fa3-2a7a-4d53-875a-8a5c97c81b68}"},"src":"app://{26cfd9cf-3cec-4f1c-995c-95fb35bf2bca}/index.html","name":"watch your ip","origin":"app://{26cfd9cf-3cec-4f1c-995c-95fb35bf2bca}"}}, {0f835ecc-edf3-41cc-bcc4-4fc31de79a81}, {0f835ecc-edf3-41cc-bcc4-4fc31de79a81}
04-26 01:06:09.647 I/Gecko   (   83): 1398499569658	Marionette	DEBUG	Got request: switchToFrame, data: {"to":"0","sessionId":"3-b2g","name":"switchToFrame","parameters":{"focus":true,"element":"{464a3fa3-2a7a-4d53-875a-8a5c97c81b68}"}}, id: {68e705e0-a455-4b4c-8256-d759dba27659}
04-26 01:06:09.657 I/Gecko   (   83): 1398499569668	Marionette	INFO	Switched to frame: {"frameValue":"{464a3fa3-2a7a-4d53-875a-8a5c97c81b68}"}
04-26 01:06:09.677 I/Gecko   (   83): 1398499569683	Marionette	INFO	trying remote frame 0
04-26 01:06:09.677 I/Gecko   (   83): 1398499569684	Marionette	INFO	trying remote frame 1
04-26 01:06:09.687 I/Gecko   (   83): 1398499569697	Marionette	INFO	frame-manager load script: [object ChromeMessageSender]
04-26 01:06:11.327 I/Gecko   (   83): 1398499571334	Marionette	INFO	sendToClient: {"from":"0","ok":true}, {68e705e0-a455-4b4c-8256-d759dba27659}, {68e705e0-a455-4b4c-8256-d759dba27659}
04-26 01:06:11.367 I/Gecko   (   83): 1398499571371	Marionette	INFO	sendToClient: {"from":"0","value":"app://{26cfd9cf-3cec-4f1c-995c-95fb35bf2bca}/index.html"}, {7963c42b-3c80-4221-921e-f8b32a776d4e}, {7963c42b-3c80-4221-921e-f8b32a776d4e}
04-26 01:06:11.377 I/Gecko   (   83): 1398499571385	Marionette	DEBUG	Got request: execute, data: {"to":"0","sessionId":"3-b2g","name":"executeScript","parameters":{"specialPowers":false,"scriptTimeout":null,"newSandbox":true,"args":[],"filename":"app_checker.py","script":"return window.document.readyState;","line":191}}, id: {b8a61b3d-a91b-4d7c-a547-99b44b66f636}
04-26 01:06:11.497 I/Gecko   (   83): 1398499571502	Marionette	INFO	sendToClient: {"from":"0","value":"complete"}, {b8a61b3d-a91b-4d7c-a547-99b44b66f636}, {b8a61b3d-a91b-4d7c-a547-99b44b66f636}
04-26 01:06:11.507 I/Gecko   (   83): 1398499571513	Marionette	INFO	sendToClient: {"from":"0","value":"app://{26cfd9cf-3cec-4f1c-995c-95fb35bf2bca}/index.html"}, {d6712d0f-5430-464b-9ec6-361888744107}, {d6712d0f-5430-464b-9ec6-361888744107}
04-26 01:06:11.517 I/Gecko   (  722): Attempting load of libEGL.so
04-26 01:06:11.627 D/libEGL  (  722): loaded /system/lib/egl/libEGL_mali.so
04-26 01:06:11.657 I/Gecko   (  779): ###################################### forms.js loaded
04-26 01:06:11.677 D/libEGL  (  722): loaded /system/lib/egl/libGLESv1_CM_mali.so
04-26 01:06:11.687 D/libEGL  (  722): loaded /system/lib/egl/libGLESv2_mali.so
04-26 01:06:11.757 I/Gecko   (  779): ############################### browserElementPanning.js loaded
04-26 01:06:11.827 I/Gecko   (  779): ######################## BrowserElementChildPreload.js loaded
04-26 01:06:11.837 I/Gecko   (  722): SharedSurface_Gralloc::Create -------
04-26 01:06:11.977 I/Gecko   (  722): SharedSurface_Gralloc::Create: success -- surface 0x436ef480, GraphicBuffer 0x43b6c300.
04-26 01:06:13.067 I/Gecko   (   83): 
04-26 01:06:13.067 I/Gecko   (   83): ###!!! [Parent][MessageChannel] Error: Channel error: cannot send/recv
04-26 01:06:13.067 I/Gecko   (   83): 
04-26 01:06:13.187 I/Gecko   (   83): [Parent 83] WARNING: waitpid failed pid:714 errno:10: file ../../../gecko/ipc/chromium/src/base/process_util_posix.cc, line 254
04-26 01:06:13.407 I/Gecko   (   83): 1398499573419	Marionette	INFO	sendToClient: {"from":"0","value":"iVBORw0KGgoAAAANSUhEUgAAAUAAAAHMCAYAAACk4nEJAAAawUlEQVR4nO3da3BU9d3A8T+EECCxsS2dCjVc1NEiKAoUtASLTLElIuIl0hIrWAyUm9FKCMidRjCkkmhRiNaK4RKgAqHIOINabsnASAWnqdyFyqVAqCGREnJjf88LZs+TzTmb7Ca7yYbf9zOzL7Lnf86es5cvZ/ecXYwAgFKmqVcAAJoKAQSgFgEEoBYBBKAWAQSgFgEEoBYBBKAWAQSgFgEEoBYBBKAWAQSgFgEEoBYBBKAWAQSgFgEEoBYBBKAWAQSgFgEEoBYBBKAWAQSgFgEEoBYBBKAWAQSgFgEEoBYBBKAWAQyAqqoqOXv2rOzbt0/KysqaenUA+IgA1lNVVZX06tVLOnToIC1bthRjjBhj5NSpU029agB8RADrqbKy0ope9QsBbHoHDhyQgoICj8s333xT5xj35dChQ/Kf//yHvXkFrusAlpaWyqFDh+TIkSMBXzYBDF3f//73bY/LO++8U+eYmpewsDC588475Xe/+53s3LlTXC5XE20RguW6C+B7770nffr0kR/84AfWE3nixIkBvx0CGLoCFcCal8GDB8vXX3/dRFuFYLjuApiSkmJ74hJAXYIVQGOMxMTEEMHrCAGsJwIYuuobwAceeEDGjRsnCQkJ0r9/fwkLC3N8jIcMGdJEW4ZAC7kAlpaWyvbt22XFihWycOFCmTp1qmRmZsqGDRtk3759cvXq1Vrnb2gACwsLZdWqVfLKK6/IlClTZOHChZKbmyvFxcUe4+oK4KVLl2Tt2rUyZ84cmT9/vmzYsEG+/fZb/++QIDpz5oxkZ2dLamqqJCcnS1pammzcuDFk1vPcuXOSnZ0t6enpsmXLFp/nq28Aa445evSo3HXXXY6P86FDhwKyjWhadQYwNjZWwsLCPC45OTkeY7Kzs21j+vTp4zGmoq
04-26 01:06:13.597 I/Gecko   (   83): 1398499573601	Marionette	INFO	sendToClient: {"from":"0","ok":true}, {df752cb3-e0b5-4417-895c-f18382bcd58e}, {df752cb3-e0b5-4417-895c-f18382bcd58e}
04-26 01:06:13.647 I/Gecko   (   83): 1398499573658	Marionette	DEBUG	Got request: switchToFrame, data: {"to":"0","sessionId":"3-b2g","name":"switchToFrame","parameters":{"id":null,"focus":true}}, id: {9878448d-961d-44f1-b0b8-df2a84e1e7ab}
04-26 01:06:13.687 I/Gecko   (   83): 1398499573700	Marionette	INFO	Switched to frame: {"frameValue":null}
04-26 01:06:13.817 I/Gecko   (   83): 1398499573829	Marionette	INFO	sendToClient: {"from":"0","ok":true}, {9878448d-961d-44f1-b0b8-df2a84e1e7ab}, {9878448d-961d-44f1-b0b8-df2a84e1e7ab}
04-26 01:06:13.827 I/Gecko   (   83): 1398499573837	Marionette	DEBUG	Got request: executeWithCallback, data: {"to":"0","sessionId":"3-b2g","name":"executeAsyncScript","parameters":{"specialPowers":false,"scriptTimeout":null,"newSandbox":true,"args":[],"filename":"gaia_test.py","script":"return GaiaApps.displayedApp();","line":66}}, id: {383c52fd-3513-4b6a-b06c-0d13439b60ff}
04-26 01:06:13.957 W/WifiHW  (   83): wifi_command: SIGNAL_POLL
04-26 01:06:13.977 I/Gecko   (   83): 1398499573982	Marionette	INFO	sendToClient: {"from":"0","value":{"frame":{"ELEMENT":"{464a3fa3-2a7a-4d53-875a-8a5c97c81b68}"},"src":"app://{26cfd9cf-3cec-4f1c-995c-95fb35bf2bca}/index.html","name":"watch your ip","origin":"app://{26cfd9cf-3cec-4f1c-995c-95fb35bf2bca}"}}, {383c52fd-3513-4b6a-b06c-0d13439b60ff}, {383c52fd-3513-4b6a-b06c-0d13439b60ff}
04-26 01:06:13.977 E/GeckoConsole(   83): Content JS LOG at dummy file:392 in GaiaApps.displayedApp: app with origin 'app://{26cfd9cf-3cec-4f1c-995c-95fb35bf2bca}' is displayed
04-26 01:06:14.007 I/Gecko   (   83): 1398499574012	Marionette	DEBUG	Got request: switchToFrame, data: {"to":"0","sessionId":"3-b2g","name":"switchToFrame","parameters":{"id":null,"focus":true}}, id: {c2b392b0-5f80-4c98-b941-fefbfa27faee}
04-26 01:06:14.007 I/Gecko   (   83): 1398499574014	Marionette	INFO	Switched to frame: {"frameValue":null}
04-26 01:06:14.107 I/Gecko   (   83): 1398499574120	Marionette	INFO	sendToClient: {"from":"0","ok":true}, {c2b392b0-5f80-4c98-b941-fefbfa27faee}, {c2b392b0-5f80-4c98-b941-fefbfa27faee}
04-26 01:06:14.117 I/Gecko   (   83): 1398499574129	Marionette	DEBUG	Got request: execute, data: {"to":"0","sessionId":"3-b2g","name":"executeScript","parameters":{"specialPowers":false,"scriptTimeout":null,"newSandbox":true,"args":[],"filename":"gaia_test.py","script":"window.wrappedJSObject.dispatchEvent(new Event('home'));","line":788}}, id: {c4e8960e-c483-47a9-bc09-8b76a366ed2e}
04-26 01:06:14.187 I/Gonk    (   83): Setting nice for pid 779 to 18
04-26 01:06:14.197 I/Gonk    (   83): Changed nice for pid 779 from 0 to 18.
04-26 01:06:14.197 I/Gecko   (   83): [Parent 83] WARNING: waitpid failed pid:779 errno:10: file ../../../gecko/ipc/chromium/src/base/process_util_posix.cc, line 254
04-26 01:06:14.207 I/Gonk    (   83): Setting nice for pid 779 to 1
04-26 01:06:14.207 I/Gonk    (   83): Changed nice for pid 779 from 18 to 1.
04-26 01:06:14.257 D/Sensors (   83): activate handle=0; drv=0
04-26 01:06:14.267 D/Sensors (   83): Lis3dhSensor: Control set 0
04-26 01:06:14.267 D/Sensors (   83): Lis3dhSensor: mEnabled = 0
04-26 01:06:14.337 I/Gecko   (   83): 1398499574346	Marionette	INFO	sendToClient: {"from":"0","value":null}, {c4e8960e-c483-47a9-bc09-8b76a366ed2e}, {c4e8960e-c483-47a9-bc09-8b76a366ed2e}
04-26 01:06:14.387 I/Gecko   (   83): 1398499574400	Marionette	DEBUG	Got request: switchToFrame, data: {"to":"0","sessionId":"3-b2g","name":"switchToFrame","parameters":{"id":null,"focus":true}}, id: {79490eea-7dc0-45ce-92af-78025273968c}
04-26 01:06:14.407 I/Gecko   (   83): 1398499574411	Marionette	INFO	Switched to frame: {"frameValue":null}
04-26 01:06:14.507 I/Gecko   (   83): 1398499574514	Marionette	INFO	sendToClient: {"from":"0","ok":true}, {79490eea-7dc0-45ce-92af-78025273968c}, {79490eea-7dc0-45ce-92af-78025273968c}
04-26 01:06:14.527 I/Gecko   (   83): 1398499574534	Marionette	DEBUG	Got request: executeWithCallback, data: {"to":"0","sessionId":"3-b2g","name":"executeAsyncScript","parameters":{"specialPowers":false,"scriptTimeout":null,"newSandbox":true,"args":[],"filename":"gaia_test.py","script":"return GaiaApps.displayedApp();","line":66}}, id: {60b93bd2-29de-4bda-be17-24683b98b33d}
04-26 01:06:14.577 I/Gecko   (   83): 1398499574588	Marionette	INFO	sendToClient: {"from":"0","value":{"frame":{"ELEMENT":"{e3820feb-24e4-4d9a-9315-552a23722df1}"},"src":"app://homescreen.gaiamobile.org/index.html#root","name":"Homescreen","origin":"app://homescreen.gaiamobile.org"}}, {60b93bd2-29de-4bda-be17-24683b98b33d}, {60b93bd2-29de-4bda-be17-24683b98b33d}
04-26 01:06:14.587 E/GeckoConsole(   83): Content JS LOG at dummy file:392 in GaiaApps.displayedApp: app with origin 'app://homescreen.gaiamobile.org' is displayed
04-26 01:06:14.997 I/Gonk    (   83): Setting nice for pid 799 to 18
04-26 01:06:15.007 I/Gonk    (   83): Changed nice for pid 799 from 0 to 18.
04-26 01:06:15.027 I/Gecko   (   83): 1398499575039	Marionette	DEBUG	Got request: switchToFrame, data: {"to":"0","sessionId":"3-b2g","name":"switchToFrame","parameters":{"id":null,"focus":true}}, id: {2037826a-6a50-4c27-8ae0-7a2cce1c4225}
04-26 01:06:15.057 I/Gecko   (   83): 1398499575062	Marionette	INFO	Switched to frame: {"frameValue":null}
04-26 01:06:15.187 I/Gecko   (   83): [Parent 83] WARNING: waitpid failed pid:714 errno:10: file ../../../gecko/ipc/chromium/src/base/process_util_posix.cc, line 254
04-26 01:06:15.187 I/Gecko   (   83): [Parent 83] WARNING: Failed to deliver SIGKILL to 714!(3).: file ../../../gecko/ipc/chromium/src/chrome/common/process_watcher_posix_sigchld.cc, line 118
04-26 01:06:15.667 I/Gecko   (   83): 1398499575672	Marionette	INFO	sendToClient: {"from":"0","ok":true}, {2037826a-6a50-4c27-8ae0-7a2cce1c4225}, {2037826a-6a50-4c27-8ae0-7a2cce1c4225}
04-26 01:06:16.597 I/Gonk    (   83): Setting nice for pid 722 to 18
04-26 01:06:16.647 I/Gonk    (   83): Changed nice for pid 722 from 1 to 18.
04-26 01:06:16.697 I/Gecko   (   83): 1398499576709	Marionette	DEBUG	Got request: switchToFrame, data: {"to":"0","sessionId":"3-b2g","name":"switchToFrame","parameters":{"id":null,"focus":true}}, id: {368ac4ba-e1cf-4238-827a-84da43906370}
04-26 01:06:16.707 I/Gecko   (   83): 1398499576713	Marionette	INFO	Switched to frame: {"frameValue":null}
04-26 01:06:16.827 I/Gecko   (   83): 1398499576833	Marionette	INFO	sendToClient: {"from":"0","ok":true}, {368ac4ba-e1cf-4238-827a-84da43906370}, {368ac4ba-e1cf-4238-827a-84da43906370}
04-26 01:06:16.827 I/Gecko   (   83): 1398499576840	Marionette	DEBUG	Got request: executeWithCallback, data: {"to":"0","sessionId":"3-b2g","name":"executeAsyncScript","parameters":{"specialPowers":false,"scriptTimeout":null,"newSandbox":true,"args":[],"filename":"gaia_test.py","script":"return GaiaApps.displayedApp();","line":66}}, id: {14eb3b78-05f0-4573-861f-5a707889dc15}
04-26 01:06:16.957 I/Gecko   (   83): 1398499576968	Marionette	INFO	sendToClient: {"from":"0","value":{"frame":{"ELEMENT":"{e3820feb-24e4-4d9a-9315-552a23722df1}"},"src":"app://homescreen.gaiamobile.org/index.html#root","name":"Homescreen","origin":"app://homescreen.gaiamobile.org"}}, {14eb3b78-05f0-4573-861f-5a707889dc15}, {14eb3b78-05f0-4573-861f-5a707889dc15}
04-26 01:06:16.967 E/GeckoConsole(   83): Content JS LOG at dummy file:392 in GaiaApps.displayedApp: app with origin 'app://homescreen.gaiamobile.org' is displayed
04-26 01:06:16.987 I/Gecko   (   83): 1398499576995	Marionette	DEBUG	Got request: switchToFrame, data: {"to":"0","sessionId":"3-b2g","name":"switchToFrame","parameters":{"focus":true,"element":"{e3820feb-24e4-4d9a-9315-552a23722df1}"}}, id: {b6af236c-0baf-4c51-b851-3ca5ea7f6346}
04-26 01:06:16.997 I/Gecko   (   83): 1398499577008	Marionette	INFO	Switched to frame: {"frameValue":"{e3820feb-24e4-4d9a-9315-552a23722df1}"}
04-26 01:06:17.007 I/Gecko   (   83): 1398499577013	Marionette	INFO	trying remote frame 0
04-26 01:06:17.017 I/Gecko   (   83): 1398499577022	Marionette	INFO	deleting frame
04-26 01:06:17.017 I/Gecko   (   83): 1398499577022	Marionette	INFO	trying remote frame 1
04-26 01:06:17.017 I/Gecko   (   83): 1398499577030	Marionette	INFO	frame-manager load script: [object ChromeMessageSender]
04-26 01:06:17.667 I/Gecko   (   83): [Parent 83] WARNING: pipe error (137): Connection reset by peer: file ../../../gecko/ipc/chromium/src/chrome/common/ipc_channel_posix.cc, line 446
04-26 01:06:17.667 I/Gecko   (   83): 
04-26 01:06:17.667 I/Gecko   (   83): ###!!! [Parent][MessageChannel] Error: Channel error: cannot send/recv
04-26 01:06:17.667 I/Gecko   (   83): 
04-26 01:06:17.757 I/Gecko   (   83): [Parent 83] WARNING: waitpid failed pid:722 errno:10: file ../../../gecko/ipc/chromium/src/base/process_util_posix.cc, line 254
04-26 01:06:17.887 I/Gecko   (   83): 1398499577900	Marionette	INFO	sendToClient: {"from":"0","ok":true}, {b6af236c-0baf-4c51-b851-3ca5ea7f6346}, {b6af236c-0baf-4c51-b851-3ca5ea7f6346}
04-26 01:06:18.127 I/Gecko   (   83): 1398499578135	Marionette	INFO	sendToClient: {"from":"0","value":"app://homescreen.gaiamobile.org/index.html#root"}, {9e71d6d1-406d-444f-bf50-e7a1b477204a}, {9e71d6d1-406d-444f-bf50-e7a1b477204a}
04-26 01:06:18.137 I/Gecko   (   83): 1398499578142	Marionette	DEBUG	Got request: switchToFrame, data: {"to":"0","sessionId":"3-b2g","name":"switchToFrame","parameters":{"id":null,"focus":true}}, id: {21a42dc7-fb44-4d6c-a348-37e266c532f0}
04-26 01:06:18.157 I/Gecko   (   83): 1398499578164	Marionette	INFO	Switched to frame: {"frameValue":null}
04-26 01:06:18.367 I/Gecko   (   83): 1398499578372	Marionette	INFO	sendToClient: {"from":"0","ok":true}, {21a42dc7-fb44-4d6c-a348-37e266c532f0}, {21a42dc7-fb44-4d6c-a348-37e266c532f0}
04-26 01:06:18.377 I/Gecko   (   83): 1398499578388	Marionette	DEBUG	Got request: switchToFrame, data: {"to":"0","sessionId":"3-b2g","name":"switchToFrame","parameters":{"id":null,"focus":true}}, id: {087a723c-eb4b-4547-9500-dc9e09d35cc5}
04-26 01:06:18.377 I/Gecko   (   83): 1398499578390	Marionette	INFO	Switched to frame: {"frameValue":null}
04-26 01:06:18.487 I/Gecko   (   83): 1398499578492	Marionette	INFO	sendToClient: {"from":"0","ok":true}, {087a723c-eb4b-4547-9500-dc9e09d35cc5}, {087a723c-eb4b-4547-9500-dc9e09d35cc5}
04-26 01:06:18.487 I/Gecko   (   83): 1398499578499	Marionette	DEBUG	Got request: executeWithCallback, data: {"to":"0","sessionId":"3-b2g","name":"executeAsyncScript","parameters":{"specialPowers":false,"scriptTimeout":null,"newSandbox":true,"args":[],"filename":"gaia_test.py","script":"GaiaApps.killAll()","line":91}}, id: {58902039-92f5-4ffd-9d25-7a3d5cd2e544}
04-26 01:06:18.547 I/Gecko   (   83): 1398499578553	Marionette	INFO	sendToClient: {"from":"0","value":true}, {58902039-92f5-4ffd-9d25-7a3d5cd2e544}, {58902039-92f5-4ffd-9d25-7a3d5cd2e544}
04-26 01:06:18.547 I/Gecko   (   83): 1398499578560	Marionette	DEBUG	Got request: switchToFrame, data: {"to":"0","sessionId":"3-b2g","name":"switchToFrame","parameters":{"id":null,"focus":true}}, id: {67cca938-2af4-4720-8547-0f7fbfa09c40}
04-26 01:06:18.557 I/Gecko   (   83): 1398499578562	Marionette	INFO	Switched to frame: {"frameValue":null}
04-26 01:06:18.667 I/Gecko   (   83): 1398499578673	Marionette	INFO	sendToClient: {"from":"0","ok":true}, {67cca938-2af4-4720-8547-0f7fbfa09c40}, {67cca938-2af4-4720-8547-0f7fbfa09c40}
04-26 01:06:18.667 I/Gecko   (   83): 1398499578680	Marionette	DEBUG	Got request: executeWithCallback, data: {"to":"0","sessionId":"3-b2g","name":"executeAsyncScript","parameters":{"specialPowers":false,"scriptTimeout":60000,"newSandbox":true,"args":[],"filename":"app_checker.py","script":"\n        GaiaApps.locateWithManifestURL('https://marketplace.firefox.com/app/d4ed751a-e4eb-48ef-ae3d-1ca39d62f5b7/manifest.webapp',\n                                       null,\n                                       function uninstall(app) {\n                                       navigator.mozApps.mgmt.uninstall(app);\n                                       marionetteScriptFinished(true);\n                                       });\n        ","line":129}}, id: {a1c1ae60-a6a4-47dd-bc96-a4b5def0e59d}
04-26 01:06:18.697 I/Gecko   (   83): -- webapps.js uninstall https://marketplace.firefox.com/app/d4ed751a-e4eb-48ef-ae3d-1ca39d62f5b7/manifest.webapp
04-26 01:06:18.917 I/Gecko   (   83): 1398499578923	Marionette	INFO	sendToClient: {"from":"0","value":true}, {a1c1ae60-a6a4-47dd-bc96-a4b5def0e59d}, {a1c1ae60-a6a4-47dd-bc96-a4b5def0e59d}
04-26 01:06:19.057 W/WifiHW  (   83): wifi_command: SIGNAL_POLL