--------- beginning of /dev/log/system
01-01 02:31:16.810 I/Vold    (   75): Vold 2.1 (the revenge) firing up
01-01 02:31:16.810 D/Vold    (   75): Volume sdcard state changing -1 (Initializing) -> 0 (No-Media)
01-01 02:31:16.900 D/Vold    (   75): Volume sdcard state changing 0 (No-Media) -> 2 (Pending)
01-01 02:31:16.900 D/Vold    (   75): Volume sdcard state changing 2 (Pending) -> 1 (Idle-Unmounted)
01-01 02:31:21.930 D/VoldCmdListener(   75): volume list
01-01 02:31:21.930 D/VoldCmdListener(   75): volume mount sdcard
01-01 02:31:21.930 I/Vold    (   75): /dev/block/vold/179:1 being considered for volume sdcard
01-01 02:31:21.930 D/Vold    (   75): Volume sdcard state changing 1 (Idle-Unmounted) -> 3 (Checking)
01-01 02:31:21.940 W/Vold    (   75): Skipping fs checks
01-01 02:31:21.990 I/Vold    (   75): Device /dev/block/vold/179:1, target /mnt/sdcard mounted @ /mnt/secure/staging
01-01 02:31:21.990 D/Vold    (   75): Volume sdcard state changing 3 (Checking) -> 4 (Mounted)
--------- beginning of /dev/log/main
01-01 02:31:33.310 D/SPRDENG (  157): 30
01-01 02:31:33.310 D/SPRDENG (  157): 30
01-01 02:31:33.310 D/SPRDENG (  157): 30
01-01 02:31:33.310 D/SPRDENG (  157): 30
01-01 02:31:33.310 D/SPRDENG (  157): 30
01-01 02:31:33.310 D/SPRDENG (  157): 30
01-01 02:31:33.310 D/SPRDENG (  157): 30
01-01 02:31:33.310 D/SPRDENG (  157): 30
01-01 02:31:33.310 D/SPRDENG (  157): 30
01-01 02:31:33.310 D/SPRDENG (  157): 30
01-01 02:31:33.310 D/SPRDENG (  157): 30
01-01 02:31:33.310 D/SPRDENG (  157): 30
01-01 02:31:33.310 D/SPRDENG (  157): 30
01-01 02:31:33.310 D/SPRDENG (  157): 30
01-01 02:31:33.310 D/SPRDENG (  157): 30
01-01 02:31:33.310 D/SPRDENG (  157): 30
01-01 02:31:33.310 D/SPRDENG (  157): 30
01-01 02:31:33.310 D/SPRDENG (  157): 30
01-01 02:31:33.310 D/SPRDENG (  157): 30
01-01 02:31:33.310 D/SPRDENG (  157): 30
01-01 02:31:33.310 D/SPRDENG (  157): 30
01-01 02:31:33.310 D/SPRDENG (  157): 30
01-01 02:31:33.310 D/SPRDENG (  157): 30
01-01 02:31:33.310 D/SPRDENG (  157): 30
01-01 02:31:33.310 D/SPRDENG (  157): 30
01-01 02:31:33.310 D/SPRDENG (  157): 30
01-01 02:31:33.310 D/SPRDENG (  157): 30
01-01 02:31:33.310 D/SPRDENG (  157): 30
01-01 02:31:33.310 D/SPRDENG (  157): 30
01-01 02:31:33.310 D/SPRDENG (  157): 30
01-01 02:31:33.310 D/SPRDENG (  157): 30
01-01 02:31:33.310 D/SPRDENG (  157): 30
01-01 02:31:33.310 D/SPRDENG (  157): 30
01-01 02:31:33.310 D/SPRDENG (  157): 30
01-01 02:31:33.310 D/SPRDENG (  157): 30
01-01 02:31:33.310 D/SPRDENG (  157): 30
01-01 02:31:33.310 D/SPRDENG (  157): 30
01-01 02:31:33.310 D/SPRDENG (  157): 30
01-01 02:31:33.310 D/SPRDENG (  157): 30
01-01 02:31:33.310 D/SPRDENG (  157): 30
01-01 02:31:33.310 D/SPRDENG (  157): 30
01-01 02:31:33.310 D/SPRDENG (  157): 30
01-01 02:31:33.310 D/SPRDENG (  157): 30
01-01 02:31:33.310 D/SPRDENG (  157): 30
01-01 02:31:33.310 D/SPRDENG (  157): 30
01-01 02:31:33.310 D/SPRDENG (  157): 30
01-01 02:31:33.310 D/SPRDENG (  157): 30
01-01 02:31:33.310 D/SPRDENG (  157): 30
01-01 02:31:33.310 D/SPRDENG (  157): 30
01-01 02:31:33.310 D/SPRDENG (  157): 30
01-01 02:31:33.310 D/SPRDENG (  157): 30
01-01 02:31:33.310 D/SPRDENG (  157): 30
01-01 02:31:33.310 D/SPRDENG (  157): 30
01-01 02:31:33.310 D/SPRDENG (  157): 30
01-01 02:31:33.310 D/SPRDENG (  157): 30
01-01 02:31:33.310 D/SPRDENG (  157): 30
01-01 02:31:33.310 D/SPRDENG (  157): 30
01-01 02:31:33.310 D/SPRDENG (  157): 30
01-01 02:31:33.310 D/SPRDENG (  157): 30
01-01 02:31:33.310 D/SPRDENG (  157): 30
01-01 02:31:33.310 D/SPRDENG (  157): 30
01-01 02:31:33.310 D/SPRDENG (  157): 30
01-01 02:31:33.310 D/SPRDENG (  157): 30
01-01 02:31:33.310 D/SPRDENG (  157): 30
01-01 02:31:33.310 D/SPRDENG (  157): 30
01-01 02:31:33.310 D/SPRDENG (  157): 30
01-01 02:31:33.310 D/SPRDENG (  157): 30
01-01 02:31:33.310 D/SPRDENG (  157): 30
01-01 02:31:33.310 D/SPRDENG (  157): 30
01-01 02:31:33.310 D/SPRDENG (  157): 30
01-01 02:31:33.310 D/SPRDENG (  157): 30
01-01 02:31:33.310 D/SPRDENG (  157): 30
01-01 02:31:33.310 D/SPRDENG (  157): 30
01-01 02:31:33.310 D/SPRDENG (  157): 30
01-01 02:31:33.310 D/SPRDENG (  157): 30
01-01 02:31:33.310 D/SPRDENG (  157): 30
01-01 02:31:33.310 D/SPRDENG (  157): 30
01-01 02:31:33.310 D/SPRDENG (  157): 30
01-01 02:31:33.310 D/SPRDENG (  157): 30
01-01 02:31:33.310 D/SPRDENG (  157): 30
01-01 02:31:33.310 D/SPRDENG (  157): 30
01-01 02:31:33.310 D/SPRDENG (  157): 30
01-01 02:31:33.310 D/SPRDENG (  157): 30
01-01 02:31:33.310 D/SPRDENG (  157): 30
01-01 02:31:33.310 D/SPRDENG (  157): 30
01-01 02:31:33.310 D/SPRDENG (  157): 30
01-01 02:31:33.310 D/SPRDENG (  157): 30
01-01 02:31:33.310 D/SPRDENG (  157): 30
01-01 02:31:33.310 D/SPRDENG (  157): 30
01-01 02:31:33.310 D/SPRDENG (  157): 30
01-01 02:31:33.310 D/SPRDENG (  157): 30
01-01 02:31:33.310 D/SPRDENG (  157): 30
01-01 02:31:33.310 D/SPRDENG (  157): 30
01-01 02:31:33.310 D/SPRDENG (  157): 30
01-01 02:31:33.310 D/SPRDENG (  157): 30
01-01 02:31:33.310 D/SPRDENG (  157): 30
01-01 02:31:33.310 D/SPRDENG (  157): 30
01-01 02:31:33.310 D/SPRDENG (  157): 30
01-01 02:31:33.310 D/SPRDENG (  157): 30
01-01 02:31:33.310 D/SPRDENG (  157): 30
01-01 02:31:33.310 D/SPRDENG (  157): 30
01-01 02:31:33.310 D/SPRDENG (  157): 30
01-01 02:31:33.310 D/SPRDENG (  157): 30
01-01 02:31:33.310 D/SPRDENG (  157): 30
01-01 02:31:33.310 D/SPRDENG (  157): 62
01-01 02:31:33.310 D/SPRDENG (  157): 62
01-01 02:31:33.310 D/SPRDENG (  157): 62
01-01 02:31:33.310 D/SPRDENG (  157): 65
01-01 02:31:33.310 D/SPRDENG (  157): 63
01-01 02:31:33.310 D/SPRDENG (  157): 32
01-01 02:31:33.310 D/SPRDENG (  157): 63
01-01 02:31:33.310 D/SPRDENG (  157): 36
01-01 02:31:33.310 D/SPRDENG (  157): 31
01-01 02:31:33.310 D/SPRDENG (  157): 61
01-01 02:31:33.310 D/SPRDENG (  157): 32
01-01 02:31:33.310 D/SPRDENG (  157): 33
01-01 02:31:33.310 D/SPRDENG (  157): 31
01-01 02:31:33.310 D/SPRDENG (  157): 63
01-01 02:31:33.310 D/SPRDENG (  157): 32
01-01 02:31:33.310 D/SPRDENG (  157): 33
01-01 02:31:33.310 D/SPRDENG (  157): 30
01-01 02:31:33.310 D/SPRDENG (  157): 30
01-01 02:31:33.310 D/SPRDENG (  157): 30
01-01 02:31:33.310 D/SPRDENG (  157): 30
01-01 02:31:33.310 D/SPRDENG (  157): 30
01-01 02:31:33.310 D/SPRDENG (  157): 30
01-01 02:31:33.310 D/SPRDENG (  157): 30
01-01 02:31:33.310 D/SPRDENG (  157): 30
01-01 02:31:33.310 D/SPRDENG (  157): 30
01-01 02:31:33.310 D/SPRDENG (  157): 30
01-01 02:31:33.310 D/SPRDENG (  157): 30
01-01 02:31:33.310 D/SPRDENG (  157): 30
01-01 02:31:33.310 D/SPRDENG (  157): 30
01-01 02:31:33.310 D/SPRDENG (  157): 30
01-01 02:31:33.310 D/SPRDENG (  157): 30
01-01 02:31:33.310 D/SPRDENG (  157): 30
01-01 02:31:33.310 D/SPRDENG (  157): 31
01-01 02:31:33.310 D/SPRDENG (  157): 61
01-01 02:31:33.310 D/SPRDENG (  157): 32
01-01 02:31:33.310 D/SPRDENG (  157): 33
01-01 02:31:33.310 D/SPRDENG (  157): 31
01-01 02:31:33.310 D/SPRDENG (  157): 63
01-01 02:31:33.310 D/SPRDENG (  157): 32
01-01 02:31:33.310 D/SPRDENG (  157): 33
01-01 02:31:33.310 D/SPRDENG (  157): 30
01-01 02:31:33.310 D/SPRDENG (  157): 30
01-01 02:31:33.310 D/SPRDENG (  157): 30
01-01 02:31:33.310 D/SPRDENG (  157): 30
01-01 02:31:33.310 D/SPRDENG (  157): 30
01-01 02:31:33.310 D/SPRDENG (  157): 30
01-01 02:31:33.310 D/SPRDENG (  157): 30
01-01 02:31:33.310 D/SPRDENG (  157): 30
01-01 02:31:33.310 D/SPRDENG (  157): 30
01-01 02:31:33.310 D/SPRDENG (  157): 30
01-01 02:31:33.310 D/SPRDENG (  157): 30
01-01 02:31:33.310 D/SPRDENG (  157): 30
01-01 02:31:33.310 D/SPRDENG (  157): 30
01-01 02:31:33.310 D/SPRDENG (  157): 30
01-01 02:31:33.310 D/SPRDENG (  157): 30
01-01 02:31:33.310 D/SPRDENG (  157): 30
01-01 02:31:33.310 D/SPRDENG (  157): 31
01-01 02:31:33.310 D/SPRDENG (  157): 62
01-01 02:31:33.310 D/SPRDENG (  157): 32
01-01 02:31:33.310 D/SPRDENG (  157): 33
01-01 02:31:33.310 D/SPRDENG (  157): 31
01-01 02:31:33.310 D/SPRDENG (  157): 63
01-01 02:31:33.310 D/SPRDENG (  157): 32
01-01 02:31:33.310 D/SPRDENG (  157): 33
01-01 02:31:33.310 D/SPRDENG (  157): 30
01-01 02:31:33.310 D/SPRDENG (  157): 30
01-01 02:31:33.310 D/SPRDENG (  157): 30
01-01 02:31:33.310 D/SPRDENG (  157): 30
01-01 02:31:33.310 D/SPRDENG (  157): 30
01-01 02:31:33.310 D/SPRDENG (  157): 30
01-01 02:31:33.310 D/SPRDENG (  157): 30
01-01 02:31:33.310 D/SPRDENG (  157): 30
01-01 02:31:33.310 D/SPRDENG (  157): 30
01-01 02:31:33.310 D/SPRDENG (  157): 30
01-01 02:31:33.310 D/SPRDENG (  157): 30
01-01 02:31:33.310 D/SPRDENG (  157): 30
01-01 02:31:33.310 D/SPRDENG (  157): 30
01-01 02:31:33.310 D/SPRDENG (  157): 30
01-01 02:31:33.310 D/SPRDENG (  157): 30
01-01 02:31:33.310 D/SPRDENG (  157): 30
01-01 02:31:33.310 D/SPRDENG (  157): 31
01-01 02:31:33.310 D/SPRDENG (  157): 62
01-01 02:31:33.310 D/SPRDENG (  157): 32
01-01 02:31:33.310 D/SPRDENG (  157): 33
01-01 02:31:33.310 D/SPRDENG (  157): 31
01-01 02:31:33.310 D/SPRDENG (  157): 63
01-01 02:31:33.310 D/SPRDENG (  157): 32
01-01 02:31:33.310 D/SPRDENG (  157): 33
01-01 02:31:33.310 D/SPRDENG (  157): 30
01-01 02:31:33.310 D/SPRDENG (  157): 30
01-01 02:31:33.310 D/SPRDENG (  157): 30
01-01 02:31:33.310 D/SPRDENG (  157): 30
01-01 02:31:33.310 D/SPRDENG (  157): 30
01-01 02:31:33.310 D/SPRDENG (  157): 30
01-01 02:31:33.310 D/SPRDENG (  157): 30
01-01 02:31:33.310 D/SPRDENG (  157): 30
01-01 02:31:33.310 D/SPRDENG (  157): 30
01-01 02:31:33.310 D/SPRDENG (  157): 30
01-01 02:31:33.310 D/SPRDENG (  157): 30
01-01 02:31:33.310 D/SPRDENG (  157): 30
01-01 02:31:33.310 D/SPRDENG (  157): 30
01-01 02:31:33.310 D/SPRDENG (  157): 30
01-01 02:31:33.310 D/SPRDENG (  157): 30
01-01 02:31:33.310 D/SPRDENG (  157): 30
01-01 02:31:33.310 D/SPRDENG (  157): 31
01-01 02:31:33.310 D/SPRDENG (  157): 62
01-01 02:31:33.310 D/SPRDENG (  157): 32
01-01 02:31:33.310 D/SPRDENG (  157): 33
01-01 02:31:33.310 D/SPRDENG (  157): 31
01-01 02:31:33.310 D/SPRDENG (  157): 63
01-01 02:31:33.310 D/SPRDENG (  157): 32
01-01 02:31:33.310 D/SPRDENG (  157): 33
01-01 02:31:33.310 D/SPRDENG (  157): 30
01-01 02:31:33.310 D/SPRDENG (  157): 30
01-01 02:31:33.310 D/SPRDENG (  157): 30
01-01 02:31:33.310 D/SPRDENG (  157): 30
01-01 02:31:33.310 D/SPRDENG (  157): 30
01-01 02:31:33.310 D/SPRDENG (  157): 30
01-01 02:31:33.310 D/SPRDENG (  157): 30
01-01 02:31:33.310 D/SPRDENG (  157): 30
01-01 02:31:33.310 D/SPRDENG (  157): 30
01-01 02:31:33.310 D/SPRDENG (  157): 30
01-01 02:31:33.310 D/SPRDENG (  157): 30
01-01 02:31:33.310 D/SPRDENG (  157): 30
01-01 02:31:33.310 D/SPRDENG (  157): 30
01-01 02:31:33.310 D/SPRDENG (  157): 30
01-01 02:31:33.310 D/SPRDENG (  157): 30
01-01 02:31:33.310 D/SPRDENG (  157): 30
01-01 02:31:33.310 D/SPRDENG (  157): 30
01-01 02:31:33.320 D/SPRDENG (  157): 30
01-01 02:31:33.320 D/SPRDENG (  157): 30
01-01 02:31:33.320 D/SPRDENG (  157): 30
01-01 02:31:33.320 D/SPRDENG (  157): 30
01-01 02:31:33.320 D/SPRDENG (  157): 30
01-01 02:31:33.320 D/SPRDENG (  157): 30
01-01 02:31:33.320 D/SPRDENG (  157): 30
01-01 02:31:33.320 D/SPRDENG (  157): 30
01-01 02:31:33.320 D/SPRDENG (  157): 30
01-01 02:31:33.320 D/SPRDENG (  157): 30
01-01 02:31:33.320 D/SPRDENG (  157): 30
01-01 02:31:33.320 D/SPRDENG (  157): 30
01-01 02:31:33.320 D/SPRDENG (  157): 30
01-01 02:31:33.320 D/SPRDENG (  157): 30
01-01 02:31:33.320 D/SPRDENG (  157): 30
01-01 02:31:33.320 D/SPRDENG (  157): 30
01-01 02:31:33.320 D/SPRDENG (  157): 30
01-01 02:31:33.320 D/SPRDENG (  157): 30
01-01 02:31:33.320 D/SPRDENG (  157): 30
01-01 02:31:33.320 D/SPRDENG (  157): 30
01-01 02:31:33.320 D/SPRDENG (  157): 30
01-01 02:31:33.320 D/SPRDENG (  157): 30
01-01 02:31:33.320 D/SPRDENG (  157): 30
01-01 02:31:33.320 D/SPRDENG (  157): 32
01-01 02:31:33.320 D/SPRDENG (  157): 63
01-01 02:31:33.320 D/SPRDENG (  157): 30
01-01 02:31:33.320 D/SPRDENG (  157): 30
01-01 02:31:33.320 D/SPRDENG (  157): 30
01-01 02:31:33.320 D/SPRDENG (  157): 30
01-01 02:31:33.320 D/SPRDENG (  157): 30
01-01 02:31:33.320 D/SPRDENG (  157): 30
01-01 02:31:33.320 D/SPRDENG (  157): 1a
01-01 02:31:33.320 D/SPRDENG (  157): eng_modem2server: use SIM1 /dev/CHNPTY13
01-01 02:31:33.320 D/SPRDENG (  157): AT < 
01-01 02:31:33.320 D/SPRDENG (  157): OK
01-01 02:31:33.320 D/SPRDENG (  157): 
01-01 02:31:33.320 E/        (  101): nvcal_recv_from_modem: Receive 1 Modem Response
01-01 02:31:33.320 E/        (  101): write_rf_nvconf_cmd: wifi recv_num =6, response=[
01-01 02:31:33.320 E/        (  101): OK
01-01 02:31:33.320 E/        (  101): ]
01-01 02:31:33.420 E/eng_rf_nv_update(  101): [set_rf_nvconf]: NV updated OK!
01-01 02:31:33.430 E/eng_rf_nv_update(  101): [save_rf_nv_to_bak_file] NV data save to bake file OK
01-01 02:31:33.430 E/eng_rf_nv_update(  101): [eng_rf_nv_update]: end eng rf nv update!
01-01 02:31:33.430 I/logwrapper(   80): /system/bin/eng_rf_nv_update terminated by exit(0)
01-01 02:31:33.900 I/power   (   81): *** set_screen_state 1
01-01 02:31:33.900 D/Sensors (   81): activate handle=3; drv=1
01-01 02:31:33.900 D/Sensors (   81): SensorTMD2771::setEnable=0= en=1; newState=1; what=0; mEnabled=0
01-01 02:31:34.010 D/Sensors (   81): taos ---Light::TAOS_IOCTL_ALS_ON=== err=0
01-01 02:31:34.010 D/Sensors (   81): SensorTMD2771::setEnable=1= en=1; newState=1; what=0; mEnabled=1
01-01 02:31:34.010 D/Sensors (   81): SensorTMD2771::getEnable===mEnabled=0x1; enable=1
01-01 02:31:34.040 I/GeckoDump(   81): XXX FIXME : Got a mozContentEvent: nfc-hardware-state-change
01-01 02:31:34.060 I/GeckoDump(   81): XXX FIXME : Got a mozContentEvent: system-message-listener-ready
01-01 02:31:34.120 I/Gecko:ProcessPriorityManager(   81): [(Preallocated), child-id=2, pid=372] Creating ParticularProcessPriorityManager.
01-01 02:31:34.120 I/Gecko:ProcessPriorityManager(   81): [(Preallocated), child-id=2, pid=372] Done starting up.  mHoldsCPUWakeLock=0, mHoldsHighPriorityWakeLock=0
01-01 02:31:34.120 I/Gecko:ProcessPriorityManager(   81): [(Preallocated), child-id=2, pid=372] Changing priority from UNKNOWN:CPU_NORMAL to MASTER:CPU_NORMAL.
01-01 02:31:34.120 I/Gonk    (   81): Setting nice for pid 372 to 0
01-01 02:31:34.120 I/Gonk    (   81): Changed nice for pid 372 from 0 to 0.
01-01 02:31:34.500 D/Sensors (   81): SensorTMD2771::readEvents()======data_fd=53,count=16
01-01 02:31:34.500 D/Sensors (   81): SensorTMD2771::processEvent()=====code=40::value=1 
01-01 02:31:34.500 D/Sensors (   81): SensorTMD2771: mPendingEvents[Light].light = 1.000000
01-01 02:31:34.810 I/Gecko   (   81): 1325403094814	Marionette	INFO	loaded marionette-listener.js
01-01 02:31:34.810 I/Gecko   (   81): 1325403094817	Marionette	INFO	sendToClient: {"from":"0","value":"3-b2g"}, {d9ec19ed-1f0a-44b9-a608-aeb9b211f5c3}, {d9ec19ed-1f0a-44b9-a608-aeb9b211f5c3}
01-01 02:31:34.960 E/GeckoConsole(   81): [JavaScript Error: "TypeError: widgetFrame is undefined" {file: "app://system.gaiamobile.org/js/cost_control.js" line: 119}]
01-01 02:31:35.310 E/WifiHW  (   81): Leo ensure_config_file_exists config_file=/data/misc/wifi/wpa_supplicant.conf
01-01 02:31:35.310 E/WifiHW  (   81): daemon_cmd=wpa_supplicant:-iwlan0 -c/data/misc/wifi/wpa_supplicant.conf
01-01 02:31:35.380 I/Gecko   (   81): 1325403095391	Marionette	INFO	sendToClient: {"from":"0","value":{"ELEMENT":"{bb4b4f36-abd9-4485-825b-d95a0d7a1778}"}}, {32813de3-6bf0-4ca0-a1d3-3c994d21efbc}, {32813de3-6bf0-4ca0-a1d3-3c994d21efbc}
01-01 02:31:35.500 I/Gecko   (   81): 1325403095508	Marionette	INFO	sendToClient: {"from":"0","value":false}, {d379cd10-2a71-47db-a38b-5d992b8fcf34}, {d379cd10-2a71-47db-a38b-5d992b8fcf34}
01-01 02:31:35.730 I/Gecko   (   81): 1325403095741	Marionette	INFO	sendToClient: {"from":"0","value":{"ELEMENT":"{bb4b4f36-abd9-4485-825b-d95a0d7a1778}"}}, {36e98ce4-2592-449b-bfdc-b5c6a5e6ab23}, {36e98ce4-2592-449b-bfdc-b5c6a5e6ab23}
01-01 02:31:35.910 I/Gecko   (   81): 1325403095917	Marionette	INFO	sendToClient: {"from":"0","value":false}, {6ad7191f-65d1-4c05-b88c-8efdc5d788f0}, {6ad7191f-65d1-4c05-b88c-8efdc5d788f0}
01-01 02:31:36.090 I/Gecko   (   81): 1325403096099	Marionette	INFO	sendToClient: {"from":"0","value":{"ELEMENT":"{bb4b4f36-abd9-4485-825b-d95a0d7a1778}"}}, {6aa87d2c-abd1-4d54-ab67-e7182a2457c0}, {6aa87d2c-abd1-4d54-ab67-e7182a2457c0}
01-01 02:31:36.170 W/WifiHW  (   81): wifi_command: LOG_LEVEL
01-01 02:31:36.170 W/WifiHW  (   81): wifi_command: STATUS
01-01 02:31:36.180 I/Gecko   (   81): 1325403096193	Marionette	INFO	sendToClient: {"from":"0","value":false}, {0e2810c2-1c09-4070-aa12-eab3f2c2fdc2}, {0e2810c2-1c09-4070-aa12-eab3f2c2fdc2}
01-01 02:31:36.190 W/WifiHW  (   81): wifi_command: LIST_NETWORKS
01-01 02:31:36.200 W/WifiHW  (   81): wifi_command: DRIVER MACADDR
01-01 02:31:36.230 W/WifiHW  (   81): wifi_command: GET_NETWORK 0 ssid
01-01 02:31:36.230 W/WifiHW  (   81): wifi_command: GET_NETWORK 0 bssid
01-01 02:31:36.230 W/WifiHW  (   81): wifi_command: GET_NETWORK 0 psk
01-01 02:31:36.230 W/WifiHW  (   81): wifi_command: GET_NETWORK 0 wep_key0
01-01 02:31:36.230 W/WifiHW  (   81): wifi_command: GET_NETWORK 0 wep_key1
01-01 02:31:36.230 W/WifiHW  (   81): wifi_command: GET_NETWORK 0 wep_key2
01-01 02:31:36.230 W/WifiHW  (   81): wifi_command: GET_NETWORK 0 wep_key3
01-01 02:31:36.230 W/WifiHW  (   81): wifi_command: GET_NETWORK 0 wep_tx_keyidx
01-01 02:31:36.230 W/WifiHW  (   81): wifi_command: GET_NETWORK 0 priority
01-01 02:31:36.240 W/WifiHW  (   81): wifi_command: GET_NETWORK 0 key_mgmt
01-01 02:31:36.240 W/WifiHW  (   81): wifi_command: GET_NETWORK 0 scan_ssid
01-01 02:31:36.240 W/WifiHW  (   81): wifi_command: GET_NETWORK 0 disabled
01-01 02:31:36.240 W/WifiHW  (   81): wifi_command: GET_NETWORK 0 identity
01-01 02:31:36.240 W/WifiHW  (   81): wifi_command: GET_NETWORK 0 password
01-01 02:31:36.240 W/WifiHW  (   81): wifi_command: GET_NETWORK 0 auth_alg
01-01 02:31:36.240 W/WifiHW  (   81): wifi_command: GET_NETWORK 0 phase1
01-01 02:31:36.250 W/WifiHW  (   81): wifi_command: GET_NETWORK 0 phase2
01-01 02:31:36.250 W/WifiHW  (   81): wifi_command: GET_NETWORK 0 eap
01-01 02:31:36.250 W/WifiHW  (   81): wifi_command: GET_NETWORK 0 pin
01-01 02:31:36.260 W/WifiHW  (   81): wifi_command: GET_NETWORK 0 pcsc
01-01 02:31:36.260 W/WifiHW  (   81): wifi_command: GET_NETWORK 1 ssid
01-01 02:31:36.260 W/WifiHW  (   81): wifi_command: GET_NETWORK 1 bssid
01-01 02:31:36.270 W/WifiHW  (   81): wifi_command: GET_NETWORK 1 psk
01-01 02:31:36.270 W/WifiHW  (   81): wifi_command: GET_NETWORK 1 wep_key0
01-01 02:31:36.270 W/WifiHW  (   81): wifi_command: GET_NETWORK 1 wep_key1
01-01 02:31:36.270 W/WifiHW  (   81): wifi_command: GET_NETWORK 1 wep_key2
01-01 02:31:36.270 W/WifiHW  (   81): wifi_command: GET_NETWORK 1 wep_key3
01-01 02:31:36.270 W/WifiHW  (   81): wifi_command: GET_NETWORK 1 wep_tx_keyidx
01-01 02:31:36.270 W/WifiHW  (   81): wifi_command: GET_NETWORK 1 priority
01-01 02:31:36.270 W/WifiHW  (   81): wifi_command: GET_NETWORK 1 key_mgmt
01-01 02:31:36.270 W/WifiHW  (   81): wifi_command: GET_NETWORK 1 scan_ssid
01-01 02:31:36.270 W/WifiHW  (   81): wifi_command: GET_NETWORK 1 disabled
01-01 02:31:36.280 W/WifiHW  (   81): wifi_command: GET_NETWORK 1 identity
01-01 02:31:36.280 W/WifiHW  (   81): wifi_command: GET_NETWORK 1 password
01-01 02:31:36.280 W/WifiHW  (   81): wifi_command: GET_NETWORK 1 auth_alg
01-01 02:31:36.280 W/WifiHW  (   81): wifi_command: GET_NETWORK 1 phase1
01-01 02:31:36.280 W/WifiHW  (   81): wifi_command: GET_NETWORK 1 phase2
01-01 02:31:36.280 W/WifiHW  (   81): wifi_command: GET_NETWORK 1 eap
01-01 02:31:36.280 W/WifiHW  (   81): wifi_command: GET_NETWORK 1 pin
01-01 02:31:36.280 W/WifiHW  (   81): wifi_command: GET_NETWORK 1 pcsc
01-01 02:31:36.280 W/WifiHW  (   81): wifi_command: GET_NETWORK 2 ssid
01-01 02:31:36.280 W/WifiHW  (   81): wifi_command: GET_NETWORK 2 bssid
01-01 02:31:36.280 W/WifiHW  (   81): wifi_command: GET_NETWORK 2 psk
01-01 02:31:36.280 W/WifiHW  (   81): wifi_command: GET_NETWORK 2 wep_key0
01-01 02:31:36.280 W/WifiHW  (   81): wifi_command: GET_NETWORK 2 wep_key1
01-01 02:31:36.280 W/WifiHW  (   81): wifi_command: GET_NETWORK 2 wep_key2
01-01 02:31:36.280 W/WifiHW  (   81): wifi_command: GET_NETWORK 2 wep_key3
01-01 02:31:36.290 W/WifiHW  (   81): wifi_command: GET_NETWORK 2 wep_tx_keyidx
01-01 02:31:36.290 W/WifiHW  (   81): wifi_command: GET_NETWORK 2 priority
01-01 02:31:36.290 W/WifiHW  (   81): wifi_command: GET_NETWORK 2 key_mgmt
01-01 02:31:36.290 W/WifiHW  (   81): wifi_command: GET_NETWORK 2 scan_ssid
01-01 02:31:36.300 W/WifiHW  (   81): wifi_command: GET_NETWORK 2 disabled
01-01 02:31:36.300 W/WifiHW  (   81): wifi_command: GET_NETWORK 2 identity
01-01 02:31:36.300 W/WifiHW  (   81): wifi_command: GET_NETWORK 2 password
01-01 02:31:36.300 W/WifiHW  (   81): wifi_command: GET_NETWORK 2 auth_alg
01-01 02:31:36.300 W/WifiHW  (   81): wifi_command: GET_NETWORK 2 phase1
01-01 02:31:36.300 W/WifiHW  (   81): wifi_command: GET_NETWORK 2 phase2
01-01 02:31:36.300 W/WifiHW  (   81): wifi_command: GET_NETWORK 2 eap
01-01 02:31:36.300 W/WifiHW  (   81): wifi_command: GET_NETWORK 2 pin
01-01 02:31:36.300 W/WifiHW  (   81): wifi_command: GET_NETWORK 2 pcsc
01-01 02:31:36.300 W/WifiHW  (   81): wifi_command: GET_NETWORK 3 ssid
01-01 02:31:36.310 W/WifiHW  (   81): wifi_command: GET_NETWORK 3 bssid
01-01 02:31:36.310 W/WifiHW  (   81): wifi_command: GET_NETWORK 3 psk
01-01 02:31:36.310 W/WifiHW  (   81): wifi_command: GET_NETWORK 3 wep_key0
01-01 02:31:36.310 W/WifiHW  (   81): wifi_command: GET_NETWORK 3 wep_key1
01-01 02:31:36.310 W/WifiHW  (   81): wifi_command: GET_NETWORK 3 wep_key2
01-01 02:31:36.310 W/WifiHW  (   81): wifi_command: GET_NETWORK 3 wep_key3
01-01 02:31:36.310 W/WifiHW  (   81): wifi_command: GET_NETWORK 3 wep_tx_keyidx
01-01 02:31:36.310 W/WifiHW  (   81): wifi_command: GET_NETWORK 3 priority
01-01 02:31:36.310 W/WifiHW  (   81): wifi_command: GET_NETWORK 3 key_mgmt
01-01 02:31:36.310 W/WifiHW  (   81): wifi_command: GET_NETWORK 3 scan_ssid
01-01 02:31:36.310 W/WifiHW  (   81): wifi_command: GET_NETWORK 3 disabled
01-01 02:31:36.310 W/WifiHW  (   81): wifi_command: GET_NETWORK 3 identity
01-01 02:31:36.320 W/WifiHW  (   81): wifi_command: GET_NETWORK 3 password
01-01 02:31:36.320 W/WifiHW  (   81): wifi_command: GET_NETWORK 3 auth_alg
01-01 02:31:36.320 W/WifiHW  (   81): wifi_command: GET_NETWORK 3 phase1
01-01 02:31:36.330 W/WifiHW  (   81): wifi_command: GET_NETWORK 3 phase2
01-01 02:31:36.330 W/WifiHW  (   81): wifi_command: GET_NETWORK 3 eap
01-01 02:31:36.330 W/WifiHW  (   81): wifi_command: GET_NETWORK 3 pin
01-01 02:31:36.330 W/WifiHW  (   81): wifi_command: GET_NETWORK 3 pcsc
01-01 02:31:36.370 W/WifiHW  (   81): wifi_command: ENABLE_NETWORK 0
01-01 02:31:36.370 W/WifiHW  (   81): wifi_command: ENABLE_NETWORK 1
01-01 02:31:36.370 W/WifiHW  (   81): wifi_command: ENABLE_NETWORK 2
01-01 02:31:36.370 W/WifiHW  (   81): wifi_command: ENABLE_NETWORK 3
01-01 02:31:36.370 W/WifiHW  (   81): wifi_command: AP_SCAN 1
01-01 02:31:36.390 W/WifiHW  (   81): wifi_command: SAVE_CONFIG
01-01 02:31:36.420 I/Gecko   (   81): 1325403096429	Marionette	INFO	sendToClient: {"from":"0","value":{"ELEMENT":"{bb4b4f36-abd9-4485-825b-d95a0d7a1778}"}}, {f6506fe1-c3bd-413f-948b-e326fff94592}, {f6506fe1-c3bd-413f-948b-e326fff94592}
01-01 02:31:36.490 I/Gecko   (   81): 1325403096499	Marionette	INFO	sendToClient: {"from":"0","value":false}, {c04f42ce-da0a-4ef1-9271-550d284535c1}, {c04f42ce-da0a-4ef1-9271-550d284535c1}
01-01 02:31:36.700 I/GeckoDump(   81): XXX FIXME : Got a mozContentEvent: accessibility-screenreader
01-01 02:31:36.850 I/GeckoDump(   81): XXX FIXME : Got a mozContentEvent: nfc-hardware-state-change
01-01 02:31:37.160 W/WifiHW  (   81): wifi_command: DRIVER SCAN-ACTIVE
01-01 02:31:37.330 W/WifiHW  (   81): wifi_command: SCAN
01-01 02:31:37.370 I/Gecko   (   81): 1325403097376	Marionette	INFO	sendToClient: {"from":"0","value":{"ELEMENT":"{bb4b4f36-abd9-4485-825b-d95a0d7a1778}"}}, {dfa8faea-55d6-40e6-bc45-8fe59ecbf5c2}, {dfa8faea-55d6-40e6-bc45-8fe59ecbf5c2}
01-01 02:31:37.370 W/WifiHW  (   81): wifi_command: DRIVER SCAN-PASSIVE
01-01 02:31:37.620 I/Gecko   (   81): 1325403097629	Marionette	INFO	sendToClient: {"from":"0","value":true}, {0920cfbe-fed8-4ac9-b4ba-4becf346424d}, {0920cfbe-fed8-4ac9-b4ba-4becf346424d}
01-01 02:31:37.810 I/FMRadio (   81): FMRadio is initialized.
01-01 02:31:37.900 E/GeckoConsole(   81): Content JS ERROR at app://system.gaiamobile.org/js/telephony_settings.js:23 in set_vpm_error: Error setting voice privacy.
01-01 02:31:37.900 E/GeckoConsole(   81): Content JS ERROR at app://system.gaiamobile.org/js/telephony_settings.js:23 in set_vpm_error: Error setting voice privacy.
01-01 02:31:38.090 E/GeckoConsole(   81): Content JS ERROR at app://system.gaiamobile.org/js/telephony_settings.js:42 in set_vpm_error: Error roaming preference.
01-01 02:31:38.100 E/GeckoConsole(   81): Content JS ERROR at app://system.gaiamobile.org/js/telephony_settings.js:42 in set_vpm_error: Error roaming preference.
01-01 02:31:38.360 I/Gecko:ProcessPriorityManager(   81): [Homescreen, child-id=2, pid=372] Changing priority from MASTER:CPU_NORMAL to FOREGROUND:CPU_NORMAL.
01-01 02:31:38.370 I/Gonk    (   81): Setting nice for pid 372 to 1
01-01 02:31:38.370 I/Gonk    (   81): Changed nice for pid 372 from 0 to 1.
01-01 02:31:38.370 I/Gecko:ProcessPriorityManager(   81): Making background LRU pool with size(3)
01-01 02:31:38.370 I/Gecko:ProcessPriorityManager(   81): KillBackgroundApps
01-01 02:31:38.370 I/Gecko   (   81): [Parent 81] WARNING: waitpid failed pid:372 errno:10: file /var/lib/jenkins/jobs/B2G.v1.3.0.Tarako/workspace/gecko/ipc/chromium/src/base/process_util_posix.cc, line 254
01-01 02:31:38.530 E/[Gralloc-ERROR](   81): int gralloc_register_buffer(const gralloc_module_t*, const native_handle_t*):79 Unable to register handle 0x45fb1470 coming from different process: 81
01-01 02:31:38.530 E/[Gralloc-ERROR](   81): int gralloc_register_buffer(const gralloc_module_t*, const native_handle_t*):79 Unable to register handle 0x463e95b0 coming from different process: 81
01-01 02:31:38.600 E/[Gralloc-ERROR](   81): int gralloc_register_buffer(const gralloc_module_t*, const native_handle_t*):79 Unable to register handle 0x463e9880 coming from different process: 81
01-01 02:31:38.600 E/[Gralloc-ERROR](   81): int gralloc_register_buffer(const gralloc_module_t*, const native_handle_t*):79 Unable to register handle 0x463e9920 coming from different process: 81
01-01 02:31:38.850 I/GeckoDump(   81): XXX FIXME : Got a mozContentEvent: inputmethod-update-layouts
01-01 02:31:38.950 I/Gecko   (   81): ############################### browserElementPanning.js loaded
01-01 02:31:39.030 I/Gecko   (   81): ######################## BrowserElementChildPreload.js loaded
01-01 02:31:39.180 I/GeckoDump(   81): XXX FIXME : Got a mozContentEvent: inputmethod-update-layouts
01-01 02:31:39.370 W/WifiHW  (   81): wifi_command: SCAN_RESULTS
01-01 02:31:39.530 W/WifiHW  (   81): wifi_command: DRIVER SCAN-PASSIVE
01-01 02:31:39.830 E/GeckoConsole(   81): [JavaScript Warning: "Error in parsing value for 'font-weight'.  Declaration dropped." {file: "app://keyboard.gaiamobile.org/style/keyboard.css" line: 132 column: 15 source: "  font-weight: medium;"}]
01-01 02:31:40.000 W/WifiHW  (   81): wifi_command: GET_NETWORK 3 ssid
01-01 02:31:40.000 W/WifiHW  (   81): wifi_command: GET_NETWORK 3 bssid
01-01 02:31:40.000 W/WifiHW  (   81): wifi_command: GET_NETWORK 3 psk
01-01 02:31:40.000 W/WifiHW  (   81): wifi_command: GET_NETWORK 3 wep_key0
01-01 02:31:40.000 W/WifiHW  (   81): wifi_command: GET_NETWORK 3 wep_key1
01-01 02:31:40.000 W/WifiHW  (   81): wifi_command: GET_NETWORK 3 wep_key2
01-01 02:31:40.000 W/WifiHW  (   81): wifi_command: GET_NETWORK 3 wep_key3
01-01 02:31:40.000 W/WifiHW  (   81): wifi_command: GET_NETWORK 3 wep_tx_keyidx
01-01 02:31:40.000 W/WifiHW  (   81): wifi_command: GET_NETWORK 3 priority
01-01 02:31:40.000 W/WifiHW  (   81): wifi_command: GET_NETWORK 3 key_mgmt
01-01 02:31:40.010 W/WifiHW  (   81): wifi_command: GET_NETWORK 3 scan_ssid
01-01 02:31:40.010 W/WifiHW  (   81): wifi_command: GET_NETWORK 3 disabled
01-01 02:31:40.010 W/WifiHW  (   81): wifi_command: GET_NETWORK 3 identity
01-01 02:31:40.010 W/WifiHW  (   81): wifi_command: GET_NETWORK 3 password
01-01 02:31:40.010 W/WifiHW  (   81): wifi_command: GET_NETWORK 3 auth_alg
01-01 02:31:40.010 W/WifiHW  (   81): wifi_command: GET_NETWORK 3 phase1
01-01 02:31:40.010 W/WifiHW  (   81): wifi_command: GET_NETWORK 3 phase2
01-01 02:31:40.010 W/WifiHW  (   81): wifi_command: GET_NETWORK 3 eap
01-01 02:31:40.010 W/WifiHW  (   81): wifi_command: GET_NETWORK 3 pin
01-01 02:31:40.010 W/WifiHW  (   81): wifi_command: GET_NETWORK 3 pcsc
01-01 02:31:40.720 I/Gecko   (   81): 1325403100732	Marionette	INFO	sendToClient: {"from":"0","ok":true}, {1d160985-e950-49d8-a261-db72e8fb2657}, {1d160985-e950-49d8-a261-db72e8fb2657}
01-01 02:31:40.790 W/WifiHW  (   81): wifi_command: SIGNAL_POLL
01-01 02:31:40.790 W/WifiHW  (   81): wifi_command: GET_NETWORK 3 ssid
01-01 02:31:40.790 W/WifiHW  (   81): wifi_command: GET_NETWORK 3 bssid
01-01 02:31:40.800 W/WifiHW  (   81): wifi_command: GET_NETWORK 3 psk
01-01 02:31:40.800 W/WifiHW  (   81): wifi_command: GET_NETWORK 3 wep_key0
01-01 02:31:40.800 W/WifiHW  (   81): wifi_command: GET_NETWORK 3 wep_key1
01-01 02:31:40.800 W/WifiHW  (   81): wifi_command: GET_NETWORK 3 wep_key2
01-01 02:31:40.800 W/WifiHW  (   81): wifi_command: GET_NETWORK 3 wep_key3
01-01 02:31:40.800 W/WifiHW  (   81): wifi_command: GET_NETWORK 3 wep_tx_keyidx
01-01 02:31:40.800 W/WifiHW  (   81): wifi_command: GET_NETWORK 3 priority
01-01 02:31:40.800 W/WifiHW  (   81): wifi_command: GET_NETWORK 3 key_mgmt
01-01 02:31:40.800 W/WifiHW  (   81): wifi_command: GET_NETWORK 3 scan_ssid
01-01 02:31:40.800 W/WifiHW  (   81): wifi_command: GET_NETWORK 3 disabled
01-01 02:31:40.820 W/WifiHW  (   81): wifi_command: GET_NETWORK 3 identity
01-01 02:31:40.820 W/WifiHW  (   81): wifi_command: GET_NETWORK 3 password
01-01 02:31:40.830 W/WifiHW  (   81): wifi_command: GET_NETWORK 3 auth_alg
01-01 02:31:40.830 W/WifiHW  (   81): wifi_command: GET_NETWORK 3 phase1
01-01 02:31:40.830 I/Gecko   (  372): ###################################### forms.js loaded
01-01 02:31:40.830 W/WifiHW  (   81): wifi_command: GET_NETWORK 3 phase2
01-01 02:31:40.840 W/WifiHW  (   81): wifi_command: GET_NETWORK 3 eap
01-01 02:31:40.840 W/WifiHW  (   81): wifi_command: GET_NETWORK 3 pin
01-01 02:31:40.840 W/WifiHW  (   81): wifi_command: GET_NETWORK 3 pcsc
01-01 02:31:41.100 I/Gecko   (   81): 1325403101109	Marionette	DEBUG	Got request: switchToFrame, data: {"to":"0","sessionId":"3-b2g","name":"switchToFrame","parameters":{"id":null,"focus":true}}, id: {66608df9-5b99-4e90-950b-b394e14f3202}
01-01 02:31:41.110 E/Profiler(   81): BPUnw: [1 total] thread_unregister_for_profiling(me=0xb4b048)  (NOT REGISTERED) 
01-01 02:31:41.140 I/Gecko   (  372): ############################### browserElementPanning.js loaded
01-01 02:31:41.180 I/Gecko   (   81): 1325403101190	Marionette	INFO	Switched to frame: {"frameValue":null}
01-01 02:31:41.460 I/Gecko   (   81): 1325403101468	Marionette	INFO	sendToClient: {"from":"0","ok":true}, {66608df9-5b99-4e90-950b-b394e14f3202}, {66608df9-5b99-4e90-950b-b394e14f3202}
01-01 02:31:41.680 I/Gecko   (   81): 1325403101692	Marionette	DEBUG	Got request: executeWithCallback, data: {"to":"0","sessionId":"3-b2g","name":"executeAsyncScript","parameters":{"specialPowers":false,"scriptTimeout":null,"newSandbox":true,"args":[],"filename":"gaia_test.py","script":"GaiaLockScreen.unlock()","line":810}}, id: {57005bab-0736-420c-a804-4498eae8b04f}
01-01 02:31:41.880 I/Gecko   (  372): ######################## BrowserElementChildPreload.js loaded
01-01 02:31:42.220 I/Gecko   (   81): 1325403102230	Marionette	INFO	sendToClient: {"from":"0","value":{"passed":0,"failed":0,"failures":[]}}, {57005bab-0736-420c-a804-4498eae8b04f}, {57005bab-0736-420c-a804-4498eae8b04f}
01-01 02:31:42.750 E/[Gralloc-ERROR](   81): int gralloc_register_buffer(const gralloc_module_t*, const native_handle_t*):79 Unable to register handle 0x451c05b0 coming from different process: 81
01-01 02:31:42.750 E/[Gralloc-ERROR](   81): int gralloc_register_buffer(const gralloc_module_t*, const native_handle_t*):79 Unable to register handle 0x45d120b0 coming from different process: 81
01-01 02:31:42.780 E/[Gralloc-ERROR](   81): int gralloc_register_buffer(const gralloc_module_t*, const native_handle_t*):79 Unable to register handle 0x45d123d0 coming from different process: 81
01-01 02:31:42.790 E/[Gralloc-ERROR](   81): int gralloc_register_buffer(const gralloc_module_t*, const native_handle_t*):79 Unable to register handle 0x45d12600 coming from different process: 81
01-01 02:31:42.790 E/[Gralloc-ERROR](   81): int gralloc_register_buffer(const gralloc_module_t*, const native_handle_t*):79 Unable to register handle 0x45d129c0 coming from different process: 81
01-01 02:31:42.800 E/[Gralloc-ERROR](   81): int gralloc_register_buffer(const gralloc_module_t*, const native_handle_t*):79 Unable to register handle 0x45d12dd0 coming from different process: 81
01-01 02:31:42.950 E/[Gralloc-ERROR](   81): int gralloc_unregister_buffer(const gralloc_module_t*, const native_handle_t*):274 Trying to unregister buffer 0x463e9920 from process 81 that was not created in current process: 81
01-01 02:31:42.950 E/[Gralloc-ERROR](   81): int gralloc_unregister_buffer(const gralloc_module_t*, const native_handle_t*):274 Trying to unregister buffer 0x463e9880 from process 81 that was not created in current process: 81
01-01 02:31:43.070 I/GeckoDump(   81): XXX FIXME : Got a mozContentEvent: nfc-hardware-state-change
01-01 02:31:43.100 I/GeckoDump(   81): XXX FIXME : Got a mozContentEvent: nfc-hardware-state-change
01-01 02:31:43.310 E/[Gralloc-ERROR](   81): int gralloc_unregister_buffer(const gralloc_module_t*, const native_handle_t*):274 Trying to unregister buffer 0x45d120b0 from process 81 that was not created in current process: 81
01-01 02:31:43.310 E/[Gralloc-ERROR](   81): int gralloc_unregister_buffer(const gralloc_module_t*, const native_handle_t*):274 Trying to unregister buffer 0x451c05b0 from process 81 that was not created in current process: 81
01-01 02:31:43.310 E/[Gralloc-ERROR](   81): int gralloc_unregister_buffer(const gralloc_module_t*, const native_handle_t*):274 Trying to unregister buffer 0x45d12600 from process 81 that was not created in current process: 81
01-01 02:31:43.310 E/[Gralloc-ERROR](   81): int gralloc_unregister_buffer(const gralloc_module_t*, const native_handle_t*):274 Trying to unregister buffer 0x45d123d0 from process 81 that was not created in current process: 81
01-01 02:31:43.310 E/[Gralloc-ERROR](   81): int gralloc_unregister_buffer(const gralloc_module_t*, const native_handle_t*):274 Trying to unregister buffer 0x45d129c0 from process 81 that was not created in current process: 81
01-01 02:31:43.310 E/[Gralloc-ERROR](   81): int gralloc_unregister_buffer(const gralloc_module_t*, const native_handle_t*):274 Trying to unregister buffer 0x45d12dd0 from process 81 that was not created in current process: 81
01-01 02:31:43.320 I/Gecko   (   81): 1325403103325	Marionette	INFO	sendToClient: {"from":"0","ok":true}, {f7a01820-9164-45cd-aea7-5e0d8f46516c}, {f7a01820-9164-45cd-aea7-5e0d8f46516c}
01-01 02:31:43.520 I/Gecko   (   81): 1325403103528	Marionette	DEBUG	Got request: switchToFrame, data: {"to":"0","sessionId":"3-b2g","name":"switchToFrame","parameters":{"id":null,"focus":true}}, id: {12d2e1ab-ba06-48b2-a653-b0693028dffa}
01-01 02:31:43.550 I/Gecko:ProcessPriorityManager(   81): [(Preallocated), child-id=3, pid=416] Creating ParticularProcessPriorityManager.
01-01 02:31:43.560 I/Gecko:ProcessPriorityManager(   81): [(Preallocated), child-id=3, pid=416] Done starting up.  mHoldsCPUWakeLock=0, mHoldsHighPriorityWakeLock=0
01-01 02:31:43.560 I/Gecko:ProcessPriorityManager(   81): [(Preallocated), child-id=3, pid=416] Changing priority from UNKNOWN:CPU_NORMAL to MASTER:CPU_NORMAL.
01-01 02:31:43.560 I/Gonk    (   81): Setting nice for pid 416 to 0
01-01 02:31:43.560 I/Gonk    (   81): Changed nice for pid 416 from 0 to 0.
01-01 02:31:43.560 I/Gecko:ProcessPriorityManager(   81): [Homescreen, child-id=2, pid=372] Changing priority from FOREGROUND:CPU_NORMAL to FOREGROUND:CPU_LOW.
01-01 02:31:43.560 I/Gonk    (   81): Setting nice for pid 372 to 18
01-01 02:31:43.560 I/Gonk    (   81): Changed nice for pid 372 from 1 to 18.
01-01 02:31:43.560 I/Gecko:ProcessPriorityManager(   81): KillBackgroundApps
01-01 02:31:43.630 I/Gecko   (   81): 1325403103635	Marionette	INFO	Switched to frame: {"frameValue":null}
01-01 02:31:43.840 I/Gecko   (   81): 1325403103847	Marionette	INFO	sendToClient: {"from":"0","ok":true}, {12d2e1ab-ba06-48b2-a653-b0693028dffa}, {12d2e1ab-ba06-48b2-a653-b0693028dffa}
01-01 02:31:43.940 I/Gecko   (   81): 1325403103944	Marionette	DEBUG	Got request: executeWithCallback, data: {"to":"0","sessionId":"3-b2g","name":"executeAsyncScript","parameters":{"specialPowers":false,"scriptTimeout":60000,"newSandbox":true,"args":[],"filename":"app_checker.py","script":"\n        GaiaApps.locateWithManifestURL('https://marketplace.firefox.com/app/435c2680-160f-4737-8e3c-14df9c1058dd/manifest.webapp',\n                                       null,\n                                       function uninstall(app) {\n                                       navigator.mozApps.mgmt.uninstall(app);\n                                       marionetteScriptFinished(true);\n                                       });\n        ","line":129}}, id: {e40ef283-ec8d-42e4-a9ee-8bb4fdef1a60}
01-01 02:31:44.000 I/Gecko   (   81): 1325403104011	Marionette	INFO	sendToClient: {"from":"0","error":{"message":"TypeError: app is null","status":17,"stacktrace":"execute_async_script @app_checker.py, line 129\ninline javascript, line 221\nsrc: \"      appName = app.manifest.name;\""}}, {e40ef283-ec8d-42e4-a9ee-8bb4fdef1a60}, {e40ef283-ec8d-42e4-a9ee-8bb4fdef1a60}