--------- beginning of /dev/log/system
01-01 00:33:26.600 I/Vold    (   75): Vold 2.1 (the revenge) firing up
01-01 00:33:26.600 D/Vold    (   75): Volume sdcard state changing -1 (Initializing) -> 0 (No-Media)
01-01 00:33:26.690 D/Vold    (   75): Volume sdcard state changing 0 (No-Media) -> 2 (Pending)
01-01 00:33:26.690 D/Vold    (   75): Volume sdcard state changing 2 (Pending) -> 1 (Idle-Unmounted)
01-01 00:33:31.700 D/VoldCmdListener(   75): volume list
01-01 00:33:31.710 D/VoldCmdListener(   75): volume mount sdcard
01-01 00:33:31.710 I/Vold    (   75): /dev/block/vold/179:1 being considered for volume sdcard
01-01 00:33:31.710 D/Vold    (   75): Volume sdcard state changing 1 (Idle-Unmounted) -> 3 (Checking)
01-01 00:33:31.710 W/Vold    (   75): Skipping fs checks
01-01 00:33:31.760 I/Vold    (   75): Device /dev/block/vold/179:1, target /mnt/sdcard mounted @ /mnt/secure/staging
01-01 00:33:31.760 D/Vold    (   75): Volume sdcard state changing 3 (Checking) -> 4 (Mounted)
--------- beginning of /dev/log/main
01-01 00:33:43.230 D/SPRDENG (  167): 30
01-01 00:33:43.230 D/SPRDENG (  167): 30
01-01 00:33:43.230 D/SPRDENG (  167): 30
01-01 00:33:43.230 D/SPRDENG (  167): 30
01-01 00:33:43.230 D/SPRDENG (  167): 30
01-01 00:33:43.230 D/SPRDENG (  167): 30
01-01 00:33:43.230 D/SPRDENG (  167): 30
01-01 00:33:43.230 D/SPRDENG (  167): 30
01-01 00:33:43.230 D/SPRDENG (  167): 30
01-01 00:33:43.230 D/SPRDENG (  167): 30
01-01 00:33:43.230 D/SPRDENG (  167): 30
01-01 00:33:43.230 D/SPRDENG (  167): 30
01-01 00:33:43.230 D/SPRDENG (  167): 30
01-01 00:33:43.230 D/SPRDENG (  167): 30
01-01 00:33:43.230 D/SPRDENG (  167): 30
01-01 00:33:43.230 D/SPRDENG (  167): 30
01-01 00:33:43.230 D/SPRDENG (  167): 30
01-01 00:33:43.230 D/SPRDENG (  167): 30
01-01 00:33:43.230 D/SPRDENG (  167): 30
01-01 00:33:43.230 D/SPRDENG (  167): 30
01-01 00:33:43.230 D/SPRDENG (  167): 30
01-01 00:33:43.230 D/SPRDENG (  167): 30
01-01 00:33:43.230 D/SPRDENG (  167): 30
01-01 00:33:43.230 D/SPRDENG (  167): 30
01-01 00:33:43.230 D/SPRDENG (  167): 30
01-01 00:33:43.230 D/SPRDENG (  167): 30
01-01 00:33:43.230 D/SPRDENG (  167): 30
01-01 00:33:43.230 D/SPRDENG (  167): 30
01-01 00:33:43.230 D/SPRDENG (  167): 30
01-01 00:33:43.230 D/SPRDENG (  167): 30
01-01 00:33:43.230 D/SPRDENG (  167): 30
01-01 00:33:43.230 D/SPRDENG (  167): 30
01-01 00:33:43.230 D/SPRDENG (  167): 30
01-01 00:33:43.230 D/SPRDENG (  167): 30
01-01 00:33:43.230 D/SPRDENG (  167): 30
01-01 00:33:43.230 D/SPRDENG (  167): 30
01-01 00:33:43.230 D/SPRDENG (  167): 30
01-01 00:33:43.230 D/SPRDENG (  167): 30
01-01 00:33:43.230 D/SPRDENG (  167): 30
01-01 00:33:43.230 D/SPRDENG (  167): 30
01-01 00:33:43.230 D/SPRDENG (  167): 30
01-01 00:33:43.230 D/SPRDENG (  167): 30
01-01 00:33:43.230 D/SPRDENG (  167): 30
01-01 00:33:43.230 D/SPRDENG (  167): 30
01-01 00:33:43.230 D/SPRDENG (  167): 30
01-01 00:33:43.230 D/SPRDENG (  167): 30
01-01 00:33:43.230 D/SPRDENG (  167): 30
01-01 00:33:43.230 D/SPRDENG (  167): 30
01-01 00:33:43.230 D/SPRDENG (  167): 30
01-01 00:33:43.230 D/SPRDENG (  167): 30
01-01 00:33:43.230 D/SPRDENG (  167): 30
01-01 00:33:43.230 D/SPRDENG (  167): 30
01-01 00:33:43.230 D/SPRDENG (  167): 30
01-01 00:33:43.230 D/SPRDENG (  167): 30
01-01 00:33:43.230 D/SPRDENG (  167): 30
01-01 00:33:43.230 D/SPRDENG (  167): 30
01-01 00:33:43.230 D/SPRDENG (  167): 30
01-01 00:33:43.230 D/SPRDENG (  167): 30
01-01 00:33:43.230 D/SPRDENG (  167): 30
01-01 00:33:43.230 D/SPRDENG (  167): 30
01-01 00:33:43.230 D/SPRDENG (  167): 30
01-01 00:33:43.230 D/SPRDENG (  167): 30
01-01 00:33:43.230 D/SPRDENG (  167): 30
01-01 00:33:43.230 D/SPRDENG (  167): 30
01-01 00:33:43.230 D/SPRDENG (  167): 30
01-01 00:33:43.230 D/SPRDENG (  167): 30
01-01 00:33:43.230 D/SPRDENG (  167): 30
01-01 00:33:43.230 D/SPRDENG (  167): 30
01-01 00:33:43.230 D/SPRDENG (  167): 30
01-01 00:33:43.230 D/SPRDENG (  167): 30
01-01 00:33:43.230 D/SPRDENG (  167): 30
01-01 00:33:43.230 D/SPRDENG (  167): 30
01-01 00:33:43.230 D/SPRDENG (  167): 30
01-01 00:33:43.230 D/SPRDENG (  167): 30
01-01 00:33:43.230 D/SPRDENG (  167): 30
01-01 00:33:43.230 D/SPRDENG (  167): 30
01-01 00:33:43.230 D/SPRDENG (  167): 30
01-01 00:33:43.230 D/SPRDENG (  167): 30
01-01 00:33:43.230 D/SPRDENG (  167): 30
01-01 00:33:43.230 D/SPRDENG (  167): 30
01-01 00:33:43.230 D/SPRDENG (  167): 30
01-01 00:33:43.230 D/SPRDENG (  167): 30
01-01 00:33:43.230 D/SPRDENG (  167): 30
01-01 00:33:43.230 D/SPRDENG (  167): 30
01-01 00:33:43.230 D/SPRDENG (  167): 30
01-01 00:33:43.230 D/SPRDENG (  167): 30
01-01 00:33:43.230 D/SPRDENG (  167): 30
01-01 00:33:43.230 D/SPRDENG (  167): 30
01-01 00:33:43.230 D/SPRDENG (  167): 30
01-01 00:33:43.230 D/SPRDENG (  167): 30
01-01 00:33:43.230 D/SPRDENG (  167): 30
01-01 00:33:43.230 D/SPRDENG (  167): 30
01-01 00:33:43.230 D/SPRDENG (  167): 30
01-01 00:33:43.230 D/SPRDENG (  167): 30
01-01 00:33:43.230 D/SPRDENG (  167): 30
01-01 00:33:43.230 D/SPRDENG (  167): 30
01-01 00:33:43.230 D/SPRDENG (  167): 30
01-01 00:33:43.230 D/SPRDENG (  167): 30
01-01 00:33:43.230 D/SPRDENG (  167): 30
01-01 00:33:43.230 D/SPRDENG (  167): 30
01-01 00:33:43.230 D/SPRDENG (  167): 30
01-01 00:33:43.230 D/SPRDENG (  167): 30
01-01 00:33:43.230 D/SPRDENG (  167): 30
01-01 00:33:43.230 D/SPRDENG (  167): 30
01-01 00:33:43.230 D/SPRDENG (  167): 30
01-01 00:33:43.230 D/SPRDENG (  167): 62
01-01 00:33:43.230 D/SPRDENG (  167): 62
01-01 00:33:43.230 D/SPRDENG (  167): 62
01-01 00:33:43.230 D/SPRDENG (  167): 65
01-01 00:33:43.230 D/SPRDENG (  167): 63
01-01 00:33:43.230 D/SPRDENG (  167): 32
01-01 00:33:43.230 D/SPRDENG (  167): 63
01-01 00:33:43.230 D/SPRDENG (  167): 36
01-01 00:33:43.230 D/SPRDENG (  167): 31
01-01 00:33:43.230 D/SPRDENG (  167): 61
01-01 00:33:43.230 D/SPRDENG (  167): 32
01-01 00:33:43.230 D/SPRDENG (  167): 33
01-01 00:33:43.230 D/SPRDENG (  167): 31
01-01 00:33:43.230 D/SPRDENG (  167): 63
01-01 00:33:43.230 D/SPRDENG (  167): 32
01-01 00:33:43.230 D/SPRDENG (  167): 33
01-01 00:33:43.230 D/SPRDENG (  167): 30
01-01 00:33:43.230 D/SPRDENG (  167): 30
01-01 00:33:43.230 D/SPRDENG (  167): 30
01-01 00:33:43.230 D/SPRDENG (  167): 30
01-01 00:33:43.230 D/SPRDENG (  167): 30
01-01 00:33:43.230 D/SPRDENG (  167): 30
01-01 00:33:43.230 D/SPRDENG (  167): 30
01-01 00:33:43.230 D/SPRDENG (  167): 30
01-01 00:33:43.230 D/SPRDENG (  167): 30
01-01 00:33:43.230 D/SPRDENG (  167): 30
01-01 00:33:43.230 D/SPRDENG (  167): 30
01-01 00:33:43.230 D/SPRDENG (  167): 30
01-01 00:33:43.230 D/SPRDENG (  167): 30
01-01 00:33:43.230 D/SPRDENG (  167): 30
01-01 00:33:43.230 D/SPRDENG (  167): 30
01-01 00:33:43.230 D/SPRDENG (  167): 30
01-01 00:33:43.230 D/SPRDENG (  167): 31
01-01 00:33:43.230 D/SPRDENG (  167): 61
01-01 00:33:43.230 D/SPRDENG (  167): 32
01-01 00:33:43.230 D/SPRDENG (  167): 33
01-01 00:33:43.230 D/SPRDENG (  167): 31
01-01 00:33:43.230 D/SPRDENG (  167): 63
01-01 00:33:43.230 D/SPRDENG (  167): 32
01-01 00:33:43.230 D/SPRDENG (  167): 33
01-01 00:33:43.230 D/SPRDENG (  167): 30
01-01 00:33:43.230 D/SPRDENG (  167): 30
01-01 00:33:43.230 D/SPRDENG (  167): 30
01-01 00:33:43.230 D/SPRDENG (  167): 30
01-01 00:33:43.230 D/SPRDENG (  167): 30
01-01 00:33:43.230 D/SPRDENG (  167): 30
01-01 00:33:43.230 D/SPRDENG (  167): 30
01-01 00:33:43.230 D/SPRDENG (  167): 30
01-01 00:33:43.230 D/SPRDENG (  167): 30
01-01 00:33:43.230 D/SPRDENG (  167): 30
01-01 00:33:43.230 D/SPRDENG (  167): 30
01-01 00:33:43.230 D/SPRDENG (  167): 30
01-01 00:33:43.230 D/SPRDENG (  167): 30
01-01 00:33:43.230 D/SPRDENG (  167): 30
01-01 00:33:43.230 D/SPRDENG (  167): 30
01-01 00:33:43.230 D/SPRDENG (  167): 30
01-01 00:33:43.230 D/SPRDENG (  167): 31
01-01 00:33:43.230 D/SPRDENG (  167): 62
01-01 00:33:43.230 D/SPRDENG (  167): 32
01-01 00:33:43.230 D/SPRDENG (  167): 33
01-01 00:33:43.230 D/SPRDENG (  167): 31
01-01 00:33:43.230 D/SPRDENG (  167): 63
01-01 00:33:43.230 D/SPRDENG (  167): 32
01-01 00:33:43.230 D/SPRDENG (  167): 33
01-01 00:33:43.230 D/SPRDENG (  167): 30
01-01 00:33:43.230 D/SPRDENG (  167): 30
01-01 00:33:43.230 D/SPRDENG (  167): 30
01-01 00:33:43.230 D/SPRDENG (  167): 30
01-01 00:33:43.230 D/SPRDENG (  167): 30
01-01 00:33:43.230 D/SPRDENG (  167): 30
01-01 00:33:43.230 D/SPRDENG (  167): 30
01-01 00:33:43.230 D/SPRDENG (  167): 30
01-01 00:33:43.230 D/SPRDENG (  167): 30
01-01 00:33:43.230 D/SPRDENG (  167): 30
01-01 00:33:43.230 D/SPRDENG (  167): 30
01-01 00:33:43.230 D/SPRDENG (  167): 30
01-01 00:33:43.230 D/SPRDENG (  167): 30
01-01 00:33:43.230 D/SPRDENG (  167): 30
01-01 00:33:43.230 D/SPRDENG (  167): 30
01-01 00:33:43.230 D/SPRDENG (  167): 30
01-01 00:33:43.230 D/SPRDENG (  167): 31
01-01 00:33:43.230 D/SPRDENG (  167): 62
01-01 00:33:43.230 D/SPRDENG (  167): 32
01-01 00:33:43.230 D/SPRDENG (  167): 33
01-01 00:33:43.230 D/SPRDENG (  167): 31
01-01 00:33:43.230 D/SPRDENG (  167): 63
01-01 00:33:43.230 D/SPRDENG (  167): 32
01-01 00:33:43.230 D/SPRDENG (  167): 33
01-01 00:33:43.230 D/SPRDENG (  167): 30
01-01 00:33:43.230 D/SPRDENG (  167): 30
01-01 00:33:43.230 D/SPRDENG (  167): 30
01-01 00:33:43.230 D/SPRDENG (  167): 30
01-01 00:33:43.230 D/SPRDENG (  167): 30
01-01 00:33:43.230 D/SPRDENG (  167): 30
01-01 00:33:43.230 D/SPRDENG (  167): 30
01-01 00:33:43.230 D/SPRDENG (  167): 30
01-01 00:33:43.230 D/SPRDENG (  167): 30
01-01 00:33:43.230 D/SPRDENG (  167): 30
01-01 00:33:43.230 D/SPRDENG (  167): 30
01-01 00:33:43.230 D/SPRDENG (  167): 30
01-01 00:33:43.230 D/SPRDENG (  167): 30
01-01 00:33:43.230 D/SPRDENG (  167): 30
01-01 00:33:43.230 D/SPRDENG (  167): 30
01-01 00:33:43.230 D/SPRDENG (  167): 30
01-01 00:33:43.230 D/SPRDENG (  167): 31
01-01 00:33:43.230 D/SPRDENG (  167): 62
01-01 00:33:43.230 D/SPRDENG (  167): 32
01-01 00:33:43.230 D/SPRDENG (  167): 33
01-01 00:33:43.230 D/SPRDENG (  167): 31
01-01 00:33:43.230 D/SPRDENG (  167): 63
01-01 00:33:43.230 D/SPRDENG (  167): 32
01-01 00:33:43.230 D/SPRDENG (  167): 33
01-01 00:33:43.230 D/SPRDENG (  167): 30
01-01 00:33:43.230 D/SPRDENG (  167): 30
01-01 00:33:43.230 D/SPRDENG (  167): 30
01-01 00:33:43.230 D/SPRDENG (  167): 30
01-01 00:33:43.230 D/SPRDENG (  167): 30
01-01 00:33:43.230 D/SPRDENG (  167): 30
01-01 00:33:43.230 D/SPRDENG (  167): 30
01-01 00:33:43.230 D/SPRDENG (  167): 30
01-01 00:33:43.230 D/SPRDENG (  167): 30
01-01 00:33:43.230 D/SPRDENG (  167): 30
01-01 00:33:43.230 D/SPRDENG (  167): 30
01-01 00:33:43.230 D/SPRDENG (  167): 30
01-01 00:33:43.230 D/SPRDENG (  167): 30
01-01 00:33:43.230 D/SPRDENG (  167): 30
01-01 00:33:43.230 D/SPRDENG (  167): 30
01-01 00:33:43.230 D/SPRDENG (  167): 30
01-01 00:33:43.230 D/SPRDENG (  167): 30
01-01 00:33:43.230 D/SPRDENG (  167): 30
01-01 00:33:43.230 D/SPRDENG (  167): 30
01-01 00:33:43.230 D/SPRDENG (  167): 30
01-01 00:33:43.230 D/SPRDENG (  167): 30
01-01 00:33:43.230 D/SPRDENG (  167): 30
01-01 00:33:43.230 D/SPRDENG (  167): 30
01-01 00:33:43.230 D/SPRDENG (  167): 30
01-01 00:33:43.230 D/SPRDENG (  167): 30
01-01 00:33:43.230 D/SPRDENG (  167): 30
01-01 00:33:43.230 D/SPRDENG (  167): 30
01-01 00:33:43.230 D/SPRDENG (  167): 30
01-01 00:33:43.230 D/SPRDENG (  167): 30
01-01 00:33:43.230 D/SPRDENG (  167): 30
01-01 00:33:43.230 D/SPRDENG (  167): 30
01-01 00:33:43.230 D/SPRDENG (  167): 30
01-01 00:33:43.230 D/SPRDENG (  167): 30
01-01 00:33:43.230 D/SPRDENG (  167): 30
01-01 00:33:43.230 D/SPRDENG (  167): 30
01-01 00:33:43.230 D/SPRDENG (  167): 30
01-01 00:33:43.230 D/SPRDENG (  167): 30
01-01 00:33:43.230 D/SPRDENG (  167): 30
01-01 00:33:43.230 D/SPRDENG (  167): 30
01-01 00:33:43.230 D/SPRDENG (  167): 30
01-01 00:33:43.230 D/SPRDENG (  167): 32
01-01 00:33:43.230 D/SPRDENG (  167): 63
01-01 00:33:43.230 D/SPRDENG (  167): 30
01-01 00:33:43.230 D/SPRDENG (  167): 30
01-01 00:33:43.230 D/SPRDENG (  167): 30
01-01 00:33:43.230 D/SPRDENG (  167): 30
01-01 00:33:43.230 D/SPRDENG (  167): 30
01-01 00:33:43.230 D/SPRDENG (  167): 30
01-01 00:33:43.230 D/SPRDENG (  167): 1a
01-01 00:33:43.240 D/SPRDENG (  167): eng_modem2server: use SIM1 /dev/CHNPTY13
01-01 00:33:43.240 D/SPRDENG (  167): AT < 
01-01 00:33:43.240 D/SPRDENG (  167): OK
01-01 00:33:43.240 D/SPRDENG (  167): 
01-01 00:33:43.240 E/        (   96): nvcal_recv_from_modem: Receive 1 Modem Response
01-01 00:33:43.240 E/        (   96): write_rf_nvconf_cmd: wifi recv_num =6, response=[
01-01 00:33:43.240 E/        (   96): OK
01-01 00:33:43.240 E/        (   96): ]
01-01 00:33:43.340 E/eng_rf_nv_update(   96): [set_rf_nvconf]: NV updated OK!
01-01 00:33:43.340 E/eng_rf_nv_update(   96): [save_rf_nv_to_bak_file] NV data save to bake file OK
01-01 00:33:43.340 E/eng_rf_nv_update(   96): [eng_rf_nv_update]: end eng rf nv update!
01-01 00:33:43.340 I/logwrapper(   80): /system/bin/eng_rf_nv_update terminated by exit(0)
01-01 00:33:43.570 I/power   (   81): *** set_screen_state 1
01-01 00:33:43.570 D/Sensors (   81): activate handle=3; drv=1
01-01 00:33:43.570 D/Sensors (   81): SensorTMD2771::setEnable=0= en=1; newState=1; what=0; mEnabled=0
01-01 00:33:43.740 D/Sensors (   81): taos ---Light::TAOS_IOCTL_ALS_ON=== err=0
01-01 00:33:43.740 D/Sensors (   81): SensorTMD2771::setEnable=1= en=1; newState=1; what=0; mEnabled=1
01-01 00:33:43.740 D/Sensors (   81): SensorTMD2771::getEnable===mEnabled=0x1; enable=1
01-01 00:33:43.760 I/GeckoDump(   81): XXX FIXME : Got a mozContentEvent: nfc-hardware-state-change
01-01 00:33:43.780 I/GeckoDump(   81): XXX FIXME : Got a mozContentEvent: system-message-listener-ready
01-01 00:33:43.840 I/Gecko:ProcessPriorityManager(   81): [(Preallocated), child-id=2, pid=373] Creating ParticularProcessPriorityManager.
01-01 00:33:43.840 I/Gecko:ProcessPriorityManager(   81): [(Preallocated), child-id=2, pid=373] Done starting up.  mHoldsCPUWakeLock=0, mHoldsHighPriorityWakeLock=0
01-01 00:33:43.840 I/Gecko:ProcessPriorityManager(   81): [(Preallocated), child-id=2, pid=373] Changing priority from UNKNOWN:CPU_NORMAL to MASTER:CPU_NORMAL.
01-01 00:33:43.840 I/Gonk    (   81): Setting nice for pid 373 to 0
01-01 00:33:43.840 I/Gonk    (   81): Changed nice for pid 373 from 0 to 0.
01-01 00:33:44.180 D/Sensors (   81): SensorTMD2771::readEvents()======data_fd=53,count=16
01-01 00:33:44.180 D/Sensors (   81): SensorTMD2771::processEvent()=====code=40::value=11 
01-01 00:33:44.180 D/Sensors (   81): SensorTMD2771: mPendingEvents[Light].light = 11.000000
01-01 00:33:44.480 I/Gecko   (   81): 1325396024493	Marionette	INFO	loaded marionette-listener.js
01-01 00:33:44.490 I/Gecko   (   81): 1325396024495	Marionette	INFO	sendToClient: {"from":"0","value":"3-b2g"}, {27805614-db91-48cc-8b9c-48e5a8de52f9}, {27805614-db91-48cc-8b9c-48e5a8de52f9}
01-01 00:33:44.640 E/GeckoConsole(   81): [JavaScript Error: "TypeError: widgetFrame is undefined" {file: "app://system.gaiamobile.org/js/cost_control.js" line: 119}]
01-01 00:33:44.980 E/WifiHW  (   81): Leo ensure_config_file_exists config_file=/data/misc/wifi/wpa_supplicant.conf
01-01 00:33:44.980 E/WifiHW  (   81): daemon_cmd=wpa_supplicant:-iwlan0 -c/data/misc/wifi/wpa_supplicant.conf
01-01 00:33:45.040 I/Gecko   (   81): 1325396025051	Marionette	INFO	sendToClient: {"from":"0","value":{"ELEMENT":"{74ceef18-1b84-4b45-96fd-bb3aaf7cb326}"}}, {3362aad6-1fff-45a6-b594-7d7fbcf4200f}, {3362aad6-1fff-45a6-b594-7d7fbcf4200f}
01-01 00:33:45.140 I/Gecko   (   81): 1325396025151	Marionette	INFO	sendToClient: {"from":"0","value":false}, {4232ffd1-88db-428d-807c-be83bf6e67f0}, {4232ffd1-88db-428d-807c-be83bf6e67f0}
01-01 00:33:45.340 I/Gecko   (   81): 1325396025353	Marionette	INFO	sendToClient: {"from":"0","value":{"ELEMENT":"{74ceef18-1b84-4b45-96fd-bb3aaf7cb326}"}}, {ef49f925-509a-478a-a7f3-5f1edbdc74b0}, {ef49f925-509a-478a-a7f3-5f1edbdc74b0}
01-01 00:33:45.480 I/Gecko   (   81): 1325396025487	Marionette	INFO	sendToClient: {"from":"0","value":false}, {8f681779-0ed1-45fb-b9eb-29d20434d655}, {8f681779-0ed1-45fb-b9eb-29d20434d655}
01-01 00:33:45.690 I/Gecko   (   81): 1325396025703	Marionette	INFO	sendToClient: {"from":"0","value":{"ELEMENT":"{74ceef18-1b84-4b45-96fd-bb3aaf7cb326}"}}, {afc769b7-aae2-4cb7-9b96-ec04f84a75a3}, {afc769b7-aae2-4cb7-9b96-ec04f84a75a3}
01-01 00:33:45.770 I/Gecko   (   81): 1325396025781	Marionette	INFO	sendToClient: {"from":"0","value":false}, {6a81794a-cb70-4a16-a86c-27d01a95123b}, {6a81794a-cb70-4a16-a86c-27d01a95123b}
01-01 00:33:45.950 W/WifiHW  (   81): wifi_command: LOG_LEVEL
01-01 00:33:45.950 W/WifiHW  (   81): wifi_command: STATUS
01-01 00:33:45.960 I/Gecko   (   81): 1325396025967	Marionette	INFO	sendToClient: {"from":"0","value":{"ELEMENT":"{74ceef18-1b84-4b45-96fd-bb3aaf7cb326}"}}, {48be0967-41ed-461d-a671-d545c3b4df8c}, {48be0967-41ed-461d-a671-d545c3b4df8c}
01-01 00:33:45.970 W/WifiHW  (   81): wifi_command: LIST_NETWORKS
01-01 00:33:45.970 W/WifiHW  (   81): wifi_command: DRIVER MACADDR
01-01 00:33:45.990 W/WifiHW  (   81): wifi_command: GET_NETWORK 0 ssid
01-01 00:33:45.990 W/WifiHW  (   81): wifi_command: GET_NETWORK 0 bssid
01-01 00:33:46.000 W/WifiHW  (   81): wifi_command: GET_NETWORK 0 psk
01-01 00:33:46.000 W/WifiHW  (   81): wifi_command: GET_NETWORK 0 wep_key0
01-01 00:33:46.000 W/WifiHW  (   81): wifi_command: GET_NETWORK 0 wep_key1
01-01 00:33:46.010 W/WifiHW  (   81): wifi_command: GET_NETWORK 0 wep_key2
01-01 00:33:46.010 W/WifiHW  (   81): wifi_command: GET_NETWORK 0 wep_key3
01-01 00:33:46.010 W/WifiHW  (   81): wifi_command: GET_NETWORK 0 wep_tx_keyidx
01-01 00:33:46.010 W/WifiHW  (   81): wifi_command: GET_NETWORK 0 priority
01-01 00:33:46.010 W/WifiHW  (   81): wifi_command: GET_NETWORK 0 key_mgmt
01-01 00:33:46.010 W/WifiHW  (   81): wifi_command: GET_NETWORK 0 scan_ssid
01-01 00:33:46.010 W/WifiHW  (   81): wifi_command: GET_NETWORK 0 disabled
01-01 00:33:46.010 W/WifiHW  (   81): wifi_command: GET_NETWORK 0 identity
01-01 00:33:46.010 W/WifiHW  (   81): wifi_command: GET_NETWORK 0 password
01-01 00:33:46.020 W/WifiHW  (   81): wifi_command: GET_NETWORK 0 auth_alg
01-01 00:33:46.020 W/WifiHW  (   81): wifi_command: GET_NETWORK 0 phase1
01-01 00:33:46.020 W/WifiHW  (   81): wifi_command: GET_NETWORK 0 phase2
01-01 00:33:46.020 W/WifiHW  (   81): wifi_command: GET_NETWORK 0 eap
01-01 00:33:46.020 W/WifiHW  (   81): wifi_command: GET_NETWORK 0 pin
01-01 00:33:46.020 W/WifiHW  (   81): wifi_command: GET_NETWORK 0 pcsc
01-01 00:33:46.020 W/WifiHW  (   81): wifi_command: GET_NETWORK 1 ssid
01-01 00:33:46.020 W/WifiHW  (   81): wifi_command: GET_NETWORK 1 bssid
01-01 00:33:46.020 W/WifiHW  (   81): wifi_command: GET_NETWORK 1 psk
01-01 00:33:46.020 W/WifiHW  (   81): wifi_command: GET_NETWORK 1 wep_key0
01-01 00:33:46.020 W/WifiHW  (   81): wifi_command: GET_NETWORK 1 wep_key1
01-01 00:33:46.030 W/WifiHW  (   81): wifi_command: GET_NETWORK 1 wep_key2
01-01 00:33:46.030 W/WifiHW  (   81): wifi_command: GET_NETWORK 1 wep_key3
01-01 00:33:46.030 W/WifiHW  (   81): wifi_command: GET_NETWORK 1 wep_tx_keyidx
01-01 00:33:46.030 W/WifiHW  (   81): wifi_command: GET_NETWORK 1 priority
01-01 00:33:46.030 W/WifiHW  (   81): wifi_command: GET_NETWORK 1 key_mgmt
01-01 00:33:46.030 W/WifiHW  (   81): wifi_command: GET_NETWORK 1 scan_ssid
01-01 00:33:46.030 W/WifiHW  (   81): wifi_command: GET_NETWORK 1 disabled
01-01 00:33:46.040 W/WifiHW  (   81): wifi_command: GET_NETWORK 1 identity
01-01 00:33:46.040 W/WifiHW  (   81): wifi_command: GET_NETWORK 1 password
01-01 00:33:46.040 W/WifiHW  (   81): wifi_command: GET_NETWORK 1 auth_alg
01-01 00:33:46.040 W/WifiHW  (   81): wifi_command: GET_NETWORK 1 phase1
01-01 00:33:46.040 W/WifiHW  (   81): wifi_command: GET_NETWORK 1 phase2
01-01 00:33:46.050 W/WifiHW  (   81): wifi_command: GET_NETWORK 1 eap
01-01 00:33:46.050 W/WifiHW  (   81): wifi_command: GET_NETWORK 1 pin
01-01 00:33:46.050 W/WifiHW  (   81): wifi_command: GET_NETWORK 1 pcsc
01-01 00:33:46.050 W/WifiHW  (   81): wifi_command: GET_NETWORK 2 ssid
01-01 00:33:46.050 W/WifiHW  (   81): wifi_command: GET_NETWORK 2 bssid
01-01 00:33:46.050 W/WifiHW  (   81): wifi_command: GET_NETWORK 2 psk
01-01 00:33:46.050 W/WifiHW  (   81): wifi_command: GET_NETWORK 2 wep_key0
01-01 00:33:46.050 W/WifiHW  (   81): wifi_command: GET_NETWORK 2 wep_key1
01-01 00:33:46.050 W/WifiHW  (   81): wifi_command: GET_NETWORK 2 wep_key2
01-01 00:33:46.060 W/WifiHW  (   81): wifi_command: GET_NETWORK 2 wep_key3
01-01 00:33:46.060 W/WifiHW  (   81): wifi_command: GET_NETWORK 2 wep_tx_keyidx
01-01 00:33:46.060 W/WifiHW  (   81): wifi_command: GET_NETWORK 2 priority
01-01 00:33:46.060 W/WifiHW  (   81): wifi_command: GET_NETWORK 2 key_mgmt
01-01 00:33:46.060 W/WifiHW  (   81): wifi_command: GET_NETWORK 2 scan_ssid
01-01 00:33:46.060 W/WifiHW  (   81): wifi_command: GET_NETWORK 2 disabled
01-01 00:33:46.060 W/WifiHW  (   81): wifi_command: GET_NETWORK 2 identity
01-01 00:33:46.060 W/WifiHW  (   81): wifi_command: GET_NETWORK 2 password
01-01 00:33:46.060 W/WifiHW  (   81): wifi_command: GET_NETWORK 2 auth_alg
01-01 00:33:46.060 W/WifiHW  (   81): wifi_command: GET_NETWORK 2 phase1
01-01 00:33:46.060 W/WifiHW  (   81): wifi_command: GET_NETWORK 2 phase2
01-01 00:33:46.060 W/WifiHW  (   81): wifi_command: GET_NETWORK 2 eap
01-01 00:33:46.060 W/WifiHW  (   81): wifi_command: GET_NETWORK 2 pin
01-01 00:33:46.060 W/WifiHW  (   81): wifi_command: GET_NETWORK 2 pcsc
01-01 00:33:46.070 W/WifiHW  (   81): wifi_command: GET_NETWORK 3 ssid
01-01 00:33:46.070 W/WifiHW  (   81): wifi_command: GET_NETWORK 3 bssid
01-01 00:33:46.080 W/WifiHW  (   81): wifi_command: GET_NETWORK 3 psk
01-01 00:33:46.080 W/WifiHW  (   81): wifi_command: GET_NETWORK 3 wep_key0
01-01 00:33:46.080 W/WifiHW  (   81): wifi_command: GET_NETWORK 3 wep_key1
01-01 00:33:46.080 W/WifiHW  (   81): wifi_command: GET_NETWORK 3 wep_key2
01-01 00:33:46.080 W/WifiHW  (   81): wifi_command: GET_NETWORK 3 wep_key3
01-01 00:33:46.080 W/WifiHW  (   81): wifi_command: GET_NETWORK 3 wep_tx_keyidx
01-01 00:33:46.080 W/WifiHW  (   81): wifi_command: GET_NETWORK 3 priority
01-01 00:33:46.080 W/WifiHW  (   81): wifi_command: GET_NETWORK 3 key_mgmt
01-01 00:33:46.080 W/WifiHW  (   81): wifi_command: GET_NETWORK 3 scan_ssid
01-01 00:33:46.080 W/WifiHW  (   81): wifi_command: GET_NETWORK 3 disabled
01-01 00:33:46.080 W/WifiHW  (   81): wifi_command: GET_NETWORK 3 identity
01-01 00:33:46.080 W/WifiHW  (   81): wifi_command: GET_NETWORK 3 password
01-01 00:33:46.080 W/WifiHW  (   81): wifi_command: GET_NETWORK 3 auth_alg
01-01 00:33:46.080 W/WifiHW  (   81): wifi_command: GET_NETWORK 3 phase1
01-01 00:33:46.090 W/WifiHW  (   81): wifi_command: GET_NETWORK 3 phase2
01-01 00:33:46.090 W/WifiHW  (   81): wifi_command: GET_NETWORK 3 eap
01-01 00:33:46.090 W/WifiHW  (   81): wifi_command: GET_NETWORK 3 pin
01-01 00:33:46.090 W/WifiHW  (   81): wifi_command: GET_NETWORK 3 pcsc
01-01 00:33:46.120 W/WifiHW  (   81): wifi_command: ENABLE_NETWORK 0
01-01 00:33:46.120 W/WifiHW  (   81): wifi_command: ENABLE_NETWORK 1
01-01 00:33:46.120 W/WifiHW  (   81): wifi_command: ENABLE_NETWORK 2
01-01 00:33:46.120 W/WifiHW  (   81): wifi_command: ENABLE_NETWORK 3
01-01 00:33:46.120 W/WifiHW  (   81): wifi_command: AP_SCAN 1
01-01 00:33:46.140 W/WifiHW  (   81): wifi_command: SAVE_CONFIG
01-01 00:33:46.170 I/Gecko   (   81): 1325396026177	Marionette	INFO	sendToClient: {"from":"0","value":false}, {ef120985-5d6f-496d-8dc2-fd3bd926a815}, {ef120985-5d6f-496d-8dc2-fd3bd926a815}
01-01 00:33:46.270 I/GeckoDump(   81): XXX FIXME : Got a mozContentEvent: accessibility-screenreader
01-01 00:33:46.630 I/GeckoDump(   81): XXX FIXME : Got a mozContentEvent: nfc-hardware-state-change
01-01 00:33:46.820 W/WifiHW  (   81): wifi_command: DRIVER SCAN-ACTIVE
01-01 00:33:46.870 W/WifiHW  (   81): wifi_command: SCAN
01-01 00:33:46.890 W/WifiHW  (   81): wifi_command: DRIVER SCAN-PASSIVE
01-01 00:33:46.900 I/Gecko   (   81): 1325396026904	Marionette	INFO	sendToClient: {"from":"0","value":{"ELEMENT":"{74ceef18-1b84-4b45-96fd-bb3aaf7cb326}"}}, {ee19d1d3-ac82-4bfc-b13b-39dcd122541f}, {ee19d1d3-ac82-4bfc-b13b-39dcd122541f}
01-01 00:33:47.010 I/Gecko   (   81): 1325396027014	Marionette	INFO	sendToClient: {"from":"0","value":true}, {62bea064-c76d-4a75-a577-8df37508166b}, {62bea064-c76d-4a75-a577-8df37508166b}
01-01 00:33:47.310 I/FMRadio (   81): FMRadio is initialized.
01-01 00:33:47.390 E/GeckoConsole(   81): Content JS ERROR at app://system.gaiamobile.org/js/telephony_settings.js:23 in set_vpm_error: Error setting voice privacy.
01-01 00:33:47.390 E/GeckoConsole(   81): Content JS ERROR at app://system.gaiamobile.org/js/telephony_settings.js:23 in set_vpm_error: Error setting voice privacy.
01-01 00:33:47.490 E/GeckoConsole(   81): Content JS ERROR at app://system.gaiamobile.org/js/telephony_settings.js:42 in set_vpm_error: Error roaming preference.
01-01 00:33:47.490 E/GeckoConsole(   81): Content JS ERROR at app://system.gaiamobile.org/js/telephony_settings.js:42 in set_vpm_error: Error roaming preference.
01-01 00:33:47.710 I/Gecko:ProcessPriorityManager(   81): [Homescreen, child-id=2, pid=373] Changing priority from MASTER:CPU_NORMAL to FOREGROUND:CPU_NORMAL.
01-01 00:33:47.710 I/Gonk    (   81): Setting nice for pid 373 to 1
01-01 00:33:47.710 I/Gonk    (   81): Changed nice for pid 373 from 0 to 1.
01-01 00:33:47.720 I/Gecko:ProcessPriorityManager(   81): Making background LRU pool with size(3)
01-01 00:33:47.720 I/Gecko:ProcessPriorityManager(   81): KillBackgroundApps
01-01 00:33:47.720 I/Gecko   (   81): [Parent 81] WARNING: waitpid failed pid:373 errno:10: file /var/lib/jenkins/jobs/B2G.v1.3.0.Tarako/workspace/gecko/ipc/chromium/src/base/process_util_posix.cc, line 254
01-01 00:33:47.950 E/[Gralloc-ERROR](   81): int gralloc_register_buffer(const gralloc_module_t*, const native_handle_t*):79 Unable to register handle 0x45ef8650 coming from different process: 81
01-01 00:33:47.970 E/[Gralloc-ERROR](   81): int gralloc_register_buffer(const gralloc_module_t*, const native_handle_t*):79 Unable to register handle 0x45ef86f0 coming from different process: 81
01-01 00:33:48.090 E/[Gralloc-ERROR](   81): int gralloc_register_buffer(const gralloc_module_t*, const native_handle_t*):79 Unable to register handle 0x45ef8970 coming from different process: 81
01-01 00:33:48.090 E/[Gralloc-ERROR](   81): int gralloc_register_buffer(const gralloc_module_t*, const native_handle_t*):79 Unable to register handle 0x45ef8a10 coming from different process: 81
01-01 00:33:48.390 I/GeckoDump(   81): XXX FIXME : Got a mozContentEvent: inputmethod-update-layouts
01-01 00:33:48.440 I/Gecko   (   81): ############################### browserElementPanning.js loaded
01-01 00:33:48.480 I/Gecko   (   81): ######################## BrowserElementChildPreload.js loaded
01-01 00:33:48.550 I/GeckoDump(   81): XXX FIXME : Got a mozContentEvent: inputmethod-update-layouts
01-01 00:33:49.220 E/GeckoConsole(   81): [JavaScript Warning: "Error in parsing value for 'font-weight'.  Declaration dropped." {file: "app://keyboard.gaiamobile.org/style/keyboard.css" line: 132 column: 15 source: "  font-weight: medium;"}]
01-01 00:33:50.010 I/Gecko   (   81): 1325396030015	Marionette	INFO	sendToClient: {"from":"0","ok":true}, {2d893a0e-237d-4b56-a891-a679849e6855}, {2d893a0e-237d-4b56-a891-a679849e6855}
01-01 00:33:50.080 I/Gecko   (   81): 1325396030086	Marionette	DEBUG	Got request: switchToFrame, data: {"to":"0","sessionId":"3-b2g","name":"switchToFrame","parameters":{"id":null,"focus":true}}, id: {8778fbfa-c637-4f1b-93f2-dcb4eae574e5}
01-01 00:33:50.080 I/Gecko   (  373): ###################################### forms.js loaded
01-01 00:33:50.100 I/Gecko   (   81): 1325396030105	Marionette	INFO	Switched to frame: {"frameValue":null}
01-01 00:33:50.210 W/WifiHW  (   81): wifi_command: SCAN_RESULTS
01-01 00:33:50.240 I/Gecko   (  373): ############################### browserElementPanning.js loaded
01-01 00:33:50.260 W/WifiHW  (   81): wifi_command: DRIVER SCAN-PASSIVE
01-01 00:33:50.290 I/Gecko   (   81): 1325396030301	Marionette	INFO	sendToClient: {"from":"0","ok":true}, {8778fbfa-c637-4f1b-93f2-dcb4eae574e5}, {8778fbfa-c637-4f1b-93f2-dcb4eae574e5}
01-01 00:33:50.360 W/WifiHW  (   81): wifi_command: GET_NETWORK 3 ssid
01-01 00:33:50.360 W/WifiHW  (   81): wifi_command: GET_NETWORK 3 bssid
01-01 00:33:50.360 W/WifiHW  (   81): wifi_command: GET_NETWORK 3 psk
01-01 00:33:50.360 W/WifiHW  (   81): wifi_command: GET_NETWORK 3 wep_key0
01-01 00:33:50.370 W/WifiHW  (   81): wifi_command: GET_NETWORK 3 wep_key1
01-01 00:33:50.380 W/WifiHW  (   81): wifi_command: GET_NETWORK 3 wep_key2
01-01 00:33:50.380 W/WifiHW  (   81): wifi_command: GET_NETWORK 3 wep_key3
01-01 00:33:50.380 W/WifiHW  (   81): wifi_command: GET_NETWORK 3 wep_tx_keyidx
01-01 00:33:50.380 W/WifiHW  (   81): wifi_command: GET_NETWORK 3 priority
01-01 00:33:50.380 W/WifiHW  (   81): wifi_command: GET_NETWORK 3 key_mgmt
01-01 00:33:50.380 W/WifiHW  (   81): wifi_command: GET_NETWORK 3 scan_ssid
01-01 00:33:50.390 W/WifiHW  (   81): wifi_command: GET_NETWORK 3 disabled
01-01 00:33:50.390 W/WifiHW  (   81): wifi_command: GET_NETWORK 3 identity
01-01 00:33:50.390 W/WifiHW  (   81): wifi_command: GET_NETWORK 3 password
01-01 00:33:50.390 W/WifiHW  (   81): wifi_command: GET_NETWORK 3 auth_alg
01-01 00:33:50.390 W/WifiHW  (   81): wifi_command: GET_NETWORK 3 phase1
01-01 00:33:50.390 W/WifiHW  (   81): wifi_command: GET_NETWORK 3 phase2
01-01 00:33:50.400 W/WifiHW  (   81): wifi_command: GET_NETWORK 3 eap
01-01 00:33:50.400 W/WifiHW  (   81): wifi_command: GET_NETWORK 3 pin
01-01 00:33:50.400 W/WifiHW  (   81): wifi_command: GET_NETWORK 3 pcsc
01-01 00:33:50.630 I/Gecko   (   81): 1325396030643	Marionette	DEBUG	Got request: executeWithCallback, data: {"to":"0","sessionId":"3-b2g","name":"executeAsyncScript","parameters":{"specialPowers":false,"scriptTimeout":null,"newSandbox":true,"args":[],"filename":"gaia_test.py","script":"GaiaLockScreen.unlock()","line":810}}, id: {0abda0e4-15cb-4bca-bf0c-ccf3b4334837}
01-01 00:33:50.820 E/Profiler(   81): BPUnw: [1 total] thread_unregister_for_profiling(me=0x1764038)  (NOT REGISTERED) 
01-01 00:33:51.120 I/Gecko   (  373): ######################## BrowserElementChildPreload.js loaded
01-01 00:33:51.330 W/WifiHW  (   81): wifi_command: SIGNAL_POLL
01-01 00:33:51.390 W/WifiHW  (   81): wifi_command: GET_NETWORK 3 ssid
01-01 00:33:51.390 W/WifiHW  (   81): wifi_command: GET_NETWORK 3 bssid
01-01 00:33:51.390 W/WifiHW  (   81): wifi_command: GET_NETWORK 3 psk
01-01 00:33:51.390 W/WifiHW  (   81): wifi_command: GET_NETWORK 3 wep_key0
01-01 00:33:51.390 W/WifiHW  (   81): wifi_command: GET_NETWORK 3 wep_key1
01-01 00:33:51.420 W/WifiHW  (   81): wifi_command: GET_NETWORK 3 wep_key2
01-01 00:33:51.420 W/WifiHW  (   81): wifi_command: GET_NETWORK 3 wep_key3
01-01 00:33:51.420 W/WifiHW  (   81): wifi_command: GET_NETWORK 3 wep_tx_keyidx
01-01 00:33:51.420 W/WifiHW  (   81): wifi_command: GET_NETWORK 3 priority
01-01 00:33:51.420 W/WifiHW  (   81): wifi_command: GET_NETWORK 3 key_mgmt
01-01 00:33:51.430 W/WifiHW  (   81): wifi_command: GET_NETWORK 3 scan_ssid
01-01 00:33:51.430 W/WifiHW  (   81): wifi_command: GET_NETWORK 3 disabled
01-01 00:33:51.430 W/WifiHW  (   81): wifi_command: GET_NETWORK 3 identity
01-01 00:33:51.430 W/WifiHW  (   81): wifi_command: GET_NETWORK 3 password
01-01 00:33:51.430 W/WifiHW  (   81): wifi_command: GET_NETWORK 3 auth_alg
01-01 00:33:51.430 W/WifiHW  (   81): wifi_command: GET_NETWORK 3 phase1
01-01 00:33:51.430 W/WifiHW  (   81): wifi_command: GET_NETWORK 3 phase2
01-01 00:33:51.430 W/WifiHW  (   81): wifi_command: GET_NETWORK 3 eap
01-01 00:33:51.430 W/WifiHW  (   81): wifi_command: GET_NETWORK 3 pin
01-01 00:33:51.440 W/WifiHW  (   81): wifi_command: GET_NETWORK 3 pcsc
01-01 00:33:51.480 I/Gecko   (   81): 1325396031491	Marionette	INFO	sendToClient: {"from":"0","value":{"passed":0,"failed":0,"failures":[]}}, {0abda0e4-15cb-4bca-bf0c-ccf3b4334837}, {0abda0e4-15cb-4bca-bf0c-ccf3b4334837}
01-01 00:33:52.180 E/[Gralloc-ERROR](   81): int gralloc_register_buffer(const gralloc_module_t*, const native_handle_t*):79 Unable to register handle 0x44b51e20 coming from different process: 81
01-01 00:33:52.180 E/[Gralloc-ERROR](   81): int gralloc_register_buffer(const gralloc_module_t*, const native_handle_t*):79 Unable to register handle 0x4521e1a0 coming from different process: 81
01-01 00:33:52.220 E/[Gralloc-ERROR](   81): int gralloc_register_buffer(const gralloc_module_t*, const native_handle_t*):79 Unable to register handle 0x4521e330 coming from different process: 81
01-01 00:33:52.230 E/[Gralloc-ERROR](   81): int gralloc_register_buffer(const gralloc_module_t*, const native_handle_t*):79 Unable to register handle 0x4521e790 coming from different process: 81
01-01 00:33:52.230 E/[Gralloc-ERROR](   81): int gralloc_register_buffer(const gralloc_module_t*, const native_handle_t*):79 Unable to register handle 0x4521e880 coming from different process: 81
01-01 00:33:52.230 E/[Gralloc-ERROR](   81): int gralloc_register_buffer(const gralloc_module_t*, const native_handle_t*):79 Unable to register handle 0x4521eba0 coming from different process: 81
01-01 00:33:52.470 E/[Gralloc-ERROR](   81): int gralloc_unregister_buffer(const gralloc_module_t*, const native_handle_t*):274 Trying to unregister buffer 0x45ef8a10 from process 81 that was not created in current process: 81
01-01 00:33:52.480 E/[Gralloc-ERROR](   81): int gralloc_unregister_buffer(const gralloc_module_t*, const native_handle_t*):274 Trying to unregister buffer 0x45ef8970 from process 81 that was not created in current process: 81
01-01 00:33:52.650 I/GeckoDump(   81): XXX FIXME : Got a mozContentEvent: nfc-hardware-state-change
01-01 00:33:52.670 I/GeckoDump(   81): XXX FIXME : Got a mozContentEvent: nfc-hardware-state-change
01-01 00:33:52.930 E/[Gralloc-ERROR](   81): int gralloc_unregister_buffer(const gralloc_module_t*, const native_handle_t*):274 Trying to unregister buffer 0x4521e1a0 from process 81 that was not created in current process: 81
01-01 00:33:52.930 E/[Gralloc-ERROR](   81): int gralloc_unregister_buffer(const gralloc_module_t*, const native_handle_t*):274 Trying to unregister buffer 0x44b51e20 from process 81 that was not created in current process: 81
01-01 00:33:52.930 E/[Gralloc-ERROR](   81): int gralloc_unregister_buffer(const gralloc_module_t*, const native_handle_t*):274 Trying to unregister buffer 0x4521e790 from process 81 that was not created in current process: 81
01-01 00:33:52.930 E/[Gralloc-ERROR](   81): int gralloc_unregister_buffer(const gralloc_module_t*, const native_handle_t*):274 Trying to unregister buffer 0x4521e330 from process 81 that was not created in current process: 81
01-01 00:33:52.930 E/[Gralloc-ERROR](   81): int gralloc_unregister_buffer(const gralloc_module_t*, const native_handle_t*):274 Trying to unregister buffer 0x4521e880 from process 81 that was not created in current process: 81
01-01 00:33:52.930 E/[Gralloc-ERROR](   81): int gralloc_unregister_buffer(const gralloc_module_t*, const native_handle_t*):274 Trying to unregister buffer 0x4521eba0 from process 81 that was not created in current process: 81
01-01 00:33:52.940 I/Gecko:ProcessPriorityManager(   81): [(Preallocated), child-id=3, pid=418] Creating ParticularProcessPriorityManager.
01-01 00:33:52.940 I/Gecko:ProcessPriorityManager(   81): [(Preallocated), child-id=3, pid=418] Done starting up.  mHoldsCPUWakeLock=0, mHoldsHighPriorityWakeLock=0
01-01 00:33:52.940 I/Gecko:ProcessPriorityManager(   81): [(Preallocated), child-id=3, pid=418] Changing priority from UNKNOWN:CPU_NORMAL to MASTER:CPU_NORMAL.
01-01 00:33:52.940 I/Gonk    (   81): Setting nice for pid 418 to 0
01-01 00:33:52.940 I/Gonk    (   81): Changed nice for pid 418 from 0 to 0.
01-01 00:33:52.940 I/Gecko:ProcessPriorityManager(   81): [Homescreen, child-id=2, pid=373] Changing priority from FOREGROUND:CPU_NORMAL to FOREGROUND:CPU_LOW.
01-01 00:33:52.940 I/Gonk    (   81): Setting nice for pid 373 to 18
01-01 00:33:52.950 I/Gonk    (   81): Changed nice for pid 373 from 1 to 18.
01-01 00:33:52.950 I/Gecko:ProcessPriorityManager(   81): KillBackgroundApps
01-01 00:33:53.010 I/Gecko   (   81): 1325396033020	Marionette	INFO	sendToClient: {"from":"0","ok":true}, {33a5c198-5495-4057-b7f9-1a27f114ed2f}, {33a5c198-5495-4057-b7f9-1a27f114ed2f}
01-01 00:33:53.190 I/Gecko   (   81): 1325396033201	Marionette	DEBUG	Got request: switchToFrame, data: {"to":"0","sessionId":"3-b2g","name":"switchToFrame","parameters":{"id":null,"focus":true}}, id: {310ec5cb-f493-465c-8dec-097ab1d5fae9}
01-01 00:33:53.230 I/Gecko   (   81): 1325396033240	Marionette	INFO	Switched to frame: {"frameValue":null}
01-01 00:33:53.350 I/Gecko   (   81): 1325396033362	Marionette	INFO	sendToClient: {"from":"0","ok":true}, {310ec5cb-f493-465c-8dec-097ab1d5fae9}, {310ec5cb-f493-465c-8dec-097ab1d5fae9}
01-01 00:33:53.360 I/Gecko   (   81): 1325396033370	Marionette	DEBUG	Got request: executeWithCallback, data: {"to":"0","sessionId":"3-b2g","name":"executeAsyncScript","parameters":{"specialPowers":false,"scriptTimeout":60000,"newSandbox":true,"args":[],"filename":"app_checker.py","script":"\n        GaiaApps.locateWithManifestURL('http://aqua-rescue.tresensa.com/manifest.webapp',\n                                       null,\n                                       function uninstall(app) {\n                                       navigator.mozApps.mgmt.uninstall(app);\n                                       marionetteScriptFinished(true);\n                                       });\n        ","line":129}}, id: {61caf398-fe19-4cdf-81a9-a12dd5491a32}
01-01 00:33:53.400 I/Gecko   (   81): 1325396033407	Marionette	INFO	sendToClient: {"from":"0","error":{"message":"TypeError: app is null","status":17,"stacktrace":"execute_async_script @app_checker.py, line 129\ninline javascript, line 221\nsrc: \"      appName = app.manifest.name;\""}}, {61caf398-fe19-4cdf-81a9-a12dd5491a32}, {61caf398-fe19-4cdf-81a9-a12dd5491a32}