--------- beginning of /dev/log/system
12-31 23:32:59.420 I/Vold    (   75): Vold 2.1 (the revenge) firing up
12-31 23:32:59.420 D/Vold    (   75): Volume sdcard state changing -1 (Initializing) -> 0 (No-Media)
12-31 23:32:59.520 D/Vold    (   75): Volume sdcard state changing 0 (No-Media) -> 2 (Pending)
12-31 23:32:59.520 D/Vold    (   75): Volume sdcard state changing 2 (Pending) -> 1 (Idle-Unmounted)
12-31 23:33:04.570 D/VoldCmdListener(   75): volume list
12-31 23:33:04.580 D/VoldCmdListener(   75): volume mount sdcard
12-31 23:33:04.580 I/Vold    (   75): /dev/block/vold/179:1 being considered for volume sdcard
12-31 23:33:04.580 D/Vold    (   75): Volume sdcard state changing 1 (Idle-Unmounted) -> 3 (Checking)
12-31 23:33:04.580 W/Vold    (   75): Skipping fs checks
12-31 23:33:04.630 I/Vold    (   75): Device /dev/block/vold/179:1, target /mnt/sdcard mounted @ /mnt/secure/staging
12-31 23:33:04.630 D/Vold    (   75): Volume sdcard state changing 3 (Checking) -> 4 (Mounted)
--------- beginning of /dev/log/main
12-31 23:33:15.700 D/SPRDENG (  161): 37
12-31 23:33:15.700 D/SPRDENG (  161): 65
12-31 23:33:15.700 D/SPRDENG (  161): 36
12-31 23:33:15.700 D/SPRDENG (  161): 62
12-31 23:33:15.700 D/SPRDENG (  161): 38
12-31 23:33:15.700 D/SPRDENG (  161): 30
12-31 23:33:15.700 D/SPRDENG (  161): 38
12-31 23:33:15.700 D/SPRDENG (  161): 66
12-31 23:33:15.700 D/SPRDENG (  161): 37
12-31 23:33:15.700 D/SPRDENG (  161): 65
12-31 23:33:15.700 D/SPRDENG (  161): 36
12-31 23:33:15.700 D/SPRDENG (  161): 38
12-31 23:33:15.700 D/SPRDENG (  161): 38
12-31 23:33:15.700 D/SPRDENG (  161): 63
12-31 23:33:15.700 D/SPRDENG (  161): 38
12-31 23:33:15.700 D/SPRDENG (  161): 30
12-31 23:33:15.700 D/SPRDENG (  161): 37
12-31 23:33:15.700 D/SPRDENG (  161): 64
12-31 23:33:15.700 D/SPRDENG (  161): 36
12-31 23:33:15.700 D/SPRDENG (  161): 63
12-31 23:33:15.700 D/SPRDENG (  161): 39
12-31 23:33:15.700 D/SPRDENG (  161): 62
12-31 23:33:15.700 D/SPRDENG (  161): 39
12-31 23:33:15.700 D/SPRDENG (  161): 61
12-31 23:33:15.700 D/SPRDENG (  161): 37
12-31 23:33:15.700 D/SPRDENG (  161): 64
12-31 23:33:15.700 D/SPRDENG (  161): 36
12-31 23:33:15.700 D/SPRDENG (  161): 61
12-31 23:33:15.700 D/SPRDENG (  161): 1a
12-31 23:33:15.710 D/SPRDENG (  161): eng_modem2server: use SIM1 /dev/CHNPTY13
12-31 23:33:15.710 D/SPRDENG (  161): AT < 
12-31 23:33:15.710 D/SPRDENG (  161): OK
12-31 23:33:15.710 D/SPRDENG (  161): 
12-31 23:33:15.710 E/        (  100): nvcal_recv_from_modem: Receive 1 Modem Response
12-31 23:33:15.710 E/        (  100): write_rf_nvconf_cmd: wifi recv_num =6, response=[
12-31 23:33:15.710 E/        (  100): OK
12-31 23:33:15.710 E/        (  100): ]
12-31 23:33:15.810 E/        (  100): write_rf_nvconf_cmd
12-31 23:33:15.810 E/        (  100): write_rf_nvconf_cmd: send [39,1,AT+SNVM=1,417]
12-31 23:33:15.810 E/        (  100): write data cmdbuf:[39,1,AT+SNVM=1,417]
12-31 23:33:15.810 E/        (  100): nvcal_send_to_modem
12-31 23:33:15.810 E/        (  100): nvcal_recv_from_modem: Waiting modem response ... fd=7
12-31 23:33:15.810 D/SPRDENG (  161): eng_servermodem_comm: use SIM1 /dev/CHNPTY13
12-31 23:33:15.810 D/SPRDENG (  161): AT > AT+SNVM=1,417
12-31 23:33:15.810 D/SPRDENG (  161): 41
12-31 23:33:15.810 D/SPRDENG (  161): 54
12-31 23:33:15.810 D/SPRDENG (  161): 2b
12-31 23:33:15.810 D/SPRDENG (  161): 53
12-31 23:33:15.810 D/SPRDENG (  161): 4e
12-31 23:33:15.810 D/SPRDENG (  161): 56
12-31 23:33:15.810 D/SPRDENG (  161): 4d
12-31 23:33:15.810 D/SPRDENG (  161): 3d
12-31 23:33:15.810 D/SPRDENG (  161): 31
12-31 23:33:15.810 D/SPRDENG (  161): 2c
12-31 23:33:15.810 D/SPRDENG (  161): 34
12-31 23:33:15.810 D/SPRDENG (  161): 31
12-31 23:33:15.810 D/SPRDENG (  161): 37
12-31 23:33:15.810 D/SPRDENG (  161): eng_modem2server: use SIM1 /dev/CHNPTY13
12-31 23:33:15.810 D/SPRDENG (  161): AT < 
12-31 23:33:15.810 D/SPRDENG (  161): > 
12-31 23:33:15.810 D/SPRDENG (  161): 
12-31 23:33:15.810 E/        (  100): nvcal_recv_from_modem: Receive 1 Modem Response
12-31 23:33:15.810 E/        (  100): recv from modem cmdbuf=[
12-31 23:33:15.810 E/        (  100): > 
12-31 23:33:15.810 E/        (  100): ]
12-31 23:33:15.910 E/        (  100): (strstr(cmdbuf, ">") != NULL)
12-31 23:33:15.910 E/        (  100): write_rf_nvconf_cmd: cmd_len[406], nv_len[400]
12-31 23:33:15.910 E/        (  100): write_rf_nvconf_cmd: cmd_buf:[39,1,1b0050021f00500221005002030050023d0050022000500224005002280050023d0050022000500224005002280050021c1c00001c1c000040020000000000000000000000000000000000000000000000000000000000000000000000000000000000000000000000000000000000000000000000000000bbbec2c61a231c2300000000000000001a231c2300000000000000001b231c2300000000000000001b231c2300000000000000001b231c2300000000000000000000000000000000000000002c000000]
12-31 23:33:15.910 E/        (  100): nvcal_send_to_modem
12-31 23:33:15.910 E/        (  100): nvcal_recv_from_modem: Waiting modem response ... fd=7
12-31 23:33:15.910 D/SPRDENG (  161): eng_servermodem_comm: use SIM1 /dev/CHNPTY13
12-31 23:33:15.910 D/SPRDENG (  161): AT > 1b0050021f00500221005002030050023d0050022000500224005002280050023d0050022000500224005002280050021c1c00001c1c000040020000000000000000000000000000000000000000000000000000000000000000000000000000000000000000000000000000000000000000000000000000bbbec2c61a231c2300000000000000001a231c2300000000000000001b231c2300000000000000001b231c2300000000000000001b231c2300000000000000000000000000000000000000002c000000
12-31 23:33:15.910 D/SPRDENG (  161): 31
12-31 23:33:15.910 D/SPRDENG (  161): 62
12-31 23:33:15.910 D/SPRDENG (  161): 30
12-31 23:33:15.910 D/SPRDENG (  161): 30
12-31 23:33:15.910 D/SPRDENG (  161): 35
12-31 23:33:15.910 D/SPRDENG (  161): 30
12-31 23:33:15.910 D/SPRDENG (  161): 30
12-31 23:33:15.910 D/SPRDENG (  161): 32
12-31 23:33:15.910 D/SPRDENG (  161): 31
12-31 23:33:15.910 D/SPRDENG (  161): 66
12-31 23:33:15.910 D/SPRDENG (  161): 30
12-31 23:33:15.910 D/SPRDENG (  161): 30
12-31 23:33:15.910 D/SPRDENG (  161): 35
12-31 23:33:15.910 D/SPRDENG (  161): 30
12-31 23:33:15.910 D/SPRDENG (  161): 30
12-31 23:33:15.910 D/SPRDENG (  161): 32
12-31 23:33:15.910 D/SPRDENG (  161): 32
12-31 23:33:15.910 D/SPRDENG (  161): 31
12-31 23:33:15.910 D/SPRDENG (  161): 30
12-31 23:33:15.910 D/SPRDENG (  161): 30
12-31 23:33:15.910 D/SPRDENG (  161): 35
12-31 23:33:15.910 D/SPRDENG (  161): 30
12-31 23:33:15.910 D/SPRDENG (  161): 30
12-31 23:33:15.910 D/SPRDENG (  161): 32
12-31 23:33:15.910 D/SPRDENG (  161): 30
12-31 23:33:15.910 D/SPRDENG (  161): 33
12-31 23:33:15.910 D/SPRDENG (  161): 30
12-31 23:33:15.910 D/SPRDENG (  161): 30
12-31 23:33:15.910 D/SPRDENG (  161): 35
12-31 23:33:15.910 D/SPRDENG (  161): 30
12-31 23:33:15.910 D/SPRDENG (  161): 30
12-31 23:33:15.910 D/SPRDENG (  161): 32
12-31 23:33:15.910 D/SPRDENG (  161): 33
12-31 23:33:15.910 D/SPRDENG (  161): 64
12-31 23:33:15.910 D/SPRDENG (  161): 30
12-31 23:33:15.910 D/SPRDENG (  161): 30
12-31 23:33:15.910 D/SPRDENG (  161): 35
12-31 23:33:15.910 D/SPRDENG (  161): 30
12-31 23:33:15.910 D/SPRDENG (  161): 30
12-31 23:33:15.910 D/SPRDENG (  161): 32
12-31 23:33:15.910 D/SPRDENG (  161): 32
12-31 23:33:15.910 D/SPRDENG (  161): 30
12-31 23:33:15.910 D/SPRDENG (  161): 30
12-31 23:33:15.910 D/SPRDENG (  161): 30
12-31 23:33:15.910 D/SPRDENG (  161): 35
12-31 23:33:15.910 D/SPRDENG (  161): 30
12-31 23:33:15.910 D/SPRDENG (  161): 30
12-31 23:33:15.910 D/SPRDENG (  161): 32
12-31 23:33:15.910 D/SPRDENG (  161): 32
12-31 23:33:15.910 D/SPRDENG (  161): 34
12-31 23:33:15.910 D/SPRDENG (  161): 30
12-31 23:33:15.910 D/SPRDENG (  161): 30
12-31 23:33:15.910 D/SPRDENG (  161): 35
12-31 23:33:15.910 D/SPRDENG (  161): 30
12-31 23:33:15.910 D/SPRDENG (  161): 30
12-31 23:33:15.910 D/SPRDENG (  161): 32
12-31 23:33:15.910 D/SPRDENG (  161): 32
12-31 23:33:15.910 D/SPRDENG (  161): 38
12-31 23:33:15.910 D/SPRDENG (  161): 30
12-31 23:33:15.910 D/SPRDENG (  161): 30
12-31 23:33:15.910 D/SPRDENG (  161): 35
12-31 23:33:15.910 D/SPRDENG (  161): 30
12-31 23:33:15.910 D/SPRDENG (  161): 30
12-31 23:33:15.910 D/SPRDENG (  161): 32
12-31 23:33:15.910 D/SPRDENG (  161): 33
12-31 23:33:15.910 D/SPRDENG (  161): 64
12-31 23:33:15.910 D/SPRDENG (  161): 30
12-31 23:33:15.910 D/SPRDENG (  161): 30
12-31 23:33:15.910 D/SPRDENG (  161): 35
12-31 23:33:15.910 D/SPRDENG (  161): 30
12-31 23:33:15.910 D/SPRDENG (  161): 30
12-31 23:33:15.910 D/SPRDENG (  161): 32
12-31 23:33:15.910 D/SPRDENG (  161): 32
12-31 23:33:15.910 D/SPRDENG (  161): 30
12-31 23:33:15.910 D/SPRDENG (  161): 30
12-31 23:33:15.910 D/SPRDENG (  161): 30
12-31 23:33:15.910 D/SPRDENG (  161): 35
12-31 23:33:15.910 D/SPRDENG (  161): 30
12-31 23:33:15.910 D/SPRDENG (  161): 30
12-31 23:33:15.910 D/SPRDENG (  161): 32
12-31 23:33:15.910 D/SPRDENG (  161): 32
12-31 23:33:15.910 D/SPRDENG (  161): 34
12-31 23:33:15.910 D/SPRDENG (  161): 30
12-31 23:33:15.910 D/SPRDENG (  161): 30
12-31 23:33:15.910 D/SPRDENG (  161): 35
12-31 23:33:15.910 D/SPRDENG (  161): 30
12-31 23:33:15.910 D/SPRDENG (  161): 30
12-31 23:33:15.910 D/SPRDENG (  161): 32
12-31 23:33:15.910 D/SPRDENG (  161): 32
12-31 23:33:15.910 D/SPRDENG (  161): 38
12-31 23:33:15.910 D/SPRDENG (  161): 30
12-31 23:33:15.910 D/SPRDENG (  161): 30
12-31 23:33:15.910 D/SPRDENG (  161): 35
12-31 23:33:15.910 D/SPRDENG (  161): 30
12-31 23:33:15.910 D/SPRDENG (  161): 30
12-31 23:33:15.910 D/SPRDENG (  161): 32
12-31 23:33:15.910 D/SPRDENG (  161): 31
12-31 23:33:15.910 D/SPRDENG (  161): 63
12-31 23:33:15.910 D/SPRDENG (  161): 31
12-31 23:33:15.910 D/SPRDENG (  161): 63
12-31 23:33:15.910 D/SPRDENG (  161): 30
12-31 23:33:15.910 D/SPRDENG (  161): 30
12-31 23:33:15.910 D/SPRDENG (  161): 30
12-31 23:33:15.910 D/SPRDENG (  161): 30
12-31 23:33:15.910 D/SPRDENG (  161): 31
12-31 23:33:15.910 D/SPRDENG (  161): 63
12-31 23:33:15.910 D/SPRDENG (  161): 31
12-31 23:33:15.910 D/SPRDENG (  161): 63
12-31 23:33:15.910 D/SPRDENG (  161): 30
12-31 23:33:15.910 D/SPRDENG (  161): 30
12-31 23:33:15.910 D/SPRDENG (  161): 30
12-31 23:33:15.910 D/SPRDENG (  161): 30
12-31 23:33:15.910 D/SPRDENG (  161): 34
12-31 23:33:15.910 D/SPRDENG (  161): 30
12-31 23:33:15.910 D/SPRDENG (  161): 30
12-31 23:33:15.910 D/SPRDENG (  161): 32
12-31 23:33:15.910 D/SPRDENG (  161): 30
12-31 23:33:15.910 D/SPRDENG (  161): 30
12-31 23:33:15.910 D/SPRDENG (  161): 30
12-31 23:33:15.910 D/SPRDENG (  161): 30
12-31 23:33:15.910 D/SPRDENG (  161): 30
12-31 23:33:15.910 D/SPRDENG (  161): 30
12-31 23:33:15.910 D/SPRDENG (  161): 30
12-31 23:33:15.910 D/SPRDENG (  161): 30
12-31 23:33:15.910 D/SPRDENG (  161): 30
12-31 23:33:15.910 D/SPRDENG (  161): 30
12-31 23:33:15.910 D/SPRDENG (  161): 30
12-31 23:33:15.910 D/SPRDENG (  161): 30
12-31 23:33:15.910 D/SPRDENG (  161): 30
12-31 23:33:15.910 D/SPRDENG (  161): 30
12-31 23:33:15.910 D/SPRDENG (  161): 30
12-31 23:33:15.910 D/SPRDENG (  161): 30
12-31 23:33:15.910 D/SPRDENG (  161): 30
12-31 23:33:15.910 D/SPRDENG (  161): 30
12-31 23:33:15.910 D/SPRDENG (  161): 30
12-31 23:33:15.910 D/SPRDENG (  161): 30
12-31 23:33:15.910 D/SPRDENG (  161): 30
12-31 23:33:15.910 D/SPRDENG (  161): 30
12-31 23:33:15.910 D/SPRDENG (  161): 30
12-31 23:33:15.910 D/SPRDENG (  161): 30
12-31 23:33:15.910 D/SPRDENG (  161): 30
12-31 23:33:15.910 D/SPRDENG (  161): 30
12-31 23:33:15.910 D/SPRDENG (  161): 30
12-31 23:33:15.910 D/SPRDENG (  161): 30
12-31 23:33:15.910 D/SPRDENG (  161): 30
12-31 23:33:15.910 D/SPRDENG (  161): 30
12-31 23:33:15.910 D/SPRDENG (  161): 30
12-31 23:33:15.910 D/SPRDENG (  161): 30
12-31 23:33:15.910 D/SPRDENG (  161): 30
12-31 23:33:15.910 D/SPRDENG (  161): 30
12-31 23:33:15.910 D/SPRDENG (  161): 30
12-31 23:33:15.910 D/SPRDENG (  161): 30
12-31 23:33:15.910 D/SPRDENG (  161): 30
12-31 23:33:15.910 D/SPRDENG (  161): 30
12-31 23:33:15.910 D/SPRDENG (  161): 30
12-31 23:33:15.910 D/SPRDENG (  161): 30
12-31 23:33:15.910 D/SPRDENG (  161): 30
12-31 23:33:15.910 D/SPRDENG (  161): 30
12-31 23:33:15.910 D/SPRDENG (  161): 30
12-31 23:33:15.910 D/SPRDENG (  161): 30
12-31 23:33:15.910 D/SPRDENG (  161): 30
12-31 23:33:15.910 D/SPRDENG (  161): 30
12-31 23:33:15.910 D/SPRDENG (  161): 30
12-31 23:33:15.910 D/SPRDENG (  161): 30
12-31 23:33:15.910 D/SPRDENG (  161): 30
12-31 23:33:15.910 D/SPRDENG (  161): 30
12-31 23:33:15.910 D/SPRDENG (  161): 30
12-31 23:33:15.910 D/SPRDENG (  161): 30
12-31 23:33:15.910 D/SPRDENG (  161): 30
12-31 23:33:15.910 D/SPRDENG (  161): 30
12-31 23:33:15.910 D/SPRDENG (  161): 30
12-31 23:33:15.910 D/SPRDENG (  161): 30
12-31 23:33:15.910 D/SPRDENG (  161): 30
12-31 23:33:15.910 D/SPRDENG (  161): 30
12-31 23:33:15.910 D/SPRDENG (  161): 30
12-31 23:33:15.910 D/SPRDENG (  161): 30
12-31 23:33:15.910 D/SPRDENG (  161): 30
12-31 23:33:15.910 D/SPRDENG (  161): 30
12-31 23:33:15.910 D/SPRDENG (  161): 30
12-31 23:33:15.910 D/SPRDENG (  161): 30
12-31 23:33:15.910 D/SPRDENG (  161): 30
12-31 23:33:15.910 D/SPRDENG (  161): 30
12-31 23:33:15.910 D/SPRDENG (  161): 30
12-31 23:33:15.910 D/SPRDENG (  161): 30
12-31 23:33:15.910 D/SPRDENG (  161): 30
12-31 23:33:15.910 D/SPRDENG (  161): 30
12-31 23:33:15.910 D/SPRDENG (  161): 30
12-31 23:33:15.910 D/SPRDENG (  161): 30
12-31 23:33:15.910 D/SPRDENG (  161): 30
12-31 23:33:15.910 D/SPRDENG (  161): 30
12-31 23:33:15.910 D/SPRDENG (  161): 30
12-31 23:33:15.910 D/SPRDENG (  161): 30
12-31 23:33:15.910 D/SPRDENG (  161): 30
12-31 23:33:15.910 D/SPRDENG (  161): 30
12-31 23:33:15.910 D/SPRDENG (  161): 30
12-31 23:33:15.910 D/SPRDENG (  161): 30
12-31 23:33:15.910 D/SPRDENG (  161): 30
12-31 23:33:15.910 D/SPRDENG (  161): 30
12-31 23:33:15.910 D/SPRDENG (  161): 30
12-31 23:33:15.910 D/SPRDENG (  161): 30
12-31 23:33:15.910 D/SPRDENG (  161): 30
12-31 23:33:15.910 D/SPRDENG (  161): 30
12-31 23:33:15.910 D/SPRDENG (  161): 30
12-31 23:33:15.910 D/SPRDENG (  161): 30
12-31 23:33:15.910 D/SPRDENG (  161): 30
12-31 23:33:15.910 D/SPRDENG (  161): 30
12-31 23:33:15.910 D/SPRDENG (  161): 30
12-31 23:33:15.910 D/SPRDENG (  161): 30
12-31 23:33:15.910 D/SPRDENG (  161): 30
12-31 23:33:15.910 D/SPRDENG (  161): 30
12-31 23:33:15.910 D/SPRDENG (  161): 30
12-31 23:33:15.910 D/SPRDENG (  161): 30
12-31 23:33:15.910 D/SPRDENG (  161): 30
12-31 23:33:15.910 D/SPRDENG (  161): 30
12-31 23:33:15.910 D/SPRDENG (  161): 30
12-31 23:33:15.910 D/SPRDENG (  161): 30
12-31 23:33:15.910 D/SPRDENG (  161): 30
12-31 23:33:15.910 D/SPRDENG (  161): 30
12-31 23:33:15.910 D/SPRDENG (  161): 30
12-31 23:33:15.910 D/SPRDENG (  161): 30
12-31 23:33:15.910 D/SPRDENG (  161): 30
12-31 23:33:15.910 D/SPRDENG (  161): 30
12-31 23:33:15.910 D/SPRDENG (  161): 30
12-31 23:33:15.910 D/SPRDENG (  161): 30
12-31 23:33:15.910 D/SPRDENG (  161): 30
12-31 23:33:15.910 D/SPRDENG (  161): 30
12-31 23:33:15.910 D/SPRDENG (  161): 30
12-31 23:33:15.910 D/SPRDENG (  161): 30
12-31 23:33:15.910 D/SPRDENG (  161): 30
12-31 23:33:15.910 D/SPRDENG (  161): 30
12-31 23:33:15.910 D/SPRDENG (  161): 30
12-31 23:33:15.910 D/SPRDENG (  161): 30
12-31 23:33:15.910 D/SPRDENG (  161): 30
12-31 23:33:15.910 D/SPRDENG (  161): 30
12-31 23:33:15.910 D/SPRDENG (  161): 30
12-31 23:33:15.910 D/SPRDENG (  161): 30
12-31 23:33:15.910 D/SPRDENG (  161): 30
12-31 23:33:15.910 D/SPRDENG (  161): 30
12-31 23:33:15.910 D/SPRDENG (  161): 30
12-31 23:33:15.910 D/SPRDENG (  161): 30
12-31 23:33:15.910 D/SPRDENG (  161): 62
12-31 23:33:15.910 D/SPRDENG (  161): 62
12-31 23:33:15.910 D/SPRDENG (  161): 62
12-31 23:33:15.910 D/SPRDENG (  161): 65
12-31 23:33:15.910 D/SPRDENG (  161): 63
12-31 23:33:15.910 D/SPRDENG (  161): 32
12-31 23:33:15.910 D/SPRDENG (  161): 63
12-31 23:33:15.910 D/SPRDENG (  161): 36
12-31 23:33:15.910 D/SPRDENG (  161): 31
12-31 23:33:15.910 D/SPRDENG (  161): 61
12-31 23:33:15.910 D/SPRDENG (  161): 32
12-31 23:33:15.910 D/SPRDENG (  161): 33
12-31 23:33:15.910 D/SPRDENG (  161): 31
12-31 23:33:15.910 D/SPRDENG (  161): 63
12-31 23:33:15.910 D/SPRDENG (  161): 32
12-31 23:33:15.910 D/SPRDENG (  161): 33
12-31 23:33:15.910 D/SPRDENG (  161): 30
12-31 23:33:15.910 D/SPRDENG (  161): 30
12-31 23:33:15.910 D/SPRDENG (  161): 30
12-31 23:33:15.910 D/SPRDENG (  161): 30
12-31 23:33:15.910 D/SPRDENG (  161): 30
12-31 23:33:15.910 D/SPRDENG (  161): 30
12-31 23:33:15.910 D/SPRDENG (  161): 30
12-31 23:33:15.910 D/SPRDENG (  161): 30
12-31 23:33:15.910 D/SPRDENG (  161): 30
12-31 23:33:15.910 D/SPRDENG (  161): 30
12-31 23:33:15.910 D/SPRDENG (  161): 30
12-31 23:33:15.910 D/SPRDENG (  161): 30
12-31 23:33:15.910 D/SPRDENG (  161): 30
12-31 23:33:15.910 D/SPRDENG (  161): 30
12-31 23:33:15.910 D/SPRDENG (  161): 30
12-31 23:33:15.910 D/SPRDENG (  161): 30
12-31 23:33:15.910 D/SPRDENG (  161): 31
12-31 23:33:15.910 D/SPRDENG (  161): 61
12-31 23:33:15.910 D/SPRDENG (  161): 32
12-31 23:33:15.910 D/SPRDENG (  161): 33
12-31 23:33:15.910 D/SPRDENG (  161): 31
12-31 23:33:15.910 D/SPRDENG (  161): 63
12-31 23:33:15.910 D/SPRDENG (  161): 32
12-31 23:33:15.910 D/SPRDENG (  161): 33
12-31 23:33:15.910 D/SPRDENG (  161): 30
12-31 23:33:15.910 D/SPRDENG (  161): 30
12-31 23:33:15.910 D/SPRDENG (  161): 30
12-31 23:33:15.910 D/SPRDENG (  161): 30
12-31 23:33:15.910 D/SPRDENG (  161): 30
12-31 23:33:15.910 D/SPRDENG (  161): 30
12-31 23:33:15.910 D/SPRDENG (  161): 30
12-31 23:33:15.910 D/SPRDENG (  161): 30
12-31 23:33:15.910 D/SPRDENG (  161): 30
12-31 23:33:15.910 D/SPRDENG (  161): 30
12-31 23:33:15.910 D/SPRDENG (  161): 30
12-31 23:33:15.910 D/SPRDENG (  161): 30
12-31 23:33:15.910 D/SPRDENG (  161): 30
12-31 23:33:15.910 D/SPRDENG (  161): 30
12-31 23:33:15.910 D/SPRDENG (  161): 30
12-31 23:33:15.910 D/SPRDENG (  161): 30
12-31 23:33:15.910 D/SPRDENG (  161): 31
12-31 23:33:15.910 D/SPRDENG (  161): 62
12-31 23:33:15.910 D/SPRDENG (  161): 32
12-31 23:33:15.910 D/SPRDENG (  161): 33
12-31 23:33:15.910 D/SPRDENG (  161): 31
12-31 23:33:15.910 D/SPRDENG (  161): 63
12-31 23:33:15.910 D/SPRDENG (  161): 32
12-31 23:33:15.910 D/SPRDENG (  161): 33
12-31 23:33:15.910 D/SPRDENG (  161): 30
12-31 23:33:15.910 D/SPRDENG (  161): 30
12-31 23:33:15.910 D/SPRDENG (  161): 30
12-31 23:33:15.910 D/SPRDENG (  161): 30
12-31 23:33:15.910 D/SPRDENG (  161): 30
12-31 23:33:15.910 D/SPRDENG (  161): 30
12-31 23:33:15.910 D/SPRDENG (  161): 30
12-31 23:33:15.910 D/SPRDENG (  161): 30
12-31 23:33:15.910 D/SPRDENG (  161): 30
12-31 23:33:15.910 D/SPRDENG (  161): 30
12-31 23:33:15.910 D/SPRDENG (  161): 30
12-31 23:33:15.910 D/SPRDENG (  161): 30
12-31 23:33:15.910 D/SPRDENG (  161): 30
12-31 23:33:15.910 D/SPRDENG (  161): 30
12-31 23:33:15.910 D/SPRDENG (  161): 30
12-31 23:33:15.910 D/SPRDENG (  161): 30
12-31 23:33:15.910 D/SPRDENG (  161): 31
12-31 23:33:15.910 D/SPRDENG (  161): 62
12-31 23:33:15.910 D/SPRDENG (  161): 32
12-31 23:33:15.910 D/SPRDENG (  161): 33
12-31 23:33:15.910 D/SPRDENG (  161): 31
12-31 23:33:15.910 D/SPRDENG (  161): 63
12-31 23:33:15.910 D/SPRDENG (  161): 32
12-31 23:33:15.910 D/SPRDENG (  161): 33
12-31 23:33:15.910 D/SPRDENG (  161): 30
12-31 23:33:15.910 D/SPRDENG (  161): 30
12-31 23:33:15.910 D/SPRDENG (  161): 30
12-31 23:33:15.910 D/SPRDENG (  161): 30
12-31 23:33:15.910 D/SPRDENG (  161): 30
12-31 23:33:15.910 D/SPRDENG (  161): 30
12-31 23:33:15.910 D/SPRDENG (  161): 30
12-31 23:33:15.910 D/SPRDENG (  161): 30
12-31 23:33:15.910 D/SPRDENG (  161): 30
12-31 23:33:15.910 D/SPRDENG (  161): 30
12-31 23:33:15.910 D/SPRDENG (  161): 30
12-31 23:33:15.910 D/SPRDENG (  161): 30
12-31 23:33:15.910 D/SPRDENG (  161): 30
12-31 23:33:15.910 D/SPRDENG (  161): 30
12-31 23:33:15.910 D/SPRDENG (  161): 30
12-31 23:33:15.910 D/SPRDENG (  161): 30
12-31 23:33:15.910 D/SPRDENG (  161): 31
12-31 23:33:15.910 D/SPRDENG (  161): 62
12-31 23:33:15.910 D/SPRDENG (  161): 32
12-31 23:33:15.910 D/SPRDENG (  161): 33
12-31 23:33:15.910 D/SPRDENG (  161): 31
12-31 23:33:15.910 D/SPRDENG (  161): 63
12-31 23:33:15.910 D/SPRDENG (  161): 32
12-31 23:33:15.910 D/SPRDENG (  161): 33
12-31 23:33:15.910 D/SPRDENG (  161): 30
12-31 23:33:15.910 D/SPRDENG (  161): 30
12-31 23:33:15.910 D/SPRDENG (  161): 30
12-31 23:33:15.910 D/SPRDENG (  161): 30
12-31 23:33:15.910 D/SPRDENG (  161): 30
12-31 23:33:15.910 D/SPRDENG (  161): 30
12-31 23:33:15.910 D/SPRDENG (  161): 30
12-31 23:33:15.910 D/SPRDENG (  161): 30
12-31 23:33:15.910 D/SPRDENG (  161): 30
12-31 23:33:15.910 D/SPRDENG (  161): 30
12-31 23:33:15.910 D/SPRDENG (  161): 30
12-31 23:33:15.910 D/SPRDENG (  161): 30
12-31 23:33:15.910 D/SPRDENG (  161): 30
12-31 23:33:15.910 D/SPRDENG (  161): 30
12-31 23:33:15.910 D/SPRDENG (  161): 30
12-31 23:33:15.910 D/SPRDENG (  161): 30
12-31 23:33:15.910 D/SPRDENG (  161): 30
12-31 23:33:15.910 D/SPRDENG (  161): 30
12-31 23:33:15.910 D/SPRDENG (  161): 30
12-31 23:33:15.910 D/SPRDENG (  161): 30
12-31 23:33:15.910 D/SPRDENG (  161): 30
12-31 23:33:15.910 D/SPRDENG (  161): 30
12-31 23:33:15.910 D/SPRDENG (  161): 30
12-31 23:33:15.910 D/SPRDENG (  161): 30
12-31 23:33:15.910 D/SPRDENG (  161): 30
12-31 23:33:15.910 D/SPRDENG (  161): 30
12-31 23:33:15.910 D/SPRDENG (  161): 30
12-31 23:33:15.910 D/SPRDENG (  161): 30
12-31 23:33:15.910 D/SPRDENG (  161): 30
12-31 23:33:15.910 D/SPRDENG (  161): 30
12-31 23:33:15.910 D/SPRDENG (  161): 30
12-31 23:33:15.910 D/SPRDENG (  161): 30
12-31 23:33:15.910 D/SPRDENG (  161): 30
12-31 23:33:15.910 D/SPRDENG (  161): 30
12-31 23:33:15.910 D/SPRDENG (  161): 30
12-31 23:33:15.910 D/SPRDENG (  161): 30
12-31 23:33:15.910 D/SPRDENG (  161): 30
12-31 23:33:15.910 D/SPRDENG (  161): 30
12-31 23:33:15.910 D/SPRDENG (  161): 30
12-31 23:33:15.910 D/SPRDENG (  161): 30
12-31 23:33:15.910 D/SPRDENG (  161): 32
12-31 23:33:15.910 D/SPRDENG (  161): 63
12-31 23:33:15.910 D/SPRDENG (  161): 30
12-31 23:33:15.910 D/SPRDENG (  161): 30
12-31 23:33:15.910 D/SPRDENG (  161): 30
12-31 23:33:15.910 D/SPRDENG (  161): 30
12-31 23:33:15.910 D/SPRDENG (  161): 30
12-31 23:33:15.910 D/SPRDENG (  161): 30
12-31 23:33:15.910 D/SPRDENG (  161): 1a
12-31 23:33:15.910 D/SPRDENG (  161): eng_modem2server: use SIM1 /dev/CHNPTY13
12-31 23:33:15.910 D/SPRDENG (  161): AT < 
12-31 23:33:15.910 D/SPRDENG (  161): OK
12-31 23:33:15.910 D/SPRDENG (  161): 
12-31 23:33:15.910 E/        (  100): nvcal_recv_from_modem: Receive 1 Modem Response
12-31 23:33:15.910 E/        (  100): write_rf_nvconf_cmd: wifi recv_num =6, response=[
12-31 23:33:15.910 E/        (  100): OK
12-31 23:33:15.910 E/        (  100): ]
12-31 23:33:16.010 E/eng_rf_nv_update(  100): [set_rf_nvconf]: NV updated OK!
12-31 23:33:16.020 E/eng_rf_nv_update(  100): [save_rf_nv_to_bak_file] NV data save to bake file OK
12-31 23:33:16.020 E/eng_rf_nv_update(  100): [eng_rf_nv_update]: end eng rf nv update!
12-31 23:33:16.020 I/logwrapper(   80): /system/bin/eng_rf_nv_update terminated by exit(0)
12-31 23:33:16.420 I/power   (   81): *** set_screen_state 1
12-31 23:33:16.420 D/Sensors (   81): activate handle=3; drv=1
12-31 23:33:16.420 D/Sensors (   81): SensorTMD2771::setEnable=0= en=1; newState=1; what=0; mEnabled=0
12-31 23:33:16.640 D/Sensors (   81): taos ---Light::TAOS_IOCTL_ALS_ON=== err=0
12-31 23:33:16.640 D/Sensors (   81): SensorTMD2771::setEnable=1= en=1; newState=1; what=0; mEnabled=1
12-31 23:33:16.640 D/Sensors (   81): SensorTMD2771::getEnable===mEnabled=0x1; enable=1
12-31 23:33:16.660 I/GeckoDump(   81): XXX FIXME : Got a mozContentEvent: nfc-hardware-state-change
12-31 23:33:16.700 I/GeckoDump(   81): XXX FIXME : Got a mozContentEvent: system-message-listener-ready
12-31 23:33:16.750 I/Gecko:ProcessPriorityManager(   81): [(Preallocated), child-id=2, pid=367] Creating ParticularProcessPriorityManager.
12-31 23:33:16.750 I/Gecko:ProcessPriorityManager(   81): [(Preallocated), child-id=2, pid=367] Done starting up.  mHoldsCPUWakeLock=0, mHoldsHighPriorityWakeLock=0
12-31 23:33:16.750 I/Gecko:ProcessPriorityManager(   81): [(Preallocated), child-id=2, pid=367] Changing priority from UNKNOWN:CPU_NORMAL to MASTER:CPU_NORMAL.
12-31 23:33:16.750 I/Gonk    (   81): Setting nice for pid 367 to 0
12-31 23:33:16.750 I/Gonk    (   81): Changed nice for pid 367 from 0 to 0.
12-31 23:33:17.400 I/Gecko   (   81): 1325392397408	Marionette	INFO	loaded marionette-listener.js
12-31 23:33:17.400 I/Gecko   (   81): 1325392397410	Marionette	INFO	sendToClient: {"from":"0","value":"3-b2g"}, {f71aea7f-2f55-40e8-b331-9663d0eeea96}, {f71aea7f-2f55-40e8-b331-9663d0eeea96}
12-31 23:33:17.540 E/GeckoConsole(   81): [JavaScript Error: "TypeError: widgetFrame is undefined" {file: "app://system.gaiamobile.org/js/cost_control.js" line: 119}]
12-31 23:33:17.910 I/Gecko   (   81): 1325392397914	Marionette	INFO	sendToClient: {"from":"0","value":{"ELEMENT":"{85518d22-a82d-4b85-966e-bf71bfbb87e6}"}}, {044b389b-7815-49f8-bf59-1bd277998149}, {044b389b-7815-49f8-bf59-1bd277998149}
12-31 23:33:17.980 I/Gecko   (   81): 1325392397991	Marionette	INFO	sendToClient: {"from":"0","value":false}, {10a52170-1b31-4451-8def-7062fec23394}, {10a52170-1b31-4451-8def-7062fec23394}
12-31 23:33:18.180 I/Gecko   (   81): 1325392398185	Marionette	INFO	sendToClient: {"from":"0","value":{"ELEMENT":"{85518d22-a82d-4b85-966e-bf71bfbb87e6}"}}, {9a0867d0-f862-4f7b-aa54-a3eaa1b23ff1}, {9a0867d0-f862-4f7b-aa54-a3eaa1b23ff1}
12-31 23:33:18.240 I/Gecko   (   81): 1325392398253	Marionette	INFO	sendToClient: {"from":"0","value":false}, {d5a9110d-552a-4291-9a0a-e905d4ce56bd}, {d5a9110d-552a-4291-9a0a-e905d4ce56bd}
12-31 23:33:18.380 I/Gecko   (   81): 1325392398390	Marionette	INFO	sendToClient: {"from":"0","value":{"ELEMENT":"{85518d22-a82d-4b85-966e-bf71bfbb87e6}"}}, {fbf965d7-54ee-4743-858f-3dbd871f8b48}, {fbf965d7-54ee-4743-858f-3dbd871f8b48}
12-31 23:33:18.430 I/Gecko   (   81): 1325392398436	Marionette	INFO	sendToClient: {"from":"0","value":false}, {ff840ef3-3dc9-43ba-8fec-f695cdb96ff1}, {ff840ef3-3dc9-43ba-8fec-f695cdb96ff1}
12-31 23:33:18.560 I/GeckoDump(   81): XXX FIXME : Got a mozContentEvent: accessibility-screenreader
12-31 23:33:18.610 I/GeckoDump(   81): XXX FIXME : Got a mozContentEvent: nfc-hardware-state-change
12-31 23:33:18.880 E/WifiHW  (   81): Leo ensure_config_file_exists config_file=/data/misc/wifi/wpa_supplicant.conf
12-31 23:33:18.890 E/WifiHW  (   81): daemon_cmd=wpa_supplicant:-iwlan0 -c/data/misc/wifi/wpa_supplicant.conf
12-31 23:33:19.010 I/Gecko   (   81): 1325392399019	Marionette	INFO	sendToClient: {"from":"0","value":{"ELEMENT":"{85518d22-a82d-4b85-966e-bf71bfbb87e6}"}}, {592c75bc-de06-474a-aa6e-dd02491960dc}, {592c75bc-de06-474a-aa6e-dd02491960dc}
12-31 23:33:19.160 I/Gecko   (   81): 1325392399173	Marionette	INFO	sendToClient: {"from":"0","value":true}, {b00a3327-0826-4d0b-8b50-81383d0ac311}, {b00a3327-0826-4d0b-8b50-81383d0ac311}
12-31 23:33:19.360 I/FMRadio (   81): FMRadio is initialized.
12-31 23:33:19.530 E/GeckoConsole(   81): Content JS ERROR at app://system.gaiamobile.org/js/telephony_settings.js:23 in set_vpm_error: Error setting voice privacy.
12-31 23:33:19.530 E/GeckoConsole(   81): Content JS ERROR at app://system.gaiamobile.org/js/telephony_settings.js:23 in set_vpm_error: Error setting voice privacy.
12-31 23:33:19.710 W/WifiHW  (   81): wifi_command: LOG_LEVEL
12-31 23:33:19.710 W/WifiHW  (   81): wifi_command: STATUS
12-31 23:33:19.750 E/GeckoConsole(   81): Content JS ERROR at app://system.gaiamobile.org/js/telephony_settings.js:42 in set_vpm_error: Error roaming preference.
12-31 23:33:19.750 E/GeckoConsole(   81): Content JS ERROR at app://system.gaiamobile.org/js/telephony_settings.js:42 in set_vpm_error: Error roaming preference.
12-31 23:33:19.760 W/WifiHW  (   81): wifi_command: LIST_NETWORKS
12-31 23:33:19.760 W/WifiHW  (   81): wifi_command: DRIVER MACADDR
12-31 23:33:19.780 W/WifiHW  (   81): wifi_command: GET_NETWORK 0 ssid
12-31 23:33:19.780 W/WifiHW  (   81): wifi_command: GET_NETWORK 0 bssid
12-31 23:33:19.780 W/WifiHW  (   81): wifi_command: GET_NETWORK 0 psk
12-31 23:33:19.780 W/WifiHW  (   81): wifi_command: GET_NETWORK 0 wep_key0
12-31 23:33:19.780 W/WifiHW  (   81): wifi_command: GET_NETWORK 0 wep_key1
12-31 23:33:19.780 W/WifiHW  (   81): wifi_command: GET_NETWORK 0 wep_key2
12-31 23:33:19.780 W/WifiHW  (   81): wifi_command: GET_NETWORK 0 wep_key3
12-31 23:33:19.780 W/WifiHW  (   81): wifi_command: GET_NETWORK 0 wep_tx_keyidx
12-31 23:33:19.780 W/WifiHW  (   81): wifi_command: GET_NETWORK 0 priority
12-31 23:33:19.790 W/WifiHW  (   81): wifi_command: GET_NETWORK 0 key_mgmt
12-31 23:33:19.790 W/WifiHW  (   81): wifi_command: GET_NETWORK 0 scan_ssid
12-31 23:33:19.800 W/WifiHW  (   81): wifi_command: GET_NETWORK 0 disabled
12-31 23:33:19.800 W/WifiHW  (   81): wifi_command: GET_NETWORK 0 identity
12-31 23:33:19.800 W/WifiHW  (   81): wifi_command: GET_NETWORK 0 password
12-31 23:33:19.800 W/WifiHW  (   81): wifi_command: GET_NETWORK 0 auth_alg
12-31 23:33:19.800 W/WifiHW  (   81): wifi_command: GET_NETWORK 0 phase1
12-31 23:33:19.800 W/WifiHW  (   81): wifi_command: GET_NETWORK 0 phase2
12-31 23:33:19.800 W/WifiHW  (   81): wifi_command: GET_NETWORK 0 eap
12-31 23:33:19.800 W/WifiHW  (   81): wifi_command: GET_NETWORK 0 pin
12-31 23:33:19.800 W/WifiHW  (   81): wifi_command: GET_NETWORK 0 pcsc
12-31 23:33:19.800 W/WifiHW  (   81): wifi_command: GET_NETWORK 1 ssid
12-31 23:33:19.800 W/WifiHW  (   81): wifi_command: GET_NETWORK 1 bssid
12-31 23:33:19.800 W/WifiHW  (   81): wifi_command: GET_NETWORK 1 psk
12-31 23:33:19.810 W/WifiHW  (   81): wifi_command: GET_NETWORK 1 wep_key0
12-31 23:33:19.810 W/WifiHW  (   81): wifi_command: GET_NETWORK 1 wep_key1
12-31 23:33:19.810 W/WifiHW  (   81): wifi_command: GET_NETWORK 1 wep_key2
12-31 23:33:19.810 W/WifiHW  (   81): wifi_command: GET_NETWORK 1 wep_key3
12-31 23:33:19.810 W/WifiHW  (   81): wifi_command: GET_NETWORK 1 wep_tx_keyidx
12-31 23:33:19.810 W/WifiHW  (   81): wifi_command: GET_NETWORK 1 priority
12-31 23:33:19.810 W/WifiHW  (   81): wifi_command: GET_NETWORK 1 key_mgmt
12-31 23:33:19.810 W/WifiHW  (   81): wifi_command: GET_NETWORK 1 scan_ssid
12-31 23:33:19.810 W/WifiHW  (   81): wifi_command: GET_NETWORK 1 disabled
12-31 23:33:19.810 W/WifiHW  (   81): wifi_command: GET_NETWORK 1 identity
12-31 23:33:19.810 W/WifiHW  (   81): wifi_command: GET_NETWORK 1 password
12-31 23:33:19.810 W/WifiHW  (   81): wifi_command: GET_NETWORK 1 auth_alg
12-31 23:33:19.810 W/WifiHW  (   81): wifi_command: GET_NETWORK 1 phase1
12-31 23:33:19.810 W/WifiHW  (   81): wifi_command: GET_NETWORK 1 phase2
12-31 23:33:19.820 W/WifiHW  (   81): wifi_command: GET_NETWORK 1 eap
12-31 23:33:19.820 W/WifiHW  (   81): wifi_command: GET_NETWORK 1 pin
12-31 23:33:19.820 W/WifiHW  (   81): wifi_command: GET_NETWORK 1 pcsc
12-31 23:33:19.830 W/WifiHW  (   81): wifi_command: GET_NETWORK 2 ssid
12-31 23:33:19.830 W/WifiHW  (   81): wifi_command: GET_NETWORK 2 bssid
12-31 23:33:19.830 W/WifiHW  (   81): wifi_command: GET_NETWORK 2 psk
12-31 23:33:19.830 W/WifiHW  (   81): wifi_command: GET_NETWORK 2 wep_key0
12-31 23:33:19.830 W/WifiHW  (   81): wifi_command: GET_NETWORK 2 wep_key1
12-31 23:33:19.830 W/WifiHW  (   81): wifi_command: GET_NETWORK 2 wep_key2
12-31 23:33:19.830 W/WifiHW  (   81): wifi_command: GET_NETWORK 2 wep_key3
12-31 23:33:19.830 W/WifiHW  (   81): wifi_command: GET_NETWORK 2 wep_tx_keyidx
12-31 23:33:19.830 W/WifiHW  (   81): wifi_command: GET_NETWORK 2 priority
12-31 23:33:19.830 W/WifiHW  (   81): wifi_command: GET_NETWORK 2 key_mgmt
12-31 23:33:19.830 W/WifiHW  (   81): wifi_command: GET_NETWORK 2 scan_ssid
12-31 23:33:19.830 W/WifiHW  (   81): wifi_command: GET_NETWORK 2 disabled
12-31 23:33:19.840 W/WifiHW  (   81): wifi_command: GET_NETWORK 2 identity
12-31 23:33:19.840 W/WifiHW  (   81): wifi_command: GET_NETWORK 2 password
12-31 23:33:19.840 W/WifiHW  (   81): wifi_command: GET_NETWORK 2 auth_alg
12-31 23:33:19.840 W/WifiHW  (   81): wifi_command: GET_NETWORK 2 phase1
12-31 23:33:19.840 W/WifiHW  (   81): wifi_command: GET_NETWORK 2 phase2
12-31 23:33:19.840 W/WifiHW  (   81): wifi_command: GET_NETWORK 2 eap
12-31 23:33:19.840 W/WifiHW  (   81): wifi_command: GET_NETWORK 2 pin
12-31 23:33:19.840 W/WifiHW  (   81): wifi_command: GET_NETWORK 2 pcsc
12-31 23:33:19.840 W/WifiHW  (   81): wifi_command: GET_NETWORK 3 ssid
12-31 23:33:19.840 W/WifiHW  (   81): wifi_command: GET_NETWORK 3 bssid
12-31 23:33:19.840 W/WifiHW  (   81): wifi_command: GET_NETWORK 3 psk
12-31 23:33:19.840 W/WifiHW  (   81): wifi_command: GET_NETWORK 3 wep_key0
12-31 23:33:19.840 W/WifiHW  (   81): wifi_command: GET_NETWORK 3 wep_key1
12-31 23:33:19.840 W/WifiHW  (   81): wifi_command: GET_NETWORK 3 wep_key2
12-31 23:33:19.850 W/WifiHW  (   81): wifi_command: GET_NETWORK 3 wep_key3
12-31 23:33:19.850 W/WifiHW  (   81): wifi_command: GET_NETWORK 3 wep_tx_keyidx
12-31 23:33:19.860 W/WifiHW  (   81): wifi_command: GET_NETWORK 3 priority
12-31 23:33:19.860 W/WifiHW  (   81): wifi_command: GET_NETWORK 3 key_mgmt
12-31 23:33:19.860 W/WifiHW  (   81): wifi_command: GET_NETWORK 3 scan_ssid
12-31 23:33:19.860 W/WifiHW  (   81): wifi_command: GET_NETWORK 3 disabled
12-31 23:33:19.860 W/WifiHW  (   81): wifi_command: GET_NETWORK 3 identity
12-31 23:33:19.860 W/WifiHW  (   81): wifi_command: GET_NETWORK 3 password
12-31 23:33:19.860 W/WifiHW  (   81): wifi_command: GET_NETWORK 3 auth_alg
12-31 23:33:19.860 W/WifiHW  (   81): wifi_command: GET_NETWORK 3 phase1
12-31 23:33:19.860 W/WifiHW  (   81): wifi_command: GET_NETWORK 3 phase2
12-31 23:33:19.860 W/WifiHW  (   81): wifi_command: GET_NETWORK 3 eap
12-31 23:33:19.860 W/WifiHW  (   81): wifi_command: GET_NETWORK 3 pin
12-31 23:33:19.860 W/WifiHW  (   81): wifi_command: GET_NETWORK 3 pcsc
12-31 23:33:19.890 W/WifiHW  (   81): wifi_command: ENABLE_NETWORK 0
12-31 23:33:19.890 W/WifiHW  (   81): wifi_command: ENABLE_NETWORK 1
12-31 23:33:19.890 W/WifiHW  (   81): wifi_command: ENABLE_NETWORK 2
12-31 23:33:19.900 W/WifiHW  (   81): wifi_command: ENABLE_NETWORK 3
12-31 23:33:19.900 W/WifiHW  (   81): wifi_command: AP_SCAN 1
12-31 23:33:19.950 W/WifiHW  (   81): wifi_command: SAVE_CONFIG
12-31 23:33:20.170 I/Gecko:ProcessPriorityManager(   81): [Homescreen, child-id=2, pid=367] Changing priority from MASTER:CPU_NORMAL to FOREGROUND:CPU_NORMAL.
12-31 23:33:20.170 I/Gonk    (   81): Setting nice for pid 367 to 1
12-31 23:33:20.170 I/Gonk    (   81): Changed nice for pid 367 from 0 to 1.
12-31 23:33:20.170 I/Gecko:ProcessPriorityManager(   81): Making background LRU pool with size(3)
12-31 23:33:20.170 I/Gecko:ProcessPriorityManager(   81): KillBackgroundApps
12-31 23:33:20.170 I/Gecko   (   81): [Parent 81] WARNING: waitpid failed pid:367 errno:10: file /var/lib/jenkins/jobs/B2G.v1.3.0.Tarako/workspace/gecko/ipc/chromium/src/base/process_util_posix.cc, line 254
12-31 23:33:20.550 E/[Gralloc-ERROR](   81): int gralloc_register_buffer(const gralloc_module_t*, const native_handle_t*):79 Unable to register handle 0x464379c0 coming from different process: 81
12-31 23:33:20.550 E/[Gralloc-ERROR](   81): int gralloc_register_buffer(const gralloc_module_t*, const native_handle_t*):79 Unable to register handle 0x46437ec0 coming from different process: 81
12-31 23:33:20.690 E/[Gralloc-ERROR](   81): int gralloc_register_buffer(const gralloc_module_t*, const native_handle_t*):79 Unable to register handle 0x469c3060 coming from different process: 81
12-31 23:33:20.690 E/[Gralloc-ERROR](   81): int gralloc_register_buffer(const gralloc_module_t*, const native_handle_t*):79 Unable to register handle 0x478e0420 coming from different process: 81
12-31 23:33:21.000 I/GeckoDump(   81): XXX FIXME : Got a mozContentEvent: inputmethod-update-layouts
12-31 23:33:21.140 I/Gecko   (   81): ############################### browserElementPanning.js loaded
12-31 23:33:21.180 I/Gecko   (   81): ######################## BrowserElementChildPreload.js loaded
12-31 23:33:21.260 I/GeckoDump(   81): XXX FIXME : Got a mozContentEvent: inputmethod-update-layouts
12-31 23:33:22.470 E/GeckoConsole(   81): [JavaScript Warning: "Error in parsing value for 'font-weight'.  Declaration dropped." {file: "app://keyboard.gaiamobile.org/style/keyboard.css" line: 132 column: 15 source: "  font-weight: medium;"}]
12-31 23:33:22.500 I/Gecko   (   81): 1325392402512	Marionette	INFO	sendToClient: {"from":"0","ok":true}, {1245f6d7-eaba-470c-8aa5-a3a7c2e16aef}, {1245f6d7-eaba-470c-8aa5-a3a7c2e16aef}
12-31 23:33:22.610 I/Gecko   (   81): 1325392402616	Marionette	DEBUG	Got request: switchToFrame, data: {"to":"0","sessionId":"3-b2g","name":"switchToFrame","parameters":{"id":null,"focus":true}}, id: {9415ff2a-edb0-48e6-ba7b-dd26ef71b5ff}
12-31 23:33:22.620 I/Gecko   (   81): 1325392402630	Marionette	INFO	Switched to frame: {"frameValue":null}
12-31 23:33:22.670 W/WifiHW  (   81): wifi_command: SCAN_RESULTS
12-31 23:33:22.670 W/WifiHW  (   81): wifi_command: DRIVER SCAN-PASSIVE
12-31 23:33:22.750 I/Gecko   (  367): ###################################### forms.js loaded
12-31 23:33:22.750 W/WifiHW  (   81): wifi_command: GET_NETWORK 3 ssid
12-31 23:33:22.760 W/WifiHW  (   81): wifi_command: GET_NETWORK 3 bssid
12-31 23:33:22.760 W/WifiHW  (   81): wifi_command: GET_NETWORK 3 psk
12-31 23:33:22.760 W/WifiHW  (   81): wifi_command: GET_NETWORK 3 wep_key0
12-31 23:33:22.760 W/WifiHW  (   81): wifi_command: GET_NETWORK 3 wep_key1
12-31 23:33:22.760 W/WifiHW  (   81): wifi_command: GET_NETWORK 3 wep_key2
12-31 23:33:22.760 W/WifiHW  (   81): wifi_command: GET_NETWORK 3 wep_key3
12-31 23:33:22.760 W/WifiHW  (   81): wifi_command: GET_NETWORK 3 wep_tx_keyidx
12-31 23:33:22.770 W/WifiHW  (   81): wifi_command: GET_NETWORK 3 priority
12-31 23:33:22.770 W/WifiHW  (   81): wifi_command: GET_NETWORK 3 key_mgmt
12-31 23:33:22.770 W/WifiHW  (   81): wifi_command: GET_NETWORK 3 scan_ssid
12-31 23:33:22.770 W/WifiHW  (   81): wifi_command: GET_NETWORK 3 disabled
12-31 23:33:22.770 W/WifiHW  (   81): wifi_command: GET_NETWORK 3 identity
12-31 23:33:22.770 W/WifiHW  (   81): wifi_command: GET_NETWORK 3 password
12-31 23:33:22.770 W/WifiHW  (   81): wifi_command: GET_NETWORK 3 auth_alg
12-31 23:33:22.770 W/WifiHW  (   81): wifi_command: GET_NETWORK 3 phase1
12-31 23:33:22.770 W/WifiHW  (   81): wifi_command: GET_NETWORK 3 phase2
12-31 23:33:22.780 W/WifiHW  (   81): wifi_command: GET_NETWORK 3 eap
12-31 23:33:22.780 W/WifiHW  (   81): wifi_command: GET_NETWORK 3 pin
12-31 23:33:22.780 W/WifiHW  (   81): wifi_command: GET_NETWORK 3 pcsc
12-31 23:33:22.890 I/Gecko   (  367): ############################### browserElementPanning.js loaded
12-31 23:33:22.920 I/Gecko   (   81): 1325392402927	Marionette	INFO	sendToClient: {"from":"0","ok":true}, {9415ff2a-edb0-48e6-ba7b-dd26ef71b5ff}, {9415ff2a-edb0-48e6-ba7b-dd26ef71b5ff}
12-31 23:33:22.970 W/WifiHW  (   81): wifi_command: SIGNAL_POLL
12-31 23:33:22.970 W/WifiHW  (   81): wifi_command: GET_NETWORK 3 ssid
12-31 23:33:22.970 W/WifiHW  (   81): wifi_command: GET_NETWORK 3 bssid
12-31 23:33:22.970 W/WifiHW  (   81): wifi_command: GET_NETWORK 3 psk
12-31 23:33:22.970 W/WifiHW  (   81): wifi_command: GET_NETWORK 3 wep_key0
12-31 23:33:22.980 W/WifiHW  (   81): wifi_command: GET_NETWORK 3 wep_key1
12-31 23:33:22.980 W/WifiHW  (   81): wifi_command: GET_NETWORK 3 wep_key2
12-31 23:33:22.980 W/WifiHW  (   81): wifi_command: GET_NETWORK 3 wep_key3
12-31 23:33:22.980 W/WifiHW  (   81): wifi_command: GET_NETWORK 3 wep_tx_keyidx
12-31 23:33:22.980 W/WifiHW  (   81): wifi_command: GET_NETWORK 3 priority
12-31 23:33:22.980 W/WifiHW  (   81): wifi_command: GET_NETWORK 3 key_mgmt
12-31 23:33:22.980 W/WifiHW  (   81): wifi_command: GET_NETWORK 3 scan_ssid
12-31 23:33:22.980 W/WifiHW  (   81): wifi_command: GET_NETWORK 3 disabled
12-31 23:33:22.980 W/WifiHW  (   81): wifi_command: GET_NETWORK 3 identity
12-31 23:33:22.980 W/WifiHW  (   81): wifi_command: GET_NETWORK 3 password
12-31 23:33:22.990 W/WifiHW  (   81): wifi_command: GET_NETWORK 3 auth_alg
12-31 23:33:22.990 W/WifiHW  (   81): wifi_command: GET_NETWORK 3 phase1
12-31 23:33:22.990 W/WifiHW  (   81): wifi_command: GET_NETWORK 3 phase2
12-31 23:33:22.990 W/WifiHW  (   81): wifi_command: GET_NETWORK 3 eap
12-31 23:33:22.990 W/WifiHW  (   81): wifi_command: GET_NETWORK 3 pin
12-31 23:33:22.990 W/WifiHW  (   81): wifi_command: GET_NETWORK 3 pcsc
12-31 23:33:23.020 I/Gecko   (   81): 1325392403030	Marionette	DEBUG	Got request: executeWithCallback, data: {"to":"0","sessionId":"3-b2g","name":"executeAsyncScript","parameters":{"specialPowers":false,"scriptTimeout":null,"newSandbox":true,"args":[],"filename":"gaia_test.py","script":"GaiaLockScreen.unlock()","line":810}}, id: {b9fcb8e9-9a3d-4a19-b5ac-0be64ebf24e9}
12-31 23:33:23.620 I/Gecko   (  367): ######################## BrowserElementChildPreload.js loaded
12-31 23:33:23.940 I/Gecko   (   81): 1325392403946	Marionette	INFO	sendToClient: {"from":"0","value":{"passed":0,"failed":0,"failures":[]}}, {b9fcb8e9-9a3d-4a19-b5ac-0be64ebf24e9}, {b9fcb8e9-9a3d-4a19-b5ac-0be64ebf24e9}
12-31 23:33:24.000 E/Profiler(   81): BPUnw: [1 total] thread_unregister_for_profiling(me=0x1176038)  (NOT REGISTERED) 
12-31 23:33:24.610 E/[Gralloc-ERROR](   81): int gralloc_register_buffer(const gralloc_module_t*, const native_handle_t*):79 Unable to register handle 0x44ac9ba0 coming from different process: 81
12-31 23:33:24.610 E/[Gralloc-ERROR](   81): int gralloc_register_buffer(const gralloc_module_t*, const native_handle_t*):79 Unable to register handle 0x4521ea60 coming from different process: 81
12-31 23:33:24.640 E/[Gralloc-ERROR](   81): int gralloc_register_buffer(const gralloc_module_t*, const native_handle_t*):79 Unable to register handle 0x45237ce0 coming from different process: 81
12-31 23:33:24.640 E/[Gralloc-ERROR](   81): int gralloc_register_buffer(const gralloc_module_t*, const native_handle_t*):79 Unable to register handle 0x45269240 coming from different process: 81
12-31 23:33:24.650 E/[Gralloc-ERROR](   81): int gralloc_register_buffer(const gralloc_module_t*, const native_handle_t*):79 Unable to register handle 0x45c1bd80 coming from different process: 81
12-31 23:33:24.650 E/[Gralloc-ERROR](   81): int gralloc_register_buffer(const gralloc_module_t*, const native_handle_t*):79 Unable to register handle 0x45cb8100 coming from different process: 81
12-31 23:33:24.970 I/GeckoDump(   81): XXX FIXME : Got a mozContentEvent: nfc-hardware-state-change
12-31 23:33:24.990 I/GeckoDump(   81): XXX FIXME : Got a mozContentEvent: nfc-hardware-state-change
12-31 23:33:25.130 E/[Gralloc-ERROR](   81): int gralloc_unregister_buffer(const gralloc_module_t*, const native_handle_t*):274 Trying to unregister buffer 0x478e0420 from process 81 that was not created in current process: 81
12-31 23:33:25.140 E/[Gralloc-ERROR](   81): int gralloc_unregister_buffer(const gralloc_module_t*, const native_handle_t*):274 Trying to unregister buffer 0x469c3060 from process 81 that was not created in current process: 81
12-31 23:33:25.350 E/[Gralloc-ERROR](   81): int gralloc_unregister_buffer(const gralloc_module_t*, const native_handle_t*):274 Trying to unregister buffer 0x4521ea60 from process 81 that was not created in current process: 81
12-31 23:33:25.350 E/[Gralloc-ERROR](   81): int gralloc_unregister_buffer(const gralloc_module_t*, const native_handle_t*):274 Trying to unregister buffer 0x44ac9ba0 from process 81 that was not created in current process: 81
12-31 23:33:25.380 E/[Gralloc-ERROR](   81): int gralloc_unregister_buffer(const gralloc_module_t*, const native_handle_t*):274 Trying to unregister buffer 0x45269240 from process 81 that was not created in current process: 81
12-31 23:33:25.380 E/[Gralloc-ERROR](   81): int gralloc_unregister_buffer(const gralloc_module_t*, const native_handle_t*):274 Trying to unregister buffer 0x45237ce0 from process 81 that was not created in current process: 81
12-31 23:33:25.380 E/[Gralloc-ERROR](   81): int gralloc_unregister_buffer(const gralloc_module_t*, const native_handle_t*):274 Trying to unregister buffer 0x45cb8100 from process 81 that was not created in current process: 81
12-31 23:33:25.380 E/[Gralloc-ERROR](   81): int gralloc_unregister_buffer(const gralloc_module_t*, const native_handle_t*):274 Trying to unregister buffer 0x45c1bd80 from process 81 that was not created in current process: 81
12-31 23:33:25.430 I/Gecko:ProcessPriorityManager(   81): [(Preallocated), child-id=3, pid=439] Creating ParticularProcessPriorityManager.
12-31 23:33:25.430 I/Gecko:ProcessPriorityManager(   81): [(Preallocated), child-id=3, pid=439] Done starting up.  mHoldsCPUWakeLock=0, mHoldsHighPriorityWakeLock=0
12-31 23:33:25.430 I/Gecko:ProcessPriorityManager(   81): [(Preallocated), child-id=3, pid=439] Changing priority from UNKNOWN:CPU_NORMAL to MASTER:CPU_NORMAL.
12-31 23:33:25.430 I/Gonk    (   81): Setting nice for pid 439 to 0
12-31 23:33:25.430 I/Gonk    (   81): Changed nice for pid 439 from 0 to 0.
12-31 23:33:25.430 I/Gecko:ProcessPriorityManager(   81): [Homescreen, child-id=2, pid=367] Changing priority from FOREGROUND:CPU_NORMAL to FOREGROUND:CPU_LOW.
12-31 23:33:25.430 I/Gonk    (   81): Setting nice for pid 367 to 18
12-31 23:33:25.430 I/Gonk    (   81): Changed nice for pid 367 from 1 to 18.
12-31 23:33:25.430 I/Gecko:ProcessPriorityManager(   81): KillBackgroundApps
12-31 23:33:25.560 I/Gecko   (   81): 1325392405571	Marionette	INFO	sendToClient: {"from":"0","ok":true}, {6c71d789-bdab-427d-b7ad-cefe4ca6865d}, {6c71d789-bdab-427d-b7ad-cefe4ca6865d}
12-31 23:33:25.690 I/Gecko   (   81): 1325392405696	Marionette	DEBUG	Got request: switchToFrame, data: {"to":"0","sessionId":"3-b2g","name":"switchToFrame","parameters":{"id":null,"focus":true}}, id: {b97d8130-1e76-42e0-bfa8-b7d2ffd2fb46}
12-31 23:33:25.700 I/Gecko   (   81): 1325392405708	Marionette	INFO	Switched to frame: {"frameValue":null}
12-31 23:33:25.830 I/Gecko   (   81): 1325392405835	Marionette	INFO	sendToClient: {"from":"0","ok":true}, {b97d8130-1e76-42e0-bfa8-b7d2ffd2fb46}, {b97d8130-1e76-42e0-bfa8-b7d2ffd2fb46}
12-31 23:33:25.840 I/Gecko   (   81): 1325392405851	Marionette	DEBUG	Got request: executeWithCallback, data: {"to":"0","sessionId":"3-b2g","name":"executeAsyncScript","parameters":{"specialPowers":false,"scriptTimeout":60000,"newSandbox":true,"args":[],"filename":"app_checker.py","script":"\n        GaiaApps.locateWithManifestURL('https://marketplace.firefox.com/app/315c3b55-6433-4d74-af9b-1bf1a3e13e0f/manifest.webapp',\n                                       null,\n                                       function uninstall(app) {\n                                       navigator.mozApps.mgmt.uninstall(app);\n                                       marionetteScriptFinished(true);\n                                       });\n        ","line":129}}, id: {2ae386c6-b97b-47f5-ad73-7ce9d485e6d7}
12-31 23:33:25.890 I/Gecko   (   81): 1325392405896	Marionette	INFO	sendToClient: {"from":"0","error":{"message":"TypeError: app is null","status":17,"stacktrace":"execute_async_script @app_checker.py, line 129\ninline javascript, line 221\nsrc: \"      appName = app.manifest.name;\""}}, {2ae386c6-b97b-47f5-ad73-7ce9d485e6d7}, {2ae386c6-b97b-47f5-ad73-7ce9d485e6d7}