--------- beginning of /dev/log/system
01-01 03:43:07.730 I/Vold    (   75): Vold 2.1 (the revenge) firing up
01-01 03:43:07.730 D/Vold    (   75): Volume sdcard state changing -1 (Initializing) -> 0 (No-Media)
01-01 03:43:07.790 D/Vold    (   75): Volume sdcard state changing 0 (No-Media) -> 2 (Pending)
01-01 03:43:07.800 D/Vold    (   75): Volume sdcard state changing 2 (Pending) -> 1 (Idle-Unmounted)
01-01 03:43:12.890 D/VoldCmdListener(   75): volume list
01-01 03:43:12.890 D/VoldCmdListener(   75): volume mount sdcard
01-01 03:43:12.890 I/Vold    (   75): /dev/block/vold/179:1 being considered for volume sdcard
01-01 03:43:12.890 D/Vold    (   75): Volume sdcard state changing 1 (Idle-Unmounted) -> 3 (Checking)
01-01 03:43:12.890 W/Vold    (   75): Skipping fs checks
01-01 03:43:12.940 I/Vold    (   75): Device /dev/block/vold/179:1, target /mnt/sdcard mounted @ /mnt/secure/staging
01-01 03:43:12.950 D/Vold    (   75): Volume sdcard state changing 3 (Checking) -> 4 (Mounted)
--------- beginning of /dev/log/main
01-01 03:43:24.140 D/SPRDENG (  160): 37
01-01 03:43:24.140 D/SPRDENG (  160): 66
01-01 03:43:24.140 D/SPRDENG (  160): 38
01-01 03:43:24.140 D/SPRDENG (  160): 30
01-01 03:43:24.140 D/SPRDENG (  160): 36
01-01 03:43:24.140 D/SPRDENG (  160): 61
01-01 03:43:24.140 D/SPRDENG (  160): 38
01-01 03:43:24.140 D/SPRDENG (  160): 30
01-01 03:43:24.140 D/SPRDENG (  160): 38
01-01 03:43:24.140 D/SPRDENG (  160): 30
01-01 03:43:24.140 D/SPRDENG (  160): 37
01-01 03:43:24.140 D/SPRDENG (  160): 63
01-01 03:43:24.140 D/SPRDENG (  160): 36
01-01 03:43:24.140 D/SPRDENG (  160): 61
01-01 03:43:24.140 D/SPRDENG (  160): 38
01-01 03:43:24.140 D/SPRDENG (  160): 30
01-01 03:43:24.140 D/SPRDENG (  160): 38
01-01 03:43:24.140 D/SPRDENG (  160): 32
01-01 03:43:24.140 D/SPRDENG (  160): 37
01-01 03:43:24.140 D/SPRDENG (  160): 65
01-01 03:43:24.140 D/SPRDENG (  160): 36
01-01 03:43:24.140 D/SPRDENG (  160): 61
01-01 03:43:24.140 D/SPRDENG (  160): 38
01-01 03:43:24.140 D/SPRDENG (  160): 30
01-01 03:43:24.140 D/SPRDENG (  160): 38
01-01 03:43:24.140 D/SPRDENG (  160): 36
01-01 03:43:24.140 D/SPRDENG (  160): 37
01-01 03:43:24.140 D/SPRDENG (  160): 65
01-01 03:43:24.140 D/SPRDENG (  160): 36
01-01 03:43:24.140 D/SPRDENG (  160): 61
01-01 03:43:24.140 D/SPRDENG (  160): 38
01-01 03:43:24.140 D/SPRDENG (  160): 31
01-01 03:43:24.140 D/SPRDENG (  160): 61
01-01 03:43:24.140 D/SPRDENG (  160): 30
01-01 03:43:24.140 D/SPRDENG (  160): 37
01-01 03:43:24.140 D/SPRDENG (  160): 66
01-01 03:43:24.140 D/SPRDENG (  160): 36
01-01 03:43:24.140 D/SPRDENG (  160): 38
01-01 03:43:24.140 D/SPRDENG (  160): 38
01-01 03:43:24.140 D/SPRDENG (  160): 63
01-01 03:43:24.140 D/SPRDENG (  160): 61
01-01 03:43:24.140 D/SPRDENG (  160): 65
01-01 03:43:24.140 D/SPRDENG (  160): 37
01-01 03:43:24.140 D/SPRDENG (  160): 65
01-01 03:43:24.140 D/SPRDENG (  160): 36
01-01 03:43:24.140 D/SPRDENG (  160): 39
01-01 03:43:24.140 D/SPRDENG (  160): 1a
01-01 03:43:24.150 D/SPRDENG (  160): eng_modem2server: use SIM1 /dev/CHNPTY13
01-01 03:43:24.150 D/SPRDENG (  160): AT < 
01-01 03:43:24.150 D/SPRDENG (  160): OK
01-01 03:43:24.150 D/SPRDENG (  160): 
01-01 03:43:24.150 E/        (  103): nvcal_recv_from_modem: Receive 1 Modem Response
01-01 03:43:24.150 E/        (  103): write_rf_nvconf_cmd: wifi recv_num =6, response=[
01-01 03:43:24.150 E/        (  103): OK
01-01 03:43:24.150 E/        (  103): ]
01-01 03:43:24.250 E/        (  103): write_rf_nvconf_cmd
01-01 03:43:24.250 E/        (  103): write_rf_nvconf_cmd: send [39,1,AT+SNVM=1,417]
01-01 03:43:24.250 E/        (  103): write data cmdbuf:[39,1,AT+SNVM=1,417]
01-01 03:43:24.250 E/        (  103): nvcal_send_to_modem
01-01 03:43:24.250 E/        (  103): nvcal_recv_from_modem: Waiting modem response ... fd=7
01-01 03:43:24.250 D/SPRDENG (  160): eng_servermodem_comm: use SIM1 /dev/CHNPTY13
01-01 03:43:24.250 D/SPRDENG (  160): AT > AT+SNVM=1,417
01-01 03:43:24.250 D/SPRDENG (  160): 41
01-01 03:43:24.250 D/SPRDENG (  160): 54
01-01 03:43:24.250 D/SPRDENG (  160): 2b
01-01 03:43:24.250 D/SPRDENG (  160): 53
01-01 03:43:24.250 D/SPRDENG (  160): 4e
01-01 03:43:24.250 D/SPRDENG (  160): 56
01-01 03:43:24.250 D/SPRDENG (  160): 4d
01-01 03:43:24.250 D/SPRDENG (  160): 3d
01-01 03:43:24.250 D/SPRDENG (  160): 31
01-01 03:43:24.250 D/SPRDENG (  160): 2c
01-01 03:43:24.250 D/SPRDENG (  160): 34
01-01 03:43:24.250 D/SPRDENG (  160): 31
01-01 03:43:24.250 D/SPRDENG (  160): 37
01-01 03:43:24.250 D/SPRDENG (  160): eng_modem2server: use SIM1 /dev/CHNPTY13
01-01 03:43:24.250 D/SPRDENG (  160): AT < 
01-01 03:43:24.250 D/SPRDENG (  160): > 
01-01 03:43:24.250 D/SPRDENG (  160): 
01-01 03:43:24.250 E/        (  103): nvcal_recv_from_modem: Receive 1 Modem Response
01-01 03:43:24.250 E/        (  103): recv from modem cmdbuf=[
01-01 03:43:24.250 E/        (  103): > 
01-01 03:43:24.250 E/        (  103): ]
01-01 03:43:24.350 E/        (  103): (strstr(cmdbuf, ">") != NULL)
01-01 03:43:24.350 E/        (  103): write_rf_nvconf_cmd: cmd_len[406], nv_len[400]
01-01 03:43:24.350 E/        (  103): write_rf_nvconf_cmd: cmd_buf:[39,1,1b0050021f00500221005002030050023d0050022000500224005002280050023d0050022000500224005002280050021c1c00001c1c000040020000000000000000000000000000000000000000000000000000000000000000000000000000000000000000000000000000000000000000000000000000bbbec2c61a231c2300000000000000001a231c2300000000000000001b231c2300000000000000001b231c2300000000000000001b231c2300000000000000000000000000000000000000002c000000]
01-01 03:43:24.350 E/        (  103): nvcal_send_to_modem
01-01 03:43:24.350 E/        (  103): nvcal_recv_from_modem: Waiting modem response ... fd=7
01-01 03:43:24.350 D/SPRDENG (  160): eng_servermodem_comm: use SIM1 /dev/CHNPTY13
01-01 03:43:24.350 D/SPRDENG (  160): AT > 1b0050021f00500221005002030050023d0050022000500224005002280050023d0050022000500224005002280050021c1c00001c1c000040020000000000000000000000000000000000000000000000000000000000000000000000000000000000000000000000000000000000000000000000000000bbbec2c61a231c2300000000000000001a231c2300000000000000001b231c2300000000000000001b231c2300000000000000001b231c2300000000000000000000000000000000000000002c000000
01-01 03:43:24.350 D/SPRDENG (  160): 31
01-01 03:43:24.350 D/SPRDENG (  160): 62
01-01 03:43:24.350 D/SPRDENG (  160): 30
01-01 03:43:24.350 D/SPRDENG (  160): 30
01-01 03:43:24.350 D/SPRDENG (  160): 35
01-01 03:43:24.350 D/SPRDENG (  160): 30
01-01 03:43:24.350 D/SPRDENG (  160): 30
01-01 03:43:24.350 D/SPRDENG (  160): 32
01-01 03:43:24.350 D/SPRDENG (  160): 31
01-01 03:43:24.350 D/SPRDENG (  160): 66
01-01 03:43:24.350 D/SPRDENG (  160): 30
01-01 03:43:24.350 D/SPRDENG (  160): 30
01-01 03:43:24.350 D/SPRDENG (  160): 35
01-01 03:43:24.350 D/SPRDENG (  160): 30
01-01 03:43:24.350 D/SPRDENG (  160): 30
01-01 03:43:24.350 D/SPRDENG (  160): 32
01-01 03:43:24.350 D/SPRDENG (  160): 32
01-01 03:43:24.350 D/SPRDENG (  160): 31
01-01 03:43:24.350 D/SPRDENG (  160): 30
01-01 03:43:24.350 D/SPRDENG (  160): 30
01-01 03:43:24.350 D/SPRDENG (  160): 35
01-01 03:43:24.350 D/SPRDENG (  160): 30
01-01 03:43:24.350 D/SPRDENG (  160): 30
01-01 03:43:24.350 D/SPRDENG (  160): 32
01-01 03:43:24.350 D/SPRDENG (  160): 30
01-01 03:43:24.350 D/SPRDENG (  160): 33
01-01 03:43:24.350 D/SPRDENG (  160): 30
01-01 03:43:24.350 D/SPRDENG (  160): 30
01-01 03:43:24.350 D/SPRDENG (  160): 35
01-01 03:43:24.350 D/SPRDENG (  160): 30
01-01 03:43:24.350 D/SPRDENG (  160): 30
01-01 03:43:24.350 D/SPRDENG (  160): 32
01-01 03:43:24.350 D/SPRDENG (  160): 33
01-01 03:43:24.350 D/SPRDENG (  160): 64
01-01 03:43:24.350 D/SPRDENG (  160): 30
01-01 03:43:24.350 D/SPRDENG (  160): 30
01-01 03:43:24.350 D/SPRDENG (  160): 35
01-01 03:43:24.350 D/SPRDENG (  160): 30
01-01 03:43:24.350 D/SPRDENG (  160): 30
01-01 03:43:24.350 D/SPRDENG (  160): 32
01-01 03:43:24.350 D/SPRDENG (  160): 32
01-01 03:43:24.350 D/SPRDENG (  160): 30
01-01 03:43:24.350 D/SPRDENG (  160): 30
01-01 03:43:24.350 D/SPRDENG (  160): 30
01-01 03:43:24.350 D/SPRDENG (  160): 35
01-01 03:43:24.350 D/SPRDENG (  160): 30
01-01 03:43:24.350 D/SPRDENG (  160): 30
01-01 03:43:24.350 D/SPRDENG (  160): 32
01-01 03:43:24.350 D/SPRDENG (  160): 32
01-01 03:43:24.350 D/SPRDENG (  160): 34
01-01 03:43:24.350 D/SPRDENG (  160): 30
01-01 03:43:24.350 D/SPRDENG (  160): 30
01-01 03:43:24.350 D/SPRDENG (  160): 35
01-01 03:43:24.350 D/SPRDENG (  160): 30
01-01 03:43:24.350 D/SPRDENG (  160): 30
01-01 03:43:24.350 D/SPRDENG (  160): 32
01-01 03:43:24.350 D/SPRDENG (  160): 32
01-01 03:43:24.350 D/SPRDENG (  160): 38
01-01 03:43:24.350 D/SPRDENG (  160): 30
01-01 03:43:24.350 D/SPRDENG (  160): 30
01-01 03:43:24.350 D/SPRDENG (  160): 35
01-01 03:43:24.350 D/SPRDENG (  160): 30
01-01 03:43:24.350 D/SPRDENG (  160): 30
01-01 03:43:24.350 D/SPRDENG (  160): 32
01-01 03:43:24.350 D/SPRDENG (  160): 33
01-01 03:43:24.350 D/SPRDENG (  160): 64
01-01 03:43:24.350 D/SPRDENG (  160): 30
01-01 03:43:24.350 D/SPRDENG (  160): 30
01-01 03:43:24.350 D/SPRDENG (  160): 35
01-01 03:43:24.350 D/SPRDENG (  160): 30
01-01 03:43:24.350 D/SPRDENG (  160): 30
01-01 03:43:24.350 D/SPRDENG (  160): 32
01-01 03:43:24.350 D/SPRDENG (  160): 32
01-01 03:43:24.350 D/SPRDENG (  160): 30
01-01 03:43:24.350 D/SPRDENG (  160): 30
01-01 03:43:24.350 D/SPRDENG (  160): 30
01-01 03:43:24.350 D/SPRDENG (  160): 35
01-01 03:43:24.350 D/SPRDENG (  160): 30
01-01 03:43:24.350 D/SPRDENG (  160): 30
01-01 03:43:24.350 D/SPRDENG (  160): 32
01-01 03:43:24.350 D/SPRDENG (  160): 32
01-01 03:43:24.350 D/SPRDENG (  160): 34
01-01 03:43:24.350 D/SPRDENG (  160): 30
01-01 03:43:24.350 D/SPRDENG (  160): 30
01-01 03:43:24.350 D/SPRDENG (  160): 35
01-01 03:43:24.350 D/SPRDENG (  160): 30
01-01 03:43:24.350 D/SPRDENG (  160): 30
01-01 03:43:24.350 D/SPRDENG (  160): 32
01-01 03:43:24.350 D/SPRDENG (  160): 32
01-01 03:43:24.350 D/SPRDENG (  160): 38
01-01 03:43:24.350 D/SPRDENG (  160): 30
01-01 03:43:24.350 D/SPRDENG (  160): 30
01-01 03:43:24.350 D/SPRDENG (  160): 35
01-01 03:43:24.350 D/SPRDENG (  160): 30
01-01 03:43:24.350 D/SPRDENG (  160): 30
01-01 03:43:24.350 D/SPRDENG (  160): 32
01-01 03:43:24.350 D/SPRDENG (  160): 31
01-01 03:43:24.350 D/SPRDENG (  160): 63
01-01 03:43:24.350 D/SPRDENG (  160): 31
01-01 03:43:24.350 D/SPRDENG (  160): 63
01-01 03:43:24.350 D/SPRDENG (  160): 30
01-01 03:43:24.350 D/SPRDENG (  160): 30
01-01 03:43:24.350 D/SPRDENG (  160): 30
01-01 03:43:24.350 D/SPRDENG (  160): 30
01-01 03:43:24.350 D/SPRDENG (  160): 31
01-01 03:43:24.350 D/SPRDENG (  160): 63
01-01 03:43:24.350 D/SPRDENG (  160): 31
01-01 03:43:24.350 D/SPRDENG (  160): 63
01-01 03:43:24.350 D/SPRDENG (  160): 30
01-01 03:43:24.350 D/SPRDENG (  160): 30
01-01 03:43:24.350 D/SPRDENG (  160): 30
01-01 03:43:24.350 D/SPRDENG (  160): 30
01-01 03:43:24.350 D/SPRDENG (  160): 34
01-01 03:43:24.350 D/SPRDENG (  160): 30
01-01 03:43:24.350 D/SPRDENG (  160): 30
01-01 03:43:24.350 D/SPRDENG (  160): 32
01-01 03:43:24.350 D/SPRDENG (  160): 30
01-01 03:43:24.350 D/SPRDENG (  160): 30
01-01 03:43:24.350 D/SPRDENG (  160): 30
01-01 03:43:24.350 D/SPRDENG (  160): 30
01-01 03:43:24.350 D/SPRDENG (  160): 30
01-01 03:43:24.350 D/SPRDENG (  160): 30
01-01 03:43:24.350 D/SPRDENG (  160): 30
01-01 03:43:24.350 D/SPRDENG (  160): 30
01-01 03:43:24.350 D/SPRDENG (  160): 30
01-01 03:43:24.350 D/SPRDENG (  160): 30
01-01 03:43:24.350 D/SPRDENG (  160): 30
01-01 03:43:24.350 D/SPRDENG (  160): 30
01-01 03:43:24.350 D/SPRDENG (  160): 30
01-01 03:43:24.350 D/SPRDENG (  160): 30
01-01 03:43:24.350 D/SPRDENG (  160): 30
01-01 03:43:24.350 D/SPRDENG (  160): 30
01-01 03:43:24.350 D/SPRDENG (  160): 30
01-01 03:43:24.350 D/SPRDENG (  160): 30
01-01 03:43:24.350 D/SPRDENG (  160): 30
01-01 03:43:24.350 D/SPRDENG (  160): 30
01-01 03:43:24.350 D/SPRDENG (  160): 30
01-01 03:43:24.350 D/SPRDENG (  160): 30
01-01 03:43:24.350 D/SPRDENG (  160): 30
01-01 03:43:24.350 D/SPRDENG (  160): 30
01-01 03:43:24.350 D/SPRDENG (  160): 30
01-01 03:43:24.350 D/SPRDENG (  160): 30
01-01 03:43:24.350 D/SPRDENG (  160): 30
01-01 03:43:24.350 D/SPRDENG (  160): 30
01-01 03:43:24.350 D/SPRDENG (  160): 30
01-01 03:43:24.350 D/SPRDENG (  160): 30
01-01 03:43:24.350 D/SPRDENG (  160): 30
01-01 03:43:24.350 D/SPRDENG (  160): 30
01-01 03:43:24.350 D/SPRDENG (  160): 30
01-01 03:43:24.350 D/SPRDENG (  160): 30
01-01 03:43:24.350 D/SPRDENG (  160): 30
01-01 03:43:24.350 D/SPRDENG (  160): 30
01-01 03:43:24.350 D/SPRDENG (  160): 30
01-01 03:43:24.350 D/SPRDENG (  160): 30
01-01 03:43:24.350 D/SPRDENG (  160): 30
01-01 03:43:24.350 D/SPRDENG (  160): 30
01-01 03:43:24.350 D/SPRDENG (  160): 30
01-01 03:43:24.350 D/SPRDENG (  160): 30
01-01 03:43:24.350 D/SPRDENG (  160): 30
01-01 03:43:24.350 D/SPRDENG (  160): 30
01-01 03:43:24.350 D/SPRDENG (  160): 30
01-01 03:43:24.350 D/SPRDENG (  160): 30
01-01 03:43:24.350 D/SPRDENG (  160): 30
01-01 03:43:24.350 D/SPRDENG (  160): 30
01-01 03:43:24.350 D/SPRDENG (  160): 30
01-01 03:43:24.350 D/SPRDENG (  160): 30
01-01 03:43:24.350 D/SPRDENG (  160): 30
01-01 03:43:24.350 D/SPRDENG (  160): 30
01-01 03:43:24.350 D/SPRDENG (  160): 30
01-01 03:43:24.350 D/SPRDENG (  160): 30
01-01 03:43:24.350 D/SPRDENG (  160): 30
01-01 03:43:24.350 D/SPRDENG (  160): 30
01-01 03:43:24.350 D/SPRDENG (  160): 30
01-01 03:43:24.350 D/SPRDENG (  160): 30
01-01 03:43:24.350 D/SPRDENG (  160): 30
01-01 03:43:24.350 D/SPRDENG (  160): 30
01-01 03:43:24.350 D/SPRDENG (  160): 30
01-01 03:43:24.350 D/SPRDENG (  160): 30
01-01 03:43:24.350 D/SPRDENG (  160): 30
01-01 03:43:24.350 D/SPRDENG (  160): 30
01-01 03:43:24.350 D/SPRDENG (  160): 30
01-01 03:43:24.350 D/SPRDENG (  160): 30
01-01 03:43:24.350 D/SPRDENG (  160): 30
01-01 03:43:24.350 D/SPRDENG (  160): 30
01-01 03:43:24.350 D/SPRDENG (  160): 30
01-01 03:43:24.350 D/SPRDENG (  160): 30
01-01 03:43:24.350 D/SPRDENG (  160): 30
01-01 03:43:24.350 D/SPRDENG (  160): 30
01-01 03:43:24.350 D/SPRDENG (  160): 30
01-01 03:43:24.350 D/SPRDENG (  160): 30
01-01 03:43:24.350 D/SPRDENG (  160): 30
01-01 03:43:24.350 D/SPRDENG (  160): 30
01-01 03:43:24.350 D/SPRDENG (  160): 30
01-01 03:43:24.350 D/SPRDENG (  160): 30
01-01 03:43:24.350 D/SPRDENG (  160): 30
01-01 03:43:24.350 D/SPRDENG (  160): 30
01-01 03:43:24.350 D/SPRDENG (  160): 30
01-01 03:43:24.350 D/SPRDENG (  160): 30
01-01 03:43:24.350 D/SPRDENG (  160): 30
01-01 03:43:24.350 D/SPRDENG (  160): 30
01-01 03:43:24.350 D/SPRDENG (  160): 30
01-01 03:43:24.350 D/SPRDENG (  160): 30
01-01 03:43:24.350 D/SPRDENG (  160): 30
01-01 03:43:24.350 D/SPRDENG (  160): 30
01-01 03:43:24.350 D/SPRDENG (  160): 30
01-01 03:43:24.350 D/SPRDENG (  160): 30
01-01 03:43:24.350 D/SPRDENG (  160): 30
01-01 03:43:24.350 D/SPRDENG (  160): 30
01-01 03:43:24.350 D/SPRDENG (  160): 30
01-01 03:43:24.350 D/SPRDENG (  160): 30
01-01 03:43:24.350 D/SPRDENG (  160): 30
01-01 03:43:24.350 D/SPRDENG (  160): 30
01-01 03:43:24.350 D/SPRDENG (  160): 30
01-01 03:43:24.350 D/SPRDENG (  160): 30
01-01 03:43:24.350 D/SPRDENG (  160): 30
01-01 03:43:24.350 D/SPRDENG (  160): 30
01-01 03:43:24.350 D/SPRDENG (  160): 30
01-01 03:43:24.350 D/SPRDENG (  160): 30
01-01 03:43:24.350 D/SPRDENG (  160): 30
01-01 03:43:24.350 D/SPRDENG (  160): 30
01-01 03:43:24.350 D/SPRDENG (  160): 30
01-01 03:43:24.350 D/SPRDENG (  160): 30
01-01 03:43:24.350 D/SPRDENG (  160): 30
01-01 03:43:24.350 D/SPRDENG (  160): 30
01-01 03:43:24.350 D/SPRDENG (  160): 30
01-01 03:43:24.350 D/SPRDENG (  160): 30
01-01 03:43:24.350 D/SPRDENG (  160): 30
01-01 03:43:24.350 D/SPRDENG (  160): 30
01-01 03:43:24.350 D/SPRDENG (  160): 30
01-01 03:43:24.350 D/SPRDENG (  160): 30
01-01 03:43:24.350 D/SPRDENG (  160): 30
01-01 03:43:24.350 D/SPRDENG (  160): 30
01-01 03:43:24.350 D/SPRDENG (  160): 30
01-01 03:43:24.350 D/SPRDENG (  160): 30
01-01 03:43:24.350 D/SPRDENG (  160): 30
01-01 03:43:24.350 D/SPRDENG (  160): 30
01-01 03:43:24.350 D/SPRDENG (  160): 30
01-01 03:43:24.350 D/SPRDENG (  160): 30
01-01 03:43:24.350 D/SPRDENG (  160): 30
01-01 03:43:24.350 D/SPRDENG (  160): 30
01-01 03:43:24.350 D/SPRDENG (  160): 62
01-01 03:43:24.350 D/SPRDENG (  160): 62
01-01 03:43:24.350 D/SPRDENG (  160): 62
01-01 03:43:24.350 D/SPRDENG (  160): 65
01-01 03:43:24.350 D/SPRDENG (  160): 63
01-01 03:43:24.350 D/SPRDENG (  160): 32
01-01 03:43:24.350 D/SPRDENG (  160): 63
01-01 03:43:24.350 D/SPRDENG (  160): 36
01-01 03:43:24.350 D/SPRDENG (  160): 31
01-01 03:43:24.350 D/SPRDENG (  160): 61
01-01 03:43:24.350 D/SPRDENG (  160): 32
01-01 03:43:24.350 D/SPRDENG (  160): 33
01-01 03:43:24.350 D/SPRDENG (  160): 31
01-01 03:43:24.350 D/SPRDENG (  160): 63
01-01 03:43:24.350 D/SPRDENG (  160): 32
01-01 03:43:24.350 D/SPRDENG (  160): 33
01-01 03:43:24.350 D/SPRDENG (  160): 30
01-01 03:43:24.350 D/SPRDENG (  160): 30
01-01 03:43:24.350 D/SPRDENG (  160): 30
01-01 03:43:24.350 D/SPRDENG (  160): 30
01-01 03:43:24.350 D/SPRDENG (  160): 30
01-01 03:43:24.350 D/SPRDENG (  160): 30
01-01 03:43:24.350 D/SPRDENG (  160): 30
01-01 03:43:24.350 D/SPRDENG (  160): 30
01-01 03:43:24.350 D/SPRDENG (  160): 30
01-01 03:43:24.350 D/SPRDENG (  160): 30
01-01 03:43:24.350 D/SPRDENG (  160): 30
01-01 03:43:24.350 D/SPRDENG (  160): 30
01-01 03:43:24.350 D/SPRDENG (  160): 30
01-01 03:43:24.350 D/SPRDENG (  160): 30
01-01 03:43:24.350 D/SPRDENG (  160): 30
01-01 03:43:24.350 D/SPRDENG (  160): 30
01-01 03:43:24.350 D/SPRDENG (  160): 31
01-01 03:43:24.350 D/SPRDENG (  160): 61
01-01 03:43:24.350 D/SPRDENG (  160): 32
01-01 03:43:24.350 D/SPRDENG (  160): 33
01-01 03:43:24.350 D/SPRDENG (  160): 31
01-01 03:43:24.350 D/SPRDENG (  160): 63
01-01 03:43:24.350 D/SPRDENG (  160): 32
01-01 03:43:24.350 D/SPRDENG (  160): 33
01-01 03:43:24.350 D/SPRDENG (  160): 30
01-01 03:43:24.350 D/SPRDENG (  160): 30
01-01 03:43:24.350 D/SPRDENG (  160): 30
01-01 03:43:24.350 D/SPRDENG (  160): 30
01-01 03:43:24.350 D/SPRDENG (  160): 30
01-01 03:43:24.350 D/SPRDENG (  160): 30
01-01 03:43:24.350 D/SPRDENG (  160): 30
01-01 03:43:24.350 D/SPRDENG (  160): 30
01-01 03:43:24.350 D/SPRDENG (  160): 30
01-01 03:43:24.350 D/SPRDENG (  160): 30
01-01 03:43:24.350 D/SPRDENG (  160): 30
01-01 03:43:24.350 D/SPRDENG (  160): 30
01-01 03:43:24.350 D/SPRDENG (  160): 30
01-01 03:43:24.350 D/SPRDENG (  160): 30
01-01 03:43:24.350 D/SPRDENG (  160): 30
01-01 03:43:24.350 D/SPRDENG (  160): 30
01-01 03:43:24.350 D/SPRDENG (  160): 31
01-01 03:43:24.350 D/SPRDENG (  160): 62
01-01 03:43:24.350 D/SPRDENG (  160): 32
01-01 03:43:24.350 D/SPRDENG (  160): 33
01-01 03:43:24.350 D/SPRDENG (  160): 31
01-01 03:43:24.350 D/SPRDENG (  160): 63
01-01 03:43:24.350 D/SPRDENG (  160): 32
01-01 03:43:24.350 D/SPRDENG (  160): 33
01-01 03:43:24.350 D/SPRDENG (  160): 30
01-01 03:43:24.350 D/SPRDENG (  160): 30
01-01 03:43:24.350 D/SPRDENG (  160): 30
01-01 03:43:24.350 D/SPRDENG (  160): 30
01-01 03:43:24.350 D/SPRDENG (  160): 30
01-01 03:43:24.350 D/SPRDENG (  160): 30
01-01 03:43:24.350 D/SPRDENG (  160): 30
01-01 03:43:24.350 D/SPRDENG (  160): 30
01-01 03:43:24.350 D/SPRDENG (  160): 30
01-01 03:43:24.350 D/SPRDENG (  160): 30
01-01 03:43:24.350 D/SPRDENG (  160): 30
01-01 03:43:24.350 D/SPRDENG (  160): 30
01-01 03:43:24.350 D/SPRDENG (  160): 30
01-01 03:43:24.350 D/SPRDENG (  160): 30
01-01 03:43:24.350 D/SPRDENG (  160): 30
01-01 03:43:24.350 D/SPRDENG (  160): 30
01-01 03:43:24.350 D/SPRDENG (  160): 31
01-01 03:43:24.350 D/SPRDENG (  160): 62
01-01 03:43:24.350 D/SPRDENG (  160): 32
01-01 03:43:24.350 D/SPRDENG (  160): 33
01-01 03:43:24.350 D/SPRDENG (  160): 31
01-01 03:43:24.350 D/SPRDENG (  160): 63
01-01 03:43:24.350 D/SPRDENG (  160): 32
01-01 03:43:24.350 D/SPRDENG (  160): 33
01-01 03:43:24.350 D/SPRDENG (  160): 30
01-01 03:43:24.350 D/SPRDENG (  160): 30
01-01 03:43:24.350 D/SPRDENG (  160): 30
01-01 03:43:24.350 D/SPRDENG (  160): 30
01-01 03:43:24.350 D/SPRDENG (  160): 30
01-01 03:43:24.350 D/SPRDENG (  160): 30
01-01 03:43:24.350 D/SPRDENG (  160): 30
01-01 03:43:24.350 D/SPRDENG (  160): 30
01-01 03:43:24.350 D/SPRDENG (  160): 30
01-01 03:43:24.350 D/SPRDENG (  160): 30
01-01 03:43:24.350 D/SPRDENG (  160): 30
01-01 03:43:24.350 D/SPRDENG (  160): 30
01-01 03:43:24.350 D/SPRDENG (  160): 30
01-01 03:43:24.350 D/SPRDENG (  160): 30
01-01 03:43:24.350 D/SPRDENG (  160): 30
01-01 03:43:24.350 D/SPRDENG (  160): 30
01-01 03:43:24.350 D/SPRDENG (  160): 31
01-01 03:43:24.350 D/SPRDENG (  160): 62
01-01 03:43:24.350 D/SPRDENG (  160): 32
01-01 03:43:24.350 D/SPRDENG (  160): 33
01-01 03:43:24.350 D/SPRDENG (  160): 31
01-01 03:43:24.350 D/SPRDENG (  160): 63
01-01 03:43:24.350 D/SPRDENG (  160): 32
01-01 03:43:24.350 D/SPRDENG (  160): 33
01-01 03:43:24.350 D/SPRDENG (  160): 30
01-01 03:43:24.350 D/SPRDENG (  160): 30
01-01 03:43:24.350 D/SPRDENG (  160): 30
01-01 03:43:24.350 D/SPRDENG (  160): 30
01-01 03:43:24.350 D/SPRDENG (  160): 30
01-01 03:43:24.350 D/SPRDENG (  160): 30
01-01 03:43:24.350 D/SPRDENG (  160): 30
01-01 03:43:24.350 D/SPRDENG (  160): 30
01-01 03:43:24.350 D/SPRDENG (  160): 30
01-01 03:43:24.350 D/SPRDENG (  160): 30
01-01 03:43:24.350 D/SPRDENG (  160): 30
01-01 03:43:24.350 D/SPRDENG (  160): 30
01-01 03:43:24.350 D/SPRDENG (  160): 30
01-01 03:43:24.350 D/SPRDENG (  160): 30
01-01 03:43:24.350 D/SPRDENG (  160): 30
01-01 03:43:24.350 D/SPRDENG (  160): 30
01-01 03:43:24.350 D/SPRDENG (  160): 30
01-01 03:43:24.350 D/SPRDENG (  160): 30
01-01 03:43:24.350 D/SPRDENG (  160): 30
01-01 03:43:24.350 D/SPRDENG (  160): 30
01-01 03:43:24.350 D/SPRDENG (  160): 30
01-01 03:43:24.350 D/SPRDENG (  160): 30
01-01 03:43:24.350 D/SPRDENG (  160): 30
01-01 03:43:24.350 D/SPRDENG (  160): 30
01-01 03:43:24.350 D/SPRDENG (  160): 30
01-01 03:43:24.350 D/SPRDENG (  160): 30
01-01 03:43:24.350 D/SPRDENG (  160): 30
01-01 03:43:24.350 D/SPRDENG (  160): 30
01-01 03:43:24.350 D/SPRDENG (  160): 30
01-01 03:43:24.350 D/SPRDENG (  160): 30
01-01 03:43:24.350 D/SPRDENG (  160): 30
01-01 03:43:24.350 D/SPRDENG (  160): 30
01-01 03:43:24.350 D/SPRDENG (  160): 30
01-01 03:43:24.350 D/SPRDENG (  160): 30
01-01 03:43:24.350 D/SPRDENG (  160): 30
01-01 03:43:24.350 D/SPRDENG (  160): 30
01-01 03:43:24.350 D/SPRDENG (  160): 30
01-01 03:43:24.350 D/SPRDENG (  160): 30
01-01 03:43:24.350 D/SPRDENG (  160): 30
01-01 03:43:24.350 D/SPRDENG (  160): 30
01-01 03:43:24.350 D/SPRDENG (  160): 32
01-01 03:43:24.350 D/SPRDENG (  160): 63
01-01 03:43:24.350 D/SPRDENG (  160): 30
01-01 03:43:24.350 D/SPRDENG (  160): 30
01-01 03:43:24.350 D/SPRDENG (  160): 30
01-01 03:43:24.350 D/SPRDENG (  160): 30
01-01 03:43:24.350 D/SPRDENG (  160): 30
01-01 03:43:24.350 D/SPRDENG (  160): 30
01-01 03:43:24.350 D/SPRDENG (  160): 1a
01-01 03:43:24.350 D/SPRDENG (  160): eng_modem2server: use SIM1 /dev/CHNPTY13
01-01 03:43:24.350 D/SPRDENG (  160): AT < 
01-01 03:43:24.350 D/SPRDENG (  160): OK
01-01 03:43:24.350 D/SPRDENG (  160): 
01-01 03:43:24.350 E/        (  103): nvcal_recv_from_modem: Receive 1 Modem Response
01-01 03:43:24.350 E/        (  103): write_rf_nvconf_cmd: wifi recv_num =6, response=[
01-01 03:43:24.350 E/        (  103): OK
01-01 03:43:24.350 E/        (  103): ]
01-01 03:43:24.450 E/eng_rf_nv_update(  103): [set_rf_nvconf]: NV updated OK!
01-01 03:43:24.460 E/eng_rf_nv_update(  103): [save_rf_nv_to_bak_file] NV data save to bake file OK
01-01 03:43:24.460 E/eng_rf_nv_update(  103): [eng_rf_nv_update]: end eng rf nv update!
01-01 03:43:24.460 I/logwrapper(   80): /system/bin/eng_rf_nv_update terminated by exit(0)
01-01 03:43:24.560 I/power   (   81): *** set_screen_state 1
01-01 03:43:24.560 D/Sensors (   81): activate handle=3; drv=1
01-01 03:43:24.560 D/Sensors (   81): SensorTMD2771::setEnable=0= en=1; newState=1; what=0; mEnabled=0
01-01 03:43:24.760 D/Sensors (   81): taos ---Light::TAOS_IOCTL_ALS_ON=== err=0
01-01 03:43:24.760 D/Sensors (   81): SensorTMD2771::setEnable=1= en=1; newState=1; what=0; mEnabled=1
01-01 03:43:24.760 D/Sensors (   81): SensorTMD2771::getEnable===mEnabled=0x1; enable=1
01-01 03:43:24.780 I/GeckoDump(   81): XXX FIXME : Got a mozContentEvent: nfc-hardware-state-change
01-01 03:43:24.840 I/GeckoDump(   81): XXX FIXME : Got a mozContentEvent: system-message-listener-ready
01-01 03:43:24.920 I/Gecko:ProcessPriorityManager(   81): [(Preallocated), child-id=2, pid=366] Creating ParticularProcessPriorityManager.
01-01 03:43:24.920 I/Gecko:ProcessPriorityManager(   81): [(Preallocated), child-id=2, pid=366] Done starting up.  mHoldsCPUWakeLock=0, mHoldsHighPriorityWakeLock=0
01-01 03:43:24.920 I/Gecko:ProcessPriorityManager(   81): [(Preallocated), child-id=2, pid=366] Changing priority from UNKNOWN:CPU_NORMAL to MASTER:CPU_NORMAL.
01-01 03:43:24.920 I/Gonk    (   81): Setting nice for pid 366 to 0
01-01 03:43:24.920 I/Gonk    (   81): Changed nice for pid 366 from 0 to 0.
01-01 03:43:25.350 D/Sensors (   81): SensorTMD2771::readEvents()======data_fd=53,count=16
01-01 03:43:25.350 D/Sensors (   81): SensorTMD2771::processEvent()=====code=40::value=1 
01-01 03:43:25.350 D/Sensors (   81): SensorTMD2771: mPendingEvents[Light].light = 1.000000
01-01 03:43:25.580 I/Gecko   (   81): 1325407405586	Marionette	INFO	loaded marionette-listener.js
01-01 03:43:25.580 I/Gecko   (   81): 1325407405588	Marionette	INFO	sendToClient: {"from":"0","value":"3-b2g"}, {a70917b6-43ab-48ed-ba5e-1f51564d2d88}, {a70917b6-43ab-48ed-ba5e-1f51564d2d88}
01-01 03:43:25.750 E/GeckoConsole(   81): [JavaScript Error: "TypeError: widgetFrame is undefined" {file: "app://system.gaiamobile.org/js/cost_control.js" line: 119}]
01-01 03:43:26.130 I/Gecko   (   81): 1325407406134	Marionette	INFO	sendToClient: {"from":"0","value":{"ELEMENT":"{4e7d8afc-973e-4978-b373-31deee6a0ca7}"}}, {6365edf3-a303-42d4-a71b-86fc4276045b}, {6365edf3-a303-42d4-a71b-86fc4276045b}
01-01 03:43:26.210 I/Gecko   (   81): 1325407406219	Marionette	INFO	sendToClient: {"from":"0","value":false}, {29c1d629-1599-4a99-afd6-1afe3caa1160}, {29c1d629-1599-4a99-afd6-1afe3caa1160}
01-01 03:43:26.390 I/Gecko   (   81): 1325407406400	Marionette	INFO	sendToClient: {"from":"0","value":{"ELEMENT":"{4e7d8afc-973e-4978-b373-31deee6a0ca7}"}}, {72d5c208-5f74-40d8-a2d8-668bf6190f83}, {72d5c208-5f74-40d8-a2d8-668bf6190f83}
01-01 03:43:26.510 I/Gecko   (   81): 1325407406514	Marionette	INFO	sendToClient: {"from":"0","value":false}, {d1cd50ce-ca08-45ed-a95a-3265fc1c2fbc}, {d1cd50ce-ca08-45ed-a95a-3265fc1c2fbc}
01-01 03:43:26.650 I/Gecko   (   81): 1325407406660	Marionette	INFO	sendToClient: {"from":"0","value":{"ELEMENT":"{4e7d8afc-973e-4978-b373-31deee6a0ca7}"}}, {39b59f79-ba20-4083-a8c3-003c69308418}, {39b59f79-ba20-4083-a8c3-003c69308418}
01-01 03:43:26.700 I/Gecko   (   81): 1325407406707	Marionette	INFO	sendToClient: {"from":"0","value":false}, {8207d120-2305-4212-bf87-8fc36a41c766}, {8207d120-2305-4212-bf87-8fc36a41c766}
01-01 03:43:26.810 I/GeckoDump(   81): XXX FIXME : Got a mozContentEvent: accessibility-screenreader
01-01 03:43:26.860 I/GeckoDump(   81): XXX FIXME : Got a mozContentEvent: nfc-hardware-state-change
01-01 03:43:27.130 E/WifiHW  (   81): Leo ensure_config_file_exists config_file=/data/misc/wifi/wpa_supplicant.conf
01-01 03:43:27.140 E/WifiHW  (   81): daemon_cmd=wpa_supplicant:-iwlan0 -c/data/misc/wifi/wpa_supplicant.conf
01-01 03:43:27.250 I/Gecko   (   81): 1325407407256	Marionette	INFO	sendToClient: {"from":"0","value":{"ELEMENT":"{4e7d8afc-973e-4978-b373-31deee6a0ca7}"}}, {ec380f33-6f31-4289-9ce6-7a5c57872298}, {ec380f33-6f31-4289-9ce6-7a5c57872298}
01-01 03:43:27.370 I/Gecko   (   81): 1325407407379	Marionette	INFO	sendToClient: {"from":"0","value":true}, {f509093b-4443-4989-bd03-bc79d15d6e7f}, {f509093b-4443-4989-bd03-bc79d15d6e7f}
01-01 03:43:27.590 I/FMRadio (   81): FMRadio is initialized.
01-01 03:43:27.650 E/GeckoConsole(   81): Content JS ERROR at app://system.gaiamobile.org/js/telephony_settings.js:23 in set_vpm_error: Error setting voice privacy.
01-01 03:43:27.660 E/GeckoConsole(   81): Content JS ERROR at app://system.gaiamobile.org/js/telephony_settings.js:23 in set_vpm_error: Error setting voice privacy.
01-01 03:43:27.910 E/GeckoConsole(   81): Content JS ERROR at app://system.gaiamobile.org/js/telephony_settings.js:42 in set_vpm_error: Error roaming preference.
01-01 03:43:27.910 E/GeckoConsole(   81): Content JS ERROR at app://system.gaiamobile.org/js/telephony_settings.js:42 in set_vpm_error: Error roaming preference.
01-01 03:43:27.920 W/WifiHW  (   81): wifi_command: LOG_LEVEL
01-01 03:43:27.930 W/WifiHW  (   81): wifi_command: STATUS
01-01 03:43:27.960 W/WifiHW  (   81): wifi_command: LIST_NETWORKS
01-01 03:43:27.960 W/WifiHW  (   81): wifi_command: DRIVER MACADDR
01-01 03:43:27.970 W/WifiHW  (   81): wifi_command: GET_NETWORK 0 ssid
01-01 03:43:27.970 W/WifiHW  (   81): wifi_command: GET_NETWORK 0 bssid
01-01 03:43:27.970 W/WifiHW  (   81): wifi_command: GET_NETWORK 0 psk
01-01 03:43:27.970 W/WifiHW  (   81): wifi_command: GET_NETWORK 0 wep_key0
01-01 03:43:27.970 W/WifiHW  (   81): wifi_command: GET_NETWORK 0 wep_key1
01-01 03:43:27.970 W/WifiHW  (   81): wifi_command: GET_NETWORK 0 wep_key2
01-01 03:43:27.970 W/WifiHW  (   81): wifi_command: GET_NETWORK 0 wep_key3
01-01 03:43:27.970 W/WifiHW  (   81): wifi_command: GET_NETWORK 0 wep_tx_keyidx
01-01 03:43:27.970 W/WifiHW  (   81): wifi_command: GET_NETWORK 0 priority
01-01 03:43:27.970 W/WifiHW  (   81): wifi_command: GET_NETWORK 0 key_mgmt
01-01 03:43:27.970 W/WifiHW  (   81): wifi_command: GET_NETWORK 0 scan_ssid
01-01 03:43:27.980 W/WifiHW  (   81): wifi_command: GET_NETWORK 0 disabled
01-01 03:43:27.980 W/WifiHW  (   81): wifi_command: GET_NETWORK 0 identity
01-01 03:43:27.990 W/WifiHW  (   81): wifi_command: GET_NETWORK 0 password
01-01 03:43:27.990 W/WifiHW  (   81): wifi_command: GET_NETWORK 0 auth_alg
01-01 03:43:27.990 W/WifiHW  (   81): wifi_command: GET_NETWORK 0 phase1
01-01 03:43:27.990 W/WifiHW  (   81): wifi_command: GET_NETWORK 0 phase2
01-01 03:43:27.990 W/WifiHW  (   81): wifi_command: GET_NETWORK 0 eap
01-01 03:43:27.990 W/WifiHW  (   81): wifi_command: GET_NETWORK 0 pin
01-01 03:43:27.990 W/WifiHW  (   81): wifi_command: GET_NETWORK 0 pcsc
01-01 03:43:27.990 W/WifiHW  (   81): wifi_command: GET_NETWORK 1 ssid
01-01 03:43:27.990 W/WifiHW  (   81): wifi_command: GET_NETWORK 1 bssid
01-01 03:43:27.990 W/WifiHW  (   81): wifi_command: GET_NETWORK 1 psk
01-01 03:43:27.990 W/WifiHW  (   81): wifi_command: GET_NETWORK 1 wep_key0
01-01 03:43:27.990 W/WifiHW  (   81): wifi_command: GET_NETWORK 1 wep_key1
01-01 03:43:28.000 W/WifiHW  (   81): wifi_command: GET_NETWORK 1 wep_key2
01-01 03:43:28.000 W/WifiHW  (   81): wifi_command: GET_NETWORK 1 wep_key3
01-01 03:43:28.000 W/WifiHW  (   81): wifi_command: GET_NETWORK 1 wep_tx_keyidx
01-01 03:43:28.000 W/WifiHW  (   81): wifi_command: GET_NETWORK 1 priority
01-01 03:43:28.000 W/WifiHW  (   81): wifi_command: GET_NETWORK 1 key_mgmt
01-01 03:43:28.000 W/WifiHW  (   81): wifi_command: GET_NETWORK 1 scan_ssid
01-01 03:43:28.000 W/WifiHW  (   81): wifi_command: GET_NETWORK 1 disabled
01-01 03:43:28.000 W/WifiHW  (   81): wifi_command: GET_NETWORK 1 identity
01-01 03:43:28.000 W/WifiHW  (   81): wifi_command: GET_NETWORK 1 password
01-01 03:43:28.000 W/WifiHW  (   81): wifi_command: GET_NETWORK 1 auth_alg
01-01 03:43:28.000 W/WifiHW  (   81): wifi_command: GET_NETWORK 1 phase1
01-01 03:43:28.000 W/WifiHW  (   81): wifi_command: GET_NETWORK 1 phase2
01-01 03:43:28.000 W/WifiHW  (   81): wifi_command: GET_NETWORK 1 eap
01-01 03:43:28.000 W/WifiHW  (   81): wifi_command: GET_NETWORK 1 pin
01-01 03:43:28.000 W/WifiHW  (   81): wifi_command: GET_NETWORK 1 pcsc
01-01 03:43:28.010 W/WifiHW  (   81): wifi_command: GET_NETWORK 2 ssid
01-01 03:43:28.010 W/WifiHW  (   81): wifi_command: GET_NETWORK 2 bssid
01-01 03:43:28.020 W/WifiHW  (   81): wifi_command: GET_NETWORK 2 psk
01-01 03:43:28.020 W/WifiHW  (   81): wifi_command: GET_NETWORK 2 wep_key0
01-01 03:43:28.020 W/WifiHW  (   81): wifi_command: GET_NETWORK 2 wep_key1
01-01 03:43:28.020 W/WifiHW  (   81): wifi_command: GET_NETWORK 2 wep_key2
01-01 03:43:28.020 W/WifiHW  (   81): wifi_command: GET_NETWORK 2 wep_key3
01-01 03:43:28.020 W/WifiHW  (   81): wifi_command: GET_NETWORK 2 wep_tx_keyidx
01-01 03:43:28.020 W/WifiHW  (   81): wifi_command: GET_NETWORK 2 priority
01-01 03:43:28.020 W/WifiHW  (   81): wifi_command: GET_NETWORK 2 key_mgmt
01-01 03:43:28.020 W/WifiHW  (   81): wifi_command: GET_NETWORK 2 scan_ssid
01-01 03:43:28.020 W/WifiHW  (   81): wifi_command: GET_NETWORK 2 disabled
01-01 03:43:28.020 W/WifiHW  (   81): wifi_command: GET_NETWORK 2 identity
01-01 03:43:28.020 W/WifiHW  (   81): wifi_command: GET_NETWORK 2 password
01-01 03:43:28.030 W/WifiHW  (   81): wifi_command: GET_NETWORK 2 auth_alg
01-01 03:43:28.030 W/WifiHW  (   81): wifi_command: GET_NETWORK 2 phase1
01-01 03:43:28.030 W/WifiHW  (   81): wifi_command: GET_NETWORK 2 phase2
01-01 03:43:28.030 W/WifiHW  (   81): wifi_command: GET_NETWORK 2 eap
01-01 03:43:28.030 W/WifiHW  (   81): wifi_command: GET_NETWORK 2 pin
01-01 03:43:28.030 W/WifiHW  (   81): wifi_command: GET_NETWORK 2 pcsc
01-01 03:43:28.030 W/WifiHW  (   81): wifi_command: GET_NETWORK 3 ssid
01-01 03:43:28.030 W/WifiHW  (   81): wifi_command: GET_NETWORK 3 bssid
01-01 03:43:28.030 W/WifiHW  (   81): wifi_command: GET_NETWORK 3 psk
01-01 03:43:28.030 W/WifiHW  (   81): wifi_command: GET_NETWORK 3 wep_key0
01-01 03:43:28.030 W/WifiHW  (   81): wifi_command: GET_NETWORK 3 wep_key1
01-01 03:43:28.030 W/WifiHW  (   81): wifi_command: GET_NETWORK 3 wep_key2
01-01 03:43:28.030 W/WifiHW  (   81): wifi_command: GET_NETWORK 3 wep_key3
01-01 03:43:28.030 W/WifiHW  (   81): wifi_command: GET_NETWORK 3 wep_tx_keyidx
01-01 03:43:28.030 W/WifiHW  (   81): wifi_command: GET_NETWORK 3 priority
01-01 03:43:28.040 W/WifiHW  (   81): wifi_command: GET_NETWORK 3 key_mgmt
01-01 03:43:28.040 W/WifiHW  (   81): wifi_command: GET_NETWORK 3 scan_ssid
01-01 03:43:28.040 W/WifiHW  (   81): wifi_command: GET_NETWORK 3 disabled
01-01 03:43:28.050 W/WifiHW  (   81): wifi_command: GET_NETWORK 3 identity
01-01 03:43:28.050 W/WifiHW  (   81): wifi_command: GET_NETWORK 3 password
01-01 03:43:28.050 W/WifiHW  (   81): wifi_command: GET_NETWORK 3 auth_alg
01-01 03:43:28.050 W/WifiHW  (   81): wifi_command: GET_NETWORK 3 phase1
01-01 03:43:28.050 W/WifiHW  (   81): wifi_command: GET_NETWORK 3 phase2
01-01 03:43:28.050 W/WifiHW  (   81): wifi_command: GET_NETWORK 3 eap
01-01 03:43:28.050 W/WifiHW  (   81): wifi_command: GET_NETWORK 3 pin
01-01 03:43:28.050 W/WifiHW  (   81): wifi_command: GET_NETWORK 3 pcsc
01-01 03:43:28.120 W/WifiHW  (   81): wifi_command: ENABLE_NETWORK 0
01-01 03:43:28.120 W/WifiHW  (   81): wifi_command: ENABLE_NETWORK 1
01-01 03:43:28.120 W/WifiHW  (   81): wifi_command: ENABLE_NETWORK 2
01-01 03:43:28.120 W/WifiHW  (   81): wifi_command: ENABLE_NETWORK 3
01-01 03:43:28.120 W/WifiHW  (   81): wifi_command: AP_SCAN 1
01-01 03:43:28.140 W/WifiHW  (   81): wifi_command: SAVE_CONFIG
01-01 03:43:28.320 I/Gecko:ProcessPriorityManager(   81): [Homescreen, child-id=2, pid=366] Changing priority from MASTER:CPU_NORMAL to FOREGROUND:CPU_NORMAL.
01-01 03:43:28.320 I/Gonk    (   81): Setting nice for pid 366 to 1
01-01 03:43:28.320 I/Gonk    (   81): Changed nice for pid 366 from 0 to 1.
01-01 03:43:28.320 I/Gecko:ProcessPriorityManager(   81): Making background LRU pool with size(3)
01-01 03:43:28.330 I/Gecko:ProcessPriorityManager(   81): KillBackgroundApps
01-01 03:43:28.330 I/Gecko   (   81): [Parent 81] WARNING: waitpid failed pid:366 errno:10: file /var/lib/jenkins/jobs/B2G.v1.3.0.Tarako/workspace/gecko/ipc/chromium/src/base/process_util_posix.cc, line 254
01-01 03:43:28.560 E/[Gralloc-ERROR](   81): int gralloc_register_buffer(const gralloc_module_t*, const native_handle_t*):79 Unable to register handle 0x46033420 coming from different process: 81
01-01 03:43:28.560 E/[Gralloc-ERROR](   81): int gralloc_register_buffer(const gralloc_module_t*, const native_handle_t*):79 Unable to register handle 0x46050510 coming from different process: 81
01-01 03:43:28.660 E/[Gralloc-ERROR](   81): int gralloc_register_buffer(const gralloc_module_t*, const native_handle_t*):79 Unable to register handle 0x4724b330 coming from different process: 81
01-01 03:43:28.670 E/[Gralloc-ERROR](   81): int gralloc_register_buffer(const gralloc_module_t*, const native_handle_t*):79 Unable to register handle 0x47620ce0 coming from different process: 81
01-01 03:43:28.940 I/GeckoDump(   81): XXX FIXME : Got a mozContentEvent: inputmethod-update-layouts
01-01 03:43:29.060 I/Gecko   (   81): ############################### browserElementPanning.js loaded
01-01 03:43:29.110 I/Gecko   (   81): ######################## BrowserElementChildPreload.js loaded
01-01 03:43:29.180 I/GeckoDump(   81): XXX FIXME : Got a mozContentEvent: inputmethod-update-layouts
01-01 03:43:29.780 E/GeckoConsole(   81): [JavaScript Warning: "Error in parsing value for 'font-weight'.  Declaration dropped." {file: "app://keyboard.gaiamobile.org/style/keyboard.css" line: 132 column: 15 source: "  font-weight: medium;"}]
01-01 03:43:30.500 I/Gecko   (   81): 1325407410512	Marionette	INFO	sendToClient: {"from":"0","ok":true}, {df567381-c15d-4fcb-95ba-ee2ea2ad7d61}, {df567381-c15d-4fcb-95ba-ee2ea2ad7d61}
01-01 03:43:30.540 I/Gecko   (   81): 1325407410551	Marionette	DEBUG	Got request: switchToFrame, data: {"to":"0","sessionId":"3-b2g","name":"switchToFrame","parameters":{"id":null,"focus":true}}, id: {6a388d3e-f70f-4650-bd89-f3617ba3f565}
01-01 03:43:30.590 I/Gecko   (   81): 1325407410599	Marionette	INFO	Switched to frame: {"frameValue":null}
01-01 03:43:30.690 I/Gecko   (  366): ###################################### forms.js loaded
01-01 03:43:30.730 I/Gecko   (   81): 1325407410741	Marionette	INFO	sendToClient: {"from":"0","ok":true}, {6a388d3e-f70f-4650-bd89-f3617ba3f565}, {6a388d3e-f70f-4650-bd89-f3617ba3f565}
01-01 03:43:30.740 W/WifiHW  (   81): wifi_command: SCAN_RESULTS
01-01 03:43:30.740 W/WifiHW  (   81): wifi_command: DRIVER SCAN-PASSIVE
01-01 03:43:30.800 I/Gecko   (   81): 1325407410807	Marionette	DEBUG	Got request: executeWithCallback, data: {"to":"0","sessionId":"3-b2g","name":"executeAsyncScript","parameters":{"specialPowers":false,"scriptTimeout":null,"newSandbox":true,"args":[],"filename":"gaia_test.py","script":"GaiaLockScreen.unlock()","line":810}}, id: {95b0d7c1-db4e-4bbd-a5f6-5fc2746613bc}
01-01 03:43:30.820 I/Gecko   (  366): ############################### browserElementPanning.js loaded
01-01 03:43:30.880 W/WifiHW  (   81): wifi_command: GET_NETWORK 3 ssid
01-01 03:43:30.890 W/WifiHW  (   81): wifi_command: GET_NETWORK 3 bssid
01-01 03:43:30.890 W/WifiHW  (   81): wifi_command: GET_NETWORK 3 psk
01-01 03:43:30.890 W/WifiHW  (   81): wifi_command: GET_NETWORK 3 wep_key0
01-01 03:43:30.890 W/WifiHW  (   81): wifi_command: GET_NETWORK 3 wep_key1
01-01 03:43:30.890 W/WifiHW  (   81): wifi_command: GET_NETWORK 3 wep_key2
01-01 03:43:30.890 W/WifiHW  (   81): wifi_command: GET_NETWORK 3 wep_key3
01-01 03:43:30.890 W/WifiHW  (   81): wifi_command: GET_NETWORK 3 wep_tx_keyidx
01-01 03:43:30.890 W/WifiHW  (   81): wifi_command: GET_NETWORK 3 priority
01-01 03:43:30.890 W/WifiHW  (   81): wifi_command: GET_NETWORK 3 key_mgmt
01-01 03:43:30.890 W/WifiHW  (   81): wifi_command: GET_NETWORK 3 scan_ssid
01-01 03:43:30.890 W/WifiHW  (   81): wifi_command: GET_NETWORK 3 disabled
01-01 03:43:30.890 W/WifiHW  (   81): wifi_command: GET_NETWORK 3 identity
01-01 03:43:30.890 W/WifiHW  (   81): wifi_command: GET_NETWORK 3 password
01-01 03:43:30.900 W/WifiHW  (   81): wifi_command: GET_NETWORK 3 auth_alg
01-01 03:43:30.900 W/WifiHW  (   81): wifi_command: GET_NETWORK 3 phase1
01-01 03:43:30.900 W/WifiHW  (   81): wifi_command: GET_NETWORK 3 phase2
01-01 03:43:30.900 W/WifiHW  (   81): wifi_command: GET_NETWORK 3 eap
01-01 03:43:30.900 W/WifiHW  (   81): wifi_command: GET_NETWORK 3 pin
01-01 03:43:30.900 W/WifiHW  (   81): wifi_command: GET_NETWORK 3 pcsc
01-01 03:43:31.140 I/Gecko   (   81): 1325407411149	Marionette	INFO	sendToClient: {"from":"0","value":{"passed":0,"failed":0,"failures":[]}}, {95b0d7c1-db4e-4bbd-a5f6-5fc2746613bc}, {95b0d7c1-db4e-4bbd-a5f6-5fc2746613bc}
01-01 03:43:31.240 W/WifiHW  (   81): wifi_command: SIGNAL_POLL
01-01 03:43:31.250 W/WifiHW  (   81): wifi_command: GET_NETWORK 3 ssid
01-01 03:43:31.250 W/WifiHW  (   81): wifi_command: GET_NETWORK 3 bssid
01-01 03:43:31.250 W/WifiHW  (   81): wifi_command: GET_NETWORK 3 psk
01-01 03:43:31.250 W/WifiHW  (   81): wifi_command: GET_NETWORK 3 wep_key0
01-01 03:43:31.260 W/WifiHW  (   81): wifi_command: GET_NETWORK 3 wep_key1
01-01 03:43:31.260 W/WifiHW  (   81): wifi_command: GET_NETWORK 3 wep_key2
01-01 03:43:31.260 W/WifiHW  (   81): wifi_command: GET_NETWORK 3 wep_key3
01-01 03:43:31.260 W/WifiHW  (   81): wifi_command: GET_NETWORK 3 wep_tx_keyidx
01-01 03:43:31.260 W/WifiHW  (   81): wifi_command: GET_NETWORK 3 priority
01-01 03:43:31.260 W/WifiHW  (   81): wifi_command: GET_NETWORK 3 key_mgmt
01-01 03:43:31.260 W/WifiHW  (   81): wifi_command: GET_NETWORK 3 scan_ssid
01-01 03:43:31.260 W/WifiHW  (   81): wifi_command: GET_NETWORK 3 disabled
01-01 03:43:31.270 W/WifiHW  (   81): wifi_command: GET_NETWORK 3 identity
01-01 03:43:31.300 W/WifiHW  (   81): wifi_command: GET_NETWORK 3 password
01-01 03:43:31.300 W/WifiHW  (   81): wifi_command: GET_NETWORK 3 auth_alg
01-01 03:43:31.300 W/WifiHW  (   81): wifi_command: GET_NETWORK 3 phase1
01-01 03:43:31.300 W/WifiHW  (   81): wifi_command: GET_NETWORK 3 phase2
01-01 03:43:31.300 W/WifiHW  (   81): wifi_command: GET_NETWORK 3 eap
01-01 03:43:31.300 W/WifiHW  (   81): wifi_command: GET_NETWORK 3 pin
01-01 03:43:31.300 W/WifiHW  (   81): wifi_command: GET_NETWORK 3 pcsc
01-01 03:43:31.740 E/[Gralloc-ERROR](   81): int gralloc_register_buffer(const gralloc_module_t*, const native_handle_t*):79 Unable to register handle 0x45bb2c40 coming from different process: 81
01-01 03:43:31.760 E/[Gralloc-ERROR](   81): int gralloc_register_buffer(const gralloc_module_t*, const native_handle_t*):79 Unable to register handle 0x45bb2ce0 coming from different process: 81
01-01 03:43:31.830 E/[Gralloc-ERROR](   81): int gralloc_register_buffer(const gralloc_module_t*, const native_handle_t*):79 Unable to register handle 0x45bb2d80 coming from different process: 81
01-01 03:43:31.830 E/[Gralloc-ERROR](   81): int gralloc_register_buffer(const gralloc_module_t*, const native_handle_t*):79 Unable to register handle 0x45bb2e20 coming from different process: 81
01-01 03:43:31.840 E/[Gralloc-ERROR](   81): int gralloc_register_buffer(const gralloc_module_t*, const native_handle_t*):79 Unable to register handle 0x45bb2ec0 coming from different process: 81
01-01 03:43:31.850 E/[Gralloc-ERROR](   81): int gralloc_register_buffer(const gralloc_module_t*, const native_handle_t*):79 Unable to register handle 0x45bb2f60 coming from different process: 81
01-01 03:43:31.900 I/Gecko   (  366): ######################## BrowserElementChildPreload.js loaded
01-01 03:43:32.060 I/GeckoDump(   81): XXX FIXME : Got a mozContentEvent: nfc-hardware-state-change
01-01 03:43:32.100 I/GeckoDump(   81): XXX FIXME : Got a mozContentEvent: nfc-hardware-state-change
01-01 03:43:32.310 E/[Gralloc-ERROR](   81): int gralloc_unregister_buffer(const gralloc_module_t*, const native_handle_t*):274 Trying to unregister buffer 0x47620ce0 from process 81 that was not created in current process: 81
01-01 03:43:32.310 E/[Gralloc-ERROR](   81): int gralloc_unregister_buffer(const gralloc_module_t*, const native_handle_t*):274 Trying to unregister buffer 0x4724b330 from process 81 that was not created in current process: 81
01-01 03:43:32.380 E/Profiler(   81): BPUnw: [1 total] thread_unregister_for_profiling(me=0x1da0038)  (NOT REGISTERED) 
01-01 03:43:32.440 E/[Gralloc-ERROR](   81): int gralloc_unregister_buffer(const gralloc_module_t*, const native_handle_t*):274 Trying to unregister buffer 0x45bb2ce0 from process 81 that was not created in current process: 81
01-01 03:43:32.460 E/[Gralloc-ERROR](   81): int gralloc_unregister_buffer(const gralloc_module_t*, const native_handle_t*):274 Trying to unregister buffer 0x45bb2c40 from process 81 that was not created in current process: 81
01-01 03:43:32.460 E/[Gralloc-ERROR](   81): int gralloc_unregister_buffer(const gralloc_module_t*, const native_handle_t*):274 Trying to unregister buffer 0x45bb2e20 from process 81 that was not created in current process: 81
01-01 03:43:32.460 E/[Gralloc-ERROR](   81): int gralloc_unregister_buffer(const gralloc_module_t*, const native_handle_t*):274 Trying to unregister buffer 0x45bb2d80 from process 81 that was not created in current process: 81
01-01 03:43:32.460 E/[Gralloc-ERROR](   81): int gralloc_unregister_buffer(const gralloc_module_t*, const native_handle_t*):274 Trying to unregister buffer 0x45bb2f60 from process 81 that was not created in current process: 81
01-01 03:43:32.460 E/[Gralloc-ERROR](   81): int gralloc_unregister_buffer(const gralloc_module_t*, const native_handle_t*):274 Trying to unregister buffer 0x45bb2ec0 from process 81 that was not created in current process: 81
01-01 03:43:32.460 I/Gecko   (   81): 1325407412468	Marionette	INFO	sendToClient: {"from":"0","ok":true}, {d63770e4-938c-4598-a68a-129b57239e50}, {d63770e4-938c-4598-a68a-129b57239e50}
01-01 03:43:32.770 I/Gecko   (   81): 1325407412775	Marionette	DEBUG	Got request: switchToFrame, data: {"to":"0","sessionId":"3-b2g","name":"switchToFrame","parameters":{"id":null,"focus":true}}, id: {92a88937-ba57-4862-8e21-b879d30a517e}
01-01 03:43:32.820 I/Gecko   (   81): 1325407412826	Marionette	INFO	Switched to frame: {"frameValue":null}
01-01 03:43:32.930 I/Gecko   (   81): 1325407412936	Marionette	INFO	sendToClient: {"from":"0","ok":true}, {92a88937-ba57-4862-8e21-b879d30a517e}, {92a88937-ba57-4862-8e21-b879d30a517e}
01-01 03:43:32.970 I/Gecko   (   81): 1325407412977	Marionette	DEBUG	Got request: executeWithCallback, data: {"to":"0","sessionId":"3-b2g","name":"executeAsyncScript","parameters":{"specialPowers":false,"scriptTimeout":60000,"newSandbox":true,"args":[],"filename":"app_checker.py","script":"\n        GaiaApps.locateWithManifestURL('http://www.despicableapps.com/apps/bridgeitapps/bridge/manifest.webapp',\n                                       null,\n                                       function uninstall(app) {\n                                       navigator.mozApps.mgmt.uninstall(app);\n                                       marionetteScriptFinished(true);\n                                       });\n        ","line":129}}, id: {81162475-a55d-4f14-a0b6-1da05554c193}
01-01 03:43:33.070 I/Gecko   (   81): 1325407413082	Marionette	INFO	sendToClient: {"from":"0","error":{"message":"TypeError: app is null","status":17,"stacktrace":"execute_async_script @app_checker.py, line 129\ninline javascript, line 221\nsrc: \"      appName = app.manifest.name;\""}}, {81162475-a55d-4f14-a0b6-1da05554c193}, {81162475-a55d-4f14-a0b6-1da05554c193}
01-01 03:43:33.480 I/Gecko:ProcessPriorityManager(   81): [(Preallocated), child-id=3, pid=439] Creating ParticularProcessPriorityManager.
01-01 03:43:33.480 I/Gecko:ProcessPriorityManager(   81): [(Preallocated), child-id=3, pid=439] Done starting up.  mHoldsCPUWakeLock=0, mHoldsHighPriorityWakeLock=0
01-01 03:43:33.480 I/Gecko:ProcessPriorityManager(   81): [(Preallocated), child-id=3, pid=439] Changing priority from UNKNOWN:CPU_NORMAL to MASTER:CPU_NORMAL.
01-01 03:43:33.480 I/Gonk    (   81): Setting nice for pid 439 to 0
01-01 03:43:33.480 I/Gonk    (   81): Changed nice for pid 439 from 0 to 0.
01-01 03:43:33.480 I/Gecko:ProcessPriorityManager(   81): [Homescreen, child-id=2, pid=366] Changing priority from FOREGROUND:CPU_NORMAL to FOREGROUND:CPU_LOW.
01-01 03:43:33.490 I/Gonk    (   81): Setting nice for pid 366 to 18
01-01 03:43:33.490 I/Gonk    (   81): Changed nice for pid 366 from 1 to 18.
01-01 03:43:33.490 I/Gecko:ProcessPriorityManager(   81): KillBackgroundApps