--------- beginning of /dev/log/system
01-01 01:37:17.720 I/Vold    (   75): Vold 2.1 (the revenge) firing up
01-01 01:37:17.750 D/Vold    (   75): Volume sdcard state changing -1 (Initializing) -> 0 (No-Media)
01-01 01:37:17.840 D/Vold    (   75): Volume sdcard state changing 0 (No-Media) -> 2 (Pending)
01-01 01:37:17.840 D/Vold    (   75): Volume sdcard state changing 2 (Pending) -> 1 (Idle-Unmounted)
01-01 01:37:22.850 D/VoldCmdListener(   75): volume list
01-01 01:37:22.850 D/VoldCmdListener(   75): volume mount sdcard
01-01 01:37:22.850 I/Vold    (   75): /dev/block/vold/179:1 being considered for volume sdcard
01-01 01:37:22.850 D/Vold    (   75): Volume sdcard state changing 1 (Idle-Unmounted) -> 3 (Checking)
01-01 01:37:22.850 W/Vold    (   75): Skipping fs checks
01-01 01:37:22.900 I/Vold    (   75): Device /dev/block/vold/179:1, target /mnt/sdcard mounted @ /mnt/secure/staging
01-01 01:37:22.910 D/Vold    (   75): Volume sdcard state changing 3 (Checking) -> 4 (Mounted)
--------- beginning of /dev/log/main
01-01 01:37:34.130 D/SPRDENG (  167): 30
01-01 01:37:34.130 D/SPRDENG (  167): 30
01-01 01:37:34.130 D/SPRDENG (  167): 30
01-01 01:37:34.130 D/SPRDENG (  167): 30
01-01 01:37:34.130 D/SPRDENG (  167): 30
01-01 01:37:34.130 D/SPRDENG (  167): 30
01-01 01:37:34.130 D/SPRDENG (  167): 30
01-01 01:37:34.130 D/SPRDENG (  167): 30
01-01 01:37:34.130 D/SPRDENG (  167): 30
01-01 01:37:34.130 D/SPRDENG (  167): 30
01-01 01:37:34.130 D/SPRDENG (  167): 30
01-01 01:37:34.130 D/SPRDENG (  167): 30
01-01 01:37:34.130 D/SPRDENG (  167): 30
01-01 01:37:34.130 D/SPRDENG (  167): 30
01-01 01:37:34.130 D/SPRDENG (  167): 30
01-01 01:37:34.130 D/SPRDENG (  167): 30
01-01 01:37:34.130 D/SPRDENG (  167): 30
01-01 01:37:34.130 D/SPRDENG (  167): 30
01-01 01:37:34.130 D/SPRDENG (  167): 30
01-01 01:37:34.130 D/SPRDENG (  167): 30
01-01 01:37:34.130 D/SPRDENG (  167): 30
01-01 01:37:34.130 D/SPRDENG (  167): 30
01-01 01:37:34.130 D/SPRDENG (  167): 30
01-01 01:37:34.130 D/SPRDENG (  167): 30
01-01 01:37:34.130 D/SPRDENG (  167): 30
01-01 01:37:34.130 D/SPRDENG (  167): 30
01-01 01:37:34.130 D/SPRDENG (  167): 30
01-01 01:37:34.130 D/SPRDENG (  167): 30
01-01 01:37:34.130 D/SPRDENG (  167): 30
01-01 01:37:34.130 D/SPRDENG (  167): 30
01-01 01:37:34.130 D/SPRDENG (  167): 30
01-01 01:37:34.130 D/SPRDENG (  167): 30
01-01 01:37:34.130 D/SPRDENG (  167): 30
01-01 01:37:34.130 D/SPRDENG (  167): 30
01-01 01:37:34.130 D/SPRDENG (  167): 30
01-01 01:37:34.130 D/SPRDENG (  167): 30
01-01 01:37:34.130 D/SPRDENG (  167): 30
01-01 01:37:34.130 D/SPRDENG (  167): 30
01-01 01:37:34.130 D/SPRDENG (  167): 30
01-01 01:37:34.130 D/SPRDENG (  167): 30
01-01 01:37:34.130 D/SPRDENG (  167): 30
01-01 01:37:34.130 D/SPRDENG (  167): 30
01-01 01:37:34.130 D/SPRDENG (  167): 30
01-01 01:37:34.130 D/SPRDENG (  167): 30
01-01 01:37:34.130 D/SPRDENG (  167): 30
01-01 01:37:34.130 D/SPRDENG (  167): 30
01-01 01:37:34.130 D/SPRDENG (  167): 30
01-01 01:37:34.130 D/SPRDENG (  167): 30
01-01 01:37:34.130 D/SPRDENG (  167): 30
01-01 01:37:34.130 D/SPRDENG (  167): 30
01-01 01:37:34.130 D/SPRDENG (  167): 30
01-01 01:37:34.130 D/SPRDENG (  167): 30
01-01 01:37:34.130 D/SPRDENG (  167): 30
01-01 01:37:34.130 D/SPRDENG (  167): 30
01-01 01:37:34.130 D/SPRDENG (  167): 30
01-01 01:37:34.130 D/SPRDENG (  167): 30
01-01 01:37:34.130 D/SPRDENG (  167): 30
01-01 01:37:34.130 D/SPRDENG (  167): 30
01-01 01:37:34.130 D/SPRDENG (  167): 30
01-01 01:37:34.130 D/SPRDENG (  167): 30
01-01 01:37:34.130 D/SPRDENG (  167): 30
01-01 01:37:34.130 D/SPRDENG (  167): 30
01-01 01:37:34.130 D/SPRDENG (  167): 30
01-01 01:37:34.130 D/SPRDENG (  167): 30
01-01 01:37:34.130 D/SPRDENG (  167): 30
01-01 01:37:34.130 D/SPRDENG (  167): 30
01-01 01:37:34.130 D/SPRDENG (  167): 30
01-01 01:37:34.130 D/SPRDENG (  167): 30
01-01 01:37:34.130 D/SPRDENG (  167): 30
01-01 01:37:34.130 D/SPRDENG (  167): 30
01-01 01:37:34.130 D/SPRDENG (  167): 30
01-01 01:37:34.130 D/SPRDENG (  167): 30
01-01 01:37:34.130 D/SPRDENG (  167): 30
01-01 01:37:34.130 D/SPRDENG (  167): 30
01-01 01:37:34.130 D/SPRDENG (  167): 30
01-01 01:37:34.130 D/SPRDENG (  167): 30
01-01 01:37:34.130 D/SPRDENG (  167): 30
01-01 01:37:34.130 D/SPRDENG (  167): 30
01-01 01:37:34.130 D/SPRDENG (  167): 30
01-01 01:37:34.130 D/SPRDENG (  167): 30
01-01 01:37:34.130 D/SPRDENG (  167): 30
01-01 01:37:34.130 D/SPRDENG (  167): 30
01-01 01:37:34.130 D/SPRDENG (  167): 30
01-01 01:37:34.130 D/SPRDENG (  167): 30
01-01 01:37:34.130 D/SPRDENG (  167): 30
01-01 01:37:34.130 D/SPRDENG (  167): 30
01-01 01:37:34.130 D/SPRDENG (  167): 30
01-01 01:37:34.130 D/SPRDENG (  167): 30
01-01 01:37:34.130 D/SPRDENG (  167): 30
01-01 01:37:34.130 D/SPRDENG (  167): 30
01-01 01:37:34.130 D/SPRDENG (  167): 30
01-01 01:37:34.130 D/SPRDENG (  167): 30
01-01 01:37:34.130 D/SPRDENG (  167): 30
01-01 01:37:34.130 D/SPRDENG (  167): 30
01-01 01:37:34.130 D/SPRDENG (  167): 30
01-01 01:37:34.130 D/SPRDENG (  167): 30
01-01 01:37:34.130 D/SPRDENG (  167): 30
01-01 01:37:34.130 D/SPRDENG (  167): 30
01-01 01:37:34.130 D/SPRDENG (  167): 30
01-01 01:37:34.130 D/SPRDENG (  167): 30
01-01 01:37:34.130 D/SPRDENG (  167): 30
01-01 01:37:34.130 D/SPRDENG (  167): 30
01-01 01:37:34.130 D/SPRDENG (  167): 30
01-01 01:37:34.130 D/SPRDENG (  167): 30
01-01 01:37:34.130 D/SPRDENG (  167): 30
01-01 01:37:34.130 D/SPRDENG (  167): 30
01-01 01:37:34.130 D/SPRDENG (  167): 30
01-01 01:37:34.130 D/SPRDENG (  167): 30
01-01 01:37:34.130 D/SPRDENG (  167): 62
01-01 01:37:34.130 D/SPRDENG (  167): 62
01-01 01:37:34.130 D/SPRDENG (  167): 62
01-01 01:37:34.130 D/SPRDENG (  167): 65
01-01 01:37:34.130 D/SPRDENG (  167): 63
01-01 01:37:34.130 D/SPRDENG (  167): 32
01-01 01:37:34.130 D/SPRDENG (  167): 63
01-01 01:37:34.130 D/SPRDENG (  167): 36
01-01 01:37:34.130 D/SPRDENG (  167): 31
01-01 01:37:34.130 D/SPRDENG (  167): 61
01-01 01:37:34.130 D/SPRDENG (  167): 32
01-01 01:37:34.130 D/SPRDENG (  167): 33
01-01 01:37:34.130 D/SPRDENG (  167): 31
01-01 01:37:34.130 D/SPRDENG (  167): 63
01-01 01:37:34.130 D/SPRDENG (  167): 32
01-01 01:37:34.130 D/SPRDENG (  167): 33
01-01 01:37:34.130 D/SPRDENG (  167): 30
01-01 01:37:34.130 D/SPRDENG (  167): 30
01-01 01:37:34.130 D/SPRDENG (  167): 30
01-01 01:37:34.130 D/SPRDENG (  167): 30
01-01 01:37:34.130 D/SPRDENG (  167): 30
01-01 01:37:34.130 D/SPRDENG (  167): 30
01-01 01:37:34.130 D/SPRDENG (  167): 30
01-01 01:37:34.130 D/SPRDENG (  167): 30
01-01 01:37:34.130 D/SPRDENG (  167): 30
01-01 01:37:34.130 D/SPRDENG (  167): 30
01-01 01:37:34.130 D/SPRDENG (  167): 30
01-01 01:37:34.130 D/SPRDENG (  167): 30
01-01 01:37:34.130 D/SPRDENG (  167): 30
01-01 01:37:34.130 D/SPRDENG (  167): 30
01-01 01:37:34.130 D/SPRDENG (  167): 30
01-01 01:37:34.130 D/SPRDENG (  167): 30
01-01 01:37:34.130 D/SPRDENG (  167): 31
01-01 01:37:34.130 D/SPRDENG (  167): 61
01-01 01:37:34.130 D/SPRDENG (  167): 32
01-01 01:37:34.130 D/SPRDENG (  167): 33
01-01 01:37:34.130 D/SPRDENG (  167): 31
01-01 01:37:34.130 D/SPRDENG (  167): 63
01-01 01:37:34.130 D/SPRDENG (  167): 32
01-01 01:37:34.130 D/SPRDENG (  167): 33
01-01 01:37:34.130 D/SPRDENG (  167): 30
01-01 01:37:34.130 D/SPRDENG (  167): 30
01-01 01:37:34.130 D/SPRDENG (  167): 30
01-01 01:37:34.130 D/SPRDENG (  167): 30
01-01 01:37:34.130 D/SPRDENG (  167): 30
01-01 01:37:34.130 D/SPRDENG (  167): 30
01-01 01:37:34.130 D/SPRDENG (  167): 30
01-01 01:37:34.130 D/SPRDENG (  167): 30
01-01 01:37:34.130 D/SPRDENG (  167): 30
01-01 01:37:34.130 D/SPRDENG (  167): 30
01-01 01:37:34.130 D/SPRDENG (  167): 30
01-01 01:37:34.130 D/SPRDENG (  167): 30
01-01 01:37:34.130 D/SPRDENG (  167): 30
01-01 01:37:34.130 D/SPRDENG (  167): 30
01-01 01:37:34.130 D/SPRDENG (  167): 30
01-01 01:37:34.130 D/SPRDENG (  167): 30
01-01 01:37:34.130 D/SPRDENG (  167): 31
01-01 01:37:34.130 D/SPRDENG (  167): 62
01-01 01:37:34.130 D/SPRDENG (  167): 32
01-01 01:37:34.130 D/SPRDENG (  167): 33
01-01 01:37:34.130 D/SPRDENG (  167): 31
01-01 01:37:34.130 D/SPRDENG (  167): 63
01-01 01:37:34.130 D/SPRDENG (  167): 32
01-01 01:37:34.130 D/SPRDENG (  167): 33
01-01 01:37:34.130 D/SPRDENG (  167): 30
01-01 01:37:34.130 D/SPRDENG (  167): 30
01-01 01:37:34.130 D/SPRDENG (  167): 30
01-01 01:37:34.130 D/SPRDENG (  167): 30
01-01 01:37:34.130 D/SPRDENG (  167): 30
01-01 01:37:34.130 D/SPRDENG (  167): 30
01-01 01:37:34.130 D/SPRDENG (  167): 30
01-01 01:37:34.130 D/SPRDENG (  167): 30
01-01 01:37:34.130 D/SPRDENG (  167): 30
01-01 01:37:34.130 D/SPRDENG (  167): 30
01-01 01:37:34.130 D/SPRDENG (  167): 30
01-01 01:37:34.130 D/SPRDENG (  167): 30
01-01 01:37:34.130 D/SPRDENG (  167): 30
01-01 01:37:34.130 D/SPRDENG (  167): 30
01-01 01:37:34.130 D/SPRDENG (  167): 30
01-01 01:37:34.130 D/SPRDENG (  167): 30
01-01 01:37:34.130 D/SPRDENG (  167): 31
01-01 01:37:34.130 D/SPRDENG (  167): 62
01-01 01:37:34.130 D/SPRDENG (  167): 32
01-01 01:37:34.130 D/SPRDENG (  167): 33
01-01 01:37:34.130 D/SPRDENG (  167): 31
01-01 01:37:34.130 D/SPRDENG (  167): 63
01-01 01:37:34.130 D/SPRDENG (  167): 32
01-01 01:37:34.130 D/SPRDENG (  167): 33
01-01 01:37:34.130 D/SPRDENG (  167): 30
01-01 01:37:34.130 D/SPRDENG (  167): 30
01-01 01:37:34.130 D/SPRDENG (  167): 30
01-01 01:37:34.130 D/SPRDENG (  167): 30
01-01 01:37:34.130 D/SPRDENG (  167): 30
01-01 01:37:34.130 D/SPRDENG (  167): 30
01-01 01:37:34.130 D/SPRDENG (  167): 30
01-01 01:37:34.130 D/SPRDENG (  167): 30
01-01 01:37:34.130 D/SPRDENG (  167): 30
01-01 01:37:34.130 D/SPRDENG (  167): 30
01-01 01:37:34.130 D/SPRDENG (  167): 30
01-01 01:37:34.130 D/SPRDENG (  167): 30
01-01 01:37:34.130 D/SPRDENG (  167): 30
01-01 01:37:34.130 D/SPRDENG (  167): 30
01-01 01:37:34.130 D/SPRDENG (  167): 30
01-01 01:37:34.130 D/SPRDENG (  167): 30
01-01 01:37:34.130 D/SPRDENG (  167): 31
01-01 01:37:34.130 D/SPRDENG (  167): 62
01-01 01:37:34.130 D/SPRDENG (  167): 32
01-01 01:37:34.130 D/SPRDENG (  167): 33
01-01 01:37:34.130 D/SPRDENG (  167): 31
01-01 01:37:34.130 D/SPRDENG (  167): 63
01-01 01:37:34.130 D/SPRDENG (  167): 32
01-01 01:37:34.130 D/SPRDENG (  167): 33
01-01 01:37:34.130 D/SPRDENG (  167): 30
01-01 01:37:34.130 D/SPRDENG (  167): 30
01-01 01:37:34.130 D/SPRDENG (  167): 30
01-01 01:37:34.130 D/SPRDENG (  167): 30
01-01 01:37:34.130 D/SPRDENG (  167): 30
01-01 01:37:34.130 D/SPRDENG (  167): 30
01-01 01:37:34.130 D/SPRDENG (  167): 30
01-01 01:37:34.130 D/SPRDENG (  167): 30
01-01 01:37:34.130 D/SPRDENG (  167): 30
01-01 01:37:34.130 D/SPRDENG (  167): 30
01-01 01:37:34.130 D/SPRDENG (  167): 30
01-01 01:37:34.130 D/SPRDENG (  167): 30
01-01 01:37:34.130 D/SPRDENG (  167): 30
01-01 01:37:34.130 D/SPRDENG (  167): 30
01-01 01:37:34.130 D/SPRDENG (  167): 30
01-01 01:37:34.130 D/SPRDENG (  167): 30
01-01 01:37:34.130 D/SPRDENG (  167): 30
01-01 01:37:34.130 D/SPRDENG (  167): 30
01-01 01:37:34.130 D/SPRDENG (  167): 30
01-01 01:37:34.130 D/SPRDENG (  167): 30
01-01 01:37:34.130 D/SPRDENG (  167): 30
01-01 01:37:34.130 D/SPRDENG (  167): 30
01-01 01:37:34.130 D/SPRDENG (  167): 30
01-01 01:37:34.130 D/SPRDENG (  167): 30
01-01 01:37:34.130 D/SPRDENG (  167): 30
01-01 01:37:34.130 D/SPRDENG (  167): 30
01-01 01:37:34.130 D/SPRDENG (  167): 30
01-01 01:37:34.130 D/SPRDENG (  167): 30
01-01 01:37:34.130 D/SPRDENG (  167): 30
01-01 01:37:34.130 D/SPRDENG (  167): 30
01-01 01:37:34.130 D/SPRDENG (  167): 30
01-01 01:37:34.130 D/SPRDENG (  167): 30
01-01 01:37:34.130 D/SPRDENG (  167): 30
01-01 01:37:34.130 D/SPRDENG (  167): 30
01-01 01:37:34.130 D/SPRDENG (  167): 30
01-01 01:37:34.130 D/SPRDENG (  167): 30
01-01 01:37:34.130 D/SPRDENG (  167): 30
01-01 01:37:34.130 D/SPRDENG (  167): 30
01-01 01:37:34.130 D/SPRDENG (  167): 30
01-01 01:37:34.130 D/SPRDENG (  167): 30
01-01 01:37:34.130 D/SPRDENG (  167): 32
01-01 01:37:34.130 D/SPRDENG (  167): 63
01-01 01:37:34.130 D/SPRDENG (  167): 30
01-01 01:37:34.130 D/SPRDENG (  167): 30
01-01 01:37:34.130 D/SPRDENG (  167): 30
01-01 01:37:34.130 D/SPRDENG (  167): 30
01-01 01:37:34.130 D/SPRDENG (  167): 30
01-01 01:37:34.130 D/SPRDENG (  167): 30
01-01 01:37:34.130 D/SPRDENG (  167): 1a
01-01 01:37:34.140 D/SPRDENG (  167): eng_modem2server: use SIM1 /dev/CHNPTY13
01-01 01:37:34.140 D/SPRDENG (  167): AT < 
01-01 01:37:34.140 D/SPRDENG (  167): OK
01-01 01:37:34.140 D/SPRDENG (  167): 
01-01 01:37:34.140 E/        (  102): nvcal_recv_from_modem: Receive 1 Modem Response
01-01 01:37:34.140 E/        (  102): write_rf_nvconf_cmd: wifi recv_num =6, response=[
01-01 01:37:34.140 E/        (  102): OK
01-01 01:37:34.140 E/        (  102): ]
01-01 01:37:34.240 E/eng_rf_nv_update(  102): [set_rf_nvconf]: NV updated OK!
01-01 01:37:34.240 E/eng_rf_nv_update(  102): [save_rf_nv_to_bak_file] NV data save to bake file OK
01-01 01:37:34.240 E/eng_rf_nv_update(  102): [eng_rf_nv_update]: end eng rf nv update!
01-01 01:37:34.240 I/logwrapper(   80): /system/bin/eng_rf_nv_update terminated by exit(0)
01-01 01:37:34.840 I/power   (   81): *** set_screen_state 1
01-01 01:37:34.840 D/Sensors (   81): activate handle=3; drv=1
01-01 01:37:34.840 D/Sensors (   81): SensorTMD2771::setEnable=0= en=1; newState=1; what=0; mEnabled=0
01-01 01:37:34.950 D/Sensors (   81): taos ---Light::TAOS_IOCTL_ALS_ON=== err=0
01-01 01:37:34.950 D/Sensors (   81): SensorTMD2771::setEnable=1= en=1; newState=1; what=0; mEnabled=1
01-01 01:37:34.950 D/Sensors (   81): SensorTMD2771::getEnable===mEnabled=0x1; enable=1
01-01 01:37:34.970 I/GeckoDump(   81): XXX FIXME : Got a mozContentEvent: nfc-hardware-state-change
01-01 01:37:34.990 I/GeckoDump(   81): XXX FIXME : Got a mozContentEvent: system-message-listener-ready
01-01 01:37:35.140 I/Gecko:ProcessPriorityManager(   81): [(Preallocated), child-id=2, pid=385] Creating ParticularProcessPriorityManager.
01-01 01:37:35.140 I/Gecko:ProcessPriorityManager(   81): [(Preallocated), child-id=2, pid=385] Done starting up.  mHoldsCPUWakeLock=0, mHoldsHighPriorityWakeLock=0
01-01 01:37:35.140 I/Gecko:ProcessPriorityManager(   81): [(Preallocated), child-id=2, pid=385] Changing priority from UNKNOWN:CPU_NORMAL to MASTER:CPU_NORMAL.
01-01 01:37:35.140 I/Gonk    (   81): Setting nice for pid 385 to 0
01-01 01:37:35.140 I/Gonk    (   81): Changed nice for pid 385 from 0 to 0.
01-01 01:37:35.440 D/Sensors (   81): SensorTMD2771::readEvents()======data_fd=53,count=16
01-01 01:37:35.440 D/Sensors (   81): SensorTMD2771::processEvent()=====code=40::value=1 
01-01 01:37:35.440 D/Sensors (   81): SensorTMD2771: mPendingEvents[Light].light = 1.000000
01-01 01:37:35.750 I/Gecko   (   81): 1325399855755	Marionette	INFO	loaded marionette-listener.js
01-01 01:37:35.750 I/Gecko   (   81): 1325399855757	Marionette	INFO	sendToClient: {"from":"0","value":"3-b2g"}, {3aa53ebb-e7d8-40d9-b05f-8e279aea84b2}, {3aa53ebb-e7d8-40d9-b05f-8e279aea84b2}
01-01 01:37:35.890 E/GeckoConsole(   81): [JavaScript Error: "TypeError: widgetFrame is undefined" {file: "app://system.gaiamobile.org/js/cost_control.js" line: 119}]
01-01 01:37:36.190 E/WifiHW  (   81): Leo ensure_config_file_exists config_file=/data/misc/wifi/wpa_supplicant.conf
01-01 01:37:36.200 E/WifiHW  (   81): daemon_cmd=wpa_supplicant:-iwlan0 -c/data/misc/wifi/wpa_supplicant.conf
01-01 01:37:36.280 I/Gecko   (   81): 1325399856284	Marionette	INFO	sendToClient: {"from":"0","value":{"ELEMENT":"{d86689c6-2d99-47ef-b41b-94a810494ffc}"}}, {a27e0638-b118-4c13-af6f-f6805c544255}, {a27e0638-b118-4c13-af6f-f6805c544255}
01-01 01:37:36.400 I/Gecko   (   81): 1325399856404	Marionette	INFO	sendToClient: {"from":"0","value":false}, {ea9d910e-f58c-4550-b616-afd22af84e27}, {ea9d910e-f58c-4550-b616-afd22af84e27}
01-01 01:37:36.600 I/Gecko   (   81): 1325399856611	Marionette	INFO	sendToClient: {"from":"0","value":{"ELEMENT":"{d86689c6-2d99-47ef-b41b-94a810494ffc}"}}, {b4a9a440-2e74-4057-bbca-57d54a6e4e5d}, {b4a9a440-2e74-4057-bbca-57d54a6e4e5d}
01-01 01:37:36.740 I/Gecko   (   81): 1325399856744	Marionette	INFO	sendToClient: {"from":"0","value":false}, {3c338a0d-9410-4765-ab58-6da4df832680}, {3c338a0d-9410-4765-ab58-6da4df832680}
01-01 01:37:37.000 I/Gecko   (   81): 1325399857005	Marionette	INFO	sendToClient: {"from":"0","value":{"ELEMENT":"{d86689c6-2d99-47ef-b41b-94a810494ffc}"}}, {081dab0b-63e2-4c92-8b8a-fa311a36e4bb}, {081dab0b-63e2-4c92-8b8a-fa311a36e4bb}
01-01 01:37:37.070 I/Gecko   (   81): 1325399857078	Marionette	INFO	sendToClient: {"from":"0","value":false}, {44ac7df7-797d-41a5-b7d0-c528ef09479f}, {44ac7df7-797d-41a5-b7d0-c528ef09479f}
01-01 01:37:37.120 W/WifiHW  (   81): wifi_command: LOG_LEVEL
01-01 01:37:37.120 W/WifiHW  (   81): wifi_command: STATUS
01-01 01:37:37.120 W/WifiHW  (   81): wifi_command: LIST_NETWORKS
01-01 01:37:37.130 W/WifiHW  (   81): wifi_command: DRIVER MACADDR
01-01 01:37:37.150 W/WifiHW  (   81): wifi_command: GET_NETWORK 0 ssid
01-01 01:37:37.150 W/WifiHW  (   81): wifi_command: GET_NETWORK 0 bssid
01-01 01:37:37.150 W/WifiHW  (   81): wifi_command: GET_NETWORK 0 psk
01-01 01:37:37.150 W/WifiHW  (   81): wifi_command: GET_NETWORK 0 wep_key0
01-01 01:37:37.150 W/WifiHW  (   81): wifi_command: GET_NETWORK 0 wep_key1
01-01 01:37:37.150 W/WifiHW  (   81): wifi_command: GET_NETWORK 0 wep_key2
01-01 01:37:37.160 W/WifiHW  (   81): wifi_command: GET_NETWORK 0 wep_key3
01-01 01:37:37.160 W/WifiHW  (   81): wifi_command: GET_NETWORK 0 wep_tx_keyidx
01-01 01:37:37.160 W/WifiHW  (   81): wifi_command: GET_NETWORK 0 priority
01-01 01:37:37.160 W/WifiHW  (   81): wifi_command: GET_NETWORK 0 key_mgmt
01-01 01:37:37.160 W/WifiHW  (   81): wifi_command: GET_NETWORK 0 scan_ssid
01-01 01:37:37.160 W/WifiHW  (   81): wifi_command: GET_NETWORK 0 disabled
01-01 01:37:37.170 W/WifiHW  (   81): wifi_command: GET_NETWORK 0 identity
01-01 01:37:37.170 W/WifiHW  (   81): wifi_command: GET_NETWORK 0 password
01-01 01:37:37.170 W/WifiHW  (   81): wifi_command: GET_NETWORK 0 auth_alg
01-01 01:37:37.170 W/WifiHW  (   81): wifi_command: GET_NETWORK 0 phase1
01-01 01:37:37.170 W/WifiHW  (   81): wifi_command: GET_NETWORK 0 phase2
01-01 01:37:37.170 W/WifiHW  (   81): wifi_command: GET_NETWORK 0 eap
01-01 01:37:37.170 W/WifiHW  (   81): wifi_command: GET_NETWORK 0 pin
01-01 01:37:37.170 W/WifiHW  (   81): wifi_command: GET_NETWORK 0 pcsc
01-01 01:37:37.170 W/WifiHW  (   81): wifi_command: GET_NETWORK 1 ssid
01-01 01:37:37.180 W/WifiHW  (   81): wifi_command: GET_NETWORK 1 bssid
01-01 01:37:37.180 W/WifiHW  (   81): wifi_command: GET_NETWORK 1 psk
01-01 01:37:37.180 W/WifiHW  (   81): wifi_command: GET_NETWORK 1 wep_key0
01-01 01:37:37.180 W/WifiHW  (   81): wifi_command: GET_NETWORK 1 wep_key1
01-01 01:37:37.180 W/WifiHW  (   81): wifi_command: GET_NETWORK 1 wep_key2
01-01 01:37:37.190 W/WifiHW  (   81): wifi_command: GET_NETWORK 1 wep_key3
01-01 01:37:37.190 W/WifiHW  (   81): wifi_command: GET_NETWORK 1 wep_tx_keyidx
01-01 01:37:37.190 W/WifiHW  (   81): wifi_command: GET_NETWORK 1 priority
01-01 01:37:37.190 W/WifiHW  (   81): wifi_command: GET_NETWORK 1 key_mgmt
01-01 01:37:37.190 W/WifiHW  (   81): wifi_command: GET_NETWORK 1 scan_ssid
01-01 01:37:37.190 W/WifiHW  (   81): wifi_command: GET_NETWORK 1 disabled
01-01 01:37:37.190 W/WifiHW  (   81): wifi_command: GET_NETWORK 1 identity
01-01 01:37:37.190 W/WifiHW  (   81): wifi_command: GET_NETWORK 1 password
01-01 01:37:37.200 W/WifiHW  (   81): wifi_command: GET_NETWORK 1 auth_alg
01-01 01:37:37.200 W/WifiHW  (   81): wifi_command: GET_NETWORK 1 phase1
01-01 01:37:37.200 W/WifiHW  (   81): wifi_command: GET_NETWORK 1 phase2
01-01 01:37:37.200 W/WifiHW  (   81): wifi_command: GET_NETWORK 1 eap
01-01 01:37:37.210 W/WifiHW  (   81): wifi_command: GET_NETWORK 1 pin
01-01 01:37:37.210 W/WifiHW  (   81): wifi_command: GET_NETWORK 1 pcsc
01-01 01:37:37.210 W/WifiHW  (   81): wifi_command: GET_NETWORK 2 ssid
01-01 01:37:37.220 W/WifiHW  (   81): wifi_command: GET_NETWORK 2 bssid
01-01 01:37:37.220 W/WifiHW  (   81): wifi_command: GET_NETWORK 2 psk
01-01 01:37:37.220 W/WifiHW  (   81): wifi_command: GET_NETWORK 2 wep_key0
01-01 01:37:37.220 W/WifiHW  (   81): wifi_command: GET_NETWORK 2 wep_key1
01-01 01:37:37.220 W/WifiHW  (   81): wifi_command: GET_NETWORK 2 wep_key2
01-01 01:37:37.220 W/WifiHW  (   81): wifi_command: GET_NETWORK 2 wep_key3
01-01 01:37:37.220 W/WifiHW  (   81): wifi_command: GET_NETWORK 2 wep_tx_keyidx
01-01 01:37:37.220 W/WifiHW  (   81): wifi_command: GET_NETWORK 2 priority
01-01 01:37:37.220 W/WifiHW  (   81): wifi_command: GET_NETWORK 2 key_mgmt
01-01 01:37:37.230 W/WifiHW  (   81): wifi_command: GET_NETWORK 2 scan_ssid
01-01 01:37:37.230 W/WifiHW  (   81): wifi_command: GET_NETWORK 2 disabled
01-01 01:37:37.230 W/WifiHW  (   81): wifi_command: GET_NETWORK 2 identity
01-01 01:37:37.230 W/WifiHW  (   81): wifi_command: GET_NETWORK 2 password
01-01 01:37:37.230 W/WifiHW  (   81): wifi_command: GET_NETWORK 2 auth_alg
01-01 01:37:37.230 W/WifiHW  (   81): wifi_command: GET_NETWORK 2 phase1
01-01 01:37:37.230 W/WifiHW  (   81): wifi_command: GET_NETWORK 2 phase2
01-01 01:37:37.230 W/WifiHW  (   81): wifi_command: GET_NETWORK 2 eap
01-01 01:37:37.230 W/WifiHW  (   81): wifi_command: GET_NETWORK 2 pin
01-01 01:37:37.230 W/WifiHW  (   81): wifi_command: GET_NETWORK 2 pcsc
01-01 01:37:37.230 W/WifiHW  (   81): wifi_command: GET_NETWORK 3 ssid
01-01 01:37:37.230 W/WifiHW  (   81): wifi_command: GET_NETWORK 3 bssid
01-01 01:37:37.230 W/WifiHW  (   81): wifi_command: GET_NETWORK 3 psk
01-01 01:37:37.230 W/WifiHW  (   81): wifi_command: GET_NETWORK 3 wep_key0
01-01 01:37:37.240 W/WifiHW  (   81): wifi_command: GET_NETWORK 3 wep_key1
01-01 01:37:37.240 W/WifiHW  (   81): wifi_command: GET_NETWORK 3 wep_key2
01-01 01:37:37.240 W/WifiHW  (   81): wifi_command: GET_NETWORK 3 wep_key3
01-01 01:37:37.250 W/WifiHW  (   81): wifi_command: GET_NETWORK 3 wep_tx_keyidx
01-01 01:37:37.250 W/WifiHW  (   81): wifi_command: GET_NETWORK 3 priority
01-01 01:37:37.250 W/WifiHW  (   81): wifi_command: GET_NETWORK 3 key_mgmt
01-01 01:37:37.250 W/WifiHW  (   81): wifi_command: GET_NETWORK 3 scan_ssid
01-01 01:37:37.250 W/WifiHW  (   81): wifi_command: GET_NETWORK 3 disabled
01-01 01:37:37.250 W/WifiHW  (   81): wifi_command: GET_NETWORK 3 identity
01-01 01:37:37.250 W/WifiHW  (   81): wifi_command: GET_NETWORK 3 password
01-01 01:37:37.250 W/WifiHW  (   81): wifi_command: GET_NETWORK 3 auth_alg
01-01 01:37:37.250 W/WifiHW  (   81): wifi_command: GET_NETWORK 3 phase1
01-01 01:37:37.260 W/WifiHW  (   81): wifi_command: GET_NETWORK 3 phase2
01-01 01:37:37.260 W/WifiHW  (   81): wifi_command: GET_NETWORK 3 eap
01-01 01:37:37.260 W/WifiHW  (   81): wifi_command: GET_NETWORK 3 pin
01-01 01:37:37.260 W/WifiHW  (   81): wifi_command: GET_NETWORK 3 pcsc
01-01 01:37:37.290 W/WifiHW  (   81): wifi_command: ENABLE_NETWORK 0
01-01 01:37:37.290 W/WifiHW  (   81): wifi_command: ENABLE_NETWORK 1
01-01 01:37:37.290 W/WifiHW  (   81): wifi_command: ENABLE_NETWORK 2
01-01 01:37:37.290 W/WifiHW  (   81): wifi_command: ENABLE_NETWORK 3
01-01 01:37:37.290 W/WifiHW  (   81): wifi_command: AP_SCAN 1
01-01 01:37:37.320 W/WifiHW  (   81): wifi_command: SAVE_CONFIG
01-01 01:37:37.340 I/Gecko   (   81): 1325399857351	Marionette	INFO	sendToClient: {"from":"0","value":{"ELEMENT":"{d86689c6-2d99-47ef-b41b-94a810494ffc}"}}, {59d0c940-375e-4f28-b008-dedcfe3135ed}, {59d0c940-375e-4f28-b008-dedcfe3135ed}
01-01 01:37:37.400 I/Gecko   (   81): 1325399857412	Marionette	INFO	sendToClient: {"from":"0","value":false}, {225ab612-a5e0-44fd-93ef-21c7c8bb2e13}, {225ab612-a5e0-44fd-93ef-21c7c8bb2e13}
01-01 01:37:37.590 I/GeckoDump(   81): XXX FIXME : Got a mozContentEvent: accessibility-screenreader
01-01 01:37:37.680 I/GeckoDump(   81): XXX FIXME : Got a mozContentEvent: nfc-hardware-state-change
01-01 01:37:38.040 W/WifiHW  (   81): wifi_command: DRIVER SCAN-ACTIVE
01-01 01:37:38.210 W/WifiHW  (   81): wifi_command: SCAN
01-01 01:37:38.240 I/Gecko   (   81): 1325399858250	Marionette	INFO	sendToClient: {"from":"0","value":{"ELEMENT":"{d86689c6-2d99-47ef-b41b-94a810494ffc}"}}, {7140bebf-64f9-4179-9681-32e98ce688e7}, {7140bebf-64f9-4179-9681-32e98ce688e7}
01-01 01:37:38.260 W/WifiHW  (   81): wifi_command: DRIVER SCAN-PASSIVE
01-01 01:37:38.430 I/Gecko   (   81): 1325399858438	Marionette	INFO	sendToClient: {"from":"0","value":true}, {6cf9e324-c659-48f3-82f8-03b4815b48b5}, {6cf9e324-c659-48f3-82f8-03b4815b48b5}
01-01 01:37:38.690 I/FMRadio (   81): FMRadio is initialized.
01-01 01:37:38.780 E/GeckoConsole(   81): Content JS ERROR at app://system.gaiamobile.org/js/telephony_settings.js:23 in set_vpm_error: Error setting voice privacy.
01-01 01:37:38.780 E/GeckoConsole(   81): Content JS ERROR at app://system.gaiamobile.org/js/telephony_settings.js:23 in set_vpm_error: Error setting voice privacy.
01-01 01:37:38.910 E/GeckoConsole(   81): Content JS ERROR at app://system.gaiamobile.org/js/telephony_settings.js:42 in set_vpm_error: Error roaming preference.
01-01 01:37:38.910 E/GeckoConsole(   81): Content JS ERROR at app://system.gaiamobile.org/js/telephony_settings.js:42 in set_vpm_error: Error roaming preference.
01-01 01:37:39.240 I/Gecko:ProcessPriorityManager(   81): [Homescreen, child-id=2, pid=385] Changing priority from MASTER:CPU_NORMAL to FOREGROUND:CPU_NORMAL.
01-01 01:37:39.250 I/Gonk    (   81): Setting nice for pid 385 to 1
01-01 01:37:39.250 I/Gonk    (   81): Changed nice for pid 385 from 0 to 1.
01-01 01:37:39.250 I/Gecko:ProcessPriorityManager(   81): Making background LRU pool with size(3)
01-01 01:37:39.250 I/Gecko:ProcessPriorityManager(   81): KillBackgroundApps
01-01 01:37:39.250 I/Gecko   (   81): [Parent 81] WARNING: waitpid failed pid:385 errno:10: file /var/lib/jenkins/jobs/B2G.v1.3.0.Tarako/workspace/gecko/ipc/chromium/src/base/process_util_posix.cc, line 254
01-01 01:37:39.470 E/[Gralloc-ERROR](   81): int gralloc_register_buffer(const gralloc_module_t*, const native_handle_t*):79 Unable to register handle 0x47713f60 coming from different process: 81
01-01 01:37:39.480 E/[Gralloc-ERROR](   81): int gralloc_register_buffer(const gralloc_module_t*, const native_handle_t*):79 Unable to register handle 0x477f9dd0 coming from different process: 81
01-01 01:37:39.540 E/[Gralloc-ERROR](   81): int gralloc_register_buffer(const gralloc_module_t*, const native_handle_t*):79 Unable to register handle 0x479ebb00 coming from different process: 81
01-01 01:37:39.540 E/[Gralloc-ERROR](   81): int gralloc_register_buffer(const gralloc_module_t*, const native_handle_t*):79 Unable to register handle 0x479ebba0 coming from different process: 81
01-01 01:37:39.670 I/GeckoDump(   81): XXX FIXME : Got a mozContentEvent: inputmethod-update-layouts
01-01 01:37:39.730 I/Gecko   (   81): ############################### browserElementPanning.js loaded
01-01 01:37:39.760 I/Gecko   (   81): ######################## BrowserElementChildPreload.js loaded
01-01 01:37:39.910 I/GeckoDump(   81): XXX FIXME : Got a mozContentEvent: inputmethod-update-layouts
01-01 01:37:40.620 E/GeckoConsole(   81): [JavaScript Warning: "Error in parsing value for 'font-weight'.  Declaration dropped." {file: "app://keyboard.gaiamobile.org/style/keyboard.css" line: 132 column: 15 source: "  font-weight: medium;"}]
01-01 01:37:41.330 W/WifiHW  (   81): wifi_command: SCAN_RESULTS
01-01 01:37:41.390 W/WifiHW  (   81): wifi_command: DRIVER SCAN-PASSIVE
01-01 01:37:41.420 I/Gecko   (   81): 1325399861428	Marionette	INFO	sendToClient: {"from":"0","ok":true}, {91b52eea-5e0b-4321-bb1b-feadc0f7be20}, {91b52eea-5e0b-4321-bb1b-feadc0f7be20}
01-01 01:37:41.470 I/Gecko   (  385): ###################################### forms.js loaded
01-01 01:37:41.520 W/WifiHW  (   81): wifi_command: GET_NETWORK 3 ssid
01-01 01:37:41.520 W/WifiHW  (   81): wifi_command: GET_NETWORK 3 bssid
01-01 01:37:41.520 W/WifiHW  (   81): wifi_command: GET_NETWORK 3 psk
01-01 01:37:41.520 W/WifiHW  (   81): wifi_command: GET_NETWORK 3 wep_key0
01-01 01:37:41.530 W/WifiHW  (   81): wifi_command: GET_NETWORK 3 wep_key1
01-01 01:37:41.540 W/WifiHW  (   81): wifi_command: GET_NETWORK 3 wep_key2
01-01 01:37:41.540 W/WifiHW  (   81): wifi_command: GET_NETWORK 3 wep_key3
01-01 01:37:41.540 W/WifiHW  (   81): wifi_command: GET_NETWORK 3 wep_tx_keyidx
01-01 01:37:41.540 W/WifiHW  (   81): wifi_command: GET_NETWORK 3 priority
01-01 01:37:41.540 W/WifiHW  (   81): wifi_command: GET_NETWORK 3 key_mgmt
01-01 01:37:41.560 W/WifiHW  (   81): wifi_command: GET_NETWORK 3 scan_ssid
01-01 01:37:41.560 W/WifiHW  (   81): wifi_command: GET_NETWORK 3 disabled
01-01 01:37:41.560 W/WifiHW  (   81): wifi_command: GET_NETWORK 3 identity
01-01 01:37:41.560 W/WifiHW  (   81): wifi_command: GET_NETWORK 3 password
01-01 01:37:41.570 W/WifiHW  (   81): wifi_command: GET_NETWORK 3 auth_alg
01-01 01:37:41.570 W/WifiHW  (   81): wifi_command: GET_NETWORK 3 phase1
01-01 01:37:41.570 W/WifiHW  (   81): wifi_command: GET_NETWORK 3 phase2
01-01 01:37:41.570 W/WifiHW  (   81): wifi_command: GET_NETWORK 3 eap
01-01 01:37:41.570 W/WifiHW  (   81): wifi_command: GET_NETWORK 3 pin
01-01 01:37:41.570 W/WifiHW  (   81): wifi_command: GET_NETWORK 3 pcsc
01-01 01:37:41.650 I/Gecko   (  385): ############################### browserElementPanning.js loaded
01-01 01:37:41.720 I/Gecko   (   81): 1325399861731	Marionette	DEBUG	Got request: switchToFrame, data: {"to":"0","sessionId":"3-b2g","name":"switchToFrame","parameters":{"id":null,"focus":true}}, id: {b86a494c-0c84-4339-b6ad-3dbfcf25df5d}
01-01 01:37:41.780 I/Gecko   (   81): 1325399861787	Marionette	INFO	Switched to frame: {"frameValue":null}
01-01 01:37:41.790 W/WifiHW  (   81): wifi_command: SIGNAL_POLL
01-01 01:37:41.790 W/WifiHW  (   81): wifi_command: GET_NETWORK 3 ssid
01-01 01:37:41.790 W/WifiHW  (   81): wifi_command: GET_NETWORK 3 bssid
01-01 01:37:41.800 W/WifiHW  (   81): wifi_command: GET_NETWORK 3 psk
01-01 01:37:41.800 W/WifiHW  (   81): wifi_command: GET_NETWORK 3 wep_key0
01-01 01:37:41.800 W/WifiHW  (   81): wifi_command: GET_NETWORK 3 wep_key1
01-01 01:37:41.800 W/WifiHW  (   81): wifi_command: GET_NETWORK 3 wep_key2
01-01 01:37:41.800 W/WifiHW  (   81): wifi_command: GET_NETWORK 3 wep_key3
01-01 01:37:41.800 W/WifiHW  (   81): wifi_command: GET_NETWORK 3 wep_tx_keyidx
01-01 01:37:41.800 W/WifiHW  (   81): wifi_command: GET_NETWORK 3 priority
01-01 01:37:41.800 W/WifiHW  (   81): wifi_command: GET_NETWORK 3 key_mgmt
01-01 01:37:41.800 W/WifiHW  (   81): wifi_command: GET_NETWORK 3 scan_ssid
01-01 01:37:41.800 W/WifiHW  (   81): wifi_command: GET_NETWORK 3 disabled
01-01 01:37:41.810 W/WifiHW  (   81): wifi_command: GET_NETWORK 3 identity
01-01 01:37:41.820 W/WifiHW  (   81): wifi_command: GET_NETWORK 3 password
01-01 01:37:41.830 W/WifiHW  (   81): wifi_command: GET_NETWORK 3 auth_alg
01-01 01:37:41.830 W/WifiHW  (   81): wifi_command: GET_NETWORK 3 phase1
01-01 01:37:41.830 W/WifiHW  (   81): wifi_command: GET_NETWORK 3 phase2
01-01 01:37:41.840 W/WifiHW  (   81): wifi_command: GET_NETWORK 3 eap
01-01 01:37:41.850 W/WifiHW  (   81): wifi_command: GET_NETWORK 3 pin
01-01 01:37:41.850 W/WifiHW  (   81): wifi_command: GET_NETWORK 3 pcsc
01-01 01:37:42.110 E/Profiler(   81): BPUnw: [1 total] thread_unregister_for_profiling(me=0x4fc3f8)  (NOT REGISTERED) 
01-01 01:37:42.160 I/Gecko   (   81): 1325399862168	Marionette	INFO	sendToClient: {"from":"0","ok":true}, {b86a494c-0c84-4339-b6ad-3dbfcf25df5d}, {b86a494c-0c84-4339-b6ad-3dbfcf25df5d}
01-01 01:37:42.480 I/Gecko   (   81): 1325399862489	Marionette	DEBUG	Got request: executeWithCallback, data: {"to":"0","sessionId":"3-b2g","name":"executeAsyncScript","parameters":{"specialPowers":false,"scriptTimeout":null,"newSandbox":true,"args":[],"filename":"gaia_test.py","script":"GaiaLockScreen.unlock()","line":810}}, id: {ad5e2019-90c9-472d-87dd-87e678176577}
01-01 01:37:42.650 I/Gecko   (  385): ######################## BrowserElementChildPreload.js loaded
01-01 01:37:43.320 I/Gecko   (   81): 1325399863323	Marionette	INFO	sendToClient: {"from":"0","value":{"passed":0,"failed":0,"failures":[]}}, {ad5e2019-90c9-472d-87dd-87e678176577}, {ad5e2019-90c9-472d-87dd-87e678176577}
01-01 01:37:43.730 E/[Gralloc-ERROR](   81): int gralloc_register_buffer(const gralloc_module_t*, const native_handle_t*):79 Unable to register handle 0x45f42fb0 coming from different process: 81
01-01 01:37:43.740 E/[Gralloc-ERROR](   81): int gralloc_register_buffer(const gralloc_module_t*, const native_handle_t*):79 Unable to register handle 0x45f538d0 coming from different process: 81
01-01 01:37:43.790 E/[Gralloc-ERROR](   81): int gralloc_register_buffer(const gralloc_module_t*, const native_handle_t*):79 Unable to register handle 0x45f539c0 coming from different process: 81
01-01 01:37:43.790 E/[Gralloc-ERROR](   81): int gralloc_register_buffer(const gralloc_module_t*, const native_handle_t*):79 Unable to register handle 0x45f9f830 coming from different process: 81
01-01 01:37:43.800 E/[Gralloc-ERROR](   81): int gralloc_register_buffer(const gralloc_module_t*, const native_handle_t*):79 Unable to register handle 0x45f9f8d0 coming from different process: 81
01-01 01:37:43.800 E/[Gralloc-ERROR](   81): int gralloc_register_buffer(const gralloc_module_t*, const native_handle_t*):79 Unable to register handle 0x45f9f970 coming from different process: 81
01-01 01:37:44.020 E/[Gralloc-ERROR](   81): int gralloc_unregister_buffer(const gralloc_module_t*, const native_handle_t*):274 Trying to unregister buffer 0x479ebba0 from process 81 that was not created in current process: 81
01-01 01:37:44.030 E/[Gralloc-ERROR](   81): int gralloc_unregister_buffer(const gralloc_module_t*, const native_handle_t*):274 Trying to unregister buffer 0x479ebb00 from process 81 that was not created in current process: 81
01-01 01:37:44.120 I/GeckoDump(   81): XXX FIXME : Got a mozContentEvent: nfc-hardware-state-change
01-01 01:37:44.140 I/GeckoDump(   81): XXX FIXME : Got a mozContentEvent: nfc-hardware-state-change
01-01 01:37:44.460 E/[Gralloc-ERROR](   81): int gralloc_unregister_buffer(const gralloc_module_t*, const native_handle_t*):274 Trying to unregister buffer 0x45f538d0 from process 81 that was not created in current process: 81
01-01 01:37:44.460 E/[Gralloc-ERROR](   81): int gralloc_unregister_buffer(const gralloc_module_t*, const native_handle_t*):274 Trying to unregister buffer 0x45f42fb0 from process 81 that was not created in current process: 81
01-01 01:37:44.460 E/[Gralloc-ERROR](   81): int gralloc_unregister_buffer(const gralloc_module_t*, const native_handle_t*):274 Trying to unregister buffer 0x45f9f830 from process 81 that was not created in current process: 81
01-01 01:37:44.460 E/[Gralloc-ERROR](   81): int gralloc_unregister_buffer(const gralloc_module_t*, const native_handle_t*):274 Trying to unregister buffer 0x45f539c0 from process 81 that was not created in current process: 81
01-01 01:37:44.460 E/[Gralloc-ERROR](   81): int gralloc_unregister_buffer(const gralloc_module_t*, const native_handle_t*):274 Trying to unregister buffer 0x45f9f8d0 from process 81 that was not created in current process: 81
01-01 01:37:44.460 E/[Gralloc-ERROR](   81): int gralloc_unregister_buffer(const gralloc_module_t*, const native_handle_t*):274 Trying to unregister buffer 0x45f9f970 from process 81 that was not created in current process: 81
01-01 01:37:44.490 I/Gecko:ProcessPriorityManager(   81): [(Preallocated), child-id=3, pid=421] Creating ParticularProcessPriorityManager.
01-01 01:37:44.490 I/Gecko:ProcessPriorityManager(   81): [(Preallocated), child-id=3, pid=421] Done starting up.  mHoldsCPUWakeLock=0, mHoldsHighPriorityWakeLock=0
01-01 01:37:44.490 I/Gecko:ProcessPriorityManager(   81): [(Preallocated), child-id=3, pid=421] Changing priority from UNKNOWN:CPU_NORMAL to MASTER:CPU_NORMAL.
01-01 01:37:44.490 I/Gonk    (   81): Setting nice for pid 421 to 0
01-01 01:37:44.490 I/Gonk    (   81): Changed nice for pid 421 from 0 to 0.
01-01 01:37:44.490 I/Gecko:ProcessPriorityManager(   81): [Homescreen, child-id=2, pid=385] Changing priority from FOREGROUND:CPU_NORMAL to FOREGROUND:CPU_LOW.
01-01 01:37:44.490 I/Gonk    (   81): Setting nice for pid 385 to 18
01-01 01:37:44.490 I/Gonk    (   81): Changed nice for pid 385 from 1 to 18.
01-01 01:37:44.490 I/Gecko:ProcessPriorityManager(   81): KillBackgroundApps
01-01 01:37:44.600 I/Gecko   (   81): 1325399864608	Marionette	INFO	sendToClient: {"from":"0","ok":true}, {d17ad821-9ae1-4709-ab66-212a1bbdb0eb}, {d17ad821-9ae1-4709-ab66-212a1bbdb0eb}
01-01 01:37:44.770 I/Gecko   (   81): 1325399864776	Marionette	DEBUG	Got request: switchToFrame, data: {"to":"0","sessionId":"3-b2g","name":"switchToFrame","parameters":{"id":null,"focus":true}}, id: {e3805b5e-92b8-4868-a48d-1d56585920b6}
01-01 01:37:44.830 I/Gecko   (   81): 1325399864838	Marionette	INFO	Switched to frame: {"frameValue":null}
01-01 01:37:44.940 I/Gecko   (   81): 1325399864945	Marionette	INFO	sendToClient: {"from":"0","ok":true}, {e3805b5e-92b8-4868-a48d-1d56585920b6}, {e3805b5e-92b8-4868-a48d-1d56585920b6}
01-01 01:37:44.940 I/Gecko   (   81): 1325399864952	Marionette	DEBUG	Got request: executeWithCallback, data: {"to":"0","sessionId":"3-b2g","name":"executeAsyncScript","parameters":{"specialPowers":false,"scriptTimeout":60000,"newSandbox":true,"args":[],"filename":"app_checker.py","script":"\n        GaiaApps.locateWithManifestURL('https://marketplace.firefox.com/app/d7fcfe5f-b362-406e-a653-c3dcfb825e69/manifest.webapp',\n                                       null,\n                                       function uninstall(app) {\n                                       navigator.mozApps.mgmt.uninstall(app);\n                                       marionetteScriptFinished(true);\n                                       });\n        ","line":129}}, id: {e3ce547c-54bd-45b8-80cc-152ea72148e2}
01-01 01:37:44.990 I/Gecko   (   81): 1325399864999	Marionette	INFO	sendToClient: {"from":"0","error":{"message":"TypeError: app is null","status":17,"stacktrace":"execute_async_script @app_checker.py, line 129\ninline javascript, line 221\nsrc: \"      appName = app.manifest.name;\""}}, {e3ce547c-54bd-45b8-80cc-152ea72148e2}, {e3ce547c-54bd-45b8-80cc-152ea72148e2}