--------- beginning of /dev/log/system
01-01 04:04:14.770 I/Vold    (   75): Vold 2.1 (the revenge) firing up
01-01 04:04:14.770 D/Vold    (   75): Volume sdcard state changing -1 (Initializing) -> 0 (No-Media)
01-01 04:04:14.860 D/Vold    (   75): Volume sdcard state changing 0 (No-Media) -> 2 (Pending)
01-01 04:04:14.860 D/Vold    (   75): Volume sdcard state changing 2 (Pending) -> 1 (Idle-Unmounted)
01-01 04:04:19.870 D/VoldCmdListener(   75): volume list
01-01 04:04:19.870 D/VoldCmdListener(   75): volume mount sdcard
01-01 04:04:19.870 I/Vold    (   75): /dev/block/vold/179:1 being considered for volume sdcard
01-01 04:04:19.870 D/Vold    (   75): Volume sdcard state changing 1 (Idle-Unmounted) -> 3 (Checking)
01-01 04:04:19.870 W/Vold    (   75): Skipping fs checks
01-01 04:04:19.930 I/Vold    (   75): Device /dev/block/vold/179:1, target /mnt/sdcard mounted @ /mnt/secure/staging
01-01 04:04:19.930 D/Vold    (   75): Volume sdcard state changing 3 (Checking) -> 4 (Mounted)
--------- beginning of /dev/log/main
01-01 04:04:31.270 D/SPRDENG (  158): 34
01-01 04:04:31.270 D/SPRDENG (  158): 30
01-01 04:04:31.270 D/SPRDENG (  158): 30
01-01 04:04:31.270 D/SPRDENG (  158): 35
01-01 04:04:31.270 D/SPRDENG (  158): 30
01-01 04:04:31.270 D/SPRDENG (  158): 30
01-01 04:04:31.270 D/SPRDENG (  158): 32
01-01 04:04:31.270 D/SPRDENG (  158): 32
01-01 04:04:31.270 D/SPRDENG (  158): 38
01-01 04:04:31.270 D/SPRDENG (  158): 30
01-01 04:04:31.270 D/SPRDENG (  158): 30
01-01 04:04:31.270 D/SPRDENG (  158): 35
01-01 04:04:31.270 D/SPRDENG (  158): 30
01-01 04:04:31.270 D/SPRDENG (  158): 30
01-01 04:04:31.270 D/SPRDENG (  158): 32
01-01 04:04:31.270 D/SPRDENG (  158): 33
01-01 04:04:31.270 D/SPRDENG (  158): 64
01-01 04:04:31.270 D/SPRDENG (  158): 30
01-01 04:04:31.270 D/SPRDENG (  158): 30
01-01 04:04:31.270 D/SPRDENG (  158): 35
01-01 04:04:31.270 D/SPRDENG (  158): 30
01-01 04:04:31.270 D/SPRDENG (  158): 30
01-01 04:04:31.270 D/SPRDENG (  158): 32
01-01 04:04:31.270 D/SPRDENG (  158): 32
01-01 04:04:31.270 D/SPRDENG (  158): 30
01-01 04:04:31.270 D/SPRDENG (  158): 30
01-01 04:04:31.270 D/SPRDENG (  158): 30
01-01 04:04:31.270 D/SPRDENG (  158): 35
01-01 04:04:31.270 D/SPRDENG (  158): 30
01-01 04:04:31.270 D/SPRDENG (  158): 30
01-01 04:04:31.270 D/SPRDENG (  158): 32
01-01 04:04:31.270 D/SPRDENG (  158): 32
01-01 04:04:31.270 D/SPRDENG (  158): 34
01-01 04:04:31.270 D/SPRDENG (  158): 30
01-01 04:04:31.270 D/SPRDENG (  158): 30
01-01 04:04:31.270 D/SPRDENG (  158): 35
01-01 04:04:31.270 D/SPRDENG (  158): 30
01-01 04:04:31.270 D/SPRDENG (  158): 30
01-01 04:04:31.270 D/SPRDENG (  158): 32
01-01 04:04:31.270 D/SPRDENG (  158): 32
01-01 04:04:31.270 D/SPRDENG (  158): 38
01-01 04:04:31.270 D/SPRDENG (  158): 30
01-01 04:04:31.270 D/SPRDENG (  158): 30
01-01 04:04:31.270 D/SPRDENG (  158): 35
01-01 04:04:31.270 D/SPRDENG (  158): 30
01-01 04:04:31.270 D/SPRDENG (  158): 30
01-01 04:04:31.270 D/SPRDENG (  158): 32
01-01 04:04:31.270 D/SPRDENG (  158): 31
01-01 04:04:31.270 D/SPRDENG (  158): 63
01-01 04:04:31.270 D/SPRDENG (  158): 31
01-01 04:04:31.270 D/SPRDENG (  158): 63
01-01 04:04:31.270 D/SPRDENG (  158): 30
01-01 04:04:31.270 D/SPRDENG (  158): 30
01-01 04:04:31.270 D/SPRDENG (  158): 30
01-01 04:04:31.270 D/SPRDENG (  158): 30
01-01 04:04:31.270 D/SPRDENG (  158): 31
01-01 04:04:31.270 D/SPRDENG (  158): 63
01-01 04:04:31.270 D/SPRDENG (  158): 31
01-01 04:04:31.270 D/SPRDENG (  158): 63
01-01 04:04:31.270 D/SPRDENG (  158): 30
01-01 04:04:31.270 D/SPRDENG (  158): 30
01-01 04:04:31.270 D/SPRDENG (  158): 30
01-01 04:04:31.270 D/SPRDENG (  158): 30
01-01 04:04:31.270 D/SPRDENG (  158): 34
01-01 04:04:31.270 D/SPRDENG (  158): 30
01-01 04:04:31.270 D/SPRDENG (  158): 30
01-01 04:04:31.270 D/SPRDENG (  158): 32
01-01 04:04:31.270 D/SPRDENG (  158): 30
01-01 04:04:31.270 D/SPRDENG (  158): 30
01-01 04:04:31.270 D/SPRDENG (  158): 30
01-01 04:04:31.270 D/SPRDENG (  158): 30
01-01 04:04:31.270 D/SPRDENG (  158): 30
01-01 04:04:31.270 D/SPRDENG (  158): 30
01-01 04:04:31.270 D/SPRDENG (  158): 30
01-01 04:04:31.270 D/SPRDENG (  158): 30
01-01 04:04:31.270 D/SPRDENG (  158): 30
01-01 04:04:31.270 D/SPRDENG (  158): 30
01-01 04:04:31.270 D/SPRDENG (  158): 30
01-01 04:04:31.270 D/SPRDENG (  158): 30
01-01 04:04:31.270 D/SPRDENG (  158): 30
01-01 04:04:31.270 D/SPRDENG (  158): 30
01-01 04:04:31.270 D/SPRDENG (  158): 30
01-01 04:04:31.270 D/SPRDENG (  158): 30
01-01 04:04:31.270 D/SPRDENG (  158): 30
01-01 04:04:31.270 D/SPRDENG (  158): 30
01-01 04:04:31.270 D/SPRDENG (  158): 30
01-01 04:04:31.270 D/SPRDENG (  158): 30
01-01 04:04:31.270 D/SPRDENG (  158): 30
01-01 04:04:31.270 D/SPRDENG (  158): 30
01-01 04:04:31.270 D/SPRDENG (  158): 30
01-01 04:04:31.270 D/SPRDENG (  158): 30
01-01 04:04:31.270 D/SPRDENG (  158): 30
01-01 04:04:31.270 D/SPRDENG (  158): 30
01-01 04:04:31.270 D/SPRDENG (  158): 30
01-01 04:04:31.270 D/SPRDENG (  158): 30
01-01 04:04:31.270 D/SPRDENG (  158): 30
01-01 04:04:31.270 D/SPRDENG (  158): 30
01-01 04:04:31.270 D/SPRDENG (  158): 30
01-01 04:04:31.270 D/SPRDENG (  158): 30
01-01 04:04:31.270 D/SPRDENG (  158): 30
01-01 04:04:31.270 D/SPRDENG (  158): 30
01-01 04:04:31.270 D/SPRDENG (  158): 30
01-01 04:04:31.270 D/SPRDENG (  158): 30
01-01 04:04:31.270 D/SPRDENG (  158): 30
01-01 04:04:31.270 D/SPRDENG (  158): 30
01-01 04:04:31.270 D/SPRDENG (  158): 30
01-01 04:04:31.270 D/SPRDENG (  158): 30
01-01 04:04:31.270 D/SPRDENG (  158): 30
01-01 04:04:31.270 D/SPRDENG (  158): 30
01-01 04:04:31.270 D/SPRDENG (  158): 30
01-01 04:04:31.270 D/SPRDENG (  158): 30
01-01 04:04:31.270 D/SPRDENG (  158): 30
01-01 04:04:31.270 D/SPRDENG (  158): 30
01-01 04:04:31.270 D/SPRDENG (  158): 30
01-01 04:04:31.270 D/SPRDENG (  158): 30
01-01 04:04:31.270 D/SPRDENG (  158): 30
01-01 04:04:31.270 D/SPRDENG (  158): 30
01-01 04:04:31.270 D/SPRDENG (  158): 30
01-01 04:04:31.270 D/SPRDENG (  158): 30
01-01 04:04:31.270 D/SPRDENG (  158): 30
01-01 04:04:31.270 D/SPRDENG (  158): 30
01-01 04:04:31.270 D/SPRDENG (  158): 30
01-01 04:04:31.270 D/SPRDENG (  158): 30
01-01 04:04:31.270 D/SPRDENG (  158): 30
01-01 04:04:31.270 D/SPRDENG (  158): 30
01-01 04:04:31.270 D/SPRDENG (  158): 30
01-01 04:04:31.270 D/SPRDENG (  158): 30
01-01 04:04:31.270 D/SPRDENG (  158): 30
01-01 04:04:31.270 D/SPRDENG (  158): 30
01-01 04:04:31.270 D/SPRDENG (  158): 30
01-01 04:04:31.270 D/SPRDENG (  158): 30
01-01 04:04:31.270 D/SPRDENG (  158): 30
01-01 04:04:31.270 D/SPRDENG (  158): 30
01-01 04:04:31.270 D/SPRDENG (  158): 30
01-01 04:04:31.270 D/SPRDENG (  158): 30
01-01 04:04:31.270 D/SPRDENG (  158): 30
01-01 04:04:31.270 D/SPRDENG (  158): 30
01-01 04:04:31.270 D/SPRDENG (  158): 30
01-01 04:04:31.270 D/SPRDENG (  158): 30
01-01 04:04:31.270 D/SPRDENG (  158): 30
01-01 04:04:31.270 D/SPRDENG (  158): 30
01-01 04:04:31.270 D/SPRDENG (  158): 30
01-01 04:04:31.270 D/SPRDENG (  158): 30
01-01 04:04:31.270 D/SPRDENG (  158): 30
01-01 04:04:31.270 D/SPRDENG (  158): 30
01-01 04:04:31.270 D/SPRDENG (  158): 30
01-01 04:04:31.270 D/SPRDENG (  158): 30
01-01 04:04:31.270 D/SPRDENG (  158): 30
01-01 04:04:31.270 D/SPRDENG (  158): 30
01-01 04:04:31.270 D/SPRDENG (  158): 30
01-01 04:04:31.270 D/SPRDENG (  158): 30
01-01 04:04:31.270 D/SPRDENG (  158): 30
01-01 04:04:31.270 D/SPRDENG (  158): 30
01-01 04:04:31.270 D/SPRDENG (  158): 30
01-01 04:04:31.270 D/SPRDENG (  158): 30
01-01 04:04:31.270 D/SPRDENG (  158): 30
01-01 04:04:31.270 D/SPRDENG (  158): 30
01-01 04:04:31.270 D/SPRDENG (  158): 30
01-01 04:04:31.270 D/SPRDENG (  158): 30
01-01 04:04:31.270 D/SPRDENG (  158): 30
01-01 04:04:31.270 D/SPRDENG (  158): 30
01-01 04:04:31.270 D/SPRDENG (  158): 30
01-01 04:04:31.270 D/SPRDENG (  158): 30
01-01 04:04:31.270 D/SPRDENG (  158): 30
01-01 04:04:31.270 D/SPRDENG (  158): 30
01-01 04:04:31.270 D/SPRDENG (  158): 30
01-01 04:04:31.270 D/SPRDENG (  158): 30
01-01 04:04:31.270 D/SPRDENG (  158): 30
01-01 04:04:31.270 D/SPRDENG (  158): 30
01-01 04:04:31.270 D/SPRDENG (  158): 30
01-01 04:04:31.270 D/SPRDENG (  158): 30
01-01 04:04:31.270 D/SPRDENG (  158): 30
01-01 04:04:31.270 D/SPRDENG (  158): 30
01-01 04:04:31.270 D/SPRDENG (  158): 30
01-01 04:04:31.270 D/SPRDENG (  158): 30
01-01 04:04:31.270 D/SPRDENG (  158): 30
01-01 04:04:31.270 D/SPRDENG (  158): 30
01-01 04:04:31.270 D/SPRDENG (  158): 30
01-01 04:04:31.270 D/SPRDENG (  158): 30
01-01 04:04:31.270 D/SPRDENG (  158): 30
01-01 04:04:31.270 D/SPRDENG (  158): 30
01-01 04:04:31.270 D/SPRDENG (  158): 30
01-01 04:04:31.270 D/SPRDENG (  158): 30
01-01 04:04:31.270 D/SPRDENG (  158): 30
01-01 04:04:31.270 D/SPRDENG (  158): 30
01-01 04:04:31.270 D/SPRDENG (  158): 30
01-01 04:04:31.270 D/SPRDENG (  158): 30
01-01 04:04:31.270 D/SPRDENG (  158): 30
01-01 04:04:31.270 D/SPRDENG (  158): 30
01-01 04:04:31.270 D/SPRDENG (  158): 30
01-01 04:04:31.270 D/SPRDENG (  158): 30
01-01 04:04:31.270 D/SPRDENG (  158): 62
01-01 04:04:31.270 D/SPRDENG (  158): 62
01-01 04:04:31.270 D/SPRDENG (  158): 62
01-01 04:04:31.270 D/SPRDENG (  158): 65
01-01 04:04:31.270 D/SPRDENG (  158): 63
01-01 04:04:31.270 D/SPRDENG (  158): 32
01-01 04:04:31.270 D/SPRDENG (  158): 63
01-01 04:04:31.270 D/SPRDENG (  158): 36
01-01 04:04:31.270 D/SPRDENG (  158): 31
01-01 04:04:31.270 D/SPRDENG (  158): 61
01-01 04:04:31.270 D/SPRDENG (  158): 32
01-01 04:04:31.270 D/SPRDENG (  158): 33
01-01 04:04:31.270 D/SPRDENG (  158): 31
01-01 04:04:31.270 D/SPRDENG (  158): 63
01-01 04:04:31.270 D/SPRDENG (  158): 32
01-01 04:04:31.270 D/SPRDENG (  158): 33
01-01 04:04:31.270 D/SPRDENG (  158): 30
01-01 04:04:31.270 D/SPRDENG (  158): 30
01-01 04:04:31.270 D/SPRDENG (  158): 30
01-01 04:04:31.270 D/SPRDENG (  158): 30
01-01 04:04:31.270 D/SPRDENG (  158): 30
01-01 04:04:31.270 D/SPRDENG (  158): 30
01-01 04:04:31.270 D/SPRDENG (  158): 30
01-01 04:04:31.270 D/SPRDENG (  158): 30
01-01 04:04:31.270 D/SPRDENG (  158): 30
01-01 04:04:31.270 D/SPRDENG (  158): 30
01-01 04:04:31.270 D/SPRDENG (  158): 30
01-01 04:04:31.270 D/SPRDENG (  158): 30
01-01 04:04:31.270 D/SPRDENG (  158): 30
01-01 04:04:31.270 D/SPRDENG (  158): 30
01-01 04:04:31.270 D/SPRDENG (  158): 30
01-01 04:04:31.270 D/SPRDENG (  158): 30
01-01 04:04:31.270 D/SPRDENG (  158): 31
01-01 04:04:31.270 D/SPRDENG (  158): 61
01-01 04:04:31.270 D/SPRDENG (  158): 32
01-01 04:04:31.270 D/SPRDENG (  158): 33
01-01 04:04:31.270 D/SPRDENG (  158): 31
01-01 04:04:31.270 D/SPRDENG (  158): 63
01-01 04:04:31.270 D/SPRDENG (  158): 32
01-01 04:04:31.270 D/SPRDENG (  158): 33
01-01 04:04:31.270 D/SPRDENG (  158): 30
01-01 04:04:31.270 D/SPRDENG (  158): 30
01-01 04:04:31.270 D/SPRDENG (  158): 30
01-01 04:04:31.270 D/SPRDENG (  158): 30
01-01 04:04:31.270 D/SPRDENG (  158): 30
01-01 04:04:31.270 D/SPRDENG (  158): 30
01-01 04:04:31.270 D/SPRDENG (  158): 30
01-01 04:04:31.270 D/SPRDENG (  158): 30
01-01 04:04:31.270 D/SPRDENG (  158): 30
01-01 04:04:31.270 D/SPRDENG (  158): 30
01-01 04:04:31.270 D/SPRDENG (  158): 30
01-01 04:04:31.270 D/SPRDENG (  158): 30
01-01 04:04:31.270 D/SPRDENG (  158): 30
01-01 04:04:31.270 D/SPRDENG (  158): 30
01-01 04:04:31.270 D/SPRDENG (  158): 30
01-01 04:04:31.270 D/SPRDENG (  158): 30
01-01 04:04:31.270 D/SPRDENG (  158): 31
01-01 04:04:31.270 D/SPRDENG (  158): 62
01-01 04:04:31.270 D/SPRDENG (  158): 32
01-01 04:04:31.270 D/SPRDENG (  158): 33
01-01 04:04:31.270 D/SPRDENG (  158): 31
01-01 04:04:31.270 D/SPRDENG (  158): 63
01-01 04:04:31.270 D/SPRDENG (  158): 32
01-01 04:04:31.270 D/SPRDENG (  158): 33
01-01 04:04:31.270 D/SPRDENG (  158): 30
01-01 04:04:31.270 D/SPRDENG (  158): 30
01-01 04:04:31.270 D/SPRDENG (  158): 30
01-01 04:04:31.270 D/SPRDENG (  158): 30
01-01 04:04:31.270 D/SPRDENG (  158): 30
01-01 04:04:31.270 D/SPRDENG (  158): 30
01-01 04:04:31.270 D/SPRDENG (  158): 30
01-01 04:04:31.270 D/SPRDENG (  158): 30
01-01 04:04:31.270 D/SPRDENG (  158): 30
01-01 04:04:31.270 D/SPRDENG (  158): 30
01-01 04:04:31.270 D/SPRDENG (  158): 30
01-01 04:04:31.270 D/SPRDENG (  158): 30
01-01 04:04:31.270 D/SPRDENG (  158): 30
01-01 04:04:31.270 D/SPRDENG (  158): 30
01-01 04:04:31.270 D/SPRDENG (  158): 30
01-01 04:04:31.270 D/SPRDENG (  158): 30
01-01 04:04:31.270 D/SPRDENG (  158): 31
01-01 04:04:31.270 D/SPRDENG (  158): 62
01-01 04:04:31.270 D/SPRDENG (  158): 32
01-01 04:04:31.270 D/SPRDENG (  158): 33
01-01 04:04:31.270 D/SPRDENG (  158): 31
01-01 04:04:31.270 D/SPRDENG (  158): 63
01-01 04:04:31.270 D/SPRDENG (  158): 32
01-01 04:04:31.270 D/SPRDENG (  158): 33
01-01 04:04:31.270 D/SPRDENG (  158): 30
01-01 04:04:31.270 D/SPRDENG (  158): 30
01-01 04:04:31.270 D/SPRDENG (  158): 30
01-01 04:04:31.270 D/SPRDENG (  158): 30
01-01 04:04:31.270 D/SPRDENG (  158): 30
01-01 04:04:31.270 D/SPRDENG (  158): 30
01-01 04:04:31.270 D/SPRDENG (  158): 30
01-01 04:04:31.270 D/SPRDENG (  158): 30
01-01 04:04:31.270 D/SPRDENG (  158): 30
01-01 04:04:31.270 D/SPRDENG (  158): 30
01-01 04:04:31.270 D/SPRDENG (  158): 30
01-01 04:04:31.270 D/SPRDENG (  158): 30
01-01 04:04:31.270 D/SPRDENG (  158): 30
01-01 04:04:31.270 D/SPRDENG (  158): 30
01-01 04:04:31.270 D/SPRDENG (  158): 30
01-01 04:04:31.270 D/SPRDENG (  158): 30
01-01 04:04:31.270 D/SPRDENG (  158): 31
01-01 04:04:31.270 D/SPRDENG (  158): 62
01-01 04:04:31.270 D/SPRDENG (  158): 32
01-01 04:04:31.270 D/SPRDENG (  158): 33
01-01 04:04:31.270 D/SPRDENG (  158): 31
01-01 04:04:31.270 D/SPRDENG (  158): 63
01-01 04:04:31.270 D/SPRDENG (  158): 32
01-01 04:04:31.270 D/SPRDENG (  158): 33
01-01 04:04:31.270 D/SPRDENG (  158): 30
01-01 04:04:31.270 D/SPRDENG (  158): 30
01-01 04:04:31.270 D/SPRDENG (  158): 30
01-01 04:04:31.270 D/SPRDENG (  158): 30
01-01 04:04:31.270 D/SPRDENG (  158): 30
01-01 04:04:31.270 D/SPRDENG (  158): 30
01-01 04:04:31.270 D/SPRDENG (  158): 30
01-01 04:04:31.270 D/SPRDENG (  158): 30
01-01 04:04:31.270 D/SPRDENG (  158): 30
01-01 04:04:31.270 D/SPRDENG (  158): 30
01-01 04:04:31.270 D/SPRDENG (  158): 30
01-01 04:04:31.270 D/SPRDENG (  158): 30
01-01 04:04:31.270 D/SPRDENG (  158): 30
01-01 04:04:31.270 D/SPRDENG (  158): 30
01-01 04:04:31.270 D/SPRDENG (  158): 30
01-01 04:04:31.270 D/SPRDENG (  158): 30
01-01 04:04:31.270 D/SPRDENG (  158): 30
01-01 04:04:31.270 D/SPRDENG (  158): 30
01-01 04:04:31.270 D/SPRDENG (  158): 30
01-01 04:04:31.270 D/SPRDENG (  158): 30
01-01 04:04:31.270 D/SPRDENG (  158): 30
01-01 04:04:31.270 D/SPRDENG (  158): 30
01-01 04:04:31.270 D/SPRDENG (  158): 30
01-01 04:04:31.270 D/SPRDENG (  158): 30
01-01 04:04:31.270 D/SPRDENG (  158): 30
01-01 04:04:31.270 D/SPRDENG (  158): 30
01-01 04:04:31.270 D/SPRDENG (  158): 30
01-01 04:04:31.270 D/SPRDENG (  158): 30
01-01 04:04:31.270 D/SPRDENG (  158): 30
01-01 04:04:31.270 D/SPRDENG (  158): 30
01-01 04:04:31.270 D/SPRDENG (  158): 30
01-01 04:04:31.270 D/SPRDENG (  158): 30
01-01 04:04:31.270 D/SPRDENG (  158): 30
01-01 04:04:31.270 D/SPRDENG (  158): 30
01-01 04:04:31.270 D/SPRDENG (  158): 30
01-01 04:04:31.270 D/SPRDENG (  158): 30
01-01 04:04:31.270 D/SPRDENG (  158): 30
01-01 04:04:31.270 D/SPRDENG (  158): 30
01-01 04:04:31.270 D/SPRDENG (  158): 30
01-01 04:04:31.270 D/SPRDENG (  158): 30
01-01 04:04:31.270 D/SPRDENG (  158): 32
01-01 04:04:31.270 D/SPRDENG (  158): 63
01-01 04:04:31.270 D/SPRDENG (  158): 30
01-01 04:04:31.270 D/SPRDENG (  158): 30
01-01 04:04:31.270 D/SPRDENG (  158): 30
01-01 04:04:31.270 D/SPRDENG (  158): 30
01-01 04:04:31.270 D/SPRDENG (  158): 30
01-01 04:04:31.270 D/SPRDENG (  158): 30
01-01 04:04:31.270 D/SPRDENG (  158): 1a
01-01 04:04:31.270 D/SPRDENG (  158): eng_modem2server: use SIM1 /dev/CHNPTY13
01-01 04:04:31.270 D/SPRDENG (  158): AT < 
01-01 04:04:31.270 D/SPRDENG (  158): OK
01-01 04:04:31.270 D/SPRDENG (  158): 
01-01 04:04:31.270 E/        (   98): nvcal_recv_from_modem: Receive 1 Modem Response
01-01 04:04:31.270 E/        (   98): write_rf_nvconf_cmd: wifi recv_num =6, response=[
01-01 04:04:31.270 E/        (   98): OK
01-01 04:04:31.270 E/        (   98): ]
01-01 04:04:31.370 E/eng_rf_nv_update(   98): [set_rf_nvconf]: NV updated OK!
01-01 04:04:31.380 E/eng_rf_nv_update(   98): [save_rf_nv_to_bak_file] NV data save to bake file OK
01-01 04:04:31.380 E/eng_rf_nv_update(   98): [eng_rf_nv_update]: end eng rf nv update!
01-01 04:04:31.380 I/logwrapper(   80): /system/bin/eng_rf_nv_update terminated by exit(0)
01-01 04:04:31.850 I/power   (   81): *** set_screen_state 1
01-01 04:04:31.850 D/Sensors (   81): activate handle=3; drv=1
01-01 04:04:31.850 D/Sensors (   81): SensorTMD2771::setEnable=0= en=1; newState=1; what=0; mEnabled=0
01-01 04:04:31.960 D/Sensors (   81): taos ---Light::TAOS_IOCTL_ALS_ON=== err=0
01-01 04:04:31.960 D/Sensors (   81): SensorTMD2771::setEnable=1= en=1; newState=1; what=0; mEnabled=1
01-01 04:04:31.960 D/Sensors (   81): SensorTMD2771::getEnable===mEnabled=0x1; enable=1
01-01 04:04:31.980 I/GeckoDump(   81): XXX FIXME : Got a mozContentEvent: nfc-hardware-state-change
01-01 04:04:32.000 I/GeckoDump(   81): XXX FIXME : Got a mozContentEvent: system-message-listener-ready
01-01 04:04:32.060 I/Gecko:ProcessPriorityManager(   81): [(Preallocated), child-id=2, pid=373] Creating ParticularProcessPriorityManager.
01-01 04:04:32.060 I/Gecko:ProcessPriorityManager(   81): [(Preallocated), child-id=2, pid=373] Done starting up.  mHoldsCPUWakeLock=0, mHoldsHighPriorityWakeLock=0
01-01 04:04:32.060 I/Gecko:ProcessPriorityManager(   81): [(Preallocated), child-id=2, pid=373] Changing priority from UNKNOWN:CPU_NORMAL to MASTER:CPU_NORMAL.
01-01 04:04:32.060 I/Gonk    (   81): Setting nice for pid 373 to 0
01-01 04:04:32.060 I/Gonk    (   81): Changed nice for pid 373 from 0 to 0.
01-01 04:04:32.450 D/Sensors (   81): SensorTMD2771::readEvents()======data_fd=53,count=16
01-01 04:04:32.450 D/Sensors (   81): SensorTMD2771::processEvent()=====code=40::value=1 
01-01 04:04:32.450 D/Sensors (   81): SensorTMD2771: mPendingEvents[Light].light = 1.000000
01-01 04:04:32.690 I/Gecko   (   81): 1325408672696	Marionette	INFO	loaded marionette-listener.js
01-01 04:04:32.690 I/Gecko   (   81): 1325408672699	Marionette	INFO	sendToClient: {"from":"0","value":"3-b2g"}, {1aaaa12c-d026-4dd4-a198-a0a511dd340d}, {1aaaa12c-d026-4dd4-a198-a0a511dd340d}
01-01 04:04:32.860 E/GeckoConsole(   81): [JavaScript Error: "TypeError: widgetFrame is undefined" {file: "app://system.gaiamobile.org/js/cost_control.js" line: 119}]
01-01 04:04:33.230 I/Gecko   (   81): 1325408673242	Marionette	INFO	sendToClient: {"from":"0","value":{"ELEMENT":"{63240602-4229-4ff8-bc73-09cdef610c2d}"}}, {e1517fd5-40b5-4ec1-9539-fe7c8d460bf0}, {e1517fd5-40b5-4ec1-9539-fe7c8d460bf0}
01-01 04:04:33.310 I/Gecko   (   81): 1325408673315	Marionette	INFO	sendToClient: {"from":"0","value":false}, {dc3ec731-f0ab-4283-b354-04a22bca0a67}, {dc3ec731-f0ab-4283-b354-04a22bca0a67}
01-01 04:04:33.490 I/Gecko   (   81): 1325408673496	Marionette	INFO	sendToClient: {"from":"0","value":{"ELEMENT":"{63240602-4229-4ff8-bc73-09cdef610c2d}"}}, {903a6bb6-87c1-46b9-99a3-d978f726fc62}, {903a6bb6-87c1-46b9-99a3-d978f726fc62}
01-01 04:04:33.610 I/Gecko   (   81): 1325408673615	Marionette	INFO	sendToClient: {"from":"0","value":false}, {7e1a8869-944b-4ee3-9c9e-3aa63d878115}, {7e1a8869-944b-4ee3-9c9e-3aa63d878115}
01-01 04:04:33.750 I/Gecko   (   81): 1325408673760	Marionette	INFO	sendToClient: {"from":"0","value":{"ELEMENT":"{63240602-4229-4ff8-bc73-09cdef610c2d}"}}, {4e4375f2-f3af-4f73-be12-f7e3766e787b}, {4e4375f2-f3af-4f73-be12-f7e3766e787b}
01-01 04:04:33.790 I/Gecko   (   81): 1325408673798	Marionette	INFO	sendToClient: {"from":"0","value":false}, {2bc88f61-6616-4b14-a57e-e00241526cbb}, {2bc88f61-6616-4b14-a57e-e00241526cbb}
01-01 04:04:33.910 I/GeckoDump(   81): XXX FIXME : Got a mozContentEvent: accessibility-screenreader
01-01 04:04:33.970 I/GeckoDump(   81): XXX FIXME : Got a mozContentEvent: nfc-hardware-state-change
01-01 04:04:34.180 E/WifiHW  (   81): Leo ensure_config_file_exists config_file=/data/misc/wifi/wpa_supplicant.conf
01-01 04:04:34.180 E/WifiHW  (   81): daemon_cmd=wpa_supplicant:-iwlan0 -c/data/misc/wifi/wpa_supplicant.conf
01-01 04:04:34.360 I/Gecko   (   81): 1325408674368	Marionette	INFO	sendToClient: {"from":"0","value":{"ELEMENT":"{63240602-4229-4ff8-bc73-09cdef610c2d}"}}, {58e140bf-8d30-42c8-a2bf-acb36aa3332d}, {58e140bf-8d30-42c8-a2bf-acb36aa3332d}
01-01 04:04:34.480 I/Gecko   (   81): 1325408674487	Marionette	INFO	sendToClient: {"from":"0","value":true}, {47dd6d18-15c8-45f8-85ef-15b70d61b342}, {47dd6d18-15c8-45f8-85ef-15b70d61b342}
01-01 04:04:34.660 I/FMRadio (   81): FMRadio is initialized.
01-01 04:04:34.800 E/GeckoConsole(   81): Content JS ERROR at app://system.gaiamobile.org/js/telephony_settings.js:23 in set_vpm_error: Error setting voice privacy.
01-01 04:04:34.810 E/GeckoConsole(   81): Content JS ERROR at app://system.gaiamobile.org/js/telephony_settings.js:23 in set_vpm_error: Error setting voice privacy.
01-01 04:04:35.010 W/WifiHW  (   81): wifi_command: LOG_LEVEL
01-01 04:04:35.010 W/WifiHW  (   81): wifi_command: STATUS
01-01 04:04:35.030 E/GeckoConsole(   81): Content JS ERROR at app://system.gaiamobile.org/js/telephony_settings.js:42 in set_vpm_error: Error roaming preference.
01-01 04:04:35.030 E/GeckoConsole(   81): Content JS ERROR at app://system.gaiamobile.org/js/telephony_settings.js:42 in set_vpm_error: Error roaming preference.
01-01 04:04:35.040 W/WifiHW  (   81): wifi_command: LIST_NETWORKS
01-01 04:04:35.040 W/WifiHW  (   81): wifi_command: DRIVER MACADDR
01-01 04:04:35.050 W/WifiHW  (   81): wifi_command: GET_NETWORK 0 ssid
01-01 04:04:35.050 W/WifiHW  (   81): wifi_command: GET_NETWORK 0 bssid
01-01 04:04:35.050 W/WifiHW  (   81): wifi_command: GET_NETWORK 0 psk
01-01 04:04:35.050 W/WifiHW  (   81): wifi_command: GET_NETWORK 0 wep_key0
01-01 04:04:35.050 W/WifiHW  (   81): wifi_command: GET_NETWORK 0 wep_key1
01-01 04:04:35.050 W/WifiHW  (   81): wifi_command: GET_NETWORK 0 wep_key2
01-01 04:04:35.050 W/WifiHW  (   81): wifi_command: GET_NETWORK 0 wep_key3
01-01 04:04:35.050 W/WifiHW  (   81): wifi_command: GET_NETWORK 0 wep_tx_keyidx
01-01 04:04:35.050 W/WifiHW  (   81): wifi_command: GET_NETWORK 0 priority
01-01 04:04:35.060 W/WifiHW  (   81): wifi_command: GET_NETWORK 0 key_mgmt
01-01 04:04:35.060 W/WifiHW  (   81): wifi_command: GET_NETWORK 0 scan_ssid
01-01 04:04:35.060 W/WifiHW  (   81): wifi_command: GET_NETWORK 0 disabled
01-01 04:04:35.070 W/WifiHW  (   81): wifi_command: GET_NETWORK 0 identity
01-01 04:04:35.070 W/WifiHW  (   81): wifi_command: GET_NETWORK 0 password
01-01 04:04:35.070 W/WifiHW  (   81): wifi_command: GET_NETWORK 0 auth_alg
01-01 04:04:35.070 W/WifiHW  (   81): wifi_command: GET_NETWORK 0 phase1
01-01 04:04:35.070 W/WifiHW  (   81): wifi_command: GET_NETWORK 0 phase2
01-01 04:04:35.070 W/WifiHW  (   81): wifi_command: GET_NETWORK 0 eap
01-01 04:04:35.070 W/WifiHW  (   81): wifi_command: GET_NETWORK 0 pin
01-01 04:04:35.070 W/WifiHW  (   81): wifi_command: GET_NETWORK 0 pcsc
01-01 04:04:35.070 W/WifiHW  (   81): wifi_command: GET_NETWORK 1 ssid
01-01 04:04:35.070 W/WifiHW  (   81): wifi_command: GET_NETWORK 1 bssid
01-01 04:04:35.070 W/WifiHW  (   81): wifi_command: GET_NETWORK 1 psk
01-01 04:04:35.080 W/WifiHW  (   81): wifi_command: GET_NETWORK 1 wep_key0
01-01 04:04:35.080 W/WifiHW  (   81): wifi_command: GET_NETWORK 1 wep_key1
01-01 04:04:35.080 W/WifiHW  (   81): wifi_command: GET_NETWORK 1 wep_key2
01-01 04:04:35.080 W/WifiHW  (   81): wifi_command: GET_NETWORK 1 wep_key3
01-01 04:04:35.080 W/WifiHW  (   81): wifi_command: GET_NETWORK 1 wep_tx_keyidx
01-01 04:04:35.080 W/WifiHW  (   81): wifi_command: GET_NETWORK 1 priority
01-01 04:04:35.080 W/WifiHW  (   81): wifi_command: GET_NETWORK 1 key_mgmt
01-01 04:04:35.080 W/WifiHW  (   81): wifi_command: GET_NETWORK 1 scan_ssid
01-01 04:04:35.080 W/WifiHW  (   81): wifi_command: GET_NETWORK 1 disabled
01-01 04:04:35.080 W/WifiHW  (   81): wifi_command: GET_NETWORK 1 identity
01-01 04:04:35.080 W/WifiHW  (   81): wifi_command: GET_NETWORK 1 password
01-01 04:04:35.080 W/WifiHW  (   81): wifi_command: GET_NETWORK 1 auth_alg
01-01 04:04:35.080 W/WifiHW  (   81): wifi_command: GET_NETWORK 1 phase1
01-01 04:04:35.080 W/WifiHW  (   81): wifi_command: GET_NETWORK 1 phase2
01-01 04:04:35.080 W/WifiHW  (   81): wifi_command: GET_NETWORK 1 eap
01-01 04:04:35.090 W/WifiHW  (   81): wifi_command: GET_NETWORK 1 pin
01-01 04:04:35.090 W/WifiHW  (   81): wifi_command: GET_NETWORK 1 pcsc
01-01 04:04:35.100 W/WifiHW  (   81): wifi_command: GET_NETWORK 2 ssid
01-01 04:04:35.100 W/WifiHW  (   81): wifi_command: GET_NETWORK 2 bssid
01-01 04:04:35.100 W/WifiHW  (   81): wifi_command: GET_NETWORK 2 psk
01-01 04:04:35.100 W/WifiHW  (   81): wifi_command: GET_NETWORK 2 wep_key0
01-01 04:04:35.100 W/WifiHW  (   81): wifi_command: GET_NETWORK 2 wep_key1
01-01 04:04:35.100 W/WifiHW  (   81): wifi_command: GET_NETWORK 2 wep_key2
01-01 04:04:35.100 W/WifiHW  (   81): wifi_command: GET_NETWORK 2 wep_key3
01-01 04:04:35.100 W/WifiHW  (   81): wifi_command: GET_NETWORK 2 wep_tx_keyidx
01-01 04:04:35.100 W/WifiHW  (   81): wifi_command: GET_NETWORK 2 priority
01-01 04:04:35.100 W/WifiHW  (   81): wifi_command: GET_NETWORK 2 key_mgmt
01-01 04:04:35.100 W/WifiHW  (   81): wifi_command: GET_NETWORK 2 scan_ssid
01-01 04:04:35.110 W/WifiHW  (   81): wifi_command: GET_NETWORK 2 disabled
01-01 04:04:35.110 W/WifiHW  (   81): wifi_command: GET_NETWORK 2 identity
01-01 04:04:35.110 W/WifiHW  (   81): wifi_command: GET_NETWORK 2 password
01-01 04:04:35.110 W/WifiHW  (   81): wifi_command: GET_NETWORK 2 auth_alg
01-01 04:04:35.110 W/WifiHW  (   81): wifi_command: GET_NETWORK 2 phase1
01-01 04:04:35.110 W/WifiHW  (   81): wifi_command: GET_NETWORK 2 phase2
01-01 04:04:35.110 W/WifiHW  (   81): wifi_command: GET_NETWORK 2 eap
01-01 04:04:35.110 W/WifiHW  (   81): wifi_command: GET_NETWORK 2 pin
01-01 04:04:35.110 W/WifiHW  (   81): wifi_command: GET_NETWORK 2 pcsc
01-01 04:04:35.110 W/WifiHW  (   81): wifi_command: GET_NETWORK 3 ssid
01-01 04:04:35.110 W/WifiHW  (   81): wifi_command: GET_NETWORK 3 bssid
01-01 04:04:35.110 W/WifiHW  (   81): wifi_command: GET_NETWORK 3 psk
01-01 04:04:35.110 W/WifiHW  (   81): wifi_command: GET_NETWORK 3 wep_key0
01-01 04:04:35.110 W/WifiHW  (   81): wifi_command: GET_NETWORK 3 wep_key1
01-01 04:04:35.120 W/WifiHW  (   81): wifi_command: GET_NETWORK 3 wep_key2
01-01 04:04:35.120 W/WifiHW  (   81): wifi_command: GET_NETWORK 3 wep_key3
01-01 04:04:35.130 W/WifiHW  (   81): wifi_command: GET_NETWORK 3 wep_tx_keyidx
01-01 04:04:35.130 W/WifiHW  (   81): wifi_command: GET_NETWORK 3 priority
01-01 04:04:35.130 W/WifiHW  (   81): wifi_command: GET_NETWORK 3 key_mgmt
01-01 04:04:35.130 W/WifiHW  (   81): wifi_command: GET_NETWORK 3 scan_ssid
01-01 04:04:35.130 W/WifiHW  (   81): wifi_command: GET_NETWORK 3 disabled
01-01 04:04:35.130 W/WifiHW  (   81): wifi_command: GET_NETWORK 3 identity
01-01 04:04:35.130 W/WifiHW  (   81): wifi_command: GET_NETWORK 3 password
01-01 04:04:35.130 W/WifiHW  (   81): wifi_command: GET_NETWORK 3 auth_alg
01-01 04:04:35.130 W/WifiHW  (   81): wifi_command: GET_NETWORK 3 phase1
01-01 04:04:35.130 W/WifiHW  (   81): wifi_command: GET_NETWORK 3 phase2
01-01 04:04:35.130 W/WifiHW  (   81): wifi_command: GET_NETWORK 3 eap
01-01 04:04:35.130 W/WifiHW  (   81): wifi_command: GET_NETWORK 3 pin
01-01 04:04:35.140 W/WifiHW  (   81): wifi_command: GET_NETWORK 3 pcsc
01-01 04:04:35.170 W/WifiHW  (   81): wifi_command: ENABLE_NETWORK 0
01-01 04:04:35.170 W/WifiHW  (   81): wifi_command: ENABLE_NETWORK 1
01-01 04:04:35.170 W/WifiHW  (   81): wifi_command: ENABLE_NETWORK 2
01-01 04:04:35.170 W/WifiHW  (   81): wifi_command: ENABLE_NETWORK 3
01-01 04:04:35.170 W/WifiHW  (   81): wifi_command: AP_SCAN 1
01-01 04:04:35.190 W/WifiHW  (   81): wifi_command: SAVE_CONFIG
01-01 04:04:35.410 I/Gecko:ProcessPriorityManager(   81): [Homescreen, child-id=2, pid=373] Changing priority from MASTER:CPU_NORMAL to FOREGROUND:CPU_NORMAL.
01-01 04:04:35.410 I/Gonk    (   81): Setting nice for pid 373 to 1
01-01 04:04:35.410 I/Gonk    (   81): Changed nice for pid 373 from 0 to 1.
01-01 04:04:35.410 I/Gecko:ProcessPriorityManager(   81): Making background LRU pool with size(3)
01-01 04:04:35.410 I/Gecko:ProcessPriorityManager(   81): KillBackgroundApps
01-01 04:04:35.420 I/Gecko   (   81): [Parent 81] WARNING: waitpid failed pid:373 errno:10: file /var/lib/jenkins/jobs/B2G.v1.3.0.Tarako/workspace/gecko/ipc/chromium/src/base/process_util_posix.cc, line 254
01-01 04:04:35.640 E/[Gralloc-ERROR](   81): int gralloc_register_buffer(const gralloc_module_t*, const native_handle_t*):79 Unable to register handle 0x45c4ee20 coming from different process: 81
01-01 04:04:35.650 E/[Gralloc-ERROR](   81): int gralloc_register_buffer(const gralloc_module_t*, const native_handle_t*):79 Unable to register handle 0x45c4eec0 coming from different process: 81
01-01 04:04:35.750 E/[Gralloc-ERROR](   81): int gralloc_register_buffer(const gralloc_module_t*, const native_handle_t*):79 Unable to register handle 0x464e1920 coming from different process: 81
01-01 04:04:35.750 E/[Gralloc-ERROR](   81): int gralloc_register_buffer(const gralloc_module_t*, const native_handle_t*):79 Unable to register handle 0x465a1ec0 coming from different process: 81
01-01 04:04:35.990 I/GeckoDump(   81): XXX FIXME : Got a mozContentEvent: inputmethod-update-layouts
01-01 04:04:36.050 I/Gecko   (   81): ############################### browserElementPanning.js loaded
01-01 04:04:36.140 I/Gecko   (   81): ######################## BrowserElementChildPreload.js loaded
01-01 04:04:36.280 I/GeckoDump(   81): XXX FIXME : Got a mozContentEvent: inputmethod-update-layouts
01-01 04:04:36.890 E/GeckoConsole(   81): [JavaScript Warning: "Error in parsing value for 'font-weight'.  Declaration dropped." {file: "app://keyboard.gaiamobile.org/style/keyboard.css" line: 132 column: 15 source: "  font-weight: medium;"}]
01-01 04:04:37.650 I/Gecko   (   81): 1325408677655	Marionette	INFO	sendToClient: {"from":"0","ok":true}, {1a7aa598-4346-4831-9843-deada48b8db8}, {1a7aa598-4346-4831-9843-deada48b8db8}
01-01 04:04:37.680 I/Gecko   (   81): 1325408677688	Marionette	DEBUG	Got request: switchToFrame, data: {"to":"0","sessionId":"3-b2g","name":"switchToFrame","parameters":{"id":null,"focus":true}}, id: {02449d11-6d52-4be9-acd1-4e52c70a31a6}
01-01 04:04:37.690 I/Gecko   (   81): 1325408677700	Marionette	INFO	Switched to frame: {"frameValue":null}
01-01 04:04:37.750 W/WifiHW  (   81): wifi_command: SCAN_RESULTS
01-01 04:04:37.850 I/Gecko   (  373): ###################################### forms.js loaded
01-01 04:04:37.950 I/Gecko   (   81): 1325408677954	Marionette	INFO	sendToClient: {"from":"0","ok":true}, {02449d11-6d52-4be9-acd1-4e52c70a31a6}, {02449d11-6d52-4be9-acd1-4e52c70a31a6}
01-01 04:04:37.980 I/Gecko   (  373): ############################### browserElementPanning.js loaded
01-01 04:04:38.130 W/WifiHW  (   81): wifi_command: GET_NETWORK 3 ssid
01-01 04:04:38.130 W/WifiHW  (   81): wifi_command: GET_NETWORK 3 bssid
01-01 04:04:38.130 W/WifiHW  (   81): wifi_command: GET_NETWORK 3 psk
01-01 04:04:38.130 W/WifiHW  (   81): wifi_command: GET_NETWORK 3 wep_key0
01-01 04:04:38.130 W/WifiHW  (   81): wifi_command: GET_NETWORK 3 wep_key1
01-01 04:04:38.130 W/WifiHW  (   81): wifi_command: GET_NETWORK 3 wep_key2
01-01 04:04:38.130 W/WifiHW  (   81): wifi_command: GET_NETWORK 3 wep_key3
01-01 04:04:38.140 W/WifiHW  (   81): wifi_command: GET_NETWORK 3 wep_tx_keyidx
01-01 04:04:38.140 W/WifiHW  (   81): wifi_command: GET_NETWORK 3 priority
01-01 04:04:38.140 W/WifiHW  (   81): wifi_command: GET_NETWORK 3 key_mgmt
01-01 04:04:38.140 W/WifiHW  (   81): wifi_command: GET_NETWORK 3 scan_ssid
01-01 04:04:38.140 W/WifiHW  (   81): wifi_command: GET_NETWORK 3 disabled
01-01 04:04:38.140 W/WifiHW  (   81): wifi_command: GET_NETWORK 3 identity
01-01 04:04:38.140 W/WifiHW  (   81): wifi_command: GET_NETWORK 3 password
01-01 04:04:38.140 W/WifiHW  (   81): wifi_command: GET_NETWORK 3 auth_alg
01-01 04:04:38.140 W/WifiHW  (   81): wifi_command: GET_NETWORK 3 phase1
01-01 04:04:38.140 W/WifiHW  (   81): wifi_command: GET_NETWORK 3 phase2
01-01 04:04:38.140 W/WifiHW  (   81): wifi_command: GET_NETWORK 3 eap
01-01 04:04:38.140 W/WifiHW  (   81): wifi_command: GET_NETWORK 3 pin
01-01 04:04:38.140 W/WifiHW  (   81): wifi_command: GET_NETWORK 3 pcsc
01-01 04:04:38.220 W/WifiHW  (   81): wifi_command: DRIVER SCAN-PASSIVE
01-01 04:04:38.270 W/WifiHW  (   81): wifi_command: SIGNAL_POLL
01-01 04:04:38.280 W/WifiHW  (   81): wifi_command: GET_NETWORK 3 ssid
01-01 04:04:38.280 W/WifiHW  (   81): wifi_command: GET_NETWORK 3 bssid
01-01 04:04:38.290 W/WifiHW  (   81): wifi_command: GET_NETWORK 3 psk
01-01 04:04:38.290 W/WifiHW  (   81): wifi_command: GET_NETWORK 3 wep_key0
01-01 04:04:38.290 W/WifiHW  (   81): wifi_command: GET_NETWORK 3 wep_key1
01-01 04:04:38.290 W/WifiHW  (   81): wifi_command: GET_NETWORK 3 wep_key2
01-01 04:04:38.290 W/WifiHW  (   81): wifi_command: GET_NETWORK 3 wep_key3
01-01 04:04:38.290 W/WifiHW  (   81): wifi_command: GET_NETWORK 3 wep_tx_keyidx
01-01 04:04:38.300 W/WifiHW  (   81): wifi_command: GET_NETWORK 3 priority
01-01 04:04:38.300 W/WifiHW  (   81): wifi_command: GET_NETWORK 3 key_mgmt
01-01 04:04:38.300 W/WifiHW  (   81): wifi_command: GET_NETWORK 3 scan_ssid
01-01 04:04:38.300 W/WifiHW  (   81): wifi_command: GET_NETWORK 3 disabled
01-01 04:04:38.300 W/WifiHW  (   81): wifi_command: GET_NETWORK 3 identity
01-01 04:04:38.300 W/WifiHW  (   81): wifi_command: GET_NETWORK 3 password
01-01 04:04:38.300 W/WifiHW  (   81): wifi_command: GET_NETWORK 3 auth_alg
01-01 04:04:38.300 W/WifiHW  (   81): wifi_command: GET_NETWORK 3 phase1
01-01 04:04:38.300 W/WifiHW  (   81): wifi_command: GET_NETWORK 3 phase2
01-01 04:04:38.300 W/WifiHW  (   81): wifi_command: GET_NETWORK 3 eap
01-01 04:04:38.300 W/WifiHW  (   81): wifi_command: GET_NETWORK 3 pin
01-01 04:04:38.300 W/WifiHW  (   81): wifi_command: GET_NETWORK 3 pcsc
01-01 04:04:38.330 I/Gecko   (   81): 1325408678334	Marionette	DEBUG	Got request: executeWithCallback, data: {"to":"0","sessionId":"3-b2g","name":"executeAsyncScript","parameters":{"specialPowers":false,"scriptTimeout":null,"newSandbox":true,"args":[],"filename":"gaia_test.py","script":"GaiaLockScreen.unlock()","line":810}}, id: {df68ff66-5b4d-45e1-8042-6ebc7ce33c35}
01-01 04:04:38.950 I/Gecko   (  373): ######################## BrowserElementChildPreload.js loaded
01-01 04:04:39.140 I/Gecko   (   81): 1325408679144	Marionette	INFO	sendToClient: {"from":"0","value":{"passed":0,"failed":0,"failures":[]}}, {df68ff66-5b4d-45e1-8042-6ebc7ce33c35}, {df68ff66-5b4d-45e1-8042-6ebc7ce33c35}
01-01 04:04:39.180 E/Profiler(   81): BPUnw: [1 total] thread_unregister_for_profiling(me=0x1869038)  (NOT REGISTERED) 
01-01 04:04:39.760 E/[Gralloc-ERROR](   81): int gralloc_register_buffer(const gralloc_module_t*, const native_handle_t*):79 Unable to register handle 0x45c4e1f0 coming from different process: 81
01-01 04:04:39.760 E/[Gralloc-ERROR](   81): int gralloc_register_buffer(const gralloc_module_t*, const native_handle_t*):79 Unable to register handle 0x45c4e650 coming from different process: 81
01-01 04:04:39.810 E/[Gralloc-ERROR](   81): int gralloc_register_buffer(const gralloc_module_t*, const native_handle_t*):79 Unable to register handle 0x45c4ea60 coming from different process: 81
01-01 04:04:39.810 E/[Gralloc-ERROR](   81): int gralloc_register_buffer(const gralloc_module_t*, const native_handle_t*):79 Unable to register handle 0x460c46f0 coming from different process: 81
01-01 04:04:39.830 E/[Gralloc-ERROR](   81): int gralloc_register_buffer(const gralloc_module_t*, const native_handle_t*):79 Unable to register handle 0x469d4c40 coming from different process: 81
01-01 04:04:39.830 E/[Gralloc-ERROR](   81): int gralloc_register_buffer(const gralloc_module_t*, const native_handle_t*):79 Unable to register handle 0x469d4ce0 coming from different process: 81
01-01 04:04:39.990 I/GeckoDump(   81): XXX FIXME : Got a mozContentEvent: nfc-hardware-state-change
01-01 04:04:40.020 I/GeckoDump(   81): XXX FIXME : Got a mozContentEvent: nfc-hardware-state-change
01-01 04:04:40.210 E/[Gralloc-ERROR](   81): int gralloc_unregister_buffer(const gralloc_module_t*, const native_handle_t*):274 Trying to unregister buffer 0x465a1ec0 from process 81 that was not created in current process: 81
01-01 04:04:40.210 E/[Gralloc-ERROR](   81): int gralloc_unregister_buffer(const gralloc_module_t*, const native_handle_t*):274 Trying to unregister buffer 0x464e1920 from process 81 that was not created in current process: 81
01-01 04:04:40.420 E/[Gralloc-ERROR](   81): int gralloc_unregister_buffer(const gralloc_module_t*, const native_handle_t*):274 Trying to unregister buffer 0x45c4e650 from process 81 that was not created in current process: 81
01-01 04:04:40.420 E/[Gralloc-ERROR](   81): int gralloc_unregister_buffer(const gralloc_module_t*, const native_handle_t*):274 Trying to unregister buffer 0x45c4e1f0 from process 81 that was not created in current process: 81
01-01 04:04:40.420 E/[Gralloc-ERROR](   81): int gralloc_unregister_buffer(const gralloc_module_t*, const native_handle_t*):274 Trying to unregister buffer 0x460c46f0 from process 81 that was not created in current process: 81
01-01 04:04:40.420 E/[Gralloc-ERROR](   81): int gralloc_unregister_buffer(const gralloc_module_t*, const native_handle_t*):274 Trying to unregister buffer 0x45c4ea60 from process 81 that was not created in current process: 81
01-01 04:04:40.420 E/[Gralloc-ERROR](   81): int gralloc_unregister_buffer(const gralloc_module_t*, const native_handle_t*):274 Trying to unregister buffer 0x469d4ce0 from process 81 that was not created in current process: 81
01-01 04:04:40.420 E/[Gralloc-ERROR](   81): int gralloc_unregister_buffer(const gralloc_module_t*, const native_handle_t*):274 Trying to unregister buffer 0x469d4c40 from process 81 that was not created in current process: 81
01-01 04:04:40.540 I/Gecko   (   81): 1325408680544	Marionette	INFO	sendToClient: {"from":"0","ok":true}, {593e180e-5d39-41ba-87b8-362d21351b03}, {593e180e-5d39-41ba-87b8-362d21351b03}
01-01 04:04:40.650 I/Gecko:ProcessPriorityManager(   81): [(Preallocated), child-id=3, pid=417] Creating ParticularProcessPriorityManager.
01-01 04:04:40.650 I/Gecko:ProcessPriorityManager(   81): [(Preallocated), child-id=3, pid=417] Done starting up.  mHoldsCPUWakeLock=0, mHoldsHighPriorityWakeLock=0
01-01 04:04:40.660 I/Gecko:ProcessPriorityManager(   81): [(Preallocated), child-id=3, pid=417] Changing priority from UNKNOWN:CPU_NORMAL to MASTER:CPU_NORMAL.
01-01 04:04:40.660 I/Gonk    (   81): Setting nice for pid 417 to 0
01-01 04:04:40.660 I/Gonk    (   81): Changed nice for pid 417 from 0 to 0.
01-01 04:04:40.670 I/Gecko:ProcessPriorityManager(   81): [Homescreen, child-id=2, pid=373] Changing priority from FOREGROUND:CPU_NORMAL to FOREGROUND:CPU_LOW.
01-01 04:04:40.670 I/Gonk    (   81): Setting nice for pid 373 to 18
01-01 04:04:40.670 I/Gonk    (   81): Changed nice for pid 373 from 1 to 18.
01-01 04:04:40.670 I/Gecko:ProcessPriorityManager(   81): KillBackgroundApps
01-01 04:04:40.890 I/Gecko   (   81): 1325408680899	Marionette	DEBUG	Got request: switchToFrame, data: {"to":"0","sessionId":"3-b2g","name":"switchToFrame","parameters":{"id":null,"focus":true}}, id: {37ae8fe6-dbe2-4cde-b03e-3556adaac88d}
01-01 04:04:40.980 I/Gecko   (   81): 1325408680990	Marionette	INFO	Switched to frame: {"frameValue":null}
01-01 04:04:41.170 I/Gecko   (   81): 1325408681179	Marionette	INFO	sendToClient: {"from":"0","ok":true}, {37ae8fe6-dbe2-4cde-b03e-3556adaac88d}, {37ae8fe6-dbe2-4cde-b03e-3556adaac88d}
01-01 04:04:41.220 I/Gecko   (   81): 1325408681229	Marionette	DEBUG	Got request: executeWithCallback, data: {"to":"0","sessionId":"3-b2g","name":"executeAsyncScript","parameters":{"specialPowers":false,"scriptTimeout":60000,"newSandbox":true,"args":[],"filename":"app_checker.py","script":"\n        GaiaApps.locateWithManifestURL('http://conjugverbos.com.br/manifest.webapp',\n                                       null,\n                                       function uninstall(app) {\n                                       navigator.mozApps.mgmt.uninstall(app);\n                                       marionetteScriptFinished(true);\n                                       });\n        ","line":129}}, id: {00bf8fb7-7c78-43ff-82d0-5adeed20ca1d}
01-01 04:04:41.250 I/Gecko   (   81): 1325408681256	Marionette	INFO	sendToClient: {"from":"0","error":{"message":"TypeError: app is null","status":17,"stacktrace":"execute_async_script @app_checker.py, line 129\ninline javascript, line 221\nsrc: \"      appName = app.manifest.name;\""}}, {00bf8fb7-7c78-43ff-82d0-5adeed20ca1d}, {00bf8fb7-7c78-43ff-82d0-5adeed20ca1d}