--------- beginning of /dev/log/system
12-31 23:10:05.460 I/Vold    (   75): Vold 2.1 (the revenge) firing up
12-31 23:10:05.490 D/Vold    (   75): Volume sdcard state changing -1 (Initializing) -> 0 (No-Media)
12-31 23:10:05.570 D/Vold    (   75): Volume sdcard state changing 0 (No-Media) -> 2 (Pending)
12-31 23:10:05.580 D/Vold    (   75): Volume sdcard state changing 2 (Pending) -> 1 (Idle-Unmounted)
12-31 23:10:10.590 D/VoldCmdListener(   75): volume list
12-31 23:10:10.590 D/VoldCmdListener(   75): volume mount sdcard
12-31 23:10:10.600 I/Vold    (   75): /dev/block/vold/179:1 being considered for volume sdcard
12-31 23:10:10.600 D/Vold    (   75): Volume sdcard state changing 1 (Idle-Unmounted) -> 3 (Checking)
12-31 23:10:10.600 W/Vold    (   75): Skipping fs checks
12-31 23:10:10.650 I/Vold    (   75): Device /dev/block/vold/179:1, target /mnt/sdcard mounted @ /mnt/secure/staging
12-31 23:10:10.650 D/Vold    (   75): Volume sdcard state changing 3 (Checking) -> 4 (Mounted)
--------- beginning of /dev/log/main
12-31 23:10:22.040 D/SPRDENG (  168): 30
12-31 23:10:22.040 D/SPRDENG (  168): 30
12-31 23:10:22.040 D/SPRDENG (  168): 30
12-31 23:10:22.040 D/SPRDENG (  168): 30
12-31 23:10:22.040 D/SPRDENG (  168): 34
12-31 23:10:22.040 D/SPRDENG (  168): 30
12-31 23:10:22.040 D/SPRDENG (  168): 30
12-31 23:10:22.040 D/SPRDENG (  168): 32
12-31 23:10:22.040 D/SPRDENG (  168): 30
12-31 23:10:22.040 D/SPRDENG (  168): 30
12-31 23:10:22.040 D/SPRDENG (  168): 30
12-31 23:10:22.040 D/SPRDENG (  168): 30
12-31 23:10:22.040 D/SPRDENG (  168): 30
12-31 23:10:22.040 D/SPRDENG (  168): 30
12-31 23:10:22.040 D/SPRDENG (  168): 30
12-31 23:10:22.040 D/SPRDENG (  168): 30
12-31 23:10:22.040 D/SPRDENG (  168): 30
12-31 23:10:22.040 D/SPRDENG (  168): 30
12-31 23:10:22.040 D/SPRDENG (  168): 30
12-31 23:10:22.040 D/SPRDENG (  168): 30
12-31 23:10:22.040 D/SPRDENG (  168): 30
12-31 23:10:22.040 D/SPRDENG (  168): 30
12-31 23:10:22.040 D/SPRDENG (  168): 30
12-31 23:10:22.040 D/SPRDENG (  168): 30
12-31 23:10:22.040 D/SPRDENG (  168): 30
12-31 23:10:22.040 D/SPRDENG (  168): 30
12-31 23:10:22.040 D/SPRDENG (  168): 30
12-31 23:10:22.040 D/SPRDENG (  168): 30
12-31 23:10:22.040 D/SPRDENG (  168): 30
12-31 23:10:22.040 D/SPRDENG (  168): 30
12-31 23:10:22.040 D/SPRDENG (  168): 30
12-31 23:10:22.040 D/SPRDENG (  168): 30
12-31 23:10:22.040 D/SPRDENG (  168): 30
12-31 23:10:22.040 D/SPRDENG (  168): 30
12-31 23:10:22.040 D/SPRDENG (  168): 30
12-31 23:10:22.040 D/SPRDENG (  168): 30
12-31 23:10:22.040 D/SPRDENG (  168): 30
12-31 23:10:22.040 D/SPRDENG (  168): 30
12-31 23:10:22.040 D/SPRDENG (  168): 30
12-31 23:10:22.040 D/SPRDENG (  168): 30
12-31 23:10:22.040 D/SPRDENG (  168): 30
12-31 23:10:22.040 D/SPRDENG (  168): 30
12-31 23:10:22.040 D/SPRDENG (  168): 30
12-31 23:10:22.040 D/SPRDENG (  168): 30
12-31 23:10:22.040 D/SPRDENG (  168): 30
12-31 23:10:22.040 D/SPRDENG (  168): 30
12-31 23:10:22.040 D/SPRDENG (  168): 30
12-31 23:10:22.040 D/SPRDENG (  168): 30
12-31 23:10:22.040 D/SPRDENG (  168): 30
12-31 23:10:22.040 D/SPRDENG (  168): 30
12-31 23:10:22.040 D/SPRDENG (  168): 30
12-31 23:10:22.040 D/SPRDENG (  168): 30
12-31 23:10:22.040 D/SPRDENG (  168): 30
12-31 23:10:22.040 D/SPRDENG (  168): 30
12-31 23:10:22.040 D/SPRDENG (  168): 30
12-31 23:10:22.040 D/SPRDENG (  168): 30
12-31 23:10:22.040 D/SPRDENG (  168): 30
12-31 23:10:22.040 D/SPRDENG (  168): 30
12-31 23:10:22.040 D/SPRDENG (  168): 30
12-31 23:10:22.040 D/SPRDENG (  168): 30
12-31 23:10:22.040 D/SPRDENG (  168): 30
12-31 23:10:22.040 D/SPRDENG (  168): 30
12-31 23:10:22.040 D/SPRDENG (  168): 30
12-31 23:10:22.040 D/SPRDENG (  168): 30
12-31 23:10:22.040 D/SPRDENG (  168): 30
12-31 23:10:22.040 D/SPRDENG (  168): 30
12-31 23:10:22.040 D/SPRDENG (  168): 30
12-31 23:10:22.040 D/SPRDENG (  168): 30
12-31 23:10:22.040 D/SPRDENG (  168): 30
12-31 23:10:22.040 D/SPRDENG (  168): 30
12-31 23:10:22.040 D/SPRDENG (  168): 30
12-31 23:10:22.040 D/SPRDENG (  168): 30
12-31 23:10:22.040 D/SPRDENG (  168): 30
12-31 23:10:22.040 D/SPRDENG (  168): 30
12-31 23:10:22.040 D/SPRDENG (  168): 30
12-31 23:10:22.040 D/SPRDENG (  168): 30
12-31 23:10:22.040 D/SPRDENG (  168): 30
12-31 23:10:22.040 D/SPRDENG (  168): 30
12-31 23:10:22.040 D/SPRDENG (  168): 30
12-31 23:10:22.040 D/SPRDENG (  168): 30
12-31 23:10:22.040 D/SPRDENG (  168): 30
12-31 23:10:22.040 D/SPRDENG (  168): 30
12-31 23:10:22.040 D/SPRDENG (  168): 30
12-31 23:10:22.040 D/SPRDENG (  168): 30
12-31 23:10:22.040 D/SPRDENG (  168): 30
12-31 23:10:22.040 D/SPRDENG (  168): 30
12-31 23:10:22.040 D/SPRDENG (  168): 30
12-31 23:10:22.040 D/SPRDENG (  168): 30
12-31 23:10:22.040 D/SPRDENG (  168): 30
12-31 23:10:22.040 D/SPRDENG (  168): 30
12-31 23:10:22.040 D/SPRDENG (  168): 30
12-31 23:10:22.040 D/SPRDENG (  168): 30
12-31 23:10:22.040 D/SPRDENG (  168): 30
12-31 23:10:22.040 D/SPRDENG (  168): 30
12-31 23:10:22.040 D/SPRDENG (  168): 30
12-31 23:10:22.040 D/SPRDENG (  168): 30
12-31 23:10:22.040 D/SPRDENG (  168): 30
12-31 23:10:22.040 D/SPRDENG (  168): 30
12-31 23:10:22.040 D/SPRDENG (  168): 30
12-31 23:10:22.040 D/SPRDENG (  168): 30
12-31 23:10:22.040 D/SPRDENG (  168): 30
12-31 23:10:22.040 D/SPRDENG (  168): 30
12-31 23:10:22.040 D/SPRDENG (  168): 30
12-31 23:10:22.040 D/SPRDENG (  168): 30
12-31 23:10:22.040 D/SPRDENG (  168): 30
12-31 23:10:22.040 D/SPRDENG (  168): 30
12-31 23:10:22.040 D/SPRDENG (  168): 30
12-31 23:10:22.040 D/SPRDENG (  168): 30
12-31 23:10:22.040 D/SPRDENG (  168): 30
12-31 23:10:22.040 D/SPRDENG (  168): 30
12-31 23:10:22.040 D/SPRDENG (  168): 30
12-31 23:10:22.040 D/SPRDENG (  168): 30
12-31 23:10:22.040 D/SPRDENG (  168): 30
12-31 23:10:22.040 D/SPRDENG (  168): 30
12-31 23:10:22.040 D/SPRDENG (  168): 30
12-31 23:10:22.040 D/SPRDENG (  168): 30
12-31 23:10:22.040 D/SPRDENG (  168): 30
12-31 23:10:22.040 D/SPRDENG (  168): 30
12-31 23:10:22.040 D/SPRDENG (  168): 30
12-31 23:10:22.040 D/SPRDENG (  168): 30
12-31 23:10:22.040 D/SPRDENG (  168): 30
12-31 23:10:22.040 D/SPRDENG (  168): 30
12-31 23:10:22.040 D/SPRDENG (  168): 30
12-31 23:10:22.040 D/SPRDENG (  168): 30
12-31 23:10:22.040 D/SPRDENG (  168): 30
12-31 23:10:22.040 D/SPRDENG (  168): 30
12-31 23:10:22.040 D/SPRDENG (  168): 30
12-31 23:10:22.040 D/SPRDENG (  168): 30
12-31 23:10:22.040 D/SPRDENG (  168): 30
12-31 23:10:22.040 D/SPRDENG (  168): 30
12-31 23:10:22.040 D/SPRDENG (  168): 30
12-31 23:10:22.040 D/SPRDENG (  168): 30
12-31 23:10:22.040 D/SPRDENG (  168): 62
12-31 23:10:22.040 D/SPRDENG (  168): 62
12-31 23:10:22.040 D/SPRDENG (  168): 62
12-31 23:10:22.040 D/SPRDENG (  168): 65
12-31 23:10:22.040 D/SPRDENG (  168): 63
12-31 23:10:22.040 D/SPRDENG (  168): 32
12-31 23:10:22.040 D/SPRDENG (  168): 63
12-31 23:10:22.040 D/SPRDENG (  168): 36
12-31 23:10:22.040 D/SPRDENG (  168): 31
12-31 23:10:22.040 D/SPRDENG (  168): 61
12-31 23:10:22.040 D/SPRDENG (  168): 32
12-31 23:10:22.040 D/SPRDENG (  168): 33
12-31 23:10:22.040 D/SPRDENG (  168): 31
12-31 23:10:22.040 D/SPRDENG (  168): 63
12-31 23:10:22.040 D/SPRDENG (  168): 32
12-31 23:10:22.040 D/SPRDENG (  168): 33
12-31 23:10:22.040 D/SPRDENG (  168): 30
12-31 23:10:22.040 D/SPRDENG (  168): 30
12-31 23:10:22.040 D/SPRDENG (  168): 30
12-31 23:10:22.040 D/SPRDENG (  168): 30
12-31 23:10:22.040 D/SPRDENG (  168): 30
12-31 23:10:22.040 D/SPRDENG (  168): 30
12-31 23:10:22.040 D/SPRDENG (  168): 30
12-31 23:10:22.040 D/SPRDENG (  168): 30
12-31 23:10:22.040 D/SPRDENG (  168): 30
12-31 23:10:22.040 D/SPRDENG (  168): 30
12-31 23:10:22.040 D/SPRDENG (  168): 30
12-31 23:10:22.040 D/SPRDENG (  168): 30
12-31 23:10:22.040 D/SPRDENG (  168): 30
12-31 23:10:22.040 D/SPRDENG (  168): 30
12-31 23:10:22.040 D/SPRDENG (  168): 30
12-31 23:10:22.040 D/SPRDENG (  168): 30
12-31 23:10:22.040 D/SPRDENG (  168): 31
12-31 23:10:22.040 D/SPRDENG (  168): 61
12-31 23:10:22.040 D/SPRDENG (  168): 32
12-31 23:10:22.040 D/SPRDENG (  168): 33
12-31 23:10:22.040 D/SPRDENG (  168): 31
12-31 23:10:22.040 D/SPRDENG (  168): 63
12-31 23:10:22.040 D/SPRDENG (  168): 32
12-31 23:10:22.040 D/SPRDENG (  168): 33
12-31 23:10:22.040 D/SPRDENG (  168): 30
12-31 23:10:22.040 D/SPRDENG (  168): 30
12-31 23:10:22.040 D/SPRDENG (  168): 30
12-31 23:10:22.040 D/SPRDENG (  168): 30
12-31 23:10:22.040 D/SPRDENG (  168): 30
12-31 23:10:22.040 D/SPRDENG (  168): 30
12-31 23:10:22.040 D/SPRDENG (  168): 30
12-31 23:10:22.040 D/SPRDENG (  168): 30
12-31 23:10:22.040 D/SPRDENG (  168): 30
12-31 23:10:22.040 D/SPRDENG (  168): 30
12-31 23:10:22.040 D/SPRDENG (  168): 30
12-31 23:10:22.040 D/SPRDENG (  168): 30
12-31 23:10:22.040 D/SPRDENG (  168): 30
12-31 23:10:22.040 D/SPRDENG (  168): 30
12-31 23:10:22.040 D/SPRDENG (  168): 30
12-31 23:10:22.040 D/SPRDENG (  168): 30
12-31 23:10:22.040 D/SPRDENG (  168): 31
12-31 23:10:22.040 D/SPRDENG (  168): 62
12-31 23:10:22.040 D/SPRDENG (  168): 32
12-31 23:10:22.040 D/SPRDENG (  168): 33
12-31 23:10:22.040 D/SPRDENG (  168): 31
12-31 23:10:22.040 D/SPRDENG (  168): 63
12-31 23:10:22.040 D/SPRDENG (  168): 32
12-31 23:10:22.040 D/SPRDENG (  168): 33
12-31 23:10:22.040 D/SPRDENG (  168): 30
12-31 23:10:22.040 D/SPRDENG (  168): 30
12-31 23:10:22.040 D/SPRDENG (  168): 30
12-31 23:10:22.040 D/SPRDENG (  168): 30
12-31 23:10:22.040 D/SPRDENG (  168): 30
12-31 23:10:22.040 D/SPRDENG (  168): 30
12-31 23:10:22.040 D/SPRDENG (  168): 30
12-31 23:10:22.040 D/SPRDENG (  168): 30
12-31 23:10:22.040 D/SPRDENG (  168): 30
12-31 23:10:22.040 D/SPRDENG (  168): 30
12-31 23:10:22.040 D/SPRDENG (  168): 30
12-31 23:10:22.040 D/SPRDENG (  168): 30
12-31 23:10:22.040 D/SPRDENG (  168): 30
12-31 23:10:22.040 D/SPRDENG (  168): 30
12-31 23:10:22.040 D/SPRDENG (  168): 30
12-31 23:10:22.040 D/SPRDENG (  168): 30
12-31 23:10:22.040 D/SPRDENG (  168): 31
12-31 23:10:22.040 D/SPRDENG (  168): 62
12-31 23:10:22.040 D/SPRDENG (  168): 32
12-31 23:10:22.040 D/SPRDENG (  168): 33
12-31 23:10:22.040 D/SPRDENG (  168): 31
12-31 23:10:22.040 D/SPRDENG (  168): 63
12-31 23:10:22.040 D/SPRDENG (  168): 32
12-31 23:10:22.040 D/SPRDENG (  168): 33
12-31 23:10:22.040 D/SPRDENG (  168): 30
12-31 23:10:22.040 D/SPRDENG (  168): 30
12-31 23:10:22.040 D/SPRDENG (  168): 30
12-31 23:10:22.040 D/SPRDENG (  168): 30
12-31 23:10:22.040 D/SPRDENG (  168): 30
12-31 23:10:22.040 D/SPRDENG (  168): 30
12-31 23:10:22.040 D/SPRDENG (  168): 30
12-31 23:10:22.040 D/SPRDENG (  168): 30
12-31 23:10:22.040 D/SPRDENG (  168): 30
12-31 23:10:22.040 D/SPRDENG (  168): 30
12-31 23:10:22.040 D/SPRDENG (  168): 30
12-31 23:10:22.040 D/SPRDENG (  168): 30
12-31 23:10:22.040 D/SPRDENG (  168): 30
12-31 23:10:22.040 D/SPRDENG (  168): 30
12-31 23:10:22.040 D/SPRDENG (  168): 30
12-31 23:10:22.040 D/SPRDENG (  168): 30
12-31 23:10:22.040 D/SPRDENG (  168): 31
12-31 23:10:22.040 D/SPRDENG (  168): 62
12-31 23:10:22.040 D/SPRDENG (  168): 32
12-31 23:10:22.040 D/SPRDENG (  168): 33
12-31 23:10:22.040 D/SPRDENG (  168): 31
12-31 23:10:22.040 D/SPRDENG (  168): 63
12-31 23:10:22.040 D/SPRDENG (  168): 32
12-31 23:10:22.040 D/SPRDENG (  168): 33
12-31 23:10:22.040 D/SPRDENG (  168): 30
12-31 23:10:22.040 D/SPRDENG (  168): 30
12-31 23:10:22.040 D/SPRDENG (  168): 30
12-31 23:10:22.040 D/SPRDENG (  168): 30
12-31 23:10:22.040 D/SPRDENG (  168): 30
12-31 23:10:22.040 D/SPRDENG (  168): 30
12-31 23:10:22.040 D/SPRDENG (  168): 30
12-31 23:10:22.040 D/SPRDENG (  168): 30
12-31 23:10:22.040 D/SPRDENG (  168): 30
12-31 23:10:22.040 D/SPRDENG (  168): 30
12-31 23:10:22.040 D/SPRDENG (  168): 30
12-31 23:10:22.040 D/SPRDENG (  168): 30
12-31 23:10:22.040 D/SPRDENG (  168): 30
12-31 23:10:22.040 D/SPRDENG (  168): 30
12-31 23:10:22.040 D/SPRDENG (  168): 30
12-31 23:10:22.040 D/SPRDENG (  168): 30
12-31 23:10:22.040 D/SPRDENG (  168): 30
12-31 23:10:22.040 D/SPRDENG (  168): 30
12-31 23:10:22.040 D/SPRDENG (  168): 30
12-31 23:10:22.040 D/SPRDENG (  168): 30
12-31 23:10:22.040 D/SPRDENG (  168): 30
12-31 23:10:22.040 D/SPRDENG (  168): 30
12-31 23:10:22.040 D/SPRDENG (  168): 30
12-31 23:10:22.040 D/SPRDENG (  168): 30
12-31 23:10:22.040 D/SPRDENG (  168): 30
12-31 23:10:22.040 D/SPRDENG (  168): 30
12-31 23:10:22.040 D/SPRDENG (  168): 30
12-31 23:10:22.040 D/SPRDENG (  168): 30
12-31 23:10:22.040 D/SPRDENG (  168): 30
12-31 23:10:22.040 D/SPRDENG (  168): 30
12-31 23:10:22.040 D/SPRDENG (  168): 30
12-31 23:10:22.040 D/SPRDENG (  168): 30
12-31 23:10:22.040 D/SPRDENG (  168): 30
12-31 23:10:22.040 D/SPRDENG (  168): 30
12-31 23:10:22.040 D/SPRDENG (  168): 30
12-31 23:10:22.040 D/SPRDENG (  168): 30
12-31 23:10:22.040 D/SPRDENG (  168): 30
12-31 23:10:22.040 D/SPRDENG (  168): 30
12-31 23:10:22.040 D/SPRDENG (  168): 30
12-31 23:10:22.040 D/SPRDENG (  168): 30
12-31 23:10:22.040 D/SPRDENG (  168): 32
12-31 23:10:22.040 D/SPRDENG (  168): 63
12-31 23:10:22.040 D/SPRDENG (  168): 30
12-31 23:10:22.040 D/SPRDENG (  168): 30
12-31 23:10:22.040 D/SPRDENG (  168): 30
12-31 23:10:22.040 D/SPRDENG (  168): 30
12-31 23:10:22.040 D/SPRDENG (  168): 30
12-31 23:10:22.040 D/SPRDENG (  168): 30
12-31 23:10:22.040 D/SPRDENG (  168): 1a
12-31 23:10:22.050 D/SPRDENG (  168): eng_modem2server: use SIM1 /dev/CHNPTY13
12-31 23:10:22.050 D/SPRDENG (  168): AT < 
12-31 23:10:22.050 D/SPRDENG (  168): OK
12-31 23:10:22.050 D/SPRDENG (  168): 
12-31 23:10:22.050 E/        (  102): nvcal_recv_from_modem: Receive 1 Modem Response
12-31 23:10:22.050 E/        (  102): write_rf_nvconf_cmd: wifi recv_num =6, response=[
12-31 23:10:22.050 E/        (  102): OK
12-31 23:10:22.050 E/        (  102): ]
12-31 23:10:22.150 E/eng_rf_nv_update(  102): [set_rf_nvconf]: NV updated OK!
12-31 23:10:22.150 E/eng_rf_nv_update(  102): [save_rf_nv_to_bak_file] NV data save to bake file OK
12-31 23:10:22.150 E/eng_rf_nv_update(  102): [eng_rf_nv_update]: end eng rf nv update!
12-31 23:10:22.150 I/logwrapper(   80): /system/bin/eng_rf_nv_update terminated by exit(0)
12-31 23:10:22.640 I/power   (   81): *** set_screen_state 1
12-31 23:10:22.640 D/Sensors (   81): activate handle=3; drv=1
12-31 23:10:22.640 D/Sensors (   81): SensorTMD2771::setEnable=0= en=1; newState=1; what=0; mEnabled=0
12-31 23:10:22.750 D/Sensors (   81): taos ---Light::TAOS_IOCTL_ALS_ON=== err=0
12-31 23:10:22.750 D/Sensors (   81): SensorTMD2771::setEnable=1= en=1; newState=1; what=0; mEnabled=1
12-31 23:10:22.750 D/Sensors (   81): SensorTMD2771::getEnable===mEnabled=0x1; enable=1
12-31 23:10:22.770 I/GeckoDump(   81): XXX FIXME : Got a mozContentEvent: nfc-hardware-state-change
12-31 23:10:22.800 I/GeckoDump(   81): XXX FIXME : Got a mozContentEvent: system-message-listener-ready
12-31 23:10:22.850 I/Gecko:ProcessPriorityManager(   81): [(Preallocated), child-id=2, pid=372] Creating ParticularProcessPriorityManager.
12-31 23:10:22.850 I/Gecko:ProcessPriorityManager(   81): [(Preallocated), child-id=2, pid=372] Done starting up.  mHoldsCPUWakeLock=0, mHoldsHighPriorityWakeLock=0
12-31 23:10:22.850 I/Gecko:ProcessPriorityManager(   81): [(Preallocated), child-id=2, pid=372] Changing priority from UNKNOWN:CPU_NORMAL to MASTER:CPU_NORMAL.
12-31 23:10:22.850 I/Gonk    (   81): Setting nice for pid 372 to 0
12-31 23:10:22.850 I/Gonk    (   81): Changed nice for pid 372 from 0 to 0.
12-31 23:10:23.240 D/Sensors (   81): SensorTMD2771::readEvents()======data_fd=53,count=16
12-31 23:10:23.240 D/Sensors (   81): SensorTMD2771::processEvent()=====code=40::value=64 
12-31 23:10:23.240 D/Sensors (   81): SensorTMD2771: mPendingEvents[Light].light = 64.000000
12-31 23:10:23.500 I/Gecko   (   81): 1325391023503	Marionette	INFO	loaded marionette-listener.js
12-31 23:10:23.500 I/Gecko   (   81): 1325391023505	Marionette	INFO	sendToClient: {"from":"0","value":"3-b2g"}, {5a5559f8-5211-4a4f-8354-8d78a2b6fe6d}, {5a5559f8-5211-4a4f-8354-8d78a2b6fe6d}
12-31 23:10:23.650 E/GeckoConsole(   81): [JavaScript Error: "TypeError: widgetFrame is undefined" {file: "app://system.gaiamobile.org/js/cost_control.js" line: 119}]
12-31 23:10:24.010 I/Gecko   (   81): 1325391024014	Marionette	INFO	sendToClient: {"from":"0","value":{"ELEMENT":"{41c7074c-1c80-4225-b0ce-d0bc27911d71}"}}, {86a37bb4-3576-428f-a9c7-0c3adec963fe}, {86a37bb4-3576-428f-a9c7-0c3adec963fe}
12-31 23:10:24.100 I/Gecko   (   81): 1325391024107	Marionette	INFO	sendToClient: {"from":"0","value":false}, {4817d1a5-b8dd-4e36-8bba-656bd8c36f78}, {4817d1a5-b8dd-4e36-8bba-656bd8c36f78}
12-31 23:10:24.290 I/Gecko   (   81): 1325391024301	Marionette	INFO	sendToClient: {"from":"0","value":{"ELEMENT":"{41c7074c-1c80-4225-b0ce-d0bc27911d71}"}}, {8f8beb62-a57d-4161-be90-2a3e84c4e577}, {8f8beb62-a57d-4161-be90-2a3e84c4e577}
12-31 23:10:24.380 I/Gecko   (   81): 1325391024383	Marionette	INFO	sendToClient: {"from":"0","value":false}, {7523c619-bac5-4dcd-b785-f1e02c409049}, {7523c619-bac5-4dcd-b785-f1e02c409049}
12-31 23:10:24.510 I/Gecko   (   81): 1325391024522	Marionette	INFO	sendToClient: {"from":"0","value":{"ELEMENT":"{41c7074c-1c80-4225-b0ce-d0bc27911d71}"}}, {cdf23b5b-197d-49fc-a7c7-56aaeafcfda4}, {cdf23b5b-197d-49fc-a7c7-56aaeafcfda4}
12-31 23:10:24.560 I/Gecko   (   81): 1325391024563	Marionette	INFO	sendToClient: {"from":"0","value":false}, {8478d388-c68f-4df5-a623-ccfcedd23060}, {8478d388-c68f-4df5-a623-ccfcedd23060}
12-31 23:10:24.690 I/GeckoDump(   81): XXX FIXME : Got a mozContentEvent: accessibility-screenreader
12-31 23:10:24.750 I/GeckoDump(   81): XXX FIXME : Got a mozContentEvent: nfc-hardware-state-change
12-31 23:10:24.990 E/WifiHW  (   81): Leo ensure_config_file_exists config_file=/data/misc/wifi/wpa_supplicant.conf
12-31 23:10:24.990 E/WifiHW  (   81): daemon_cmd=wpa_supplicant:-iwlan0 -c/data/misc/wifi/wpa_supplicant.conf
12-31 23:10:25.150 I/Gecko   (   81): 1325391025156	Marionette	INFO	sendToClient: {"from":"0","value":{"ELEMENT":"{41c7074c-1c80-4225-b0ce-d0bc27911d71}"}}, {925f2b0d-62e1-45a0-946b-0985fc681575}, {925f2b0d-62e1-45a0-946b-0985fc681575}
12-31 23:10:25.270 I/Gecko   (   81): 1325391025278	Marionette	INFO	sendToClient: {"from":"0","value":true}, {7d34acaa-d67b-4497-a78d-aba3cce6081f}, {7d34acaa-d67b-4497-a78d-aba3cce6081f}
12-31 23:10:25.530 I/FMRadio (   81): FMRadio is initialized.
12-31 23:10:25.600 E/GeckoConsole(   81): Content JS ERROR at app://system.gaiamobile.org/js/telephony_settings.js:23 in set_vpm_error: Error setting voice privacy.
12-31 23:10:25.600 E/GeckoConsole(   81): Content JS ERROR at app://system.gaiamobile.org/js/telephony_settings.js:23 in set_vpm_error: Error setting voice privacy.
12-31 23:10:25.800 E/GeckoConsole(   81): Content JS ERROR at app://system.gaiamobile.org/js/telephony_settings.js:42 in set_vpm_error: Error roaming preference.
12-31 23:10:25.810 E/GeckoConsole(   81): Content JS ERROR at app://system.gaiamobile.org/js/telephony_settings.js:42 in set_vpm_error: Error roaming preference.
12-31 23:10:25.810 W/WifiHW  (   81): wifi_command: LOG_LEVEL
12-31 23:10:25.820 W/WifiHW  (   81): wifi_command: STATUS
12-31 23:10:25.840 W/WifiHW  (   81): wifi_command: LIST_NETWORKS
12-31 23:10:25.850 W/WifiHW  (   81): wifi_command: DRIVER MACADDR
12-31 23:10:25.860 W/WifiHW  (   81): wifi_command: GET_NETWORK 0 ssid
12-31 23:10:25.860 W/WifiHW  (   81): wifi_command: GET_NETWORK 0 bssid
12-31 23:10:25.870 W/WifiHW  (   81): wifi_command: GET_NETWORK 0 psk
12-31 23:10:25.870 W/WifiHW  (   81): wifi_command: GET_NETWORK 0 wep_key0
12-31 23:10:25.870 W/WifiHW  (   81): wifi_command: GET_NETWORK 0 wep_key1
12-31 23:10:25.870 W/WifiHW  (   81): wifi_command: GET_NETWORK 0 wep_key2
12-31 23:10:25.880 W/WifiHW  (   81): wifi_command: GET_NETWORK 0 wep_key3
12-31 23:10:25.880 W/WifiHW  (   81): wifi_command: GET_NETWORK 0 wep_tx_keyidx
12-31 23:10:25.900 W/WifiHW  (   81): wifi_command: GET_NETWORK 0 priority
12-31 23:10:25.900 W/WifiHW  (   81): wifi_command: GET_NETWORK 0 key_mgmt
12-31 23:10:25.900 W/WifiHW  (   81): wifi_command: GET_NETWORK 0 scan_ssid
12-31 23:10:25.900 W/WifiHW  (   81): wifi_command: GET_NETWORK 0 disabled
12-31 23:10:25.900 W/WifiHW  (   81): wifi_command: GET_NETWORK 0 identity
12-31 23:10:25.900 W/WifiHW  (   81): wifi_command: GET_NETWORK 0 password
12-31 23:10:25.910 W/WifiHW  (   81): wifi_command: GET_NETWORK 0 auth_alg
12-31 23:10:25.910 W/WifiHW  (   81): wifi_command: GET_NETWORK 0 phase1
12-31 23:10:25.910 W/WifiHW  (   81): wifi_command: GET_NETWORK 0 phase2
12-31 23:10:25.910 W/WifiHW  (   81): wifi_command: GET_NETWORK 0 eap
12-31 23:10:25.910 W/WifiHW  (   81): wifi_command: GET_NETWORK 0 pin
12-31 23:10:25.910 W/WifiHW  (   81): wifi_command: GET_NETWORK 0 pcsc
12-31 23:10:25.920 W/WifiHW  (   81): wifi_command: GET_NETWORK 1 ssid
12-31 23:10:25.920 W/WifiHW  (   81): wifi_command: GET_NETWORK 1 bssid
12-31 23:10:25.920 W/WifiHW  (   81): wifi_command: GET_NETWORK 1 psk
12-31 23:10:25.920 W/WifiHW  (   81): wifi_command: GET_NETWORK 1 wep_key0
12-31 23:10:25.920 W/WifiHW  (   81): wifi_command: GET_NETWORK 1 wep_key1
12-31 23:10:25.920 W/WifiHW  (   81): wifi_command: GET_NETWORK 1 wep_key2
12-31 23:10:25.920 W/WifiHW  (   81): wifi_command: GET_NETWORK 1 wep_key3
12-31 23:10:25.920 W/WifiHW  (   81): wifi_command: GET_NETWORK 1 wep_tx_keyidx
12-31 23:10:25.920 W/WifiHW  (   81): wifi_command: GET_NETWORK 1 priority
12-31 23:10:25.920 W/WifiHW  (   81): wifi_command: GET_NETWORK 1 key_mgmt
12-31 23:10:25.920 W/WifiHW  (   81): wifi_command: GET_NETWORK 1 scan_ssid
12-31 23:10:25.920 W/WifiHW  (   81): wifi_command: GET_NETWORK 1 disabled
12-31 23:10:25.920 W/WifiHW  (   81): wifi_command: GET_NETWORK 1 identity
12-31 23:10:25.940 W/WifiHW  (   81): wifi_command: GET_NETWORK 1 password
12-31 23:10:25.940 W/WifiHW  (   81): wifi_command: GET_NETWORK 1 auth_alg
12-31 23:10:25.940 W/WifiHW  (   81): wifi_command: GET_NETWORK 1 phase1
12-31 23:10:25.940 W/WifiHW  (   81): wifi_command: GET_NETWORK 1 phase2
12-31 23:10:25.940 W/WifiHW  (   81): wifi_command: GET_NETWORK 1 eap
12-31 23:10:25.940 W/WifiHW  (   81): wifi_command: GET_NETWORK 1 pin
12-31 23:10:25.940 W/WifiHW  (   81): wifi_command: GET_NETWORK 1 pcsc
12-31 23:10:25.950 W/WifiHW  (   81): wifi_command: GET_NETWORK 2 ssid
12-31 23:10:25.950 W/WifiHW  (   81): wifi_command: GET_NETWORK 2 bssid
12-31 23:10:25.950 W/WifiHW  (   81): wifi_command: GET_NETWORK 2 psk
12-31 23:10:25.960 W/WifiHW  (   81): wifi_command: GET_NETWORK 2 wep_key0
12-31 23:10:25.960 W/WifiHW  (   81): wifi_command: GET_NETWORK 2 wep_key1
12-31 23:10:25.960 W/WifiHW  (   81): wifi_command: GET_NETWORK 2 wep_key2
12-31 23:10:25.960 W/WifiHW  (   81): wifi_command: GET_NETWORK 2 wep_key3
12-31 23:10:25.960 W/WifiHW  (   81): wifi_command: GET_NETWORK 2 wep_tx_keyidx
12-31 23:10:25.960 W/WifiHW  (   81): wifi_command: GET_NETWORK 2 priority
12-31 23:10:25.970 W/WifiHW  (   81): wifi_command: GET_NETWORK 2 key_mgmt
12-31 23:10:25.970 W/WifiHW  (   81): wifi_command: GET_NETWORK 2 scan_ssid
12-31 23:10:25.970 W/WifiHW  (   81): wifi_command: GET_NETWORK 2 disabled
12-31 23:10:25.970 W/WifiHW  (   81): wifi_command: GET_NETWORK 2 identity
12-31 23:10:25.970 W/WifiHW  (   81): wifi_command: GET_NETWORK 2 password
12-31 23:10:25.970 W/WifiHW  (   81): wifi_command: GET_NETWORK 2 auth_alg
12-31 23:10:25.970 W/WifiHW  (   81): wifi_command: GET_NETWORK 2 phase1
12-31 23:10:25.970 W/WifiHW  (   81): wifi_command: GET_NETWORK 2 phase2
12-31 23:10:25.970 W/WifiHW  (   81): wifi_command: GET_NETWORK 2 eap
12-31 23:10:25.970 W/WifiHW  (   81): wifi_command: GET_NETWORK 2 pin
12-31 23:10:25.970 W/WifiHW  (   81): wifi_command: GET_NETWORK 2 pcsc
12-31 23:10:25.970 W/WifiHW  (   81): wifi_command: GET_NETWORK 3 ssid
12-31 23:10:25.980 W/WifiHW  (   81): wifi_command: GET_NETWORK 3 bssid
12-31 23:10:25.980 W/WifiHW  (   81): wifi_command: GET_NETWORK 3 psk
12-31 23:10:25.980 W/WifiHW  (   81): wifi_command: GET_NETWORK 3 wep_key0
12-31 23:10:25.980 W/WifiHW  (   81): wifi_command: GET_NETWORK 3 wep_key1
12-31 23:10:25.980 W/WifiHW  (   81): wifi_command: GET_NETWORK 3 wep_key2
12-31 23:10:25.980 W/WifiHW  (   81): wifi_command: GET_NETWORK 3 wep_key3
12-31 23:10:25.980 W/WifiHW  (   81): wifi_command: GET_NETWORK 3 wep_tx_keyidx
12-31 23:10:25.980 W/WifiHW  (   81): wifi_command: GET_NETWORK 3 priority
12-31 23:10:25.980 W/WifiHW  (   81): wifi_command: GET_NETWORK 3 key_mgmt
12-31 23:10:25.980 W/WifiHW  (   81): wifi_command: GET_NETWORK 3 scan_ssid
12-31 23:10:25.980 W/WifiHW  (   81): wifi_command: GET_NETWORK 3 disabled
12-31 23:10:25.980 W/WifiHW  (   81): wifi_command: GET_NETWORK 3 identity
12-31 23:10:25.980 W/WifiHW  (   81): wifi_command: GET_NETWORK 3 password
12-31 23:10:25.990 W/WifiHW  (   81): wifi_command: GET_NETWORK 3 auth_alg
12-31 23:10:25.990 W/WifiHW  (   81): wifi_command: GET_NETWORK 3 phase1
12-31 23:10:25.990 W/WifiHW  (   81): wifi_command: GET_NETWORK 3 phase2
12-31 23:10:25.990 W/WifiHW  (   81): wifi_command: GET_NETWORK 3 eap
12-31 23:10:26.000 W/WifiHW  (   81): wifi_command: GET_NETWORK 3 pin
12-31 23:10:26.000 W/WifiHW  (   81): wifi_command: GET_NETWORK 3 pcsc
12-31 23:10:26.060 W/WifiHW  (   81): wifi_command: ENABLE_NETWORK 0
12-31 23:10:26.060 W/WifiHW  (   81): wifi_command: ENABLE_NETWORK 1
12-31 23:10:26.060 W/WifiHW  (   81): wifi_command: ENABLE_NETWORK 2
12-31 23:10:26.060 W/WifiHW  (   81): wifi_command: ENABLE_NETWORK 3
12-31 23:10:26.060 W/WifiHW  (   81): wifi_command: AP_SCAN 1
12-31 23:10:26.080 W/WifiHW  (   81): wifi_command: SAVE_CONFIG
12-31 23:10:26.290 I/Gecko:ProcessPriorityManager(   81): [Homescreen, child-id=2, pid=372] Changing priority from MASTER:CPU_NORMAL to FOREGROUND:CPU_NORMAL.
12-31 23:10:26.290 I/Gonk    (   81): Setting nice for pid 372 to 1
12-31 23:10:26.290 I/Gonk    (   81): Changed nice for pid 372 from 0 to 1.
12-31 23:10:26.290 I/Gecko:ProcessPriorityManager(   81): Making background LRU pool with size(3)
12-31 23:10:26.290 I/Gecko:ProcessPriorityManager(   81): KillBackgroundApps
12-31 23:10:26.290 I/Gecko   (   81): [Parent 81] WARNING: waitpid failed pid:372 errno:10: file /var/lib/jenkins/jobs/B2G.v1.3.0.Tarako/workspace/gecko/ipc/chromium/src/base/process_util_posix.cc, line 254
12-31 23:10:26.560 E/[Gralloc-ERROR](   81): int gralloc_register_buffer(const gralloc_module_t*, const native_handle_t*):79 Unable to register handle 0x46551f60 coming from different process: 81
12-31 23:10:26.580 E/[Gralloc-ERROR](   81): int gralloc_register_buffer(const gralloc_module_t*, const native_handle_t*):79 Unable to register handle 0x4656f0b0 coming from different process: 81
12-31 23:10:26.700 E/[Gralloc-ERROR](   81): int gralloc_register_buffer(const gralloc_module_t*, const native_handle_t*):79 Unable to register handle 0x4656f510 coming from different process: 81
12-31 23:10:26.700 E/[Gralloc-ERROR](   81): int gralloc_register_buffer(const gralloc_module_t*, const native_handle_t*):79 Unable to register handle 0x4656f650 coming from different process: 81
12-31 23:10:26.910 I/GeckoDump(   81): XXX FIXME : Got a mozContentEvent: inputmethod-update-layouts
12-31 23:10:26.980 I/Gecko   (   81): ############################### browserElementPanning.js loaded
12-31 23:10:27.020 I/Gecko   (   81): ######################## BrowserElementChildPreload.js loaded
12-31 23:10:27.110 I/GeckoDump(   81): XXX FIXME : Got a mozContentEvent: inputmethod-update-layouts
12-31 23:10:27.750 E/GeckoConsole(   81): [JavaScript Warning: "Error in parsing value for 'font-weight'.  Declaration dropped." {file: "app://keyboard.gaiamobile.org/style/keyboard.css" line: 132 column: 15 source: "  font-weight: medium;"}]
12-31 23:10:28.530 I/Gecko   (   81): 1325391028534	Marionette	INFO	sendToClient: {"from":"0","ok":true}, {b5b34145-7508-4e98-84bc-10009dcb6cd5}, {b5b34145-7508-4e98-84bc-10009dcb6cd5}
12-31 23:10:28.560 I/Gecko   (   81): 1325391028571	Marionette	DEBUG	Got request: switchToFrame, data: {"to":"0","sessionId":"3-b2g","name":"switchToFrame","parameters":{"id":null,"focus":true}}, id: {bc28b4cc-cb06-4755-9e00-b4a391e3512e}
12-31 23:10:28.570 I/Gecko   (   81): 1325391028582	Marionette	INFO	Switched to frame: {"frameValue":null}
12-31 23:10:28.640 W/WifiHW  (   81): wifi_command: SCAN_RESULTS
12-31 23:10:28.710 I/Gecko   (  372): ###################################### forms.js loaded
12-31 23:10:28.790 I/Gecko   (   81): 1325391028799	Marionette	INFO	sendToClient: {"from":"0","ok":true}, {bc28b4cc-cb06-4755-9e00-b4a391e3512e}, {bc28b4cc-cb06-4755-9e00-b4a391e3512e}
12-31 23:10:28.900 I/Gecko   (  372): ############################### browserElementPanning.js loaded
12-31 23:10:29.020 W/WifiHW  (   81): wifi_command: GET_NETWORK 3 ssid
12-31 23:10:29.020 W/WifiHW  (   81): wifi_command: GET_NETWORK 3 bssid
12-31 23:10:29.020 W/WifiHW  (   81): wifi_command: GET_NETWORK 3 psk
12-31 23:10:29.030 W/WifiHW  (   81): wifi_command: GET_NETWORK 3 wep_key0
12-31 23:10:29.030 W/WifiHW  (   81): wifi_command: GET_NETWORK 3 wep_key1
12-31 23:10:29.030 W/WifiHW  (   81): wifi_command: GET_NETWORK 3 wep_key2
12-31 23:10:29.030 W/WifiHW  (   81): wifi_command: GET_NETWORK 3 wep_key3
12-31 23:10:29.030 W/WifiHW  (   81): wifi_command: GET_NETWORK 3 wep_tx_keyidx
12-31 23:10:29.030 W/WifiHW  (   81): wifi_command: GET_NETWORK 3 priority
12-31 23:10:29.030 W/WifiHW  (   81): wifi_command: GET_NETWORK 3 key_mgmt
12-31 23:10:29.030 W/WifiHW  (   81): wifi_command: GET_NETWORK 3 scan_ssid
12-31 23:10:29.030 W/WifiHW  (   81): wifi_command: GET_NETWORK 3 disabled
12-31 23:10:29.030 W/WifiHW  (   81): wifi_command: GET_NETWORK 3 identity
12-31 23:10:29.030 W/WifiHW  (   81): wifi_command: GET_NETWORK 3 password
12-31 23:10:29.040 W/WifiHW  (   81): wifi_command: GET_NETWORK 3 auth_alg
12-31 23:10:29.040 W/WifiHW  (   81): wifi_command: GET_NETWORK 3 phase1
12-31 23:10:29.040 W/WifiHW  (   81): wifi_command: GET_NETWORK 3 phase2
12-31 23:10:29.040 W/WifiHW  (   81): wifi_command: GET_NETWORK 3 eap
12-31 23:10:29.040 W/WifiHW  (   81): wifi_command: GET_NETWORK 3 pin
12-31 23:10:29.040 W/WifiHW  (   81): wifi_command: GET_NETWORK 3 pcsc
12-31 23:10:29.060 W/WifiHW  (   81): wifi_command: SIGNAL_POLL
12-31 23:10:29.070 W/WifiHW  (   81): wifi_command: GET_NETWORK 3 ssid
12-31 23:10:29.070 W/WifiHW  (   81): wifi_command: GET_NETWORK 3 bssid
12-31 23:10:29.070 W/WifiHW  (   81): wifi_command: GET_NETWORK 3 psk
12-31 23:10:29.070 W/WifiHW  (   81): wifi_command: GET_NETWORK 3 wep_key0
12-31 23:10:29.080 W/WifiHW  (   81): wifi_command: GET_NETWORK 3 wep_key1
12-31 23:10:29.080 W/WifiHW  (   81): wifi_command: GET_NETWORK 3 wep_key2
12-31 23:10:29.090 W/WifiHW  (   81): wifi_command: GET_NETWORK 3 wep_key3
12-31 23:10:29.090 W/WifiHW  (   81): wifi_command: GET_NETWORK 3 wep_tx_keyidx
12-31 23:10:29.090 W/WifiHW  (   81): wifi_command: GET_NETWORK 3 priority
12-31 23:10:29.090 W/WifiHW  (   81): wifi_command: GET_NETWORK 3 key_mgmt
12-31 23:10:29.090 W/WifiHW  (   81): wifi_command: GET_NETWORK 3 scan_ssid
12-31 23:10:29.100 W/WifiHW  (   81): wifi_command: GET_NETWORK 3 disabled
12-31 23:10:29.100 W/WifiHW  (   81): wifi_command: GET_NETWORK 3 identity
12-31 23:10:29.100 W/WifiHW  (   81): wifi_command: GET_NETWORK 3 password
12-31 23:10:29.100 W/WifiHW  (   81): wifi_command: GET_NETWORK 3 auth_alg
12-31 23:10:29.110 W/WifiHW  (   81): wifi_command: GET_NETWORK 3 phase1
12-31 23:10:29.110 W/WifiHW  (   81): wifi_command: GET_NETWORK 3 phase2
12-31 23:10:29.110 W/WifiHW  (   81): wifi_command: GET_NETWORK 3 eap
12-31 23:10:29.110 W/WifiHW  (   81): wifi_command: GET_NETWORK 3 pin
12-31 23:10:29.110 W/WifiHW  (   81): wifi_command: GET_NETWORK 3 pcsc
12-31 23:10:29.130 I/Gecko   (   81): 1325391029138	Marionette	DEBUG	Got request: executeWithCallback, data: {"to":"0","sessionId":"3-b2g","name":"executeAsyncScript","parameters":{"specialPowers":false,"scriptTimeout":null,"newSandbox":true,"args":[],"filename":"gaia_test.py","script":"GaiaLockScreen.unlock()","line":810}}, id: {5125b252-23b8-49aa-962b-7a5044d636f4}
12-31 23:10:29.140 W/WifiHW  (   81): wifi_command: DRIVER SCAN-PASSIVE
12-31 23:10:29.930 I/Gecko   (  372): ######################## BrowserElementChildPreload.js loaded
12-31 23:10:30.330 I/Gecko   (   81): 1325391030342	Marionette	INFO	sendToClient: {"from":"0","value":{"passed":0,"failed":0,"failures":[]}}, {5125b252-23b8-49aa-962b-7a5044d636f4}, {5125b252-23b8-49aa-962b-7a5044d636f4}
12-31 23:10:30.370 E/Profiler(   81): BPUnw: [1 total] thread_unregister_for_profiling(me=0x1235038)  (NOT REGISTERED) 
12-31 23:10:31.140 E/[Gralloc-ERROR](   81): int gralloc_register_buffer(const gralloc_module_t*, const native_handle_t*):79 Unable to register handle 0x45fa65b0 coming from different process: 81
12-31 23:10:31.140 E/[Gralloc-ERROR](   81): int gralloc_register_buffer(const gralloc_module_t*, const native_handle_t*):79 Unable to register handle 0x4607f150 coming from different process: 81
12-31 23:10:31.200 E/[Gralloc-ERROR](   81): int gralloc_register_buffer(const gralloc_module_t*, const native_handle_t*):79 Unable to register handle 0x464a3600 coming from different process: 81
12-31 23:10:31.200 E/[Gralloc-ERROR](   81): int gralloc_register_buffer(const gralloc_module_t*, const native_handle_t*):79 Unable to register handle 0x464a3fb0 coming from different process: 81
12-31 23:10:31.220 E/[Gralloc-ERROR](   81): int gralloc_register_buffer(const gralloc_module_t*, const native_handle_t*):79 Unable to register handle 0x465f93d0 coming from different process: 81
12-31 23:10:31.220 E/[Gralloc-ERROR](   81): int gralloc_register_buffer(const gralloc_module_t*, const native_handle_t*):79 Unable to register handle 0x465f9ab0 coming from different process: 81
12-31 23:10:31.410 I/GeckoDump(   81): XXX FIXME : Got a mozContentEvent: nfc-hardware-state-change
12-31 23:10:31.480 I/GeckoDump(   81): XXX FIXME : Got a mozContentEvent: nfc-hardware-state-change
12-31 23:10:31.700 E/[Gralloc-ERROR](   81): int gralloc_unregister_buffer(const gralloc_module_t*, const native_handle_t*):274 Trying to unregister buffer 0x4656f650 from process 81 that was not created in current process: 81
12-31 23:10:31.700 E/[Gralloc-ERROR](   81): int gralloc_unregister_buffer(const gralloc_module_t*, const native_handle_t*):274 Trying to unregister buffer 0x4656f510 from process 81 that was not created in current process: 81
12-31 23:10:31.720 I/Gecko:ProcessPriorityManager(   81): [(Preallocated), child-id=3, pid=414] Creating ParticularProcessPriorityManager.
12-31 23:10:31.720 I/Gecko:ProcessPriorityManager(   81): [(Preallocated), child-id=3, pid=414] Done starting up.  mHoldsCPUWakeLock=0, mHoldsHighPriorityWakeLock=0
12-31 23:10:31.720 I/Gecko:ProcessPriorityManager(   81): [(Preallocated), child-id=3, pid=414] Changing priority from UNKNOWN:CPU_NORMAL to MASTER:CPU_NORMAL.
12-31 23:10:31.720 I/Gonk    (   81): Setting nice for pid 414 to 0
12-31 23:10:31.720 I/Gonk    (   81): Changed nice for pid 414 from 0 to 0.
12-31 23:10:31.730 I/Gecko:ProcessPriorityManager(   81): [Homescreen, child-id=2, pid=372] Changing priority from FOREGROUND:CPU_NORMAL to FOREGROUND:CPU_LOW.
12-31 23:10:31.730 I/Gonk    (   81): Setting nice for pid 372 to 18
12-31 23:10:31.730 I/Gonk    (   81): Changed nice for pid 372 from 1 to 18.
12-31 23:10:31.730 I/Gecko:ProcessPriorityManager(   81): KillBackgroundApps
12-31 23:10:31.820 E/[Gralloc-ERROR](   81): int gralloc_unregister_buffer(const gralloc_module_t*, const native_handle_t*):274 Trying to unregister buffer 0x4607f150 from process 81 that was not created in current process: 81
12-31 23:10:31.820 E/[Gralloc-ERROR](   81): int gralloc_unregister_buffer(const gralloc_module_t*, const native_handle_t*):274 Trying to unregister buffer 0x45fa65b0 from process 81 that was not created in current process: 81
12-31 23:10:31.820 E/[Gralloc-ERROR](   81): int gralloc_unregister_buffer(const gralloc_module_t*, const native_handle_t*):274 Trying to unregister buffer 0x464a3fb0 from process 81 that was not created in current process: 81
12-31 23:10:31.820 E/[Gralloc-ERROR](   81): int gralloc_unregister_buffer(const gralloc_module_t*, const native_handle_t*):274 Trying to unregister buffer 0x464a3600 from process 81 that was not created in current process: 81
12-31 23:10:31.820 E/[Gralloc-ERROR](   81): int gralloc_unregister_buffer(const gralloc_module_t*, const native_handle_t*):274 Trying to unregister buffer 0x465f9ab0 from process 81 that was not created in current process: 81
12-31 23:10:31.820 E/[Gralloc-ERROR](   81): int gralloc_unregister_buffer(const gralloc_module_t*, const native_handle_t*):274 Trying to unregister buffer 0x465f93d0 from process 81 that was not created in current process: 81
12-31 23:10:31.990 I/Gecko   (   81): 1325391031998	Marionette	INFO	sendToClient: {"from":"0","ok":true}, {37e6f281-f93d-4dd5-8083-3733cfedfdb8}, {37e6f281-f93d-4dd5-8083-3733cfedfdb8}
12-31 23:10:32.040 I/Gecko   (   81): 1325391032051	Marionette	DEBUG	Got request: switchToFrame, data: {"to":"0","sessionId":"3-b2g","name":"switchToFrame","parameters":{"id":null,"focus":true}}, id: {3ead8800-3f60-4892-9ede-2abae7b01a67}
12-31 23:10:32.050 I/Gecko   (   81): 1325391032056	Marionette	INFO	Switched to frame: {"frameValue":null}
12-31 23:10:32.200 I/Gecko   (   81): 1325391032206	Marionette	INFO	sendToClient: {"from":"0","ok":true}, {3ead8800-3f60-4892-9ede-2abae7b01a67}, {3ead8800-3f60-4892-9ede-2abae7b01a67}
12-31 23:10:32.340 I/Gecko   (   81): 1325391032347	Marionette	DEBUG	Got request: executeWithCallback, data: {"to":"0","sessionId":"3-b2g","name":"executeAsyncScript","parameters":{"specialPowers":false,"scriptTimeout":60000,"newSandbox":true,"args":[],"filename":"app_checker.py","script":"\n        GaiaApps.locateWithManifestURL('http://14581.mippin.com/mip/raw/mippins/1/4/5/8/1/html5/app.webapp',\n                                       null,\n                                       function uninstall(app) {\n                                       navigator.mozApps.mgmt.uninstall(app);\n                                       marionetteScriptFinished(true);\n                                       });\n        ","line":129}}, id: {b1e015fd-130a-410a-94e0-1d7dda90b371}
12-31 23:10:32.600 I/Gecko   (   81): 1325391032607	Marionette	INFO	sendToClient: {"from":"0","error":{"message":"TypeError: app is null","status":17,"stacktrace":"execute_async_script @app_checker.py, line 129\ninline javascript, line 221\nsrc: \"      appName = app.manifest.name;\""}}, {b1e015fd-130a-410a-94e0-1d7dda90b371}, {b1e015fd-130a-410a-94e0-1d7dda90b371}