--------- beginning of /dev/log/system
01-01 06:38:14.760 I/Vold    (   75): Vold 2.1 (the revenge) firing up
01-01 06:38:14.760 D/Vold    (   75): Volume sdcard state changing -1 (Initializing) -> 0 (No-Media)
01-01 06:38:14.880 D/Vold    (   75): Volume sdcard state changing 0 (No-Media) -> 2 (Pending)
01-01 06:38:14.890 D/Vold    (   75): Volume sdcard state changing 2 (Pending) -> 1 (Idle-Unmounted)
01-01 06:38:19.880 D/VoldCmdListener(   75): volume list
01-01 06:38:19.880 D/VoldCmdListener(   75): volume mount sdcard
01-01 06:38:19.880 I/Vold    (   75): /dev/block/vold/179:1 being considered for volume sdcard
01-01 06:38:19.880 D/Vold    (   75): Volume sdcard state changing 1 (Idle-Unmounted) -> 3 (Checking)
01-01 06:38:19.880 W/Vold    (   75): Skipping fs checks
01-01 06:38:19.930 I/Vold    (   75): Device /dev/block/vold/179:1, target /mnt/sdcard mounted @ /mnt/secure/staging
01-01 06:38:19.940 D/Vold    (   75): Volume sdcard state changing 3 (Checking) -> 4 (Mounted)
--------- beginning of /dev/log/main
01-01 06:38:31.340 D/SPRDENG (  172): 30
01-01 06:38:31.340 D/SPRDENG (  172): 30
01-01 06:38:31.340 D/SPRDENG (  172): 30
01-01 06:38:31.340 D/SPRDENG (  172): 30
01-01 06:38:31.340 D/SPRDENG (  172): 30
01-01 06:38:31.340 D/SPRDENG (  172): 30
01-01 06:38:31.340 D/SPRDENG (  172): 30
01-01 06:38:31.340 D/SPRDENG (  172): 30
01-01 06:38:31.340 D/SPRDENG (  172): 30
01-01 06:38:31.340 D/SPRDENG (  172): 30
01-01 06:38:31.340 D/SPRDENG (  172): 30
01-01 06:38:31.340 D/SPRDENG (  172): 30
01-01 06:38:31.340 D/SPRDENG (  172): 30
01-01 06:38:31.340 D/SPRDENG (  172): 30
01-01 06:38:31.340 D/SPRDENG (  172): 30
01-01 06:38:31.340 D/SPRDENG (  172): 30
01-01 06:38:31.340 D/SPRDENG (  172): 30
01-01 06:38:31.340 D/SPRDENG (  172): 30
01-01 06:38:31.340 D/SPRDENG (  172): 30
01-01 06:38:31.340 D/SPRDENG (  172): 30
01-01 06:38:31.340 D/SPRDENG (  172): 30
01-01 06:38:31.340 D/SPRDENG (  172): 30
01-01 06:38:31.340 D/SPRDENG (  172): 30
01-01 06:38:31.340 D/SPRDENG (  172): 30
01-01 06:38:31.340 D/SPRDENG (  172): 30
01-01 06:38:31.340 D/SPRDENG (  172): 30
01-01 06:38:31.340 D/SPRDENG (  172): 30
01-01 06:38:31.340 D/SPRDENG (  172): 30
01-01 06:38:31.340 D/SPRDENG (  172): 30
01-01 06:38:31.340 D/SPRDENG (  172): 30
01-01 06:38:31.340 D/SPRDENG (  172): 30
01-01 06:38:31.340 D/SPRDENG (  172): 30
01-01 06:38:31.340 D/SPRDENG (  172): 30
01-01 06:38:31.340 D/SPRDENG (  172): 30
01-01 06:38:31.340 D/SPRDENG (  172): 30
01-01 06:38:31.340 D/SPRDENG (  172): 30
01-01 06:38:31.340 D/SPRDENG (  172): 30
01-01 06:38:31.340 D/SPRDENG (  172): 30
01-01 06:38:31.340 D/SPRDENG (  172): 30
01-01 06:38:31.340 D/SPRDENG (  172): 30
01-01 06:38:31.340 D/SPRDENG (  172): 30
01-01 06:38:31.340 D/SPRDENG (  172): 30
01-01 06:38:31.340 D/SPRDENG (  172): 30
01-01 06:38:31.340 D/SPRDENG (  172): 30
01-01 06:38:31.340 D/SPRDENG (  172): 30
01-01 06:38:31.340 D/SPRDENG (  172): 30
01-01 06:38:31.340 D/SPRDENG (  172): 30
01-01 06:38:31.340 D/SPRDENG (  172): 30
01-01 06:38:31.340 D/SPRDENG (  172): 30
01-01 06:38:31.340 D/SPRDENG (  172): 30
01-01 06:38:31.340 D/SPRDENG (  172): 30
01-01 06:38:31.340 D/SPRDENG (  172): 30
01-01 06:38:31.340 D/SPRDENG (  172): 30
01-01 06:38:31.340 D/SPRDENG (  172): 30
01-01 06:38:31.340 D/SPRDENG (  172): 30
01-01 06:38:31.340 D/SPRDENG (  172): 30
01-01 06:38:31.340 D/SPRDENG (  172): 30
01-01 06:38:31.340 D/SPRDENG (  172): 30
01-01 06:38:31.340 D/SPRDENG (  172): 30
01-01 06:38:31.340 D/SPRDENG (  172): 30
01-01 06:38:31.340 D/SPRDENG (  172): 30
01-01 06:38:31.340 D/SPRDENG (  172): 30
01-01 06:38:31.340 D/SPRDENG (  172): 30
01-01 06:38:31.340 D/SPRDENG (  172): 30
01-01 06:38:31.340 D/SPRDENG (  172): 30
01-01 06:38:31.340 D/SPRDENG (  172): 30
01-01 06:38:31.340 D/SPRDENG (  172): 30
01-01 06:38:31.340 D/SPRDENG (  172): 30
01-01 06:38:31.340 D/SPRDENG (  172): 30
01-01 06:38:31.340 D/SPRDENG (  172): 30
01-01 06:38:31.340 D/SPRDENG (  172): 30
01-01 06:38:31.340 D/SPRDENG (  172): 30
01-01 06:38:31.340 D/SPRDENG (  172): 30
01-01 06:38:31.340 D/SPRDENG (  172): 30
01-01 06:38:31.340 D/SPRDENG (  172): 30
01-01 06:38:31.340 D/SPRDENG (  172): 30
01-01 06:38:31.340 D/SPRDENG (  172): 30
01-01 06:38:31.340 D/SPRDENG (  172): 30
01-01 06:38:31.340 D/SPRDENG (  172): 30
01-01 06:38:31.340 D/SPRDENG (  172): 30
01-01 06:38:31.340 D/SPRDENG (  172): 30
01-01 06:38:31.340 D/SPRDENG (  172): 30
01-01 06:38:31.340 D/SPRDENG (  172): 30
01-01 06:38:31.340 D/SPRDENG (  172): 30
01-01 06:38:31.340 D/SPRDENG (  172): 30
01-01 06:38:31.340 D/SPRDENG (  172): 30
01-01 06:38:31.340 D/SPRDENG (  172): 30
01-01 06:38:31.340 D/SPRDENG (  172): 30
01-01 06:38:31.340 D/SPRDENG (  172): 30
01-01 06:38:31.340 D/SPRDENG (  172): 30
01-01 06:38:31.340 D/SPRDENG (  172): 30
01-01 06:38:31.340 D/SPRDENG (  172): 30
01-01 06:38:31.340 D/SPRDENG (  172): 30
01-01 06:38:31.340 D/SPRDENG (  172): 30
01-01 06:38:31.340 D/SPRDENG (  172): 30
01-01 06:38:31.340 D/SPRDENG (  172): 30
01-01 06:38:31.340 D/SPRDENG (  172): 30
01-01 06:38:31.340 D/SPRDENG (  172): 30
01-01 06:38:31.340 D/SPRDENG (  172): 30
01-01 06:38:31.340 D/SPRDENG (  172): 30
01-01 06:38:31.340 D/SPRDENG (  172): 30
01-01 06:38:31.340 D/SPRDENG (  172): 30
01-01 06:38:31.340 D/SPRDENG (  172): 30
01-01 06:38:31.340 D/SPRDENG (  172): 30
01-01 06:38:31.340 D/SPRDENG (  172): 30
01-01 06:38:31.340 D/SPRDENG (  172): 30
01-01 06:38:31.340 D/SPRDENG (  172): 30
01-01 06:38:31.340 D/SPRDENG (  172): 30
01-01 06:38:31.340 D/SPRDENG (  172): 30
01-01 06:38:31.340 D/SPRDENG (  172): 30
01-01 06:38:31.340 D/SPRDENG (  172): 30
01-01 06:38:31.340 D/SPRDENG (  172): 30
01-01 06:38:31.340 D/SPRDENG (  172): 30
01-01 06:38:31.340 D/SPRDENG (  172): 62
01-01 06:38:31.340 D/SPRDENG (  172): 62
01-01 06:38:31.340 D/SPRDENG (  172): 62
01-01 06:38:31.340 D/SPRDENG (  172): 65
01-01 06:38:31.340 D/SPRDENG (  172): 63
01-01 06:38:31.340 D/SPRDENG (  172): 32
01-01 06:38:31.340 D/SPRDENG (  172): 63
01-01 06:38:31.340 D/SPRDENG (  172): 36
01-01 06:38:31.340 D/SPRDENG (  172): 31
01-01 06:38:31.340 D/SPRDENG (  172): 61
01-01 06:38:31.340 D/SPRDENG (  172): 32
01-01 06:38:31.340 D/SPRDENG (  172): 33
01-01 06:38:31.340 D/SPRDENG (  172): 31
01-01 06:38:31.340 D/SPRDENG (  172): 63
01-01 06:38:31.340 D/SPRDENG (  172): 32
01-01 06:38:31.340 D/SPRDENG (  172): 33
01-01 06:38:31.340 D/SPRDENG (  172): 30
01-01 06:38:31.340 D/SPRDENG (  172): 30
01-01 06:38:31.340 D/SPRDENG (  172): 30
01-01 06:38:31.340 D/SPRDENG (  172): 30
01-01 06:38:31.340 D/SPRDENG (  172): 30
01-01 06:38:31.340 D/SPRDENG (  172): 30
01-01 06:38:31.340 D/SPRDENG (  172): 30
01-01 06:38:31.340 D/SPRDENG (  172): 30
01-01 06:38:31.340 D/SPRDENG (  172): 30
01-01 06:38:31.340 D/SPRDENG (  172): 30
01-01 06:38:31.340 D/SPRDENG (  172): 30
01-01 06:38:31.340 D/SPRDENG (  172): 30
01-01 06:38:31.340 D/SPRDENG (  172): 30
01-01 06:38:31.340 D/SPRDENG (  172): 30
01-01 06:38:31.340 D/SPRDENG (  172): 30
01-01 06:38:31.340 D/SPRDENG (  172): 30
01-01 06:38:31.340 D/SPRDENG (  172): 31
01-01 06:38:31.340 D/SPRDENG (  172): 61
01-01 06:38:31.340 D/SPRDENG (  172): 32
01-01 06:38:31.340 D/SPRDENG (  172): 33
01-01 06:38:31.340 D/SPRDENG (  172): 31
01-01 06:38:31.340 D/SPRDENG (  172): 63
01-01 06:38:31.340 D/SPRDENG (  172): 32
01-01 06:38:31.340 D/SPRDENG (  172): 33
01-01 06:38:31.340 D/SPRDENG (  172): 30
01-01 06:38:31.340 D/SPRDENG (  172): 30
01-01 06:38:31.340 D/SPRDENG (  172): 30
01-01 06:38:31.340 D/SPRDENG (  172): 30
01-01 06:38:31.340 D/SPRDENG (  172): 30
01-01 06:38:31.340 D/SPRDENG (  172): 30
01-01 06:38:31.340 D/SPRDENG (  172): 30
01-01 06:38:31.340 D/SPRDENG (  172): 30
01-01 06:38:31.340 D/SPRDENG (  172): 30
01-01 06:38:31.340 D/SPRDENG (  172): 30
01-01 06:38:31.340 D/SPRDENG (  172): 30
01-01 06:38:31.340 D/SPRDENG (  172): 30
01-01 06:38:31.340 D/SPRDENG (  172): 30
01-01 06:38:31.340 D/SPRDENG (  172): 30
01-01 06:38:31.340 D/SPRDENG (  172): 30
01-01 06:38:31.340 D/SPRDENG (  172): 30
01-01 06:38:31.340 D/SPRDENG (  172): 31
01-01 06:38:31.340 D/SPRDENG (  172): 62
01-01 06:38:31.340 D/SPRDENG (  172): 32
01-01 06:38:31.340 D/SPRDENG (  172): 33
01-01 06:38:31.340 D/SPRDENG (  172): 31
01-01 06:38:31.340 D/SPRDENG (  172): 63
01-01 06:38:31.340 D/SPRDENG (  172): 32
01-01 06:38:31.340 D/SPRDENG (  172): 33
01-01 06:38:31.340 D/SPRDENG (  172): 30
01-01 06:38:31.340 D/SPRDENG (  172): 30
01-01 06:38:31.340 D/SPRDENG (  172): 30
01-01 06:38:31.340 D/SPRDENG (  172): 30
01-01 06:38:31.340 D/SPRDENG (  172): 30
01-01 06:38:31.340 D/SPRDENG (  172): 30
01-01 06:38:31.340 D/SPRDENG (  172): 30
01-01 06:38:31.340 D/SPRDENG (  172): 30
01-01 06:38:31.340 D/SPRDENG (  172): 30
01-01 06:38:31.340 D/SPRDENG (  172): 30
01-01 06:38:31.340 D/SPRDENG (  172): 30
01-01 06:38:31.340 D/SPRDENG (  172): 30
01-01 06:38:31.340 D/SPRDENG (  172): 30
01-01 06:38:31.340 D/SPRDENG (  172): 30
01-01 06:38:31.340 D/SPRDENG (  172): 30
01-01 06:38:31.340 D/SPRDENG (  172): 30
01-01 06:38:31.340 D/SPRDENG (  172): 31
01-01 06:38:31.340 D/SPRDENG (  172): 62
01-01 06:38:31.340 D/SPRDENG (  172): 32
01-01 06:38:31.340 D/SPRDENG (  172): 33
01-01 06:38:31.340 D/SPRDENG (  172): 31
01-01 06:38:31.340 D/SPRDENG (  172): 63
01-01 06:38:31.340 D/SPRDENG (  172): 32
01-01 06:38:31.340 D/SPRDENG (  172): 33
01-01 06:38:31.340 D/SPRDENG (  172): 30
01-01 06:38:31.340 D/SPRDENG (  172): 30
01-01 06:38:31.340 D/SPRDENG (  172): 30
01-01 06:38:31.340 D/SPRDENG (  172): 30
01-01 06:38:31.340 D/SPRDENG (  172): 30
01-01 06:38:31.340 D/SPRDENG (  172): 30
01-01 06:38:31.340 D/SPRDENG (  172): 30
01-01 06:38:31.340 D/SPRDENG (  172): 30
01-01 06:38:31.340 D/SPRDENG (  172): 30
01-01 06:38:31.340 D/SPRDENG (  172): 30
01-01 06:38:31.340 D/SPRDENG (  172): 30
01-01 06:38:31.340 D/SPRDENG (  172): 30
01-01 06:38:31.340 D/SPRDENG (  172): 30
01-01 06:38:31.340 D/SPRDENG (  172): 30
01-01 06:38:31.340 D/SPRDENG (  172): 30
01-01 06:38:31.340 D/SPRDENG (  172): 30
01-01 06:38:31.340 D/SPRDENG (  172): 31
01-01 06:38:31.340 D/SPRDENG (  172): 62
01-01 06:38:31.340 D/SPRDENG (  172): 32
01-01 06:38:31.340 D/SPRDENG (  172): 33
01-01 06:38:31.340 D/SPRDENG (  172): 31
01-01 06:38:31.340 D/SPRDENG (  172): 63
01-01 06:38:31.340 D/SPRDENG (  172): 32
01-01 06:38:31.340 D/SPRDENG (  172): 33
01-01 06:38:31.340 D/SPRDENG (  172): 30
01-01 06:38:31.340 D/SPRDENG (  172): 30
01-01 06:38:31.340 D/SPRDENG (  172): 30
01-01 06:38:31.340 D/SPRDENG (  172): 30
01-01 06:38:31.340 D/SPRDENG (  172): 30
01-01 06:38:31.340 D/SPRDENG (  172): 30
01-01 06:38:31.340 D/SPRDENG (  172): 30
01-01 06:38:31.340 D/SPRDENG (  172): 30
01-01 06:38:31.340 D/SPRDENG (  172): 30
01-01 06:38:31.340 D/SPRDENG (  172): 30
01-01 06:38:31.340 D/SPRDENG (  172): 30
01-01 06:38:31.340 D/SPRDENG (  172): 30
01-01 06:38:31.340 D/SPRDENG (  172): 30
01-01 06:38:31.340 D/SPRDENG (  172): 30
01-01 06:38:31.340 D/SPRDENG (  172): 30
01-01 06:38:31.340 D/SPRDENG (  172): 30
01-01 06:38:31.340 D/SPRDENG (  172): 30
01-01 06:38:31.340 D/SPRDENG (  172): 30
01-01 06:38:31.340 D/SPRDENG (  172): 30
01-01 06:38:31.340 D/SPRDENG (  172): 30
01-01 06:38:31.340 D/SPRDENG (  172): 30
01-01 06:38:31.340 D/SPRDENG (  172): 30
01-01 06:38:31.340 D/SPRDENG (  172): 30
01-01 06:38:31.340 D/SPRDENG (  172): 30
01-01 06:38:31.340 D/SPRDENG (  172): 30
01-01 06:38:31.340 D/SPRDENG (  172): 30
01-01 06:38:31.340 D/SPRDENG (  172): 30
01-01 06:38:31.340 D/SPRDENG (  172): 30
01-01 06:38:31.340 D/SPRDENG (  172): 30
01-01 06:38:31.340 D/SPRDENG (  172): 30
01-01 06:38:31.340 D/SPRDENG (  172): 30
01-01 06:38:31.340 D/SPRDENG (  172): 30
01-01 06:38:31.340 D/SPRDENG (  172): 30
01-01 06:38:31.340 D/SPRDENG (  172): 30
01-01 06:38:31.340 D/SPRDENG (  172): 30
01-01 06:38:31.340 D/SPRDENG (  172): 30
01-01 06:38:31.340 D/SPRDENG (  172): 30
01-01 06:38:31.340 D/SPRDENG (  172): 30
01-01 06:38:31.340 D/SPRDENG (  172): 30
01-01 06:38:31.340 D/SPRDENG (  172): 30
01-01 06:38:31.340 D/SPRDENG (  172): 32
01-01 06:38:31.340 D/SPRDENG (  172): 63
01-01 06:38:31.340 D/SPRDENG (  172): 30
01-01 06:38:31.340 D/SPRDENG (  172): 30
01-01 06:38:31.340 D/SPRDENG (  172): 30
01-01 06:38:31.340 D/SPRDENG (  172): 30
01-01 06:38:31.340 D/SPRDENG (  172): 30
01-01 06:38:31.340 D/SPRDENG (  172): 30
01-01 06:38:31.340 D/SPRDENG (  172): 1a
01-01 06:38:31.340 D/SPRDENG (  172): eng_modem2server: use SIM1 /dev/CHNPTY13
01-01 06:38:31.340 D/SPRDENG (  172): AT < 
01-01 06:38:31.340 D/SPRDENG (  172): OK
01-01 06:38:31.340 D/SPRDENG (  172): 
01-01 06:38:31.340 E/        (  100): nvcal_recv_from_modem: Receive 1 Modem Response
01-01 06:38:31.340 E/        (  100): write_rf_nvconf_cmd: wifi recv_num =6, response=[
01-01 06:38:31.340 E/        (  100): OK
01-01 06:38:31.340 E/        (  100): ]
01-01 06:38:31.440 E/eng_rf_nv_update(  100): [set_rf_nvconf]: NV updated OK!
01-01 06:38:31.450 E/eng_rf_nv_update(  100): [save_rf_nv_to_bak_file] NV data save to bake file OK
01-01 06:38:31.450 E/eng_rf_nv_update(  100): [eng_rf_nv_update]: end eng rf nv update!
01-01 06:38:31.450 I/logwrapper(   80): /system/bin/eng_rf_nv_update terminated by exit(0)
01-01 06:38:31.870 I/power   (   81): *** set_screen_state 1
01-01 06:38:31.870 D/Sensors (   81): activate handle=3; drv=1
01-01 06:38:31.870 D/Sensors (   81): SensorTMD2771::setEnable=0= en=1; newState=1; what=0; mEnabled=0
01-01 06:38:31.980 D/Sensors (   81): taos ---Light::TAOS_IOCTL_ALS_ON=== err=0
01-01 06:38:31.980 D/Sensors (   81): SensorTMD2771::setEnable=1= en=1; newState=1; what=0; mEnabled=1
01-01 06:38:31.980 D/Sensors (   81): SensorTMD2771::getEnable===mEnabled=0x1; enable=1
01-01 06:38:32.000 I/GeckoDump(   81): XXX FIXME : Got a mozContentEvent: nfc-hardware-state-change
01-01 06:38:32.030 I/GeckoDump(   81): XXX FIXME : Got a mozContentEvent: system-message-listener-ready
01-01 06:38:32.080 I/Gecko:ProcessPriorityManager(   81): [(Preallocated), child-id=2, pid=378] Creating ParticularProcessPriorityManager.
01-01 06:38:32.080 I/Gecko:ProcessPriorityManager(   81): [(Preallocated), child-id=2, pid=378] Done starting up.  mHoldsCPUWakeLock=0, mHoldsHighPriorityWakeLock=0
01-01 06:38:32.080 I/Gecko:ProcessPriorityManager(   81): [(Preallocated), child-id=2, pid=378] Changing priority from UNKNOWN:CPU_NORMAL to MASTER:CPU_NORMAL.
01-01 06:38:32.080 I/Gonk    (   81): Setting nice for pid 378 to 0
01-01 06:38:32.080 I/Gonk    (   81): Changed nice for pid 378 from 0 to 0.
01-01 06:38:32.680 D/Sensors (   81): SensorTMD2771::readEvents()======data_fd=53,count=16
01-01 06:38:32.680 D/Sensors (   81): SensorTMD2771::processEvent()=====code=40::value=1 
01-01 06:38:32.680 D/Sensors (   81): SensorTMD2771: mPendingEvents[Light].light = 1.000000
01-01 06:38:32.740 I/Gecko   (   81): 1325417912743	Marionette	INFO	loaded marionette-listener.js
01-01 06:38:32.740 I/Gecko   (   81): 1325417912746	Marionette	INFO	sendToClient: {"from":"0","value":"3-b2g"}, {9174e6ad-29ed-4843-a535-555a1a5a35ea}, {9174e6ad-29ed-4843-a535-555a1a5a35ea}
01-01 06:38:32.890 E/GeckoConsole(   81): [JavaScript Error: "TypeError: widgetFrame is undefined" {file: "app://system.gaiamobile.org/js/cost_control.js" line: 119}]
01-01 06:38:33.230 E/WifiHW  (   81): Leo ensure_config_file_exists config_file=/data/misc/wifi/wpa_supplicant.conf
01-01 06:38:33.230 E/WifiHW  (   81): daemon_cmd=wpa_supplicant:-iwlan0 -c/data/misc/wifi/wpa_supplicant.conf
01-01 06:38:33.290 I/Gecko   (   81): 1325417913300	Marionette	INFO	sendToClient: {"from":"0","value":{"ELEMENT":"{ed5fa013-60a4-47c8-b913-bb73c3861c47}"}}, {23e6f5b6-ae2e-42f9-a615-711befc5ad56}, {23e6f5b6-ae2e-42f9-a615-711befc5ad56}
01-01 06:38:33.420 I/Gecko   (   81): 1325417913424	Marionette	INFO	sendToClient: {"from":"0","value":false}, {f0095b3f-b8f4-433d-bd03-baf9eeaf494e}, {f0095b3f-b8f4-433d-bd03-baf9eeaf494e}
01-01 06:38:33.610 I/Gecko   (   81): 1325417913619	Marionette	INFO	sendToClient: {"from":"0","value":{"ELEMENT":"{ed5fa013-60a4-47c8-b913-bb73c3861c47}"}}, {64b2807c-7161-43d0-bdf8-6a60e53b64bc}, {64b2807c-7161-43d0-bdf8-6a60e53b64bc}
01-01 06:38:33.790 I/Gecko   (   81): 1325417913794	Marionette	INFO	sendToClient: {"from":"0","value":false}, {02625730-5283-4e30-a72d-5a917ca6433a}, {02625730-5283-4e30-a72d-5a917ca6433a}
01-01 06:38:34.030 I/Gecko   (   81): 1325417914038	Marionette	INFO	sendToClient: {"from":"0","value":{"ELEMENT":"{ed5fa013-60a4-47c8-b913-bb73c3861c47}"}}, {0b409050-16f9-46cc-bff9-65753364e54e}, {0b409050-16f9-46cc-bff9-65753364e54e}
01-01 06:38:34.120 I/Gecko   (   81): 1325417914131	Marionette	INFO	sendToClient: {"from":"0","value":false}, {6702a602-2489-4f04-9246-f916ae25f1ed}, {6702a602-2489-4f04-9246-f916ae25f1ed}
01-01 06:38:34.160 W/WifiHW  (   81): wifi_command: LOG_LEVEL
01-01 06:38:34.160 W/WifiHW  (   81): wifi_command: STATUS
01-01 06:38:34.180 W/WifiHW  (   81): wifi_command: LIST_NETWORKS
01-01 06:38:34.190 W/WifiHW  (   81): wifi_command: DRIVER MACADDR
01-01 06:38:34.200 W/WifiHW  (   81): wifi_command: GET_NETWORK 0 ssid
01-01 06:38:34.200 W/WifiHW  (   81): wifi_command: GET_NETWORK 0 bssid
01-01 06:38:34.200 W/WifiHW  (   81): wifi_command: GET_NETWORK 0 psk
01-01 06:38:34.200 W/WifiHW  (   81): wifi_command: GET_NETWORK 0 wep_key0
01-01 06:38:34.200 W/WifiHW  (   81): wifi_command: GET_NETWORK 0 wep_key1
01-01 06:38:34.200 W/WifiHW  (   81): wifi_command: GET_NETWORK 0 wep_key2
01-01 06:38:34.200 W/WifiHW  (   81): wifi_command: GET_NETWORK 0 wep_key3
01-01 06:38:34.200 W/WifiHW  (   81): wifi_command: GET_NETWORK 0 wep_tx_keyidx
01-01 06:38:34.200 W/WifiHW  (   81): wifi_command: GET_NETWORK 0 priority
01-01 06:38:34.200 W/WifiHW  (   81): wifi_command: GET_NETWORK 0 key_mgmt
01-01 06:38:34.200 W/WifiHW  (   81): wifi_command: GET_NETWORK 0 scan_ssid
01-01 06:38:34.200 W/WifiHW  (   81): wifi_command: GET_NETWORK 0 disabled
01-01 06:38:34.220 W/WifiHW  (   81): wifi_command: GET_NETWORK 0 identity
01-01 06:38:34.220 W/WifiHW  (   81): wifi_command: GET_NETWORK 0 password
01-01 06:38:34.220 W/WifiHW  (   81): wifi_command: GET_NETWORK 0 auth_alg
01-01 06:38:34.220 W/WifiHW  (   81): wifi_command: GET_NETWORK 0 phase1
01-01 06:38:34.220 W/WifiHW  (   81): wifi_command: GET_NETWORK 0 phase2
01-01 06:38:34.220 W/WifiHW  (   81): wifi_command: GET_NETWORK 0 eap
01-01 06:38:34.220 W/WifiHW  (   81): wifi_command: GET_NETWORK 0 pin
01-01 06:38:34.230 W/WifiHW  (   81): wifi_command: GET_NETWORK 0 pcsc
01-01 06:38:34.230 W/WifiHW  (   81): wifi_command: GET_NETWORK 1 ssid
01-01 06:38:34.230 W/WifiHW  (   81): wifi_command: GET_NETWORK 1 bssid
01-01 06:38:34.230 W/WifiHW  (   81): wifi_command: GET_NETWORK 1 psk
01-01 06:38:34.230 W/WifiHW  (   81): wifi_command: GET_NETWORK 1 wep_key0
01-01 06:38:34.230 W/WifiHW  (   81): wifi_command: GET_NETWORK 1 wep_key1
01-01 06:38:34.230 W/WifiHW  (   81): wifi_command: GET_NETWORK 1 wep_key2
01-01 06:38:34.230 W/WifiHW  (   81): wifi_command: GET_NETWORK 1 wep_key3
01-01 06:38:34.240 W/WifiHW  (   81): wifi_command: GET_NETWORK 1 wep_tx_keyidx
01-01 06:38:34.240 W/WifiHW  (   81): wifi_command: GET_NETWORK 1 priority
01-01 06:38:34.240 W/WifiHW  (   81): wifi_command: GET_NETWORK 1 key_mgmt
01-01 06:38:34.240 W/WifiHW  (   81): wifi_command: GET_NETWORK 1 scan_ssid
01-01 06:38:34.240 W/WifiHW  (   81): wifi_command: GET_NETWORK 1 disabled
01-01 06:38:34.240 W/WifiHW  (   81): wifi_command: GET_NETWORK 1 identity
01-01 06:38:34.250 W/WifiHW  (   81): wifi_command: GET_NETWORK 1 password
01-01 06:38:34.250 W/WifiHW  (   81): wifi_command: GET_NETWORK 1 auth_alg
01-01 06:38:34.250 W/WifiHW  (   81): wifi_command: GET_NETWORK 1 phase1
01-01 06:38:34.250 W/WifiHW  (   81): wifi_command: GET_NETWORK 1 phase2
01-01 06:38:34.250 W/WifiHW  (   81): wifi_command: GET_NETWORK 1 eap
01-01 06:38:34.250 W/WifiHW  (   81): wifi_command: GET_NETWORK 1 pin
01-01 06:38:34.250 W/WifiHW  (   81): wifi_command: GET_NETWORK 1 pcsc
01-01 06:38:34.260 W/WifiHW  (   81): wifi_command: GET_NETWORK 2 ssid
01-01 06:38:34.260 W/WifiHW  (   81): wifi_command: GET_NETWORK 2 bssid
01-01 06:38:34.260 W/WifiHW  (   81): wifi_command: GET_NETWORK 2 psk
01-01 06:38:34.260 W/WifiHW  (   81): wifi_command: GET_NETWORK 2 wep_key0
01-01 06:38:34.260 W/WifiHW  (   81): wifi_command: GET_NETWORK 2 wep_key1
01-01 06:38:34.260 W/WifiHW  (   81): wifi_command: GET_NETWORK 2 wep_key2
01-01 06:38:34.260 W/WifiHW  (   81): wifi_command: GET_NETWORK 2 wep_key3
01-01 06:38:34.260 W/WifiHW  (   81): wifi_command: GET_NETWORK 2 wep_tx_keyidx
01-01 06:38:34.260 W/WifiHW  (   81): wifi_command: GET_NETWORK 2 priority
01-01 06:38:34.260 W/WifiHW  (   81): wifi_command: GET_NETWORK 2 key_mgmt
01-01 06:38:34.260 W/WifiHW  (   81): wifi_command: GET_NETWORK 2 scan_ssid
01-01 06:38:34.260 W/WifiHW  (   81): wifi_command: GET_NETWORK 2 disabled
01-01 06:38:34.260 W/WifiHW  (   81): wifi_command: GET_NETWORK 2 identity
01-01 06:38:34.270 W/WifiHW  (   81): wifi_command: GET_NETWORK 2 password
01-01 06:38:34.270 W/WifiHW  (   81): wifi_command: GET_NETWORK 2 auth_alg
01-01 06:38:34.270 W/WifiHW  (   81): wifi_command: GET_NETWORK 2 phase1
01-01 06:38:34.280 W/WifiHW  (   81): wifi_command: GET_NETWORK 2 phase2
01-01 06:38:34.280 W/WifiHW  (   81): wifi_command: GET_NETWORK 2 eap
01-01 06:38:34.280 W/WifiHW  (   81): wifi_command: GET_NETWORK 2 pin
01-01 06:38:34.280 W/WifiHW  (   81): wifi_command: GET_NETWORK 2 pcsc
01-01 06:38:34.280 W/WifiHW  (   81): wifi_command: GET_NETWORK 3 ssid
01-01 06:38:34.280 W/WifiHW  (   81): wifi_command: GET_NETWORK 3 bssid
01-01 06:38:34.280 W/WifiHW  (   81): wifi_command: GET_NETWORK 3 psk
01-01 06:38:34.280 W/WifiHW  (   81): wifi_command: GET_NETWORK 3 wep_key0
01-01 06:38:34.280 W/WifiHW  (   81): wifi_command: GET_NETWORK 3 wep_key1
01-01 06:38:34.280 W/WifiHW  (   81): wifi_command: GET_NETWORK 3 wep_key2
01-01 06:38:34.280 W/WifiHW  (   81): wifi_command: GET_NETWORK 3 wep_key3
01-01 06:38:34.280 W/WifiHW  (   81): wifi_command: GET_NETWORK 3 wep_tx_keyidx
01-01 06:38:34.290 W/WifiHW  (   81): wifi_command: GET_NETWORK 3 priority
01-01 06:38:34.290 W/WifiHW  (   81): wifi_command: GET_NETWORK 3 key_mgmt
01-01 06:38:34.290 W/WifiHW  (   81): wifi_command: GET_NETWORK 3 scan_ssid
01-01 06:38:34.290 W/WifiHW  (   81): wifi_command: GET_NETWORK 3 disabled
01-01 06:38:34.290 W/WifiHW  (   81): wifi_command: GET_NETWORK 3 identity
01-01 06:38:34.290 W/WifiHW  (   81): wifi_command: GET_NETWORK 3 password
01-01 06:38:34.290 W/WifiHW  (   81): wifi_command: GET_NETWORK 3 auth_alg
01-01 06:38:34.290 W/WifiHW  (   81): wifi_command: GET_NETWORK 3 phase1
01-01 06:38:34.290 W/WifiHW  (   81): wifi_command: GET_NETWORK 3 phase2
01-01 06:38:34.290 W/WifiHW  (   81): wifi_command: GET_NETWORK 3 eap
01-01 06:38:34.290 W/WifiHW  (   81): wifi_command: GET_NETWORK 3 pin
01-01 06:38:34.290 W/WifiHW  (   81): wifi_command: GET_NETWORK 3 pcsc
01-01 06:38:34.320 W/WifiHW  (   81): wifi_command: ENABLE_NETWORK 0
01-01 06:38:34.320 W/WifiHW  (   81): wifi_command: ENABLE_NETWORK 1
01-01 06:38:34.320 W/WifiHW  (   81): wifi_command: ENABLE_NETWORK 2
01-01 06:38:34.320 W/WifiHW  (   81): wifi_command: ENABLE_NETWORK 3
01-01 06:38:34.330 W/WifiHW  (   81): wifi_command: AP_SCAN 1
01-01 06:38:34.350 W/WifiHW  (   81): wifi_command: SAVE_CONFIG
01-01 06:38:34.370 I/Gecko   (   81): 1325417914382	Marionette	INFO	sendToClient: {"from":"0","value":{"ELEMENT":"{ed5fa013-60a4-47c8-b913-bb73c3861c47}"}}, {8d269cfd-f629-4939-b9e7-9c09ab2a19e8}, {8d269cfd-f629-4939-b9e7-9c09ab2a19e8}
01-01 06:38:34.440 I/Gecko   (   81): 1325417914446	Marionette	INFO	sendToClient: {"from":"0","value":false}, {fe165825-9214-4369-817c-5827b596362e}, {fe165825-9214-4369-817c-5827b596362e}
01-01 06:38:34.590 I/GeckoDump(   81): XXX FIXME : Got a mozContentEvent: accessibility-screenreader
01-01 06:38:34.670 I/GeckoDump(   81): XXX FIXME : Got a mozContentEvent: nfc-hardware-state-change
01-01 06:38:35.030 W/WifiHW  (   81): wifi_command: DRIVER SCAN-ACTIVE
01-01 06:38:35.210 W/WifiHW  (   81): wifi_command: SCAN
01-01 06:38:35.270 W/WifiHW  (   81): wifi_command: DRIVER SCAN-PASSIVE
01-01 06:38:35.280 I/Gecko   (   81): 1325417915288	Marionette	INFO	sendToClient: {"from":"0","value":{"ELEMENT":"{ed5fa013-60a4-47c8-b913-bb73c3861c47}"}}, {e1dcceb5-35a9-425b-9fbc-b0d1b5827b34}, {e1dcceb5-35a9-425b-9fbc-b0d1b5827b34}
01-01 06:38:35.420 I/Gecko   (   81): 1325417915428	Marionette	INFO	sendToClient: {"from":"0","value":true}, {4b12b8ce-8656-4c3b-bed8-778bb1ae1d61}, {4b12b8ce-8656-4c3b-bed8-778bb1ae1d61}
01-01 06:38:35.690 I/FMRadio (   81): FMRadio is initialized.
01-01 06:38:35.790 E/GeckoConsole(   81): Content JS ERROR at app://system.gaiamobile.org/js/telephony_settings.js:23 in set_vpm_error: Error setting voice privacy.
01-01 06:38:35.790 E/GeckoConsole(   81): Content JS ERROR at app://system.gaiamobile.org/js/telephony_settings.js:23 in set_vpm_error: Error setting voice privacy.
01-01 06:38:35.930 E/GeckoConsole(   81): Content JS ERROR at app://system.gaiamobile.org/js/telephony_settings.js:42 in set_vpm_error: Error roaming preference.
01-01 06:38:35.930 E/GeckoConsole(   81): Content JS ERROR at app://system.gaiamobile.org/js/telephony_settings.js:42 in set_vpm_error: Error roaming preference.
01-01 06:38:36.230 I/Gecko:ProcessPriorityManager(   81): [Homescreen, child-id=2, pid=378] Changing priority from MASTER:CPU_NORMAL to FOREGROUND:CPU_NORMAL.
01-01 06:38:36.230 I/Gonk    (   81): Setting nice for pid 378 to 1
01-01 06:38:36.230 I/Gonk    (   81): Changed nice for pid 378 from 0 to 1.
01-01 06:38:36.230 I/Gecko:ProcessPriorityManager(   81): Making background LRU pool with size(3)
01-01 06:38:36.230 I/Gecko:ProcessPriorityManager(   81): KillBackgroundApps
01-01 06:38:36.230 I/Gecko   (   81): [Parent 81] WARNING: waitpid failed pid:378 errno:10: file /var/lib/jenkins/jobs/B2G.v1.3.0.Tarako/workspace/gecko/ipc/chromium/src/base/process_util_posix.cc, line 254
01-01 06:38:36.510 E/[Gralloc-ERROR](   81): int gralloc_register_buffer(const gralloc_module_t*, const native_handle_t*):79 Unable to register handle 0x45b1af60 coming from different process: 81
01-01 06:38:36.530 E/[Gralloc-ERROR](   81): int gralloc_register_buffer(const gralloc_module_t*, const native_handle_t*):79 Unable to register handle 0x46061f60 coming from different process: 81
01-01 06:38:36.600 E/[Gralloc-ERROR](   81): int gralloc_register_buffer(const gralloc_module_t*, const native_handle_t*):79 Unable to register handle 0x467aaec0 coming from different process: 81
01-01 06:38:36.600 E/[Gralloc-ERROR](   81): int gralloc_register_buffer(const gralloc_module_t*, const native_handle_t*):79 Unable to register handle 0x468aadd0 coming from different process: 81
01-01 06:38:36.760 I/GeckoDump(   81): XXX FIXME : Got a mozContentEvent: inputmethod-update-layouts
01-01 06:38:36.850 I/Gecko   (   81): ############################### browserElementPanning.js loaded
01-01 06:38:36.880 I/Gecko   (   81): ######################## BrowserElementChildPreload.js loaded
01-01 06:38:37.040 I/GeckoDump(   81): XXX FIXME : Got a mozContentEvent: inputmethod-update-layouts
01-01 06:38:37.700 E/GeckoConsole(   81): [JavaScript Warning: "Error in parsing value for 'font-weight'.  Declaration dropped." {file: "app://keyboard.gaiamobile.org/style/keyboard.css" line: 132 column: 15 source: "  font-weight: medium;"}]
01-01 06:38:38.310 W/WifiHW  (   81): wifi_command: SCAN_RESULTS
01-01 06:38:38.410 W/WifiHW  (   81): wifi_command: DRIVER SCAN-PASSIVE
01-01 06:38:38.450 I/Gecko   (   81): 1325417918462	Marionette	INFO	sendToClient: {"from":"0","ok":true}, {2cec286d-379b-48d3-8f59-71c912f06cc6}, {2cec286d-379b-48d3-8f59-71c912f06cc6}
01-01 06:38:38.520 W/WifiHW  (   81): wifi_command: GET_NETWORK 3 ssid
01-01 06:38:38.530 W/WifiHW  (   81): wifi_command: GET_NETWORK 3 bssid
01-01 06:38:38.540 W/WifiHW  (   81): wifi_command: GET_NETWORK 3 psk
01-01 06:38:38.540 W/WifiHW  (   81): wifi_command: GET_NETWORK 3 wep_key0
01-01 06:38:38.540 W/WifiHW  (   81): wifi_command: GET_NETWORK 3 wep_key1
01-01 06:38:38.550 W/WifiHW  (   81): wifi_command: GET_NETWORK 3 wep_key2
01-01 06:38:38.550 W/WifiHW  (   81): wifi_command: GET_NETWORK 3 wep_key3
01-01 06:38:38.550 W/WifiHW  (   81): wifi_command: GET_NETWORK 3 wep_tx_keyidx
01-01 06:38:38.550 W/WifiHW  (   81): wifi_command: GET_NETWORK 3 priority
01-01 06:38:38.550 W/WifiHW  (   81): wifi_command: GET_NETWORK 3 key_mgmt
01-01 06:38:38.550 W/WifiHW  (   81): wifi_command: GET_NETWORK 3 scan_ssid
01-01 06:38:38.550 W/WifiHW  (   81): wifi_command: GET_NETWORK 3 disabled
01-01 06:38:38.560 W/WifiHW  (   81): wifi_command: GET_NETWORK 3 identity
01-01 06:38:38.560 W/WifiHW  (   81): wifi_command: GET_NETWORK 3 password
01-01 06:38:38.560 W/WifiHW  (   81): wifi_command: GET_NETWORK 3 auth_alg
01-01 06:38:38.570 W/WifiHW  (   81): wifi_command: GET_NETWORK 3 phase1
01-01 06:38:38.570 W/WifiHW  (   81): wifi_command: GET_NETWORK 3 phase2
01-01 06:38:38.570 W/WifiHW  (   81): wifi_command: GET_NETWORK 3 eap
01-01 06:38:38.580 W/WifiHW  (   81): wifi_command: GET_NETWORK 3 pin
01-01 06:38:38.580 W/WifiHW  (   81): wifi_command: GET_NETWORK 3 pcsc
01-01 06:38:38.660 I/Gecko   (  378): ###################################### forms.js loaded
01-01 06:38:38.760 I/Gecko   (   81): 1325417918768	Marionette	DEBUG	Got request: switchToFrame, data: {"to":"0","sessionId":"3-b2g","name":"switchToFrame","parameters":{"id":null,"focus":true}}, id: {cd726816-bb89-4fb6-86f8-17ad6e159488}
01-01 06:38:38.900 I/Gecko   (  378): ############################### browserElementPanning.js loaded
01-01 06:38:38.910 I/Gecko   (   81): 1325417918921	Marionette	INFO	Switched to frame: {"frameValue":null}
01-01 06:38:38.950 W/WifiHW  (   81): wifi_command: SIGNAL_POLL
01-01 06:38:38.960 W/WifiHW  (   81): wifi_command: GET_NETWORK 3 ssid
01-01 06:38:38.970 W/WifiHW  (   81): wifi_command: GET_NETWORK 3 bssid
01-01 06:38:38.970 W/WifiHW  (   81): wifi_command: GET_NETWORK 3 psk
01-01 06:38:38.970 W/WifiHW  (   81): wifi_command: GET_NETWORK 3 wep_key0
01-01 06:38:38.980 W/WifiHW  (   81): wifi_command: GET_NETWORK 3 wep_key1
01-01 06:38:38.980 W/WifiHW  (   81): wifi_command: GET_NETWORK 3 wep_key2
01-01 06:38:38.980 W/WifiHW  (   81): wifi_command: GET_NETWORK 3 wep_key3
01-01 06:38:38.980 W/WifiHW  (   81): wifi_command: GET_NETWORK 3 wep_tx_keyidx
01-01 06:38:38.990 W/WifiHW  (   81): wifi_command: GET_NETWORK 3 priority
01-01 06:38:38.990 W/WifiHW  (   81): wifi_command: GET_NETWORK 3 key_mgmt
01-01 06:38:38.990 W/WifiHW  (   81): wifi_command: GET_NETWORK 3 scan_ssid
01-01 06:38:38.990 W/WifiHW  (   81): wifi_command: GET_NETWORK 3 disabled
01-01 06:38:38.990 W/WifiHW  (   81): wifi_command: GET_NETWORK 3 identity
01-01 06:38:38.990 W/WifiHW  (   81): wifi_command: GET_NETWORK 3 password
01-01 06:38:39.000 W/WifiHW  (   81): wifi_command: GET_NETWORK 3 auth_alg
01-01 06:38:39.000 W/WifiHW  (   81): wifi_command: GET_NETWORK 3 phase1
01-01 06:38:39.000 W/WifiHW  (   81): wifi_command: GET_NETWORK 3 phase2
01-01 06:38:39.000 W/WifiHW  (   81): wifi_command: GET_NETWORK 3 eap
01-01 06:38:39.000 W/WifiHW  (   81): wifi_command: GET_NETWORK 3 pin
01-01 06:38:39.000 E/Profiler(   81): BPUnw: [1 total] thread_unregister_for_profiling(me=0xbc53f8)  (NOT REGISTERED) 
01-01 06:38:39.010 W/WifiHW  (   81): wifi_command: GET_NETWORK 3 pcsc
01-01 06:38:39.080 I/Gecko   (   81): 1325417919087	Marionette	INFO	sendToClient: {"from":"0","ok":true}, {cd726816-bb89-4fb6-86f8-17ad6e159488}, {cd726816-bb89-4fb6-86f8-17ad6e159488}
01-01 06:38:39.390 I/Gecko   (   81): 1325417919401	Marionette	DEBUG	Got request: executeWithCallback, data: {"to":"0","sessionId":"3-b2g","name":"executeAsyncScript","parameters":{"specialPowers":false,"scriptTimeout":null,"newSandbox":true,"args":[],"filename":"gaia_test.py","script":"GaiaLockScreen.unlock()","line":810}}, id: {678998a9-0a9a-4574-b177-d40eac3c3a8a}
01-01 06:38:39.780 I/Gecko   (  378): ######################## BrowserElementChildPreload.js loaded
01-01 06:38:40.000 I/Gecko   (   81): 1325417920009	Marionette	INFO	sendToClient: {"from":"0","value":{"passed":0,"failed":0,"failures":[]}}, {678998a9-0a9a-4574-b177-d40eac3c3a8a}, {678998a9-0a9a-4574-b177-d40eac3c3a8a}
01-01 06:38:40.460 E/[Gralloc-ERROR](   81): int gralloc_register_buffer(const gralloc_module_t*, const native_handle_t*):79 Unable to register handle 0x451ee420 coming from different process: 81
01-01 06:38:40.460 E/[Gralloc-ERROR](   81): int gralloc_register_buffer(const gralloc_module_t*, const native_handle_t*):79 Unable to register handle 0x451ee4c0 coming from different process: 81
01-01 06:38:40.510 E/[Gralloc-ERROR](   81): int gralloc_register_buffer(const gralloc_module_t*, const native_handle_t*):79 Unable to register handle 0x451ee560 coming from different process: 81
01-01 06:38:40.510 E/[Gralloc-ERROR](   81): int gralloc_register_buffer(const gralloc_module_t*, const native_handle_t*):79 Unable to register handle 0x45b1ae70 coming from different process: 81
01-01 06:38:40.510 E/[Gralloc-ERROR](   81): int gralloc_register_buffer(const gralloc_module_t*, const native_handle_t*):79 Unable to register handle 0x45bb6dd0 coming from different process: 81
01-01 06:38:40.510 E/[Gralloc-ERROR](   81): int gralloc_register_buffer(const gralloc_module_t*, const native_handle_t*):79 Unable to register handle 0x45bb6f60 coming from different process: 81
01-01 06:38:40.810 I/GeckoDump(   81): XXX FIXME : Got a mozContentEvent: nfc-hardware-state-change
01-01 06:38:40.840 I/GeckoDump(   81): XXX FIXME : Got a mozContentEvent: nfc-hardware-state-change
01-01 06:38:40.970 E/[Gralloc-ERROR](   81): int gralloc_unregister_buffer(const gralloc_module_t*, const native_handle_t*):274 Trying to unregister buffer 0x468aadd0 from process 81 that was not created in current process: 81
01-01 06:38:40.970 E/[Gralloc-ERROR](   81): int gralloc_unregister_buffer(const gralloc_module_t*, const native_handle_t*):274 Trying to unregister buffer 0x467aaec0 from process 81 that was not created in current process: 81
01-01 06:38:41.160 E/[Gralloc-ERROR](   81): int gralloc_unregister_buffer(const gralloc_module_t*, const native_handle_t*):274 Trying to unregister buffer 0x451ee4c0 from process 81 that was not created in current process: 81
01-01 06:38:41.160 E/[Gralloc-ERROR](   81): int gralloc_unregister_buffer(const gralloc_module_t*, const native_handle_t*):274 Trying to unregister buffer 0x451ee420 from process 81 that was not created in current process: 81
01-01 06:38:41.160 E/[Gralloc-ERROR](   81): int gralloc_unregister_buffer(const gralloc_module_t*, const native_handle_t*):274 Trying to unregister buffer 0x45b1ae70 from process 81 that was not created in current process: 81
01-01 06:38:41.160 E/[Gralloc-ERROR](   81): int gralloc_unregister_buffer(const gralloc_module_t*, const native_handle_t*):274 Trying to unregister buffer 0x451ee560 from process 81 that was not created in current process: 81
01-01 06:38:41.160 E/[Gralloc-ERROR](   81): int gralloc_unregister_buffer(const gralloc_module_t*, const native_handle_t*):274 Trying to unregister buffer 0x45bb6f60 from process 81 that was not created in current process: 81
01-01 06:38:41.170 E/[Gralloc-ERROR](   81): int gralloc_unregister_buffer(const gralloc_module_t*, const native_handle_t*):274 Trying to unregister buffer 0x45bb6dd0 from process 81 that was not created in current process: 81
01-01 06:38:41.270 I/Gecko   (   81): 1325417921274	Marionette	INFO	sendToClient: {"from":"0","ok":true}, {177ff755-7eb2-40cd-9bb5-5c956a9e58a5}, {177ff755-7eb2-40cd-9bb5-5c956a9e58a5}
01-01 06:38:41.350 I/Gecko:ProcessPriorityManager(   81): [(Preallocated), child-id=3, pid=419] Creating ParticularProcessPriorityManager.
01-01 06:38:41.350 I/Gecko:ProcessPriorityManager(   81): [(Preallocated), child-id=3, pid=419] Done starting up.  mHoldsCPUWakeLock=0, mHoldsHighPriorityWakeLock=0
01-01 06:38:41.350 I/Gecko:ProcessPriorityManager(   81): [(Preallocated), child-id=3, pid=419] Changing priority from UNKNOWN:CPU_NORMAL to MASTER:CPU_NORMAL.
01-01 06:38:41.350 I/Gonk    (   81): Setting nice for pid 419 to 0
01-01 06:38:41.350 I/Gonk    (   81): Changed nice for pid 419 from 0 to 0.
01-01 06:38:41.350 I/Gecko:ProcessPriorityManager(   81): [Homescreen, child-id=2, pid=378] Changing priority from FOREGROUND:CPU_NORMAL to FOREGROUND:CPU_LOW.
01-01 06:38:41.350 I/Gonk    (   81): Setting nice for pid 378 to 18
01-01 06:38:41.350 I/Gonk    (   81): Changed nice for pid 378 from 1 to 18.
01-01 06:38:41.350 I/Gecko:ProcessPriorityManager(   81): KillBackgroundApps
01-01 06:38:41.620 I/Gecko   (   81): 1325417921629	Marionette	DEBUG	Got request: switchToFrame, data: {"to":"0","sessionId":"3-b2g","name":"switchToFrame","parameters":{"id":null,"focus":true}}, id: {43d260ae-f1cf-4f63-a80e-cd2dc7a76eab}
01-01 06:38:41.700 I/Gecko   (   81): 1325417921704	Marionette	INFO	Switched to frame: {"frameValue":null}
01-01 06:38:41.880 I/Gecko   (   81): 1325417921889	Marionette	INFO	sendToClient: {"from":"0","ok":true}, {43d260ae-f1cf-4f63-a80e-cd2dc7a76eab}, {43d260ae-f1cf-4f63-a80e-cd2dc7a76eab}
01-01 06:38:41.960 I/Gecko   (   81): 1325417921971	Marionette	DEBUG	Got request: executeWithCallback, data: {"to":"0","sessionId":"3-b2g","name":"executeAsyncScript","parameters":{"specialPowers":false,"scriptTimeout":60000,"newSandbox":true,"args":[],"filename":"app_checker.py","script":"\n        GaiaApps.locateWithManifestURL('http://digicrush.clay.io/firefox.webapp',\n                                       null,\n                                       function uninstall(app) {\n                                       navigator.mozApps.mgmt.uninstall(app);\n                                       marionetteScriptFinished(true);\n                                       });\n        ","line":129}}, id: {2bc004ee-1dab-43ad-befe-66b7f5d765e2}
01-01 06:38:41.990 I/Gecko   (   81): 1325417922001	Marionette	INFO	sendToClient: {"from":"0","error":{"message":"TypeError: app is null","status":17,"stacktrace":"execute_async_script @app_checker.py, line 129\ninline javascript, line 221\nsrc: \"      appName = app.manifest.name;\""}}, {2bc004ee-1dab-43ad-befe-66b7f5d765e2}, {2bc004ee-1dab-43ad-befe-66b7f5d765e2}