--------- beginning of /dev/log/system
12-31 22:39:00.400 I/Vold    (   75): Vold 2.1 (the revenge) firing up
12-31 22:39:00.490 D/Vold    (   75): Volume sdcard state changing -1 (Initializing) -> 0 (No-Media)
12-31 22:39:00.540 D/Vold    (   75): Volume sdcard state changing 0 (No-Media) -> 2 (Pending)
12-31 22:39:00.540 D/Vold    (   75): Volume sdcard state changing 2 (Pending) -> 1 (Idle-Unmounted)
12-31 22:39:05.530 D/VoldCmdListener(   75): volume list
12-31 22:39:05.540 D/VoldCmdListener(   75): volume mount sdcard
12-31 22:39:05.540 I/Vold    (   75): /dev/block/vold/179:1 being considered for volume sdcard
12-31 22:39:05.540 D/Vold    (   75): Volume sdcard state changing 1 (Idle-Unmounted) -> 3 (Checking)
12-31 22:39:05.540 W/Vold    (   75): Skipping fs checks
12-31 22:39:05.590 I/Vold    (   75): Device /dev/block/vold/179:1, target /mnt/sdcard mounted @ /mnt/secure/staging
12-31 22:39:05.590 D/Vold    (   75): Volume sdcard state changing 3 (Checking) -> 4 (Mounted)
--------- beginning of /dev/log/main
12-31 22:39:16.950 D/SPRDENG (  162): 30
12-31 22:39:16.950 D/SPRDENG (  162): 30
12-31 22:39:16.950 D/SPRDENG (  162): 34
12-31 22:39:16.950 D/SPRDENG (  162): 30
12-31 22:39:16.950 D/SPRDENG (  162): 30
12-31 22:39:16.950 D/SPRDENG (  162): 32
12-31 22:39:16.950 D/SPRDENG (  162): 30
12-31 22:39:16.950 D/SPRDENG (  162): 30
12-31 22:39:16.950 D/SPRDENG (  162): 30
12-31 22:39:16.950 D/SPRDENG (  162): 30
12-31 22:39:16.950 D/SPRDENG (  162): 30
12-31 22:39:16.950 D/SPRDENG (  162): 30
12-31 22:39:16.950 D/SPRDENG (  162): 30
12-31 22:39:16.950 D/SPRDENG (  162): 30
12-31 22:39:16.950 D/SPRDENG (  162): 30
12-31 22:39:16.950 D/SPRDENG (  162): 30
12-31 22:39:16.950 D/SPRDENG (  162): 30
12-31 22:39:16.950 D/SPRDENG (  162): 30
12-31 22:39:16.950 D/SPRDENG (  162): 30
12-31 22:39:16.950 D/SPRDENG (  162): 30
12-31 22:39:16.950 D/SPRDENG (  162): 30
12-31 22:39:16.950 D/SPRDENG (  162): 30
12-31 22:39:16.950 D/SPRDENG (  162): 30
12-31 22:39:16.950 D/SPRDENG (  162): 30
12-31 22:39:16.950 D/SPRDENG (  162): 30
12-31 22:39:16.950 D/SPRDENG (  162): 30
12-31 22:39:16.950 D/SPRDENG (  162): 30
12-31 22:39:16.950 D/SPRDENG (  162): 30
12-31 22:39:16.950 D/SPRDENG (  162): 30
12-31 22:39:16.950 D/SPRDENG (  162): 30
12-31 22:39:16.950 D/SPRDENG (  162): 30
12-31 22:39:16.950 D/SPRDENG (  162): 30
12-31 22:39:16.950 D/SPRDENG (  162): 30
12-31 22:39:16.950 D/SPRDENG (  162): 30
12-31 22:39:16.950 D/SPRDENG (  162): 30
12-31 22:39:16.950 D/SPRDENG (  162): 30
12-31 22:39:16.950 D/SPRDENG (  162): 30
12-31 22:39:16.950 D/SPRDENG (  162): 30
12-31 22:39:16.950 D/SPRDENG (  162): 30
12-31 22:39:16.950 D/SPRDENG (  162): 30
12-31 22:39:16.950 D/SPRDENG (  162): 30
12-31 22:39:16.950 D/SPRDENG (  162): 30
12-31 22:39:16.950 D/SPRDENG (  162): 30
12-31 22:39:16.950 D/SPRDENG (  162): 30
12-31 22:39:16.950 D/SPRDENG (  162): 30
12-31 22:39:16.950 D/SPRDENG (  162): 30
12-31 22:39:16.950 D/SPRDENG (  162): 30
12-31 22:39:16.950 D/SPRDENG (  162): 30
12-31 22:39:16.950 D/SPRDENG (  162): 30
12-31 22:39:16.950 D/SPRDENG (  162): 30
12-31 22:39:16.950 D/SPRDENG (  162): 30
12-31 22:39:16.950 D/SPRDENG (  162): 30
12-31 22:39:16.950 D/SPRDENG (  162): 30
12-31 22:39:16.950 D/SPRDENG (  162): 30
12-31 22:39:16.950 D/SPRDENG (  162): 30
12-31 22:39:16.950 D/SPRDENG (  162): 30
12-31 22:39:16.950 D/SPRDENG (  162): 30
12-31 22:39:16.950 D/SPRDENG (  162): 30
12-31 22:39:16.950 D/SPRDENG (  162): 30
12-31 22:39:16.950 D/SPRDENG (  162): 30
12-31 22:39:16.950 D/SPRDENG (  162): 30
12-31 22:39:16.950 D/SPRDENG (  162): 30
12-31 22:39:16.950 D/SPRDENG (  162): 30
12-31 22:39:16.950 D/SPRDENG (  162): 30
12-31 22:39:16.950 D/SPRDENG (  162): 30
12-31 22:39:16.950 D/SPRDENG (  162): 30
12-31 22:39:16.950 D/SPRDENG (  162): 30
12-31 22:39:16.950 D/SPRDENG (  162): 30
12-31 22:39:16.950 D/SPRDENG (  162): 30
12-31 22:39:16.950 D/SPRDENG (  162): 30
12-31 22:39:16.950 D/SPRDENG (  162): 30
12-31 22:39:16.950 D/SPRDENG (  162): 30
12-31 22:39:16.950 D/SPRDENG (  162): 30
12-31 22:39:16.950 D/SPRDENG (  162): 30
12-31 22:39:16.950 D/SPRDENG (  162): 30
12-31 22:39:16.950 D/SPRDENG (  162): 30
12-31 22:39:16.950 D/SPRDENG (  162): 30
12-31 22:39:16.950 D/SPRDENG (  162): 30
12-31 22:39:16.950 D/SPRDENG (  162): 30
12-31 22:39:16.950 D/SPRDENG (  162): 30
12-31 22:39:16.950 D/SPRDENG (  162): 30
12-31 22:39:16.950 D/SPRDENG (  162): 30
12-31 22:39:16.950 D/SPRDENG (  162): 30
12-31 22:39:16.950 D/SPRDENG (  162): 30
12-31 22:39:16.950 D/SPRDENG (  162): 30
12-31 22:39:16.950 D/SPRDENG (  162): 30
12-31 22:39:16.950 D/SPRDENG (  162): 30
12-31 22:39:16.950 D/SPRDENG (  162): 30
12-31 22:39:16.950 D/SPRDENG (  162): 30
12-31 22:39:16.950 D/SPRDENG (  162): 30
12-31 22:39:16.950 D/SPRDENG (  162): 30
12-31 22:39:16.950 D/SPRDENG (  162): 30
12-31 22:39:16.950 D/SPRDENG (  162): 30
12-31 22:39:16.950 D/SPRDENG (  162): 30
12-31 22:39:16.950 D/SPRDENG (  162): 30
12-31 22:39:16.950 D/SPRDENG (  162): 30
12-31 22:39:16.950 D/SPRDENG (  162): 30
12-31 22:39:16.950 D/SPRDENG (  162): 30
12-31 22:39:16.950 D/SPRDENG (  162): 30
12-31 22:39:16.950 D/SPRDENG (  162): 30
12-31 22:39:16.950 D/SPRDENG (  162): 30
12-31 22:39:16.950 D/SPRDENG (  162): 30
12-31 22:39:16.950 D/SPRDENG (  162): 30
12-31 22:39:16.950 D/SPRDENG (  162): 30
12-31 22:39:16.950 D/SPRDENG (  162): 30
12-31 22:39:16.950 D/SPRDENG (  162): 30
12-31 22:39:16.950 D/SPRDENG (  162): 30
12-31 22:39:16.950 D/SPRDENG (  162): 30
12-31 22:39:16.950 D/SPRDENG (  162): 30
12-31 22:39:16.950 D/SPRDENG (  162): 30
12-31 22:39:16.950 D/SPRDENG (  162): 30
12-31 22:39:16.950 D/SPRDENG (  162): 30
12-31 22:39:16.950 D/SPRDENG (  162): 30
12-31 22:39:16.950 D/SPRDENG (  162): 30
12-31 22:39:16.950 D/SPRDENG (  162): 30
12-31 22:39:16.950 D/SPRDENG (  162): 30
12-31 22:39:16.950 D/SPRDENG (  162): 30
12-31 22:39:16.950 D/SPRDENG (  162): 30
12-31 22:39:16.950 D/SPRDENG (  162): 30
12-31 22:39:16.950 D/SPRDENG (  162): 30
12-31 22:39:16.950 D/SPRDENG (  162): 30
12-31 22:39:16.950 D/SPRDENG (  162): 30
12-31 22:39:16.950 D/SPRDENG (  162): 30
12-31 22:39:16.950 D/SPRDENG (  162): 30
12-31 22:39:16.950 D/SPRDENG (  162): 30
12-31 22:39:16.950 D/SPRDENG (  162): 30
12-31 22:39:16.950 D/SPRDENG (  162): 30
12-31 22:39:16.950 D/SPRDENG (  162): 30
12-31 22:39:16.950 D/SPRDENG (  162): 30
12-31 22:39:16.950 D/SPRDENG (  162): 30
12-31 22:39:16.950 D/SPRDENG (  162): 62
12-31 22:39:16.950 D/SPRDENG (  162): 62
12-31 22:39:16.950 D/SPRDENG (  162): 62
12-31 22:39:16.950 D/SPRDENG (  162): 65
12-31 22:39:16.950 D/SPRDENG (  162): 63
12-31 22:39:16.950 D/SPRDENG (  162): 32
12-31 22:39:16.950 D/SPRDENG (  162): 63
12-31 22:39:16.950 D/SPRDENG (  162): 36
12-31 22:39:16.950 D/SPRDENG (  162): 31
12-31 22:39:16.950 D/SPRDENG (  162): 61
12-31 22:39:16.950 D/SPRDENG (  162): 32
12-31 22:39:16.950 D/SPRDENG (  162): 33
12-31 22:39:16.950 D/SPRDENG (  162): 31
12-31 22:39:16.950 D/SPRDENG (  162): 63
12-31 22:39:16.950 D/SPRDENG (  162): 32
12-31 22:39:16.950 D/SPRDENG (  162): 33
12-31 22:39:16.950 D/SPRDENG (  162): 30
12-31 22:39:16.950 D/SPRDENG (  162): 30
12-31 22:39:16.950 D/SPRDENG (  162): 30
12-31 22:39:16.950 D/SPRDENG (  162): 30
12-31 22:39:16.950 D/SPRDENG (  162): 30
12-31 22:39:16.950 D/SPRDENG (  162): 30
12-31 22:39:16.950 D/SPRDENG (  162): 30
12-31 22:39:16.950 D/SPRDENG (  162): 30
12-31 22:39:16.950 D/SPRDENG (  162): 30
12-31 22:39:16.950 D/SPRDENG (  162): 30
12-31 22:39:16.950 D/SPRDENG (  162): 30
12-31 22:39:16.950 D/SPRDENG (  162): 30
12-31 22:39:16.950 D/SPRDENG (  162): 30
12-31 22:39:16.950 D/SPRDENG (  162): 30
12-31 22:39:16.950 D/SPRDENG (  162): 30
12-31 22:39:16.950 D/SPRDENG (  162): 30
12-31 22:39:16.950 D/SPRDENG (  162): 31
12-31 22:39:16.950 D/SPRDENG (  162): 61
12-31 22:39:16.950 D/SPRDENG (  162): 32
12-31 22:39:16.950 D/SPRDENG (  162): 33
12-31 22:39:16.950 D/SPRDENG (  162): 31
12-31 22:39:16.950 D/SPRDENG (  162): 63
12-31 22:39:16.950 D/SPRDENG (  162): 32
12-31 22:39:16.950 D/SPRDENG (  162): 33
12-31 22:39:16.950 D/SPRDENG (  162): 30
12-31 22:39:16.950 D/SPRDENG (  162): 30
12-31 22:39:16.950 D/SPRDENG (  162): 30
12-31 22:39:16.950 D/SPRDENG (  162): 30
12-31 22:39:16.950 D/SPRDENG (  162): 30
12-31 22:39:16.950 D/SPRDENG (  162): 30
12-31 22:39:16.950 D/SPRDENG (  162): 30
12-31 22:39:16.950 D/SPRDENG (  162): 30
12-31 22:39:16.950 D/SPRDENG (  162): 30
12-31 22:39:16.950 D/SPRDENG (  162): 30
12-31 22:39:16.950 D/SPRDENG (  162): 30
12-31 22:39:16.950 D/SPRDENG (  162): 30
12-31 22:39:16.950 D/SPRDENG (  162): 30
12-31 22:39:16.950 D/SPRDENG (  162): 30
12-31 22:39:16.950 D/SPRDENG (  162): 30
12-31 22:39:16.950 D/SPRDENG (  162): 30
12-31 22:39:16.950 D/SPRDENG (  162): 31
12-31 22:39:16.950 D/SPRDENG (  162): 62
12-31 22:39:16.950 D/SPRDENG (  162): 32
12-31 22:39:16.950 D/SPRDENG (  162): 33
12-31 22:39:16.950 D/SPRDENG (  162): 31
12-31 22:39:16.950 D/SPRDENG (  162): 63
12-31 22:39:16.950 D/SPRDENG (  162): 32
12-31 22:39:16.950 D/SPRDENG (  162): 33
12-31 22:39:16.950 D/SPRDENG (  162): 30
12-31 22:39:16.950 D/SPRDENG (  162): 30
12-31 22:39:16.950 D/SPRDENG (  162): 30
12-31 22:39:16.950 D/SPRDENG (  162): 30
12-31 22:39:16.950 D/SPRDENG (  162): 30
12-31 22:39:16.950 D/SPRDENG (  162): 30
12-31 22:39:16.950 D/SPRDENG (  162): 30
12-31 22:39:16.950 D/SPRDENG (  162): 30
12-31 22:39:16.950 D/SPRDENG (  162): 30
12-31 22:39:16.950 D/SPRDENG (  162): 30
12-31 22:39:16.950 D/SPRDENG (  162): 30
12-31 22:39:16.950 D/SPRDENG (  162): 30
12-31 22:39:16.950 D/SPRDENG (  162): 30
12-31 22:39:16.950 D/SPRDENG (  162): 30
12-31 22:39:16.950 D/SPRDENG (  162): 30
12-31 22:39:16.950 D/SPRDENG (  162): 30
12-31 22:39:16.950 D/SPRDENG (  162): 31
12-31 22:39:16.950 D/SPRDENG (  162): 62
12-31 22:39:16.950 D/SPRDENG (  162): 32
12-31 22:39:16.950 D/SPRDENG (  162): 33
12-31 22:39:16.950 D/SPRDENG (  162): 31
12-31 22:39:16.950 D/SPRDENG (  162): 63
12-31 22:39:16.950 D/SPRDENG (  162): 32
12-31 22:39:16.950 D/SPRDENG (  162): 33
12-31 22:39:16.950 D/SPRDENG (  162): 30
12-31 22:39:16.950 D/SPRDENG (  162): 30
12-31 22:39:16.950 D/SPRDENG (  162): 30
12-31 22:39:16.950 D/SPRDENG (  162): 30
12-31 22:39:16.950 D/SPRDENG (  162): 30
12-31 22:39:16.950 D/SPRDENG (  162): 30
12-31 22:39:16.950 D/SPRDENG (  162): 30
12-31 22:39:16.950 D/SPRDENG (  162): 30
12-31 22:39:16.950 D/SPRDENG (  162): 30
12-31 22:39:16.950 D/SPRDENG (  162): 30
12-31 22:39:16.950 D/SPRDENG (  162): 30
12-31 22:39:16.950 D/SPRDENG (  162): 30
12-31 22:39:16.950 D/SPRDENG (  162): 30
12-31 22:39:16.950 D/SPRDENG (  162): 30
12-31 22:39:16.950 D/SPRDENG (  162): 30
12-31 22:39:16.950 D/SPRDENG (  162): 30
12-31 22:39:16.950 D/SPRDENG (  162): 31
12-31 22:39:16.950 D/SPRDENG (  162): 62
12-31 22:39:16.950 D/SPRDENG (  162): 32
12-31 22:39:16.950 D/SPRDENG (  162): 33
12-31 22:39:16.950 D/SPRDENG (  162): 31
12-31 22:39:16.950 D/SPRDENG (  162): 63
12-31 22:39:16.950 D/SPRDENG (  162): 32
12-31 22:39:16.950 D/SPRDENG (  162): 33
12-31 22:39:16.950 D/SPRDENG (  162): 30
12-31 22:39:16.950 D/SPRDENG (  162): 30
12-31 22:39:16.950 D/SPRDENG (  162): 30
12-31 22:39:16.950 D/SPRDENG (  162): 30
12-31 22:39:16.950 D/SPRDENG (  162): 30
12-31 22:39:16.950 D/SPRDENG (  162): 30
12-31 22:39:16.950 D/SPRDENG (  162): 30
12-31 22:39:16.950 D/SPRDENG (  162): 30
12-31 22:39:16.950 D/SPRDENG (  162): 30
12-31 22:39:16.950 D/SPRDENG (  162): 30
12-31 22:39:16.950 D/SPRDENG (  162): 30
12-31 22:39:16.950 D/SPRDENG (  162): 30
12-31 22:39:16.950 D/SPRDENG (  162): 30
12-31 22:39:16.950 D/SPRDENG (  162): 30
12-31 22:39:16.950 D/SPRDENG (  162): 30
12-31 22:39:16.950 D/SPRDENG (  162): 30
12-31 22:39:16.950 D/SPRDENG (  162): 30
12-31 22:39:16.950 D/SPRDENG (  162): 30
12-31 22:39:16.950 D/SPRDENG (  162): 30
12-31 22:39:16.950 D/SPRDENG (  162): 30
12-31 22:39:16.950 D/SPRDENG (  162): 30
12-31 22:39:16.950 D/SPRDENG (  162): 30
12-31 22:39:16.950 D/SPRDENG (  162): 30
12-31 22:39:16.950 D/SPRDENG (  162): 30
12-31 22:39:16.950 D/SPRDENG (  162): 30
12-31 22:39:16.950 D/SPRDENG (  162): 30
12-31 22:39:16.950 D/SPRDENG (  162): 30
12-31 22:39:16.950 D/SPRDENG (  162): 30
12-31 22:39:16.950 D/SPRDENG (  162): 30
12-31 22:39:16.950 D/SPRDENG (  162): 30
12-31 22:39:16.950 D/SPRDENG (  162): 30
12-31 22:39:16.950 D/SPRDENG (  162): 30
12-31 22:39:16.950 D/SPRDENG (  162): 30
12-31 22:39:16.950 D/SPRDENG (  162): 30
12-31 22:39:16.950 D/SPRDENG (  162): 30
12-31 22:39:16.950 D/SPRDENG (  162): 30
12-31 22:39:16.950 D/SPRDENG (  162): 30
12-31 22:39:16.950 D/SPRDENG (  162): 30
12-31 22:39:16.950 D/SPRDENG (  162): 30
12-31 22:39:16.950 D/SPRDENG (  162): 30
12-31 22:39:16.950 D/SPRDENG (  162): 32
12-31 22:39:16.950 D/SPRDENG (  162): 63
12-31 22:39:16.950 D/SPRDENG (  162): 30
12-31 22:39:16.950 D/SPRDENG (  162): 30
12-31 22:39:16.950 D/SPRDENG (  162): 30
12-31 22:39:16.950 D/SPRDENG (  162): 30
12-31 22:39:16.950 D/SPRDENG (  162): 30
12-31 22:39:16.950 D/SPRDENG (  162): 30
12-31 22:39:16.950 D/SPRDENG (  162): 1a
12-31 22:39:16.950 D/SPRDENG (  162): eng_modem2server: use SIM1 /dev/CHNPTY13
12-31 22:39:16.950 D/SPRDENG (  162): AT < 
12-31 22:39:16.950 D/SPRDENG (  162): OK
12-31 22:39:16.950 D/SPRDENG (  162): 
12-31 22:39:16.950 E/        (   98): nvcal_recv_from_modem: Receive 1 Modem Response
12-31 22:39:16.950 E/        (   98): write_rf_nvconf_cmd: wifi recv_num =6, response=[
12-31 22:39:16.950 E/        (   98): OK
12-31 22:39:16.950 E/        (   98): ]
12-31 22:39:17.050 E/eng_rf_nv_update(   98): [set_rf_nvconf]: NV updated OK!
12-31 22:39:17.060 E/eng_rf_nv_update(   98): [save_rf_nv_to_bak_file] NV data save to bake file OK
12-31 22:39:17.060 E/eng_rf_nv_update(   98): [eng_rf_nv_update]: end eng rf nv update!
12-31 22:39:17.060 I/logwrapper(   80): /system/bin/eng_rf_nv_update terminated by exit(0)
12-31 22:39:17.480 I/power   (   81): *** set_screen_state 1
12-31 22:39:17.490 D/Sensors (   81): activate handle=3; drv=1
12-31 22:39:17.490 D/Sensors (   81): SensorTMD2771::setEnable=0= en=1; newState=1; what=0; mEnabled=0
12-31 22:39:17.600 D/Sensors (   81): taos ---Light::TAOS_IOCTL_ALS_ON=== err=0
12-31 22:39:17.600 D/Sensors (   81): SensorTMD2771::setEnable=1= en=1; newState=1; what=0; mEnabled=1
12-31 22:39:17.600 D/Sensors (   81): SensorTMD2771::getEnable===mEnabled=0x1; enable=1
12-31 22:39:17.620 I/GeckoDump(   81): XXX FIXME : Got a mozContentEvent: nfc-hardware-state-change
12-31 22:39:17.640 I/GeckoDump(   81): XXX FIXME : Got a mozContentEvent: system-message-listener-ready
12-31 22:39:17.700 I/Gecko:ProcessPriorityManager(   81): [(Preallocated), child-id=2, pid=375] Creating ParticularProcessPriorityManager.
12-31 22:39:17.700 I/Gecko:ProcessPriorityManager(   81): [(Preallocated), child-id=2, pid=375] Done starting up.  mHoldsCPUWakeLock=0, mHoldsHighPriorityWakeLock=0
12-31 22:39:17.700 I/Gecko:ProcessPriorityManager(   81): [(Preallocated), child-id=2, pid=375] Changing priority from UNKNOWN:CPU_NORMAL to MASTER:CPU_NORMAL.
12-31 22:39:17.700 I/Gonk    (   81): Setting nice for pid 375 to 0
12-31 22:39:17.700 I/Gonk    (   81): Changed nice for pid 375 from 0 to 0.
12-31 22:39:18.090 D/Sensors (   81): SensorTMD2771::readEvents()======data_fd=53,count=16
12-31 22:39:18.090 D/Sensors (   81): SensorTMD2771::processEvent()=====code=40::value=192 
12-31 22:39:18.090 D/Sensors (   81): SensorTMD2771: mPendingEvents[Light].light = 192.000000
12-31 22:39:18.360 I/Gecko   (   81): 1325389158371	Marionette	INFO	loaded marionette-listener.js
12-31 22:39:18.370 I/Gecko   (   81): 1325389158374	Marionette	INFO	sendToClient: {"from":"0","value":"3-b2g"}, {7047b635-46dd-4f86-bcbe-a60e31d51ca7}, {7047b635-46dd-4f86-bcbe-a60e31d51ca7}
12-31 22:39:18.500 E/GeckoConsole(   81): [JavaScript Error: "TypeError: widgetFrame is undefined" {file: "app://system.gaiamobile.org/js/cost_control.js" line: 119}]
12-31 22:39:18.870 I/Gecko   (   81): 1325389158875	Marionette	INFO	sendToClient: {"from":"0","value":{"ELEMENT":"{b8d0287e-e1f7-4e43-acc2-93afe74f69f5}"}}, {9765fa34-62f7-49f6-a227-4a9cb5f9c003}, {9765fa34-62f7-49f6-a227-4a9cb5f9c003}
12-31 22:39:18.950 I/Gecko   (   81): 1325389158958	Marionette	INFO	sendToClient: {"from":"0","value":false}, {15bf7652-425a-4330-8679-8d8c2f6c77d5}, {15bf7652-425a-4330-8679-8d8c2f6c77d5}
12-31 22:39:19.140 I/Gecko   (   81): 1325389159152	Marionette	INFO	sendToClient: {"from":"0","value":{"ELEMENT":"{b8d0287e-e1f7-4e43-acc2-93afe74f69f5}"}}, {a099f0dd-ba43-4571-bb48-52a7fd0e6422}, {a099f0dd-ba43-4571-bb48-52a7fd0e6422}
12-31 22:39:19.210 I/Gecko   (   81): 1325389159215	Marionette	INFO	sendToClient: {"from":"0","value":false}, {2589620a-2a33-4266-953c-5eace1220129}, {2589620a-2a33-4266-953c-5eace1220129}
12-31 22:39:19.330 I/Gecko   (   81): 1325389159336	Marionette	INFO	sendToClient: {"from":"0","value":{"ELEMENT":"{b8d0287e-e1f7-4e43-acc2-93afe74f69f5}"}}, {56390d15-e60b-4acc-a1e2-5b4353d2a011}, {56390d15-e60b-4acc-a1e2-5b4353d2a011}
12-31 22:39:19.380 I/Gecko   (   81): 1325389159386	Marionette	INFO	sendToClient: {"from":"0","value":false}, {391ffd93-c833-4f2e-8a30-21c4b237233d}, {391ffd93-c833-4f2e-8a30-21c4b237233d}
12-31 22:39:19.420 E/WifiHW  (   81): Leo ensure_config_file_exists config_file=/data/misc/wifi/wpa_supplicant.conf
12-31 22:39:19.430 E/WifiHW  (   81): daemon_cmd=wpa_supplicant:-iwlan0 -c/data/misc/wifi/wpa_supplicant.conf
12-31 22:39:19.590 I/GeckoDump(   81): XXX FIXME : Got a mozContentEvent: accessibility-screenreader
12-31 22:39:19.750 I/GeckoDump(   81): XXX FIXME : Got a mozContentEvent: nfc-hardware-state-change
12-31 22:39:20.340 W/WifiHW  (   81): wifi_command: LOG_LEVEL
12-31 22:39:20.340 W/WifiHW  (   81): wifi_command: STATUS
12-31 22:39:20.390 W/WifiHW  (   81): wifi_command: LIST_NETWORKS
12-31 22:39:20.390 W/WifiHW  (   81): wifi_command: DRIVER MACADDR
12-31 22:39:20.400 I/Gecko   (   81): 1325389160410	Marionette	INFO	sendToClient: {"from":"0","value":{"ELEMENT":"{b8d0287e-e1f7-4e43-acc2-93afe74f69f5}"}}, {a61b8fc1-6150-4869-a65d-67790f71855f}, {a61b8fc1-6150-4869-a65d-67790f71855f}
12-31 22:39:20.420 W/WifiHW  (   81): wifi_command: GET_NETWORK 0 ssid
12-31 22:39:20.420 W/WifiHW  (   81): wifi_command: GET_NETWORK 0 bssid
12-31 22:39:20.430 W/WifiHW  (   81): wifi_command: GET_NETWORK 0 psk
12-31 22:39:20.430 W/WifiHW  (   81): wifi_command: GET_NETWORK 0 wep_key0
12-31 22:39:20.430 W/WifiHW  (   81): wifi_command: GET_NETWORK 0 wep_key1
12-31 22:39:20.430 W/WifiHW  (   81): wifi_command: GET_NETWORK 0 wep_key2
12-31 22:39:20.430 W/WifiHW  (   81): wifi_command: GET_NETWORK 0 wep_key3
12-31 22:39:20.430 W/WifiHW  (   81): wifi_command: GET_NETWORK 0 wep_tx_keyidx
12-31 22:39:20.430 W/WifiHW  (   81): wifi_command: GET_NETWORK 0 priority
12-31 22:39:20.430 W/WifiHW  (   81): wifi_command: GET_NETWORK 0 key_mgmt
12-31 22:39:20.430 W/WifiHW  (   81): wifi_command: GET_NETWORK 0 scan_ssid
12-31 22:39:20.430 W/WifiHW  (   81): wifi_command: GET_NETWORK 0 disabled
12-31 22:39:20.430 W/WifiHW  (   81): wifi_command: GET_NETWORK 0 identity
12-31 22:39:20.430 W/WifiHW  (   81): wifi_command: GET_NETWORK 0 password
12-31 22:39:20.430 W/WifiHW  (   81): wifi_command: GET_NETWORK 0 auth_alg
12-31 22:39:20.440 W/WifiHW  (   81): wifi_command: GET_NETWORK 0 phase1
12-31 22:39:20.440 W/WifiHW  (   81): wifi_command: GET_NETWORK 0 phase2
12-31 22:39:20.440 W/WifiHW  (   81): wifi_command: GET_NETWORK 0 eap
12-31 22:39:20.440 W/WifiHW  (   81): wifi_command: GET_NETWORK 0 pin
12-31 22:39:20.440 W/WifiHW  (   81): wifi_command: GET_NETWORK 0 pcsc
12-31 22:39:20.440 W/WifiHW  (   81): wifi_command: GET_NETWORK 1 ssid
12-31 22:39:20.440 W/WifiHW  (   81): wifi_command: GET_NETWORK 1 bssid
12-31 22:39:20.440 W/WifiHW  (   81): wifi_command: GET_NETWORK 1 psk
12-31 22:39:20.440 W/WifiHW  (   81): wifi_command: GET_NETWORK 1 wep_key0
12-31 22:39:20.440 W/WifiHW  (   81): wifi_command: GET_NETWORK 1 wep_key1
12-31 22:39:20.440 W/WifiHW  (   81): wifi_command: GET_NETWORK 1 wep_key2
12-31 22:39:20.440 W/WifiHW  (   81): wifi_command: GET_NETWORK 1 wep_key3
12-31 22:39:20.440 W/WifiHW  (   81): wifi_command: GET_NETWORK 1 wep_tx_keyidx
12-31 22:39:20.440 W/WifiHW  (   81): wifi_command: GET_NETWORK 1 priority
12-31 22:39:20.450 W/WifiHW  (   81): wifi_command: GET_NETWORK 1 key_mgmt
12-31 22:39:20.450 W/WifiHW  (   81): wifi_command: GET_NETWORK 1 scan_ssid
12-31 22:39:20.450 W/WifiHW  (   81): wifi_command: GET_NETWORK 1 disabled
12-31 22:39:20.460 W/WifiHW  (   81): wifi_command: GET_NETWORK 1 identity
12-31 22:39:20.460 W/WifiHW  (   81): wifi_command: GET_NETWORK 1 password
12-31 22:39:20.460 W/WifiHW  (   81): wifi_command: GET_NETWORK 1 auth_alg
12-31 22:39:20.460 W/WifiHW  (   81): wifi_command: GET_NETWORK 1 phase1
12-31 22:39:20.460 W/WifiHW  (   81): wifi_command: GET_NETWORK 1 phase2
12-31 22:39:20.460 W/WifiHW  (   81): wifi_command: GET_NETWORK 1 eap
12-31 22:39:20.460 W/WifiHW  (   81): wifi_command: GET_NETWORK 1 pin
12-31 22:39:20.460 W/WifiHW  (   81): wifi_command: GET_NETWORK 1 pcsc
12-31 22:39:20.460 W/WifiHW  (   81): wifi_command: GET_NETWORK 2 ssid
12-31 22:39:20.460 W/WifiHW  (   81): wifi_command: GET_NETWORK 2 bssid
12-31 22:39:20.460 W/WifiHW  (   81): wifi_command: GET_NETWORK 2 psk
12-31 22:39:20.460 W/WifiHW  (   81): wifi_command: GET_NETWORK 2 wep_key0
12-31 22:39:20.470 W/WifiHW  (   81): wifi_command: GET_NETWORK 2 wep_key1
12-31 22:39:20.470 W/WifiHW  (   81): wifi_command: GET_NETWORK 2 wep_key2
12-31 22:39:20.470 W/WifiHW  (   81): wifi_command: GET_NETWORK 2 wep_key3
12-31 22:39:20.470 W/WifiHW  (   81): wifi_command: GET_NETWORK 2 wep_tx_keyidx
12-31 22:39:20.470 W/WifiHW  (   81): wifi_command: GET_NETWORK 2 priority
12-31 22:39:20.470 W/WifiHW  (   81): wifi_command: GET_NETWORK 2 key_mgmt
12-31 22:39:20.470 W/WifiHW  (   81): wifi_command: GET_NETWORK 2 scan_ssid
12-31 22:39:20.470 W/WifiHW  (   81): wifi_command: GET_NETWORK 2 disabled
12-31 22:39:20.470 W/WifiHW  (   81): wifi_command: GET_NETWORK 2 identity
12-31 22:39:20.470 W/WifiHW  (   81): wifi_command: GET_NETWORK 2 password
12-31 22:39:20.470 W/WifiHW  (   81): wifi_command: GET_NETWORK 2 auth_alg
12-31 22:39:20.470 W/WifiHW  (   81): wifi_command: GET_NETWORK 2 phase1
12-31 22:39:20.470 W/WifiHW  (   81): wifi_command: GET_NETWORK 2 phase2
12-31 22:39:20.470 W/WifiHW  (   81): wifi_command: GET_NETWORK 2 eap
12-31 22:39:20.470 W/WifiHW  (   81): wifi_command: GET_NETWORK 2 pin
12-31 22:39:20.480 W/WifiHW  (   81): wifi_command: GET_NETWORK 2 pcsc
12-31 22:39:20.480 W/WifiHW  (   81): wifi_command: GET_NETWORK 3 ssid
12-31 22:39:20.490 W/WifiHW  (   81): wifi_command: GET_NETWORK 3 bssid
12-31 22:39:20.490 W/WifiHW  (   81): wifi_command: GET_NETWORK 3 psk
12-31 22:39:20.490 W/WifiHW  (   81): wifi_command: GET_NETWORK 3 wep_key0
12-31 22:39:20.490 W/WifiHW  (   81): wifi_command: GET_NETWORK 3 wep_key1
12-31 22:39:20.490 W/WifiHW  (   81): wifi_command: GET_NETWORK 3 wep_key2
12-31 22:39:20.490 W/WifiHW  (   81): wifi_command: GET_NETWORK 3 wep_key3
12-31 22:39:20.490 W/WifiHW  (   81): wifi_command: GET_NETWORK 3 wep_tx_keyidx
12-31 22:39:20.490 W/WifiHW  (   81): wifi_command: GET_NETWORK 3 priority
12-31 22:39:20.490 W/WifiHW  (   81): wifi_command: GET_NETWORK 3 key_mgmt
12-31 22:39:20.490 W/WifiHW  (   81): wifi_command: GET_NETWORK 3 scan_ssid
12-31 22:39:20.490 W/WifiHW  (   81): wifi_command: GET_NETWORK 3 disabled
12-31 22:39:20.490 W/WifiHW  (   81): wifi_command: GET_NETWORK 3 identity
12-31 22:39:20.490 W/WifiHW  (   81): wifi_command: GET_NETWORK 3 password
12-31 22:39:20.490 W/WifiHW  (   81): wifi_command: GET_NETWORK 3 auth_alg
12-31 22:39:20.500 W/WifiHW  (   81): wifi_command: GET_NETWORK 3 phase1
12-31 22:39:20.500 W/WifiHW  (   81): wifi_command: GET_NETWORK 3 phase2
12-31 22:39:20.500 W/WifiHW  (   81): wifi_command: GET_NETWORK 3 eap
12-31 22:39:20.500 W/WifiHW  (   81): wifi_command: GET_NETWORK 3 pin
12-31 22:39:20.500 W/WifiHW  (   81): wifi_command: GET_NETWORK 3 pcsc
12-31 22:39:20.550 W/WifiHW  (   81): wifi_command: ENABLE_NETWORK 0
12-31 22:39:20.550 W/WifiHW  (   81): wifi_command: ENABLE_NETWORK 1
12-31 22:39:20.550 W/WifiHW  (   81): wifi_command: ENABLE_NETWORK 2
12-31 22:39:20.550 W/WifiHW  (   81): wifi_command: ENABLE_NETWORK 3
12-31 22:39:20.550 W/WifiHW  (   81): wifi_command: AP_SCAN 1
12-31 22:39:20.580 W/WifiHW  (   81): wifi_command: SAVE_CONFIG
12-31 22:39:20.680 I/Gecko   (   81): 1325389160693	Marionette	INFO	sendToClient: {"from":"0","value":true}, {24e656c1-7267-40b2-bda2-a12ec55cb8d8}, {24e656c1-7267-40b2-bda2-a12ec55cb8d8}
12-31 22:39:20.910 I/FMRadio (   81): FMRadio is initialized.
12-31 22:39:21.000 E/GeckoConsole(   81): Content JS ERROR at app://system.gaiamobile.org/js/telephony_settings.js:23 in set_vpm_error: Error setting voice privacy.
12-31 22:39:21.010 E/GeckoConsole(   81): Content JS ERROR at app://system.gaiamobile.org/js/telephony_settings.js:23 in set_vpm_error: Error setting voice privacy.
12-31 22:39:21.170 E/GeckoConsole(   81): Content JS ERROR at app://system.gaiamobile.org/js/telephony_settings.js:42 in set_vpm_error: Error roaming preference.
12-31 22:39:21.170 E/GeckoConsole(   81): Content JS ERROR at app://system.gaiamobile.org/js/telephony_settings.js:42 in set_vpm_error: Error roaming preference.
12-31 22:39:21.440 I/Gecko:ProcessPriorityManager(   81): [Homescreen, child-id=2, pid=375] Changing priority from MASTER:CPU_NORMAL to FOREGROUND:CPU_NORMAL.
12-31 22:39:21.440 I/Gonk    (   81): Setting nice for pid 375 to 1
12-31 22:39:21.440 I/Gonk    (   81): Changed nice for pid 375 from 0 to 1.
12-31 22:39:21.440 I/Gecko:ProcessPriorityManager(   81): Making background LRU pool with size(3)
12-31 22:39:21.440 I/Gecko:ProcessPriorityManager(   81): KillBackgroundApps
12-31 22:39:21.440 I/Gecko   (   81): [Parent 81] WARNING: waitpid failed pid:375 errno:10: file /var/lib/jenkins/jobs/B2G.v1.3.0.Tarako/workspace/gecko/ipc/chromium/src/base/process_util_posix.cc, line 254
12-31 22:39:21.630 E/[Gralloc-ERROR](   81): int gralloc_register_buffer(const gralloc_module_t*, const native_handle_t*):79 Unable to register handle 0x452ed9c0 coming from different process: 81
12-31 22:39:21.640 E/[Gralloc-ERROR](   81): int gralloc_register_buffer(const gralloc_module_t*, const native_handle_t*):79 Unable to register handle 0x46107f10 coming from different process: 81
12-31 22:39:21.750 E/[Gralloc-ERROR](   81): int gralloc_register_buffer(const gralloc_module_t*, const native_handle_t*):79 Unable to register handle 0x46127d30 coming from different process: 81
12-31 22:39:21.750 E/[Gralloc-ERROR](   81): int gralloc_register_buffer(const gralloc_module_t*, const native_handle_t*):79 Unable to register handle 0x46127e70 coming from different process: 81
12-31 22:39:22.030 I/GeckoDump(   81): XXX FIXME : Got a mozContentEvent: inputmethod-update-layouts
12-31 22:39:22.120 I/Gecko   (   81): ############################### browserElementPanning.js loaded
12-31 22:39:22.200 I/Gecko   (   81): ######################## BrowserElementChildPreload.js loaded
12-31 22:39:22.340 I/GeckoDump(   81): XXX FIXME : Got a mozContentEvent: inputmethod-update-layouts
12-31 22:39:22.820 E/GeckoConsole(   81): [JavaScript Warning: "Error in parsing value for 'font-weight'.  Declaration dropped." {file: "app://keyboard.gaiamobile.org/style/keyboard.css" line: 132 column: 15 source: "  font-weight: medium;"}]
12-31 22:39:23.630 I/Gecko   (   81): 1325389163640	Marionette	INFO	sendToClient: {"from":"0","ok":true}, {4eb6810d-76d4-4b98-95d5-ea71ddbdee61}, {4eb6810d-76d4-4b98-95d5-ea71ddbdee61}
12-31 22:39:23.720 I/Gecko   (   81): 1325389163727	Marionette	DEBUG	Got request: switchToFrame, data: {"to":"0","sessionId":"3-b2g","name":"switchToFrame","parameters":{"id":null,"focus":true}}, id: {e8eb1c4e-82e0-4ee3-b074-a5663738fd84}
12-31 22:39:23.730 I/Gecko   (   81): 1325389163741	Marionette	INFO	Switched to frame: {"frameValue":null}
12-31 22:39:23.770 I/Gecko   (  375): ###################################### forms.js loaded
12-31 22:39:23.930 I/Gecko   (  375): ############################### browserElementPanning.js loaded
12-31 22:39:23.940 I/Gecko   (   81): 1325389163944	Marionette	INFO	sendToClient: {"from":"0","ok":true}, {e8eb1c4e-82e0-4ee3-b074-a5663738fd84}, {e8eb1c4e-82e0-4ee3-b074-a5663738fd84}
12-31 22:39:23.960 W/WifiHW  (   81): wifi_command: SCAN_RESULTS
12-31 22:39:24.000 W/WifiHW  (   81): wifi_command: DRIVER SCAN-PASSIVE
12-31 22:39:24.180 I/Gecko   (   81): 1325389164186	Marionette	DEBUG	Got request: executeWithCallback, data: {"to":"0","sessionId":"3-b2g","name":"executeAsyncScript","parameters":{"specialPowers":false,"scriptTimeout":null,"newSandbox":true,"args":[],"filename":"gaia_test.py","script":"GaiaLockScreen.unlock()","line":810}}, id: {c44dea06-0204-4702-bf1c-6254d9dac369}
12-31 22:39:24.250 W/WifiHW  (   81): wifi_command: GET_NETWORK 3 ssid
12-31 22:39:24.250 W/WifiHW  (   81): wifi_command: GET_NETWORK 3 bssid
12-31 22:39:24.260 W/WifiHW  (   81): wifi_command: GET_NETWORK 3 psk
12-31 22:39:24.270 W/WifiHW  (   81): wifi_command: GET_NETWORK 3 wep_key0
12-31 22:39:24.270 W/WifiHW  (   81): wifi_command: GET_NETWORK 3 wep_key1
12-31 22:39:24.270 W/WifiHW  (   81): wifi_command: GET_NETWORK 3 wep_key2
12-31 22:39:24.270 W/WifiHW  (   81): wifi_command: GET_NETWORK 3 wep_key3
12-31 22:39:24.270 W/WifiHW  (   81): wifi_command: GET_NETWORK 3 wep_tx_keyidx
12-31 22:39:24.280 W/WifiHW  (   81): wifi_command: GET_NETWORK 3 priority
12-31 22:39:24.280 W/WifiHW  (   81): wifi_command: GET_NETWORK 3 key_mgmt
12-31 22:39:24.280 W/WifiHW  (   81): wifi_command: GET_NETWORK 3 scan_ssid
12-31 22:39:24.280 W/WifiHW  (   81): wifi_command: GET_NETWORK 3 disabled
12-31 22:39:24.280 W/WifiHW  (   81): wifi_command: GET_NETWORK 3 identity
12-31 22:39:24.280 W/WifiHW  (   81): wifi_command: GET_NETWORK 3 password
12-31 22:39:24.280 W/WifiHW  (   81): wifi_command: GET_NETWORK 3 auth_alg
12-31 22:39:24.280 W/WifiHW  (   81): wifi_command: GET_NETWORK 3 phase1
12-31 22:39:24.290 W/WifiHW  (   81): wifi_command: GET_NETWORK 3 phase2
12-31 22:39:24.290 W/WifiHW  (   81): wifi_command: GET_NETWORK 3 eap
12-31 22:39:24.290 W/WifiHW  (   81): wifi_command: GET_NETWORK 3 pin
12-31 22:39:24.290 W/WifiHW  (   81): wifi_command: GET_NETWORK 3 pcsc
12-31 22:39:24.380 E/Profiler(   81): BPUnw: [1 total] thread_unregister_for_profiling(me=0x1937038)  (NOT REGISTERED) 
12-31 22:39:24.980 I/Gecko   (  375): ######################## BrowserElementChildPreload.js loaded
12-31 22:39:25.230 I/Gecko   (   81): 1325389165236	Marionette	INFO	sendToClient: {"from":"0","value":{"passed":0,"failed":0,"failures":[]}}, {c44dea06-0204-4702-bf1c-6254d9dac369}, {c44dea06-0204-4702-bf1c-6254d9dac369}
12-31 22:39:25.680 W/WifiHW  (   81): wifi_command: SIGNAL_POLL
12-31 22:39:25.780 W/WifiHW  (   81): wifi_command: GET_NETWORK 3 ssid
12-31 22:39:25.780 W/WifiHW  (   81): wifi_command: GET_NETWORK 3 bssid
12-31 22:39:25.780 W/WifiHW  (   81): wifi_command: GET_NETWORK 3 psk
12-31 22:39:25.780 W/WifiHW  (   81): wifi_command: GET_NETWORK 3 wep_key0
12-31 22:39:25.780 W/WifiHW  (   81): wifi_command: GET_NETWORK 3 wep_key1
12-31 22:39:25.780 W/WifiHW  (   81): wifi_command: GET_NETWORK 3 wep_key2
12-31 22:39:25.780 W/WifiHW  (   81): wifi_command: GET_NETWORK 3 wep_key3
12-31 22:39:25.780 W/WifiHW  (   81): wifi_command: GET_NETWORK 3 wep_tx_keyidx
12-31 22:39:25.780 W/WifiHW  (   81): wifi_command: GET_NETWORK 3 priority
12-31 22:39:25.780 W/WifiHW  (   81): wifi_command: GET_NETWORK 3 key_mgmt
12-31 22:39:25.780 W/WifiHW  (   81): wifi_command: GET_NETWORK 3 scan_ssid
12-31 22:39:25.780 W/WifiHW  (   81): wifi_command: GET_NETWORK 3 disabled
12-31 22:39:25.780 W/WifiHW  (   81): wifi_command: GET_NETWORK 3 identity
12-31 22:39:25.790 W/WifiHW  (   81): wifi_command: GET_NETWORK 3 password
12-31 22:39:25.790 W/WifiHW  (   81): wifi_command: GET_NETWORK 3 auth_alg
12-31 22:39:25.790 W/WifiHW  (   81): wifi_command: GET_NETWORK 3 phase1
12-31 22:39:25.790 W/WifiHW  (   81): wifi_command: GET_NETWORK 3 phase2
12-31 22:39:25.800 W/WifiHW  (   81): wifi_command: GET_NETWORK 3 eap
12-31 22:39:25.800 W/WifiHW  (   81): wifi_command: GET_NETWORK 3 pin
12-31 22:39:25.810 W/WifiHW  (   81): wifi_command: GET_NETWORK 3 pcsc
12-31 22:39:25.820 E/[Gralloc-ERROR](   81): int gralloc_register_buffer(const gralloc_module_t*, const native_handle_t*):79 Unable to register handle 0x45d28bf0 coming from different process: 81
12-31 22:39:25.820 E/[Gralloc-ERROR](   81): int gralloc_register_buffer(const gralloc_module_t*, const native_handle_t*):79 Unable to register handle 0x45d28c90 coming from different process: 81
12-31 22:39:25.890 E/[Gralloc-ERROR](   81): int gralloc_register_buffer(const gralloc_module_t*, const native_handle_t*):79 Unable to register handle 0x45d28d30 coming from different process: 81
12-31 22:39:25.890 E/[Gralloc-ERROR](   81): int gralloc_register_buffer(const gralloc_module_t*, const native_handle_t*):79 Unable to register handle 0x45d28dd0 coming from different process: 81
12-31 22:39:25.900 E/[Gralloc-ERROR](   81): int gralloc_register_buffer(const gralloc_module_t*, const native_handle_t*):79 Unable to register handle 0x45d28e70 coming from different process: 81
12-31 22:39:25.900 E/[Gralloc-ERROR](   81): int gralloc_register_buffer(const gralloc_module_t*, const native_handle_t*):79 Unable to register handle 0x45d28f10 coming from different process: 81
12-31 22:39:26.220 I/GeckoDump(   81): XXX FIXME : Got a mozContentEvent: nfc-hardware-state-change
12-31 22:39:26.240 I/GeckoDump(   81): XXX FIXME : Got a mozContentEvent: nfc-hardware-state-change
12-31 22:39:26.450 E/[Gralloc-ERROR](   81): int gralloc_unregister_buffer(const gralloc_module_t*, const native_handle_t*):274 Trying to unregister buffer 0x46127e70 from process 81 that was not created in current process: 81
12-31 22:39:26.450 E/[Gralloc-ERROR](   81): int gralloc_unregister_buffer(const gralloc_module_t*, const native_handle_t*):274 Trying to unregister buffer 0x46127d30 from process 81 that was not created in current process: 81
12-31 22:39:26.570 E/[Gralloc-ERROR](   81): int gralloc_unregister_buffer(const gralloc_module_t*, const native_handle_t*):274 Trying to unregister buffer 0x45d28c90 from process 81 that was not created in current process: 81
12-31 22:39:26.580 E/[Gralloc-ERROR](   81): int gralloc_unregister_buffer(const gralloc_module_t*, const native_handle_t*):274 Trying to unregister buffer 0x45d28bf0 from process 81 that was not created in current process: 81
12-31 22:39:26.580 E/[Gralloc-ERROR](   81): int gralloc_unregister_buffer(const gralloc_module_t*, const native_handle_t*):274 Trying to unregister buffer 0x45d28dd0 from process 81 that was not created in current process: 81
12-31 22:39:26.580 E/[Gralloc-ERROR](   81): int gralloc_unregister_buffer(const gralloc_module_t*, const native_handle_t*):274 Trying to unregister buffer 0x45d28d30 from process 81 that was not created in current process: 81
12-31 22:39:26.580 E/[Gralloc-ERROR](   81): int gralloc_unregister_buffer(const gralloc_module_t*, const native_handle_t*):274 Trying to unregister buffer 0x45d28f10 from process 81 that was not created in current process: 81
12-31 22:39:26.580 E/[Gralloc-ERROR](   81): int gralloc_unregister_buffer(const gralloc_module_t*, const native_handle_t*):274 Trying to unregister buffer 0x45d28e70 from process 81 that was not created in current process: 81
12-31 22:39:26.600 I/Gecko:ProcessPriorityManager(   81): [(Preallocated), child-id=3, pid=415] Creating ParticularProcessPriorityManager.
12-31 22:39:26.610 I/Gecko:ProcessPriorityManager(   81): [(Preallocated), child-id=3, pid=415] Done starting up.  mHoldsCPUWakeLock=0, mHoldsHighPriorityWakeLock=0
12-31 22:39:26.610 I/Gecko:ProcessPriorityManager(   81): [(Preallocated), child-id=3, pid=415] Changing priority from UNKNOWN:CPU_NORMAL to MASTER:CPU_NORMAL.
12-31 22:39:26.610 I/Gonk    (   81): Setting nice for pid 415 to 0
12-31 22:39:26.610 I/Gonk    (   81): Changed nice for pid 415 from 0 to 0.
12-31 22:39:26.610 I/Gecko:ProcessPriorityManager(   81): [Homescreen, child-id=2, pid=375] Changing priority from FOREGROUND:CPU_NORMAL to FOREGROUND:CPU_LOW.
12-31 22:39:26.610 I/Gonk    (   81): Setting nice for pid 375 to 18
12-31 22:39:26.610 I/Gonk    (   81): Changed nice for pid 375 from 1 to 18.
12-31 22:39:26.610 I/Gecko:ProcessPriorityManager(   81): KillBackgroundApps
12-31 22:39:26.760 I/Gecko   (   81): 1325389166771	Marionette	INFO	sendToClient: {"from":"0","ok":true}, {dea2204b-2d90-4679-b075-697b5fc79693}, {dea2204b-2d90-4679-b075-697b5fc79693}
12-31 22:39:26.940 I/Gecko   (   81): 1325389166953	Marionette	DEBUG	Got request: switchToFrame, data: {"to":"0","sessionId":"3-b2g","name":"switchToFrame","parameters":{"id":null,"focus":true}}, id: {c4378ae1-c98f-4a06-bbd1-3624d1c034a0}
12-31 22:39:27.030 I/Gecko   (   81): 1325389167040	Marionette	INFO	Switched to frame: {"frameValue":null}
12-31 22:39:27.150 I/Gecko   (   81): 1325389167161	Marionette	INFO	sendToClient: {"from":"0","ok":true}, {c4378ae1-c98f-4a06-bbd1-3624d1c034a0}, {c4378ae1-c98f-4a06-bbd1-3624d1c034a0}
12-31 22:39:27.170 I/Gecko   (   81): 1325389167179	Marionette	DEBUG	Got request: executeWithCallback, data: {"to":"0","sessionId":"3-b2g","name":"executeAsyncScript","parameters":{"specialPowers":false,"scriptTimeout":60000,"newSandbox":true,"args":[],"filename":"app_checker.py","script":"\n        GaiaApps.locateWithManifestURL('http://farmsquares.justplaymobile.com/farmsquares.webapp',\n                                       null,\n                                       function uninstall(app) {\n                                       navigator.mozApps.mgmt.uninstall(app);\n                                       marionetteScriptFinished(true);\n                                       });\n        ","line":129}}, id: {cf91e803-4e72-4337-b1be-abb34788c3b4}
12-31 22:39:27.190 I/Gecko   (   81): 1325389167200	Marionette	INFO	sendToClient: {"from":"0","error":{"message":"TypeError: app is null","status":17,"stacktrace":"execute_async_script @app_checker.py, line 129\ninline javascript, line 221\nsrc: \"      appName = app.manifest.name;\""}}, {cf91e803-4e72-4337-b1be-abb34788c3b4}, {cf91e803-4e72-4337-b1be-abb34788c3b4}