--------- beginning of /dev/log/system
01-01 03:08:08.740 I/Vold    (   75): Vold 2.1 (the revenge) firing up
01-01 03:08:08.740 D/Vold    (   75): Volume sdcard state changing -1 (Initializing) -> 0 (No-Media)
01-01 03:08:08.830 D/Vold    (   75): Volume sdcard state changing 0 (No-Media) -> 2 (Pending)
01-01 03:08:08.860 D/Vold    (   75): Volume sdcard state changing 2 (Pending) -> 1 (Idle-Unmounted)
01-01 03:08:13.930 D/VoldCmdListener(   75): volume list
01-01 03:08:13.940 D/VoldCmdListener(   75): volume mount sdcard
01-01 03:08:13.940 I/Vold    (   75): /dev/block/vold/179:1 being considered for volume sdcard
01-01 03:08:13.940 D/Vold    (   75): Volume sdcard state changing 1 (Idle-Unmounted) -> 3 (Checking)
01-01 03:08:13.940 W/Vold    (   75): Skipping fs checks
01-01 03:08:13.990 I/Vold    (   75): Device /dev/block/vold/179:1, target /mnt/sdcard mounted @ /mnt/secure/staging
01-01 03:08:13.990 D/Vold    (   75): Volume sdcard state changing 3 (Checking) -> 4 (Mounted)
--------- beginning of /dev/log/main
01-01 03:08:25.150 E/        (   99): write_rf_nvconf_cmd: wifi recv_num =6, response=[
01-01 03:08:25.150 E/        (   99): OK
01-01 03:08:25.150 E/        (   99): ]
01-01 03:08:25.250 E/        (   99): write_rf_nvconf_cmd
01-01 03:08:25.250 E/        (   99): write_rf_nvconf_cmd: send [39,1,AT+SNVM=1,417]
01-01 03:08:25.250 E/        (   99): write data cmdbuf:[39,1,AT+SNVM=1,417]
01-01 03:08:25.250 E/        (   99): nvcal_send_to_modem
01-01 03:08:25.250 E/        (   99): nvcal_recv_from_modem: Waiting modem response ... fd=7
01-01 03:08:25.260 D/SPRDENG (  157): eng_servermodem_comm: use SIM1 /dev/CHNPTY13
01-01 03:08:25.260 D/SPRDENG (  157): AT > AT+SNVM=1,417
01-01 03:08:25.260 D/SPRDENG (  157): 41
01-01 03:08:25.260 D/SPRDENG (  157): 54
01-01 03:08:25.260 D/SPRDENG (  157): 2b
01-01 03:08:25.260 D/SPRDENG (  157): 53
01-01 03:08:25.260 D/SPRDENG (  157): 4e
01-01 03:08:25.260 D/SPRDENG (  157): 56
01-01 03:08:25.260 D/SPRDENG (  157): 4d
01-01 03:08:25.260 D/SPRDENG (  157): 3d
01-01 03:08:25.260 D/SPRDENG (  157): 31
01-01 03:08:25.260 D/SPRDENG (  157): 2c
01-01 03:08:25.260 D/SPRDENG (  157): 34
01-01 03:08:25.260 D/SPRDENG (  157): 31
01-01 03:08:25.260 D/SPRDENG (  157): 37
01-01 03:08:25.260 D/SPRDENG (  157): eng_modem2server: use SIM1 /dev/CHNPTY13
01-01 03:08:25.260 D/SPRDENG (  157): AT < 
01-01 03:08:25.260 D/SPRDENG (  157): > 
01-01 03:08:25.260 D/SPRDENG (  157): 
01-01 03:08:25.260 E/        (   99): nvcal_recv_from_modem: Receive 1 Modem Response
01-01 03:08:25.260 E/        (   99): recv from modem cmdbuf=[
01-01 03:08:25.260 E/        (   99): > 
01-01 03:08:25.260 E/        (   99): ]
01-01 03:08:25.360 E/        (   99): (strstr(cmdbuf, ">") != NULL)
01-01 03:08:25.360 E/        (   99): write_rf_nvconf_cmd: cmd_len[406], nv_len[400]
01-01 03:08:25.360 E/        (   99): write_rf_nvconf_cmd: cmd_buf:[39,1,1b0050021f00500221005002030050023d0050022000500224005002280050023d0050022000500224005002280050021c1c00001c1c000040020000000000000000000000000000000000000000000000000000000000000000000000000000000000000000000000000000000000000000000000000000bbbec2c61a231c2300000000000000001a231c2300000000000000001b231c2300000000000000001b231c2300000000000000001b231c2300000000000000000000000000000000000000002c000000]
01-01 03:08:25.360 E/        (   99): nvcal_send_to_modem
01-01 03:08:25.360 E/        (   99): nvcal_recv_from_modem: Waiting modem response ... fd=7
01-01 03:08:25.360 D/SPRDENG (  157): eng_servermodem_comm: use SIM1 /dev/CHNPTY13
01-01 03:08:25.360 D/SPRDENG (  157): AT > 1b0050021f00500221005002030050023d0050022000500224005002280050023d0050022000500224005002280050021c1c00001c1c000040020000000000000000000000000000000000000000000000000000000000000000000000000000000000000000000000000000000000000000000000000000bbbec2c61a231c2300000000000000001a231c2300000000000000001b231c2300000000000000001b231c2300000000000000001b231c2300000000000000000000000000000000000000002c000000
01-01 03:08:25.360 D/SPRDENG (  157): 31
01-01 03:08:25.360 D/SPRDENG (  157): 62
01-01 03:08:25.360 D/SPRDENG (  157): 30
01-01 03:08:25.360 D/SPRDENG (  157): 30
01-01 03:08:25.360 D/SPRDENG (  157): 35
01-01 03:08:25.360 D/SPRDENG (  157): 30
01-01 03:08:25.360 D/SPRDENG (  157): 30
01-01 03:08:25.360 D/SPRDENG (  157): 32
01-01 03:08:25.360 D/SPRDENG (  157): 31
01-01 03:08:25.360 D/SPRDENG (  157): 66
01-01 03:08:25.360 D/SPRDENG (  157): 30
01-01 03:08:25.360 D/SPRDENG (  157): 30
01-01 03:08:25.360 D/SPRDENG (  157): 35
01-01 03:08:25.360 D/SPRDENG (  157): 30
01-01 03:08:25.360 D/SPRDENG (  157): 30
01-01 03:08:25.360 D/SPRDENG (  157): 32
01-01 03:08:25.360 D/SPRDENG (  157): 32
01-01 03:08:25.360 D/SPRDENG (  157): 31
01-01 03:08:25.360 D/SPRDENG (  157): 30
01-01 03:08:25.360 D/SPRDENG (  157): 30
01-01 03:08:25.360 D/SPRDENG (  157): 35
01-01 03:08:25.360 D/SPRDENG (  157): 30
01-01 03:08:25.360 D/SPRDENG (  157): 30
01-01 03:08:25.360 D/SPRDENG (  157): 32
01-01 03:08:25.360 D/SPRDENG (  157): 30
01-01 03:08:25.360 D/SPRDENG (  157): 33
01-01 03:08:25.360 D/SPRDENG (  157): 30
01-01 03:08:25.360 D/SPRDENG (  157): 30
01-01 03:08:25.360 D/SPRDENG (  157): 35
01-01 03:08:25.360 D/SPRDENG (  157): 30
01-01 03:08:25.360 D/SPRDENG (  157): 30
01-01 03:08:25.360 D/SPRDENG (  157): 32
01-01 03:08:25.360 D/SPRDENG (  157): 33
01-01 03:08:25.360 D/SPRDENG (  157): 64
01-01 03:08:25.360 D/SPRDENG (  157): 30
01-01 03:08:25.360 D/SPRDENG (  157): 30
01-01 03:08:25.360 D/SPRDENG (  157): 35
01-01 03:08:25.360 D/SPRDENG (  157): 30
01-01 03:08:25.360 D/SPRDENG (  157): 30
01-01 03:08:25.360 D/SPRDENG (  157): 32
01-01 03:08:25.360 D/SPRDENG (  157): 32
01-01 03:08:25.360 D/SPRDENG (  157): 30
01-01 03:08:25.360 D/SPRDENG (  157): 30
01-01 03:08:25.360 D/SPRDENG (  157): 30
01-01 03:08:25.360 D/SPRDENG (  157): 35
01-01 03:08:25.360 D/SPRDENG (  157): 30
01-01 03:08:25.360 D/SPRDENG (  157): 30
01-01 03:08:25.360 D/SPRDENG (  157): 32
01-01 03:08:25.360 D/SPRDENG (  157): 32
01-01 03:08:25.360 D/SPRDENG (  157): 34
01-01 03:08:25.360 D/SPRDENG (  157): 30
01-01 03:08:25.360 D/SPRDENG (  157): 30
01-01 03:08:25.360 D/SPRDENG (  157): 35
01-01 03:08:25.360 D/SPRDENG (  157): 30
01-01 03:08:25.360 D/SPRDENG (  157): 30
01-01 03:08:25.360 D/SPRDENG (  157): 32
01-01 03:08:25.360 D/SPRDENG (  157): 32
01-01 03:08:25.360 D/SPRDENG (  157): 38
01-01 03:08:25.360 D/SPRDENG (  157): 30
01-01 03:08:25.360 D/SPRDENG (  157): 30
01-01 03:08:25.360 D/SPRDENG (  157): 35
01-01 03:08:25.360 D/SPRDENG (  157): 30
01-01 03:08:25.360 D/SPRDENG (  157): 30
01-01 03:08:25.360 D/SPRDENG (  157): 32
01-01 03:08:25.360 D/SPRDENG (  157): 33
01-01 03:08:25.360 D/SPRDENG (  157): 64
01-01 03:08:25.360 D/SPRDENG (  157): 30
01-01 03:08:25.360 D/SPRDENG (  157): 30
01-01 03:08:25.360 D/SPRDENG (  157): 35
01-01 03:08:25.360 D/SPRDENG (  157): 30
01-01 03:08:25.360 D/SPRDENG (  157): 30
01-01 03:08:25.360 D/SPRDENG (  157): 32
01-01 03:08:25.360 D/SPRDENG (  157): 32
01-01 03:08:25.360 D/SPRDENG (  157): 30
01-01 03:08:25.360 D/SPRDENG (  157): 30
01-01 03:08:25.360 D/SPRDENG (  157): 30
01-01 03:08:25.360 D/SPRDENG (  157): 35
01-01 03:08:25.360 D/SPRDENG (  157): 30
01-01 03:08:25.360 D/SPRDENG (  157): 30
01-01 03:08:25.360 D/SPRDENG (  157): 32
01-01 03:08:25.360 D/SPRDENG (  157): 32
01-01 03:08:25.360 D/SPRDENG (  157): 34
01-01 03:08:25.360 D/SPRDENG (  157): 30
01-01 03:08:25.360 D/SPRDENG (  157): 30
01-01 03:08:25.360 D/SPRDENG (  157): 35
01-01 03:08:25.360 D/SPRDENG (  157): 30
01-01 03:08:25.360 D/SPRDENG (  157): 30
01-01 03:08:25.360 D/SPRDENG (  157): 32
01-01 03:08:25.360 D/SPRDENG (  157): 32
01-01 03:08:25.360 D/SPRDENG (  157): 38
01-01 03:08:25.360 D/SPRDENG (  157): 30
01-01 03:08:25.360 D/SPRDENG (  157): 30
01-01 03:08:25.360 D/SPRDENG (  157): 35
01-01 03:08:25.360 D/SPRDENG (  157): 30
01-01 03:08:25.360 D/SPRDENG (  157): 30
01-01 03:08:25.360 D/SPRDENG (  157): 32
01-01 03:08:25.360 D/SPRDENG (  157): 31
01-01 03:08:25.360 D/SPRDENG (  157): 63
01-01 03:08:25.360 D/SPRDENG (  157): 31
01-01 03:08:25.360 D/SPRDENG (  157): 63
01-01 03:08:25.360 D/SPRDENG (  157): 30
01-01 03:08:25.360 D/SPRDENG (  157): 30
01-01 03:08:25.360 D/SPRDENG (  157): 30
01-01 03:08:25.360 D/SPRDENG (  157): 30
01-01 03:08:25.360 D/SPRDENG (  157): 31
01-01 03:08:25.360 D/SPRDENG (  157): 63
01-01 03:08:25.360 D/SPRDENG (  157): 31
01-01 03:08:25.360 D/SPRDENG (  157): 63
01-01 03:08:25.360 D/SPRDENG (  157): 30
01-01 03:08:25.360 D/SPRDENG (  157): 30
01-01 03:08:25.360 D/SPRDENG (  157): 30
01-01 03:08:25.360 D/SPRDENG (  157): 30
01-01 03:08:25.360 D/SPRDENG (  157): 34
01-01 03:08:25.360 D/SPRDENG (  157): 30
01-01 03:08:25.360 D/SPRDENG (  157): 30
01-01 03:08:25.360 D/SPRDENG (  157): 32
01-01 03:08:25.360 D/SPRDENG (  157): 30
01-01 03:08:25.360 D/SPRDENG (  157): 30
01-01 03:08:25.360 D/SPRDENG (  157): 30
01-01 03:08:25.360 D/SPRDENG (  157): 30
01-01 03:08:25.360 D/SPRDENG (  157): 30
01-01 03:08:25.360 D/SPRDENG (  157): 30
01-01 03:08:25.360 D/SPRDENG (  157): 30
01-01 03:08:25.360 D/SPRDENG (  157): 30
01-01 03:08:25.360 D/SPRDENG (  157): 30
01-01 03:08:25.360 D/SPRDENG (  157): 30
01-01 03:08:25.360 D/SPRDENG (  157): 30
01-01 03:08:25.360 D/SPRDENG (  157): 30
01-01 03:08:25.360 D/SPRDENG (  157): 30
01-01 03:08:25.360 D/SPRDENG (  157): 30
01-01 03:08:25.360 D/SPRDENG (  157): 30
01-01 03:08:25.360 D/SPRDENG (  157): 30
01-01 03:08:25.360 D/SPRDENG (  157): 30
01-01 03:08:25.360 D/SPRDENG (  157): 30
01-01 03:08:25.360 D/SPRDENG (  157): 30
01-01 03:08:25.360 D/SPRDENG (  157): 30
01-01 03:08:25.360 D/SPRDENG (  157): 30
01-01 03:08:25.360 D/SPRDENG (  157): 30
01-01 03:08:25.360 D/SPRDENG (  157): 30
01-01 03:08:25.360 D/SPRDENG (  157): 30
01-01 03:08:25.360 D/SPRDENG (  157): 30
01-01 03:08:25.360 D/SPRDENG (  157): 30
01-01 03:08:25.360 D/SPRDENG (  157): 30
01-01 03:08:25.360 D/SPRDENG (  157): 30
01-01 03:08:25.360 D/SPRDENG (  157): 30
01-01 03:08:25.360 D/SPRDENG (  157): 30
01-01 03:08:25.360 D/SPRDENG (  157): 30
01-01 03:08:25.360 D/SPRDENG (  157): 30
01-01 03:08:25.360 D/SPRDENG (  157): 30
01-01 03:08:25.360 D/SPRDENG (  157): 30
01-01 03:08:25.360 D/SPRDENG (  157): 30
01-01 03:08:25.360 D/SPRDENG (  157): 30
01-01 03:08:25.360 D/SPRDENG (  157): 30
01-01 03:08:25.360 D/SPRDENG (  157): 30
01-01 03:08:25.360 D/SPRDENG (  157): 30
01-01 03:08:25.360 D/SPRDENG (  157): 30
01-01 03:08:25.360 D/SPRDENG (  157): 30
01-01 03:08:25.360 D/SPRDENG (  157): 30
01-01 03:08:25.360 D/SPRDENG (  157): 30
01-01 03:08:25.360 D/SPRDENG (  157): 30
01-01 03:08:25.360 D/SPRDENG (  157): 30
01-01 03:08:25.360 D/SPRDENG (  157): 30
01-01 03:08:25.360 D/SPRDENG (  157): 30
01-01 03:08:25.360 D/SPRDENG (  157): 30
01-01 03:08:25.360 D/SPRDENG (  157): 30
01-01 03:08:25.360 D/SPRDENG (  157): 30
01-01 03:08:25.360 D/SPRDENG (  157): 30
01-01 03:08:25.360 D/SPRDENG (  157): 30
01-01 03:08:25.360 D/SPRDENG (  157): 30
01-01 03:08:25.360 D/SPRDENG (  157): 30
01-01 03:08:25.360 D/SPRDENG (  157): 30
01-01 03:08:25.360 D/SPRDENG (  157): 30
01-01 03:08:25.360 D/SPRDENG (  157): 30
01-01 03:08:25.360 D/SPRDENG (  157): 30
01-01 03:08:25.360 D/SPRDENG (  157): 30
01-01 03:08:25.360 D/SPRDENG (  157): 30
01-01 03:08:25.360 D/SPRDENG (  157): 30
01-01 03:08:25.360 D/SPRDENG (  157): 30
01-01 03:08:25.360 D/SPRDENG (  157): 30
01-01 03:08:25.360 D/SPRDENG (  157): 30
01-01 03:08:25.360 D/SPRDENG (  157): 30
01-01 03:08:25.360 D/SPRDENG (  157): 30
01-01 03:08:25.360 D/SPRDENG (  157): 30
01-01 03:08:25.360 D/SPRDENG (  157): 30
01-01 03:08:25.360 D/SPRDENG (  157): 30
01-01 03:08:25.360 D/SPRDENG (  157): 30
01-01 03:08:25.360 D/SPRDENG (  157): 30
01-01 03:08:25.360 D/SPRDENG (  157): 30
01-01 03:08:25.360 D/SPRDENG (  157): 30
01-01 03:08:25.360 D/SPRDENG (  157): 30
01-01 03:08:25.360 D/SPRDENG (  157): 30
01-01 03:08:25.360 D/SPRDENG (  157): 30
01-01 03:08:25.360 D/SPRDENG (  157): 30
01-01 03:08:25.360 D/SPRDENG (  157): 30
01-01 03:08:25.360 D/SPRDENG (  157): 30
01-01 03:08:25.360 D/SPRDENG (  157): 30
01-01 03:08:25.360 D/SPRDENG (  157): 30
01-01 03:08:25.360 D/SPRDENG (  157): 30
01-01 03:08:25.360 D/SPRDENG (  157): 30
01-01 03:08:25.360 D/SPRDENG (  157): 30
01-01 03:08:25.360 D/SPRDENG (  157): 30
01-01 03:08:25.360 D/SPRDENG (  157): 30
01-01 03:08:25.360 D/SPRDENG (  157): 30
01-01 03:08:25.360 D/SPRDENG (  157): 30
01-01 03:08:25.360 D/SPRDENG (  157): 30
01-01 03:08:25.360 D/SPRDENG (  157): 30
01-01 03:08:25.360 D/SPRDENG (  157): 30
01-01 03:08:25.360 D/SPRDENG (  157): 30
01-01 03:08:25.360 D/SPRDENG (  157): 30
01-01 03:08:25.360 D/SPRDENG (  157): 30
01-01 03:08:25.360 D/SPRDENG (  157): 30
01-01 03:08:25.360 D/SPRDENG (  157): 30
01-01 03:08:25.360 D/SPRDENG (  157): 30
01-01 03:08:25.360 D/SPRDENG (  157): 30
01-01 03:08:25.360 D/SPRDENG (  157): 30
01-01 03:08:25.360 D/SPRDENG (  157): 30
01-01 03:08:25.360 D/SPRDENG (  157): 30
01-01 03:08:25.360 D/SPRDENG (  157): 30
01-01 03:08:25.360 D/SPRDENG (  157): 30
01-01 03:08:25.360 D/SPRDENG (  157): 30
01-01 03:08:25.360 D/SPRDENG (  157): 30
01-01 03:08:25.360 D/SPRDENG (  157): 30
01-01 03:08:25.360 D/SPRDENG (  157): 30
01-01 03:08:25.360 D/SPRDENG (  157): 30
01-01 03:08:25.360 D/SPRDENG (  157): 30
01-01 03:08:25.360 D/SPRDENG (  157): 30
01-01 03:08:25.360 D/SPRDENG (  157): 30
01-01 03:08:25.360 D/SPRDENG (  157): 30
01-01 03:08:25.360 D/SPRDENG (  157): 30
01-01 03:08:25.360 D/SPRDENG (  157): 30
01-01 03:08:25.360 D/SPRDENG (  157): 30
01-01 03:08:25.360 D/SPRDENG (  157): 30
01-01 03:08:25.360 D/SPRDENG (  157): 30
01-01 03:08:25.360 D/SPRDENG (  157): 30
01-01 03:08:25.360 D/SPRDENG (  157): 30
01-01 03:08:25.360 D/SPRDENG (  157): 30
01-01 03:08:25.360 D/SPRDENG (  157): 30
01-01 03:08:25.360 D/SPRDENG (  157): 30
01-01 03:08:25.360 D/SPRDENG (  157): 30
01-01 03:08:25.360 D/SPRDENG (  157): 30
01-01 03:08:25.360 D/SPRDENG (  157): 62
01-01 03:08:25.360 D/SPRDENG (  157): 62
01-01 03:08:25.360 D/SPRDENG (  157): 62
01-01 03:08:25.360 D/SPRDENG (  157): 65
01-01 03:08:25.360 D/SPRDENG (  157): 63
01-01 03:08:25.360 D/SPRDENG (  157): 32
01-01 03:08:25.360 D/SPRDENG (  157): 63
01-01 03:08:25.360 D/SPRDENG (  157): 36
01-01 03:08:25.360 D/SPRDENG (  157): 31
01-01 03:08:25.360 D/SPRDENG (  157): 61
01-01 03:08:25.360 D/SPRDENG (  157): 32
01-01 03:08:25.360 D/SPRDENG (  157): 33
01-01 03:08:25.360 D/SPRDENG (  157): 31
01-01 03:08:25.360 D/SPRDENG (  157): 63
01-01 03:08:25.360 D/SPRDENG (  157): 32
01-01 03:08:25.360 D/SPRDENG (  157): 33
01-01 03:08:25.360 D/SPRDENG (  157): 30
01-01 03:08:25.360 D/SPRDENG (  157): 30
01-01 03:08:25.360 D/SPRDENG (  157): 30
01-01 03:08:25.360 D/SPRDENG (  157): 30
01-01 03:08:25.360 D/SPRDENG (  157): 30
01-01 03:08:25.360 D/SPRDENG (  157): 30
01-01 03:08:25.360 D/SPRDENG (  157): 30
01-01 03:08:25.360 D/SPRDENG (  157): 30
01-01 03:08:25.360 D/SPRDENG (  157): 30
01-01 03:08:25.360 D/SPRDENG (  157): 30
01-01 03:08:25.360 D/SPRDENG (  157): 30
01-01 03:08:25.360 D/SPRDENG (  157): 30
01-01 03:08:25.360 D/SPRDENG (  157): 30
01-01 03:08:25.360 D/SPRDENG (  157): 30
01-01 03:08:25.360 D/SPRDENG (  157): 30
01-01 03:08:25.360 D/SPRDENG (  157): 30
01-01 03:08:25.360 D/SPRDENG (  157): 31
01-01 03:08:25.360 D/SPRDENG (  157): 61
01-01 03:08:25.360 D/SPRDENG (  157): 32
01-01 03:08:25.360 D/SPRDENG (  157): 33
01-01 03:08:25.360 D/SPRDENG (  157): 31
01-01 03:08:25.360 D/SPRDENG (  157): 63
01-01 03:08:25.360 D/SPRDENG (  157): 32
01-01 03:08:25.360 D/SPRDENG (  157): 33
01-01 03:08:25.360 D/SPRDENG (  157): 30
01-01 03:08:25.360 D/SPRDENG (  157): 30
01-01 03:08:25.360 D/SPRDENG (  157): 30
01-01 03:08:25.360 D/SPRDENG (  157): 30
01-01 03:08:25.360 D/SPRDENG (  157): 30
01-01 03:08:25.360 D/SPRDENG (  157): 30
01-01 03:08:25.360 D/SPRDENG (  157): 30
01-01 03:08:25.360 D/SPRDENG (  157): 30
01-01 03:08:25.360 D/SPRDENG (  157): 30
01-01 03:08:25.360 D/SPRDENG (  157): 30
01-01 03:08:25.360 D/SPRDENG (  157): 30
01-01 03:08:25.360 D/SPRDENG (  157): 30
01-01 03:08:25.360 D/SPRDENG (  157): 30
01-01 03:08:25.360 D/SPRDENG (  157): 30
01-01 03:08:25.360 D/SPRDENG (  157): 30
01-01 03:08:25.360 D/SPRDENG (  157): 30
01-01 03:08:25.360 D/SPRDENG (  157): 31
01-01 03:08:25.360 D/SPRDENG (  157): 62
01-01 03:08:25.360 D/SPRDENG (  157): 32
01-01 03:08:25.360 D/SPRDENG (  157): 33
01-01 03:08:25.360 D/SPRDENG (  157): 31
01-01 03:08:25.360 D/SPRDENG (  157): 63
01-01 03:08:25.360 D/SPRDENG (  157): 32
01-01 03:08:25.360 D/SPRDENG (  157): 33
01-01 03:08:25.360 D/SPRDENG (  157): 30
01-01 03:08:25.360 D/SPRDENG (  157): 30
01-01 03:08:25.360 D/SPRDENG (  157): 30
01-01 03:08:25.360 D/SPRDENG (  157): 30
01-01 03:08:25.360 D/SPRDENG (  157): 30
01-01 03:08:25.360 D/SPRDENG (  157): 30
01-01 03:08:25.360 D/SPRDENG (  157): 30
01-01 03:08:25.360 D/SPRDENG (  157): 30
01-01 03:08:25.360 D/SPRDENG (  157): 30
01-01 03:08:25.360 D/SPRDENG (  157): 30
01-01 03:08:25.360 D/SPRDENG (  157): 30
01-01 03:08:25.360 D/SPRDENG (  157): 30
01-01 03:08:25.360 D/SPRDENG (  157): 30
01-01 03:08:25.360 D/SPRDENG (  157): 30
01-01 03:08:25.360 D/SPRDENG (  157): 30
01-01 03:08:25.360 D/SPRDENG (  157): 30
01-01 03:08:25.360 D/SPRDENG (  157): 31
01-01 03:08:25.360 D/SPRDENG (  157): 62
01-01 03:08:25.360 D/SPRDENG (  157): 32
01-01 03:08:25.360 D/SPRDENG (  157): 33
01-01 03:08:25.360 D/SPRDENG (  157): 31
01-01 03:08:25.360 D/SPRDENG (  157): 63
01-01 03:08:25.360 D/SPRDENG (  157): 32
01-01 03:08:25.360 D/SPRDENG (  157): 33
01-01 03:08:25.360 D/SPRDENG (  157): 30
01-01 03:08:25.360 D/SPRDENG (  157): 30
01-01 03:08:25.360 D/SPRDENG (  157): 30
01-01 03:08:25.360 D/SPRDENG (  157): 30
01-01 03:08:25.360 D/SPRDENG (  157): 30
01-01 03:08:25.360 D/SPRDENG (  157): 30
01-01 03:08:25.360 D/SPRDENG (  157): 30
01-01 03:08:25.360 D/SPRDENG (  157): 30
01-01 03:08:25.360 D/SPRDENG (  157): 30
01-01 03:08:25.360 D/SPRDENG (  157): 30
01-01 03:08:25.360 D/SPRDENG (  157): 30
01-01 03:08:25.360 D/SPRDENG (  157): 30
01-01 03:08:25.360 D/SPRDENG (  157): 30
01-01 03:08:25.360 D/SPRDENG (  157): 30
01-01 03:08:25.360 D/SPRDENG (  157): 30
01-01 03:08:25.360 D/SPRDENG (  157): 30
01-01 03:08:25.360 D/SPRDENG (  157): 31
01-01 03:08:25.360 D/SPRDENG (  157): 62
01-01 03:08:25.360 D/SPRDENG (  157): 32
01-01 03:08:25.360 D/SPRDENG (  157): 33
01-01 03:08:25.360 D/SPRDENG (  157): 31
01-01 03:08:25.360 D/SPRDENG (  157): 63
01-01 03:08:25.360 D/SPRDENG (  157): 32
01-01 03:08:25.360 D/SPRDENG (  157): 33
01-01 03:08:25.360 D/SPRDENG (  157): 30
01-01 03:08:25.360 D/SPRDENG (  157): 30
01-01 03:08:25.360 D/SPRDENG (  157): 30
01-01 03:08:25.360 D/SPRDENG (  157): 30
01-01 03:08:25.360 D/SPRDENG (  157): 30
01-01 03:08:25.360 D/SPRDENG (  157): 30
01-01 03:08:25.360 D/SPRDENG (  157): 30
01-01 03:08:25.360 D/SPRDENG (  157): 30
01-01 03:08:25.360 D/SPRDENG (  157): 30
01-01 03:08:25.360 D/SPRDENG (  157): 30
01-01 03:08:25.360 D/SPRDENG (  157): 30
01-01 03:08:25.360 D/SPRDENG (  157): 30
01-01 03:08:25.360 D/SPRDENG (  157): 30
01-01 03:08:25.360 D/SPRDENG (  157): 30
01-01 03:08:25.360 D/SPRDENG (  157): 30
01-01 03:08:25.360 D/SPRDENG (  157): 30
01-01 03:08:25.360 D/SPRDENG (  157): 30
01-01 03:08:25.360 D/SPRDENG (  157): 30
01-01 03:08:25.360 D/SPRDENG (  157): 30
01-01 03:08:25.360 D/SPRDENG (  157): 30
01-01 03:08:25.360 D/SPRDENG (  157): 30
01-01 03:08:25.360 D/SPRDENG (  157): 30
01-01 03:08:25.360 D/SPRDENG (  157): 30
01-01 03:08:25.360 D/SPRDENG (  157): 30
01-01 03:08:25.360 D/SPRDENG (  157): 30
01-01 03:08:25.360 D/SPRDENG (  157): 30
01-01 03:08:25.360 D/SPRDENG (  157): 30
01-01 03:08:25.360 D/SPRDENG (  157): 30
01-01 03:08:25.360 D/SPRDENG (  157): 30
01-01 03:08:25.360 D/SPRDENG (  157): 30
01-01 03:08:25.360 D/SPRDENG (  157): 30
01-01 03:08:25.360 D/SPRDENG (  157): 30
01-01 03:08:25.360 D/SPRDENG (  157): 30
01-01 03:08:25.360 D/SPRDENG (  157): 30
01-01 03:08:25.360 D/SPRDENG (  157): 30
01-01 03:08:25.360 D/SPRDENG (  157): 30
01-01 03:08:25.360 D/SPRDENG (  157): 30
01-01 03:08:25.360 D/SPRDENG (  157): 30
01-01 03:08:25.360 D/SPRDENG (  157): 30
01-01 03:08:25.360 D/SPRDENG (  157): 30
01-01 03:08:25.360 D/SPRDENG (  157): 32
01-01 03:08:25.360 D/SPRDENG (  157): 63
01-01 03:08:25.360 D/SPRDENG (  157): 30
01-01 03:08:25.360 D/SPRDENG (  157): 30
01-01 03:08:25.360 D/SPRDENG (  157): 30
01-01 03:08:25.360 D/SPRDENG (  157): 30
01-01 03:08:25.360 D/SPRDENG (  157): 30
01-01 03:08:25.360 D/SPRDENG (  157): 30
01-01 03:08:25.360 D/SPRDENG (  157): 1a
01-01 03:08:25.370 D/SPRDENG (  157): eng_modem2server: use SIM1 /dev/CHNPTY13
01-01 03:08:25.370 D/SPRDENG (  157): AT < 
01-01 03:08:25.370 D/SPRDENG (  157): OK
01-01 03:08:25.370 D/SPRDENG (  157): 
01-01 03:08:25.370 E/        (   99): nvcal_recv_from_modem: Receive 1 Modem Response
01-01 03:08:25.370 E/        (   99): write_rf_nvconf_cmd: wifi recv_num =6, response=[
01-01 03:08:25.370 E/        (   99): OK
01-01 03:08:25.370 E/        (   99): ]
01-01 03:08:25.470 E/eng_rf_nv_update(   99): [set_rf_nvconf]: NV updated OK!
01-01 03:08:25.470 E/eng_rf_nv_update(   99): [save_rf_nv_to_bak_file] NV data save to bake file OK
01-01 03:08:25.470 E/eng_rf_nv_update(   99): [eng_rf_nv_update]: end eng rf nv update!
01-01 03:08:25.470 I/logwrapper(   80): /system/bin/eng_rf_nv_update terminated by exit(0)
01-01 03:08:26.030 I/power   (   81): *** set_screen_state 1
01-01 03:08:26.040 D/Sensors (   81): activate handle=3; drv=1
01-01 03:08:26.040 D/Sensors (   81): SensorTMD2771::setEnable=0= en=1; newState=1; what=0; mEnabled=0
01-01 03:08:26.150 D/Sensors (   81): taos ---Light::TAOS_IOCTL_ALS_ON=== err=0
01-01 03:08:26.150 D/Sensors (   81): SensorTMD2771::setEnable=1= en=1; newState=1; what=0; mEnabled=1
01-01 03:08:26.150 D/Sensors (   81): SensorTMD2771::getEnable===mEnabled=0x1; enable=1
01-01 03:08:26.160 I/GeckoDump(   81): XXX FIXME : Got a mozContentEvent: nfc-hardware-state-change
01-01 03:08:26.190 I/GeckoDump(   81): XXX FIXME : Got a mozContentEvent: system-message-listener-ready
01-01 03:08:26.250 I/Gecko:ProcessPriorityManager(   81): [(Preallocated), child-id=2, pid=373] Creating ParticularProcessPriorityManager.
01-01 03:08:26.250 I/Gecko:ProcessPriorityManager(   81): [(Preallocated), child-id=2, pid=373] Done starting up.  mHoldsCPUWakeLock=0, mHoldsHighPriorityWakeLock=0
01-01 03:08:26.250 I/Gecko:ProcessPriorityManager(   81): [(Preallocated), child-id=2, pid=373] Changing priority from UNKNOWN:CPU_NORMAL to MASTER:CPU_NORMAL.
01-01 03:08:26.250 I/Gonk    (   81): Setting nice for pid 373 to 0
01-01 03:08:26.250 I/Gonk    (   81): Changed nice for pid 373 from 0 to 0.
01-01 03:08:26.840 D/Sensors (   81): SensorTMD2771::readEvents()======data_fd=53,count=16
01-01 03:08:26.840 D/Sensors (   81): SensorTMD2771::processEvent()=====code=40::value=1 
01-01 03:08:26.840 D/Sensors (   81): SensorTMD2771: mPendingEvents[Light].light = 1.000000
01-01 03:08:26.870 I/Gecko   (   81): 1325405306874	Marionette	INFO	loaded marionette-listener.js
01-01 03:08:26.870 I/Gecko   (   81): 1325405306876	Marionette	INFO	sendToClient: {"from":"0","value":"3-b2g"}, {6d8a1696-d01e-45f0-80e1-fdb017286ae8}, {6d8a1696-d01e-45f0-80e1-fdb017286ae8}
01-01 03:08:27.050 E/GeckoConsole(   81): [JavaScript Error: "TypeError: widgetFrame is undefined" {file: "app://system.gaiamobile.org/js/cost_control.js" line: 119}]
01-01 03:08:27.390 E/WifiHW  (   81): Leo ensure_config_file_exists config_file=/data/misc/wifi/wpa_supplicant.conf
01-01 03:08:27.390 E/WifiHW  (   81): daemon_cmd=wpa_supplicant:-iwlan0 -c/data/misc/wifi/wpa_supplicant.conf
01-01 03:08:27.470 I/Gecko   (   81): 1325405307474	Marionette	INFO	sendToClient: {"from":"0","value":{"ELEMENT":"{72991fee-331a-4651-915e-94dd2d3f82ab}"}}, {fd3b7f79-aec9-4079-92ac-a563e4a27dfb}, {fd3b7f79-aec9-4079-92ac-a563e4a27dfb}
01-01 03:08:27.590 I/Gecko   (   81): 1325405307595	Marionette	INFO	sendToClient: {"from":"0","value":false}, {80691fd5-8ce5-4089-88d6-9afc7d2833a8}, {80691fd5-8ce5-4089-88d6-9afc7d2833a8}
01-01 03:08:27.720 I/Gecko   (   81): 1325405307730	Marionette	INFO	sendToClient: {"from":"0","value":{"ELEMENT":"{72991fee-331a-4651-915e-94dd2d3f82ab}"}}, {33573ab3-220e-42cd-a7df-698cc8e1de10}, {33573ab3-220e-42cd-a7df-698cc8e1de10}
01-01 03:08:27.810 I/Gecko   (   81): 1325405307820	Marionette	INFO	sendToClient: {"from":"0","value":false}, {20ef4781-6562-40ea-80e8-068720c166f1}, {20ef4781-6562-40ea-80e8-068720c166f1}
01-01 03:08:28.100 I/Gecko   (   81): 1325405308105	Marionette	INFO	sendToClient: {"from":"0","value":{"ELEMENT":"{72991fee-331a-4651-915e-94dd2d3f82ab}"}}, {3b18dc74-d920-4d60-936a-a07858276cd3}, {3b18dc74-d920-4d60-936a-a07858276cd3}
01-01 03:08:28.220 W/WifiHW  (   81): wifi_command: LOG_LEVEL
01-01 03:08:28.220 W/WifiHW  (   81): wifi_command: STATUS
01-01 03:08:28.220 I/Gecko   (   81): 1325405308229	Marionette	INFO	sendToClient: {"from":"0","value":false}, {3f1ea47a-22ce-4a3e-b9a9-f6215d0a3514}, {3f1ea47a-22ce-4a3e-b9a9-f6215d0a3514}
01-01 03:08:28.240 W/WifiHW  (   81): wifi_command: LIST_NETWORKS
01-01 03:08:28.240 W/WifiHW  (   81): wifi_command: DRIVER MACADDR
01-01 03:08:28.260 W/WifiHW  (   81): wifi_command: GET_NETWORK 0 ssid
01-01 03:08:28.260 W/WifiHW  (   81): wifi_command: GET_NETWORK 0 bssid
01-01 03:08:28.270 W/WifiHW  (   81): wifi_command: GET_NETWORK 0 psk
01-01 03:08:28.270 W/WifiHW  (   81): wifi_command: GET_NETWORK 0 wep_key0
01-01 03:08:28.270 W/WifiHW  (   81): wifi_command: GET_NETWORK 0 wep_key1
01-01 03:08:28.270 W/WifiHW  (   81): wifi_command: GET_NETWORK 0 wep_key2
01-01 03:08:28.270 W/WifiHW  (   81): wifi_command: GET_NETWORK 0 wep_key3
01-01 03:08:28.270 W/WifiHW  (   81): wifi_command: GET_NETWORK 0 wep_tx_keyidx
01-01 03:08:28.270 W/WifiHW  (   81): wifi_command: GET_NETWORK 0 priority
01-01 03:08:28.280 W/WifiHW  (   81): wifi_command: GET_NETWORK 0 key_mgmt
01-01 03:08:28.280 W/WifiHW  (   81): wifi_command: GET_NETWORK 0 scan_ssid
01-01 03:08:28.280 W/WifiHW  (   81): wifi_command: GET_NETWORK 0 disabled
01-01 03:08:28.280 W/WifiHW  (   81): wifi_command: GET_NETWORK 0 identity
01-01 03:08:28.280 W/WifiHW  (   81): wifi_command: GET_NETWORK 0 password
01-01 03:08:28.280 W/WifiHW  (   81): wifi_command: GET_NETWORK 0 auth_alg
01-01 03:08:28.280 W/WifiHW  (   81): wifi_command: GET_NETWORK 0 phase1
01-01 03:08:28.280 W/WifiHW  (   81): wifi_command: GET_NETWORK 0 phase2
01-01 03:08:28.280 W/WifiHW  (   81): wifi_command: GET_NETWORK 0 eap
01-01 03:08:28.280 W/WifiHW  (   81): wifi_command: GET_NETWORK 0 pin
01-01 03:08:28.290 W/WifiHW  (   81): wifi_command: GET_NETWORK 0 pcsc
01-01 03:08:28.290 W/WifiHW  (   81): wifi_command: GET_NETWORK 1 ssid
01-01 03:08:28.290 W/WifiHW  (   81): wifi_command: GET_NETWORK 1 bssid
01-01 03:08:28.290 W/WifiHW  (   81): wifi_command: GET_NETWORK 1 psk
01-01 03:08:28.300 W/WifiHW  (   81): wifi_command: GET_NETWORK 1 wep_key0
01-01 03:08:28.300 W/WifiHW  (   81): wifi_command: GET_NETWORK 1 wep_key1
01-01 03:08:28.300 W/WifiHW  (   81): wifi_command: GET_NETWORK 1 wep_key2
01-01 03:08:28.300 W/WifiHW  (   81): wifi_command: GET_NETWORK 1 wep_key3
01-01 03:08:28.300 W/WifiHW  (   81): wifi_command: GET_NETWORK 1 wep_tx_keyidx
01-01 03:08:28.300 W/WifiHW  (   81): wifi_command: GET_NETWORK 1 priority
01-01 03:08:28.300 W/WifiHW  (   81): wifi_command: GET_NETWORK 1 key_mgmt
01-01 03:08:28.300 W/WifiHW  (   81): wifi_command: GET_NETWORK 1 scan_ssid
01-01 03:08:28.310 W/WifiHW  (   81): wifi_command: GET_NETWORK 1 disabled
01-01 03:08:28.310 W/WifiHW  (   81): wifi_command: GET_NETWORK 1 identity
01-01 03:08:28.310 W/WifiHW  (   81): wifi_command: GET_NETWORK 1 password
01-01 03:08:28.310 W/WifiHW  (   81): wifi_command: GET_NETWORK 1 auth_alg
01-01 03:08:28.310 W/WifiHW  (   81): wifi_command: GET_NETWORK 1 phase1
01-01 03:08:28.310 W/WifiHW  (   81): wifi_command: GET_NETWORK 1 phase2
01-01 03:08:28.310 W/WifiHW  (   81): wifi_command: GET_NETWORK 1 eap
01-01 03:08:28.310 W/WifiHW  (   81): wifi_command: GET_NETWORK 1 pin
01-01 03:08:28.310 W/WifiHW  (   81): wifi_command: GET_NETWORK 1 pcsc
01-01 03:08:28.310 W/WifiHW  (   81): wifi_command: GET_NETWORK 2 ssid
01-01 03:08:28.310 W/WifiHW  (   81): wifi_command: GET_NETWORK 2 bssid
01-01 03:08:28.310 W/WifiHW  (   81): wifi_command: GET_NETWORK 2 psk
01-01 03:08:28.320 W/WifiHW  (   81): wifi_command: GET_NETWORK 2 wep_key0
01-01 03:08:28.320 W/WifiHW  (   81): wifi_command: GET_NETWORK 2 wep_key1
01-01 03:08:28.320 W/WifiHW  (   81): wifi_command: GET_NETWORK 2 wep_key2
01-01 03:08:28.320 W/WifiHW  (   81): wifi_command: GET_NETWORK 2 wep_key3
01-01 03:08:28.320 W/WifiHW  (   81): wifi_command: GET_NETWORK 2 wep_tx_keyidx
01-01 03:08:28.320 W/WifiHW  (   81): wifi_command: GET_NETWORK 2 priority
01-01 03:08:28.320 W/WifiHW  (   81): wifi_command: GET_NETWORK 2 key_mgmt
01-01 03:08:28.330 W/WifiHW  (   81): wifi_command: GET_NETWORK 2 scan_ssid
01-01 03:08:28.330 W/WifiHW  (   81): wifi_command: GET_NETWORK 2 disabled
01-01 03:08:28.330 W/WifiHW  (   81): wifi_command: GET_NETWORK 2 identity
01-01 03:08:28.330 W/WifiHW  (   81): wifi_command: GET_NETWORK 2 password
01-01 03:08:28.330 W/WifiHW  (   81): wifi_command: GET_NETWORK 2 auth_alg
01-01 03:08:28.330 W/WifiHW  (   81): wifi_command: GET_NETWORK 2 phase1
01-01 03:08:28.330 W/WifiHW  (   81): wifi_command: GET_NETWORK 2 phase2
01-01 03:08:28.330 W/WifiHW  (   81): wifi_command: GET_NETWORK 2 eap
01-01 03:08:28.340 W/WifiHW  (   81): wifi_command: GET_NETWORK 2 pin
01-01 03:08:28.340 W/WifiHW  (   81): wifi_command: GET_NETWORK 2 pcsc
01-01 03:08:28.340 W/WifiHW  (   81): wifi_command: GET_NETWORK 3 ssid
01-01 03:08:28.340 W/WifiHW  (   81): wifi_command: GET_NETWORK 3 bssid
01-01 03:08:28.340 W/WifiHW  (   81): wifi_command: GET_NETWORK 3 psk
01-01 03:08:28.340 W/WifiHW  (   81): wifi_command: GET_NETWORK 3 wep_key0
01-01 03:08:28.340 W/WifiHW  (   81): wifi_command: GET_NETWORK 3 wep_key1
01-01 03:08:28.340 W/WifiHW  (   81): wifi_command: GET_NETWORK 3 wep_key2
01-01 03:08:28.340 W/WifiHW  (   81): wifi_command: GET_NETWORK 3 wep_key3
01-01 03:08:28.340 W/WifiHW  (   81): wifi_command: GET_NETWORK 3 wep_tx_keyidx
01-01 03:08:28.340 W/WifiHW  (   81): wifi_command: GET_NETWORK 3 priority
01-01 03:08:28.340 W/WifiHW  (   81): wifi_command: GET_NETWORK 3 key_mgmt
01-01 03:08:28.340 W/WifiHW  (   81): wifi_command: GET_NETWORK 3 scan_ssid
01-01 03:08:28.340 W/WifiHW  (   81): wifi_command: GET_NETWORK 3 disabled
01-01 03:08:28.350 W/WifiHW  (   81): wifi_command: GET_NETWORK 3 identity
01-01 03:08:28.350 W/WifiHW  (   81): wifi_command: GET_NETWORK 3 password
01-01 03:08:28.350 W/WifiHW  (   81): wifi_command: GET_NETWORK 3 auth_alg
01-01 03:08:28.350 W/WifiHW  (   81): wifi_command: GET_NETWORK 3 phase1
01-01 03:08:28.350 W/WifiHW  (   81): wifi_command: GET_NETWORK 3 phase2
01-01 03:08:28.350 W/WifiHW  (   81): wifi_command: GET_NETWORK 3 eap
01-01 03:08:28.350 W/WifiHW  (   81): wifi_command: GET_NETWORK 3 pin
01-01 03:08:28.350 W/WifiHW  (   81): wifi_command: GET_NETWORK 3 pcsc
01-01 03:08:28.390 W/WifiHW  (   81): wifi_command: ENABLE_NETWORK 0
01-01 03:08:28.390 W/WifiHW  (   81): wifi_command: ENABLE_NETWORK 1
01-01 03:08:28.390 W/WifiHW  (   81): wifi_command: ENABLE_NETWORK 2
01-01 03:08:28.390 W/WifiHW  (   81): wifi_command: ENABLE_NETWORK 3
01-01 03:08:28.390 W/WifiHW  (   81): wifi_command: AP_SCAN 1
01-01 03:08:28.420 W/WifiHW  (   81): wifi_command: SAVE_CONFIG
01-01 03:08:28.440 I/Gecko   (   81): 1325405308453	Marionette	INFO	sendToClient: {"from":"0","value":{"ELEMENT":"{72991fee-331a-4651-915e-94dd2d3f82ab}"}}, {e4fbf190-b462-45fc-9623-ec2845236644}, {e4fbf190-b462-45fc-9623-ec2845236644}
01-01 03:08:28.500 I/Gecko   (   81): 1325405308505	Marionette	INFO	sendToClient: {"from":"0","value":false}, {dc560513-ad70-4bb0-870c-e62178266216}, {dc560513-ad70-4bb0-870c-e62178266216}
01-01 03:08:28.660 I/Gecko   (   81): 1325405308667	Marionette	INFO	sendToClient: {"from":"0","value":{"ELEMENT":"{72991fee-331a-4651-915e-94dd2d3f82ab}"}}, {693582c4-083e-477e-8fba-3ca228b09b46}, {693582c4-083e-477e-8fba-3ca228b09b46}
01-01 03:08:28.760 I/GeckoDump(   81): XXX FIXME : Got a mozContentEvent: accessibility-screenreader
01-01 03:08:28.880 I/GeckoDump(   81): XXX FIXME : Got a mozContentEvent: nfc-hardware-state-change
01-01 03:08:29.210 W/WifiHW  (   81): wifi_command: DRIVER SCAN-ACTIVE
01-01 03:08:29.400 W/WifiHW  (   81): wifi_command: SCAN
01-01 03:08:29.500 W/WifiHW  (   81): wifi_command: DRIVER SCAN-PASSIVE
01-01 03:08:29.520 I/Gecko   (   81): 1325405309530	Marionette	INFO	sendToClient: {"from":"0","value":true}, {f00d6eb1-802b-422f-bbb5-d392409d34f0}, {f00d6eb1-802b-422f-bbb5-d392409d34f0}
01-01 03:08:29.810 I/FMRadio (   81): FMRadio is initialized.
01-01 03:08:29.890 E/GeckoConsole(   81): Content JS ERROR at app://system.gaiamobile.org/js/telephony_settings.js:23 in set_vpm_error: Error setting voice privacy.
01-01 03:08:29.890 E/GeckoConsole(   81): Content JS ERROR at app://system.gaiamobile.org/js/telephony_settings.js:23 in set_vpm_error: Error setting voice privacy.
01-01 03:08:30.070 E/GeckoConsole(   81): Content JS ERROR at app://system.gaiamobile.org/js/telephony_settings.js:42 in set_vpm_error: Error roaming preference.
01-01 03:08:30.070 E/GeckoConsole(   81): Content JS ERROR at app://system.gaiamobile.org/js/telephony_settings.js:42 in set_vpm_error: Error roaming preference.
01-01 03:08:30.340 I/Gecko:ProcessPriorityManager(   81): [Homescreen, child-id=2, pid=373] Changing priority from MASTER:CPU_NORMAL to FOREGROUND:CPU_NORMAL.
01-01 03:08:30.340 I/Gonk    (   81): Setting nice for pid 373 to 1
01-01 03:08:30.340 I/Gonk    (   81): Changed nice for pid 373 from 0 to 1.
01-01 03:08:30.340 I/Gecko:ProcessPriorityManager(   81): Making background LRU pool with size(3)
01-01 03:08:30.340 I/Gecko:ProcessPriorityManager(   81): KillBackgroundApps
01-01 03:08:30.340 I/Gecko   (   81): [Parent 81] WARNING: waitpid failed pid:373 errno:10: file /var/lib/jenkins/jobs/B2G.v1.3.0.Tarako/workspace/gecko/ipc/chromium/src/base/process_util_posix.cc, line 254
01-01 03:08:30.540 E/[Gralloc-ERROR](   81): int gralloc_register_buffer(const gralloc_module_t*, const native_handle_t*):79 Unable to register handle 0x463e95b0 coming from different process: 81
01-01 03:08:30.540 E/[Gralloc-ERROR](   81): int gralloc_register_buffer(const gralloc_module_t*, const native_handle_t*):79 Unable to register handle 0x463e96a0 coming from different process: 81
01-01 03:08:30.610 E/[Gralloc-ERROR](   81): int gralloc_register_buffer(const gralloc_module_t*, const native_handle_t*):79 Unable to register handle 0x463e9a10 coming from different process: 81
01-01 03:08:30.610 E/[Gralloc-ERROR](   81): int gralloc_register_buffer(const gralloc_module_t*, const native_handle_t*):79 Unable to register handle 0x463e9ab0 coming from different process: 81
01-01 03:08:30.780 I/GeckoDump(   81): XXX FIXME : Got a mozContentEvent: inputmethod-update-layouts
01-01 03:08:30.830 I/Gecko   (   81): ############################### browserElementPanning.js loaded
01-01 03:08:30.880 I/Gecko   (   81): ######################## BrowserElementChildPreload.js loaded
01-01 03:08:30.970 I/GeckoDump(   81): XXX FIXME : Got a mozContentEvent: inputmethod-update-layouts
01-01 03:08:31.380 E/GeckoConsole(   81): [JavaScript Warning: "Error in parsing value for 'font-weight'.  Declaration dropped." {file: "app://keyboard.gaiamobile.org/style/keyboard.css" line: 132 column: 15 source: "  font-weight: medium;"}]
01-01 03:08:31.460 W/WifiHW  (   81): wifi_command: SCAN_RESULTS
01-01 03:08:31.500 W/WifiHW  (   81): wifi_command: DRIVER SCAN-PASSIVE
01-01 03:08:31.570 W/WifiHW  (   81): wifi_command: GET_NETWORK 3 ssid
01-01 03:08:31.580 W/WifiHW  (   81): wifi_command: GET_NETWORK 3 bssid
01-01 03:08:31.580 W/WifiHW  (   81): wifi_command: GET_NETWORK 3 psk
01-01 03:08:31.580 W/WifiHW  (   81): wifi_command: GET_NETWORK 3 wep_key0
01-01 03:08:31.580 W/WifiHW  (   81): wifi_command: GET_NETWORK 3 wep_key1
01-01 03:08:31.580 W/WifiHW  (   81): wifi_command: GET_NETWORK 3 wep_key2
01-01 03:08:31.580 W/WifiHW  (   81): wifi_command: GET_NETWORK 3 wep_key3
01-01 03:08:31.580 W/WifiHW  (   81): wifi_command: GET_NETWORK 3 wep_tx_keyidx
01-01 03:08:31.580 W/WifiHW  (   81): wifi_command: GET_NETWORK 3 priority
01-01 03:08:31.580 W/WifiHW  (   81): wifi_command: GET_NETWORK 3 key_mgmt
01-01 03:08:31.580 W/WifiHW  (   81): wifi_command: GET_NETWORK 3 scan_ssid
01-01 03:08:31.580 W/WifiHW  (   81): wifi_command: GET_NETWORK 3 disabled
01-01 03:08:31.580 W/WifiHW  (   81): wifi_command: GET_NETWORK 3 identity
01-01 03:08:31.580 W/WifiHW  (   81): wifi_command: GET_NETWORK 3 password
01-01 03:08:31.580 W/WifiHW  (   81): wifi_command: GET_NETWORK 3 auth_alg
01-01 03:08:31.590 W/WifiHW  (   81): wifi_command: GET_NETWORK 3 phase1
01-01 03:08:31.590 W/WifiHW  (   81): wifi_command: GET_NETWORK 3 phase2
01-01 03:08:31.590 W/WifiHW  (   81): wifi_command: GET_NETWORK 3 eap
01-01 03:08:31.590 W/WifiHW  (   81): wifi_command: GET_NETWORK 3 pin
01-01 03:08:31.590 W/WifiHW  (   81): wifi_command: GET_NETWORK 3 pcsc
01-01 03:08:31.630 I/Gecko   (  373): ###################################### forms.js loaded
01-01 03:08:31.690 I/Gecko   (  373): ############################### browserElementPanning.js loaded
01-01 03:08:32.090 W/WifiHW  (   81): wifi_command: SIGNAL_POLL
01-01 03:08:32.100 W/WifiHW  (   81): wifi_command: GET_NETWORK 3 ssid
01-01 03:08:32.100 W/WifiHW  (   81): wifi_command: GET_NETWORK 3 bssid
01-01 03:08:32.100 W/WifiHW  (   81): wifi_command: GET_NETWORK 3 psk
01-01 03:08:32.100 W/WifiHW  (   81): wifi_command: GET_NETWORK 3 wep_key0
01-01 03:08:32.100 W/WifiHW  (   81): wifi_command: GET_NETWORK 3 wep_key1
01-01 03:08:32.100 W/WifiHW  (   81): wifi_command: GET_NETWORK 3 wep_key2
01-01 03:08:32.100 W/WifiHW  (   81): wifi_command: GET_NETWORK 3 wep_key3
01-01 03:08:32.100 W/WifiHW  (   81): wifi_command: GET_NETWORK 3 wep_tx_keyidx
01-01 03:08:32.100 W/WifiHW  (   81): wifi_command: GET_NETWORK 3 priority
01-01 03:08:32.100 W/WifiHW  (   81): wifi_command: GET_NETWORK 3 key_mgmt
01-01 03:08:32.100 W/WifiHW  (   81): wifi_command: GET_NETWORK 3 scan_ssid
01-01 03:08:32.110 W/WifiHW  (   81): wifi_command: GET_NETWORK 3 disabled
01-01 03:08:32.110 W/WifiHW  (   81): wifi_command: GET_NETWORK 3 identity
01-01 03:08:32.110 W/WifiHW  (   81): wifi_command: GET_NETWORK 3 password
01-01 03:08:32.110 W/WifiHW  (   81): wifi_command: GET_NETWORK 3 auth_alg
01-01 03:08:32.110 W/WifiHW  (   81): wifi_command: GET_NETWORK 3 phase1
01-01 03:08:32.110 W/WifiHW  (   81): wifi_command: GET_NETWORK 3 phase2
01-01 03:08:32.110 W/WifiHW  (   81): wifi_command: GET_NETWORK 3 eap
01-01 03:08:32.110 W/WifiHW  (   81): wifi_command: GET_NETWORK 3 pin
01-01 03:08:32.110 W/WifiHW  (   81): wifi_command: GET_NETWORK 3 pcsc
01-01 03:08:32.120 I/Gecko   (   81): 1325405312126	Marionette	INFO	sendToClient: {"from":"0","ok":true}, {f832441b-9f87-4c97-9ae1-8ed183b24ad4}, {f832441b-9f87-4c97-9ae1-8ed183b24ad4}
01-01 03:08:32.210 I/Gecko   (   81): 1325405312221	Marionette	DEBUG	Got request: switchToFrame, data: {"to":"0","sessionId":"3-b2g","name":"switchToFrame","parameters":{"id":null,"focus":true}}, id: {0d78717a-d971-4e58-8784-b0a1e786d89d}
01-01 03:08:32.280 I/Gecko   (   81): 1325405312285	Marionette	INFO	Switched to frame: {"frameValue":null}
01-01 03:08:32.480 I/Gecko   (   81): 1325405312487	Marionette	INFO	sendToClient: {"from":"0","ok":true}, {0d78717a-d971-4e58-8784-b0a1e786d89d}, {0d78717a-d971-4e58-8784-b0a1e786d89d}
01-01 03:08:32.700 I/Gecko   (  373): ######################## BrowserElementChildPreload.js loaded
01-01 03:08:33.030 I/Gecko   (   81): 1325405313033	Marionette	DEBUG	Got request: executeWithCallback, data: {"to":"0","sessionId":"3-b2g","name":"executeAsyncScript","parameters":{"specialPowers":false,"scriptTimeout":null,"newSandbox":true,"args":[],"filename":"gaia_test.py","script":"GaiaLockScreen.unlock()","line":810}}, id: {77634393-23ac-42b1-b3b4-d5347f6dd5cc}
01-01 03:08:33.360 E/Profiler(   81): BPUnw: [1 total] thread_unregister_for_profiling(me=0x1b72038)  (NOT REGISTERED) 
01-01 03:08:33.860 I/Gecko   (   81): 1325405313865	Marionette	INFO	sendToClient: {"from":"0","value":{"passed":0,"failed":0,"failures":[]}}, {77634393-23ac-42b1-b3b4-d5347f6dd5cc}, {77634393-23ac-42b1-b3b4-d5347f6dd5cc}
01-01 03:08:34.330 E/[Gralloc-ERROR](   81): int gralloc_register_buffer(const gralloc_module_t*, const native_handle_t*):79 Unable to register handle 0x44af1150 coming from different process: 81
01-01 03:08:34.330 E/[Gralloc-ERROR](   81): int gralloc_register_buffer(const gralloc_module_t*, const native_handle_t*):79 Unable to register handle 0x44af11f0 coming from different process: 81
01-01 03:08:34.360 E/[Gralloc-ERROR](   81): int gralloc_register_buffer(const gralloc_module_t*, const native_handle_t*):79 Unable to register handle 0x44af1290 coming from different process: 81
01-01 03:08:34.360 E/[Gralloc-ERROR](   81): int gralloc_register_buffer(const gralloc_module_t*, const native_handle_t*):79 Unable to register handle 0x44af1330 coming from different process: 81
01-01 03:08:34.380 E/[Gralloc-ERROR](   81): int gralloc_register_buffer(const gralloc_module_t*, const native_handle_t*):79 Unable to register handle 0x44af13d0 coming from different process: 81
01-01 03:08:34.380 E/[Gralloc-ERROR](   81): int gralloc_register_buffer(const gralloc_module_t*, const native_handle_t*):79 Unable to register handle 0x44af1470 coming from different process: 81
01-01 03:08:34.620 E/[Gralloc-ERROR](   81): int gralloc_unregister_buffer(const gralloc_module_t*, const native_handle_t*):274 Trying to unregister buffer 0x463e9ab0 from process 81 that was not created in current process: 81
01-01 03:08:34.620 E/[Gralloc-ERROR](   81): int gralloc_unregister_buffer(const gralloc_module_t*, const native_handle_t*):274 Trying to unregister buffer 0x463e9a10 from process 81 that was not created in current process: 81
01-01 03:08:34.750 I/GeckoDump(   81): XXX FIXME : Got a mozContentEvent: nfc-hardware-state-change
01-01 03:08:34.780 I/GeckoDump(   81): XXX FIXME : Got a mozContentEvent: nfc-hardware-state-change
01-01 03:08:35.030 E/[Gralloc-ERROR](   81): int gralloc_unregister_buffer(const gralloc_module_t*, const native_handle_t*):274 Trying to unregister buffer 0x44af11f0 from process 81 that was not created in current process: 81
01-01 03:08:35.030 E/[Gralloc-ERROR](   81): int gralloc_unregister_buffer(const gralloc_module_t*, const native_handle_t*):274 Trying to unregister buffer 0x44af1150 from process 81 that was not created in current process: 81
01-01 03:08:35.030 E/[Gralloc-ERROR](   81): int gralloc_unregister_buffer(const gralloc_module_t*, const native_handle_t*):274 Trying to unregister buffer 0x44af1330 from process 81 that was not created in current process: 81
01-01 03:08:35.030 E/[Gralloc-ERROR](   81): int gralloc_unregister_buffer(const gralloc_module_t*, const native_handle_t*):274 Trying to unregister buffer 0x44af1290 from process 81 that was not created in current process: 81
01-01 03:08:35.030 E/[Gralloc-ERROR](   81): int gralloc_unregister_buffer(const gralloc_module_t*, const native_handle_t*):274 Trying to unregister buffer 0x44af1470 from process 81 that was not created in current process: 81
01-01 03:08:35.030 E/[Gralloc-ERROR](   81): int gralloc_unregister_buffer(const gralloc_module_t*, const native_handle_t*):274 Trying to unregister buffer 0x44af13d0 from process 81 that was not created in current process: 81
01-01 03:08:35.100 I/Gecko   (   81): 1325405315104	Marionette	INFO	sendToClient: {"from":"0","ok":true}, {680e6a0a-e3d4-4f01-9a17-734ce7e87d1a}, {680e6a0a-e3d4-4f01-9a17-734ce7e87d1a}
01-01 03:08:35.150 I/Gecko   (   81): 1325405315163	Marionette	DEBUG	Got request: switchToFrame, data: {"to":"0","sessionId":"3-b2g","name":"switchToFrame","parameters":{"id":null,"focus":true}}, id: {a7bff326-54d4-4bd5-b1cd-20b8a293284c}
01-01 03:08:35.160 I/Gecko   (   81): 1325405315167	Marionette	INFO	Switched to frame: {"frameValue":null}
01-01 03:08:35.290 I/Gecko   (   81): 1325405315300	Marionette	INFO	sendToClient: {"from":"0","ok":true}, {a7bff326-54d4-4bd5-b1cd-20b8a293284c}, {a7bff326-54d4-4bd5-b1cd-20b8a293284c}
01-01 03:08:35.400 I/Gecko   (   81): 1325405315407	Marionette	DEBUG	Got request: executeWithCallback, data: {"to":"0","sessionId":"3-b2g","name":"executeAsyncScript","parameters":{"specialPowers":false,"scriptTimeout":60000,"newSandbox":true,"args":[],"filename":"app_checker.py","script":"\n        GaiaApps.locateWithManifestURL('https://marketplace.firefox.com/app/915cb081-4b29-4743-8e1a-7a60eaa7e678/manifest.webapp',\n                                       null,\n                                       function uninstall(app) {\n                                       navigator.mozApps.mgmt.uninstall(app);\n                                       marionetteScriptFinished(true);\n                                       });\n        ","line":129}}, id: {3008ca28-af47-4ae7-ad91-06bf9e878647}
01-01 03:08:35.560 I/Gecko:ProcessPriorityManager(   81): [(Preallocated), child-id=3, pid=441] Creating ParticularProcessPriorityManager.
01-01 03:08:35.560 I/Gecko:ProcessPriorityManager(   81): [(Preallocated), child-id=3, pid=441] Done starting up.  mHoldsCPUWakeLock=0, mHoldsHighPriorityWakeLock=0
01-01 03:08:35.560 I/Gecko:ProcessPriorityManager(   81): [(Preallocated), child-id=3, pid=441] Changing priority from UNKNOWN:CPU_NORMAL to MASTER:CPU_NORMAL.
01-01 03:08:35.560 I/Gonk    (   81): Setting nice for pid 441 to 0
01-01 03:08:35.560 I/Gonk    (   81): Changed nice for pid 441 from 0 to 0.
01-01 03:08:35.560 I/Gecko:ProcessPriorityManager(   81): [Homescreen, child-id=2, pid=373] Changing priority from FOREGROUND:CPU_NORMAL to FOREGROUND:CPU_LOW.
01-01 03:08:35.560 I/Gonk    (   81): Setting nice for pid 373 to 18
01-01 03:08:35.560 I/Gonk    (   81): Changed nice for pid 373 from 1 to 18.
01-01 03:08:35.560 I/Gecko:ProcessPriorityManager(   81): KillBackgroundApps
01-01 03:08:35.580 I/Gecko   (   81): 1325405315586	Marionette	INFO	sendToClient: {"from":"0","error":{"message":"TypeError: app is null","status":17,"stacktrace":"execute_async_script @app_checker.py, line 129\ninline javascript, line 221\nsrc: \"      appName = app.manifest.name;\""}}, {3008ca28-af47-4ae7-ad91-06bf9e878647}, {3008ca28-af47-4ae7-ad91-06bf9e878647}