--------- beginning of /dev/log/system
01-01 03:42:21.880 I/Vold    (   75): Vold 2.1 (the revenge) firing up
01-01 03:42:21.970 D/Vold    (   75): Volume sdcard state changing -1 (Initializing) -> 0 (No-Media)
01-01 03:42:22.010 D/Vold    (   75): Volume sdcard state changing 0 (No-Media) -> 2 (Pending)
01-01 03:42:22.010 D/Vold    (   75): Volume sdcard state changing 2 (Pending) -> 1 (Idle-Unmounted)
01-01 03:42:26.900 D/VoldCmdListener(   75): volume list
01-01 03:42:26.900 D/VoldCmdListener(   75): volume mount sdcard
01-01 03:42:26.900 I/Vold    (   75): /dev/block/vold/179:1 being considered for volume sdcard
01-01 03:42:26.900 D/Vold    (   75): Volume sdcard state changing 1 (Idle-Unmounted) -> 3 (Checking)
01-01 03:42:26.900 W/Vold    (   75): Skipping fs checks
01-01 03:42:26.950 I/Vold    (   75): Device /dev/block/vold/179:1, target /mnt/sdcard mounted @ /mnt/secure/staging
01-01 03:42:26.960 D/Vold    (   75): Volume sdcard state changing 3 (Checking) -> 4 (Mounted)
--------- beginning of /dev/log/main
01-01 03:42:38.150 E/        (   98): write_rf_nvconf_cmd: wifi recv_num =6, response=[
01-01 03:42:38.150 E/        (   98): OK
01-01 03:42:38.150 E/        (   98): ]
01-01 03:42:38.250 E/        (   98): write_rf_nvconf_cmd
01-01 03:42:38.250 E/        (   98): write_rf_nvconf_cmd: send [39,1,AT+SNVM=1,417]
01-01 03:42:38.250 E/        (   98): write data cmdbuf:[39,1,AT+SNVM=1,417]
01-01 03:42:38.250 E/        (   98): nvcal_send_to_modem
01-01 03:42:38.250 E/        (   98): nvcal_recv_from_modem: Waiting modem response ... fd=7
01-01 03:42:38.250 D/SPRDENG (  167): eng_servermodem_comm: use SIM1 /dev/CHNPTY13
01-01 03:42:38.250 D/SPRDENG (  167): AT > AT+SNVM=1,417
01-01 03:42:38.250 D/SPRDENG (  167): 41
01-01 03:42:38.250 D/SPRDENG (  167): 54
01-01 03:42:38.250 D/SPRDENG (  167): 2b
01-01 03:42:38.250 D/SPRDENG (  167): 53
01-01 03:42:38.250 D/SPRDENG (  167): 4e
01-01 03:42:38.250 D/SPRDENG (  167): 56
01-01 03:42:38.250 D/SPRDENG (  167): 4d
01-01 03:42:38.250 D/SPRDENG (  167): 3d
01-01 03:42:38.250 D/SPRDENG (  167): 31
01-01 03:42:38.250 D/SPRDENG (  167): 2c
01-01 03:42:38.250 D/SPRDENG (  167): 34
01-01 03:42:38.250 D/SPRDENG (  167): 31
01-01 03:42:38.250 D/SPRDENG (  167): 37
01-01 03:42:38.250 D/SPRDENG (  167): eng_modem2server: use SIM1 /dev/CHNPTY13
01-01 03:42:38.250 D/SPRDENG (  167): AT < 
01-01 03:42:38.250 D/SPRDENG (  167): > 
01-01 03:42:38.250 D/SPRDENG (  167): 
01-01 03:42:38.250 E/        (   98): nvcal_recv_from_modem: Receive 1 Modem Response
01-01 03:42:38.250 E/        (   98): recv from modem cmdbuf=[
01-01 03:42:38.250 E/        (   98): > 
01-01 03:42:38.250 E/        (   98): ]
01-01 03:42:38.350 E/        (   98): (strstr(cmdbuf, ">") != NULL)
01-01 03:42:38.350 E/        (   98): write_rf_nvconf_cmd: cmd_len[406], nv_len[400]
01-01 03:42:38.350 E/        (   98): write_rf_nvconf_cmd: cmd_buf:[39,1,1b0050021f00500221005002030050023d0050022000500224005002280050023d0050022000500224005002280050021c1c00001c1c000040020000000000000000000000000000000000000000000000000000000000000000000000000000000000000000000000000000000000000000000000000000bbbec2c61a231c2300000000000000001a231c2300000000000000001b231c2300000000000000001b231c2300000000000000001b231c2300000000000000000000000000000000000000002c000000]
01-01 03:42:38.350 E/        (   98): nvcal_send_to_modem
01-01 03:42:38.350 E/        (   98): nvcal_recv_from_modem: Waiting modem response ... fd=7
01-01 03:42:38.350 D/SPRDENG (  167): eng_servermodem_comm: use SIM1 /dev/CHNPTY13
01-01 03:42:38.350 D/SPRDENG (  167): AT > 1b0050021f00500221005002030050023d0050022000500224005002280050023d0050022000500224005002280050021c1c00001c1c000040020000000000000000000000000000000000000000000000000000000000000000000000000000000000000000000000000000000000000000000000000000bbbec2c61a231c2300000000000000001a231c2300000000000000001b231c2300000000000000001b231c2300000000000000001b231c2300000000000000000000000000000000000000002c000000
01-01 03:42:38.350 D/SPRDENG (  167): 31
01-01 03:42:38.350 D/SPRDENG (  167): 62
01-01 03:42:38.350 D/SPRDENG (  167): 30
01-01 03:42:38.350 D/SPRDENG (  167): 30
01-01 03:42:38.350 D/SPRDENG (  167): 35
01-01 03:42:38.350 D/SPRDENG (  167): 30
01-01 03:42:38.350 D/SPRDENG (  167): 30
01-01 03:42:38.350 D/SPRDENG (  167): 32
01-01 03:42:38.350 D/SPRDENG (  167): 31
01-01 03:42:38.350 D/SPRDENG (  167): 66
01-01 03:42:38.350 D/SPRDENG (  167): 30
01-01 03:42:38.350 D/SPRDENG (  167): 30
01-01 03:42:38.350 D/SPRDENG (  167): 35
01-01 03:42:38.350 D/SPRDENG (  167): 30
01-01 03:42:38.350 D/SPRDENG (  167): 30
01-01 03:42:38.350 D/SPRDENG (  167): 32
01-01 03:42:38.350 D/SPRDENG (  167): 32
01-01 03:42:38.350 D/SPRDENG (  167): 31
01-01 03:42:38.350 D/SPRDENG (  167): 30
01-01 03:42:38.350 D/SPRDENG (  167): 30
01-01 03:42:38.350 D/SPRDENG (  167): 35
01-01 03:42:38.350 D/SPRDENG (  167): 30
01-01 03:42:38.350 D/SPRDENG (  167): 30
01-01 03:42:38.350 D/SPRDENG (  167): 32
01-01 03:42:38.350 D/SPRDENG (  167): 30
01-01 03:42:38.350 D/SPRDENG (  167): 33
01-01 03:42:38.350 D/SPRDENG (  167): 30
01-01 03:42:38.350 D/SPRDENG (  167): 30
01-01 03:42:38.350 D/SPRDENG (  167): 35
01-01 03:42:38.350 D/SPRDENG (  167): 30
01-01 03:42:38.350 D/SPRDENG (  167): 30
01-01 03:42:38.350 D/SPRDENG (  167): 32
01-01 03:42:38.350 D/SPRDENG (  167): 33
01-01 03:42:38.350 D/SPRDENG (  167): 64
01-01 03:42:38.350 D/SPRDENG (  167): 30
01-01 03:42:38.350 D/SPRDENG (  167): 30
01-01 03:42:38.350 D/SPRDENG (  167): 35
01-01 03:42:38.350 D/SPRDENG (  167): 30
01-01 03:42:38.350 D/SPRDENG (  167): 30
01-01 03:42:38.350 D/SPRDENG (  167): 32
01-01 03:42:38.350 D/SPRDENG (  167): 32
01-01 03:42:38.350 D/SPRDENG (  167): 30
01-01 03:42:38.350 D/SPRDENG (  167): 30
01-01 03:42:38.350 D/SPRDENG (  167): 30
01-01 03:42:38.350 D/SPRDENG (  167): 35
01-01 03:42:38.350 D/SPRDENG (  167): 30
01-01 03:42:38.350 D/SPRDENG (  167): 30
01-01 03:42:38.350 D/SPRDENG (  167): 32
01-01 03:42:38.350 D/SPRDENG (  167): 32
01-01 03:42:38.350 D/SPRDENG (  167): 34
01-01 03:42:38.350 D/SPRDENG (  167): 30
01-01 03:42:38.350 D/SPRDENG (  167): 30
01-01 03:42:38.350 D/SPRDENG (  167): 35
01-01 03:42:38.350 D/SPRDENG (  167): 30
01-01 03:42:38.350 D/SPRDENG (  167): 30
01-01 03:42:38.350 D/SPRDENG (  167): 32
01-01 03:42:38.350 D/SPRDENG (  167): 32
01-01 03:42:38.350 D/SPRDENG (  167): 38
01-01 03:42:38.350 D/SPRDENG (  167): 30
01-01 03:42:38.350 D/SPRDENG (  167): 30
01-01 03:42:38.350 D/SPRDENG (  167): 35
01-01 03:42:38.350 D/SPRDENG (  167): 30
01-01 03:42:38.350 D/SPRDENG (  167): 30
01-01 03:42:38.350 D/SPRDENG (  167): 32
01-01 03:42:38.350 D/SPRDENG (  167): 33
01-01 03:42:38.350 D/SPRDENG (  167): 64
01-01 03:42:38.350 D/SPRDENG (  167): 30
01-01 03:42:38.350 D/SPRDENG (  167): 30
01-01 03:42:38.350 D/SPRDENG (  167): 35
01-01 03:42:38.350 D/SPRDENG (  167): 30
01-01 03:42:38.350 D/SPRDENG (  167): 30
01-01 03:42:38.350 D/SPRDENG (  167): 32
01-01 03:42:38.350 D/SPRDENG (  167): 32
01-01 03:42:38.350 D/SPRDENG (  167): 30
01-01 03:42:38.350 D/SPRDENG (  167): 30
01-01 03:42:38.350 D/SPRDENG (  167): 30
01-01 03:42:38.350 D/SPRDENG (  167): 35
01-01 03:42:38.350 D/SPRDENG (  167): 30
01-01 03:42:38.350 D/SPRDENG (  167): 30
01-01 03:42:38.350 D/SPRDENG (  167): 32
01-01 03:42:38.350 D/SPRDENG (  167): 32
01-01 03:42:38.350 D/SPRDENG (  167): 34
01-01 03:42:38.350 D/SPRDENG (  167): 30
01-01 03:42:38.350 D/SPRDENG (  167): 30
01-01 03:42:38.350 D/SPRDENG (  167): 35
01-01 03:42:38.350 D/SPRDENG (  167): 30
01-01 03:42:38.350 D/SPRDENG (  167): 30
01-01 03:42:38.350 D/SPRDENG (  167): 32
01-01 03:42:38.350 D/SPRDENG (  167): 32
01-01 03:42:38.350 D/SPRDENG (  167): 38
01-01 03:42:38.350 D/SPRDENG (  167): 30
01-01 03:42:38.350 D/SPRDENG (  167): 30
01-01 03:42:38.350 D/SPRDENG (  167): 35
01-01 03:42:38.350 D/SPRDENG (  167): 30
01-01 03:42:38.350 D/SPRDENG (  167): 30
01-01 03:42:38.350 D/SPRDENG (  167): 32
01-01 03:42:38.350 D/SPRDENG (  167): 31
01-01 03:42:38.350 D/SPRDENG (  167): 63
01-01 03:42:38.350 D/SPRDENG (  167): 31
01-01 03:42:38.350 D/SPRDENG (  167): 63
01-01 03:42:38.350 D/SPRDENG (  167): 30
01-01 03:42:38.350 D/SPRDENG (  167): 30
01-01 03:42:38.350 D/SPRDENG (  167): 30
01-01 03:42:38.350 D/SPRDENG (  167): 30
01-01 03:42:38.350 D/SPRDENG (  167): 31
01-01 03:42:38.350 D/SPRDENG (  167): 63
01-01 03:42:38.350 D/SPRDENG (  167): 31
01-01 03:42:38.350 D/SPRDENG (  167): 63
01-01 03:42:38.350 D/SPRDENG (  167): 30
01-01 03:42:38.350 D/SPRDENG (  167): 30
01-01 03:42:38.350 D/SPRDENG (  167): 30
01-01 03:42:38.350 D/SPRDENG (  167): 30
01-01 03:42:38.350 D/SPRDENG (  167): 34
01-01 03:42:38.350 D/SPRDENG (  167): 30
01-01 03:42:38.350 D/SPRDENG (  167): 30
01-01 03:42:38.350 D/SPRDENG (  167): 32
01-01 03:42:38.350 D/SPRDENG (  167): 30
01-01 03:42:38.350 D/SPRDENG (  167): 30
01-01 03:42:38.350 D/SPRDENG (  167): 30
01-01 03:42:38.350 D/SPRDENG (  167): 30
01-01 03:42:38.350 D/SPRDENG (  167): 30
01-01 03:42:38.350 D/SPRDENG (  167): 30
01-01 03:42:38.350 D/SPRDENG (  167): 30
01-01 03:42:38.350 D/SPRDENG (  167): 30
01-01 03:42:38.350 D/SPRDENG (  167): 30
01-01 03:42:38.350 D/SPRDENG (  167): 30
01-01 03:42:38.350 D/SPRDENG (  167): 30
01-01 03:42:38.350 D/SPRDENG (  167): 30
01-01 03:42:38.350 D/SPRDENG (  167): 30
01-01 03:42:38.350 D/SPRDENG (  167): 30
01-01 03:42:38.350 D/SPRDENG (  167): 30
01-01 03:42:38.350 D/SPRDENG (  167): 30
01-01 03:42:38.350 D/SPRDENG (  167): 30
01-01 03:42:38.350 D/SPRDENG (  167): 30
01-01 03:42:38.350 D/SPRDENG (  167): 30
01-01 03:42:38.350 D/SPRDENG (  167): 30
01-01 03:42:38.350 D/SPRDENG (  167): 30
01-01 03:42:38.350 D/SPRDENG (  167): 30
01-01 03:42:38.350 D/SPRDENG (  167): 30
01-01 03:42:38.350 D/SPRDENG (  167): 30
01-01 03:42:38.350 D/SPRDENG (  167): 30
01-01 03:42:38.350 D/SPRDENG (  167): 30
01-01 03:42:38.350 D/SPRDENG (  167): 30
01-01 03:42:38.350 D/SPRDENG (  167): 30
01-01 03:42:38.350 D/SPRDENG (  167): 30
01-01 03:42:38.350 D/SPRDENG (  167): 30
01-01 03:42:38.350 D/SPRDENG (  167): 30
01-01 03:42:38.350 D/SPRDENG (  167): 30
01-01 03:42:38.350 D/SPRDENG (  167): 30
01-01 03:42:38.350 D/SPRDENG (  167): 30
01-01 03:42:38.350 D/SPRDENG (  167): 30
01-01 03:42:38.350 D/SPRDENG (  167): 30
01-01 03:42:38.350 D/SPRDENG (  167): 30
01-01 03:42:38.350 D/SPRDENG (  167): 30
01-01 03:42:38.350 D/SPRDENG (  167): 30
01-01 03:42:38.350 D/SPRDENG (  167): 30
01-01 03:42:38.350 D/SPRDENG (  167): 30
01-01 03:42:38.350 D/SPRDENG (  167): 30
01-01 03:42:38.350 D/SPRDENG (  167): 30
01-01 03:42:38.350 D/SPRDENG (  167): 30
01-01 03:42:38.350 D/SPRDENG (  167): 30
01-01 03:42:38.350 D/SPRDENG (  167): 30
01-01 03:42:38.350 D/SPRDENG (  167): 30
01-01 03:42:38.350 D/SPRDENG (  167): 30
01-01 03:42:38.350 D/SPRDENG (  167): 30
01-01 03:42:38.350 D/SPRDENG (  167): 30
01-01 03:42:38.350 D/SPRDENG (  167): 30
01-01 03:42:38.350 D/SPRDENG (  167): 30
01-01 03:42:38.350 D/SPRDENG (  167): 30
01-01 03:42:38.350 D/SPRDENG (  167): 30
01-01 03:42:38.350 D/SPRDENG (  167): 30
01-01 03:42:38.350 D/SPRDENG (  167): 30
01-01 03:42:38.350 D/SPRDENG (  167): 30
01-01 03:42:38.350 D/SPRDENG (  167): 30
01-01 03:42:38.350 D/SPRDENG (  167): 30
01-01 03:42:38.350 D/SPRDENG (  167): 30
01-01 03:42:38.350 D/SPRDENG (  167): 30
01-01 03:42:38.350 D/SPRDENG (  167): 30
01-01 03:42:38.350 D/SPRDENG (  167): 30
01-01 03:42:38.350 D/SPRDENG (  167): 30
01-01 03:42:38.350 D/SPRDENG (  167): 30
01-01 03:42:38.350 D/SPRDENG (  167): 30
01-01 03:42:38.350 D/SPRDENG (  167): 30
01-01 03:42:38.350 D/SPRDENG (  167): 30
01-01 03:42:38.350 D/SPRDENG (  167): 30
01-01 03:42:38.350 D/SPRDENG (  167): 30
01-01 03:42:38.350 D/SPRDENG (  167): 30
01-01 03:42:38.350 D/SPRDENG (  167): 30
01-01 03:42:38.350 D/SPRDENG (  167): 30
01-01 03:42:38.350 D/SPRDENG (  167): 30
01-01 03:42:38.350 D/SPRDENG (  167): 30
01-01 03:42:38.350 D/SPRDENG (  167): 30
01-01 03:42:38.350 D/SPRDENG (  167): 30
01-01 03:42:38.350 D/SPRDENG (  167): 30
01-01 03:42:38.350 D/SPRDENG (  167): 30
01-01 03:42:38.350 D/SPRDENG (  167): 30
01-01 03:42:38.350 D/SPRDENG (  167): 30
01-01 03:42:38.350 D/SPRDENG (  167): 30
01-01 03:42:38.350 D/SPRDENG (  167): 30
01-01 03:42:38.350 D/SPRDENG (  167): 30
01-01 03:42:38.350 D/SPRDENG (  167): 30
01-01 03:42:38.350 D/SPRDENG (  167): 30
01-01 03:42:38.350 D/SPRDENG (  167): 30
01-01 03:42:38.350 D/SPRDENG (  167): 30
01-01 03:42:38.350 D/SPRDENG (  167): 30
01-01 03:42:38.350 D/SPRDENG (  167): 30
01-01 03:42:38.350 D/SPRDENG (  167): 30
01-01 03:42:38.350 D/SPRDENG (  167): 30
01-01 03:42:38.350 D/SPRDENG (  167): 30
01-01 03:42:38.350 D/SPRDENG (  167): 30
01-01 03:42:38.350 D/SPRDENG (  167): 30
01-01 03:42:38.350 D/SPRDENG (  167): 30
01-01 03:42:38.350 D/SPRDENG (  167): 30
01-01 03:42:38.350 D/SPRDENG (  167): 30
01-01 03:42:38.350 D/SPRDENG (  167): 30
01-01 03:42:38.350 D/SPRDENG (  167): 30
01-01 03:42:38.350 D/SPRDENG (  167): 30
01-01 03:42:38.350 D/SPRDENG (  167): 30
01-01 03:42:38.350 D/SPRDENG (  167): 30
01-01 03:42:38.350 D/SPRDENG (  167): 30
01-01 03:42:38.350 D/SPRDENG (  167): 30
01-01 03:42:38.350 D/SPRDENG (  167): 30
01-01 03:42:38.350 D/SPRDENG (  167): 30
01-01 03:42:38.350 D/SPRDENG (  167): 30
01-01 03:42:38.350 D/SPRDENG (  167): 30
01-01 03:42:38.350 D/SPRDENG (  167): 30
01-01 03:42:38.350 D/SPRDENG (  167): 30
01-01 03:42:38.350 D/SPRDENG (  167): 30
01-01 03:42:38.350 D/SPRDENG (  167): 30
01-01 03:42:38.350 D/SPRDENG (  167): 30
01-01 03:42:38.350 D/SPRDENG (  167): 30
01-01 03:42:38.350 D/SPRDENG (  167): 30
01-01 03:42:38.350 D/SPRDENG (  167): 30
01-01 03:42:38.350 D/SPRDENG (  167): 30
01-01 03:42:38.350 D/SPRDENG (  167): 30
01-01 03:42:38.350 D/SPRDENG (  167): 30
01-01 03:42:38.350 D/SPRDENG (  167): 30
01-01 03:42:38.350 D/SPRDENG (  167): 30
01-01 03:42:38.350 D/SPRDENG (  167): 30
01-01 03:42:38.350 D/SPRDENG (  167): 30
01-01 03:42:38.350 D/SPRDENG (  167): 62
01-01 03:42:38.350 D/SPRDENG (  167): 62
01-01 03:42:38.350 D/SPRDENG (  167): 62
01-01 03:42:38.350 D/SPRDENG (  167): 65
01-01 03:42:38.350 D/SPRDENG (  167): 63
01-01 03:42:38.350 D/SPRDENG (  167): 32
01-01 03:42:38.350 D/SPRDENG (  167): 63
01-01 03:42:38.350 D/SPRDENG (  167): 36
01-01 03:42:38.350 D/SPRDENG (  167): 31
01-01 03:42:38.350 D/SPRDENG (  167): 61
01-01 03:42:38.350 D/SPRDENG (  167): 32
01-01 03:42:38.350 D/SPRDENG (  167): 33
01-01 03:42:38.350 D/SPRDENG (  167): 31
01-01 03:42:38.350 D/SPRDENG (  167): 63
01-01 03:42:38.350 D/SPRDENG (  167): 32
01-01 03:42:38.350 D/SPRDENG (  167): 33
01-01 03:42:38.350 D/SPRDENG (  167): 30
01-01 03:42:38.350 D/SPRDENG (  167): 30
01-01 03:42:38.350 D/SPRDENG (  167): 30
01-01 03:42:38.350 D/SPRDENG (  167): 30
01-01 03:42:38.350 D/SPRDENG (  167): 30
01-01 03:42:38.350 D/SPRDENG (  167): 30
01-01 03:42:38.350 D/SPRDENG (  167): 30
01-01 03:42:38.350 D/SPRDENG (  167): 30
01-01 03:42:38.350 D/SPRDENG (  167): 30
01-01 03:42:38.350 D/SPRDENG (  167): 30
01-01 03:42:38.350 D/SPRDENG (  167): 30
01-01 03:42:38.350 D/SPRDENG (  167): 30
01-01 03:42:38.350 D/SPRDENG (  167): 30
01-01 03:42:38.350 D/SPRDENG (  167): 30
01-01 03:42:38.350 D/SPRDENG (  167): 30
01-01 03:42:38.350 D/SPRDENG (  167): 30
01-01 03:42:38.350 D/SPRDENG (  167): 31
01-01 03:42:38.350 D/SPRDENG (  167): 61
01-01 03:42:38.350 D/SPRDENG (  167): 32
01-01 03:42:38.350 D/SPRDENG (  167): 33
01-01 03:42:38.350 D/SPRDENG (  167): 31
01-01 03:42:38.350 D/SPRDENG (  167): 63
01-01 03:42:38.350 D/SPRDENG (  167): 32
01-01 03:42:38.350 D/SPRDENG (  167): 33
01-01 03:42:38.350 D/SPRDENG (  167): 30
01-01 03:42:38.350 D/SPRDENG (  167): 30
01-01 03:42:38.350 D/SPRDENG (  167): 30
01-01 03:42:38.350 D/SPRDENG (  167): 30
01-01 03:42:38.350 D/SPRDENG (  167): 30
01-01 03:42:38.350 D/SPRDENG (  167): 30
01-01 03:42:38.350 D/SPRDENG (  167): 30
01-01 03:42:38.350 D/SPRDENG (  167): 30
01-01 03:42:38.350 D/SPRDENG (  167): 30
01-01 03:42:38.350 D/SPRDENG (  167): 30
01-01 03:42:38.350 D/SPRDENG (  167): 30
01-01 03:42:38.350 D/SPRDENG (  167): 30
01-01 03:42:38.350 D/SPRDENG (  167): 30
01-01 03:42:38.350 D/SPRDENG (  167): 30
01-01 03:42:38.350 D/SPRDENG (  167): 30
01-01 03:42:38.350 D/SPRDENG (  167): 30
01-01 03:42:38.350 D/SPRDENG (  167): 31
01-01 03:42:38.350 D/SPRDENG (  167): 62
01-01 03:42:38.350 D/SPRDENG (  167): 32
01-01 03:42:38.350 D/SPRDENG (  167): 33
01-01 03:42:38.350 D/SPRDENG (  167): 31
01-01 03:42:38.350 D/SPRDENG (  167): 63
01-01 03:42:38.350 D/SPRDENG (  167): 32
01-01 03:42:38.350 D/SPRDENG (  167): 33
01-01 03:42:38.350 D/SPRDENG (  167): 30
01-01 03:42:38.350 D/SPRDENG (  167): 30
01-01 03:42:38.350 D/SPRDENG (  167): 30
01-01 03:42:38.350 D/SPRDENG (  167): 30
01-01 03:42:38.350 D/SPRDENG (  167): 30
01-01 03:42:38.350 D/SPRDENG (  167): 30
01-01 03:42:38.350 D/SPRDENG (  167): 30
01-01 03:42:38.350 D/SPRDENG (  167): 30
01-01 03:42:38.350 D/SPRDENG (  167): 30
01-01 03:42:38.350 D/SPRDENG (  167): 30
01-01 03:42:38.350 D/SPRDENG (  167): 30
01-01 03:42:38.350 D/SPRDENG (  167): 30
01-01 03:42:38.350 D/SPRDENG (  167): 30
01-01 03:42:38.350 D/SPRDENG (  167): 30
01-01 03:42:38.350 D/SPRDENG (  167): 30
01-01 03:42:38.350 D/SPRDENG (  167): 30
01-01 03:42:38.350 D/SPRDENG (  167): 31
01-01 03:42:38.350 D/SPRDENG (  167): 62
01-01 03:42:38.350 D/SPRDENG (  167): 32
01-01 03:42:38.350 D/SPRDENG (  167): 33
01-01 03:42:38.350 D/SPRDENG (  167): 31
01-01 03:42:38.350 D/SPRDENG (  167): 63
01-01 03:42:38.350 D/SPRDENG (  167): 32
01-01 03:42:38.350 D/SPRDENG (  167): 33
01-01 03:42:38.350 D/SPRDENG (  167): 30
01-01 03:42:38.350 D/SPRDENG (  167): 30
01-01 03:42:38.350 D/SPRDENG (  167): 30
01-01 03:42:38.350 D/SPRDENG (  167): 30
01-01 03:42:38.350 D/SPRDENG (  167): 30
01-01 03:42:38.350 D/SPRDENG (  167): 30
01-01 03:42:38.350 D/SPRDENG (  167): 30
01-01 03:42:38.350 D/SPRDENG (  167): 30
01-01 03:42:38.350 D/SPRDENG (  167): 30
01-01 03:42:38.350 D/SPRDENG (  167): 30
01-01 03:42:38.350 D/SPRDENG (  167): 30
01-01 03:42:38.350 D/SPRDENG (  167): 30
01-01 03:42:38.350 D/SPRDENG (  167): 30
01-01 03:42:38.350 D/SPRDENG (  167): 30
01-01 03:42:38.350 D/SPRDENG (  167): 30
01-01 03:42:38.350 D/SPRDENG (  167): 30
01-01 03:42:38.350 D/SPRDENG (  167): 31
01-01 03:42:38.350 D/SPRDENG (  167): 62
01-01 03:42:38.350 D/SPRDENG (  167): 32
01-01 03:42:38.350 D/SPRDENG (  167): 33
01-01 03:42:38.350 D/SPRDENG (  167): 31
01-01 03:42:38.350 D/SPRDENG (  167): 63
01-01 03:42:38.350 D/SPRDENG (  167): 32
01-01 03:42:38.350 D/SPRDENG (  167): 33
01-01 03:42:38.350 D/SPRDENG (  167): 30
01-01 03:42:38.350 D/SPRDENG (  167): 30
01-01 03:42:38.350 D/SPRDENG (  167): 30
01-01 03:42:38.350 D/SPRDENG (  167): 30
01-01 03:42:38.350 D/SPRDENG (  167): 30
01-01 03:42:38.350 D/SPRDENG (  167): 30
01-01 03:42:38.350 D/SPRDENG (  167): 30
01-01 03:42:38.350 D/SPRDENG (  167): 30
01-01 03:42:38.350 D/SPRDENG (  167): 30
01-01 03:42:38.350 D/SPRDENG (  167): 30
01-01 03:42:38.350 D/SPRDENG (  167): 30
01-01 03:42:38.350 D/SPRDENG (  167): 30
01-01 03:42:38.350 D/SPRDENG (  167): 30
01-01 03:42:38.350 D/SPRDENG (  167): 30
01-01 03:42:38.350 D/SPRDENG (  167): 30
01-01 03:42:38.350 D/SPRDENG (  167): 30
01-01 03:42:38.350 D/SPRDENG (  167): 30
01-01 03:42:38.350 D/SPRDENG (  167): 30
01-01 03:42:38.350 D/SPRDENG (  167): 30
01-01 03:42:38.350 D/SPRDENG (  167): 30
01-01 03:42:38.350 D/SPRDENG (  167): 30
01-01 03:42:38.350 D/SPRDENG (  167): 30
01-01 03:42:38.350 D/SPRDENG (  167): 30
01-01 03:42:38.350 D/SPRDENG (  167): 30
01-01 03:42:38.350 D/SPRDENG (  167): 30
01-01 03:42:38.350 D/SPRDENG (  167): 30
01-01 03:42:38.350 D/SPRDENG (  167): 30
01-01 03:42:38.350 D/SPRDENG (  167): 30
01-01 03:42:38.350 D/SPRDENG (  167): 30
01-01 03:42:38.350 D/SPRDENG (  167): 30
01-01 03:42:38.350 D/SPRDENG (  167): 30
01-01 03:42:38.350 D/SPRDENG (  167): 30
01-01 03:42:38.350 D/SPRDENG (  167): 30
01-01 03:42:38.350 D/SPRDENG (  167): 30
01-01 03:42:38.350 D/SPRDENG (  167): 30
01-01 03:42:38.350 D/SPRDENG (  167): 30
01-01 03:42:38.350 D/SPRDENG (  167): 30
01-01 03:42:38.350 D/SPRDENG (  167): 30
01-01 03:42:38.350 D/SPRDENG (  167): 30
01-01 03:42:38.350 D/SPRDENG (  167): 30
01-01 03:42:38.350 D/SPRDENG (  167): 32
01-01 03:42:38.350 D/SPRDENG (  167): 63
01-01 03:42:38.350 D/SPRDENG (  167): 30
01-01 03:42:38.350 D/SPRDENG (  167): 30
01-01 03:42:38.350 D/SPRDENG (  167): 30
01-01 03:42:38.350 D/SPRDENG (  167): 30
01-01 03:42:38.350 D/SPRDENG (  167): 30
01-01 03:42:38.350 D/SPRDENG (  167): 30
01-01 03:42:38.350 D/SPRDENG (  167): 1a
01-01 03:42:38.350 D/SPRDENG (  167): eng_modem2server: use SIM1 /dev/CHNPTY13
01-01 03:42:38.350 D/SPRDENG (  167): AT < 
01-01 03:42:38.350 D/SPRDENG (  167): OK
01-01 03:42:38.350 D/SPRDENG (  167): 
01-01 03:42:38.350 E/        (   98): nvcal_recv_from_modem: Receive 1 Modem Response
01-01 03:42:38.350 E/        (   98): write_rf_nvconf_cmd: wifi recv_num =6, response=[
01-01 03:42:38.350 E/        (   98): OK
01-01 03:42:38.350 E/        (   98): ]
01-01 03:42:38.450 E/eng_rf_nv_update(   98): [set_rf_nvconf]: NV updated OK!
01-01 03:42:38.460 E/eng_rf_nv_update(   98): [save_rf_nv_to_bak_file] NV data save to bake file OK
01-01 03:42:38.460 E/eng_rf_nv_update(   98): [eng_rf_nv_update]: end eng rf nv update!
01-01 03:42:38.460 I/logwrapper(   80): /system/bin/eng_rf_nv_update terminated by exit(0)
01-01 03:42:38.710 I/power   (   81): *** set_screen_state 1
01-01 03:42:38.710 D/Sensors (   81): activate handle=3; drv=1
01-01 03:42:38.710 D/Sensors (   81): SensorTMD2771::setEnable=0= en=1; newState=1; what=0; mEnabled=0
01-01 03:42:38.900 D/Sensors (   81): taos ---Light::TAOS_IOCTL_ALS_ON=== err=0
01-01 03:42:38.900 D/Sensors (   81): SensorTMD2771::setEnable=1= en=1; newState=1; what=0; mEnabled=1
01-01 03:42:38.900 D/Sensors (   81): SensorTMD2771::getEnable===mEnabled=0x1; enable=1
01-01 03:42:38.920 I/GeckoDump(   81): XXX FIXME : Got a mozContentEvent: nfc-hardware-state-change
01-01 03:42:38.940 I/GeckoDump(   81): XXX FIXME : Got a mozContentEvent: system-message-listener-ready
01-01 03:42:39.000 I/Gecko:ProcessPriorityManager(   81): [(Preallocated), child-id=2, pid=374] Creating ParticularProcessPriorityManager.
01-01 03:42:39.000 I/Gecko:ProcessPriorityManager(   81): [(Preallocated), child-id=2, pid=374] Done starting up.  mHoldsCPUWakeLock=0, mHoldsHighPriorityWakeLock=0
01-01 03:42:39.000 I/Gecko:ProcessPriorityManager(   81): [(Preallocated), child-id=2, pid=374] Changing priority from UNKNOWN:CPU_NORMAL to MASTER:CPU_NORMAL.
01-01 03:42:39.000 I/Gonk    (   81): Setting nice for pid 374 to 0
01-01 03:42:39.000 I/Gonk    (   81): Changed nice for pid 374 from 0 to 0.
01-01 03:42:39.500 D/Sensors (   81): SensorTMD2771::readEvents()======data_fd=53,count=16
01-01 03:42:39.500 D/Sensors (   81): SensorTMD2771::processEvent()=====code=40::value=1 
01-01 03:42:39.500 D/Sensors (   81): SensorTMD2771: mPendingEvents[Light].light = 1.000000
01-01 03:42:39.650 I/Gecko   (   81): 1325407359660	Marionette	INFO	loaded marionette-listener.js
01-01 03:42:39.650 I/Gecko   (   81): 1325407359662	Marionette	INFO	sendToClient: {"from":"0","value":"3-b2g"}, {8d8cec2e-3938-45de-ac89-e49275ccc6ce}, {8d8cec2e-3938-45de-ac89-e49275ccc6ce}
01-01 03:42:39.820 E/GeckoConsole(   81): [JavaScript Error: "TypeError: widgetFrame is undefined" {file: "app://system.gaiamobile.org/js/cost_control.js" line: 119}]
01-01 03:42:40.160 E/WifiHW  (   81): Leo ensure_config_file_exists config_file=/data/misc/wifi/wpa_supplicant.conf
01-01 03:42:40.160 E/WifiHW  (   81): daemon_cmd=wpa_supplicant:-iwlan0 -c/data/misc/wifi/wpa_supplicant.conf
01-01 03:42:40.230 I/Gecko   (   81): 1325407360238	Marionette	INFO	sendToClient: {"from":"0","value":{"ELEMENT":"{7fa5c7ea-c619-4fe5-a5ac-aea46951a313}"}}, {4d96e397-b89c-4808-b327-448b16670861}, {4d96e397-b89c-4808-b327-448b16670861}
01-01 03:42:40.350 I/Gecko   (   81): 1325407360357	Marionette	INFO	sendToClient: {"from":"0","value":false}, {6e0578fe-4818-4b47-8da4-938f81fe1b64}, {6e0578fe-4818-4b47-8da4-938f81fe1b64}
01-01 03:42:40.560 I/Gecko   (   81): 1325407360564	Marionette	INFO	sendToClient: {"from":"0","value":{"ELEMENT":"{7fa5c7ea-c619-4fe5-a5ac-aea46951a313}"}}, {e4fa7ded-8e58-47d7-9b86-0137eeae962c}, {e4fa7ded-8e58-47d7-9b86-0137eeae962c}
01-01 03:42:40.690 I/Gecko   (   81): 1325407360700	Marionette	INFO	sendToClient: {"from":"0","value":false}, {153b253d-d819-4dd0-8280-ed657d15c4f6}, {153b253d-d819-4dd0-8280-ed657d15c4f6}
01-01 03:42:40.880 I/Gecko   (   81): 1325407360891	Marionette	INFO	sendToClient: {"from":"0","value":{"ELEMENT":"{7fa5c7ea-c619-4fe5-a5ac-aea46951a313}"}}, {25590b04-f98a-4c7f-833b-c8c7f34b561c}, {25590b04-f98a-4c7f-833b-c8c7f34b561c}
01-01 03:42:41.040 I/Gecko   (   81): 1325407361050	Marionette	INFO	sendToClient: {"from":"0","value":false}, {4be991ae-04ee-4a44-88a2-2511b6c59711}, {4be991ae-04ee-4a44-88a2-2511b6c59711}
01-01 03:42:41.070 W/WifiHW  (   81): wifi_command: LOG_LEVEL
01-01 03:42:41.070 W/WifiHW  (   81): wifi_command: STATUS
01-01 03:42:41.090 W/WifiHW  (   81): wifi_command: LIST_NETWORKS
01-01 03:42:41.090 W/WifiHW  (   81): wifi_command: DRIVER MACADDR
01-01 03:42:41.110 W/WifiHW  (   81): wifi_command: GET_NETWORK 0 ssid
01-01 03:42:41.110 W/WifiHW  (   81): wifi_command: GET_NETWORK 0 bssid
01-01 03:42:41.120 W/WifiHW  (   81): wifi_command: GET_NETWORK 0 psk
01-01 03:42:41.120 W/WifiHW  (   81): wifi_command: GET_NETWORK 0 wep_key0
01-01 03:42:41.130 W/WifiHW  (   81): wifi_command: GET_NETWORK 0 wep_key1
01-01 03:42:41.130 W/WifiHW  (   81): wifi_command: GET_NETWORK 0 wep_key2
01-01 03:42:41.130 W/WifiHW  (   81): wifi_command: GET_NETWORK 0 wep_key3
01-01 03:42:41.130 W/WifiHW  (   81): wifi_command: GET_NETWORK 0 wep_tx_keyidx
01-01 03:42:41.130 W/WifiHW  (   81): wifi_command: GET_NETWORK 0 priority
01-01 03:42:41.140 W/WifiHW  (   81): wifi_command: GET_NETWORK 0 key_mgmt
01-01 03:42:41.140 W/WifiHW  (   81): wifi_command: GET_NETWORK 0 scan_ssid
01-01 03:42:41.140 W/WifiHW  (   81): wifi_command: GET_NETWORK 0 disabled
01-01 03:42:41.140 W/WifiHW  (   81): wifi_command: GET_NETWORK 0 identity
01-01 03:42:41.140 W/WifiHW  (   81): wifi_command: GET_NETWORK 0 password
01-01 03:42:41.140 W/WifiHW  (   81): wifi_command: GET_NETWORK 0 auth_alg
01-01 03:42:41.140 W/WifiHW  (   81): wifi_command: GET_NETWORK 0 phase1
01-01 03:42:41.140 W/WifiHW  (   81): wifi_command: GET_NETWORK 0 phase2
01-01 03:42:41.150 W/WifiHW  (   81): wifi_command: GET_NETWORK 0 eap
01-01 03:42:41.160 W/WifiHW  (   81): wifi_command: GET_NETWORK 0 pin
01-01 03:42:41.160 W/WifiHW  (   81): wifi_command: GET_NETWORK 0 pcsc
01-01 03:42:41.160 W/WifiHW  (   81): wifi_command: GET_NETWORK 1 ssid
01-01 03:42:41.160 W/WifiHW  (   81): wifi_command: GET_NETWORK 1 bssid
01-01 03:42:41.170 W/WifiHW  (   81): wifi_command: GET_NETWORK 1 psk
01-01 03:42:41.170 W/WifiHW  (   81): wifi_command: GET_NETWORK 1 wep_key0
01-01 03:42:41.170 W/WifiHW  (   81): wifi_command: GET_NETWORK 1 wep_key1
01-01 03:42:41.170 W/WifiHW  (   81): wifi_command: GET_NETWORK 1 wep_key2
01-01 03:42:41.170 W/WifiHW  (   81): wifi_command: GET_NETWORK 1 wep_key3
01-01 03:42:41.170 W/WifiHW  (   81): wifi_command: GET_NETWORK 1 wep_tx_keyidx
01-01 03:42:41.170 W/WifiHW  (   81): wifi_command: GET_NETWORK 1 priority
01-01 03:42:41.170 W/WifiHW  (   81): wifi_command: GET_NETWORK 1 key_mgmt
01-01 03:42:41.170 W/WifiHW  (   81): wifi_command: GET_NETWORK 1 scan_ssid
01-01 03:42:41.170 W/WifiHW  (   81): wifi_command: GET_NETWORK 1 disabled
01-01 03:42:41.170 W/WifiHW  (   81): wifi_command: GET_NETWORK 1 identity
01-01 03:42:41.180 W/WifiHW  (   81): wifi_command: GET_NETWORK 1 password
01-01 03:42:41.180 W/WifiHW  (   81): wifi_command: GET_NETWORK 1 auth_alg
01-01 03:42:41.180 W/WifiHW  (   81): wifi_command: GET_NETWORK 1 phase1
01-01 03:42:41.180 W/WifiHW  (   81): wifi_command: GET_NETWORK 1 phase2
01-01 03:42:41.190 W/WifiHW  (   81): wifi_command: GET_NETWORK 1 eap
01-01 03:42:41.190 W/WifiHW  (   81): wifi_command: GET_NETWORK 1 pin
01-01 03:42:41.190 W/WifiHW  (   81): wifi_command: GET_NETWORK 1 pcsc
01-01 03:42:41.190 W/WifiHW  (   81): wifi_command: GET_NETWORK 2 ssid
01-01 03:42:41.190 W/WifiHW  (   81): wifi_command: GET_NETWORK 2 bssid
01-01 03:42:41.190 W/WifiHW  (   81): wifi_command: GET_NETWORK 2 psk
01-01 03:42:41.190 W/WifiHW  (   81): wifi_command: GET_NETWORK 2 wep_key0
01-01 03:42:41.190 W/WifiHW  (   81): wifi_command: GET_NETWORK 2 wep_key1
01-01 03:42:41.190 W/WifiHW  (   81): wifi_command: GET_NETWORK 2 wep_key2
01-01 03:42:41.200 W/WifiHW  (   81): wifi_command: GET_NETWORK 2 wep_key3
01-01 03:42:41.200 W/WifiHW  (   81): wifi_command: GET_NETWORK 2 wep_tx_keyidx
01-01 03:42:41.200 W/WifiHW  (   81): wifi_command: GET_NETWORK 2 priority
01-01 03:42:41.200 W/WifiHW  (   81): wifi_command: GET_NETWORK 2 key_mgmt
01-01 03:42:41.200 W/WifiHW  (   81): wifi_command: GET_NETWORK 2 scan_ssid
01-01 03:42:41.200 W/WifiHW  (   81): wifi_command: GET_NETWORK 2 disabled
01-01 03:42:41.200 W/WifiHW  (   81): wifi_command: GET_NETWORK 2 identity
01-01 03:42:41.200 W/WifiHW  (   81): wifi_command: GET_NETWORK 2 password
01-01 03:42:41.200 W/WifiHW  (   81): wifi_command: GET_NETWORK 2 auth_alg
01-01 03:42:41.200 W/WifiHW  (   81): wifi_command: GET_NETWORK 2 phase1
01-01 03:42:41.200 W/WifiHW  (   81): wifi_command: GET_NETWORK 2 phase2
01-01 03:42:41.200 W/WifiHW  (   81): wifi_command: GET_NETWORK 2 eap
01-01 03:42:41.200 W/WifiHW  (   81): wifi_command: GET_NETWORK 2 pin
01-01 03:42:41.200 W/WifiHW  (   81): wifi_command: GET_NETWORK 2 pcsc
01-01 03:42:41.200 W/WifiHW  (   81): wifi_command: GET_NETWORK 3 ssid
01-01 03:42:41.210 W/WifiHW  (   81): wifi_command: GET_NETWORK 3 bssid
01-01 03:42:41.210 W/WifiHW  (   81): wifi_command: GET_NETWORK 3 psk
01-01 03:42:41.220 W/WifiHW  (   81): wifi_command: GET_NETWORK 3 wep_key0
01-01 03:42:41.220 W/WifiHW  (   81): wifi_command: GET_NETWORK 3 wep_key1
01-01 03:42:41.220 W/WifiHW  (   81): wifi_command: GET_NETWORK 3 wep_key2
01-01 03:42:41.220 W/WifiHW  (   81): wifi_command: GET_NETWORK 3 wep_key3
01-01 03:42:41.220 W/WifiHW  (   81): wifi_command: GET_NETWORK 3 wep_tx_keyidx
01-01 03:42:41.220 W/WifiHW  (   81): wifi_command: GET_NETWORK 3 priority
01-01 03:42:41.220 W/WifiHW  (   81): wifi_command: GET_NETWORK 3 key_mgmt
01-01 03:42:41.220 W/WifiHW  (   81): wifi_command: GET_NETWORK 3 scan_ssid
01-01 03:42:41.220 W/WifiHW  (   81): wifi_command: GET_NETWORK 3 disabled
01-01 03:42:41.220 W/WifiHW  (   81): wifi_command: GET_NETWORK 3 identity
01-01 03:42:41.220 W/WifiHW  (   81): wifi_command: GET_NETWORK 3 password
01-01 03:42:41.220 W/WifiHW  (   81): wifi_command: GET_NETWORK 3 auth_alg
01-01 03:42:41.220 W/WifiHW  (   81): wifi_command: GET_NETWORK 3 phase1
01-01 03:42:41.220 W/WifiHW  (   81): wifi_command: GET_NETWORK 3 phase2
01-01 03:42:41.230 W/WifiHW  (   81): wifi_command: GET_NETWORK 3 eap
01-01 03:42:41.230 W/WifiHW  (   81): wifi_command: GET_NETWORK 3 pin
01-01 03:42:41.240 W/WifiHW  (   81): wifi_command: GET_NETWORK 3 pcsc
01-01 03:42:41.270 W/WifiHW  (   81): wifi_command: ENABLE_NETWORK 0
01-01 03:42:41.270 W/WifiHW  (   81): wifi_command: ENABLE_NETWORK 1
01-01 03:42:41.270 W/WifiHW  (   81): wifi_command: ENABLE_NETWORK 2
01-01 03:42:41.270 W/WifiHW  (   81): wifi_command: ENABLE_NETWORK 3
01-01 03:42:41.270 W/WifiHW  (   81): wifi_command: AP_SCAN 1
01-01 03:42:41.290 W/WifiHW  (   81): wifi_command: SAVE_CONFIG
01-01 03:42:41.310 I/Gecko   (   81): 1325407361320	Marionette	INFO	sendToClient: {"from":"0","value":{"ELEMENT":"{7fa5c7ea-c619-4fe5-a5ac-aea46951a313}"}}, {a2fff055-0f0e-4a4d-83b2-586138a13dd8}, {a2fff055-0f0e-4a4d-83b2-586138a13dd8}
01-01 03:42:41.370 I/Gecko   (   81): 1325407361382	Marionette	INFO	sendToClient: {"from":"0","value":false}, {39a63887-2da1-4ede-b7fa-921c7e74273b}, {39a63887-2da1-4ede-b7fa-921c7e74273b}
01-01 03:42:41.550 I/GeckoDump(   81): XXX FIXME : Got a mozContentEvent: accessibility-screenreader
01-01 03:42:41.630 I/GeckoDump(   81): XXX FIXME : Got a mozContentEvent: nfc-hardware-state-change
01-01 03:42:41.990 W/WifiHW  (   81): wifi_command: DRIVER SCAN-ACTIVE
01-01 03:42:42.170 W/WifiHW  (   81): wifi_command: SCAN
01-01 03:42:42.210 I/Gecko   (   81): 1325407362219	Marionette	INFO	sendToClient: {"from":"0","value":{"ELEMENT":"{7fa5c7ea-c619-4fe5-a5ac-aea46951a313}"}}, {3c0fcc20-7ecb-46bd-b33d-265ec99f5f8a}, {3c0fcc20-7ecb-46bd-b33d-265ec99f5f8a}
01-01 03:42:42.210 W/WifiHW  (   81): wifi_command: DRIVER SCAN-PASSIVE
01-01 03:42:42.390 I/Gecko   (   81): 1325407362401	Marionette	INFO	sendToClient: {"from":"0","value":true}, {3347ad05-9921-4640-a6b6-ad222db324e7}, {3347ad05-9921-4640-a6b6-ad222db324e7}
01-01 03:42:42.690 I/FMRadio (   81): FMRadio is initialized.
01-01 03:42:42.710 E/GeckoConsole(   81): Content JS ERROR at app://system.gaiamobile.org/js/telephony_settings.js:23 in set_vpm_error: Error setting voice privacy.
01-01 03:42:42.710 E/GeckoConsole(   81): Content JS ERROR at app://system.gaiamobile.org/js/telephony_settings.js:23 in set_vpm_error: Error setting voice privacy.
01-01 03:42:42.860 E/GeckoConsole(   81): Content JS ERROR at app://system.gaiamobile.org/js/telephony_settings.js:42 in set_vpm_error: Error roaming preference.
01-01 03:42:42.860 E/GeckoConsole(   81): Content JS ERROR at app://system.gaiamobile.org/js/telephony_settings.js:42 in set_vpm_error: Error roaming preference.
01-01 03:42:43.210 I/Gecko:ProcessPriorityManager(   81): [Homescreen, child-id=2, pid=374] Changing priority from MASTER:CPU_NORMAL to FOREGROUND:CPU_NORMAL.
01-01 03:42:43.210 I/Gonk    (   81): Setting nice for pid 374 to 1
01-01 03:42:43.210 I/Gonk    (   81): Changed nice for pid 374 from 0 to 1.
01-01 03:42:43.210 I/Gecko:ProcessPriorityManager(   81): Making background LRU pool with size(3)
01-01 03:42:43.210 I/Gecko:ProcessPriorityManager(   81): KillBackgroundApps
01-01 03:42:43.220 I/Gecko   (   81): [Parent 81] WARNING: waitpid failed pid:374 errno:10: file /var/lib/jenkins/jobs/B2G.v1.3.0.Tarako/workspace/gecko/ipc/chromium/src/base/process_util_posix.cc, line 254
01-01 03:42:43.430 E/[Gralloc-ERROR](   81): int gralloc_register_buffer(const gralloc_module_t*, const native_handle_t*):79 Unable to register handle 0x4530dd80 coming from different process: 81
01-01 03:42:43.440 E/[Gralloc-ERROR](   81): int gralloc_register_buffer(const gralloc_module_t*, const native_handle_t*):79 Unable to register handle 0x4530de20 coming from different process: 81
01-01 03:42:43.500 E/[Gralloc-ERROR](   81): int gralloc_register_buffer(const gralloc_module_t*, const native_handle_t*):79 Unable to register handle 0x45fe21f0 coming from different process: 81
01-01 03:42:43.500 E/[Gralloc-ERROR](   81): int gralloc_register_buffer(const gralloc_module_t*, const native_handle_t*):79 Unable to register handle 0x45fe2290 coming from different process: 81
01-01 03:42:43.640 I/GeckoDump(   81): XXX FIXME : Got a mozContentEvent: inputmethod-update-layouts
01-01 03:42:43.750 I/Gecko   (   81): ############################### browserElementPanning.js loaded
01-01 03:42:43.800 I/Gecko   (   81): ######################## BrowserElementChildPreload.js loaded
01-01 03:42:43.860 I/GeckoDump(   81): XXX FIXME : Got a mozContentEvent: inputmethod-update-layouts
01-01 03:42:44.270 E/GeckoConsole(   81): [JavaScript Warning: "Error in parsing value for 'font-weight'.  Declaration dropped." {file: "app://keyboard.gaiamobile.org/style/keyboard.css" line: 132 column: 15 source: "  font-weight: medium;"}]
01-01 03:42:44.280 W/WifiHW  (   81): wifi_command: SCAN_RESULTS
01-01 03:42:44.340 W/WifiHW  (   81): wifi_command: DRIVER SCAN-PASSIVE
01-01 03:42:44.410 W/WifiHW  (   81): wifi_command: GET_NETWORK 3 ssid
01-01 03:42:44.410 W/WifiHW  (   81): wifi_command: GET_NETWORK 3 bssid
01-01 03:42:44.410 W/WifiHW  (   81): wifi_command: GET_NETWORK 3 psk
01-01 03:42:44.410 W/WifiHW  (   81): wifi_command: GET_NETWORK 3 wep_key0
01-01 03:42:44.410 W/WifiHW  (   81): wifi_command: GET_NETWORK 3 wep_key1
01-01 03:42:44.410 W/WifiHW  (   81): wifi_command: GET_NETWORK 3 wep_key2
01-01 03:42:44.420 W/WifiHW  (   81): wifi_command: GET_NETWORK 3 wep_key3
01-01 03:42:44.420 W/WifiHW  (   81): wifi_command: GET_NETWORK 3 wep_tx_keyidx
01-01 03:42:44.420 W/WifiHW  (   81): wifi_command: GET_NETWORK 3 priority
01-01 03:42:44.420 W/WifiHW  (   81): wifi_command: GET_NETWORK 3 key_mgmt
01-01 03:42:44.420 W/WifiHW  (   81): wifi_command: GET_NETWORK 3 scan_ssid
01-01 03:42:44.420 W/WifiHW  (   81): wifi_command: GET_NETWORK 3 disabled
01-01 03:42:44.420 W/WifiHW  (   81): wifi_command: GET_NETWORK 3 identity
01-01 03:42:44.420 W/WifiHW  (   81): wifi_command: GET_NETWORK 3 password
01-01 03:42:44.420 W/WifiHW  (   81): wifi_command: GET_NETWORK 3 auth_alg
01-01 03:42:44.420 W/WifiHW  (   81): wifi_command: GET_NETWORK 3 phase1
01-01 03:42:44.420 W/WifiHW  (   81): wifi_command: GET_NETWORK 3 phase2
01-01 03:42:44.420 W/WifiHW  (   81): wifi_command: GET_NETWORK 3 eap
01-01 03:42:44.420 W/WifiHW  (   81): wifi_command: GET_NETWORK 3 pin
01-01 03:42:44.420 W/WifiHW  (   81): wifi_command: GET_NETWORK 3 pcsc
01-01 03:42:44.530 W/WifiHW  (   81): wifi_command: SIGNAL_POLL
01-01 03:42:44.530 I/Gecko   (  374): ###################################### forms.js loaded
01-01 03:42:44.530 W/WifiHW  (   81): wifi_command: GET_NETWORK 3 ssid
01-01 03:42:44.530 W/WifiHW  (   81): wifi_command: GET_NETWORK 3 bssid
01-01 03:42:44.530 W/WifiHW  (   81): wifi_command: GET_NETWORK 3 psk
01-01 03:42:44.540 W/WifiHW  (   81): wifi_command: GET_NETWORK 3 wep_key0
01-01 03:42:44.540 W/WifiHW  (   81): wifi_command: GET_NETWORK 3 wep_key1
01-01 03:42:44.540 W/WifiHW  (   81): wifi_command: GET_NETWORK 3 wep_key2
01-01 03:42:44.540 W/WifiHW  (   81): wifi_command: GET_NETWORK 3 wep_key3
01-01 03:42:44.540 W/WifiHW  (   81): wifi_command: GET_NETWORK 3 wep_tx_keyidx
01-01 03:42:44.550 W/WifiHW  (   81): wifi_command: GET_NETWORK 3 priority
01-01 03:42:44.550 W/WifiHW  (   81): wifi_command: GET_NETWORK 3 key_mgmt
01-01 03:42:44.550 W/WifiHW  (   81): wifi_command: GET_NETWORK 3 scan_ssid
01-01 03:42:44.550 W/WifiHW  (   81): wifi_command: GET_NETWORK 3 disabled
01-01 03:42:44.550 W/WifiHW  (   81): wifi_command: GET_NETWORK 3 identity
01-01 03:42:44.550 W/WifiHW  (   81): wifi_command: GET_NETWORK 3 password
01-01 03:42:44.550 W/WifiHW  (   81): wifi_command: GET_NETWORK 3 auth_alg
01-01 03:42:44.550 W/WifiHW  (   81): wifi_command: GET_NETWORK 3 phase1
01-01 03:42:44.550 W/WifiHW  (   81): wifi_command: GET_NETWORK 3 phase2
01-01 03:42:44.550 W/WifiHW  (   81): wifi_command: GET_NETWORK 3 eap
01-01 03:42:44.550 W/WifiHW  (   81): wifi_command: GET_NETWORK 3 pin
01-01 03:42:44.550 W/WifiHW  (   81): wifi_command: GET_NETWORK 3 pcsc
01-01 03:42:44.620 I/Gecko   (  374): ############################### browserElementPanning.js loaded
01-01 03:42:45.010 I/Gecko   (   81): 1325407365016	Marionette	INFO	sendToClient: {"from":"0","ok":true}, {1117376b-efd5-492b-93e5-eb3cda4b5ef0}, {1117376b-efd5-492b-93e5-eb3cda4b5ef0}
01-01 03:42:45.090 I/Gecko   (   81): 1325407365102	Marionette	DEBUG	Got request: switchToFrame, data: {"to":"0","sessionId":"3-b2g","name":"switchToFrame","parameters":{"id":null,"focus":true}}, id: {c94c64a0-d495-4361-8b63-62ac1455dbb5}
01-01 03:42:45.180 I/Gecko   (   81): 1325407365188	Marionette	INFO	Switched to frame: {"frameValue":null}
01-01 03:42:45.680 I/Gecko   (  374): ######################## BrowserElementChildPreload.js loaded
01-01 03:42:45.700 I/Gecko   (   81): 1325407365707	Marionette	INFO	sendToClient: {"from":"0","ok":true}, {c94c64a0-d495-4361-8b63-62ac1455dbb5}, {c94c64a0-d495-4361-8b63-62ac1455dbb5}
01-01 03:42:45.950 I/Gecko   (   81): 1325407365961	Marionette	DEBUG	Got request: executeWithCallback, data: {"to":"0","sessionId":"3-b2g","name":"executeAsyncScript","parameters":{"specialPowers":false,"scriptTimeout":null,"newSandbox":true,"args":[],"filename":"gaia_test.py","script":"GaiaLockScreen.unlock()","line":810}}, id: {39ad996a-2398-49c4-b0e1-04eb74bd8b97}
01-01 03:42:46.040 E/Profiler(   81): BPUnw: [1 total] thread_unregister_for_profiling(me=0xf04038)  (NOT REGISTERED) 
01-01 03:42:46.490 I/Gecko   (   81): 1325407366498	Marionette	INFO	sendToClient: {"from":"0","value":{"passed":0,"failed":0,"failures":[]}}, {39ad996a-2398-49c4-b0e1-04eb74bd8b97}, {39ad996a-2398-49c4-b0e1-04eb74bd8b97}
01-01 03:42:46.910 E/[Gralloc-ERROR](   81): int gralloc_register_buffer(const gralloc_module_t*, const native_handle_t*):79 Unable to register handle 0x45f9ed30 coming from different process: 81
01-01 03:42:46.910 E/[Gralloc-ERROR](   81): int gralloc_register_buffer(const gralloc_module_t*, const native_handle_t*):79 Unable to register handle 0x45f9edd0 coming from different process: 81
01-01 03:42:46.950 E/[Gralloc-ERROR](   81): int gralloc_register_buffer(const gralloc_module_t*, const native_handle_t*):79 Unable to register handle 0x45f9ee70 coming from different process: 81
01-01 03:42:46.950 E/[Gralloc-ERROR](   81): int gralloc_register_buffer(const gralloc_module_t*, const native_handle_t*):79 Unable to register handle 0x45f9ef10 coming from different process: 81
01-01 03:42:46.950 E/[Gralloc-ERROR](   81): int gralloc_register_buffer(const gralloc_module_t*, const native_handle_t*):79 Unable to register handle 0x4600d1f0 coming from different process: 81
01-01 03:42:46.950 E/[Gralloc-ERROR](   81): int gralloc_register_buffer(const gralloc_module_t*, const native_handle_t*):79 Unable to register handle 0x4600d2e0 coming from different process: 81
01-01 03:42:47.180 E/[Gralloc-ERROR](   81): int gralloc_unregister_buffer(const gralloc_module_t*, const native_handle_t*):274 Trying to unregister buffer 0x45fe2290 from process 81 that was not created in current process: 81
01-01 03:42:47.180 E/[Gralloc-ERROR](   81): int gralloc_unregister_buffer(const gralloc_module_t*, const native_handle_t*):274 Trying to unregister buffer 0x45fe21f0 from process 81 that was not created in current process: 81
01-01 03:42:47.680 I/GeckoDump(   81): XXX FIXME : Got a mozContentEvent: nfc-hardware-state-change
01-01 03:42:47.710 I/GeckoDump(   81): XXX FIXME : Got a mozContentEvent: nfc-hardware-state-change
01-01 03:42:47.970 E/[Gralloc-ERROR](   81): int gralloc_unregister_buffer(const gralloc_module_t*, const native_handle_t*):274 Trying to unregister buffer 0x45f9edd0 from process 81 that was not created in current process: 81
01-01 03:42:47.970 E/[Gralloc-ERROR](   81): int gralloc_unregister_buffer(const gralloc_module_t*, const native_handle_t*):274 Trying to unregister buffer 0x45f9ed30 from process 81 that was not created in current process: 81
01-01 03:42:47.970 E/[Gralloc-ERROR](   81): int gralloc_unregister_buffer(const gralloc_module_t*, const native_handle_t*):274 Trying to unregister buffer 0x45f9ef10 from process 81 that was not created in current process: 81
01-01 03:42:47.970 E/[Gralloc-ERROR](   81): int gralloc_unregister_buffer(const gralloc_module_t*, const native_handle_t*):274 Trying to unregister buffer 0x45f9ee70 from process 81 that was not created in current process: 81
01-01 03:42:47.970 E/[Gralloc-ERROR](   81): int gralloc_unregister_buffer(const gralloc_module_t*, const native_handle_t*):274 Trying to unregister buffer 0x4600d1f0 from process 81 that was not created in current process: 81
01-01 03:42:47.970 E/[Gralloc-ERROR](   81): int gralloc_unregister_buffer(const gralloc_module_t*, const native_handle_t*):274 Trying to unregister buffer 0x4600d2e0 from process 81 that was not created in current process: 81
01-01 03:42:47.990 I/Gecko   (   81): 1325407367995	Marionette	INFO	sendToClient: {"from":"0","ok":true}, {31cdb928-a7d3-47eb-bfcd-91d333472afe}, {31cdb928-a7d3-47eb-bfcd-91d333472afe}
01-01 03:42:48.040 I/Gecko   (   81): 1325407368044	Marionette	DEBUG	Got request: switchToFrame, data: {"to":"0","sessionId":"3-b2g","name":"switchToFrame","parameters":{"id":null,"focus":true}}, id: {7f1e4c3f-f7c8-45ed-b8f7-ba9c8c588bf2}
01-01 03:42:48.050 I/Gecko   (   81): 1325407368058	Marionette	INFO	Switched to frame: {"frameValue":null}
01-01 03:42:48.170 I/Gecko   (   81): 1325407368179	Marionette	INFO	sendToClient: {"from":"0","ok":true}, {7f1e4c3f-f7c8-45ed-b8f7-ba9c8c588bf2}, {7f1e4c3f-f7c8-45ed-b8f7-ba9c8c588bf2}
01-01 03:42:48.240 I/Gecko   (   81): 1325407368246	Marionette	DEBUG	Got request: executeWithCallback, data: {"to":"0","sessionId":"3-b2g","name":"executeAsyncScript","parameters":{"specialPowers":false,"scriptTimeout":60000,"newSandbox":true,"args":[],"filename":"app_checker.py","script":"\n        GaiaApps.locateWithManifestURL('https://marketplace.firefox.com/app/1083d55d-f752-4540-9c62-2796568f5ed4/manifest.webapp',\n                                       null,\n                                       function uninstall(app) {\n                                       navigator.mozApps.mgmt.uninstall(app);\n                                       marionetteScriptFinished(true);\n                                       });\n        ","line":129}}, id: {aad5e27e-c3e5-4317-b2f5-690870d8bcc6}
01-01 03:42:48.370 I/Gecko:ProcessPriorityManager(   81): [(Preallocated), child-id=3, pid=441] Creating ParticularProcessPriorityManager.
01-01 03:42:48.370 I/Gecko:ProcessPriorityManager(   81): [(Preallocated), child-id=3, pid=441] Done starting up.  mHoldsCPUWakeLock=0, mHoldsHighPriorityWakeLock=0
01-01 03:42:48.370 I/Gecko:ProcessPriorityManager(   81): [(Preallocated), child-id=3, pid=441] Changing priority from UNKNOWN:CPU_NORMAL to MASTER:CPU_NORMAL.
01-01 03:42:48.370 I/Gonk    (   81): Setting nice for pid 441 to 0
01-01 03:42:48.370 I/Gonk    (   81): Changed nice for pid 441 from 0 to 0.
01-01 03:42:48.370 I/Gecko:ProcessPriorityManager(   81): [Homescreen, child-id=2, pid=374] Changing priority from FOREGROUND:CPU_NORMAL to FOREGROUND:CPU_LOW.
01-01 03:42:48.370 I/Gonk    (   81): Setting nice for pid 374 to 18
01-01 03:42:48.370 I/Gonk    (   81): Changed nice for pid 374 from 1 to 18.
01-01 03:42:48.370 I/Gecko:ProcessPriorityManager(   81): KillBackgroundApps
01-01 03:42:48.380 I/Gecko   (   81): 1325407368385	Marionette	INFO	sendToClient: {"from":"0","error":{"message":"TypeError: app is null","status":17,"stacktrace":"execute_async_script @app_checker.py, line 129\ninline javascript, line 221\nsrc: \"      appName = app.manifest.name;\""}}, {aad5e27e-c3e5-4317-b2f5-690870d8bcc6}, {aad5e27e-c3e5-4317-b2f5-690870d8bcc6}