--------- beginning of /dev/log/system
01-01 06:25:43.870 I/Vold    (   75): Vold 2.1 (the revenge) firing up
01-01 06:25:43.870 D/Vold    (   75): Volume sdcard state changing -1 (Initializing) -> 0 (No-Media)
01-01 06:25:43.950 D/Vold    (   75): Volume sdcard state changing 0 (No-Media) -> 2 (Pending)
01-01 06:25:43.950 D/Vold    (   75): Volume sdcard state changing 2 (Pending) -> 1 (Idle-Unmounted)
01-01 06:25:48.870 D/VoldCmdListener(   75): volume list
01-01 06:25:48.870 D/VoldCmdListener(   75): volume mount sdcard
01-01 06:25:48.870 I/Vold    (   75): /dev/block/vold/179:1 being considered for volume sdcard
01-01 06:25:48.870 D/Vold    (   75): Volume sdcard state changing 1 (Idle-Unmounted) -> 3 (Checking)
01-01 06:25:48.870 W/Vold    (   75): Skipping fs checks
01-01 06:25:48.930 I/Vold    (   75): Device /dev/block/vold/179:1, target /mnt/sdcard mounted @ /mnt/secure/staging
01-01 06:25:48.930 D/Vold    (   75): Volume sdcard state changing 3 (Checking) -> 4 (Mounted)
--------- beginning of /dev/log/main
01-01 06:26:00.270 D/SPRDENG (  159): 30
01-01 06:26:00.270 D/SPRDENG (  159): 30
01-01 06:26:00.270 D/SPRDENG (  159): 30
01-01 06:26:00.270 D/SPRDENG (  159): 30
01-01 06:26:00.270 D/SPRDENG (  159): 34
01-01 06:26:00.270 D/SPRDENG (  159): 30
01-01 06:26:00.270 D/SPRDENG (  159): 30
01-01 06:26:00.270 D/SPRDENG (  159): 32
01-01 06:26:00.270 D/SPRDENG (  159): 30
01-01 06:26:00.270 D/SPRDENG (  159): 30
01-01 06:26:00.270 D/SPRDENG (  159): 30
01-01 06:26:00.270 D/SPRDENG (  159): 30
01-01 06:26:00.270 D/SPRDENG (  159): 30
01-01 06:26:00.270 D/SPRDENG (  159): 30
01-01 06:26:00.270 D/SPRDENG (  159): 30
01-01 06:26:00.270 D/SPRDENG (  159): 30
01-01 06:26:00.270 D/SPRDENG (  159): 30
01-01 06:26:00.270 D/SPRDENG (  159): 30
01-01 06:26:00.270 D/SPRDENG (  159): 30
01-01 06:26:00.270 D/SPRDENG (  159): 30
01-01 06:26:00.270 D/SPRDENG (  159): 30
01-01 06:26:00.270 D/SPRDENG (  159): 30
01-01 06:26:00.270 D/SPRDENG (  159): 30
01-01 06:26:00.270 D/SPRDENG (  159): 30
01-01 06:26:00.270 D/SPRDENG (  159): 30
01-01 06:26:00.270 D/SPRDENG (  159): 30
01-01 06:26:00.270 D/SPRDENG (  159): 30
01-01 06:26:00.270 D/SPRDENG (  159): 30
01-01 06:26:00.270 D/SPRDENG (  159): 30
01-01 06:26:00.270 D/SPRDENG (  159): 30
01-01 06:26:00.270 D/SPRDENG (  159): 30
01-01 06:26:00.270 D/SPRDENG (  159): 30
01-01 06:26:00.270 D/SPRDENG (  159): 30
01-01 06:26:00.270 D/SPRDENG (  159): 30
01-01 06:26:00.270 D/SPRDENG (  159): 30
01-01 06:26:00.270 D/SPRDENG (  159): 30
01-01 06:26:00.270 D/SPRDENG (  159): 30
01-01 06:26:00.270 D/SPRDENG (  159): 30
01-01 06:26:00.270 D/SPRDENG (  159): 30
01-01 06:26:00.270 D/SPRDENG (  159): 30
01-01 06:26:00.270 D/SPRDENG (  159): 30
01-01 06:26:00.270 D/SPRDENG (  159): 30
01-01 06:26:00.270 D/SPRDENG (  159): 30
01-01 06:26:00.270 D/SPRDENG (  159): 30
01-01 06:26:00.270 D/SPRDENG (  159): 30
01-01 06:26:00.270 D/SPRDENG (  159): 30
01-01 06:26:00.270 D/SPRDENG (  159): 30
01-01 06:26:00.270 D/SPRDENG (  159): 30
01-01 06:26:00.270 D/SPRDENG (  159): 30
01-01 06:26:00.270 D/SPRDENG (  159): 30
01-01 06:26:00.270 D/SPRDENG (  159): 30
01-01 06:26:00.270 D/SPRDENG (  159): 30
01-01 06:26:00.270 D/SPRDENG (  159): 30
01-01 06:26:00.270 D/SPRDENG (  159): 30
01-01 06:26:00.270 D/SPRDENG (  159): 30
01-01 06:26:00.270 D/SPRDENG (  159): 30
01-01 06:26:00.270 D/SPRDENG (  159): 30
01-01 06:26:00.270 D/SPRDENG (  159): 30
01-01 06:26:00.270 D/SPRDENG (  159): 30
01-01 06:26:00.270 D/SPRDENG (  159): 30
01-01 06:26:00.270 D/SPRDENG (  159): 30
01-01 06:26:00.270 D/SPRDENG (  159): 30
01-01 06:26:00.270 D/SPRDENG (  159): 30
01-01 06:26:00.270 D/SPRDENG (  159): 30
01-01 06:26:00.270 D/SPRDENG (  159): 30
01-01 06:26:00.270 D/SPRDENG (  159): 30
01-01 06:26:00.270 D/SPRDENG (  159): 30
01-01 06:26:00.270 D/SPRDENG (  159): 30
01-01 06:26:00.270 D/SPRDENG (  159): 30
01-01 06:26:00.270 D/SPRDENG (  159): 30
01-01 06:26:00.270 D/SPRDENG (  159): 30
01-01 06:26:00.270 D/SPRDENG (  159): 30
01-01 06:26:00.270 D/SPRDENG (  159): 30
01-01 06:26:00.270 D/SPRDENG (  159): 30
01-01 06:26:00.270 D/SPRDENG (  159): 30
01-01 06:26:00.270 D/SPRDENG (  159): 30
01-01 06:26:00.270 D/SPRDENG (  159): 30
01-01 06:26:00.270 D/SPRDENG (  159): 30
01-01 06:26:00.270 D/SPRDENG (  159): 30
01-01 06:26:00.270 D/SPRDENG (  159): 30
01-01 06:26:00.270 D/SPRDENG (  159): 30
01-01 06:26:00.270 D/SPRDENG (  159): 30
01-01 06:26:00.270 D/SPRDENG (  159): 30
01-01 06:26:00.270 D/SPRDENG (  159): 30
01-01 06:26:00.270 D/SPRDENG (  159): 30
01-01 06:26:00.270 D/SPRDENG (  159): 30
01-01 06:26:00.270 D/SPRDENG (  159): 30
01-01 06:26:00.270 D/SPRDENG (  159): 30
01-01 06:26:00.270 D/SPRDENG (  159): 30
01-01 06:26:00.270 D/SPRDENG (  159): 30
01-01 06:26:00.270 D/SPRDENG (  159): 30
01-01 06:26:00.270 D/SPRDENG (  159): 30
01-01 06:26:00.270 D/SPRDENG (  159): 30
01-01 06:26:00.270 D/SPRDENG (  159): 30
01-01 06:26:00.270 D/SPRDENG (  159): 30
01-01 06:26:00.270 D/SPRDENG (  159): 30
01-01 06:26:00.270 D/SPRDENG (  159): 30
01-01 06:26:00.270 D/SPRDENG (  159): 30
01-01 06:26:00.270 D/SPRDENG (  159): 30
01-01 06:26:00.270 D/SPRDENG (  159): 30
01-01 06:26:00.270 D/SPRDENG (  159): 30
01-01 06:26:00.270 D/SPRDENG (  159): 30
01-01 06:26:00.270 D/SPRDENG (  159): 30
01-01 06:26:00.270 D/SPRDENG (  159): 30
01-01 06:26:00.270 D/SPRDENG (  159): 30
01-01 06:26:00.270 D/SPRDENG (  159): 30
01-01 06:26:00.270 D/SPRDENG (  159): 30
01-01 06:26:00.270 D/SPRDENG (  159): 30
01-01 06:26:00.270 D/SPRDENG (  159): 30
01-01 06:26:00.270 D/SPRDENG (  159): 30
01-01 06:26:00.270 D/SPRDENG (  159): 30
01-01 06:26:00.270 D/SPRDENG (  159): 30
01-01 06:26:00.270 D/SPRDENG (  159): 30
01-01 06:26:00.270 D/SPRDENG (  159): 30
01-01 06:26:00.270 D/SPRDENG (  159): 30
01-01 06:26:00.270 D/SPRDENG (  159): 30
01-01 06:26:00.270 D/SPRDENG (  159): 30
01-01 06:26:00.270 D/SPRDENG (  159): 30
01-01 06:26:00.270 D/SPRDENG (  159): 30
01-01 06:26:00.270 D/SPRDENG (  159): 30
01-01 06:26:00.270 D/SPRDENG (  159): 30
01-01 06:26:00.270 D/SPRDENG (  159): 30
01-01 06:26:00.270 D/SPRDENG (  159): 30
01-01 06:26:00.270 D/SPRDENG (  159): 30
01-01 06:26:00.270 D/SPRDENG (  159): 30
01-01 06:26:00.270 D/SPRDENG (  159): 30
01-01 06:26:00.270 D/SPRDENG (  159): 30
01-01 06:26:00.270 D/SPRDENG (  159): 30
01-01 06:26:00.270 D/SPRDENG (  159): 30
01-01 06:26:00.270 D/SPRDENG (  159): 30
01-01 06:26:00.270 D/SPRDENG (  159): 30
01-01 06:26:00.270 D/SPRDENG (  159): 30
01-01 06:26:00.270 D/SPRDENG (  159): 62
01-01 06:26:00.270 D/SPRDENG (  159): 62
01-01 06:26:00.270 D/SPRDENG (  159): 62
01-01 06:26:00.270 D/SPRDENG (  159): 65
01-01 06:26:00.270 D/SPRDENG (  159): 63
01-01 06:26:00.270 D/SPRDENG (  159): 32
01-01 06:26:00.270 D/SPRDENG (  159): 63
01-01 06:26:00.270 D/SPRDENG (  159): 36
01-01 06:26:00.270 D/SPRDENG (  159): 31
01-01 06:26:00.270 D/SPRDENG (  159): 61
01-01 06:26:00.270 D/SPRDENG (  159): 32
01-01 06:26:00.270 D/SPRDENG (  159): 33
01-01 06:26:00.270 D/SPRDENG (  159): 31
01-01 06:26:00.270 D/SPRDENG (  159): 63
01-01 06:26:00.270 D/SPRDENG (  159): 32
01-01 06:26:00.270 D/SPRDENG (  159): 33
01-01 06:26:00.270 D/SPRDENG (  159): 30
01-01 06:26:00.270 D/SPRDENG (  159): 30
01-01 06:26:00.270 D/SPRDENG (  159): 30
01-01 06:26:00.270 D/SPRDENG (  159): 30
01-01 06:26:00.270 D/SPRDENG (  159): 30
01-01 06:26:00.270 D/SPRDENG (  159): 30
01-01 06:26:00.270 D/SPRDENG (  159): 30
01-01 06:26:00.270 D/SPRDENG (  159): 30
01-01 06:26:00.270 D/SPRDENG (  159): 30
01-01 06:26:00.270 D/SPRDENG (  159): 30
01-01 06:26:00.270 D/SPRDENG (  159): 30
01-01 06:26:00.270 D/SPRDENG (  159): 30
01-01 06:26:00.270 D/SPRDENG (  159): 30
01-01 06:26:00.270 D/SPRDENG (  159): 30
01-01 06:26:00.270 D/SPRDENG (  159): 30
01-01 06:26:00.270 D/SPRDENG (  159): 30
01-01 06:26:00.270 D/SPRDENG (  159): 31
01-01 06:26:00.270 D/SPRDENG (  159): 61
01-01 06:26:00.270 D/SPRDENG (  159): 32
01-01 06:26:00.270 D/SPRDENG (  159): 33
01-01 06:26:00.270 D/SPRDENG (  159): 31
01-01 06:26:00.270 D/SPRDENG (  159): 63
01-01 06:26:00.270 D/SPRDENG (  159): 32
01-01 06:26:00.270 D/SPRDENG (  159): 33
01-01 06:26:00.270 D/SPRDENG (  159): 30
01-01 06:26:00.270 D/SPRDENG (  159): 30
01-01 06:26:00.270 D/SPRDENG (  159): 30
01-01 06:26:00.270 D/SPRDENG (  159): 30
01-01 06:26:00.270 D/SPRDENG (  159): 30
01-01 06:26:00.270 D/SPRDENG (  159): 30
01-01 06:26:00.270 D/SPRDENG (  159): 30
01-01 06:26:00.270 D/SPRDENG (  159): 30
01-01 06:26:00.270 D/SPRDENG (  159): 30
01-01 06:26:00.270 D/SPRDENG (  159): 30
01-01 06:26:00.270 D/SPRDENG (  159): 30
01-01 06:26:00.270 D/SPRDENG (  159): 30
01-01 06:26:00.270 D/SPRDENG (  159): 30
01-01 06:26:00.270 D/SPRDENG (  159): 30
01-01 06:26:00.270 D/SPRDENG (  159): 30
01-01 06:26:00.270 D/SPRDENG (  159): 30
01-01 06:26:00.270 D/SPRDENG (  159): 31
01-01 06:26:00.270 D/SPRDENG (  159): 62
01-01 06:26:00.270 D/SPRDENG (  159): 32
01-01 06:26:00.270 D/SPRDENG (  159): 33
01-01 06:26:00.270 D/SPRDENG (  159): 31
01-01 06:26:00.270 D/SPRDENG (  159): 63
01-01 06:26:00.270 D/SPRDENG (  159): 32
01-01 06:26:00.270 D/SPRDENG (  159): 33
01-01 06:26:00.270 D/SPRDENG (  159): 30
01-01 06:26:00.270 D/SPRDENG (  159): 30
01-01 06:26:00.270 D/SPRDENG (  159): 30
01-01 06:26:00.270 D/SPRDENG (  159): 30
01-01 06:26:00.270 D/SPRDENG (  159): 30
01-01 06:26:00.270 D/SPRDENG (  159): 30
01-01 06:26:00.270 D/SPRDENG (  159): 30
01-01 06:26:00.270 D/SPRDENG (  159): 30
01-01 06:26:00.270 D/SPRDENG (  159): 30
01-01 06:26:00.270 D/SPRDENG (  159): 30
01-01 06:26:00.270 D/SPRDENG (  159): 30
01-01 06:26:00.270 D/SPRDENG (  159): 30
01-01 06:26:00.270 D/SPRDENG (  159): 30
01-01 06:26:00.270 D/SPRDENG (  159): 30
01-01 06:26:00.270 D/SPRDENG (  159): 30
01-01 06:26:00.270 D/SPRDENG (  159): 30
01-01 06:26:00.270 D/SPRDENG (  159): 31
01-01 06:26:00.270 D/SPRDENG (  159): 62
01-01 06:26:00.270 D/SPRDENG (  159): 32
01-01 06:26:00.270 D/SPRDENG (  159): 33
01-01 06:26:00.270 D/SPRDENG (  159): 31
01-01 06:26:00.270 D/SPRDENG (  159): 63
01-01 06:26:00.270 D/SPRDENG (  159): 32
01-01 06:26:00.270 D/SPRDENG (  159): 33
01-01 06:26:00.270 D/SPRDENG (  159): 30
01-01 06:26:00.270 D/SPRDENG (  159): 30
01-01 06:26:00.270 D/SPRDENG (  159): 30
01-01 06:26:00.270 D/SPRDENG (  159): 30
01-01 06:26:00.270 D/SPRDENG (  159): 30
01-01 06:26:00.270 D/SPRDENG (  159): 30
01-01 06:26:00.270 D/SPRDENG (  159): 30
01-01 06:26:00.270 D/SPRDENG (  159): 30
01-01 06:26:00.270 D/SPRDENG (  159): 30
01-01 06:26:00.270 D/SPRDENG (  159): 30
01-01 06:26:00.270 D/SPRDENG (  159): 30
01-01 06:26:00.270 D/SPRDENG (  159): 30
01-01 06:26:00.270 D/SPRDENG (  159): 30
01-01 06:26:00.270 D/SPRDENG (  159): 30
01-01 06:26:00.270 D/SPRDENG (  159): 30
01-01 06:26:00.270 D/SPRDENG (  159): 30
01-01 06:26:00.270 D/SPRDENG (  159): 31
01-01 06:26:00.270 D/SPRDENG (  159): 62
01-01 06:26:00.270 D/SPRDENG (  159): 32
01-01 06:26:00.270 D/SPRDENG (  159): 33
01-01 06:26:00.270 D/SPRDENG (  159): 31
01-01 06:26:00.270 D/SPRDENG (  159): 63
01-01 06:26:00.270 D/SPRDENG (  159): 32
01-01 06:26:00.270 D/SPRDENG (  159): 33
01-01 06:26:00.270 D/SPRDENG (  159): 30
01-01 06:26:00.270 D/SPRDENG (  159): 30
01-01 06:26:00.270 D/SPRDENG (  159): 30
01-01 06:26:00.270 D/SPRDENG (  159): 30
01-01 06:26:00.270 D/SPRDENG (  159): 30
01-01 06:26:00.270 D/SPRDENG (  159): 30
01-01 06:26:00.270 D/SPRDENG (  159): 30
01-01 06:26:00.270 D/SPRDENG (  159): 30
01-01 06:26:00.270 D/SPRDENG (  159): 30
01-01 06:26:00.270 D/SPRDENG (  159): 30
01-01 06:26:00.270 D/SPRDENG (  159): 30
01-01 06:26:00.270 D/SPRDENG (  159): 30
01-01 06:26:00.270 D/SPRDENG (  159): 30
01-01 06:26:00.270 D/SPRDENG (  159): 30
01-01 06:26:00.270 D/SPRDENG (  159): 30
01-01 06:26:00.270 D/SPRDENG (  159): 30
01-01 06:26:00.270 D/SPRDENG (  159): 30
01-01 06:26:00.270 D/SPRDENG (  159): 30
01-01 06:26:00.270 D/SPRDENG (  159): 30
01-01 06:26:00.270 D/SPRDENG (  159): 30
01-01 06:26:00.270 D/SPRDENG (  159): 30
01-01 06:26:00.270 D/SPRDENG (  159): 30
01-01 06:26:00.270 D/SPRDENG (  159): 30
01-01 06:26:00.270 D/SPRDENG (  159): 30
01-01 06:26:00.270 D/SPRDENG (  159): 30
01-01 06:26:00.270 D/SPRDENG (  159): 30
01-01 06:26:00.270 D/SPRDENG (  159): 30
01-01 06:26:00.270 D/SPRDENG (  159): 30
01-01 06:26:00.270 D/SPRDENG (  159): 30
01-01 06:26:00.270 D/SPRDENG (  159): 30
01-01 06:26:00.270 D/SPRDENG (  159): 30
01-01 06:26:00.270 D/SPRDENG (  159): 30
01-01 06:26:00.270 D/SPRDENG (  159): 30
01-01 06:26:00.270 D/SPRDENG (  159): 30
01-01 06:26:00.270 D/SPRDENG (  159): 30
01-01 06:26:00.270 D/SPRDENG (  159): 30
01-01 06:26:00.270 D/SPRDENG (  159): 30
01-01 06:26:00.270 D/SPRDENG (  159): 30
01-01 06:26:00.270 D/SPRDENG (  159): 30
01-01 06:26:00.270 D/SPRDENG (  159): 30
01-01 06:26:00.270 D/SPRDENG (  159): 32
01-01 06:26:00.270 D/SPRDENG (  159): 63
01-01 06:26:00.270 D/SPRDENG (  159): 30
01-01 06:26:00.270 D/SPRDENG (  159): 30
01-01 06:26:00.270 D/SPRDENG (  159): 30
01-01 06:26:00.270 D/SPRDENG (  159): 30
01-01 06:26:00.270 D/SPRDENG (  159): 30
01-01 06:26:00.270 D/SPRDENG (  159): 30
01-01 06:26:00.270 D/SPRDENG (  159): 1a
01-01 06:26:00.280 D/SPRDENG (  159): eng_modem2server: use SIM1 /dev/CHNPTY13
01-01 06:26:00.280 D/SPRDENG (  159): AT < 
01-01 06:26:00.280 D/SPRDENG (  159): OK
01-01 06:26:00.280 D/SPRDENG (  159): 
01-01 06:26:00.280 E/        (   99): nvcal_recv_from_modem: Receive 1 Modem Response
01-01 06:26:00.280 E/        (   99): write_rf_nvconf_cmd: wifi recv_num =6, response=[
01-01 06:26:00.280 E/        (   99): OK
01-01 06:26:00.280 E/        (   99): ]
01-01 06:26:00.380 E/eng_rf_nv_update(   99): [set_rf_nvconf]: NV updated OK!
01-01 06:26:00.380 E/eng_rf_nv_update(   99): [save_rf_nv_to_bak_file] NV data save to bake file OK
01-01 06:26:00.380 E/eng_rf_nv_update(   99): [eng_rf_nv_update]: end eng rf nv update!
01-01 06:26:00.400 I/logwrapper(   80): /system/bin/eng_rf_nv_update terminated by exit(0)
01-01 06:26:00.820 I/power   (   81): *** set_screen_state 1
01-01 06:26:00.820 D/Sensors (   81): activate handle=3; drv=1
01-01 06:26:00.820 D/Sensors (   81): SensorTMD2771::setEnable=0= en=1; newState=1; what=0; mEnabled=0
01-01 06:26:01.030 D/Sensors (   81): taos ---Light::TAOS_IOCTL_ALS_ON=== err=0
01-01 06:26:01.030 D/Sensors (   81): SensorTMD2771::setEnable=1= en=1; newState=1; what=0; mEnabled=1
01-01 06:26:01.030 D/Sensors (   81): SensorTMD2771::getEnable===mEnabled=0x1; enable=1
01-01 06:26:01.050 I/GeckoDump(   81): XXX FIXME : Got a mozContentEvent: nfc-hardware-state-change
01-01 06:26:01.080 I/GeckoDump(   81): XXX FIXME : Got a mozContentEvent: system-message-listener-ready
01-01 06:26:01.130 I/Gecko:ProcessPriorityManager(   81): [(Preallocated), child-id=2, pid=367] Creating ParticularProcessPriorityManager.
01-01 06:26:01.130 I/Gecko:ProcessPriorityManager(   81): [(Preallocated), child-id=2, pid=367] Done starting up.  mHoldsCPUWakeLock=0, mHoldsHighPriorityWakeLock=0
01-01 06:26:01.130 I/Gecko:ProcessPriorityManager(   81): [(Preallocated), child-id=2, pid=367] Changing priority from UNKNOWN:CPU_NORMAL to MASTER:CPU_NORMAL.
01-01 06:26:01.130 I/Gonk    (   81): Setting nice for pid 367 to 0
01-01 06:26:01.130 I/Gonk    (   81): Changed nice for pid 367 from 0 to 0.
01-01 06:26:01.620 D/Sensors (   81): SensorTMD2771::readEvents()======data_fd=53,count=16
01-01 06:26:01.620 D/Sensors (   81): SensorTMD2771::processEvent()=====code=40::value=1 
01-01 06:26:01.620 D/Sensors (   81): SensorTMD2771: mPendingEvents[Light].light = 1.000000
01-01 06:26:01.780 I/Gecko   (   81): 1325417161784	Marionette	INFO	loaded marionette-listener.js
01-01 06:26:01.780 I/Gecko   (   81): 1325417161786	Marionette	INFO	sendToClient: {"from":"0","value":"3-b2g"}, {310382d6-421b-42ca-ba8b-7038d223a0ea}, {310382d6-421b-42ca-ba8b-7038d223a0ea}
01-01 06:26:01.910 E/GeckoConsole(   81): [JavaScript Error: "TypeError: widgetFrame is undefined" {file: "app://system.gaiamobile.org/js/cost_control.js" line: 119}]
01-01 06:26:02.290 I/Gecko   (   81): 1325417162299	Marionette	INFO	sendToClient: {"from":"0","value":{"ELEMENT":"{300b02a1-b3e5-4c31-964a-bb4cc7320329}"}}, {91443318-f92b-4cba-862a-547c8f954981}, {91443318-f92b-4cba-862a-547c8f954981}
01-01 06:26:02.370 I/Gecko   (   81): 1325417162380	Marionette	INFO	sendToClient: {"from":"0","value":false}, {fd725fe4-3850-4674-ad62-9cb6689e74f9}, {fd725fe4-3850-4674-ad62-9cb6689e74f9}
01-01 06:26:02.580 I/Gecko   (   81): 1325417162585	Marionette	INFO	sendToClient: {"from":"0","value":{"ELEMENT":"{300b02a1-b3e5-4c31-964a-bb4cc7320329}"}}, {4842f849-2beb-405e-ba41-7ad829fa95fd}, {4842f849-2beb-405e-ba41-7ad829fa95fd}
01-01 06:26:02.650 I/Gecko   (   81): 1325417162659	Marionette	INFO	sendToClient: {"from":"0","value":false}, {fcd3d2b0-2380-4baa-bd7e-ef791b193aaa}, {fcd3d2b0-2380-4baa-bd7e-ef791b193aaa}
01-01 06:26:02.780 I/Gecko   (   81): 1325417162789	Marionette	INFO	sendToClient: {"from":"0","value":{"ELEMENT":"{300b02a1-b3e5-4c31-964a-bb4cc7320329}"}}, {389475dc-af7e-4cc4-975c-cafeaf0e002b}, {389475dc-af7e-4cc4-975c-cafeaf0e002b}
01-01 06:26:02.830 I/Gecko   (   81): 1325417162835	Marionette	INFO	sendToClient: {"from":"0","value":false}, {53b3c09c-4dcf-4b9e-844b-3a37378946e3}, {53b3c09c-4dcf-4b9e-844b-3a37378946e3}
01-01 06:26:02.990 I/GeckoDump(   81): XXX FIXME : Got a mozContentEvent: accessibility-screenreader
01-01 06:26:03.050 I/GeckoDump(   81): XXX FIXME : Got a mozContentEvent: nfc-hardware-state-change
01-01 06:26:03.290 E/WifiHW  (   81): Leo ensure_config_file_exists config_file=/data/misc/wifi/wpa_supplicant.conf
01-01 06:26:03.300 E/WifiHW  (   81): daemon_cmd=wpa_supplicant:-iwlan0 -c/data/misc/wifi/wpa_supplicant.conf
01-01 06:26:03.430 I/Gecko   (   81): 1325417163443	Marionette	INFO	sendToClient: {"from":"0","value":{"ELEMENT":"{300b02a1-b3e5-4c31-964a-bb4cc7320329}"}}, {be18fb10-d8cb-4350-b71b-ad9de04d1133}, {be18fb10-d8cb-4350-b71b-ad9de04d1133}
01-01 06:26:03.580 I/Gecko   (   81): 1325417163586	Marionette	INFO	sendToClient: {"from":"0","value":true}, {463b8ac2-b7cc-41e7-987b-5d933439c1e1}, {463b8ac2-b7cc-41e7-987b-5d933439c1e1}
01-01 06:26:03.770 I/FMRadio (   81): FMRadio is initialized.
01-01 06:26:03.910 E/GeckoConsole(   81): Content JS ERROR at app://system.gaiamobile.org/js/telephony_settings.js:23 in set_vpm_error: Error setting voice privacy.
01-01 06:26:03.920 E/GeckoConsole(   81): Content JS ERROR at app://system.gaiamobile.org/js/telephony_settings.js:23 in set_vpm_error: Error setting voice privacy.
01-01 06:26:04.120 W/WifiHW  (   81): wifi_command: LOG_LEVEL
01-01 06:26:04.120 W/WifiHW  (   81): wifi_command: STATUS
01-01 06:26:04.140 E/GeckoConsole(   81): Content JS ERROR at app://system.gaiamobile.org/js/telephony_settings.js:42 in set_vpm_error: Error roaming preference.
01-01 06:26:04.150 E/GeckoConsole(   81): Content JS ERROR at app://system.gaiamobile.org/js/telephony_settings.js:42 in set_vpm_error: Error roaming preference.
01-01 06:26:04.150 W/WifiHW  (   81): wifi_command: LIST_NETWORKS
01-01 06:26:04.150 W/WifiHW  (   81): wifi_command: DRIVER MACADDR
01-01 06:26:04.160 W/WifiHW  (   81): wifi_command: GET_NETWORK 0 ssid
01-01 06:26:04.160 W/WifiHW  (   81): wifi_command: GET_NETWORK 0 bssid
01-01 06:26:04.160 W/WifiHW  (   81): wifi_command: GET_NETWORK 0 psk
01-01 06:26:04.160 W/WifiHW  (   81): wifi_command: GET_NETWORK 0 wep_key0
01-01 06:26:04.160 W/WifiHW  (   81): wifi_command: GET_NETWORK 0 wep_key1
01-01 06:26:04.160 W/WifiHW  (   81): wifi_command: GET_NETWORK 0 wep_key2
01-01 06:26:04.160 W/WifiHW  (   81): wifi_command: GET_NETWORK 0 wep_key3
01-01 06:26:04.160 W/WifiHW  (   81): wifi_command: GET_NETWORK 0 wep_tx_keyidx
01-01 06:26:04.160 W/WifiHW  (   81): wifi_command: GET_NETWORK 0 priority
01-01 06:26:04.160 W/WifiHW  (   81): wifi_command: GET_NETWORK 0 key_mgmt
01-01 06:26:04.160 W/WifiHW  (   81): wifi_command: GET_NETWORK 0 scan_ssid
01-01 06:26:04.160 W/WifiHW  (   81): wifi_command: GET_NETWORK 0 disabled
01-01 06:26:04.170 W/WifiHW  (   81): wifi_command: GET_NETWORK 0 identity
01-01 06:26:04.170 W/WifiHW  (   81): wifi_command: GET_NETWORK 0 password
01-01 06:26:04.180 W/WifiHW  (   81): wifi_command: GET_NETWORK 0 auth_alg
01-01 06:26:04.180 W/WifiHW  (   81): wifi_command: GET_NETWORK 0 phase1
01-01 06:26:04.180 W/WifiHW  (   81): wifi_command: GET_NETWORK 0 phase2
01-01 06:26:04.180 W/WifiHW  (   81): wifi_command: GET_NETWORK 0 eap
01-01 06:26:04.180 W/WifiHW  (   81): wifi_command: GET_NETWORK 0 pin
01-01 06:26:04.180 W/WifiHW  (   81): wifi_command: GET_NETWORK 0 pcsc
01-01 06:26:04.180 W/WifiHW  (   81): wifi_command: GET_NETWORK 1 ssid
01-01 06:26:04.180 W/WifiHW  (   81): wifi_command: GET_NETWORK 1 bssid
01-01 06:26:04.180 W/WifiHW  (   81): wifi_command: GET_NETWORK 1 psk
01-01 06:26:04.180 W/WifiHW  (   81): wifi_command: GET_NETWORK 1 wep_key0
01-01 06:26:04.180 W/WifiHW  (   81): wifi_command: GET_NETWORK 1 wep_key1
01-01 06:26:04.180 W/WifiHW  (   81): wifi_command: GET_NETWORK 1 wep_key2
01-01 06:26:04.180 W/WifiHW  (   81): wifi_command: GET_NETWORK 1 wep_key3
01-01 06:26:04.190 W/WifiHW  (   81): wifi_command: GET_NETWORK 1 wep_tx_keyidx
01-01 06:26:04.190 W/WifiHW  (   81): wifi_command: GET_NETWORK 1 priority
01-01 06:26:04.190 W/WifiHW  (   81): wifi_command: GET_NETWORK 1 key_mgmt
01-01 06:26:04.190 W/WifiHW  (   81): wifi_command: GET_NETWORK 1 scan_ssid
01-01 06:26:04.190 W/WifiHW  (   81): wifi_command: GET_NETWORK 1 disabled
01-01 06:26:04.190 W/WifiHW  (   81): wifi_command: GET_NETWORK 1 identity
01-01 06:26:04.190 W/WifiHW  (   81): wifi_command: GET_NETWORK 1 password
01-01 06:26:04.190 W/WifiHW  (   81): wifi_command: GET_NETWORK 1 auth_alg
01-01 06:26:04.190 W/WifiHW  (   81): wifi_command: GET_NETWORK 1 phase1
01-01 06:26:04.190 W/WifiHW  (   81): wifi_command: GET_NETWORK 1 phase2
01-01 06:26:04.190 W/WifiHW  (   81): wifi_command: GET_NETWORK 1 eap
01-01 06:26:04.190 W/WifiHW  (   81): wifi_command: GET_NETWORK 1 pin
01-01 06:26:04.190 W/WifiHW  (   81): wifi_command: GET_NETWORK 1 pcsc
01-01 06:26:04.190 W/WifiHW  (   81): wifi_command: GET_NETWORK 2 ssid
01-01 06:26:04.200 W/WifiHW  (   81): wifi_command: GET_NETWORK 2 bssid
01-01 06:26:04.200 W/WifiHW  (   81): wifi_command: GET_NETWORK 2 psk
01-01 06:26:04.210 W/WifiHW  (   81): wifi_command: GET_NETWORK 2 wep_key0
01-01 06:26:04.210 W/WifiHW  (   81): wifi_command: GET_NETWORK 2 wep_key1
01-01 06:26:04.210 W/WifiHW  (   81): wifi_command: GET_NETWORK 2 wep_key2
01-01 06:26:04.210 W/WifiHW  (   81): wifi_command: GET_NETWORK 2 wep_key3
01-01 06:26:04.210 W/WifiHW  (   81): wifi_command: GET_NETWORK 2 wep_tx_keyidx
01-01 06:26:04.210 W/WifiHW  (   81): wifi_command: GET_NETWORK 2 priority
01-01 06:26:04.210 W/WifiHW  (   81): wifi_command: GET_NETWORK 2 key_mgmt
01-01 06:26:04.210 W/WifiHW  (   81): wifi_command: GET_NETWORK 2 scan_ssid
01-01 06:26:04.210 W/WifiHW  (   81): wifi_command: GET_NETWORK 2 disabled
01-01 06:26:04.210 W/WifiHW  (   81): wifi_command: GET_NETWORK 2 identity
01-01 06:26:04.210 W/WifiHW  (   81): wifi_command: GET_NETWORK 2 password
01-01 06:26:04.210 W/WifiHW  (   81): wifi_command: GET_NETWORK 2 auth_alg
01-01 06:26:04.210 W/WifiHW  (   81): wifi_command: GET_NETWORK 2 phase1
01-01 06:26:04.220 W/WifiHW  (   81): wifi_command: GET_NETWORK 2 phase2
01-01 06:26:04.220 W/WifiHW  (   81): wifi_command: GET_NETWORK 2 eap
01-01 06:26:04.220 W/WifiHW  (   81): wifi_command: GET_NETWORK 2 pin
01-01 06:26:04.220 W/WifiHW  (   81): wifi_command: GET_NETWORK 2 pcsc
01-01 06:26:04.220 W/WifiHW  (   81): wifi_command: GET_NETWORK 3 ssid
01-01 06:26:04.220 W/WifiHW  (   81): wifi_command: GET_NETWORK 3 bssid
01-01 06:26:04.220 W/WifiHW  (   81): wifi_command: GET_NETWORK 3 psk
01-01 06:26:04.220 W/WifiHW  (   81): wifi_command: GET_NETWORK 3 wep_key0
01-01 06:26:04.220 W/WifiHW  (   81): wifi_command: GET_NETWORK 3 wep_key1
01-01 06:26:04.220 W/WifiHW  (   81): wifi_command: GET_NETWORK 3 wep_key2
01-01 06:26:04.220 W/WifiHW  (   81): wifi_command: GET_NETWORK 3 wep_key3
01-01 06:26:04.220 W/WifiHW  (   81): wifi_command: GET_NETWORK 3 wep_tx_keyidx
01-01 06:26:04.220 W/WifiHW  (   81): wifi_command: GET_NETWORK 3 priority
01-01 06:26:04.230 W/WifiHW  (   81): wifi_command: GET_NETWORK 3 key_mgmt
01-01 06:26:04.230 W/WifiHW  (   81): wifi_command: GET_NETWORK 3 scan_ssid
01-01 06:26:04.230 W/WifiHW  (   81): wifi_command: GET_NETWORK 3 disabled
01-01 06:26:04.240 W/WifiHW  (   81): wifi_command: GET_NETWORK 3 identity
01-01 06:26:04.240 W/WifiHW  (   81): wifi_command: GET_NETWORK 3 password
01-01 06:26:04.240 W/WifiHW  (   81): wifi_command: GET_NETWORK 3 auth_alg
01-01 06:26:04.240 W/WifiHW  (   81): wifi_command: GET_NETWORK 3 phase1
01-01 06:26:04.240 W/WifiHW  (   81): wifi_command: GET_NETWORK 3 phase2
01-01 06:26:04.240 W/WifiHW  (   81): wifi_command: GET_NETWORK 3 eap
01-01 06:26:04.240 W/WifiHW  (   81): wifi_command: GET_NETWORK 3 pin
01-01 06:26:04.240 W/WifiHW  (   81): wifi_command: GET_NETWORK 3 pcsc
01-01 06:26:04.270 W/WifiHW  (   81): wifi_command: ENABLE_NETWORK 0
01-01 06:26:04.270 W/WifiHW  (   81): wifi_command: ENABLE_NETWORK 1
01-01 06:26:04.270 W/WifiHW  (   81): wifi_command: ENABLE_NETWORK 2
01-01 06:26:04.270 W/WifiHW  (   81): wifi_command: ENABLE_NETWORK 3
01-01 06:26:04.270 W/WifiHW  (   81): wifi_command: AP_SCAN 1
01-01 06:26:04.280 W/WifiHW  (   81): wifi_command: SAVE_CONFIG
01-01 06:26:04.520 I/Gecko:ProcessPriorityManager(   81): [Homescreen, child-id=2, pid=367] Changing priority from MASTER:CPU_NORMAL to FOREGROUND:CPU_NORMAL.
01-01 06:26:04.520 I/Gonk    (   81): Setting nice for pid 367 to 1
01-01 06:26:04.520 I/Gonk    (   81): Changed nice for pid 367 from 0 to 1.
01-01 06:26:04.520 I/Gecko:ProcessPriorityManager(   81): Making background LRU pool with size(3)
01-01 06:26:04.520 I/Gecko:ProcessPriorityManager(   81): KillBackgroundApps
01-01 06:26:04.520 I/Gecko   (   81): [Parent 81] WARNING: waitpid failed pid:367 errno:10: file /var/lib/jenkins/jobs/B2G.v1.3.0.Tarako/workspace/gecko/ipc/chromium/src/base/process_util_posix.cc, line 254
01-01 06:26:04.800 E/[Gralloc-ERROR](   81): int gralloc_register_buffer(const gralloc_module_t*, const native_handle_t*):79 Unable to register handle 0x45b2d4c0 coming from different process: 81
01-01 06:26:04.800 E/[Gralloc-ERROR](   81): int gralloc_register_buffer(const gralloc_module_t*, const native_handle_t*):79 Unable to register handle 0x460811f0 coming from different process: 81
01-01 06:26:04.920 E/[Gralloc-ERROR](   81): int gralloc_register_buffer(const gralloc_module_t*, const native_handle_t*):79 Unable to register handle 0x468be060 coming from different process: 81
01-01 06:26:04.920 E/[Gralloc-ERROR](   81): int gralloc_register_buffer(const gralloc_module_t*, const native_handle_t*):79 Unable to register handle 0x468be100 coming from different process: 81
01-01 06:26:05.170 I/GeckoDump(   81): XXX FIXME : Got a mozContentEvent: inputmethod-update-layouts
01-01 06:26:05.230 I/Gecko   (   81): ############################### browserElementPanning.js loaded
01-01 06:26:05.270 I/Gecko   (   81): ######################## BrowserElementChildPreload.js loaded
01-01 06:26:05.390 I/GeckoDump(   81): XXX FIXME : Got a mozContentEvent: inputmethod-update-layouts
01-01 06:26:06.040 E/GeckoConsole(   81): [JavaScript Warning: "Error in parsing value for 'font-weight'.  Declaration dropped." {file: "app://keyboard.gaiamobile.org/style/keyboard.css" line: 132 column: 15 source: "  font-weight: medium;"}]
01-01 06:26:06.710 I/Gecko   (   81): 1325417166715	Marionette	INFO	sendToClient: {"from":"0","ok":true}, {98150cb4-b516-414c-8296-62e33d4fa514}, {98150cb4-b516-414c-8296-62e33d4fa514}
01-01 06:26:06.730 I/Gecko   (   81): 1325417166737	Marionette	DEBUG	Got request: switchToFrame, data: {"to":"0","sessionId":"3-b2g","name":"switchToFrame","parameters":{"id":null,"focus":true}}, id: {95223be1-8cdc-4b15-a410-bf6bf7b19b73}
01-01 06:26:06.770 I/Gecko   (   81): 1325417166782	Marionette	INFO	Switched to frame: {"frameValue":null}
01-01 06:26:06.860 W/WifiHW  (   81): wifi_command: SCAN_RESULTS
01-01 06:26:06.860 W/WifiHW  (   81): wifi_command: DRIVER SCAN-PASSIVE
01-01 06:26:06.940 I/Gecko   (   81): 1325417166947	Marionette	INFO	sendToClient: {"from":"0","ok":true}, {95223be1-8cdc-4b15-a410-bf6bf7b19b73}, {95223be1-8cdc-4b15-a410-bf6bf7b19b73}
01-01 06:26:06.970 I/Gecko   (  367): ###################################### forms.js loaded
01-01 06:26:06.980 W/WifiHW  (   81): wifi_command: GET_NETWORK 3 ssid
01-01 06:26:07.110 I/Gecko   (  367): ############################### browserElementPanning.js loaded
01-01 06:26:07.260 I/Gecko   (   81): 1325417167269	Marionette	DEBUG	Got request: executeWithCallback, data: {"to":"0","sessionId":"3-b2g","name":"executeAsyncScript","parameters":{"specialPowers":false,"scriptTimeout":null,"newSandbox":true,"args":[],"filename":"gaia_test.py","script":"GaiaLockScreen.unlock()","line":810}}, id: {9935b868-a6de-4b0b-b55d-bd5778c1a547}
01-01 06:26:07.290 W/WifiHW  (   81): wifi_command: GET_NETWORK 3 bssid
01-01 06:26:07.290 W/WifiHW  (   81): wifi_command: GET_NETWORK 3 psk
01-01 06:26:07.290 W/WifiHW  (   81): wifi_command: GET_NETWORK 3 wep_key0
01-01 06:26:07.290 W/WifiHW  (   81): wifi_command: GET_NETWORK 3 wep_key1
01-01 06:26:07.290 W/WifiHW  (   81): wifi_command: GET_NETWORK 3 wep_key2
01-01 06:26:07.290 W/WifiHW  (   81): wifi_command: GET_NETWORK 3 wep_key3
01-01 06:26:07.300 W/WifiHW  (   81): wifi_command: GET_NETWORK 3 wep_tx_keyidx
01-01 06:26:07.300 W/WifiHW  (   81): wifi_command: GET_NETWORK 3 priority
01-01 06:26:07.300 W/WifiHW  (   81): wifi_command: GET_NETWORK 3 key_mgmt
01-01 06:26:07.300 W/WifiHW  (   81): wifi_command: GET_NETWORK 3 scan_ssid
01-01 06:26:07.300 W/WifiHW  (   81): wifi_command: GET_NETWORK 3 disabled
01-01 06:26:07.310 W/WifiHW  (   81): wifi_command: GET_NETWORK 3 identity
01-01 06:26:07.310 W/WifiHW  (   81): wifi_command: GET_NETWORK 3 password
01-01 06:26:07.310 W/WifiHW  (   81): wifi_command: GET_NETWORK 3 auth_alg
01-01 06:26:07.310 W/WifiHW  (   81): wifi_command: GET_NETWORK 3 phase1
01-01 06:26:07.310 W/WifiHW  (   81): wifi_command: GET_NETWORK 3 phase2
01-01 06:26:07.310 W/WifiHW  (   81): wifi_command: GET_NETWORK 3 eap
01-01 06:26:07.310 W/WifiHW  (   81): wifi_command: GET_NETWORK 3 pin
01-01 06:26:07.310 W/WifiHW  (   81): wifi_command: GET_NETWORK 3 pcsc
01-01 06:26:07.310 W/WifiHW  (   81): wifi_command: SIGNAL_POLL
01-01 06:26:07.310 W/WifiHW  (   81): wifi_command: GET_NETWORK 3 ssid
01-01 06:26:07.320 W/WifiHW  (   81): wifi_command: GET_NETWORK 3 bssid
01-01 06:26:07.320 W/WifiHW  (   81): wifi_command: GET_NETWORK 3 psk
01-01 06:26:07.330 W/WifiHW  (   81): wifi_command: GET_NETWORK 3 wep_key0
01-01 06:26:07.330 W/WifiHW  (   81): wifi_command: GET_NETWORK 3 wep_key1
01-01 06:26:07.330 W/WifiHW  (   81): wifi_command: GET_NETWORK 3 wep_key2
01-01 06:26:07.330 W/WifiHW  (   81): wifi_command: GET_NETWORK 3 wep_key3
01-01 06:26:07.330 W/WifiHW  (   81): wifi_command: GET_NETWORK 3 wep_tx_keyidx
01-01 06:26:07.330 W/WifiHW  (   81): wifi_command: GET_NETWORK 3 priority
01-01 06:26:07.330 W/WifiHW  (   81): wifi_command: GET_NETWORK 3 key_mgmt
01-01 06:26:07.340 W/WifiHW  (   81): wifi_command: GET_NETWORK 3 scan_ssid
01-01 06:26:07.340 W/WifiHW  (   81): wifi_command: GET_NETWORK 3 disabled
01-01 06:26:07.340 W/WifiHW  (   81): wifi_command: GET_NETWORK 3 identity
01-01 06:26:07.340 W/WifiHW  (   81): wifi_command: GET_NETWORK 3 password
01-01 06:26:07.350 W/WifiHW  (   81): wifi_command: GET_NETWORK 3 auth_alg
01-01 06:26:07.350 W/WifiHW  (   81): wifi_command: GET_NETWORK 3 phase1
01-01 06:26:07.360 W/WifiHW  (   81): wifi_command: GET_NETWORK 3 phase2
01-01 06:26:07.360 W/WifiHW  (   81): wifi_command: GET_NETWORK 3 eap
01-01 06:26:07.370 W/WifiHW  (   81): wifi_command: GET_NETWORK 3 pin
01-01 06:26:07.370 W/WifiHW  (   81): wifi_command: GET_NETWORK 3 pcsc
01-01 06:26:07.830 I/Gecko   (   81): 1325417167843	Marionette	INFO	sendToClient: {"from":"0","value":{"passed":0,"failed":0,"failures":[]}}, {9935b868-a6de-4b0b-b55d-bd5778c1a547}, {9935b868-a6de-4b0b-b55d-bd5778c1a547}
01-01 06:26:08.030 E/Profiler(   81): BPUnw: [1 total] thread_unregister_for_profiling(me=0x1d46038)  (NOT REGISTERED) 
01-01 06:26:08.410 I/Gecko   (  367): ######################## BrowserElementChildPreload.js loaded
01-01 06:26:08.710 E/[Gralloc-ERROR](   81): int gralloc_register_buffer(const gralloc_module_t*, const native_handle_t*):79 Unable to register handle 0x46875920 coming from different process: 81
01-01 06:26:08.720 E/[Gralloc-ERROR](   81): int gralloc_register_buffer(const gralloc_module_t*, const native_handle_t*):79 Unable to register handle 0x468759c0 coming from different process: 81
01-01 06:26:08.810 E/[Gralloc-ERROR](   81): int gralloc_register_buffer(const gralloc_module_t*, const native_handle_t*):79 Unable to register handle 0x4670a150 coming from different process: 81
01-01 06:26:08.810 E/[Gralloc-ERROR](   81): int gralloc_register_buffer(const gralloc_module_t*, const native_handle_t*):79 Unable to register handle 0x46875600 coming from different process: 81
01-01 06:26:08.830 E/[Gralloc-ERROR](   81): int gralloc_register_buffer(const gralloc_module_t*, const native_handle_t*):79 Unable to register handle 0x46875a60 coming from different process: 81
01-01 06:26:08.830 E/[Gralloc-ERROR](   81): int gralloc_register_buffer(const gralloc_module_t*, const native_handle_t*):79 Unable to register handle 0x46875b00 coming from different process: 81
01-01 06:26:09.580 I/GeckoDump(   81): XXX FIXME : Got a mozContentEvent: nfc-hardware-state-change
01-01 06:26:09.670 I/GeckoDump(   81): XXX FIXME : Got a mozContentEvent: nfc-hardware-state-change
01-01 06:26:09.880 E/[Gralloc-ERROR](   81): int gralloc_unregister_buffer(const gralloc_module_t*, const native_handle_t*):274 Trying to unregister buffer 0x468be100 from process 81 that was not created in current process: 81
01-01 06:26:09.880 E/[Gralloc-ERROR](   81): int gralloc_unregister_buffer(const gralloc_module_t*, const native_handle_t*):274 Trying to unregister buffer 0x468be060 from process 81 that was not created in current process: 81
01-01 06:26:09.990 I/Gecko:ProcessPriorityManager(   81): [(Preallocated), child-id=3, pid=417] Creating ParticularProcessPriorityManager.
01-01 06:26:09.990 I/Gecko:ProcessPriorityManager(   81): [(Preallocated), child-id=3, pid=417] Done starting up.  mHoldsCPUWakeLock=0, mHoldsHighPriorityWakeLock=0
01-01 06:26:10.000 I/Gecko:ProcessPriorityManager(   81): [(Preallocated), child-id=3, pid=417] Changing priority from UNKNOWN:CPU_NORMAL to MASTER:CPU_NORMAL.
01-01 06:26:10.000 I/Gonk    (   81): Setting nice for pid 417 to 0
01-01 06:26:10.000 I/Gonk    (   81): Changed nice for pid 417 from 0 to 0.
01-01 06:26:10.000 I/Gecko:ProcessPriorityManager(   81): [Homescreen, child-id=2, pid=367] Changing priority from FOREGROUND:CPU_NORMAL to FOREGROUND:CPU_LOW.
01-01 06:26:10.000 I/Gonk    (   81): Setting nice for pid 367 to 18
01-01 06:26:10.000 I/Gonk    (   81): Changed nice for pid 367 from 1 to 18.
01-01 06:26:10.000 I/Gecko:ProcessPriorityManager(   81): KillBackgroundApps
01-01 06:26:10.020 E/[Gralloc-ERROR](   81): int gralloc_unregister_buffer(const gralloc_module_t*, const native_handle_t*):274 Trying to unregister buffer 0x468759c0 from process 81 that was not created in current process: 81
01-01 06:26:10.030 E/[Gralloc-ERROR](   81): int gralloc_unregister_buffer(const gralloc_module_t*, const native_handle_t*):274 Trying to unregister buffer 0x46875920 from process 81 that was not created in current process: 81
01-01 06:26:10.040 E/[Gralloc-ERROR](   81): int gralloc_unregister_buffer(const gralloc_module_t*, const native_handle_t*):274 Trying to unregister buffer 0x46875600 from process 81 that was not created in current process: 81
01-01 06:26:10.050 E/[Gralloc-ERROR](   81): int gralloc_unregister_buffer(const gralloc_module_t*, const native_handle_t*):274 Trying to unregister buffer 0x4670a150 from process 81 that was not created in current process: 81
01-01 06:26:10.050 E/[Gralloc-ERROR](   81): int gralloc_unregister_buffer(const gralloc_module_t*, const native_handle_t*):274 Trying to unregister buffer 0x46875b00 from process 81 that was not created in current process: 81
01-01 06:26:10.050 E/[Gralloc-ERROR](   81): int gralloc_unregister_buffer(const gralloc_module_t*, const native_handle_t*):274 Trying to unregister buffer 0x46875a60 from process 81 that was not created in current process: 81
01-01 06:26:10.070 I/Gecko   (   81): 1325417170074	Marionette	INFO	sendToClient: {"from":"0","ok":true}, {98d8cd25-7407-45ba-956f-064b66333e0b}, {98d8cd25-7407-45ba-956f-064b66333e0b}
01-01 06:26:10.270 I/Gecko   (   81): 1325417170282	Marionette	DEBUG	Got request: switchToFrame, data: {"to":"0","sessionId":"3-b2g","name":"switchToFrame","parameters":{"id":null,"focus":true}}, id: {7e6d309d-4dd2-4c46-844e-1c0cb65397b6}
01-01 06:26:10.370 I/Gecko   (   81): 1325417170376	Marionette	INFO	Switched to frame: {"frameValue":null}
01-01 06:26:10.520 I/Gecko   (   81): 1325417170527	Marionette	INFO	sendToClient: {"from":"0","ok":true}, {7e6d309d-4dd2-4c46-844e-1c0cb65397b6}, {7e6d309d-4dd2-4c46-844e-1c0cb65397b6}
01-01 06:26:10.540 I/Gecko   (   81): 1325417170550	Marionette	DEBUG	Got request: executeWithCallback, data: {"to":"0","sessionId":"3-b2g","name":"executeAsyncScript","parameters":{"specialPowers":false,"scriptTimeout":60000,"newSandbox":true,"args":[],"filename":"app_checker.py","script":"\n        GaiaApps.locateWithManifestURL('https://marketplace.firefox.com/app/64d95043-f652-4c31-8b23-ce4dd69665f4/manifest.webapp',\n                                       null,\n                                       function uninstall(app) {\n                                       navigator.mozApps.mgmt.uninstall(app);\n                                       marionetteScriptFinished(true);\n                                       });\n        ","line":129}}, id: {920f342f-ffc7-46d7-bc85-be78a8ea7b50}
01-01 06:26:10.580 I/Gecko   (   81): 1325417170586	Marionette	INFO	sendToClient: {"from":"0","error":{"message":"TypeError: app is null","status":17,"stacktrace":"execute_async_script @app_checker.py, line 129\ninline javascript, line 221\nsrc: \"      appName = app.manifest.name;\""}}, {920f342f-ffc7-46d7-bc85-be78a8ea7b50}, {920f342f-ffc7-46d7-bc85-be78a8ea7b50}