--------- beginning of /dev/log/system
12-31 22:23:48.520 I/Vold    (   75): Vold 2.1 (the revenge) firing up
12-31 22:23:48.520 D/Vold    (   75): Volume sdcard state changing -1 (Initializing) -> 0 (No-Media)
12-31 22:23:48.590 D/Vold    (   75): Volume sdcard state changing 0 (No-Media) -> 2 (Pending)
12-31 22:23:48.590 D/Vold    (   75): Volume sdcard state changing 2 (Pending) -> 1 (Idle-Unmounted)
12-31 22:23:53.510 D/VoldCmdListener(   75): volume list
12-31 22:23:53.510 D/VoldCmdListener(   75): volume mount sdcard
12-31 22:23:53.510 I/Vold    (   75): /dev/block/vold/179:1 being considered for volume sdcard
12-31 22:23:53.510 D/Vold    (   75): Volume sdcard state changing 1 (Idle-Unmounted) -> 3 (Checking)
12-31 22:23:53.510 W/Vold    (   75): Skipping fs checks
12-31 22:23:53.560 I/Vold    (   75): Device /dev/block/vold/179:1, target /mnt/sdcard mounted @ /mnt/secure/staging
12-31 22:23:53.570 D/Vold    (   75): Volume sdcard state changing 3 (Checking) -> 4 (Mounted)
--------- beginning of /dev/log/main
12-31 22:24:04.680 D/SPRDENG (  162): 30
12-31 22:24:04.680 D/SPRDENG (  162): 38
12-31 22:24:04.680 D/SPRDENG (  162): 30
12-31 22:24:04.680 D/SPRDENG (  162): 37
12-31 22:24:04.680 D/SPRDENG (  162): 36
12-31 22:24:04.680 D/SPRDENG (  162): 37
12-31 22:24:04.680 D/SPRDENG (  162): 33
12-31 22:24:04.680 D/SPRDENG (  162): 38
12-31 22:24:04.680 D/SPRDENG (  162): 33
12-31 22:24:04.680 D/SPRDENG (  162): 38
12-31 22:24:04.680 D/SPRDENG (  162): 30
12-31 22:24:04.680 D/SPRDENG (  162): 37
12-31 22:24:04.680 D/SPRDENG (  162): 35
12-31 22:24:04.680 D/SPRDENG (  162): 37
12-31 22:24:04.680 D/SPRDENG (  162): 33
12-31 22:24:04.680 D/SPRDENG (  162): 38
12-31 22:24:04.680 D/SPRDENG (  162): 30
12-31 22:24:04.680 D/SPRDENG (  162): 38
12-31 22:24:04.680 D/SPRDENG (  162): 30
12-31 22:24:04.680 D/SPRDENG (  162): 37
12-31 22:24:04.680 D/SPRDENG (  162): 35
12-31 22:24:04.680 D/SPRDENG (  162): 37
12-31 22:24:04.680 D/SPRDENG (  162): 35
12-31 22:24:04.680 D/SPRDENG (  162): 38
12-31 22:24:04.680 D/SPRDENG (  162): 30
12-31 22:24:04.680 D/SPRDENG (  162): 38
12-31 22:24:04.680 D/SPRDENG (  162): 30
12-31 22:24:04.680 D/SPRDENG (  162): 37
12-31 22:24:04.680 D/SPRDENG (  162): 34
12-31 22:24:04.680 D/SPRDENG (  162): 37
12-31 22:24:04.680 D/SPRDENG (  162): 35
12-31 22:24:04.680 D/SPRDENG (  162): 38
12-31 22:24:04.680 D/SPRDENG (  162): 30
12-31 22:24:04.680 D/SPRDENG (  162): 38
12-31 22:24:04.680 D/SPRDENG (  162): 30
12-31 22:24:04.680 D/SPRDENG (  162): 37
12-31 22:24:04.680 D/SPRDENG (  162): 34
12-31 22:24:04.680 D/SPRDENG (  162): 37
12-31 22:24:04.680 D/SPRDENG (  162): 35
12-31 22:24:04.680 D/SPRDENG (  162): 38
12-31 22:24:04.680 D/SPRDENG (  162): 30
12-31 22:24:04.680 D/SPRDENG (  162): 38
12-31 22:24:04.680 D/SPRDENG (  162): 30
12-31 22:24:04.680 D/SPRDENG (  162): 37
12-31 22:24:04.680 D/SPRDENG (  162): 34
12-31 22:24:04.680 D/SPRDENG (  162): 37
12-31 22:24:04.680 D/SPRDENG (  162): 35
12-31 22:24:04.680 D/SPRDENG (  162): 30
12-31 22:24:04.680 D/SPRDENG (  162): 30
12-31 22:24:04.680 D/SPRDENG (  162): 30
12-31 22:24:04.680 D/SPRDENG (  162): 30
12-31 22:24:04.680 D/SPRDENG (  162): 30
12-31 22:24:04.680 D/SPRDENG (  162): 30
12-31 22:24:04.680 D/SPRDENG (  162): 30
12-31 22:24:04.680 D/SPRDENG (  162): 30
12-31 22:24:04.680 D/SPRDENG (  162): 30
12-31 22:24:04.680 D/SPRDENG (  162): 30
12-31 22:24:04.680 D/SPRDENG (  162): 30
12-31 22:24:04.680 D/SPRDENG (  162): 30
12-31 22:24:04.680 D/SPRDENG (  162): 30
12-31 22:24:04.680 D/SPRDENG (  162): 30
12-31 22:24:04.680 D/SPRDENG (  162): 30
12-31 22:24:04.680 D/SPRDENG (  162): 30
12-31 22:24:04.680 D/SPRDENG (  162): 30
12-31 22:24:04.680 D/SPRDENG (  162): 30
12-31 22:24:04.680 D/SPRDENG (  162): 30
12-31 22:24:04.680 D/SPRDENG (  162): 30
12-31 22:24:04.680 D/SPRDENG (  162): 30
12-31 22:24:04.680 D/SPRDENG (  162): 30
12-31 22:24:04.680 D/SPRDENG (  162): 30
12-31 22:24:04.680 D/SPRDENG (  162): 30
12-31 22:24:04.680 D/SPRDENG (  162): 30
12-31 22:24:04.680 D/SPRDENG (  162): 30
12-31 22:24:04.680 D/SPRDENG (  162): 30
12-31 22:24:04.680 D/SPRDENG (  162): 30
12-31 22:24:04.680 D/SPRDENG (  162): 30
12-31 22:24:04.680 D/SPRDENG (  162): 30
12-31 22:24:04.680 D/SPRDENG (  162): 30
12-31 22:24:04.680 D/SPRDENG (  162): 30
12-31 22:24:04.680 D/SPRDENG (  162): 30
12-31 22:24:04.680 D/SPRDENG (  162): 30
12-31 22:24:04.680 D/SPRDENG (  162): 30
12-31 22:24:04.680 D/SPRDENG (  162): 30
12-31 22:24:04.680 D/SPRDENG (  162): 30
12-31 22:24:04.680 D/SPRDENG (  162): 30
12-31 22:24:04.680 D/SPRDENG (  162): 30
12-31 22:24:04.680 D/SPRDENG (  162): 30
12-31 22:24:04.680 D/SPRDENG (  162): 30
12-31 22:24:04.680 D/SPRDENG (  162): 30
12-31 22:24:04.680 D/SPRDENG (  162): 30
12-31 22:24:04.680 D/SPRDENG (  162): 30
12-31 22:24:04.680 D/SPRDENG (  162): 30
12-31 22:24:04.680 D/SPRDENG (  162): 30
12-31 22:24:04.680 D/SPRDENG (  162): 30
12-31 22:24:04.680 D/SPRDENG (  162): 30
12-31 22:24:04.680 D/SPRDENG (  162): 30
12-31 22:24:04.680 D/SPRDENG (  162): 30
12-31 22:24:04.680 D/SPRDENG (  162): 30
12-31 22:24:04.680 D/SPRDENG (  162): 30
12-31 22:24:04.680 D/SPRDENG (  162): 30
12-31 22:24:04.680 D/SPRDENG (  162): 30
12-31 22:24:04.680 D/SPRDENG (  162): 30
12-31 22:24:04.680 D/SPRDENG (  162): 30
12-31 22:24:04.680 D/SPRDENG (  162): 30
12-31 22:24:04.680 D/SPRDENG (  162): 30
12-31 22:24:04.680 D/SPRDENG (  162): 30
12-31 22:24:04.680 D/SPRDENG (  162): 30
12-31 22:24:04.680 D/SPRDENG (  162): 30
12-31 22:24:04.680 D/SPRDENG (  162): 30
12-31 22:24:04.680 D/SPRDENG (  162): 30
12-31 22:24:04.680 D/SPRDENG (  162): 30
12-31 22:24:04.680 D/SPRDENG (  162): 30
12-31 22:24:04.680 D/SPRDENG (  162): 30
12-31 22:24:04.680 D/SPRDENG (  162): 30
12-31 22:24:04.680 D/SPRDENG (  162): 30
12-31 22:24:04.680 D/SPRDENG (  162): 30
12-31 22:24:04.680 D/SPRDENG (  162): 30
12-31 22:24:04.680 D/SPRDENG (  162): 30
12-31 22:24:04.680 D/SPRDENG (  162): 30
12-31 22:24:04.680 D/SPRDENG (  162): 30
12-31 22:24:04.680 D/SPRDENG (  162): 30
12-31 22:24:04.680 D/SPRDENG (  162): 30
12-31 22:24:04.680 D/SPRDENG (  162): 30
12-31 22:24:04.680 D/SPRDENG (  162): 30
12-31 22:24:04.680 D/SPRDENG (  162): 30
12-31 22:24:04.680 D/SPRDENG (  162): 30
12-31 22:24:04.680 D/SPRDENG (  162): 30
12-31 22:24:04.680 D/SPRDENG (  162): 30
12-31 22:24:04.680 D/SPRDENG (  162): 30
12-31 22:24:04.680 D/SPRDENG (  162): 30
12-31 22:24:04.680 D/SPRDENG (  162): 30
12-31 22:24:04.680 D/SPRDENG (  162): 30
12-31 22:24:04.680 D/SPRDENG (  162): 30
12-31 22:24:04.680 D/SPRDENG (  162): 30
12-31 22:24:04.680 D/SPRDENG (  162): 30
12-31 22:24:04.680 D/SPRDENG (  162): 30
12-31 22:24:04.680 D/SPRDENG (  162): 30
12-31 22:24:04.680 D/SPRDENG (  162): 30
12-31 22:24:04.680 D/SPRDENG (  162): 30
12-31 22:24:04.680 D/SPRDENG (  162): 30
12-31 22:24:04.680 D/SPRDENG (  162): 30
12-31 22:24:04.680 D/SPRDENG (  162): 30
12-31 22:24:04.680 D/SPRDENG (  162): 30
12-31 22:24:04.680 D/SPRDENG (  162): 30
12-31 22:24:04.680 D/SPRDENG (  162): 30
12-31 22:24:04.680 D/SPRDENG (  162): 30
12-31 22:24:04.680 D/SPRDENG (  162): 30
12-31 22:24:04.680 D/SPRDENG (  162): 30
12-31 22:24:04.680 D/SPRDENG (  162): 30
12-31 22:24:04.680 D/SPRDENG (  162): 30
12-31 22:24:04.680 D/SPRDENG (  162): 30
12-31 22:24:04.680 D/SPRDENG (  162): 30
12-31 22:24:04.680 D/SPRDENG (  162): 30
12-31 22:24:04.680 D/SPRDENG (  162): 30
12-31 22:24:04.680 D/SPRDENG (  162): 30
12-31 22:24:04.680 D/SPRDENG (  162): 30
12-31 22:24:04.680 D/SPRDENG (  162): 30
12-31 22:24:04.680 D/SPRDENG (  162): 30
12-31 22:24:04.680 D/SPRDENG (  162): 30
12-31 22:24:04.680 D/SPRDENG (  162): 30
12-31 22:24:04.680 D/SPRDENG (  162): 30
12-31 22:24:04.680 D/SPRDENG (  162): 30
12-31 22:24:04.680 D/SPRDENG (  162): 30
12-31 22:24:04.680 D/SPRDENG (  162): 30
12-31 22:24:04.680 D/SPRDENG (  162): 30
12-31 22:24:04.680 D/SPRDENG (  162): 30
12-31 22:24:04.680 D/SPRDENG (  162): 30
12-31 22:24:04.680 D/SPRDENG (  162): 30
12-31 22:24:04.680 D/SPRDENG (  162): 30
12-31 22:24:04.680 D/SPRDENG (  162): 30
12-31 22:24:04.680 D/SPRDENG (  162): 30
12-31 22:24:04.680 D/SPRDENG (  162): 30
12-31 22:24:04.680 D/SPRDENG (  162): 30
12-31 22:24:04.680 D/SPRDENG (  162): 30
12-31 22:24:04.680 D/SPRDENG (  162): 30
12-31 22:24:04.680 D/SPRDENG (  162): 30
12-31 22:24:04.680 D/SPRDENG (  162): 30
12-31 22:24:04.680 D/SPRDENG (  162): 30
12-31 22:24:04.680 D/SPRDENG (  162): 30
12-31 22:24:04.680 D/SPRDENG (  162): 30
12-31 22:24:04.680 D/SPRDENG (  162): 30
12-31 22:24:04.680 D/SPRDENG (  162): 30
12-31 22:24:04.680 D/SPRDENG (  162): 30
12-31 22:24:04.680 D/SPRDENG (  162): 30
12-31 22:24:04.680 D/SPRDENG (  162): 30
12-31 22:24:04.680 D/SPRDENG (  162): 30
12-31 22:24:04.680 D/SPRDENG (  162): 30
12-31 22:24:04.680 D/SPRDENG (  162): 30
12-31 22:24:04.680 D/SPRDENG (  162): 30
12-31 22:24:04.680 D/SPRDENG (  162): 30
12-31 22:24:04.680 D/SPRDENG (  162): 30
12-31 22:24:04.680 D/SPRDENG (  162): 30
12-31 22:24:04.680 D/SPRDENG (  162): 30
12-31 22:24:04.680 D/SPRDENG (  162): 30
12-31 22:24:04.680 D/SPRDENG (  162): 30
12-31 22:24:04.680 D/SPRDENG (  162): 30
12-31 22:24:04.680 D/SPRDENG (  162): 30
12-31 22:24:04.680 D/SPRDENG (  162): 30
12-31 22:24:04.680 D/SPRDENG (  162): 30
12-31 22:24:04.680 D/SPRDENG (  162): 30
12-31 22:24:04.680 D/SPRDENG (  162): 30
12-31 22:24:04.680 D/SPRDENG (  162): 30
12-31 22:24:04.680 D/SPRDENG (  162): 30
12-31 22:24:04.680 D/SPRDENG (  162): 30
12-31 22:24:04.680 D/SPRDENG (  162): 30
12-31 22:24:04.680 D/SPRDENG (  162): 30
12-31 22:24:04.680 D/SPRDENG (  162): 30
12-31 22:24:04.680 D/SPRDENG (  162): 30
12-31 22:24:04.680 D/SPRDENG (  162): 30
12-31 22:24:04.680 D/SPRDENG (  162): 30
12-31 22:24:04.680 D/SPRDENG (  162): 30
12-31 22:24:04.680 D/SPRDENG (  162): 30
12-31 22:24:04.680 D/SPRDENG (  162): 30
12-31 22:24:04.680 D/SPRDENG (  162): 30
12-31 22:24:04.680 D/SPRDENG (  162): 30
12-31 22:24:04.680 D/SPRDENG (  162): 30
12-31 22:24:04.680 D/SPRDENG (  162): 30
12-31 22:24:04.680 D/SPRDENG (  162): 30
12-31 22:24:04.680 D/SPRDENG (  162): 30
12-31 22:24:04.680 D/SPRDENG (  162): 30
12-31 22:24:04.680 D/SPRDENG (  162): 30
12-31 22:24:04.680 D/SPRDENG (  162): 30
12-31 22:24:04.680 D/SPRDENG (  162): 30
12-31 22:24:04.680 D/SPRDENG (  162): 30
12-31 22:24:04.680 D/SPRDENG (  162): 30
12-31 22:24:04.680 D/SPRDENG (  162): 30
12-31 22:24:04.680 D/SPRDENG (  162): 30
12-31 22:24:04.680 D/SPRDENG (  162): 30
12-31 22:24:04.680 D/SPRDENG (  162): 30
12-31 22:24:04.680 D/SPRDENG (  162): 30
12-31 22:24:04.680 D/SPRDENG (  162): 30
12-31 22:24:04.680 D/SPRDENG (  162): 30
12-31 22:24:04.680 D/SPRDENG (  162): 30
12-31 22:24:04.680 D/SPRDENG (  162): 30
12-31 22:24:04.680 D/SPRDENG (  162): 30
12-31 22:24:04.680 D/SPRDENG (  162): 30
12-31 22:24:04.680 D/SPRDENG (  162): 30
12-31 22:24:04.680 D/SPRDENG (  162): 30
12-31 22:24:04.680 D/SPRDENG (  162): 30
12-31 22:24:04.680 D/SPRDENG (  162): 30
12-31 22:24:04.680 D/SPRDENG (  162): 30
12-31 22:24:04.680 D/SPRDENG (  162): 30
12-31 22:24:04.680 D/SPRDENG (  162): 30
12-31 22:24:04.680 D/SPRDENG (  162): 30
12-31 22:24:04.680 D/SPRDENG (  162): 30
12-31 22:24:04.680 D/SPRDENG (  162): 30
12-31 22:24:04.680 D/SPRDENG (  162): 30
12-31 22:24:04.680 D/SPRDENG (  162): 30
12-31 22:24:04.680 D/SPRDENG (  162): 30
12-31 22:24:04.680 D/SPRDENG (  162): 30
12-31 22:24:04.680 D/SPRDENG (  162): 30
12-31 22:24:04.680 D/SPRDENG (  162): 30
12-31 22:24:04.680 D/SPRDENG (  162): 30
12-31 22:24:04.680 D/SPRDENG (  162): 30
12-31 22:24:04.680 D/SPRDENG (  162): 30
12-31 22:24:04.680 D/SPRDENG (  162): 30
12-31 22:24:04.680 D/SPRDENG (  162): 30
12-31 22:24:04.680 D/SPRDENG (  162): 30
12-31 22:24:04.680 D/SPRDENG (  162): 30
12-31 22:24:04.680 D/SPRDENG (  162): 30
12-31 22:24:04.680 D/SPRDENG (  162): 30
12-31 22:24:04.680 D/SPRDENG (  162): 30
12-31 22:24:04.680 D/SPRDENG (  162): 30
12-31 22:24:04.680 D/SPRDENG (  162): 30
12-31 22:24:04.680 D/SPRDENG (  162): 30
12-31 22:24:04.680 D/SPRDENG (  162): 30
12-31 22:24:04.680 D/SPRDENG (  162): 30
12-31 22:24:04.680 D/SPRDENG (  162): 30
12-31 22:24:04.680 D/SPRDENG (  162): 30
12-31 22:24:04.680 D/SPRDENG (  162): 30
12-31 22:24:04.680 D/SPRDENG (  162): 30
12-31 22:24:04.680 D/SPRDENG (  162): 38
12-31 22:24:04.680 D/SPRDENG (  162): 30
12-31 22:24:04.680 D/SPRDENG (  162): 38
12-31 22:24:04.680 D/SPRDENG (  162): 30
12-31 22:24:04.680 D/SPRDENG (  162): 37
12-31 22:24:04.680 D/SPRDENG (  162): 34
12-31 22:24:04.680 D/SPRDENG (  162): 37
12-31 22:24:04.680 D/SPRDENG (  162): 36
12-31 22:24:04.680 D/SPRDENG (  162): 38
12-31 22:24:04.680 D/SPRDENG (  162): 30
12-31 22:24:04.680 D/SPRDENG (  162): 38
12-31 22:24:04.680 D/SPRDENG (  162): 30
12-31 22:24:04.680 D/SPRDENG (  162): 37
12-31 22:24:04.680 D/SPRDENG (  162): 34
12-31 22:24:04.680 D/SPRDENG (  162): 37
12-31 22:24:04.680 D/SPRDENG (  162): 37
12-31 22:24:04.680 D/SPRDENG (  162): 38
12-31 22:24:04.680 D/SPRDENG (  162): 30
12-31 22:24:04.680 D/SPRDENG (  162): 38
12-31 22:24:04.680 D/SPRDENG (  162): 30
12-31 22:24:04.680 D/SPRDENG (  162): 37
12-31 22:24:04.680 D/SPRDENG (  162): 33
12-31 22:24:04.680 D/SPRDENG (  162): 37
12-31 22:24:04.680 D/SPRDENG (  162): 37
12-31 22:24:04.680 D/SPRDENG (  162): 38
12-31 22:24:04.680 D/SPRDENG (  162): 30
12-31 22:24:04.680 D/SPRDENG (  162): 38
12-31 22:24:04.680 D/SPRDENG (  162): 30
12-31 22:24:04.680 D/SPRDENG (  162): 37
12-31 22:24:04.680 D/SPRDENG (  162): 33
12-31 22:24:04.680 D/SPRDENG (  162): 37
12-31 22:24:04.680 D/SPRDENG (  162): 37
12-31 22:24:04.680 D/SPRDENG (  162): 37
12-31 22:24:04.680 D/SPRDENG (  162): 65
12-31 22:24:04.680 D/SPRDENG (  162): 37
12-31 22:24:04.680 D/SPRDENG (  162): 66
12-31 22:24:04.680 D/SPRDENG (  162): 37
12-31 22:24:04.680 D/SPRDENG (  162): 30
12-31 22:24:04.680 D/SPRDENG (  162): 35
12-31 22:24:04.680 D/SPRDENG (  162): 61
12-31 22:24:04.680 D/SPRDENG (  162): 37
12-31 22:24:04.680 D/SPRDENG (  162): 65
12-31 22:24:04.680 D/SPRDENG (  162): 37
12-31 22:24:04.680 D/SPRDENG (  162): 66
12-31 22:24:04.680 D/SPRDENG (  162): 37
12-31 22:24:04.680 D/SPRDENG (  162): 30
12-31 22:24:04.680 D/SPRDENG (  162): 35
12-31 22:24:04.680 D/SPRDENG (  162): 61
12-31 22:24:04.680 D/SPRDENG (  162): 37
12-31 22:24:04.680 D/SPRDENG (  162): 65
12-31 22:24:04.680 D/SPRDENG (  162): 37
12-31 22:24:04.680 D/SPRDENG (  162): 66
12-31 22:24:04.680 D/SPRDENG (  162): 37
12-31 22:24:04.680 D/SPRDENG (  162): 30
12-31 22:24:04.680 D/SPRDENG (  162): 35
12-31 22:24:04.680 D/SPRDENG (  162): 61
12-31 22:24:04.680 D/SPRDENG (  162): 37
12-31 22:24:04.680 D/SPRDENG (  162): 65
12-31 22:24:04.680 D/SPRDENG (  162): 37
12-31 22:24:04.680 D/SPRDENG (  162): 66
12-31 22:24:04.680 D/SPRDENG (  162): 37
12-31 22:24:04.680 D/SPRDENG (  162): 30
12-31 22:24:04.680 D/SPRDENG (  162): 35
12-31 22:24:04.680 D/SPRDENG (  162): 61
12-31 22:24:04.680 D/SPRDENG (  162): 37
12-31 22:24:04.680 D/SPRDENG (  162): 65
12-31 22:24:04.680 D/SPRDENG (  162): 37
12-31 22:24:04.680 D/SPRDENG (  162): 66
12-31 22:24:04.680 D/SPRDENG (  162): 37
12-31 22:24:04.680 D/SPRDENG (  162): 30
12-31 22:24:04.680 D/SPRDENG (  162): 35
12-31 22:24:04.680 D/SPRDENG (  162): 61
12-31 22:24:04.680 D/SPRDENG (  162): 37
12-31 22:24:04.680 D/SPRDENG (  162): 65
12-31 22:24:04.680 D/SPRDENG (  162): 37
12-31 22:24:04.680 D/SPRDENG (  162): 66
12-31 22:24:04.680 D/SPRDENG (  162): 37
12-31 22:24:04.680 D/SPRDENG (  162): 30
12-31 22:24:04.680 D/SPRDENG (  162): 35
12-31 22:24:04.680 D/SPRDENG (  162): 61
12-31 22:24:04.680 D/SPRDENG (  162): 37
12-31 22:24:04.680 D/SPRDENG (  162): 65
12-31 22:24:04.680 D/SPRDENG (  162): 37
12-31 22:24:04.680 D/SPRDENG (  162): 66
12-31 22:24:04.680 D/SPRDENG (  162): 37
12-31 22:24:04.680 D/SPRDENG (  162): 30
12-31 22:24:04.680 D/SPRDENG (  162): 35
12-31 22:24:04.680 D/SPRDENG (  162): 61
12-31 22:24:04.680 D/SPRDENG (  162): 37
12-31 22:24:04.680 D/SPRDENG (  162): 65
12-31 22:24:04.680 D/SPRDENG (  162): 37
12-31 22:24:04.680 D/SPRDENG (  162): 66
12-31 22:24:04.680 D/SPRDENG (  162): 37
12-31 22:24:04.680 D/SPRDENG (  162): 30
12-31 22:24:04.680 D/SPRDENG (  162): 35
12-31 22:24:04.680 D/SPRDENG (  162): 61
12-31 22:24:04.680 D/SPRDENG (  162): 37
12-31 22:24:04.680 D/SPRDENG (  162): 65
12-31 22:24:04.680 D/SPRDENG (  162): 37
12-31 22:24:04.680 D/SPRDENG (  162): 66
12-31 22:24:04.680 D/SPRDENG (  162): 37
12-31 22:24:04.680 D/SPRDENG (  162): 30
12-31 22:24:04.680 D/SPRDENG (  162): 35
12-31 22:24:04.680 D/SPRDENG (  162): 61
12-31 22:24:04.680 D/SPRDENG (  162): 38
12-31 22:24:04.680 D/SPRDENG (  162): 30
12-31 22:24:04.680 D/SPRDENG (  162): 38
12-31 22:24:04.680 D/SPRDENG (  162): 30
12-31 22:24:04.680 D/SPRDENG (  162): 37
12-31 22:24:04.680 D/SPRDENG (  162): 30
12-31 22:24:04.680 D/SPRDENG (  162): 35
12-31 22:24:04.680 D/SPRDENG (  162): 62
12-31 22:24:04.680 D/SPRDENG (  162): 38
12-31 22:24:04.680 D/SPRDENG (  162): 30
12-31 22:24:04.680 D/SPRDENG (  162): 38
12-31 22:24:04.680 D/SPRDENG (  162): 33
12-31 22:24:04.680 D/SPRDENG (  162): 37
12-31 22:24:04.680 D/SPRDENG (  162): 32
12-31 22:24:04.680 D/SPRDENG (  162): 35
12-31 22:24:04.680 D/SPRDENG (  162): 61
12-31 22:24:04.680 D/SPRDENG (  162): 38
12-31 22:24:04.680 D/SPRDENG (  162): 35
12-31 22:24:04.680 D/SPRDENG (  162): 38
12-31 22:24:04.680 D/SPRDENG (  162): 37
12-31 22:24:04.680 D/SPRDENG (  162): 37
12-31 22:24:04.680 D/SPRDENG (  162): 30
12-31 22:24:04.680 D/SPRDENG (  162): 35
12-31 22:24:04.680 D/SPRDENG (  162): 63
12-31 22:24:04.680 D/SPRDENG (  162): 38
12-31 22:24:04.680 D/SPRDENG (  162): 64
12-31 22:24:04.680 D/SPRDENG (  162): 39
12-31 22:24:04.680 D/SPRDENG (  162): 33
12-31 22:24:04.680 D/SPRDENG (  162): 37
12-31 22:24:04.680 D/SPRDENG (  162): 30
12-31 22:24:04.680 D/SPRDENG (  162): 35
12-31 22:24:04.680 D/SPRDENG (  162): 61
12-31 22:24:04.680 D/SPRDENG (  162): 39
12-31 22:24:04.680 D/SPRDENG (  162): 64
12-31 22:24:04.680 D/SPRDENG (  162): 39
12-31 22:24:04.680 D/SPRDENG (  162): 62
12-31 22:24:04.680 D/SPRDENG (  162): 37
12-31 22:24:04.680 D/SPRDENG (  162): 30
12-31 22:24:04.680 D/SPRDENG (  162): 35
12-31 22:24:04.680 D/SPRDENG (  162): 63
12-31 22:24:04.680 D/SPRDENG (  162): 37
12-31 22:24:04.680 D/SPRDENG (  162): 65
12-31 22:24:04.680 D/SPRDENG (  162): 37
12-31 22:24:04.680 D/SPRDENG (  162): 66
12-31 22:24:04.680 D/SPRDENG (  162): 37
12-31 22:24:04.680 D/SPRDENG (  162): 38
12-31 22:24:04.680 D/SPRDENG (  162): 36
12-31 22:24:04.680 D/SPRDENG (  162): 34
12-31 22:24:04.680 D/SPRDENG (  162): 37
12-31 22:24:04.680 D/SPRDENG (  162): 66
12-31 22:24:04.680 D/SPRDENG (  162): 38
12-31 22:24:04.680 D/SPRDENG (  162): 31
12-31 22:24:04.680 D/SPRDENG (  162): 37
12-31 22:24:04.680 D/SPRDENG (  162): 38
12-31 22:24:04.680 D/SPRDENG (  162): 36
12-31 22:24:04.680 D/SPRDENG (  162): 33
12-31 22:24:04.680 D/SPRDENG (  162): 38
12-31 22:24:04.680 D/SPRDENG (  162): 31
12-31 22:24:04.680 D/SPRDENG (  162): 38
12-31 22:24:04.680 D/SPRDENG (  162): 33
12-31 22:24:04.680 D/SPRDENG (  162): 37
12-31 22:24:04.680 D/SPRDENG (  162): 38
12-31 22:24:04.680 D/SPRDENG (  162): 36
12-31 22:24:04.680 D/SPRDENG (  162): 33
12-31 22:24:04.680 D/SPRDENG (  162): 38
12-31 22:24:04.680 D/SPRDENG (  162): 34
12-31 22:24:04.680 D/SPRDENG (  162): 38
12-31 22:24:04.680 D/SPRDENG (  162): 36
12-31 22:24:04.680 D/SPRDENG (  162): 37
12-31 22:24:04.680 D/SPRDENG (  162): 38
12-31 22:24:04.680 D/SPRDENG (  162): 36
12-31 22:24:04.680 D/SPRDENG (  162): 33
12-31 22:24:04.680 D/SPRDENG (  162): 38
12-31 22:24:04.680 D/SPRDENG (  162): 63
12-31 22:24:04.680 D/SPRDENG (  162): 39
12-31 22:24:04.680 D/SPRDENG (  162): 30
12-31 22:24:04.680 D/SPRDENG (  162): 37
12-31 22:24:04.680 D/SPRDENG (  162): 38
12-31 22:24:04.680 D/SPRDENG (  162): 36
12-31 22:24:04.680 D/SPRDENG (  162): 34
12-31 22:24:04.680 D/SPRDENG (  162): 61
12-31 22:24:04.680 D/SPRDENG (  162): 30
12-31 22:24:04.680 D/SPRDENG (  162): 61
12-31 22:24:04.680 D/SPRDENG (  162): 36
12-31 22:24:04.680 D/SPRDENG (  162): 37
12-31 22:24:04.680 D/SPRDENG (  162): 37
12-31 22:24:04.680 D/SPRDENG (  162): 36
12-31 22:24:04.680 D/SPRDENG (  162): 33
12-31 22:24:04.680 D/SPRDENG (  162): 37
12-31 22:24:04.680 D/SPRDENG (  162): 65
12-31 22:24:04.680 D/SPRDENG (  162): 37
12-31 22:24:04.680 D/SPRDENG (  162): 66
12-31 22:24:04.680 D/SPRDENG (  162): 37
12-31 22:24:04.680 D/SPRDENG (  162): 63
12-31 22:24:04.680 D/SPRDENG (  162): 36
12-31 22:24:04.680 D/SPRDENG (  162): 38
12-31 22:24:04.680 D/SPRDENG (  162): 37
12-31 22:24:04.680 D/SPRDENG (  162): 66
12-31 22:24:04.680 D/SPRDENG (  162): 38
12-31 22:24:04.680 D/SPRDENG (  162): 30
12-31 22:24:04.680 D/SPRDENG (  162): 37
12-31 22:24:04.680 D/SPRDENG (  162): 63
12-31 22:24:04.680 D/SPRDENG (  162): 36
12-31 22:24:04.680 D/SPRDENG (  162): 38
12-31 22:24:04.680 D/SPRDENG (  162): 38
12-31 22:24:04.680 D/SPRDENG (  162): 30
12-31 22:24:04.680 D/SPRDENG (  162): 38
12-31 22:24:04.680 D/SPRDENG (  162): 34
12-31 22:24:04.680 D/SPRDENG (  162): 37
12-31 22:24:04.680 D/SPRDENG (  162): 63
12-31 22:24:04.680 D/SPRDENG (  162): 36
12-31 22:24:04.680 D/SPRDENG (  162): 37
12-31 22:24:04.680 D/SPRDENG (  162): 38
12-31 22:24:04.680 D/SPRDENG (  162): 36
12-31 22:24:04.680 D/SPRDENG (  162): 38
12-31 22:24:04.680 D/SPRDENG (  162): 37
12-31 22:24:04.680 D/SPRDENG (  162): 37
12-31 22:24:04.680 D/SPRDENG (  162): 62
12-31 22:24:04.680 D/SPRDENG (  162): 36
12-31 22:24:04.680 D/SPRDENG (  162): 38
12-31 22:24:04.680 D/SPRDENG (  162): 37
12-31 22:24:04.680 D/SPRDENG (  162): 65
12-31 22:24:04.680 D/SPRDENG (  162): 37
12-31 22:24:04.680 D/SPRDENG (  162): 65
12-31 22:24:04.680 D/SPRDENG (  162): 38
12-31 22:24:04.680 D/SPRDENG (  162): 30
12-31 22:24:04.680 D/SPRDENG (  162): 35
12-31 22:24:04.680 D/SPRDENG (  162): 65
12-31 22:24:04.680 D/SPRDENG (  162): 38
12-31 22:24:04.680 D/SPRDENG (  162): 30
12-31 22:24:04.680 D/SPRDENG (  162): 61
12-31 22:24:04.680 D/SPRDENG (  162): 38
12-31 22:24:04.680 D/SPRDENG (  162): 37
12-31 22:24:04.680 D/SPRDENG (  162): 63
12-31 22:24:04.680 D/SPRDENG (  162): 36
12-31 22:24:04.680 D/SPRDENG (  162): 37
12-31 22:24:04.680 D/SPRDENG (  162): 37
12-31 22:24:04.680 D/SPRDENG (  162): 65
12-31 22:24:04.680 D/SPRDENG (  162): 37
12-31 22:24:04.680 D/SPRDENG (  162): 66
12-31 22:24:04.680 D/SPRDENG (  162): 37
12-31 22:24:04.680 D/SPRDENG (  162): 65
12-31 22:24:04.680 D/SPRDENG (  162): 36
12-31 22:24:04.680 D/SPRDENG (  162): 61
12-31 22:24:04.680 D/SPRDENG (  162): 37
12-31 22:24:04.680 D/SPRDENG (  162): 66
12-31 22:24:04.680 D/SPRDENG (  162): 37
12-31 22:24:04.680 D/SPRDENG (  162): 64
12-31 22:24:04.680 D/SPRDENG (  162): 37
12-31 22:24:04.680 D/SPRDENG (  162): 65
12-31 22:24:04.680 D/SPRDENG (  162): 36
12-31 22:24:04.680 D/SPRDENG (  162): 63
12-31 22:24:04.680 D/SPRDENG (  162): 38
12-31 22:24:04.680 D/SPRDENG (  162): 30
12-31 22:24:04.680 D/SPRDENG (  162): 38
12-31 22:24:04.680 D/SPRDENG (  162): 30
12-31 22:24:04.680 D/SPRDENG (  162): 37
12-31 22:24:04.680 D/SPRDENG (  162): 65
12-31 22:24:04.680 D/SPRDENG (  162): 36
12-31 22:24:04.680 D/SPRDENG (  162): 61
12-31 22:24:04.680 D/SPRDENG (  162): 38
12-31 22:24:04.680 D/SPRDENG (  162): 32
12-31 22:24:04.680 D/SPRDENG (  162): 38
12-31 22:24:04.680 D/SPRDENG (  162): 36
12-31 22:24:04.680 D/SPRDENG (  162): 37
12-31 22:24:04.680 D/SPRDENG (  162): 65
12-31 22:24:04.680 D/SPRDENG (  162): 36
12-31 22:24:04.680 D/SPRDENG (  162): 61
12-31 22:24:04.680 D/SPRDENG (  162): 38
12-31 22:24:04.680 D/SPRDENG (  162): 38
12-31 22:24:04.680 D/SPRDENG (  162): 38
12-31 22:24:04.680 D/SPRDENG (  162): 63
12-31 22:24:04.680 D/SPRDENG (  162): 37
12-31 22:24:04.680 D/SPRDENG (  162): 65
12-31 22:24:04.680 D/SPRDENG (  162): 36
12-31 22:24:04.680 D/SPRDENG (  162): 61
12-31 22:24:04.680 D/SPRDENG (  162): 39
12-31 22:24:04.680 D/SPRDENG (  162): 30
12-31 22:24:04.680 D/SPRDENG (  162): 61
12-31 22:24:04.680 D/SPRDENG (  162): 30
12-31 22:24:04.680 D/SPRDENG (  162): 37
12-31 22:24:04.680 D/SPRDENG (  162): 65
12-31 22:24:04.680 D/SPRDENG (  162): 36
12-31 22:24:04.680 D/SPRDENG (  162): 61
12-31 22:24:04.680 D/SPRDENG (  162): 1a
12-31 22:24:04.680 D/SPRDENG (  162): eng_modem2server: use SIM1 /dev/CHNPTY13
12-31 22:24:04.680 D/SPRDENG (  162): AT < 
12-31 22:24:04.680 D/SPRDENG (  162): OK
12-31 22:24:04.680 D/SPRDENG (  162): 
12-31 22:24:04.690 E/        (  100): nvcal_recv_from_modem: Receive 1 Modem Response
12-31 22:24:04.690 E/        (  100): write_rf_nvconf_cmd: wifi recv_num =6, response=[
12-31 22:24:04.690 E/        (  100): OK
12-31 22:24:04.690 E/        (  100): ]
12-31 22:24:04.790 E/        (  100): write_rf_nvconf_cmd
12-31 22:24:04.790 E/        (  100): write_rf_nvconf_cmd: send [39,1,AT+SNVM=1,417]
12-31 22:24:04.790 E/        (  100): write data cmdbuf:[39,1,AT+SNVM=1,417]
12-31 22:24:04.790 E/        (  100): nvcal_send_to_modem
12-31 22:24:04.790 E/        (  100): nvcal_recv_from_modem: Waiting modem response ... fd=7
12-31 22:24:04.790 D/SPRDENG (  162): eng_servermodem_comm: use SIM1 /dev/CHNPTY13
12-31 22:24:04.790 D/SPRDENG (  162): AT > AT+SNVM=1,417
12-31 22:24:04.790 D/SPRDENG (  162): 41
12-31 22:24:04.790 D/SPRDENG (  162): 54
12-31 22:24:04.790 D/SPRDENG (  162): 2b
12-31 22:24:04.790 D/SPRDENG (  162): 53
12-31 22:24:04.790 D/SPRDENG (  162): 4e
12-31 22:24:04.790 D/SPRDENG (  162): 56
12-31 22:24:04.790 D/SPRDENG (  162): 4d
12-31 22:24:04.790 D/SPRDENG (  162): 3d
12-31 22:24:04.790 D/SPRDENG (  162): 31
12-31 22:24:04.790 D/SPRDENG (  162): 2c
12-31 22:24:04.790 D/SPRDENG (  162): 34
12-31 22:24:04.790 D/SPRDENG (  162): 31
12-31 22:24:04.790 D/SPRDENG (  162): 37
12-31 22:24:04.790 D/SPRDENG (  162): eng_modem2server: use SIM1 /dev/CHNPTY13
12-31 22:24:04.790 D/SPRDENG (  162): AT < 
12-31 22:24:04.790 D/SPRDENG (  162): > 
12-31 22:24:04.790 D/SPRDENG (  162): 
12-31 22:24:04.790 E/        (  100): nvcal_recv_from_modem: Receive 1 Modem Response
12-31 22:24:04.790 E/        (  100): recv from modem cmdbuf=[
12-31 22:24:04.790 E/        (  100): > 
12-31 22:24:04.790 E/        (  100): ]
12-31 22:24:04.890 E/        (  100): (strstr(cmdbuf, ">") != NULL)
12-31 22:24:04.890 E/        (  100): write_rf_nvconf_cmd: cmd_len[406], nv_len[400]
12-31 22:24:04.890 E/        (  100): write_rf_nvconf_cmd: cmd_buf:[39,1,1b0050021f00500221005002030050023d0050022000500224005002280050023d0050022000500224005002280050021c1c00001c1c000040020000000000000000000000000000000000000000000000000000000000000000000000000000000000000000000000000000000000000000000000000000bbbec2c61a231c2300000000000000001a231c2300000000000000001b231c2300000000000000001b231c2300000000000000001b231c2300000000000000000000000000000000000000002c000000]
12-31 22:24:04.890 E/        (  100): nvcal_send_to_modem
12-31 22:24:04.890 E/        (  100): nvcal_recv_from_modem: Waiting modem response ... fd=7
12-31 22:24:04.890 D/SPRDENG (  162): eng_servermodem_comm: use SIM1 /dev/CHNPTY13
12-31 22:24:04.890 D/SPRDENG (  162): AT > 1b0050021f00500221005002030050023d0050022000500224005002280050023d0050022000500224005002280050021c1c00001c1c000040020000000000000000000000000000000000000000000000000000000000000000000000000000000000000000000000000000000000000000000000000000bbbec2c61a231c2300000000000000001a231c2300000000000000001b231c2300000000000000001b231c2300000000000000001b231c2300000000000000000000000000000000000000002c000000
12-31 22:24:04.890 D/SPRDENG (  162): 31
12-31 22:24:04.890 D/SPRDENG (  162): 62
12-31 22:24:04.890 D/SPRDENG (  162): 30
12-31 22:24:04.890 D/SPRDENG (  162): 30
12-31 22:24:04.890 D/SPRDENG (  162): 35
12-31 22:24:04.890 D/SPRDENG (  162): 30
12-31 22:24:04.890 D/SPRDENG (  162): 30
12-31 22:24:04.890 D/SPRDENG (  162): 32
12-31 22:24:04.890 D/SPRDENG (  162): 31
12-31 22:24:04.890 D/SPRDENG (  162): 66
12-31 22:24:04.890 D/SPRDENG (  162): 30
12-31 22:24:04.890 D/SPRDENG (  162): 30
12-31 22:24:04.890 D/SPRDENG (  162): 35
12-31 22:24:04.890 D/SPRDENG (  162): 30
12-31 22:24:04.890 D/SPRDENG (  162): 30
12-31 22:24:04.890 D/SPRDENG (  162): 32
12-31 22:24:04.890 D/SPRDENG (  162): 32
12-31 22:24:04.890 D/SPRDENG (  162): 31
12-31 22:24:04.890 D/SPRDENG (  162): 30
12-31 22:24:04.890 D/SPRDENG (  162): 30
12-31 22:24:04.890 D/SPRDENG (  162): 35
12-31 22:24:04.890 D/SPRDENG (  162): 30
12-31 22:24:04.890 D/SPRDENG (  162): 30
12-31 22:24:04.890 D/SPRDENG (  162): 32
12-31 22:24:04.890 D/SPRDENG (  162): 30
12-31 22:24:04.890 D/SPRDENG (  162): 33
12-31 22:24:04.890 D/SPRDENG (  162): 30
12-31 22:24:04.890 D/SPRDENG (  162): 30
12-31 22:24:04.890 D/SPRDENG (  162): 35
12-31 22:24:04.890 D/SPRDENG (  162): 30
12-31 22:24:04.890 D/SPRDENG (  162): 30
12-31 22:24:04.890 D/SPRDENG (  162): 32
12-31 22:24:04.890 D/SPRDENG (  162): 33
12-31 22:24:04.890 D/SPRDENG (  162): 64
12-31 22:24:04.890 D/SPRDENG (  162): 30
12-31 22:24:04.890 D/SPRDENG (  162): 30
12-31 22:24:04.890 D/SPRDENG (  162): 35
12-31 22:24:04.890 D/SPRDENG (  162): 30
12-31 22:24:04.890 D/SPRDENG (  162): 30
12-31 22:24:04.890 D/SPRDENG (  162): 32
12-31 22:24:04.890 D/SPRDENG (  162): 32
12-31 22:24:04.890 D/SPRDENG (  162): 30
12-31 22:24:04.890 D/SPRDENG (  162): 30
12-31 22:24:04.890 D/SPRDENG (  162): 30
12-31 22:24:04.890 D/SPRDENG (  162): 35
12-31 22:24:04.890 D/SPRDENG (  162): 30
12-31 22:24:04.890 D/SPRDENG (  162): 30
12-31 22:24:04.890 D/SPRDENG (  162): 32
12-31 22:24:04.890 D/SPRDENG (  162): 32
12-31 22:24:04.890 D/SPRDENG (  162): 34
12-31 22:24:04.890 D/SPRDENG (  162): 30
12-31 22:24:04.890 D/SPRDENG (  162): 30
12-31 22:24:04.890 D/SPRDENG (  162): 35
12-31 22:24:04.890 D/SPRDENG (  162): 30
12-31 22:24:04.890 D/SPRDENG (  162): 30
12-31 22:24:04.890 D/SPRDENG (  162): 32
12-31 22:24:04.890 D/SPRDENG (  162): 32
12-31 22:24:04.890 D/SPRDENG (  162): 38
12-31 22:24:04.890 D/SPRDENG (  162): 30
12-31 22:24:04.890 D/SPRDENG (  162): 30
12-31 22:24:04.890 D/SPRDENG (  162): 35
12-31 22:24:04.890 D/SPRDENG (  162): 30
12-31 22:24:04.890 D/SPRDENG (  162): 30
12-31 22:24:04.890 D/SPRDENG (  162): 32
12-31 22:24:04.890 D/SPRDENG (  162): 33
12-31 22:24:04.890 D/SPRDENG (  162): 64
12-31 22:24:04.890 D/SPRDENG (  162): 30
12-31 22:24:04.890 D/SPRDENG (  162): 30
12-31 22:24:04.890 D/SPRDENG (  162): 35
12-31 22:24:04.890 D/SPRDENG (  162): 30
12-31 22:24:04.890 D/SPRDENG (  162): 30
12-31 22:24:04.890 D/SPRDENG (  162): 32
12-31 22:24:04.890 D/SPRDENG (  162): 32
12-31 22:24:04.890 D/SPRDENG (  162): 30
12-31 22:24:04.890 D/SPRDENG (  162): 30
12-31 22:24:04.890 D/SPRDENG (  162): 30
12-31 22:24:04.890 D/SPRDENG (  162): 35
12-31 22:24:04.890 D/SPRDENG (  162): 30
12-31 22:24:04.890 D/SPRDENG (  162): 30
12-31 22:24:04.890 D/SPRDENG (  162): 32
12-31 22:24:04.890 D/SPRDENG (  162): 32
12-31 22:24:04.890 D/SPRDENG (  162): 34
12-31 22:24:04.890 D/SPRDENG (  162): 30
12-31 22:24:04.890 D/SPRDENG (  162): 30
12-31 22:24:04.890 D/SPRDENG (  162): 35
12-31 22:24:04.890 D/SPRDENG (  162): 30
12-31 22:24:04.890 D/SPRDENG (  162): 30
12-31 22:24:04.890 D/SPRDENG (  162): 32
12-31 22:24:04.890 D/SPRDENG (  162): 32
12-31 22:24:04.890 D/SPRDENG (  162): 38
12-31 22:24:04.890 D/SPRDENG (  162): 30
12-31 22:24:04.890 D/SPRDENG (  162): 30
12-31 22:24:04.890 D/SPRDENG (  162): 35
12-31 22:24:04.890 D/SPRDENG (  162): 30
12-31 22:24:04.890 D/SPRDENG (  162): 30
12-31 22:24:04.890 D/SPRDENG (  162): 32
12-31 22:24:04.890 D/SPRDENG (  162): 31
12-31 22:24:04.890 D/SPRDENG (  162): 63
12-31 22:24:04.890 D/SPRDENG (  162): 31
12-31 22:24:04.890 D/SPRDENG (  162): 63
12-31 22:24:04.890 D/SPRDENG (  162): 30
12-31 22:24:04.890 D/SPRDENG (  162): 30
12-31 22:24:04.890 D/SPRDENG (  162): 30
12-31 22:24:04.890 D/SPRDENG (  162): 30
12-31 22:24:04.890 D/SPRDENG (  162): 31
12-31 22:24:04.890 D/SPRDENG (  162): 63
12-31 22:24:04.890 D/SPRDENG (  162): 31
12-31 22:24:04.890 D/SPRDENG (  162): 63
12-31 22:24:04.890 D/SPRDENG (  162): 30
12-31 22:24:04.890 D/SPRDENG (  162): 30
12-31 22:24:04.890 D/SPRDENG (  162): 30
12-31 22:24:04.890 D/SPRDENG (  162): 30
12-31 22:24:04.890 D/SPRDENG (  162): 34
12-31 22:24:04.890 D/SPRDENG (  162): 30
12-31 22:24:04.890 D/SPRDENG (  162): 30
12-31 22:24:04.890 D/SPRDENG (  162): 32
12-31 22:24:04.890 D/SPRDENG (  162): 30
12-31 22:24:04.890 D/SPRDENG (  162): 30
12-31 22:24:04.890 D/SPRDENG (  162): 30
12-31 22:24:04.890 D/SPRDENG (  162): 30
12-31 22:24:04.890 D/SPRDENG (  162): 30
12-31 22:24:04.890 D/SPRDENG (  162): 30
12-31 22:24:04.890 D/SPRDENG (  162): 30
12-31 22:24:04.890 D/SPRDENG (  162): 30
12-31 22:24:04.890 D/SPRDENG (  162): 30
12-31 22:24:04.890 D/SPRDENG (  162): 30
12-31 22:24:04.890 D/SPRDENG (  162): 30
12-31 22:24:04.890 D/SPRDENG (  162): 30
12-31 22:24:04.890 D/SPRDENG (  162): 30
12-31 22:24:04.890 D/SPRDENG (  162): 30
12-31 22:24:04.890 D/SPRDENG (  162): 30
12-31 22:24:04.890 D/SPRDENG (  162): 30
12-31 22:24:04.890 D/SPRDENG (  162): 30
12-31 22:24:04.890 D/SPRDENG (  162): 30
12-31 22:24:04.890 D/SPRDENG (  162): 30
12-31 22:24:04.890 D/SPRDENG (  162): 30
12-31 22:24:04.890 D/SPRDENG (  162): 30
12-31 22:24:04.890 D/SPRDENG (  162): 30
12-31 22:24:04.890 D/SPRDENG (  162): 30
12-31 22:24:04.890 D/SPRDENG (  162): 30
12-31 22:24:04.890 D/SPRDENG (  162): 30
12-31 22:24:04.890 D/SPRDENG (  162): 30
12-31 22:24:04.890 D/SPRDENG (  162): 30
12-31 22:24:04.890 D/SPRDENG (  162): 30
12-31 22:24:04.890 D/SPRDENG (  162): 30
12-31 22:24:04.890 D/SPRDENG (  162): 30
12-31 22:24:04.890 D/SPRDENG (  162): 30
12-31 22:24:04.890 D/SPRDENG (  162): 30
12-31 22:24:04.890 D/SPRDENG (  162): 30
12-31 22:24:04.890 D/SPRDENG (  162): 30
12-31 22:24:04.890 D/SPRDENG (  162): 30
12-31 22:24:04.890 D/SPRDENG (  162): 30
12-31 22:24:04.890 D/SPRDENG (  162): 30
12-31 22:24:04.890 D/SPRDENG (  162): 30
12-31 22:24:04.890 D/SPRDENG (  162): 30
12-31 22:24:04.890 D/SPRDENG (  162): 30
12-31 22:24:04.890 D/SPRDENG (  162): 30
12-31 22:24:04.890 D/SPRDENG (  162): 30
12-31 22:24:04.890 D/SPRDENG (  162): 30
12-31 22:24:04.890 D/SPRDENG (  162): 30
12-31 22:24:04.890 D/SPRDENG (  162): 30
12-31 22:24:04.890 D/SPRDENG (  162): 30
12-31 22:24:04.890 D/SPRDENG (  162): 30
12-31 22:24:04.890 D/SPRDENG (  162): 30
12-31 22:24:04.890 D/SPRDENG (  162): 30
12-31 22:24:04.890 D/SPRDENG (  162): 30
12-31 22:24:04.890 D/SPRDENG (  162): 30
12-31 22:24:04.890 D/SPRDENG (  162): 30
12-31 22:24:04.890 D/SPRDENG (  162): 30
12-31 22:24:04.890 D/SPRDENG (  162): 30
12-31 22:24:04.890 D/SPRDENG (  162): 30
12-31 22:24:04.890 D/SPRDENG (  162): 30
12-31 22:24:04.890 D/SPRDENG (  162): 30
12-31 22:24:04.890 D/SPRDENG (  162): 30
12-31 22:24:04.890 D/SPRDENG (  162): 30
12-31 22:24:04.890 D/SPRDENG (  162): 30
12-31 22:24:04.890 D/SPRDENG (  162): 30
12-31 22:24:04.890 D/SPRDENG (  162): 30
12-31 22:24:04.890 D/SPRDENG (  162): 30
12-31 22:24:04.890 D/SPRDENG (  162): 30
12-31 22:24:04.890 D/SPRDENG (  162): 30
12-31 22:24:04.890 D/SPRDENG (  162): 30
12-31 22:24:04.890 D/SPRDENG (  162): 30
12-31 22:24:04.890 D/SPRDENG (  162): 30
12-31 22:24:04.890 D/SPRDENG (  162): 30
12-31 22:24:04.890 D/SPRDENG (  162): 30
12-31 22:24:04.890 D/SPRDENG (  162): 30
12-31 22:24:04.890 D/SPRDENG (  162): 30
12-31 22:24:04.890 D/SPRDENG (  162): 30
12-31 22:24:04.890 D/SPRDENG (  162): 30
12-31 22:24:04.890 D/SPRDENG (  162): 30
12-31 22:24:04.890 D/SPRDENG (  162): 30
12-31 22:24:04.890 D/SPRDENG (  162): 30
12-31 22:24:04.890 D/SPRDENG (  162): 30
12-31 22:24:04.890 D/SPRDENG (  162): 30
12-31 22:24:04.890 D/SPRDENG (  162): 30
12-31 22:24:04.890 D/SPRDENG (  162): 30
12-31 22:24:04.890 D/SPRDENG (  162): 30
12-31 22:24:04.890 D/SPRDENG (  162): 30
12-31 22:24:04.890 D/SPRDENG (  162): 30
12-31 22:24:04.890 D/SPRDENG (  162): 30
12-31 22:24:04.890 D/SPRDENG (  162): 30
12-31 22:24:04.890 D/SPRDENG (  162): 30
12-31 22:24:04.890 D/SPRDENG (  162): 30
12-31 22:24:04.890 D/SPRDENG (  162): 30
12-31 22:24:04.890 D/SPRDENG (  162): 30
12-31 22:24:04.890 D/SPRDENG (  162): 30
12-31 22:24:04.890 D/SPRDENG (  162): 30
12-31 22:24:04.890 D/SPRDENG (  162): 30
12-31 22:24:04.890 D/SPRDENG (  162): 30
12-31 22:24:04.890 D/SPRDENG (  162): 30
12-31 22:24:04.890 D/SPRDENG (  162): 30
12-31 22:24:04.890 D/SPRDENG (  162): 30
12-31 22:24:04.890 D/SPRDENG (  162): 30
12-31 22:24:04.890 D/SPRDENG (  162): 30
12-31 22:24:04.890 D/SPRDENG (  162): 30
12-31 22:24:04.890 D/SPRDENG (  162): 30
12-31 22:24:04.890 D/SPRDENG (  162): 30
12-31 22:24:04.890 D/SPRDENG (  162): 30
12-31 22:24:04.890 D/SPRDENG (  162): 30
12-31 22:24:04.890 D/SPRDENG (  162): 30
12-31 22:24:04.890 D/SPRDENG (  162): 30
12-31 22:24:04.890 D/SPRDENG (  162): 30
12-31 22:24:04.890 D/SPRDENG (  162): 30
12-31 22:24:04.890 D/SPRDENG (  162): 30
12-31 22:24:04.890 D/SPRDENG (  162): 30
12-31 22:24:04.890 D/SPRDENG (  162): 30
12-31 22:24:04.890 D/SPRDENG (  162): 30
12-31 22:24:04.890 D/SPRDENG (  162): 30
12-31 22:24:04.890 D/SPRDENG (  162): 30
12-31 22:24:04.890 D/SPRDENG (  162): 30
12-31 22:24:04.890 D/SPRDENG (  162): 30
12-31 22:24:04.890 D/SPRDENG (  162): 30
12-31 22:24:04.890 D/SPRDENG (  162): 30
12-31 22:24:04.890 D/SPRDENG (  162): 30
12-31 22:24:04.890 D/SPRDENG (  162): 30
12-31 22:24:04.890 D/SPRDENG (  162): 30
12-31 22:24:04.890 D/SPRDENG (  162): 30
12-31 22:24:04.890 D/SPRDENG (  162): 30
12-31 22:24:04.890 D/SPRDENG (  162): 30
12-31 22:24:04.890 D/SPRDENG (  162): 62
12-31 22:24:04.890 D/SPRDENG (  162): 62
12-31 22:24:04.890 D/SPRDENG (  162): 62
12-31 22:24:04.890 D/SPRDENG (  162): 65
12-31 22:24:04.890 D/SPRDENG (  162): 63
12-31 22:24:04.890 D/SPRDENG (  162): 32
12-31 22:24:04.890 D/SPRDENG (  162): 63
12-31 22:24:04.890 D/SPRDENG (  162): 36
12-31 22:24:04.890 D/SPRDENG (  162): 31
12-31 22:24:04.890 D/SPRDENG (  162): 61
12-31 22:24:04.890 D/SPRDENG (  162): 32
12-31 22:24:04.890 D/SPRDENG (  162): 33
12-31 22:24:04.890 D/SPRDENG (  162): 31
12-31 22:24:04.890 D/SPRDENG (  162): 63
12-31 22:24:04.890 D/SPRDENG (  162): 32
12-31 22:24:04.890 D/SPRDENG (  162): 33
12-31 22:24:04.890 D/SPRDENG (  162): 30
12-31 22:24:04.890 D/SPRDENG (  162): 30
12-31 22:24:04.890 D/SPRDENG (  162): 30
12-31 22:24:04.890 D/SPRDENG (  162): 30
12-31 22:24:04.890 D/SPRDENG (  162): 30
12-31 22:24:04.890 D/SPRDENG (  162): 30
12-31 22:24:04.890 D/SPRDENG (  162): 30
12-31 22:24:04.890 D/SPRDENG (  162): 30
12-31 22:24:04.890 D/SPRDENG (  162): 30
12-31 22:24:04.890 D/SPRDENG (  162): 30
12-31 22:24:04.890 D/SPRDENG (  162): 30
12-31 22:24:04.890 D/SPRDENG (  162): 30
12-31 22:24:04.890 D/SPRDENG (  162): 30
12-31 22:24:04.890 D/SPRDENG (  162): 30
12-31 22:24:04.890 D/SPRDENG (  162): 30
12-31 22:24:04.890 D/SPRDENG (  162): 30
12-31 22:24:04.890 D/SPRDENG (  162): 31
12-31 22:24:04.890 D/SPRDENG (  162): 61
12-31 22:24:04.890 D/SPRDENG (  162): 32
12-31 22:24:04.890 D/SPRDENG (  162): 33
12-31 22:24:04.890 D/SPRDENG (  162): 31
12-31 22:24:04.890 D/SPRDENG (  162): 63
12-31 22:24:04.890 D/SPRDENG (  162): 32
12-31 22:24:04.890 D/SPRDENG (  162): 33
12-31 22:24:04.890 D/SPRDENG (  162): 30
12-31 22:24:04.890 D/SPRDENG (  162): 30
12-31 22:24:04.890 D/SPRDENG (  162): 30
12-31 22:24:04.890 D/SPRDENG (  162): 30
12-31 22:24:04.890 D/SPRDENG (  162): 30
12-31 22:24:04.890 D/SPRDENG (  162): 30
12-31 22:24:04.890 D/SPRDENG (  162): 30
12-31 22:24:04.890 D/SPRDENG (  162): 30
12-31 22:24:04.890 D/SPRDENG (  162): 30
12-31 22:24:04.890 D/SPRDENG (  162): 30
12-31 22:24:04.890 D/SPRDENG (  162): 30
12-31 22:24:04.890 D/SPRDENG (  162): 30
12-31 22:24:04.890 D/SPRDENG (  162): 30
12-31 22:24:04.890 D/SPRDENG (  162): 30
12-31 22:24:04.890 D/SPRDENG (  162): 30
12-31 22:24:04.890 D/SPRDENG (  162): 30
12-31 22:24:04.890 D/SPRDENG (  162): 31
12-31 22:24:04.890 D/SPRDENG (  162): 62
12-31 22:24:04.890 D/SPRDENG (  162): 32
12-31 22:24:04.890 D/SPRDENG (  162): 33
12-31 22:24:04.890 D/SPRDENG (  162): 31
12-31 22:24:04.890 D/SPRDENG (  162): 63
12-31 22:24:04.890 D/SPRDENG (  162): 32
12-31 22:24:04.890 D/SPRDENG (  162): 33
12-31 22:24:04.890 D/SPRDENG (  162): 30
12-31 22:24:04.890 D/SPRDENG (  162): 30
12-31 22:24:04.890 D/SPRDENG (  162): 30
12-31 22:24:04.890 D/SPRDENG (  162): 30
12-31 22:24:04.890 D/SPRDENG (  162): 30
12-31 22:24:04.890 D/SPRDENG (  162): 30
12-31 22:24:04.890 D/SPRDENG (  162): 30
12-31 22:24:04.890 D/SPRDENG (  162): 30
12-31 22:24:04.890 D/SPRDENG (  162): 30
12-31 22:24:04.890 D/SPRDENG (  162): 30
12-31 22:24:04.890 D/SPRDENG (  162): 30
12-31 22:24:04.890 D/SPRDENG (  162): 30
12-31 22:24:04.890 D/SPRDENG (  162): 30
12-31 22:24:04.890 D/SPRDENG (  162): 30
12-31 22:24:04.890 D/SPRDENG (  162): 30
12-31 22:24:04.890 D/SPRDENG (  162): 30
12-31 22:24:04.890 D/SPRDENG (  162): 31
12-31 22:24:04.890 D/SPRDENG (  162): 62
12-31 22:24:04.890 D/SPRDENG (  162): 32
12-31 22:24:04.890 D/SPRDENG (  162): 33
12-31 22:24:04.890 D/SPRDENG (  162): 31
12-31 22:24:04.890 D/SPRDENG (  162): 63
12-31 22:24:04.890 D/SPRDENG (  162): 32
12-31 22:24:04.890 D/SPRDENG (  162): 33
12-31 22:24:04.890 D/SPRDENG (  162): 30
12-31 22:24:04.890 D/SPRDENG (  162): 30
12-31 22:24:04.890 D/SPRDENG (  162): 30
12-31 22:24:04.890 D/SPRDENG (  162): 30
12-31 22:24:04.890 D/SPRDENG (  162): 30
12-31 22:24:04.890 D/SPRDENG (  162): 30
12-31 22:24:04.890 D/SPRDENG (  162): 30
12-31 22:24:04.890 D/SPRDENG (  162): 30
12-31 22:24:04.890 D/SPRDENG (  162): 30
12-31 22:24:04.890 D/SPRDENG (  162): 30
12-31 22:24:04.890 D/SPRDENG (  162): 30
12-31 22:24:04.890 D/SPRDENG (  162): 30
12-31 22:24:04.890 D/SPRDENG (  162): 30
12-31 22:24:04.890 D/SPRDENG (  162): 30
12-31 22:24:04.890 D/SPRDENG (  162): 30
12-31 22:24:04.890 D/SPRDENG (  162): 30
12-31 22:24:04.890 D/SPRDENG (  162): 31
12-31 22:24:04.890 D/SPRDENG (  162): 62
12-31 22:24:04.890 D/SPRDENG (  162): 32
12-31 22:24:04.890 D/SPRDENG (  162): 33
12-31 22:24:04.890 D/SPRDENG (  162): 31
12-31 22:24:04.890 D/SPRDENG (  162): 63
12-31 22:24:04.890 D/SPRDENG (  162): 32
12-31 22:24:04.890 D/SPRDENG (  162): 33
12-31 22:24:04.890 D/SPRDENG (  162): 30
12-31 22:24:04.890 D/SPRDENG (  162): 30
12-31 22:24:04.890 D/SPRDENG (  162): 30
12-31 22:24:04.890 D/SPRDENG (  162): 30
12-31 22:24:04.890 D/SPRDENG (  162): 30
12-31 22:24:04.890 D/SPRDENG (  162): 30
12-31 22:24:04.890 D/SPRDENG (  162): 30
12-31 22:24:04.890 D/SPRDENG (  162): 30
12-31 22:24:04.890 D/SPRDENG (  162): 30
12-31 22:24:04.890 D/SPRDENG (  162): 30
12-31 22:24:04.890 D/SPRDENG (  162): 30
12-31 22:24:04.890 D/SPRDENG (  162): 30
12-31 22:24:04.890 D/SPRDENG (  162): 30
12-31 22:24:04.890 D/SPRDENG (  162): 30
12-31 22:24:04.890 D/SPRDENG (  162): 30
12-31 22:24:04.890 D/SPRDENG (  162): 30
12-31 22:24:04.890 D/SPRDENG (  162): 30
12-31 22:24:04.890 D/SPRDENG (  162): 30
12-31 22:24:04.890 D/SPRDENG (  162): 30
12-31 22:24:04.890 D/SPRDENG (  162): 30
12-31 22:24:04.890 D/SPRDENG (  162): 30
12-31 22:24:04.890 D/SPRDENG (  162): 30
12-31 22:24:04.890 D/SPRDENG (  162): 30
12-31 22:24:04.890 D/SPRDENG (  162): 30
12-31 22:24:04.890 D/SPRDENG (  162): 30
12-31 22:24:04.890 D/SPRDENG (  162): 30
12-31 22:24:04.890 D/SPRDENG (  162): 30
12-31 22:24:04.890 D/SPRDENG (  162): 30
12-31 22:24:04.890 D/SPRDENG (  162): 30
12-31 22:24:04.890 D/SPRDENG (  162): 30
12-31 22:24:04.890 D/SPRDENG (  162): 30
12-31 22:24:04.890 D/SPRDENG (  162): 30
12-31 22:24:04.890 D/SPRDENG (  162): 30
12-31 22:24:04.890 D/SPRDENG (  162): 30
12-31 22:24:04.890 D/SPRDENG (  162): 30
12-31 22:24:04.890 D/SPRDENG (  162): 30
12-31 22:24:04.890 D/SPRDENG (  162): 30
12-31 22:24:04.890 D/SPRDENG (  162): 30
12-31 22:24:04.890 D/SPRDENG (  162): 30
12-31 22:24:04.890 D/SPRDENG (  162): 30
12-31 22:24:04.890 D/SPRDENG (  162): 32
12-31 22:24:04.890 D/SPRDENG (  162): 63
12-31 22:24:04.890 D/SPRDENG (  162): 30
12-31 22:24:04.890 D/SPRDENG (  162): 30
12-31 22:24:04.890 D/SPRDENG (  162): 30
12-31 22:24:04.890 D/SPRDENG (  162): 30
12-31 22:24:04.890 D/SPRDENG (  162): 30
12-31 22:24:04.890 D/SPRDENG (  162): 30
12-31 22:24:04.890 D/SPRDENG (  162): 1a
12-31 22:24:04.890 D/SPRDENG (  162): eng_modem2server: use SIM1 /dev/CHNPTY13
12-31 22:24:04.890 D/SPRDENG (  162): AT < 
12-31 22:24:04.890 D/SPRDENG (  162): OK
12-31 22:24:04.890 D/SPRDENG (  162): 
12-31 22:24:04.890 E/        (  100): nvcal_recv_from_modem: Receive 1 Modem Response
12-31 22:24:04.890 E/        (  100): write_rf_nvconf_cmd: wifi recv_num =6, response=[
12-31 22:24:04.890 E/        (  100): OK
12-31 22:24:04.890 E/        (  100): ]
12-31 22:24:04.990 E/eng_rf_nv_update(  100): [set_rf_nvconf]: NV updated OK!
12-31 22:24:05.000 E/eng_rf_nv_update(  100): [save_rf_nv_to_bak_file] NV data save to bake file OK
12-31 22:24:05.000 E/eng_rf_nv_update(  100): [eng_rf_nv_update]: end eng rf nv update!
12-31 22:24:05.000 I/logwrapper(   80): /system/bin/eng_rf_nv_update terminated by exit(0)
12-31 22:24:05.470 I/power   (   81): *** set_screen_state 1
12-31 22:24:05.470 D/Sensors (   81): activate handle=3; drv=1
12-31 22:24:05.470 D/Sensors (   81): SensorTMD2771::setEnable=0= en=1; newState=1; what=0; mEnabled=0
12-31 22:24:05.580 D/Sensors (   81): taos ---Light::TAOS_IOCTL_ALS_ON=== err=0
12-31 22:24:05.580 D/Sensors (   81): SensorTMD2771::setEnable=1= en=1; newState=1; what=0; mEnabled=1
12-31 22:24:05.580 D/Sensors (   81): SensorTMD2771::getEnable===mEnabled=0x1; enable=1
12-31 22:24:05.600 I/GeckoDump(   81): XXX FIXME : Got a mozContentEvent: nfc-hardware-state-change
12-31 22:24:05.620 I/GeckoDump(   81): XXX FIXME : Got a mozContentEvent: system-message-listener-ready
12-31 22:24:05.680 I/Gecko:ProcessPriorityManager(   81): [(Preallocated), child-id=2, pid=374] Creating ParticularProcessPriorityManager.
12-31 22:24:05.680 I/Gecko:ProcessPriorityManager(   81): [(Preallocated), child-id=2, pid=374] Done starting up.  mHoldsCPUWakeLock=0, mHoldsHighPriorityWakeLock=0
12-31 22:24:05.680 I/Gecko:ProcessPriorityManager(   81): [(Preallocated), child-id=2, pid=374] Changing priority from UNKNOWN:CPU_NORMAL to MASTER:CPU_NORMAL.
12-31 22:24:05.680 I/Gonk    (   81): Setting nice for pid 374 to 0
12-31 22:24:05.680 I/Gonk    (   81): Changed nice for pid 374 from 0 to 0.
12-31 22:24:06.070 D/Sensors (   81): SensorTMD2771::readEvents()======data_fd=53,count=16
12-31 22:24:06.070 D/Sensors (   81): SensorTMD2771::processEvent()=====code=40::value=64 
12-31 22:24:06.070 D/Sensors (   81): SensorTMD2771: mPendingEvents[Light].light = 64.000000
12-31 22:24:06.300 I/Gecko   (   81): 1325388246305	Marionette	INFO	loaded marionette-listener.js
12-31 22:24:06.300 I/Gecko   (   81): 1325388246307	Marionette	INFO	sendToClient: {"from":"0","value":"3-b2g"}, {6d7b4244-9faa-49b8-b3ab-a1b4ee489974}, {6d7b4244-9faa-49b8-b3ab-a1b4ee489974}
12-31 22:24:06.480 E/GeckoConsole(   81): [JavaScript Error: "TypeError: widgetFrame is undefined" {file: "app://system.gaiamobile.org/js/cost_control.js" line: 119}]
12-31 22:24:06.840 I/Gecko   (   81): 1325388246852	Marionette	INFO	sendToClient: {"from":"0","value":{"ELEMENT":"{2616d350-0b7a-4a38-924e-6207afdee3bc}"}}, {b762c50c-a219-44b1-b5ac-c9ee7f6122ad}, {b762c50c-a219-44b1-b5ac-c9ee7f6122ad}
12-31 22:24:06.920 I/Gecko   (   81): 1325388246925	Marionette	INFO	sendToClient: {"from":"0","value":false}, {dd2fcfba-8212-46db-94e4-0a5fd7e7f17c}, {dd2fcfba-8212-46db-94e4-0a5fd7e7f17c}
12-31 22:24:07.090 I/Gecko   (   81): 1325388247100	Marionette	INFO	sendToClient: {"from":"0","value":{"ELEMENT":"{2616d350-0b7a-4a38-924e-6207afdee3bc}"}}, {ebd5227e-6a0f-4ec2-96d9-cf433508cb8f}, {ebd5227e-6a0f-4ec2-96d9-cf433508cb8f}
12-31 22:24:07.180 I/Gecko   (   81): 1325388247190	Marionette	INFO	sendToClient: {"from":"0","value":false}, {f6e02ed9-4371-4b81-9da9-6aed15762c9b}, {f6e02ed9-4371-4b81-9da9-6aed15762c9b}
12-31 22:24:07.310 I/Gecko   (   81): 1325388247316	Marionette	INFO	sendToClient: {"from":"0","value":{"ELEMENT":"{2616d350-0b7a-4a38-924e-6207afdee3bc}"}}, {9e732858-c0ac-4ecb-8d3a-f179b6623ab7}, {9e732858-c0ac-4ecb-8d3a-f179b6623ab7}
12-31 22:24:07.360 I/Gecko   (   81): 1325388247369	Marionette	INFO	sendToClient: {"from":"0","value":false}, {f8efbd69-2a69-4c25-9e11-28e29fef4731}, {f8efbd69-2a69-4c25-9e11-28e29fef4731}
12-31 22:24:07.400 E/WifiHW  (   81): Leo ensure_config_file_exists config_file=/data/misc/wifi/wpa_supplicant.conf
12-31 22:24:07.400 E/WifiHW  (   81): daemon_cmd=wpa_supplicant:-iwlan0 -c/data/misc/wifi/wpa_supplicant.conf
12-31 22:24:07.420 E/WifiHW  (   81): Unable to open connection to supplicant on "wlan0": No such file or directory
12-31 22:24:07.610 I/GeckoDump(   81): XXX FIXME : Got a mozContentEvent: accessibility-screenreader
12-31 22:24:07.720 I/GeckoDump(   81): XXX FIXME : Got a mozContentEvent: nfc-hardware-state-change
12-31 22:24:08.370 I/Gecko   (   81): 1325388248374	Marionette	INFO	sendToClient: {"from":"0","value":{"ELEMENT":"{2616d350-0b7a-4a38-924e-6207afdee3bc}"}}, {197a68ac-dfcc-47c0-a680-3c822d5720e6}, {197a68ac-dfcc-47c0-a680-3c822d5720e6}
12-31 22:24:08.500 I/Gecko   (   81): 1325388248507	Marionette	INFO	sendToClient: {"from":"0","value":true}, {f472d9ec-835e-4741-b568-cac2caddf170}, {f472d9ec-835e-4741-b568-cac2caddf170}
12-31 22:24:08.810 I/FMRadio (   81): FMRadio is initialized.
12-31 22:24:08.840 E/GeckoConsole(   81): Content JS ERROR at app://system.gaiamobile.org/js/telephony_settings.js:23 in set_vpm_error: Error setting voice privacy.
12-31 22:24:08.840 E/GeckoConsole(   81): Content JS ERROR at app://system.gaiamobile.org/js/telephony_settings.js:23 in set_vpm_error: Error setting voice privacy.
12-31 22:24:08.970 E/GeckoConsole(   81): Content JS ERROR at app://system.gaiamobile.org/js/telephony_settings.js:42 in set_vpm_error: Error roaming preference.
12-31 22:24:08.970 E/GeckoConsole(   81): Content JS ERROR at app://system.gaiamobile.org/js/telephony_settings.js:42 in set_vpm_error: Error roaming preference.
12-31 22:24:09.270 I/Gecko:ProcessPriorityManager(   81): [Homescreen, child-id=2, pid=374] Changing priority from MASTER:CPU_NORMAL to FOREGROUND:CPU_NORMAL.
12-31 22:24:09.270 I/Gonk    (   81): Setting nice for pid 374 to 1
12-31 22:24:09.270 I/Gonk    (   81): Changed nice for pid 374 from 0 to 1.
12-31 22:24:09.270 I/Gecko:ProcessPriorityManager(   81): Making background LRU pool with size(3)
12-31 22:24:09.270 I/Gecko:ProcessPriorityManager(   81): KillBackgroundApps
12-31 22:24:09.270 I/Gecko   (   81): [Parent 81] WARNING: waitpid failed pid:374 errno:10: file /var/lib/jenkins/jobs/B2G.v1.3.0.Tarako/workspace/gecko/ipc/chromium/src/base/process_util_posix.cc, line 254
12-31 22:24:09.530 E/[Gralloc-ERROR](   81): int gralloc_register_buffer(const gralloc_module_t*, const native_handle_t*):79 Unable to register handle 0x46542fb0 coming from different process: 81
12-31 22:24:09.530 E/[Gralloc-ERROR](   81): int gralloc_register_buffer(const gralloc_module_t*, const native_handle_t*):79 Unable to register handle 0x46592d80 coming from different process: 81
12-31 22:24:09.680 E/[Gralloc-ERROR](   81): int gralloc_register_buffer(const gralloc_module_t*, const native_handle_t*):79 Unable to register handle 0x46592fb0 coming from different process: 81
12-31 22:24:09.680 E/[Gralloc-ERROR](   81): int gralloc_register_buffer(const gralloc_module_t*, const native_handle_t*):79 Unable to register handle 0x4712bec0 coming from different process: 81
12-31 22:24:10.010 I/GeckoDump(   81): XXX FIXME : Got a mozContentEvent: inputmethod-update-layouts
12-31 22:24:10.220 I/Gecko   (   81): ############################### browserElementPanning.js loaded
12-31 22:24:10.310 I/Gecko   (   81): ######################## BrowserElementChildPreload.js loaded
12-31 22:24:10.460 I/GeckoDump(   81): XXX FIXME : Got a mozContentEvent: inputmethod-update-layouts
12-31 22:24:11.400 E/GeckoConsole(   81): [JavaScript Warning: "Error in parsing value for 'font-weight'.  Declaration dropped." {file: "app://keyboard.gaiamobile.org/style/keyboard.css" line: 132 column: 15 source: "  font-weight: medium;"}]
12-31 22:24:11.510 I/Gecko   (   81): 1325388251516	Marionette	INFO	sendToClient: {"from":"0","ok":true}, {46e162ad-576a-429b-8bfe-520c3a20d68c}, {46e162ad-576a-429b-8bfe-520c3a20d68c}
12-31 22:24:11.550 I/Gecko   (   81): 1325388251554	Marionette	DEBUG	Got request: switchToFrame, data: {"to":"0","sessionId":"3-b2g","name":"switchToFrame","parameters":{"id":null,"focus":true}}, id: {20a05723-16e3-4abb-afb9-322e7741d854}
12-31 22:24:11.560 I/Gecko   (   81): 1325388251564	Marionette	INFO	Switched to frame: {"frameValue":null}
12-31 22:24:11.730 I/Gecko   (   81): 1325388251742	Marionette	INFO	sendToClient: {"from":"0","ok":true}, {20a05723-16e3-4abb-afb9-322e7741d854}, {20a05723-16e3-4abb-afb9-322e7741d854}
12-31 22:24:11.750 I/Gecko   (  374): ###################################### forms.js loaded
12-31 22:24:11.750 I/Gecko   (   81): 1325388251763	Marionette	DEBUG	Got request: executeWithCallback, data: {"to":"0","sessionId":"3-b2g","name":"executeAsyncScript","parameters":{"specialPowers":false,"scriptTimeout":null,"newSandbox":true,"args":[],"filename":"gaia_test.py","script":"GaiaLockScreen.unlock()","line":810}}, id: {b3fb27a6-bc99-49a0-887a-6314d7a1c8e1}
12-31 22:24:11.860 I/Gecko   (  374): ############################### browserElementPanning.js loaded
12-31 22:24:12.050 I/Gecko   (   81): 1325388252061	Marionette	INFO	sendToClient: {"from":"0","value":{"passed":0,"failed":0,"failures":[]}}, {b3fb27a6-bc99-49a0-887a-6314d7a1c8e1}, {b3fb27a6-bc99-49a0-887a-6314d7a1c8e1}
12-31 22:24:12.270 E/Profiler(   81): BPUnw: [1 total] thread_unregister_for_profiling(me=0x1710038)  (NOT REGISTERED) 
12-31 22:24:12.690 E/[Gralloc-ERROR](   81): int gralloc_register_buffer(const gralloc_module_t*, const native_handle_t*):79 Unable to register handle 0x472166f0 coming from different process: 81
12-31 22:24:12.700 I/Gecko   (  374): ######################## BrowserElementChildPreload.js loaded
12-31 22:24:12.710 E/[Gralloc-ERROR](   81): int gralloc_register_buffer(const gralloc_module_t*, const native_handle_t*):79 Unable to register handle 0x47216b00 coming from different process: 81
12-31 22:24:12.790 E/[Gralloc-ERROR](   81): int gralloc_register_buffer(const gralloc_module_t*, const native_handle_t*):79 Unable to register handle 0x47216c40 coming from different process: 81
12-31 22:24:12.810 E/[Gralloc-ERROR](   81): int gralloc_register_buffer(const gralloc_module_t*, const native_handle_t*):79 Unable to register handle 0x47244650 coming from different process: 81
12-31 22:24:12.830 E/[Gralloc-ERROR](   81): int gralloc_register_buffer(const gralloc_module_t*, const native_handle_t*):79 Unable to register handle 0x472e26a0 coming from different process: 81
12-31 22:24:12.840 E/[Gralloc-ERROR](   81): int gralloc_register_buffer(const gralloc_module_t*, const native_handle_t*):79 Unable to register handle 0x472e2790 coming from different process: 81
12-31 22:24:12.990 E/[Gralloc-ERROR](   81): int gralloc_unregister_buffer(const gralloc_module_t*, const native_handle_t*):274 Trying to unregister buffer 0x4712bec0 from process 81 that was not created in current process: 81
12-31 22:24:12.990 E/[Gralloc-ERROR](   81): int gralloc_unregister_buffer(const gralloc_module_t*, const native_handle_t*):274 Trying to unregister buffer 0x46592fb0 from process 81 that was not created in current process: 81
12-31 22:24:13.000 W/WifiHW  (   81): wifi_command: LOG_LEVEL
12-31 22:24:13.010 W/WifiHW  (   81): wifi_command: STATUS
12-31 22:24:13.010 I/Gecko   (   81): 1325388253017	Marionette	INFO	sendToClient: {"from":"0","ok":true}, {2a2febb9-cffd-4fc0-82a2-02710e7d636b}, {2a2febb9-cffd-4fc0-82a2-02710e7d636b}
12-31 22:24:13.030 I/GeckoDump(   81): XXX FIXME : Got a mozContentEvent: nfc-hardware-state-change
12-31 22:24:13.050 I/GeckoDump(   81): XXX FIXME : Got a mozContentEvent: nfc-hardware-state-change
12-31 22:24:13.200 W/WifiHW  (   81): wifi_command: GET_NETWORK 3 ssid
12-31 22:24:13.200 W/WifiHW  (   81): wifi_command: GET_NETWORK 3 bssid
12-31 22:24:13.200 W/WifiHW  (   81): wifi_command: GET_NETWORK 3 psk
12-31 22:24:13.210 W/WifiHW  (   81): wifi_command: GET_NETWORK 3 wep_key0
12-31 22:24:13.210 W/WifiHW  (   81): wifi_command: GET_NETWORK 3 wep_key1
12-31 22:24:13.220 W/WifiHW  (   81): wifi_command: GET_NETWORK 3 wep_key2
12-31 22:24:13.220 W/WifiHW  (   81): wifi_command: GET_NETWORK 3 wep_key3
12-31 22:24:13.220 W/WifiHW  (   81): wifi_command: GET_NETWORK 3 wep_tx_keyidx
12-31 22:24:13.220 W/WifiHW  (   81): wifi_command: GET_NETWORK 3 priority
12-31 22:24:13.220 W/WifiHW  (   81): wifi_command: GET_NETWORK 3 key_mgmt
12-31 22:24:13.220 W/WifiHW  (   81): wifi_command: GET_NETWORK 3 scan_ssid
12-31 22:24:13.220 W/WifiHW  (   81): wifi_command: GET_NETWORK 3 disabled
12-31 22:24:13.220 W/WifiHW  (   81): wifi_command: GET_NETWORK 3 identity
12-31 22:24:13.230 W/WifiHW  (   81): wifi_command: GET_NETWORK 3 password
12-31 22:24:13.230 W/WifiHW  (   81): wifi_command: GET_NETWORK 3 auth_alg
12-31 22:24:13.230 W/WifiHW  (   81): wifi_command: GET_NETWORK 3 phase1
12-31 22:24:13.230 W/WifiHW  (   81): wifi_command: GET_NETWORK 3 phase2
12-31 22:24:13.230 W/WifiHW  (   81): wifi_command: GET_NETWORK 3 eap
12-31 22:24:13.240 W/WifiHW  (   81): wifi_command: GET_NETWORK 3 pin
12-31 22:24:13.240 W/WifiHW  (   81): wifi_command: GET_NETWORK 3 pcsc
12-31 22:24:13.240 W/WifiHW  (   81): wifi_command: SIGNAL_POLL
12-31 22:24:13.240 W/WifiHW  (   81): wifi_command: GET_NETWORK 3 ssid
12-31 22:24:13.250 W/WifiHW  (   81): wifi_command: GET_NETWORK 3 bssid
12-31 22:24:13.250 W/WifiHW  (   81): wifi_command: GET_NETWORK 3 psk
12-31 22:24:13.250 W/WifiHW  (   81): wifi_command: GET_NETWORK 3 wep_key0
12-31 22:24:13.250 W/WifiHW  (   81): wifi_command: GET_NETWORK 3 wep_key1
12-31 22:24:13.250 W/WifiHW  (   81): wifi_command: GET_NETWORK 3 wep_key2
12-31 22:24:13.270 W/WifiHW  (   81): wifi_command: GET_NETWORK 3 wep_key3
12-31 22:24:13.280 W/WifiHW  (   81): wifi_command: GET_NETWORK 3 wep_tx_keyidx
12-31 22:24:13.280 W/WifiHW  (   81): wifi_command: GET_NETWORK 3 priority
12-31 22:24:13.280 W/WifiHW  (   81): wifi_command: GET_NETWORK 3 key_mgmt
12-31 22:24:13.280 W/WifiHW  (   81): wifi_command: GET_NETWORK 3 scan_ssid
12-31 22:24:13.290 W/WifiHW  (   81): wifi_command: GET_NETWORK 3 disabled
12-31 22:24:13.290 W/WifiHW  (   81): wifi_command: GET_NETWORK 3 identity
12-31 22:24:13.290 W/WifiHW  (   81): wifi_command: GET_NETWORK 3 password
12-31 22:24:13.290 W/WifiHW  (   81): wifi_command: GET_NETWORK 3 auth_alg
12-31 22:24:13.290 W/WifiHW  (   81): wifi_command: GET_NETWORK 3 phase1
12-31 22:24:13.290 W/WifiHW  (   81): wifi_command: GET_NETWORK 3 phase2
12-31 22:24:13.300 W/WifiHW  (   81): wifi_command: GET_NETWORK 3 eap
12-31 22:24:13.300 W/WifiHW  (   81): wifi_command: GET_NETWORK 3 pin
12-31 22:24:13.300 W/WifiHW  (   81): wifi_command: GET_NETWORK 3 pcsc
12-31 22:24:13.300 W/WifiHW  (   81): wifi_command: LIST_NETWORKS
12-31 22:24:13.300 W/WifiHW  (   81): wifi_command: DRIVER MACADDR
12-31 22:24:13.530 E/[Gralloc-ERROR](   81): int gralloc_unregister_buffer(const gralloc_module_t*, const native_handle_t*):274 Trying to unregister buffer 0x47216b00 from process 81 that was not created in current process: 81
12-31 22:24:13.530 E/[Gralloc-ERROR](   81): int gralloc_unregister_buffer(const gralloc_module_t*, const native_handle_t*):274 Trying to unregister buffer 0x472166f0 from process 81 that was not created in current process: 81
12-31 22:24:13.530 E/[Gralloc-ERROR](   81): int gralloc_unregister_buffer(const gralloc_module_t*, const native_handle_t*):274 Trying to unregister buffer 0x47244650 from process 81 that was not created in current process: 81
12-31 22:24:13.530 E/[Gralloc-ERROR](   81): int gralloc_unregister_buffer(const gralloc_module_t*, const native_handle_t*):274 Trying to unregister buffer 0x47216c40 from process 81 that was not created in current process: 81
12-31 22:24:13.530 E/[Gralloc-ERROR](   81): int gralloc_unregister_buffer(const gralloc_module_t*, const native_handle_t*):274 Trying to unregister buffer 0x472e2790 from process 81 that was not created in current process: 81
12-31 22:24:13.530 E/[Gralloc-ERROR](   81): int gralloc_unregister_buffer(const gralloc_module_t*, const native_handle_t*):274 Trying to unregister buffer 0x472e26a0 from process 81 that was not created in current process: 81
12-31 22:24:13.650 I/Gecko   (   81): 1325388253656	Marionette	DEBUG	Got request: switchToFrame, data: {"to":"0","sessionId":"3-b2g","name":"switchToFrame","parameters":{"id":null,"focus":true}}, id: {b5771ae3-bafc-495c-b42c-4fe1ffa6006d}
12-31 22:24:13.680 I/Gecko   (   81): 1325388253687	Marionette	INFO	Switched to frame: {"frameValue":null}
12-31 22:24:13.800 I/Gecko   (   81): 1325388253804	Marionette	INFO	sendToClient: {"from":"0","ok":true}, {b5771ae3-bafc-495c-b42c-4fe1ffa6006d}, {b5771ae3-bafc-495c-b42c-4fe1ffa6006d}
12-31 22:24:13.800 I/Gecko   (   81): 1325388253813	Marionette	DEBUG	Got request: executeWithCallback, data: {"to":"0","sessionId":"3-b2g","name":"executeAsyncScript","parameters":{"specialPowers":false,"scriptTimeout":60000,"newSandbox":true,"args":[],"filename":"app_checker.py","script":"\n        GaiaApps.locateWithManifestURL('https://marketplace.firefox.com/app/e82e52de-833c-4c36-85dc-3a254c6c0376/manifest.webapp',\n                                       null,\n                                       function uninstall(app) {\n                                       navigator.mozApps.mgmt.uninstall(app);\n                                       marionetteScriptFinished(true);\n                                       });\n        ","line":129}}, id: {c50a68eb-9edc-4091-84cd-27266e134707}
12-31 22:24:13.860 I/Gecko   (   81): 1325388253866	Marionette	INFO	sendToClient: {"from":"0","error":{"message":"TypeError: app is null","status":17,"stacktrace":"execute_async_script @app_checker.py, line 129\ninline javascript, line 221\nsrc: \"      appName = app.manifest.name;\""}}, {c50a68eb-9edc-4091-84cd-27266e134707}, {c50a68eb-9edc-4091-84cd-27266e134707}
12-31 22:24:14.610 I/Gecko:ProcessPriorityManager(   81): [(Preallocated), child-id=3, pid=421] Creating ParticularProcessPriorityManager.
12-31 22:24:14.610 I/Gecko:ProcessPriorityManager(   81): [(Preallocated), child-id=3, pid=421] Done starting up.  mHoldsCPUWakeLock=0, mHoldsHighPriorityWakeLock=0
12-31 22:24:14.610 I/Gecko:ProcessPriorityManager(   81): [(Preallocated), child-id=3, pid=421] Changing priority from UNKNOWN:CPU_NORMAL to MASTER:CPU_NORMAL.
12-31 22:24:14.610 I/Gonk    (   81): Setting nice for pid 421 to 0
12-31 22:24:14.610 I/Gonk    (   81): Changed nice for pid 421 from 0 to 0.
12-31 22:24:14.610 I/Gecko:ProcessPriorityManager(   81): [Homescreen, child-id=2, pid=374] Changing priority from FOREGROUND:CPU_NORMAL to FOREGROUND:CPU_LOW.
12-31 22:24:14.610 I/Gonk    (   81): Setting nice for pid 374 to 18
12-31 22:24:14.610 I/Gonk    (   81): Changed nice for pid 374 from 1 to 18.
12-31 22:24:14.610 I/Gecko:ProcessPriorityManager(   81): KillBackgroundApps