--------- beginning of /dev/log/system
12-31 22:24:32.450 I/Vold    (   75): Vold 2.1 (the revenge) firing up
12-31 22:24:32.530 D/Vold    (   75): Volume sdcard state changing -1 (Initializing) -> 0 (No-Media)
12-31 22:24:32.620 D/Vold    (   75): Volume sdcard state changing 0 (No-Media) -> 2 (Pending)
12-31 22:24:32.620 D/Vold    (   75): Volume sdcard state changing 2 (Pending) -> 1 (Idle-Unmounted)
12-31 22:24:37.570 D/VoldCmdListener(   75): volume list
12-31 22:24:37.580 D/VoldCmdListener(   75): volume mount sdcard
12-31 22:24:37.580 I/Vold    (   75): /dev/block/vold/179:1 being considered for volume sdcard
12-31 22:24:37.580 D/Vold    (   75): Volume sdcard state changing 1 (Idle-Unmounted) -> 3 (Checking)
12-31 22:24:37.580 W/Vold    (   75): Skipping fs checks
12-31 22:24:37.630 I/Vold    (   75): Device /dev/block/vold/179:1, target /mnt/sdcard mounted @ /mnt/secure/staging
12-31 22:24:37.630 D/Vold    (   75): Volume sdcard state changing 3 (Checking) -> 4 (Mounted)
--------- beginning of /dev/log/main
12-31 22:24:49.080 D/SPRDENG (  160): 30
12-31 22:24:49.080 D/SPRDENG (  160): 34
12-31 22:24:49.080 D/SPRDENG (  160): 30
12-31 22:24:49.080 D/SPRDENG (  160): 30
12-31 22:24:49.080 D/SPRDENG (  160): 32
12-31 22:24:49.080 D/SPRDENG (  160): 30
12-31 22:24:49.080 D/SPRDENG (  160): 30
12-31 22:24:49.080 D/SPRDENG (  160): 30
12-31 22:24:49.080 D/SPRDENG (  160): 30
12-31 22:24:49.080 D/SPRDENG (  160): 30
12-31 22:24:49.080 D/SPRDENG (  160): 30
12-31 22:24:49.080 D/SPRDENG (  160): 30
12-31 22:24:49.080 D/SPRDENG (  160): 30
12-31 22:24:49.080 D/SPRDENG (  160): 30
12-31 22:24:49.080 D/SPRDENG (  160): 30
12-31 22:24:49.080 D/SPRDENG (  160): 30
12-31 22:24:49.080 D/SPRDENG (  160): 30
12-31 22:24:49.080 D/SPRDENG (  160): 30
12-31 22:24:49.080 D/SPRDENG (  160): 30
12-31 22:24:49.080 D/SPRDENG (  160): 30
12-31 22:24:49.080 D/SPRDENG (  160): 30
12-31 22:24:49.080 D/SPRDENG (  160): 30
12-31 22:24:49.080 D/SPRDENG (  160): 30
12-31 22:24:49.080 D/SPRDENG (  160): 30
12-31 22:24:49.080 D/SPRDENG (  160): 30
12-31 22:24:49.080 D/SPRDENG (  160): 30
12-31 22:24:49.080 D/SPRDENG (  160): 30
12-31 22:24:49.080 D/SPRDENG (  160): 30
12-31 22:24:49.080 D/SPRDENG (  160): 30
12-31 22:24:49.080 D/SPRDENG (  160): 30
12-31 22:24:49.080 D/SPRDENG (  160): 30
12-31 22:24:49.080 D/SPRDENG (  160): 30
12-31 22:24:49.080 D/SPRDENG (  160): 30
12-31 22:24:49.080 D/SPRDENG (  160): 30
12-31 22:24:49.080 D/SPRDENG (  160): 30
12-31 22:24:49.080 D/SPRDENG (  160): 30
12-31 22:24:49.080 D/SPRDENG (  160): 30
12-31 22:24:49.080 D/SPRDENG (  160): 30
12-31 22:24:49.080 D/SPRDENG (  160): 30
12-31 22:24:49.080 D/SPRDENG (  160): 30
12-31 22:24:49.080 D/SPRDENG (  160): 30
12-31 22:24:49.080 D/SPRDENG (  160): 30
12-31 22:24:49.080 D/SPRDENG (  160): 30
12-31 22:24:49.080 D/SPRDENG (  160): 30
12-31 22:24:49.080 D/SPRDENG (  160): 30
12-31 22:24:49.080 D/SPRDENG (  160): 30
12-31 22:24:49.080 D/SPRDENG (  160): 30
12-31 22:24:49.080 D/SPRDENG (  160): 30
12-31 22:24:49.080 D/SPRDENG (  160): 30
12-31 22:24:49.080 D/SPRDENG (  160): 30
12-31 22:24:49.080 D/SPRDENG (  160): 30
12-31 22:24:49.080 D/SPRDENG (  160): 30
12-31 22:24:49.080 D/SPRDENG (  160): 30
12-31 22:24:49.080 D/SPRDENG (  160): 30
12-31 22:24:49.080 D/SPRDENG (  160): 30
12-31 22:24:49.080 D/SPRDENG (  160): 30
12-31 22:24:49.080 D/SPRDENG (  160): 30
12-31 22:24:49.080 D/SPRDENG (  160): 30
12-31 22:24:49.080 D/SPRDENG (  160): 30
12-31 22:24:49.080 D/SPRDENG (  160): 30
12-31 22:24:49.080 D/SPRDENG (  160): 30
12-31 22:24:49.080 D/SPRDENG (  160): 30
12-31 22:24:49.080 D/SPRDENG (  160): 30
12-31 22:24:49.080 D/SPRDENG (  160): 30
12-31 22:24:49.080 D/SPRDENG (  160): 30
12-31 22:24:49.080 D/SPRDENG (  160): 30
12-31 22:24:49.080 D/SPRDENG (  160): 30
12-31 22:24:49.080 D/SPRDENG (  160): 30
12-31 22:24:49.080 D/SPRDENG (  160): 30
12-31 22:24:49.080 D/SPRDENG (  160): 30
12-31 22:24:49.080 D/SPRDENG (  160): 30
12-31 22:24:49.080 D/SPRDENG (  160): 30
12-31 22:24:49.080 D/SPRDENG (  160): 30
12-31 22:24:49.080 D/SPRDENG (  160): 30
12-31 22:24:49.080 D/SPRDENG (  160): 30
12-31 22:24:49.080 D/SPRDENG (  160): 30
12-31 22:24:49.080 D/SPRDENG (  160): 30
12-31 22:24:49.080 D/SPRDENG (  160): 30
12-31 22:24:49.080 D/SPRDENG (  160): 30
12-31 22:24:49.080 D/SPRDENG (  160): 30
12-31 22:24:49.080 D/SPRDENG (  160): 30
12-31 22:24:49.080 D/SPRDENG (  160): 30
12-31 22:24:49.080 D/SPRDENG (  160): 30
12-31 22:24:49.080 D/SPRDENG (  160): 30
12-31 22:24:49.080 D/SPRDENG (  160): 30
12-31 22:24:49.080 D/SPRDENG (  160): 30
12-31 22:24:49.080 D/SPRDENG (  160): 30
12-31 22:24:49.080 D/SPRDENG (  160): 30
12-31 22:24:49.080 D/SPRDENG (  160): 30
12-31 22:24:49.080 D/SPRDENG (  160): 30
12-31 22:24:49.080 D/SPRDENG (  160): 30
12-31 22:24:49.080 D/SPRDENG (  160): 30
12-31 22:24:49.080 D/SPRDENG (  160): 30
12-31 22:24:49.080 D/SPRDENG (  160): 30
12-31 22:24:49.080 D/SPRDENG (  160): 30
12-31 22:24:49.080 D/SPRDENG (  160): 30
12-31 22:24:49.080 D/SPRDENG (  160): 30
12-31 22:24:49.080 D/SPRDENG (  160): 30
12-31 22:24:49.080 D/SPRDENG (  160): 30
12-31 22:24:49.080 D/SPRDENG (  160): 30
12-31 22:24:49.080 D/SPRDENG (  160): 30
12-31 22:24:49.080 D/SPRDENG (  160): 30
12-31 22:24:49.080 D/SPRDENG (  160): 30
12-31 22:24:49.080 D/SPRDENG (  160): 30
12-31 22:24:49.080 D/SPRDENG (  160): 30
12-31 22:24:49.080 D/SPRDENG (  160): 30
12-31 22:24:49.080 D/SPRDENG (  160): 30
12-31 22:24:49.080 D/SPRDENG (  160): 30
12-31 22:24:49.080 D/SPRDENG (  160): 30
12-31 22:24:49.080 D/SPRDENG (  160): 30
12-31 22:24:49.080 D/SPRDENG (  160): 30
12-31 22:24:49.080 D/SPRDENG (  160): 30
12-31 22:24:49.080 D/SPRDENG (  160): 30
12-31 22:24:49.080 D/SPRDENG (  160): 30
12-31 22:24:49.080 D/SPRDENG (  160): 30
12-31 22:24:49.080 D/SPRDENG (  160): 30
12-31 22:24:49.080 D/SPRDENG (  160): 30
12-31 22:24:49.080 D/SPRDENG (  160): 30
12-31 22:24:49.080 D/SPRDENG (  160): 30
12-31 22:24:49.080 D/SPRDENG (  160): 30
12-31 22:24:49.080 D/SPRDENG (  160): 30
12-31 22:24:49.080 D/SPRDENG (  160): 30
12-31 22:24:49.080 D/SPRDENG (  160): 30
12-31 22:24:49.080 D/SPRDENG (  160): 30
12-31 22:24:49.080 D/SPRDENG (  160): 30
12-31 22:24:49.080 D/SPRDENG (  160): 30
12-31 22:24:49.080 D/SPRDENG (  160): 30
12-31 22:24:49.080 D/SPRDENG (  160): 30
12-31 22:24:49.080 D/SPRDENG (  160): 30
12-31 22:24:49.080 D/SPRDENG (  160): 62
12-31 22:24:49.080 D/SPRDENG (  160): 62
12-31 22:24:49.080 D/SPRDENG (  160): 62
12-31 22:24:49.080 D/SPRDENG (  160): 65
12-31 22:24:49.080 D/SPRDENG (  160): 63
12-31 22:24:49.080 D/SPRDENG (  160): 32
12-31 22:24:49.080 D/SPRDENG (  160): 63
12-31 22:24:49.080 D/SPRDENG (  160): 36
12-31 22:24:49.080 D/SPRDENG (  160): 31
12-31 22:24:49.080 D/SPRDENG (  160): 61
12-31 22:24:49.080 D/SPRDENG (  160): 32
12-31 22:24:49.080 D/SPRDENG (  160): 33
12-31 22:24:49.080 D/SPRDENG (  160): 31
12-31 22:24:49.080 D/SPRDENG (  160): 63
12-31 22:24:49.080 D/SPRDENG (  160): 32
12-31 22:24:49.080 D/SPRDENG (  160): 33
12-31 22:24:49.080 D/SPRDENG (  160): 30
12-31 22:24:49.080 D/SPRDENG (  160): 30
12-31 22:24:49.080 D/SPRDENG (  160): 30
12-31 22:24:49.080 D/SPRDENG (  160): 30
12-31 22:24:49.080 D/SPRDENG (  160): 30
12-31 22:24:49.080 D/SPRDENG (  160): 30
12-31 22:24:49.080 D/SPRDENG (  160): 30
12-31 22:24:49.080 D/SPRDENG (  160): 30
12-31 22:24:49.080 D/SPRDENG (  160): 30
12-31 22:24:49.080 D/SPRDENG (  160): 30
12-31 22:24:49.080 D/SPRDENG (  160): 30
12-31 22:24:49.080 D/SPRDENG (  160): 30
12-31 22:24:49.080 D/SPRDENG (  160): 30
12-31 22:24:49.080 D/SPRDENG (  160): 30
12-31 22:24:49.080 D/SPRDENG (  160): 30
12-31 22:24:49.080 D/SPRDENG (  160): 30
12-31 22:24:49.080 D/SPRDENG (  160): 31
12-31 22:24:49.080 D/SPRDENG (  160): 61
12-31 22:24:49.080 D/SPRDENG (  160): 32
12-31 22:24:49.080 D/SPRDENG (  160): 33
12-31 22:24:49.080 D/SPRDENG (  160): 31
12-31 22:24:49.080 D/SPRDENG (  160): 63
12-31 22:24:49.080 D/SPRDENG (  160): 32
12-31 22:24:49.080 D/SPRDENG (  160): 33
12-31 22:24:49.080 D/SPRDENG (  160): 30
12-31 22:24:49.080 D/SPRDENG (  160): 30
12-31 22:24:49.080 D/SPRDENG (  160): 30
12-31 22:24:49.080 D/SPRDENG (  160): 30
12-31 22:24:49.080 D/SPRDENG (  160): 30
12-31 22:24:49.080 D/SPRDENG (  160): 30
12-31 22:24:49.080 D/SPRDENG (  160): 30
12-31 22:24:49.080 D/SPRDENG (  160): 30
12-31 22:24:49.080 D/SPRDENG (  160): 30
12-31 22:24:49.080 D/SPRDENG (  160): 30
12-31 22:24:49.080 D/SPRDENG (  160): 30
12-31 22:24:49.080 D/SPRDENG (  160): 30
12-31 22:24:49.080 D/SPRDENG (  160): 30
12-31 22:24:49.080 D/SPRDENG (  160): 30
12-31 22:24:49.080 D/SPRDENG (  160): 30
12-31 22:24:49.080 D/SPRDENG (  160): 30
12-31 22:24:49.080 D/SPRDENG (  160): 31
12-31 22:24:49.080 D/SPRDENG (  160): 62
12-31 22:24:49.080 D/SPRDENG (  160): 32
12-31 22:24:49.080 D/SPRDENG (  160): 33
12-31 22:24:49.080 D/SPRDENG (  160): 31
12-31 22:24:49.080 D/SPRDENG (  160): 63
12-31 22:24:49.080 D/SPRDENG (  160): 32
12-31 22:24:49.080 D/SPRDENG (  160): 33
12-31 22:24:49.080 D/SPRDENG (  160): 30
12-31 22:24:49.080 D/SPRDENG (  160): 30
12-31 22:24:49.080 D/SPRDENG (  160): 30
12-31 22:24:49.080 D/SPRDENG (  160): 30
12-31 22:24:49.080 D/SPRDENG (  160): 30
12-31 22:24:49.080 D/SPRDENG (  160): 30
12-31 22:24:49.080 D/SPRDENG (  160): 30
12-31 22:24:49.080 D/SPRDENG (  160): 30
12-31 22:24:49.080 D/SPRDENG (  160): 30
12-31 22:24:49.080 D/SPRDENG (  160): 30
12-31 22:24:49.080 D/SPRDENG (  160): 30
12-31 22:24:49.080 D/SPRDENG (  160): 30
12-31 22:24:49.080 D/SPRDENG (  160): 30
12-31 22:24:49.080 D/SPRDENG (  160): 30
12-31 22:24:49.080 D/SPRDENG (  160): 30
12-31 22:24:49.080 D/SPRDENG (  160): 30
12-31 22:24:49.080 D/SPRDENG (  160): 31
12-31 22:24:49.080 D/SPRDENG (  160): 62
12-31 22:24:49.080 D/SPRDENG (  160): 32
12-31 22:24:49.080 D/SPRDENG (  160): 33
12-31 22:24:49.080 D/SPRDENG (  160): 31
12-31 22:24:49.080 D/SPRDENG (  160): 63
12-31 22:24:49.080 D/SPRDENG (  160): 32
12-31 22:24:49.080 D/SPRDENG (  160): 33
12-31 22:24:49.080 D/SPRDENG (  160): 30
12-31 22:24:49.080 D/SPRDENG (  160): 30
12-31 22:24:49.080 D/SPRDENG (  160): 30
12-31 22:24:49.080 D/SPRDENG (  160): 30
12-31 22:24:49.080 D/SPRDENG (  160): 30
12-31 22:24:49.080 D/SPRDENG (  160): 30
12-31 22:24:49.080 D/SPRDENG (  160): 30
12-31 22:24:49.080 D/SPRDENG (  160): 30
12-31 22:24:49.080 D/SPRDENG (  160): 30
12-31 22:24:49.080 D/SPRDENG (  160): 30
12-31 22:24:49.080 D/SPRDENG (  160): 30
12-31 22:24:49.080 D/SPRDENG (  160): 30
12-31 22:24:49.080 D/SPRDENG (  160): 30
12-31 22:24:49.080 D/SPRDENG (  160): 30
12-31 22:24:49.080 D/SPRDENG (  160): 30
12-31 22:24:49.080 D/SPRDENG (  160): 30
12-31 22:24:49.080 D/SPRDENG (  160): 31
12-31 22:24:49.080 D/SPRDENG (  160): 62
12-31 22:24:49.080 D/SPRDENG (  160): 32
12-31 22:24:49.080 D/SPRDENG (  160): 33
12-31 22:24:49.080 D/SPRDENG (  160): 31
12-31 22:24:49.080 D/SPRDENG (  160): 63
12-31 22:24:49.080 D/SPRDENG (  160): 32
12-31 22:24:49.080 D/SPRDENG (  160): 33
12-31 22:24:49.080 D/SPRDENG (  160): 30
12-31 22:24:49.080 D/SPRDENG (  160): 30
12-31 22:24:49.090 D/SPRDENG (  160): 30
12-31 22:24:49.090 D/SPRDENG (  160): 30
12-31 22:24:49.090 D/SPRDENG (  160): 30
12-31 22:24:49.090 D/SPRDENG (  160): 30
12-31 22:24:49.090 D/SPRDENG (  160): 30
12-31 22:24:49.090 D/SPRDENG (  160): 30
12-31 22:24:49.090 D/SPRDENG (  160): 30
12-31 22:24:49.090 D/SPRDENG (  160): 30
12-31 22:24:49.090 D/SPRDENG (  160): 30
12-31 22:24:49.090 D/SPRDENG (  160): 30
12-31 22:24:49.090 D/SPRDENG (  160): 30
12-31 22:24:49.090 D/SPRDENG (  160): 30
12-31 22:24:49.090 D/SPRDENG (  160): 30
12-31 22:24:49.090 D/SPRDENG (  160): 30
12-31 22:24:49.090 D/SPRDENG (  160): 30
12-31 22:24:49.090 D/SPRDENG (  160): 30
12-31 22:24:49.090 D/SPRDENG (  160): 30
12-31 22:24:49.090 D/SPRDENG (  160): 30
12-31 22:24:49.090 D/SPRDENG (  160): 30
12-31 22:24:49.090 D/SPRDENG (  160): 30
12-31 22:24:49.090 D/SPRDENG (  160): 30
12-31 22:24:49.090 D/SPRDENG (  160): 30
12-31 22:24:49.090 D/SPRDENG (  160): 30
12-31 22:24:49.090 D/SPRDENG (  160): 30
12-31 22:24:49.090 D/SPRDENG (  160): 30
12-31 22:24:49.090 D/SPRDENG (  160): 30
12-31 22:24:49.090 D/SPRDENG (  160): 30
12-31 22:24:49.090 D/SPRDENG (  160): 30
12-31 22:24:49.090 D/SPRDENG (  160): 30
12-31 22:24:49.090 D/SPRDENG (  160): 30
12-31 22:24:49.090 D/SPRDENG (  160): 30
12-31 22:24:49.090 D/SPRDENG (  160): 30
12-31 22:24:49.090 D/SPRDENG (  160): 30
12-31 22:24:49.090 D/SPRDENG (  160): 30
12-31 22:24:49.090 D/SPRDENG (  160): 30
12-31 22:24:49.090 D/SPRDENG (  160): 30
12-31 22:24:49.090 D/SPRDENG (  160): 30
12-31 22:24:49.090 D/SPRDENG (  160): 30
12-31 22:24:49.090 D/SPRDENG (  160): 32
12-31 22:24:49.090 D/SPRDENG (  160): 63
12-31 22:24:49.090 D/SPRDENG (  160): 30
12-31 22:24:49.090 D/SPRDENG (  160): 30
12-31 22:24:49.090 D/SPRDENG (  160): 30
12-31 22:24:49.090 D/SPRDENG (  160): 30
12-31 22:24:49.090 D/SPRDENG (  160): 30
12-31 22:24:49.090 D/SPRDENG (  160): 30
12-31 22:24:49.090 D/SPRDENG (  160): 1a
12-31 22:24:49.090 D/SPRDENG (  160): eng_modem2server: use SIM1 /dev/CHNPTY13
12-31 22:24:49.090 D/SPRDENG (  160): AT < 
12-31 22:24:49.090 D/SPRDENG (  160): OK
12-31 22:24:49.090 D/SPRDENG (  160): 
12-31 22:24:49.090 E/        (   99): nvcal_recv_from_modem: Receive 1 Modem Response
12-31 22:24:49.090 E/        (   99): write_rf_nvconf_cmd: wifi recv_num =6, response=[
12-31 22:24:49.090 E/        (   99): OK
12-31 22:24:49.090 E/        (   99): ]
12-31 22:24:49.190 E/eng_rf_nv_update(   99): [set_rf_nvconf]: NV updated OK!
12-31 22:24:49.190 E/eng_rf_nv_update(   99): [save_rf_nv_to_bak_file] NV data save to bake file OK
12-31 22:24:49.190 E/eng_rf_nv_update(   99): [eng_rf_nv_update]: end eng rf nv update!
12-31 22:24:49.210 I/logwrapper(   80): /system/bin/eng_rf_nv_update terminated by exit(0)
12-31 22:24:49.520 I/power   (   81): *** set_screen_state 1
12-31 22:24:49.520 D/Sensors (   81): activate handle=3; drv=1
12-31 22:24:49.520 D/Sensors (   81): SensorTMD2771::setEnable=0= en=1; newState=1; what=0; mEnabled=0
12-31 22:24:49.690 D/Sensors (   81): taos ---Light::TAOS_IOCTL_ALS_ON=== err=0
12-31 22:24:49.690 D/Sensors (   81): SensorTMD2771::setEnable=1= en=1; newState=1; what=0; mEnabled=1
12-31 22:24:49.690 D/Sensors (   81): SensorTMD2771::getEnable===mEnabled=0x1; enable=1
12-31 22:24:49.710 I/GeckoDump(   81): XXX FIXME : Got a mozContentEvent: nfc-hardware-state-change
12-31 22:24:49.730 I/GeckoDump(   81): XXX FIXME : Got a mozContentEvent: system-message-listener-ready
12-31 22:24:49.790 I/Gecko:ProcessPriorityManager(   81): [(Preallocated), child-id=2, pid=368] Creating ParticularProcessPriorityManager.
12-31 22:24:49.790 I/Gecko:ProcessPriorityManager(   81): [(Preallocated), child-id=2, pid=368] Done starting up.  mHoldsCPUWakeLock=0, mHoldsHighPriorityWakeLock=0
12-31 22:24:49.790 I/Gecko:ProcessPriorityManager(   81): [(Preallocated), child-id=2, pid=368] Changing priority from UNKNOWN:CPU_NORMAL to MASTER:CPU_NORMAL.
12-31 22:24:49.790 I/Gonk    (   81): Setting nice for pid 368 to 0
12-31 22:24:49.790 I/Gonk    (   81): Changed nice for pid 368 from 0 to 0.
12-31 22:24:50.320 D/Sensors (   81): SensorTMD2771::readEvents()======data_fd=53,count=16
12-31 22:24:50.320 D/Sensors (   81): SensorTMD2771::processEvent()=====code=40::value=66 
12-31 22:24:50.320 D/Sensors (   81): SensorTMD2771: mPendingEvents[Light].light = 66.000000
12-31 22:24:50.410 I/Gecko   (   81): 1325388290418	Marionette	INFO	loaded marionette-listener.js
12-31 22:24:50.410 I/Gecko   (   81): 1325388290420	Marionette	INFO	sendToClient: {"from":"0","value":"3-b2g"}, {782a9497-11a7-4035-b4c6-a5d9eeead759}, {782a9497-11a7-4035-b4c6-a5d9eeead759}
12-31 22:24:50.590 E/GeckoConsole(   81): [JavaScript Error: "TypeError: widgetFrame is undefined" {file: "app://system.gaiamobile.org/js/cost_control.js" line: 119}]
12-31 22:24:50.970 I/Gecko   (   81): 1325388290982	Marionette	INFO	sendToClient: {"from":"0","value":{"ELEMENT":"{1931b4d2-87c4-4444-a94e-4629a2af7d08}"}}, {b0ebc264-f8fa-4858-82c7-1c81a302484c}, {b0ebc264-f8fa-4858-82c7-1c81a302484c}
12-31 22:24:51.050 I/Gecko   (   81): 1325388291055	Marionette	INFO	sendToClient: {"from":"0","value":false}, {489e8d15-fe3c-4760-bd27-2f465e394c77}, {489e8d15-fe3c-4760-bd27-2f465e394c77}
12-31 22:24:51.250 I/Gecko   (   81): 1325388291254	Marionette	INFO	sendToClient: {"from":"0","value":{"ELEMENT":"{1931b4d2-87c4-4444-a94e-4629a2af7d08}"}}, {1ad406f6-8712-40ae-b5b6-23d44f7b12fd}, {1ad406f6-8712-40ae-b5b6-23d44f7b12fd}
12-31 22:24:51.330 I/Gecko   (   81): 1325388291341	Marionette	INFO	sendToClient: {"from":"0","value":false}, {92a94c76-e0cb-490c-9226-1b4d741c3e40}, {92a94c76-e0cb-490c-9226-1b4d741c3e40}
12-31 22:24:51.440 E/WifiHW  (   81): Leo ensure_config_file_exists config_file=/data/misc/wifi/wpa_supplicant.conf
12-31 22:24:51.440 E/WifiHW  (   81): daemon_cmd=wpa_supplicant:-iwlan0 -c/data/misc/wifi/wpa_supplicant.conf
12-31 22:24:51.500 I/Gecko   (   81): 1325388291508	Marionette	INFO	sendToClient: {"from":"0","value":{"ELEMENT":"{1931b4d2-87c4-4444-a94e-4629a2af7d08}"}}, {cca8577c-466a-46f3-b885-035d7325e9fe}, {cca8577c-466a-46f3-b885-035d7325e9fe}
12-31 22:24:51.550 I/Gecko   (   81): 1325388291559	Marionette	INFO	sendToClient: {"from":"0","value":false}, {60830191-e2fd-4a87-8f97-6953bb87ff1c}, {60830191-e2fd-4a87-8f97-6953bb87ff1c}
12-31 22:24:51.730 I/GeckoDump(   81): XXX FIXME : Got a mozContentEvent: accessibility-screenreader
12-31 22:24:51.870 I/GeckoDump(   81): XXX FIXME : Got a mozContentEvent: nfc-hardware-state-change
12-31 22:24:52.460 W/WifiHW  (   81): wifi_command: LOG_LEVEL
12-31 22:24:52.460 W/WifiHW  (   81): wifi_command: STATUS
12-31 22:24:52.500 W/WifiHW  (   81): wifi_command: LIST_NETWORKS
12-31 22:24:52.500 W/WifiHW  (   81): wifi_command: DRIVER MACADDR
12-31 22:24:52.530 I/Gecko   (   81): 1325388292534	Marionette	INFO	sendToClient: {"from":"0","value":{"ELEMENT":"{1931b4d2-87c4-4444-a94e-4629a2af7d08}"}}, {5e93b6f0-cb05-42b6-96fc-38219f2ae812}, {5e93b6f0-cb05-42b6-96fc-38219f2ae812}
12-31 22:24:52.530 W/WifiHW  (   81): wifi_command: GET_NETWORK 0 ssid
12-31 22:24:52.530 W/WifiHW  (   81): wifi_command: GET_NETWORK 0 bssid
12-31 22:24:52.530 W/WifiHW  (   81): wifi_command: GET_NETWORK 0 psk
12-31 22:24:52.540 W/WifiHW  (   81): wifi_command: GET_NETWORK 0 wep_key0
12-31 22:24:52.540 W/WifiHW  (   81): wifi_command: GET_NETWORK 0 wep_key1
12-31 22:24:52.540 W/WifiHW  (   81): wifi_command: GET_NETWORK 0 wep_key2
12-31 22:24:52.550 W/WifiHW  (   81): wifi_command: GET_NETWORK 0 wep_key3
12-31 22:24:52.550 W/WifiHW  (   81): wifi_command: GET_NETWORK 0 wep_tx_keyidx
12-31 22:24:52.550 W/WifiHW  (   81): wifi_command: GET_NETWORK 0 priority
12-31 22:24:52.550 W/WifiHW  (   81): wifi_command: GET_NETWORK 0 key_mgmt
12-31 22:24:52.550 W/WifiHW  (   81): wifi_command: GET_NETWORK 0 scan_ssid
12-31 22:24:52.550 W/WifiHW  (   81): wifi_command: GET_NETWORK 0 disabled
12-31 22:24:52.550 W/WifiHW  (   81): wifi_command: GET_NETWORK 0 identity
12-31 22:24:52.550 W/WifiHW  (   81): wifi_command: GET_NETWORK 0 password
12-31 22:24:52.550 W/WifiHW  (   81): wifi_command: GET_NETWORK 0 auth_alg
12-31 22:24:52.550 W/WifiHW  (   81): wifi_command: GET_NETWORK 0 phase1
12-31 22:24:52.550 W/WifiHW  (   81): wifi_command: GET_NETWORK 0 phase2
12-31 22:24:52.550 W/WifiHW  (   81): wifi_command: GET_NETWORK 0 eap
12-31 22:24:52.550 W/WifiHW  (   81): wifi_command: GET_NETWORK 0 pin
12-31 22:24:52.560 W/WifiHW  (   81): wifi_command: GET_NETWORK 0 pcsc
12-31 22:24:52.560 W/WifiHW  (   81): wifi_command: GET_NETWORK 1 ssid
12-31 22:24:52.560 W/WifiHW  (   81): wifi_command: GET_NETWORK 1 bssid
12-31 22:24:52.560 W/WifiHW  (   81): wifi_command: GET_NETWORK 1 psk
12-31 22:24:52.560 W/WifiHW  (   81): wifi_command: GET_NETWORK 1 wep_key0
12-31 22:24:52.560 W/WifiHW  (   81): wifi_command: GET_NETWORK 1 wep_key1
12-31 22:24:52.560 W/WifiHW  (   81): wifi_command: GET_NETWORK 1 wep_key2
12-31 22:24:52.560 W/WifiHW  (   81): wifi_command: GET_NETWORK 1 wep_key3
12-31 22:24:52.560 W/WifiHW  (   81): wifi_command: GET_NETWORK 1 wep_tx_keyidx
12-31 22:24:52.560 W/WifiHW  (   81): wifi_command: GET_NETWORK 1 priority
12-31 22:24:52.560 W/WifiHW  (   81): wifi_command: GET_NETWORK 1 key_mgmt
12-31 22:24:52.560 W/WifiHW  (   81): wifi_command: GET_NETWORK 1 scan_ssid
12-31 22:24:52.560 W/WifiHW  (   81): wifi_command: GET_NETWORK 1 disabled
12-31 22:24:52.560 W/WifiHW  (   81): wifi_command: GET_NETWORK 1 identity
12-31 22:24:52.560 W/WifiHW  (   81): wifi_command: GET_NETWORK 1 password
12-31 22:24:52.570 W/WifiHW  (   81): wifi_command: GET_NETWORK 1 auth_alg
12-31 22:24:52.570 W/WifiHW  (   81): wifi_command: GET_NETWORK 1 phase1
12-31 22:24:52.580 W/WifiHW  (   81): wifi_command: GET_NETWORK 1 phase2
12-31 22:24:52.580 W/WifiHW  (   81): wifi_command: GET_NETWORK 1 eap
12-31 22:24:52.580 W/WifiHW  (   81): wifi_command: GET_NETWORK 1 pin
12-31 22:24:52.580 W/WifiHW  (   81): wifi_command: GET_NETWORK 1 pcsc
12-31 22:24:52.580 W/WifiHW  (   81): wifi_command: GET_NETWORK 2 ssid
12-31 22:24:52.580 W/WifiHW  (   81): wifi_command: GET_NETWORK 2 bssid
12-31 22:24:52.580 W/WifiHW  (   81): wifi_command: GET_NETWORK 2 psk
12-31 22:24:52.580 W/WifiHW  (   81): wifi_command: GET_NETWORK 2 wep_key0
12-31 22:24:52.580 W/WifiHW  (   81): wifi_command: GET_NETWORK 2 wep_key1
12-31 22:24:52.580 W/WifiHW  (   81): wifi_command: GET_NETWORK 2 wep_key2
12-31 22:24:52.580 W/WifiHW  (   81): wifi_command: GET_NETWORK 2 wep_key3
12-31 22:24:52.580 W/WifiHW  (   81): wifi_command: GET_NETWORK 2 wep_tx_keyidx
12-31 22:24:52.580 W/WifiHW  (   81): wifi_command: GET_NETWORK 2 priority
12-31 22:24:52.590 W/WifiHW  (   81): wifi_command: GET_NETWORK 2 key_mgmt
12-31 22:24:52.590 W/WifiHW  (   81): wifi_command: GET_NETWORK 2 scan_ssid
12-31 22:24:52.590 W/WifiHW  (   81): wifi_command: GET_NETWORK 2 disabled
12-31 22:24:52.590 W/WifiHW  (   81): wifi_command: GET_NETWORK 2 identity
12-31 22:24:52.590 W/WifiHW  (   81): wifi_command: GET_NETWORK 2 password
12-31 22:24:52.590 W/WifiHW  (   81): wifi_command: GET_NETWORK 2 auth_alg
12-31 22:24:52.590 W/WifiHW  (   81): wifi_command: GET_NETWORK 2 phase1
12-31 22:24:52.590 W/WifiHW  (   81): wifi_command: GET_NETWORK 2 phase2
12-31 22:24:52.590 W/WifiHW  (   81): wifi_command: GET_NETWORK 2 eap
12-31 22:24:52.590 W/WifiHW  (   81): wifi_command: GET_NETWORK 2 pin
12-31 22:24:52.590 W/WifiHW  (   81): wifi_command: GET_NETWORK 2 pcsc
12-31 22:24:52.590 W/WifiHW  (   81): wifi_command: GET_NETWORK 3 ssid
12-31 22:24:52.590 W/WifiHW  (   81): wifi_command: GET_NETWORK 3 bssid
12-31 22:24:52.590 W/WifiHW  (   81): wifi_command: GET_NETWORK 3 psk
12-31 22:24:52.590 W/WifiHW  (   81): wifi_command: GET_NETWORK 3 wep_key0
12-31 22:24:52.600 W/WifiHW  (   81): wifi_command: GET_NETWORK 3 wep_key1
12-31 22:24:52.600 W/WifiHW  (   81): wifi_command: GET_NETWORK 3 wep_key2
12-31 22:24:52.610 W/WifiHW  (   81): wifi_command: GET_NETWORK 3 wep_key3
12-31 22:24:52.610 W/WifiHW  (   81): wifi_command: GET_NETWORK 3 wep_tx_keyidx
12-31 22:24:52.610 W/WifiHW  (   81): wifi_command: GET_NETWORK 3 priority
12-31 22:24:52.610 W/WifiHW  (   81): wifi_command: GET_NETWORK 3 key_mgmt
12-31 22:24:52.610 W/WifiHW  (   81): wifi_command: GET_NETWORK 3 scan_ssid
12-31 22:24:52.610 W/WifiHW  (   81): wifi_command: GET_NETWORK 3 disabled
12-31 22:24:52.610 W/WifiHW  (   81): wifi_command: GET_NETWORK 3 identity
12-31 22:24:52.610 W/WifiHW  (   81): wifi_command: GET_NETWORK 3 password
12-31 22:24:52.610 W/WifiHW  (   81): wifi_command: GET_NETWORK 3 auth_alg
12-31 22:24:52.610 W/WifiHW  (   81): wifi_command: GET_NETWORK 3 phase1
12-31 22:24:52.610 W/WifiHW  (   81): wifi_command: GET_NETWORK 3 phase2
12-31 22:24:52.610 W/WifiHW  (   81): wifi_command: GET_NETWORK 3 eap
12-31 22:24:52.610 W/WifiHW  (   81): wifi_command: GET_NETWORK 3 pin
12-31 22:24:52.620 W/WifiHW  (   81): wifi_command: GET_NETWORK 3 pcsc
12-31 22:24:52.650 W/WifiHW  (   81): wifi_command: ENABLE_NETWORK 0
12-31 22:24:52.650 W/WifiHW  (   81): wifi_command: ENABLE_NETWORK 1
12-31 22:24:52.650 W/WifiHW  (   81): wifi_command: ENABLE_NETWORK 2
12-31 22:24:52.650 W/WifiHW  (   81): wifi_command: ENABLE_NETWORK 3
12-31 22:24:52.650 W/WifiHW  (   81): wifi_command: AP_SCAN 1
12-31 22:24:52.690 W/WifiHW  (   81): wifi_command: SAVE_CONFIG
12-31 22:24:52.790 I/Gecko   (   81): 1325388292793	Marionette	INFO	sendToClient: {"from":"0","value":true}, {3c93973d-0787-4423-b1cf-597fc1823ce3}, {3c93973d-0787-4423-b1cf-597fc1823ce3}
12-31 22:24:53.010 I/FMRadio (   81): FMRadio is initialized.
12-31 22:24:53.090 E/GeckoConsole(   81): Content JS ERROR at app://system.gaiamobile.org/js/telephony_settings.js:23 in set_vpm_error: Error setting voice privacy.
12-31 22:24:53.100 E/GeckoConsole(   81): Content JS ERROR at app://system.gaiamobile.org/js/telephony_settings.js:23 in set_vpm_error: Error setting voice privacy.
12-31 22:24:53.260 E/GeckoConsole(   81): Content JS ERROR at app://system.gaiamobile.org/js/telephony_settings.js:42 in set_vpm_error: Error roaming preference.
12-31 22:24:53.270 E/GeckoConsole(   81): Content JS ERROR at app://system.gaiamobile.org/js/telephony_settings.js:42 in set_vpm_error: Error roaming preference.
12-31 22:24:53.490 I/Gecko:ProcessPriorityManager(   81): [Homescreen, child-id=2, pid=368] Changing priority from MASTER:CPU_NORMAL to FOREGROUND:CPU_NORMAL.
12-31 22:24:53.490 I/Gonk    (   81): Setting nice for pid 368 to 1
12-31 22:24:53.490 I/Gonk    (   81): Changed nice for pid 368 from 0 to 1.
12-31 22:24:53.490 I/Gecko:ProcessPriorityManager(   81): Making background LRU pool with size(3)
12-31 22:24:53.490 I/Gecko:ProcessPriorityManager(   81): KillBackgroundApps
12-31 22:24:53.490 I/Gecko   (   81): [Parent 81] WARNING: waitpid failed pid:368 errno:10: file /var/lib/jenkins/jobs/B2G.v1.3.0.Tarako/workspace/gecko/ipc/chromium/src/base/process_util_posix.cc, line 254
12-31 22:24:53.720 E/[Gralloc-ERROR](   81): int gralloc_register_buffer(const gralloc_module_t*, const native_handle_t*):79 Unable to register handle 0x45dbc510 coming from different process: 81
12-31 22:24:53.730 E/[Gralloc-ERROR](   81): int gralloc_register_buffer(const gralloc_module_t*, const native_handle_t*):79 Unable to register handle 0x45dbc5b0 coming from different process: 81
12-31 22:24:53.830 E/[Gralloc-ERROR](   81): int gralloc_register_buffer(const gralloc_module_t*, const native_handle_t*):79 Unable to register handle 0x46086790 coming from different process: 81
12-31 22:24:53.830 E/[Gralloc-ERROR](   81): int gralloc_register_buffer(const gralloc_module_t*, const native_handle_t*):79 Unable to register handle 0x465e6830 coming from different process: 81
12-31 22:24:54.130 I/GeckoDump(   81): XXX FIXME : Got a mozContentEvent: inputmethod-update-layouts
12-31 22:24:54.220 I/Gecko   (   81): ############################### browserElementPanning.js loaded
12-31 22:24:54.290 I/Gecko   (   81): ######################## BrowserElementChildPreload.js loaded
12-31 22:24:54.410 I/GeckoDump(   81): XXX FIXME : Got a mozContentEvent: inputmethod-update-layouts
12-31 22:24:54.920 E/GeckoConsole(   81): [JavaScript Warning: "Error in parsing value for 'font-weight'.  Declaration dropped." {file: "app://keyboard.gaiamobile.org/style/keyboard.css" line: 132 column: 15 source: "  font-weight: medium;"}]
12-31 22:24:55.770 I/Gecko   (   81): 1325388295783	Marionette	INFO	sendToClient: {"from":"0","ok":true}, {d7465df2-a59b-4227-bb92-4ac2165e4c46}, {d7465df2-a59b-4227-bb92-4ac2165e4c46}
12-31 22:24:55.860 I/Gecko   (   81): 1325388295864	Marionette	DEBUG	Got request: switchToFrame, data: {"to":"0","sessionId":"3-b2g","name":"switchToFrame","parameters":{"id":null,"focus":true}}, id: {c7e64b62-b907-4394-bf06-a434cdd6b09a}
12-31 22:24:55.870 I/Gecko   (   81): 1325388295880	Marionette	INFO	Switched to frame: {"frameValue":null}
12-31 22:24:55.880 I/Gecko   (  368): ###################################### forms.js loaded
12-31 22:24:56.060 I/Gecko   (  368): ############################### browserElementPanning.js loaded
12-31 22:24:56.060 I/Gecko   (   81): 1325388296072	Marionette	INFO	sendToClient: {"from":"0","ok":true}, {c7e64b62-b907-4394-bf06-a434cdd6b09a}, {c7e64b62-b907-4394-bf06-a434cdd6b09a}
12-31 22:24:56.100 W/WifiHW  (   81): wifi_command: SCAN_RESULTS
12-31 22:24:56.170 W/WifiHW  (   81): wifi_command: DRIVER SCAN-PASSIVE
12-31 22:24:56.200 I/Gecko   (   81): 1325388296205	Marionette	DEBUG	Got request: executeWithCallback, data: {"to":"0","sessionId":"3-b2g","name":"executeAsyncScript","parameters":{"specialPowers":false,"scriptTimeout":null,"newSandbox":true,"args":[],"filename":"gaia_test.py","script":"GaiaLockScreen.unlock()","line":810}}, id: {e9bc020b-7943-4d1d-84b2-79aa13e096e8}
12-31 22:24:56.730 W/WifiHW  (   81): wifi_command: GET_NETWORK 3 ssid
12-31 22:24:56.730 W/WifiHW  (   81): wifi_command: GET_NETWORK 3 bssid
12-31 22:24:56.740 W/WifiHW  (   81): wifi_command: GET_NETWORK 3 psk
12-31 22:24:56.740 W/WifiHW  (   81): wifi_command: GET_NETWORK 3 wep_key0
12-31 22:24:56.740 W/WifiHW  (   81): wifi_command: GET_NETWORK 3 wep_key1
12-31 22:24:56.750 W/WifiHW  (   81): wifi_command: GET_NETWORK 3 wep_key2
12-31 22:24:56.750 W/WifiHW  (   81): wifi_command: GET_NETWORK 3 wep_key3
12-31 22:24:56.750 W/WifiHW  (   81): wifi_command: GET_NETWORK 3 wep_tx_keyidx
12-31 22:24:56.760 W/WifiHW  (   81): wifi_command: GET_NETWORK 3 priority
12-31 22:24:56.760 W/WifiHW  (   81): wifi_command: GET_NETWORK 3 key_mgmt
12-31 22:24:56.760 W/WifiHW  (   81): wifi_command: GET_NETWORK 3 scan_ssid
12-31 22:24:56.760 W/WifiHW  (   81): wifi_command: GET_NETWORK 3 disabled
12-31 22:24:56.760 W/WifiHW  (   81): wifi_command: GET_NETWORK 3 identity
12-31 22:24:56.760 W/WifiHW  (   81): wifi_command: GET_NETWORK 3 password
12-31 22:24:56.770 W/WifiHW  (   81): wifi_command: GET_NETWORK 3 auth_alg
12-31 22:24:56.770 W/WifiHW  (   81): wifi_command: GET_NETWORK 3 phase1
12-31 22:24:56.770 W/WifiHW  (   81): wifi_command: GET_NETWORK 3 phase2
12-31 22:24:56.780 W/WifiHW  (   81): wifi_command: GET_NETWORK 3 eap
12-31 22:24:56.780 W/WifiHW  (   81): wifi_command: GET_NETWORK 3 pin
12-31 22:24:56.780 W/WifiHW  (   81): wifi_command: GET_NETWORK 3 pcsc
12-31 22:24:56.830 I/Gecko   (   81): 1325388296836	Marionette	INFO	sendToClient: {"from":"0","value":{"passed":0,"failed":0,"failures":[]}}, {e9bc020b-7943-4d1d-84b2-79aa13e096e8}, {e9bc020b-7943-4d1d-84b2-79aa13e096e8}
12-31 22:24:56.910 E/Profiler(   81): BPUnw: [1 total] thread_unregister_for_profiling(me=0x71d038)  (NOT REGISTERED) 
12-31 22:24:57.370 I/Gecko   (  368): ######################## BrowserElementChildPreload.js loaded
12-31 22:24:57.450 E/[Gralloc-ERROR](   81): int gralloc_register_buffer(const gralloc_module_t*, const native_handle_t*):79 Unable to register handle 0x46965c40 coming from different process: 81
12-31 22:24:57.450 E/[Gralloc-ERROR](   81): int gralloc_register_buffer(const gralloc_module_t*, const native_handle_t*):79 Unable to register handle 0x469c1ec0 coming from different process: 81
12-31 22:24:57.510 E/[Gralloc-ERROR](   81): int gralloc_register_buffer(const gralloc_module_t*, const native_handle_t*):79 Unable to register handle 0x469d63d0 coming from different process: 81
12-31 22:24:57.520 E/[Gralloc-ERROR](   81): int gralloc_register_buffer(const gralloc_module_t*, const native_handle_t*):79 Unable to register handle 0x469d6ba0 coming from different process: 81
12-31 22:24:57.520 E/[Gralloc-ERROR](   81): int gralloc_register_buffer(const gralloc_module_t*, const native_handle_t*):79 Unable to register handle 0x47346920 coming from different process: 81
12-31 22:24:57.520 E/[Gralloc-ERROR](   81): int gralloc_register_buffer(const gralloc_module_t*, const native_handle_t*):79 Unable to register handle 0x473ff920 coming from different process: 81
12-31 22:24:57.800 E/[Gralloc-ERROR](   81): int gralloc_unregister_buffer(const gralloc_module_t*, const native_handle_t*):274 Trying to unregister buffer 0x465e6830 from process 81 that was not created in current process: 81
12-31 22:24:57.800 E/[Gralloc-ERROR](   81): int gralloc_unregister_buffer(const gralloc_module_t*, const native_handle_t*):274 Trying to unregister buffer 0x46086790 from process 81 that was not created in current process: 81
12-31 22:24:57.890 W/WifiHW  (   81): wifi_command: SIGNAL_POLL
12-31 22:24:57.910 W/WifiHW  (   81): wifi_command: GET_NETWORK 3 ssid
12-31 22:24:57.910 W/WifiHW  (   81): wifi_command: GET_NETWORK 3 bssid
12-31 22:24:57.910 W/WifiHW  (   81): wifi_command: GET_NETWORK 3 psk
12-31 22:24:57.920 W/WifiHW  (   81): wifi_command: GET_NETWORK 3 wep_key0
12-31 22:24:57.930 W/WifiHW  (   81): wifi_command: GET_NETWORK 3 wep_key1
12-31 22:24:57.940 W/WifiHW  (   81): wifi_command: GET_NETWORK 3 wep_key2
12-31 22:24:57.940 W/WifiHW  (   81): wifi_command: GET_NETWORK 3 wep_key3
12-31 22:24:57.940 W/WifiHW  (   81): wifi_command: GET_NETWORK 3 wep_tx_keyidx
12-31 22:24:57.940 W/WifiHW  (   81): wifi_command: GET_NETWORK 3 priority
12-31 22:24:57.940 W/WifiHW  (   81): wifi_command: GET_NETWORK 3 key_mgmt
12-31 22:24:57.940 W/WifiHW  (   81): wifi_command: GET_NETWORK 3 scan_ssid
12-31 22:24:57.950 W/WifiHW  (   81): wifi_command: GET_NETWORK 3 disabled
12-31 22:24:57.950 W/WifiHW  (   81): wifi_command: GET_NETWORK 3 identity
12-31 22:24:57.950 W/WifiHW  (   81): wifi_command: GET_NETWORK 3 password
12-31 22:24:57.960 W/WifiHW  (   81): wifi_command: GET_NETWORK 3 auth_alg
12-31 22:24:57.960 W/WifiHW  (   81): wifi_command: GET_NETWORK 3 phase1
12-31 22:24:57.960 W/WifiHW  (   81): wifi_command: GET_NETWORK 3 phase2
12-31 22:24:57.960 W/WifiHW  (   81): wifi_command: GET_NETWORK 3 eap
12-31 22:24:57.960 W/WifiHW  (   81): wifi_command: GET_NETWORK 3 pin
12-31 22:24:57.960 W/WifiHW  (   81): wifi_command: GET_NETWORK 3 pcsc
12-31 22:24:58.080 I/GeckoDump(   81): XXX FIXME : Got a mozContentEvent: nfc-hardware-state-change
12-31 22:24:58.120 I/GeckoDump(   81): XXX FIXME : Got a mozContentEvent: nfc-hardware-state-change
12-31 22:24:58.490 E/[Gralloc-ERROR](   81): int gralloc_unregister_buffer(const gralloc_module_t*, const native_handle_t*):274 Trying to unregister buffer 0x469c1ec0 from process 81 that was not created in current process: 81
12-31 22:24:58.490 E/[Gralloc-ERROR](   81): int gralloc_unregister_buffer(const gralloc_module_t*, const native_handle_t*):274 Trying to unregister buffer 0x46965c40 from process 81 that was not created in current process: 81
12-31 22:24:58.500 E/[Gralloc-ERROR](   81): int gralloc_unregister_buffer(const gralloc_module_t*, const native_handle_t*):274 Trying to unregister buffer 0x469d6ba0 from process 81 that was not created in current process: 81
12-31 22:24:58.500 E/[Gralloc-ERROR](   81): int gralloc_unregister_buffer(const gralloc_module_t*, const native_handle_t*):274 Trying to unregister buffer 0x469d63d0 from process 81 that was not created in current process: 81
12-31 22:24:58.500 E/[Gralloc-ERROR](   81): int gralloc_unregister_buffer(const gralloc_module_t*, const native_handle_t*):274 Trying to unregister buffer 0x47346920 from process 81 that was not created in current process: 81
12-31 22:24:58.500 E/[Gralloc-ERROR](   81): int gralloc_unregister_buffer(const gralloc_module_t*, const native_handle_t*):274 Trying to unregister buffer 0x473ff920 from process 81 that was not created in current process: 81
12-31 22:24:58.620 I/Gecko   (   81): 1325388298625	Marionette	INFO	sendToClient: {"from":"0","ok":true}, {66b3165f-e961-46b0-9fc2-369e27126e00}, {66b3165f-e961-46b0-9fc2-369e27126e00}
12-31 22:24:58.630 I/Gecko:ProcessPriorityManager(   81): [(Preallocated), child-id=3, pid=414] Creating ParticularProcessPriorityManager.
12-31 22:24:58.630 I/Gecko:ProcessPriorityManager(   81): [(Preallocated), child-id=3, pid=414] Done starting up.  mHoldsCPUWakeLock=0, mHoldsHighPriorityWakeLock=0
12-31 22:24:58.630 I/Gecko:ProcessPriorityManager(   81): [(Preallocated), child-id=3, pid=414] Changing priority from UNKNOWN:CPU_NORMAL to MASTER:CPU_NORMAL.
12-31 22:24:58.630 I/Gonk    (   81): Setting nice for pid 414 to 0
12-31 22:24:58.630 I/Gonk    (   81): Changed nice for pid 414 from 0 to 0.
12-31 22:24:58.630 I/Gecko:ProcessPriorityManager(   81): [Homescreen, child-id=2, pid=368] Changing priority from FOREGROUND:CPU_NORMAL to FOREGROUND:CPU_LOW.
12-31 22:24:58.630 I/Gonk    (   81): Setting nice for pid 368 to 18
12-31 22:24:58.630 I/Gonk    (   81): Changed nice for pid 368 from 1 to 18.
12-31 22:24:58.630 I/Gecko:ProcessPriorityManager(   81): KillBackgroundApps
12-31 22:24:58.930 I/Gecko   (   81): 1325388298941	Marionette	DEBUG	Got request: switchToFrame, data: {"to":"0","sessionId":"3-b2g","name":"switchToFrame","parameters":{"id":null,"focus":true}}, id: {95011fb7-6209-41a5-9409-4d6b82b5a8d0}
12-31 22:24:58.990 I/Gecko   (   81): 1325388298995	Marionette	INFO	Switched to frame: {"frameValue":null}
12-31 22:24:59.150 I/Gecko   (   81): 1325388299157	Marionette	INFO	sendToClient: {"from":"0","ok":true}, {95011fb7-6209-41a5-9409-4d6b82b5a8d0}, {95011fb7-6209-41a5-9409-4d6b82b5a8d0}
12-31 22:24:59.170 I/Gecko   (   81): 1325388299173	Marionette	DEBUG	Got request: executeWithCallback, data: {"to":"0","sessionId":"3-b2g","name":"executeAsyncScript","parameters":{"specialPowers":false,"scriptTimeout":60000,"newSandbox":true,"args":[],"filename":"app_checker.py","script":"\n        GaiaApps.locateWithManifestURL('https://marketplace.firefox.com/app/e82e52de-833c-4c36-85dc-3a254c6c0376/manifest.webapp',\n                                       null,\n                                       function uninstall(app) {\n                                       navigator.mozApps.mgmt.uninstall(app);\n                                       marionetteScriptFinished(true);\n                                       });\n        ","line":129}}, id: {0c32142b-1f3f-42cf-b52c-e2422ab3e87d}
12-31 22:24:59.190 I/Gecko   (   81): 1325388299194	Marionette	INFO	sendToClient: {"from":"0","error":{"message":"TypeError: app is null","status":17,"stacktrace":"execute_async_script @app_checker.py, line 129\ninline javascript, line 221\nsrc: \"      appName = app.manifest.name;\""}}, {0c32142b-1f3f-42cf-b52c-e2422ab3e87d}, {0c32142b-1f3f-42cf-b52c-e2422ab3e87d}