--------- beginning of /dev/log/system
01-01 04:20:39.900 I/Vold    (   75): Vold 2.1 (the revenge) firing up
01-01 04:20:39.900 D/Vold    (   75): Volume sdcard state changing -1 (Initializing) -> 0 (No-Media)
01-01 04:20:40.010 D/Vold    (   75): Volume sdcard state changing 0 (No-Media) -> 2 (Pending)
01-01 04:20:40.010 D/Vold    (   75): Volume sdcard state changing 2 (Pending) -> 1 (Idle-Unmounted)
01-01 04:20:44.910 D/VoldCmdListener(   75): volume list
01-01 04:20:44.920 D/VoldCmdListener(   75): volume mount sdcard
01-01 04:20:44.920 I/Vold    (   75): /dev/block/vold/179:1 being considered for volume sdcard
01-01 04:20:44.920 D/Vold    (   75): Volume sdcard state changing 1 (Idle-Unmounted) -> 3 (Checking)
01-01 04:20:44.920 W/Vold    (   75): Skipping fs checks
01-01 04:20:44.970 I/Vold    (   75): Device /dev/block/vold/179:1, target /mnt/sdcard mounted @ /mnt/secure/staging
01-01 04:20:44.970 D/Vold    (   75): Volume sdcard state changing 3 (Checking) -> 4 (Mounted)
--------- beginning of /dev/log/main
01-01 04:20:56.560 D/SPRDENG (  159): 37
01-01 04:20:56.560 D/SPRDENG (  159): 65
01-01 04:20:56.560 D/SPRDENG (  159): 37
01-01 04:20:56.560 D/SPRDENG (  159): 66
01-01 04:20:56.560 D/SPRDENG (  159): 37
01-01 04:20:56.560 D/SPRDENG (  159): 65
01-01 04:20:56.560 D/SPRDENG (  159): 36
01-01 04:20:56.560 D/SPRDENG (  159): 61
01-01 04:20:56.560 D/SPRDENG (  159): 37
01-01 04:20:56.560 D/SPRDENG (  159): 65
01-01 04:20:56.560 D/SPRDENG (  159): 38
01-01 04:20:56.560 D/SPRDENG (  159): 30
01-01 04:20:56.560 D/SPRDENG (  159): 37
01-01 04:20:56.560 D/SPRDENG (  159): 65
01-01 04:20:56.560 D/SPRDENG (  159): 36
01-01 04:20:56.560 D/SPRDENG (  159): 61
01-01 04:20:56.560 D/SPRDENG (  159): 38
01-01 04:20:56.560 D/SPRDENG (  159): 33
01-01 04:20:56.560 D/SPRDENG (  159): 38
01-01 04:20:56.560 D/SPRDENG (  159): 32
01-01 04:20:56.560 D/SPRDENG (  159): 37
01-01 04:20:56.560 D/SPRDENG (  159): 64
01-01 04:20:56.560 D/SPRDENG (  159): 36
01-01 04:20:56.560 D/SPRDENG (  159): 61
01-01 04:20:56.560 D/SPRDENG (  159): 38
01-01 04:20:56.560 D/SPRDENG (  159): 34
01-01 04:20:56.560 D/SPRDENG (  159): 38
01-01 04:20:56.560 D/SPRDENG (  159): 36
01-01 04:20:56.560 D/SPRDENG (  159): 37
01-01 04:20:56.560 D/SPRDENG (  159): 65
01-01 04:20:56.560 D/SPRDENG (  159): 36
01-01 04:20:56.560 D/SPRDENG (  159): 61
01-01 04:20:56.560 D/SPRDENG (  159): 38
01-01 04:20:56.560 D/SPRDENG (  159): 37
01-01 04:20:56.560 D/SPRDENG (  159): 38
01-01 04:20:56.560 D/SPRDENG (  159): 66
01-01 04:20:56.560 D/SPRDENG (  159): 37
01-01 04:20:56.560 D/SPRDENG (  159): 65
01-01 04:20:56.560 D/SPRDENG (  159): 36
01-01 04:20:56.560 D/SPRDENG (  159): 61
01-01 04:20:56.560 D/SPRDENG (  159): 61
01-01 04:20:56.560 D/SPRDENG (  159): 38
01-01 04:20:56.560 D/SPRDENG (  159): 61
01-01 04:20:56.560 D/SPRDENG (  159): 30
01-01 04:20:56.560 D/SPRDENG (  159): 37
01-01 04:20:56.560 D/SPRDENG (  159): 64
01-01 04:20:56.560 D/SPRDENG (  159): 36
01-01 04:20:56.560 D/SPRDENG (  159): 61
01-01 04:20:56.560 D/SPRDENG (  159): 1a
01-01 04:20:56.560 D/SPRDENG (  159): eng_modem2server: use SIM1 /dev/CHNPTY13
01-01 04:20:56.560 D/SPRDENG (  159): AT < 
01-01 04:20:56.560 D/SPRDENG (  159): OK
01-01 04:20:56.560 D/SPRDENG (  159): 
01-01 04:20:56.560 E/        (  100): nvcal_recv_from_modem: Receive 1 Modem Response
01-01 04:20:56.560 E/        (  100): write_rf_nvconf_cmd: wifi recv_num =6, response=[
01-01 04:20:56.560 E/        (  100): OK
01-01 04:20:56.560 E/        (  100): ]
01-01 04:20:56.660 E/        (  100): write_rf_nvconf_cmd
01-01 04:20:56.660 E/        (  100): write_rf_nvconf_cmd: send [39,1,AT+SNVM=1,417]
01-01 04:20:56.660 E/        (  100): write data cmdbuf:[39,1,AT+SNVM=1,417]
01-01 04:20:56.660 E/        (  100): nvcal_send_to_modem
01-01 04:20:56.660 E/        (  100): nvcal_recv_from_modem: Waiting modem response ... fd=7
01-01 04:20:56.660 D/SPRDENG (  159): eng_servermodem_comm: use SIM1 /dev/CHNPTY13
01-01 04:20:56.660 D/SPRDENG (  159): AT > AT+SNVM=1,417
01-01 04:20:56.660 D/SPRDENG (  159): 41
01-01 04:20:56.660 D/SPRDENG (  159): 54
01-01 04:20:56.660 D/SPRDENG (  159): 2b
01-01 04:20:56.660 D/SPRDENG (  159): 53
01-01 04:20:56.660 D/SPRDENG (  159): 4e
01-01 04:20:56.660 D/SPRDENG (  159): 56
01-01 04:20:56.660 D/SPRDENG (  159): 4d
01-01 04:20:56.660 D/SPRDENG (  159): 3d
01-01 04:20:56.660 D/SPRDENG (  159): 31
01-01 04:20:56.660 D/SPRDENG (  159): 2c
01-01 04:20:56.660 D/SPRDENG (  159): 34
01-01 04:20:56.660 D/SPRDENG (  159): 31
01-01 04:20:56.660 D/SPRDENG (  159): 37
01-01 04:20:56.660 D/SPRDENG (  159): eng_modem2server: use SIM1 /dev/CHNPTY13
01-01 04:20:56.660 D/SPRDENG (  159): AT < 
01-01 04:20:56.660 D/SPRDENG (  159): > 
01-01 04:20:56.660 D/SPRDENG (  159): 
01-01 04:20:56.660 E/        (  100): nvcal_recv_from_modem: Receive 1 Modem Response
01-01 04:20:56.660 E/        (  100): recv from modem cmdbuf=[
01-01 04:20:56.660 E/        (  100): > 
01-01 04:20:56.660 E/        (  100): ]
01-01 04:20:56.760 E/        (  100): (strstr(cmdbuf, ">") != NULL)
01-01 04:20:56.760 E/        (  100): write_rf_nvconf_cmd: cmd_len[406], nv_len[400]
01-01 04:20:56.760 E/        (  100): write_rf_nvconf_cmd: cmd_buf:[39,1,1b0050021f00500221005002030050023d0050022000500224005002280050023d0050022000500224005002280050021c1c00001c1c000040020000000000000000000000000000000000000000000000000000000000000000000000000000000000000000000000000000000000000000000000000000bbbec2c61a231c2300000000000000001a231c2300000000000000001b231c2300000000000000001b231c2300000000000000001b231c2300000000000000000000000000000000000000002c000000]
01-01 04:20:56.760 E/        (  100): nvcal_send_to_modem
01-01 04:20:56.760 E/        (  100): nvcal_recv_from_modem: Waiting modem response ... fd=7
01-01 04:20:56.760 D/SPRDENG (  159): eng_servermodem_comm: use SIM1 /dev/CHNPTY13
01-01 04:20:56.760 D/SPRDENG (  159): AT > 1b0050021f00500221005002030050023d0050022000500224005002280050023d0050022000500224005002280050021c1c00001c1c000040020000000000000000000000000000000000000000000000000000000000000000000000000000000000000000000000000000000000000000000000000000bbbec2c61a231c2300000000000000001a231c2300000000000000001b231c2300000000000000001b231c2300000000000000001b231c2300000000000000000000000000000000000000002c000000
01-01 04:20:56.760 D/SPRDENG (  159): 31
01-01 04:20:56.760 D/SPRDENG (  159): 62
01-01 04:20:56.760 D/SPRDENG (  159): 30
01-01 04:20:56.760 D/SPRDENG (  159): 30
01-01 04:20:56.760 D/SPRDENG (  159): 35
01-01 04:20:56.760 D/SPRDENG (  159): 30
01-01 04:20:56.760 D/SPRDENG (  159): 30
01-01 04:20:56.760 D/SPRDENG (  159): 32
01-01 04:20:56.760 D/SPRDENG (  159): 31
01-01 04:20:56.760 D/SPRDENG (  159): 66
01-01 04:20:56.760 D/SPRDENG (  159): 30
01-01 04:20:56.760 D/SPRDENG (  159): 30
01-01 04:20:56.760 D/SPRDENG (  159): 35
01-01 04:20:56.760 D/SPRDENG (  159): 30
01-01 04:20:56.760 D/SPRDENG (  159): 30
01-01 04:20:56.760 D/SPRDENG (  159): 32
01-01 04:20:56.760 D/SPRDENG (  159): 32
01-01 04:20:56.760 D/SPRDENG (  159): 31
01-01 04:20:56.760 D/SPRDENG (  159): 30
01-01 04:20:56.760 D/SPRDENG (  159): 30
01-01 04:20:56.760 D/SPRDENG (  159): 35
01-01 04:20:56.760 D/SPRDENG (  159): 30
01-01 04:20:56.760 D/SPRDENG (  159): 30
01-01 04:20:56.760 D/SPRDENG (  159): 32
01-01 04:20:56.760 D/SPRDENG (  159): 30
01-01 04:20:56.760 D/SPRDENG (  159): 33
01-01 04:20:56.760 D/SPRDENG (  159): 30
01-01 04:20:56.760 D/SPRDENG (  159): 30
01-01 04:20:56.760 D/SPRDENG (  159): 35
01-01 04:20:56.760 D/SPRDENG (  159): 30
01-01 04:20:56.760 D/SPRDENG (  159): 30
01-01 04:20:56.760 D/SPRDENG (  159): 32
01-01 04:20:56.760 D/SPRDENG (  159): 33
01-01 04:20:56.760 D/SPRDENG (  159): 64
01-01 04:20:56.760 D/SPRDENG (  159): 30
01-01 04:20:56.760 D/SPRDENG (  159): 30
01-01 04:20:56.760 D/SPRDENG (  159): 35
01-01 04:20:56.760 D/SPRDENG (  159): 30
01-01 04:20:56.760 D/SPRDENG (  159): 30
01-01 04:20:56.760 D/SPRDENG (  159): 32
01-01 04:20:56.760 D/SPRDENG (  159): 32
01-01 04:20:56.760 D/SPRDENG (  159): 30
01-01 04:20:56.760 D/SPRDENG (  159): 30
01-01 04:20:56.760 D/SPRDENG (  159): 30
01-01 04:20:56.760 D/SPRDENG (  159): 35
01-01 04:20:56.760 D/SPRDENG (  159): 30
01-01 04:20:56.760 D/SPRDENG (  159): 30
01-01 04:20:56.760 D/SPRDENG (  159): 32
01-01 04:20:56.760 D/SPRDENG (  159): 32
01-01 04:20:56.760 D/SPRDENG (  159): 34
01-01 04:20:56.760 D/SPRDENG (  159): 30
01-01 04:20:56.760 D/SPRDENG (  159): 30
01-01 04:20:56.760 D/SPRDENG (  159): 35
01-01 04:20:56.760 D/SPRDENG (  159): 30
01-01 04:20:56.760 D/SPRDENG (  159): 30
01-01 04:20:56.760 D/SPRDENG (  159): 32
01-01 04:20:56.760 D/SPRDENG (  159): 32
01-01 04:20:56.760 D/SPRDENG (  159): 38
01-01 04:20:56.760 D/SPRDENG (  159): 30
01-01 04:20:56.760 D/SPRDENG (  159): 30
01-01 04:20:56.760 D/SPRDENG (  159): 35
01-01 04:20:56.760 D/SPRDENG (  159): 30
01-01 04:20:56.760 D/SPRDENG (  159): 30
01-01 04:20:56.760 D/SPRDENG (  159): 32
01-01 04:20:56.760 D/SPRDENG (  159): 33
01-01 04:20:56.760 D/SPRDENG (  159): 64
01-01 04:20:56.760 D/SPRDENG (  159): 30
01-01 04:20:56.760 D/SPRDENG (  159): 30
01-01 04:20:56.760 D/SPRDENG (  159): 35
01-01 04:20:56.760 D/SPRDENG (  159): 30
01-01 04:20:56.760 D/SPRDENG (  159): 30
01-01 04:20:56.760 D/SPRDENG (  159): 32
01-01 04:20:56.760 D/SPRDENG (  159): 32
01-01 04:20:56.760 D/SPRDENG (  159): 30
01-01 04:20:56.760 D/SPRDENG (  159): 30
01-01 04:20:56.760 D/SPRDENG (  159): 30
01-01 04:20:56.760 D/SPRDENG (  159): 35
01-01 04:20:56.760 D/SPRDENG (  159): 30
01-01 04:20:56.760 D/SPRDENG (  159): 30
01-01 04:20:56.760 D/SPRDENG (  159): 32
01-01 04:20:56.760 D/SPRDENG (  159): 32
01-01 04:20:56.760 D/SPRDENG (  159): 34
01-01 04:20:56.760 D/SPRDENG (  159): 30
01-01 04:20:56.760 D/SPRDENG (  159): 30
01-01 04:20:56.760 D/SPRDENG (  159): 35
01-01 04:20:56.760 D/SPRDENG (  159): 30
01-01 04:20:56.760 D/SPRDENG (  159): 30
01-01 04:20:56.760 D/SPRDENG (  159): 32
01-01 04:20:56.760 D/SPRDENG (  159): 32
01-01 04:20:56.760 D/SPRDENG (  159): 38
01-01 04:20:56.760 D/SPRDENG (  159): 30
01-01 04:20:56.760 D/SPRDENG (  159): 30
01-01 04:20:56.760 D/SPRDENG (  159): 35
01-01 04:20:56.760 D/SPRDENG (  159): 30
01-01 04:20:56.760 D/SPRDENG (  159): 30
01-01 04:20:56.760 D/SPRDENG (  159): 32
01-01 04:20:56.760 D/SPRDENG (  159): 31
01-01 04:20:56.760 D/SPRDENG (  159): 63
01-01 04:20:56.760 D/SPRDENG (  159): 31
01-01 04:20:56.760 D/SPRDENG (  159): 63
01-01 04:20:56.760 D/SPRDENG (  159): 30
01-01 04:20:56.760 D/SPRDENG (  159): 30
01-01 04:20:56.760 D/SPRDENG (  159): 30
01-01 04:20:56.760 D/SPRDENG (  159): 30
01-01 04:20:56.760 D/SPRDENG (  159): 31
01-01 04:20:56.760 D/SPRDENG (  159): 63
01-01 04:20:56.760 D/SPRDENG (  159): 31
01-01 04:20:56.760 D/SPRDENG (  159): 63
01-01 04:20:56.760 D/SPRDENG (  159): 30
01-01 04:20:56.760 D/SPRDENG (  159): 30
01-01 04:20:56.760 D/SPRDENG (  159): 30
01-01 04:20:56.760 D/SPRDENG (  159): 30
01-01 04:20:56.760 D/SPRDENG (  159): 34
01-01 04:20:56.760 D/SPRDENG (  159): 30
01-01 04:20:56.760 D/SPRDENG (  159): 30
01-01 04:20:56.760 D/SPRDENG (  159): 32
01-01 04:20:56.760 D/SPRDENG (  159): 30
01-01 04:20:56.760 D/SPRDENG (  159): 30
01-01 04:20:56.760 D/SPRDENG (  159): 30
01-01 04:20:56.760 D/SPRDENG (  159): 30
01-01 04:20:56.760 D/SPRDENG (  159): 30
01-01 04:20:56.760 D/SPRDENG (  159): 30
01-01 04:20:56.760 D/SPRDENG (  159): 30
01-01 04:20:56.760 D/SPRDENG (  159): 30
01-01 04:20:56.760 D/SPRDENG (  159): 30
01-01 04:20:56.760 D/SPRDENG (  159): 30
01-01 04:20:56.760 D/SPRDENG (  159): 30
01-01 04:20:56.760 D/SPRDENG (  159): 30
01-01 04:20:56.760 D/SPRDENG (  159): 30
01-01 04:20:56.760 D/SPRDENG (  159): 30
01-01 04:20:56.760 D/SPRDENG (  159): 30
01-01 04:20:56.760 D/SPRDENG (  159): 30
01-01 04:20:56.760 D/SPRDENG (  159): 30
01-01 04:20:56.760 D/SPRDENG (  159): 30
01-01 04:20:56.760 D/SPRDENG (  159): 30
01-01 04:20:56.760 D/SPRDENG (  159): 30
01-01 04:20:56.760 D/SPRDENG (  159): 30
01-01 04:20:56.760 D/SPRDENG (  159): 30
01-01 04:20:56.760 D/SPRDENG (  159): 30
01-01 04:20:56.760 D/SPRDENG (  159): 30
01-01 04:20:56.760 D/SPRDENG (  159): 30
01-01 04:20:56.760 D/SPRDENG (  159): 30
01-01 04:20:56.760 D/SPRDENG (  159): 30
01-01 04:20:56.760 D/SPRDENG (  159): 30
01-01 04:20:56.760 D/SPRDENG (  159): 30
01-01 04:20:56.760 D/SPRDENG (  159): 30
01-01 04:20:56.760 D/SPRDENG (  159): 30
01-01 04:20:56.760 D/SPRDENG (  159): 30
01-01 04:20:56.760 D/SPRDENG (  159): 30
01-01 04:20:56.760 D/SPRDENG (  159): 30
01-01 04:20:56.760 D/SPRDENG (  159): 30
01-01 04:20:56.760 D/SPRDENG (  159): 30
01-01 04:20:56.760 D/SPRDENG (  159): 30
01-01 04:20:56.760 D/SPRDENG (  159): 30
01-01 04:20:56.760 D/SPRDENG (  159): 30
01-01 04:20:56.760 D/SPRDENG (  159): 30
01-01 04:20:56.760 D/SPRDENG (  159): 30
01-01 04:20:56.760 D/SPRDENG (  159): 30
01-01 04:20:56.760 D/SPRDENG (  159): 30
01-01 04:20:56.760 D/SPRDENG (  159): 30
01-01 04:20:56.760 D/SPRDENG (  159): 30
01-01 04:20:56.760 D/SPRDENG (  159): 30
01-01 04:20:56.760 D/SPRDENG (  159): 30
01-01 04:20:56.760 D/SPRDENG (  159): 30
01-01 04:20:56.760 D/SPRDENG (  159): 30
01-01 04:20:56.760 D/SPRDENG (  159): 30
01-01 04:20:56.760 D/SPRDENG (  159): 30
01-01 04:20:56.760 D/SPRDENG (  159): 30
01-01 04:20:56.760 D/SPRDENG (  159): 30
01-01 04:20:56.760 D/SPRDENG (  159): 30
01-01 04:20:56.760 D/SPRDENG (  159): 30
01-01 04:20:56.760 D/SPRDENG (  159): 30
01-01 04:20:56.760 D/SPRDENG (  159): 30
01-01 04:20:56.760 D/SPRDENG (  159): 30
01-01 04:20:56.760 D/SPRDENG (  159): 30
01-01 04:20:56.760 D/SPRDENG (  159): 30
01-01 04:20:56.760 D/SPRDENG (  159): 30
01-01 04:20:56.760 D/SPRDENG (  159): 30
01-01 04:20:56.760 D/SPRDENG (  159): 30
01-01 04:20:56.760 D/SPRDENG (  159): 30
01-01 04:20:56.760 D/SPRDENG (  159): 30
01-01 04:20:56.760 D/SPRDENG (  159): 30
01-01 04:20:56.760 D/SPRDENG (  159): 30
01-01 04:20:56.760 D/SPRDENG (  159): 30
01-01 04:20:56.760 D/SPRDENG (  159): 30
01-01 04:20:56.760 D/SPRDENG (  159): 30
01-01 04:20:56.760 D/SPRDENG (  159): 30
01-01 04:20:56.760 D/SPRDENG (  159): 30
01-01 04:20:56.760 D/SPRDENG (  159): 30
01-01 04:20:56.760 D/SPRDENG (  159): 30
01-01 04:20:56.760 D/SPRDENG (  159): 30
01-01 04:20:56.760 D/SPRDENG (  159): 30
01-01 04:20:56.760 D/SPRDENG (  159): 30
01-01 04:20:56.760 D/SPRDENG (  159): 30
01-01 04:20:56.760 D/SPRDENG (  159): 30
01-01 04:20:56.760 D/SPRDENG (  159): 30
01-01 04:20:56.760 D/SPRDENG (  159): 30
01-01 04:20:56.760 D/SPRDENG (  159): 30
01-01 04:20:56.760 D/SPRDENG (  159): 30
01-01 04:20:56.760 D/SPRDENG (  159): 30
01-01 04:20:56.760 D/SPRDENG (  159): 30
01-01 04:20:56.760 D/SPRDENG (  159): 30
01-01 04:20:56.760 D/SPRDENG (  159): 30
01-01 04:20:56.760 D/SPRDENG (  159): 30
01-01 04:20:56.760 D/SPRDENG (  159): 30
01-01 04:20:56.760 D/SPRDENG (  159): 30
01-01 04:20:56.760 D/SPRDENG (  159): 30
01-01 04:20:56.760 D/SPRDENG (  159): 30
01-01 04:20:56.760 D/SPRDENG (  159): 30
01-01 04:20:56.760 D/SPRDENG (  159): 30
01-01 04:20:56.760 D/SPRDENG (  159): 30
01-01 04:20:56.760 D/SPRDENG (  159): 30
01-01 04:20:56.760 D/SPRDENG (  159): 30
01-01 04:20:56.760 D/SPRDENG (  159): 30
01-01 04:20:56.760 D/SPRDENG (  159): 30
01-01 04:20:56.760 D/SPRDENG (  159): 30
01-01 04:20:56.760 D/SPRDENG (  159): 30
01-01 04:20:56.760 D/SPRDENG (  159): 30
01-01 04:20:56.760 D/SPRDENG (  159): 30
01-01 04:20:56.760 D/SPRDENG (  159): 30
01-01 04:20:56.760 D/SPRDENG (  159): 30
01-01 04:20:56.760 D/SPRDENG (  159): 30
01-01 04:20:56.760 D/SPRDENG (  159): 30
01-01 04:20:56.760 D/SPRDENG (  159): 30
01-01 04:20:56.760 D/SPRDENG (  159): 30
01-01 04:20:56.760 D/SPRDENG (  159): 30
01-01 04:20:56.760 D/SPRDENG (  159): 30
01-01 04:20:56.760 D/SPRDENG (  159): 30
01-01 04:20:56.760 D/SPRDENG (  159): 30
01-01 04:20:56.760 D/SPRDENG (  159): 30
01-01 04:20:56.760 D/SPRDENG (  159): 30
01-01 04:20:56.760 D/SPRDENG (  159): 30
01-01 04:20:56.760 D/SPRDENG (  159): 30
01-01 04:20:56.760 D/SPRDENG (  159): 30
01-01 04:20:56.760 D/SPRDENG (  159): 30
01-01 04:20:56.760 D/SPRDENG (  159): 30
01-01 04:20:56.760 D/SPRDENG (  159): 30
01-01 04:20:56.760 D/SPRDENG (  159): 30
01-01 04:20:56.760 D/SPRDENG (  159): 30
01-01 04:20:56.760 D/SPRDENG (  159): 30
01-01 04:20:56.760 D/SPRDENG (  159): 62
01-01 04:20:56.760 D/SPRDENG (  159): 62
01-01 04:20:56.760 D/SPRDENG (  159): 62
01-01 04:20:56.760 D/SPRDENG (  159): 65
01-01 04:20:56.760 D/SPRDENG (  159): 63
01-01 04:20:56.760 D/SPRDENG (  159): 32
01-01 04:20:56.760 D/SPRDENG (  159): 63
01-01 04:20:56.760 D/SPRDENG (  159): 36
01-01 04:20:56.760 D/SPRDENG (  159): 31
01-01 04:20:56.760 D/SPRDENG (  159): 61
01-01 04:20:56.760 D/SPRDENG (  159): 32
01-01 04:20:56.760 D/SPRDENG (  159): 33
01-01 04:20:56.760 D/SPRDENG (  159): 31
01-01 04:20:56.760 D/SPRDENG (  159): 63
01-01 04:20:56.760 D/SPRDENG (  159): 32
01-01 04:20:56.760 D/SPRDENG (  159): 33
01-01 04:20:56.760 D/SPRDENG (  159): 30
01-01 04:20:56.760 D/SPRDENG (  159): 30
01-01 04:20:56.760 D/SPRDENG (  159): 30
01-01 04:20:56.760 D/SPRDENG (  159): 30
01-01 04:20:56.760 D/SPRDENG (  159): 30
01-01 04:20:56.760 D/SPRDENG (  159): 30
01-01 04:20:56.760 D/SPRDENG (  159): 30
01-01 04:20:56.760 D/SPRDENG (  159): 30
01-01 04:20:56.760 D/SPRDENG (  159): 30
01-01 04:20:56.760 D/SPRDENG (  159): 30
01-01 04:20:56.760 D/SPRDENG (  159): 30
01-01 04:20:56.760 D/SPRDENG (  159): 30
01-01 04:20:56.760 D/SPRDENG (  159): 30
01-01 04:20:56.760 D/SPRDENG (  159): 30
01-01 04:20:56.760 D/SPRDENG (  159): 30
01-01 04:20:56.760 D/SPRDENG (  159): 30
01-01 04:20:56.760 D/SPRDENG (  159): 31
01-01 04:20:56.760 D/SPRDENG (  159): 61
01-01 04:20:56.760 D/SPRDENG (  159): 32
01-01 04:20:56.760 D/SPRDENG (  159): 33
01-01 04:20:56.760 D/SPRDENG (  159): 31
01-01 04:20:56.760 D/SPRDENG (  159): 63
01-01 04:20:56.760 D/SPRDENG (  159): 32
01-01 04:20:56.760 D/SPRDENG (  159): 33
01-01 04:20:56.760 D/SPRDENG (  159): 30
01-01 04:20:56.760 D/SPRDENG (  159): 30
01-01 04:20:56.760 D/SPRDENG (  159): 30
01-01 04:20:56.760 D/SPRDENG (  159): 30
01-01 04:20:56.760 D/SPRDENG (  159): 30
01-01 04:20:56.760 D/SPRDENG (  159): 30
01-01 04:20:56.760 D/SPRDENG (  159): 30
01-01 04:20:56.760 D/SPRDENG (  159): 30
01-01 04:20:56.760 D/SPRDENG (  159): 30
01-01 04:20:56.760 D/SPRDENG (  159): 30
01-01 04:20:56.760 D/SPRDENG (  159): 30
01-01 04:20:56.760 D/SPRDENG (  159): 30
01-01 04:20:56.760 D/SPRDENG (  159): 30
01-01 04:20:56.760 D/SPRDENG (  159): 30
01-01 04:20:56.760 D/SPRDENG (  159): 30
01-01 04:20:56.760 D/SPRDENG (  159): 30
01-01 04:20:56.760 D/SPRDENG (  159): 31
01-01 04:20:56.760 D/SPRDENG (  159): 62
01-01 04:20:56.760 D/SPRDENG (  159): 32
01-01 04:20:56.760 D/SPRDENG (  159): 33
01-01 04:20:56.760 D/SPRDENG (  159): 31
01-01 04:20:56.760 D/SPRDENG (  159): 63
01-01 04:20:56.760 D/SPRDENG (  159): 32
01-01 04:20:56.760 D/SPRDENG (  159): 33
01-01 04:20:56.760 D/SPRDENG (  159): 30
01-01 04:20:56.760 D/SPRDENG (  159): 30
01-01 04:20:56.760 D/SPRDENG (  159): 30
01-01 04:20:56.760 D/SPRDENG (  159): 30
01-01 04:20:56.760 D/SPRDENG (  159): 30
01-01 04:20:56.760 D/SPRDENG (  159): 30
01-01 04:20:56.760 D/SPRDENG (  159): 30
01-01 04:20:56.760 D/SPRDENG (  159): 30
01-01 04:20:56.760 D/SPRDENG (  159): 30
01-01 04:20:56.760 D/SPRDENG (  159): 30
01-01 04:20:56.760 D/SPRDENG (  159): 30
01-01 04:20:56.760 D/SPRDENG (  159): 30
01-01 04:20:56.760 D/SPRDENG (  159): 30
01-01 04:20:56.760 D/SPRDENG (  159): 30
01-01 04:20:56.760 D/SPRDENG (  159): 30
01-01 04:20:56.760 D/SPRDENG (  159): 30
01-01 04:20:56.760 D/SPRDENG (  159): 31
01-01 04:20:56.760 D/SPRDENG (  159): 62
01-01 04:20:56.760 D/SPRDENG (  159): 32
01-01 04:20:56.760 D/SPRDENG (  159): 33
01-01 04:20:56.760 D/SPRDENG (  159): 31
01-01 04:20:56.760 D/SPRDENG (  159): 63
01-01 04:20:56.760 D/SPRDENG (  159): 32
01-01 04:20:56.760 D/SPRDENG (  159): 33
01-01 04:20:56.760 D/SPRDENG (  159): 30
01-01 04:20:56.760 D/SPRDENG (  159): 30
01-01 04:20:56.760 D/SPRDENG (  159): 30
01-01 04:20:56.760 D/SPRDENG (  159): 30
01-01 04:20:56.760 D/SPRDENG (  159): 30
01-01 04:20:56.760 D/SPRDENG (  159): 30
01-01 04:20:56.760 D/SPRDENG (  159): 30
01-01 04:20:56.760 D/SPRDENG (  159): 30
01-01 04:20:56.760 D/SPRDENG (  159): 30
01-01 04:20:56.760 D/SPRDENG (  159): 30
01-01 04:20:56.760 D/SPRDENG (  159): 30
01-01 04:20:56.760 D/SPRDENG (  159): 30
01-01 04:20:56.760 D/SPRDENG (  159): 30
01-01 04:20:56.760 D/SPRDENG (  159): 30
01-01 04:20:56.760 D/SPRDENG (  159): 30
01-01 04:20:56.760 D/SPRDENG (  159): 30
01-01 04:20:56.760 D/SPRDENG (  159): 31
01-01 04:20:56.760 D/SPRDENG (  159): 62
01-01 04:20:56.760 D/SPRDENG (  159): 32
01-01 04:20:56.760 D/SPRDENG (  159): 33
01-01 04:20:56.760 D/SPRDENG (  159): 31
01-01 04:20:56.760 D/SPRDENG (  159): 63
01-01 04:20:56.760 D/SPRDENG (  159): 32
01-01 04:20:56.760 D/SPRDENG (  159): 33
01-01 04:20:56.760 D/SPRDENG (  159): 30
01-01 04:20:56.760 D/SPRDENG (  159): 30
01-01 04:20:56.760 D/SPRDENG (  159): 30
01-01 04:20:56.760 D/SPRDENG (  159): 30
01-01 04:20:56.760 D/SPRDENG (  159): 30
01-01 04:20:56.760 D/SPRDENG (  159): 30
01-01 04:20:56.760 D/SPRDENG (  159): 30
01-01 04:20:56.760 D/SPRDENG (  159): 30
01-01 04:20:56.760 D/SPRDENG (  159): 30
01-01 04:20:56.760 D/SPRDENG (  159): 30
01-01 04:20:56.760 D/SPRDENG (  159): 30
01-01 04:20:56.760 D/SPRDENG (  159): 30
01-01 04:20:56.760 D/SPRDENG (  159): 30
01-01 04:20:56.760 D/SPRDENG (  159): 30
01-01 04:20:56.760 D/SPRDENG (  159): 30
01-01 04:20:56.760 D/SPRDENG (  159): 30
01-01 04:20:56.760 D/SPRDENG (  159): 30
01-01 04:20:56.760 D/SPRDENG (  159): 30
01-01 04:20:56.760 D/SPRDENG (  159): 30
01-01 04:20:56.760 D/SPRDENG (  159): 30
01-01 04:20:56.760 D/SPRDENG (  159): 30
01-01 04:20:56.760 D/SPRDENG (  159): 30
01-01 04:20:56.760 D/SPRDENG (  159): 30
01-01 04:20:56.760 D/SPRDENG (  159): 30
01-01 04:20:56.760 D/SPRDENG (  159): 30
01-01 04:20:56.760 D/SPRDENG (  159): 30
01-01 04:20:56.760 D/SPRDENG (  159): 30
01-01 04:20:56.760 D/SPRDENG (  159): 30
01-01 04:20:56.760 D/SPRDENG (  159): 30
01-01 04:20:56.760 D/SPRDENG (  159): 30
01-01 04:20:56.760 D/SPRDENG (  159): 30
01-01 04:20:56.760 D/SPRDENG (  159): 30
01-01 04:20:56.760 D/SPRDENG (  159): 30
01-01 04:20:56.760 D/SPRDENG (  159): 30
01-01 04:20:56.760 D/SPRDENG (  159): 30
01-01 04:20:56.760 D/SPRDENG (  159): 30
01-01 04:20:56.760 D/SPRDENG (  159): 30
01-01 04:20:56.760 D/SPRDENG (  159): 30
01-01 04:20:56.760 D/SPRDENG (  159): 30
01-01 04:20:56.760 D/SPRDENG (  159): 30
01-01 04:20:56.760 D/SPRDENG (  159): 32
01-01 04:20:56.760 D/SPRDENG (  159): 63
01-01 04:20:56.760 D/SPRDENG (  159): 30
01-01 04:20:56.760 D/SPRDENG (  159): 30
01-01 04:20:56.760 D/SPRDENG (  159): 30
01-01 04:20:56.760 D/SPRDENG (  159): 30
01-01 04:20:56.760 D/SPRDENG (  159): 30
01-01 04:20:56.760 D/SPRDENG (  159): 30
01-01 04:20:56.760 D/SPRDENG (  159): 1a
01-01 04:20:56.770 D/SPRDENG (  159): eng_modem2server: use SIM1 /dev/CHNPTY13
01-01 04:20:56.770 D/SPRDENG (  159): AT < 
01-01 04:20:56.770 D/SPRDENG (  159): OK
01-01 04:20:56.770 D/SPRDENG (  159): 
01-01 04:20:56.770 E/        (  100): nvcal_recv_from_modem: Receive 1 Modem Response
01-01 04:20:56.770 E/        (  100): write_rf_nvconf_cmd: wifi recv_num =6, response=[
01-01 04:20:56.770 E/        (  100): OK
01-01 04:20:56.770 E/        (  100): ]
01-01 04:20:56.790 I/power   (   81): *** set_screen_state 1
01-01 04:20:56.800 D/Sensors (   81): activate handle=3; drv=1
01-01 04:20:56.800 D/Sensors (   81): SensorTMD2771::setEnable=0= en=1; newState=1; what=0; mEnabled=0
01-01 04:20:56.870 E/eng_rf_nv_update(  100): [set_rf_nvconf]: NV updated OK!
01-01 04:20:56.870 E/eng_rf_nv_update(  100): [save_rf_nv_to_bak_file] NV data save to bake file OK
01-01 04:20:56.870 E/eng_rf_nv_update(  100): [eng_rf_nv_update]: end eng rf nv update!
01-01 04:20:56.870 I/logwrapper(   80): /system/bin/eng_rf_nv_update terminated by exit(0)
01-01 04:20:57.020 D/Sensors (   81): taos ---Light::TAOS_IOCTL_ALS_ON=== err=0
01-01 04:20:57.020 D/Sensors (   81): SensorTMD2771::setEnable=1= en=1; newState=1; what=0; mEnabled=1
01-01 04:20:57.020 D/Sensors (   81): SensorTMD2771::getEnable===mEnabled=0x1; enable=1
01-01 04:20:57.060 I/GeckoDump(   81): XXX FIXME : Got a mozContentEvent: nfc-hardware-state-change
01-01 04:20:57.100 I/GeckoDump(   81): XXX FIXME : Got a mozContentEvent: system-message-listener-ready
01-01 04:20:57.180 I/Gecko:ProcessPriorityManager(   81): [(Preallocated), child-id=2, pid=367] Creating ParticularProcessPriorityManager.
01-01 04:20:57.180 I/Gecko:ProcessPriorityManager(   81): [(Preallocated), child-id=2, pid=367] Done starting up.  mHoldsCPUWakeLock=0, mHoldsHighPriorityWakeLock=0
01-01 04:20:57.180 I/Gecko:ProcessPriorityManager(   81): [(Preallocated), child-id=2, pid=367] Changing priority from UNKNOWN:CPU_NORMAL to MASTER:CPU_NORMAL.
01-01 04:20:57.180 I/Gonk    (   81): Setting nice for pid 367 to 0
01-01 04:20:57.180 I/Gonk    (   81): Changed nice for pid 367 from 0 to 0.
01-01 04:20:57.820 I/Gecko   (   81): 1325409657830	Marionette	INFO	loaded marionette-listener.js
01-01 04:20:57.820 I/Gecko   (   81): 1325409657832	Marionette	INFO	sendToClient: {"from":"0","value":"3-b2g"}, {93f09351-e0e7-419a-88fc-3b6dfb11b3eb}, {93f09351-e0e7-419a-88fc-3b6dfb11b3eb}
01-01 04:20:57.980 E/GeckoConsole(   81): [JavaScript Error: "TypeError: widgetFrame is undefined" {file: "app://system.gaiamobile.org/js/cost_control.js" line: 119}]
01-01 04:20:58.340 I/Gecko   (   81): 1325409658352	Marionette	INFO	sendToClient: {"from":"0","value":{"ELEMENT":"{990960de-e5b3-4563-82db-6794d61eac6b}"}}, {a6cac91a-fc2d-4e1f-a50b-28fe3f07bd29}, {a6cac91a-fc2d-4e1f-a50b-28fe3f07bd29}
01-01 04:20:58.430 I/Gecko   (   81): 1325409658434	Marionette	INFO	sendToClient: {"from":"0","value":false}, {cc989d4c-e029-4108-9079-8a584716267b}, {cc989d4c-e029-4108-9079-8a584716267b}
01-01 04:20:58.540 I/Gecko   (   81): 1325409658546	Marionette	INFO	sendToClient: {"from":"0","value":{"ELEMENT":"{990960de-e5b3-4563-82db-6794d61eac6b}"}}, {f45c69f4-01f7-4894-84d2-6b765fc02aee}, {f45c69f4-01f7-4894-84d2-6b765fc02aee}
01-01 04:20:58.650 I/Gecko   (   81): 1325409658656	Marionette	INFO	sendToClient: {"from":"0","value":false}, {bc4aec56-f2b2-49bc-a089-00d55337eb6f}, {bc4aec56-f2b2-49bc-a089-00d55337eb6f}
01-01 04:20:58.780 I/Gecko   (   81): 1325409658788	Marionette	INFO	sendToClient: {"from":"0","value":{"ELEMENT":"{990960de-e5b3-4563-82db-6794d61eac6b}"}}, {5c14a897-4cb4-41da-91ba-69c6433c3ae6}, {5c14a897-4cb4-41da-91ba-69c6433c3ae6}
01-01 04:20:58.810 I/Gecko   (   81): 1325409658820	Marionette	INFO	sendToClient: {"from":"0","value":false}, {36734c86-5736-4001-9e31-6007ea0933c9}, {36734c86-5736-4001-9e31-6007ea0933c9}
01-01 04:20:59.010 I/GeckoDump(   81): XXX FIXME : Got a mozContentEvent: accessibility-screenreader
01-01 04:20:59.070 I/GeckoDump(   81): XXX FIXME : Got a mozContentEvent: nfc-hardware-state-change
01-01 04:20:59.320 E/WifiHW  (   81): Leo ensure_config_file_exists config_file=/data/misc/wifi/wpa_supplicant.conf
01-01 04:20:59.330 E/WifiHW  (   81): daemon_cmd=wpa_supplicant:-iwlan0 -c/data/misc/wifi/wpa_supplicant.conf
01-01 04:20:59.350 I/Gecko   (   81): 1325409659355	Marionette	INFO	sendToClient: {"from":"0","value":{"ELEMENT":"{990960de-e5b3-4563-82db-6794d61eac6b}"}}, {258b1b03-e043-47e8-ab5e-19df0ae67b62}, {258b1b03-e043-47e8-ab5e-19df0ae67b62}
01-01 04:20:59.550 I/Gecko   (   81): 1325409659560	Marionette	INFO	sendToClient: {"from":"0","value":true}, {12afb999-000a-44d2-83e3-7210b7897b1d}, {12afb999-000a-44d2-83e3-7210b7897b1d}
01-01 04:20:59.750 I/FMRadio (   81): FMRadio is initialized.
01-01 04:20:59.880 E/GeckoConsole(   81): Content JS ERROR at app://system.gaiamobile.org/js/telephony_settings.js:23 in set_vpm_error: Error setting voice privacy.
01-01 04:20:59.890 E/GeckoConsole(   81): Content JS ERROR at app://system.gaiamobile.org/js/telephony_settings.js:23 in set_vpm_error: Error setting voice privacy.
01-01 04:21:00.100 E/GeckoConsole(   81): Content JS ERROR at app://system.gaiamobile.org/js/telephony_settings.js:42 in set_vpm_error: Error roaming preference.
01-01 04:21:00.100 E/GeckoConsole(   81): Content JS ERROR at app://system.gaiamobile.org/js/telephony_settings.js:42 in set_vpm_error: Error roaming preference.
01-01 04:21:00.170 W/WifiHW  (   81): wifi_command: LOG_LEVEL
01-01 04:21:00.170 W/WifiHW  (   81): wifi_command: STATUS
01-01 04:21:00.190 W/WifiHW  (   81): wifi_command: LIST_NETWORKS
01-01 04:21:00.190 W/WifiHW  (   81): wifi_command: DRIVER MACADDR
01-01 04:21:00.200 W/WifiHW  (   81): wifi_command: GET_NETWORK 0 ssid
01-01 04:21:00.200 W/WifiHW  (   81): wifi_command: GET_NETWORK 0 bssid
01-01 04:21:00.200 W/WifiHW  (   81): wifi_command: GET_NETWORK 0 psk
01-01 04:21:00.200 W/WifiHW  (   81): wifi_command: GET_NETWORK 0 wep_key0
01-01 04:21:00.200 W/WifiHW  (   81): wifi_command: GET_NETWORK 0 wep_key1
01-01 04:21:00.200 W/WifiHW  (   81): wifi_command: GET_NETWORK 0 wep_key2
01-01 04:21:00.200 W/WifiHW  (   81): wifi_command: GET_NETWORK 0 wep_key3
01-01 04:21:00.210 W/WifiHW  (   81): wifi_command: GET_NETWORK 0 wep_tx_keyidx
01-01 04:21:00.210 W/WifiHW  (   81): wifi_command: GET_NETWORK 0 priority
01-01 04:21:00.220 W/WifiHW  (   81): wifi_command: GET_NETWORK 0 key_mgmt
01-01 04:21:00.220 W/WifiHW  (   81): wifi_command: GET_NETWORK 0 scan_ssid
01-01 04:21:00.220 W/WifiHW  (   81): wifi_command: GET_NETWORK 0 disabled
01-01 04:21:00.220 W/WifiHW  (   81): wifi_command: GET_NETWORK 0 identity
01-01 04:21:00.220 W/WifiHW  (   81): wifi_command: GET_NETWORK 0 password
01-01 04:21:00.220 W/WifiHW  (   81): wifi_command: GET_NETWORK 0 auth_alg
01-01 04:21:00.220 W/WifiHW  (   81): wifi_command: GET_NETWORK 0 phase1
01-01 04:21:00.220 W/WifiHW  (   81): wifi_command: GET_NETWORK 0 phase2
01-01 04:21:00.220 W/WifiHW  (   81): wifi_command: GET_NETWORK 0 eap
01-01 04:21:00.220 W/WifiHW  (   81): wifi_command: GET_NETWORK 0 pin
01-01 04:21:00.220 W/WifiHW  (   81): wifi_command: GET_NETWORK 0 pcsc
01-01 04:21:00.220 W/WifiHW  (   81): wifi_command: GET_NETWORK 1 ssid
01-01 04:21:00.220 W/WifiHW  (   81): wifi_command: GET_NETWORK 1 bssid
01-01 04:21:00.230 W/WifiHW  (   81): wifi_command: GET_NETWORK 1 psk
01-01 04:21:00.230 W/WifiHW  (   81): wifi_command: GET_NETWORK 1 wep_key0
01-01 04:21:00.230 W/WifiHW  (   81): wifi_command: GET_NETWORK 1 wep_key1
01-01 04:21:00.230 W/WifiHW  (   81): wifi_command: GET_NETWORK 1 wep_key2
01-01 04:21:00.230 W/WifiHW  (   81): wifi_command: GET_NETWORK 1 wep_key3
01-01 04:21:00.230 W/WifiHW  (   81): wifi_command: GET_NETWORK 1 wep_tx_keyidx
01-01 04:21:00.230 W/WifiHW  (   81): wifi_command: GET_NETWORK 1 priority
01-01 04:21:00.230 W/WifiHW  (   81): wifi_command: GET_NETWORK 1 key_mgmt
01-01 04:21:00.230 W/WifiHW  (   81): wifi_command: GET_NETWORK 1 scan_ssid
01-01 04:21:00.230 W/WifiHW  (   81): wifi_command: GET_NETWORK 1 disabled
01-01 04:21:00.230 W/WifiHW  (   81): wifi_command: GET_NETWORK 1 identity
01-01 04:21:00.230 W/WifiHW  (   81): wifi_command: GET_NETWORK 1 password
01-01 04:21:00.230 W/WifiHW  (   81): wifi_command: GET_NETWORK 1 auth_alg
01-01 04:21:00.230 W/WifiHW  (   81): wifi_command: GET_NETWORK 1 phase1
01-01 04:21:00.240 W/WifiHW  (   81): wifi_command: GET_NETWORK 1 phase2
01-01 04:21:00.240 W/WifiHW  (   81): wifi_command: GET_NETWORK 1 eap
01-01 04:21:00.250 W/WifiHW  (   81): wifi_command: GET_NETWORK 1 pin
01-01 04:21:00.250 W/WifiHW  (   81): wifi_command: GET_NETWORK 1 pcsc
01-01 04:21:00.250 W/WifiHW  (   81): wifi_command: GET_NETWORK 2 ssid
01-01 04:21:00.250 W/WifiHW  (   81): wifi_command: GET_NETWORK 2 bssid
01-01 04:21:00.250 W/WifiHW  (   81): wifi_command: GET_NETWORK 2 psk
01-01 04:21:00.250 W/WifiHW  (   81): wifi_command: GET_NETWORK 2 wep_key0
01-01 04:21:00.250 W/WifiHW  (   81): wifi_command: GET_NETWORK 2 wep_key1
01-01 04:21:00.250 W/WifiHW  (   81): wifi_command: GET_NETWORK 2 wep_key2
01-01 04:21:00.250 W/WifiHW  (   81): wifi_command: GET_NETWORK 2 wep_key3
01-01 04:21:00.250 W/WifiHW  (   81): wifi_command: GET_NETWORK 2 wep_tx_keyidx
01-01 04:21:00.250 W/WifiHW  (   81): wifi_command: GET_NETWORK 2 priority
01-01 04:21:00.250 W/WifiHW  (   81): wifi_command: GET_NETWORK 2 key_mgmt
01-01 04:21:00.260 W/WifiHW  (   81): wifi_command: GET_NETWORK 2 scan_ssid
01-01 04:21:00.260 W/WifiHW  (   81): wifi_command: GET_NETWORK 2 disabled
01-01 04:21:00.260 W/WifiHW  (   81): wifi_command: GET_NETWORK 2 identity
01-01 04:21:00.260 W/WifiHW  (   81): wifi_command: GET_NETWORK 2 password
01-01 04:21:00.260 W/WifiHW  (   81): wifi_command: GET_NETWORK 2 auth_alg
01-01 04:21:00.260 W/WifiHW  (   81): wifi_command: GET_NETWORK 2 phase1
01-01 04:21:00.260 W/WifiHW  (   81): wifi_command: GET_NETWORK 2 phase2
01-01 04:21:00.260 W/WifiHW  (   81): wifi_command: GET_NETWORK 2 eap
01-01 04:21:00.260 W/WifiHW  (   81): wifi_command: GET_NETWORK 2 pin
01-01 04:21:00.260 W/WifiHW  (   81): wifi_command: GET_NETWORK 2 pcsc
01-01 04:21:00.260 W/WifiHW  (   81): wifi_command: GET_NETWORK 3 ssid
01-01 04:21:00.260 W/WifiHW  (   81): wifi_command: GET_NETWORK 3 bssid
01-01 04:21:00.260 W/WifiHW  (   81): wifi_command: GET_NETWORK 3 psk
01-01 04:21:00.260 W/WifiHW  (   81): wifi_command: GET_NETWORK 3 wep_key0
01-01 04:21:00.270 W/WifiHW  (   81): wifi_command: GET_NETWORK 3 wep_key1
01-01 04:21:00.270 W/WifiHW  (   81): wifi_command: GET_NETWORK 3 wep_key2
01-01 04:21:00.280 W/WifiHW  (   81): wifi_command: GET_NETWORK 3 wep_key3
01-01 04:21:00.280 W/WifiHW  (   81): wifi_command: GET_NETWORK 3 wep_tx_keyidx
01-01 04:21:00.280 W/WifiHW  (   81): wifi_command: GET_NETWORK 3 priority
01-01 04:21:00.280 W/WifiHW  (   81): wifi_command: GET_NETWORK 3 key_mgmt
01-01 04:21:00.280 W/WifiHW  (   81): wifi_command: GET_NETWORK 3 scan_ssid
01-01 04:21:00.280 W/WifiHW  (   81): wifi_command: GET_NETWORK 3 disabled
01-01 04:21:00.280 W/WifiHW  (   81): wifi_command: GET_NETWORK 3 identity
01-01 04:21:00.280 W/WifiHW  (   81): wifi_command: GET_NETWORK 3 password
01-01 04:21:00.280 W/WifiHW  (   81): wifi_command: GET_NETWORK 3 auth_alg
01-01 04:21:00.280 W/WifiHW  (   81): wifi_command: GET_NETWORK 3 phase1
01-01 04:21:00.280 W/WifiHW  (   81): wifi_command: GET_NETWORK 3 phase2
01-01 04:21:00.280 W/WifiHW  (   81): wifi_command: GET_NETWORK 3 eap
01-01 04:21:00.280 W/WifiHW  (   81): wifi_command: GET_NETWORK 3 pin
01-01 04:21:00.290 W/WifiHW  (   81): wifi_command: GET_NETWORK 3 pcsc
01-01 04:21:00.350 W/WifiHW  (   81): wifi_command: ENABLE_NETWORK 0
01-01 04:21:00.350 W/WifiHW  (   81): wifi_command: ENABLE_NETWORK 1
01-01 04:21:00.360 W/WifiHW  (   81): wifi_command: ENABLE_NETWORK 2
01-01 04:21:00.360 W/WifiHW  (   81): wifi_command: ENABLE_NETWORK 3
01-01 04:21:00.360 W/WifiHW  (   81): wifi_command: AP_SCAN 1
01-01 04:21:00.380 W/WifiHW  (   81): wifi_command: SAVE_CONFIG
01-01 04:21:00.560 I/Gecko:ProcessPriorityManager(   81): [Homescreen, child-id=2, pid=367] Changing priority from MASTER:CPU_NORMAL to FOREGROUND:CPU_NORMAL.
01-01 04:21:00.560 I/Gonk    (   81): Setting nice for pid 367 to 1
01-01 04:21:00.560 I/Gonk    (   81): Changed nice for pid 367 from 0 to 1.
01-01 04:21:00.560 I/Gecko:ProcessPriorityManager(   81): Making background LRU pool with size(3)
01-01 04:21:00.560 I/Gecko:ProcessPriorityManager(   81): KillBackgroundApps
01-01 04:21:00.560 I/Gecko   (   81): [Parent 81] WARNING: waitpid failed pid:367 errno:10: file /var/lib/jenkins/jobs/B2G.v1.3.0.Tarako/workspace/gecko/ipc/chromium/src/base/process_util_posix.cc, line 254
01-01 04:21:00.770 E/[Gralloc-ERROR](   81): int gralloc_register_buffer(const gralloc_module_t*, const native_handle_t*):79 Unable to register handle 0x4611a880 coming from different process: 81
01-01 04:21:00.780 E/[Gralloc-ERROR](   81): int gralloc_register_buffer(const gralloc_module_t*, const native_handle_t*):79 Unable to register handle 0x4611ac90 coming from different process: 81
01-01 04:21:00.900 E/[Gralloc-ERROR](   81): int gralloc_register_buffer(const gralloc_module_t*, const native_handle_t*):79 Unable to register handle 0x46623f60 coming from different process: 81
01-01 04:21:00.910 E/[Gralloc-ERROR](   81): int gralloc_register_buffer(const gralloc_module_t*, const native_handle_t*):79 Unable to register handle 0x466694c0 coming from different process: 81
01-01 04:21:01.150 I/GeckoDump(   81): XXX FIXME : Got a mozContentEvent: inputmethod-update-layouts
01-01 04:21:01.260 I/Gecko   (   81): ############################### browserElementPanning.js loaded
01-01 04:21:01.300 I/Gecko   (   81): ######################## BrowserElementChildPreload.js loaded
01-01 04:21:01.400 I/GeckoDump(   81): XXX FIXME : Got a mozContentEvent: inputmethod-update-layouts
01-01 04:21:02.050 E/GeckoConsole(   81): [JavaScript Warning: "Error in parsing value for 'font-weight'.  Declaration dropped." {file: "app://keyboard.gaiamobile.org/style/keyboard.css" line: 132 column: 15 source: "  font-weight: medium;"}]
01-01 04:21:02.830 I/Gecko   (   81): 1325409662841	Marionette	INFO	sendToClient: {"from":"0","ok":true}, {acf85c73-b38c-4350-b14d-b0f91ffb229c}, {acf85c73-b38c-4350-b14d-b0f91ffb229c}
01-01 04:21:02.860 I/Gecko   (   81): 1325409662866	Marionette	DEBUG	Got request: switchToFrame, data: {"to":"0","sessionId":"3-b2g","name":"switchToFrame","parameters":{"id":null,"focus":true}}, id: {e35ac17a-4db2-4329-951d-2ba88401f4d7}
01-01 04:21:02.870 I/Gecko   (   81): 1325409662876	Marionette	INFO	Switched to frame: {"frameValue":null}
01-01 04:21:03.010 I/Gecko   (  367): ###################################### forms.js loaded
01-01 04:21:03.030 I/Gecko   (   81): 1325409663033	Marionette	INFO	sendToClient: {"from":"0","ok":true}, {e35ac17a-4db2-4329-951d-2ba88401f4d7}, {e35ac17a-4db2-4329-951d-2ba88401f4d7}
01-01 04:21:03.070 W/WifiHW  (   81): wifi_command: SCAN_RESULTS
01-01 04:21:03.100 W/WifiHW  (   81): wifi_command: DRIVER SCAN-PASSIVE
01-01 04:21:03.110 I/Gecko   (  367): ############################### browserElementPanning.js loaded
01-01 04:21:03.180 I/Gecko   (   81): 1325409663187	Marionette	DEBUG	Got request: executeWithCallback, data: {"to":"0","sessionId":"3-b2g","name":"executeAsyncScript","parameters":{"specialPowers":false,"scriptTimeout":null,"newSandbox":true,"args":[],"filename":"gaia_test.py","script":"GaiaLockScreen.unlock()","line":810}}, id: {b8303be9-2531-478e-8f84-2f385708c91e}
01-01 04:21:03.430 W/WifiHW  (   81): wifi_command: GET_NETWORK 3 ssid
01-01 04:21:03.430 W/WifiHW  (   81): wifi_command: GET_NETWORK 3 bssid
01-01 04:21:03.430 W/WifiHW  (   81): wifi_command: GET_NETWORK 3 psk
01-01 04:21:03.430 W/WifiHW  (   81): wifi_command: GET_NETWORK 3 wep_key0
01-01 04:21:03.440 W/WifiHW  (   81): wifi_command: GET_NETWORK 3 wep_key1
01-01 04:21:03.440 W/WifiHW  (   81): wifi_command: GET_NETWORK 3 wep_key2
01-01 04:21:03.440 W/WifiHW  (   81): wifi_command: GET_NETWORK 3 wep_key3
01-01 04:21:03.440 W/WifiHW  (   81): wifi_command: GET_NETWORK 3 wep_tx_keyidx
01-01 04:21:03.440 W/WifiHW  (   81): wifi_command: GET_NETWORK 3 priority
01-01 04:21:03.440 W/WifiHW  (   81): wifi_command: GET_NETWORK 3 key_mgmt
01-01 04:21:03.440 W/WifiHW  (   81): wifi_command: GET_NETWORK 3 scan_ssid
01-01 04:21:03.440 W/WifiHW  (   81): wifi_command: GET_NETWORK 3 disabled
01-01 04:21:03.440 W/WifiHW  (   81): wifi_command: GET_NETWORK 3 identity
01-01 04:21:03.440 W/WifiHW  (   81): wifi_command: GET_NETWORK 3 password
01-01 04:21:03.440 W/WifiHW  (   81): wifi_command: GET_NETWORK 3 auth_alg
01-01 04:21:03.440 W/WifiHW  (   81): wifi_command: GET_NETWORK 3 phase1
01-01 04:21:03.440 W/WifiHW  (   81): wifi_command: GET_NETWORK 3 phase2
01-01 04:21:03.440 W/WifiHW  (   81): wifi_command: GET_NETWORK 3 eap
01-01 04:21:03.450 W/WifiHW  (   81): wifi_command: GET_NETWORK 3 pin
01-01 04:21:03.450 W/WifiHW  (   81): wifi_command: GET_NETWORK 3 pcsc
01-01 04:21:03.520 D/Sensors (   81): SensorTMD2771::readEvents()======data_fd=53,count=16
01-01 04:21:03.520 D/Sensors (   81): SensorTMD2771::processEvent()=====code=40::value=1 
01-01 04:21:03.520 D/Sensors (   81): SensorTMD2771: mPendingEvents[Light].light = 1.000000
01-01 04:21:03.530 I/Gecko   (   81): 1325409663540	Marionette	INFO	sendToClient: {"from":"0","value":{"passed":0,"failed":0,"failures":[]}}, {b8303be9-2531-478e-8f84-2f385708c91e}, {b8303be9-2531-478e-8f84-2f385708c91e}
01-01 04:21:03.830 E/Profiler(   81): BPUnw: [1 total] thread_unregister_for_profiling(me=0x1434038)  (NOT REGISTERED) 
01-01 04:21:04.000 E/[Gralloc-ERROR](   81): int gralloc_register_buffer(const gralloc_module_t*, const native_handle_t*):79 Unable to register handle 0x46185560 coming from different process: 81
01-01 04:21:04.000 E/[Gralloc-ERROR](   81): int gralloc_register_buffer(const gralloc_module_t*, const native_handle_t*):79 Unable to register handle 0x46185600 coming from different process: 81
01-01 04:21:04.030 E/[Gralloc-ERROR](   81): int gralloc_register_buffer(const gralloc_module_t*, const native_handle_t*):79 Unable to register handle 0x461856a0 coming from different process: 81
01-01 04:21:04.030 E/[Gralloc-ERROR](   81): int gralloc_register_buffer(const gralloc_module_t*, const native_handle_t*):79 Unable to register handle 0x46185790 coming from different process: 81
01-01 04:21:04.030 E/[Gralloc-ERROR](   81): int gralloc_register_buffer(const gralloc_module_t*, const native_handle_t*):79 Unable to register handle 0x46185b00 coming from different process: 81
01-01 04:21:04.030 E/[Gralloc-ERROR](   81): int gralloc_register_buffer(const gralloc_module_t*, const native_handle_t*):79 Unable to register handle 0x461a0740 coming from different process: 81
01-01 04:21:04.050 W/WifiHW  (   81): wifi_command: SIGNAL_POLL
01-01 04:21:04.050 W/WifiHW  (   81): wifi_command: GET_NETWORK 3 ssid
01-01 04:21:04.050 W/WifiHW  (   81): wifi_command: GET_NETWORK 3 bssid
01-01 04:21:04.050 W/WifiHW  (   81): wifi_command: GET_NETWORK 3 psk
01-01 04:21:04.050 W/WifiHW  (   81): wifi_command: GET_NETWORK 3 wep_key0
01-01 04:21:04.050 W/WifiHW  (   81): wifi_command: GET_NETWORK 3 wep_key1
01-01 04:21:04.050 W/WifiHW  (   81): wifi_command: GET_NETWORK 3 wep_key2
01-01 04:21:04.050 W/WifiHW  (   81): wifi_command: GET_NETWORK 3 wep_key3
01-01 04:21:04.050 W/WifiHW  (   81): wifi_command: GET_NETWORK 3 wep_tx_keyidx
01-01 04:21:04.060 I/Gecko   (  367): ######################## BrowserElementChildPreload.js loaded
01-01 04:21:04.060 W/WifiHW  (   81): wifi_command: GET_NETWORK 3 priority
01-01 04:21:04.060 W/WifiHW  (   81): wifi_command: GET_NETWORK 3 key_mgmt
01-01 04:21:04.060 W/WifiHW  (   81): wifi_command: GET_NETWORK 3 scan_ssid
01-01 04:21:04.060 W/WifiHW  (   81): wifi_command: GET_NETWORK 3 disabled
01-01 04:21:04.060 W/WifiHW  (   81): wifi_command: GET_NETWORK 3 identity
01-01 04:21:04.060 W/WifiHW  (   81): wifi_command: GET_NETWORK 3 password
01-01 04:21:04.070 W/WifiHW  (   81): wifi_command: GET_NETWORK 3 auth_alg
01-01 04:21:04.070 W/WifiHW  (   81): wifi_command: GET_NETWORK 3 phase1
01-01 04:21:04.070 W/WifiHW  (   81): wifi_command: GET_NETWORK 3 phase2
01-01 04:21:04.070 W/WifiHW  (   81): wifi_command: GET_NETWORK 3 eap
01-01 04:21:04.070 W/WifiHW  (   81): wifi_command: GET_NETWORK 3 pin
01-01 04:21:04.070 W/WifiHW  (   81): wifi_command: GET_NETWORK 3 pcsc
01-01 04:21:04.250 E/[Gralloc-ERROR](   81): int gralloc_unregister_buffer(const gralloc_module_t*, const native_handle_t*):274 Trying to unregister buffer 0x466694c0 from process 81 that was not created in current process: 81
01-01 04:21:04.260 E/[Gralloc-ERROR](   81): int gralloc_unregister_buffer(const gralloc_module_t*, const native_handle_t*):274 Trying to unregister buffer 0x46623f60 from process 81 that was not created in current process: 81
01-01 04:21:04.390 I/GeckoDump(   81): XXX FIXME : Got a mozContentEvent: nfc-hardware-state-change
01-01 04:21:04.440 I/GeckoDump(   81): XXX FIXME : Got a mozContentEvent: nfc-hardware-state-change
01-01 04:21:04.760 I/Gecko   (   81): 1325409664764	Marionette	INFO	sendToClient: {"from":"0","ok":true}, {7d9b331e-1aa6-4374-86c6-d243f424671c}, {7d9b331e-1aa6-4374-86c6-d243f424671c}
01-01 04:21:04.830 E/[Gralloc-ERROR](   81): int gralloc_unregister_buffer(const gralloc_module_t*, const native_handle_t*):274 Trying to unregister buffer 0x46185600 from process 81 that was not created in current process: 81
01-01 04:21:04.830 E/[Gralloc-ERROR](   81): int gralloc_unregister_buffer(const gralloc_module_t*, const native_handle_t*):274 Trying to unregister buffer 0x46185560 from process 81 that was not created in current process: 81
01-01 04:21:04.830 E/[Gralloc-ERROR](   81): int gralloc_unregister_buffer(const gralloc_module_t*, const native_handle_t*):274 Trying to unregister buffer 0x46185790 from process 81 that was not created in current process: 81
01-01 04:21:04.830 E/[Gralloc-ERROR](   81): int gralloc_unregister_buffer(const gralloc_module_t*, const native_handle_t*):274 Trying to unregister buffer 0x461856a0 from process 81 that was not created in current process: 81
01-01 04:21:04.830 E/[Gralloc-ERROR](   81): int gralloc_unregister_buffer(const gralloc_module_t*, const native_handle_t*):274 Trying to unregister buffer 0x461a0740 from process 81 that was not created in current process: 81
01-01 04:21:04.830 E/[Gralloc-ERROR](   81): int gralloc_unregister_buffer(const gralloc_module_t*, const native_handle_t*):274 Trying to unregister buffer 0x46185b00 from process 81 that was not created in current process: 81
01-01 04:21:04.840 I/Gecko   (   81): 1325409664848	Marionette	DEBUG	Got request: switchToFrame, data: {"to":"0","sessionId":"3-b2g","name":"switchToFrame","parameters":{"id":null,"focus":true}}, id: {6cad92c1-467e-4144-93b1-13984c58ab4b}
01-01 04:21:04.860 I/Gecko   (   81): 1325409664866	Marionette	INFO	Switched to frame: {"frameValue":null}
01-01 04:21:04.960 I/Gecko   (   81): 1325409664972	Marionette	INFO	sendToClient: {"from":"0","ok":true}, {6cad92c1-467e-4144-93b1-13984c58ab4b}, {6cad92c1-467e-4144-93b1-13984c58ab4b}
01-01 04:21:04.990 I/Gecko   (   81): 1325409664993	Marionette	DEBUG	Got request: executeWithCallback, data: {"to":"0","sessionId":"3-b2g","name":"executeAsyncScript","parameters":{"specialPowers":false,"scriptTimeout":60000,"newSandbox":true,"args":[],"filename":"app_checker.py","script":"\n        GaiaApps.locateWithManifestURL('http://johnvanorange.com/manifest.webapp',\n                                       null,\n                                       function uninstall(app) {\n                                       navigator.mozApps.mgmt.uninstall(app);\n                                       marionetteScriptFinished(true);\n                                       });\n        ","line":129}}, id: {f0e8bf4d-0907-40f5-a8c2-df6f542bc60f}
01-01 04:21:05.050 I/Gecko   (   81): 1325409665055	Marionette	INFO	sendToClient: {"from":"0","error":{"message":"TypeError: app is null","status":17,"stacktrace":"execute_async_script @app_checker.py, line 129\ninline javascript, line 221\nsrc: \"      appName = app.manifest.name;\""}}, {f0e8bf4d-0907-40f5-a8c2-df6f542bc60f}, {f0e8bf4d-0907-40f5-a8c2-df6f542bc60f}