--------- beginning of /dev/log/system
01-01 07:57:36.750 I/Vold    (   75): Vold 2.1 (the revenge) firing up
01-01 07:57:36.780 D/Vold    (   75): Volume sdcard state changing -1 (Initializing) -> 0 (No-Media)
01-01 07:57:36.870 D/Vold    (   75): Volume sdcard state changing 0 (No-Media) -> 2 (Pending)
01-01 07:57:36.870 D/Vold    (   75): Volume sdcard state changing 2 (Pending) -> 1 (Idle-Unmounted)
01-01 07:57:41.860 D/VoldCmdListener(   75): volume list
01-01 07:57:41.860 D/VoldCmdListener(   75): volume mount sdcard
01-01 07:57:41.860 I/Vold    (   75): /dev/block/vold/179:1 being considered for volume sdcard
01-01 07:57:41.860 D/Vold    (   75): Volume sdcard state changing 1 (Idle-Unmounted) -> 3 (Checking)
01-01 07:57:41.860 W/Vold    (   75): Skipping fs checks
01-01 07:57:41.910 I/Vold    (   75): Device /dev/block/vold/179:1, target /mnt/sdcard mounted @ /mnt/secure/staging
01-01 07:57:41.920 D/Vold    (   75): Volume sdcard state changing 3 (Checking) -> 4 (Mounted)
--------- beginning of /dev/log/main
01-01 07:57:53.310 D/SPRDENG (  158): 30
01-01 07:57:53.310 D/SPRDENG (  158): 30
01-01 07:57:53.310 D/SPRDENG (  158): 31
01-01 07:57:53.310 D/SPRDENG (  158): 63
01-01 07:57:53.310 D/SPRDENG (  158): 31
01-01 07:57:53.310 D/SPRDENG (  158): 63
01-01 07:57:53.310 D/SPRDENG (  158): 30
01-01 07:57:53.310 D/SPRDENG (  158): 30
01-01 07:57:53.310 D/SPRDENG (  158): 30
01-01 07:57:53.310 D/SPRDENG (  158): 30
01-01 07:57:53.310 D/SPRDENG (  158): 34
01-01 07:57:53.310 D/SPRDENG (  158): 30
01-01 07:57:53.310 D/SPRDENG (  158): 30
01-01 07:57:53.310 D/SPRDENG (  158): 32
01-01 07:57:53.310 D/SPRDENG (  158): 30
01-01 07:57:53.310 D/SPRDENG (  158): 30
01-01 07:57:53.310 D/SPRDENG (  158): 30
01-01 07:57:53.310 D/SPRDENG (  158): 30
01-01 07:57:53.310 D/SPRDENG (  158): 30
01-01 07:57:53.310 D/SPRDENG (  158): 30
01-01 07:57:53.310 D/SPRDENG (  158): 30
01-01 07:57:53.310 D/SPRDENG (  158): 30
01-01 07:57:53.310 D/SPRDENG (  158): 30
01-01 07:57:53.310 D/SPRDENG (  158): 30
01-01 07:57:53.310 D/SPRDENG (  158): 30
01-01 07:57:53.310 D/SPRDENG (  158): 30
01-01 07:57:53.310 D/SPRDENG (  158): 30
01-01 07:57:53.310 D/SPRDENG (  158): 30
01-01 07:57:53.310 D/SPRDENG (  158): 30
01-01 07:57:53.310 D/SPRDENG (  158): 30
01-01 07:57:53.310 D/SPRDENG (  158): 30
01-01 07:57:53.310 D/SPRDENG (  158): 30
01-01 07:57:53.310 D/SPRDENG (  158): 30
01-01 07:57:53.310 D/SPRDENG (  158): 30
01-01 07:57:53.310 D/SPRDENG (  158): 30
01-01 07:57:53.310 D/SPRDENG (  158): 30
01-01 07:57:53.310 D/SPRDENG (  158): 30
01-01 07:57:53.310 D/SPRDENG (  158): 30
01-01 07:57:53.310 D/SPRDENG (  158): 30
01-01 07:57:53.310 D/SPRDENG (  158): 30
01-01 07:57:53.310 D/SPRDENG (  158): 30
01-01 07:57:53.310 D/SPRDENG (  158): 30
01-01 07:57:53.310 D/SPRDENG (  158): 30
01-01 07:57:53.310 D/SPRDENG (  158): 30
01-01 07:57:53.310 D/SPRDENG (  158): 30
01-01 07:57:53.310 D/SPRDENG (  158): 30
01-01 07:57:53.310 D/SPRDENG (  158): 30
01-01 07:57:53.310 D/SPRDENG (  158): 30
01-01 07:57:53.310 D/SPRDENG (  158): 30
01-01 07:57:53.310 D/SPRDENG (  158): 30
01-01 07:57:53.310 D/SPRDENG (  158): 30
01-01 07:57:53.310 D/SPRDENG (  158): 30
01-01 07:57:53.310 D/SPRDENG (  158): 30
01-01 07:57:53.310 D/SPRDENG (  158): 30
01-01 07:57:53.310 D/SPRDENG (  158): 30
01-01 07:57:53.310 D/SPRDENG (  158): 30
01-01 07:57:53.310 D/SPRDENG (  158): 30
01-01 07:57:53.310 D/SPRDENG (  158): 30
01-01 07:57:53.310 D/SPRDENG (  158): 30
01-01 07:57:53.310 D/SPRDENG (  158): 30
01-01 07:57:53.310 D/SPRDENG (  158): 30
01-01 07:57:53.310 D/SPRDENG (  158): 30
01-01 07:57:53.310 D/SPRDENG (  158): 30
01-01 07:57:53.310 D/SPRDENG (  158): 30
01-01 07:57:53.310 D/SPRDENG (  158): 30
01-01 07:57:53.310 D/SPRDENG (  158): 30
01-01 07:57:53.310 D/SPRDENG (  158): 30
01-01 07:57:53.310 D/SPRDENG (  158): 30
01-01 07:57:53.310 D/SPRDENG (  158): 30
01-01 07:57:53.310 D/SPRDENG (  158): 30
01-01 07:57:53.310 D/SPRDENG (  158): 30
01-01 07:57:53.310 D/SPRDENG (  158): 30
01-01 07:57:53.310 D/SPRDENG (  158): 30
01-01 07:57:53.310 D/SPRDENG (  158): 30
01-01 07:57:53.310 D/SPRDENG (  158): 30
01-01 07:57:53.310 D/SPRDENG (  158): 30
01-01 07:57:53.310 D/SPRDENG (  158): 30
01-01 07:57:53.310 D/SPRDENG (  158): 30
01-01 07:57:53.310 D/SPRDENG (  158): 30
01-01 07:57:53.310 D/SPRDENG (  158): 30
01-01 07:57:53.310 D/SPRDENG (  158): 30
01-01 07:57:53.310 D/SPRDENG (  158): 30
01-01 07:57:53.310 D/SPRDENG (  158): 30
01-01 07:57:53.310 D/SPRDENG (  158): 30
01-01 07:57:53.310 D/SPRDENG (  158): 30
01-01 07:57:53.310 D/SPRDENG (  158): 30
01-01 07:57:53.310 D/SPRDENG (  158): 30
01-01 07:57:53.310 D/SPRDENG (  158): 30
01-01 07:57:53.310 D/SPRDENG (  158): 30
01-01 07:57:53.310 D/SPRDENG (  158): 30
01-01 07:57:53.310 D/SPRDENG (  158): 30
01-01 07:57:53.310 D/SPRDENG (  158): 30
01-01 07:57:53.310 D/SPRDENG (  158): 30
01-01 07:57:53.310 D/SPRDENG (  158): 30
01-01 07:57:53.310 D/SPRDENG (  158): 30
01-01 07:57:53.310 D/SPRDENG (  158): 30
01-01 07:57:53.310 D/SPRDENG (  158): 30
01-01 07:57:53.310 D/SPRDENG (  158): 30
01-01 07:57:53.310 D/SPRDENG (  158): 30
01-01 07:57:53.310 D/SPRDENG (  158): 30
01-01 07:57:53.310 D/SPRDENG (  158): 30
01-01 07:57:53.310 D/SPRDENG (  158): 30
01-01 07:57:53.310 D/SPRDENG (  158): 30
01-01 07:57:53.310 D/SPRDENG (  158): 30
01-01 07:57:53.310 D/SPRDENG (  158): 30
01-01 07:57:53.310 D/SPRDENG (  158): 30
01-01 07:57:53.310 D/SPRDENG (  158): 30
01-01 07:57:53.310 D/SPRDENG (  158): 30
01-01 07:57:53.310 D/SPRDENG (  158): 30
01-01 07:57:53.310 D/SPRDENG (  158): 30
01-01 07:57:53.310 D/SPRDENG (  158): 30
01-01 07:57:53.310 D/SPRDENG (  158): 30
01-01 07:57:53.310 D/SPRDENG (  158): 30
01-01 07:57:53.310 D/SPRDENG (  158): 30
01-01 07:57:53.310 D/SPRDENG (  158): 30
01-01 07:57:53.310 D/SPRDENG (  158): 30
01-01 07:57:53.310 D/SPRDENG (  158): 30
01-01 07:57:53.310 D/SPRDENG (  158): 30
01-01 07:57:53.310 D/SPRDENG (  158): 30
01-01 07:57:53.310 D/SPRDENG (  158): 30
01-01 07:57:53.310 D/SPRDENG (  158): 30
01-01 07:57:53.310 D/SPRDENG (  158): 30
01-01 07:57:53.310 D/SPRDENG (  158): 30
01-01 07:57:53.310 D/SPRDENG (  158): 30
01-01 07:57:53.310 D/SPRDENG (  158): 30
01-01 07:57:53.310 D/SPRDENG (  158): 30
01-01 07:57:53.310 D/SPRDENG (  158): 30
01-01 07:57:53.310 D/SPRDENG (  158): 30
01-01 07:57:53.310 D/SPRDENG (  158): 30
01-01 07:57:53.310 D/SPRDENG (  158): 30
01-01 07:57:53.310 D/SPRDENG (  158): 30
01-01 07:57:53.310 D/SPRDENG (  158): 30
01-01 07:57:53.310 D/SPRDENG (  158): 30
01-01 07:57:53.310 D/SPRDENG (  158): 30
01-01 07:57:53.310 D/SPRDENG (  158): 30
01-01 07:57:53.310 D/SPRDENG (  158): 30
01-01 07:57:53.310 D/SPRDENG (  158): 30
01-01 07:57:53.310 D/SPRDENG (  158): 30
01-01 07:57:53.310 D/SPRDENG (  158): 62
01-01 07:57:53.310 D/SPRDENG (  158): 62
01-01 07:57:53.310 D/SPRDENG (  158): 62
01-01 07:57:53.310 D/SPRDENG (  158): 65
01-01 07:57:53.310 D/SPRDENG (  158): 63
01-01 07:57:53.310 D/SPRDENG (  158): 32
01-01 07:57:53.310 D/SPRDENG (  158): 63
01-01 07:57:53.310 D/SPRDENG (  158): 36
01-01 07:57:53.310 D/SPRDENG (  158): 31
01-01 07:57:53.310 D/SPRDENG (  158): 61
01-01 07:57:53.310 D/SPRDENG (  158): 32
01-01 07:57:53.310 D/SPRDENG (  158): 33
01-01 07:57:53.310 D/SPRDENG (  158): 31
01-01 07:57:53.310 D/SPRDENG (  158): 63
01-01 07:57:53.310 D/SPRDENG (  158): 32
01-01 07:57:53.310 D/SPRDENG (  158): 33
01-01 07:57:53.310 D/SPRDENG (  158): 30
01-01 07:57:53.310 D/SPRDENG (  158): 30
01-01 07:57:53.310 D/SPRDENG (  158): 30
01-01 07:57:53.310 D/SPRDENG (  158): 30
01-01 07:57:53.310 D/SPRDENG (  158): 30
01-01 07:57:53.310 D/SPRDENG (  158): 30
01-01 07:57:53.310 D/SPRDENG (  158): 30
01-01 07:57:53.310 D/SPRDENG (  158): 30
01-01 07:57:53.310 D/SPRDENG (  158): 30
01-01 07:57:53.310 D/SPRDENG (  158): 30
01-01 07:57:53.310 D/SPRDENG (  158): 30
01-01 07:57:53.310 D/SPRDENG (  158): 30
01-01 07:57:53.310 D/SPRDENG (  158): 30
01-01 07:57:53.310 D/SPRDENG (  158): 30
01-01 07:57:53.310 D/SPRDENG (  158): 30
01-01 07:57:53.310 D/SPRDENG (  158): 30
01-01 07:57:53.310 D/SPRDENG (  158): 31
01-01 07:57:53.310 D/SPRDENG (  158): 61
01-01 07:57:53.310 D/SPRDENG (  158): 32
01-01 07:57:53.310 D/SPRDENG (  158): 33
01-01 07:57:53.310 D/SPRDENG (  158): 31
01-01 07:57:53.310 D/SPRDENG (  158): 63
01-01 07:57:53.310 D/SPRDENG (  158): 32
01-01 07:57:53.310 D/SPRDENG (  158): 33
01-01 07:57:53.310 D/SPRDENG (  158): 30
01-01 07:57:53.310 D/SPRDENG (  158): 30
01-01 07:57:53.310 D/SPRDENG (  158): 30
01-01 07:57:53.310 D/SPRDENG (  158): 30
01-01 07:57:53.310 D/SPRDENG (  158): 30
01-01 07:57:53.310 D/SPRDENG (  158): 30
01-01 07:57:53.310 D/SPRDENG (  158): 30
01-01 07:57:53.310 D/SPRDENG (  158): 30
01-01 07:57:53.310 D/SPRDENG (  158): 30
01-01 07:57:53.310 D/SPRDENG (  158): 30
01-01 07:57:53.310 D/SPRDENG (  158): 30
01-01 07:57:53.310 D/SPRDENG (  158): 30
01-01 07:57:53.310 D/SPRDENG (  158): 30
01-01 07:57:53.310 D/SPRDENG (  158): 30
01-01 07:57:53.310 D/SPRDENG (  158): 30
01-01 07:57:53.310 D/SPRDENG (  158): 30
01-01 07:57:53.310 D/SPRDENG (  158): 31
01-01 07:57:53.310 D/SPRDENG (  158): 62
01-01 07:57:53.310 D/SPRDENG (  158): 32
01-01 07:57:53.310 D/SPRDENG (  158): 33
01-01 07:57:53.310 D/SPRDENG (  158): 31
01-01 07:57:53.310 D/SPRDENG (  158): 63
01-01 07:57:53.310 D/SPRDENG (  158): 32
01-01 07:57:53.310 D/SPRDENG (  158): 33
01-01 07:57:53.310 D/SPRDENG (  158): 30
01-01 07:57:53.310 D/SPRDENG (  158): 30
01-01 07:57:53.310 D/SPRDENG (  158): 30
01-01 07:57:53.310 D/SPRDENG (  158): 30
01-01 07:57:53.310 D/SPRDENG (  158): 30
01-01 07:57:53.310 D/SPRDENG (  158): 30
01-01 07:57:53.310 D/SPRDENG (  158): 30
01-01 07:57:53.310 D/SPRDENG (  158): 30
01-01 07:57:53.310 D/SPRDENG (  158): 30
01-01 07:57:53.310 D/SPRDENG (  158): 30
01-01 07:57:53.310 D/SPRDENG (  158): 30
01-01 07:57:53.310 D/SPRDENG (  158): 30
01-01 07:57:53.310 D/SPRDENG (  158): 30
01-01 07:57:53.310 D/SPRDENG (  158): 30
01-01 07:57:53.310 D/SPRDENG (  158): 30
01-01 07:57:53.310 D/SPRDENG (  158): 30
01-01 07:57:53.310 D/SPRDENG (  158): 31
01-01 07:57:53.310 D/SPRDENG (  158): 62
01-01 07:57:53.310 D/SPRDENG (  158): 32
01-01 07:57:53.310 D/SPRDENG (  158): 33
01-01 07:57:53.310 D/SPRDENG (  158): 31
01-01 07:57:53.310 D/SPRDENG (  158): 63
01-01 07:57:53.310 D/SPRDENG (  158): 32
01-01 07:57:53.310 D/SPRDENG (  158): 33
01-01 07:57:53.310 D/SPRDENG (  158): 30
01-01 07:57:53.310 D/SPRDENG (  158): 30
01-01 07:57:53.310 D/SPRDENG (  158): 30
01-01 07:57:53.310 D/SPRDENG (  158): 30
01-01 07:57:53.310 D/SPRDENG (  158): 30
01-01 07:57:53.310 D/SPRDENG (  158): 30
01-01 07:57:53.310 D/SPRDENG (  158): 30
01-01 07:57:53.310 D/SPRDENG (  158): 30
01-01 07:57:53.310 D/SPRDENG (  158): 30
01-01 07:57:53.310 D/SPRDENG (  158): 30
01-01 07:57:53.310 D/SPRDENG (  158): 30
01-01 07:57:53.310 D/SPRDENG (  158): 30
01-01 07:57:53.310 D/SPRDENG (  158): 30
01-01 07:57:53.310 D/SPRDENG (  158): 30
01-01 07:57:53.310 D/SPRDENG (  158): 30
01-01 07:57:53.310 D/SPRDENG (  158): 30
01-01 07:57:53.310 D/SPRDENG (  158): 31
01-01 07:57:53.310 D/SPRDENG (  158): 62
01-01 07:57:53.310 D/SPRDENG (  158): 32
01-01 07:57:53.310 D/SPRDENG (  158): 33
01-01 07:57:53.310 D/SPRDENG (  158): 31
01-01 07:57:53.310 D/SPRDENG (  158): 63
01-01 07:57:53.310 D/SPRDENG (  158): 32
01-01 07:57:53.310 D/SPRDENG (  158): 33
01-01 07:57:53.310 D/SPRDENG (  158): 30
01-01 07:57:53.310 D/SPRDENG (  158): 30
01-01 07:57:53.310 D/SPRDENG (  158): 30
01-01 07:57:53.310 D/SPRDENG (  158): 30
01-01 07:57:53.310 D/SPRDENG (  158): 30
01-01 07:57:53.310 D/SPRDENG (  158): 30
01-01 07:57:53.310 D/SPRDENG (  158): 30
01-01 07:57:53.310 D/SPRDENG (  158): 30
01-01 07:57:53.310 D/SPRDENG (  158): 30
01-01 07:57:53.310 D/SPRDENG (  158): 30
01-01 07:57:53.310 D/SPRDENG (  158): 30
01-01 07:57:53.310 D/SPRDENG (  158): 30
01-01 07:57:53.310 D/SPRDENG (  158): 30
01-01 07:57:53.310 D/SPRDENG (  158): 30
01-01 07:57:53.310 D/SPRDENG (  158): 30
01-01 07:57:53.310 D/SPRDENG (  158): 30
01-01 07:57:53.310 D/SPRDENG (  158): 30
01-01 07:57:53.310 D/SPRDENG (  158): 30
01-01 07:57:53.310 D/SPRDENG (  158): 30
01-01 07:57:53.310 D/SPRDENG (  158): 30
01-01 07:57:53.310 D/SPRDENG (  158): 30
01-01 07:57:53.310 D/SPRDENG (  158): 30
01-01 07:57:53.310 D/SPRDENG (  158): 30
01-01 07:57:53.310 D/SPRDENG (  158): 30
01-01 07:57:53.310 D/SPRDENG (  158): 30
01-01 07:57:53.310 D/SPRDENG (  158): 30
01-01 07:57:53.310 D/SPRDENG (  158): 30
01-01 07:57:53.310 D/SPRDENG (  158): 30
01-01 07:57:53.310 D/SPRDENG (  158): 30
01-01 07:57:53.310 D/SPRDENG (  158): 30
01-01 07:57:53.310 D/SPRDENG (  158): 30
01-01 07:57:53.310 D/SPRDENG (  158): 30
01-01 07:57:53.310 D/SPRDENG (  158): 30
01-01 07:57:53.310 D/SPRDENG (  158): 30
01-01 07:57:53.310 D/SPRDENG (  158): 30
01-01 07:57:53.310 D/SPRDENG (  158): 30
01-01 07:57:53.310 D/SPRDENG (  158): 30
01-01 07:57:53.310 D/SPRDENG (  158): 30
01-01 07:57:53.310 D/SPRDENG (  158): 30
01-01 07:57:53.310 D/SPRDENG (  158): 30
01-01 07:57:53.310 D/SPRDENG (  158): 32
01-01 07:57:53.310 D/SPRDENG (  158): 63
01-01 07:57:53.310 D/SPRDENG (  158): 30
01-01 07:57:53.310 D/SPRDENG (  158): 30
01-01 07:57:53.310 D/SPRDENG (  158): 30
01-01 07:57:53.310 D/SPRDENG (  158): 30
01-01 07:57:53.310 D/SPRDENG (  158): 30
01-01 07:57:53.310 D/SPRDENG (  158): 30
01-01 07:57:53.310 D/SPRDENG (  158): 1a
01-01 07:57:53.310 D/SPRDENG (  158): eng_modem2server: use SIM1 /dev/CHNPTY13
01-01 07:57:53.310 D/SPRDENG (  158): AT < 
01-01 07:57:53.310 D/SPRDENG (  158): OK
01-01 07:57:53.310 D/SPRDENG (  158): 
01-01 07:57:53.310 E/        (   99): nvcal_recv_from_modem: Receive 1 Modem Response
01-01 07:57:53.310 E/        (   99): write_rf_nvconf_cmd: wifi recv_num =6, response=[
01-01 07:57:53.310 E/        (   99): OK
01-01 07:57:53.310 E/        (   99): ]
01-01 07:57:53.410 E/eng_rf_nv_update(   99): [set_rf_nvconf]: NV updated OK!
01-01 07:57:53.420 E/eng_rf_nv_update(   99): [save_rf_nv_to_bak_file] NV data save to bake file OK
01-01 07:57:53.420 E/eng_rf_nv_update(   99): [eng_rf_nv_update]: end eng rf nv update!
01-01 07:57:53.420 I/logwrapper(   80): /system/bin/eng_rf_nv_update terminated by exit(0)
01-01 07:57:53.810 I/power   (   81): *** set_screen_state 1
01-01 07:57:53.830 D/Sensors (   81): activate handle=3; drv=1
01-01 07:57:53.830 D/Sensors (   81): SensorTMD2771::setEnable=0= en=1; newState=1; what=0; mEnabled=0
01-01 07:57:54.000 D/Sensors (   81): taos ---Light::TAOS_IOCTL_ALS_ON=== err=0
01-01 07:57:54.000 D/Sensors (   81): SensorTMD2771::setEnable=1= en=1; newState=1; what=0; mEnabled=1
01-01 07:57:54.000 D/Sensors (   81): SensorTMD2771::getEnable===mEnabled=0x1; enable=1
01-01 07:57:54.010 I/GeckoDump(   81): XXX FIXME : Got a mozContentEvent: nfc-hardware-state-change
01-01 07:57:54.040 I/GeckoDump(   81): XXX FIXME : Got a mozContentEvent: system-message-listener-ready
01-01 07:57:54.090 I/Gecko:ProcessPriorityManager(   81): [(Preallocated), child-id=2, pid=376] Creating ParticularProcessPriorityManager.
01-01 07:57:54.090 I/Gecko:ProcessPriorityManager(   81): [(Preallocated), child-id=2, pid=376] Done starting up.  mHoldsCPUWakeLock=0, mHoldsHighPriorityWakeLock=0
01-01 07:57:54.090 I/Gecko:ProcessPriorityManager(   81): [(Preallocated), child-id=2, pid=376] Changing priority from UNKNOWN:CPU_NORMAL to MASTER:CPU_NORMAL.
01-01 07:57:54.090 I/Gonk    (   81): Setting nice for pid 376 to 0
01-01 07:57:54.090 I/Gonk    (   81): Changed nice for pid 376 from 0 to 0.
01-01 07:57:54.430 D/Sensors (   81): SensorTMD2771::readEvents()======data_fd=53,count=16
01-01 07:57:54.430 D/Sensors (   81): SensorTMD2771::processEvent()=====code=40::value=1 
01-01 07:57:54.430 D/Sensors (   81): SensorTMD2771: mPendingEvents[Light].light = 1.000000
01-01 07:57:54.730 I/Gecko   (   81): 1325422674741	Marionette	INFO	loaded marionette-listener.js
01-01 07:57:54.740 I/Gecko   (   81): 1325422674743	Marionette	INFO	sendToClient: {"from":"0","value":"3-b2g"}, {6e3b65af-097b-4555-ba01-cb63f6bdfb16}, {6e3b65af-097b-4555-ba01-cb63f6bdfb16}
01-01 07:57:54.900 E/GeckoConsole(   81): [JavaScript Error: "TypeError: widgetFrame is undefined" {file: "app://system.gaiamobile.org/js/cost_control.js" line: 119}]
01-01 07:57:55.280 I/Gecko   (   81): 1325422675288	Marionette	INFO	sendToClient: {"from":"0","value":{"ELEMENT":"{f135bba2-e771-42b1-9a02-533d310f6bc6}"}}, {e0d618b9-94e2-416d-86c8-2144af810ff9}, {e0d618b9-94e2-416d-86c8-2144af810ff9}
01-01 07:57:55.370 I/Gecko   (   81): 1325422675377	Marionette	INFO	sendToClient: {"from":"0","value":false}, {1a1334e9-2ca6-46d0-a657-6ab9f8b3126b}, {1a1334e9-2ca6-46d0-a657-6ab9f8b3126b}
01-01 07:57:55.550 I/Gecko   (   81): 1325422675561	Marionette	INFO	sendToClient: {"from":"0","value":{"ELEMENT":"{f135bba2-e771-42b1-9a02-533d310f6bc6}"}}, {0ad0c734-0f76-41c7-a624-dda75b9e6711}, {0ad0c734-0f76-41c7-a624-dda75b9e6711}
01-01 07:57:55.640 I/Gecko   (   81): 1325422675645	Marionette	INFO	sendToClient: {"from":"0","value":false}, {5a8f283a-6326-4656-9dff-5ce5139e2c7e}, {5a8f283a-6326-4656-9dff-5ce5139e2c7e}
01-01 07:57:55.720 E/WifiHW  (   81): Leo ensure_config_file_exists config_file=/data/misc/wifi/wpa_supplicant.conf
01-01 07:57:55.720 E/WifiHW  (   81): daemon_cmd=wpa_supplicant:-iwlan0 -c/data/misc/wifi/wpa_supplicant.conf
01-01 07:57:55.740 E/WifiHW  (   81): Unable to open connection to supplicant on "wlan0": No such file or directory
01-01 07:57:55.780 I/Gecko   (   81): 1325422675792	Marionette	INFO	sendToClient: {"from":"0","value":{"ELEMENT":"{f135bba2-e771-42b1-9a02-533d310f6bc6}"}}, {40235640-7b7d-4520-8679-df95682b6fa6}, {40235640-7b7d-4520-8679-df95682b6fa6}
01-01 07:57:55.850 I/Gecko   (   81): 1325422675855	Marionette	INFO	sendToClient: {"from":"0","value":false}, {91b1267e-8ab4-45a9-8578-ceff1bd38682}, {91b1267e-8ab4-45a9-8578-ceff1bd38682}
01-01 07:57:55.990 I/Gecko   (   81): 1325422675995	Marionette	INFO	sendToClient: {"from":"0","value":{"ELEMENT":"{f135bba2-e771-42b1-9a02-533d310f6bc6}"}}, {49e8c2b6-da1b-4d4c-892d-4a7a65604c56}, {49e8c2b6-da1b-4d4c-892d-4a7a65604c56}
01-01 07:57:56.130 I/GeckoDump(   81): XXX FIXME : Got a mozContentEvent: accessibility-screenreader
01-01 07:57:56.260 I/GeckoDump(   81): XXX FIXME : Got a mozContentEvent: nfc-hardware-state-change
01-01 07:57:56.890 I/Gecko   (   81): 1325422676900	Marionette	INFO	sendToClient: {"from":"0","value":true}, {172497eb-6a69-4cf2-af8f-8402e15c7c2e}, {172497eb-6a69-4cf2-af8f-8402e15c7c2e}
01-01 07:57:57.160 I/FMRadio (   81): FMRadio is initialized.
01-01 07:57:57.290 E/GeckoConsole(   81): Content JS ERROR at app://system.gaiamobile.org/js/telephony_settings.js:23 in set_vpm_error: Error setting voice privacy.
01-01 07:57:57.290 E/GeckoConsole(   81): Content JS ERROR at app://system.gaiamobile.org/js/telephony_settings.js:23 in set_vpm_error: Error setting voice privacy.
01-01 07:57:57.460 E/GeckoConsole(   81): Content JS ERROR at app://system.gaiamobile.org/js/telephony_settings.js:42 in set_vpm_error: Error roaming preference.
01-01 07:57:57.460 E/GeckoConsole(   81): Content JS ERROR at app://system.gaiamobile.org/js/telephony_settings.js:42 in set_vpm_error: Error roaming preference.
01-01 07:57:57.690 I/Gecko:ProcessPriorityManager(   81): [Homescreen, child-id=2, pid=376] Changing priority from MASTER:CPU_NORMAL to FOREGROUND:CPU_NORMAL.
01-01 07:57:57.690 I/Gonk    (   81): Setting nice for pid 376 to 1
01-01 07:57:57.690 I/Gonk    (   81): Changed nice for pid 376 from 0 to 1.
01-01 07:57:57.690 I/Gecko:ProcessPriorityManager(   81): Making background LRU pool with size(3)
01-01 07:57:57.690 I/Gecko:ProcessPriorityManager(   81): KillBackgroundApps
01-01 07:57:57.690 I/Gecko   (   81): [Parent 81] WARNING: waitpid failed pid:376 errno:10: file /var/lib/jenkins/jobs/B2G.v1.3.0.Tarako/workspace/gecko/ipc/chromium/src/base/process_util_posix.cc, line 254
01-01 07:57:57.940 E/[Gralloc-ERROR](   81): int gralloc_register_buffer(const gralloc_module_t*, const native_handle_t*):79 Unable to register handle 0x4679a790 coming from different process: 81
01-01 07:57:57.940 E/[Gralloc-ERROR](   81): int gralloc_register_buffer(const gralloc_module_t*, const native_handle_t*):79 Unable to register handle 0x46a6f7e0 coming from different process: 81
01-01 07:57:58.030 E/[Gralloc-ERROR](   81): int gralloc_register_buffer(const gralloc_module_t*, const native_handle_t*):79 Unable to register handle 0x4735db50 coming from different process: 81
01-01 07:57:58.040 E/[Gralloc-ERROR](   81): int gralloc_register_buffer(const gralloc_module_t*, const native_handle_t*):79 Unable to register handle 0x4735dce0 coming from different process: 81
01-01 07:57:58.260 I/GeckoDump(   81): XXX FIXME : Got a mozContentEvent: inputmethod-update-layouts
01-01 07:57:58.370 I/Gecko   (   81): ############################### browserElementPanning.js loaded
01-01 07:57:58.430 I/Gecko   (   81): ######################## BrowserElementChildPreload.js loaded
01-01 07:57:58.580 I/GeckoDump(   81): XXX FIXME : Got a mozContentEvent: inputmethod-update-layouts
01-01 07:57:59.130 E/GeckoConsole(   81): [JavaScript Warning: "Error in parsing value for 'font-weight'.  Declaration dropped." {file: "app://keyboard.gaiamobile.org/style/keyboard.css" line: 132 column: 15 source: "  font-weight: medium;"}]
01-01 07:57:59.940 I/Gecko   (   81): 1325422679948	Marionette	INFO	sendToClient: {"from":"0","ok":true}, {fe39757f-47ed-4410-a9b1-ac32e08d5826}, {fe39757f-47ed-4410-a9b1-ac32e08d5826}
01-01 07:57:59.970 I/Gecko   (   81): 1325422679982	Marionette	DEBUG	Got request: switchToFrame, data: {"to":"0","sessionId":"3-b2g","name":"switchToFrame","parameters":{"id":null,"focus":true}}, id: {220a5892-e1c0-4e40-9721-9cd298138e97}
01-01 07:57:59.990 I/Gecko   (   81): 1325422680003	Marionette	INFO	Switched to frame: {"frameValue":null}
01-01 07:58:00.060 I/Gecko   (  376): ###################################### forms.js loaded
01-01 07:58:00.220 I/Gecko   (  376): ############################### browserElementPanning.js loaded
01-01 07:58:00.240 I/Gecko   (   81): 1325422680251	Marionette	INFO	sendToClient: {"from":"0","ok":true}, {220a5892-e1c0-4e40-9721-9cd298138e97}, {220a5892-e1c0-4e40-9721-9cd298138e97}
01-01 07:58:00.430 I/Gecko   (   81): 1325422680442	Marionette	DEBUG	Got request: executeWithCallback, data: {"to":"0","sessionId":"3-b2g","name":"executeAsyncScript","parameters":{"specialPowers":false,"scriptTimeout":null,"newSandbox":true,"args":[],"filename":"gaia_test.py","script":"GaiaLockScreen.unlock()","line":810}}, id: {9f1d56d6-02f8-4be0-a8bb-cff42763e0b7}
01-01 07:58:01.030 I/Gecko   (  376): ######################## BrowserElementChildPreload.js loaded
01-01 07:58:01.330 I/Gecko   (   81): 1325422681342	Marionette	INFO	sendToClient: {"from":"0","value":{"passed":0,"failed":0,"failures":[]}}, {9f1d56d6-02f8-4be0-a8bb-cff42763e0b7}, {9f1d56d6-02f8-4be0-a8bb-cff42763e0b7}
01-01 07:58:01.430 E/Profiler(   81): BPUnw: [1 total] thread_unregister_for_profiling(me=0x7c8038)  (NOT REGISTERED) 
01-01 07:58:01.550 W/WifiHW  (   81): wifi_command: LOG_LEVEL
01-01 07:58:01.550 W/WifiHW  (   81): wifi_command: STATUS
01-01 07:58:02.020 W/WifiHW  (   81): wifi_command: LIST_NETWORKS
01-01 07:58:02.040 W/WifiHW  (   81): wifi_command: DRIVER MACADDR
01-01 07:58:02.100 E/[Gralloc-ERROR](   81): int gralloc_register_buffer(const gralloc_module_t*, const native_handle_t*):79 Unable to register handle 0x4735dfb0 coming from different process: 81
01-01 07:58:02.100 E/[Gralloc-ERROR](   81): int gralloc_register_buffer(const gralloc_module_t*, const native_handle_t*):79 Unable to register handle 0x4738d0b0 coming from different process: 81
01-01 07:58:02.170 E/[Gralloc-ERROR](   81): int gralloc_register_buffer(const gralloc_module_t*, const native_handle_t*):79 Unable to register handle 0x4738d150 coming from different process: 81
01-01 07:58:02.170 E/[Gralloc-ERROR](   81): int gralloc_register_buffer(const gralloc_module_t*, const native_handle_t*):79 Unable to register handle 0x4738d240 coming from different process: 81
01-01 07:58:02.170 E/[Gralloc-ERROR](   81): int gralloc_register_buffer(const gralloc_module_t*, const native_handle_t*):79 Unable to register handle 0x4738d2e0 coming from different process: 81
01-01 07:58:02.170 E/[Gralloc-ERROR](   81): int gralloc_register_buffer(const gralloc_module_t*, const native_handle_t*):79 Unable to register handle 0x4738d380 coming from different process: 81
01-01 07:58:02.420 I/GeckoDump(   81): XXX FIXME : Got a mozContentEvent: nfc-hardware-state-change
01-01 07:58:02.450 I/GeckoDump(   81): XXX FIXME : Got a mozContentEvent: nfc-hardware-state-change
01-01 07:58:02.620 W/WifiHW  (   81): wifi_command: GET_NETWORK 0 ssid
01-01 07:58:02.620 W/WifiHW  (   81): wifi_command: GET_NETWORK 0 bssid
01-01 07:58:02.620 W/WifiHW  (   81): wifi_command: GET_NETWORK 0 psk
01-01 07:58:02.620 W/WifiHW  (   81): wifi_command: GET_NETWORK 0 wep_key0
01-01 07:58:02.620 W/WifiHW  (   81): wifi_command: GET_NETWORK 0 wep_key1
01-01 07:58:02.620 W/WifiHW  (   81): wifi_command: GET_NETWORK 0 wep_key2
01-01 07:58:02.620 W/WifiHW  (   81): wifi_command: GET_NETWORK 0 wep_key3
01-01 07:58:02.620 W/WifiHW  (   81): wifi_command: GET_NETWORK 0 wep_tx_keyidx
01-01 07:58:02.620 W/WifiHW  (   81): wifi_command: GET_NETWORK 0 priority
01-01 07:58:02.630 W/WifiHW  (   81): wifi_command: GET_NETWORK 0 key_mgmt
01-01 07:58:02.630 W/WifiHW  (   81): wifi_command: GET_NETWORK 0 scan_ssid
01-01 07:58:02.630 W/WifiHW  (   81): wifi_command: GET_NETWORK 0 disabled
01-01 07:58:02.630 W/WifiHW  (   81): wifi_command: GET_NETWORK 0 identity
01-01 07:58:02.630 W/WifiHW  (   81): wifi_command: GET_NETWORK 0 password
01-01 07:58:02.630 W/WifiHW  (   81): wifi_command: GET_NETWORK 0 auth_alg
01-01 07:58:02.630 W/WifiHW  (   81): wifi_command: GET_NETWORK 0 phase1
01-01 07:58:02.630 W/WifiHW  (   81): wifi_command: GET_NETWORK 0 phase2
01-01 07:58:02.630 W/WifiHW  (   81): wifi_command: GET_NETWORK 0 eap
01-01 07:58:02.630 W/WifiHW  (   81): wifi_command: GET_NETWORK 0 pin
01-01 07:58:02.630 W/WifiHW  (   81): wifi_command: GET_NETWORK 0 pcsc
01-01 07:58:02.630 W/WifiHW  (   81): wifi_command: GET_NETWORK 1 ssid
01-01 07:58:02.640 W/WifiHW  (   81): wifi_command: GET_NETWORK 1 bssid
01-01 07:58:02.640 W/WifiHW  (   81): wifi_command: GET_NETWORK 1 psk
01-01 07:58:02.640 W/WifiHW  (   81): wifi_command: GET_NETWORK 1 wep_key0
01-01 07:58:02.640 W/WifiHW  (   81): wifi_command: GET_NETWORK 1 wep_key1
01-01 07:58:02.640 W/WifiHW  (   81): wifi_command: GET_NETWORK 1 wep_key2
01-01 07:58:02.640 W/WifiHW  (   81): wifi_command: GET_NETWORK 1 wep_key3
01-01 07:58:02.640 W/WifiHW  (   81): wifi_command: GET_NETWORK 1 wep_tx_keyidx
01-01 07:58:02.640 W/WifiHW  (   81): wifi_command: GET_NETWORK 1 priority
01-01 07:58:02.640 W/WifiHW  (   81): wifi_command: GET_NETWORK 1 key_mgmt
01-01 07:58:02.640 W/WifiHW  (   81): wifi_command: GET_NETWORK 1 scan_ssid
01-01 07:58:02.640 W/WifiHW  (   81): wifi_command: GET_NETWORK 1 disabled
01-01 07:58:02.640 W/WifiHW  (   81): wifi_command: GET_NETWORK 1 identity
01-01 07:58:02.640 W/WifiHW  (   81): wifi_command: GET_NETWORK 1 password
01-01 07:58:02.650 W/WifiHW  (   81): wifi_command: GET_NETWORK 1 auth_alg
01-01 07:58:02.650 W/WifiHW  (   81): wifi_command: GET_NETWORK 1 phase1
01-01 07:58:02.650 W/WifiHW  (   81): wifi_command: GET_NETWORK 1 phase2
01-01 07:58:02.650 W/WifiHW  (   81): wifi_command: GET_NETWORK 1 eap
01-01 07:58:02.650 W/WifiHW  (   81): wifi_command: GET_NETWORK 1 pin
01-01 07:58:02.650 W/WifiHW  (   81): wifi_command: GET_NETWORK 1 pcsc
01-01 07:58:02.650 W/WifiHW  (   81): wifi_command: GET_NETWORK 2 ssid
01-01 07:58:02.650 W/WifiHW  (   81): wifi_command: GET_NETWORK 2 bssid
01-01 07:58:02.670 W/WifiHW  (   81): wifi_command: GET_NETWORK 2 psk
01-01 07:58:02.670 W/WifiHW  (   81): wifi_command: GET_NETWORK 2 wep_key0
01-01 07:58:02.670 W/WifiHW  (   81): wifi_command: GET_NETWORK 2 wep_key1
01-01 07:58:02.670 W/WifiHW  (   81): wifi_command: GET_NETWORK 2 wep_key2
01-01 07:58:02.670 W/WifiHW  (   81): wifi_command: GET_NETWORK 2 wep_key3
01-01 07:58:02.670 W/WifiHW  (   81): wifi_command: GET_NETWORK 2 wep_tx_keyidx
01-01 07:58:02.670 W/WifiHW  (   81): wifi_command: GET_NETWORK 2 priority
01-01 07:58:02.670 W/WifiHW  (   81): wifi_command: GET_NETWORK 2 key_mgmt
01-01 07:58:02.670 W/WifiHW  (   81): wifi_command: GET_NETWORK 2 scan_ssid
01-01 07:58:02.670 W/WifiHW  (   81): wifi_command: GET_NETWORK 2 disabled
01-01 07:58:02.670 W/WifiHW  (   81): wifi_command: GET_NETWORK 2 identity
01-01 07:58:02.670 W/WifiHW  (   81): wifi_command: GET_NETWORK 2 password
01-01 07:58:02.670 W/WifiHW  (   81): wifi_command: GET_NETWORK 2 auth_alg
01-01 07:58:02.680 W/WifiHW  (   81): wifi_command: GET_NETWORK 2 phase1
01-01 07:58:02.680 W/WifiHW  (   81): wifi_command: GET_NETWORK 2 phase2
01-01 07:58:02.680 W/WifiHW  (   81): wifi_command: GET_NETWORK 2 eap
01-01 07:58:02.680 W/WifiHW  (   81): wifi_command: GET_NETWORK 2 pin
01-01 07:58:02.680 W/WifiHW  (   81): wifi_command: GET_NETWORK 2 pcsc
01-01 07:58:02.680 W/WifiHW  (   81): wifi_command: GET_NETWORK 3 ssid
01-01 07:58:02.680 W/WifiHW  (   81): wifi_command: GET_NETWORK 3 bssid
01-01 07:58:02.680 W/WifiHW  (   81): wifi_command: GET_NETWORK 3 psk
01-01 07:58:02.680 W/WifiHW  (   81): wifi_command: GET_NETWORK 3 wep_key0
01-01 07:58:02.680 W/WifiHW  (   81): wifi_command: GET_NETWORK 3 wep_key1
01-01 07:58:02.680 W/WifiHW  (   81): wifi_command: GET_NETWORK 3 wep_key2
01-01 07:58:02.680 W/WifiHW  (   81): wifi_command: GET_NETWORK 3 wep_key3
01-01 07:58:02.680 W/WifiHW  (   81): wifi_command: GET_NETWORK 3 wep_tx_keyidx
01-01 07:58:02.690 W/WifiHW  (   81): wifi_command: GET_NETWORK 3 priority
01-01 07:58:02.690 W/WifiHW  (   81): wifi_command: GET_NETWORK 3 key_mgmt
01-01 07:58:02.690 W/WifiHW  (   81): wifi_command: GET_NETWORK 3 scan_ssid
01-01 07:58:02.690 W/WifiHW  (   81): wifi_command: GET_NETWORK 3 disabled
01-01 07:58:02.690 W/WifiHW  (   81): wifi_command: GET_NETWORK 3 identity
01-01 07:58:02.690 W/WifiHW  (   81): wifi_command: GET_NETWORK 3 password
01-01 07:58:02.690 W/WifiHW  (   81): wifi_command: GET_NETWORK 3 auth_alg
01-01 07:58:02.690 W/WifiHW  (   81): wifi_command: GET_NETWORK 3 phase1
01-01 07:58:02.690 W/WifiHW  (   81): wifi_command: GET_NETWORK 3 phase2
01-01 07:58:02.690 W/WifiHW  (   81): wifi_command: GET_NETWORK 3 eap
01-01 07:58:02.690 W/WifiHW  (   81): wifi_command: GET_NETWORK 3 pin
01-01 07:58:02.690 W/WifiHW  (   81): wifi_command: GET_NETWORK 3 pcsc
01-01 07:58:02.790 E/[Gralloc-ERROR](   81): int gralloc_unregister_buffer(const gralloc_module_t*, const native_handle_t*):274 Trying to unregister buffer 0x4735dce0 from process 81 that was not created in current process: 81
01-01 07:58:02.800 E/[Gralloc-ERROR](   81): int gralloc_unregister_buffer(const gralloc_module_t*, const native_handle_t*):274 Trying to unregister buffer 0x4735db50 from process 81 that was not created in current process: 81
01-01 07:58:02.830 E/[Gralloc-ERROR](   81): int gralloc_unregister_buffer(const gralloc_module_t*, const native_handle_t*):274 Trying to unregister buffer 0x4738d0b0 from process 81 that was not created in current process: 81
01-01 07:58:02.830 E/[Gralloc-ERROR](   81): int gralloc_unregister_buffer(const gralloc_module_t*, const native_handle_t*):274 Trying to unregister buffer 0x4735dfb0 from process 81 that was not created in current process: 81
01-01 07:58:02.830 E/[Gralloc-ERROR](   81): int gralloc_unregister_buffer(const gralloc_module_t*, const native_handle_t*):274 Trying to unregister buffer 0x4738d240 from process 81 that was not created in current process: 81
01-01 07:58:02.830 E/[Gralloc-ERROR](   81): int gralloc_unregister_buffer(const gralloc_module_t*, const native_handle_t*):274 Trying to unregister buffer 0x4738d150 from process 81 that was not created in current process: 81
01-01 07:58:02.830 E/[Gralloc-ERROR](   81): int gralloc_unregister_buffer(const gralloc_module_t*, const native_handle_t*):274 Trying to unregister buffer 0x4738d380 from process 81 that was not created in current process: 81
01-01 07:58:02.830 E/[Gralloc-ERROR](   81): int gralloc_unregister_buffer(const gralloc_module_t*, const native_handle_t*):274 Trying to unregister buffer 0x4738d2e0 from process 81 that was not created in current process: 81
01-01 07:58:02.870 W/WifiHW  (   81): wifi_command: ENABLE_NETWORK 0
01-01 07:58:02.870 W/WifiHW  (   81): wifi_command: ENABLE_NETWORK 1
01-01 07:58:02.870 W/WifiHW  (   81): wifi_command: ENABLE_NETWORK 2
01-01 07:58:02.870 W/WifiHW  (   81): wifi_command: ENABLE_NETWORK 3
01-01 07:58:02.870 W/WifiHW  (   81): wifi_command: AP_SCAN 1
01-01 07:58:02.890 I/Gecko:ProcessPriorityManager(   81): [(Preallocated), child-id=3, pid=413] Creating ParticularProcessPriorityManager.
01-01 07:58:02.890 I/Gecko:ProcessPriorityManager(   81): [(Preallocated), child-id=3, pid=413] Done starting up.  mHoldsCPUWakeLock=0, mHoldsHighPriorityWakeLock=0
01-01 07:58:02.890 I/Gecko:ProcessPriorityManager(   81): [(Preallocated), child-id=3, pid=413] Changing priority from UNKNOWN:CPU_NORMAL to MASTER:CPU_NORMAL.
01-01 07:58:02.890 I/Gonk    (   81): Setting nice for pid 413 to 0
01-01 07:58:02.890 I/Gonk    (   81): Changed nice for pid 413 from 0 to 0.
01-01 07:58:02.890 I/Gecko:ProcessPriorityManager(   81): [Homescreen, child-id=2, pid=376] Changing priority from FOREGROUND:CPU_NORMAL to FOREGROUND:CPU_LOW.
01-01 07:58:02.890 I/Gonk    (   81): Setting nice for pid 376 to 18
01-01 07:58:02.890 I/Gonk    (   81): Changed nice for pid 376 from 1 to 18.
01-01 07:58:02.890 I/Gecko:ProcessPriorityManager(   81): KillBackgroundApps
01-01 07:58:03.010 I/Gecko   (   81): 1325422683014	Marionette	INFO	sendToClient: {"from":"0","ok":true}, {7f6af1f5-c33f-41db-8da6-8a1a16037f3a}, {7f6af1f5-c33f-41db-8da6-8a1a16037f3a}
01-01 07:58:03.020 W/WifiHW  (   81): wifi_command: SAVE_CONFIG
01-01 07:58:03.080 W/WifiHW  (   81): wifi_command: GET_NETWORK 3 ssid
01-01 07:58:03.080 W/WifiHW  (   81): wifi_command: GET_NETWORK 3 bssid
01-01 07:58:03.090 W/WifiHW  (   81): wifi_command: GET_NETWORK 3 psk
01-01 07:58:03.090 W/WifiHW  (   81): wifi_command: GET_NETWORK 3 wep_key0
01-01 07:58:03.090 W/WifiHW  (   81): wifi_command: GET_NETWORK 3 wep_key1
01-01 07:58:03.090 W/WifiHW  (   81): wifi_command: GET_NETWORK 3 wep_key2
01-01 07:58:03.090 W/WifiHW  (   81): wifi_command: GET_NETWORK 3 wep_key3
01-01 07:58:03.090 W/WifiHW  (   81): wifi_command: GET_NETWORK 3 wep_tx_keyidx
01-01 07:58:03.090 W/WifiHW  (   81): wifi_command: GET_NETWORK 3 priority
01-01 07:58:03.090 W/WifiHW  (   81): wifi_command: GET_NETWORK 3 key_mgmt
01-01 07:58:03.090 W/WifiHW  (   81): wifi_command: GET_NETWORK 3 scan_ssid
01-01 07:58:03.090 W/WifiHW  (   81): wifi_command: GET_NETWORK 3 disabled
01-01 07:58:03.090 W/WifiHW  (   81): wifi_command: GET_NETWORK 3 identity
01-01 07:58:03.090 W/WifiHW  (   81): wifi_command: GET_NETWORK 3 password
01-01 07:58:03.090 W/WifiHW  (   81): wifi_command: GET_NETWORK 3 auth_alg
01-01 07:58:03.100 W/WifiHW  (   81): wifi_command: GET_NETWORK 3 phase1
01-01 07:58:03.100 W/WifiHW  (   81): wifi_command: GET_NETWORK 3 phase2
01-01 07:58:03.100 W/WifiHW  (   81): wifi_command: GET_NETWORK 3 eap
01-01 07:58:03.100 W/WifiHW  (   81): wifi_command: GET_NETWORK 3 pin
01-01 07:58:03.100 W/WifiHW  (   81): wifi_command: GET_NETWORK 3 pcsc
01-01 07:58:03.260 I/Gecko   (   81): 1325422683263	Marionette	DEBUG	Got request: switchToFrame, data: {"to":"0","sessionId":"3-b2g","name":"switchToFrame","parameters":{"id":null,"focus":true}}, id: {afc067ea-df85-4614-9e9a-6378c8c70baa}
01-01 07:58:03.290 W/WifiHW  (   81): wifi_command: SIGNAL_POLL
01-01 07:58:03.300 W/WifiHW  (   81): wifi_command: GET_NETWORK 3 ssid
01-01 07:58:03.300 W/WifiHW  (   81): wifi_command: GET_NETWORK 3 bssid
01-01 07:58:03.300 W/WifiHW  (   81): wifi_command: GET_NETWORK 3 psk
01-01 07:58:03.300 W/WifiHW  (   81): wifi_command: GET_NETWORK 3 wep_key0
01-01 07:58:03.300 W/WifiHW  (   81): wifi_command: GET_NETWORK 3 wep_key1
01-01 07:58:03.300 W/WifiHW  (   81): wifi_command: GET_NETWORK 3 wep_key2
01-01 07:58:03.300 W/WifiHW  (   81): wifi_command: GET_NETWORK 3 wep_key3
01-01 07:58:03.300 W/WifiHW  (   81): wifi_command: GET_NETWORK 3 wep_tx_keyidx
01-01 07:58:03.300 W/WifiHW  (   81): wifi_command: GET_NETWORK 3 priority
01-01 07:58:03.300 W/WifiHW  (   81): wifi_command: GET_NETWORK 3 key_mgmt
01-01 07:58:03.300 W/WifiHW  (   81): wifi_command: GET_NETWORK 3 scan_ssid
01-01 07:58:03.310 W/WifiHW  (   81): wifi_command: GET_NETWORK 3 disabled
01-01 07:58:03.310 W/WifiHW  (   81): wifi_command: GET_NETWORK 3 identity
01-01 07:58:03.310 W/WifiHW  (   81): wifi_command: GET_NETWORK 3 password
01-01 07:58:03.310 W/WifiHW  (   81): wifi_command: GET_NETWORK 3 auth_alg
01-01 07:58:03.310 W/WifiHW  (   81): wifi_command: GET_NETWORK 3 phase1
01-01 07:58:03.310 W/WifiHW  (   81): wifi_command: GET_NETWORK 3 phase2
01-01 07:58:03.310 W/WifiHW  (   81): wifi_command: GET_NETWORK 3 eap
01-01 07:58:03.310 W/WifiHW  (   81): wifi_command: GET_NETWORK 3 pin
01-01 07:58:03.310 W/WifiHW  (   81): wifi_command: GET_NETWORK 3 pcsc
01-01 07:58:03.320 I/Gecko   (   81): 1325422683329	Marionette	INFO	Switched to frame: {"frameValue":null}
01-01 07:58:03.560 I/Gecko   (   81): 1325422683568	Marionette	INFO	sendToClient: {"from":"0","ok":true}, {afc067ea-df85-4614-9e9a-6378c8c70baa}, {afc067ea-df85-4614-9e9a-6378c8c70baa}
01-01 07:58:03.630 I/Gecko   (   81): 1325422683637	Marionette	DEBUG	Got request: executeWithCallback, data: {"to":"0","sessionId":"3-b2g","name":"executeAsyncScript","parameters":{"specialPowers":false,"scriptTimeout":60000,"newSandbox":true,"args":[],"filename":"app_checker.py","script":"\n        GaiaApps.locateWithManifestURL('https://marketplace.firefox.com/app/e8c5d682-4035-4f64-885b-23c76075207c/manifest.webapp',\n                                       null,\n                                       function uninstall(app) {\n                                       navigator.mozApps.mgmt.uninstall(app);\n                                       marionetteScriptFinished(true);\n                                       });\n        ","line":129}}, id: {22fe20ff-2b8c-4efd-a358-43d6f6456a46}
01-01 07:58:03.660 I/Gecko   (   81): 1325422683668	Marionette	INFO	sendToClient: {"from":"0","error":{"message":"TypeError: app is null","status":17,"stacktrace":"execute_async_script @app_checker.py, line 129\ninline javascript, line 221\nsrc: \"      appName = app.manifest.name;\""}}, {22fe20ff-2b8c-4efd-a358-43d6f6456a46}, {22fe20ff-2b8c-4efd-a358-43d6f6456a46}