--------- beginning of /dev/log/system
01-01 11:56:16.750 I/Vold    (   75): Vold 2.1 (the revenge) firing up
01-01 11:56:16.750 D/Vold    (   75): Volume sdcard state changing -1 (Initializing) -> 0 (No-Media)
01-01 11:56:16.830 D/Vold    (   75): Volume sdcard state changing 0 (No-Media) -> 2 (Pending)
01-01 11:56:16.840 D/Vold    (   75): Volume sdcard state changing 2 (Pending) -> 1 (Idle-Unmounted)
01-01 11:56:21.910 D/VoldCmdListener(   75): volume list
01-01 11:56:21.920 D/VoldCmdListener(   75): volume mount sdcard
01-01 11:56:21.920 I/Vold    (   75): /dev/block/vold/179:1 being considered for volume sdcard
01-01 11:56:21.920 D/Vold    (   75): Volume sdcard state changing 1 (Idle-Unmounted) -> 3 (Checking)
01-01 11:56:21.920 W/Vold    (   75): Skipping fs checks
01-01 11:56:21.970 I/Vold    (   75): Device /dev/block/vold/179:1, target /mnt/sdcard mounted @ /mnt/secure/staging
01-01 11:56:21.970 D/Vold    (   75): Volume sdcard state changing 3 (Checking) -> 4 (Mounted)
--------- beginning of /dev/log/main
01-01 11:56:33.170 D/SPRDENG (  171): 30
01-01 11:56:33.170 D/SPRDENG (  171): 30
01-01 11:56:33.170 D/SPRDENG (  171): 30
01-01 11:56:33.170 D/SPRDENG (  171): 30
01-01 11:56:33.170 D/SPRDENG (  171): 30
01-01 11:56:33.170 D/SPRDENG (  171): 30
01-01 11:56:33.170 D/SPRDENG (  171): 30
01-01 11:56:33.170 D/SPRDENG (  171): 30
01-01 11:56:33.170 D/SPRDENG (  171): 30
01-01 11:56:33.170 D/SPRDENG (  171): 30
01-01 11:56:33.170 D/SPRDENG (  171): 30
01-01 11:56:33.170 D/SPRDENG (  171): 30
01-01 11:56:33.170 D/SPRDENG (  171): 30
01-01 11:56:33.170 D/SPRDENG (  171): 30
01-01 11:56:33.170 D/SPRDENG (  171): 30
01-01 11:56:33.170 D/SPRDENG (  171): 30
01-01 11:56:33.170 D/SPRDENG (  171): 30
01-01 11:56:33.170 D/SPRDENG (  171): 30
01-01 11:56:33.170 D/SPRDENG (  171): 30
01-01 11:56:33.170 D/SPRDENG (  171): 30
01-01 11:56:33.170 D/SPRDENG (  171): 30
01-01 11:56:33.170 D/SPRDENG (  171): 30
01-01 11:56:33.170 D/SPRDENG (  171): 30
01-01 11:56:33.170 D/SPRDENG (  171): 30
01-01 11:56:33.170 D/SPRDENG (  171): 30
01-01 11:56:33.170 D/SPRDENG (  171): 30
01-01 11:56:33.170 D/SPRDENG (  171): 30
01-01 11:56:33.170 D/SPRDENG (  171): 30
01-01 11:56:33.170 D/SPRDENG (  171): 30
01-01 11:56:33.170 D/SPRDENG (  171): 30
01-01 11:56:33.170 D/SPRDENG (  171): 30
01-01 11:56:33.170 D/SPRDENG (  171): 30
01-01 11:56:33.170 D/SPRDENG (  171): 30
01-01 11:56:33.170 D/SPRDENG (  171): 30
01-01 11:56:33.170 D/SPRDENG (  171): 30
01-01 11:56:33.170 D/SPRDENG (  171): 30
01-01 11:56:33.170 D/SPRDENG (  171): 30
01-01 11:56:33.170 D/SPRDENG (  171): 30
01-01 11:56:33.170 D/SPRDENG (  171): 30
01-01 11:56:33.170 D/SPRDENG (  171): 30
01-01 11:56:33.170 D/SPRDENG (  171): 30
01-01 11:56:33.170 D/SPRDENG (  171): 30
01-01 11:56:33.170 D/SPRDENG (  171): 30
01-01 11:56:33.170 D/SPRDENG (  171): 30
01-01 11:56:33.170 D/SPRDENG (  171): 30
01-01 11:56:33.170 D/SPRDENG (  171): 30
01-01 11:56:33.170 D/SPRDENG (  171): 30
01-01 11:56:33.170 D/SPRDENG (  171): 30
01-01 11:56:33.170 D/SPRDENG (  171): 30
01-01 11:56:33.170 D/SPRDENG (  171): 30
01-01 11:56:33.170 D/SPRDENG (  171): 30
01-01 11:56:33.170 D/SPRDENG (  171): 30
01-01 11:56:33.170 D/SPRDENG (  171): 30
01-01 11:56:33.170 D/SPRDENG (  171): 30
01-01 11:56:33.170 D/SPRDENG (  171): 30
01-01 11:56:33.170 D/SPRDENG (  171): 30
01-01 11:56:33.170 D/SPRDENG (  171): 30
01-01 11:56:33.170 D/SPRDENG (  171): 30
01-01 11:56:33.170 D/SPRDENG (  171): 30
01-01 11:56:33.170 D/SPRDENG (  171): 30
01-01 11:56:33.170 D/SPRDENG (  171): 30
01-01 11:56:33.170 D/SPRDENG (  171): 30
01-01 11:56:33.170 D/SPRDENG (  171): 30
01-01 11:56:33.170 D/SPRDENG (  171): 30
01-01 11:56:33.170 D/SPRDENG (  171): 30
01-01 11:56:33.170 D/SPRDENG (  171): 30
01-01 11:56:33.170 D/SPRDENG (  171): 30
01-01 11:56:33.170 D/SPRDENG (  171): 30
01-01 11:56:33.170 D/SPRDENG (  171): 30
01-01 11:56:33.170 D/SPRDENG (  171): 30
01-01 11:56:33.170 D/SPRDENG (  171): 30
01-01 11:56:33.170 D/SPRDENG (  171): 30
01-01 11:56:33.170 D/SPRDENG (  171): 30
01-01 11:56:33.170 D/SPRDENG (  171): 30
01-01 11:56:33.170 D/SPRDENG (  171): 30
01-01 11:56:33.170 D/SPRDENG (  171): 30
01-01 11:56:33.170 D/SPRDENG (  171): 30
01-01 11:56:33.170 D/SPRDENG (  171): 30
01-01 11:56:33.170 D/SPRDENG (  171): 30
01-01 11:56:33.170 D/SPRDENG (  171): 30
01-01 11:56:33.170 D/SPRDENG (  171): 30
01-01 11:56:33.170 D/SPRDENG (  171): 30
01-01 11:56:33.170 D/SPRDENG (  171): 30
01-01 11:56:33.170 D/SPRDENG (  171): 30
01-01 11:56:33.170 D/SPRDENG (  171): 30
01-01 11:56:33.170 D/SPRDENG (  171): 30
01-01 11:56:33.170 D/SPRDENG (  171): 30
01-01 11:56:33.170 D/SPRDENG (  171): 30
01-01 11:56:33.170 D/SPRDENG (  171): 30
01-01 11:56:33.170 D/SPRDENG (  171): 30
01-01 11:56:33.170 D/SPRDENG (  171): 30
01-01 11:56:33.170 D/SPRDENG (  171): 30
01-01 11:56:33.170 D/SPRDENG (  171): 30
01-01 11:56:33.170 D/SPRDENG (  171): 30
01-01 11:56:33.170 D/SPRDENG (  171): 30
01-01 11:56:33.170 D/SPRDENG (  171): 30
01-01 11:56:33.170 D/SPRDENG (  171): 30
01-01 11:56:33.170 D/SPRDENG (  171): 30
01-01 11:56:33.170 D/SPRDENG (  171): 30
01-01 11:56:33.170 D/SPRDENG (  171): 30
01-01 11:56:33.170 D/SPRDENG (  171): 30
01-01 11:56:33.170 D/SPRDENG (  171): 30
01-01 11:56:33.170 D/SPRDENG (  171): 30
01-01 11:56:33.170 D/SPRDENG (  171): 30
01-01 11:56:33.170 D/SPRDENG (  171): 30
01-01 11:56:33.170 D/SPRDENG (  171): 30
01-01 11:56:33.170 D/SPRDENG (  171): 62
01-01 11:56:33.170 D/SPRDENG (  171): 62
01-01 11:56:33.170 D/SPRDENG (  171): 62
01-01 11:56:33.170 D/SPRDENG (  171): 65
01-01 11:56:33.170 D/SPRDENG (  171): 63
01-01 11:56:33.170 D/SPRDENG (  171): 32
01-01 11:56:33.170 D/SPRDENG (  171): 63
01-01 11:56:33.170 D/SPRDENG (  171): 36
01-01 11:56:33.170 D/SPRDENG (  171): 31
01-01 11:56:33.170 D/SPRDENG (  171): 61
01-01 11:56:33.170 D/SPRDENG (  171): 32
01-01 11:56:33.170 D/SPRDENG (  171): 33
01-01 11:56:33.170 D/SPRDENG (  171): 31
01-01 11:56:33.170 D/SPRDENG (  171): 63
01-01 11:56:33.170 D/SPRDENG (  171): 32
01-01 11:56:33.170 D/SPRDENG (  171): 33
01-01 11:56:33.170 D/SPRDENG (  171): 30
01-01 11:56:33.170 D/SPRDENG (  171): 30
01-01 11:56:33.170 D/SPRDENG (  171): 30
01-01 11:56:33.170 D/SPRDENG (  171): 30
01-01 11:56:33.170 D/SPRDENG (  171): 30
01-01 11:56:33.170 D/SPRDENG (  171): 30
01-01 11:56:33.170 D/SPRDENG (  171): 30
01-01 11:56:33.170 D/SPRDENG (  171): 30
01-01 11:56:33.170 D/SPRDENG (  171): 30
01-01 11:56:33.170 D/SPRDENG (  171): 30
01-01 11:56:33.170 D/SPRDENG (  171): 30
01-01 11:56:33.170 D/SPRDENG (  171): 30
01-01 11:56:33.170 D/SPRDENG (  171): 30
01-01 11:56:33.170 D/SPRDENG (  171): 30
01-01 11:56:33.170 D/SPRDENG (  171): 30
01-01 11:56:33.170 D/SPRDENG (  171): 30
01-01 11:56:33.170 D/SPRDENG (  171): 31
01-01 11:56:33.170 D/SPRDENG (  171): 61
01-01 11:56:33.170 D/SPRDENG (  171): 32
01-01 11:56:33.170 D/SPRDENG (  171): 33
01-01 11:56:33.170 D/SPRDENG (  171): 31
01-01 11:56:33.170 D/SPRDENG (  171): 63
01-01 11:56:33.170 D/SPRDENG (  171): 32
01-01 11:56:33.170 D/SPRDENG (  171): 33
01-01 11:56:33.170 D/SPRDENG (  171): 30
01-01 11:56:33.170 D/SPRDENG (  171): 30
01-01 11:56:33.170 D/SPRDENG (  171): 30
01-01 11:56:33.170 D/SPRDENG (  171): 30
01-01 11:56:33.170 D/SPRDENG (  171): 30
01-01 11:56:33.170 D/SPRDENG (  171): 30
01-01 11:56:33.170 D/SPRDENG (  171): 30
01-01 11:56:33.170 D/SPRDENG (  171): 30
01-01 11:56:33.170 D/SPRDENG (  171): 30
01-01 11:56:33.170 D/SPRDENG (  171): 30
01-01 11:56:33.170 D/SPRDENG (  171): 30
01-01 11:56:33.170 D/SPRDENG (  171): 30
01-01 11:56:33.170 D/SPRDENG (  171): 30
01-01 11:56:33.170 D/SPRDENG (  171): 30
01-01 11:56:33.170 D/SPRDENG (  171): 30
01-01 11:56:33.170 D/SPRDENG (  171): 30
01-01 11:56:33.170 D/SPRDENG (  171): 31
01-01 11:56:33.170 D/SPRDENG (  171): 62
01-01 11:56:33.170 D/SPRDENG (  171): 32
01-01 11:56:33.170 D/SPRDENG (  171): 33
01-01 11:56:33.170 D/SPRDENG (  171): 31
01-01 11:56:33.170 D/SPRDENG (  171): 63
01-01 11:56:33.170 D/SPRDENG (  171): 32
01-01 11:56:33.170 D/SPRDENG (  171): 33
01-01 11:56:33.170 D/SPRDENG (  171): 30
01-01 11:56:33.170 D/SPRDENG (  171): 30
01-01 11:56:33.170 D/SPRDENG (  171): 30
01-01 11:56:33.170 D/SPRDENG (  171): 30
01-01 11:56:33.170 D/SPRDENG (  171): 30
01-01 11:56:33.170 D/SPRDENG (  171): 30
01-01 11:56:33.170 D/SPRDENG (  171): 30
01-01 11:56:33.170 D/SPRDENG (  171): 30
01-01 11:56:33.170 D/SPRDENG (  171): 30
01-01 11:56:33.170 D/SPRDENG (  171): 30
01-01 11:56:33.170 D/SPRDENG (  171): 30
01-01 11:56:33.170 D/SPRDENG (  171): 30
01-01 11:56:33.170 D/SPRDENG (  171): 30
01-01 11:56:33.170 D/SPRDENG (  171): 30
01-01 11:56:33.170 D/SPRDENG (  171): 30
01-01 11:56:33.170 D/SPRDENG (  171): 30
01-01 11:56:33.170 D/SPRDENG (  171): 31
01-01 11:56:33.170 D/SPRDENG (  171): 62
01-01 11:56:33.170 D/SPRDENG (  171): 32
01-01 11:56:33.170 D/SPRDENG (  171): 33
01-01 11:56:33.170 D/SPRDENG (  171): 31
01-01 11:56:33.170 D/SPRDENG (  171): 63
01-01 11:56:33.170 D/SPRDENG (  171): 32
01-01 11:56:33.170 D/SPRDENG (  171): 33
01-01 11:56:33.170 D/SPRDENG (  171): 30
01-01 11:56:33.170 D/SPRDENG (  171): 30
01-01 11:56:33.170 D/SPRDENG (  171): 30
01-01 11:56:33.170 D/SPRDENG (  171): 30
01-01 11:56:33.170 D/SPRDENG (  171): 30
01-01 11:56:33.170 D/SPRDENG (  171): 30
01-01 11:56:33.170 D/SPRDENG (  171): 30
01-01 11:56:33.170 D/SPRDENG (  171): 30
01-01 11:56:33.170 D/SPRDENG (  171): 30
01-01 11:56:33.170 D/SPRDENG (  171): 30
01-01 11:56:33.170 D/SPRDENG (  171): 30
01-01 11:56:33.170 D/SPRDENG (  171): 30
01-01 11:56:33.170 D/SPRDENG (  171): 30
01-01 11:56:33.170 D/SPRDENG (  171): 30
01-01 11:56:33.170 D/SPRDENG (  171): 30
01-01 11:56:33.170 D/SPRDENG (  171): 30
01-01 11:56:33.170 D/SPRDENG (  171): 31
01-01 11:56:33.170 D/SPRDENG (  171): 62
01-01 11:56:33.170 D/SPRDENG (  171): 32
01-01 11:56:33.170 D/SPRDENG (  171): 33
01-01 11:56:33.170 D/SPRDENG (  171): 31
01-01 11:56:33.170 D/SPRDENG (  171): 63
01-01 11:56:33.170 D/SPRDENG (  171): 32
01-01 11:56:33.170 D/SPRDENG (  171): 33
01-01 11:56:33.170 D/SPRDENG (  171): 30
01-01 11:56:33.170 D/SPRDENG (  171): 30
01-01 11:56:33.170 D/SPRDENG (  171): 30
01-01 11:56:33.170 D/SPRDENG (  171): 30
01-01 11:56:33.170 D/SPRDENG (  171): 30
01-01 11:56:33.170 D/SPRDENG (  171): 30
01-01 11:56:33.170 D/SPRDENG (  171): 30
01-01 11:56:33.170 D/SPRDENG (  171): 30
01-01 11:56:33.170 D/SPRDENG (  171): 30
01-01 11:56:33.170 D/SPRDENG (  171): 30
01-01 11:56:33.170 D/SPRDENG (  171): 30
01-01 11:56:33.170 D/SPRDENG (  171): 30
01-01 11:56:33.170 D/SPRDENG (  171): 30
01-01 11:56:33.170 D/SPRDENG (  171): 30
01-01 11:56:33.170 D/SPRDENG (  171): 30
01-01 11:56:33.170 D/SPRDENG (  171): 30
01-01 11:56:33.170 D/SPRDENG (  171): 30
01-01 11:56:33.170 D/SPRDENG (  171): 30
01-01 11:56:33.170 D/SPRDENG (  171): 30
01-01 11:56:33.170 D/SPRDENG (  171): 30
01-01 11:56:33.170 D/SPRDENG (  171): 30
01-01 11:56:33.170 D/SPRDENG (  171): 30
01-01 11:56:33.170 D/SPRDENG (  171): 30
01-01 11:56:33.170 D/SPRDENG (  171): 30
01-01 11:56:33.170 D/SPRDENG (  171): 30
01-01 11:56:33.170 D/SPRDENG (  171): 30
01-01 11:56:33.170 D/SPRDENG (  171): 30
01-01 11:56:33.170 D/SPRDENG (  171): 30
01-01 11:56:33.170 D/SPRDENG (  171): 30
01-01 11:56:33.170 D/SPRDENG (  171): 30
01-01 11:56:33.170 D/SPRDENG (  171): 30
01-01 11:56:33.170 D/SPRDENG (  171): 30
01-01 11:56:33.170 D/SPRDENG (  171): 30
01-01 11:56:33.170 D/SPRDENG (  171): 30
01-01 11:56:33.170 D/SPRDENG (  171): 30
01-01 11:56:33.170 D/SPRDENG (  171): 30
01-01 11:56:33.170 D/SPRDENG (  171): 30
01-01 11:56:33.170 D/SPRDENG (  171): 30
01-01 11:56:33.170 D/SPRDENG (  171): 30
01-01 11:56:33.170 D/SPRDENG (  171): 30
01-01 11:56:33.170 D/SPRDENG (  171): 32
01-01 11:56:33.170 D/SPRDENG (  171): 63
01-01 11:56:33.170 D/SPRDENG (  171): 30
01-01 11:56:33.170 D/SPRDENG (  171): 30
01-01 11:56:33.170 D/SPRDENG (  171): 30
01-01 11:56:33.170 D/SPRDENG (  171): 30
01-01 11:56:33.170 D/SPRDENG (  171): 30
01-01 11:56:33.170 D/SPRDENG (  171): 30
01-01 11:56:33.170 D/SPRDENG (  171): 1a
01-01 11:56:33.170 D/SPRDENG (  171): eng_modem2server: use SIM1 /dev/CHNPTY13
01-01 11:56:33.170 D/SPRDENG (  171): AT < 
01-01 11:56:33.170 D/SPRDENG (  171): OK
01-01 11:56:33.170 D/SPRDENG (  171): 
01-01 11:56:33.170 E/        (   90): nvcal_recv_from_modem: Receive 1 Modem Response
01-01 11:56:33.170 E/        (   90): write_rf_nvconf_cmd: wifi recv_num =6, response=[
01-01 11:56:33.170 E/        (   90): OK
01-01 11:56:33.170 E/        (   90): ]
01-01 11:56:33.270 E/eng_rf_nv_update(   90): [set_rf_nvconf]: NV updated OK!
01-01 11:56:33.280 E/eng_rf_nv_update(   90): [save_rf_nv_to_bak_file] NV data save to bake file OK
01-01 11:56:33.280 E/eng_rf_nv_update(   90): [eng_rf_nv_update]: end eng rf nv update!
01-01 11:56:33.280 I/logwrapper(   80): /system/bin/eng_rf_nv_update terminated by exit(0)
01-01 11:56:33.750 I/power   (   81): *** set_screen_state 1
01-01 11:56:33.760 D/Sensors (   81): activate handle=3; drv=1
01-01 11:56:33.760 D/Sensors (   81): SensorTMD2771::setEnable=0= en=1; newState=1; what=0; mEnabled=0
01-01 11:56:33.870 D/Sensors (   81): taos ---Light::TAOS_IOCTL_ALS_ON=== err=0
01-01 11:56:33.870 D/Sensors (   81): SensorTMD2771::setEnable=1= en=1; newState=1; what=0; mEnabled=1
01-01 11:56:33.870 D/Sensors (   81): SensorTMD2771::getEnable===mEnabled=0x1; enable=1
01-01 11:56:33.890 I/GeckoDump(   81): XXX FIXME : Got a mozContentEvent: nfc-hardware-state-change
01-01 11:56:33.920 I/GeckoDump(   81): XXX FIXME : Got a mozContentEvent: system-message-listener-ready
01-01 11:56:33.970 I/Gecko:ProcessPriorityManager(   81): [(Preallocated), child-id=2, pid=373] Creating ParticularProcessPriorityManager.
01-01 11:56:33.970 I/Gecko:ProcessPriorityManager(   81): [(Preallocated), child-id=2, pid=373] Done starting up.  mHoldsCPUWakeLock=0, mHoldsHighPriorityWakeLock=0
01-01 11:56:33.970 I/Gecko:ProcessPriorityManager(   81): [(Preallocated), child-id=2, pid=373] Changing priority from UNKNOWN:CPU_NORMAL to MASTER:CPU_NORMAL.
01-01 11:56:33.970 I/Gonk    (   81): Setting nice for pid 373 to 0
01-01 11:56:33.970 I/Gonk    (   81): Changed nice for pid 373 from 0 to 0.
01-01 11:56:34.430 I/Gecko   (   81): 1325436994438	Marionette	INFO	loaded marionette-listener.js
01-01 11:56:34.430 I/Gecko   (   81): 1325436994440	Marionette	INFO	sendToClient: {"from":"0","value":"3-b2g"}, {21e499da-632d-4fc6-8bc6-9febdad931f7}, {21e499da-632d-4fc6-8bc6-9febdad931f7}
01-01 11:56:34.560 D/Sensors (   81): SensorTMD2771::readEvents()======data_fd=53,count=16
01-01 11:56:34.560 D/Sensors (   81): SensorTMD2771::processEvent()=====code=40::value=1 
01-01 11:56:34.560 D/Sensors (   81): SensorTMD2771: mPendingEvents[Light].light = 1.000000
01-01 11:56:34.590 E/GeckoConsole(   81): [JavaScript Error: "TypeError: widgetFrame is undefined" {file: "app://system.gaiamobile.org/js/cost_control.js" line: 119}]
01-01 11:56:34.980 I/Gecko   (   81): 1325436994991	Marionette	INFO	sendToClient: {"from":"0","value":{"ELEMENT":"{aa374ba1-c5eb-4e39-9a32-eec2fcb90369}"}}, {b8414d2c-7e12-4366-af27-a08216e781e1}, {b8414d2c-7e12-4366-af27-a08216e781e1}
01-01 11:56:34.990 E/WifiHW  (   81): Leo ensure_config_file_exists config_file=/data/misc/wifi/wpa_supplicant.conf
01-01 11:56:35.000 E/WifiHW  (   81): daemon_cmd=wpa_supplicant:-iwlan0 -c/data/misc/wifi/wpa_supplicant.conf
01-01 11:56:35.110 I/Gecko   (   81): 1325436995119	Marionette	INFO	sendToClient: {"from":"0","value":false}, {e0ee91d2-e7f6-49f3-842c-67fafc20d4dd}, {e0ee91d2-e7f6-49f3-842c-67fafc20d4dd}
01-01 11:56:35.360 I/Gecko   (   81): 1325436995365	Marionette	INFO	sendToClient: {"from":"0","value":{"ELEMENT":"{aa374ba1-c5eb-4e39-9a32-eec2fcb90369}"}}, {6c73c4bd-0035-43d1-b7f2-00c2e2914f27}, {6c73c4bd-0035-43d1-b7f2-00c2e2914f27}
01-01 11:56:35.490 I/Gecko   (   81): 1325436995499	Marionette	INFO	sendToClient: {"from":"0","value":false}, {8e954092-014a-4ad7-99fd-870d8d817c3e}, {8e954092-014a-4ad7-99fd-870d8d817c3e}
01-01 11:56:35.670 I/Gecko   (   81): 1325436995681	Marionette	INFO	sendToClient: {"from":"0","value":{"ELEMENT":"{aa374ba1-c5eb-4e39-9a32-eec2fcb90369}"}}, {ab34a3c5-2bcd-4418-aedd-930d9f380bdf}, {ab34a3c5-2bcd-4418-aedd-930d9f380bdf}
01-01 11:56:35.750 I/Gecko   (   81): 1325436995761	Marionette	INFO	sendToClient: {"from":"0","value":false}, {a310397c-22b7-4de2-9a4e-b90a4dd11830}, {a310397c-22b7-4de2-9a4e-b90a4dd11830}
01-01 11:56:35.870 I/Gecko   (   81): 1325436995882	Marionette	INFO	sendToClient: {"from":"0","value":{"ELEMENT":"{aa374ba1-c5eb-4e39-9a32-eec2fcb90369}"}}, {d41df4e2-340b-4125-98f8-b5c6332c3cd2}, {d41df4e2-340b-4125-98f8-b5c6332c3cd2}
01-01 11:56:35.940 I/Gecko   (   81): 1325436995949	Marionette	INFO	sendToClient: {"from":"0","value":false}, {d8e2e95b-d2a3-4114-aec4-67b51971955f}, {d8e2e95b-d2a3-4114-aec4-67b51971955f}
01-01 11:56:36.120 I/GeckoDump(   81): XXX FIXME : Got a mozContentEvent: accessibility-screenreader
01-01 11:56:36.130 W/WifiHW  (   81): wifi_command: LOG_LEVEL
01-01 11:56:36.140 W/WifiHW  (   81): wifi_command: STATUS
01-01 11:56:36.210 I/GeckoDump(   81): XXX FIXME : Got a mozContentEvent: nfc-hardware-state-change
01-01 11:56:36.470 W/WifiHW  (   81): wifi_command: LIST_NETWORKS
01-01 11:56:36.470 W/WifiHW  (   81): wifi_command: DRIVER MACADDR
01-01 11:56:36.470 W/WifiHW  (   81): wifi_command: DRIVER SCAN-ACTIVE
01-01 11:56:36.690 W/WifiHW  (   81): wifi_command: GET_NETWORK 0 ssid
01-01 11:56:36.690 W/WifiHW  (   81): wifi_command: GET_NETWORK 0 bssid
01-01 11:56:36.690 W/WifiHW  (   81): wifi_command: GET_NETWORK 0 psk
01-01 11:56:36.690 W/WifiHW  (   81): wifi_command: GET_NETWORK 0 wep_key0
01-01 11:56:36.690 W/WifiHW  (   81): wifi_command: GET_NETWORK 0 wep_key1
01-01 11:56:36.690 W/WifiHW  (   81): wifi_command: GET_NETWORK 0 wep_key2
01-01 11:56:36.690 W/WifiHW  (   81): wifi_command: GET_NETWORK 0 wep_key3
01-01 11:56:36.700 W/WifiHW  (   81): wifi_command: GET_NETWORK 0 wep_tx_keyidx
01-01 11:56:36.700 W/WifiHW  (   81): wifi_command: GET_NETWORK 0 priority
01-01 11:56:36.700 W/WifiHW  (   81): wifi_command: GET_NETWORK 0 key_mgmt
01-01 11:56:36.700 W/WifiHW  (   81): wifi_command: GET_NETWORK 0 scan_ssid
01-01 11:56:36.710 W/WifiHW  (   81): wifi_command: GET_NETWORK 0 disabled
01-01 11:56:36.710 W/WifiHW  (   81): wifi_command: GET_NETWORK 0 identity
01-01 11:56:36.710 W/WifiHW  (   81): wifi_command: GET_NETWORK 0 password
01-01 11:56:36.720 W/WifiHW  (   81): wifi_command: GET_NETWORK 0 auth_alg
01-01 11:56:36.720 W/WifiHW  (   81): wifi_command: GET_NETWORK 0 phase1
01-01 11:56:36.720 W/WifiHW  (   81): wifi_command: GET_NETWORK 0 phase2
01-01 11:56:36.720 W/WifiHW  (   81): wifi_command: GET_NETWORK 0 eap
01-01 11:56:36.720 W/WifiHW  (   81): wifi_command: GET_NETWORK 0 pin
01-01 11:56:36.720 W/WifiHW  (   81): wifi_command: GET_NETWORK 0 pcsc
01-01 11:56:36.720 W/WifiHW  (   81): wifi_command: GET_NETWORK 1 ssid
01-01 11:56:36.720 W/WifiHW  (   81): wifi_command: GET_NETWORK 1 bssid
01-01 11:56:36.730 W/WifiHW  (   81): wifi_command: GET_NETWORK 1 psk
01-01 11:56:36.730 W/WifiHW  (   81): wifi_command: GET_NETWORK 1 wep_key0
01-01 11:56:36.730 W/WifiHW  (   81): wifi_command: GET_NETWORK 1 wep_key1
01-01 11:56:36.730 W/WifiHW  (   81): wifi_command: GET_NETWORK 1 wep_key2
01-01 11:56:36.730 W/WifiHW  (   81): wifi_command: GET_NETWORK 1 wep_key3
01-01 11:56:36.730 W/WifiHW  (   81): wifi_command: GET_NETWORK 1 wep_tx_keyidx
01-01 11:56:36.730 W/WifiHW  (   81): wifi_command: GET_NETWORK 1 priority
01-01 11:56:36.730 W/WifiHW  (   81): wifi_command: GET_NETWORK 1 key_mgmt
01-01 11:56:36.730 W/WifiHW  (   81): wifi_command: GET_NETWORK 1 scan_ssid
01-01 11:56:36.740 W/WifiHW  (   81): wifi_command: GET_NETWORK 1 disabled
01-01 11:56:36.740 W/WifiHW  (   81): wifi_command: GET_NETWORK 1 identity
01-01 11:56:36.740 W/WifiHW  (   81): wifi_command: GET_NETWORK 1 password
01-01 11:56:36.740 W/WifiHW  (   81): wifi_command: GET_NETWORK 1 auth_alg
01-01 11:56:36.740 W/WifiHW  (   81): wifi_command: GET_NETWORK 1 phase1
01-01 11:56:36.740 W/WifiHW  (   81): wifi_command: GET_NETWORK 1 phase2
01-01 11:56:36.740 W/WifiHW  (   81): wifi_command: GET_NETWORK 1 eap
01-01 11:56:36.740 W/WifiHW  (   81): wifi_command: GET_NETWORK 1 pin
01-01 11:56:36.740 W/WifiHW  (   81): wifi_command: GET_NETWORK 1 pcsc
01-01 11:56:36.740 W/WifiHW  (   81): wifi_command: GET_NETWORK 2 ssid
01-01 11:56:36.740 W/WifiHW  (   81): wifi_command: GET_NETWORK 2 bssid
01-01 11:56:36.740 W/WifiHW  (   81): wifi_command: GET_NETWORK 2 psk
01-01 11:56:36.750 W/WifiHW  (   81): wifi_command: GET_NETWORK 2 wep_key0
01-01 11:56:36.750 W/WifiHW  (   81): wifi_command: GET_NETWORK 2 wep_key1
01-01 11:56:36.760 W/WifiHW  (   81): wifi_command: GET_NETWORK 2 wep_key2
01-01 11:56:36.760 W/WifiHW  (   81): wifi_command: GET_NETWORK 2 wep_key3
01-01 11:56:36.760 W/WifiHW  (   81): wifi_command: GET_NETWORK 2 wep_tx_keyidx
01-01 11:56:36.760 W/WifiHW  (   81): wifi_command: GET_NETWORK 2 priority
01-01 11:56:36.760 W/WifiHW  (   81): wifi_command: GET_NETWORK 2 key_mgmt
01-01 11:56:36.760 W/WifiHW  (   81): wifi_command: GET_NETWORK 2 scan_ssid
01-01 11:56:36.760 W/WifiHW  (   81): wifi_command: GET_NETWORK 2 disabled
01-01 11:56:36.770 W/WifiHW  (   81): wifi_command: GET_NETWORK 2 identity
01-01 11:56:36.770 W/WifiHW  (   81): wifi_command: GET_NETWORK 2 password
01-01 11:56:36.770 W/WifiHW  (   81): wifi_command: GET_NETWORK 2 auth_alg
01-01 11:56:36.770 W/WifiHW  (   81): wifi_command: GET_NETWORK 2 phase1
01-01 11:56:36.770 W/WifiHW  (   81): wifi_command: GET_NETWORK 2 phase2
01-01 11:56:36.770 W/WifiHW  (   81): wifi_command: GET_NETWORK 2 eap
01-01 11:56:36.770 W/WifiHW  (   81): wifi_command: GET_NETWORK 2 pin
01-01 11:56:36.770 W/WifiHW  (   81): wifi_command: GET_NETWORK 2 pcsc
01-01 11:56:36.770 W/WifiHW  (   81): wifi_command: GET_NETWORK 3 ssid
01-01 11:56:36.770 W/WifiHW  (   81): wifi_command: GET_NETWORK 3 bssid
01-01 11:56:36.770 W/WifiHW  (   81): wifi_command: GET_NETWORK 3 psk
01-01 11:56:36.770 W/WifiHW  (   81): wifi_command: GET_NETWORK 3 wep_key0
01-01 11:56:36.780 W/WifiHW  (   81): wifi_command: GET_NETWORK 3 wep_key1
01-01 11:56:36.780 W/WifiHW  (   81): wifi_command: GET_NETWORK 3 wep_key2
01-01 11:56:36.780 W/WifiHW  (   81): wifi_command: GET_NETWORK 3 wep_key3
01-01 11:56:36.790 W/WifiHW  (   81): wifi_command: GET_NETWORK 3 wep_tx_keyidx
01-01 11:56:36.790 W/WifiHW  (   81): wifi_command: GET_NETWORK 3 priority
01-01 11:56:36.790 W/WifiHW  (   81): wifi_command: GET_NETWORK 3 key_mgmt
01-01 11:56:36.790 W/WifiHW  (   81): wifi_command: GET_NETWORK 3 scan_ssid
01-01 11:56:36.790 W/WifiHW  (   81): wifi_command: GET_NETWORK 3 disabled
01-01 11:56:36.790 W/WifiHW  (   81): wifi_command: GET_NETWORK 3 identity
01-01 11:56:36.790 W/WifiHW  (   81): wifi_command: GET_NETWORK 3 password
01-01 11:56:36.790 W/WifiHW  (   81): wifi_command: GET_NETWORK 3 auth_alg
01-01 11:56:36.790 W/WifiHW  (   81): wifi_command: GET_NETWORK 3 phase1
01-01 11:56:36.790 W/WifiHW  (   81): wifi_command: GET_NETWORK 3 phase2
01-01 11:56:36.800 W/WifiHW  (   81): wifi_command: GET_NETWORK 3 eap
01-01 11:56:36.800 W/WifiHW  (   81): wifi_command: GET_NETWORK 3 pin
01-01 11:56:36.800 W/WifiHW  (   81): wifi_command: GET_NETWORK 3 pcsc
01-01 11:56:36.800 W/WifiHW  (   81): wifi_command: SCAN
01-01 11:56:36.850 W/WifiHW  (   81): wifi_command: ENABLE_NETWORK 0
01-01 11:56:36.850 W/WifiHW  (   81): wifi_command: ENABLE_NETWORK 1
01-01 11:56:36.850 W/WifiHW  (   81): wifi_command: ENABLE_NETWORK 2
01-01 11:56:36.860 W/WifiHW  (   81): wifi_command: ENABLE_NETWORK 3
01-01 11:56:36.860 W/WifiHW  (   81): wifi_command: AP_SCAN 1
01-01 11:56:36.860 W/WifiHW  (   81): wifi_command: DRIVER SCAN-PASSIVE
01-01 11:56:36.890 I/Gecko   (   81): 1325436996897	Marionette	INFO	sendToClient: {"from":"0","value":{"ELEMENT":"{aa374ba1-c5eb-4e39-9a32-eec2fcb90369}"}}, {2875a19d-4f41-4b4c-879d-f03e5726cefd}, {2875a19d-4f41-4b4c-879d-f03e5726cefd}
01-01 11:56:36.890 W/WifiHW  (   81): wifi_command: SAVE_CONFIG
01-01 11:56:37.060 I/Gecko   (   81): 1325436997066	Marionette	INFO	sendToClient: {"from":"0","value":true}, {ce109dfd-3f79-4b6a-a4b2-6814ebbabb1f}, {ce109dfd-3f79-4b6a-a4b2-6814ebbabb1f}
01-01 11:56:37.240 I/FMRadio (   81): FMRadio is initialized.
01-01 11:56:37.370 E/GeckoConsole(   81): Content JS ERROR at app://system.gaiamobile.org/js/telephony_settings.js:23 in set_vpm_error: Error setting voice privacy.
01-01 11:56:37.370 E/GeckoConsole(   81): Content JS ERROR at app://system.gaiamobile.org/js/telephony_settings.js:23 in set_vpm_error: Error setting voice privacy.
01-01 11:56:37.520 E/GeckoConsole(   81): Content JS ERROR at app://system.gaiamobile.org/js/telephony_settings.js:42 in set_vpm_error: Error roaming preference.
01-01 11:56:37.520 E/GeckoConsole(   81): Content JS ERROR at app://system.gaiamobile.org/js/telephony_settings.js:42 in set_vpm_error: Error roaming preference.
01-01 11:56:37.710 I/Gecko:ProcessPriorityManager(   81): [Homescreen, child-id=2, pid=373] Changing priority from MASTER:CPU_NORMAL to FOREGROUND:CPU_NORMAL.
01-01 11:56:37.710 I/Gonk    (   81): Setting nice for pid 373 to 1
01-01 11:56:37.710 I/Gonk    (   81): Changed nice for pid 373 from 0 to 1.
01-01 11:56:37.720 I/Gecko:ProcessPriorityManager(   81): Making background LRU pool with size(3)
01-01 11:56:37.730 I/Gecko:ProcessPriorityManager(   81): KillBackgroundApps
01-01 11:56:37.730 I/Gecko   (   81): [Parent 81] WARNING: waitpid failed pid:373 errno:10: file /var/lib/jenkins/jobs/B2G.v1.3.0.Tarako/workspace/gecko/ipc/chromium/src/base/process_util_posix.cc, line 254
01-01 11:56:37.990 E/[Gralloc-ERROR](   81): int gralloc_register_buffer(const gralloc_module_t*, const native_handle_t*):79 Unable to register handle 0x466c3ab0 coming from different process: 81
01-01 11:56:38.010 E/[Gralloc-ERROR](   81): int gralloc_register_buffer(const gralloc_module_t*, const native_handle_t*):79 Unable to register handle 0x466e81f0 coming from different process: 81
01-01 11:56:38.110 E/[Gralloc-ERROR](   81): int gralloc_register_buffer(const gralloc_module_t*, const native_handle_t*):79 Unable to register handle 0x469399c0 coming from different process: 81
01-01 11:56:38.110 E/[Gralloc-ERROR](   81): int gralloc_register_buffer(const gralloc_module_t*, const native_handle_t*):79 Unable to register handle 0x4693e0b0 coming from different process: 81
01-01 11:56:38.430 I/GeckoDump(   81): XXX FIXME : Got a mozContentEvent: inputmethod-update-layouts
01-01 11:56:38.470 I/Gecko   (   81): ############################### browserElementPanning.js loaded
01-01 11:56:38.510 I/Gecko   (   81): ######################## BrowserElementChildPreload.js loaded
01-01 11:56:38.570 I/GeckoDump(   81): XXX FIXME : Got a mozContentEvent: inputmethod-update-layouts
01-01 11:56:39.220 E/GeckoConsole(   81): [JavaScript Warning: "Error in parsing value for 'font-weight'.  Declaration dropped." {file: "app://keyboard.gaiamobile.org/style/keyboard.css" line: 132 column: 15 source: "  font-weight: medium;"}]
01-01 11:56:40.000 I/Gecko   (   81): 1325437000009	Marionette	INFO	sendToClient: {"from":"0","ok":true}, {0294ec53-231c-464d-aba9-851de1a7af2f}, {0294ec53-231c-464d-aba9-851de1a7af2f}
01-01 11:56:40.080 I/Gecko   (   81): 1325437000089	Marionette	DEBUG	Got request: switchToFrame, data: {"to":"0","sessionId":"3-b2g","name":"switchToFrame","parameters":{"id":null,"focus":true}}, id: {96661dbc-e41f-48c0-a3e0-1e5187238b14}
01-01 11:56:40.100 I/Gecko   (  373): ###################################### forms.js loaded
01-01 11:56:40.100 I/Gecko   (   81): 1325437000110	Marionette	INFO	Switched to frame: {"frameValue":null}
01-01 11:56:40.230 W/WifiHW  (   81): wifi_command: SCAN_RESULTS
01-01 11:56:40.240 I/Gecko   (   81): 1325437000247	Marionette	INFO	sendToClient: {"from":"0","ok":true}, {96661dbc-e41f-48c0-a3e0-1e5187238b14}, {96661dbc-e41f-48c0-a3e0-1e5187238b14}
01-01 11:56:40.250 W/WifiHW  (   81): wifi_command: DRIVER SCAN-PASSIVE
01-01 11:56:40.260 I/Gecko   (  373): ############################### browserElementPanning.js loaded
01-01 11:56:40.360 W/WifiHW  (   81): wifi_command: GET_NETWORK 3 ssid
01-01 11:56:40.360 W/WifiHW  (   81): wifi_command: GET_NETWORK 3 bssid
01-01 11:56:40.370 W/WifiHW  (   81): wifi_command: GET_NETWORK 3 psk
01-01 11:56:40.370 W/WifiHW  (   81): wifi_command: GET_NETWORK 3 wep_key0
01-01 11:56:40.370 W/WifiHW  (   81): wifi_command: GET_NETWORK 3 wep_key1
01-01 11:56:40.370 W/WifiHW  (   81): wifi_command: GET_NETWORK 3 wep_key2
01-01 11:56:40.370 W/WifiHW  (   81): wifi_command: GET_NETWORK 3 wep_key3
01-01 11:56:40.370 W/WifiHW  (   81): wifi_command: GET_NETWORK 3 wep_tx_keyidx
01-01 11:56:40.370 W/WifiHW  (   81): wifi_command: GET_NETWORK 3 priority
01-01 11:56:40.370 W/WifiHW  (   81): wifi_command: GET_NETWORK 3 key_mgmt
01-01 11:56:40.370 W/WifiHW  (   81): wifi_command: GET_NETWORK 3 scan_ssid
01-01 11:56:40.370 W/WifiHW  (   81): wifi_command: GET_NETWORK 3 disabled
01-01 11:56:40.370 W/WifiHW  (   81): wifi_command: GET_NETWORK 3 identity
01-01 11:56:40.370 W/WifiHW  (   81): wifi_command: GET_NETWORK 3 password
01-01 11:56:40.380 W/WifiHW  (   81): wifi_command: GET_NETWORK 3 auth_alg
01-01 11:56:40.390 W/WifiHW  (   81): wifi_command: GET_NETWORK 3 phase1
01-01 11:56:40.390 W/WifiHW  (   81): wifi_command: GET_NETWORK 3 phase2
01-01 11:56:40.390 W/WifiHW  (   81): wifi_command: GET_NETWORK 3 eap
01-01 11:56:40.390 W/WifiHW  (   81): wifi_command: GET_NETWORK 3 pin
01-01 11:56:40.390 W/WifiHW  (   81): wifi_command: GET_NETWORK 3 pcsc
01-01 11:56:40.410 I/Gecko   (   81): 1325437000423	Marionette	DEBUG	Got request: executeWithCallback, data: {"to":"0","sessionId":"3-b2g","name":"executeAsyncScript","parameters":{"specialPowers":false,"scriptTimeout":null,"newSandbox":true,"args":[],"filename":"gaia_test.py","script":"GaiaLockScreen.unlock()","line":810}}, id: {95607383-548b-423f-80b5-23485b9e887e}
01-01 11:56:41.120 I/Gecko   (  373): ######################## BrowserElementChildPreload.js loaded
01-01 11:56:41.400 I/Gecko   (   81): 1325437001407	Marionette	INFO	sendToClient: {"from":"0","value":{"passed":0,"failed":0,"failures":[]}}, {95607383-548b-423f-80b5-23485b9e887e}, {95607383-548b-423f-80b5-23485b9e887e}
01-01 11:56:41.500 E/Profiler(   81): BPUnw: [1 total] thread_unregister_for_profiling(me=0xa45048)  (NOT REGISTERED) 
01-01 11:56:41.900 W/WifiHW  (   81): wifi_command: SIGNAL_POLL
01-01 11:56:41.910 W/WifiHW  (   81): wifi_command: GET_NETWORK 3 ssid
01-01 11:56:41.910 W/WifiHW  (   81): wifi_command: GET_NETWORK 3 bssid
01-01 11:56:41.910 W/WifiHW  (   81): wifi_command: GET_NETWORK 3 psk
01-01 11:56:41.910 W/WifiHW  (   81): wifi_command: GET_NETWORK 3 wep_key0
01-01 11:56:41.910 W/WifiHW  (   81): wifi_command: GET_NETWORK 3 wep_key1
01-01 11:56:41.910 W/WifiHW  (   81): wifi_command: GET_NETWORK 3 wep_key2
01-01 11:56:41.910 W/WifiHW  (   81): wifi_command: GET_NETWORK 3 wep_key3
01-01 11:56:41.910 W/WifiHW  (   81): wifi_command: GET_NETWORK 3 wep_tx_keyidx
01-01 11:56:41.910 W/WifiHW  (   81): wifi_command: GET_NETWORK 3 priority
01-01 11:56:41.910 W/WifiHW  (   81): wifi_command: GET_NETWORK 3 key_mgmt
01-01 11:56:41.910 W/WifiHW  (   81): wifi_command: GET_NETWORK 3 scan_ssid
01-01 11:56:41.910 W/WifiHW  (   81): wifi_command: GET_NETWORK 3 disabled
01-01 11:56:41.910 W/WifiHW  (   81): wifi_command: GET_NETWORK 3 identity
01-01 11:56:41.920 W/WifiHW  (   81): wifi_command: GET_NETWORK 3 password
01-01 11:56:41.920 W/WifiHW  (   81): wifi_command: GET_NETWORK 3 auth_alg
01-01 11:56:41.920 W/WifiHW  (   81): wifi_command: GET_NETWORK 3 phase1
01-01 11:56:41.920 W/WifiHW  (   81): wifi_command: GET_NETWORK 3 phase2
01-01 11:56:41.920 W/WifiHW  (   81): wifi_command: GET_NETWORK 3 eap
01-01 11:56:41.920 W/WifiHW  (   81): wifi_command: GET_NETWORK 3 pin
01-01 11:56:41.920 W/WifiHW  (   81): wifi_command: GET_NETWORK 3 pcsc
01-01 11:56:42.320 E/[Gralloc-ERROR](   81): int gralloc_register_buffer(const gralloc_module_t*, const native_handle_t*):79 Unable to register handle 0x452cc290 coming from different process: 81
01-01 11:56:42.320 E/[Gralloc-ERROR](   81): int gralloc_register_buffer(const gralloc_module_t*, const native_handle_t*):79 Unable to register handle 0x452cc4c0 coming from different process: 81
01-01 11:56:42.410 E/[Gralloc-ERROR](   81): int gralloc_register_buffer(const gralloc_module_t*, const native_handle_t*):79 Unable to register handle 0x45264f60 coming from different process: 81
01-01 11:56:42.410 E/[Gralloc-ERROR](   81): int gralloc_register_buffer(const gralloc_module_t*, const native_handle_t*):79 Unable to register handle 0x452cc8d0 coming from different process: 81
01-01 11:56:42.420 E/[Gralloc-ERROR](   81): int gralloc_register_buffer(const gralloc_module_t*, const native_handle_t*):79 Unable to register handle 0x452ccbf0 coming from different process: 81
01-01 11:56:42.420 E/[Gralloc-ERROR](   81): int gralloc_register_buffer(const gralloc_module_t*, const native_handle_t*):79 Unable to register handle 0x452ccc90 coming from different process: 81
01-01 11:56:42.620 I/GeckoDump(   81): XXX FIXME : Got a mozContentEvent: nfc-hardware-state-change
01-01 11:56:42.670 I/GeckoDump(   81): XXX FIXME : Got a mozContentEvent: nfc-hardware-state-change
01-01 11:56:42.810 E/[Gralloc-ERROR](   81): int gralloc_unregister_buffer(const gralloc_module_t*, const native_handle_t*):274 Trying to unregister buffer 0x4693e0b0 from process 81 that was not created in current process: 81
01-01 11:56:42.810 E/[Gralloc-ERROR](   81): int gralloc_unregister_buffer(const gralloc_module_t*, const native_handle_t*):274 Trying to unregister buffer 0x469399c0 from process 81 that was not created in current process: 81
01-01 11:56:42.940 E/[Gralloc-ERROR](   81): int gralloc_unregister_buffer(const gralloc_module_t*, const native_handle_t*):274 Trying to unregister buffer 0x452cc4c0 from process 81 that was not created in current process: 81
01-01 11:56:42.950 E/[Gralloc-ERROR](   81): int gralloc_unregister_buffer(const gralloc_module_t*, const native_handle_t*):274 Trying to unregister buffer 0x452cc290 from process 81 that was not created in current process: 81
01-01 11:56:42.950 E/[Gralloc-ERROR](   81): int gralloc_unregister_buffer(const gralloc_module_t*, const native_handle_t*):274 Trying to unregister buffer 0x452cc8d0 from process 81 that was not created in current process: 81
01-01 11:56:42.950 E/[Gralloc-ERROR](   81): int gralloc_unregister_buffer(const gralloc_module_t*, const native_handle_t*):274 Trying to unregister buffer 0x45264f60 from process 81 that was not created in current process: 81
01-01 11:56:42.950 E/[Gralloc-ERROR](   81): int gralloc_unregister_buffer(const gralloc_module_t*, const native_handle_t*):274 Trying to unregister buffer 0x452ccc90 from process 81 that was not created in current process: 81
01-01 11:56:42.950 E/[Gralloc-ERROR](   81): int gralloc_unregister_buffer(const gralloc_module_t*, const native_handle_t*):274 Trying to unregister buffer 0x452ccbf0 from process 81 that was not created in current process: 81
01-01 11:56:42.990 I/Gecko:ProcessPriorityManager(   81): [(Preallocated), child-id=3, pid=420] Creating ParticularProcessPriorityManager.
01-01 11:56:42.990 I/Gecko:ProcessPriorityManager(   81): [(Preallocated), child-id=3, pid=420] Done starting up.  mHoldsCPUWakeLock=0, mHoldsHighPriorityWakeLock=0
01-01 11:56:42.990 I/Gecko:ProcessPriorityManager(   81): [(Preallocated), child-id=3, pid=420] Changing priority from UNKNOWN:CPU_NORMAL to MASTER:CPU_NORMAL.
01-01 11:56:42.990 I/Gonk    (   81): Setting nice for pid 420 to 0
01-01 11:56:42.990 I/Gonk    (   81): Changed nice for pid 420 from 0 to 0.
01-01 11:56:42.990 I/Gecko:ProcessPriorityManager(   81): [Homescreen, child-id=2, pid=373] Changing priority from FOREGROUND:CPU_NORMAL to FOREGROUND:CPU_LOW.
01-01 11:56:42.990 I/Gonk    (   81): Setting nice for pid 373 to 18
01-01 11:56:42.990 I/Gonk    (   81): Changed nice for pid 373 from 1 to 18.
01-01 11:56:42.990 I/Gecko:ProcessPriorityManager(   81): KillBackgroundApps
01-01 11:56:43.020 I/Gecko   (   81): 1325437003025	Marionette	INFO	sendToClient: {"from":"0","ok":true}, {c64c2a4e-29ed-4f9b-be3b-d362c60404d7}, {c64c2a4e-29ed-4f9b-be3b-d362c60404d7}
01-01 11:56:43.170 I/Gecko   (   81): 1325437003180	Marionette	DEBUG	Got request: switchToFrame, data: {"to":"0","sessionId":"3-b2g","name":"switchToFrame","parameters":{"id":null,"focus":true}}, id: {770d8e02-ad9e-4c0c-8b80-aa667363a9c4}
01-01 11:56:43.230 I/Gecko   (   81): 1325437003239	Marionette	INFO	Switched to frame: {"frameValue":null}
01-01 11:56:43.400 I/Gecko   (   81): 1325437003412	Marionette	INFO	sendToClient: {"from":"0","ok":true}, {770d8e02-ad9e-4c0c-8b80-aa667363a9c4}, {770d8e02-ad9e-4c0c-8b80-aa667363a9c4}
01-01 11:56:43.460 I/Gecko   (   81): 1325437003471	Marionette	DEBUG	Got request: executeWithCallback, data: {"to":"0","sessionId":"3-b2g","name":"executeAsyncScript","parameters":{"specialPowers":false,"scriptTimeout":60000,"newSandbox":true,"args":[],"filename":"app_checker.py","script":"\n        GaiaApps.locateWithManifestURL('https://marketplace.firefox.com/app/e3d562dc-f5ea-4035-9f40-5e123ce7a573/manifest.webapp',\n                                       null,\n                                       function uninstall(app) {\n                                       navigator.mozApps.mgmt.uninstall(app);\n                                       marionetteScriptFinished(true);\n                                       });\n        ","line":129}}, id: {43184bae-f657-4fce-968a-b1ce866fdddd}
01-01 11:56:43.490 I/Gecko   (   81): 1325437003495	Marionette	INFO	sendToClient: {"from":"0","error":{"message":"TypeError: app is null","status":17,"stacktrace":"execute_async_script @app_checker.py, line 129\ninline javascript, line 221\nsrc: \"      appName = app.manifest.name;\""}}, {43184bae-f657-4fce-968a-b1ce866fdddd}, {43184bae-f657-4fce-968a-b1ce866fdddd}