--------- beginning of /dev/log/system
01-01 03:05:00.720 I/Vold    (   75): Vold 2.1 (the revenge) firing up
01-01 03:05:00.770 D/Vold    (   75): Volume sdcard state changing -1 (Initializing) -> 0 (No-Media)
01-01 03:05:00.870 D/Vold    (   75): Volume sdcard state changing 0 (No-Media) -> 2 (Pending)
01-01 03:05:00.880 D/Vold    (   75): Volume sdcard state changing 2 (Pending) -> 1 (Idle-Unmounted)
01-01 03:05:05.980 D/VoldCmdListener(   75): volume list
01-01 03:05:05.980 D/VoldCmdListener(   75): volume mount sdcard
01-01 03:05:05.980 I/Vold    (   75): /dev/block/vold/179:1 being considered for volume sdcard
01-01 03:05:05.980 D/Vold    (   75): Volume sdcard state changing 1 (Idle-Unmounted) -> 3 (Checking)
01-01 03:05:05.980 W/Vold    (   75): Skipping fs checks
01-01 03:05:06.040 I/Vold    (   75): Device /dev/block/vold/179:1, target /mnt/sdcard mounted @ /mnt/secure/staging
01-01 03:05:06.040 D/Vold    (   75): Volume sdcard state changing 3 (Checking) -> 4 (Mounted)
--------- beginning of /dev/log/main
01-01 03:05:17.670 E/        (   90): write_rf_nvconf_cmd: wifi recv_num =6, response=[
01-01 03:05:17.670 E/        (   90): OK
01-01 03:05:17.670 E/        (   90): ]
01-01 03:05:17.770 E/        (   90): write_rf_nvconf_cmd
01-01 03:05:17.770 E/        (   90): write_rf_nvconf_cmd: send [39,1,AT+SNVM=1,417]
01-01 03:05:17.770 E/        (   90): write data cmdbuf:[39,1,AT+SNVM=1,417]
01-01 03:05:17.770 E/        (   90): nvcal_send_to_modem
01-01 03:05:17.770 E/        (   90): nvcal_recv_from_modem: Waiting modem response ... fd=7
01-01 03:05:17.770 D/SPRDENG (  148): eng_servermodem_comm: use SIM1 /dev/CHNPTY13
01-01 03:05:17.770 D/SPRDENG (  148): AT > AT+SNVM=1,417
01-01 03:05:17.770 D/SPRDENG (  148): 41
01-01 03:05:17.770 D/SPRDENG (  148): 54
01-01 03:05:17.770 D/SPRDENG (  148): 2b
01-01 03:05:17.770 D/SPRDENG (  148): 53
01-01 03:05:17.770 D/SPRDENG (  148): 4e
01-01 03:05:17.770 D/SPRDENG (  148): 56
01-01 03:05:17.770 D/SPRDENG (  148): 4d
01-01 03:05:17.770 D/SPRDENG (  148): 3d
01-01 03:05:17.770 D/SPRDENG (  148): 31
01-01 03:05:17.770 D/SPRDENG (  148): 2c
01-01 03:05:17.770 D/SPRDENG (  148): 34
01-01 03:05:17.770 D/SPRDENG (  148): 31
01-01 03:05:17.770 D/SPRDENG (  148): 37
01-01 03:05:17.770 D/SPRDENG (  148): eng_modem2server: use SIM1 /dev/CHNPTY13
01-01 03:05:17.770 D/SPRDENG (  148): AT < 
01-01 03:05:17.770 D/SPRDENG (  148): > 
01-01 03:05:17.770 D/SPRDENG (  148): 
01-01 03:05:17.770 E/        (   90): nvcal_recv_from_modem: Receive 1 Modem Response
01-01 03:05:17.770 E/        (   90): recv from modem cmdbuf=[
01-01 03:05:17.770 E/        (   90): > 
01-01 03:05:17.770 E/        (   90): ]
01-01 03:05:17.870 E/        (   90): (strstr(cmdbuf, ">") != NULL)
01-01 03:05:17.870 E/        (   90): write_rf_nvconf_cmd: cmd_len[406], nv_len[400]
01-01 03:05:17.870 E/        (   90): write_rf_nvconf_cmd: cmd_buf:[39,1,1b0050021f00500221005002030050023d0050022000500224005002280050023d0050022000500224005002280050021c1c00001c1c000040020000000000000000000000000000000000000000000000000000000000000000000000000000000000000000000000000000000000000000000000000000bbbec2c61a231c2300000000000000001a231c2300000000000000001b231c2300000000000000001b231c2300000000000000001b231c2300000000000000000000000000000000000000002c000000]
01-01 03:05:17.870 E/        (   90): nvcal_send_to_modem
01-01 03:05:17.870 E/        (   90): nvcal_recv_from_modem: Waiting modem response ... fd=7
01-01 03:05:17.870 D/SPRDENG (  148): eng_servermodem_comm: use SIM1 /dev/CHNPTY13
01-01 03:05:17.870 D/SPRDENG (  148): AT > 1b0050021f00500221005002030050023d0050022000500224005002280050023d0050022000500224005002280050021c1c00001c1c000040020000000000000000000000000000000000000000000000000000000000000000000000000000000000000000000000000000000000000000000000000000bbbec2c61a231c2300000000000000001a231c2300000000000000001b231c2300000000000000001b231c2300000000000000001b231c2300000000000000000000000000000000000000002c000000
01-01 03:05:17.870 D/SPRDENG (  148): 31
01-01 03:05:17.870 D/SPRDENG (  148): 62
01-01 03:05:17.870 D/SPRDENG (  148): 30
01-01 03:05:17.870 D/SPRDENG (  148): 30
01-01 03:05:17.870 D/SPRDENG (  148): 35
01-01 03:05:17.870 D/SPRDENG (  148): 30
01-01 03:05:17.870 D/SPRDENG (  148): 30
01-01 03:05:17.870 D/SPRDENG (  148): 32
01-01 03:05:17.870 D/SPRDENG (  148): 31
01-01 03:05:17.870 D/SPRDENG (  148): 66
01-01 03:05:17.870 D/SPRDENG (  148): 30
01-01 03:05:17.870 D/SPRDENG (  148): 30
01-01 03:05:17.870 D/SPRDENG (  148): 35
01-01 03:05:17.870 D/SPRDENG (  148): 30
01-01 03:05:17.870 D/SPRDENG (  148): 30
01-01 03:05:17.870 D/SPRDENG (  148): 32
01-01 03:05:17.870 D/SPRDENG (  148): 32
01-01 03:05:17.870 D/SPRDENG (  148): 31
01-01 03:05:17.870 D/SPRDENG (  148): 30
01-01 03:05:17.870 D/SPRDENG (  148): 30
01-01 03:05:17.870 D/SPRDENG (  148): 35
01-01 03:05:17.870 D/SPRDENG (  148): 30
01-01 03:05:17.870 D/SPRDENG (  148): 30
01-01 03:05:17.870 D/SPRDENG (  148): 32
01-01 03:05:17.870 D/SPRDENG (  148): 30
01-01 03:05:17.870 D/SPRDENG (  148): 33
01-01 03:05:17.870 D/SPRDENG (  148): 30
01-01 03:05:17.870 D/SPRDENG (  148): 30
01-01 03:05:17.870 D/SPRDENG (  148): 35
01-01 03:05:17.870 D/SPRDENG (  148): 30
01-01 03:05:17.870 D/SPRDENG (  148): 30
01-01 03:05:17.870 D/SPRDENG (  148): 32
01-01 03:05:17.870 D/SPRDENG (  148): 33
01-01 03:05:17.870 D/SPRDENG (  148): 64
01-01 03:05:17.870 D/SPRDENG (  148): 30
01-01 03:05:17.870 D/SPRDENG (  148): 30
01-01 03:05:17.870 D/SPRDENG (  148): 35
01-01 03:05:17.870 D/SPRDENG (  148): 30
01-01 03:05:17.870 D/SPRDENG (  148): 30
01-01 03:05:17.870 D/SPRDENG (  148): 32
01-01 03:05:17.870 D/SPRDENG (  148): 32
01-01 03:05:17.870 D/SPRDENG (  148): 30
01-01 03:05:17.870 D/SPRDENG (  148): 30
01-01 03:05:17.870 D/SPRDENG (  148): 30
01-01 03:05:17.870 D/SPRDENG (  148): 35
01-01 03:05:17.870 D/SPRDENG (  148): 30
01-01 03:05:17.870 D/SPRDENG (  148): 30
01-01 03:05:17.870 D/SPRDENG (  148): 32
01-01 03:05:17.870 D/SPRDENG (  148): 32
01-01 03:05:17.870 D/SPRDENG (  148): 34
01-01 03:05:17.870 D/SPRDENG (  148): 30
01-01 03:05:17.870 D/SPRDENG (  148): 30
01-01 03:05:17.870 D/SPRDENG (  148): 35
01-01 03:05:17.870 D/SPRDENG (  148): 30
01-01 03:05:17.870 D/SPRDENG (  148): 30
01-01 03:05:17.870 D/SPRDENG (  148): 32
01-01 03:05:17.870 D/SPRDENG (  148): 32
01-01 03:05:17.870 D/SPRDENG (  148): 38
01-01 03:05:17.870 D/SPRDENG (  148): 30
01-01 03:05:17.870 D/SPRDENG (  148): 30
01-01 03:05:17.870 D/SPRDENG (  148): 35
01-01 03:05:17.870 D/SPRDENG (  148): 30
01-01 03:05:17.870 D/SPRDENG (  148): 30
01-01 03:05:17.870 D/SPRDENG (  148): 32
01-01 03:05:17.870 D/SPRDENG (  148): 33
01-01 03:05:17.870 D/SPRDENG (  148): 64
01-01 03:05:17.870 D/SPRDENG (  148): 30
01-01 03:05:17.870 D/SPRDENG (  148): 30
01-01 03:05:17.870 D/SPRDENG (  148): 35
01-01 03:05:17.870 D/SPRDENG (  148): 30
01-01 03:05:17.870 D/SPRDENG (  148): 30
01-01 03:05:17.870 D/SPRDENG (  148): 32
01-01 03:05:17.870 D/SPRDENG (  148): 32
01-01 03:05:17.870 D/SPRDENG (  148): 30
01-01 03:05:17.870 D/SPRDENG (  148): 30
01-01 03:05:17.870 D/SPRDENG (  148): 30
01-01 03:05:17.870 D/SPRDENG (  148): 35
01-01 03:05:17.870 D/SPRDENG (  148): 30
01-01 03:05:17.870 D/SPRDENG (  148): 30
01-01 03:05:17.870 D/SPRDENG (  148): 32
01-01 03:05:17.870 D/SPRDENG (  148): 32
01-01 03:05:17.870 D/SPRDENG (  148): 34
01-01 03:05:17.870 D/SPRDENG (  148): 30
01-01 03:05:17.870 D/SPRDENG (  148): 30
01-01 03:05:17.870 D/SPRDENG (  148): 35
01-01 03:05:17.870 D/SPRDENG (  148): 30
01-01 03:05:17.870 D/SPRDENG (  148): 30
01-01 03:05:17.870 D/SPRDENG (  148): 32
01-01 03:05:17.870 D/SPRDENG (  148): 32
01-01 03:05:17.870 D/SPRDENG (  148): 38
01-01 03:05:17.870 D/SPRDENG (  148): 30
01-01 03:05:17.870 D/SPRDENG (  148): 30
01-01 03:05:17.870 D/SPRDENG (  148): 35
01-01 03:05:17.870 D/SPRDENG (  148): 30
01-01 03:05:17.870 D/SPRDENG (  148): 30
01-01 03:05:17.870 D/SPRDENG (  148): 32
01-01 03:05:17.870 D/SPRDENG (  148): 31
01-01 03:05:17.870 D/SPRDENG (  148): 63
01-01 03:05:17.870 D/SPRDENG (  148): 31
01-01 03:05:17.870 D/SPRDENG (  148): 63
01-01 03:05:17.870 D/SPRDENG (  148): 30
01-01 03:05:17.870 D/SPRDENG (  148): 30
01-01 03:05:17.870 D/SPRDENG (  148): 30
01-01 03:05:17.870 D/SPRDENG (  148): 30
01-01 03:05:17.870 D/SPRDENG (  148): 31
01-01 03:05:17.870 D/SPRDENG (  148): 63
01-01 03:05:17.870 D/SPRDENG (  148): 31
01-01 03:05:17.870 D/SPRDENG (  148): 63
01-01 03:05:17.870 D/SPRDENG (  148): 30
01-01 03:05:17.870 D/SPRDENG (  148): 30
01-01 03:05:17.870 D/SPRDENG (  148): 30
01-01 03:05:17.870 D/SPRDENG (  148): 30
01-01 03:05:17.870 D/SPRDENG (  148): 34
01-01 03:05:17.870 D/SPRDENG (  148): 30
01-01 03:05:17.870 D/SPRDENG (  148): 30
01-01 03:05:17.870 D/SPRDENG (  148): 32
01-01 03:05:17.870 D/SPRDENG (  148): 30
01-01 03:05:17.870 D/SPRDENG (  148): 30
01-01 03:05:17.870 D/SPRDENG (  148): 30
01-01 03:05:17.870 D/SPRDENG (  148): 30
01-01 03:05:17.870 D/SPRDENG (  148): 30
01-01 03:05:17.870 D/SPRDENG (  148): 30
01-01 03:05:17.870 D/SPRDENG (  148): 30
01-01 03:05:17.870 D/SPRDENG (  148): 30
01-01 03:05:17.870 D/SPRDENG (  148): 30
01-01 03:05:17.870 D/SPRDENG (  148): 30
01-01 03:05:17.870 D/SPRDENG (  148): 30
01-01 03:05:17.870 D/SPRDENG (  148): 30
01-01 03:05:17.870 D/SPRDENG (  148): 30
01-01 03:05:17.870 D/SPRDENG (  148): 30
01-01 03:05:17.870 D/SPRDENG (  148): 30
01-01 03:05:17.870 D/SPRDENG (  148): 30
01-01 03:05:17.870 D/SPRDENG (  148): 30
01-01 03:05:17.870 D/SPRDENG (  148): 30
01-01 03:05:17.870 D/SPRDENG (  148): 30
01-01 03:05:17.870 D/SPRDENG (  148): 30
01-01 03:05:17.870 D/SPRDENG (  148): 30
01-01 03:05:17.870 D/SPRDENG (  148): 30
01-01 03:05:17.870 D/SPRDENG (  148): 30
01-01 03:05:17.870 D/SPRDENG (  148): 30
01-01 03:05:17.870 D/SPRDENG (  148): 30
01-01 03:05:17.870 D/SPRDENG (  148): 30
01-01 03:05:17.870 D/SPRDENG (  148): 30
01-01 03:05:17.870 D/SPRDENG (  148): 30
01-01 03:05:17.870 D/SPRDENG (  148): 30
01-01 03:05:17.870 D/SPRDENG (  148): 30
01-01 03:05:17.870 D/SPRDENG (  148): 30
01-01 03:05:17.870 D/SPRDENG (  148): 30
01-01 03:05:17.870 D/SPRDENG (  148): 30
01-01 03:05:17.870 D/SPRDENG (  148): 30
01-01 03:05:17.870 D/SPRDENG (  148): 30
01-01 03:05:17.870 D/SPRDENG (  148): 30
01-01 03:05:17.870 D/SPRDENG (  148): 30
01-01 03:05:17.870 D/SPRDENG (  148): 30
01-01 03:05:17.870 D/SPRDENG (  148): 30
01-01 03:05:17.870 D/SPRDENG (  148): 30
01-01 03:05:17.870 D/SPRDENG (  148): 30
01-01 03:05:17.870 D/SPRDENG (  148): 30
01-01 03:05:17.870 D/SPRDENG (  148): 30
01-01 03:05:17.870 D/SPRDENG (  148): 30
01-01 03:05:17.870 D/SPRDENG (  148): 30
01-01 03:05:17.870 D/SPRDENG (  148): 30
01-01 03:05:17.870 D/SPRDENG (  148): 30
01-01 03:05:17.870 D/SPRDENG (  148): 30
01-01 03:05:17.870 D/SPRDENG (  148): 30
01-01 03:05:17.870 D/SPRDENG (  148): 30
01-01 03:05:17.870 D/SPRDENG (  148): 30
01-01 03:05:17.870 D/SPRDENG (  148): 30
01-01 03:05:17.870 D/SPRDENG (  148): 30
01-01 03:05:17.870 D/SPRDENG (  148): 30
01-01 03:05:17.870 D/SPRDENG (  148): 30
01-01 03:05:17.870 D/SPRDENG (  148): 30
01-01 03:05:17.870 D/SPRDENG (  148): 30
01-01 03:05:17.870 D/SPRDENG (  148): 30
01-01 03:05:17.870 D/SPRDENG (  148): 30
01-01 03:05:17.870 D/SPRDENG (  148): 30
01-01 03:05:17.870 D/SPRDENG (  148): 30
01-01 03:05:17.870 D/SPRDENG (  148): 30
01-01 03:05:17.870 D/SPRDENG (  148): 30
01-01 03:05:17.870 D/SPRDENG (  148): 30
01-01 03:05:17.870 D/SPRDENG (  148): 30
01-01 03:05:17.870 D/SPRDENG (  148): 30
01-01 03:05:17.870 D/SPRDENG (  148): 30
01-01 03:05:17.870 D/SPRDENG (  148): 30
01-01 03:05:17.870 D/SPRDENG (  148): 30
01-01 03:05:17.870 D/SPRDENG (  148): 30
01-01 03:05:17.870 D/SPRDENG (  148): 30
01-01 03:05:17.870 D/SPRDENG (  148): 30
01-01 03:05:17.870 D/SPRDENG (  148): 30
01-01 03:05:17.870 D/SPRDENG (  148): 30
01-01 03:05:17.870 D/SPRDENG (  148): 30
01-01 03:05:17.870 D/SPRDENG (  148): 30
01-01 03:05:17.870 D/SPRDENG (  148): 30
01-01 03:05:17.870 D/SPRDENG (  148): 30
01-01 03:05:17.870 D/SPRDENG (  148): 30
01-01 03:05:17.870 D/SPRDENG (  148): 30
01-01 03:05:17.870 D/SPRDENG (  148): 30
01-01 03:05:17.870 D/SPRDENG (  148): 30
01-01 03:05:17.870 D/SPRDENG (  148): 30
01-01 03:05:17.870 D/SPRDENG (  148): 30
01-01 03:05:17.870 D/SPRDENG (  148): 30
01-01 03:05:17.870 D/SPRDENG (  148): 30
01-01 03:05:17.870 D/SPRDENG (  148): 30
01-01 03:05:17.870 D/SPRDENG (  148): 30
01-01 03:05:17.870 D/SPRDENG (  148): 30
01-01 03:05:17.870 D/SPRDENG (  148): 30
01-01 03:05:17.870 D/SPRDENG (  148): 30
01-01 03:05:17.870 D/SPRDENG (  148): 30
01-01 03:05:17.870 D/SPRDENG (  148): 30
01-01 03:05:17.870 D/SPRDENG (  148): 30
01-01 03:05:17.870 D/SPRDENG (  148): 30
01-01 03:05:17.870 D/SPRDENG (  148): 30
01-01 03:05:17.870 D/SPRDENG (  148): 30
01-01 03:05:17.870 D/SPRDENG (  148): 30
01-01 03:05:17.870 D/SPRDENG (  148): 30
01-01 03:05:17.870 D/SPRDENG (  148): 30
01-01 03:05:17.870 D/SPRDENG (  148): 30
01-01 03:05:17.870 D/SPRDENG (  148): 30
01-01 03:05:17.870 D/SPRDENG (  148): 30
01-01 03:05:17.870 D/SPRDENG (  148): 30
01-01 03:05:17.870 D/SPRDENG (  148): 30
01-01 03:05:17.870 D/SPRDENG (  148): 30
01-01 03:05:17.870 D/SPRDENG (  148): 30
01-01 03:05:17.870 D/SPRDENG (  148): 30
01-01 03:05:17.870 D/SPRDENG (  148): 30
01-01 03:05:17.870 D/SPRDENG (  148): 30
01-01 03:05:17.870 D/SPRDENG (  148): 30
01-01 03:05:17.870 D/SPRDENG (  148): 30
01-01 03:05:17.870 D/SPRDENG (  148): 30
01-01 03:05:17.870 D/SPRDENG (  148): 30
01-01 03:05:17.870 D/SPRDENG (  148): 30
01-01 03:05:17.870 D/SPRDENG (  148): 30
01-01 03:05:17.870 D/SPRDENG (  148): 30
01-01 03:05:17.870 D/SPRDENG (  148): 30
01-01 03:05:17.870 D/SPRDENG (  148): 30
01-01 03:05:17.870 D/SPRDENG (  148): 30
01-01 03:05:17.870 D/SPRDENG (  148): 30
01-01 03:05:17.870 D/SPRDENG (  148): 30
01-01 03:05:17.870 D/SPRDENG (  148): 30
01-01 03:05:17.870 D/SPRDENG (  148): 30
01-01 03:05:17.870 D/SPRDENG (  148): 62
01-01 03:05:17.870 D/SPRDENG (  148): 62
01-01 03:05:17.870 D/SPRDENG (  148): 62
01-01 03:05:17.870 D/SPRDENG (  148): 65
01-01 03:05:17.870 D/SPRDENG (  148): 63
01-01 03:05:17.870 D/SPRDENG (  148): 32
01-01 03:05:17.870 D/SPRDENG (  148): 63
01-01 03:05:17.870 D/SPRDENG (  148): 36
01-01 03:05:17.870 D/SPRDENG (  148): 31
01-01 03:05:17.870 D/SPRDENG (  148): 61
01-01 03:05:17.870 D/SPRDENG (  148): 32
01-01 03:05:17.870 D/SPRDENG (  148): 33
01-01 03:05:17.870 D/SPRDENG (  148): 31
01-01 03:05:17.870 D/SPRDENG (  148): 63
01-01 03:05:17.870 D/SPRDENG (  148): 32
01-01 03:05:17.870 D/SPRDENG (  148): 33
01-01 03:05:17.870 D/SPRDENG (  148): 30
01-01 03:05:17.870 D/SPRDENG (  148): 30
01-01 03:05:17.870 D/SPRDENG (  148): 30
01-01 03:05:17.870 D/SPRDENG (  148): 30
01-01 03:05:17.870 D/SPRDENG (  148): 30
01-01 03:05:17.870 D/SPRDENG (  148): 30
01-01 03:05:17.870 D/SPRDENG (  148): 30
01-01 03:05:17.870 D/SPRDENG (  148): 30
01-01 03:05:17.870 D/SPRDENG (  148): 30
01-01 03:05:17.870 D/SPRDENG (  148): 30
01-01 03:05:17.870 D/SPRDENG (  148): 30
01-01 03:05:17.870 D/SPRDENG (  148): 30
01-01 03:05:17.870 D/SPRDENG (  148): 30
01-01 03:05:17.870 D/SPRDENG (  148): 30
01-01 03:05:17.870 D/SPRDENG (  148): 30
01-01 03:05:17.870 D/SPRDENG (  148): 30
01-01 03:05:17.870 D/SPRDENG (  148): 31
01-01 03:05:17.870 D/SPRDENG (  148): 61
01-01 03:05:17.870 D/SPRDENG (  148): 32
01-01 03:05:17.870 D/SPRDENG (  148): 33
01-01 03:05:17.870 D/SPRDENG (  148): 31
01-01 03:05:17.870 D/SPRDENG (  148): 63
01-01 03:05:17.870 D/SPRDENG (  148): 32
01-01 03:05:17.870 D/SPRDENG (  148): 33
01-01 03:05:17.870 D/SPRDENG (  148): 30
01-01 03:05:17.870 D/SPRDENG (  148): 30
01-01 03:05:17.870 D/SPRDENG (  148): 30
01-01 03:05:17.870 D/SPRDENG (  148): 30
01-01 03:05:17.870 D/SPRDENG (  148): 30
01-01 03:05:17.870 D/SPRDENG (  148): 30
01-01 03:05:17.870 D/SPRDENG (  148): 30
01-01 03:05:17.870 D/SPRDENG (  148): 30
01-01 03:05:17.870 D/SPRDENG (  148): 30
01-01 03:05:17.870 D/SPRDENG (  148): 30
01-01 03:05:17.870 D/SPRDENG (  148): 30
01-01 03:05:17.870 D/SPRDENG (  148): 30
01-01 03:05:17.870 D/SPRDENG (  148): 30
01-01 03:05:17.870 D/SPRDENG (  148): 30
01-01 03:05:17.870 D/SPRDENG (  148): 30
01-01 03:05:17.870 D/SPRDENG (  148): 30
01-01 03:05:17.870 D/SPRDENG (  148): 31
01-01 03:05:17.870 D/SPRDENG (  148): 62
01-01 03:05:17.870 D/SPRDENG (  148): 32
01-01 03:05:17.870 D/SPRDENG (  148): 33
01-01 03:05:17.870 D/SPRDENG (  148): 31
01-01 03:05:17.870 D/SPRDENG (  148): 63
01-01 03:05:17.870 D/SPRDENG (  148): 32
01-01 03:05:17.870 D/SPRDENG (  148): 33
01-01 03:05:17.870 D/SPRDENG (  148): 30
01-01 03:05:17.870 D/SPRDENG (  148): 30
01-01 03:05:17.870 D/SPRDENG (  148): 30
01-01 03:05:17.870 D/SPRDENG (  148): 30
01-01 03:05:17.870 D/SPRDENG (  148): 30
01-01 03:05:17.870 D/SPRDENG (  148): 30
01-01 03:05:17.870 D/SPRDENG (  148): 30
01-01 03:05:17.870 D/SPRDENG (  148): 30
01-01 03:05:17.870 D/SPRDENG (  148): 30
01-01 03:05:17.870 D/SPRDENG (  148): 30
01-01 03:05:17.870 D/SPRDENG (  148): 30
01-01 03:05:17.870 D/SPRDENG (  148): 30
01-01 03:05:17.870 D/SPRDENG (  148): 30
01-01 03:05:17.870 D/SPRDENG (  148): 30
01-01 03:05:17.870 D/SPRDENG (  148): 30
01-01 03:05:17.870 D/SPRDENG (  148): 30
01-01 03:05:17.870 D/SPRDENG (  148): 31
01-01 03:05:17.870 D/SPRDENG (  148): 62
01-01 03:05:17.870 D/SPRDENG (  148): 32
01-01 03:05:17.870 D/SPRDENG (  148): 33
01-01 03:05:17.870 D/SPRDENG (  148): 31
01-01 03:05:17.870 D/SPRDENG (  148): 63
01-01 03:05:17.870 D/SPRDENG (  148): 32
01-01 03:05:17.870 D/SPRDENG (  148): 33
01-01 03:05:17.870 D/SPRDENG (  148): 30
01-01 03:05:17.870 D/SPRDENG (  148): 30
01-01 03:05:17.870 D/SPRDENG (  148): 30
01-01 03:05:17.870 D/SPRDENG (  148): 30
01-01 03:05:17.870 D/SPRDENG (  148): 30
01-01 03:05:17.870 D/SPRDENG (  148): 30
01-01 03:05:17.870 D/SPRDENG (  148): 30
01-01 03:05:17.870 D/SPRDENG (  148): 30
01-01 03:05:17.870 D/SPRDENG (  148): 30
01-01 03:05:17.870 D/SPRDENG (  148): 30
01-01 03:05:17.870 D/SPRDENG (  148): 30
01-01 03:05:17.870 D/SPRDENG (  148): 30
01-01 03:05:17.870 D/SPRDENG (  148): 30
01-01 03:05:17.870 D/SPRDENG (  148): 30
01-01 03:05:17.870 D/SPRDENG (  148): 30
01-01 03:05:17.870 D/SPRDENG (  148): 30
01-01 03:05:17.870 D/SPRDENG (  148): 31
01-01 03:05:17.870 D/SPRDENG (  148): 62
01-01 03:05:17.870 D/SPRDENG (  148): 32
01-01 03:05:17.870 D/SPRDENG (  148): 33
01-01 03:05:17.870 D/SPRDENG (  148): 31
01-01 03:05:17.870 D/SPRDENG (  148): 63
01-01 03:05:17.870 D/SPRDENG (  148): 32
01-01 03:05:17.870 D/SPRDENG (  148): 33
01-01 03:05:17.870 D/SPRDENG (  148): 30
01-01 03:05:17.870 D/SPRDENG (  148): 30
01-01 03:05:17.870 D/SPRDENG (  148): 30
01-01 03:05:17.870 D/SPRDENG (  148): 30
01-01 03:05:17.870 D/SPRDENG (  148): 30
01-01 03:05:17.870 D/SPRDENG (  148): 30
01-01 03:05:17.870 D/SPRDENG (  148): 30
01-01 03:05:17.870 D/SPRDENG (  148): 30
01-01 03:05:17.870 D/SPRDENG (  148): 30
01-01 03:05:17.870 D/SPRDENG (  148): 30
01-01 03:05:17.870 D/SPRDENG (  148): 30
01-01 03:05:17.870 D/SPRDENG (  148): 30
01-01 03:05:17.870 D/SPRDENG (  148): 30
01-01 03:05:17.870 D/SPRDENG (  148): 30
01-01 03:05:17.870 D/SPRDENG (  148): 30
01-01 03:05:17.870 D/SPRDENG (  148): 30
01-01 03:05:17.870 D/SPRDENG (  148): 30
01-01 03:05:17.870 D/SPRDENG (  148): 30
01-01 03:05:17.870 D/SPRDENG (  148): 30
01-01 03:05:17.870 D/SPRDENG (  148): 30
01-01 03:05:17.870 D/SPRDENG (  148): 30
01-01 03:05:17.870 D/SPRDENG (  148): 30
01-01 03:05:17.870 D/SPRDENG (  148): 30
01-01 03:05:17.870 D/SPRDENG (  148): 30
01-01 03:05:17.870 D/SPRDENG (  148): 30
01-01 03:05:17.870 D/SPRDENG (  148): 30
01-01 03:05:17.870 D/SPRDENG (  148): 30
01-01 03:05:17.870 D/SPRDENG (  148): 30
01-01 03:05:17.870 D/SPRDENG (  148): 30
01-01 03:05:17.870 D/SPRDENG (  148): 30
01-01 03:05:17.870 D/SPRDENG (  148): 30
01-01 03:05:17.870 D/SPRDENG (  148): 30
01-01 03:05:17.870 D/SPRDENG (  148): 30
01-01 03:05:17.870 D/SPRDENG (  148): 30
01-01 03:05:17.870 D/SPRDENG (  148): 30
01-01 03:05:17.870 D/SPRDENG (  148): 30
01-01 03:05:17.870 D/SPRDENG (  148): 30
01-01 03:05:17.870 D/SPRDENG (  148): 30
01-01 03:05:17.870 D/SPRDENG (  148): 30
01-01 03:05:17.870 D/SPRDENG (  148): 30
01-01 03:05:17.870 D/SPRDENG (  148): 32
01-01 03:05:17.870 D/SPRDENG (  148): 63
01-01 03:05:17.870 D/SPRDENG (  148): 30
01-01 03:05:17.870 D/SPRDENG (  148): 30
01-01 03:05:17.870 D/SPRDENG (  148): 30
01-01 03:05:17.870 D/SPRDENG (  148): 30
01-01 03:05:17.870 D/SPRDENG (  148): 30
01-01 03:05:17.870 D/SPRDENG (  148): 30
01-01 03:05:17.870 D/SPRDENG (  148): 1a
01-01 03:05:17.890 D/SPRDENG (  148): eng_modem2server: use SIM1 /dev/CHNPTY13
01-01 03:05:17.890 D/SPRDENG (  148): AT < 
01-01 03:05:17.890 D/SPRDENG (  148): OK
01-01 03:05:17.890 D/SPRDENG (  148): 
01-01 03:05:17.890 E/        (   90): nvcal_recv_from_modem: Receive 1 Modem Response
01-01 03:05:17.890 E/        (   90): write_rf_nvconf_cmd: wifi recv_num =6, response=[
01-01 03:05:17.890 E/        (   90): OK
01-01 03:05:17.890 E/        (   90): ]
01-01 03:05:17.990 E/eng_rf_nv_update(   90): [set_rf_nvconf]: NV updated OK!
01-01 03:05:17.990 E/eng_rf_nv_update(   90): [save_rf_nv_to_bak_file] NV data save to bake file OK
01-01 03:05:17.990 E/eng_rf_nv_update(   90): [eng_rf_nv_update]: end eng rf nv update!
01-01 03:05:17.990 I/logwrapper(   80): /system/bin/eng_rf_nv_update terminated by exit(0)
01-01 03:05:18.180 I/power   (   81): *** set_screen_state 1
01-01 03:05:18.180 D/Sensors (   81): activate handle=3; drv=1
01-01 03:05:18.180 D/Sensors (   81): SensorTMD2771::setEnable=0= en=1; newState=1; what=0; mEnabled=0
01-01 03:05:18.290 D/Sensors (   81): taos ---Light::TAOS_IOCTL_ALS_ON=== err=0
01-01 03:05:18.290 D/Sensors (   81): SensorTMD2771::setEnable=1= en=1; newState=1; what=0; mEnabled=1
01-01 03:05:18.290 D/Sensors (   81): SensorTMD2771::getEnable===mEnabled=0x1; enable=1
01-01 03:05:18.310 I/GeckoDump(   81): XXX FIXME : Got a mozContentEvent: nfc-hardware-state-change
01-01 03:05:18.340 I/GeckoDump(   81): XXX FIXME : Got a mozContentEvent: system-message-listener-ready
01-01 03:05:18.430 I/Gecko:ProcessPriorityManager(   81): [(Preallocated), child-id=2, pid=385] Creating ParticularProcessPriorityManager.
01-01 03:05:18.430 I/Gecko:ProcessPriorityManager(   81): [(Preallocated), child-id=2, pid=385] Done starting up.  mHoldsCPUWakeLock=0, mHoldsHighPriorityWakeLock=0
01-01 03:05:18.430 I/Gecko:ProcessPriorityManager(   81): [(Preallocated), child-id=2, pid=385] Changing priority from UNKNOWN:CPU_NORMAL to MASTER:CPU_NORMAL.
01-01 03:05:18.430 I/Gonk    (   81): Setting nice for pid 385 to 0
01-01 03:05:18.430 I/Gonk    (   81): Changed nice for pid 385 from 0 to 0.
01-01 03:05:18.980 D/Sensors (   81): SensorTMD2771::readEvents()======data_fd=53,count=16
01-01 03:05:18.980 D/Sensors (   81): SensorTMD2771::processEvent()=====code=40::value=1 
01-01 03:05:18.980 D/Sensors (   81): SensorTMD2771: mPendingEvents[Light].light = 1.000000
01-01 03:05:19.090 I/Gecko   (   81): 1325405119100	Marionette	INFO	loaded marionette-listener.js
01-01 03:05:19.090 I/Gecko   (   81): 1325405119102	Marionette	INFO	sendToClient: {"from":"0","value":"3-b2g"}, {86bf2871-d7ec-4ce6-bbb0-74ad0de0d5f7}, {86bf2871-d7ec-4ce6-bbb0-74ad0de0d5f7}
01-01 03:05:19.260 E/GeckoConsole(   81): [JavaScript Error: "TypeError: widgetFrame is undefined" {file: "app://system.gaiamobile.org/js/cost_control.js" line: 119}]
01-01 03:05:19.580 E/WifiHW  (   81): Leo ensure_config_file_exists config_file=/data/misc/wifi/wpa_supplicant.conf
01-01 03:05:19.580 E/WifiHW  (   81): daemon_cmd=wpa_supplicant:-iwlan0 -c/data/misc/wifi/wpa_supplicant.conf
01-01 03:05:19.640 I/Gecko   (   81): 1325405119644	Marionette	INFO	sendToClient: {"from":"0","value":{"ELEMENT":"{ebe62955-1494-4a17-9382-2fbc034fd45a}"}}, {7ad81beb-d28f-42a9-924f-0ddb17da0302}, {7ad81beb-d28f-42a9-924f-0ddb17da0302}
01-01 03:05:19.800 I/Gecko   (   81): 1325405119805	Marionette	INFO	sendToClient: {"from":"0","value":false}, {371799e5-1221-4050-9519-ff7cf4a0f75b}, {371799e5-1221-4050-9519-ff7cf4a0f75b}
01-01 03:05:19.990 I/Gecko   (   81): 1325405119997	Marionette	INFO	sendToClient: {"from":"0","value":{"ELEMENT":"{ebe62955-1494-4a17-9382-2fbc034fd45a}"}}, {a49bacec-88d5-4522-a995-0c438d6a8a0a}, {a49bacec-88d5-4522-a995-0c438d6a8a0a}
01-01 03:05:20.140 I/Gecko   (   81): 1325405120145	Marionette	INFO	sendToClient: {"from":"0","value":false}, {da84fe62-a12a-4e86-a1ec-bfb107e896b4}, {da84fe62-a12a-4e86-a1ec-bfb107e896b4}
01-01 03:05:20.400 I/Gecko   (   81): 1325405120413	Marionette	INFO	sendToClient: {"from":"0","value":{"ELEMENT":"{ebe62955-1494-4a17-9382-2fbc034fd45a}"}}, {3e24fbd0-bcc2-412d-a0e4-a354583d544f}, {3e24fbd0-bcc2-412d-a0e4-a354583d544f}
01-01 03:05:20.500 W/WifiHW  (   81): wifi_command: LOG_LEVEL
01-01 03:05:20.500 W/WifiHW  (   81): wifi_command: STATUS
01-01 03:05:20.510 I/Gecko   (   81): 1325405120513	Marionette	INFO	sendToClient: {"from":"0","value":false}, {5f8ab78e-4e1a-4b85-a728-644089495875}, {5f8ab78e-4e1a-4b85-a728-644089495875}
01-01 03:05:20.530 W/WifiHW  (   81): wifi_command: LIST_NETWORKS
01-01 03:05:20.530 W/WifiHW  (   81): wifi_command: DRIVER MACADDR
01-01 03:05:20.560 W/WifiHW  (   81): wifi_command: GET_NETWORK 0 ssid
01-01 03:05:20.560 W/WifiHW  (   81): wifi_command: GET_NETWORK 0 bssid
01-01 03:05:20.560 W/WifiHW  (   81): wifi_command: GET_NETWORK 0 psk
01-01 03:05:20.570 W/WifiHW  (   81): wifi_command: GET_NETWORK 0 wep_key0
01-01 03:05:20.570 W/WifiHW  (   81): wifi_command: GET_NETWORK 0 wep_key1
01-01 03:05:20.570 W/WifiHW  (   81): wifi_command: GET_NETWORK 0 wep_key2
01-01 03:05:20.570 W/WifiHW  (   81): wifi_command: GET_NETWORK 0 wep_key3
01-01 03:05:20.570 W/WifiHW  (   81): wifi_command: GET_NETWORK 0 wep_tx_keyidx
01-01 03:05:20.570 W/WifiHW  (   81): wifi_command: GET_NETWORK 0 priority
01-01 03:05:20.570 W/WifiHW  (   81): wifi_command: GET_NETWORK 0 key_mgmt
01-01 03:05:20.580 W/WifiHW  (   81): wifi_command: GET_NETWORK 0 scan_ssid
01-01 03:05:20.580 W/WifiHW  (   81): wifi_command: GET_NETWORK 0 disabled
01-01 03:05:20.580 W/WifiHW  (   81): wifi_command: GET_NETWORK 0 identity
01-01 03:05:20.590 W/WifiHW  (   81): wifi_command: GET_NETWORK 0 password
01-01 03:05:20.590 W/WifiHW  (   81): wifi_command: GET_NETWORK 0 auth_alg
01-01 03:05:20.590 W/WifiHW  (   81): wifi_command: GET_NETWORK 0 phase1
01-01 03:05:20.590 W/WifiHW  (   81): wifi_command: GET_NETWORK 0 phase2
01-01 03:05:20.590 W/WifiHW  (   81): wifi_command: GET_NETWORK 0 eap
01-01 03:05:20.590 W/WifiHW  (   81): wifi_command: GET_NETWORK 0 pin
01-01 03:05:20.590 W/WifiHW  (   81): wifi_command: GET_NETWORK 0 pcsc
01-01 03:05:20.590 W/WifiHW  (   81): wifi_command: GET_NETWORK 1 ssid
01-01 03:05:20.600 W/WifiHW  (   81): wifi_command: GET_NETWORK 1 bssid
01-01 03:05:20.600 W/WifiHW  (   81): wifi_command: GET_NETWORK 1 psk
01-01 03:05:20.600 W/WifiHW  (   81): wifi_command: GET_NETWORK 1 wep_key0
01-01 03:05:20.600 W/WifiHW  (   81): wifi_command: GET_NETWORK 1 wep_key1
01-01 03:05:20.600 W/WifiHW  (   81): wifi_command: GET_NETWORK 1 wep_key2
01-01 03:05:20.600 W/WifiHW  (   81): wifi_command: GET_NETWORK 1 wep_key3
01-01 03:05:20.600 W/WifiHW  (   81): wifi_command: GET_NETWORK 1 wep_tx_keyidx
01-01 03:05:20.600 W/WifiHW  (   81): wifi_command: GET_NETWORK 1 priority
01-01 03:05:20.600 W/WifiHW  (   81): wifi_command: GET_NETWORK 1 key_mgmt
01-01 03:05:20.600 W/WifiHW  (   81): wifi_command: GET_NETWORK 1 scan_ssid
01-01 03:05:20.600 W/WifiHW  (   81): wifi_command: GET_NETWORK 1 disabled
01-01 03:05:20.600 W/WifiHW  (   81): wifi_command: GET_NETWORK 1 identity
01-01 03:05:20.600 W/WifiHW  (   81): wifi_command: GET_NETWORK 1 password
01-01 03:05:20.600 W/WifiHW  (   81): wifi_command: GET_NETWORK 1 auth_alg
01-01 03:05:20.610 W/WifiHW  (   81): wifi_command: GET_NETWORK 1 phase1
01-01 03:05:20.610 W/WifiHW  (   81): wifi_command: GET_NETWORK 1 phase2
01-01 03:05:20.610 W/WifiHW  (   81): wifi_command: GET_NETWORK 1 eap
01-01 03:05:20.610 W/WifiHW  (   81): wifi_command: GET_NETWORK 1 pin
01-01 03:05:20.610 W/WifiHW  (   81): wifi_command: GET_NETWORK 1 pcsc
01-01 03:05:20.610 W/WifiHW  (   81): wifi_command: GET_NETWORK 2 ssid
01-01 03:05:20.620 W/WifiHW  (   81): wifi_command: GET_NETWORK 2 bssid
01-01 03:05:20.620 W/WifiHW  (   81): wifi_command: GET_NETWORK 2 psk
01-01 03:05:20.620 W/WifiHW  (   81): wifi_command: GET_NETWORK 2 wep_key0
01-01 03:05:20.620 W/WifiHW  (   81): wifi_command: GET_NETWORK 2 wep_key1
01-01 03:05:20.620 W/WifiHW  (   81): wifi_command: GET_NETWORK 2 wep_key2
01-01 03:05:20.620 W/WifiHW  (   81): wifi_command: GET_NETWORK 2 wep_key3
01-01 03:05:20.620 W/WifiHW  (   81): wifi_command: GET_NETWORK 2 wep_tx_keyidx
01-01 03:05:20.620 W/WifiHW  (   81): wifi_command: GET_NETWORK 2 priority
01-01 03:05:20.630 W/WifiHW  (   81): wifi_command: GET_NETWORK 2 key_mgmt
01-01 03:05:20.630 W/WifiHW  (   81): wifi_command: GET_NETWORK 2 scan_ssid
01-01 03:05:20.630 W/WifiHW  (   81): wifi_command: GET_NETWORK 2 disabled
01-01 03:05:20.630 W/WifiHW  (   81): wifi_command: GET_NETWORK 2 identity
01-01 03:05:20.630 W/WifiHW  (   81): wifi_command: GET_NETWORK 2 password
01-01 03:05:20.630 W/WifiHW  (   81): wifi_command: GET_NETWORK 2 auth_alg
01-01 03:05:20.630 W/WifiHW  (   81): wifi_command: GET_NETWORK 2 phase1
01-01 03:05:20.630 W/WifiHW  (   81): wifi_command: GET_NETWORK 2 phase2
01-01 03:05:20.630 W/WifiHW  (   81): wifi_command: GET_NETWORK 2 eap
01-01 03:05:20.630 W/WifiHW  (   81): wifi_command: GET_NETWORK 2 pin
01-01 03:05:20.630 W/WifiHW  (   81): wifi_command: GET_NETWORK 2 pcsc
01-01 03:05:20.630 W/WifiHW  (   81): wifi_command: GET_NETWORK 3 ssid
01-01 03:05:20.630 W/WifiHW  (   81): wifi_command: GET_NETWORK 3 bssid
01-01 03:05:20.630 W/WifiHW  (   81): wifi_command: GET_NETWORK 3 psk
01-01 03:05:20.640 W/WifiHW  (   81): wifi_command: GET_NETWORK 3 wep_key0
01-01 03:05:20.640 W/WifiHW  (   81): wifi_command: GET_NETWORK 3 wep_key1
01-01 03:05:20.650 W/WifiHW  (   81): wifi_command: GET_NETWORK 3 wep_key2
01-01 03:05:20.650 W/WifiHW  (   81): wifi_command: GET_NETWORK 3 wep_key3
01-01 03:05:20.650 W/WifiHW  (   81): wifi_command: GET_NETWORK 3 wep_tx_keyidx
01-01 03:05:20.650 W/WifiHW  (   81): wifi_command: GET_NETWORK 3 priority
01-01 03:05:20.650 W/WifiHW  (   81): wifi_command: GET_NETWORK 3 key_mgmt
01-01 03:05:20.650 W/WifiHW  (   81): wifi_command: GET_NETWORK 3 scan_ssid
01-01 03:05:20.650 W/WifiHW  (   81): wifi_command: GET_NETWORK 3 disabled
01-01 03:05:20.650 W/WifiHW  (   81): wifi_command: GET_NETWORK 3 identity
01-01 03:05:20.650 W/WifiHW  (   81): wifi_command: GET_NETWORK 3 password
01-01 03:05:20.650 W/WifiHW  (   81): wifi_command: GET_NETWORK 3 auth_alg
01-01 03:05:20.650 W/WifiHW  (   81): wifi_command: GET_NETWORK 3 phase1
01-01 03:05:20.650 W/WifiHW  (   81): wifi_command: GET_NETWORK 3 phase2
01-01 03:05:20.660 W/WifiHW  (   81): wifi_command: GET_NETWORK 3 eap
01-01 03:05:20.660 W/WifiHW  (   81): wifi_command: GET_NETWORK 3 pin
01-01 03:05:20.660 W/WifiHW  (   81): wifi_command: GET_NETWORK 3 pcsc
01-01 03:05:20.690 W/WifiHW  (   81): wifi_command: ENABLE_NETWORK 0
01-01 03:05:20.690 W/WifiHW  (   81): wifi_command: ENABLE_NETWORK 1
01-01 03:05:20.690 W/WifiHW  (   81): wifi_command: ENABLE_NETWORK 2
01-01 03:05:20.690 W/WifiHW  (   81): wifi_command: ENABLE_NETWORK 3
01-01 03:05:20.690 W/WifiHW  (   81): wifi_command: AP_SCAN 1
01-01 03:05:20.710 W/WifiHW  (   81): wifi_command: SAVE_CONFIG
01-01 03:05:20.740 I/Gecko   (   81): 1325405120745	Marionette	INFO	sendToClient: {"from":"0","value":{"ELEMENT":"{ebe62955-1494-4a17-9382-2fbc034fd45a}"}}, {c7c3de33-99e4-4932-b102-29ef3f6492c6}, {c7c3de33-99e4-4932-b102-29ef3f6492c6}
01-01 03:05:20.800 I/Gecko   (   81): 1325405120811	Marionette	INFO	sendToClient: {"from":"0","value":false}, {a9a344e4-009d-46ca-8569-8ccc710bc0d1}, {a9a344e4-009d-46ca-8569-8ccc710bc0d1}
01-01 03:05:21.000 I/GeckoDump(   81): XXX FIXME : Got a mozContentEvent: accessibility-screenreader
01-01 03:05:21.100 I/GeckoDump(   81): XXX FIXME : Got a mozContentEvent: nfc-hardware-state-change
01-01 03:05:21.430 W/WifiHW  (   81): wifi_command: DRIVER SCAN-ACTIVE
01-01 03:05:21.580 W/WifiHW  (   81): wifi_command: SCAN
01-01 03:05:21.650 I/Gecko   (   81): 1325405121657	Marionette	INFO	sendToClient: {"from":"0","value":{"ELEMENT":"{ebe62955-1494-4a17-9382-2fbc034fd45a}"}}, {84e5dcda-460f-4032-b42d-d779c17179ed}, {84e5dcda-460f-4032-b42d-d779c17179ed}
01-01 03:05:21.650 W/WifiHW  (   81): wifi_command: DRIVER SCAN-PASSIVE
01-01 03:05:21.830 I/Gecko   (   81): 1325405121836	Marionette	INFO	sendToClient: {"from":"0","value":true}, {3fcc8fcf-4210-4eee-9c20-abb1f0a64755}, {3fcc8fcf-4210-4eee-9c20-abb1f0a64755}
01-01 03:05:22.060 I/FMRadio (   81): FMRadio is initialized.
01-01 03:05:22.080 E/GeckoConsole(   81): Content JS ERROR at app://system.gaiamobile.org/js/telephony_settings.js:23 in set_vpm_error: Error setting voice privacy.
01-01 03:05:22.080 E/GeckoConsole(   81): Content JS ERROR at app://system.gaiamobile.org/js/telephony_settings.js:23 in set_vpm_error: Error setting voice privacy.
01-01 03:05:22.260 E/GeckoConsole(   81): Content JS ERROR at app://system.gaiamobile.org/js/telephony_settings.js:42 in set_vpm_error: Error roaming preference.
01-01 03:05:22.260 E/GeckoConsole(   81): Content JS ERROR at app://system.gaiamobile.org/js/telephony_settings.js:42 in set_vpm_error: Error roaming preference.
01-01 03:05:22.570 I/Gecko:ProcessPriorityManager(   81): [Homescreen, child-id=2, pid=385] Changing priority from MASTER:CPU_NORMAL to FOREGROUND:CPU_NORMAL.
01-01 03:05:22.570 I/Gonk    (   81): Setting nice for pid 385 to 1
01-01 03:05:22.570 I/Gonk    (   81): Changed nice for pid 385 from 0 to 1.
01-01 03:05:22.570 I/Gecko:ProcessPriorityManager(   81): Making background LRU pool with size(3)
01-01 03:05:22.570 I/Gecko:ProcessPriorityManager(   81): KillBackgroundApps
01-01 03:05:22.580 I/Gecko   (   81): [Parent 81] WARNING: waitpid failed pid:385 errno:10: file /var/lib/jenkins/jobs/B2G.v1.3.0.Tarako/workspace/gecko/ipc/chromium/src/base/process_util_posix.cc, line 254
01-01 03:05:22.810 E/[Gralloc-ERROR](   81): int gralloc_register_buffer(const gralloc_module_t*, const native_handle_t*):79 Unable to register handle 0x46047740 coming from different process: 81
01-01 03:05:22.830 E/[Gralloc-ERROR](   81): int gralloc_register_buffer(const gralloc_module_t*, const native_handle_t*):79 Unable to register handle 0x460477e0 coming from different process: 81
01-01 03:05:22.910 E/[Gralloc-ERROR](   81): int gralloc_register_buffer(const gralloc_module_t*, const native_handle_t*):79 Unable to register handle 0x46047ab0 coming from different process: 81
01-01 03:05:22.910 E/[Gralloc-ERROR](   81): int gralloc_register_buffer(const gralloc_module_t*, const native_handle_t*):79 Unable to register handle 0x46047c90 coming from different process: 81
01-01 03:05:23.060 I/GeckoDump(   81): XXX FIXME : Got a mozContentEvent: inputmethod-update-layouts
01-01 03:05:23.150 I/Gecko   (   81): ############################### browserElementPanning.js loaded
01-01 03:05:23.190 I/Gecko   (   81): ######################## BrowserElementChildPreload.js loaded
01-01 03:05:23.240 I/GeckoDump(   81): XXX FIXME : Got a mozContentEvent: inputmethod-update-layouts
01-01 03:05:23.660 E/GeckoConsole(   81): [JavaScript Warning: "Error in parsing value for 'font-weight'.  Declaration dropped." {file: "app://keyboard.gaiamobile.org/style/keyboard.css" line: 132 column: 15 source: "  font-weight: medium;"}]
01-01 03:05:23.680 W/WifiHW  (   81): wifi_command: SCAN_RESULTS
01-01 03:05:23.730 W/WifiHW  (   81): wifi_command: DRIVER SCAN-PASSIVE
01-01 03:05:23.790 W/WifiHW  (   81): wifi_command: GET_NETWORK 3 ssid
01-01 03:05:23.790 W/WifiHW  (   81): wifi_command: GET_NETWORK 3 bssid
01-01 03:05:23.790 W/WifiHW  (   81): wifi_command: GET_NETWORK 3 psk
01-01 03:05:23.790 W/WifiHW  (   81): wifi_command: GET_NETWORK 3 wep_key0
01-01 03:05:23.790 W/WifiHW  (   81): wifi_command: GET_NETWORK 3 wep_key1
01-01 03:05:23.790 W/WifiHW  (   81): wifi_command: GET_NETWORK 3 wep_key2
01-01 03:05:23.790 W/WifiHW  (   81): wifi_command: GET_NETWORK 3 wep_key3
01-01 03:05:23.800 W/WifiHW  (   81): wifi_command: GET_NETWORK 3 wep_tx_keyidx
01-01 03:05:23.800 W/WifiHW  (   81): wifi_command: GET_NETWORK 3 priority
01-01 03:05:23.800 W/WifiHW  (   81): wifi_command: GET_NETWORK 3 key_mgmt
01-01 03:05:23.800 W/WifiHW  (   81): wifi_command: GET_NETWORK 3 scan_ssid
01-01 03:05:23.800 W/WifiHW  (   81): wifi_command: GET_NETWORK 3 disabled
01-01 03:05:23.800 W/WifiHW  (   81): wifi_command: GET_NETWORK 3 identity
01-01 03:05:23.800 W/WifiHW  (   81): wifi_command: GET_NETWORK 3 password
01-01 03:05:23.800 W/WifiHW  (   81): wifi_command: GET_NETWORK 3 auth_alg
01-01 03:05:23.800 W/WifiHW  (   81): wifi_command: GET_NETWORK 3 phase1
01-01 03:05:23.800 W/WifiHW  (   81): wifi_command: GET_NETWORK 3 phase2
01-01 03:05:23.800 W/WifiHW  (   81): wifi_command: GET_NETWORK 3 eap
01-01 03:05:23.800 W/WifiHW  (   81): wifi_command: GET_NETWORK 3 pin
01-01 03:05:23.800 W/WifiHW  (   81): wifi_command: GET_NETWORK 3 pcsc
01-01 03:05:23.890 I/Gecko   (  385): ###################################### forms.js loaded
01-01 03:05:23.910 W/WifiHW  (   81): wifi_command: SIGNAL_POLL
01-01 03:05:23.930 W/WifiHW  (   81): wifi_command: GET_NETWORK 3 ssid
01-01 03:05:23.940 W/WifiHW  (   81): wifi_command: GET_NETWORK 3 bssid
01-01 03:05:23.940 W/WifiHW  (   81): wifi_command: GET_NETWORK 3 psk
01-01 03:05:23.940 W/WifiHW  (   81): wifi_command: GET_NETWORK 3 wep_key0
01-01 03:05:23.940 W/WifiHW  (   81): wifi_command: GET_NETWORK 3 wep_key1
01-01 03:05:23.940 W/WifiHW  (   81): wifi_command: GET_NETWORK 3 wep_key2
01-01 03:05:23.940 W/WifiHW  (   81): wifi_command: GET_NETWORK 3 wep_key3
01-01 03:05:23.940 W/WifiHW  (   81): wifi_command: GET_NETWORK 3 wep_tx_keyidx
01-01 03:05:23.940 W/WifiHW  (   81): wifi_command: GET_NETWORK 3 priority
01-01 03:05:23.940 W/WifiHW  (   81): wifi_command: GET_NETWORK 3 key_mgmt
01-01 03:05:23.940 W/WifiHW  (   81): wifi_command: GET_NETWORK 3 scan_ssid
01-01 03:05:23.940 W/WifiHW  (   81): wifi_command: GET_NETWORK 3 disabled
01-01 03:05:23.940 W/WifiHW  (   81): wifi_command: GET_NETWORK 3 identity
01-01 03:05:23.940 W/WifiHW  (   81): wifi_command: GET_NETWORK 3 password
01-01 03:05:23.950 W/WifiHW  (   81): wifi_command: GET_NETWORK 3 auth_alg
01-01 03:05:23.950 W/WifiHW  (   81): wifi_command: GET_NETWORK 3 phase1
01-01 03:05:23.950 W/WifiHW  (   81): wifi_command: GET_NETWORK 3 phase2
01-01 03:05:23.950 W/WifiHW  (   81): wifi_command: GET_NETWORK 3 eap
01-01 03:05:23.950 W/WifiHW  (   81): wifi_command: GET_NETWORK 3 pin
01-01 03:05:23.950 W/WifiHW  (   81): wifi_command: GET_NETWORK 3 pcsc
01-01 03:05:23.980 I/Gecko   (  385): ############################### browserElementPanning.js loaded
01-01 03:05:24.440 I/Gecko   (   81): 1325405124445	Marionette	INFO	sendToClient: {"from":"0","ok":true}, {c33e9e95-9f38-4464-815a-528b35b9aab5}, {c33e9e95-9f38-4464-815a-528b35b9aab5}
01-01 03:05:24.650 I/Gecko   (   81): 1325405124655	Marionette	DEBUG	Got request: switchToFrame, data: {"to":"0","sessionId":"3-b2g","name":"switchToFrame","parameters":{"id":null,"focus":true}}, id: {b1b6dd10-d4f8-4230-9b28-8bfdb80e3fb6}
01-01 03:05:24.670 I/Gecko   (   81): 1325405124683	Marionette	INFO	Switched to frame: {"frameValue":null}
01-01 03:05:24.970 I/Gecko   (  385): ######################## BrowserElementChildPreload.js loaded
01-01 03:05:25.000 I/Gecko   (   81): 1325405125013	Marionette	INFO	sendToClient: {"from":"0","ok":true}, {b1b6dd10-d4f8-4230-9b28-8bfdb80e3fb6}, {b1b6dd10-d4f8-4230-9b28-8bfdb80e3fb6}
01-01 03:05:25.390 I/Gecko   (   81): 1325405125403	Marionette	DEBUG	Got request: executeWithCallback, data: {"to":"0","sessionId":"3-b2g","name":"executeAsyncScript","parameters":{"specialPowers":false,"scriptTimeout":null,"newSandbox":true,"args":[],"filename":"gaia_test.py","script":"GaiaLockScreen.unlock()","line":810}}, id: {bae659ca-36a4-4296-a1b0-10775c077601}
01-01 03:05:25.540 E/Profiler(   81): BPUnw: [1 total] thread_unregister_for_profiling(me=0x172bdb8)  (NOT REGISTERED) 
01-01 03:05:26.020 I/Gecko   (   81): 1325405126028	Marionette	INFO	sendToClient: {"from":"0","value":{"passed":0,"failed":0,"failures":[]}}, {bae659ca-36a4-4296-a1b0-10775c077601}, {bae659ca-36a4-4296-a1b0-10775c077601}
01-01 03:05:26.300 E/[Gralloc-ERROR](   81): int gralloc_register_buffer(const gralloc_module_t*, const native_handle_t*):79 Unable to register handle 0x45ffc240 coming from different process: 81
01-01 03:05:26.300 E/[Gralloc-ERROR](   81): int gralloc_register_buffer(const gralloc_module_t*, const native_handle_t*):79 Unable to register handle 0x46083dd0 coming from different process: 81
01-01 03:05:26.330 E/[Gralloc-ERROR](   81): int gralloc_register_buffer(const gralloc_module_t*, const native_handle_t*):79 Unable to register handle 0x460cf830 coming from different process: 81
01-01 03:05:26.330 E/[Gralloc-ERROR](   81): int gralloc_register_buffer(const gralloc_module_t*, const native_handle_t*):79 Unable to register handle 0x4637c470 coming from different process: 81
01-01 03:05:26.340 E/[Gralloc-ERROR](   81): int gralloc_register_buffer(const gralloc_module_t*, const native_handle_t*):79 Unable to register handle 0x4637c740 coming from different process: 81
01-01 03:05:26.340 E/[Gralloc-ERROR](   81): int gralloc_register_buffer(const gralloc_module_t*, const native_handle_t*):79 Unable to register handle 0x4637c7e0 coming from different process: 81
01-01 03:05:26.490 E/[Gralloc-ERROR](   81): int gralloc_unregister_buffer(const gralloc_module_t*, const native_handle_t*):274 Trying to unregister buffer 0x46047c90 from process 81 that was not created in current process: 81
01-01 03:05:26.490 E/[Gralloc-ERROR](   81): int gralloc_unregister_buffer(const gralloc_module_t*, const native_handle_t*):274 Trying to unregister buffer 0x46047ab0 from process 81 that was not created in current process: 81
01-01 03:05:26.930 I/GeckoDump(   81): XXX FIXME : Got a mozContentEvent: nfc-hardware-state-change
01-01 03:05:26.970 I/GeckoDump(   81): XXX FIXME : Got a mozContentEvent: nfc-hardware-state-change
01-01 03:05:27.190 E/[Gralloc-ERROR](   81): int gralloc_unregister_buffer(const gralloc_module_t*, const native_handle_t*):274 Trying to unregister buffer 0x46083dd0 from process 81 that was not created in current process: 81
01-01 03:05:27.190 E/[Gralloc-ERROR](   81): int gralloc_unregister_buffer(const gralloc_module_t*, const native_handle_t*):274 Trying to unregister buffer 0x45ffc240 from process 81 that was not created in current process: 81
01-01 03:05:27.190 E/[Gralloc-ERROR](   81): int gralloc_unregister_buffer(const gralloc_module_t*, const native_handle_t*):274 Trying to unregister buffer 0x4637c470 from process 81 that was not created in current process: 81
01-01 03:05:27.190 E/[Gralloc-ERROR](   81): int gralloc_unregister_buffer(const gralloc_module_t*, const native_handle_t*):274 Trying to unregister buffer 0x460cf830 from process 81 that was not created in current process: 81
01-01 03:05:27.190 E/[Gralloc-ERROR](   81): int gralloc_unregister_buffer(const gralloc_module_t*, const native_handle_t*):274 Trying to unregister buffer 0x4637c7e0 from process 81 that was not created in current process: 81
01-01 03:05:27.190 E/[Gralloc-ERROR](   81): int gralloc_unregister_buffer(const gralloc_module_t*, const native_handle_t*):274 Trying to unregister buffer 0x4637c740 from process 81 that was not created in current process: 81
01-01 03:05:27.230 I/Gecko   (   81): 1325405127241	Marionette	INFO	sendToClient: {"from":"0","ok":true}, {027860ec-53a0-4f73-a45b-c3121ddee295}, {027860ec-53a0-4f73-a45b-c3121ddee295}
01-01 03:05:27.330 I/Gecko   (   81): 1325405127335	Marionette	DEBUG	Got request: switchToFrame, data: {"to":"0","sessionId":"3-b2g","name":"switchToFrame","parameters":{"id":null,"focus":true}}, id: {0fedaf09-bdef-46fb-b00b-abad797c1875}
01-01 03:05:27.360 I/Gecko   (   81): 1325405127372	Marionette	INFO	Switched to frame: {"frameValue":null}
01-01 03:05:27.610 I/Gecko   (   81): 1325405127617	Marionette	INFO	sendToClient: {"from":"0","ok":true}, {0fedaf09-bdef-46fb-b00b-abad797c1875}, {0fedaf09-bdef-46fb-b00b-abad797c1875}
01-01 03:05:27.640 I/Gecko:ProcessPriorityManager(   81): [(Preallocated), child-id=3, pid=442] Creating ParticularProcessPriorityManager.
01-01 03:05:27.640 I/Gecko:ProcessPriorityManager(   81): [(Preallocated), child-id=3, pid=442] Done starting up.  mHoldsCPUWakeLock=0, mHoldsHighPriorityWakeLock=0
01-01 03:05:27.640 I/Gecko:ProcessPriorityManager(   81): [(Preallocated), child-id=3, pid=442] Changing priority from UNKNOWN:CPU_NORMAL to MASTER:CPU_NORMAL.
01-01 03:05:27.640 I/Gonk    (   81): Setting nice for pid 442 to 0
01-01 03:05:27.640 I/Gonk    (   81): Changed nice for pid 442 from 0 to 0.
01-01 03:05:27.640 I/Gecko:ProcessPriorityManager(   81): [Homescreen, child-id=2, pid=385] Changing priority from FOREGROUND:CPU_NORMAL to FOREGROUND:CPU_LOW.
01-01 03:05:27.640 I/Gonk    (   81): Setting nice for pid 385 to 18
01-01 03:05:27.640 I/Gonk    (   81): Changed nice for pid 385 from 1 to 18.
01-01 03:05:27.640 I/Gecko:ProcessPriorityManager(   81): KillBackgroundApps
01-01 03:05:27.800 I/Gecko   (   81): 1325405127813	Marionette	DEBUG	Got request: executeWithCallback, data: {"to":"0","sessionId":"3-b2g","name":"executeAsyncScript","parameters":{"specialPowers":false,"scriptTimeout":60000,"newSandbox":true,"args":[],"filename":"app_checker.py","script":"\n        GaiaApps.locateWithManifestURL('http://submonsterheads.dseffects.com/MonsterHeads.webapp',\n                                       null,\n                                       function uninstall(app) {\n                                       navigator.mozApps.mgmt.uninstall(app);\n                                       marionetteScriptFinished(true);\n                                       });\n        ","line":129}}, id: {838a0b35-d9d3-4f54-8730-0da2cf52c6bf}
01-01 03:05:27.840 I/Gecko   (   81): 1325405127845	Marionette	INFO	sendToClient: {"from":"0","error":{"message":"TypeError: app is null","status":17,"stacktrace":"execute_async_script @app_checker.py, line 129\ninline javascript, line 221\nsrc: \"      appName = app.manifest.name;\""}}, {838a0b35-d9d3-4f54-8730-0da2cf52c6bf}, {838a0b35-d9d3-4f54-8730-0da2cf52c6bf}