--------- beginning of /dev/log/system
01-01 03:52:35.720 I/Vold    (   75): Vold 2.1 (the revenge) firing up
01-01 03:52:35.720 D/Vold    (   75): Volume sdcard state changing -1 (Initializing) -> 0 (No-Media)
01-01 03:52:35.820 D/Vold    (   75): Volume sdcard state changing 0 (No-Media) -> 2 (Pending)
01-01 03:52:35.820 D/Vold    (   75): Volume sdcard state changing 2 (Pending) -> 1 (Idle-Unmounted)
01-01 03:52:40.880 D/VoldCmdListener(   75): volume list
01-01 03:52:40.880 D/VoldCmdListener(   75): volume mount sdcard
01-01 03:52:40.880 I/Vold    (   75): /dev/block/vold/179:1 being considered for volume sdcard
01-01 03:52:40.880 D/Vold    (   75): Volume sdcard state changing 1 (Idle-Unmounted) -> 3 (Checking)
01-01 03:52:40.880 W/Vold    (   75): Skipping fs checks
01-01 03:52:40.940 I/Vold    (   75): Device /dev/block/vold/179:1, target /mnt/sdcard mounted @ /mnt/secure/staging
01-01 03:52:40.940 D/Vold    (   75): Volume sdcard state changing 3 (Checking) -> 4 (Mounted)
--------- beginning of /dev/log/main
01-01 03:52:52.090 D/SPRDENG (  159): 30
01-01 03:52:52.090 D/SPRDENG (  159): 30
01-01 03:52:52.090 D/SPRDENG (  159): 30
01-01 03:52:52.090 D/SPRDENG (  159): 30
01-01 03:52:52.090 D/SPRDENG (  159): 30
01-01 03:52:52.090 D/SPRDENG (  159): 30
01-01 03:52:52.090 D/SPRDENG (  159): 30
01-01 03:52:52.090 D/SPRDENG (  159): 30
01-01 03:52:52.090 D/SPRDENG (  159): 30
01-01 03:52:52.090 D/SPRDENG (  159): 30
01-01 03:52:52.090 D/SPRDENG (  159): 30
01-01 03:52:52.090 D/SPRDENG (  159): 30
01-01 03:52:52.090 D/SPRDENG (  159): 30
01-01 03:52:52.090 D/SPRDENG (  159): 30
01-01 03:52:52.090 D/SPRDENG (  159): 30
01-01 03:52:52.090 D/SPRDENG (  159): 30
01-01 03:52:52.090 D/SPRDENG (  159): 30
01-01 03:52:52.090 D/SPRDENG (  159): 30
01-01 03:52:52.090 D/SPRDENG (  159): 30
01-01 03:52:52.090 D/SPRDENG (  159): 30
01-01 03:52:52.090 D/SPRDENG (  159): 30
01-01 03:52:52.090 D/SPRDENG (  159): 30
01-01 03:52:52.090 D/SPRDENG (  159): 30
01-01 03:52:52.090 D/SPRDENG (  159): 30
01-01 03:52:52.090 D/SPRDENG (  159): 30
01-01 03:52:52.090 D/SPRDENG (  159): 30
01-01 03:52:52.090 D/SPRDENG (  159): 30
01-01 03:52:52.090 D/SPRDENG (  159): 30
01-01 03:52:52.090 D/SPRDENG (  159): 30
01-01 03:52:52.090 D/SPRDENG (  159): 30
01-01 03:52:52.090 D/SPRDENG (  159): 30
01-01 03:52:52.090 D/SPRDENG (  159): 30
01-01 03:52:52.090 D/SPRDENG (  159): 30
01-01 03:52:52.090 D/SPRDENG (  159): 30
01-01 03:52:52.090 D/SPRDENG (  159): 30
01-01 03:52:52.090 D/SPRDENG (  159): 30
01-01 03:52:52.090 D/SPRDENG (  159): 30
01-01 03:52:52.090 D/SPRDENG (  159): 30
01-01 03:52:52.090 D/SPRDENG (  159): 30
01-01 03:52:52.090 D/SPRDENG (  159): 30
01-01 03:52:52.090 D/SPRDENG (  159): 30
01-01 03:52:52.090 D/SPRDENG (  159): 30
01-01 03:52:52.090 D/SPRDENG (  159): 30
01-01 03:52:52.090 D/SPRDENG (  159): 30
01-01 03:52:52.090 D/SPRDENG (  159): 30
01-01 03:52:52.090 D/SPRDENG (  159): 30
01-01 03:52:52.090 D/SPRDENG (  159): 30
01-01 03:52:52.090 D/SPRDENG (  159): 30
01-01 03:52:52.090 D/SPRDENG (  159): 30
01-01 03:52:52.090 D/SPRDENG (  159): 30
01-01 03:52:52.090 D/SPRDENG (  159): 30
01-01 03:52:52.090 D/SPRDENG (  159): 30
01-01 03:52:52.090 D/SPRDENG (  159): 30
01-01 03:52:52.090 D/SPRDENG (  159): 30
01-01 03:52:52.090 D/SPRDENG (  159): 30
01-01 03:52:52.090 D/SPRDENG (  159): 30
01-01 03:52:52.090 D/SPRDENG (  159): 30
01-01 03:52:52.090 D/SPRDENG (  159): 30
01-01 03:52:52.090 D/SPRDENG (  159): 30
01-01 03:52:52.090 D/SPRDENG (  159): 38
01-01 03:52:52.090 D/SPRDENG (  159): 30
01-01 03:52:52.090 D/SPRDENG (  159): 38
01-01 03:52:52.090 D/SPRDENG (  159): 30
01-01 03:52:52.090 D/SPRDENG (  159): 37
01-01 03:52:52.090 D/SPRDENG (  159): 33
01-01 03:52:52.090 D/SPRDENG (  159): 37
01-01 03:52:52.090 D/SPRDENG (  159): 36
01-01 03:52:52.090 D/SPRDENG (  159): 38
01-01 03:52:52.090 D/SPRDENG (  159): 30
01-01 03:52:52.090 D/SPRDENG (  159): 38
01-01 03:52:52.090 D/SPRDENG (  159): 30
01-01 03:52:52.100 D/SPRDENG (  159): 37
01-01 03:52:52.100 D/SPRDENG (  159): 33
01-01 03:52:52.100 D/SPRDENG (  159): 37
01-01 03:52:52.100 D/SPRDENG (  159): 37
01-01 03:52:52.100 D/SPRDENG (  159): 38
01-01 03:52:52.100 D/SPRDENG (  159): 30
01-01 03:52:52.100 D/SPRDENG (  159): 38
01-01 03:52:52.100 D/SPRDENG (  159): 30
01-01 03:52:52.100 D/SPRDENG (  159): 37
01-01 03:52:52.100 D/SPRDENG (  159): 33
01-01 03:52:52.100 D/SPRDENG (  159): 37
01-01 03:52:52.100 D/SPRDENG (  159): 37
01-01 03:52:52.100 D/SPRDENG (  159): 38
01-01 03:52:52.100 D/SPRDENG (  159): 30
01-01 03:52:52.100 D/SPRDENG (  159): 38
01-01 03:52:52.100 D/SPRDENG (  159): 30
01-01 03:52:52.100 D/SPRDENG (  159): 37
01-01 03:52:52.100 D/SPRDENG (  159): 33
01-01 03:52:52.100 D/SPRDENG (  159): 37
01-01 03:52:52.100 D/SPRDENG (  159): 38
01-01 03:52:52.100 D/SPRDENG (  159): 37
01-01 03:52:52.100 D/SPRDENG (  159): 65
01-01 03:52:52.100 D/SPRDENG (  159): 37
01-01 03:52:52.100 D/SPRDENG (  159): 66
01-01 03:52:52.100 D/SPRDENG (  159): 37
01-01 03:52:52.100 D/SPRDENG (  159): 32
01-01 03:52:52.100 D/SPRDENG (  159): 35
01-01 03:52:52.100 D/SPRDENG (  159): 61
01-01 03:52:52.100 D/SPRDENG (  159): 37
01-01 03:52:52.100 D/SPRDENG (  159): 65
01-01 03:52:52.100 D/SPRDENG (  159): 37
01-01 03:52:52.100 D/SPRDENG (  159): 66
01-01 03:52:52.100 D/SPRDENG (  159): 37
01-01 03:52:52.100 D/SPRDENG (  159): 32
01-01 03:52:52.100 D/SPRDENG (  159): 35
01-01 03:52:52.100 D/SPRDENG (  159): 61
01-01 03:52:52.100 D/SPRDENG (  159): 37
01-01 03:52:52.100 D/SPRDENG (  159): 65
01-01 03:52:52.100 D/SPRDENG (  159): 37
01-01 03:52:52.100 D/SPRDENG (  159): 66
01-01 03:52:52.100 D/SPRDENG (  159): 37
01-01 03:52:52.100 D/SPRDENG (  159): 32
01-01 03:52:52.100 D/SPRDENG (  159): 35
01-01 03:52:52.100 D/SPRDENG (  159): 61
01-01 03:52:52.100 D/SPRDENG (  159): 37
01-01 03:52:52.100 D/SPRDENG (  159): 65
01-01 03:52:52.100 D/SPRDENG (  159): 37
01-01 03:52:52.100 D/SPRDENG (  159): 66
01-01 03:52:52.100 D/SPRDENG (  159): 37
01-01 03:52:52.100 D/SPRDENG (  159): 32
01-01 03:52:52.100 D/SPRDENG (  159): 35
01-01 03:52:52.100 D/SPRDENG (  159): 61
01-01 03:52:52.100 D/SPRDENG (  159): 37
01-01 03:52:52.100 D/SPRDENG (  159): 65
01-01 03:52:52.100 D/SPRDENG (  159): 37
01-01 03:52:52.100 D/SPRDENG (  159): 66
01-01 03:52:52.100 D/SPRDENG (  159): 37
01-01 03:52:52.100 D/SPRDENG (  159): 32
01-01 03:52:52.100 D/SPRDENG (  159): 35
01-01 03:52:52.100 D/SPRDENG (  159): 61
01-01 03:52:52.100 D/SPRDENG (  159): 37
01-01 03:52:52.100 D/SPRDENG (  159): 65
01-01 03:52:52.100 D/SPRDENG (  159): 37
01-01 03:52:52.100 D/SPRDENG (  159): 66
01-01 03:52:52.100 D/SPRDENG (  159): 37
01-01 03:52:52.100 D/SPRDENG (  159): 32
01-01 03:52:52.100 D/SPRDENG (  159): 35
01-01 03:52:52.100 D/SPRDENG (  159): 61
01-01 03:52:52.100 D/SPRDENG (  159): 37
01-01 03:52:52.100 D/SPRDENG (  159): 65
01-01 03:52:52.100 D/SPRDENG (  159): 37
01-01 03:52:52.100 D/SPRDENG (  159): 66
01-01 03:52:52.100 D/SPRDENG (  159): 37
01-01 03:52:52.100 D/SPRDENG (  159): 32
01-01 03:52:52.100 D/SPRDENG (  159): 35
01-01 03:52:52.100 D/SPRDENG (  159): 61
01-01 03:52:52.100 D/SPRDENG (  159): 37
01-01 03:52:52.100 D/SPRDENG (  159): 65
01-01 03:52:52.100 D/SPRDENG (  159): 37
01-01 03:52:52.100 D/SPRDENG (  159): 66
01-01 03:52:52.100 D/SPRDENG (  159): 37
01-01 03:52:52.100 D/SPRDENG (  159): 32
01-01 03:52:52.100 D/SPRDENG (  159): 35
01-01 03:52:52.100 D/SPRDENG (  159): 61
01-01 03:52:52.100 D/SPRDENG (  159): 37
01-01 03:52:52.100 D/SPRDENG (  159): 65
01-01 03:52:52.100 D/SPRDENG (  159): 37
01-01 03:52:52.100 D/SPRDENG (  159): 66
01-01 03:52:52.100 D/SPRDENG (  159): 37
01-01 03:52:52.100 D/SPRDENG (  159): 32
01-01 03:52:52.100 D/SPRDENG (  159): 35
01-01 03:52:52.100 D/SPRDENG (  159): 61
01-01 03:52:52.100 D/SPRDENG (  159): 37
01-01 03:52:52.100 D/SPRDENG (  159): 66
01-01 03:52:52.100 D/SPRDENG (  159): 38
01-01 03:52:52.100 D/SPRDENG (  159): 30
01-01 03:52:52.100 D/SPRDENG (  159): 37
01-01 03:52:52.100 D/SPRDENG (  159): 31
01-01 03:52:52.100 D/SPRDENG (  159): 35
01-01 03:52:52.100 D/SPRDENG (  159): 63
01-01 03:52:52.100 D/SPRDENG (  159): 38
01-01 03:52:52.100 D/SPRDENG (  159): 31
01-01 03:52:52.100 D/SPRDENG (  159): 38
01-01 03:52:52.100 D/SPRDENG (  159): 33
01-01 03:52:52.100 D/SPRDENG (  159): 37
01-01 03:52:52.100 D/SPRDENG (  159): 30
01-01 03:52:52.100 D/SPRDENG (  159): 35
01-01 03:52:52.100 D/SPRDENG (  159): 62
01-01 03:52:52.100 D/SPRDENG (  159): 38
01-01 03:52:52.100 D/SPRDENG (  159): 35
01-01 03:52:52.100 D/SPRDENG (  159): 38
01-01 03:52:52.100 D/SPRDENG (  159): 38
01-01 03:52:52.100 D/SPRDENG (  159): 37
01-01 03:52:52.100 D/SPRDENG (  159): 31
01-01 03:52:52.100 D/SPRDENG (  159): 35
01-01 03:52:52.100 D/SPRDENG (  159): 62
01-01 03:52:52.100 D/SPRDENG (  159): 38
01-01 03:52:52.100 D/SPRDENG (  159): 63
01-01 03:52:52.100 D/SPRDENG (  159): 39
01-01 03:52:52.100 D/SPRDENG (  159): 30
01-01 03:52:52.100 D/SPRDENG (  159): 37
01-01 03:52:52.100 D/SPRDENG (  159): 31
01-01 03:52:52.100 D/SPRDENG (  159): 35
01-01 03:52:52.100 D/SPRDENG (  159): 63
01-01 03:52:52.100 D/SPRDENG (  159): 39
01-01 03:52:52.100 D/SPRDENG (  159): 61
01-01 03:52:52.100 D/SPRDENG (  159): 61
01-01 03:52:52.100 D/SPRDENG (  159): 30
01-01 03:52:52.100 D/SPRDENG (  159): 37
01-01 03:52:52.100 D/SPRDENG (  159): 31
01-01 03:52:52.100 D/SPRDENG (  159): 35
01-01 03:52:52.100 D/SPRDENG (  159): 63
01-01 03:52:52.100 D/SPRDENG (  159): 37
01-01 03:52:52.100 D/SPRDENG (  159): 65
01-01 03:52:52.100 D/SPRDENG (  159): 37
01-01 03:52:52.100 D/SPRDENG (  159): 66
01-01 03:52:52.100 D/SPRDENG (  159): 37
01-01 03:52:52.100 D/SPRDENG (  159): 38
01-01 03:52:52.100 D/SPRDENG (  159): 36
01-01 03:52:52.100 D/SPRDENG (  159): 33
01-01 03:52:52.100 D/SPRDENG (  159): 38
01-01 03:52:52.100 D/SPRDENG (  159): 30
01-01 03:52:52.100 D/SPRDENG (  159): 38
01-01 03:52:52.100 D/SPRDENG (  159): 30
01-01 03:52:52.100 D/SPRDENG (  159): 37
01-01 03:52:52.100 D/SPRDENG (  159): 38
01-01 03:52:52.100 D/SPRDENG (  159): 36
01-01 03:52:52.100 D/SPRDENG (  159): 36
01-01 03:52:52.100 D/SPRDENG (  159): 38
01-01 03:52:52.100 D/SPRDENG (  159): 31
01-01 03:52:52.100 D/SPRDENG (  159): 38
01-01 03:52:52.100 D/SPRDENG (  159): 33
01-01 03:52:52.100 D/SPRDENG (  159): 37
01-01 03:52:52.100 D/SPRDENG (  159): 38
01-01 03:52:52.100 D/SPRDENG (  159): 36
01-01 03:52:52.100 D/SPRDENG (  159): 34
01-01 03:52:52.100 D/SPRDENG (  159): 38
01-01 03:52:52.100 D/SPRDENG (  159): 35
01-01 03:52:52.100 D/SPRDENG (  159): 38
01-01 03:52:52.100 D/SPRDENG (  159): 37
01-01 03:52:52.100 D/SPRDENG (  159): 37
01-01 03:52:52.100 D/SPRDENG (  159): 38
01-01 03:52:52.100 D/SPRDENG (  159): 36
01-01 03:52:52.100 D/SPRDENG (  159): 34
01-01 03:52:52.100 D/SPRDENG (  159): 38
01-01 03:52:52.100 D/SPRDENG (  159): 63
01-01 03:52:52.100 D/SPRDENG (  159): 39
01-01 03:52:52.100 D/SPRDENG (  159): 31
01-01 03:52:52.100 D/SPRDENG (  159): 37
01-01 03:52:52.100 D/SPRDENG (  159): 38
01-01 03:52:52.100 D/SPRDENG (  159): 36
01-01 03:52:52.100 D/SPRDENG (  159): 34
01-01 03:52:52.100 D/SPRDENG (  159): 39
01-01 03:52:52.100 D/SPRDENG (  159): 63
01-01 03:52:52.100 D/SPRDENG (  159): 36
01-01 03:52:52.100 D/SPRDENG (  159): 36
01-01 03:52:52.100 D/SPRDENG (  159): 37
01-01 03:52:52.100 D/SPRDENG (  159): 38
01-01 03:52:52.100 D/SPRDENG (  159): 37
01-01 03:52:52.100 D/SPRDENG (  159): 30
01-01 03:52:52.100 D/SPRDENG (  159): 37
01-01 03:52:52.100 D/SPRDENG (  159): 66
01-01 03:52:52.100 D/SPRDENG (  159): 37
01-01 03:52:52.100 D/SPRDENG (  159): 66
01-01 03:52:52.100 D/SPRDENG (  159): 37
01-01 03:52:52.100 D/SPRDENG (  159): 63
01-01 03:52:52.100 D/SPRDENG (  159): 36
01-01 03:52:52.100 D/SPRDENG (  159): 38
01-01 03:52:52.100 D/SPRDENG (  159): 37
01-01 03:52:52.100 D/SPRDENG (  159): 66
01-01 03:52:52.100 D/SPRDENG (  159): 38
01-01 03:52:52.100 D/SPRDENG (  159): 30
01-01 03:52:52.100 D/SPRDENG (  159): 37
01-01 03:52:52.100 D/SPRDENG (  159): 63
01-01 03:52:52.100 D/SPRDENG (  159): 36
01-01 03:52:52.100 D/SPRDENG (  159): 38
01-01 03:52:52.100 D/SPRDENG (  159): 38
01-01 03:52:52.100 D/SPRDENG (  159): 30
01-01 03:52:52.100 D/SPRDENG (  159): 38
01-01 03:52:52.100 D/SPRDENG (  159): 32
01-01 03:52:52.100 D/SPRDENG (  159): 37
01-01 03:52:52.100 D/SPRDENG (  159): 63
01-01 03:52:52.100 D/SPRDENG (  159): 36
01-01 03:52:52.100 D/SPRDENG (  159): 38
01-01 03:52:52.100 D/SPRDENG (  159): 38
01-01 03:52:52.100 D/SPRDENG (  159): 30
01-01 03:52:52.100 D/SPRDENG (  159): 38
01-01 03:52:52.100 D/SPRDENG (  159): 37
01-01 03:52:52.100 D/SPRDENG (  159): 37
01-01 03:52:52.100 D/SPRDENG (  159): 65
01-01 03:52:52.100 D/SPRDENG (  159): 36
01-01 03:52:52.100 D/SPRDENG (  159): 38
01-01 03:52:52.100 D/SPRDENG (  159): 37
01-01 03:52:52.100 D/SPRDENG (  159): 65
01-01 03:52:52.100 D/SPRDENG (  159): 37
01-01 03:52:52.100 D/SPRDENG (  159): 65
01-01 03:52:52.100 D/SPRDENG (  159): 38
01-01 03:52:52.100 D/SPRDENG (  159): 31
01-01 03:52:52.100 D/SPRDENG (  159): 35
01-01 03:52:52.100 D/SPRDENG (  159): 65
01-01 03:52:52.100 D/SPRDENG (  159): 38
01-01 03:52:52.100 D/SPRDENG (  159): 38
01-01 03:52:52.100 D/SPRDENG (  159): 61
01-01 03:52:52.100 D/SPRDENG (  159): 31
01-01 03:52:52.100 D/SPRDENG (  159): 37
01-01 03:52:52.100 D/SPRDENG (  159): 63
01-01 03:52:52.100 D/SPRDENG (  159): 36
01-01 03:52:52.100 D/SPRDENG (  159): 38
01-01 03:52:52.100 D/SPRDENG (  159): 37
01-01 03:52:52.100 D/SPRDENG (  159): 65
01-01 03:52:52.100 D/SPRDENG (  159): 37
01-01 03:52:52.100 D/SPRDENG (  159): 66
01-01 03:52:52.100 D/SPRDENG (  159): 37
01-01 03:52:52.100 D/SPRDENG (  159): 65
01-01 03:52:52.100 D/SPRDENG (  159): 36
01-01 03:52:52.100 D/SPRDENG (  159): 61
01-01 03:52:52.100 D/SPRDENG (  159): 37
01-01 03:52:52.100 D/SPRDENG (  159): 66
01-01 03:52:52.100 D/SPRDENG (  159): 38
01-01 03:52:52.100 D/SPRDENG (  159): 30
01-01 03:52:52.100 D/SPRDENG (  159): 37
01-01 03:52:52.100 D/SPRDENG (  159): 65
01-01 03:52:52.100 D/SPRDENG (  159): 36
01-01 03:52:52.100 D/SPRDENG (  159): 61
01-01 03:52:52.100 D/SPRDENG (  159): 38
01-01 03:52:52.100 D/SPRDENG (  159): 30
01-01 03:52:52.100 D/SPRDENG (  159): 38
01-01 03:52:52.100 D/SPRDENG (  159): 32
01-01 03:52:52.100 D/SPRDENG (  159): 37
01-01 03:52:52.100 D/SPRDENG (  159): 65
01-01 03:52:52.100 D/SPRDENG (  159): 36
01-01 03:52:52.100 D/SPRDENG (  159): 61
01-01 03:52:52.100 D/SPRDENG (  159): 38
01-01 03:52:52.100 D/SPRDENG (  159): 38
01-01 03:52:52.100 D/SPRDENG (  159): 39
01-01 03:52:52.100 D/SPRDENG (  159): 30
01-01 03:52:52.100 D/SPRDENG (  159): 37
01-01 03:52:52.100 D/SPRDENG (  159): 65
01-01 03:52:52.100 D/SPRDENG (  159): 36
01-01 03:52:52.100 D/SPRDENG (  159): 38
01-01 03:52:52.100 D/SPRDENG (  159): 38
01-01 03:52:52.100 D/SPRDENG (  159): 38
01-01 03:52:52.100 D/SPRDENG (  159): 39
01-01 03:52:52.100 D/SPRDENG (  159): 30
01-01 03:52:52.100 D/SPRDENG (  159): 37
01-01 03:52:52.100 D/SPRDENG (  159): 65
01-01 03:52:52.100 D/SPRDENG (  159): 36
01-01 03:52:52.100 D/SPRDENG (  159): 61
01-01 03:52:52.100 D/SPRDENG (  159): 39
01-01 03:52:52.100 D/SPRDENG (  159): 31
01-01 03:52:52.100 D/SPRDENG (  159): 39
01-01 03:52:52.100 D/SPRDENG (  159): 63
01-01 03:52:52.100 D/SPRDENG (  159): 37
01-01 03:52:52.100 D/SPRDENG (  159): 65
01-01 03:52:52.100 D/SPRDENG (  159): 36
01-01 03:52:52.100 D/SPRDENG (  159): 61
01-01 03:52:52.100 D/SPRDENG (  159): 1a
01-01 03:52:52.110 D/SPRDENG (  159): eng_modem2server: use SIM1 /dev/CHNPTY13
01-01 03:52:52.110 D/SPRDENG (  159): AT < 
01-01 03:52:52.110 D/SPRDENG (  159): OK
01-01 03:52:52.110 D/SPRDENG (  159): 
01-01 03:52:52.110 E/        (   98): nvcal_recv_from_modem: Receive 1 Modem Response
01-01 03:52:52.110 E/        (   98): write_rf_nvconf_cmd: wifi recv_num =6, response=[
01-01 03:52:52.110 E/        (   98): OK
01-01 03:52:52.110 E/        (   98): ]
01-01 03:52:52.210 E/        (   98): write_rf_nvconf_cmd
01-01 03:52:52.210 E/        (   98): write_rf_nvconf_cmd: send [39,1,AT+SNVM=1,417]
01-01 03:52:52.210 E/        (   98): write data cmdbuf:[39,1,AT+SNVM=1,417]
01-01 03:52:52.210 E/        (   98): nvcal_send_to_modem
01-01 03:52:52.210 E/        (   98): nvcal_recv_from_modem: Waiting modem response ... fd=7
01-01 03:52:52.210 D/SPRDENG (  159): eng_servermodem_comm: use SIM1 /dev/CHNPTY13
01-01 03:52:52.210 D/SPRDENG (  159): AT > AT+SNVM=1,417
01-01 03:52:52.210 D/SPRDENG (  159): 41
01-01 03:52:52.210 D/SPRDENG (  159): 54
01-01 03:52:52.210 D/SPRDENG (  159): 2b
01-01 03:52:52.210 D/SPRDENG (  159): 53
01-01 03:52:52.210 D/SPRDENG (  159): 4e
01-01 03:52:52.210 D/SPRDENG (  159): 56
01-01 03:52:52.210 D/SPRDENG (  159): 4d
01-01 03:52:52.210 D/SPRDENG (  159): 3d
01-01 03:52:52.210 D/SPRDENG (  159): 31
01-01 03:52:52.210 D/SPRDENG (  159): 2c
01-01 03:52:52.210 D/SPRDENG (  159): 34
01-01 03:52:52.210 D/SPRDENG (  159): 31
01-01 03:52:52.210 D/SPRDENG (  159): 37
01-01 03:52:52.210 D/SPRDENG (  159): eng_modem2server: use SIM1 /dev/CHNPTY13
01-01 03:52:52.210 D/SPRDENG (  159): AT < 
01-01 03:52:52.210 D/SPRDENG (  159): > 
01-01 03:52:52.210 D/SPRDENG (  159): 
01-01 03:52:52.210 E/        (   98): nvcal_recv_from_modem: Receive 1 Modem Response
01-01 03:52:52.210 E/        (   98): recv from modem cmdbuf=[
01-01 03:52:52.210 E/        (   98): > 
01-01 03:52:52.210 E/        (   98): ]
01-01 03:52:52.310 E/        (   98): (strstr(cmdbuf, ">") != NULL)
01-01 03:52:52.310 E/        (   98): write_rf_nvconf_cmd: cmd_len[406], nv_len[400]
01-01 03:52:52.310 E/        (   98): write_rf_nvconf_cmd: cmd_buf:[39,1,1b0050021f00500221005002030050023d0050022000500224005002280050023d0050022000500224005002280050021c1c00001c1c000040020000000000000000000000000000000000000000000000000000000000000000000000000000000000000000000000000000000000000000000000000000bbbec2c61a231c2300000000000000001a231c2300000000000000001b231c2300000000000000001b231c2300000000000000001b231c2300000000000000000000000000000000000000002c000000]
01-01 03:52:52.310 E/        (   98): nvcal_send_to_modem
01-01 03:52:52.310 E/        (   98): nvcal_recv_from_modem: Waiting modem response ... fd=7
01-01 03:52:52.310 D/SPRDENG (  159): eng_servermodem_comm: use SIM1 /dev/CHNPTY13
01-01 03:52:52.310 D/SPRDENG (  159): AT > 1b0050021f00500221005002030050023d0050022000500224005002280050023d0050022000500224005002280050021c1c00001c1c000040020000000000000000000000000000000000000000000000000000000000000000000000000000000000000000000000000000000000000000000000000000bbbec2c61a231c2300000000000000001a231c2300000000000000001b231c2300000000000000001b231c2300000000000000001b231c2300000000000000000000000000000000000000002c000000
01-01 03:52:52.310 D/SPRDENG (  159): 31
01-01 03:52:52.310 D/SPRDENG (  159): 62
01-01 03:52:52.310 D/SPRDENG (  159): 30
01-01 03:52:52.310 D/SPRDENG (  159): 30
01-01 03:52:52.310 D/SPRDENG (  159): 35
01-01 03:52:52.310 D/SPRDENG (  159): 30
01-01 03:52:52.310 D/SPRDENG (  159): 30
01-01 03:52:52.310 D/SPRDENG (  159): 32
01-01 03:52:52.310 D/SPRDENG (  159): 31
01-01 03:52:52.310 D/SPRDENG (  159): 66
01-01 03:52:52.310 D/SPRDENG (  159): 30
01-01 03:52:52.310 D/SPRDENG (  159): 30
01-01 03:52:52.310 D/SPRDENG (  159): 35
01-01 03:52:52.310 D/SPRDENG (  159): 30
01-01 03:52:52.310 D/SPRDENG (  159): 30
01-01 03:52:52.310 D/SPRDENG (  159): 32
01-01 03:52:52.310 D/SPRDENG (  159): 32
01-01 03:52:52.310 D/SPRDENG (  159): 31
01-01 03:52:52.310 D/SPRDENG (  159): 30
01-01 03:52:52.310 D/SPRDENG (  159): 30
01-01 03:52:52.310 D/SPRDENG (  159): 35
01-01 03:52:52.310 D/SPRDENG (  159): 30
01-01 03:52:52.310 D/SPRDENG (  159): 30
01-01 03:52:52.310 D/SPRDENG (  159): 32
01-01 03:52:52.310 D/SPRDENG (  159): 30
01-01 03:52:52.310 D/SPRDENG (  159): 33
01-01 03:52:52.310 D/SPRDENG (  159): 30
01-01 03:52:52.310 D/SPRDENG (  159): 30
01-01 03:52:52.310 D/SPRDENG (  159): 35
01-01 03:52:52.310 D/SPRDENG (  159): 30
01-01 03:52:52.310 D/SPRDENG (  159): 30
01-01 03:52:52.310 D/SPRDENG (  159): 32
01-01 03:52:52.310 D/SPRDENG (  159): 33
01-01 03:52:52.310 D/SPRDENG (  159): 64
01-01 03:52:52.310 D/SPRDENG (  159): 30
01-01 03:52:52.310 D/SPRDENG (  159): 30
01-01 03:52:52.310 D/SPRDENG (  159): 35
01-01 03:52:52.310 D/SPRDENG (  159): 30
01-01 03:52:52.310 D/SPRDENG (  159): 30
01-01 03:52:52.310 D/SPRDENG (  159): 32
01-01 03:52:52.310 D/SPRDENG (  159): 32
01-01 03:52:52.310 D/SPRDENG (  159): 30
01-01 03:52:52.310 D/SPRDENG (  159): 30
01-01 03:52:52.310 D/SPRDENG (  159): 30
01-01 03:52:52.310 D/SPRDENG (  159): 35
01-01 03:52:52.310 D/SPRDENG (  159): 30
01-01 03:52:52.310 D/SPRDENG (  159): 30
01-01 03:52:52.310 D/SPRDENG (  159): 32
01-01 03:52:52.310 D/SPRDENG (  159): 32
01-01 03:52:52.310 D/SPRDENG (  159): 34
01-01 03:52:52.310 D/SPRDENG (  159): 30
01-01 03:52:52.310 D/SPRDENG (  159): 30
01-01 03:52:52.310 D/SPRDENG (  159): 35
01-01 03:52:52.310 D/SPRDENG (  159): 30
01-01 03:52:52.310 D/SPRDENG (  159): 30
01-01 03:52:52.310 D/SPRDENG (  159): 32
01-01 03:52:52.310 D/SPRDENG (  159): 32
01-01 03:52:52.310 D/SPRDENG (  159): 38
01-01 03:52:52.310 D/SPRDENG (  159): 30
01-01 03:52:52.310 D/SPRDENG (  159): 30
01-01 03:52:52.310 D/SPRDENG (  159): 35
01-01 03:52:52.310 D/SPRDENG (  159): 30
01-01 03:52:52.310 D/SPRDENG (  159): 30
01-01 03:52:52.310 D/SPRDENG (  159): 32
01-01 03:52:52.310 D/SPRDENG (  159): 33
01-01 03:52:52.310 D/SPRDENG (  159): 64
01-01 03:52:52.310 D/SPRDENG (  159): 30
01-01 03:52:52.310 D/SPRDENG (  159): 30
01-01 03:52:52.310 D/SPRDENG (  159): 35
01-01 03:52:52.310 D/SPRDENG (  159): 30
01-01 03:52:52.310 D/SPRDENG (  159): 30
01-01 03:52:52.310 D/SPRDENG (  159): 32
01-01 03:52:52.310 D/SPRDENG (  159): 32
01-01 03:52:52.310 D/SPRDENG (  159): 30
01-01 03:52:52.310 D/SPRDENG (  159): 30
01-01 03:52:52.310 D/SPRDENG (  159): 30
01-01 03:52:52.310 D/SPRDENG (  159): 35
01-01 03:52:52.310 D/SPRDENG (  159): 30
01-01 03:52:52.310 D/SPRDENG (  159): 30
01-01 03:52:52.310 D/SPRDENG (  159): 32
01-01 03:52:52.310 D/SPRDENG (  159): 32
01-01 03:52:52.310 D/SPRDENG (  159): 34
01-01 03:52:52.310 D/SPRDENG (  159): 30
01-01 03:52:52.310 D/SPRDENG (  159): 30
01-01 03:52:52.310 D/SPRDENG (  159): 35
01-01 03:52:52.310 D/SPRDENG (  159): 30
01-01 03:52:52.310 D/SPRDENG (  159): 30
01-01 03:52:52.310 D/SPRDENG (  159): 32
01-01 03:52:52.310 D/SPRDENG (  159): 32
01-01 03:52:52.310 D/SPRDENG (  159): 38
01-01 03:52:52.310 D/SPRDENG (  159): 30
01-01 03:52:52.310 D/SPRDENG (  159): 30
01-01 03:52:52.310 D/SPRDENG (  159): 35
01-01 03:52:52.310 D/SPRDENG (  159): 30
01-01 03:52:52.310 D/SPRDENG (  159): 30
01-01 03:52:52.310 D/SPRDENG (  159): 32
01-01 03:52:52.310 D/SPRDENG (  159): 31
01-01 03:52:52.310 D/SPRDENG (  159): 63
01-01 03:52:52.310 D/SPRDENG (  159): 31
01-01 03:52:52.310 D/SPRDENG (  159): 63
01-01 03:52:52.310 D/SPRDENG (  159): 30
01-01 03:52:52.310 D/SPRDENG (  159): 30
01-01 03:52:52.310 D/SPRDENG (  159): 30
01-01 03:52:52.310 D/SPRDENG (  159): 30
01-01 03:52:52.310 D/SPRDENG (  159): 31
01-01 03:52:52.310 D/SPRDENG (  159): 63
01-01 03:52:52.310 D/SPRDENG (  159): 31
01-01 03:52:52.310 D/SPRDENG (  159): 63
01-01 03:52:52.310 D/SPRDENG (  159): 30
01-01 03:52:52.310 D/SPRDENG (  159): 30
01-01 03:52:52.310 D/SPRDENG (  159): 30
01-01 03:52:52.310 D/SPRDENG (  159): 30
01-01 03:52:52.310 D/SPRDENG (  159): 34
01-01 03:52:52.310 D/SPRDENG (  159): 30
01-01 03:52:52.310 D/SPRDENG (  159): 30
01-01 03:52:52.310 D/SPRDENG (  159): 32
01-01 03:52:52.310 D/SPRDENG (  159): 30
01-01 03:52:52.310 D/SPRDENG (  159): 30
01-01 03:52:52.310 D/SPRDENG (  159): 30
01-01 03:52:52.310 D/SPRDENG (  159): 30
01-01 03:52:52.310 D/SPRDENG (  159): 30
01-01 03:52:52.310 D/SPRDENG (  159): 30
01-01 03:52:52.310 D/SPRDENG (  159): 30
01-01 03:52:52.310 D/SPRDENG (  159): 30
01-01 03:52:52.310 D/SPRDENG (  159): 30
01-01 03:52:52.310 D/SPRDENG (  159): 30
01-01 03:52:52.310 D/SPRDENG (  159): 30
01-01 03:52:52.310 D/SPRDENG (  159): 30
01-01 03:52:52.310 D/SPRDENG (  159): 30
01-01 03:52:52.310 D/SPRDENG (  159): 30
01-01 03:52:52.310 D/SPRDENG (  159): 30
01-01 03:52:52.310 D/SPRDENG (  159): 30
01-01 03:52:52.310 D/SPRDENG (  159): 30
01-01 03:52:52.310 D/SPRDENG (  159): 30
01-01 03:52:52.310 D/SPRDENG (  159): 30
01-01 03:52:52.310 D/SPRDENG (  159): 30
01-01 03:52:52.310 D/SPRDENG (  159): 30
01-01 03:52:52.310 D/SPRDENG (  159): 30
01-01 03:52:52.310 D/SPRDENG (  159): 30
01-01 03:52:52.310 D/SPRDENG (  159): 30
01-01 03:52:52.310 D/SPRDENG (  159): 30
01-01 03:52:52.310 D/SPRDENG (  159): 30
01-01 03:52:52.310 D/SPRDENG (  159): 30
01-01 03:52:52.310 D/SPRDENG (  159): 30
01-01 03:52:52.310 D/SPRDENG (  159): 30
01-01 03:52:52.310 D/SPRDENG (  159): 30
01-01 03:52:52.310 D/SPRDENG (  159): 30
01-01 03:52:52.310 D/SPRDENG (  159): 30
01-01 03:52:52.310 D/SPRDENG (  159): 30
01-01 03:52:52.310 D/SPRDENG (  159): 30
01-01 03:52:52.310 D/SPRDENG (  159): 30
01-01 03:52:52.310 D/SPRDENG (  159): 30
01-01 03:52:52.310 D/SPRDENG (  159): 30
01-01 03:52:52.310 D/SPRDENG (  159): 30
01-01 03:52:52.310 D/SPRDENG (  159): 30
01-01 03:52:52.310 D/SPRDENG (  159): 30
01-01 03:52:52.310 D/SPRDENG (  159): 30
01-01 03:52:52.310 D/SPRDENG (  159): 30
01-01 03:52:52.310 D/SPRDENG (  159): 30
01-01 03:52:52.310 D/SPRDENG (  159): 30
01-01 03:52:52.310 D/SPRDENG (  159): 30
01-01 03:52:52.310 D/SPRDENG (  159): 30
01-01 03:52:52.310 D/SPRDENG (  159): 30
01-01 03:52:52.310 D/SPRDENG (  159): 30
01-01 03:52:52.310 D/SPRDENG (  159): 30
01-01 03:52:52.310 D/SPRDENG (  159): 30
01-01 03:52:52.310 D/SPRDENG (  159): 30
01-01 03:52:52.310 D/SPRDENG (  159): 30
01-01 03:52:52.310 D/SPRDENG (  159): 30
01-01 03:52:52.310 D/SPRDENG (  159): 30
01-01 03:52:52.310 D/SPRDENG (  159): 30
01-01 03:52:52.310 D/SPRDENG (  159): 30
01-01 03:52:52.310 D/SPRDENG (  159): 30
01-01 03:52:52.310 D/SPRDENG (  159): 30
01-01 03:52:52.310 D/SPRDENG (  159): 30
01-01 03:52:52.310 D/SPRDENG (  159): 30
01-01 03:52:52.310 D/SPRDENG (  159): 30
01-01 03:52:52.310 D/SPRDENG (  159): 30
01-01 03:52:52.310 D/SPRDENG (  159): 30
01-01 03:52:52.310 D/SPRDENG (  159): 30
01-01 03:52:52.310 D/SPRDENG (  159): 30
01-01 03:52:52.310 D/SPRDENG (  159): 30
01-01 03:52:52.310 D/SPRDENG (  159): 30
01-01 03:52:52.310 D/SPRDENG (  159): 30
01-01 03:52:52.310 D/SPRDENG (  159): 30
01-01 03:52:52.310 D/SPRDENG (  159): 30
01-01 03:52:52.310 D/SPRDENG (  159): 30
01-01 03:52:52.310 D/SPRDENG (  159): 30
01-01 03:52:52.310 D/SPRDENG (  159): 30
01-01 03:52:52.310 D/SPRDENG (  159): 30
01-01 03:52:52.310 D/SPRDENG (  159): 30
01-01 03:52:52.310 D/SPRDENG (  159): 30
01-01 03:52:52.310 D/SPRDENG (  159): 30
01-01 03:52:52.310 D/SPRDENG (  159): 30
01-01 03:52:52.310 D/SPRDENG (  159): 30
01-01 03:52:52.310 D/SPRDENG (  159): 30
01-01 03:52:52.310 D/SPRDENG (  159): 30
01-01 03:52:52.310 D/SPRDENG (  159): 30
01-01 03:52:52.310 D/SPRDENG (  159): 30
01-01 03:52:52.310 D/SPRDENG (  159): 30
01-01 03:52:52.310 D/SPRDENG (  159): 30
01-01 03:52:52.310 D/SPRDENG (  159): 30
01-01 03:52:52.310 D/SPRDENG (  159): 30
01-01 03:52:52.310 D/SPRDENG (  159): 30
01-01 03:52:52.310 D/SPRDENG (  159): 30
01-01 03:52:52.310 D/SPRDENG (  159): 30
01-01 03:52:52.310 D/SPRDENG (  159): 30
01-01 03:52:52.310 D/SPRDENG (  159): 30
01-01 03:52:52.310 D/SPRDENG (  159): 30
01-01 03:52:52.310 D/SPRDENG (  159): 30
01-01 03:52:52.310 D/SPRDENG (  159): 30
01-01 03:52:52.310 D/SPRDENG (  159): 30
01-01 03:52:52.310 D/SPRDENG (  159): 30
01-01 03:52:52.310 D/SPRDENG (  159): 30
01-01 03:52:52.310 D/SPRDENG (  159): 30
01-01 03:52:52.310 D/SPRDENG (  159): 30
01-01 03:52:52.310 D/SPRDENG (  159): 30
01-01 03:52:52.310 D/SPRDENG (  159): 30
01-01 03:52:52.310 D/SPRDENG (  159): 30
01-01 03:52:52.310 D/SPRDENG (  159): 30
01-01 03:52:52.310 D/SPRDENG (  159): 30
01-01 03:52:52.310 D/SPRDENG (  159): 30
01-01 03:52:52.310 D/SPRDENG (  159): 30
01-01 03:52:52.310 D/SPRDENG (  159): 30
01-01 03:52:52.310 D/SPRDENG (  159): 30
01-01 03:52:52.310 D/SPRDENG (  159): 30
01-01 03:52:52.310 D/SPRDENG (  159): 30
01-01 03:52:52.310 D/SPRDENG (  159): 30
01-01 03:52:52.310 D/SPRDENG (  159): 30
01-01 03:52:52.310 D/SPRDENG (  159): 30
01-01 03:52:52.310 D/SPRDENG (  159): 30
01-01 03:52:52.310 D/SPRDENG (  159): 30
01-01 03:52:52.310 D/SPRDENG (  159): 30
01-01 03:52:52.310 D/SPRDENG (  159): 30
01-01 03:52:52.310 D/SPRDENG (  159): 30
01-01 03:52:52.310 D/SPRDENG (  159): 30
01-01 03:52:52.310 D/SPRDENG (  159): 30
01-01 03:52:52.310 D/SPRDENG (  159): 30
01-01 03:52:52.310 D/SPRDENG (  159): 30
01-01 03:52:52.310 D/SPRDENG (  159): 30
01-01 03:52:52.310 D/SPRDENG (  159): 62
01-01 03:52:52.310 D/SPRDENG (  159): 62
01-01 03:52:52.310 D/SPRDENG (  159): 62
01-01 03:52:52.310 D/SPRDENG (  159): 65
01-01 03:52:52.310 D/SPRDENG (  159): 63
01-01 03:52:52.310 D/SPRDENG (  159): 32
01-01 03:52:52.310 D/SPRDENG (  159): 63
01-01 03:52:52.310 D/SPRDENG (  159): 36
01-01 03:52:52.310 D/SPRDENG (  159): 31
01-01 03:52:52.310 D/SPRDENG (  159): 61
01-01 03:52:52.310 D/SPRDENG (  159): 32
01-01 03:52:52.310 D/SPRDENG (  159): 33
01-01 03:52:52.310 D/SPRDENG (  159): 31
01-01 03:52:52.310 D/SPRDENG (  159): 63
01-01 03:52:52.310 D/SPRDENG (  159): 32
01-01 03:52:52.310 D/SPRDENG (  159): 33
01-01 03:52:52.310 D/SPRDENG (  159): 30
01-01 03:52:52.310 D/SPRDENG (  159): 30
01-01 03:52:52.310 D/SPRDENG (  159): 30
01-01 03:52:52.310 D/SPRDENG (  159): 30
01-01 03:52:52.310 D/SPRDENG (  159): 30
01-01 03:52:52.310 D/SPRDENG (  159): 30
01-01 03:52:52.310 D/SPRDENG (  159): 30
01-01 03:52:52.310 D/SPRDENG (  159): 30
01-01 03:52:52.310 D/SPRDENG (  159): 30
01-01 03:52:52.310 D/SPRDENG (  159): 30
01-01 03:52:52.310 D/SPRDENG (  159): 30
01-01 03:52:52.310 D/SPRDENG (  159): 30
01-01 03:52:52.310 D/SPRDENG (  159): 30
01-01 03:52:52.310 D/SPRDENG (  159): 30
01-01 03:52:52.310 D/SPRDENG (  159): 30
01-01 03:52:52.310 D/SPRDENG (  159): 30
01-01 03:52:52.310 D/SPRDENG (  159): 31
01-01 03:52:52.310 D/SPRDENG (  159): 61
01-01 03:52:52.310 D/SPRDENG (  159): 32
01-01 03:52:52.310 D/SPRDENG (  159): 33
01-01 03:52:52.310 D/SPRDENG (  159): 31
01-01 03:52:52.310 D/SPRDENG (  159): 63
01-01 03:52:52.310 D/SPRDENG (  159): 32
01-01 03:52:52.310 D/SPRDENG (  159): 33
01-01 03:52:52.310 D/SPRDENG (  159): 30
01-01 03:52:52.310 D/SPRDENG (  159): 30
01-01 03:52:52.310 D/SPRDENG (  159): 30
01-01 03:52:52.310 D/SPRDENG (  159): 30
01-01 03:52:52.310 D/SPRDENG (  159): 30
01-01 03:52:52.310 D/SPRDENG (  159): 30
01-01 03:52:52.310 D/SPRDENG (  159): 30
01-01 03:52:52.310 D/SPRDENG (  159): 30
01-01 03:52:52.310 D/SPRDENG (  159): 30
01-01 03:52:52.310 D/SPRDENG (  159): 30
01-01 03:52:52.310 D/SPRDENG (  159): 30
01-01 03:52:52.310 D/SPRDENG (  159): 30
01-01 03:52:52.310 D/SPRDENG (  159): 30
01-01 03:52:52.310 D/SPRDENG (  159): 30
01-01 03:52:52.310 D/SPRDENG (  159): 30
01-01 03:52:52.310 D/SPRDENG (  159): 30
01-01 03:52:52.310 D/SPRDENG (  159): 31
01-01 03:52:52.310 D/SPRDENG (  159): 62
01-01 03:52:52.310 D/SPRDENG (  159): 32
01-01 03:52:52.310 D/SPRDENG (  159): 33
01-01 03:52:52.310 D/SPRDENG (  159): 31
01-01 03:52:52.310 D/SPRDENG (  159): 63
01-01 03:52:52.310 D/SPRDENG (  159): 32
01-01 03:52:52.310 D/SPRDENG (  159): 33
01-01 03:52:52.310 D/SPRDENG (  159): 30
01-01 03:52:52.310 D/SPRDENG (  159): 30
01-01 03:52:52.310 D/SPRDENG (  159): 30
01-01 03:52:52.310 D/SPRDENG (  159): 30
01-01 03:52:52.310 D/SPRDENG (  159): 30
01-01 03:52:52.310 D/SPRDENG (  159): 30
01-01 03:52:52.310 D/SPRDENG (  159): 30
01-01 03:52:52.310 D/SPRDENG (  159): 30
01-01 03:52:52.310 D/SPRDENG (  159): 30
01-01 03:52:52.310 D/SPRDENG (  159): 30
01-01 03:52:52.310 D/SPRDENG (  159): 30
01-01 03:52:52.310 D/SPRDENG (  159): 30
01-01 03:52:52.310 D/SPRDENG (  159): 30
01-01 03:52:52.310 D/SPRDENG (  159): 30
01-01 03:52:52.310 D/SPRDENG (  159): 30
01-01 03:52:52.310 D/SPRDENG (  159): 30
01-01 03:52:52.310 D/SPRDENG (  159): 31
01-01 03:52:52.310 D/SPRDENG (  159): 62
01-01 03:52:52.310 D/SPRDENG (  159): 32
01-01 03:52:52.310 D/SPRDENG (  159): 33
01-01 03:52:52.310 D/SPRDENG (  159): 31
01-01 03:52:52.310 D/SPRDENG (  159): 63
01-01 03:52:52.310 D/SPRDENG (  159): 32
01-01 03:52:52.310 D/SPRDENG (  159): 33
01-01 03:52:52.310 D/SPRDENG (  159): 30
01-01 03:52:52.310 D/SPRDENG (  159): 30
01-01 03:52:52.310 D/SPRDENG (  159): 30
01-01 03:52:52.310 D/SPRDENG (  159): 30
01-01 03:52:52.310 D/SPRDENG (  159): 30
01-01 03:52:52.310 D/SPRDENG (  159): 30
01-01 03:52:52.310 D/SPRDENG (  159): 30
01-01 03:52:52.310 D/SPRDENG (  159): 30
01-01 03:52:52.310 D/SPRDENG (  159): 30
01-01 03:52:52.310 D/SPRDENG (  159): 30
01-01 03:52:52.310 D/SPRDENG (  159): 30
01-01 03:52:52.310 D/SPRDENG (  159): 30
01-01 03:52:52.310 D/SPRDENG (  159): 30
01-01 03:52:52.310 D/SPRDENG (  159): 30
01-01 03:52:52.310 D/SPRDENG (  159): 30
01-01 03:52:52.310 D/SPRDENG (  159): 30
01-01 03:52:52.310 D/SPRDENG (  159): 31
01-01 03:52:52.310 D/SPRDENG (  159): 62
01-01 03:52:52.310 D/SPRDENG (  159): 32
01-01 03:52:52.310 D/SPRDENG (  159): 33
01-01 03:52:52.310 D/SPRDENG (  159): 31
01-01 03:52:52.310 D/SPRDENG (  159): 63
01-01 03:52:52.310 D/SPRDENG (  159): 32
01-01 03:52:52.310 D/SPRDENG (  159): 33
01-01 03:52:52.310 D/SPRDENG (  159): 30
01-01 03:52:52.310 D/SPRDENG (  159): 30
01-01 03:52:52.310 D/SPRDENG (  159): 30
01-01 03:52:52.310 D/SPRDENG (  159): 30
01-01 03:52:52.310 D/SPRDENG (  159): 30
01-01 03:52:52.310 D/SPRDENG (  159): 30
01-01 03:52:52.310 D/SPRDENG (  159): 30
01-01 03:52:52.310 D/SPRDENG (  159): 30
01-01 03:52:52.310 D/SPRDENG (  159): 30
01-01 03:52:52.310 D/SPRDENG (  159): 30
01-01 03:52:52.310 D/SPRDENG (  159): 30
01-01 03:52:52.310 D/SPRDENG (  159): 30
01-01 03:52:52.310 D/SPRDENG (  159): 30
01-01 03:52:52.310 D/SPRDENG (  159): 30
01-01 03:52:52.310 D/SPRDENG (  159): 30
01-01 03:52:52.310 D/SPRDENG (  159): 30
01-01 03:52:52.310 D/SPRDENG (  159): 30
01-01 03:52:52.310 D/SPRDENG (  159): 30
01-01 03:52:52.310 D/SPRDENG (  159): 30
01-01 03:52:52.310 D/SPRDENG (  159): 30
01-01 03:52:52.310 D/SPRDENG (  159): 30
01-01 03:52:52.310 D/SPRDENG (  159): 30
01-01 03:52:52.310 D/SPRDENG (  159): 30
01-01 03:52:52.310 D/SPRDENG (  159): 30
01-01 03:52:52.310 D/SPRDENG (  159): 30
01-01 03:52:52.310 D/SPRDENG (  159): 30
01-01 03:52:52.310 D/SPRDENG (  159): 30
01-01 03:52:52.310 D/SPRDENG (  159): 30
01-01 03:52:52.310 D/SPRDENG (  159): 30
01-01 03:52:52.310 D/SPRDENG (  159): 30
01-01 03:52:52.310 D/SPRDENG (  159): 30
01-01 03:52:52.310 D/SPRDENG (  159): 30
01-01 03:52:52.310 D/SPRDENG (  159): 30
01-01 03:52:52.310 D/SPRDENG (  159): 30
01-01 03:52:52.310 D/SPRDENG (  159): 30
01-01 03:52:52.310 D/SPRDENG (  159): 30
01-01 03:52:52.310 D/SPRDENG (  159): 30
01-01 03:52:52.310 D/SPRDENG (  159): 30
01-01 03:52:52.310 D/SPRDENG (  159): 30
01-01 03:52:52.310 D/SPRDENG (  159): 30
01-01 03:52:52.310 D/SPRDENG (  159): 32
01-01 03:52:52.310 D/SPRDENG (  159): 63
01-01 03:52:52.310 D/SPRDENG (  159): 30
01-01 03:52:52.310 D/SPRDENG (  159): 30
01-01 03:52:52.310 D/SPRDENG (  159): 30
01-01 03:52:52.310 D/SPRDENG (  159): 30
01-01 03:52:52.310 D/SPRDENG (  159): 30
01-01 03:52:52.310 D/SPRDENG (  159): 30
01-01 03:52:52.310 D/SPRDENG (  159): 1a
01-01 03:52:52.310 D/SPRDENG (  159): eng_modem2server: use SIM1 /dev/CHNPTY13
01-01 03:52:52.310 D/SPRDENG (  159): AT < 
01-01 03:52:52.310 D/SPRDENG (  159): OK
01-01 03:52:52.310 D/SPRDENG (  159): 
01-01 03:52:52.310 E/        (   98): nvcal_recv_from_modem: Receive 1 Modem Response
01-01 03:52:52.310 E/        (   98): write_rf_nvconf_cmd: wifi recv_num =6, response=[
01-01 03:52:52.310 E/        (   98): OK
01-01 03:52:52.310 E/        (   98): ]
01-01 03:52:52.410 E/eng_rf_nv_update(   98): [set_rf_nvconf]: NV updated OK!
01-01 03:52:52.420 E/eng_rf_nv_update(   98): [save_rf_nv_to_bak_file] NV data save to bake file OK
01-01 03:52:52.420 E/eng_rf_nv_update(   98): [eng_rf_nv_update]: end eng rf nv update!
01-01 03:52:52.420 I/logwrapper(   80): /system/bin/eng_rf_nv_update terminated by exit(0)
01-01 03:52:52.940 I/power   (   81): *** set_screen_state 1
01-01 03:52:52.940 D/Sensors (   81): activate handle=3; drv=1
01-01 03:52:52.940 D/Sensors (   81): SensorTMD2771::setEnable=0= en=1; newState=1; what=0; mEnabled=0
01-01 03:52:53.050 D/Sensors (   81): taos ---Light::TAOS_IOCTL_ALS_ON=== err=0
01-01 03:52:53.050 D/Sensors (   81): SensorTMD2771::setEnable=1= en=1; newState=1; what=0; mEnabled=1
01-01 03:52:53.050 D/Sensors (   81): SensorTMD2771::getEnable===mEnabled=0x1; enable=1
01-01 03:52:53.070 I/GeckoDump(   81): XXX FIXME : Got a mozContentEvent: nfc-hardware-state-change
01-01 03:52:53.100 I/GeckoDump(   81): XXX FIXME : Got a mozContentEvent: system-message-listener-ready
01-01 03:52:53.160 I/Gecko:ProcessPriorityManager(   81): [(Preallocated), child-id=2, pid=377] Creating ParticularProcessPriorityManager.
01-01 03:52:53.160 I/Gecko:ProcessPriorityManager(   81): [(Preallocated), child-id=2, pid=377] Done starting up.  mHoldsCPUWakeLock=0, mHoldsHighPriorityWakeLock=0
01-01 03:52:53.160 I/Gecko:ProcessPriorityManager(   81): [(Preallocated), child-id=2, pid=377] Changing priority from UNKNOWN:CPU_NORMAL to MASTER:CPU_NORMAL.
01-01 03:52:53.160 I/Gonk    (   81): Setting nice for pid 377 to 0
01-01 03:52:53.160 I/Gonk    (   81): Changed nice for pid 377 from 0 to 0.
01-01 03:52:53.730 D/Sensors (   81): SensorTMD2771::readEvents()======data_fd=53,count=16
01-01 03:52:53.730 D/Sensors (   81): SensorTMD2771::processEvent()=====code=40::value=1 
01-01 03:52:53.740 D/Sensors (   81): SensorTMD2771: mPendingEvents[Light].light = 1.000000
01-01 03:52:53.840 I/Gecko   (   81): 1325407973845	Marionette	INFO	loaded marionette-listener.js
01-01 03:52:53.840 I/Gecko   (   81): 1325407973847	Marionette	INFO	sendToClient: {"from":"0","value":"3-b2g"}, {7e6f15c7-b2d3-4b38-835c-c8372561ff49}, {7e6f15c7-b2d3-4b38-835c-c8372561ff49}
01-01 03:52:53.970 E/GeckoConsole(   81): [JavaScript Error: "TypeError: widgetFrame is undefined" {file: "app://system.gaiamobile.org/js/cost_control.js" line: 119}]
01-01 03:52:54.330 I/Gecko   (   81): 1325407974341	Marionette	INFO	sendToClient: {"from":"0","value":{"ELEMENT":"{31fef0a6-17d7-46cb-bcd5-c74616414430}"}}, {d8bda23e-646b-4f82-9206-78f84ea3bc10}, {d8bda23e-646b-4f82-9206-78f84ea3bc10}
01-01 03:52:54.420 I/Gecko   (   81): 1325407974427	Marionette	INFO	sendToClient: {"from":"0","value":false}, {28ebcf23-151a-4c32-858a-f580794ea4f5}, {28ebcf23-151a-4c32-858a-f580794ea4f5}
01-01 03:52:54.620 I/Gecko   (   81): 1325407974624	Marionette	INFO	sendToClient: {"from":"0","value":{"ELEMENT":"{31fef0a6-17d7-46cb-bcd5-c74616414430}"}}, {989ffe17-163b-4d44-87dd-0ff1061e208e}, {989ffe17-163b-4d44-87dd-0ff1061e208e}
01-01 03:52:54.700 I/Gecko   (   81): 1325407974705	Marionette	INFO	sendToClient: {"from":"0","value":false}, {2352449b-4c96-43d0-b511-e66b11d99926}, {2352449b-4c96-43d0-b511-e66b11d99926}
01-01 03:52:54.850 I/Gecko   (   81): 1325407974860	Marionette	INFO	sendToClient: {"from":"0","value":{"ELEMENT":"{31fef0a6-17d7-46cb-bcd5-c74616414430}"}}, {310c8406-f03e-4f9a-94c3-eef9d25e1fab}, {310c8406-f03e-4f9a-94c3-eef9d25e1fab}
01-01 03:52:54.890 I/Gecko   (   81): 1325407974897	Marionette	INFO	sendToClient: {"from":"0","value":false}, {0377d7be-0791-42e1-9c66-572252bf18d0}, {0377d7be-0791-42e1-9c66-572252bf18d0}
01-01 03:52:54.900 E/WifiHW  (   81): Leo ensure_config_file_exists config_file=/data/misc/wifi/wpa_supplicant.conf
01-01 03:52:54.910 E/WifiHW  (   81): daemon_cmd=wpa_supplicant:-iwlan0 -c/data/misc/wifi/wpa_supplicant.conf
01-01 03:52:55.120 I/GeckoDump(   81): XXX FIXME : Got a mozContentEvent: accessibility-screenreader
01-01 03:52:55.240 I/GeckoDump(   81): XXX FIXME : Got a mozContentEvent: nfc-hardware-state-change
01-01 03:52:55.850 W/WifiHW  (   81): wifi_command: LOG_LEVEL
01-01 03:52:55.850 W/WifiHW  (   81): wifi_command: STATUS
01-01 03:52:55.880 I/Gecko   (   81): 1325407975892	Marionette	INFO	sendToClient: {"from":"0","value":{"ELEMENT":"{31fef0a6-17d7-46cb-bcd5-c74616414430}"}}, {6225837d-d9d6-4f2f-9c17-41f0d777313f}, {6225837d-d9d6-4f2f-9c17-41f0d777313f}
01-01 03:52:55.910 W/WifiHW  (   81): wifi_command: LIST_NETWORKS
01-01 03:52:55.910 W/WifiHW  (   81): wifi_command: DRIVER MACADDR
01-01 03:52:55.940 W/WifiHW  (   81): wifi_command: GET_NETWORK 0 ssid
01-01 03:52:55.940 W/WifiHW  (   81): wifi_command: GET_NETWORK 0 bssid
01-01 03:52:55.940 W/WifiHW  (   81): wifi_command: GET_NETWORK 0 psk
01-01 03:52:55.940 W/WifiHW  (   81): wifi_command: GET_NETWORK 0 wep_key0
01-01 03:52:55.940 W/WifiHW  (   81): wifi_command: GET_NETWORK 0 wep_key1
01-01 03:52:55.940 W/WifiHW  (   81): wifi_command: GET_NETWORK 0 wep_key2
01-01 03:52:55.950 W/WifiHW  (   81): wifi_command: GET_NETWORK 0 wep_key3
01-01 03:52:55.950 W/WifiHW  (   81): wifi_command: GET_NETWORK 0 wep_tx_keyidx
01-01 03:52:55.950 W/WifiHW  (   81): wifi_command: GET_NETWORK 0 priority
01-01 03:52:55.950 W/WifiHW  (   81): wifi_command: GET_NETWORK 0 key_mgmt
01-01 03:52:55.950 W/WifiHW  (   81): wifi_command: GET_NETWORK 0 scan_ssid
01-01 03:52:55.950 W/WifiHW  (   81): wifi_command: GET_NETWORK 0 disabled
01-01 03:52:55.950 W/WifiHW  (   81): wifi_command: GET_NETWORK 0 identity
01-01 03:52:55.950 W/WifiHW  (   81): wifi_command: GET_NETWORK 0 password
01-01 03:52:55.950 W/WifiHW  (   81): wifi_command: GET_NETWORK 0 auth_alg
01-01 03:52:55.950 W/WifiHW  (   81): wifi_command: GET_NETWORK 0 phase1
01-01 03:52:55.950 W/WifiHW  (   81): wifi_command: GET_NETWORK 0 phase2
01-01 03:52:55.950 W/WifiHW  (   81): wifi_command: GET_NETWORK 0 eap
01-01 03:52:55.950 W/WifiHW  (   81): wifi_command: GET_NETWORK 0 pin
01-01 03:52:55.950 W/WifiHW  (   81): wifi_command: GET_NETWORK 0 pcsc
01-01 03:52:55.950 W/WifiHW  (   81): wifi_command: GET_NETWORK 1 ssid
01-01 03:52:55.960 W/WifiHW  (   81): wifi_command: GET_NETWORK 1 bssid
01-01 03:52:55.960 W/WifiHW  (   81): wifi_command: GET_NETWORK 1 psk
01-01 03:52:55.960 W/WifiHW  (   81): wifi_command: GET_NETWORK 1 wep_key0
01-01 03:52:55.970 W/WifiHW  (   81): wifi_command: GET_NETWORK 1 wep_key1
01-01 03:52:55.970 W/WifiHW  (   81): wifi_command: GET_NETWORK 1 wep_key2
01-01 03:52:55.970 W/WifiHW  (   81): wifi_command: GET_NETWORK 1 wep_key3
01-01 03:52:55.970 W/WifiHW  (   81): wifi_command: GET_NETWORK 1 wep_tx_keyidx
01-01 03:52:55.970 W/WifiHW  (   81): wifi_command: GET_NETWORK 1 priority
01-01 03:52:55.970 W/WifiHW  (   81): wifi_command: GET_NETWORK 1 key_mgmt
01-01 03:52:55.970 W/WifiHW  (   81): wifi_command: GET_NETWORK 1 scan_ssid
01-01 03:52:55.970 W/WifiHW  (   81): wifi_command: GET_NETWORK 1 disabled
01-01 03:52:55.970 W/WifiHW  (   81): wifi_command: GET_NETWORK 1 identity
01-01 03:52:55.970 W/WifiHW  (   81): wifi_command: GET_NETWORK 1 password
01-01 03:52:55.970 W/WifiHW  (   81): wifi_command: GET_NETWORK 1 auth_alg
01-01 03:52:55.970 W/WifiHW  (   81): wifi_command: GET_NETWORK 1 phase1
01-01 03:52:55.970 W/WifiHW  (   81): wifi_command: GET_NETWORK 1 phase2
01-01 03:52:55.980 W/WifiHW  (   81): wifi_command: GET_NETWORK 1 eap
01-01 03:52:55.980 W/WifiHW  (   81): wifi_command: GET_NETWORK 1 pin
01-01 03:52:55.980 W/WifiHW  (   81): wifi_command: GET_NETWORK 1 pcsc
01-01 03:52:55.980 W/WifiHW  (   81): wifi_command: GET_NETWORK 2 ssid
01-01 03:52:55.980 W/WifiHW  (   81): wifi_command: GET_NETWORK 2 bssid
01-01 03:52:55.980 W/WifiHW  (   81): wifi_command: GET_NETWORK 2 psk
01-01 03:52:55.980 W/WifiHW  (   81): wifi_command: GET_NETWORK 2 wep_key0
01-01 03:52:55.980 W/WifiHW  (   81): wifi_command: GET_NETWORK 2 wep_key1
01-01 03:52:55.980 W/WifiHW  (   81): wifi_command: GET_NETWORK 2 wep_key2
01-01 03:52:55.980 W/WifiHW  (   81): wifi_command: GET_NETWORK 2 wep_key3
01-01 03:52:55.980 W/WifiHW  (   81): wifi_command: GET_NETWORK 2 wep_tx_keyidx
01-01 03:52:55.980 W/WifiHW  (   81): wifi_command: GET_NETWORK 2 priority
01-01 03:52:55.980 W/WifiHW  (   81): wifi_command: GET_NETWORK 2 key_mgmt
01-01 03:52:55.980 W/WifiHW  (   81): wifi_command: GET_NETWORK 2 scan_ssid
01-01 03:52:55.980 W/WifiHW  (   81): wifi_command: GET_NETWORK 2 disabled
01-01 03:52:55.990 W/WifiHW  (   81): wifi_command: GET_NETWORK 2 identity
01-01 03:52:55.990 W/WifiHW  (   81): wifi_command: GET_NETWORK 2 password
01-01 03:52:56.000 W/WifiHW  (   81): wifi_command: GET_NETWORK 2 auth_alg
01-01 03:52:56.000 W/WifiHW  (   81): wifi_command: GET_NETWORK 2 phase1
01-01 03:52:56.000 W/WifiHW  (   81): wifi_command: GET_NETWORK 2 phase2
01-01 03:52:56.000 W/WifiHW  (   81): wifi_command: GET_NETWORK 2 eap
01-01 03:52:56.000 W/WifiHW  (   81): wifi_command: GET_NETWORK 2 pin
01-01 03:52:56.000 W/WifiHW  (   81): wifi_command: GET_NETWORK 2 pcsc
01-01 03:52:56.000 W/WifiHW  (   81): wifi_command: GET_NETWORK 3 ssid
01-01 03:52:56.000 W/WifiHW  (   81): wifi_command: GET_NETWORK 3 bssid
01-01 03:52:56.000 W/WifiHW  (   81): wifi_command: GET_NETWORK 3 psk
01-01 03:52:56.000 W/WifiHW  (   81): wifi_command: GET_NETWORK 3 wep_key0
01-01 03:52:56.000 W/WifiHW  (   81): wifi_command: GET_NETWORK 3 wep_key1
01-01 03:52:56.000 W/WifiHW  (   81): wifi_command: GET_NETWORK 3 wep_key2
01-01 03:52:56.000 W/WifiHW  (   81): wifi_command: GET_NETWORK 3 wep_key3
01-01 03:52:56.000 W/WifiHW  (   81): wifi_command: GET_NETWORK 3 wep_tx_keyidx
01-01 03:52:56.010 W/WifiHW  (   81): wifi_command: GET_NETWORK 3 priority
01-01 03:52:56.010 W/WifiHW  (   81): wifi_command: GET_NETWORK 3 key_mgmt
01-01 03:52:56.010 W/WifiHW  (   81): wifi_command: GET_NETWORK 3 scan_ssid
01-01 03:52:56.010 W/WifiHW  (   81): wifi_command: GET_NETWORK 3 disabled
01-01 03:52:56.010 W/WifiHW  (   81): wifi_command: GET_NETWORK 3 identity
01-01 03:52:56.010 W/WifiHW  (   81): wifi_command: GET_NETWORK 3 password
01-01 03:52:56.010 W/WifiHW  (   81): wifi_command: GET_NETWORK 3 auth_alg
01-01 03:52:56.010 W/WifiHW  (   81): wifi_command: GET_NETWORK 3 phase1
01-01 03:52:56.010 W/WifiHW  (   81): wifi_command: GET_NETWORK 3 phase2
01-01 03:52:56.010 W/WifiHW  (   81): wifi_command: GET_NETWORK 3 eap
01-01 03:52:56.010 W/WifiHW  (   81): wifi_command: GET_NETWORK 3 pin
01-01 03:52:56.010 W/WifiHW  (   81): wifi_command: GET_NETWORK 3 pcsc
01-01 03:52:56.060 W/WifiHW  (   81): wifi_command: ENABLE_NETWORK 0
01-01 03:52:56.060 W/WifiHW  (   81): wifi_command: ENABLE_NETWORK 1
01-01 03:52:56.060 W/WifiHW  (   81): wifi_command: ENABLE_NETWORK 2
01-01 03:52:56.060 W/WifiHW  (   81): wifi_command: ENABLE_NETWORK 3
01-01 03:52:56.060 W/WifiHW  (   81): wifi_command: AP_SCAN 1
01-01 03:52:56.080 W/WifiHW  (   81): wifi_command: SAVE_CONFIG
01-01 03:52:56.180 I/Gecko   (   81): 1325407976188	Marionette	INFO	sendToClient: {"from":"0","value":true}, {c3b24cb9-de2b-4615-a434-91e4cfbd7b01}, {c3b24cb9-de2b-4615-a434-91e4cfbd7b01}
01-01 03:52:56.450 I/FMRadio (   81): FMRadio is initialized.
01-01 03:52:56.540 E/GeckoConsole(   81): Content JS ERROR at app://system.gaiamobile.org/js/telephony_settings.js:23 in set_vpm_error: Error setting voice privacy.
01-01 03:52:56.540 E/GeckoConsole(   81): Content JS ERROR at app://system.gaiamobile.org/js/telephony_settings.js:23 in set_vpm_error: Error setting voice privacy.
01-01 03:52:56.730 E/GeckoConsole(   81): Content JS ERROR at app://system.gaiamobile.org/js/telephony_settings.js:42 in set_vpm_error: Error roaming preference.
01-01 03:52:56.730 E/GeckoConsole(   81): Content JS ERROR at app://system.gaiamobile.org/js/telephony_settings.js:42 in set_vpm_error: Error roaming preference.
01-01 03:52:56.970 I/Gecko:ProcessPriorityManager(   81): [Homescreen, child-id=2, pid=377] Changing priority from MASTER:CPU_NORMAL to FOREGROUND:CPU_NORMAL.
01-01 03:52:56.970 I/Gonk    (   81): Setting nice for pid 377 to 1
01-01 03:52:56.980 I/Gonk    (   81): Changed nice for pid 377 from 0 to 1.
01-01 03:52:56.980 I/Gecko:ProcessPriorityManager(   81): Making background LRU pool with size(3)
01-01 03:52:56.980 I/Gecko:ProcessPriorityManager(   81): KillBackgroundApps
01-01 03:52:56.980 I/Gecko   (   81): [Parent 81] WARNING: waitpid failed pid:377 errno:10: file /var/lib/jenkins/jobs/B2G.v1.3.0.Tarako/workspace/gecko/ipc/chromium/src/base/process_util_posix.cc, line 254
01-01 03:52:57.240 E/[Gralloc-ERROR](   81): int gralloc_register_buffer(const gralloc_module_t*, const native_handle_t*):79 Unable to register handle 0x44a7e150 coming from different process: 81
01-01 03:52:57.250 E/[Gralloc-ERROR](   81): int gralloc_register_buffer(const gralloc_module_t*, const native_handle_t*):79 Unable to register handle 0x44a7e1f0 coming from different process: 81
01-01 03:52:57.340 E/[Gralloc-ERROR](   81): int gralloc_register_buffer(const gralloc_module_t*, const native_handle_t*):79 Unable to register handle 0x44a7e470 coming from different process: 81
01-01 03:52:57.340 E/[Gralloc-ERROR](   81): int gralloc_register_buffer(const gralloc_module_t*, const native_handle_t*):79 Unable to register handle 0x44a7e510 coming from different process: 81
01-01 03:52:57.650 I/GeckoDump(   81): XXX FIXME : Got a mozContentEvent: inputmethod-update-layouts
01-01 03:52:57.720 I/Gecko   (   81): ############################### browserElementPanning.js loaded
01-01 03:52:57.790 I/Gecko   (   81): ######################## BrowserElementChildPreload.js loaded
01-01 03:52:57.930 I/GeckoDump(   81): XXX FIXME : Got a mozContentEvent: inputmethod-update-layouts
01-01 03:52:58.390 E/GeckoConsole(   81): [JavaScript Warning: "Error in parsing value for 'font-weight'.  Declaration dropped." {file: "app://keyboard.gaiamobile.org/style/keyboard.css" line: 132 column: 15 source: "  font-weight: medium;"}]
01-01 03:52:58.840 I/Gecko   (   81): 1325407978849	Marionette	INFO	sendToClient: {"from":"0","ok":true}, {29af80bf-bbcd-44a0-8ba2-f49e1e38c134}, {29af80bf-bbcd-44a0-8ba2-f49e1e38c134}
01-01 03:52:58.860 I/Gecko   (   81): 1325407978871	Marionette	DEBUG	Got request: switchToFrame, data: {"to":"0","sessionId":"3-b2g","name":"switchToFrame","parameters":{"id":null,"focus":true}}, id: {ea4a6eee-b255-4e76-9674-446794a276d4}
01-01 03:52:58.870 I/Gecko   (   81): 1325407978883	Marionette	INFO	Switched to frame: {"frameValue":null}
01-01 03:52:58.950 W/WifiHW  (   81): wifi_command: SCAN_RESULTS
01-01 03:52:58.970 W/WifiHW  (   81): wifi_command: DRIVER SCAN-PASSIVE
01-01 03:52:58.990 I/Gecko   (  377): ###################################### forms.js loaded
01-01 03:52:59.030 I/Gecko   (   81): 1325407979043	Marionette	INFO	sendToClient: {"from":"0","ok":true}, {ea4a6eee-b255-4e76-9674-446794a276d4}, {ea4a6eee-b255-4e76-9674-446794a276d4}
01-01 03:52:59.100 I/Gecko   (  377): ############################### browserElementPanning.js loaded
01-01 03:52:59.210 I/Gecko   (   81): 1325407979218	Marionette	DEBUG	Got request: executeWithCallback, data: {"to":"0","sessionId":"3-b2g","name":"executeAsyncScript","parameters":{"specialPowers":false,"scriptTimeout":null,"newSandbox":true,"args":[],"filename":"gaia_test.py","script":"GaiaLockScreen.unlock()","line":810}}, id: {1cf3eb85-1410-40f8-aee4-171a2fc7ef8e}
01-01 03:52:59.610 I/Gecko   (   81): 1325407979615	Marionette	INFO	sendToClient: {"from":"0","value":{"passed":0,"failed":0,"failures":[]}}, {1cf3eb85-1410-40f8-aee4-171a2fc7ef8e}, {1cf3eb85-1410-40f8-aee4-171a2fc7ef8e}
01-01 03:52:59.910 E/Profiler(   81): BPUnw: [1 total] thread_unregister_for_profiling(me=0x1ee1038)  (NOT REGISTERED) 
01-01 03:53:00.050 I/Gecko   (  377): ######################## BrowserElementChildPreload.js loaded
01-01 03:53:00.200 E/[Gralloc-ERROR](   81): int gralloc_register_buffer(const gralloc_module_t*, const native_handle_t*):79 Unable to register handle 0x45f2d380 coming from different process: 81
01-01 03:53:00.200 E/[Gralloc-ERROR](   81): int gralloc_register_buffer(const gralloc_module_t*, const native_handle_t*):79 Unable to register handle 0x45f39790 coming from different process: 81
01-01 03:53:00.240 E/[Gralloc-ERROR](   81): int gralloc_register_buffer(const gralloc_module_t*, const native_handle_t*):79 Unable to register handle 0x45f39a10 coming from different process: 81
01-01 03:53:00.240 E/[Gralloc-ERROR](   81): int gralloc_register_buffer(const gralloc_module_t*, const native_handle_t*):79 Unable to register handle 0x45f39b50 coming from different process: 81
01-01 03:53:00.250 E/[Gralloc-ERROR](   81): int gralloc_register_buffer(const gralloc_module_t*, const native_handle_t*):79 Unable to register handle 0x45f39c40 coming from different process: 81
01-01 03:53:00.250 E/[Gralloc-ERROR](   81): int gralloc_register_buffer(const gralloc_module_t*, const native_handle_t*):79 Unable to register handle 0x45f6edd0 coming from different process: 81
01-01 03:53:00.440 E/[Gralloc-ERROR](   81): int gralloc_unregister_buffer(const gralloc_module_t*, const native_handle_t*):274 Trying to unregister buffer 0x44a7e510 from process 81 that was not created in current process: 81
01-01 03:53:00.440 E/[Gralloc-ERROR](   81): int gralloc_unregister_buffer(const gralloc_module_t*, const native_handle_t*):274 Trying to unregister buffer 0x44a7e470 from process 81 that was not created in current process: 81
01-01 03:53:00.490 I/GeckoDump(   81): XXX FIXME : Got a mozContentEvent: nfc-hardware-state-change
01-01 03:53:00.510 I/GeckoDump(   81): XXX FIXME : Got a mozContentEvent: nfc-hardware-state-change
01-01 03:53:00.630 I/Gecko   (   81): 1325407980637	Marionette	INFO	sendToClient: {"from":"0","ok":true}, {69b314b2-6605-4d8e-a834-dd418713d9e2}, {69b314b2-6605-4d8e-a834-dd418713d9e2}
01-01 03:53:00.640 E/[Gralloc-ERROR](   81): int gralloc_unregister_buffer(const gralloc_module_t*, const native_handle_t*):274 Trying to unregister buffer 0x45f39790 from process 81 that was not created in current process: 81
01-01 03:53:00.640 E/[Gralloc-ERROR](   81): int gralloc_unregister_buffer(const gralloc_module_t*, const native_handle_t*):274 Trying to unregister buffer 0x45f2d380 from process 81 that was not created in current process: 81
01-01 03:53:00.640 E/[Gralloc-ERROR](   81): int gralloc_unregister_buffer(const gralloc_module_t*, const native_handle_t*):274 Trying to unregister buffer 0x45f39b50 from process 81 that was not created in current process: 81
01-01 03:53:00.640 E/[Gralloc-ERROR](   81): int gralloc_unregister_buffer(const gralloc_module_t*, const native_handle_t*):274 Trying to unregister buffer 0x45f39a10 from process 81 that was not created in current process: 81
01-01 03:53:00.650 E/[Gralloc-ERROR](   81): int gralloc_unregister_buffer(const gralloc_module_t*, const native_handle_t*):274 Trying to unregister buffer 0x45f6edd0 from process 81 that was not created in current process: 81
01-01 03:53:00.650 E/[Gralloc-ERROR](   81): int gralloc_unregister_buffer(const gralloc_module_t*, const native_handle_t*):274 Trying to unregister buffer 0x45f39c40 from process 81 that was not created in current process: 81
01-01 03:53:00.670 I/Gecko   (   81): 1325407980675	Marionette	DEBUG	Got request: switchToFrame, data: {"to":"0","sessionId":"3-b2g","name":"switchToFrame","parameters":{"id":null,"focus":true}}, id: {53dde527-9260-4044-8bfe-04fba5b68f27}
01-01 03:53:00.680 I/Gecko   (   81): 1325407980689	Marionette	INFO	Switched to frame: {"frameValue":null}
01-01 03:53:00.780 I/Gecko   (   81): 1325407980791	Marionette	INFO	sendToClient: {"from":"0","ok":true}, {53dde527-9260-4044-8bfe-04fba5b68f27}, {53dde527-9260-4044-8bfe-04fba5b68f27}
01-01 03:53:00.790 I/Gecko   (   81): 1325407980798	Marionette	DEBUG	Got request: executeWithCallback, data: {"to":"0","sessionId":"3-b2g","name":"executeAsyncScript","parameters":{"specialPowers":false,"scriptTimeout":60000,"newSandbox":true,"args":[],"filename":"app_checker.py","script":"\n        GaiaApps.locateWithManifestURL('http://floating-dusk-6551.herokuapp.com/manifest.webapp',\n                                       null,\n                                       function uninstall(app) {\n                                       navigator.mozApps.mgmt.uninstall(app);\n                                       marionetteScriptFinished(true);\n                                       });\n        ","line":129}}, id: {cd035635-f217-4c12-a25e-5406a71bdec1}
01-01 03:53:00.830 I/Gecko   (   81): 1325407980838	Marionette	INFO	sendToClient: {"from":"0","error":{"message":"TypeError: app is null","status":17,"stacktrace":"execute_async_script @app_checker.py, line 129\ninline javascript, line 221\nsrc: \"      appName = app.manifest.name;\""}}, {cd035635-f217-4c12-a25e-5406a71bdec1}, {cd035635-f217-4c12-a25e-5406a71bdec1}