--------- beginning of /dev/log/system
01-01 08:26:20.690 I/Vold    (   75): Vold 2.1 (the revenge) firing up
01-01 08:26:20.760 D/Vold    (   75): Volume sdcard state changing -1 (Initializing) -> 0 (No-Media)
01-01 08:26:20.780 D/Vold    (   75): Volume sdcard state changing 0 (No-Media) -> 2 (Pending)
01-01 08:26:20.800 D/Vold    (   75): Volume sdcard state changing 2 (Pending) -> 1 (Idle-Unmounted)
01-01 08:26:25.870 D/VoldCmdListener(   75): volume list
01-01 08:26:25.880 D/VoldCmdListener(   75): volume mount sdcard
01-01 08:26:25.880 I/Vold    (   75): /dev/block/vold/179:1 being considered for volume sdcard
01-01 08:26:25.880 D/Vold    (   75): Volume sdcard state changing 1 (Idle-Unmounted) -> 3 (Checking)
01-01 08:26:25.880 W/Vold    (   75): Skipping fs checks
01-01 08:26:25.930 I/Vold    (   75): Device /dev/block/vold/179:1, target /mnt/sdcard mounted @ /mnt/secure/staging
01-01 08:26:25.930 D/Vold    (   75): Volume sdcard state changing 3 (Checking) -> 4 (Mounted)
--------- beginning of /dev/log/main
01-01 08:26:37.780 D/SPRDENG (  157): 30
01-01 08:26:37.780 D/SPRDENG (  157): 35
01-01 08:26:37.780 D/SPRDENG (  157): 30
01-01 08:26:37.780 D/SPRDENG (  157): 30
01-01 08:26:37.780 D/SPRDENG (  157): 32
01-01 08:26:37.780 D/SPRDENG (  157): 32
01-01 08:26:37.780 D/SPRDENG (  157): 30
01-01 08:26:37.780 D/SPRDENG (  157): 30
01-01 08:26:37.780 D/SPRDENG (  157): 30
01-01 08:26:37.780 D/SPRDENG (  157): 35
01-01 08:26:37.780 D/SPRDENG (  157): 30
01-01 08:26:37.780 D/SPRDENG (  157): 30
01-01 08:26:37.780 D/SPRDENG (  157): 32
01-01 08:26:37.780 D/SPRDENG (  157): 32
01-01 08:26:37.780 D/SPRDENG (  157): 34
01-01 08:26:37.780 D/SPRDENG (  157): 30
01-01 08:26:37.780 D/SPRDENG (  157): 30
01-01 08:26:37.780 D/SPRDENG (  157): 35
01-01 08:26:37.780 D/SPRDENG (  157): 30
01-01 08:26:37.780 D/SPRDENG (  157): 30
01-01 08:26:37.780 D/SPRDENG (  157): 32
01-01 08:26:37.780 D/SPRDENG (  157): 32
01-01 08:26:37.780 D/SPRDENG (  157): 38
01-01 08:26:37.780 D/SPRDENG (  157): 30
01-01 08:26:37.780 D/SPRDENG (  157): 30
01-01 08:26:37.780 D/SPRDENG (  157): 35
01-01 08:26:37.780 D/SPRDENG (  157): 30
01-01 08:26:37.780 D/SPRDENG (  157): 30
01-01 08:26:37.780 D/SPRDENG (  157): 32
01-01 08:26:37.780 D/SPRDENG (  157): 33
01-01 08:26:37.780 D/SPRDENG (  157): 64
01-01 08:26:37.780 D/SPRDENG (  157): 30
01-01 08:26:37.780 D/SPRDENG (  157): 30
01-01 08:26:37.780 D/SPRDENG (  157): 35
01-01 08:26:37.780 D/SPRDENG (  157): 30
01-01 08:26:37.780 D/SPRDENG (  157): 30
01-01 08:26:37.780 D/SPRDENG (  157): 32
01-01 08:26:37.780 D/SPRDENG (  157): 32
01-01 08:26:37.780 D/SPRDENG (  157): 30
01-01 08:26:37.780 D/SPRDENG (  157): 30
01-01 08:26:37.780 D/SPRDENG (  157): 30
01-01 08:26:37.780 D/SPRDENG (  157): 35
01-01 08:26:37.780 D/SPRDENG (  157): 30
01-01 08:26:37.780 D/SPRDENG (  157): 30
01-01 08:26:37.780 D/SPRDENG (  157): 32
01-01 08:26:37.780 D/SPRDENG (  157): 32
01-01 08:26:37.780 D/SPRDENG (  157): 34
01-01 08:26:37.780 D/SPRDENG (  157): 30
01-01 08:26:37.780 D/SPRDENG (  157): 30
01-01 08:26:37.780 D/SPRDENG (  157): 35
01-01 08:26:37.780 D/SPRDENG (  157): 30
01-01 08:26:37.780 D/SPRDENG (  157): 30
01-01 08:26:37.780 D/SPRDENG (  157): 32
01-01 08:26:37.780 D/SPRDENG (  157): 32
01-01 08:26:37.780 D/SPRDENG (  157): 38
01-01 08:26:37.780 D/SPRDENG (  157): 30
01-01 08:26:37.780 D/SPRDENG (  157): 30
01-01 08:26:37.780 D/SPRDENG (  157): 35
01-01 08:26:37.780 D/SPRDENG (  157): 30
01-01 08:26:37.780 D/SPRDENG (  157): 30
01-01 08:26:37.780 D/SPRDENG (  157): 32
01-01 08:26:37.780 D/SPRDENG (  157): 31
01-01 08:26:37.780 D/SPRDENG (  157): 63
01-01 08:26:37.780 D/SPRDENG (  157): 31
01-01 08:26:37.780 D/SPRDENG (  157): 63
01-01 08:26:37.780 D/SPRDENG (  157): 30
01-01 08:26:37.780 D/SPRDENG (  157): 30
01-01 08:26:37.780 D/SPRDENG (  157): 30
01-01 08:26:37.780 D/SPRDENG (  157): 30
01-01 08:26:37.780 D/SPRDENG (  157): 31
01-01 08:26:37.780 D/SPRDENG (  157): 63
01-01 08:26:37.780 D/SPRDENG (  157): 31
01-01 08:26:37.780 D/SPRDENG (  157): 63
01-01 08:26:37.780 D/SPRDENG (  157): 30
01-01 08:26:37.780 D/SPRDENG (  157): 30
01-01 08:26:37.780 D/SPRDENG (  157): 30
01-01 08:26:37.780 D/SPRDENG (  157): 30
01-01 08:26:37.780 D/SPRDENG (  157): 34
01-01 08:26:37.780 D/SPRDENG (  157): 30
01-01 08:26:37.780 D/SPRDENG (  157): 30
01-01 08:26:37.780 D/SPRDENG (  157): 32
01-01 08:26:37.780 D/SPRDENG (  157): 30
01-01 08:26:37.780 D/SPRDENG (  157): 30
01-01 08:26:37.780 D/SPRDENG (  157): 30
01-01 08:26:37.780 D/SPRDENG (  157): 30
01-01 08:26:37.780 D/SPRDENG (  157): 30
01-01 08:26:37.780 D/SPRDENG (  157): 30
01-01 08:26:37.780 D/SPRDENG (  157): 30
01-01 08:26:37.780 D/SPRDENG (  157): 30
01-01 08:26:37.780 D/SPRDENG (  157): 30
01-01 08:26:37.780 D/SPRDENG (  157): 30
01-01 08:26:37.780 D/SPRDENG (  157): 30
01-01 08:26:37.780 D/SPRDENG (  157): 30
01-01 08:26:37.780 D/SPRDENG (  157): 30
01-01 08:26:37.780 D/SPRDENG (  157): 30
01-01 08:26:37.780 D/SPRDENG (  157): 30
01-01 08:26:37.780 D/SPRDENG (  157): 30
01-01 08:26:37.780 D/SPRDENG (  157): 30
01-01 08:26:37.780 D/SPRDENG (  157): 30
01-01 08:26:37.780 D/SPRDENG (  157): 30
01-01 08:26:37.780 D/SPRDENG (  157): 30
01-01 08:26:37.780 D/SPRDENG (  157): 30
01-01 08:26:37.780 D/SPRDENG (  157): 30
01-01 08:26:37.780 D/SPRDENG (  157): 30
01-01 08:26:37.780 D/SPRDENG (  157): 30
01-01 08:26:37.780 D/SPRDENG (  157): 30
01-01 08:26:37.780 D/SPRDENG (  157): 30
01-01 08:26:37.780 D/SPRDENG (  157): 30
01-01 08:26:37.780 D/SPRDENG (  157): 30
01-01 08:26:37.780 D/SPRDENG (  157): 30
01-01 08:26:37.780 D/SPRDENG (  157): 30
01-01 08:26:37.780 D/SPRDENG (  157): 30
01-01 08:26:37.780 D/SPRDENG (  157): 30
01-01 08:26:37.780 D/SPRDENG (  157): 30
01-01 08:26:37.780 D/SPRDENG (  157): 30
01-01 08:26:37.780 D/SPRDENG (  157): 30
01-01 08:26:37.780 D/SPRDENG (  157): 30
01-01 08:26:37.780 D/SPRDENG (  157): 30
01-01 08:26:37.780 D/SPRDENG (  157): 30
01-01 08:26:37.780 D/SPRDENG (  157): 30
01-01 08:26:37.780 D/SPRDENG (  157): 30
01-01 08:26:37.780 D/SPRDENG (  157): 30
01-01 08:26:37.780 D/SPRDENG (  157): 30
01-01 08:26:37.780 D/SPRDENG (  157): 30
01-01 08:26:37.780 D/SPRDENG (  157): 30
01-01 08:26:37.780 D/SPRDENG (  157): 30
01-01 08:26:37.780 D/SPRDENG (  157): 30
01-01 08:26:37.780 D/SPRDENG (  157): 30
01-01 08:26:37.780 D/SPRDENG (  157): 30
01-01 08:26:37.780 D/SPRDENG (  157): 30
01-01 08:26:37.780 D/SPRDENG (  157): 30
01-01 08:26:37.780 D/SPRDENG (  157): 30
01-01 08:26:37.780 D/SPRDENG (  157): 30
01-01 08:26:37.780 D/SPRDENG (  157): 30
01-01 08:26:37.780 D/SPRDENG (  157): 30
01-01 08:26:37.780 D/SPRDENG (  157): 30
01-01 08:26:37.780 D/SPRDENG (  157): 30
01-01 08:26:37.780 D/SPRDENG (  157): 30
01-01 08:26:37.780 D/SPRDENG (  157): 30
01-01 08:26:37.780 D/SPRDENG (  157): 30
01-01 08:26:37.780 D/SPRDENG (  157): 30
01-01 08:26:37.780 D/SPRDENG (  157): 30
01-01 08:26:37.780 D/SPRDENG (  157): 30
01-01 08:26:37.780 D/SPRDENG (  157): 30
01-01 08:26:37.780 D/SPRDENG (  157): 30
01-01 08:26:37.780 D/SPRDENG (  157): 30
01-01 08:26:37.780 D/SPRDENG (  157): 30
01-01 08:26:37.780 D/SPRDENG (  157): 30
01-01 08:26:37.780 D/SPRDENG (  157): 30
01-01 08:26:37.780 D/SPRDENG (  157): 30
01-01 08:26:37.780 D/SPRDENG (  157): 30
01-01 08:26:37.780 D/SPRDENG (  157): 30
01-01 08:26:37.780 D/SPRDENG (  157): 30
01-01 08:26:37.780 D/SPRDENG (  157): 30
01-01 08:26:37.780 D/SPRDENG (  157): 30
01-01 08:26:37.780 D/SPRDENG (  157): 30
01-01 08:26:37.780 D/SPRDENG (  157): 30
01-01 08:26:37.780 D/SPRDENG (  157): 30
01-01 08:26:37.780 D/SPRDENG (  157): 30
01-01 08:26:37.780 D/SPRDENG (  157): 30
01-01 08:26:37.780 D/SPRDENG (  157): 30
01-01 08:26:37.780 D/SPRDENG (  157): 30
01-01 08:26:37.780 D/SPRDENG (  157): 30
01-01 08:26:37.780 D/SPRDENG (  157): 30
01-01 08:26:37.780 D/SPRDENG (  157): 30
01-01 08:26:37.780 D/SPRDENG (  157): 30
01-01 08:26:37.780 D/SPRDENG (  157): 30
01-01 08:26:37.780 D/SPRDENG (  157): 30
01-01 08:26:37.780 D/SPRDENG (  157): 30
01-01 08:26:37.780 D/SPRDENG (  157): 30
01-01 08:26:37.780 D/SPRDENG (  157): 30
01-01 08:26:37.780 D/SPRDENG (  157): 30
01-01 08:26:37.780 D/SPRDENG (  157): 30
01-01 08:26:37.780 D/SPRDENG (  157): 30
01-01 08:26:37.780 D/SPRDENG (  157): 30
01-01 08:26:37.780 D/SPRDENG (  157): 30
01-01 08:26:37.780 D/SPRDENG (  157): 30
01-01 08:26:37.780 D/SPRDENG (  157): 30
01-01 08:26:37.780 D/SPRDENG (  157): 30
01-01 08:26:37.780 D/SPRDENG (  157): 30
01-01 08:26:37.780 D/SPRDENG (  157): 30
01-01 08:26:37.780 D/SPRDENG (  157): 30
01-01 08:26:37.780 D/SPRDENG (  157): 30
01-01 08:26:37.780 D/SPRDENG (  157): 30
01-01 08:26:37.780 D/SPRDENG (  157): 30
01-01 08:26:37.780 D/SPRDENG (  157): 30
01-01 08:26:37.780 D/SPRDENG (  157): 30
01-01 08:26:37.780 D/SPRDENG (  157): 30
01-01 08:26:37.780 D/SPRDENG (  157): 30
01-01 08:26:37.780 D/SPRDENG (  157): 30
01-01 08:26:37.780 D/SPRDENG (  157): 30
01-01 08:26:37.780 D/SPRDENG (  157): 30
01-01 08:26:37.780 D/SPRDENG (  157): 30
01-01 08:26:37.780 D/SPRDENG (  157): 30
01-01 08:26:37.780 D/SPRDENG (  157): 30
01-01 08:26:37.780 D/SPRDENG (  157): 30
01-01 08:26:37.780 D/SPRDENG (  157): 30
01-01 08:26:37.780 D/SPRDENG (  157): 30
01-01 08:26:37.780 D/SPRDENG (  157): 30
01-01 08:26:37.780 D/SPRDENG (  157): 30
01-01 08:26:37.780 D/SPRDENG (  157): 30
01-01 08:26:37.780 D/SPRDENG (  157): 30
01-01 08:26:37.780 D/SPRDENG (  157): 30
01-01 08:26:37.780 D/SPRDENG (  157): 30
01-01 08:26:37.780 D/SPRDENG (  157): 30
01-01 08:26:37.780 D/SPRDENG (  157): 62
01-01 08:26:37.780 D/SPRDENG (  157): 62
01-01 08:26:37.780 D/SPRDENG (  157): 62
01-01 08:26:37.780 D/SPRDENG (  157): 65
01-01 08:26:37.780 D/SPRDENG (  157): 63
01-01 08:26:37.780 D/SPRDENG (  157): 32
01-01 08:26:37.780 D/SPRDENG (  157): 63
01-01 08:26:37.780 D/SPRDENG (  157): 36
01-01 08:26:37.780 D/SPRDENG (  157): 31
01-01 08:26:37.780 D/SPRDENG (  157): 61
01-01 08:26:37.780 D/SPRDENG (  157): 32
01-01 08:26:37.780 D/SPRDENG (  157): 33
01-01 08:26:37.780 D/SPRDENG (  157): 31
01-01 08:26:37.780 D/SPRDENG (  157): 63
01-01 08:26:37.780 D/SPRDENG (  157): 32
01-01 08:26:37.780 D/SPRDENG (  157): 33
01-01 08:26:37.780 D/SPRDENG (  157): 30
01-01 08:26:37.780 D/SPRDENG (  157): 30
01-01 08:26:37.780 D/SPRDENG (  157): 30
01-01 08:26:37.780 D/SPRDENG (  157): 30
01-01 08:26:37.780 D/SPRDENG (  157): 30
01-01 08:26:37.780 D/SPRDENG (  157): 30
01-01 08:26:37.780 D/SPRDENG (  157): 30
01-01 08:26:37.780 D/SPRDENG (  157): 30
01-01 08:26:37.780 D/SPRDENG (  157): 30
01-01 08:26:37.780 D/SPRDENG (  157): 30
01-01 08:26:37.780 D/SPRDENG (  157): 30
01-01 08:26:37.780 D/SPRDENG (  157): 30
01-01 08:26:37.780 D/SPRDENG (  157): 30
01-01 08:26:37.780 D/SPRDENG (  157): 30
01-01 08:26:37.780 D/SPRDENG (  157): 30
01-01 08:26:37.780 D/SPRDENG (  157): 30
01-01 08:26:37.780 D/SPRDENG (  157): 31
01-01 08:26:37.780 D/SPRDENG (  157): 61
01-01 08:26:37.780 D/SPRDENG (  157): 32
01-01 08:26:37.780 D/SPRDENG (  157): 33
01-01 08:26:37.780 D/SPRDENG (  157): 31
01-01 08:26:37.780 D/SPRDENG (  157): 63
01-01 08:26:37.780 D/SPRDENG (  157): 32
01-01 08:26:37.780 D/SPRDENG (  157): 33
01-01 08:26:37.780 D/SPRDENG (  157): 30
01-01 08:26:37.780 D/SPRDENG (  157): 30
01-01 08:26:37.780 D/SPRDENG (  157): 30
01-01 08:26:37.780 D/SPRDENG (  157): 30
01-01 08:26:37.780 D/SPRDENG (  157): 30
01-01 08:26:37.780 D/SPRDENG (  157): 30
01-01 08:26:37.780 D/SPRDENG (  157): 30
01-01 08:26:37.780 D/SPRDENG (  157): 30
01-01 08:26:37.780 D/SPRDENG (  157): 30
01-01 08:26:37.780 D/SPRDENG (  157): 30
01-01 08:26:37.780 D/SPRDENG (  157): 30
01-01 08:26:37.780 D/SPRDENG (  157): 30
01-01 08:26:37.780 D/SPRDENG (  157): 30
01-01 08:26:37.780 D/SPRDENG (  157): 30
01-01 08:26:37.780 D/SPRDENG (  157): 30
01-01 08:26:37.780 D/SPRDENG (  157): 30
01-01 08:26:37.780 D/SPRDENG (  157): 31
01-01 08:26:37.780 D/SPRDENG (  157): 62
01-01 08:26:37.780 D/SPRDENG (  157): 32
01-01 08:26:37.780 D/SPRDENG (  157): 33
01-01 08:26:37.780 D/SPRDENG (  157): 31
01-01 08:26:37.780 D/SPRDENG (  157): 63
01-01 08:26:37.780 D/SPRDENG (  157): 32
01-01 08:26:37.780 D/SPRDENG (  157): 33
01-01 08:26:37.780 D/SPRDENG (  157): 30
01-01 08:26:37.780 D/SPRDENG (  157): 30
01-01 08:26:37.780 D/SPRDENG (  157): 30
01-01 08:26:37.780 D/SPRDENG (  157): 30
01-01 08:26:37.780 D/SPRDENG (  157): 30
01-01 08:26:37.780 D/SPRDENG (  157): 30
01-01 08:26:37.780 D/SPRDENG (  157): 30
01-01 08:26:37.780 D/SPRDENG (  157): 30
01-01 08:26:37.780 D/SPRDENG (  157): 30
01-01 08:26:37.780 D/SPRDENG (  157): 30
01-01 08:26:37.780 D/SPRDENG (  157): 30
01-01 08:26:37.780 D/SPRDENG (  157): 30
01-01 08:26:37.780 D/SPRDENG (  157): 30
01-01 08:26:37.780 D/SPRDENG (  157): 30
01-01 08:26:37.780 D/SPRDENG (  157): 30
01-01 08:26:37.780 D/SPRDENG (  157): 30
01-01 08:26:37.780 D/SPRDENG (  157): 31
01-01 08:26:37.780 D/SPRDENG (  157): 62
01-01 08:26:37.780 D/SPRDENG (  157): 32
01-01 08:26:37.780 D/SPRDENG (  157): 33
01-01 08:26:37.780 D/SPRDENG (  157): 31
01-01 08:26:37.780 D/SPRDENG (  157): 63
01-01 08:26:37.780 D/SPRDENG (  157): 32
01-01 08:26:37.780 D/SPRDENG (  157): 33
01-01 08:26:37.780 D/SPRDENG (  157): 30
01-01 08:26:37.780 D/SPRDENG (  157): 30
01-01 08:26:37.780 D/SPRDENG (  157): 30
01-01 08:26:37.780 D/SPRDENG (  157): 30
01-01 08:26:37.780 D/SPRDENG (  157): 30
01-01 08:26:37.780 D/SPRDENG (  157): 30
01-01 08:26:37.780 D/SPRDENG (  157): 30
01-01 08:26:37.780 D/SPRDENG (  157): 30
01-01 08:26:37.780 D/SPRDENG (  157): 30
01-01 08:26:37.780 D/SPRDENG (  157): 30
01-01 08:26:37.780 D/SPRDENG (  157): 30
01-01 08:26:37.780 D/SPRDENG (  157): 30
01-01 08:26:37.780 D/SPRDENG (  157): 30
01-01 08:26:37.780 D/SPRDENG (  157): 30
01-01 08:26:37.780 D/SPRDENG (  157): 30
01-01 08:26:37.780 D/SPRDENG (  157): 30
01-01 08:26:37.780 D/SPRDENG (  157): 31
01-01 08:26:37.780 D/SPRDENG (  157): 62
01-01 08:26:37.780 D/SPRDENG (  157): 32
01-01 08:26:37.780 D/SPRDENG (  157): 33
01-01 08:26:37.780 D/SPRDENG (  157): 31
01-01 08:26:37.780 D/SPRDENG (  157): 63
01-01 08:26:37.780 D/SPRDENG (  157): 32
01-01 08:26:37.780 D/SPRDENG (  157): 33
01-01 08:26:37.780 D/SPRDENG (  157): 30
01-01 08:26:37.780 D/SPRDENG (  157): 30
01-01 08:26:37.780 D/SPRDENG (  157): 30
01-01 08:26:37.780 D/SPRDENG (  157): 30
01-01 08:26:37.780 D/SPRDENG (  157): 30
01-01 08:26:37.780 D/SPRDENG (  157): 30
01-01 08:26:37.780 D/SPRDENG (  157): 30
01-01 08:26:37.780 D/SPRDENG (  157): 30
01-01 08:26:37.780 D/SPRDENG (  157): 30
01-01 08:26:37.780 D/SPRDENG (  157): 30
01-01 08:26:37.780 D/SPRDENG (  157): 30
01-01 08:26:37.780 D/SPRDENG (  157): 30
01-01 08:26:37.780 D/SPRDENG (  157): 30
01-01 08:26:37.780 D/SPRDENG (  157): 30
01-01 08:26:37.780 D/SPRDENG (  157): 30
01-01 08:26:37.780 D/SPRDENG (  157): 30
01-01 08:26:37.780 D/SPRDENG (  157): 30
01-01 08:26:37.780 D/SPRDENG (  157): 30
01-01 08:26:37.780 D/SPRDENG (  157): 30
01-01 08:26:37.780 D/SPRDENG (  157): 30
01-01 08:26:37.780 D/SPRDENG (  157): 30
01-01 08:26:37.780 D/SPRDENG (  157): 30
01-01 08:26:37.780 D/SPRDENG (  157): 30
01-01 08:26:37.780 D/SPRDENG (  157): 30
01-01 08:26:37.780 D/SPRDENG (  157): 30
01-01 08:26:37.780 D/SPRDENG (  157): 30
01-01 08:26:37.780 D/SPRDENG (  157): 30
01-01 08:26:37.780 D/SPRDENG (  157): 30
01-01 08:26:37.780 D/SPRDENG (  157): 30
01-01 08:26:37.780 D/SPRDENG (  157): 30
01-01 08:26:37.780 D/SPRDENG (  157): 30
01-01 08:26:37.780 D/SPRDENG (  157): 30
01-01 08:26:37.780 D/SPRDENG (  157): 30
01-01 08:26:37.780 D/SPRDENG (  157): 30
01-01 08:26:37.780 D/SPRDENG (  157): 30
01-01 08:26:37.780 D/SPRDENG (  157): 30
01-01 08:26:37.780 D/SPRDENG (  157): 30
01-01 08:26:37.780 D/SPRDENG (  157): 30
01-01 08:26:37.780 D/SPRDENG (  157): 30
01-01 08:26:37.780 D/SPRDENG (  157): 30
01-01 08:26:37.780 D/SPRDENG (  157): 32
01-01 08:26:37.780 D/SPRDENG (  157): 63
01-01 08:26:37.780 D/SPRDENG (  157): 30
01-01 08:26:37.780 D/SPRDENG (  157): 30
01-01 08:26:37.780 D/SPRDENG (  157): 30
01-01 08:26:37.780 D/SPRDENG (  157): 30
01-01 08:26:37.780 D/SPRDENG (  157): 30
01-01 08:26:37.780 D/SPRDENG (  157): 30
01-01 08:26:37.780 D/SPRDENG (  157): 1a
01-01 08:26:37.790 D/SPRDENG (  157): eng_modem2server: use SIM1 /dev/CHNPTY13
01-01 08:26:37.790 D/SPRDENG (  157): AT < 
01-01 08:26:37.790 D/SPRDENG (  157): OK
01-01 08:26:37.790 D/SPRDENG (  157): 
01-01 08:26:37.790 E/        (  100): nvcal_recv_from_modem: Receive 1 Modem Response
01-01 08:26:37.790 E/        (  100): write_rf_nvconf_cmd: wifi recv_num =6, response=[
01-01 08:26:37.790 E/        (  100): OK
01-01 08:26:37.790 E/        (  100): ]
01-01 08:26:37.890 E/eng_rf_nv_update(  100): [set_rf_nvconf]: NV updated OK!
01-01 08:26:37.890 E/eng_rf_nv_update(  100): [save_rf_nv_to_bak_file] NV data save to bake file OK
01-01 08:26:37.890 E/eng_rf_nv_update(  100): [eng_rf_nv_update]: end eng rf nv update!
01-01 08:26:37.890 I/logwrapper(   80): /system/bin/eng_rf_nv_update terminated by exit(0)
01-01 08:26:38.050 I/power   (   81): *** set_screen_state 1
01-01 08:26:38.050 D/Sensors (   81): activate handle=3; drv=1
01-01 08:26:38.050 D/Sensors (   81): SensorTMD2771::setEnable=0= en=1; newState=1; what=0; mEnabled=0
01-01 08:26:38.160 D/Sensors (   81): taos ---Light::TAOS_IOCTL_ALS_ON=== err=0
01-01 08:26:38.160 D/Sensors (   81): SensorTMD2771::setEnable=1= en=1; newState=1; what=0; mEnabled=1
01-01 08:26:38.160 D/Sensors (   81): SensorTMD2771::getEnable===mEnabled=0x1; enable=1
01-01 08:26:38.180 I/GeckoDump(   81): XXX FIXME : Got a mozContentEvent: nfc-hardware-state-change
01-01 08:26:38.210 I/GeckoDump(   81): XXX FIXME : Got a mozContentEvent: system-message-listener-ready
01-01 08:26:38.260 I/Gecko:ProcessPriorityManager(   81): [(Preallocated), child-id=2, pid=385] Creating ParticularProcessPriorityManager.
01-01 08:26:38.260 I/Gecko:ProcessPriorityManager(   81): [(Preallocated), child-id=2, pid=385] Done starting up.  mHoldsCPUWakeLock=0, mHoldsHighPriorityWakeLock=0
01-01 08:26:38.260 I/Gecko:ProcessPriorityManager(   81): [(Preallocated), child-id=2, pid=385] Changing priority from UNKNOWN:CPU_NORMAL to MASTER:CPU_NORMAL.
01-01 08:26:38.260 I/Gonk    (   81): Setting nice for pid 385 to 0
01-01 08:26:38.260 I/Gonk    (   81): Changed nice for pid 385 from 0 to 0.
01-01 08:26:38.650 D/Sensors (   81): SensorTMD2771::readEvents()======data_fd=53,count=16
01-01 08:26:38.650 D/Sensors (   81): SensorTMD2771::processEvent()=====code=40::value=1 
01-01 08:26:38.650 D/Sensors (   81): SensorTMD2771: mPendingEvents[Light].light = 1.000000
01-01 08:26:38.910 I/Gecko   (   81): 1325424398923	Marionette	INFO	loaded marionette-listener.js
01-01 08:26:38.920 I/Gecko   (   81): 1325424398925	Marionette	INFO	sendToClient: {"from":"0","value":"3-b2g"}, {9b7f078f-4d88-47d9-b764-49a20f2bcafc}, {9b7f078f-4d88-47d9-b764-49a20f2bcafc}
01-01 08:26:39.070 E/GeckoConsole(   81): [JavaScript Error: "TypeError: widgetFrame is undefined" {file: "app://system.gaiamobile.org/js/cost_control.js" line: 119}]
01-01 08:26:39.440 I/Gecko   (   81): 1325424399444	Marionette	INFO	sendToClient: {"from":"0","value":{"ELEMENT":"{876deba5-2d91-4343-94fb-700f86b5b255}"}}, {bad76dd6-8942-4927-b930-a8a9b9fc9dc8}, {bad76dd6-8942-4927-b930-a8a9b9fc9dc8}
01-01 08:26:39.520 I/Gecko   (   81): 1325424399527	Marionette	INFO	sendToClient: {"from":"0","value":false}, {05eaedff-a687-4cb0-9cbe-54612bd4cff8}, {05eaedff-a687-4cb0-9cbe-54612bd4cff8}
01-01 08:26:39.730 I/Gecko   (   81): 1325424399741	Marionette	INFO	sendToClient: {"from":"0","value":{"ELEMENT":"{876deba5-2d91-4343-94fb-700f86b5b255}"}}, {8698b4b0-849f-451d-b43e-5b4253666fec}, {8698b4b0-849f-451d-b43e-5b4253666fec}
01-01 08:26:39.800 I/Gecko   (   81): 1325424399807	Marionette	INFO	sendToClient: {"from":"0","value":false}, {517eab9e-27ed-43dd-b198-425549febb8d}, {517eab9e-27ed-43dd-b198-425549febb8d}
01-01 08:26:39.950 I/Gecko   (   81): 1325424399957	Marionette	INFO	sendToClient: {"from":"0","value":{"ELEMENT":"{876deba5-2d91-4343-94fb-700f86b5b255}"}}, {1e8e63bb-5652-4a72-a31c-00f38557f063}, {1e8e63bb-5652-4a72-a31c-00f38557f063}
01-01 08:26:39.990 I/Gecko   (   81): 1325424399999	Marionette	INFO	sendToClient: {"from":"0","value":false}, {81acd4a3-56be-4c44-8118-1453ed5bda7b}, {81acd4a3-56be-4c44-8118-1453ed5bda7b}
01-01 08:26:40.010 E/WifiHW  (   81): Leo ensure_config_file_exists config_file=/data/misc/wifi/wpa_supplicant.conf
01-01 08:26:40.020 E/WifiHW  (   81): daemon_cmd=wpa_supplicant:-iwlan0 -c/data/misc/wifi/wpa_supplicant.conf
01-01 08:26:40.230 I/GeckoDump(   81): XXX FIXME : Got a mozContentEvent: accessibility-screenreader
01-01 08:26:40.340 I/GeckoDump(   81): XXX FIXME : Got a mozContentEvent: nfc-hardware-state-change
01-01 08:26:40.980 W/WifiHW  (   81): wifi_command: LOG_LEVEL
01-01 08:26:40.980 W/WifiHW  (   81): wifi_command: STATUS
01-01 08:26:41.030 W/WifiHW  (   81): wifi_command: LIST_NETWORKS
01-01 08:26:41.040 W/WifiHW  (   81): wifi_command: DRIVER MACADDR
01-01 08:26:41.040 I/Gecko   (   81): 1325424401050	Marionette	INFO	sendToClient: {"from":"0","value":{"ELEMENT":"{876deba5-2d91-4343-94fb-700f86b5b255}"}}, {2357e703-c88c-457e-b530-7d85c0e0df88}, {2357e703-c88c-457e-b530-7d85c0e0df88}
01-01 08:26:41.060 W/WifiHW  (   81): wifi_command: GET_NETWORK 0 ssid
01-01 08:26:41.060 W/WifiHW  (   81): wifi_command: GET_NETWORK 0 bssid
01-01 08:26:41.070 W/WifiHW  (   81): wifi_command: GET_NETWORK 0 psk
01-01 08:26:41.070 W/WifiHW  (   81): wifi_command: GET_NETWORK 0 wep_key0
01-01 08:26:41.070 W/WifiHW  (   81): wifi_command: GET_NETWORK 0 wep_key1
01-01 08:26:41.070 W/WifiHW  (   81): wifi_command: GET_NETWORK 0 wep_key2
01-01 08:26:41.070 W/WifiHW  (   81): wifi_command: GET_NETWORK 0 wep_key3
01-01 08:26:41.070 W/WifiHW  (   81): wifi_command: GET_NETWORK 0 wep_tx_keyidx
01-01 08:26:41.070 W/WifiHW  (   81): wifi_command: GET_NETWORK 0 priority
01-01 08:26:41.070 W/WifiHW  (   81): wifi_command: GET_NETWORK 0 key_mgmt
01-01 08:26:41.070 W/WifiHW  (   81): wifi_command: GET_NETWORK 0 scan_ssid
01-01 08:26:41.070 W/WifiHW  (   81): wifi_command: GET_NETWORK 0 disabled
01-01 08:26:41.070 W/WifiHW  (   81): wifi_command: GET_NETWORK 0 identity
01-01 08:26:41.070 W/WifiHW  (   81): wifi_command: GET_NETWORK 0 password
01-01 08:26:41.070 W/WifiHW  (   81): wifi_command: GET_NETWORK 0 auth_alg
01-01 08:26:41.070 W/WifiHW  (   81): wifi_command: GET_NETWORK 0 phase1
01-01 08:26:41.070 W/WifiHW  (   81): wifi_command: GET_NETWORK 0 phase2
01-01 08:26:41.080 W/WifiHW  (   81): wifi_command: GET_NETWORK 0 eap
01-01 08:26:41.080 W/WifiHW  (   81): wifi_command: GET_NETWORK 0 pin
01-01 08:26:41.090 W/WifiHW  (   81): wifi_command: GET_NETWORK 0 pcsc
01-01 08:26:41.090 W/WifiHW  (   81): wifi_command: GET_NETWORK 1 ssid
01-01 08:26:41.090 W/WifiHW  (   81): wifi_command: GET_NETWORK 1 bssid
01-01 08:26:41.090 W/WifiHW  (   81): wifi_command: GET_NETWORK 1 psk
01-01 08:26:41.090 W/WifiHW  (   81): wifi_command: GET_NETWORK 1 wep_key0
01-01 08:26:41.090 W/WifiHW  (   81): wifi_command: GET_NETWORK 1 wep_key1
01-01 08:26:41.090 W/WifiHW  (   81): wifi_command: GET_NETWORK 1 wep_key2
01-01 08:26:41.090 W/WifiHW  (   81): wifi_command: GET_NETWORK 1 wep_key3
01-01 08:26:41.090 W/WifiHW  (   81): wifi_command: GET_NETWORK 1 wep_tx_keyidx
01-01 08:26:41.090 W/WifiHW  (   81): wifi_command: GET_NETWORK 1 priority
01-01 08:26:41.090 W/WifiHW  (   81): wifi_command: GET_NETWORK 1 key_mgmt
01-01 08:26:41.090 W/WifiHW  (   81): wifi_command: GET_NETWORK 1 scan_ssid
01-01 08:26:41.090 W/WifiHW  (   81): wifi_command: GET_NETWORK 1 disabled
01-01 08:26:41.100 W/WifiHW  (   81): wifi_command: GET_NETWORK 1 identity
01-01 08:26:41.100 W/WifiHW  (   81): wifi_command: GET_NETWORK 1 password
01-01 08:26:41.100 W/WifiHW  (   81): wifi_command: GET_NETWORK 1 auth_alg
01-01 08:26:41.100 W/WifiHW  (   81): wifi_command: GET_NETWORK 1 phase1
01-01 08:26:41.100 W/WifiHW  (   81): wifi_command: GET_NETWORK 1 phase2
01-01 08:26:41.100 W/WifiHW  (   81): wifi_command: GET_NETWORK 1 eap
01-01 08:26:41.100 W/WifiHW  (   81): wifi_command: GET_NETWORK 1 pin
01-01 08:26:41.100 W/WifiHW  (   81): wifi_command: GET_NETWORK 1 pcsc
01-01 08:26:41.100 W/WifiHW  (   81): wifi_command: GET_NETWORK 2 ssid
01-01 08:26:41.100 W/WifiHW  (   81): wifi_command: GET_NETWORK 2 bssid
01-01 08:26:41.100 W/WifiHW  (   81): wifi_command: GET_NETWORK 2 psk
01-01 08:26:41.100 W/WifiHW  (   81): wifi_command: GET_NETWORK 2 wep_key0
01-01 08:26:41.100 W/WifiHW  (   81): wifi_command: GET_NETWORK 2 wep_key1
01-01 08:26:41.100 W/WifiHW  (   81): wifi_command: GET_NETWORK 2 wep_key2
01-01 08:26:41.110 W/WifiHW  (   81): wifi_command: GET_NETWORK 2 wep_key3
01-01 08:26:41.110 W/WifiHW  (   81): wifi_command: GET_NETWORK 2 wep_tx_keyidx
01-01 08:26:41.110 W/WifiHW  (   81): wifi_command: GET_NETWORK 2 priority
01-01 08:26:41.120 W/WifiHW  (   81): wifi_command: GET_NETWORK 2 key_mgmt
01-01 08:26:41.120 W/WifiHW  (   81): wifi_command: GET_NETWORK 2 scan_ssid
01-01 08:26:41.120 W/WifiHW  (   81): wifi_command: GET_NETWORK 2 disabled
01-01 08:26:41.120 W/WifiHW  (   81): wifi_command: GET_NETWORK 2 identity
01-01 08:26:41.120 W/WifiHW  (   81): wifi_command: GET_NETWORK 2 password
01-01 08:26:41.120 W/WifiHW  (   81): wifi_command: GET_NETWORK 2 auth_alg
01-01 08:26:41.120 W/WifiHW  (   81): wifi_command: GET_NETWORK 2 phase1
01-01 08:26:41.120 W/WifiHW  (   81): wifi_command: GET_NETWORK 2 phase2
01-01 08:26:41.120 W/WifiHW  (   81): wifi_command: GET_NETWORK 2 eap
01-01 08:26:41.120 W/WifiHW  (   81): wifi_command: GET_NETWORK 2 pin
01-01 08:26:41.120 W/WifiHW  (   81): wifi_command: GET_NETWORK 2 pcsc
01-01 08:26:41.120 W/WifiHW  (   81): wifi_command: GET_NETWORK 3 ssid
01-01 08:26:41.120 W/WifiHW  (   81): wifi_command: GET_NETWORK 3 bssid
01-01 08:26:41.130 W/WifiHW  (   81): wifi_command: GET_NETWORK 3 psk
01-01 08:26:41.130 W/WifiHW  (   81): wifi_command: GET_NETWORK 3 wep_key0
01-01 08:26:41.130 W/WifiHW  (   81): wifi_command: GET_NETWORK 3 wep_key1
01-01 08:26:41.130 W/WifiHW  (   81): wifi_command: GET_NETWORK 3 wep_key2
01-01 08:26:41.130 W/WifiHW  (   81): wifi_command: GET_NETWORK 3 wep_key3
01-01 08:26:41.130 W/WifiHW  (   81): wifi_command: GET_NETWORK 3 wep_tx_keyidx
01-01 08:26:41.130 W/WifiHW  (   81): wifi_command: GET_NETWORK 3 priority
01-01 08:26:41.130 W/WifiHW  (   81): wifi_command: GET_NETWORK 3 key_mgmt
01-01 08:26:41.130 W/WifiHW  (   81): wifi_command: GET_NETWORK 3 scan_ssid
01-01 08:26:41.130 W/WifiHW  (   81): wifi_command: GET_NETWORK 3 disabled
01-01 08:26:41.130 W/WifiHW  (   81): wifi_command: GET_NETWORK 3 identity
01-01 08:26:41.130 W/WifiHW  (   81): wifi_command: GET_NETWORK 3 password
01-01 08:26:41.130 W/WifiHW  (   81): wifi_command: GET_NETWORK 3 auth_alg
01-01 08:26:41.140 W/WifiHW  (   81): wifi_command: GET_NETWORK 3 phase1
01-01 08:26:41.140 W/WifiHW  (   81): wifi_command: GET_NETWORK 3 phase2
01-01 08:26:41.140 W/WifiHW  (   81): wifi_command: GET_NETWORK 3 eap
01-01 08:26:41.150 W/WifiHW  (   81): wifi_command: GET_NETWORK 3 pin
01-01 08:26:41.150 W/WifiHW  (   81): wifi_command: GET_NETWORK 3 pcsc
01-01 08:26:41.190 W/WifiHW  (   81): wifi_command: ENABLE_NETWORK 0
01-01 08:26:41.190 W/WifiHW  (   81): wifi_command: ENABLE_NETWORK 1
01-01 08:26:41.190 W/WifiHW  (   81): wifi_command: ENABLE_NETWORK 2
01-01 08:26:41.190 W/WifiHW  (   81): wifi_command: ENABLE_NETWORK 3
01-01 08:26:41.190 W/WifiHW  (   81): wifi_command: AP_SCAN 1
01-01 08:26:41.240 W/WifiHW  (   81): wifi_command: SAVE_CONFIG
01-01 08:26:41.410 I/Gecko   (   81): 1325424401421	Marionette	INFO	sendToClient: {"from":"0","value":true}, {06528516-ff81-482f-a93c-ac9f46d5ba1f}, {06528516-ff81-482f-a93c-ac9f46d5ba1f}
01-01 08:26:41.600 I/FMRadio (   81): FMRadio is initialized.
01-01 08:26:41.700 E/GeckoConsole(   81): Content JS ERROR at app://system.gaiamobile.org/js/telephony_settings.js:23 in set_vpm_error: Error setting voice privacy.
01-01 08:26:41.700 E/GeckoConsole(   81): Content JS ERROR at app://system.gaiamobile.org/js/telephony_settings.js:23 in set_vpm_error: Error setting voice privacy.
01-01 08:26:41.840 E/GeckoConsole(   81): Content JS ERROR at app://system.gaiamobile.org/js/telephony_settings.js:42 in set_vpm_error: Error roaming preference.
01-01 08:26:41.850 E/GeckoConsole(   81): Content JS ERROR at app://system.gaiamobile.org/js/telephony_settings.js:42 in set_vpm_error: Error roaming preference.
01-01 08:26:42.150 I/Gecko:ProcessPriorityManager(   81): [Homescreen, child-id=2, pid=385] Changing priority from MASTER:CPU_NORMAL to FOREGROUND:CPU_NORMAL.
01-01 08:26:42.150 I/Gonk    (   81): Setting nice for pid 385 to 1
01-01 08:26:42.150 I/Gonk    (   81): Changed nice for pid 385 from 0 to 1.
01-01 08:26:42.150 I/Gecko:ProcessPriorityManager(   81): Making background LRU pool with size(3)
01-01 08:26:42.150 I/Gecko:ProcessPriorityManager(   81): KillBackgroundApps
01-01 08:26:42.150 I/Gecko   (   81): [Parent 81] WARNING: waitpid failed pid:385 errno:10: file /var/lib/jenkins/jobs/B2G.v1.3.0.Tarako/workspace/gecko/ipc/chromium/src/base/process_util_posix.cc, line 254
01-01 08:26:42.350 E/[Gralloc-ERROR](   81): int gralloc_register_buffer(const gralloc_module_t*, const native_handle_t*):79 Unable to register handle 0x478455b0 coming from different process: 81
01-01 08:26:42.350 E/[Gralloc-ERROR](   81): int gralloc_register_buffer(const gralloc_module_t*, const native_handle_t*):79 Unable to register handle 0x478456a0 coming from different process: 81
01-01 08:26:42.460 E/[Gralloc-ERROR](   81): int gralloc_register_buffer(const gralloc_module_t*, const native_handle_t*):79 Unable to register handle 0x47845bf0 coming from different process: 81
01-01 08:26:42.460 E/[Gralloc-ERROR](   81): int gralloc_register_buffer(const gralloc_module_t*, const native_handle_t*):79 Unable to register handle 0x47845d80 coming from different process: 81
01-01 08:26:42.720 I/GeckoDump(   81): XXX FIXME : Got a mozContentEvent: inputmethod-update-layouts
01-01 08:26:42.810 I/Gecko   (   81): ############################### browserElementPanning.js loaded
01-01 08:26:42.900 I/Gecko   (   81): ######################## BrowserElementChildPreload.js loaded
01-01 08:26:43.010 I/GeckoDump(   81): XXX FIXME : Got a mozContentEvent: inputmethod-update-layouts
01-01 08:26:43.510 E/GeckoConsole(   81): [JavaScript Warning: "Error in parsing value for 'font-weight'.  Declaration dropped." {file: "app://keyboard.gaiamobile.org/style/keyboard.css" line: 132 column: 15 source: "  font-weight: medium;"}]
01-01 08:26:44.350 I/Gecko   (   81): 1325424404360	Marionette	INFO	sendToClient: {"from":"0","ok":true}, {43fa3f87-288e-4d42-959a-1c4e98964ffd}, {43fa3f87-288e-4d42-959a-1c4e98964ffd}
01-01 08:26:44.430 I/Gecko   (  385): ###################################### forms.js loaded
01-01 08:26:44.430 I/Gecko   (   81): 1325424404440	Marionette	DEBUG	Got request: switchToFrame, data: {"to":"0","sessionId":"3-b2g","name":"switchToFrame","parameters":{"id":null,"focus":true}}, id: {f2851074-ad5d-46dd-9a39-7bf679fd21fd}
01-01 08:26:44.450 I/Gecko   (   81): 1325424404458	Marionette	INFO	Switched to frame: {"frameValue":null}
01-01 08:26:44.620 I/Gecko   (  385): ############################### browserElementPanning.js loaded
01-01 08:26:44.640 I/Gecko   (   81): 1325424404644	Marionette	INFO	sendToClient: {"from":"0","ok":true}, {f2851074-ad5d-46dd-9a39-7bf679fd21fd}, {f2851074-ad5d-46dd-9a39-7bf679fd21fd}
01-01 08:26:44.760 I/Gecko   (   81): 1325424404768	Marionette	DEBUG	Got request: executeWithCallback, data: {"to":"0","sessionId":"3-b2g","name":"executeAsyncScript","parameters":{"specialPowers":false,"scriptTimeout":null,"newSandbox":true,"args":[],"filename":"gaia_test.py","script":"GaiaLockScreen.unlock()","line":810}}, id: {b9ca45d2-ed2d-4694-80c5-3620af31230c}
01-01 08:26:44.780 W/WifiHW  (   81): wifi_command: SCAN_RESULTS
01-01 08:26:44.920 E/Profiler(   81): BPUnw: [1 total] thread_unregister_for_profiling(me=0xc683f8)  (NOT REGISTERED) 
01-01 08:26:45.110 W/WifiHW  (   81): wifi_command: DRIVER SCAN-PASSIVE
01-01 08:26:45.460 I/Gecko   (  385): ######################## BrowserElementChildPreload.js loaded
01-01 08:26:45.640 I/Gecko   (   81): 1325424405648	Marionette	INFO	sendToClient: {"from":"0","value":{"passed":0,"failed":0,"failures":[]}}, {b9ca45d2-ed2d-4694-80c5-3620af31230c}, {b9ca45d2-ed2d-4694-80c5-3620af31230c}
01-01 08:26:46.000 W/WifiHW  (   81): wifi_command: GET_NETWORK 3 ssid
01-01 08:26:46.330 W/WifiHW  (   81): wifi_command: GET_NETWORK 3 bssid
01-01 08:26:46.330 W/WifiHW  (   81): wifi_command: GET_NETWORK 3 psk
01-01 08:26:46.330 W/WifiHW  (   81): wifi_command: GET_NETWORK 3 wep_key0
01-01 08:26:46.340 W/WifiHW  (   81): wifi_command: GET_NETWORK 3 wep_key1
01-01 08:26:46.340 W/WifiHW  (   81): wifi_command: GET_NETWORK 3 wep_key2
01-01 08:26:46.350 W/WifiHW  (   81): wifi_command: GET_NETWORK 3 wep_key3
01-01 08:26:46.360 W/WifiHW  (   81): wifi_command: GET_NETWORK 3 wep_tx_keyidx
01-01 08:26:46.360 W/WifiHW  (   81): wifi_command: GET_NETWORK 3 priority
01-01 08:26:46.360 W/WifiHW  (   81): wifi_command: GET_NETWORK 3 key_mgmt
01-01 08:26:46.360 W/WifiHW  (   81): wifi_command: GET_NETWORK 3 scan_ssid
01-01 08:26:46.360 W/WifiHW  (   81): wifi_command: GET_NETWORK 3 disabled
01-01 08:26:46.360 W/WifiHW  (   81): wifi_command: GET_NETWORK 3 identity
01-01 08:26:46.370 W/WifiHW  (   81): wifi_command: GET_NETWORK 3 password
01-01 08:26:46.370 W/WifiHW  (   81): wifi_command: GET_NETWORK 3 auth_alg
01-01 08:26:46.370 W/WifiHW  (   81): wifi_command: GET_NETWORK 3 phase1
01-01 08:26:46.370 W/WifiHW  (   81): wifi_command: GET_NETWORK 3 phase2
01-01 08:26:46.370 W/WifiHW  (   81): wifi_command: GET_NETWORK 3 eap
01-01 08:26:46.370 W/WifiHW  (   81): wifi_command: GET_NETWORK 3 pin
01-01 08:26:46.370 W/WifiHW  (   81): wifi_command: GET_NETWORK 3 pcsc
01-01 08:26:46.530 I/GeckoDump(   81): XXX FIXME : Got a mozContentEvent: nfc-hardware-state-change
01-01 08:26:46.540 I/GeckoDump(   81): XXX FIXME : Got a mozContentEvent: nfc-hardware-state-change
01-01 08:26:46.820 E/[Gralloc-ERROR](   81): int gralloc_unregister_buffer(const gralloc_module_t*, const native_handle_t*):274 Trying to unregister buffer 0x47845d80 from process 81 that was not created in current process: 81
01-01 08:26:46.820 E/[Gralloc-ERROR](   81): int gralloc_unregister_buffer(const gralloc_module_t*, const native_handle_t*):274 Trying to unregister buffer 0x47845bf0 from process 81 that was not created in current process: 81
01-01 08:26:46.880 W/WifiHW  (   81): wifi_command: SIGNAL_POLL
01-01 08:26:46.880 W/WifiHW  (   81): wifi_command: GET_NETWORK 3 ssid
01-01 08:26:46.880 W/WifiHW  (   81): wifi_command: GET_NETWORK 3 bssid
01-01 08:26:46.880 W/WifiHW  (   81): wifi_command: GET_NETWORK 3 psk
01-01 08:26:46.880 W/WifiHW  (   81): wifi_command: GET_NETWORK 3 wep_key0
01-01 08:26:46.890 W/WifiHW  (   81): wifi_command: GET_NETWORK 3 wep_key1
01-01 08:26:46.890 W/WifiHW  (   81): wifi_command: GET_NETWORK 3 wep_key2
01-01 08:26:46.890 W/WifiHW  (   81): wifi_command: GET_NETWORK 3 wep_key3
01-01 08:26:46.890 W/WifiHW  (   81): wifi_command: GET_NETWORK 3 wep_tx_keyidx
01-01 08:26:46.890 W/WifiHW  (   81): wifi_command: GET_NETWORK 3 priority
01-01 08:26:46.890 W/WifiHW  (   81): wifi_command: GET_NETWORK 3 key_mgmt
01-01 08:26:46.900 W/WifiHW  (   81): wifi_command: GET_NETWORK 3 scan_ssid
01-01 08:26:46.900 W/WifiHW  (   81): wifi_command: GET_NETWORK 3 disabled
01-01 08:26:46.900 W/WifiHW  (   81): wifi_command: GET_NETWORK 3 identity
01-01 08:26:46.900 W/WifiHW  (   81): wifi_command: GET_NETWORK 3 password
01-01 08:26:46.900 W/WifiHW  (   81): wifi_command: GET_NETWORK 3 auth_alg
01-01 08:26:46.900 W/WifiHW  (   81): wifi_command: GET_NETWORK 3 phase1
01-01 08:26:46.900 W/WifiHW  (   81): wifi_command: GET_NETWORK 3 phase2
01-01 08:26:46.900 W/WifiHW  (   81): wifi_command: GET_NETWORK 3 eap
01-01 08:26:46.900 W/WifiHW  (   81): wifi_command: GET_NETWORK 3 pin
01-01 08:26:46.900 W/WifiHW  (   81): wifi_command: GET_NETWORK 3 pcsc
01-01 08:26:46.930 I/Gecko   (   81): 1325424406943	Marionette	INFO	sendToClient: {"from":"0","ok":true}, {611c41b6-8d5f-4ac2-a032-d9a6852b6304}, {611c41b6-8d5f-4ac2-a032-d9a6852b6304}
01-01 08:26:47.370 I/Gecko:ProcessPriorityManager(   81): [(Preallocated), child-id=3, pid=418] Creating ParticularProcessPriorityManager.
01-01 08:26:47.370 I/Gecko:ProcessPriorityManager(   81): [(Preallocated), child-id=3, pid=418] Done starting up.  mHoldsCPUWakeLock=0, mHoldsHighPriorityWakeLock=0
01-01 08:26:47.370 I/Gecko:ProcessPriorityManager(   81): [(Preallocated), child-id=3, pid=418] Changing priority from UNKNOWN:CPU_NORMAL to MASTER:CPU_NORMAL.
01-01 08:26:47.370 I/Gonk    (   81): Setting nice for pid 418 to 0
01-01 08:26:47.370 I/Gonk    (   81): Changed nice for pid 418 from 0 to 0.
01-01 08:26:47.370 I/Gecko:ProcessPriorityManager(   81): [Homescreen, child-id=2, pid=385] Changing priority from FOREGROUND:CPU_NORMAL to FOREGROUND:CPU_LOW.
01-01 08:26:47.370 I/Gonk    (   81): Setting nice for pid 385 to 18
01-01 08:26:47.370 I/Gonk    (   81): Changed nice for pid 385 from 1 to 18.
01-01 08:26:47.370 I/Gecko:ProcessPriorityManager(   81): KillBackgroundApps
01-01 08:26:47.410 I/Gecko   (   81): 1325424407415	Marionette	DEBUG	Got request: switchToFrame, data: {"to":"0","sessionId":"3-b2g","name":"switchToFrame","parameters":{"id":null,"focus":true}}, id: {80f525aa-a82c-40ca-bac0-d309c901c078}
01-01 08:26:47.480 I/Gecko   (   81): 1325424407493	Marionette	INFO	Switched to frame: {"frameValue":null}
01-01 08:26:47.630 I/Gecko   (   81): 1325424407636	Marionette	INFO	sendToClient: {"from":"0","ok":true}, {80f525aa-a82c-40ca-bac0-d309c901c078}, {80f525aa-a82c-40ca-bac0-d309c901c078}
01-01 08:26:47.800 I/Gecko   (   81): 1325424407811	Marionette	DEBUG	Got request: executeWithCallback, data: {"to":"0","sessionId":"3-b2g","name":"executeAsyncScript","parameters":{"specialPowers":false,"scriptTimeout":60000,"newSandbox":true,"args":[],"filename":"app_checker.py","script":"\n        GaiaApps.locateWithManifestURL('https://marketplace.firefox.com/app/269b28fc-748a-427e-b325-99fb7be01f3e/manifest.webapp',\n                                       null,\n                                       function uninstall(app) {\n                                       navigator.mozApps.mgmt.uninstall(app);\n                                       marionetteScriptFinished(true);\n                                       });\n        ","line":129}}, id: {b3448b01-b59e-4582-a52d-d91e3b88f135}
01-01 08:26:47.890 I/Gecko   (   81): 1325424407885	Marionette	INFO	sendToClient: {"from":"0","error":{"message":"TypeError: app is null","status":17,"stacktrace":"execute_async_script @app_checker.py, line 129\ninline javascript, line 221\nsrc: \"      appName = app.manifest.name;\""}}, {b3448b01-b59e-4582-a52d-d91e3b88f135}, {b3448b01-b59e-4582-a52d-d91e3b88f135}