--------- beginning of /dev/log/system
12-31 23:03:13.410 I/Vold    (   75): Vold 2.1 (the revenge) firing up
12-31 23:03:13.410 D/Vold    (   75): Volume sdcard state changing -1 (Initializing) -> 0 (No-Media)
12-31 23:03:13.470 D/Vold    (   75): Volume sdcard state changing 0 (No-Media) -> 2 (Pending)
12-31 23:03:13.510 D/Vold    (   75): Volume sdcard state changing 2 (Pending) -> 1 (Idle-Unmounted)
12-31 23:03:18.560 D/VoldCmdListener(   75): volume list
12-31 23:03:18.570 D/VoldCmdListener(   75): volume mount sdcard
12-31 23:03:18.570 I/Vold    (   75): /dev/block/vold/179:1 being considered for volume sdcard
12-31 23:03:18.570 D/Vold    (   75): Volume sdcard state changing 1 (Idle-Unmounted) -> 3 (Checking)
12-31 23:03:18.570 W/Vold    (   75): Skipping fs checks
12-31 23:03:18.620 I/Vold    (   75): Device /dev/block/vold/179:1, target /mnt/sdcard mounted @ /mnt/secure/staging
12-31 23:03:18.620 D/Vold    (   75): Volume sdcard state changing 3 (Checking) -> 4 (Mounted)
--------- beginning of /dev/log/main
12-31 23:03:30.070 D/SPRDENG (  169): 30
12-31 23:03:30.070 D/SPRDENG (  169): 30
12-31 23:03:30.070 D/SPRDENG (  169): 30
12-31 23:03:30.070 D/SPRDENG (  169): 30
12-31 23:03:30.070 D/SPRDENG (  169): 34
12-31 23:03:30.070 D/SPRDENG (  169): 30
12-31 23:03:30.070 D/SPRDENG (  169): 30
12-31 23:03:30.070 D/SPRDENG (  169): 32
12-31 23:03:30.070 D/SPRDENG (  169): 30
12-31 23:03:30.070 D/SPRDENG (  169): 30
12-31 23:03:30.070 D/SPRDENG (  169): 30
12-31 23:03:30.070 D/SPRDENG (  169): 30
12-31 23:03:30.070 D/SPRDENG (  169): 30
12-31 23:03:30.070 D/SPRDENG (  169): 30
12-31 23:03:30.070 D/SPRDENG (  169): 30
12-31 23:03:30.070 D/SPRDENG (  169): 30
12-31 23:03:30.070 D/SPRDENG (  169): 30
12-31 23:03:30.070 D/SPRDENG (  169): 30
12-31 23:03:30.070 D/SPRDENG (  169): 30
12-31 23:03:30.070 D/SPRDENG (  169): 30
12-31 23:03:30.070 D/SPRDENG (  169): 30
12-31 23:03:30.070 D/SPRDENG (  169): 30
12-31 23:03:30.070 D/SPRDENG (  169): 30
12-31 23:03:30.070 D/SPRDENG (  169): 30
12-31 23:03:30.070 D/SPRDENG (  169): 30
12-31 23:03:30.070 D/SPRDENG (  169): 30
12-31 23:03:30.070 D/SPRDENG (  169): 30
12-31 23:03:30.070 D/SPRDENG (  169): 30
12-31 23:03:30.070 D/SPRDENG (  169): 30
12-31 23:03:30.070 D/SPRDENG (  169): 30
12-31 23:03:30.070 D/SPRDENG (  169): 30
12-31 23:03:30.070 D/SPRDENG (  169): 30
12-31 23:03:30.070 D/SPRDENG (  169): 30
12-31 23:03:30.070 D/SPRDENG (  169): 30
12-31 23:03:30.070 D/SPRDENG (  169): 30
12-31 23:03:30.070 D/SPRDENG (  169): 30
12-31 23:03:30.070 D/SPRDENG (  169): 30
12-31 23:03:30.070 D/SPRDENG (  169): 30
12-31 23:03:30.070 D/SPRDENG (  169): 30
12-31 23:03:30.070 D/SPRDENG (  169): 30
12-31 23:03:30.070 D/SPRDENG (  169): 30
12-31 23:03:30.070 D/SPRDENG (  169): 30
12-31 23:03:30.070 D/SPRDENG (  169): 30
12-31 23:03:30.070 D/SPRDENG (  169): 30
12-31 23:03:30.070 D/SPRDENG (  169): 30
12-31 23:03:30.070 D/SPRDENG (  169): 30
12-31 23:03:30.070 D/SPRDENG (  169): 30
12-31 23:03:30.070 D/SPRDENG (  169): 30
12-31 23:03:30.070 D/SPRDENG (  169): 30
12-31 23:03:30.070 D/SPRDENG (  169): 30
12-31 23:03:30.070 D/SPRDENG (  169): 30
12-31 23:03:30.070 D/SPRDENG (  169): 30
12-31 23:03:30.070 D/SPRDENG (  169): 30
12-31 23:03:30.070 D/SPRDENG (  169): 30
12-31 23:03:30.070 D/SPRDENG (  169): 30
12-31 23:03:30.070 D/SPRDENG (  169): 30
12-31 23:03:30.070 D/SPRDENG (  169): 30
12-31 23:03:30.070 D/SPRDENG (  169): 30
12-31 23:03:30.070 D/SPRDENG (  169): 30
12-31 23:03:30.070 D/SPRDENG (  169): 30
12-31 23:03:30.070 D/SPRDENG (  169): 30
12-31 23:03:30.070 D/SPRDENG (  169): 30
12-31 23:03:30.070 D/SPRDENG (  169): 30
12-31 23:03:30.070 D/SPRDENG (  169): 30
12-31 23:03:30.070 D/SPRDENG (  169): 30
12-31 23:03:30.070 D/SPRDENG (  169): 30
12-31 23:03:30.070 D/SPRDENG (  169): 30
12-31 23:03:30.070 D/SPRDENG (  169): 30
12-31 23:03:30.070 D/SPRDENG (  169): 30
12-31 23:03:30.070 D/SPRDENG (  169): 30
12-31 23:03:30.070 D/SPRDENG (  169): 30
12-31 23:03:30.070 D/SPRDENG (  169): 30
12-31 23:03:30.070 D/SPRDENG (  169): 30
12-31 23:03:30.070 D/SPRDENG (  169): 30
12-31 23:03:30.070 D/SPRDENG (  169): 30
12-31 23:03:30.070 D/SPRDENG (  169): 30
12-31 23:03:30.070 D/SPRDENG (  169): 30
12-31 23:03:30.070 D/SPRDENG (  169): 30
12-31 23:03:30.070 D/SPRDENG (  169): 30
12-31 23:03:30.070 D/SPRDENG (  169): 30
12-31 23:03:30.070 D/SPRDENG (  169): 30
12-31 23:03:30.070 D/SPRDENG (  169): 30
12-31 23:03:30.070 D/SPRDENG (  169): 30
12-31 23:03:30.070 D/SPRDENG (  169): 30
12-31 23:03:30.070 D/SPRDENG (  169): 30
12-31 23:03:30.070 D/SPRDENG (  169): 30
12-31 23:03:30.070 D/SPRDENG (  169): 30
12-31 23:03:30.070 D/SPRDENG (  169): 30
12-31 23:03:30.070 D/SPRDENG (  169): 30
12-31 23:03:30.070 D/SPRDENG (  169): 30
12-31 23:03:30.070 D/SPRDENG (  169): 30
12-31 23:03:30.070 D/SPRDENG (  169): 30
12-31 23:03:30.070 D/SPRDENG (  169): 30
12-31 23:03:30.070 D/SPRDENG (  169): 30
12-31 23:03:30.070 D/SPRDENG (  169): 30
12-31 23:03:30.070 D/SPRDENG (  169): 30
12-31 23:03:30.070 D/SPRDENG (  169): 30
12-31 23:03:30.070 D/SPRDENG (  169): 30
12-31 23:03:30.070 D/SPRDENG (  169): 30
12-31 23:03:30.070 D/SPRDENG (  169): 30
12-31 23:03:30.070 D/SPRDENG (  169): 30
12-31 23:03:30.070 D/SPRDENG (  169): 30
12-31 23:03:30.070 D/SPRDENG (  169): 30
12-31 23:03:30.070 D/SPRDENG (  169): 30
12-31 23:03:30.070 D/SPRDENG (  169): 30
12-31 23:03:30.070 D/SPRDENG (  169): 30
12-31 23:03:30.070 D/SPRDENG (  169): 30
12-31 23:03:30.070 D/SPRDENG (  169): 30
12-31 23:03:30.070 D/SPRDENG (  169): 30
12-31 23:03:30.070 D/SPRDENG (  169): 30
12-31 23:03:30.070 D/SPRDENG (  169): 30
12-31 23:03:30.070 D/SPRDENG (  169): 30
12-31 23:03:30.070 D/SPRDENG (  169): 30
12-31 23:03:30.070 D/SPRDENG (  169): 30
12-31 23:03:30.070 D/SPRDENG (  169): 30
12-31 23:03:30.070 D/SPRDENG (  169): 30
12-31 23:03:30.070 D/SPRDENG (  169): 30
12-31 23:03:30.070 D/SPRDENG (  169): 30
12-31 23:03:30.070 D/SPRDENG (  169): 30
12-31 23:03:30.070 D/SPRDENG (  169): 30
12-31 23:03:30.070 D/SPRDENG (  169): 30
12-31 23:03:30.070 D/SPRDENG (  169): 30
12-31 23:03:30.070 D/SPRDENG (  169): 30
12-31 23:03:30.070 D/SPRDENG (  169): 30
12-31 23:03:30.070 D/SPRDENG (  169): 30
12-31 23:03:30.070 D/SPRDENG (  169): 30
12-31 23:03:30.070 D/SPRDENG (  169): 30
12-31 23:03:30.070 D/SPRDENG (  169): 30
12-31 23:03:30.070 D/SPRDENG (  169): 30
12-31 23:03:30.070 D/SPRDENG (  169): 30
12-31 23:03:30.070 D/SPRDENG (  169): 30
12-31 23:03:30.070 D/SPRDENG (  169): 30
12-31 23:03:30.070 D/SPRDENG (  169): 62
12-31 23:03:30.070 D/SPRDENG (  169): 62
12-31 23:03:30.070 D/SPRDENG (  169): 62
12-31 23:03:30.070 D/SPRDENG (  169): 65
12-31 23:03:30.070 D/SPRDENG (  169): 63
12-31 23:03:30.070 D/SPRDENG (  169): 32
12-31 23:03:30.070 D/SPRDENG (  169): 63
12-31 23:03:30.070 D/SPRDENG (  169): 36
12-31 23:03:30.070 D/SPRDENG (  169): 31
12-31 23:03:30.070 D/SPRDENG (  169): 61
12-31 23:03:30.070 D/SPRDENG (  169): 32
12-31 23:03:30.070 D/SPRDENG (  169): 33
12-31 23:03:30.070 D/SPRDENG (  169): 31
12-31 23:03:30.070 D/SPRDENG (  169): 63
12-31 23:03:30.070 D/SPRDENG (  169): 32
12-31 23:03:30.070 D/SPRDENG (  169): 33
12-31 23:03:30.070 D/SPRDENG (  169): 30
12-31 23:03:30.070 D/SPRDENG (  169): 30
12-31 23:03:30.070 D/SPRDENG (  169): 30
12-31 23:03:30.070 D/SPRDENG (  169): 30
12-31 23:03:30.070 D/SPRDENG (  169): 30
12-31 23:03:30.070 D/SPRDENG (  169): 30
12-31 23:03:30.070 D/SPRDENG (  169): 30
12-31 23:03:30.070 D/SPRDENG (  169): 30
12-31 23:03:30.070 D/SPRDENG (  169): 30
12-31 23:03:30.070 D/SPRDENG (  169): 30
12-31 23:03:30.070 D/SPRDENG (  169): 30
12-31 23:03:30.070 D/SPRDENG (  169): 30
12-31 23:03:30.070 D/SPRDENG (  169): 30
12-31 23:03:30.070 D/SPRDENG (  169): 30
12-31 23:03:30.070 D/SPRDENG (  169): 30
12-31 23:03:30.070 D/SPRDENG (  169): 30
12-31 23:03:30.070 D/SPRDENG (  169): 31
12-31 23:03:30.070 D/SPRDENG (  169): 61
12-31 23:03:30.070 D/SPRDENG (  169): 32
12-31 23:03:30.070 D/SPRDENG (  169): 33
12-31 23:03:30.070 D/SPRDENG (  169): 31
12-31 23:03:30.070 D/SPRDENG (  169): 63
12-31 23:03:30.070 D/SPRDENG (  169): 32
12-31 23:03:30.070 D/SPRDENG (  169): 33
12-31 23:03:30.070 D/SPRDENG (  169): 30
12-31 23:03:30.070 D/SPRDENG (  169): 30
12-31 23:03:30.070 D/SPRDENG (  169): 30
12-31 23:03:30.070 D/SPRDENG (  169): 30
12-31 23:03:30.070 D/SPRDENG (  169): 30
12-31 23:03:30.070 D/SPRDENG (  169): 30
12-31 23:03:30.070 D/SPRDENG (  169): 30
12-31 23:03:30.070 D/SPRDENG (  169): 30
12-31 23:03:30.070 D/SPRDENG (  169): 30
12-31 23:03:30.070 D/SPRDENG (  169): 30
12-31 23:03:30.070 D/SPRDENG (  169): 30
12-31 23:03:30.070 D/SPRDENG (  169): 30
12-31 23:03:30.070 D/SPRDENG (  169): 30
12-31 23:03:30.070 D/SPRDENG (  169): 30
12-31 23:03:30.070 D/SPRDENG (  169): 30
12-31 23:03:30.070 D/SPRDENG (  169): 30
12-31 23:03:30.070 D/SPRDENG (  169): 31
12-31 23:03:30.070 D/SPRDENG (  169): 62
12-31 23:03:30.070 D/SPRDENG (  169): 32
12-31 23:03:30.070 D/SPRDENG (  169): 33
12-31 23:03:30.070 D/SPRDENG (  169): 31
12-31 23:03:30.070 D/SPRDENG (  169): 63
12-31 23:03:30.070 D/SPRDENG (  169): 32
12-31 23:03:30.070 D/SPRDENG (  169): 33
12-31 23:03:30.070 D/SPRDENG (  169): 30
12-31 23:03:30.070 D/SPRDENG (  169): 30
12-31 23:03:30.070 D/SPRDENG (  169): 30
12-31 23:03:30.070 D/SPRDENG (  169): 30
12-31 23:03:30.070 D/SPRDENG (  169): 30
12-31 23:03:30.070 D/SPRDENG (  169): 30
12-31 23:03:30.070 D/SPRDENG (  169): 30
12-31 23:03:30.070 D/SPRDENG (  169): 30
12-31 23:03:30.070 D/SPRDENG (  169): 30
12-31 23:03:30.070 D/SPRDENG (  169): 30
12-31 23:03:30.070 D/SPRDENG (  169): 30
12-31 23:03:30.070 D/SPRDENG (  169): 30
12-31 23:03:30.070 D/SPRDENG (  169): 30
12-31 23:03:30.070 D/SPRDENG (  169): 30
12-31 23:03:30.070 D/SPRDENG (  169): 30
12-31 23:03:30.070 D/SPRDENG (  169): 30
12-31 23:03:30.070 D/SPRDENG (  169): 31
12-31 23:03:30.070 D/SPRDENG (  169): 62
12-31 23:03:30.070 D/SPRDENG (  169): 32
12-31 23:03:30.070 D/SPRDENG (  169): 33
12-31 23:03:30.070 D/SPRDENG (  169): 31
12-31 23:03:30.070 D/SPRDENG (  169): 63
12-31 23:03:30.070 D/SPRDENG (  169): 32
12-31 23:03:30.070 D/SPRDENG (  169): 33
12-31 23:03:30.070 D/SPRDENG (  169): 30
12-31 23:03:30.070 D/SPRDENG (  169): 30
12-31 23:03:30.070 D/SPRDENG (  169): 30
12-31 23:03:30.070 D/SPRDENG (  169): 30
12-31 23:03:30.070 D/SPRDENG (  169): 30
12-31 23:03:30.070 D/SPRDENG (  169): 30
12-31 23:03:30.070 D/SPRDENG (  169): 30
12-31 23:03:30.070 D/SPRDENG (  169): 30
12-31 23:03:30.070 D/SPRDENG (  169): 30
12-31 23:03:30.070 D/SPRDENG (  169): 30
12-31 23:03:30.070 D/SPRDENG (  169): 30
12-31 23:03:30.070 D/SPRDENG (  169): 30
12-31 23:03:30.070 D/SPRDENG (  169): 30
12-31 23:03:30.070 D/SPRDENG (  169): 30
12-31 23:03:30.070 D/SPRDENG (  169): 30
12-31 23:03:30.070 D/SPRDENG (  169): 30
12-31 23:03:30.070 D/SPRDENG (  169): 31
12-31 23:03:30.070 D/SPRDENG (  169): 62
12-31 23:03:30.070 D/SPRDENG (  169): 32
12-31 23:03:30.070 D/SPRDENG (  169): 33
12-31 23:03:30.070 D/SPRDENG (  169): 31
12-31 23:03:30.070 D/SPRDENG (  169): 63
12-31 23:03:30.070 D/SPRDENG (  169): 32
12-31 23:03:30.070 D/SPRDENG (  169): 33
12-31 23:03:30.070 D/SPRDENG (  169): 30
12-31 23:03:30.070 D/SPRDENG (  169): 30
12-31 23:03:30.070 D/SPRDENG (  169): 30
12-31 23:03:30.070 D/SPRDENG (  169): 30
12-31 23:03:30.070 D/SPRDENG (  169): 30
12-31 23:03:30.070 D/SPRDENG (  169): 30
12-31 23:03:30.070 D/SPRDENG (  169): 30
12-31 23:03:30.070 D/SPRDENG (  169): 30
12-31 23:03:30.070 D/SPRDENG (  169): 30
12-31 23:03:30.070 D/SPRDENG (  169): 30
12-31 23:03:30.070 D/SPRDENG (  169): 30
12-31 23:03:30.070 D/SPRDENG (  169): 30
12-31 23:03:30.070 D/SPRDENG (  169): 30
12-31 23:03:30.070 D/SPRDENG (  169): 30
12-31 23:03:30.070 D/SPRDENG (  169): 30
12-31 23:03:30.070 D/SPRDENG (  169): 30
12-31 23:03:30.070 D/SPRDENG (  169): 30
12-31 23:03:30.070 D/SPRDENG (  169): 30
12-31 23:03:30.070 D/SPRDENG (  169): 30
12-31 23:03:30.070 D/SPRDENG (  169): 30
12-31 23:03:30.070 D/SPRDENG (  169): 30
12-31 23:03:30.070 D/SPRDENG (  169): 30
12-31 23:03:30.070 D/SPRDENG (  169): 30
12-31 23:03:30.070 D/SPRDENG (  169): 30
12-31 23:03:30.070 D/SPRDENG (  169): 30
12-31 23:03:30.070 D/SPRDENG (  169): 30
12-31 23:03:30.070 D/SPRDENG (  169): 30
12-31 23:03:30.070 D/SPRDENG (  169): 30
12-31 23:03:30.070 D/SPRDENG (  169): 30
12-31 23:03:30.070 D/SPRDENG (  169): 30
12-31 23:03:30.070 D/SPRDENG (  169): 30
12-31 23:03:30.070 D/SPRDENG (  169): 30
12-31 23:03:30.070 D/SPRDENG (  169): 30
12-31 23:03:30.070 D/SPRDENG (  169): 30
12-31 23:03:30.070 D/SPRDENG (  169): 30
12-31 23:03:30.070 D/SPRDENG (  169): 30
12-31 23:03:30.070 D/SPRDENG (  169): 30
12-31 23:03:30.070 D/SPRDENG (  169): 30
12-31 23:03:30.070 D/SPRDENG (  169): 30
12-31 23:03:30.070 D/SPRDENG (  169): 30
12-31 23:03:30.070 D/SPRDENG (  169): 32
12-31 23:03:30.070 D/SPRDENG (  169): 63
12-31 23:03:30.070 D/SPRDENG (  169): 30
12-31 23:03:30.070 D/SPRDENG (  169): 30
12-31 23:03:30.070 D/SPRDENG (  169): 30
12-31 23:03:30.070 D/SPRDENG (  169): 30
12-31 23:03:30.070 D/SPRDENG (  169): 30
12-31 23:03:30.070 D/SPRDENG (  169): 30
12-31 23:03:30.070 D/SPRDENG (  169): 1a
12-31 23:03:30.070 D/SPRDENG (  169): eng_modem2server: use SIM1 /dev/CHNPTY13
12-31 23:03:30.070 D/SPRDENG (  169): AT < 
12-31 23:03:30.070 D/SPRDENG (  169): OK
12-31 23:03:30.070 D/SPRDENG (  169): 
12-31 23:03:30.070 E/        (  100): nvcal_recv_from_modem: Receive 1 Modem Response
12-31 23:03:30.070 E/        (  100): write_rf_nvconf_cmd: wifi recv_num =6, response=[
12-31 23:03:30.070 E/        (  100): OK
12-31 23:03:30.070 E/        (  100): ]
12-31 23:03:30.170 E/eng_rf_nv_update(  100): [set_rf_nvconf]: NV updated OK!
12-31 23:03:30.180 E/eng_rf_nv_update(  100): [save_rf_nv_to_bak_file] NV data save to bake file OK
12-31 23:03:30.180 E/eng_rf_nv_update(  100): [eng_rf_nv_update]: end eng rf nv update!
12-31 23:03:30.180 I/logwrapper(   80): /system/bin/eng_rf_nv_update terminated by exit(0)
12-31 23:03:30.590 I/power   (   81): *** set_screen_state 1
12-31 23:03:30.590 D/Sensors (   81): activate handle=3; drv=1
12-31 23:03:30.590 D/Sensors (   81): SensorTMD2771::setEnable=0= en=1; newState=1; what=0; mEnabled=0
12-31 23:03:30.700 D/Sensors (   81): taos ---Light::TAOS_IOCTL_ALS_ON=== err=0
12-31 23:03:30.700 D/Sensors (   81): SensorTMD2771::setEnable=1= en=1; newState=1; what=0; mEnabled=1
12-31 23:03:30.700 D/Sensors (   81): SensorTMD2771::getEnable===mEnabled=0x1; enable=1
12-31 23:03:30.720 I/GeckoDump(   81): XXX FIXME : Got a mozContentEvent: nfc-hardware-state-change
12-31 23:03:30.750 I/GeckoDump(   81): XXX FIXME : Got a mozContentEvent: system-message-listener-ready
12-31 23:03:30.800 I/Gecko:ProcessPriorityManager(   81): [(Preallocated), child-id=2, pid=382] Creating ParticularProcessPriorityManager.
12-31 23:03:30.800 I/Gecko:ProcessPriorityManager(   81): [(Preallocated), child-id=2, pid=382] Done starting up.  mHoldsCPUWakeLock=0, mHoldsHighPriorityWakeLock=0
12-31 23:03:30.800 I/Gecko:ProcessPriorityManager(   81): [(Preallocated), child-id=2, pid=382] Changing priority from UNKNOWN:CPU_NORMAL to MASTER:CPU_NORMAL.
12-31 23:03:30.800 I/Gonk    (   81): Setting nice for pid 382 to 0
12-31 23:03:30.800 I/Gonk    (   81): Changed nice for pid 382 from 0 to 0.
12-31 23:03:31.190 D/Sensors (   81): SensorTMD2771::readEvents()======data_fd=53,count=16
12-31 23:03:31.190 D/Sensors (   81): SensorTMD2771::processEvent()=====code=40::value=61 
12-31 23:03:31.190 D/Sensors (   81): SensorTMD2771: mPendingEvents[Light].light = 61.000000
12-31 23:03:31.460 I/Gecko   (   81): 1325390611465	Marionette	INFO	loaded marionette-listener.js
12-31 23:03:31.460 I/Gecko   (   81): 1325390611467	Marionette	INFO	sendToClient: {"from":"0","value":"3-b2g"}, {ac1add7e-9f87-4056-be26-e5b6fa0c15fe}, {ac1add7e-9f87-4056-be26-e5b6fa0c15fe}
12-31 23:03:31.590 E/GeckoConsole(   81): [JavaScript Error: "TypeError: widgetFrame is undefined" {file: "app://system.gaiamobile.org/js/cost_control.js" line: 119}]
12-31 23:03:31.960 I/Gecko   (   81): 1325390611966	Marionette	INFO	sendToClient: {"from":"0","value":{"ELEMENT":"{3247f85d-bdd0-4016-b8ce-a2db8f5d1a42}"}}, {85900e5e-5a53-47c7-9c72-4e2356c48045}, {85900e5e-5a53-47c7-9c72-4e2356c48045}
12-31 23:03:32.040 I/Gecko   (   81): 1325390612049	Marionette	INFO	sendToClient: {"from":"0","value":false}, {013be761-201c-458d-8ce6-e47a13b9fa9e}, {013be761-201c-458d-8ce6-e47a13b9fa9e}
12-31 23:03:32.220 I/Gecko   (   81): 1325390612227	Marionette	INFO	sendToClient: {"from":"0","value":{"ELEMENT":"{3247f85d-bdd0-4016-b8ce-a2db8f5d1a42}"}}, {0a28ea2b-6ffd-4556-81b9-98bd81f1bf64}, {0a28ea2b-6ffd-4556-81b9-98bd81f1bf64}
12-31 23:03:32.310 I/Gecko   (   81): 1325390612322	Marionette	INFO	sendToClient: {"from":"0","value":false}, {dbd952f1-5999-43fa-9497-c870d46d5cf6}, {dbd952f1-5999-43fa-9497-c870d46d5cf6}
12-31 23:03:32.450 I/Gecko   (   81): 1325390612459	Marionette	INFO	sendToClient: {"from":"0","value":{"ELEMENT":"{3247f85d-bdd0-4016-b8ce-a2db8f5d1a42}"}}, {da75cbaa-4d3a-4372-85ef-db091c749483}, {da75cbaa-4d3a-4372-85ef-db091c749483}
12-31 23:03:32.490 I/Gecko   (   81): 1325390612501	Marionette	INFO	sendToClient: {"from":"0","value":false}, {4f1b7169-e7b6-4b9c-8c5c-f0bc340f55a1}, {4f1b7169-e7b6-4b9c-8c5c-f0bc340f55a1}
12-31 23:03:32.520 E/WifiHW  (   81): Leo ensure_config_file_exists config_file=/data/misc/wifi/wpa_supplicant.conf
12-31 23:03:32.520 E/WifiHW  (   81): daemon_cmd=wpa_supplicant:-iwlan0 -c/data/misc/wifi/wpa_supplicant.conf
12-31 23:03:32.550 E/WifiHW  (   81): Unable to open connection to supplicant on "wlan0": No such file or directory
12-31 23:03:32.700 I/GeckoDump(   81): XXX FIXME : Got a mozContentEvent: accessibility-screenreader
12-31 23:03:32.810 I/GeckoDump(   81): XXX FIXME : Got a mozContentEvent: nfc-hardware-state-change
12-31 23:03:33.460 I/Gecko   (   81): 1325390613468	Marionette	INFO	sendToClient: {"from":"0","value":{"ELEMENT":"{3247f85d-bdd0-4016-b8ce-a2db8f5d1a42}"}}, {d7758681-7297-48c0-815f-653b33136935}, {d7758681-7297-48c0-815f-653b33136935}
12-31 23:03:33.600 I/Gecko   (   81): 1325390613605	Marionette	INFO	sendToClient: {"from":"0","value":true}, {b88931c5-b3c6-4d76-b76d-ee517c1f5187}, {b88931c5-b3c6-4d76-b76d-ee517c1f5187}
12-31 23:03:33.810 I/FMRadio (   81): FMRadio is initialized.
12-31 23:03:33.900 E/GeckoConsole(   81): Content JS ERROR at app://system.gaiamobile.org/js/telephony_settings.js:23 in set_vpm_error: Error setting voice privacy.
12-31 23:03:33.910 E/GeckoConsole(   81): Content JS ERROR at app://system.gaiamobile.org/js/telephony_settings.js:23 in set_vpm_error: Error setting voice privacy.
12-31 23:03:34.090 E/GeckoConsole(   81): Content JS ERROR at app://system.gaiamobile.org/js/telephony_settings.js:42 in set_vpm_error: Error roaming preference.
12-31 23:03:34.090 E/GeckoConsole(   81): Content JS ERROR at app://system.gaiamobile.org/js/telephony_settings.js:42 in set_vpm_error: Error roaming preference.
12-31 23:03:34.340 I/Gecko:ProcessPriorityManager(   81): [Homescreen, child-id=2, pid=382] Changing priority from MASTER:CPU_NORMAL to FOREGROUND:CPU_NORMAL.
12-31 23:03:34.340 I/Gonk    (   81): Setting nice for pid 382 to 1
12-31 23:03:34.340 I/Gonk    (   81): Changed nice for pid 382 from 0 to 1.
12-31 23:03:34.350 I/Gecko:ProcessPriorityManager(   81): Making background LRU pool with size(3)
12-31 23:03:34.350 I/Gecko:ProcessPriorityManager(   81): KillBackgroundApps
12-31 23:03:34.350 I/Gecko   (   81): [Parent 81] WARNING: waitpid failed pid:382 errno:10: file /var/lib/jenkins/jobs/B2G.v1.3.0.Tarako/workspace/gecko/ipc/chromium/src/base/process_util_posix.cc, line 254
12-31 23:03:34.560 E/[Gralloc-ERROR](   81): int gralloc_register_buffer(const gralloc_module_t*, const native_handle_t*):79 Unable to register handle 0x45d6d470 coming from different process: 81
12-31 23:03:34.560 E/[Gralloc-ERROR](   81): int gralloc_register_buffer(const gralloc_module_t*, const native_handle_t*):79 Unable to register handle 0x46639830 coming from different process: 81
12-31 23:03:34.690 E/[Gralloc-ERROR](   81): int gralloc_register_buffer(const gralloc_module_t*, const native_handle_t*):79 Unable to register handle 0x46639a60 coming from different process: 81
12-31 23:03:34.690 E/[Gralloc-ERROR](   81): int gralloc_register_buffer(const gralloc_module_t*, const native_handle_t*):79 Unable to register handle 0x46639ba0 coming from different process: 81
12-31 23:03:34.920 I/GeckoDump(   81): XXX FIXME : Got a mozContentEvent: inputmethod-update-layouts
12-31 23:03:34.990 I/Gecko   (   81): ############################### browserElementPanning.js loaded
12-31 23:03:35.050 I/Gecko   (   81): ######################## BrowserElementChildPreload.js loaded
12-31 23:03:35.160 I/GeckoDump(   81): XXX FIXME : Got a mozContentEvent: inputmethod-update-layouts
12-31 23:03:35.800 E/GeckoConsole(   81): [JavaScript Warning: "Error in parsing value for 'font-weight'.  Declaration dropped." {file: "app://keyboard.gaiamobile.org/style/keyboard.css" line: 132 column: 15 source: "  font-weight: medium;"}]
12-31 23:03:36.610 I/Gecko   (   81): 1325390616614	Marionette	INFO	sendToClient: {"from":"0","ok":true}, {781fe91d-72a5-4a67-9b5a-7d8863000dd2}, {781fe91d-72a5-4a67-9b5a-7d8863000dd2}
12-31 23:03:36.620 I/Gecko   (   81): 1325390616631	Marionette	DEBUG	Got request: switchToFrame, data: {"to":"0","sessionId":"3-b2g","name":"switchToFrame","parameters":{"id":null,"focus":true}}, id: {306416d1-c1ba-4e5a-a5bf-6cc2a42253d4}
12-31 23:03:36.640 I/Gecko   (   81): 1325390616651	Marionette	INFO	Switched to frame: {"frameValue":null}
12-31 23:03:36.760 I/Gecko   (   81): 1325390616773	Marionette	INFO	sendToClient: {"from":"0","ok":true}, {306416d1-c1ba-4e5a-a5bf-6cc2a42253d4}, {306416d1-c1ba-4e5a-a5bf-6cc2a42253d4}
12-31 23:03:36.790 I/Gecko   (  382): ###################################### forms.js loaded
12-31 23:03:36.870 I/Gecko   (   81): 1325390616879	Marionette	DEBUG	Got request: executeWithCallback, data: {"to":"0","sessionId":"3-b2g","name":"executeAsyncScript","parameters":{"specialPowers":false,"scriptTimeout":null,"newSandbox":true,"args":[],"filename":"gaia_test.py","script":"GaiaLockScreen.unlock()","line":810}}, id: {76928dce-a110-447d-a94f-d15b38c4ade1}
12-31 23:03:36.950 I/Gecko   (  382): ############################### browserElementPanning.js loaded
12-31 23:03:37.360 I/Gecko   (   81): 1325390617372	Marionette	INFO	sendToClient: {"from":"0","value":{"passed":0,"failed":0,"failures":[]}}, {76928dce-a110-447d-a94f-d15b38c4ade1}, {76928dce-a110-447d-a94f-d15b38c4ade1}
12-31 23:03:37.510 E/Profiler(   81): BPUnw: [1 total] thread_unregister_for_profiling(me=0xb68038)  (NOT REGISTERED) 
12-31 23:03:37.630 E/[Gralloc-ERROR](   81): int gralloc_register_buffer(const gralloc_module_t*, const native_handle_t*):79 Unable to register handle 0x4609b3d0 coming from different process: 81
12-31 23:03:37.640 E/[Gralloc-ERROR](   81): int gralloc_register_buffer(const gralloc_module_t*, const native_handle_t*):79 Unable to register handle 0x4609b970 coming from different process: 81
12-31 23:03:37.660 E/[Gralloc-ERROR](   81): int gralloc_register_buffer(const gralloc_module_t*, const native_handle_t*):79 Unable to register handle 0x460ce1f0 coming from different process: 81
12-31 23:03:37.660 E/[Gralloc-ERROR](   81): int gralloc_register_buffer(const gralloc_module_t*, const native_handle_t*):79 Unable to register handle 0x46169f10 coming from different process: 81
12-31 23:03:37.670 E/[Gralloc-ERROR](   81): int gralloc_register_buffer(const gralloc_module_t*, const native_handle_t*):79 Unable to register handle 0x4617e100 coming from different process: 81
12-31 23:03:37.670 E/[Gralloc-ERROR](   81): int gralloc_register_buffer(const gralloc_module_t*, const native_handle_t*):79 Unable to register handle 0x46520e20 coming from different process: 81
12-31 23:03:37.990 I/GeckoDump(   81): XXX FIXME : Got a mozContentEvent: nfc-hardware-state-change
12-31 23:03:38.040 I/GeckoDump(   81): XXX FIXME : Got a mozContentEvent: nfc-hardware-state-change
12-31 23:03:38.210 E/[Gralloc-ERROR](   81): int gralloc_unregister_buffer(const gralloc_module_t*, const native_handle_t*):274 Trying to unregister buffer 0x46639ba0 from process 81 that was not created in current process: 81
12-31 23:03:38.210 E/[Gralloc-ERROR](   81): int gralloc_unregister_buffer(const gralloc_module_t*, const native_handle_t*):274 Trying to unregister buffer 0x46639a60 from process 81 that was not created in current process: 81
12-31 23:03:38.470 I/Gecko   (  382): ######################## BrowserElementChildPreload.js loaded
12-31 23:03:38.780 E/[Gralloc-ERROR](   81): int gralloc_unregister_buffer(const gralloc_module_t*, const native_handle_t*):274 Trying to unregister buffer 0x4609b970 from process 81 that was not created in current process: 81
12-31 23:03:38.780 E/[Gralloc-ERROR](   81): int gralloc_unregister_buffer(const gralloc_module_t*, const native_handle_t*):274 Trying to unregister buffer 0x4609b3d0 from process 81 that was not created in current process: 81
12-31 23:03:38.780 E/[Gralloc-ERROR](   81): int gralloc_unregister_buffer(const gralloc_module_t*, const native_handle_t*):274 Trying to unregister buffer 0x46169f10 from process 81 that was not created in current process: 81
12-31 23:03:38.780 E/[Gralloc-ERROR](   81): int gralloc_unregister_buffer(const gralloc_module_t*, const native_handle_t*):274 Trying to unregister buffer 0x460ce1f0 from process 81 that was not created in current process: 81
12-31 23:03:38.780 E/[Gralloc-ERROR](   81): int gralloc_unregister_buffer(const gralloc_module_t*, const native_handle_t*):274 Trying to unregister buffer 0x46520e20 from process 81 that was not created in current process: 81
12-31 23:03:38.790 E/[Gralloc-ERROR](   81): int gralloc_unregister_buffer(const gralloc_module_t*, const native_handle_t*):274 Trying to unregister buffer 0x4617e100 from process 81 that was not created in current process: 81
12-31 23:03:38.790 W/WifiHW  (   81): wifi_command: LOG_LEVEL
12-31 23:03:38.900 W/WifiHW  (   81): wifi_command: STATUS
12-31 23:03:38.950 I/Gecko   (   81): 1325390618958	Marionette	INFO	sendToClient: {"from":"0","ok":true}, {0459b556-f536-4331-9d75-4ee1d91668c6}, {0459b556-f536-4331-9d75-4ee1d91668c6}
12-31 23:03:38.970 W/WifiHW  (   81): wifi_command: LIST_NETWORKS
12-31 23:03:38.970 W/WifiHW  (   81): wifi_command: DRIVER MACADDR
12-31 23:03:39.070 W/WifiHW  (   81): wifi_command: GET_NETWORK 0 ssid
12-31 23:03:39.070 W/WifiHW  (   81): wifi_command: GET_NETWORK 0 bssid
12-31 23:03:39.070 W/WifiHW  (   81): wifi_command: GET_NETWORK 0 psk
12-31 23:03:39.070 W/WifiHW  (   81): wifi_command: GET_NETWORK 0 wep_key0
12-31 23:03:39.070 W/WifiHW  (   81): wifi_command: GET_NETWORK 0 wep_key1
12-31 23:03:39.070 W/WifiHW  (   81): wifi_command: GET_NETWORK 0 wep_key2
12-31 23:03:39.070 W/WifiHW  (   81): wifi_command: GET_NETWORK 0 wep_key3
12-31 23:03:39.080 W/WifiHW  (   81): wifi_command: GET_NETWORK 0 wep_tx_keyidx
12-31 23:03:39.090 W/WifiHW  (   81): wifi_command: GET_NETWORK 0 priority
12-31 23:03:39.090 W/WifiHW  (   81): wifi_command: GET_NETWORK 0 key_mgmt
12-31 23:03:39.090 W/WifiHW  (   81): wifi_command: GET_NETWORK 0 scan_ssid
12-31 23:03:39.090 W/WifiHW  (   81): wifi_command: GET_NETWORK 0 disabled
12-31 23:03:39.090 W/WifiHW  (   81): wifi_command: GET_NETWORK 0 identity
12-31 23:03:39.090 W/WifiHW  (   81): wifi_command: GET_NETWORK 0 password
12-31 23:03:39.090 W/WifiHW  (   81): wifi_command: GET_NETWORK 0 auth_alg
12-31 23:03:39.100 W/WifiHW  (   81): wifi_command: GET_NETWORK 0 phase1
12-31 23:03:39.100 W/WifiHW  (   81): wifi_command: GET_NETWORK 0 phase2
12-31 23:03:39.100 W/WifiHW  (   81): wifi_command: GET_NETWORK 0 eap
12-31 23:03:39.100 W/WifiHW  (   81): wifi_command: GET_NETWORK 0 pin
12-31 23:03:39.100 W/WifiHW  (   81): wifi_command: GET_NETWORK 0 pcsc
12-31 23:03:39.100 W/WifiHW  (   81): wifi_command: GET_NETWORK 1 ssid
12-31 23:03:39.100 W/WifiHW  (   81): wifi_command: GET_NETWORK 1 bssid
12-31 23:03:39.100 W/WifiHW  (   81): wifi_command: GET_NETWORK 1 psk
12-31 23:03:39.110 W/WifiHW  (   81): wifi_command: GET_NETWORK 1 wep_key0
12-31 23:03:39.110 W/WifiHW  (   81): wifi_command: GET_NETWORK 1 wep_key1
12-31 23:03:39.110 W/WifiHW  (   81): wifi_command: GET_NETWORK 1 wep_key2
12-31 23:03:39.110 W/WifiHW  (   81): wifi_command: GET_NETWORK 1 wep_key3
12-31 23:03:39.110 W/WifiHW  (   81): wifi_command: GET_NETWORK 1 wep_tx_keyidx
12-31 23:03:39.110 W/WifiHW  (   81): wifi_command: GET_NETWORK 1 priority
12-31 23:03:39.110 W/WifiHW  (   81): wifi_command: GET_NETWORK 1 key_mgmt
12-31 23:03:39.120 W/WifiHW  (   81): wifi_command: GET_NETWORK 1 scan_ssid
12-31 23:03:39.120 W/WifiHW  (   81): wifi_command: GET_NETWORK 1 disabled
12-31 23:03:39.120 W/WifiHW  (   81): wifi_command: GET_NETWORK 1 identity
12-31 23:03:39.130 W/WifiHW  (   81): wifi_command: GET_NETWORK 1 password
12-31 23:03:39.130 W/WifiHW  (   81): wifi_command: GET_NETWORK 1 auth_alg
12-31 23:03:39.130 W/WifiHW  (   81): wifi_command: GET_NETWORK 1 phase1
12-31 23:03:39.130 W/WifiHW  (   81): wifi_command: GET_NETWORK 1 phase2
12-31 23:03:39.130 W/WifiHW  (   81): wifi_command: GET_NETWORK 1 eap
12-31 23:03:39.130 W/WifiHW  (   81): wifi_command: GET_NETWORK 1 pin
12-31 23:03:39.130 W/WifiHW  (   81): wifi_command: GET_NETWORK 1 pcsc
12-31 23:03:39.130 W/WifiHW  (   81): wifi_command: GET_NETWORK 2 ssid
12-31 23:03:39.130 W/WifiHW  (   81): wifi_command: GET_NETWORK 2 bssid
12-31 23:03:39.130 W/WifiHW  (   81): wifi_command: GET_NETWORK 2 psk
12-31 23:03:39.130 W/WifiHW  (   81): wifi_command: GET_NETWORK 2 wep_key0
12-31 23:03:39.130 W/WifiHW  (   81): wifi_command: GET_NETWORK 2 wep_key1
12-31 23:03:39.130 W/WifiHW  (   81): wifi_command: GET_NETWORK 2 wep_key2
12-31 23:03:39.140 W/WifiHW  (   81): wifi_command: GET_NETWORK 2 wep_key3
12-31 23:03:39.140 W/WifiHW  (   81): wifi_command: GET_NETWORK 2 wep_tx_keyidx
12-31 23:03:39.140 W/WifiHW  (   81): wifi_command: GET_NETWORK 2 priority
12-31 23:03:39.140 W/WifiHW  (   81): wifi_command: GET_NETWORK 2 key_mgmt
12-31 23:03:39.140 W/WifiHW  (   81): wifi_command: GET_NETWORK 2 scan_ssid
12-31 23:03:39.140 W/WifiHW  (   81): wifi_command: GET_NETWORK 2 disabled
12-31 23:03:39.140 W/WifiHW  (   81): wifi_command: GET_NETWORK 2 identity
12-31 23:03:39.140 W/WifiHW  (   81): wifi_command: GET_NETWORK 2 password
12-31 23:03:39.140 W/WifiHW  (   81): wifi_command: GET_NETWORK 2 auth_alg
12-31 23:03:39.140 W/WifiHW  (   81): wifi_command: GET_NETWORK 2 phase1
12-31 23:03:39.140 W/WifiHW  (   81): wifi_command: GET_NETWORK 2 phase2
12-31 23:03:39.140 W/WifiHW  (   81): wifi_command: GET_NETWORK 2 eap
12-31 23:03:39.140 W/WifiHW  (   81): wifi_command: GET_NETWORK 2 pin
12-31 23:03:39.140 W/WifiHW  (   81): wifi_command: GET_NETWORK 2 pcsc
12-31 23:03:39.140 W/WifiHW  (   81): wifi_command: GET_NETWORK 3 ssid
12-31 23:03:39.150 W/WifiHW  (   81): wifi_command: GET_NETWORK 3 bssid
12-31 23:03:39.150 W/WifiHW  (   81): wifi_command: GET_NETWORK 3 psk
12-31 23:03:39.150 W/WifiHW  (   81): wifi_command: GET_NETWORK 3 wep_key0
12-31 23:03:39.150 W/WifiHW  (   81): wifi_command: GET_NETWORK 3 wep_key1
12-31 23:03:39.150 W/WifiHW  (   81): wifi_command: GET_NETWORK 3 wep_key2
12-31 23:03:39.150 W/WifiHW  (   81): wifi_command: GET_NETWORK 3 wep_key3
12-31 23:03:39.150 W/WifiHW  (   81): wifi_command: GET_NETWORK 3 wep_tx_keyidx
12-31 23:03:39.150 W/WifiHW  (   81): wifi_command: GET_NETWORK 3 priority
12-31 23:03:39.150 W/WifiHW  (   81): wifi_command: GET_NETWORK 3 key_mgmt
12-31 23:03:39.150 W/WifiHW  (   81): wifi_command: GET_NETWORK 3 scan_ssid
12-31 23:03:39.150 W/WifiHW  (   81): wifi_command: GET_NETWORK 3 disabled
12-31 23:03:39.150 W/WifiHW  (   81): wifi_command: GET_NETWORK 3 identity
12-31 23:03:39.150 W/WifiHW  (   81): wifi_command: GET_NETWORK 3 password
12-31 23:03:39.150 W/WifiHW  (   81): wifi_command: GET_NETWORK 3 auth_alg
12-31 23:03:39.150 W/WifiHW  (   81): wifi_command: GET_NETWORK 3 phase1
12-31 23:03:39.160 W/WifiHW  (   81): wifi_command: GET_NETWORK 3 phase2
12-31 23:03:39.160 W/WifiHW  (   81): wifi_command: GET_NETWORK 3 eap
12-31 23:03:39.170 W/WifiHW  (   81): wifi_command: GET_NETWORK 3 pin
12-31 23:03:39.170 W/WifiHW  (   81): wifi_command: GET_NETWORK 3 pcsc
12-31 23:03:39.230 W/WifiHW  (   81): wifi_command: ENABLE_NETWORK 0
12-31 23:03:39.240 W/WifiHW  (   81): wifi_command: ENABLE_NETWORK 1
12-31 23:03:39.240 W/WifiHW  (   81): wifi_command: ENABLE_NETWORK 2
12-31 23:03:39.250 W/WifiHW  (   81): wifi_command: ENABLE_NETWORK 3
12-31 23:03:39.250 W/WifiHW  (   81): wifi_command: AP_SCAN 1
12-31 23:03:39.250 I/Gecko   (   81): 1325390619260	Marionette	DEBUG	Got request: switchToFrame, data: {"to":"0","sessionId":"3-b2g","name":"switchToFrame","parameters":{"id":null,"focus":true}}, id: {e9f15708-6145-4d4f-842e-7e08dfac9907}
12-31 23:03:39.300 W/WifiHW  (   81): wifi_command: SAVE_CONFIG
12-31 23:03:39.310 I/Gecko   (   81): 1325390619317	Marionette	INFO	Switched to frame: {"frameValue":null}
12-31 23:03:39.410 W/WifiHW  (   81): wifi_command: GET_NETWORK 3 ssid
12-31 23:03:39.420 W/WifiHW  (   81): wifi_command: GET_NETWORK 3 bssid
12-31 23:03:39.420 W/WifiHW  (   81): wifi_command: GET_NETWORK 3 psk
12-31 23:03:39.420 W/WifiHW  (   81): wifi_command: GET_NETWORK 3 wep_key0
12-31 23:03:39.420 W/WifiHW  (   81): wifi_command: GET_NETWORK 3 wep_key1
12-31 23:03:39.420 W/WifiHW  (   81): wifi_command: GET_NETWORK 3 wep_key2
12-31 23:03:39.420 W/WifiHW  (   81): wifi_command: GET_NETWORK 3 wep_key3
12-31 23:03:39.420 W/WifiHW  (   81): wifi_command: GET_NETWORK 3 wep_tx_keyidx
12-31 23:03:39.430 W/WifiHW  (   81): wifi_command: GET_NETWORK 3 priority
12-31 23:03:39.430 W/WifiHW  (   81): wifi_command: GET_NETWORK 3 key_mgmt
12-31 23:03:39.430 W/WifiHW  (   81): wifi_command: GET_NETWORK 3 scan_ssid
12-31 23:03:39.430 W/WifiHW  (   81): wifi_command: GET_NETWORK 3 disabled
12-31 23:03:39.430 W/WifiHW  (   81): wifi_command: GET_NETWORK 3 identity
12-31 23:03:39.430 W/WifiHW  (   81): wifi_command: GET_NETWORK 3 password
12-31 23:03:39.430 W/WifiHW  (   81): wifi_command: GET_NETWORK 3 auth_alg
12-31 23:03:39.430 W/WifiHW  (   81): wifi_command: GET_NETWORK 3 phase1
12-31 23:03:39.430 W/WifiHW  (   81): wifi_command: GET_NETWORK 3 phase2
12-31 23:03:39.440 W/WifiHW  (   81): wifi_command: GET_NETWORK 3 eap
12-31 23:03:39.440 W/WifiHW  (   81): wifi_command: GET_NETWORK 3 pin
12-31 23:03:39.440 W/WifiHW  (   81): wifi_command: GET_NETWORK 3 pcsc
12-31 23:03:39.490 I/Gecko:ProcessPriorityManager(   81): [(Preallocated), child-id=3, pid=411] Creating ParticularProcessPriorityManager.
12-31 23:03:39.490 I/Gecko:ProcessPriorityManager(   81): [(Preallocated), child-id=3, pid=411] Done starting up.  mHoldsCPUWakeLock=0, mHoldsHighPriorityWakeLock=0
12-31 23:03:39.490 I/Gecko:ProcessPriorityManager(   81): [(Preallocated), child-id=3, pid=411] Changing priority from UNKNOWN:CPU_NORMAL to MASTER:CPU_NORMAL.
12-31 23:03:39.490 I/Gonk    (   81): Setting nice for pid 411 to 0
12-31 23:03:39.500 I/Gonk    (   81): Changed nice for pid 411 from 0 to 0.
12-31 23:03:39.500 I/Gecko:ProcessPriorityManager(   81): [Homescreen, child-id=2, pid=382] Changing priority from FOREGROUND:CPU_NORMAL to FOREGROUND:CPU_LOW.
12-31 23:03:39.500 I/Gonk    (   81): Setting nice for pid 382 to 18
12-31 23:03:39.500 I/Gonk    (   81): Changed nice for pid 382 from 1 to 18.
12-31 23:03:39.500 I/Gecko:ProcessPriorityManager(   81): KillBackgroundApps
12-31 23:03:39.520 I/Gecko   (   81): 1325390619525	Marionette	INFO	sendToClient: {"from":"0","ok":true}, {e9f15708-6145-4d4f-842e-7e08dfac9907}, {e9f15708-6145-4d4f-842e-7e08dfac9907}
12-31 23:03:39.550 W/WifiHW  (   81): wifi_command: SIGNAL_POLL
12-31 23:03:39.550 W/WifiHW  (   81): wifi_command: GET_NETWORK 3 ssid
12-31 23:03:39.550 W/WifiHW  (   81): wifi_command: GET_NETWORK 3 bssid
12-31 23:03:39.550 W/WifiHW  (   81): wifi_command: GET_NETWORK 3 psk
12-31 23:03:39.550 W/WifiHW  (   81): wifi_command: GET_NETWORK 3 wep_key0
12-31 23:03:39.550 W/WifiHW  (   81): wifi_command: GET_NETWORK 3 wep_key1
12-31 23:03:39.550 W/WifiHW  (   81): wifi_command: GET_NETWORK 3 wep_key2
12-31 23:03:39.550 W/WifiHW  (   81): wifi_command: GET_NETWORK 3 wep_key3
12-31 23:03:39.550 W/WifiHW  (   81): wifi_command: GET_NETWORK 3 wep_tx_keyidx
12-31 23:03:39.550 W/WifiHW  (   81): wifi_command: GET_NETWORK 3 priority
12-31 23:03:39.550 W/WifiHW  (   81): wifi_command: GET_NETWORK 3 key_mgmt
12-31 23:03:39.560 W/WifiHW  (   81): wifi_command: GET_NETWORK 3 scan_ssid
12-31 23:03:39.560 W/WifiHW  (   81): wifi_command: GET_NETWORK 3 disabled
12-31 23:03:39.570 W/WifiHW  (   81): wifi_command: GET_NETWORK 3 identity
12-31 23:03:39.570 W/WifiHW  (   81): wifi_command: GET_NETWORK 3 password
12-31 23:03:39.570 W/WifiHW  (   81): wifi_command: GET_NETWORK 3 auth_alg
12-31 23:03:39.570 W/WifiHW  (   81): wifi_command: GET_NETWORK 3 phase1
12-31 23:03:39.570 W/WifiHW  (   81): wifi_command: GET_NETWORK 3 phase2
12-31 23:03:39.570 W/WifiHW  (   81): wifi_command: GET_NETWORK 3 eap
12-31 23:03:39.570 W/WifiHW  (   81): wifi_command: GET_NETWORK 3 pin
12-31 23:03:39.570 W/WifiHW  (   81): wifi_command: GET_NETWORK 3 pcsc
12-31 23:03:39.610 I/Gecko   (   81): 1325390619615	Marionette	DEBUG	Got request: executeWithCallback, data: {"to":"0","sessionId":"3-b2g","name":"executeAsyncScript","parameters":{"specialPowers":false,"scriptTimeout":60000,"newSandbox":true,"args":[],"filename":"app_checker.py","script":"\n        GaiaApps.locateWithManifestURL('https://marketplace.firefox.com/app/e7cb9718-a9c7-4c02-9fda-3b5f03f8b681/manifest.webapp',\n                                       null,\n                                       function uninstall(app) {\n                                       navigator.mozApps.mgmt.uninstall(app);\n                                       marionetteScriptFinished(true);\n                                       });\n        ","line":129}}, id: {27786d0d-a0ce-4d81-b5de-178353d61aba}
12-31 23:03:39.640 I/Gecko   (   81): 1325390619651	Marionette	INFO	sendToClient: {"from":"0","error":{"message":"TypeError: app is null","status":17,"stacktrace":"execute_async_script @app_checker.py, line 129\ninline javascript, line 221\nsrc: \"      appName = app.manifest.name;\""}}, {27786d0d-a0ce-4d81-b5de-178353d61aba}, {27786d0d-a0ce-4d81-b5de-178353d61aba}