--------- beginning of /dev/log/system
01-01 10:21:34.860 I/Vold    (   75): Vold 2.1 (the revenge) firing up
01-01 10:21:34.900 D/Vold    (   75): Volume sdcard state changing -1 (Initializing) -> 0 (No-Media)
01-01 10:21:34.970 D/Vold    (   75): Volume sdcard state changing 0 (No-Media) -> 2 (Pending)
01-01 10:21:34.970 D/Vold    (   75): Volume sdcard state changing 2 (Pending) -> 1 (Idle-Unmounted)
01-01 10:21:39.870 D/VoldCmdListener(   75): volume list
01-01 10:21:39.870 D/VoldCmdListener(   75): volume mount sdcard
01-01 10:21:39.870 I/Vold    (   75): /dev/block/vold/179:1 being considered for volume sdcard
01-01 10:21:39.870 D/Vold    (   75): Volume sdcard state changing 1 (Idle-Unmounted) -> 3 (Checking)
01-01 10:21:39.870 W/Vold    (   75): Skipping fs checks
01-01 10:21:39.930 I/Vold    (   75): Device /dev/block/vold/179:1, target /mnt/sdcard mounted @ /mnt/secure/staging
01-01 10:21:39.930 D/Vold    (   75): Volume sdcard state changing 3 (Checking) -> 4 (Mounted)
--------- beginning of /dev/log/main
01-01 10:21:51.250 D/SPRDENG (  166): 30
01-01 10:21:51.250 D/SPRDENG (  166): 30
01-01 10:21:51.250 D/SPRDENG (  166): 30
01-01 10:21:51.250 D/SPRDENG (  166): 30
01-01 10:21:51.250 D/SPRDENG (  166): 30
01-01 10:21:51.250 D/SPRDENG (  166): 30
01-01 10:21:51.250 D/SPRDENG (  166): 30
01-01 10:21:51.250 D/SPRDENG (  166): 30
01-01 10:21:51.250 D/SPRDENG (  166): 30
01-01 10:21:51.250 D/SPRDENG (  166): 30
01-01 10:21:51.250 D/SPRDENG (  166): 30
01-01 10:21:51.250 D/SPRDENG (  166): 30
01-01 10:21:51.250 D/SPRDENG (  166): 30
01-01 10:21:51.250 D/SPRDENG (  166): 30
01-01 10:21:51.250 D/SPRDENG (  166): 30
01-01 10:21:51.250 D/SPRDENG (  166): 30
01-01 10:21:51.250 D/SPRDENG (  166): 30
01-01 10:21:51.250 D/SPRDENG (  166): 30
01-01 10:21:51.250 D/SPRDENG (  166): 30
01-01 10:21:51.250 D/SPRDENG (  166): 30
01-01 10:21:51.250 D/SPRDENG (  166): 30
01-01 10:21:51.250 D/SPRDENG (  166): 30
01-01 10:21:51.250 D/SPRDENG (  166): 30
01-01 10:21:51.250 D/SPRDENG (  166): 30
01-01 10:21:51.250 D/SPRDENG (  166): 30
01-01 10:21:51.250 D/SPRDENG (  166): 30
01-01 10:21:51.250 D/SPRDENG (  166): 30
01-01 10:21:51.250 D/SPRDENG (  166): 30
01-01 10:21:51.250 D/SPRDENG (  166): 30
01-01 10:21:51.250 D/SPRDENG (  166): 30
01-01 10:21:51.250 D/SPRDENG (  166): 30
01-01 10:21:51.250 D/SPRDENG (  166): 30
01-01 10:21:51.250 D/SPRDENG (  166): 30
01-01 10:21:51.250 D/SPRDENG (  166): 30
01-01 10:21:51.250 D/SPRDENG (  166): 30
01-01 10:21:51.250 D/SPRDENG (  166): 30
01-01 10:21:51.250 D/SPRDENG (  166): 30
01-01 10:21:51.250 D/SPRDENG (  166): 30
01-01 10:21:51.250 D/SPRDENG (  166): 30
01-01 10:21:51.250 D/SPRDENG (  166): 30
01-01 10:21:51.250 D/SPRDENG (  166): 30
01-01 10:21:51.250 D/SPRDENG (  166): 30
01-01 10:21:51.250 D/SPRDENG (  166): 30
01-01 10:21:51.250 D/SPRDENG (  166): 30
01-01 10:21:51.250 D/SPRDENG (  166): 30
01-01 10:21:51.250 D/SPRDENG (  166): 30
01-01 10:21:51.250 D/SPRDENG (  166): 30
01-01 10:21:51.250 D/SPRDENG (  166): 30
01-01 10:21:51.250 D/SPRDENG (  166): 30
01-01 10:21:51.250 D/SPRDENG (  166): 30
01-01 10:21:51.250 D/SPRDENG (  166): 30
01-01 10:21:51.250 D/SPRDENG (  166): 30
01-01 10:21:51.250 D/SPRDENG (  166): 30
01-01 10:21:51.250 D/SPRDENG (  166): 30
01-01 10:21:51.250 D/SPRDENG (  166): 30
01-01 10:21:51.250 D/SPRDENG (  166): 30
01-01 10:21:51.250 D/SPRDENG (  166): 30
01-01 10:21:51.250 D/SPRDENG (  166): 30
01-01 10:21:51.250 D/SPRDENG (  166): 30
01-01 10:21:51.250 D/SPRDENG (  166): 30
01-01 10:21:51.250 D/SPRDENG (  166): 30
01-01 10:21:51.250 D/SPRDENG (  166): 30
01-01 10:21:51.250 D/SPRDENG (  166): 30
01-01 10:21:51.250 D/SPRDENG (  166): 30
01-01 10:21:51.250 D/SPRDENG (  166): 30
01-01 10:21:51.250 D/SPRDENG (  166): 30
01-01 10:21:51.250 D/SPRDENG (  166): 30
01-01 10:21:51.250 D/SPRDENG (  166): 30
01-01 10:21:51.250 D/SPRDENG (  166): 30
01-01 10:21:51.250 D/SPRDENG (  166): 30
01-01 10:21:51.250 D/SPRDENG (  166): 30
01-01 10:21:51.250 D/SPRDENG (  166): 30
01-01 10:21:51.250 D/SPRDENG (  166): 30
01-01 10:21:51.250 D/SPRDENG (  166): 30
01-01 10:21:51.250 D/SPRDENG (  166): 30
01-01 10:21:51.250 D/SPRDENG (  166): 30
01-01 10:21:51.250 D/SPRDENG (  166): 30
01-01 10:21:51.250 D/SPRDENG (  166): 30
01-01 10:21:51.250 D/SPRDENG (  166): 30
01-01 10:21:51.250 D/SPRDENG (  166): 30
01-01 10:21:51.250 D/SPRDENG (  166): 30
01-01 10:21:51.250 D/SPRDENG (  166): 30
01-01 10:21:51.250 D/SPRDENG (  166): 30
01-01 10:21:51.250 D/SPRDENG (  166): 30
01-01 10:21:51.250 D/SPRDENG (  166): 30
01-01 10:21:51.250 D/SPRDENG (  166): 30
01-01 10:21:51.250 D/SPRDENG (  166): 30
01-01 10:21:51.250 D/SPRDENG (  166): 30
01-01 10:21:51.250 D/SPRDENG (  166): 30
01-01 10:21:51.250 D/SPRDENG (  166): 30
01-01 10:21:51.250 D/SPRDENG (  166): 30
01-01 10:21:51.250 D/SPRDENG (  166): 30
01-01 10:21:51.250 D/SPRDENG (  166): 30
01-01 10:21:51.250 D/SPRDENG (  166): 30
01-01 10:21:51.250 D/SPRDENG (  166): 30
01-01 10:21:51.250 D/SPRDENG (  166): 30
01-01 10:21:51.250 D/SPRDENG (  166): 30
01-01 10:21:51.250 D/SPRDENG (  166): 30
01-01 10:21:51.250 D/SPRDENG (  166): 30
01-01 10:21:51.250 D/SPRDENG (  166): 30
01-01 10:21:51.250 D/SPRDENG (  166): 30
01-01 10:21:51.250 D/SPRDENG (  166): 30
01-01 10:21:51.250 D/SPRDENG (  166): 30
01-01 10:21:51.250 D/SPRDENG (  166): 30
01-01 10:21:51.250 D/SPRDENG (  166): 30
01-01 10:21:51.250 D/SPRDENG (  166): 30
01-01 10:21:51.250 D/SPRDENG (  166): 30
01-01 10:21:51.250 D/SPRDENG (  166): 30
01-01 10:21:51.250 D/SPRDENG (  166): 30
01-01 10:21:51.250 D/SPRDENG (  166): 30
01-01 10:21:51.250 D/SPRDENG (  166): 30
01-01 10:21:51.250 D/SPRDENG (  166): 30
01-01 10:21:51.250 D/SPRDENG (  166): 30
01-01 10:21:51.250 D/SPRDENG (  166): 62
01-01 10:21:51.250 D/SPRDENG (  166): 62
01-01 10:21:51.250 D/SPRDENG (  166): 62
01-01 10:21:51.250 D/SPRDENG (  166): 65
01-01 10:21:51.250 D/SPRDENG (  166): 63
01-01 10:21:51.250 D/SPRDENG (  166): 32
01-01 10:21:51.250 D/SPRDENG (  166): 63
01-01 10:21:51.250 D/SPRDENG (  166): 36
01-01 10:21:51.250 D/SPRDENG (  166): 31
01-01 10:21:51.250 D/SPRDENG (  166): 61
01-01 10:21:51.250 D/SPRDENG (  166): 32
01-01 10:21:51.250 D/SPRDENG (  166): 33
01-01 10:21:51.250 D/SPRDENG (  166): 31
01-01 10:21:51.250 D/SPRDENG (  166): 63
01-01 10:21:51.250 D/SPRDENG (  166): 32
01-01 10:21:51.250 D/SPRDENG (  166): 33
01-01 10:21:51.250 D/SPRDENG (  166): 30
01-01 10:21:51.250 D/SPRDENG (  166): 30
01-01 10:21:51.250 D/SPRDENG (  166): 30
01-01 10:21:51.250 D/SPRDENG (  166): 30
01-01 10:21:51.250 D/SPRDENG (  166): 30
01-01 10:21:51.250 D/SPRDENG (  166): 30
01-01 10:21:51.250 D/SPRDENG (  166): 30
01-01 10:21:51.250 D/SPRDENG (  166): 30
01-01 10:21:51.250 D/SPRDENG (  166): 30
01-01 10:21:51.250 D/SPRDENG (  166): 30
01-01 10:21:51.250 D/SPRDENG (  166): 30
01-01 10:21:51.250 D/SPRDENG (  166): 30
01-01 10:21:51.250 D/SPRDENG (  166): 30
01-01 10:21:51.250 D/SPRDENG (  166): 30
01-01 10:21:51.250 D/SPRDENG (  166): 30
01-01 10:21:51.250 D/SPRDENG (  166): 30
01-01 10:21:51.250 D/SPRDENG (  166): 31
01-01 10:21:51.250 D/SPRDENG (  166): 61
01-01 10:21:51.250 D/SPRDENG (  166): 32
01-01 10:21:51.250 D/SPRDENG (  166): 33
01-01 10:21:51.250 D/SPRDENG (  166): 31
01-01 10:21:51.250 D/SPRDENG (  166): 63
01-01 10:21:51.250 D/SPRDENG (  166): 32
01-01 10:21:51.250 D/SPRDENG (  166): 33
01-01 10:21:51.250 D/SPRDENG (  166): 30
01-01 10:21:51.250 D/SPRDENG (  166): 30
01-01 10:21:51.250 D/SPRDENG (  166): 30
01-01 10:21:51.250 D/SPRDENG (  166): 30
01-01 10:21:51.250 D/SPRDENG (  166): 30
01-01 10:21:51.250 D/SPRDENG (  166): 30
01-01 10:21:51.250 D/SPRDENG (  166): 30
01-01 10:21:51.250 D/SPRDENG (  166): 30
01-01 10:21:51.250 D/SPRDENG (  166): 30
01-01 10:21:51.250 D/SPRDENG (  166): 30
01-01 10:21:51.250 D/SPRDENG (  166): 30
01-01 10:21:51.250 D/SPRDENG (  166): 30
01-01 10:21:51.250 D/SPRDENG (  166): 30
01-01 10:21:51.250 D/SPRDENG (  166): 30
01-01 10:21:51.250 D/SPRDENG (  166): 30
01-01 10:21:51.250 D/SPRDENG (  166): 30
01-01 10:21:51.250 D/SPRDENG (  166): 31
01-01 10:21:51.250 D/SPRDENG (  166): 62
01-01 10:21:51.250 D/SPRDENG (  166): 32
01-01 10:21:51.250 D/SPRDENG (  166): 33
01-01 10:21:51.250 D/SPRDENG (  166): 31
01-01 10:21:51.250 D/SPRDENG (  166): 63
01-01 10:21:51.250 D/SPRDENG (  166): 32
01-01 10:21:51.250 D/SPRDENG (  166): 33
01-01 10:21:51.250 D/SPRDENG (  166): 30
01-01 10:21:51.250 D/SPRDENG (  166): 30
01-01 10:21:51.250 D/SPRDENG (  166): 30
01-01 10:21:51.250 D/SPRDENG (  166): 30
01-01 10:21:51.250 D/SPRDENG (  166): 30
01-01 10:21:51.250 D/SPRDENG (  166): 30
01-01 10:21:51.250 D/SPRDENG (  166): 30
01-01 10:21:51.250 D/SPRDENG (  166): 30
01-01 10:21:51.250 D/SPRDENG (  166): 30
01-01 10:21:51.250 D/SPRDENG (  166): 30
01-01 10:21:51.250 D/SPRDENG (  166): 30
01-01 10:21:51.250 D/SPRDENG (  166): 30
01-01 10:21:51.250 D/SPRDENG (  166): 30
01-01 10:21:51.250 D/SPRDENG (  166): 30
01-01 10:21:51.250 D/SPRDENG (  166): 30
01-01 10:21:51.250 D/SPRDENG (  166): 30
01-01 10:21:51.250 D/SPRDENG (  166): 31
01-01 10:21:51.250 D/SPRDENG (  166): 62
01-01 10:21:51.250 D/SPRDENG (  166): 32
01-01 10:21:51.250 D/SPRDENG (  166): 33
01-01 10:21:51.250 D/SPRDENG (  166): 31
01-01 10:21:51.250 D/SPRDENG (  166): 63
01-01 10:21:51.250 D/SPRDENG (  166): 32
01-01 10:21:51.250 D/SPRDENG (  166): 33
01-01 10:21:51.250 D/SPRDENG (  166): 30
01-01 10:21:51.250 D/SPRDENG (  166): 30
01-01 10:21:51.250 D/SPRDENG (  166): 30
01-01 10:21:51.250 D/SPRDENG (  166): 30
01-01 10:21:51.250 D/SPRDENG (  166): 30
01-01 10:21:51.250 D/SPRDENG (  166): 30
01-01 10:21:51.250 D/SPRDENG (  166): 30
01-01 10:21:51.250 D/SPRDENG (  166): 30
01-01 10:21:51.250 D/SPRDENG (  166): 30
01-01 10:21:51.250 D/SPRDENG (  166): 30
01-01 10:21:51.250 D/SPRDENG (  166): 30
01-01 10:21:51.250 D/SPRDENG (  166): 30
01-01 10:21:51.250 D/SPRDENG (  166): 30
01-01 10:21:51.250 D/SPRDENG (  166): 30
01-01 10:21:51.250 D/SPRDENG (  166): 30
01-01 10:21:51.250 D/SPRDENG (  166): 30
01-01 10:21:51.250 D/SPRDENG (  166): 31
01-01 10:21:51.250 D/SPRDENG (  166): 62
01-01 10:21:51.250 D/SPRDENG (  166): 32
01-01 10:21:51.250 D/SPRDENG (  166): 33
01-01 10:21:51.250 D/SPRDENG (  166): 31
01-01 10:21:51.250 D/SPRDENG (  166): 63
01-01 10:21:51.250 D/SPRDENG (  166): 32
01-01 10:21:51.250 D/SPRDENG (  166): 33
01-01 10:21:51.250 D/SPRDENG (  166): 30
01-01 10:21:51.250 D/SPRDENG (  166): 30
01-01 10:21:51.250 D/SPRDENG (  166): 30
01-01 10:21:51.250 D/SPRDENG (  166): 30
01-01 10:21:51.250 D/SPRDENG (  166): 30
01-01 10:21:51.250 D/SPRDENG (  166): 30
01-01 10:21:51.250 D/SPRDENG (  166): 30
01-01 10:21:51.250 D/SPRDENG (  166): 30
01-01 10:21:51.250 D/SPRDENG (  166): 30
01-01 10:21:51.250 D/SPRDENG (  166): 30
01-01 10:21:51.250 D/SPRDENG (  166): 30
01-01 10:21:51.250 D/SPRDENG (  166): 30
01-01 10:21:51.250 D/SPRDENG (  166): 30
01-01 10:21:51.250 D/SPRDENG (  166): 30
01-01 10:21:51.250 D/SPRDENG (  166): 30
01-01 10:21:51.250 D/SPRDENG (  166): 30
01-01 10:21:51.250 D/SPRDENG (  166): 30
01-01 10:21:51.250 D/SPRDENG (  166): 30
01-01 10:21:51.250 D/SPRDENG (  166): 30
01-01 10:21:51.250 D/SPRDENG (  166): 30
01-01 10:21:51.250 D/SPRDENG (  166): 30
01-01 10:21:51.250 D/SPRDENG (  166): 30
01-01 10:21:51.250 D/SPRDENG (  166): 30
01-01 10:21:51.250 D/SPRDENG (  166): 30
01-01 10:21:51.250 D/SPRDENG (  166): 30
01-01 10:21:51.250 D/SPRDENG (  166): 30
01-01 10:21:51.250 D/SPRDENG (  166): 30
01-01 10:21:51.250 D/SPRDENG (  166): 30
01-01 10:21:51.250 D/SPRDENG (  166): 30
01-01 10:21:51.250 D/SPRDENG (  166): 30
01-01 10:21:51.250 D/SPRDENG (  166): 30
01-01 10:21:51.250 D/SPRDENG (  166): 30
01-01 10:21:51.250 D/SPRDENG (  166): 30
01-01 10:21:51.250 D/SPRDENG (  166): 30
01-01 10:21:51.250 D/SPRDENG (  166): 30
01-01 10:21:51.250 D/SPRDENG (  166): 30
01-01 10:21:51.250 D/SPRDENG (  166): 30
01-01 10:21:51.250 D/SPRDENG (  166): 30
01-01 10:21:51.250 D/SPRDENG (  166): 30
01-01 10:21:51.250 D/SPRDENG (  166): 30
01-01 10:21:51.250 D/SPRDENG (  166): 32
01-01 10:21:51.250 D/SPRDENG (  166): 63
01-01 10:21:51.250 D/SPRDENG (  166): 30
01-01 10:21:51.250 D/SPRDENG (  166): 30
01-01 10:21:51.250 D/SPRDENG (  166): 30
01-01 10:21:51.250 D/SPRDENG (  166): 30
01-01 10:21:51.250 D/SPRDENG (  166): 30
01-01 10:21:51.250 D/SPRDENG (  166): 30
01-01 10:21:51.250 D/SPRDENG (  166): 1a
01-01 10:21:51.250 D/SPRDENG (  166): eng_modem2server: use SIM1 /dev/CHNPTY13
01-01 10:21:51.250 D/SPRDENG (  166): AT < 
01-01 10:21:51.250 D/SPRDENG (  166): OK
01-01 10:21:51.250 D/SPRDENG (  166): 
01-01 10:21:51.250 E/        (   98): nvcal_recv_from_modem: Receive 1 Modem Response
01-01 10:21:51.250 E/        (   98): write_rf_nvconf_cmd: wifi recv_num =6, response=[
01-01 10:21:51.250 E/        (   98): OK
01-01 10:21:51.250 E/        (   98): ]
01-01 10:21:51.350 E/eng_rf_nv_update(   98): [set_rf_nvconf]: NV updated OK!
01-01 10:21:51.350 E/eng_rf_nv_update(   98): [save_rf_nv_to_bak_file] NV data save to bake file OK
01-01 10:21:51.350 E/eng_rf_nv_update(   98): [eng_rf_nv_update]: end eng rf nv update!
01-01 10:21:51.350 I/logwrapper(   80): /system/bin/eng_rf_nv_update terminated by exit(0)
01-01 10:21:51.770 I/power   (   81): *** set_screen_state 1
01-01 10:21:51.770 D/Sensors (   81): activate handle=3; drv=1
01-01 10:21:51.770 D/Sensors (   81): SensorTMD2771::setEnable=0= en=1; newState=1; what=0; mEnabled=0
01-01 10:21:51.990 D/Sensors (   81): taos ---Light::TAOS_IOCTL_ALS_ON=== err=0
01-01 10:21:51.990 D/Sensors (   81): SensorTMD2771::setEnable=1= en=1; newState=1; what=0; mEnabled=1
01-01 10:21:51.990 D/Sensors (   81): SensorTMD2771::getEnable===mEnabled=0x1; enable=1
01-01 10:21:52.030 I/GeckoDump(   81): XXX FIXME : Got a mozContentEvent: nfc-hardware-state-change
01-01 10:21:52.070 I/GeckoDump(   81): XXX FIXME : Got a mozContentEvent: system-message-listener-ready
01-01 10:21:52.120 I/Gecko:ProcessPriorityManager(   81): [(Preallocated), child-id=2, pid=373] Creating ParticularProcessPriorityManager.
01-01 10:21:52.120 I/Gecko:ProcessPriorityManager(   81): [(Preallocated), child-id=2, pid=373] Done starting up.  mHoldsCPUWakeLock=0, mHoldsHighPriorityWakeLock=0
01-01 10:21:52.120 I/Gecko:ProcessPriorityManager(   81): [(Preallocated), child-id=2, pid=373] Changing priority from UNKNOWN:CPU_NORMAL to MASTER:CPU_NORMAL.
01-01 10:21:52.120 I/Gonk    (   81): Setting nice for pid 373 to 0
01-01 10:21:52.120 I/Gonk    (   81): Changed nice for pid 373 from 0 to 0.
01-01 10:21:52.760 I/Gecko   (   81): 1325431312766	Marionette	INFO	loaded marionette-listener.js
01-01 10:21:52.760 I/Gecko   (   81): 1325431312768	Marionette	INFO	sendToClient: {"from":"0","value":"3-b2g"}, {dc7c9265-54d7-476d-bac1-c555ed245e59}, {dc7c9265-54d7-476d-bac1-c555ed245e59}
01-01 10:21:52.890 E/GeckoConsole(   81): [JavaScript Error: "TypeError: widgetFrame is undefined" {file: "app://system.gaiamobile.org/js/cost_control.js" line: 119}]
01-01 10:21:53.240 E/WifiHW  (   81): Leo ensure_config_file_exists config_file=/data/misc/wifi/wpa_supplicant.conf
01-01 10:21:53.240 E/WifiHW  (   81): daemon_cmd=wpa_supplicant:-iwlan0 -c/data/misc/wifi/wpa_supplicant.conf
01-01 10:21:53.280 I/Gecko   (   81): 1325431313288	Marionette	INFO	sendToClient: {"from":"0","value":{"ELEMENT":"{d70fff7d-b050-46d0-8d47-77ef24adaa4b}"}}, {a85ff19c-1cfc-4c80-b88d-8a9c39e98545}, {a85ff19c-1cfc-4c80-b88d-8a9c39e98545}
01-01 10:21:53.410 I/Gecko   (   81): 1325431313417	Marionette	INFO	sendToClient: {"from":"0","value":false}, {db6f8fcd-8106-44ef-a959-10a3ef1d8ba9}, {db6f8fcd-8106-44ef-a959-10a3ef1d8ba9}
01-01 10:21:53.530 I/Gecko   (   81): 1325431313535	Marionette	INFO	sendToClient: {"from":"0","value":{"ELEMENT":"{d70fff7d-b050-46d0-8d47-77ef24adaa4b}"}}, {7070deaf-bc9a-467b-9205-94e84e038970}, {7070deaf-bc9a-467b-9205-94e84e038970}
01-01 10:21:53.670 I/Gecko   (   81): 1325431313674	Marionette	INFO	sendToClient: {"from":"0","value":false}, {fc9ee35c-748e-4613-be9f-0340e5d94a10}, {fc9ee35c-748e-4613-be9f-0340e5d94a10}
01-01 10:21:53.920 I/Gecko   (   81): 1325431313925	Marionette	INFO	sendToClient: {"from":"0","value":{"ELEMENT":"{d70fff7d-b050-46d0-8d47-77ef24adaa4b}"}}, {1de7b63a-cb9b-4f68-b3ac-f5b59e9a5eca}, {1de7b63a-cb9b-4f68-b3ac-f5b59e9a5eca}
01-01 10:21:53.980 I/Gecko   (   81): 1325431313991	Marionette	INFO	sendToClient: {"from":"0","value":false}, {57858f08-218a-4153-a359-728b69971b3c}, {57858f08-218a-4153-a359-728b69971b3c}
01-01 10:21:54.130 I/Gecko   (   81): 1325431314141	Marionette	INFO	sendToClient: {"from":"0","value":{"ELEMENT":"{d70fff7d-b050-46d0-8d47-77ef24adaa4b}"}}, {2b00d0a9-a34f-418d-934a-230160707b7c}, {2b00d0a9-a34f-418d-934a-230160707b7c}
01-01 10:21:54.200 W/WifiHW  (   81): wifi_command: LOG_LEVEL
01-01 10:21:54.200 W/WifiHW  (   81): wifi_command: STATUS
01-01 10:21:54.240 W/WifiHW  (   81): wifi_command: LIST_NETWORKS
01-01 10:21:54.240 W/WifiHW  (   81): wifi_command: DRIVER MACADDR
01-01 10:21:54.260 I/Gecko   (   81): 1325431314269	Marionette	INFO	sendToClient: {"from":"0","value":false}, {602362eb-c414-4908-afb3-ce06f927bf11}, {602362eb-c414-4908-afb3-ce06f927bf11}
01-01 10:21:54.290 W/WifiHW  (   81): wifi_command: GET_NETWORK 0 ssid
01-01 10:21:54.290 W/WifiHW  (   81): wifi_command: GET_NETWORK 0 bssid
01-01 10:21:54.290 W/WifiHW  (   81): wifi_command: GET_NETWORK 0 psk
01-01 10:21:54.290 W/WifiHW  (   81): wifi_command: GET_NETWORK 0 wep_key0
01-01 10:21:54.290 W/WifiHW  (   81): wifi_command: GET_NETWORK 0 wep_key1
01-01 10:21:54.290 W/WifiHW  (   81): wifi_command: GET_NETWORK 0 wep_key2
01-01 10:21:54.290 W/WifiHW  (   81): wifi_command: GET_NETWORK 0 wep_key3
01-01 10:21:54.300 W/WifiHW  (   81): wifi_command: GET_NETWORK 0 wep_tx_keyidx
01-01 10:21:54.300 W/WifiHW  (   81): wifi_command: GET_NETWORK 0 priority
01-01 10:21:54.300 W/WifiHW  (   81): wifi_command: GET_NETWORK 0 key_mgmt
01-01 10:21:54.300 W/WifiHW  (   81): wifi_command: GET_NETWORK 0 scan_ssid
01-01 10:21:54.300 W/WifiHW  (   81): wifi_command: GET_NETWORK 0 disabled
01-01 10:21:54.300 W/WifiHW  (   81): wifi_command: GET_NETWORK 0 identity
01-01 10:21:54.300 W/WifiHW  (   81): wifi_command: GET_NETWORK 0 password
01-01 10:21:54.300 W/WifiHW  (   81): wifi_command: GET_NETWORK 0 auth_alg
01-01 10:21:54.300 W/WifiHW  (   81): wifi_command: GET_NETWORK 0 phase1
01-01 10:21:54.300 W/WifiHW  (   81): wifi_command: GET_NETWORK 0 phase2
01-01 10:21:54.300 W/WifiHW  (   81): wifi_command: GET_NETWORK 0 eap
01-01 10:21:54.300 W/WifiHW  (   81): wifi_command: GET_NETWORK 0 pin
01-01 10:21:54.310 W/WifiHW  (   81): wifi_command: GET_NETWORK 0 pcsc
01-01 10:21:54.310 W/WifiHW  (   81): wifi_command: GET_NETWORK 1 ssid
01-01 10:21:54.310 W/WifiHW  (   81): wifi_command: GET_NETWORK 1 bssid
01-01 10:21:54.310 W/WifiHW  (   81): wifi_command: GET_NETWORK 1 psk
01-01 10:21:54.310 W/WifiHW  (   81): wifi_command: GET_NETWORK 1 wep_key0
01-01 10:21:54.310 W/WifiHW  (   81): wifi_command: GET_NETWORK 1 wep_key1
01-01 10:21:54.320 W/WifiHW  (   81): wifi_command: GET_NETWORK 1 wep_key2
01-01 10:21:54.320 W/WifiHW  (   81): wifi_command: GET_NETWORK 1 wep_key3
01-01 10:21:54.320 W/WifiHW  (   81): wifi_command: GET_NETWORK 1 wep_tx_keyidx
01-01 10:21:54.320 W/WifiHW  (   81): wifi_command: GET_NETWORK 1 priority
01-01 10:21:54.320 W/WifiHW  (   81): wifi_command: GET_NETWORK 1 key_mgmt
01-01 10:21:54.320 W/WifiHW  (   81): wifi_command: GET_NETWORK 1 scan_ssid
01-01 10:21:54.320 W/WifiHW  (   81): wifi_command: GET_NETWORK 1 disabled
01-01 10:21:54.320 W/WifiHW  (   81): wifi_command: GET_NETWORK 1 identity
01-01 10:21:54.330 W/WifiHW  (   81): wifi_command: GET_NETWORK 1 password
01-01 10:21:54.330 W/WifiHW  (   81): wifi_command: GET_NETWORK 1 auth_alg
01-01 10:21:54.330 W/WifiHW  (   81): wifi_command: GET_NETWORK 1 phase1
01-01 10:21:54.330 W/WifiHW  (   81): wifi_command: GET_NETWORK 1 phase2
01-01 10:21:54.330 W/WifiHW  (   81): wifi_command: GET_NETWORK 1 eap
01-01 10:21:54.330 W/WifiHW  (   81): wifi_command: GET_NETWORK 1 pin
01-01 10:21:54.330 W/WifiHW  (   81): wifi_command: GET_NETWORK 1 pcsc
01-01 10:21:54.330 W/WifiHW  (   81): wifi_command: GET_NETWORK 2 ssid
01-01 10:21:54.330 W/WifiHW  (   81): wifi_command: GET_NETWORK 2 bssid
01-01 10:21:54.330 W/WifiHW  (   81): wifi_command: GET_NETWORK 2 psk
01-01 10:21:54.330 W/WifiHW  (   81): wifi_command: GET_NETWORK 2 wep_key0
01-01 10:21:54.330 W/WifiHW  (   81): wifi_command: GET_NETWORK 2 wep_key1
01-01 10:21:54.330 W/WifiHW  (   81): wifi_command: GET_NETWORK 2 wep_key2
01-01 10:21:54.340 W/WifiHW  (   81): wifi_command: GET_NETWORK 2 wep_key3
01-01 10:21:54.340 W/WifiHW  (   81): wifi_command: GET_NETWORK 2 wep_tx_keyidx
01-01 10:21:54.340 W/WifiHW  (   81): wifi_command: GET_NETWORK 2 priority
01-01 10:21:54.340 W/WifiHW  (   81): wifi_command: GET_NETWORK 2 key_mgmt
01-01 10:21:54.340 W/WifiHW  (   81): wifi_command: GET_NETWORK 2 scan_ssid
01-01 10:21:54.340 W/WifiHW  (   81): wifi_command: GET_NETWORK 2 disabled
01-01 10:21:54.340 W/WifiHW  (   81): wifi_command: GET_NETWORK 2 identity
01-01 10:21:54.340 W/WifiHW  (   81): wifi_command: GET_NETWORK 2 password
01-01 10:21:54.340 W/WifiHW  (   81): wifi_command: GET_NETWORK 2 auth_alg
01-01 10:21:54.340 W/WifiHW  (   81): wifi_command: GET_NETWORK 2 phase1
01-01 10:21:54.340 W/WifiHW  (   81): wifi_command: GET_NETWORK 2 phase2
01-01 10:21:54.340 W/WifiHW  (   81): wifi_command: GET_NETWORK 2 eap
01-01 10:21:54.340 W/WifiHW  (   81): wifi_command: GET_NETWORK 2 pin
01-01 10:21:54.340 W/WifiHW  (   81): wifi_command: GET_NETWORK 2 pcsc
01-01 10:21:54.340 W/WifiHW  (   81): wifi_command: GET_NETWORK 3 ssid
01-01 10:21:54.350 W/WifiHW  (   81): wifi_command: GET_NETWORK 3 bssid
01-01 10:21:54.360 W/WifiHW  (   81): wifi_command: GET_NETWORK 3 psk
01-01 10:21:54.360 W/WifiHW  (   81): wifi_command: GET_NETWORK 3 wep_key0
01-01 10:21:54.360 W/WifiHW  (   81): wifi_command: GET_NETWORK 3 wep_key1
01-01 10:21:54.360 W/WifiHW  (   81): wifi_command: GET_NETWORK 3 wep_key2
01-01 10:21:54.360 W/WifiHW  (   81): wifi_command: GET_NETWORK 3 wep_key3
01-01 10:21:54.360 W/WifiHW  (   81): wifi_command: GET_NETWORK 3 wep_tx_keyidx
01-01 10:21:54.360 W/WifiHW  (   81): wifi_command: GET_NETWORK 3 priority
01-01 10:21:54.360 W/WifiHW  (   81): wifi_command: GET_NETWORK 3 key_mgmt
01-01 10:21:54.360 W/WifiHW  (   81): wifi_command: GET_NETWORK 3 scan_ssid
01-01 10:21:54.360 W/WifiHW  (   81): wifi_command: GET_NETWORK 3 disabled
01-01 10:21:54.360 W/WifiHW  (   81): wifi_command: GET_NETWORK 3 identity
01-01 10:21:54.360 W/WifiHW  (   81): wifi_command: GET_NETWORK 3 password
01-01 10:21:54.370 W/WifiHW  (   81): wifi_command: GET_NETWORK 3 auth_alg
01-01 10:21:54.370 W/WifiHW  (   81): wifi_command: GET_NETWORK 3 phase1
01-01 10:21:54.370 W/WifiHW  (   81): wifi_command: GET_NETWORK 3 phase2
01-01 10:21:54.370 W/WifiHW  (   81): wifi_command: GET_NETWORK 3 eap
01-01 10:21:54.370 W/WifiHW  (   81): wifi_command: GET_NETWORK 3 pin
01-01 10:21:54.370 W/WifiHW  (   81): wifi_command: GET_NETWORK 3 pcsc
01-01 10:21:54.400 W/WifiHW  (   81): wifi_command: ENABLE_NETWORK 0
01-01 10:21:54.400 W/WifiHW  (   81): wifi_command: ENABLE_NETWORK 1
01-01 10:21:54.400 W/WifiHW  (   81): wifi_command: ENABLE_NETWORK 2
01-01 10:21:54.400 W/WifiHW  (   81): wifi_command: ENABLE_NETWORK 3
01-01 10:21:54.400 W/WifiHW  (   81): wifi_command: AP_SCAN 1
01-01 10:21:54.430 W/WifiHW  (   81): wifi_command: SAVE_CONFIG
01-01 10:21:54.570 I/GeckoDump(   81): XXX FIXME : Got a mozContentEvent: accessibility-screenreader
01-01 10:21:54.660 I/GeckoDump(   81): XXX FIXME : Got a mozContentEvent: nfc-hardware-state-change
01-01 10:21:55.070 W/WifiHW  (   81): wifi_command: DRIVER SCAN-ACTIVE
01-01 10:21:55.220 W/WifiHW  (   81): wifi_command: SCAN
01-01 10:21:55.260 I/Gecko   (   81): 1325431315269	Marionette	INFO	sendToClient: {"from":"0","value":{"ELEMENT":"{d70fff7d-b050-46d0-8d47-77ef24adaa4b}"}}, {223cef48-0166-48fd-97cd-281171b1d911}, {223cef48-0166-48fd-97cd-281171b1d911}
01-01 10:21:55.260 W/WifiHW  (   81): wifi_command: DRIVER SCAN-PASSIVE
01-01 10:21:55.410 I/Gecko   (   81): 1325431315418	Marionette	INFO	sendToClient: {"from":"0","value":true}, {39b875d4-7ad5-45b9-a982-269f7215a9fa}, {39b875d4-7ad5-45b9-a982-269f7215a9fa}
01-01 10:21:55.670 I/FMRadio (   81): FMRadio is initialized.
01-01 10:21:55.790 E/GeckoConsole(   81): Content JS ERROR at app://system.gaiamobile.org/js/telephony_settings.js:23 in set_vpm_error: Error setting voice privacy.
01-01 10:21:55.800 E/GeckoConsole(   81): Content JS ERROR at app://system.gaiamobile.org/js/telephony_settings.js:23 in set_vpm_error: Error setting voice privacy.
01-01 10:21:55.880 E/GeckoConsole(   81): Content JS ERROR at app://system.gaiamobile.org/js/telephony_settings.js:42 in set_vpm_error: Error roaming preference.
01-01 10:21:55.880 E/GeckoConsole(   81): Content JS ERROR at app://system.gaiamobile.org/js/telephony_settings.js:42 in set_vpm_error: Error roaming preference.
01-01 10:21:56.160 I/Gecko:ProcessPriorityManager(   81): [Homescreen, child-id=2, pid=373] Changing priority from MASTER:CPU_NORMAL to FOREGROUND:CPU_NORMAL.
01-01 10:21:56.160 I/Gonk    (   81): Setting nice for pid 373 to 1
01-01 10:21:56.160 I/Gonk    (   81): Changed nice for pid 373 from 0 to 1.
01-01 10:21:56.160 I/Gecko:ProcessPriorityManager(   81): Making background LRU pool with size(3)
01-01 10:21:56.160 I/Gecko:ProcessPriorityManager(   81): KillBackgroundApps
01-01 10:21:56.160 I/Gecko   (   81): [Parent 81] WARNING: waitpid failed pid:373 errno:10: file /var/lib/jenkins/jobs/B2G.v1.3.0.Tarako/workspace/gecko/ipc/chromium/src/base/process_util_posix.cc, line 254
01-01 10:21:56.410 E/[Gralloc-ERROR](   81): int gralloc_register_buffer(const gralloc_module_t*, const native_handle_t*):79 Unable to register handle 0x461de560 coming from different process: 81
01-01 10:21:56.430 E/[Gralloc-ERROR](   81): int gralloc_register_buffer(const gralloc_module_t*, const native_handle_t*):79 Unable to register handle 0x461deb00 coming from different process: 81
01-01 10:21:56.520 E/[Gralloc-ERROR](   81): int gralloc_register_buffer(const gralloc_module_t*, const native_handle_t*):79 Unable to register handle 0x464e85b0 coming from different process: 81
01-01 10:21:56.520 E/[Gralloc-ERROR](   81): int gralloc_register_buffer(const gralloc_module_t*, const native_handle_t*):79 Unable to register handle 0x464e8650 coming from different process: 81
01-01 10:21:56.670 I/GeckoDump(   81): XXX FIXME : Got a mozContentEvent: inputmethod-update-layouts
01-01 10:21:56.810 I/Gecko   (   81): ############################### browserElementPanning.js loaded
01-01 10:21:56.840 I/Gecko   (   81): ######################## BrowserElementChildPreload.js loaded
01-01 10:21:56.970 I/GeckoDump(   81): XXX FIXME : Got a mozContentEvent: inputmethod-update-layouts
01-01 10:21:57.700 E/GeckoConsole(   81): [JavaScript Warning: "Error in parsing value for 'font-weight'.  Declaration dropped." {file: "app://keyboard.gaiamobile.org/style/keyboard.css" line: 132 column: 15 source: "  font-weight: medium;"}]
01-01 10:21:58.470 I/Gecko   (   81): 1325431318475	Marionette	INFO	sendToClient: {"from":"0","ok":true}, {d9d34eac-42a1-41dc-bb5d-fd6aadd96cd6}, {d9d34eac-42a1-41dc-bb5d-fd6aadd96cd6}
01-01 10:21:58.540 I/Gecko   (   81): 1325431318545	Marionette	DEBUG	Got request: switchToFrame, data: {"to":"0","sessionId":"3-b2g","name":"switchToFrame","parameters":{"id":null,"focus":true}}, id: {be587e61-fa17-4c78-83cc-8dbe74974d8d}
01-01 10:21:58.590 I/Gecko   (  373): ###################################### forms.js loaded
01-01 10:21:58.600 I/Gecko   (   81): 1325431318612	Marionette	INFO	Switched to frame: {"frameValue":null}
01-01 10:21:58.630 W/WifiHW  (   81): wifi_command: SCAN_RESULTS
01-01 10:21:58.640 W/WifiHW  (   81): wifi_command: DRIVER SCAN-PASSIVE
01-01 10:21:58.770 I/Gecko   (  373): ############################### browserElementPanning.js loaded
01-01 10:21:58.790 W/WifiHW  (   81): wifi_command: GET_NETWORK 3 ssid
01-01 10:21:58.790 W/WifiHW  (   81): wifi_command: GET_NETWORK 3 bssid
01-01 10:21:58.800 W/WifiHW  (   81): wifi_command: GET_NETWORK 3 psk
01-01 10:21:58.800 W/WifiHW  (   81): wifi_command: GET_NETWORK 3 wep_key0
01-01 10:21:58.800 W/WifiHW  (   81): wifi_command: GET_NETWORK 3 wep_key1
01-01 10:21:58.800 W/WifiHW  (   81): wifi_command: GET_NETWORK 3 wep_key2
01-01 10:21:58.800 W/WifiHW  (   81): wifi_command: GET_NETWORK 3 wep_key3
01-01 10:21:58.800 W/WifiHW  (   81): wifi_command: GET_NETWORK 3 wep_tx_keyidx
01-01 10:21:58.810 W/WifiHW  (   81): wifi_command: GET_NETWORK 3 priority
01-01 10:21:58.810 W/WifiHW  (   81): wifi_command: GET_NETWORK 3 key_mgmt
01-01 10:21:58.810 W/WifiHW  (   81): wifi_command: GET_NETWORK 3 scan_ssid
01-01 10:21:58.810 W/WifiHW  (   81): wifi_command: GET_NETWORK 3 disabled
01-01 10:21:58.810 W/WifiHW  (   81): wifi_command: GET_NETWORK 3 identity
01-01 10:21:58.810 W/WifiHW  (   81): wifi_command: GET_NETWORK 3 password
01-01 10:21:58.810 W/WifiHW  (   81): wifi_command: GET_NETWORK 3 auth_alg
01-01 10:21:58.810 W/WifiHW  (   81): wifi_command: GET_NETWORK 3 phase1
01-01 10:21:58.820 W/WifiHW  (   81): wifi_command: GET_NETWORK 3 phase2
01-01 10:21:58.830 W/WifiHW  (   81): wifi_command: GET_NETWORK 3 eap
01-01 10:21:58.830 W/WifiHW  (   81): wifi_command: GET_NETWORK 3 pin
01-01 10:21:58.830 W/WifiHW  (   81): wifi_command: GET_NETWORK 3 pcsc
01-01 10:21:58.890 I/Gecko   (   81): 1325431318895	Marionette	INFO	sendToClient: {"from":"0","ok":true}, {be587e61-fa17-4c78-83cc-8dbe74974d8d}, {be587e61-fa17-4c78-83cc-8dbe74974d8d}
01-01 10:21:58.930 E/Profiler(   81): BPUnw: [1 total] thread_unregister_for_profiling(me=0x2d6038)  (NOT REGISTERED) 
01-01 10:21:59.070 W/WifiHW  (   81): wifi_command: SIGNAL_POLL
01-01 10:21:59.110 I/Gecko   (   81): 1325431319121	Marionette	DEBUG	Got request: executeWithCallback, data: {"to":"0","sessionId":"3-b2g","name":"executeAsyncScript","parameters":{"specialPowers":false,"scriptTimeout":null,"newSandbox":true,"args":[],"filename":"gaia_test.py","script":"GaiaLockScreen.unlock()","line":810}}, id: {8219c688-98ed-4dcd-b72f-3d3e6d69c8e0}
01-01 10:21:59.500 W/WifiHW  (   81): wifi_command: GET_NETWORK 3 ssid
01-01 10:21:59.500 W/WifiHW  (   81): wifi_command: GET_NETWORK 3 bssid
01-01 10:21:59.500 W/WifiHW  (   81): wifi_command: GET_NETWORK 3 psk
01-01 10:21:59.500 W/WifiHW  (   81): wifi_command: GET_NETWORK 3 wep_key0
01-01 10:21:59.500 W/WifiHW  (   81): wifi_command: GET_NETWORK 3 wep_key1
01-01 10:21:59.500 W/WifiHW  (   81): wifi_command: GET_NETWORK 3 wep_key2
01-01 10:21:59.500 W/WifiHW  (   81): wifi_command: GET_NETWORK 3 wep_key3
01-01 10:21:59.500 W/WifiHW  (   81): wifi_command: GET_NETWORK 3 wep_tx_keyidx
01-01 10:21:59.500 W/WifiHW  (   81): wifi_command: GET_NETWORK 3 priority
01-01 10:21:59.500 W/WifiHW  (   81): wifi_command: GET_NETWORK 3 key_mgmt
01-01 10:21:59.530 W/WifiHW  (   81): wifi_command: GET_NETWORK 3 scan_ssid
01-01 10:21:59.530 W/WifiHW  (   81): wifi_command: GET_NETWORK 3 disabled
01-01 10:21:59.530 W/WifiHW  (   81): wifi_command: GET_NETWORK 3 identity
01-01 10:21:59.530 W/WifiHW  (   81): wifi_command: GET_NETWORK 3 password
01-01 10:21:59.530 W/WifiHW  (   81): wifi_command: GET_NETWORK 3 auth_alg
01-01 10:21:59.530 W/WifiHW  (   81): wifi_command: GET_NETWORK 3 phase1
01-01 10:21:59.530 W/WifiHW  (   81): wifi_command: GET_NETWORK 3 phase2
01-01 10:21:59.530 W/WifiHW  (   81): wifi_command: GET_NETWORK 3 eap
01-01 10:21:59.530 W/WifiHW  (   81): wifi_command: GET_NETWORK 3 pin
01-01 10:21:59.540 W/WifiHW  (   81): wifi_command: GET_NETWORK 3 pcsc
01-01 10:21:59.540 D/DHCP    (   81): failed to set prefixLength 0: Cannot assign requested address
01-01 10:21:59.540 D/DHCP    (   81): socket() failed: Address family not supported by protocol
01-01 10:21:59.690 I/Gecko   (  373): ######################## BrowserElementChildPreload.js loaded
01-01 10:21:59.810 I/Gecko   (   81): 1325431319812	Marionette	INFO	sendToClient: {"from":"0","value":{"passed":0,"failed":0,"failures":[]}}, {8219c688-98ed-4dcd-b72f-3d3e6d69c8e0}, {8219c688-98ed-4dcd-b72f-3d3e6d69c8e0}
01-01 10:22:00.520 E/[Gralloc-ERROR](   81): int gralloc_register_buffer(const gralloc_module_t*, const native_handle_t*):79 Unable to register handle 0x44317380 coming from different process: 81
01-01 10:22:00.530 E/[Gralloc-ERROR](   81): int gralloc_register_buffer(const gralloc_module_t*, const native_handle_t*):79 Unable to register handle 0x44361560 coming from different process: 81
01-01 10:22:00.570 E/[Gralloc-ERROR](   81): int gralloc_register_buffer(const gralloc_module_t*, const native_handle_t*):79 Unable to register handle 0x44361970 coming from different process: 81
01-01 10:22:00.570 E/[Gralloc-ERROR](   81): int gralloc_register_buffer(const gralloc_module_t*, const native_handle_t*):79 Unable to register handle 0x44387240 coming from different process: 81
01-01 10:22:00.570 E/[Gralloc-ERROR](   81): int gralloc_register_buffer(const gralloc_module_t*, const native_handle_t*):79 Unable to register handle 0x4438ac40 coming from different process: 81
01-01 10:22:00.570 E/[Gralloc-ERROR](   81): int gralloc_register_buffer(const gralloc_module_t*, const native_handle_t*):79 Unable to register handle 0x443c0970 coming from different process: 81
01-01 10:22:00.700 E/[Gralloc-ERROR](   81): int gralloc_unregister_buffer(const gralloc_module_t*, const native_handle_t*):274 Trying to unregister buffer 0x464e8650 from process 81 that was not created in current process: 81
01-01 10:22:00.700 E/[Gralloc-ERROR](   81): int gralloc_unregister_buffer(const gralloc_module_t*, const native_handle_t*):274 Trying to unregister buffer 0x464e85b0 from process 81 that was not created in current process: 81
01-01 10:22:00.850 I/GeckoDump(   81): XXX FIXME : Got a mozContentEvent: nfc-hardware-state-change
01-01 10:22:00.880 I/GeckoDump(   81): XXX FIXME : Got a mozContentEvent: nfc-hardware-state-change
01-01 10:22:01.070 E/[Gralloc-ERROR](   81): int gralloc_unregister_buffer(const gralloc_module_t*, const native_handle_t*):274 Trying to unregister buffer 0x44361560 from process 81 that was not created in current process: 81
01-01 10:22:01.080 E/[Gralloc-ERROR](   81): int gralloc_unregister_buffer(const gralloc_module_t*, const native_handle_t*):274 Trying to unregister buffer 0x44317380 from process 81 that was not created in current process: 81
01-01 10:22:01.080 E/[Gralloc-ERROR](   81): int gralloc_unregister_buffer(const gralloc_module_t*, const native_handle_t*):274 Trying to unregister buffer 0x44387240 from process 81 that was not created in current process: 81
01-01 10:22:01.080 E/[Gralloc-ERROR](   81): int gralloc_unregister_buffer(const gralloc_module_t*, const native_handle_t*):274 Trying to unregister buffer 0x44361970 from process 81 that was not created in current process: 81
01-01 10:22:01.080 E/[Gralloc-ERROR](   81): int gralloc_unregister_buffer(const gralloc_module_t*, const native_handle_t*):274 Trying to unregister buffer 0x443c0970 from process 81 that was not created in current process: 81
01-01 10:22:01.080 E/[Gralloc-ERROR](   81): int gralloc_unregister_buffer(const gralloc_module_t*, const native_handle_t*):274 Trying to unregister buffer 0x4438ac40 from process 81 that was not created in current process: 81
01-01 10:22:01.080 I/Gecko   (   81): 1325431321085	Marionette	INFO	sendToClient: {"from":"0","ok":true}, {2fa35b08-ece4-4727-b2f6-fc49ba71ba34}, {2fa35b08-ece4-4727-b2f6-fc49ba71ba34}
01-01 10:22:01.170 I/Gecko   (   81): 1325431321180	Marionette	DEBUG	Got request: switchToFrame, data: {"to":"0","sessionId":"3-b2g","name":"switchToFrame","parameters":{"id":null,"focus":true}}, id: {6a970de9-93f3-42df-add2-c82caebb8e0d}
01-01 10:22:01.220 I/Gecko   (   81): 1325431321230	Marionette	INFO	Switched to frame: {"frameValue":null}
01-01 10:22:01.260 I/Gecko:ProcessPriorityManager(   81): [(Preallocated), child-id=3, pid=420] Creating ParticularProcessPriorityManager.
01-01 10:22:01.260 I/Gecko:ProcessPriorityManager(   81): [(Preallocated), child-id=3, pid=420] Done starting up.  mHoldsCPUWakeLock=0, mHoldsHighPriorityWakeLock=0
01-01 10:22:01.260 I/Gecko:ProcessPriorityManager(   81): [(Preallocated), child-id=3, pid=420] Changing priority from UNKNOWN:CPU_NORMAL to MASTER:CPU_NORMAL.
01-01 10:22:01.260 I/Gonk    (   81): Setting nice for pid 420 to 0
01-01 10:22:01.260 I/Gonk    (   81): Changed nice for pid 420 from 0 to 0.
01-01 10:22:01.260 I/Gecko:ProcessPriorityManager(   81): [Homescreen, child-id=2, pid=373] Changing priority from FOREGROUND:CPU_NORMAL to FOREGROUND:CPU_LOW.
01-01 10:22:01.260 I/Gonk    (   81): Setting nice for pid 373 to 18
01-01 10:22:01.260 I/Gonk    (   81): Changed nice for pid 373 from 1 to 18.
01-01 10:22:01.260 I/Gecko:ProcessPriorityManager(   81): KillBackgroundApps
01-01 10:22:01.350 I/Gecko   (   81): 1325431321359	Marionette	INFO	sendToClient: {"from":"0","ok":true}, {6a970de9-93f3-42df-add2-c82caebb8e0d}, {6a970de9-93f3-42df-add2-c82caebb8e0d}
01-01 10:22:01.360 I/Gecko   (   81): 1325431321368	Marionette	DEBUG	Got request: executeWithCallback, data: {"to":"0","sessionId":"3-b2g","name":"executeAsyncScript","parameters":{"specialPowers":false,"scriptTimeout":60000,"newSandbox":true,"args":[],"filename":"app_checker.py","script":"\n        GaiaApps.locateWithManifestURL('https://marketplace.firefox.com/app/be80be95-d68d-471e-9b3c-69da044c0b3f/manifest.webapp',\n                                       null,\n                                       function uninstall(app) {\n                                       navigator.mozApps.mgmt.uninstall(app);\n                                       marionetteScriptFinished(true);\n                                       });\n        ","line":129}}, id: {c862887c-f40c-45fe-bee3-ef06af62d16e}
01-01 10:22:01.390 I/Gecko   (   81): 1325431321396	Marionette	INFO	sendToClient: {"from":"0","error":{"message":"TypeError: app is null","status":17,"stacktrace":"execute_async_script @app_checker.py, line 129\ninline javascript, line 221\nsrc: \"      appName = app.manifest.name;\""}}, {c862887c-f40c-45fe-bee3-ef06af62d16e}, {c862887c-f40c-45fe-bee3-ef06af62d16e}