--------- beginning of /dev/log/system
01-01 00:34:16.590 I/Vold    (   75): Vold 2.1 (the revenge) firing up
01-01 00:34:16.590 D/Vold    (   75): Volume sdcard state changing -1 (Initializing) -> 0 (No-Media)
01-01 00:34:16.670 D/Vold    (   75): Volume sdcard state changing 0 (No-Media) -> 2 (Pending)
01-01 00:34:16.670 D/Vold    (   75): Volume sdcard state changing 2 (Pending) -> 1 (Idle-Unmounted)
01-01 00:34:21.700 D/VoldCmdListener(   75): volume list
01-01 00:34:21.710 D/VoldCmdListener(   75): volume mount sdcard
01-01 00:34:21.710 I/Vold    (   75): /dev/block/vold/179:1 being considered for volume sdcard
01-01 00:34:21.710 D/Vold    (   75): Volume sdcard state changing 1 (Idle-Unmounted) -> 3 (Checking)
01-01 00:34:21.710 W/Vold    (   75): Skipping fs checks
01-01 00:34:21.760 I/Vold    (   75): Device /dev/block/vold/179:1, target /mnt/sdcard mounted @ /mnt/secure/staging
01-01 00:34:21.760 D/Vold    (   75): Volume sdcard state changing 3 (Checking) -> 4 (Mounted)
--------- beginning of /dev/log/main
01-01 00:34:32.810 D/SPRDENG (  168): 37
01-01 00:34:32.810 D/SPRDENG (  168): 65
01-01 00:34:32.810 D/SPRDENG (  168): 36
01-01 00:34:32.810 D/SPRDENG (  168): 61
01-01 00:34:32.810 D/SPRDENG (  168): 38
01-01 00:34:32.810 D/SPRDENG (  168): 36
01-01 00:34:32.810 D/SPRDENG (  168): 38
01-01 00:34:32.810 D/SPRDENG (  168): 64
01-01 00:34:32.810 D/SPRDENG (  168): 37
01-01 00:34:32.810 D/SPRDENG (  168): 65
01-01 00:34:32.810 D/SPRDENG (  168): 36
01-01 00:34:32.810 D/SPRDENG (  168): 61
01-01 00:34:32.810 D/SPRDENG (  168): 39
01-01 00:34:32.810 D/SPRDENG (  168): 30
01-01 00:34:32.810 D/SPRDENG (  168): 39
01-01 00:34:32.810 D/SPRDENG (  168): 63
01-01 00:34:32.810 D/SPRDENG (  168): 37
01-01 00:34:32.810 D/SPRDENG (  168): 65
01-01 00:34:32.810 D/SPRDENG (  168): 36
01-01 00:34:32.810 D/SPRDENG (  168): 61
01-01 00:34:32.810 D/SPRDENG (  168): 1a
01-01 00:34:32.820 D/SPRDENG (  168): eng_modem2server: use SIM1 /dev/CHNPTY13
01-01 00:34:32.820 D/SPRDENG (  168): AT < 
01-01 00:34:32.820 D/SPRDENG (  168): OK
01-01 00:34:32.820 D/SPRDENG (  168): 
01-01 00:34:32.820 E/        (   92): nvcal_recv_from_modem: Receive 1 Modem Response
01-01 00:34:32.820 E/        (   92): write_rf_nvconf_cmd: wifi recv_num =6, response=[
01-01 00:34:32.820 E/        (   92): OK
01-01 00:34:32.820 E/        (   92): ]
01-01 00:34:32.920 E/        (   92): write_rf_nvconf_cmd
01-01 00:34:32.920 E/        (   92): write_rf_nvconf_cmd: send [39,1,AT+SNVM=1,417]
01-01 00:34:32.920 E/        (   92): write data cmdbuf:[39,1,AT+SNVM=1,417]
01-01 00:34:32.920 E/        (   92): nvcal_send_to_modem
01-01 00:34:32.920 E/        (   92): nvcal_recv_from_modem: Waiting modem response ... fd=7
01-01 00:34:32.920 D/SPRDENG (  168): eng_servermodem_comm: use SIM1 /dev/CHNPTY13
01-01 00:34:32.920 D/SPRDENG (  168): AT > AT+SNVM=1,417
01-01 00:34:32.920 D/SPRDENG (  168): 41
01-01 00:34:32.920 D/SPRDENG (  168): 54
01-01 00:34:32.920 D/SPRDENG (  168): 2b
01-01 00:34:32.920 D/SPRDENG (  168): 53
01-01 00:34:32.920 D/SPRDENG (  168): 4e
01-01 00:34:32.920 D/SPRDENG (  168): 56
01-01 00:34:32.920 D/SPRDENG (  168): 4d
01-01 00:34:32.920 D/SPRDENG (  168): 3d
01-01 00:34:32.920 D/SPRDENG (  168): 31
01-01 00:34:32.920 D/SPRDENG (  168): 2c
01-01 00:34:32.920 D/SPRDENG (  168): 34
01-01 00:34:32.920 D/SPRDENG (  168): 31
01-01 00:34:32.920 D/SPRDENG (  168): 37
01-01 00:34:32.920 D/SPRDENG (  168): eng_modem2server: use SIM1 /dev/CHNPTY13
01-01 00:34:32.920 D/SPRDENG (  168): AT < 
01-01 00:34:32.920 D/SPRDENG (  168): > 
01-01 00:34:32.920 D/SPRDENG (  168): 
01-01 00:34:32.920 E/        (   92): nvcal_recv_from_modem: Receive 1 Modem Response
01-01 00:34:32.920 E/        (   92): recv from modem cmdbuf=[
01-01 00:34:32.920 E/        (   92): > 
01-01 00:34:32.920 E/        (   92): ]
01-01 00:34:33.020 E/        (   92): (strstr(cmdbuf, ">") != NULL)
01-01 00:34:33.020 E/        (   92): write_rf_nvconf_cmd: cmd_len[406], nv_len[400]
01-01 00:34:33.020 E/        (   92): write_rf_nvconf_cmd: cmd_buf:[39,1,1b0050021f00500221005002030050023d0050022000500224005002280050023d0050022000500224005002280050021c1c00001c1c000040020000000000000000000000000000000000000000000000000000000000000000000000000000000000000000000000000000000000000000000000000000bbbec2c61a231c2300000000000000001a231c2300000000000000001b231c2300000000000000001b231c2300000000000000001b231c2300000000000000000000000000000000000000002c000000]
01-01 00:34:33.020 E/        (   92): nvcal_send_to_modem
01-01 00:34:33.020 E/        (   92): nvcal_recv_from_modem: Waiting modem response ... fd=7
01-01 00:34:33.020 D/SPRDENG (  168): eng_servermodem_comm: use SIM1 /dev/CHNPTY13
01-01 00:34:33.020 D/SPRDENG (  168): AT > 1b0050021f00500221005002030050023d0050022000500224005002280050023d0050022000500224005002280050021c1c00001c1c000040020000000000000000000000000000000000000000000000000000000000000000000000000000000000000000000000000000000000000000000000000000bbbec2c61a231c2300000000000000001a231c2300000000000000001b231c2300000000000000001b231c2300000000000000001b231c2300000000000000000000000000000000000000002c000000
01-01 00:34:33.020 D/SPRDENG (  168): 31
01-01 00:34:33.020 D/SPRDENG (  168): 62
01-01 00:34:33.020 D/SPRDENG (  168): 30
01-01 00:34:33.020 D/SPRDENG (  168): 30
01-01 00:34:33.020 D/SPRDENG (  168): 35
01-01 00:34:33.020 D/SPRDENG (  168): 30
01-01 00:34:33.020 D/SPRDENG (  168): 30
01-01 00:34:33.020 D/SPRDENG (  168): 32
01-01 00:34:33.020 D/SPRDENG (  168): 31
01-01 00:34:33.020 D/SPRDENG (  168): 66
01-01 00:34:33.020 D/SPRDENG (  168): 30
01-01 00:34:33.020 D/SPRDENG (  168): 30
01-01 00:34:33.020 D/SPRDENG (  168): 35
01-01 00:34:33.020 D/SPRDENG (  168): 30
01-01 00:34:33.020 D/SPRDENG (  168): 30
01-01 00:34:33.020 D/SPRDENG (  168): 32
01-01 00:34:33.020 D/SPRDENG (  168): 32
01-01 00:34:33.020 D/SPRDENG (  168): 31
01-01 00:34:33.020 D/SPRDENG (  168): 30
01-01 00:34:33.020 D/SPRDENG (  168): 30
01-01 00:34:33.020 D/SPRDENG (  168): 35
01-01 00:34:33.020 D/SPRDENG (  168): 30
01-01 00:34:33.020 D/SPRDENG (  168): 30
01-01 00:34:33.020 D/SPRDENG (  168): 32
01-01 00:34:33.020 D/SPRDENG (  168): 30
01-01 00:34:33.020 D/SPRDENG (  168): 33
01-01 00:34:33.020 D/SPRDENG (  168): 30
01-01 00:34:33.020 D/SPRDENG (  168): 30
01-01 00:34:33.020 D/SPRDENG (  168): 35
01-01 00:34:33.020 D/SPRDENG (  168): 30
01-01 00:34:33.020 D/SPRDENG (  168): 30
01-01 00:34:33.020 D/SPRDENG (  168): 32
01-01 00:34:33.020 D/SPRDENG (  168): 33
01-01 00:34:33.020 D/SPRDENG (  168): 64
01-01 00:34:33.020 D/SPRDENG (  168): 30
01-01 00:34:33.020 D/SPRDENG (  168): 30
01-01 00:34:33.020 D/SPRDENG (  168): 35
01-01 00:34:33.020 D/SPRDENG (  168): 30
01-01 00:34:33.020 D/SPRDENG (  168): 30
01-01 00:34:33.020 D/SPRDENG (  168): 32
01-01 00:34:33.020 D/SPRDENG (  168): 32
01-01 00:34:33.020 D/SPRDENG (  168): 30
01-01 00:34:33.020 D/SPRDENG (  168): 30
01-01 00:34:33.020 D/SPRDENG (  168): 30
01-01 00:34:33.020 D/SPRDENG (  168): 35
01-01 00:34:33.020 D/SPRDENG (  168): 30
01-01 00:34:33.020 D/SPRDENG (  168): 30
01-01 00:34:33.020 D/SPRDENG (  168): 32
01-01 00:34:33.020 D/SPRDENG (  168): 32
01-01 00:34:33.020 D/SPRDENG (  168): 34
01-01 00:34:33.020 D/SPRDENG (  168): 30
01-01 00:34:33.020 D/SPRDENG (  168): 30
01-01 00:34:33.020 D/SPRDENG (  168): 35
01-01 00:34:33.020 D/SPRDENG (  168): 30
01-01 00:34:33.020 D/SPRDENG (  168): 30
01-01 00:34:33.020 D/SPRDENG (  168): 32
01-01 00:34:33.020 D/SPRDENG (  168): 32
01-01 00:34:33.020 D/SPRDENG (  168): 38
01-01 00:34:33.020 D/SPRDENG (  168): 30
01-01 00:34:33.020 D/SPRDENG (  168): 30
01-01 00:34:33.020 D/SPRDENG (  168): 35
01-01 00:34:33.020 D/SPRDENG (  168): 30
01-01 00:34:33.020 D/SPRDENG (  168): 30
01-01 00:34:33.020 D/SPRDENG (  168): 32
01-01 00:34:33.020 D/SPRDENG (  168): 33
01-01 00:34:33.020 D/SPRDENG (  168): 64
01-01 00:34:33.020 D/SPRDENG (  168): 30
01-01 00:34:33.020 D/SPRDENG (  168): 30
01-01 00:34:33.020 D/SPRDENG (  168): 35
01-01 00:34:33.020 D/SPRDENG (  168): 30
01-01 00:34:33.020 D/SPRDENG (  168): 30
01-01 00:34:33.020 D/SPRDENG (  168): 32
01-01 00:34:33.020 D/SPRDENG (  168): 32
01-01 00:34:33.020 D/SPRDENG (  168): 30
01-01 00:34:33.020 D/SPRDENG (  168): 30
01-01 00:34:33.020 D/SPRDENG (  168): 30
01-01 00:34:33.020 D/SPRDENG (  168): 35
01-01 00:34:33.020 D/SPRDENG (  168): 30
01-01 00:34:33.020 D/SPRDENG (  168): 30
01-01 00:34:33.020 D/SPRDENG (  168): 32
01-01 00:34:33.020 D/SPRDENG (  168): 32
01-01 00:34:33.020 D/SPRDENG (  168): 34
01-01 00:34:33.020 D/SPRDENG (  168): 30
01-01 00:34:33.020 D/SPRDENG (  168): 30
01-01 00:34:33.020 D/SPRDENG (  168): 35
01-01 00:34:33.020 D/SPRDENG (  168): 30
01-01 00:34:33.020 D/SPRDENG (  168): 30
01-01 00:34:33.020 D/SPRDENG (  168): 32
01-01 00:34:33.020 D/SPRDENG (  168): 32
01-01 00:34:33.020 D/SPRDENG (  168): 38
01-01 00:34:33.020 D/SPRDENG (  168): 30
01-01 00:34:33.020 D/SPRDENG (  168): 30
01-01 00:34:33.020 D/SPRDENG (  168): 35
01-01 00:34:33.020 D/SPRDENG (  168): 30
01-01 00:34:33.020 D/SPRDENG (  168): 30
01-01 00:34:33.020 D/SPRDENG (  168): 32
01-01 00:34:33.020 D/SPRDENG (  168): 31
01-01 00:34:33.020 D/SPRDENG (  168): 63
01-01 00:34:33.020 D/SPRDENG (  168): 31
01-01 00:34:33.020 D/SPRDENG (  168): 63
01-01 00:34:33.020 D/SPRDENG (  168): 30
01-01 00:34:33.020 D/SPRDENG (  168): 30
01-01 00:34:33.020 D/SPRDENG (  168): 30
01-01 00:34:33.020 D/SPRDENG (  168): 30
01-01 00:34:33.020 D/SPRDENG (  168): 31
01-01 00:34:33.020 D/SPRDENG (  168): 63
01-01 00:34:33.020 D/SPRDENG (  168): 31
01-01 00:34:33.020 D/SPRDENG (  168): 63
01-01 00:34:33.020 D/SPRDENG (  168): 30
01-01 00:34:33.020 D/SPRDENG (  168): 30
01-01 00:34:33.020 D/SPRDENG (  168): 30
01-01 00:34:33.020 D/SPRDENG (  168): 30
01-01 00:34:33.020 D/SPRDENG (  168): 34
01-01 00:34:33.020 D/SPRDENG (  168): 30
01-01 00:34:33.020 D/SPRDENG (  168): 30
01-01 00:34:33.020 D/SPRDENG (  168): 32
01-01 00:34:33.020 D/SPRDENG (  168): 30
01-01 00:34:33.020 D/SPRDENG (  168): 30
01-01 00:34:33.020 D/SPRDENG (  168): 30
01-01 00:34:33.020 D/SPRDENG (  168): 30
01-01 00:34:33.020 D/SPRDENG (  168): 30
01-01 00:34:33.020 D/SPRDENG (  168): 30
01-01 00:34:33.020 D/SPRDENG (  168): 30
01-01 00:34:33.020 D/SPRDENG (  168): 30
01-01 00:34:33.020 D/SPRDENG (  168): 30
01-01 00:34:33.020 D/SPRDENG (  168): 30
01-01 00:34:33.020 D/SPRDENG (  168): 30
01-01 00:34:33.020 D/SPRDENG (  168): 30
01-01 00:34:33.020 D/SPRDENG (  168): 30
01-01 00:34:33.020 D/SPRDENG (  168): 30
01-01 00:34:33.020 D/SPRDENG (  168): 30
01-01 00:34:33.020 D/SPRDENG (  168): 30
01-01 00:34:33.020 D/SPRDENG (  168): 30
01-01 00:34:33.020 D/SPRDENG (  168): 30
01-01 00:34:33.020 D/SPRDENG (  168): 30
01-01 00:34:33.020 D/SPRDENG (  168): 30
01-01 00:34:33.020 D/SPRDENG (  168): 30
01-01 00:34:33.020 D/SPRDENG (  168): 30
01-01 00:34:33.020 D/SPRDENG (  168): 30
01-01 00:34:33.020 D/SPRDENG (  168): 30
01-01 00:34:33.020 D/SPRDENG (  168): 30
01-01 00:34:33.020 D/SPRDENG (  168): 30
01-01 00:34:33.020 D/SPRDENG (  168): 30
01-01 00:34:33.020 D/SPRDENG (  168): 30
01-01 00:34:33.020 D/SPRDENG (  168): 30
01-01 00:34:33.020 D/SPRDENG (  168): 30
01-01 00:34:33.020 D/SPRDENG (  168): 30
01-01 00:34:33.020 D/SPRDENG (  168): 30
01-01 00:34:33.020 D/SPRDENG (  168): 30
01-01 00:34:33.020 D/SPRDENG (  168): 30
01-01 00:34:33.020 D/SPRDENG (  168): 30
01-01 00:34:33.020 D/SPRDENG (  168): 30
01-01 00:34:33.020 D/SPRDENG (  168): 30
01-01 00:34:33.020 D/SPRDENG (  168): 30
01-01 00:34:33.020 D/SPRDENG (  168): 30
01-01 00:34:33.020 D/SPRDENG (  168): 30
01-01 00:34:33.020 D/SPRDENG (  168): 30
01-01 00:34:33.020 D/SPRDENG (  168): 30
01-01 00:34:33.020 D/SPRDENG (  168): 30
01-01 00:34:33.020 D/SPRDENG (  168): 30
01-01 00:34:33.020 D/SPRDENG (  168): 30
01-01 00:34:33.020 D/SPRDENG (  168): 30
01-01 00:34:33.020 D/SPRDENG (  168): 30
01-01 00:34:33.020 D/SPRDENG (  168): 30
01-01 00:34:33.020 D/SPRDENG (  168): 30
01-01 00:34:33.020 D/SPRDENG (  168): 30
01-01 00:34:33.020 D/SPRDENG (  168): 30
01-01 00:34:33.020 D/SPRDENG (  168): 30
01-01 00:34:33.020 D/SPRDENG (  168): 30
01-01 00:34:33.020 D/SPRDENG (  168): 30
01-01 00:34:33.020 D/SPRDENG (  168): 30
01-01 00:34:33.020 D/SPRDENG (  168): 30
01-01 00:34:33.020 D/SPRDENG (  168): 30
01-01 00:34:33.020 D/SPRDENG (  168): 30
01-01 00:34:33.020 D/SPRDENG (  168): 30
01-01 00:34:33.020 D/SPRDENG (  168): 30
01-01 00:34:33.020 D/SPRDENG (  168): 30
01-01 00:34:33.020 D/SPRDENG (  168): 30
01-01 00:34:33.020 D/SPRDENG (  168): 30
01-01 00:34:33.020 D/SPRDENG (  168): 30
01-01 00:34:33.020 D/SPRDENG (  168): 30
01-01 00:34:33.020 D/SPRDENG (  168): 30
01-01 00:34:33.020 D/SPRDENG (  168): 30
01-01 00:34:33.020 D/SPRDENG (  168): 30
01-01 00:34:33.020 D/SPRDENG (  168): 30
01-01 00:34:33.020 D/SPRDENG (  168): 30
01-01 00:34:33.020 D/SPRDENG (  168): 30
01-01 00:34:33.020 D/SPRDENG (  168): 30
01-01 00:34:33.020 D/SPRDENG (  168): 30
01-01 00:34:33.020 D/SPRDENG (  168): 30
01-01 00:34:33.020 D/SPRDENG (  168): 30
01-01 00:34:33.020 D/SPRDENG (  168): 30
01-01 00:34:33.020 D/SPRDENG (  168): 30
01-01 00:34:33.020 D/SPRDENG (  168): 30
01-01 00:34:33.020 D/SPRDENG (  168): 30
01-01 00:34:33.020 D/SPRDENG (  168): 30
01-01 00:34:33.020 D/SPRDENG (  168): 30
01-01 00:34:33.020 D/SPRDENG (  168): 30
01-01 00:34:33.020 D/SPRDENG (  168): 30
01-01 00:34:33.020 D/SPRDENG (  168): 30
01-01 00:34:33.020 D/SPRDENG (  168): 30
01-01 00:34:33.020 D/SPRDENG (  168): 30
01-01 00:34:33.020 D/SPRDENG (  168): 30
01-01 00:34:33.020 D/SPRDENG (  168): 30
01-01 00:34:33.020 D/SPRDENG (  168): 30
01-01 00:34:33.020 D/SPRDENG (  168): 30
01-01 00:34:33.020 D/SPRDENG (  168): 30
01-01 00:34:33.020 D/SPRDENG (  168): 30
01-01 00:34:33.020 D/SPRDENG (  168): 30
01-01 00:34:33.020 D/SPRDENG (  168): 30
01-01 00:34:33.020 D/SPRDENG (  168): 30
01-01 00:34:33.020 D/SPRDENG (  168): 30
01-01 00:34:33.020 D/SPRDENG (  168): 30
01-01 00:34:33.020 D/SPRDENG (  168): 30
01-01 00:34:33.020 D/SPRDENG (  168): 30
01-01 00:34:33.020 D/SPRDENG (  168): 30
01-01 00:34:33.020 D/SPRDENG (  168): 30
01-01 00:34:33.020 D/SPRDENG (  168): 30
01-01 00:34:33.020 D/SPRDENG (  168): 30
01-01 00:34:33.020 D/SPRDENG (  168): 30
01-01 00:34:33.020 D/SPRDENG (  168): 30
01-01 00:34:33.020 D/SPRDENG (  168): 30
01-01 00:34:33.020 D/SPRDENG (  168): 30
01-01 00:34:33.020 D/SPRDENG (  168): 30
01-01 00:34:33.020 D/SPRDENG (  168): 30
01-01 00:34:33.020 D/SPRDENG (  168): 30
01-01 00:34:33.020 D/SPRDENG (  168): 30
01-01 00:34:33.020 D/SPRDENG (  168): 30
01-01 00:34:33.020 D/SPRDENG (  168): 30
01-01 00:34:33.020 D/SPRDENG (  168): 30
01-01 00:34:33.020 D/SPRDENG (  168): 30
01-01 00:34:33.020 D/SPRDENG (  168): 30
01-01 00:34:33.020 D/SPRDENG (  168): 30
01-01 00:34:33.020 D/SPRDENG (  168): 30
01-01 00:34:33.020 D/SPRDENG (  168): 30
01-01 00:34:33.020 D/SPRDENG (  168): 30
01-01 00:34:33.020 D/SPRDENG (  168): 30
01-01 00:34:33.020 D/SPRDENG (  168): 30
01-01 00:34:33.020 D/SPRDENG (  168): 30
01-01 00:34:33.020 D/SPRDENG (  168): 30
01-01 00:34:33.020 D/SPRDENG (  168): 62
01-01 00:34:33.020 D/SPRDENG (  168): 62
01-01 00:34:33.020 D/SPRDENG (  168): 62
01-01 00:34:33.020 D/SPRDENG (  168): 65
01-01 00:34:33.020 D/SPRDENG (  168): 63
01-01 00:34:33.020 D/SPRDENG (  168): 32
01-01 00:34:33.020 D/SPRDENG (  168): 63
01-01 00:34:33.020 D/SPRDENG (  168): 36
01-01 00:34:33.020 D/SPRDENG (  168): 31
01-01 00:34:33.020 D/SPRDENG (  168): 61
01-01 00:34:33.020 D/SPRDENG (  168): 32
01-01 00:34:33.020 D/SPRDENG (  168): 33
01-01 00:34:33.020 D/SPRDENG (  168): 31
01-01 00:34:33.020 D/SPRDENG (  168): 63
01-01 00:34:33.020 D/SPRDENG (  168): 32
01-01 00:34:33.020 D/SPRDENG (  168): 33
01-01 00:34:33.020 D/SPRDENG (  168): 30
01-01 00:34:33.020 D/SPRDENG (  168): 30
01-01 00:34:33.020 D/SPRDENG (  168): 30
01-01 00:34:33.020 D/SPRDENG (  168): 30
01-01 00:34:33.020 D/SPRDENG (  168): 30
01-01 00:34:33.020 D/SPRDENG (  168): 30
01-01 00:34:33.020 D/SPRDENG (  168): 30
01-01 00:34:33.020 D/SPRDENG (  168): 30
01-01 00:34:33.020 D/SPRDENG (  168): 30
01-01 00:34:33.020 D/SPRDENG (  168): 30
01-01 00:34:33.020 D/SPRDENG (  168): 30
01-01 00:34:33.020 D/SPRDENG (  168): 30
01-01 00:34:33.020 D/SPRDENG (  168): 30
01-01 00:34:33.020 D/SPRDENG (  168): 30
01-01 00:34:33.020 D/SPRDENG (  168): 30
01-01 00:34:33.020 D/SPRDENG (  168): 30
01-01 00:34:33.020 D/SPRDENG (  168): 31
01-01 00:34:33.020 D/SPRDENG (  168): 61
01-01 00:34:33.020 D/SPRDENG (  168): 32
01-01 00:34:33.020 D/SPRDENG (  168): 33
01-01 00:34:33.020 D/SPRDENG (  168): 31
01-01 00:34:33.020 D/SPRDENG (  168): 63
01-01 00:34:33.020 D/SPRDENG (  168): 32
01-01 00:34:33.020 D/SPRDENG (  168): 33
01-01 00:34:33.020 D/SPRDENG (  168): 30
01-01 00:34:33.020 D/SPRDENG (  168): 30
01-01 00:34:33.020 D/SPRDENG (  168): 30
01-01 00:34:33.020 D/SPRDENG (  168): 30
01-01 00:34:33.020 D/SPRDENG (  168): 30
01-01 00:34:33.020 D/SPRDENG (  168): 30
01-01 00:34:33.020 D/SPRDENG (  168): 30
01-01 00:34:33.020 D/SPRDENG (  168): 30
01-01 00:34:33.020 D/SPRDENG (  168): 30
01-01 00:34:33.020 D/SPRDENG (  168): 30
01-01 00:34:33.020 D/SPRDENG (  168): 30
01-01 00:34:33.020 D/SPRDENG (  168): 30
01-01 00:34:33.020 D/SPRDENG (  168): 30
01-01 00:34:33.020 D/SPRDENG (  168): 30
01-01 00:34:33.020 D/SPRDENG (  168): 30
01-01 00:34:33.020 D/SPRDENG (  168): 30
01-01 00:34:33.020 D/SPRDENG (  168): 31
01-01 00:34:33.020 D/SPRDENG (  168): 62
01-01 00:34:33.020 D/SPRDENG (  168): 32
01-01 00:34:33.020 D/SPRDENG (  168): 33
01-01 00:34:33.020 D/SPRDENG (  168): 31
01-01 00:34:33.020 D/SPRDENG (  168): 63
01-01 00:34:33.020 D/SPRDENG (  168): 32
01-01 00:34:33.020 D/SPRDENG (  168): 33
01-01 00:34:33.020 D/SPRDENG (  168): 30
01-01 00:34:33.020 D/SPRDENG (  168): 30
01-01 00:34:33.020 D/SPRDENG (  168): 30
01-01 00:34:33.020 D/SPRDENG (  168): 30
01-01 00:34:33.020 D/SPRDENG (  168): 30
01-01 00:34:33.020 D/SPRDENG (  168): 30
01-01 00:34:33.020 D/SPRDENG (  168): 30
01-01 00:34:33.020 D/SPRDENG (  168): 30
01-01 00:34:33.020 D/SPRDENG (  168): 30
01-01 00:34:33.020 D/SPRDENG (  168): 30
01-01 00:34:33.020 D/SPRDENG (  168): 30
01-01 00:34:33.020 D/SPRDENG (  168): 30
01-01 00:34:33.020 D/SPRDENG (  168): 30
01-01 00:34:33.020 D/SPRDENG (  168): 30
01-01 00:34:33.020 D/SPRDENG (  168): 30
01-01 00:34:33.020 D/SPRDENG (  168): 30
01-01 00:34:33.020 D/SPRDENG (  168): 31
01-01 00:34:33.020 D/SPRDENG (  168): 62
01-01 00:34:33.020 D/SPRDENG (  168): 32
01-01 00:34:33.020 D/SPRDENG (  168): 33
01-01 00:34:33.020 D/SPRDENG (  168): 31
01-01 00:34:33.020 D/SPRDENG (  168): 63
01-01 00:34:33.020 D/SPRDENG (  168): 32
01-01 00:34:33.020 D/SPRDENG (  168): 33
01-01 00:34:33.020 D/SPRDENG (  168): 30
01-01 00:34:33.020 D/SPRDENG (  168): 30
01-01 00:34:33.020 D/SPRDENG (  168): 30
01-01 00:34:33.020 D/SPRDENG (  168): 30
01-01 00:34:33.020 D/SPRDENG (  168): 30
01-01 00:34:33.020 D/SPRDENG (  168): 30
01-01 00:34:33.020 D/SPRDENG (  168): 30
01-01 00:34:33.020 D/SPRDENG (  168): 30
01-01 00:34:33.020 D/SPRDENG (  168): 30
01-01 00:34:33.020 D/SPRDENG (  168): 30
01-01 00:34:33.020 D/SPRDENG (  168): 30
01-01 00:34:33.020 D/SPRDENG (  168): 30
01-01 00:34:33.020 D/SPRDENG (  168): 30
01-01 00:34:33.020 D/SPRDENG (  168): 30
01-01 00:34:33.020 D/SPRDENG (  168): 30
01-01 00:34:33.020 D/SPRDENG (  168): 30
01-01 00:34:33.020 D/SPRDENG (  168): 31
01-01 00:34:33.020 D/SPRDENG (  168): 62
01-01 00:34:33.020 D/SPRDENG (  168): 32
01-01 00:34:33.020 D/SPRDENG (  168): 33
01-01 00:34:33.020 D/SPRDENG (  168): 31
01-01 00:34:33.020 D/SPRDENG (  168): 63
01-01 00:34:33.020 D/SPRDENG (  168): 32
01-01 00:34:33.020 D/SPRDENG (  168): 33
01-01 00:34:33.020 D/SPRDENG (  168): 30
01-01 00:34:33.020 D/SPRDENG (  168): 30
01-01 00:34:33.020 D/SPRDENG (  168): 30
01-01 00:34:33.020 D/SPRDENG (  168): 30
01-01 00:34:33.020 D/SPRDENG (  168): 30
01-01 00:34:33.020 D/SPRDENG (  168): 30
01-01 00:34:33.020 D/SPRDENG (  168): 30
01-01 00:34:33.020 D/SPRDENG (  168): 30
01-01 00:34:33.020 D/SPRDENG (  168): 30
01-01 00:34:33.020 D/SPRDENG (  168): 30
01-01 00:34:33.020 D/SPRDENG (  168): 30
01-01 00:34:33.020 D/SPRDENG (  168): 30
01-01 00:34:33.020 D/SPRDENG (  168): 30
01-01 00:34:33.020 D/SPRDENG (  168): 30
01-01 00:34:33.020 D/SPRDENG (  168): 30
01-01 00:34:33.020 D/SPRDENG (  168): 30
01-01 00:34:33.020 D/SPRDENG (  168): 30
01-01 00:34:33.020 D/SPRDENG (  168): 30
01-01 00:34:33.020 D/SPRDENG (  168): 30
01-01 00:34:33.020 D/SPRDENG (  168): 30
01-01 00:34:33.020 D/SPRDENG (  168): 30
01-01 00:34:33.020 D/SPRDENG (  168): 30
01-01 00:34:33.020 D/SPRDENG (  168): 30
01-01 00:34:33.020 D/SPRDENG (  168): 30
01-01 00:34:33.020 D/SPRDENG (  168): 30
01-01 00:34:33.020 D/SPRDENG (  168): 30
01-01 00:34:33.020 D/SPRDENG (  168): 30
01-01 00:34:33.020 D/SPRDENG (  168): 30
01-01 00:34:33.020 D/SPRDENG (  168): 30
01-01 00:34:33.020 D/SPRDENG (  168): 30
01-01 00:34:33.020 D/SPRDENG (  168): 30
01-01 00:34:33.020 D/SPRDENG (  168): 30
01-01 00:34:33.020 D/SPRDENG (  168): 30
01-01 00:34:33.020 D/SPRDENG (  168): 30
01-01 00:34:33.020 D/SPRDENG (  168): 30
01-01 00:34:33.020 D/SPRDENG (  168): 30
01-01 00:34:33.020 D/SPRDENG (  168): 30
01-01 00:34:33.020 D/SPRDENG (  168): 30
01-01 00:34:33.020 D/SPRDENG (  168): 30
01-01 00:34:33.020 D/SPRDENG (  168): 30
01-01 00:34:33.020 D/SPRDENG (  168): 32
01-01 00:34:33.020 D/SPRDENG (  168): 63
01-01 00:34:33.020 D/SPRDENG (  168): 30
01-01 00:34:33.020 D/SPRDENG (  168): 30
01-01 00:34:33.020 D/SPRDENG (  168): 30
01-01 00:34:33.020 D/SPRDENG (  168): 30
01-01 00:34:33.020 D/SPRDENG (  168): 30
01-01 00:34:33.020 D/SPRDENG (  168): 30
01-01 00:34:33.020 D/SPRDENG (  168): 1a
01-01 00:34:33.020 D/SPRDENG (  168): eng_modem2server: use SIM1 /dev/CHNPTY13
01-01 00:34:33.020 D/SPRDENG (  168): AT < 
01-01 00:34:33.020 D/SPRDENG (  168): OK
01-01 00:34:33.020 D/SPRDENG (  168): 
01-01 00:34:33.020 E/        (   92): nvcal_recv_from_modem: Receive 1 Modem Response
01-01 00:34:33.020 E/        (   92): write_rf_nvconf_cmd: wifi recv_num =6, response=[
01-01 00:34:33.020 E/        (   92): OK
01-01 00:34:33.020 E/        (   92): ]
01-01 00:34:33.120 E/eng_rf_nv_update(   92): [set_rf_nvconf]: NV updated OK!
01-01 00:34:33.130 E/eng_rf_nv_update(   92): [save_rf_nv_to_bak_file] NV data save to bake file OK
01-01 00:34:33.130 E/eng_rf_nv_update(   92): [eng_rf_nv_update]: end eng rf nv update!
01-01 00:34:33.130 I/logwrapper(   80): /system/bin/eng_rf_nv_update terminated by exit(0)
01-01 00:34:33.580 I/power   (   81): *** set_screen_state 1
01-01 00:34:33.580 D/Sensors (   81): activate handle=3; drv=1
01-01 00:34:33.580 D/Sensors (   81): SensorTMD2771::setEnable=0= en=1; newState=1; what=0; mEnabled=0
01-01 00:34:33.780 D/Sensors (   81): taos ---Light::TAOS_IOCTL_ALS_ON=== err=0
01-01 00:34:33.780 D/Sensors (   81): SensorTMD2771::setEnable=1= en=1; newState=1; what=0; mEnabled=1
01-01 00:34:33.780 D/Sensors (   81): SensorTMD2771::getEnable===mEnabled=0x1; enable=1
01-01 00:34:33.800 I/GeckoDump(   81): XXX FIXME : Got a mozContentEvent: nfc-hardware-state-change
01-01 00:34:33.820 I/GeckoDump(   81): XXX FIXME : Got a mozContentEvent: system-message-listener-ready
01-01 00:34:33.880 I/Gecko:ProcessPriorityManager(   81): [(Preallocated), child-id=2, pid=365] Creating ParticularProcessPriorityManager.
01-01 00:34:33.880 I/Gecko:ProcessPriorityManager(   81): [(Preallocated), child-id=2, pid=365] Done starting up.  mHoldsCPUWakeLock=0, mHoldsHighPriorityWakeLock=0
01-01 00:34:33.880 I/Gecko:ProcessPriorityManager(   81): [(Preallocated), child-id=2, pid=365] Changing priority from UNKNOWN:CPU_NORMAL to MASTER:CPU_NORMAL.
01-01 00:34:33.880 I/Gonk    (   81): Setting nice for pid 365 to 0
01-01 00:34:33.880 I/Gonk    (   81): Changed nice for pid 365 from 0 to 0.
01-01 00:34:34.370 D/Sensors (   81): SensorTMD2771::readEvents()======data_fd=53,count=16
01-01 00:34:34.370 D/Sensors (   81): SensorTMD2771::processEvent()=====code=40::value=8 
01-01 00:34:34.370 D/Sensors (   81): SensorTMD2771: mPendingEvents[Light].light = 8.000000
01-01 00:34:34.510 I/Gecko   (   81): 1325396074522	Marionette	INFO	loaded marionette-listener.js
01-01 00:34:34.520 I/Gecko   (   81): 1325396074528	Marionette	INFO	sendToClient: {"from":"0","value":"3-b2g"}, {534a82ca-7d99-4970-bb55-55f247abf170}, {534a82ca-7d99-4970-bb55-55f247abf170}
01-01 00:34:34.690 E/GeckoConsole(   81): [JavaScript Error: "TypeError: widgetFrame is undefined" {file: "app://system.gaiamobile.org/js/cost_control.js" line: 119}]
01-01 00:34:35.070 I/Gecko   (   81): 1325396075078	Marionette	INFO	sendToClient: {"from":"0","value":{"ELEMENT":"{e533642f-ba26-4714-b7b8-e471462169f1}"}}, {6b7af301-8324-4191-bc0d-75ca4c4aa1b0}, {6b7af301-8324-4191-bc0d-75ca4c4aa1b0}
01-01 00:34:35.140 I/Gecko   (   81): 1325396075148	Marionette	INFO	sendToClient: {"from":"0","value":false}, {55ef8720-0d9c-4c18-add9-1f71b3658f4e}, {55ef8720-0d9c-4c18-add9-1f71b3658f4e}
01-01 00:34:35.290 I/Gecko   (   81): 1325396075299	Marionette	INFO	sendToClient: {"from":"0","value":{"ELEMENT":"{e533642f-ba26-4714-b7b8-e471462169f1}"}}, {4c27aa9a-807f-4f16-ba3a-1a6a7f5145e9}, {4c27aa9a-807f-4f16-ba3a-1a6a7f5145e9}
01-01 00:34:35.360 I/Gecko   (   81): 1325396075368	Marionette	INFO	sendToClient: {"from":"0","value":false}, {b5191c9e-adf5-4e71-b809-db10ce273924}, {b5191c9e-adf5-4e71-b809-db10ce273924}
01-01 00:34:35.520 I/Gecko   (   81): 1325396075530	Marionette	INFO	sendToClient: {"from":"0","value":{"ELEMENT":"{e533642f-ba26-4714-b7b8-e471462169f1}"}}, {9803dc1c-43dd-43f0-9841-fbf97f21deaa}, {9803dc1c-43dd-43f0-9841-fbf97f21deaa}
01-01 00:34:35.570 I/Gecko   (   81): 1325396075573	Marionette	INFO	sendToClient: {"from":"0","value":false}, {47ff66b0-5ede-44b8-9f49-edafa2d44bea}, {47ff66b0-5ede-44b8-9f49-edafa2d44bea}
01-01 00:34:35.740 I/GeckoDump(   81): XXX FIXME : Got a mozContentEvent: accessibility-screenreader
01-01 00:34:35.790 I/GeckoDump(   81): XXX FIXME : Got a mozContentEvent: nfc-hardware-state-change
01-01 00:34:36.030 E/WifiHW  (   81): Leo ensure_config_file_exists config_file=/data/misc/wifi/wpa_supplicant.conf
01-01 00:34:36.030 E/WifiHW  (   81): daemon_cmd=wpa_supplicant:-iwlan0 -c/data/misc/wifi/wpa_supplicant.conf
01-01 00:34:36.180 I/Gecko   (   81): 1325396076183	Marionette	INFO	sendToClient: {"from":"0","value":{"ELEMENT":"{e533642f-ba26-4714-b7b8-e471462169f1}"}}, {40d7e10e-ee7c-4fc5-8b15-b1a568df2b1c}, {40d7e10e-ee7c-4fc5-8b15-b1a568df2b1c}
01-01 00:34:36.320 I/Gecko   (   81): 1325396076327	Marionette	INFO	sendToClient: {"from":"0","value":true}, {614d9403-8bbf-4473-91f7-e9313eb3bc4d}, {614d9403-8bbf-4473-91f7-e9313eb3bc4d}
01-01 00:34:36.530 I/FMRadio (   81): FMRadio is initialized.
01-01 00:34:36.680 E/GeckoConsole(   81): Content JS ERROR at app://system.gaiamobile.org/js/telephony_settings.js:23 in set_vpm_error: Error setting voice privacy.
01-01 00:34:36.680 E/GeckoConsole(   81): Content JS ERROR at app://system.gaiamobile.org/js/telephony_settings.js:23 in set_vpm_error: Error setting voice privacy.
01-01 00:34:36.890 W/WifiHW  (   81): wifi_command: LOG_LEVEL
01-01 00:34:36.900 W/WifiHW  (   81): wifi_command: STATUS
01-01 00:34:36.920 E/GeckoConsole(   81): Content JS ERROR at app://system.gaiamobile.org/js/telephony_settings.js:42 in set_vpm_error: Error roaming preference.
01-01 00:34:36.930 E/GeckoConsole(   81): Content JS ERROR at app://system.gaiamobile.org/js/telephony_settings.js:42 in set_vpm_error: Error roaming preference.
01-01 00:34:36.930 W/WifiHW  (   81): wifi_command: LIST_NETWORKS
01-01 00:34:36.930 W/WifiHW  (   81): wifi_command: DRIVER MACADDR
01-01 00:34:36.950 W/WifiHW  (   81): wifi_command: GET_NETWORK 0 ssid
01-01 00:34:36.950 W/WifiHW  (   81): wifi_command: GET_NETWORK 0 bssid
01-01 00:34:36.950 W/WifiHW  (   81): wifi_command: GET_NETWORK 0 psk
01-01 00:34:36.950 W/WifiHW  (   81): wifi_command: GET_NETWORK 0 wep_key0
01-01 00:34:36.960 W/WifiHW  (   81): wifi_command: GET_NETWORK 0 wep_key1
01-01 00:34:36.960 W/WifiHW  (   81): wifi_command: GET_NETWORK 0 wep_key2
01-01 00:34:36.960 W/WifiHW  (   81): wifi_command: GET_NETWORK 0 wep_key3
01-01 00:34:36.970 W/WifiHW  (   81): wifi_command: GET_NETWORK 0 wep_tx_keyidx
01-01 00:34:36.970 W/WifiHW  (   81): wifi_command: GET_NETWORK 0 priority
01-01 00:34:36.970 W/WifiHW  (   81): wifi_command: GET_NETWORK 0 key_mgmt
01-01 00:34:36.970 W/WifiHW  (   81): wifi_command: GET_NETWORK 0 scan_ssid
01-01 00:34:36.970 W/WifiHW  (   81): wifi_command: GET_NETWORK 0 disabled
01-01 00:34:36.970 W/WifiHW  (   81): wifi_command: GET_NETWORK 0 identity
01-01 00:34:36.970 W/WifiHW  (   81): wifi_command: GET_NETWORK 0 password
01-01 00:34:36.970 W/WifiHW  (   81): wifi_command: GET_NETWORK 0 auth_alg
01-01 00:34:36.970 W/WifiHW  (   81): wifi_command: GET_NETWORK 0 phase1
01-01 00:34:36.970 W/WifiHW  (   81): wifi_command: GET_NETWORK 0 phase2
01-01 00:34:36.970 W/WifiHW  (   81): wifi_command: GET_NETWORK 0 eap
01-01 00:34:36.970 W/WifiHW  (   81): wifi_command: GET_NETWORK 0 pin
01-01 00:34:36.980 W/WifiHW  (   81): wifi_command: GET_NETWORK 0 pcsc
01-01 00:34:36.980 W/WifiHW  (   81): wifi_command: GET_NETWORK 1 ssid
01-01 00:34:36.980 W/WifiHW  (   81): wifi_command: GET_NETWORK 1 bssid
01-01 00:34:36.980 W/WifiHW  (   81): wifi_command: GET_NETWORK 1 psk
01-01 00:34:36.980 W/WifiHW  (   81): wifi_command: GET_NETWORK 1 wep_key0
01-01 00:34:36.980 W/WifiHW  (   81): wifi_command: GET_NETWORK 1 wep_key1
01-01 00:34:36.980 W/WifiHW  (   81): wifi_command: GET_NETWORK 1 wep_key2
01-01 00:34:36.980 W/WifiHW  (   81): wifi_command: GET_NETWORK 1 wep_key3
01-01 00:34:36.980 W/WifiHW  (   81): wifi_command: GET_NETWORK 1 wep_tx_keyidx
01-01 00:34:36.980 W/WifiHW  (   81): wifi_command: GET_NETWORK 1 priority
01-01 00:34:36.980 W/WifiHW  (   81): wifi_command: GET_NETWORK 1 key_mgmt
01-01 00:34:36.980 W/WifiHW  (   81): wifi_command: GET_NETWORK 1 scan_ssid
01-01 00:34:36.980 W/WifiHW  (   81): wifi_command: GET_NETWORK 1 disabled
01-01 00:34:36.980 W/WifiHW  (   81): wifi_command: GET_NETWORK 1 identity
01-01 00:34:36.990 W/WifiHW  (   81): wifi_command: GET_NETWORK 1 password
01-01 00:34:37.000 W/WifiHW  (   81): wifi_command: GET_NETWORK 1 auth_alg
01-01 00:34:37.000 W/WifiHW  (   81): wifi_command: GET_NETWORK 1 phase1
01-01 00:34:37.000 W/WifiHW  (   81): wifi_command: GET_NETWORK 1 phase2
01-01 00:34:37.000 W/WifiHW  (   81): wifi_command: GET_NETWORK 1 eap
01-01 00:34:37.000 W/WifiHW  (   81): wifi_command: GET_NETWORK 1 pin
01-01 00:34:37.000 W/WifiHW  (   81): wifi_command: GET_NETWORK 1 pcsc
01-01 00:34:37.000 W/WifiHW  (   81): wifi_command: GET_NETWORK 2 ssid
01-01 00:34:37.000 W/WifiHW  (   81): wifi_command: GET_NETWORK 2 bssid
01-01 00:34:37.000 W/WifiHW  (   81): wifi_command: GET_NETWORK 2 psk
01-01 00:34:37.000 W/WifiHW  (   81): wifi_command: GET_NETWORK 2 wep_key0
01-01 00:34:37.000 W/WifiHW  (   81): wifi_command: GET_NETWORK 2 wep_key1
01-01 00:34:37.000 W/WifiHW  (   81): wifi_command: GET_NETWORK 2 wep_key2
01-01 00:34:37.000 W/WifiHW  (   81): wifi_command: GET_NETWORK 2 wep_key3
01-01 00:34:37.010 W/WifiHW  (   81): wifi_command: GET_NETWORK 2 wep_tx_keyidx
01-01 00:34:37.010 W/WifiHW  (   81): wifi_command: GET_NETWORK 2 priority
01-01 00:34:37.020 W/WifiHW  (   81): wifi_command: GET_NETWORK 2 key_mgmt
01-01 00:34:37.020 W/WifiHW  (   81): wifi_command: GET_NETWORK 2 scan_ssid
01-01 00:34:37.020 W/WifiHW  (   81): wifi_command: GET_NETWORK 2 disabled
01-01 00:34:37.020 W/WifiHW  (   81): wifi_command: GET_NETWORK 2 identity
01-01 00:34:37.020 W/WifiHW  (   81): wifi_command: GET_NETWORK 2 password
01-01 00:34:37.020 W/WifiHW  (   81): wifi_command: GET_NETWORK 2 auth_alg
01-01 00:34:37.020 W/WifiHW  (   81): wifi_command: GET_NETWORK 2 phase1
01-01 00:34:37.020 W/WifiHW  (   81): wifi_command: GET_NETWORK 2 phase2
01-01 00:34:37.020 W/WifiHW  (   81): wifi_command: GET_NETWORK 2 eap
01-01 00:34:37.020 W/WifiHW  (   81): wifi_command: GET_NETWORK 2 pin
01-01 00:34:37.020 W/WifiHW  (   81): wifi_command: GET_NETWORK 2 pcsc
01-01 00:34:37.020 W/WifiHW  (   81): wifi_command: GET_NETWORK 3 ssid
01-01 00:34:37.030 W/WifiHW  (   81): wifi_command: GET_NETWORK 3 bssid
01-01 00:34:37.030 W/WifiHW  (   81): wifi_command: GET_NETWORK 3 psk
01-01 00:34:37.030 W/WifiHW  (   81): wifi_command: GET_NETWORK 3 wep_key0
01-01 00:34:37.030 W/WifiHW  (   81): wifi_command: GET_NETWORK 3 wep_key1
01-01 00:34:37.030 W/WifiHW  (   81): wifi_command: GET_NETWORK 3 wep_key2
01-01 00:34:37.030 W/WifiHW  (   81): wifi_command: GET_NETWORK 3 wep_key3
01-01 00:34:37.030 W/WifiHW  (   81): wifi_command: GET_NETWORK 3 wep_tx_keyidx
01-01 00:34:37.030 W/WifiHW  (   81): wifi_command: GET_NETWORK 3 priority
01-01 00:34:37.030 W/WifiHW  (   81): wifi_command: GET_NETWORK 3 key_mgmt
01-01 00:34:37.030 W/WifiHW  (   81): wifi_command: GET_NETWORK 3 scan_ssid
01-01 00:34:37.030 W/WifiHW  (   81): wifi_command: GET_NETWORK 3 disabled
01-01 00:34:37.030 W/WifiHW  (   81): wifi_command: GET_NETWORK 3 identity
01-01 00:34:37.030 W/WifiHW  (   81): wifi_command: GET_NETWORK 3 password
01-01 00:34:37.030 W/WifiHW  (   81): wifi_command: GET_NETWORK 3 auth_alg
01-01 00:34:37.040 W/WifiHW  (   81): wifi_command: GET_NETWORK 3 phase1
01-01 00:34:37.040 W/WifiHW  (   81): wifi_command: GET_NETWORK 3 phase2
01-01 00:34:37.040 W/WifiHW  (   81): wifi_command: GET_NETWORK 3 eap
01-01 00:34:37.050 W/WifiHW  (   81): wifi_command: GET_NETWORK 3 pin
01-01 00:34:37.050 W/WifiHW  (   81): wifi_command: GET_NETWORK 3 pcsc
01-01 00:34:37.080 W/WifiHW  (   81): wifi_command: ENABLE_NETWORK 0
01-01 00:34:37.080 W/WifiHW  (   81): wifi_command: ENABLE_NETWORK 1
01-01 00:34:37.080 W/WifiHW  (   81): wifi_command: ENABLE_NETWORK 2
01-01 00:34:37.080 W/WifiHW  (   81): wifi_command: ENABLE_NETWORK 3
01-01 00:34:37.080 W/WifiHW  (   81): wifi_command: AP_SCAN 1
01-01 00:34:37.140 W/WifiHW  (   81): wifi_command: SAVE_CONFIG
01-01 00:34:37.340 I/Gecko:ProcessPriorityManager(   81): [Homescreen, child-id=2, pid=365] Changing priority from MASTER:CPU_NORMAL to FOREGROUND:CPU_NORMAL.
01-01 00:34:37.340 I/Gonk    (   81): Setting nice for pid 365 to 1
01-01 00:34:37.340 I/Gonk    (   81): Changed nice for pid 365 from 0 to 1.
01-01 00:34:37.340 I/Gecko:ProcessPriorityManager(   81): Making background LRU pool with size(3)
01-01 00:34:37.340 I/Gecko:ProcessPriorityManager(   81): KillBackgroundApps
01-01 00:34:37.340 I/Gecko   (   81): [Parent 81] WARNING: waitpid failed pid:365 errno:10: file /var/lib/jenkins/jobs/B2G.v1.3.0.Tarako/workspace/gecko/ipc/chromium/src/base/process_util_posix.cc, line 254
01-01 00:34:37.590 E/[Gralloc-ERROR](   81): int gralloc_register_buffer(const gralloc_module_t*, const native_handle_t*):79 Unable to register handle 0x462623d0 coming from different process: 81
01-01 00:34:37.590 E/[Gralloc-ERROR](   81): int gralloc_register_buffer(const gralloc_module_t*, const native_handle_t*):79 Unable to register handle 0x46274c90 coming from different process: 81
01-01 00:34:37.690 E/[Gralloc-ERROR](   81): int gralloc_register_buffer(const gralloc_module_t*, const native_handle_t*):79 Unable to register handle 0x464e4830 coming from different process: 81
01-01 00:34:37.690 E/[Gralloc-ERROR](   81): int gralloc_register_buffer(const gralloc_module_t*, const native_handle_t*):79 Unable to register handle 0x468c6880 coming from different process: 81
01-01 00:34:37.910 I/GeckoDump(   81): XXX FIXME : Got a mozContentEvent: inputmethod-update-layouts
01-01 00:34:37.990 I/Gecko   (   81): ############################### browserElementPanning.js loaded
01-01 00:34:38.060 I/Gecko   (   81): ######################## BrowserElementChildPreload.js loaded
01-01 00:34:38.220 I/GeckoDump(   81): XXX FIXME : Got a mozContentEvent: inputmethod-update-layouts
01-01 00:34:39.360 E/GeckoConsole(   81): [JavaScript Warning: "Error in parsing value for 'font-weight'.  Declaration dropped." {file: "app://keyboard.gaiamobile.org/style/keyboard.css" line: 132 column: 15 source: "  font-weight: medium;"}]
01-01 00:34:39.510 I/Gecko   (   81): 1325396079515	Marionette	INFO	sendToClient: {"from":"0","ok":true}, {7fb7c490-378e-4e34-b2d8-186d6c308a5c}, {7fb7c490-378e-4e34-b2d8-186d6c308a5c}
01-01 00:34:39.550 I/Gecko   (   81): 1325396079561	Marionette	DEBUG	Got request: switchToFrame, data: {"to":"0","sessionId":"3-b2g","name":"switchToFrame","parameters":{"id":null,"focus":true}}, id: {87d5d825-4cf0-44d1-baef-3de8550c6c59}
01-01 00:34:39.560 I/Gecko   (   81): 1325396079564	Marionette	INFO	Switched to frame: {"frameValue":null}
01-01 00:34:39.630 W/WifiHW  (   81): wifi_command: SCAN_RESULTS
01-01 00:34:39.650 W/WifiHW  (   81): wifi_command: DRIVER SCAN-PASSIVE
01-01 00:34:39.660 I/Gecko   (  365): ###################################### forms.js loaded
01-01 00:34:39.720 I/Gecko   (   81): 1325396079730	Marionette	INFO	sendToClient: {"from":"0","ok":true}, {87d5d825-4cf0-44d1-baef-3de8550c6c59}, {87d5d825-4cf0-44d1-baef-3de8550c6c59}
01-01 00:34:39.750 W/WifiHW  (   81): wifi_command: GET_NETWORK 3 ssid
01-01 00:34:39.760 I/Gecko   (  365): ############################### browserElementPanning.js loaded
01-01 00:34:39.760 W/WifiHW  (   81): wifi_command: GET_NETWORK 3 bssid
01-01 00:34:39.760 W/WifiHW  (   81): wifi_command: GET_NETWORK 3 psk
01-01 00:34:39.760 W/WifiHW  (   81): wifi_command: GET_NETWORK 3 wep_key0
01-01 00:34:39.760 W/WifiHW  (   81): wifi_command: GET_NETWORK 3 wep_key1
01-01 00:34:39.770 W/WifiHW  (   81): wifi_command: GET_NETWORK 3 wep_key2
01-01 00:34:39.770 W/WifiHW  (   81): wifi_command: GET_NETWORK 3 wep_key3
01-01 00:34:39.770 W/WifiHW  (   81): wifi_command: GET_NETWORK 3 wep_tx_keyidx
01-01 00:34:39.770 W/WifiHW  (   81): wifi_command: GET_NETWORK 3 priority
01-01 00:34:39.770 W/WifiHW  (   81): wifi_command: GET_NETWORK 3 key_mgmt
01-01 00:34:39.770 W/WifiHW  (   81): wifi_command: GET_NETWORK 3 scan_ssid
01-01 00:34:39.780 W/WifiHW  (   81): wifi_command: GET_NETWORK 3 disabled
01-01 00:34:39.780 W/WifiHW  (   81): wifi_command: GET_NETWORK 3 identity
01-01 00:34:39.780 W/WifiHW  (   81): wifi_command: GET_NETWORK 3 password
01-01 00:34:39.780 W/WifiHW  (   81): wifi_command: GET_NETWORK 3 auth_alg
01-01 00:34:39.780 W/WifiHW  (   81): wifi_command: GET_NETWORK 3 phase1
01-01 00:34:39.780 W/WifiHW  (   81): wifi_command: GET_NETWORK 3 phase2
01-01 00:34:39.780 W/WifiHW  (   81): wifi_command: GET_NETWORK 3 eap
01-01 00:34:39.780 W/WifiHW  (   81): wifi_command: GET_NETWORK 3 pin
01-01 00:34:39.780 W/WifiHW  (   81): wifi_command: GET_NETWORK 3 pcsc
01-01 00:34:39.880 I/Gecko   (   81): 1325396079888	Marionette	DEBUG	Got request: executeWithCallback, data: {"to":"0","sessionId":"3-b2g","name":"executeAsyncScript","parameters":{"specialPowers":false,"scriptTimeout":null,"newSandbox":true,"args":[],"filename":"gaia_test.py","script":"GaiaLockScreen.unlock()","line":810}}, id: {fe03cd6f-fd4b-4d95-899a-d39acb67a56e}
01-01 00:34:39.910 W/WifiHW  (   81): wifi_command: SIGNAL_POLL
01-01 00:34:39.910 W/WifiHW  (   81): wifi_command: GET_NETWORK 3 ssid
01-01 00:34:39.910 W/WifiHW  (   81): wifi_command: GET_NETWORK 3 bssid
01-01 00:34:39.910 W/WifiHW  (   81): wifi_command: GET_NETWORK 3 psk
01-01 00:34:39.910 W/WifiHW  (   81): wifi_command: GET_NETWORK 3 wep_key0
01-01 00:34:39.910 W/WifiHW  (   81): wifi_command: GET_NETWORK 3 wep_key1
01-01 00:34:39.910 W/WifiHW  (   81): wifi_command: GET_NETWORK 3 wep_key2
01-01 00:34:39.920 W/WifiHW  (   81): wifi_command: GET_NETWORK 3 wep_key3
01-01 00:34:39.920 W/WifiHW  (   81): wifi_command: GET_NETWORK 3 wep_tx_keyidx
01-01 00:34:39.920 W/WifiHW  (   81): wifi_command: GET_NETWORK 3 priority
01-01 00:34:39.920 W/WifiHW  (   81): wifi_command: GET_NETWORK 3 key_mgmt
01-01 00:34:39.920 W/WifiHW  (   81): wifi_command: GET_NETWORK 3 scan_ssid
01-01 00:34:39.920 W/WifiHW  (   81): wifi_command: GET_NETWORK 3 disabled
01-01 00:34:39.920 W/WifiHW  (   81): wifi_command: GET_NETWORK 3 identity
01-01 00:34:39.920 W/WifiHW  (   81): wifi_command: GET_NETWORK 3 password
01-01 00:34:39.930 W/WifiHW  (   81): wifi_command: GET_NETWORK 3 auth_alg
01-01 00:34:39.930 W/WifiHW  (   81): wifi_command: GET_NETWORK 3 phase1
01-01 00:34:39.940 W/WifiHW  (   81): wifi_command: GET_NETWORK 3 phase2
01-01 00:34:39.940 W/WifiHW  (   81): wifi_command: GET_NETWORK 3 eap
01-01 00:34:39.950 W/WifiHW  (   81): wifi_command: GET_NETWORK 3 pin
01-01 00:34:39.950 W/WifiHW  (   81): wifi_command: GET_NETWORK 3 pcsc
01-01 00:34:40.390 I/Gecko   (   81): 1325396080394	Marionette	INFO	sendToClient: {"from":"0","value":{"passed":0,"failed":0,"failures":[]}}, {fe03cd6f-fd4b-4d95-899a-d39acb67a56e}, {fe03cd6f-fd4b-4d95-899a-d39acb67a56e}
01-01 00:34:40.420 I/Gecko   (  365): ######################## BrowserElementChildPreload.js loaded
01-01 00:34:40.770 E/Profiler(   81): BPUnw: [1 total] thread_unregister_for_profiling(me=0x192e3f8)  (NOT REGISTERED) 
01-01 00:34:41.000 E/[Gralloc-ERROR](   81): int gralloc_register_buffer(const gralloc_module_t*, const native_handle_t*):79 Unable to register handle 0x4617dfb0 coming from different process: 81
01-01 00:34:41.000 E/[Gralloc-ERROR](   81): int gralloc_register_buffer(const gralloc_module_t*, const native_handle_t*):79 Unable to register handle 0x4617e3d0 coming from different process: 81
01-01 00:34:41.030 E/[Gralloc-ERROR](   81): int gralloc_register_buffer(const gralloc_module_t*, const native_handle_t*):79 Unable to register handle 0x4617e830 coming from different process: 81
01-01 00:34:41.030 E/[Gralloc-ERROR](   81): int gralloc_register_buffer(const gralloc_module_t*, const native_handle_t*):79 Unable to register handle 0x461aabf0 coming from different process: 81
01-01 00:34:41.040 E/[Gralloc-ERROR](   81): int gralloc_register_buffer(const gralloc_module_t*, const native_handle_t*):79 Unable to register handle 0x4620ef60 coming from different process: 81
01-01 00:34:41.040 E/[Gralloc-ERROR](   81): int gralloc_register_buffer(const gralloc_module_t*, const native_handle_t*):79 Unable to register handle 0x46236e70 coming from different process: 81
01-01 00:34:41.300 I/GeckoDump(   81): XXX FIXME : Got a mozContentEvent: nfc-hardware-state-change
01-01 00:34:41.350 I/GeckoDump(   81): XXX FIXME : Got a mozContentEvent: nfc-hardware-state-change
01-01 00:34:41.530 E/[Gralloc-ERROR](   81): int gralloc_unregister_buffer(const gralloc_module_t*, const native_handle_t*):274 Trying to unregister buffer 0x468c6880 from process 81 that was not created in current process: 81
01-01 00:34:41.540 E/[Gralloc-ERROR](   81): int gralloc_unregister_buffer(const gralloc_module_t*, const native_handle_t*):274 Trying to unregister buffer 0x464e4830 from process 81 that was not created in current process: 81
01-01 00:34:41.830 E/[Gralloc-ERROR](   81): int gralloc_unregister_buffer(const gralloc_module_t*, const native_handle_t*):274 Trying to unregister buffer 0x4617e3d0 from process 81 that was not created in current process: 81
01-01 00:34:41.840 E/[Gralloc-ERROR](   81): int gralloc_unregister_buffer(const gralloc_module_t*, const native_handle_t*):274 Trying to unregister buffer 0x4617dfb0 from process 81 that was not created in current process: 81
01-01 00:34:41.840 E/[Gralloc-ERROR](   81): int gralloc_unregister_buffer(const gralloc_module_t*, const native_handle_t*):274 Trying to unregister buffer 0x461aabf0 from process 81 that was not created in current process: 81
01-01 00:34:41.840 E/[Gralloc-ERROR](   81): int gralloc_unregister_buffer(const gralloc_module_t*, const native_handle_t*):274 Trying to unregister buffer 0x4617e830 from process 81 that was not created in current process: 81
01-01 00:34:41.840 E/[Gralloc-ERROR](   81): int gralloc_unregister_buffer(const gralloc_module_t*, const native_handle_t*):274 Trying to unregister buffer 0x46236e70 from process 81 that was not created in current process: 81
01-01 00:34:41.840 E/[Gralloc-ERROR](   81): int gralloc_unregister_buffer(const gralloc_module_t*, const native_handle_t*):274 Trying to unregister buffer 0x4620ef60 from process 81 that was not created in current process: 81
01-01 00:34:42.000 I/Gecko   (   81): 1325396082007	Marionette	INFO	sendToClient: {"from":"0","ok":true}, {8ba7b2a7-79c5-458e-b059-0093798f3d23}, {8ba7b2a7-79c5-458e-b059-0093798f3d23}
01-01 00:34:42.150 I/Gecko   (   81): 1325396082154	Marionette	DEBUG	Got request: switchToFrame, data: {"to":"0","sessionId":"3-b2g","name":"switchToFrame","parameters":{"id":null,"focus":true}}, id: {3f3f4fc6-8960-468d-ba58-f7e13b5877a1}
01-01 00:34:42.170 I/Gecko   (   81): 1325396082174	Marionette	INFO	Switched to frame: {"frameValue":null}
01-01 00:34:42.290 I/Gecko   (   81): 1325396082299	Marionette	INFO	sendToClient: {"from":"0","ok":true}, {3f3f4fc6-8960-468d-ba58-f7e13b5877a1}, {3f3f4fc6-8960-468d-ba58-f7e13b5877a1}
01-01 00:34:42.340 I/Gecko   (   81): 1325396082344	Marionette	DEBUG	Got request: executeWithCallback, data: {"to":"0","sessionId":"3-b2g","name":"executeAsyncScript","parameters":{"specialPowers":false,"scriptTimeout":60000,"newSandbox":true,"args":[],"filename":"app_checker.py","script":"\n        GaiaApps.locateWithManifestURL('http://royal-solitaire.tresensa.com/manifest.webapp',\n                                       null,\n                                       function uninstall(app) {\n                                       navigator.mozApps.mgmt.uninstall(app);\n                                       marionetteScriptFinished(true);\n                                       });\n        ","line":129}}, id: {4847c05b-aab9-455b-bd8f-ee8281295732}
01-01 00:34:42.560 I/Gecko:ProcessPriorityManager(   81): [(Preallocated), child-id=3, pid=437] Creating ParticularProcessPriorityManager.
01-01 00:34:42.560 I/Gecko:ProcessPriorityManager(   81): [(Preallocated), child-id=3, pid=437] Done starting up.  mHoldsCPUWakeLock=0, mHoldsHighPriorityWakeLock=0
01-01 00:34:42.560 I/Gecko:ProcessPriorityManager(   81): [(Preallocated), child-id=3, pid=437] Changing priority from UNKNOWN:CPU_NORMAL to MASTER:CPU_NORMAL.
01-01 00:34:42.560 I/Gonk    (   81): Setting nice for pid 437 to 0
01-01 00:34:42.560 I/Gonk    (   81): Changed nice for pid 437 from 0 to 0.
01-01 00:34:42.560 I/Gecko:ProcessPriorityManager(   81): [Homescreen, child-id=2, pid=365] Changing priority from FOREGROUND:CPU_NORMAL to FOREGROUND:CPU_LOW.
01-01 00:34:42.560 I/Gonk    (   81): Setting nice for pid 365 to 18
01-01 00:34:42.560 I/Gonk    (   81): Changed nice for pid 365 from 1 to 18.
01-01 00:34:42.560 I/Gecko:ProcessPriorityManager(   81): KillBackgroundApps
01-01 00:34:42.570 I/Gecko   (   81): 1325396082580	Marionette	INFO	sendToClient: {"from":"0","error":{"message":"TypeError: app is null","status":17,"stacktrace":"execute_async_script @app_checker.py, line 129\ninline javascript, line 221\nsrc: \"      appName = app.manifest.name;\""}}, {4847c05b-aab9-455b-bd8f-ee8281295732}, {4847c05b-aab9-455b-bd8f-ee8281295732}