--------- beginning of /dev/log/system
01-01 00:57:40.730 I/Vold    (   75): Vold 2.1 (the revenge) firing up
01-01 00:57:40.800 D/Vold    (   75): Volume sdcard state changing -1 (Initializing) -> 0 (No-Media)
01-01 00:57:40.850 D/Vold    (   75): Volume sdcard state changing 0 (No-Media) -> 2 (Pending)
01-01 00:57:40.850 D/Vold    (   75): Volume sdcard state changing 2 (Pending) -> 1 (Idle-Unmounted)
01-01 00:57:45.740 D/VoldCmdListener(   75): volume list
01-01 00:57:45.750 D/VoldCmdListener(   75): volume mount sdcard
01-01 00:57:45.750 I/Vold    (   75): /dev/block/vold/179:1 being considered for volume sdcard
01-01 00:57:45.750 D/Vold    (   75): Volume sdcard state changing 1 (Idle-Unmounted) -> 3 (Checking)
01-01 00:57:45.750 W/Vold    (   75): Skipping fs checks
01-01 00:57:45.800 I/Vold    (   75): Device /dev/block/vold/179:1, target /mnt/sdcard mounted @ /mnt/secure/staging
01-01 00:57:45.800 D/Vold    (   75): Volume sdcard state changing 3 (Checking) -> 4 (Mounted)
--------- beginning of /dev/log/main
01-01 00:57:56.960 D/SPRDENG (  169): 37
01-01 00:57:56.960 D/SPRDENG (  169): 66
01-01 00:57:56.960 D/SPRDENG (  169): 37
01-01 00:57:56.960 D/SPRDENG (  169): 65
01-01 00:57:56.960 D/SPRDENG (  169): 36
01-01 00:57:56.960 D/SPRDENG (  169): 61
01-01 00:57:56.960 D/SPRDENG (  169): 37
01-01 00:57:56.960 D/SPRDENG (  169): 64
01-01 00:57:56.960 D/SPRDENG (  169): 37
01-01 00:57:56.960 D/SPRDENG (  169): 38
01-01 00:57:56.960 D/SPRDENG (  169): 37
01-01 00:57:56.960 D/SPRDENG (  169): 66
01-01 00:57:56.960 D/SPRDENG (  169): 37
01-01 00:57:56.960 D/SPRDENG (  169): 30
01-01 00:57:56.960 D/SPRDENG (  169): 38
01-01 00:57:56.960 D/SPRDENG (  169): 30
01-01 00:57:56.960 D/SPRDENG (  169): 38
01-01 00:57:56.960 D/SPRDENG (  169): 32
01-01 00:57:56.960 D/SPRDENG (  169): 37
01-01 00:57:56.960 D/SPRDENG (  169): 65
01-01 00:57:56.960 D/SPRDENG (  169): 36
01-01 00:57:56.960 D/SPRDENG (  169): 61
01-01 00:57:56.960 D/SPRDENG (  169): 38
01-01 00:57:56.960 D/SPRDENG (  169): 30
01-01 00:57:56.960 D/SPRDENG (  169): 38
01-01 00:57:56.960 D/SPRDENG (  169): 36
01-01 00:57:56.960 D/SPRDENG (  169): 37
01-01 00:57:56.960 D/SPRDENG (  169): 65
01-01 00:57:56.960 D/SPRDENG (  169): 36
01-01 00:57:56.960 D/SPRDENG (  169): 61
01-01 00:57:56.960 D/SPRDENG (  169): 38
01-01 00:57:56.960 D/SPRDENG (  169): 36
01-01 00:57:56.960 D/SPRDENG (  169): 38
01-01 00:57:56.960 D/SPRDENG (  169): 64
01-01 00:57:56.960 D/SPRDENG (  169): 37
01-01 00:57:56.960 D/SPRDENG (  169): 65
01-01 00:57:56.960 D/SPRDENG (  169): 36
01-01 00:57:56.960 D/SPRDENG (  169): 61
01-01 00:57:56.960 D/SPRDENG (  169): 38
01-01 00:57:56.960 D/SPRDENG (  169): 63
01-01 00:57:56.960 D/SPRDENG (  169): 39
01-01 00:57:56.960 D/SPRDENG (  169): 39
01-01 00:57:56.960 D/SPRDENG (  169): 37
01-01 00:57:56.960 D/SPRDENG (  169): 65
01-01 00:57:56.960 D/SPRDENG (  169): 36
01-01 00:57:56.960 D/SPRDENG (  169): 61
01-01 00:57:56.960 D/SPRDENG (  169): 1a
01-01 00:57:56.970 D/SPRDENG (  169): eng_modem2server: use SIM1 /dev/CHNPTY13
01-01 00:57:56.970 D/SPRDENG (  169): AT < 
01-01 00:57:56.970 D/SPRDENG (  169): OK
01-01 00:57:56.970 D/SPRDENG (  169): 
01-01 00:57:56.970 E/        (  105): nvcal_recv_from_modem: Receive 1 Modem Response
01-01 00:57:56.970 E/        (  105): write_rf_nvconf_cmd: wifi recv_num =6, response=[
01-01 00:57:56.970 E/        (  105): OK
01-01 00:57:56.970 E/        (  105): ]
01-01 00:57:57.070 E/        (  105): write_rf_nvconf_cmd
01-01 00:57:57.070 E/        (  105): write_rf_nvconf_cmd: send [39,1,AT+SNVM=1,417]
01-01 00:57:57.070 E/        (  105): write data cmdbuf:[39,1,AT+SNVM=1,417]
01-01 00:57:57.070 E/        (  105): nvcal_send_to_modem
01-01 00:57:57.070 E/        (  105): nvcal_recv_from_modem: Waiting modem response ... fd=7
01-01 00:57:57.070 D/SPRDENG (  169): eng_servermodem_comm: use SIM1 /dev/CHNPTY13
01-01 00:57:57.070 D/SPRDENG (  169): AT > AT+SNVM=1,417
01-01 00:57:57.070 D/SPRDENG (  169): 41
01-01 00:57:57.070 D/SPRDENG (  169): 54
01-01 00:57:57.070 D/SPRDENG (  169): 2b
01-01 00:57:57.070 D/SPRDENG (  169): 53
01-01 00:57:57.070 D/SPRDENG (  169): 4e
01-01 00:57:57.070 D/SPRDENG (  169): 56
01-01 00:57:57.070 D/SPRDENG (  169): 4d
01-01 00:57:57.070 D/SPRDENG (  169): 3d
01-01 00:57:57.070 D/SPRDENG (  169): 31
01-01 00:57:57.070 D/SPRDENG (  169): 2c
01-01 00:57:57.070 D/SPRDENG (  169): 34
01-01 00:57:57.070 D/SPRDENG (  169): 31
01-01 00:57:57.070 D/SPRDENG (  169): 37
01-01 00:57:57.070 D/SPRDENG (  169): eng_modem2server: use SIM1 /dev/CHNPTY13
01-01 00:57:57.070 D/SPRDENG (  169): AT < 
01-01 00:57:57.070 D/SPRDENG (  169): > 
01-01 00:57:57.070 D/SPRDENG (  169): 
01-01 00:57:57.070 E/        (  105): nvcal_recv_from_modem: Receive 1 Modem Response
01-01 00:57:57.070 E/        (  105): recv from modem cmdbuf=[
01-01 00:57:57.070 E/        (  105): > 
01-01 00:57:57.070 E/        (  105): ]
01-01 00:57:57.170 E/        (  105): (strstr(cmdbuf, ">") != NULL)
01-01 00:57:57.170 E/        (  105): write_rf_nvconf_cmd: cmd_len[406], nv_len[400]
01-01 00:57:57.170 E/        (  105): write_rf_nvconf_cmd: cmd_buf:[39,1,1b0050021f00500221005002030050023d0050022000500224005002280050023d0050022000500224005002280050021c1c00001c1c000040020000000000000000000000000000000000000000000000000000000000000000000000000000000000000000000000000000000000000000000000000000bbbec2c61a231c2300000000000000001a231c2300000000000000001b231c2300000000000000001b231c2300000000000000001b231c2300000000000000000000000000000000000000002c000000]
01-01 00:57:57.170 E/        (  105): nvcal_send_to_modem
01-01 00:57:57.170 E/        (  105): nvcal_recv_from_modem: Waiting modem response ... fd=7
01-01 00:57:57.170 D/SPRDENG (  169): eng_servermodem_comm: use SIM1 /dev/CHNPTY13
01-01 00:57:57.170 D/SPRDENG (  169): AT > 1b0050021f00500221005002030050023d0050022000500224005002280050023d0050022000500224005002280050021c1c00001c1c000040020000000000000000000000000000000000000000000000000000000000000000000000000000000000000000000000000000000000000000000000000000bbbec2c61a231c2300000000000000001a231c2300000000000000001b231c2300000000000000001b231c2300000000000000001b231c2300000000000000000000000000000000000000002c000000
01-01 00:57:57.170 D/SPRDENG (  169): 31
01-01 00:57:57.170 D/SPRDENG (  169): 62
01-01 00:57:57.170 D/SPRDENG (  169): 30
01-01 00:57:57.170 D/SPRDENG (  169): 30
01-01 00:57:57.170 D/SPRDENG (  169): 35
01-01 00:57:57.170 D/SPRDENG (  169): 30
01-01 00:57:57.170 D/SPRDENG (  169): 30
01-01 00:57:57.170 D/SPRDENG (  169): 32
01-01 00:57:57.170 D/SPRDENG (  169): 31
01-01 00:57:57.170 D/SPRDENG (  169): 66
01-01 00:57:57.170 D/SPRDENG (  169): 30
01-01 00:57:57.170 D/SPRDENG (  169): 30
01-01 00:57:57.170 D/SPRDENG (  169): 35
01-01 00:57:57.170 D/SPRDENG (  169): 30
01-01 00:57:57.170 D/SPRDENG (  169): 30
01-01 00:57:57.170 D/SPRDENG (  169): 32
01-01 00:57:57.170 D/SPRDENG (  169): 32
01-01 00:57:57.170 D/SPRDENG (  169): 31
01-01 00:57:57.170 D/SPRDENG (  169): 30
01-01 00:57:57.170 D/SPRDENG (  169): 30
01-01 00:57:57.170 D/SPRDENG (  169): 35
01-01 00:57:57.170 D/SPRDENG (  169): 30
01-01 00:57:57.170 D/SPRDENG (  169): 30
01-01 00:57:57.170 D/SPRDENG (  169): 32
01-01 00:57:57.170 D/SPRDENG (  169): 30
01-01 00:57:57.170 D/SPRDENG (  169): 33
01-01 00:57:57.170 D/SPRDENG (  169): 30
01-01 00:57:57.170 D/SPRDENG (  169): 30
01-01 00:57:57.170 D/SPRDENG (  169): 35
01-01 00:57:57.170 D/SPRDENG (  169): 30
01-01 00:57:57.170 D/SPRDENG (  169): 30
01-01 00:57:57.170 D/SPRDENG (  169): 32
01-01 00:57:57.170 D/SPRDENG (  169): 33
01-01 00:57:57.170 D/SPRDENG (  169): 64
01-01 00:57:57.170 D/SPRDENG (  169): 30
01-01 00:57:57.170 D/SPRDENG (  169): 30
01-01 00:57:57.170 D/SPRDENG (  169): 35
01-01 00:57:57.170 D/SPRDENG (  169): 30
01-01 00:57:57.170 D/SPRDENG (  169): 30
01-01 00:57:57.170 D/SPRDENG (  169): 32
01-01 00:57:57.170 D/SPRDENG (  169): 32
01-01 00:57:57.170 D/SPRDENG (  169): 30
01-01 00:57:57.170 D/SPRDENG (  169): 30
01-01 00:57:57.170 D/SPRDENG (  169): 30
01-01 00:57:57.170 D/SPRDENG (  169): 35
01-01 00:57:57.170 D/SPRDENG (  169): 30
01-01 00:57:57.170 D/SPRDENG (  169): 30
01-01 00:57:57.170 D/SPRDENG (  169): 32
01-01 00:57:57.170 D/SPRDENG (  169): 32
01-01 00:57:57.170 D/SPRDENG (  169): 34
01-01 00:57:57.170 D/SPRDENG (  169): 30
01-01 00:57:57.170 D/SPRDENG (  169): 30
01-01 00:57:57.170 D/SPRDENG (  169): 35
01-01 00:57:57.170 D/SPRDENG (  169): 30
01-01 00:57:57.170 D/SPRDENG (  169): 30
01-01 00:57:57.170 D/SPRDENG (  169): 32
01-01 00:57:57.170 D/SPRDENG (  169): 32
01-01 00:57:57.170 D/SPRDENG (  169): 38
01-01 00:57:57.170 D/SPRDENG (  169): 30
01-01 00:57:57.170 D/SPRDENG (  169): 30
01-01 00:57:57.170 D/SPRDENG (  169): 35
01-01 00:57:57.170 D/SPRDENG (  169): 30
01-01 00:57:57.170 D/SPRDENG (  169): 30
01-01 00:57:57.170 D/SPRDENG (  169): 32
01-01 00:57:57.170 D/SPRDENG (  169): 33
01-01 00:57:57.170 D/SPRDENG (  169): 64
01-01 00:57:57.170 D/SPRDENG (  169): 30
01-01 00:57:57.170 D/SPRDENG (  169): 30
01-01 00:57:57.170 D/SPRDENG (  169): 35
01-01 00:57:57.170 D/SPRDENG (  169): 30
01-01 00:57:57.170 D/SPRDENG (  169): 30
01-01 00:57:57.170 D/SPRDENG (  169): 32
01-01 00:57:57.170 D/SPRDENG (  169): 32
01-01 00:57:57.170 D/SPRDENG (  169): 30
01-01 00:57:57.170 D/SPRDENG (  169): 30
01-01 00:57:57.170 D/SPRDENG (  169): 30
01-01 00:57:57.170 D/SPRDENG (  169): 35
01-01 00:57:57.170 D/SPRDENG (  169): 30
01-01 00:57:57.170 D/SPRDENG (  169): 30
01-01 00:57:57.170 D/SPRDENG (  169): 32
01-01 00:57:57.170 D/SPRDENG (  169): 32
01-01 00:57:57.170 D/SPRDENG (  169): 34
01-01 00:57:57.170 D/SPRDENG (  169): 30
01-01 00:57:57.170 D/SPRDENG (  169): 30
01-01 00:57:57.170 D/SPRDENG (  169): 35
01-01 00:57:57.170 D/SPRDENG (  169): 30
01-01 00:57:57.170 D/SPRDENG (  169): 30
01-01 00:57:57.170 D/SPRDENG (  169): 32
01-01 00:57:57.170 D/SPRDENG (  169): 32
01-01 00:57:57.170 D/SPRDENG (  169): 38
01-01 00:57:57.170 D/SPRDENG (  169): 30
01-01 00:57:57.170 D/SPRDENG (  169): 30
01-01 00:57:57.170 D/SPRDENG (  169): 35
01-01 00:57:57.170 D/SPRDENG (  169): 30
01-01 00:57:57.170 D/SPRDENG (  169): 30
01-01 00:57:57.170 D/SPRDENG (  169): 32
01-01 00:57:57.170 D/SPRDENG (  169): 31
01-01 00:57:57.170 D/SPRDENG (  169): 63
01-01 00:57:57.170 D/SPRDENG (  169): 31
01-01 00:57:57.170 D/SPRDENG (  169): 63
01-01 00:57:57.170 D/SPRDENG (  169): 30
01-01 00:57:57.170 D/SPRDENG (  169): 30
01-01 00:57:57.170 D/SPRDENG (  169): 30
01-01 00:57:57.170 D/SPRDENG (  169): 30
01-01 00:57:57.170 D/SPRDENG (  169): 31
01-01 00:57:57.170 D/SPRDENG (  169): 63
01-01 00:57:57.170 D/SPRDENG (  169): 31
01-01 00:57:57.170 D/SPRDENG (  169): 63
01-01 00:57:57.170 D/SPRDENG (  169): 30
01-01 00:57:57.170 D/SPRDENG (  169): 30
01-01 00:57:57.170 D/SPRDENG (  169): 30
01-01 00:57:57.170 D/SPRDENG (  169): 30
01-01 00:57:57.170 D/SPRDENG (  169): 34
01-01 00:57:57.170 D/SPRDENG (  169): 30
01-01 00:57:57.170 D/SPRDENG (  169): 30
01-01 00:57:57.170 D/SPRDENG (  169): 32
01-01 00:57:57.170 D/SPRDENG (  169): 30
01-01 00:57:57.170 D/SPRDENG (  169): 30
01-01 00:57:57.170 D/SPRDENG (  169): 30
01-01 00:57:57.170 D/SPRDENG (  169): 30
01-01 00:57:57.170 D/SPRDENG (  169): 30
01-01 00:57:57.170 D/SPRDENG (  169): 30
01-01 00:57:57.170 D/SPRDENG (  169): 30
01-01 00:57:57.170 D/SPRDENG (  169): 30
01-01 00:57:57.170 D/SPRDENG (  169): 30
01-01 00:57:57.170 D/SPRDENG (  169): 30
01-01 00:57:57.170 D/SPRDENG (  169): 30
01-01 00:57:57.170 D/SPRDENG (  169): 30
01-01 00:57:57.170 D/SPRDENG (  169): 30
01-01 00:57:57.170 D/SPRDENG (  169): 30
01-01 00:57:57.170 D/SPRDENG (  169): 30
01-01 00:57:57.170 D/SPRDENG (  169): 30
01-01 00:57:57.170 D/SPRDENG (  169): 30
01-01 00:57:57.170 D/SPRDENG (  169): 30
01-01 00:57:57.170 D/SPRDENG (  169): 30
01-01 00:57:57.170 D/SPRDENG (  169): 30
01-01 00:57:57.170 D/SPRDENG (  169): 30
01-01 00:57:57.170 D/SPRDENG (  169): 30
01-01 00:57:57.170 D/SPRDENG (  169): 30
01-01 00:57:57.170 D/SPRDENG (  169): 30
01-01 00:57:57.170 D/SPRDENG (  169): 30
01-01 00:57:57.170 D/SPRDENG (  169): 30
01-01 00:57:57.170 D/SPRDENG (  169): 30
01-01 00:57:57.170 D/SPRDENG (  169): 30
01-01 00:57:57.170 D/SPRDENG (  169): 30
01-01 00:57:57.170 D/SPRDENG (  169): 30
01-01 00:57:57.170 D/SPRDENG (  169): 30
01-01 00:57:57.170 D/SPRDENG (  169): 30
01-01 00:57:57.170 D/SPRDENG (  169): 30
01-01 00:57:57.170 D/SPRDENG (  169): 30
01-01 00:57:57.170 D/SPRDENG (  169): 30
01-01 00:57:57.170 D/SPRDENG (  169): 30
01-01 00:57:57.170 D/SPRDENG (  169): 30
01-01 00:57:57.170 D/SPRDENG (  169): 30
01-01 00:57:57.170 D/SPRDENG (  169): 30
01-01 00:57:57.170 D/SPRDENG (  169): 30
01-01 00:57:57.170 D/SPRDENG (  169): 30
01-01 00:57:57.170 D/SPRDENG (  169): 30
01-01 00:57:57.170 D/SPRDENG (  169): 30
01-01 00:57:57.170 D/SPRDENG (  169): 30
01-01 00:57:57.170 D/SPRDENG (  169): 30
01-01 00:57:57.170 D/SPRDENG (  169): 30
01-01 00:57:57.170 D/SPRDENG (  169): 30
01-01 00:57:57.170 D/SPRDENG (  169): 30
01-01 00:57:57.170 D/SPRDENG (  169): 30
01-01 00:57:57.170 D/SPRDENG (  169): 30
01-01 00:57:57.170 D/SPRDENG (  169): 30
01-01 00:57:57.170 D/SPRDENG (  169): 30
01-01 00:57:57.170 D/SPRDENG (  169): 30
01-01 00:57:57.170 D/SPRDENG (  169): 30
01-01 00:57:57.170 D/SPRDENG (  169): 30
01-01 00:57:57.170 D/SPRDENG (  169): 30
01-01 00:57:57.170 D/SPRDENG (  169): 30
01-01 00:57:57.170 D/SPRDENG (  169): 30
01-01 00:57:57.170 D/SPRDENG (  169): 30
01-01 00:57:57.170 D/SPRDENG (  169): 30
01-01 00:57:57.170 D/SPRDENG (  169): 30
01-01 00:57:57.170 D/SPRDENG (  169): 30
01-01 00:57:57.170 D/SPRDENG (  169): 30
01-01 00:57:57.170 D/SPRDENG (  169): 30
01-01 00:57:57.170 D/SPRDENG (  169): 30
01-01 00:57:57.170 D/SPRDENG (  169): 30
01-01 00:57:57.170 D/SPRDENG (  169): 30
01-01 00:57:57.170 D/SPRDENG (  169): 30
01-01 00:57:57.170 D/SPRDENG (  169): 30
01-01 00:57:57.170 D/SPRDENG (  169): 30
01-01 00:57:57.170 D/SPRDENG (  169): 30
01-01 00:57:57.170 D/SPRDENG (  169): 30
01-01 00:57:57.170 D/SPRDENG (  169): 30
01-01 00:57:57.170 D/SPRDENG (  169): 30
01-01 00:57:57.170 D/SPRDENG (  169): 30
01-01 00:57:57.170 D/SPRDENG (  169): 30
01-01 00:57:57.170 D/SPRDENG (  169): 30
01-01 00:57:57.170 D/SPRDENG (  169): 30
01-01 00:57:57.170 D/SPRDENG (  169): 30
01-01 00:57:57.170 D/SPRDENG (  169): 30
01-01 00:57:57.170 D/SPRDENG (  169): 30
01-01 00:57:57.170 D/SPRDENG (  169): 30
01-01 00:57:57.170 D/SPRDENG (  169): 30
01-01 00:57:57.170 D/SPRDENG (  169): 30
01-01 00:57:57.170 D/SPRDENG (  169): 30
01-01 00:57:57.170 D/SPRDENG (  169): 30
01-01 00:57:57.170 D/SPRDENG (  169): 30
01-01 00:57:57.170 D/SPRDENG (  169): 30
01-01 00:57:57.170 D/SPRDENG (  169): 30
01-01 00:57:57.170 D/SPRDENG (  169): 30
01-01 00:57:57.170 D/SPRDENG (  169): 30
01-01 00:57:57.170 D/SPRDENG (  169): 30
01-01 00:57:57.170 D/SPRDENG (  169): 30
01-01 00:57:57.170 D/SPRDENG (  169): 30
01-01 00:57:57.170 D/SPRDENG (  169): 30
01-01 00:57:57.170 D/SPRDENG (  169): 30
01-01 00:57:57.170 D/SPRDENG (  169): 30
01-01 00:57:57.170 D/SPRDENG (  169): 30
01-01 00:57:57.170 D/SPRDENG (  169): 30
01-01 00:57:57.170 D/SPRDENG (  169): 30
01-01 00:57:57.170 D/SPRDENG (  169): 30
01-01 00:57:57.170 D/SPRDENG (  169): 30
01-01 00:57:57.170 D/SPRDENG (  169): 30
01-01 00:57:57.170 D/SPRDENG (  169): 30
01-01 00:57:57.170 D/SPRDENG (  169): 30
01-01 00:57:57.170 D/SPRDENG (  169): 30
01-01 00:57:57.170 D/SPRDENG (  169): 30
01-01 00:57:57.170 D/SPRDENG (  169): 30
01-01 00:57:57.170 D/SPRDENG (  169): 30
01-01 00:57:57.170 D/SPRDENG (  169): 30
01-01 00:57:57.170 D/SPRDENG (  169): 30
01-01 00:57:57.170 D/SPRDENG (  169): 30
01-01 00:57:57.170 D/SPRDENG (  169): 30
01-01 00:57:57.170 D/SPRDENG (  169): 30
01-01 00:57:57.170 D/SPRDENG (  169): 30
01-01 00:57:57.170 D/SPRDENG (  169): 30
01-01 00:57:57.170 D/SPRDENG (  169): 30
01-01 00:57:57.170 D/SPRDENG (  169): 30
01-01 00:57:57.170 D/SPRDENG (  169): 30
01-01 00:57:57.170 D/SPRDENG (  169): 30
01-01 00:57:57.170 D/SPRDENG (  169): 30
01-01 00:57:57.170 D/SPRDENG (  169): 30
01-01 00:57:57.170 D/SPRDENG (  169): 30
01-01 00:57:57.170 D/SPRDENG (  169): 30
01-01 00:57:57.170 D/SPRDENG (  169): 62
01-01 00:57:57.170 D/SPRDENG (  169): 62
01-01 00:57:57.170 D/SPRDENG (  169): 62
01-01 00:57:57.170 D/SPRDENG (  169): 65
01-01 00:57:57.170 D/SPRDENG (  169): 63
01-01 00:57:57.170 D/SPRDENG (  169): 32
01-01 00:57:57.170 D/SPRDENG (  169): 63
01-01 00:57:57.170 D/SPRDENG (  169): 36
01-01 00:57:57.170 D/SPRDENG (  169): 31
01-01 00:57:57.170 D/SPRDENG (  169): 61
01-01 00:57:57.170 D/SPRDENG (  169): 32
01-01 00:57:57.170 D/SPRDENG (  169): 33
01-01 00:57:57.170 D/SPRDENG (  169): 31
01-01 00:57:57.170 D/SPRDENG (  169): 63
01-01 00:57:57.170 D/SPRDENG (  169): 32
01-01 00:57:57.170 D/SPRDENG (  169): 33
01-01 00:57:57.170 D/SPRDENG (  169): 30
01-01 00:57:57.170 D/SPRDENG (  169): 30
01-01 00:57:57.170 D/SPRDENG (  169): 30
01-01 00:57:57.170 D/SPRDENG (  169): 30
01-01 00:57:57.170 D/SPRDENG (  169): 30
01-01 00:57:57.170 D/SPRDENG (  169): 30
01-01 00:57:57.170 D/SPRDENG (  169): 30
01-01 00:57:57.170 D/SPRDENG (  169): 30
01-01 00:57:57.170 D/SPRDENG (  169): 30
01-01 00:57:57.170 D/SPRDENG (  169): 30
01-01 00:57:57.170 D/SPRDENG (  169): 30
01-01 00:57:57.170 D/SPRDENG (  169): 30
01-01 00:57:57.170 D/SPRDENG (  169): 30
01-01 00:57:57.170 D/SPRDENG (  169): 30
01-01 00:57:57.170 D/SPRDENG (  169): 30
01-01 00:57:57.170 D/SPRDENG (  169): 30
01-01 00:57:57.170 D/SPRDENG (  169): 31
01-01 00:57:57.170 D/SPRDENG (  169): 61
01-01 00:57:57.170 D/SPRDENG (  169): 32
01-01 00:57:57.170 D/SPRDENG (  169): 33
01-01 00:57:57.170 D/SPRDENG (  169): 31
01-01 00:57:57.170 D/SPRDENG (  169): 63
01-01 00:57:57.170 D/SPRDENG (  169): 32
01-01 00:57:57.170 D/SPRDENG (  169): 33
01-01 00:57:57.170 D/SPRDENG (  169): 30
01-01 00:57:57.170 D/SPRDENG (  169): 30
01-01 00:57:57.170 D/SPRDENG (  169): 30
01-01 00:57:57.170 D/SPRDENG (  169): 30
01-01 00:57:57.170 D/SPRDENG (  169): 30
01-01 00:57:57.170 D/SPRDENG (  169): 30
01-01 00:57:57.170 D/SPRDENG (  169): 30
01-01 00:57:57.170 D/SPRDENG (  169): 30
01-01 00:57:57.170 D/SPRDENG (  169): 30
01-01 00:57:57.170 D/SPRDENG (  169): 30
01-01 00:57:57.170 D/SPRDENG (  169): 30
01-01 00:57:57.170 D/SPRDENG (  169): 30
01-01 00:57:57.170 D/SPRDENG (  169): 30
01-01 00:57:57.170 D/SPRDENG (  169): 30
01-01 00:57:57.170 D/SPRDENG (  169): 30
01-01 00:57:57.170 D/SPRDENG (  169): 30
01-01 00:57:57.170 D/SPRDENG (  169): 31
01-01 00:57:57.170 D/SPRDENG (  169): 62
01-01 00:57:57.170 D/SPRDENG (  169): 32
01-01 00:57:57.170 D/SPRDENG (  169): 33
01-01 00:57:57.170 D/SPRDENG (  169): 31
01-01 00:57:57.170 D/SPRDENG (  169): 63
01-01 00:57:57.170 D/SPRDENG (  169): 32
01-01 00:57:57.170 D/SPRDENG (  169): 33
01-01 00:57:57.170 D/SPRDENG (  169): 30
01-01 00:57:57.170 D/SPRDENG (  169): 30
01-01 00:57:57.170 D/SPRDENG (  169): 30
01-01 00:57:57.170 D/SPRDENG (  169): 30
01-01 00:57:57.170 D/SPRDENG (  169): 30
01-01 00:57:57.170 D/SPRDENG (  169): 30
01-01 00:57:57.170 D/SPRDENG (  169): 30
01-01 00:57:57.170 D/SPRDENG (  169): 30
01-01 00:57:57.170 D/SPRDENG (  169): 30
01-01 00:57:57.170 D/SPRDENG (  169): 30
01-01 00:57:57.170 D/SPRDENG (  169): 30
01-01 00:57:57.170 D/SPRDENG (  169): 30
01-01 00:57:57.170 D/SPRDENG (  169): 30
01-01 00:57:57.170 D/SPRDENG (  169): 30
01-01 00:57:57.170 D/SPRDENG (  169): 30
01-01 00:57:57.170 D/SPRDENG (  169): 30
01-01 00:57:57.170 D/SPRDENG (  169): 31
01-01 00:57:57.170 D/SPRDENG (  169): 62
01-01 00:57:57.170 D/SPRDENG (  169): 32
01-01 00:57:57.170 D/SPRDENG (  169): 33
01-01 00:57:57.170 D/SPRDENG (  169): 31
01-01 00:57:57.170 D/SPRDENG (  169): 63
01-01 00:57:57.170 D/SPRDENG (  169): 32
01-01 00:57:57.170 D/SPRDENG (  169): 33
01-01 00:57:57.170 D/SPRDENG (  169): 30
01-01 00:57:57.170 D/SPRDENG (  169): 30
01-01 00:57:57.170 D/SPRDENG (  169): 30
01-01 00:57:57.170 D/SPRDENG (  169): 30
01-01 00:57:57.170 D/SPRDENG (  169): 30
01-01 00:57:57.170 D/SPRDENG (  169): 30
01-01 00:57:57.170 D/SPRDENG (  169): 30
01-01 00:57:57.170 D/SPRDENG (  169): 30
01-01 00:57:57.170 D/SPRDENG (  169): 30
01-01 00:57:57.170 D/SPRDENG (  169): 30
01-01 00:57:57.170 D/SPRDENG (  169): 30
01-01 00:57:57.170 D/SPRDENG (  169): 30
01-01 00:57:57.170 D/SPRDENG (  169): 30
01-01 00:57:57.170 D/SPRDENG (  169): 30
01-01 00:57:57.170 D/SPRDENG (  169): 30
01-01 00:57:57.170 D/SPRDENG (  169): 30
01-01 00:57:57.170 D/SPRDENG (  169): 31
01-01 00:57:57.170 D/SPRDENG (  169): 62
01-01 00:57:57.170 D/SPRDENG (  169): 32
01-01 00:57:57.170 D/SPRDENG (  169): 33
01-01 00:57:57.170 D/SPRDENG (  169): 31
01-01 00:57:57.170 D/SPRDENG (  169): 63
01-01 00:57:57.170 D/SPRDENG (  169): 32
01-01 00:57:57.170 D/SPRDENG (  169): 33
01-01 00:57:57.170 D/SPRDENG (  169): 30
01-01 00:57:57.170 D/SPRDENG (  169): 30
01-01 00:57:57.170 D/SPRDENG (  169): 30
01-01 00:57:57.170 D/SPRDENG (  169): 30
01-01 00:57:57.170 D/SPRDENG (  169): 30
01-01 00:57:57.170 D/SPRDENG (  169): 30
01-01 00:57:57.170 D/SPRDENG (  169): 30
01-01 00:57:57.170 D/SPRDENG (  169): 30
01-01 00:57:57.170 D/SPRDENG (  169): 30
01-01 00:57:57.170 D/SPRDENG (  169): 30
01-01 00:57:57.170 D/SPRDENG (  169): 30
01-01 00:57:57.170 D/SPRDENG (  169): 30
01-01 00:57:57.170 D/SPRDENG (  169): 30
01-01 00:57:57.170 D/SPRDENG (  169): 30
01-01 00:57:57.170 D/SPRDENG (  169): 30
01-01 00:57:57.170 D/SPRDENG (  169): 30
01-01 00:57:57.170 D/SPRDENG (  169): 30
01-01 00:57:57.170 D/SPRDENG (  169): 30
01-01 00:57:57.170 D/SPRDENG (  169): 30
01-01 00:57:57.170 D/SPRDENG (  169): 30
01-01 00:57:57.170 D/SPRDENG (  169): 30
01-01 00:57:57.170 D/SPRDENG (  169): 30
01-01 00:57:57.170 D/SPRDENG (  169): 30
01-01 00:57:57.170 D/SPRDENG (  169): 30
01-01 00:57:57.170 D/SPRDENG (  169): 30
01-01 00:57:57.170 D/SPRDENG (  169): 30
01-01 00:57:57.170 D/SPRDENG (  169): 30
01-01 00:57:57.170 D/SPRDENG (  169): 30
01-01 00:57:57.170 D/SPRDENG (  169): 30
01-01 00:57:57.170 D/SPRDENG (  169): 30
01-01 00:57:57.170 D/SPRDENG (  169): 30
01-01 00:57:57.170 D/SPRDENG (  169): 30
01-01 00:57:57.170 D/SPRDENG (  169): 30
01-01 00:57:57.170 D/SPRDENG (  169): 30
01-01 00:57:57.170 D/SPRDENG (  169): 30
01-01 00:57:57.180 D/SPRDENG (  169): 30
01-01 00:57:57.180 D/SPRDENG (  169): 30
01-01 00:57:57.180 D/SPRDENG (  169): 30
01-01 00:57:57.180 D/SPRDENG (  169): 30
01-01 00:57:57.180 D/SPRDENG (  169): 30
01-01 00:57:57.180 D/SPRDENG (  169): 32
01-01 00:57:57.180 D/SPRDENG (  169): 63
01-01 00:57:57.180 D/SPRDENG (  169): 30
01-01 00:57:57.180 D/SPRDENG (  169): 30
01-01 00:57:57.180 D/SPRDENG (  169): 30
01-01 00:57:57.180 D/SPRDENG (  169): 30
01-01 00:57:57.180 D/SPRDENG (  169): 30
01-01 00:57:57.180 D/SPRDENG (  169): 30
01-01 00:57:57.180 D/SPRDENG (  169): 1a
01-01 00:57:57.180 D/SPRDENG (  169): eng_modem2server: use SIM1 /dev/CHNPTY13
01-01 00:57:57.180 D/SPRDENG (  169): AT < 
01-01 00:57:57.180 D/SPRDENG (  169): OK
01-01 00:57:57.180 D/SPRDENG (  169): 
01-01 00:57:57.180 E/        (  105): nvcal_recv_from_modem: Receive 1 Modem Response
01-01 00:57:57.180 E/        (  105): write_rf_nvconf_cmd: wifi recv_num =6, response=[
01-01 00:57:57.180 E/        (  105): OK
01-01 00:57:57.180 E/        (  105): ]
01-01 00:57:57.280 E/eng_rf_nv_update(  105): [set_rf_nvconf]: NV updated OK!
01-01 00:57:57.280 E/eng_rf_nv_update(  105): [save_rf_nv_to_bak_file] NV data save to bake file OK
01-01 00:57:57.280 E/eng_rf_nv_update(  105): [eng_rf_nv_update]: end eng rf nv update!
01-01 00:57:57.280 I/logwrapper(   80): /system/bin/eng_rf_nv_update terminated by exit(0)
01-01 00:57:57.760 I/power   (   81): *** set_screen_state 1
01-01 00:57:57.760 D/Sensors (   81): activate handle=3; drv=1
01-01 00:57:57.760 D/Sensors (   81): SensorTMD2771::setEnable=0= en=1; newState=1; what=0; mEnabled=0
01-01 00:57:57.870 D/Sensors (   81): taos ---Light::TAOS_IOCTL_ALS_ON=== err=0
01-01 00:57:57.870 D/Sensors (   81): SensorTMD2771::setEnable=1= en=1; newState=1; what=0; mEnabled=1
01-01 00:57:57.880 D/Sensors (   81): SensorTMD2771::getEnable===mEnabled=0x1; enable=1
01-01 00:57:57.890 I/GeckoDump(   81): XXX FIXME : Got a mozContentEvent: nfc-hardware-state-change
01-01 00:57:57.920 I/GeckoDump(   81): XXX FIXME : Got a mozContentEvent: system-message-listener-ready
01-01 00:57:57.970 I/Gecko:ProcessPriorityManager(   81): [(Preallocated), child-id=2, pid=372] Creating ParticularProcessPriorityManager.
01-01 00:57:57.970 I/Gecko:ProcessPriorityManager(   81): [(Preallocated), child-id=2, pid=372] Done starting up.  mHoldsCPUWakeLock=0, mHoldsHighPriorityWakeLock=0
01-01 00:57:57.970 I/Gecko:ProcessPriorityManager(   81): [(Preallocated), child-id=2, pid=372] Changing priority from UNKNOWN:CPU_NORMAL to MASTER:CPU_NORMAL.
01-01 00:57:57.970 I/Gonk    (   81): Setting nice for pid 372 to 0
01-01 00:57:57.970 I/Gonk    (   81): Changed nice for pid 372 from 0 to 0.
01-01 00:57:58.360 D/Sensors (   81): SensorTMD2771::readEvents()======data_fd=53,count=16
01-01 00:57:58.360 D/Sensors (   81): SensorTMD2771::processEvent()=====code=40::value=9 
01-01 00:57:58.360 D/Sensors (   81): SensorTMD2771: mPendingEvents[Light].light = 9.000000
01-01 00:57:58.610 I/Gecko   (   81): 1325397478622	Marionette	INFO	loaded marionette-listener.js
01-01 00:57:58.620 I/Gecko   (   81): 1325397478624	Marionette	INFO	sendToClient: {"from":"0","value":"3-b2g"}, {510bbabd-db36-4133-8595-b0a3b0d07e38}, {510bbabd-db36-4133-8595-b0a3b0d07e38}
01-01 00:57:58.790 E/GeckoConsole(   81): [JavaScript Error: "TypeError: widgetFrame is undefined" {file: "app://system.gaiamobile.org/js/cost_control.js" line: 119}]
01-01 00:57:59.130 I/Gecko   (   81): 1325397479140	Marionette	INFO	sendToClient: {"from":"0","value":{"ELEMENT":"{29a44bdb-31d4-47b2-a1ac-9a2c6feec41f}"}}, {802f5b8b-e637-44b6-946d-c7569fdb7e02}, {802f5b8b-e637-44b6-946d-c7569fdb7e02}
01-01 00:57:59.200 I/Gecko   (   81): 1325397479206	Marionette	INFO	sendToClient: {"from":"0","value":false}, {4f87605f-3d58-493f-887d-bec02a436a11}, {4f87605f-3d58-493f-887d-bec02a436a11}
01-01 00:57:59.360 I/Gecko   (   81): 1325397479367	Marionette	INFO	sendToClient: {"from":"0","value":{"ELEMENT":"{29a44bdb-31d4-47b2-a1ac-9a2c6feec41f}"}}, {bb7f148a-ec66-4dff-9ba6-8790828be481}, {bb7f148a-ec66-4dff-9ba6-8790828be481}
01-01 00:57:59.410 I/Gecko   (   81): 1325397479421	Marionette	INFO	sendToClient: {"from":"0","value":false}, {9fe918eb-271f-4f08-ad98-0f2fdbc01c92}, {9fe918eb-271f-4f08-ad98-0f2fdbc01c92}
01-01 00:57:59.580 I/Gecko   (   81): 1325397479585	Marionette	INFO	sendToClient: {"from":"0","value":{"ELEMENT":"{29a44bdb-31d4-47b2-a1ac-9a2c6feec41f}"}}, {28e80a53-81f8-4fb6-b694-9bdbb4480c36}, {28e80a53-81f8-4fb6-b694-9bdbb4480c36}
01-01 00:57:59.620 I/Gecko   (   81): 1325397479625	Marionette	INFO	sendToClient: {"from":"0","value":false}, {6ff002f6-7449-4910-8dfc-854d0ef1237f}, {6ff002f6-7449-4910-8dfc-854d0ef1237f}
01-01 00:57:59.790 I/GeckoDump(   81): XXX FIXME : Got a mozContentEvent: accessibility-screenreader
01-01 00:57:59.850 I/GeckoDump(   81): XXX FIXME : Got a mozContentEvent: nfc-hardware-state-change
01-01 00:58:00.120 E/WifiHW  (   81): Leo ensure_config_file_exists config_file=/data/misc/wifi/wpa_supplicant.conf
01-01 00:58:00.130 E/WifiHW  (   81): daemon_cmd=wpa_supplicant:-iwlan0 -c/data/misc/wifi/wpa_supplicant.conf
01-01 00:58:00.210 I/Gecko   (   81): 1325397480222	Marionette	INFO	sendToClient: {"from":"0","value":{"ELEMENT":"{29a44bdb-31d4-47b2-a1ac-9a2c6feec41f}"}}, {5e9651c1-bfbc-4c31-85bd-b23fc4811c7e}, {5e9651c1-bfbc-4c31-85bd-b23fc4811c7e}
01-01 00:58:00.360 I/Gecko   (   81): 1325397480369	Marionette	INFO	sendToClient: {"from":"0","value":true}, {623de96a-d0e6-463a-a8df-907aa6470fbc}, {623de96a-d0e6-463a-a8df-907aa6470fbc}
01-01 00:58:00.570 I/FMRadio (   81): FMRadio is initialized.
01-01 00:58:00.700 E/GeckoConsole(   81): Content JS ERROR at app://system.gaiamobile.org/js/telephony_settings.js:23 in set_vpm_error: Error setting voice privacy.
01-01 00:58:00.710 E/GeckoConsole(   81): Content JS ERROR at app://system.gaiamobile.org/js/telephony_settings.js:23 in set_vpm_error: Error setting voice privacy.
01-01 00:58:00.950 W/WifiHW  (   81): wifi_command: LOG_LEVEL
01-01 00:58:00.950 W/WifiHW  (   81): wifi_command: STATUS
01-01 00:58:00.980 E/GeckoConsole(   81): Content JS ERROR at app://system.gaiamobile.org/js/telephony_settings.js:42 in set_vpm_error: Error roaming preference.
01-01 00:58:00.980 E/GeckoConsole(   81): Content JS ERROR at app://system.gaiamobile.org/js/telephony_settings.js:42 in set_vpm_error: Error roaming preference.
01-01 00:58:01.010 W/WifiHW  (   81): wifi_command: LIST_NETWORKS
01-01 00:58:01.010 W/WifiHW  (   81): wifi_command: DRIVER MACADDR
01-01 00:58:01.030 W/WifiHW  (   81): wifi_command: GET_NETWORK 0 ssid
01-01 00:58:01.030 W/WifiHW  (   81): wifi_command: GET_NETWORK 0 bssid
01-01 00:58:01.030 W/WifiHW  (   81): wifi_command: GET_NETWORK 0 psk
01-01 00:58:01.030 W/WifiHW  (   81): wifi_command: GET_NETWORK 0 wep_key0
01-01 00:58:01.030 W/WifiHW  (   81): wifi_command: GET_NETWORK 0 wep_key1
01-01 00:58:01.030 W/WifiHW  (   81): wifi_command: GET_NETWORK 0 wep_key2
01-01 00:58:01.030 W/WifiHW  (   81): wifi_command: GET_NETWORK 0 wep_key3
01-01 00:58:01.030 W/WifiHW  (   81): wifi_command: GET_NETWORK 0 wep_tx_keyidx
01-01 00:58:01.030 W/WifiHW  (   81): wifi_command: GET_NETWORK 0 priority
01-01 00:58:01.030 W/WifiHW  (   81): wifi_command: GET_NETWORK 0 key_mgmt
01-01 00:58:01.040 W/WifiHW  (   81): wifi_command: GET_NETWORK 0 scan_ssid
01-01 00:58:01.040 W/WifiHW  (   81): wifi_command: GET_NETWORK 0 disabled
01-01 00:58:01.040 W/WifiHW  (   81): wifi_command: GET_NETWORK 0 identity
01-01 00:58:01.040 W/WifiHW  (   81): wifi_command: GET_NETWORK 0 password
01-01 00:58:01.040 W/WifiHW  (   81): wifi_command: GET_NETWORK 0 auth_alg
01-01 00:58:01.040 W/WifiHW  (   81): wifi_command: GET_NETWORK 0 phase1
01-01 00:58:01.040 W/WifiHW  (   81): wifi_command: GET_NETWORK 0 phase2
01-01 00:58:01.040 W/WifiHW  (   81): wifi_command: GET_NETWORK 0 eap
01-01 00:58:01.040 W/WifiHW  (   81): wifi_command: GET_NETWORK 0 pin
01-01 00:58:01.040 W/WifiHW  (   81): wifi_command: GET_NETWORK 0 pcsc
01-01 00:58:01.040 W/WifiHW  (   81): wifi_command: GET_NETWORK 1 ssid
01-01 00:58:01.040 W/WifiHW  (   81): wifi_command: GET_NETWORK 1 bssid
01-01 00:58:01.040 W/WifiHW  (   81): wifi_command: GET_NETWORK 1 psk
01-01 00:58:01.040 W/WifiHW  (   81): wifi_command: GET_NETWORK 1 wep_key0
01-01 00:58:01.050 W/WifiHW  (   81): wifi_command: GET_NETWORK 1 wep_key1
01-01 00:58:01.050 W/WifiHW  (   81): wifi_command: GET_NETWORK 1 wep_key2
01-01 00:58:01.050 W/WifiHW  (   81): wifi_command: GET_NETWORK 1 wep_key3
01-01 00:58:01.060 W/WifiHW  (   81): wifi_command: GET_NETWORK 1 wep_tx_keyidx
01-01 00:58:01.070 W/WifiHW  (   81): wifi_command: GET_NETWORK 1 priority
01-01 00:58:01.070 W/WifiHW  (   81): wifi_command: GET_NETWORK 1 key_mgmt
01-01 00:58:01.070 W/WifiHW  (   81): wifi_command: GET_NETWORK 1 scan_ssid
01-01 00:58:01.070 W/WifiHW  (   81): wifi_command: GET_NETWORK 1 disabled
01-01 00:58:01.070 W/WifiHW  (   81): wifi_command: GET_NETWORK 1 identity
01-01 00:58:01.070 W/WifiHW  (   81): wifi_command: GET_NETWORK 1 password
01-01 00:58:01.080 W/WifiHW  (   81): wifi_command: GET_NETWORK 1 auth_alg
01-01 00:58:01.080 W/WifiHW  (   81): wifi_command: GET_NETWORK 1 phase1
01-01 00:58:01.080 W/WifiHW  (   81): wifi_command: GET_NETWORK 1 phase2
01-01 00:58:01.080 W/WifiHW  (   81): wifi_command: GET_NETWORK 1 eap
01-01 00:58:01.080 W/WifiHW  (   81): wifi_command: GET_NETWORK 1 pin
01-01 00:58:01.080 W/WifiHW  (   81): wifi_command: GET_NETWORK 1 pcsc
01-01 00:58:01.080 W/WifiHW  (   81): wifi_command: GET_NETWORK 2 ssid
01-01 00:58:01.080 W/WifiHW  (   81): wifi_command: GET_NETWORK 2 bssid
01-01 00:58:01.080 W/WifiHW  (   81): wifi_command: GET_NETWORK 2 psk
01-01 00:58:01.080 W/WifiHW  (   81): wifi_command: GET_NETWORK 2 wep_key0
01-01 00:58:01.080 W/WifiHW  (   81): wifi_command: GET_NETWORK 2 wep_key1
01-01 00:58:01.080 W/WifiHW  (   81): wifi_command: GET_NETWORK 2 wep_key2
01-01 00:58:01.090 W/WifiHW  (   81): wifi_command: GET_NETWORK 2 wep_key3
01-01 00:58:01.090 W/WifiHW  (   81): wifi_command: GET_NETWORK 2 wep_tx_keyidx
01-01 00:58:01.090 W/WifiHW  (   81): wifi_command: GET_NETWORK 2 priority
01-01 00:58:01.100 W/WifiHW  (   81): wifi_command: GET_NETWORK 2 key_mgmt
01-01 00:58:01.100 W/WifiHW  (   81): wifi_command: GET_NETWORK 2 scan_ssid
01-01 00:58:01.100 W/WifiHW  (   81): wifi_command: GET_NETWORK 2 disabled
01-01 00:58:01.100 W/WifiHW  (   81): wifi_command: GET_NETWORK 2 identity
01-01 00:58:01.100 W/WifiHW  (   81): wifi_command: GET_NETWORK 2 password
01-01 00:58:01.110 W/WifiHW  (   81): wifi_command: GET_NETWORK 2 auth_alg
01-01 00:58:01.110 W/WifiHW  (   81): wifi_command: GET_NETWORK 2 phase1
01-01 00:58:01.110 W/WifiHW  (   81): wifi_command: GET_NETWORK 2 phase2
01-01 00:58:01.120 W/WifiHW  (   81): wifi_command: GET_NETWORK 2 eap
01-01 00:58:01.120 W/WifiHW  (   81): wifi_command: GET_NETWORK 2 pin
01-01 00:58:01.120 W/WifiHW  (   81): wifi_command: GET_NETWORK 2 pcsc
01-01 00:58:01.120 W/WifiHW  (   81): wifi_command: GET_NETWORK 3 ssid
01-01 00:58:01.120 W/WifiHW  (   81): wifi_command: GET_NETWORK 3 bssid
01-01 00:58:01.120 W/WifiHW  (   81): wifi_command: GET_NETWORK 3 psk
01-01 00:58:01.120 W/WifiHW  (   81): wifi_command: GET_NETWORK 3 wep_key0
01-01 00:58:01.120 W/WifiHW  (   81): wifi_command: GET_NETWORK 3 wep_key1
01-01 00:58:01.120 W/WifiHW  (   81): wifi_command: GET_NETWORK 3 wep_key2
01-01 00:58:01.120 W/WifiHW  (   81): wifi_command: GET_NETWORK 3 wep_key3
01-01 00:58:01.130 W/WifiHW  (   81): wifi_command: GET_NETWORK 3 wep_tx_keyidx
01-01 00:58:01.130 W/WifiHW  (   81): wifi_command: GET_NETWORK 3 priority
01-01 00:58:01.130 W/WifiHW  (   81): wifi_command: GET_NETWORK 3 key_mgmt
01-01 00:58:01.140 W/WifiHW  (   81): wifi_command: GET_NETWORK 3 scan_ssid
01-01 00:58:01.140 W/WifiHW  (   81): wifi_command: GET_NETWORK 3 disabled
01-01 00:58:01.140 W/WifiHW  (   81): wifi_command: GET_NETWORK 3 identity
01-01 00:58:01.140 W/WifiHW  (   81): wifi_command: GET_NETWORK 3 password
01-01 00:58:01.140 W/WifiHW  (   81): wifi_command: GET_NETWORK 3 auth_alg
01-01 00:58:01.140 W/WifiHW  (   81): wifi_command: GET_NETWORK 3 phase1
01-01 00:58:01.140 W/WifiHW  (   81): wifi_command: GET_NETWORK 3 phase2
01-01 00:58:01.150 W/WifiHW  (   81): wifi_command: GET_NETWORK 3 eap
01-01 00:58:01.150 W/WifiHW  (   81): wifi_command: GET_NETWORK 3 pin
01-01 00:58:01.150 W/WifiHW  (   81): wifi_command: GET_NETWORK 3 pcsc
01-01 00:58:01.210 W/WifiHW  (   81): wifi_command: ENABLE_NETWORK 0
01-01 00:58:01.210 W/WifiHW  (   81): wifi_command: ENABLE_NETWORK 1
01-01 00:58:01.210 W/WifiHW  (   81): wifi_command: ENABLE_NETWORK 2
01-01 00:58:01.210 W/WifiHW  (   81): wifi_command: ENABLE_NETWORK 3
01-01 00:58:01.210 W/WifiHW  (   81): wifi_command: AP_SCAN 1
01-01 00:58:01.230 W/WifiHW  (   81): wifi_command: SAVE_CONFIG
01-01 00:58:01.430 I/Gecko:ProcessPriorityManager(   81): [Homescreen, child-id=2, pid=372] Changing priority from MASTER:CPU_NORMAL to FOREGROUND:CPU_NORMAL.
01-01 00:58:01.430 I/Gonk    (   81): Setting nice for pid 372 to 1
01-01 00:58:01.430 I/Gonk    (   81): Changed nice for pid 372 from 0 to 1.
01-01 00:58:01.430 I/Gecko:ProcessPriorityManager(   81): Making background LRU pool with size(3)
01-01 00:58:01.430 I/Gecko:ProcessPriorityManager(   81): KillBackgroundApps
01-01 00:58:01.440 I/Gecko   (   81): [Parent 81] WARNING: waitpid failed pid:372 errno:10: file /var/lib/jenkins/jobs/B2G.v1.3.0.Tarako/workspace/gecko/ipc/chromium/src/base/process_util_posix.cc, line 254
01-01 00:58:01.700 E/[Gralloc-ERROR](   81): int gralloc_register_buffer(const gralloc_module_t*, const native_handle_t*):79 Unable to register handle 0x4668bec0 coming from different process: 81
01-01 00:58:01.710 E/[Gralloc-ERROR](   81): int gralloc_register_buffer(const gralloc_module_t*, const native_handle_t*):79 Unable to register handle 0x4668bf60 coming from different process: 81
01-01 00:58:01.830 E/[Gralloc-ERROR](   81): int gralloc_register_buffer(const gralloc_module_t*, const native_handle_t*):79 Unable to register handle 0x46ad4510 coming from different process: 81
01-01 00:58:01.830 E/[Gralloc-ERROR](   81): int gralloc_register_buffer(const gralloc_module_t*, const native_handle_t*):79 Unable to register handle 0x46ad45b0 coming from different process: 81
01-01 00:58:02.040 I/GeckoDump(   81): XXX FIXME : Got a mozContentEvent: inputmethod-update-layouts
01-01 00:58:02.140 I/Gecko   (   81): ############################### browserElementPanning.js loaded
01-01 00:58:02.190 I/Gecko   (   81): ######################## BrowserElementChildPreload.js loaded
01-01 00:58:02.320 I/GeckoDump(   81): XXX FIXME : Got a mozContentEvent: inputmethod-update-layouts
01-01 00:58:03.430 E/GeckoConsole(   81): [JavaScript Warning: "Error in parsing value for 'font-weight'.  Declaration dropped." {file: "app://keyboard.gaiamobile.org/style/keyboard.css" line: 132 column: 15 source: "  font-weight: medium;"}]
01-01 00:58:03.530 I/Gecko   (   81): 1325397483541	Marionette	INFO	sendToClient: {"from":"0","ok":true}, {4f9fa360-de4d-437c-b6c0-366ff4aa1a10}, {4f9fa360-de4d-437c-b6c0-366ff4aa1a10}
01-01 00:58:03.590 I/Gecko   (   81): 1325397483595	Marionette	DEBUG	Got request: switchToFrame, data: {"to":"0","sessionId":"3-b2g","name":"switchToFrame","parameters":{"id":null,"focus":true}}, id: {149cebd9-8877-49a0-99a2-bad9856f7ec3}
01-01 00:58:03.610 I/Gecko   (   81): 1325397483614	Marionette	INFO	Switched to frame: {"frameValue":null}
01-01 00:58:03.750 I/Gecko   (   81): 1325397483755	Marionette	INFO	sendToClient: {"from":"0","ok":true}, {149cebd9-8877-49a0-99a2-bad9856f7ec3}, {149cebd9-8877-49a0-99a2-bad9856f7ec3}
01-01 00:58:03.760 W/WifiHW  (   81): wifi_command: SCAN_RESULTS
01-01 00:58:03.770 I/Gecko   (  372): ###################################### forms.js loaded
01-01 00:58:03.780 W/WifiHW  (   81): wifi_command: DRIVER SCAN-PASSIVE
01-01 00:58:03.820 I/Gecko   (   81): 1325397483827	Marionette	DEBUG	Got request: executeWithCallback, data: {"to":"0","sessionId":"3-b2g","name":"executeAsyncScript","parameters":{"specialPowers":false,"scriptTimeout":null,"newSandbox":true,"args":[],"filename":"gaia_test.py","script":"GaiaLockScreen.unlock()","line":810}}, id: {640b0c56-3cdc-49ba-b5e5-0581548bdc9b}
01-01 00:58:03.890 I/Gecko   (  372): ############################### browserElementPanning.js loaded
01-01 00:58:03.980 W/WifiHW  (   81): wifi_command: GET_NETWORK 3 ssid
01-01 00:58:03.980 W/WifiHW  (   81): wifi_command: GET_NETWORK 3 bssid
01-01 00:58:03.980 W/WifiHW  (   81): wifi_command: GET_NETWORK 3 psk
01-01 00:58:03.980 W/WifiHW  (   81): wifi_command: GET_NETWORK 3 wep_key0
01-01 00:58:03.980 W/WifiHW  (   81): wifi_command: GET_NETWORK 3 wep_key1
01-01 00:58:03.980 W/WifiHW  (   81): wifi_command: GET_NETWORK 3 wep_key2
01-01 00:58:03.990 W/WifiHW  (   81): wifi_command: GET_NETWORK 3 wep_key3
01-01 00:58:03.990 W/WifiHW  (   81): wifi_command: GET_NETWORK 3 wep_tx_keyidx
01-01 00:58:03.990 W/WifiHW  (   81): wifi_command: GET_NETWORK 3 priority
01-01 00:58:03.990 W/WifiHW  (   81): wifi_command: GET_NETWORK 3 key_mgmt
01-01 00:58:03.990 W/WifiHW  (   81): wifi_command: GET_NETWORK 3 scan_ssid
01-01 00:58:03.990 W/WifiHW  (   81): wifi_command: GET_NETWORK 3 disabled
01-01 00:58:03.990 W/WifiHW  (   81): wifi_command: GET_NETWORK 3 identity
01-01 00:58:03.990 W/WifiHW  (   81): wifi_command: GET_NETWORK 3 password
01-01 00:58:03.990 W/WifiHW  (   81): wifi_command: GET_NETWORK 3 auth_alg
01-01 00:58:03.990 W/WifiHW  (   81): wifi_command: GET_NETWORK 3 phase1
01-01 00:58:03.990 W/WifiHW  (   81): wifi_command: GET_NETWORK 3 phase2
01-01 00:58:04.000 W/WifiHW  (   81): wifi_command: GET_NETWORK 3 eap
01-01 00:58:04.000 W/WifiHW  (   81): wifi_command: GET_NETWORK 3 pin
01-01 00:58:04.000 W/WifiHW  (   81): wifi_command: GET_NETWORK 3 pcsc
01-01 00:58:04.220 I/Gecko   (   81): 1325397484229	Marionette	INFO	sendToClient: {"from":"0","value":{"passed":0,"failed":0,"failures":[]}}, {640b0c56-3cdc-49ba-b5e5-0581548bdc9b}, {640b0c56-3cdc-49ba-b5e5-0581548bdc9b}
01-01 00:58:04.430 W/WifiHW  (   81): wifi_command: SIGNAL_POLL
01-01 00:58:04.430 W/WifiHW  (   81): wifi_command: GET_NETWORK 3 ssid
01-01 00:58:04.430 W/WifiHW  (   81): wifi_command: GET_NETWORK 3 bssid
01-01 00:58:04.430 W/WifiHW  (   81): wifi_command: GET_NETWORK 3 psk
01-01 00:58:04.430 W/WifiHW  (   81): wifi_command: GET_NETWORK 3 wep_key0
01-01 00:58:04.440 W/WifiHW  (   81): wifi_command: GET_NETWORK 3 wep_key1
01-01 00:58:04.440 W/WifiHW  (   81): wifi_command: GET_NETWORK 3 wep_key2
01-01 00:58:04.440 W/WifiHW  (   81): wifi_command: GET_NETWORK 3 wep_key3
01-01 00:58:04.440 W/WifiHW  (   81): wifi_command: GET_NETWORK 3 wep_tx_keyidx
01-01 00:58:04.440 W/WifiHW  (   81): wifi_command: GET_NETWORK 3 priority
01-01 00:58:04.440 W/WifiHW  (   81): wifi_command: GET_NETWORK 3 key_mgmt
01-01 00:58:04.440 W/WifiHW  (   81): wifi_command: GET_NETWORK 3 scan_ssid
01-01 00:58:04.440 W/WifiHW  (   81): wifi_command: GET_NETWORK 3 disabled
01-01 00:58:04.440 W/WifiHW  (   81): wifi_command: GET_NETWORK 3 identity
01-01 00:58:04.440 W/WifiHW  (   81): wifi_command: GET_NETWORK 3 password
01-01 00:58:04.440 W/WifiHW  (   81): wifi_command: GET_NETWORK 3 auth_alg
01-01 00:58:04.440 W/WifiHW  (   81): wifi_command: GET_NETWORK 3 phase1
01-01 00:58:04.440 W/WifiHW  (   81): wifi_command: GET_NETWORK 3 phase2
01-01 00:58:04.440 W/WifiHW  (   81): wifi_command: GET_NETWORK 3 eap
01-01 00:58:04.440 W/WifiHW  (   81): wifi_command: GET_NETWORK 3 pin
01-01 00:58:04.440 W/WifiHW  (   81): wifi_command: GET_NETWORK 3 pcsc
01-01 00:58:04.700 E/[Gralloc-ERROR](   81): int gralloc_register_buffer(const gralloc_module_t*, const native_handle_t*):79 Unable to register handle 0x4611d0b0 coming from different process: 81
01-01 00:58:04.720 E/[Gralloc-ERROR](   81): int gralloc_register_buffer(const gralloc_module_t*, const native_handle_t*):79 Unable to register handle 0x4611d2e0 coming from different process: 81
01-01 00:58:04.770 E/[Gralloc-ERROR](   81): int gralloc_register_buffer(const gralloc_module_t*, const native_handle_t*):79 Unable to register handle 0x4611d6a0 coming from different process: 81
01-01 00:58:04.780 E/[Gralloc-ERROR](   81): int gralloc_register_buffer(const gralloc_module_t*, const native_handle_t*):79 Unable to register handle 0x4611dab0 coming from different process: 81
01-01 00:58:04.790 E/[Gralloc-ERROR](   81): int gralloc_register_buffer(const gralloc_module_t*, const native_handle_t*):79 Unable to register handle 0x4611dbf0 coming from different process: 81
01-01 00:58:04.790 E/[Gralloc-ERROR](   81): int gralloc_register_buffer(const gralloc_module_t*, const native_handle_t*):79 Unable to register handle 0x4614c3d0 coming from different process: 81
01-01 00:58:04.950 I/Gecko   (  372): ######################## BrowserElementChildPreload.js loaded
01-01 00:58:05.060 I/GeckoDump(   81): XXX FIXME : Got a mozContentEvent: nfc-hardware-state-change
01-01 00:58:05.080 I/GeckoDump(   81): XXX FIXME : Got a mozContentEvent: nfc-hardware-state-change
01-01 00:58:05.130 E/Profiler(   81): BPUnw: [1 total] thread_unregister_for_profiling(me=0xb94038)  (NOT REGISTERED) 
01-01 00:58:05.340 E/[Gralloc-ERROR](   81): int gralloc_unregister_buffer(const gralloc_module_t*, const native_handle_t*):274 Trying to unregister buffer 0x46ad45b0 from process 81 that was not created in current process: 81
01-01 00:58:05.340 E/[Gralloc-ERROR](   81): int gralloc_unregister_buffer(const gralloc_module_t*, const native_handle_t*):274 Trying to unregister buffer 0x46ad4510 from process 81 that was not created in current process: 81
01-01 00:58:05.480 E/[Gralloc-ERROR](   81): int gralloc_unregister_buffer(const gralloc_module_t*, const native_handle_t*):274 Trying to unregister buffer 0x4611d2e0 from process 81 that was not created in current process: 81
01-01 00:58:05.480 E/[Gralloc-ERROR](   81): int gralloc_unregister_buffer(const gralloc_module_t*, const native_handle_t*):274 Trying to unregister buffer 0x4611d0b0 from process 81 that was not created in current process: 81
01-01 00:58:05.490 E/[Gralloc-ERROR](   81): int gralloc_unregister_buffer(const gralloc_module_t*, const native_handle_t*):274 Trying to unregister buffer 0x4611dab0 from process 81 that was not created in current process: 81
01-01 00:58:05.490 E/[Gralloc-ERROR](   81): int gralloc_unregister_buffer(const gralloc_module_t*, const native_handle_t*):274 Trying to unregister buffer 0x4611d6a0 from process 81 that was not created in current process: 81
01-01 00:58:05.490 E/[Gralloc-ERROR](   81): int gralloc_unregister_buffer(const gralloc_module_t*, const native_handle_t*):274 Trying to unregister buffer 0x4614c3d0 from process 81 that was not created in current process: 81
01-01 00:58:05.490 E/[Gralloc-ERROR](   81): int gralloc_unregister_buffer(const gralloc_module_t*, const native_handle_t*):274 Trying to unregister buffer 0x4611dbf0 from process 81 that was not created in current process: 81
01-01 00:58:05.490 I/Gecko   (   81): 1325397485496	Marionette	INFO	sendToClient: {"from":"0","ok":true}, {dfe5eb8a-7e7e-4372-bf01-104d67dcbd4e}, {dfe5eb8a-7e7e-4372-bf01-104d67dcbd4e}
01-01 00:58:05.570 I/Gecko   (   81): 1325397485573	Marionette	DEBUG	Got request: switchToFrame, data: {"to":"0","sessionId":"3-b2g","name":"switchToFrame","parameters":{"id":null,"focus":true}}, id: {4f22ee79-7160-47b0-bda9-6a6456e1da53}
01-01 00:58:05.630 I/Gecko   (   81): 1325397485640	Marionette	INFO	Switched to frame: {"frameValue":null}
01-01 00:58:05.800 I/Gecko   (   81): 1325397485806	Marionette	INFO	sendToClient: {"from":"0","ok":true}, {4f22ee79-7160-47b0-bda9-6a6456e1da53}, {4f22ee79-7160-47b0-bda9-6a6456e1da53}
01-01 00:58:05.820 I/Gecko   (   81): 1325397485824	Marionette	DEBUG	Got request: executeWithCallback, data: {"to":"0","sessionId":"3-b2g","name":"executeAsyncScript","parameters":{"specialPowers":false,"scriptTimeout":60000,"newSandbox":true,"args":[],"filename":"app_checker.py","script":"\n        GaiaApps.locateWithManifestURL('https://marketplace.firefox.com/app/a1366f96-8394-499e-9586-3abfb58019d4/manifest.webapp',\n                                       null,\n                                       function uninstall(app) {\n                                       navigator.mozApps.mgmt.uninstall(app);\n                                       marionetteScriptFinished(true);\n                                       });\n        ","line":129}}, id: {d97690ce-5be7-4eb5-b54f-84a2861bd27f}
01-01 00:58:06.240 I/Gecko   (   81): 1325397486245	Marionette	INFO	sendToClient: {"from":"0","error":{"message":"TypeError: app is null","status":17,"stacktrace":"execute_async_script @app_checker.py, line 129\ninline javascript, line 221\nsrc: \"      appName = app.manifest.name;\""}}, {d97690ce-5be7-4eb5-b54f-84a2861bd27f}, {d97690ce-5be7-4eb5-b54f-84a2861bd27f}
01-01 00:58:06.490 I/Gecko:ProcessPriorityManager(   81): [(Preallocated), child-id=3, pid=441] Creating ParticularProcessPriorityManager.
01-01 00:58:06.490 I/Gecko:ProcessPriorityManager(   81): [(Preallocated), child-id=3, pid=441] Done starting up.  mHoldsCPUWakeLock=0, mHoldsHighPriorityWakeLock=0
01-01 00:58:06.490 I/Gecko:ProcessPriorityManager(   81): [(Preallocated), child-id=3, pid=441] Changing priority from UNKNOWN:CPU_NORMAL to MASTER:CPU_NORMAL.
01-01 00:58:06.490 I/Gonk    (   81): Setting nice for pid 441 to 0
01-01 00:58:06.490 I/Gonk    (   81): Changed nice for pid 441 from 0 to 0.
01-01 00:58:06.490 I/Gecko:ProcessPriorityManager(   81): [Homescreen, child-id=2, pid=372] Changing priority from FOREGROUND:CPU_NORMAL to FOREGROUND:CPU_LOW.
01-01 00:58:06.490 I/Gonk    (   81): Setting nice for pid 372 to 18
01-01 00:58:06.490 I/Gonk    (   81): Changed nice for pid 372 from 1 to 18.
01-01 00:58:06.490 I/Gecko:ProcessPriorityManager(   81): KillBackgroundApps