--------- beginning of /dev/log/system
01-01 04:06:31.720 I/Vold    (   75): Vold 2.1 (the revenge) firing up
01-01 04:06:31.760 D/Vold    (   75): Volume sdcard state changing -1 (Initializing) -> 0 (No-Media)
01-01 04:06:31.880 D/Vold    (   75): Volume sdcard state changing 0 (No-Media) -> 2 (Pending)
01-01 04:06:31.890 D/Vold    (   75): Volume sdcard state changing 2 (Pending) -> 1 (Idle-Unmounted)
01-01 04:06:36.880 D/VoldCmdListener(   75): volume list
01-01 04:06:36.880 D/VoldCmdListener(   75): volume mount sdcard
01-01 04:06:36.880 I/Vold    (   75): /dev/block/vold/179:1 being considered for volume sdcard
01-01 04:06:36.880 D/Vold    (   75): Volume sdcard state changing 1 (Idle-Unmounted) -> 3 (Checking)
01-01 04:06:36.880 W/Vold    (   75): Skipping fs checks
01-01 04:06:36.930 I/Vold    (   75): Device /dev/block/vold/179:1, target /mnt/sdcard mounted @ /mnt/secure/staging
01-01 04:06:36.940 D/Vold    (   75): Volume sdcard state changing 3 (Checking) -> 4 (Mounted)
--------- beginning of /dev/log/main
01-01 04:06:48.340 D/SPRDENG (  162): 31
01-01 04:06:48.340 D/SPRDENG (  162): 62
01-01 04:06:48.340 D/SPRDENG (  162): 30
01-01 04:06:48.340 D/SPRDENG (  162): 30
01-01 04:06:48.340 D/SPRDENG (  162): 35
01-01 04:06:48.340 D/SPRDENG (  162): 30
01-01 04:06:48.340 D/SPRDENG (  162): 30
01-01 04:06:48.340 D/SPRDENG (  162): 32
01-01 04:06:48.340 D/SPRDENG (  162): 31
01-01 04:06:48.340 D/SPRDENG (  162): 66
01-01 04:06:48.340 D/SPRDENG (  162): 30
01-01 04:06:48.340 D/SPRDENG (  162): 30
01-01 04:06:48.340 D/SPRDENG (  162): 35
01-01 04:06:48.340 D/SPRDENG (  162): 30
01-01 04:06:48.340 D/SPRDENG (  162): 30
01-01 04:06:48.340 D/SPRDENG (  162): 32
01-01 04:06:48.340 D/SPRDENG (  162): 32
01-01 04:06:48.340 D/SPRDENG (  162): 31
01-01 04:06:48.340 D/SPRDENG (  162): 30
01-01 04:06:48.340 D/SPRDENG (  162): 30
01-01 04:06:48.340 D/SPRDENG (  162): 35
01-01 04:06:48.340 D/SPRDENG (  162): 30
01-01 04:06:48.340 D/SPRDENG (  162): 30
01-01 04:06:48.340 D/SPRDENG (  162): 32
01-01 04:06:48.340 D/SPRDENG (  162): 30
01-01 04:06:48.340 D/SPRDENG (  162): 33
01-01 04:06:48.340 D/SPRDENG (  162): 30
01-01 04:06:48.340 D/SPRDENG (  162): 30
01-01 04:06:48.340 D/SPRDENG (  162): 35
01-01 04:06:48.340 D/SPRDENG (  162): 30
01-01 04:06:48.340 D/SPRDENG (  162): 30
01-01 04:06:48.340 D/SPRDENG (  162): 32
01-01 04:06:48.340 D/SPRDENG (  162): 33
01-01 04:06:48.340 D/SPRDENG (  162): 64
01-01 04:06:48.340 D/SPRDENG (  162): 30
01-01 04:06:48.340 D/SPRDENG (  162): 30
01-01 04:06:48.340 D/SPRDENG (  162): 35
01-01 04:06:48.340 D/SPRDENG (  162): 30
01-01 04:06:48.340 D/SPRDENG (  162): 30
01-01 04:06:48.340 D/SPRDENG (  162): 32
01-01 04:06:48.340 D/SPRDENG (  162): 32
01-01 04:06:48.340 D/SPRDENG (  162): 30
01-01 04:06:48.340 D/SPRDENG (  162): 30
01-01 04:06:48.340 D/SPRDENG (  162): 30
01-01 04:06:48.340 D/SPRDENG (  162): 35
01-01 04:06:48.340 D/SPRDENG (  162): 30
01-01 04:06:48.340 D/SPRDENG (  162): 30
01-01 04:06:48.340 D/SPRDENG (  162): 32
01-01 04:06:48.340 D/SPRDENG (  162): 32
01-01 04:06:48.340 D/SPRDENG (  162): 34
01-01 04:06:48.340 D/SPRDENG (  162): 30
01-01 04:06:48.340 D/SPRDENG (  162): 30
01-01 04:06:48.340 D/SPRDENG (  162): 35
01-01 04:06:48.340 D/SPRDENG (  162): 30
01-01 04:06:48.340 D/SPRDENG (  162): 30
01-01 04:06:48.340 D/SPRDENG (  162): 32
01-01 04:06:48.340 D/SPRDENG (  162): 32
01-01 04:06:48.340 D/SPRDENG (  162): 38
01-01 04:06:48.340 D/SPRDENG (  162): 30
01-01 04:06:48.340 D/SPRDENG (  162): 30
01-01 04:06:48.340 D/SPRDENG (  162): 35
01-01 04:06:48.340 D/SPRDENG (  162): 30
01-01 04:06:48.340 D/SPRDENG (  162): 30
01-01 04:06:48.340 D/SPRDENG (  162): 32
01-01 04:06:48.340 D/SPRDENG (  162): 33
01-01 04:06:48.340 D/SPRDENG (  162): 64
01-01 04:06:48.340 D/SPRDENG (  162): 30
01-01 04:06:48.340 D/SPRDENG (  162): 30
01-01 04:06:48.340 D/SPRDENG (  162): 35
01-01 04:06:48.340 D/SPRDENG (  162): 30
01-01 04:06:48.340 D/SPRDENG (  162): 30
01-01 04:06:48.340 D/SPRDENG (  162): 32
01-01 04:06:48.340 D/SPRDENG (  162): 32
01-01 04:06:48.340 D/SPRDENG (  162): 30
01-01 04:06:48.340 D/SPRDENG (  162): 30
01-01 04:06:48.340 D/SPRDENG (  162): 30
01-01 04:06:48.340 D/SPRDENG (  162): 35
01-01 04:06:48.340 D/SPRDENG (  162): 30
01-01 04:06:48.340 D/SPRDENG (  162): 30
01-01 04:06:48.340 D/SPRDENG (  162): 32
01-01 04:06:48.340 D/SPRDENG (  162): 32
01-01 04:06:48.340 D/SPRDENG (  162): 34
01-01 04:06:48.340 D/SPRDENG (  162): 30
01-01 04:06:48.340 D/SPRDENG (  162): 30
01-01 04:06:48.340 D/SPRDENG (  162): 35
01-01 04:06:48.340 D/SPRDENG (  162): 30
01-01 04:06:48.340 D/SPRDENG (  162): 30
01-01 04:06:48.340 D/SPRDENG (  162): 32
01-01 04:06:48.340 D/SPRDENG (  162): 32
01-01 04:06:48.340 D/SPRDENG (  162): 38
01-01 04:06:48.340 D/SPRDENG (  162): 30
01-01 04:06:48.340 D/SPRDENG (  162): 30
01-01 04:06:48.340 D/SPRDENG (  162): 35
01-01 04:06:48.340 D/SPRDENG (  162): 30
01-01 04:06:48.340 D/SPRDENG (  162): 30
01-01 04:06:48.340 D/SPRDENG (  162): 32
01-01 04:06:48.340 D/SPRDENG (  162): 31
01-01 04:06:48.340 D/SPRDENG (  162): 63
01-01 04:06:48.340 D/SPRDENG (  162): 31
01-01 04:06:48.340 D/SPRDENG (  162): 63
01-01 04:06:48.340 D/SPRDENG (  162): 30
01-01 04:06:48.340 D/SPRDENG (  162): 30
01-01 04:06:48.340 D/SPRDENG (  162): 30
01-01 04:06:48.340 D/SPRDENG (  162): 30
01-01 04:06:48.340 D/SPRDENG (  162): 31
01-01 04:06:48.340 D/SPRDENG (  162): 63
01-01 04:06:48.340 D/SPRDENG (  162): 31
01-01 04:06:48.340 D/SPRDENG (  162): 63
01-01 04:06:48.340 D/SPRDENG (  162): 30
01-01 04:06:48.340 D/SPRDENG (  162): 30
01-01 04:06:48.340 D/SPRDENG (  162): 30
01-01 04:06:48.340 D/SPRDENG (  162): 30
01-01 04:06:48.340 D/SPRDENG (  162): 34
01-01 04:06:48.340 D/SPRDENG (  162): 30
01-01 04:06:48.340 D/SPRDENG (  162): 30
01-01 04:06:48.340 D/SPRDENG (  162): 32
01-01 04:06:48.340 D/SPRDENG (  162): 30
01-01 04:06:48.340 D/SPRDENG (  162): 30
01-01 04:06:48.340 D/SPRDENG (  162): 30
01-01 04:06:48.340 D/SPRDENG (  162): 30
01-01 04:06:48.340 D/SPRDENG (  162): 30
01-01 04:06:48.340 D/SPRDENG (  162): 30
01-01 04:06:48.340 D/SPRDENG (  162): 30
01-01 04:06:48.340 D/SPRDENG (  162): 30
01-01 04:06:48.340 D/SPRDENG (  162): 30
01-01 04:06:48.340 D/SPRDENG (  162): 30
01-01 04:06:48.340 D/SPRDENG (  162): 30
01-01 04:06:48.340 D/SPRDENG (  162): 30
01-01 04:06:48.340 D/SPRDENG (  162): 30
01-01 04:06:48.340 D/SPRDENG (  162): 30
01-01 04:06:48.340 D/SPRDENG (  162): 30
01-01 04:06:48.340 D/SPRDENG (  162): 30
01-01 04:06:48.340 D/SPRDENG (  162): 30
01-01 04:06:48.340 D/SPRDENG (  162): 30
01-01 04:06:48.340 D/SPRDENG (  162): 30
01-01 04:06:48.340 D/SPRDENG (  162): 30
01-01 04:06:48.340 D/SPRDENG (  162): 30
01-01 04:06:48.340 D/SPRDENG (  162): 30
01-01 04:06:48.340 D/SPRDENG (  162): 30
01-01 04:06:48.340 D/SPRDENG (  162): 30
01-01 04:06:48.340 D/SPRDENG (  162): 30
01-01 04:06:48.340 D/SPRDENG (  162): 30
01-01 04:06:48.340 D/SPRDENG (  162): 30
01-01 04:06:48.340 D/SPRDENG (  162): 30
01-01 04:06:48.340 D/SPRDENG (  162): 30
01-01 04:06:48.340 D/SPRDENG (  162): 30
01-01 04:06:48.340 D/SPRDENG (  162): 30
01-01 04:06:48.340 D/SPRDENG (  162): 30
01-01 04:06:48.340 D/SPRDENG (  162): 30
01-01 04:06:48.340 D/SPRDENG (  162): 30
01-01 04:06:48.340 D/SPRDENG (  162): 30
01-01 04:06:48.340 D/SPRDENG (  162): 30
01-01 04:06:48.340 D/SPRDENG (  162): 30
01-01 04:06:48.340 D/SPRDENG (  162): 30
01-01 04:06:48.340 D/SPRDENG (  162): 30
01-01 04:06:48.340 D/SPRDENG (  162): 30
01-01 04:06:48.340 D/SPRDENG (  162): 30
01-01 04:06:48.340 D/SPRDENG (  162): 30
01-01 04:06:48.340 D/SPRDENG (  162): 30
01-01 04:06:48.340 D/SPRDENG (  162): 30
01-01 04:06:48.340 D/SPRDENG (  162): 30
01-01 04:06:48.340 D/SPRDENG (  162): 30
01-01 04:06:48.340 D/SPRDENG (  162): 30
01-01 04:06:48.340 D/SPRDENG (  162): 30
01-01 04:06:48.340 D/SPRDENG (  162): 30
01-01 04:06:48.340 D/SPRDENG (  162): 30
01-01 04:06:48.340 D/SPRDENG (  162): 30
01-01 04:06:48.340 D/SPRDENG (  162): 30
01-01 04:06:48.340 D/SPRDENG (  162): 30
01-01 04:06:48.340 D/SPRDENG (  162): 30
01-01 04:06:48.340 D/SPRDENG (  162): 30
01-01 04:06:48.340 D/SPRDENG (  162): 30
01-01 04:06:48.340 D/SPRDENG (  162): 30
01-01 04:06:48.340 D/SPRDENG (  162): 30
01-01 04:06:48.340 D/SPRDENG (  162): 30
01-01 04:06:48.340 D/SPRDENG (  162): 30
01-01 04:06:48.340 D/SPRDENG (  162): 30
01-01 04:06:48.340 D/SPRDENG (  162): 30
01-01 04:06:48.340 D/SPRDENG (  162): 30
01-01 04:06:48.340 D/SPRDENG (  162): 30
01-01 04:06:48.340 D/SPRDENG (  162): 30
01-01 04:06:48.340 D/SPRDENG (  162): 30
01-01 04:06:48.340 D/SPRDENG (  162): 30
01-01 04:06:48.340 D/SPRDENG (  162): 30
01-01 04:06:48.340 D/SPRDENG (  162): 30
01-01 04:06:48.340 D/SPRDENG (  162): 30
01-01 04:06:48.340 D/SPRDENG (  162): 30
01-01 04:06:48.340 D/SPRDENG (  162): 30
01-01 04:06:48.340 D/SPRDENG (  162): 30
01-01 04:06:48.340 D/SPRDENG (  162): 30
01-01 04:06:48.340 D/SPRDENG (  162): 30
01-01 04:06:48.340 D/SPRDENG (  162): 30
01-01 04:06:48.340 D/SPRDENG (  162): 30
01-01 04:06:48.340 D/SPRDENG (  162): 30
01-01 04:06:48.340 D/SPRDENG (  162): 30
01-01 04:06:48.340 D/SPRDENG (  162): 30
01-01 04:06:48.340 D/SPRDENG (  162): 30
01-01 04:06:48.340 D/SPRDENG (  162): 30
01-01 04:06:48.340 D/SPRDENG (  162): 30
01-01 04:06:48.340 D/SPRDENG (  162): 30
01-01 04:06:48.340 D/SPRDENG (  162): 30
01-01 04:06:48.340 D/SPRDENG (  162): 30
01-01 04:06:48.350 D/SPRDENG (  162): 30
01-01 04:06:48.350 D/SPRDENG (  162): 30
01-01 04:06:48.350 D/SPRDENG (  162): 30
01-01 04:06:48.350 D/SPRDENG (  162): 30
01-01 04:06:48.350 D/SPRDENG (  162): 30
01-01 04:06:48.350 D/SPRDENG (  162): 30
01-01 04:06:48.350 D/SPRDENG (  162): 30
01-01 04:06:48.350 D/SPRDENG (  162): 30
01-01 04:06:48.350 D/SPRDENG (  162): 30
01-01 04:06:48.350 D/SPRDENG (  162): 30
01-01 04:06:48.350 D/SPRDENG (  162): 30
01-01 04:06:48.350 D/SPRDENG (  162): 30
01-01 04:06:48.350 D/SPRDENG (  162): 30
01-01 04:06:48.350 D/SPRDENG (  162): 30
01-01 04:06:48.350 D/SPRDENG (  162): 30
01-01 04:06:48.350 D/SPRDENG (  162): 30
01-01 04:06:48.350 D/SPRDENG (  162): 30
01-01 04:06:48.350 D/SPRDENG (  162): 30
01-01 04:06:48.350 D/SPRDENG (  162): 30
01-01 04:06:48.350 D/SPRDENG (  162): 30
01-01 04:06:48.350 D/SPRDENG (  162): 30
01-01 04:06:48.350 D/SPRDENG (  162): 30
01-01 04:06:48.350 D/SPRDENG (  162): 30
01-01 04:06:48.350 D/SPRDENG (  162): 30
01-01 04:06:48.350 D/SPRDENG (  162): 30
01-01 04:06:48.350 D/SPRDENG (  162): 30
01-01 04:06:48.350 D/SPRDENG (  162): 30
01-01 04:06:48.350 D/SPRDENG (  162): 30
01-01 04:06:48.350 D/SPRDENG (  162): 30
01-01 04:06:48.350 D/SPRDENG (  162): 30
01-01 04:06:48.350 D/SPRDENG (  162): 30
01-01 04:06:48.350 D/SPRDENG (  162): 30
01-01 04:06:48.350 D/SPRDENG (  162): 30
01-01 04:06:48.350 D/SPRDENG (  162): 30
01-01 04:06:48.350 D/SPRDENG (  162): 30
01-01 04:06:48.350 D/SPRDENG (  162): 30
01-01 04:06:48.350 D/SPRDENG (  162): 30
01-01 04:06:48.350 D/SPRDENG (  162): 30
01-01 04:06:48.350 D/SPRDENG (  162): 62
01-01 04:06:48.350 D/SPRDENG (  162): 62
01-01 04:06:48.350 D/SPRDENG (  162): 62
01-01 04:06:48.350 D/SPRDENG (  162): 65
01-01 04:06:48.350 D/SPRDENG (  162): 63
01-01 04:06:48.350 D/SPRDENG (  162): 32
01-01 04:06:48.350 D/SPRDENG (  162): 63
01-01 04:06:48.350 D/SPRDENG (  162): 36
01-01 04:06:48.350 D/SPRDENG (  162): 31
01-01 04:06:48.350 D/SPRDENG (  162): 61
01-01 04:06:48.350 D/SPRDENG (  162): 32
01-01 04:06:48.350 D/SPRDENG (  162): 33
01-01 04:06:48.350 D/SPRDENG (  162): 31
01-01 04:06:48.350 D/SPRDENG (  162): 63
01-01 04:06:48.350 D/SPRDENG (  162): 32
01-01 04:06:48.350 D/SPRDENG (  162): 33
01-01 04:06:48.350 D/SPRDENG (  162): 30
01-01 04:06:48.350 D/SPRDENG (  162): 30
01-01 04:06:48.350 D/SPRDENG (  162): 30
01-01 04:06:48.350 D/SPRDENG (  162): 30
01-01 04:06:48.350 D/SPRDENG (  162): 30
01-01 04:06:48.350 D/SPRDENG (  162): 30
01-01 04:06:48.350 D/SPRDENG (  162): 30
01-01 04:06:48.350 D/SPRDENG (  162): 30
01-01 04:06:48.350 D/SPRDENG (  162): 30
01-01 04:06:48.350 D/SPRDENG (  162): 30
01-01 04:06:48.350 D/SPRDENG (  162): 30
01-01 04:06:48.350 D/SPRDENG (  162): 30
01-01 04:06:48.350 D/SPRDENG (  162): 30
01-01 04:06:48.350 D/SPRDENG (  162): 30
01-01 04:06:48.350 D/SPRDENG (  162): 30
01-01 04:06:48.350 D/SPRDENG (  162): 30
01-01 04:06:48.350 D/SPRDENG (  162): 31
01-01 04:06:48.350 D/SPRDENG (  162): 61
01-01 04:06:48.350 D/SPRDENG (  162): 32
01-01 04:06:48.350 D/SPRDENG (  162): 33
01-01 04:06:48.350 D/SPRDENG (  162): 31
01-01 04:06:48.350 D/SPRDENG (  162): 63
01-01 04:06:48.350 D/SPRDENG (  162): 32
01-01 04:06:48.350 D/SPRDENG (  162): 33
01-01 04:06:48.350 D/SPRDENG (  162): 30
01-01 04:06:48.350 D/SPRDENG (  162): 30
01-01 04:06:48.350 D/SPRDENG (  162): 30
01-01 04:06:48.350 D/SPRDENG (  162): 30
01-01 04:06:48.350 D/SPRDENG (  162): 30
01-01 04:06:48.350 D/SPRDENG (  162): 30
01-01 04:06:48.350 D/SPRDENG (  162): 30
01-01 04:06:48.350 D/SPRDENG (  162): 30
01-01 04:06:48.350 D/SPRDENG (  162): 30
01-01 04:06:48.350 D/SPRDENG (  162): 30
01-01 04:06:48.350 D/SPRDENG (  162): 30
01-01 04:06:48.350 D/SPRDENG (  162): 30
01-01 04:06:48.350 D/SPRDENG (  162): 30
01-01 04:06:48.350 D/SPRDENG (  162): 30
01-01 04:06:48.350 D/SPRDENG (  162): 30
01-01 04:06:48.350 D/SPRDENG (  162): 30
01-01 04:06:48.350 D/SPRDENG (  162): 31
01-01 04:06:48.350 D/SPRDENG (  162): 62
01-01 04:06:48.350 D/SPRDENG (  162): 32
01-01 04:06:48.350 D/SPRDENG (  162): 33
01-01 04:06:48.350 D/SPRDENG (  162): 31
01-01 04:06:48.350 D/SPRDENG (  162): 63
01-01 04:06:48.350 D/SPRDENG (  162): 32
01-01 04:06:48.350 D/SPRDENG (  162): 33
01-01 04:06:48.350 D/SPRDENG (  162): 30
01-01 04:06:48.350 D/SPRDENG (  162): 30
01-01 04:06:48.350 D/SPRDENG (  162): 30
01-01 04:06:48.350 D/SPRDENG (  162): 30
01-01 04:06:48.350 D/SPRDENG (  162): 30
01-01 04:06:48.350 D/SPRDENG (  162): 30
01-01 04:06:48.350 D/SPRDENG (  162): 30
01-01 04:06:48.350 D/SPRDENG (  162): 30
01-01 04:06:48.350 D/SPRDENG (  162): 30
01-01 04:06:48.350 D/SPRDENG (  162): 30
01-01 04:06:48.350 D/SPRDENG (  162): 30
01-01 04:06:48.350 D/SPRDENG (  162): 30
01-01 04:06:48.350 D/SPRDENG (  162): 30
01-01 04:06:48.350 D/SPRDENG (  162): 30
01-01 04:06:48.350 D/SPRDENG (  162): 30
01-01 04:06:48.350 D/SPRDENG (  162): 30
01-01 04:06:48.350 D/SPRDENG (  162): 31
01-01 04:06:48.350 D/SPRDENG (  162): 62
01-01 04:06:48.350 D/SPRDENG (  162): 32
01-01 04:06:48.350 D/SPRDENG (  162): 33
01-01 04:06:48.350 D/SPRDENG (  162): 31
01-01 04:06:48.350 D/SPRDENG (  162): 63
01-01 04:06:48.350 D/SPRDENG (  162): 32
01-01 04:06:48.350 D/SPRDENG (  162): 33
01-01 04:06:48.350 D/SPRDENG (  162): 30
01-01 04:06:48.350 D/SPRDENG (  162): 30
01-01 04:06:48.350 D/SPRDENG (  162): 30
01-01 04:06:48.350 D/SPRDENG (  162): 30
01-01 04:06:48.350 D/SPRDENG (  162): 30
01-01 04:06:48.350 D/SPRDENG (  162): 30
01-01 04:06:48.350 D/SPRDENG (  162): 30
01-01 04:06:48.350 D/SPRDENG (  162): 30
01-01 04:06:48.350 D/SPRDENG (  162): 30
01-01 04:06:48.350 D/SPRDENG (  162): 30
01-01 04:06:48.350 D/SPRDENG (  162): 30
01-01 04:06:48.350 D/SPRDENG (  162): 30
01-01 04:06:48.350 D/SPRDENG (  162): 30
01-01 04:06:48.350 D/SPRDENG (  162): 30
01-01 04:06:48.350 D/SPRDENG (  162): 30
01-01 04:06:48.350 D/SPRDENG (  162): 30
01-01 04:06:48.350 D/SPRDENG (  162): 31
01-01 04:06:48.350 D/SPRDENG (  162): 62
01-01 04:06:48.350 D/SPRDENG (  162): 32
01-01 04:06:48.350 D/SPRDENG (  162): 33
01-01 04:06:48.350 D/SPRDENG (  162): 31
01-01 04:06:48.350 D/SPRDENG (  162): 63
01-01 04:06:48.350 D/SPRDENG (  162): 32
01-01 04:06:48.350 D/SPRDENG (  162): 33
01-01 04:06:48.350 D/SPRDENG (  162): 30
01-01 04:06:48.350 D/SPRDENG (  162): 30
01-01 04:06:48.350 D/SPRDENG (  162): 30
01-01 04:06:48.350 D/SPRDENG (  162): 30
01-01 04:06:48.350 D/SPRDENG (  162): 30
01-01 04:06:48.350 D/SPRDENG (  162): 30
01-01 04:06:48.350 D/SPRDENG (  162): 30
01-01 04:06:48.350 D/SPRDENG (  162): 30
01-01 04:06:48.350 D/SPRDENG (  162): 30
01-01 04:06:48.350 D/SPRDENG (  162): 30
01-01 04:06:48.350 D/SPRDENG (  162): 30
01-01 04:06:48.350 D/SPRDENG (  162): 30
01-01 04:06:48.350 D/SPRDENG (  162): 30
01-01 04:06:48.350 D/SPRDENG (  162): 30
01-01 04:06:48.350 D/SPRDENG (  162): 30
01-01 04:06:48.350 D/SPRDENG (  162): 30
01-01 04:06:48.350 D/SPRDENG (  162): 30
01-01 04:06:48.350 D/SPRDENG (  162): 30
01-01 04:06:48.350 D/SPRDENG (  162): 30
01-01 04:06:48.350 D/SPRDENG (  162): 30
01-01 04:06:48.350 D/SPRDENG (  162): 30
01-01 04:06:48.350 D/SPRDENG (  162): 30
01-01 04:06:48.350 D/SPRDENG (  162): 30
01-01 04:06:48.350 D/SPRDENG (  162): 30
01-01 04:06:48.350 D/SPRDENG (  162): 30
01-01 04:06:48.350 D/SPRDENG (  162): 30
01-01 04:06:48.350 D/SPRDENG (  162): 30
01-01 04:06:48.350 D/SPRDENG (  162): 30
01-01 04:06:48.350 D/SPRDENG (  162): 30
01-01 04:06:48.350 D/SPRDENG (  162): 30
01-01 04:06:48.350 D/SPRDENG (  162): 30
01-01 04:06:48.350 D/SPRDENG (  162): 30
01-01 04:06:48.350 D/SPRDENG (  162): 30
01-01 04:06:48.350 D/SPRDENG (  162): 30
01-01 04:06:48.350 D/SPRDENG (  162): 30
01-01 04:06:48.350 D/SPRDENG (  162): 30
01-01 04:06:48.350 D/SPRDENG (  162): 30
01-01 04:06:48.350 D/SPRDENG (  162): 30
01-01 04:06:48.350 D/SPRDENG (  162): 30
01-01 04:06:48.350 D/SPRDENG (  162): 30
01-01 04:06:48.350 D/SPRDENG (  162): 32
01-01 04:06:48.350 D/SPRDENG (  162): 63
01-01 04:06:48.350 D/SPRDENG (  162): 30
01-01 04:06:48.350 D/SPRDENG (  162): 30
01-01 04:06:48.350 D/SPRDENG (  162): 30
01-01 04:06:48.350 D/SPRDENG (  162): 30
01-01 04:06:48.350 D/SPRDENG (  162): 30
01-01 04:06:48.350 D/SPRDENG (  162): 30
01-01 04:06:48.350 D/SPRDENG (  162): 1a
01-01 04:06:48.350 D/SPRDENG (  162): eng_modem2server: use SIM1 /dev/CHNPTY13
01-01 04:06:48.350 D/SPRDENG (  162): AT < 
01-01 04:06:48.350 D/SPRDENG (  162): OK
01-01 04:06:48.350 D/SPRDENG (  162): 
01-01 04:06:48.350 E/        (   98): nvcal_recv_from_modem: Receive 1 Modem Response
01-01 04:06:48.350 E/        (   98): write_rf_nvconf_cmd: wifi recv_num =6, response=[
01-01 04:06:48.350 E/        (   98): OK
01-01 04:06:48.350 E/        (   98): ]
01-01 04:06:48.450 E/eng_rf_nv_update(   98): [set_rf_nvconf]: NV updated OK!
01-01 04:06:48.450 E/eng_rf_nv_update(   98): [save_rf_nv_to_bak_file] NV data save to bake file OK
01-01 04:06:48.450 E/eng_rf_nv_update(   98): [eng_rf_nv_update]: end eng rf nv update!
01-01 04:06:48.450 I/logwrapper(   80): /system/bin/eng_rf_nv_update terminated by exit(0)
01-01 04:06:48.950 I/power   (   81): *** set_screen_state 1
01-01 04:06:48.950 D/Sensors (   81): activate handle=3; drv=1
01-01 04:06:48.950 D/Sensors (   81): SensorTMD2771::setEnable=0= en=1; newState=1; what=0; mEnabled=0
01-01 04:06:49.100 D/Sensors (   81): taos ---Light::TAOS_IOCTL_ALS_ON=== err=0
01-01 04:06:49.100 D/Sensors (   81): SensorTMD2771::setEnable=1= en=1; newState=1; what=0; mEnabled=1
01-01 04:06:49.100 D/Sensors (   81): SensorTMD2771::getEnable===mEnabled=0x1; enable=1
01-01 04:06:49.120 I/GeckoDump(   81): XXX FIXME : Got a mozContentEvent: nfc-hardware-state-change
01-01 04:06:49.150 I/GeckoDump(   81): XXX FIXME : Got a mozContentEvent: system-message-listener-ready
01-01 04:06:49.210 I/Gecko:ProcessPriorityManager(   81): [(Preallocated), child-id=2, pid=369] Creating ParticularProcessPriorityManager.
01-01 04:06:49.210 I/Gecko:ProcessPriorityManager(   81): [(Preallocated), child-id=2, pid=369] Done starting up.  mHoldsCPUWakeLock=0, mHoldsHighPriorityWakeLock=0
01-01 04:06:49.210 I/Gecko:ProcessPriorityManager(   81): [(Preallocated), child-id=2, pid=369] Changing priority from UNKNOWN:CPU_NORMAL to MASTER:CPU_NORMAL.
01-01 04:06:49.210 I/Gonk    (   81): Setting nice for pid 369 to 0
01-01 04:06:49.210 I/Gonk    (   81): Changed nice for pid 369 from 0 to 0.
01-01 04:06:49.550 D/Sensors (   81): SensorTMD2771::readEvents()======data_fd=53,count=16
01-01 04:06:49.550 D/Sensors (   81): SensorTMD2771::processEvent()=====code=40::value=1 
01-01 04:06:49.550 D/Sensors (   81): SensorTMD2771: mPendingEvents[Light].light = 1.000000
01-01 04:06:49.840 I/Gecko   (   81): 1325408809852	Marionette	INFO	loaded marionette-listener.js
01-01 04:06:49.850 I/Gecko   (   81): 1325408809854	Marionette	INFO	sendToClient: {"from":"0","value":"3-b2g"}, {69233bff-d003-4302-8501-0fef74418429}, {69233bff-d003-4302-8501-0fef74418429}
01-01 04:06:50.000 E/GeckoConsole(   81): [JavaScript Error: "TypeError: widgetFrame is undefined" {file: "app://system.gaiamobile.org/js/cost_control.js" line: 119}]
01-01 04:06:50.370 I/Gecko   (   81): 1325408810383	Marionette	INFO	sendToClient: {"from":"0","value":{"ELEMENT":"{f335e9b7-ba6b-436a-8495-9459e069d9b4}"}}, {14e152af-c925-49a0-a40a-e4b14f0b3ead}, {14e152af-c925-49a0-a40a-e4b14f0b3ead}
01-01 04:06:50.460 I/Gecko   (   81): 1325408810465	Marionette	INFO	sendToClient: {"from":"0","value":false}, {99504149-8976-4c35-8de8-6333592eb8d2}, {99504149-8976-4c35-8de8-6333592eb8d2}
01-01 04:06:50.640 I/Gecko   (   81): 1325408810650	Marionette	INFO	sendToClient: {"from":"0","value":{"ELEMENT":"{f335e9b7-ba6b-436a-8495-9459e069d9b4}"}}, {1c266baa-9ccc-4976-8d55-fdc150d40b88}, {1c266baa-9ccc-4976-8d55-fdc150d40b88}
01-01 04:06:50.720 I/Gecko   (   81): 1325408810727	Marionette	INFO	sendToClient: {"from":"0","value":false}, {024e93db-a069-41e5-8ac0-6a8a4885c87a}, {024e93db-a069-41e5-8ac0-6a8a4885c87a}
01-01 04:06:50.880 I/Gecko   (   81): 1325408810893	Marionette	INFO	sendToClient: {"from":"0","value":{"ELEMENT":"{f335e9b7-ba6b-436a-8495-9459e069d9b4}"}}, {bd04ef72-e392-43a8-96a8-71f83b104bca}, {bd04ef72-e392-43a8-96a8-71f83b104bca}
01-01 04:06:50.930 I/Gecko   (   81): 1325408810939	Marionette	INFO	sendToClient: {"from":"0","value":false}, {21dd4ae9-f87a-4a7f-bc71-500da3de4c64}, {21dd4ae9-f87a-4a7f-bc71-500da3de4c64}
01-01 04:06:51.060 I/GeckoDump(   81): XXX FIXME : Got a mozContentEvent: accessibility-screenreader
01-01 04:06:51.120 I/GeckoDump(   81): XXX FIXME : Got a mozContentEvent: nfc-hardware-state-change
01-01 04:06:51.350 E/WifiHW  (   81): Leo ensure_config_file_exists config_file=/data/misc/wifi/wpa_supplicant.conf
01-01 04:06:51.350 E/WifiHW  (   81): daemon_cmd=wpa_supplicant:-iwlan0 -c/data/misc/wifi/wpa_supplicant.conf
01-01 04:06:51.520 I/Gecko   (   81): 1325408811533	Marionette	INFO	sendToClient: {"from":"0","value":{"ELEMENT":"{f335e9b7-ba6b-436a-8495-9459e069d9b4}"}}, {99644a5c-bf55-4d60-b44a-d217c343553e}, {99644a5c-bf55-4d60-b44a-d217c343553e}
01-01 04:06:51.650 I/Gecko   (   81): 1325408811663	Marionette	INFO	sendToClient: {"from":"0","value":true}, {a68405df-9e7b-43f0-b156-9a11a44df14a}, {a68405df-9e7b-43f0-b156-9a11a44df14a}
01-01 04:06:51.930 I/FMRadio (   81): FMRadio is initialized.
01-01 04:06:52.070 E/GeckoConsole(   81): Content JS ERROR at app://system.gaiamobile.org/js/telephony_settings.js:23 in set_vpm_error: Error setting voice privacy.
01-01 04:06:52.080 E/GeckoConsole(   81): Content JS ERROR at app://system.gaiamobile.org/js/telephony_settings.js:23 in set_vpm_error: Error setting voice privacy.
01-01 04:06:52.260 W/WifiHW  (   81): wifi_command: LOG_LEVEL
01-01 04:06:52.260 W/WifiHW  (   81): wifi_command: STATUS
01-01 04:06:52.280 W/WifiHW  (   81): wifi_command: LIST_NETWORKS
01-01 04:06:52.290 W/WifiHW  (   81): wifi_command: DRIVER MACADDR
01-01 04:06:52.320 E/GeckoConsole(   81): Content JS ERROR at app://system.gaiamobile.org/js/telephony_settings.js:42 in set_vpm_error: Error roaming preference.
01-01 04:06:52.330 E/GeckoConsole(   81): Content JS ERROR at app://system.gaiamobile.org/js/telephony_settings.js:42 in set_vpm_error: Error roaming preference.
01-01 04:06:52.330 W/WifiHW  (   81): wifi_command: GET_NETWORK 0 ssid
01-01 04:06:52.330 W/WifiHW  (   81): wifi_command: GET_NETWORK 0 bssid
01-01 04:06:52.330 W/WifiHW  (   81): wifi_command: GET_NETWORK 0 psk
01-01 04:06:52.330 W/WifiHW  (   81): wifi_command: GET_NETWORK 0 wep_key0
01-01 04:06:52.330 W/WifiHW  (   81): wifi_command: GET_NETWORK 0 wep_key1
01-01 04:06:52.340 W/WifiHW  (   81): wifi_command: GET_NETWORK 0 wep_key2
01-01 04:06:52.340 W/WifiHW  (   81): wifi_command: GET_NETWORK 0 wep_key3
01-01 04:06:52.350 W/WifiHW  (   81): wifi_command: GET_NETWORK 0 wep_tx_keyidx
01-01 04:06:52.350 W/WifiHW  (   81): wifi_command: GET_NETWORK 0 priority
01-01 04:06:52.350 W/WifiHW  (   81): wifi_command: GET_NETWORK 0 key_mgmt
01-01 04:06:52.350 W/WifiHW  (   81): wifi_command: GET_NETWORK 0 scan_ssid
01-01 04:06:52.350 W/WifiHW  (   81): wifi_command: GET_NETWORK 0 disabled
01-01 04:06:52.350 W/WifiHW  (   81): wifi_command: GET_NETWORK 0 identity
01-01 04:06:52.350 W/WifiHW  (   81): wifi_command: GET_NETWORK 0 password
01-01 04:06:52.350 W/WifiHW  (   81): wifi_command: GET_NETWORK 0 auth_alg
01-01 04:06:52.350 W/WifiHW  (   81): wifi_command: GET_NETWORK 0 phase1
01-01 04:06:52.350 W/WifiHW  (   81): wifi_command: GET_NETWORK 0 phase2
01-01 04:06:52.350 W/WifiHW  (   81): wifi_command: GET_NETWORK 0 eap
01-01 04:06:52.360 W/WifiHW  (   81): wifi_command: GET_NETWORK 0 pin
01-01 04:06:52.360 W/WifiHW  (   81): wifi_command: GET_NETWORK 0 pcsc
01-01 04:06:52.360 W/WifiHW  (   81): wifi_command: GET_NETWORK 1 ssid
01-01 04:06:52.360 W/WifiHW  (   81): wifi_command: GET_NETWORK 1 bssid
01-01 04:06:52.360 W/WifiHW  (   81): wifi_command: GET_NETWORK 1 psk
01-01 04:06:52.360 W/WifiHW  (   81): wifi_command: GET_NETWORK 1 wep_key0
01-01 04:06:52.360 W/WifiHW  (   81): wifi_command: GET_NETWORK 1 wep_key1
01-01 04:06:52.360 W/WifiHW  (   81): wifi_command: GET_NETWORK 1 wep_key2
01-01 04:06:52.360 W/WifiHW  (   81): wifi_command: GET_NETWORK 1 wep_key3
01-01 04:06:52.360 W/WifiHW  (   81): wifi_command: GET_NETWORK 1 wep_tx_keyidx
01-01 04:06:52.360 W/WifiHW  (   81): wifi_command: GET_NETWORK 1 priority
01-01 04:06:52.360 W/WifiHW  (   81): wifi_command: GET_NETWORK 1 key_mgmt
01-01 04:06:52.360 W/WifiHW  (   81): wifi_command: GET_NETWORK 1 scan_ssid
01-01 04:06:52.360 W/WifiHW  (   81): wifi_command: GET_NETWORK 1 disabled
01-01 04:06:52.360 W/WifiHW  (   81): wifi_command: GET_NETWORK 1 identity
01-01 04:06:52.370 W/WifiHW  (   81): wifi_command: GET_NETWORK 1 password
01-01 04:06:52.370 W/WifiHW  (   81): wifi_command: GET_NETWORK 1 auth_alg
01-01 04:06:52.380 W/WifiHW  (   81): wifi_command: GET_NETWORK 1 phase1
01-01 04:06:52.380 W/WifiHW  (   81): wifi_command: GET_NETWORK 1 phase2
01-01 04:06:52.380 W/WifiHW  (   81): wifi_command: GET_NETWORK 1 eap
01-01 04:06:52.380 W/WifiHW  (   81): wifi_command: GET_NETWORK 1 pin
01-01 04:06:52.380 W/WifiHW  (   81): wifi_command: GET_NETWORK 1 pcsc
01-01 04:06:52.380 W/WifiHW  (   81): wifi_command: GET_NETWORK 2 ssid
01-01 04:06:52.380 W/WifiHW  (   81): wifi_command: GET_NETWORK 2 bssid
01-01 04:06:52.380 W/WifiHW  (   81): wifi_command: GET_NETWORK 2 psk
01-01 04:06:52.380 W/WifiHW  (   81): wifi_command: GET_NETWORK 2 wep_key0
01-01 04:06:52.380 W/WifiHW  (   81): wifi_command: GET_NETWORK 2 wep_key1
01-01 04:06:52.380 W/WifiHW  (   81): wifi_command: GET_NETWORK 2 wep_key2
01-01 04:06:52.390 W/WifiHW  (   81): wifi_command: GET_NETWORK 2 wep_key3
01-01 04:06:52.390 W/WifiHW  (   81): wifi_command: GET_NETWORK 2 wep_tx_keyidx
01-01 04:06:52.390 W/WifiHW  (   81): wifi_command: GET_NETWORK 2 priority
01-01 04:06:52.390 W/WifiHW  (   81): wifi_command: GET_NETWORK 2 key_mgmt
01-01 04:06:52.390 W/WifiHW  (   81): wifi_command: GET_NETWORK 2 scan_ssid
01-01 04:06:52.390 W/WifiHW  (   81): wifi_command: GET_NETWORK 2 disabled
01-01 04:06:52.390 W/WifiHW  (   81): wifi_command: GET_NETWORK 2 identity
01-01 04:06:52.390 W/WifiHW  (   81): wifi_command: GET_NETWORK 2 password
01-01 04:06:52.390 W/WifiHW  (   81): wifi_command: GET_NETWORK 2 auth_alg
01-01 04:06:52.390 W/WifiHW  (   81): wifi_command: GET_NETWORK 2 phase1
01-01 04:06:52.390 W/WifiHW  (   81): wifi_command: GET_NETWORK 2 phase2
01-01 04:06:52.390 W/WifiHW  (   81): wifi_command: GET_NETWORK 2 eap
01-01 04:06:52.390 W/WifiHW  (   81): wifi_command: GET_NETWORK 2 pin
01-01 04:06:52.390 W/WifiHW  (   81): wifi_command: GET_NETWORK 2 pcsc
01-01 04:06:52.390 W/WifiHW  (   81): wifi_command: GET_NETWORK 3 ssid
01-01 04:06:52.400 W/WifiHW  (   81): wifi_command: GET_NETWORK 3 bssid
01-01 04:06:52.410 W/WifiHW  (   81): wifi_command: GET_NETWORK 3 psk
01-01 04:06:52.410 W/WifiHW  (   81): wifi_command: GET_NETWORK 3 wep_key0
01-01 04:06:52.410 W/WifiHW  (   81): wifi_command: GET_NETWORK 3 wep_key1
01-01 04:06:52.410 W/WifiHW  (   81): wifi_command: GET_NETWORK 3 wep_key2
01-01 04:06:52.410 W/WifiHW  (   81): wifi_command: GET_NETWORK 3 wep_key3
01-01 04:06:52.410 W/WifiHW  (   81): wifi_command: GET_NETWORK 3 wep_tx_keyidx
01-01 04:06:52.410 W/WifiHW  (   81): wifi_command: GET_NETWORK 3 priority
01-01 04:06:52.410 W/WifiHW  (   81): wifi_command: GET_NETWORK 3 key_mgmt
01-01 04:06:52.410 W/WifiHW  (   81): wifi_command: GET_NETWORK 3 scan_ssid
01-01 04:06:52.410 W/WifiHW  (   81): wifi_command: GET_NETWORK 3 disabled
01-01 04:06:52.410 W/WifiHW  (   81): wifi_command: GET_NETWORK 3 identity
01-01 04:06:52.410 W/WifiHW  (   81): wifi_command: GET_NETWORK 3 password
01-01 04:06:52.410 W/WifiHW  (   81): wifi_command: GET_NETWORK 3 auth_alg
01-01 04:06:52.420 W/WifiHW  (   81): wifi_command: GET_NETWORK 3 phase1
01-01 04:06:52.420 W/WifiHW  (   81): wifi_command: GET_NETWORK 3 phase2
01-01 04:06:52.420 W/WifiHW  (   81): wifi_command: GET_NETWORK 3 eap
01-01 04:06:52.420 W/WifiHW  (   81): wifi_command: GET_NETWORK 3 pin
01-01 04:06:52.420 W/WifiHW  (   81): wifi_command: GET_NETWORK 3 pcsc
01-01 04:06:52.540 W/WifiHW  (   81): wifi_command: ENABLE_NETWORK 0
01-01 04:06:52.540 W/WifiHW  (   81): wifi_command: ENABLE_NETWORK 1
01-01 04:06:52.540 W/WifiHW  (   81): wifi_command: ENABLE_NETWORK 2
01-01 04:06:52.540 W/WifiHW  (   81): wifi_command: ENABLE_NETWORK 3
01-01 04:06:52.540 W/WifiHW  (   81): wifi_command: AP_SCAN 1
01-01 04:06:52.590 W/WifiHW  (   81): wifi_command: SAVE_CONFIG
01-01 04:06:52.920 I/Gecko:ProcessPriorityManager(   81): [Homescreen, child-id=2, pid=369] Changing priority from MASTER:CPU_NORMAL to FOREGROUND:CPU_NORMAL.
01-01 04:06:52.920 I/Gonk    (   81): Setting nice for pid 369 to 1
01-01 04:06:52.920 I/Gonk    (   81): Changed nice for pid 369 from 0 to 1.
01-01 04:06:52.930 I/Gecko:ProcessPriorityManager(   81): Making background LRU pool with size(3)
01-01 04:06:52.930 I/Gecko:ProcessPriorityManager(   81): KillBackgroundApps
01-01 04:06:52.930 I/Gecko   (   81): [Parent 81] WARNING: waitpid failed pid:369 errno:10: file /var/lib/jenkins/jobs/B2G.v1.3.0.Tarako/workspace/gecko/ipc/chromium/src/base/process_util_posix.cc, line 254
01-01 04:06:53.230 E/[Gralloc-ERROR](   81): int gralloc_register_buffer(const gralloc_module_t*, const native_handle_t*):79 Unable to register handle 0x46a87970 coming from different process: 81
01-01 04:06:53.260 E/[Gralloc-ERROR](   81): int gralloc_register_buffer(const gralloc_module_t*, const native_handle_t*):79 Unable to register handle 0x46a87a10 coming from different process: 81
01-01 04:06:53.410 E/[Gralloc-ERROR](   81): int gralloc_register_buffer(const gralloc_module_t*, const native_handle_t*):79 Unable to register handle 0x46a87c90 coming from different process: 81
01-01 04:06:53.420 E/[Gralloc-ERROR](   81): int gralloc_register_buffer(const gralloc_module_t*, const native_handle_t*):79 Unable to register handle 0x46a87d30 coming from different process: 81
01-01 04:06:53.730 I/GeckoDump(   81): XXX FIXME : Got a mozContentEvent: inputmethod-update-layouts
01-01 04:06:53.800 I/Gecko   (   81): ############################### browserElementPanning.js loaded
01-01 04:06:53.850 I/Gecko   (   81): ######################## BrowserElementChildPreload.js loaded
01-01 04:06:53.920 I/GeckoDump(   81): XXX FIXME : Got a mozContentEvent: inputmethod-update-layouts
01-01 04:06:55.010 E/GeckoConsole(   81): [JavaScript Warning: "Error in parsing value for 'font-weight'.  Declaration dropped." {file: "app://keyboard.gaiamobile.org/style/keyboard.css" line: 132 column: 15 source: "  font-weight: medium;"}]
01-01 04:06:55.050 I/Gecko   (   81): 1325408815060	Marionette	INFO	sendToClient: {"from":"0","ok":true}, {edeae1cf-7ecd-4b96-96e4-9a1933b40b0c}, {edeae1cf-7ecd-4b96-96e4-9a1933b40b0c}
01-01 04:06:55.170 I/Gecko   (   81): 1325408815174	Marionette	DEBUG	Got request: switchToFrame, data: {"to":"0","sessionId":"3-b2g","name":"switchToFrame","parameters":{"id":null,"focus":true}}, id: {2342822e-b318-41bb-8832-113283c9c46f}
01-01 04:06:55.180 I/Gecko   (   81): 1325408815192	Marionette	INFO	Switched to frame: {"frameValue":null}
01-01 04:06:55.240 W/WifiHW  (   81): wifi_command: SCAN_RESULTS
01-01 04:06:55.240 W/WifiHW  (   81): wifi_command: DRIVER SCAN-PASSIVE
01-01 04:06:55.320 I/Gecko   (  369): ###################################### forms.js loaded
01-01 04:06:55.430 I/Gecko   (   81): 1325408815435	Marionette	INFO	sendToClient: {"from":"0","ok":true}, {2342822e-b318-41bb-8832-113283c9c46f}, {2342822e-b318-41bb-8832-113283c9c46f}
01-01 04:06:55.430 I/Gecko   (  369): ############################### browserElementPanning.js loaded
01-01 04:06:55.500 I/Gecko   (   81): 1325408815509	Marionette	DEBUG	Got request: executeWithCallback, data: {"to":"0","sessionId":"3-b2g","name":"executeAsyncScript","parameters":{"specialPowers":false,"scriptTimeout":null,"newSandbox":true,"args":[],"filename":"gaia_test.py","script":"GaiaLockScreen.unlock()","line":810}}, id: {f8b0606e-bc29-45b4-a3d0-3793648ea85c}
01-01 04:06:55.810 I/Gecko   (   81): 1325408815818	Marionette	INFO	sendToClient: {"from":"0","value":{"passed":0,"failed":0,"failures":[]}}, {f8b0606e-bc29-45b4-a3d0-3793648ea85c}, {f8b0606e-bc29-45b4-a3d0-3793648ea85c}
01-01 04:06:55.970 E/Profiler(   81): BPUnw: [1 total] thread_unregister_for_profiling(me=0x1d95038)  (NOT REGISTERED) 
01-01 04:06:56.100 I/Gecko   (  369): ######################## BrowserElementChildPreload.js loaded
01-01 04:06:56.540 E/[Gralloc-ERROR](   81): int gralloc_register_buffer(const gralloc_module_t*, const native_handle_t*):79 Unable to register handle 0x473c1740 coming from different process: 81
01-01 04:06:56.540 E/[Gralloc-ERROR](   81): int gralloc_register_buffer(const gralloc_module_t*, const native_handle_t*):79 Unable to register handle 0x473c1920 coming from different process: 81
01-01 04:06:56.620 E/[Gralloc-ERROR](   81): int gralloc_register_buffer(const gralloc_module_t*, const native_handle_t*):79 Unable to register handle 0x473c19c0 coming from different process: 81
01-01 04:06:56.620 E/[Gralloc-ERROR](   81): int gralloc_register_buffer(const gralloc_module_t*, const native_handle_t*):79 Unable to register handle 0x473c1a60 coming from different process: 81
01-01 04:06:56.630 E/[Gralloc-ERROR](   81): int gralloc_register_buffer(const gralloc_module_t*, const native_handle_t*):79 Unable to register handle 0x473c1e70 coming from different process: 81
01-01 04:06:56.630 E/[Gralloc-ERROR](   81): int gralloc_register_buffer(const gralloc_module_t*, const native_handle_t*):79 Unable to register handle 0x473c1fb0 coming from different process: 81
01-01 04:06:56.670 W/WifiHW  (   81): wifi_command: GET_NETWORK 3 ssid
01-01 04:06:56.850 W/WifiHW  (   81): wifi_command: GET_NETWORK 3 bssid
01-01 04:06:56.850 W/WifiHW  (   81): wifi_command: GET_NETWORK 3 psk
01-01 04:06:56.850 W/WifiHW  (   81): wifi_command: GET_NETWORK 3 wep_key0
01-01 04:06:56.850 W/WifiHW  (   81): wifi_command: GET_NETWORK 3 wep_key1
01-01 04:06:56.850 W/WifiHW  (   81): wifi_command: GET_NETWORK 3 wep_key2
01-01 04:06:56.850 W/WifiHW  (   81): wifi_command: GET_NETWORK 3 wep_key3
01-01 04:06:56.850 W/WifiHW  (   81): wifi_command: GET_NETWORK 3 wep_tx_keyidx
01-01 04:06:56.860 W/WifiHW  (   81): wifi_command: GET_NETWORK 3 priority
01-01 04:06:56.860 W/WifiHW  (   81): wifi_command: GET_NETWORK 3 key_mgmt
01-01 04:06:56.860 W/WifiHW  (   81): wifi_command: GET_NETWORK 3 scan_ssid
01-01 04:06:56.860 W/WifiHW  (   81): wifi_command: GET_NETWORK 3 disabled
01-01 04:06:56.870 W/WifiHW  (   81): wifi_command: GET_NETWORK 3 identity
01-01 04:06:56.870 W/WifiHW  (   81): wifi_command: GET_NETWORK 3 password
01-01 04:06:56.870 W/WifiHW  (   81): wifi_command: GET_NETWORK 3 auth_alg
01-01 04:06:56.870 W/WifiHW  (   81): wifi_command: GET_NETWORK 3 phase1
01-01 04:06:56.870 W/WifiHW  (   81): wifi_command: GET_NETWORK 3 phase2
01-01 04:06:56.870 W/WifiHW  (   81): wifi_command: GET_NETWORK 3 eap
01-01 04:06:56.870 W/WifiHW  (   81): wifi_command: GET_NETWORK 3 pin
01-01 04:06:56.870 W/WifiHW  (   81): wifi_command: GET_NETWORK 3 pcsc
01-01 04:06:56.990 I/GeckoDump(   81): XXX FIXME : Got a mozContentEvent: nfc-hardware-state-change
01-01 04:06:57.000 I/GeckoDump(   81): XXX FIXME : Got a mozContentEvent: nfc-hardware-state-change
01-01 04:06:57.240 E/[Gralloc-ERROR](   81): int gralloc_unregister_buffer(const gralloc_module_t*, const native_handle_t*):274 Trying to unregister buffer 0x46a87d30 from process 81 that was not created in current process: 81
01-01 04:06:57.240 E/[Gralloc-ERROR](   81): int gralloc_unregister_buffer(const gralloc_module_t*, const native_handle_t*):274 Trying to unregister buffer 0x46a87c90 from process 81 that was not created in current process: 81
01-01 04:06:57.320 I/Gecko   (   81): 1325408817333	Marionette	INFO	sendToClient: {"from":"0","ok":true}, {181e3774-8e40-438d-9f8d-d7cda215057d}, {181e3774-8e40-438d-9f8d-d7cda215057d}
01-01 04:06:57.350 E/[Gralloc-ERROR](   81): int gralloc_unregister_buffer(const gralloc_module_t*, const native_handle_t*):274 Trying to unregister buffer 0x473c1920 from process 81 that was not created in current process: 81
01-01 04:06:57.360 E/[Gralloc-ERROR](   81): int gralloc_unregister_buffer(const gralloc_module_t*, const native_handle_t*):274 Trying to unregister buffer 0x473c1740 from process 81 that was not created in current process: 81
01-01 04:06:57.360 E/[Gralloc-ERROR](   81): int gralloc_unregister_buffer(const gralloc_module_t*, const native_handle_t*):274 Trying to unregister buffer 0x473c1a60 from process 81 that was not created in current process: 81
01-01 04:06:57.360 E/[Gralloc-ERROR](   81): int gralloc_unregister_buffer(const gralloc_module_t*, const native_handle_t*):274 Trying to unregister buffer 0x473c19c0 from process 81 that was not created in current process: 81
01-01 04:06:57.360 E/[Gralloc-ERROR](   81): int gralloc_unregister_buffer(const gralloc_module_t*, const native_handle_t*):274 Trying to unregister buffer 0x473c1fb0 from process 81 that was not created in current process: 81
01-01 04:06:57.360 E/[Gralloc-ERROR](   81): int gralloc_unregister_buffer(const gralloc_module_t*, const native_handle_t*):274 Trying to unregister buffer 0x473c1e70 from process 81 that was not created in current process: 81
01-01 04:06:57.380 W/WifiHW  (   81): wifi_command: SIGNAL_POLL
01-01 04:06:57.390 W/WifiHW  (   81): wifi_command: GET_NETWORK 3 ssid
01-01 04:06:57.390 W/WifiHW  (   81): wifi_command: GET_NETWORK 3 bssid
01-01 04:06:57.390 W/WifiHW  (   81): wifi_command: GET_NETWORK 3 psk
01-01 04:06:57.390 W/WifiHW  (   81): wifi_command: GET_NETWORK 3 wep_key0
01-01 04:06:57.400 W/WifiHW  (   81): wifi_command: GET_NETWORK 3 wep_key1
01-01 04:06:57.400 W/WifiHW  (   81): wifi_command: GET_NETWORK 3 wep_key2
01-01 04:06:57.410 W/WifiHW  (   81): wifi_command: GET_NETWORK 3 wep_key3
01-01 04:06:57.410 W/WifiHW  (   81): wifi_command: GET_NETWORK 3 wep_tx_keyidx
01-01 04:06:57.410 W/WifiHW  (   81): wifi_command: GET_NETWORK 3 priority
01-01 04:06:57.410 W/WifiHW  (   81): wifi_command: GET_NETWORK 3 key_mgmt
01-01 04:06:57.410 W/WifiHW  (   81): wifi_command: GET_NETWORK 3 scan_ssid
01-01 04:06:57.410 W/WifiHW  (   81): wifi_command: GET_NETWORK 3 disabled
01-01 04:06:57.410 W/WifiHW  (   81): wifi_command: GET_NETWORK 3 identity
01-01 04:06:57.410 W/WifiHW  (   81): wifi_command: GET_NETWORK 3 password
01-01 04:06:57.410 W/WifiHW  (   81): wifi_command: GET_NETWORK 3 auth_alg
01-01 04:06:57.410 W/WifiHW  (   81): wifi_command: GET_NETWORK 3 phase1
01-01 04:06:57.410 W/WifiHW  (   81): wifi_command: GET_NETWORK 3 phase2
01-01 04:06:57.410 W/WifiHW  (   81): wifi_command: GET_NETWORK 3 eap
01-01 04:06:57.420 W/WifiHW  (   81): wifi_command: GET_NETWORK 3 pin
01-01 04:06:57.420 W/WifiHW  (   81): wifi_command: GET_NETWORK 3 pcsc
01-01 04:06:57.530 I/Gecko   (   81): 1325408817541	Marionette	DEBUG	Got request: switchToFrame, data: {"to":"0","sessionId":"3-b2g","name":"switchToFrame","parameters":{"id":null,"focus":true}}, id: {d67728c8-0033-405b-9109-29d6b810f1df}
01-01 04:06:57.620 I/Gecko   (   81): 1325408817631	Marionette	INFO	Switched to frame: {"frameValue":null}
01-01 04:06:57.860 I/Gecko   (   81): 1325408817868	Marionette	INFO	sendToClient: {"from":"0","ok":true}, {d67728c8-0033-405b-9109-29d6b810f1df}, {d67728c8-0033-405b-9109-29d6b810f1df}
01-01 04:06:58.040 I/Gecko   (   81): 1325408818044	Marionette	DEBUG	Got request: executeWithCallback, data: {"to":"0","sessionId":"3-b2g","name":"executeAsyncScript","parameters":{"specialPowers":false,"scriptTimeout":60000,"newSandbox":true,"args":[],"filename":"app_checker.py","script":"\n        GaiaApps.locateWithManifestURL('https://marketplace.firefox.com/app/c97dd575-f1f3-45ed-9a97-51abe28b55f4/manifest.webapp',\n                                       null,\n                                       function uninstall(app) {\n                                       navigator.mozApps.mgmt.uninstall(app);\n                                       marionetteScriptFinished(true);\n                                       });\n        ","line":129}}, id: {94d041fd-b5bd-4eeb-b58e-8016e29e8dd6}
01-01 04:06:58.490 I/Gecko:ProcessPriorityManager(   81): [(Preallocated), child-id=3, pid=419] Creating ParticularProcessPriorityManager.
01-01 04:06:58.490 I/Gecko:ProcessPriorityManager(   81): [(Preallocated), child-id=3, pid=419] Done starting up.  mHoldsCPUWakeLock=0, mHoldsHighPriorityWakeLock=0
01-01 04:06:58.490 I/Gecko:ProcessPriorityManager(   81): [(Preallocated), child-id=3, pid=419] Changing priority from UNKNOWN:CPU_NORMAL to MASTER:CPU_NORMAL.
01-01 04:06:58.490 I/Gonk    (   81): Setting nice for pid 419 to 0
01-01 04:06:58.490 I/Gonk    (   81): Changed nice for pid 419 from 0 to 0.
01-01 04:06:58.490 I/Gecko:ProcessPriorityManager(   81): [Homescreen, child-id=2, pid=369] Changing priority from FOREGROUND:CPU_NORMAL to FOREGROUND:CPU_LOW.
01-01 04:06:58.490 I/Gonk    (   81): Setting nice for pid 369 to 18
01-01 04:06:58.490 I/Gonk    (   81): Changed nice for pid 369 from 1 to 18.
01-01 04:06:58.490 I/Gecko:ProcessPriorityManager(   81): KillBackgroundApps
01-01 04:06:58.560 I/Gecko   (   81): 1325408818570	Marionette	INFO	sendToClient: {"from":"0","error":{"message":"TypeError: app is null","status":17,"stacktrace":"execute_async_script @app_checker.py, line 129\ninline javascript, line 221\nsrc: \"      appName = app.manifest.name;\""}}, {94d041fd-b5bd-4eeb-b58e-8016e29e8dd6}, {94d041fd-b5bd-4eeb-b58e-8016e29e8dd6}