--------- beginning of /dev/log/main
04-17 10:58:27.201 I/Gecko   (   83): 1397757507205	Marionette	INFO	sendToClient: {"from":"0","value":"app://homescreen.gaiamobile.org/index.html#rootThu%20Apr%2017%202014%2010:58:25%20GMT-0700%20(UTC)"}, {ded76a83-aead-4c7c-9797-94f6a09f3975}, {ded76a83-aead-4c7c-9797-94f6a09f3975}
04-17 10:58:27.211 I/Gecko   (   83): 1397757507213	Marionette	DEBUG	Got request: switchToFrame, data: {"to":"0","sessionId":"3-b2g","name":"switchToFrame","parameters":{"id":null,"focus":true}}, id: {ca210b57-e256-48b7-8a41-caf239d04f11}
04-17 10:58:27.221 I/Gecko   (   83): 1397757507225	Marionette	INFO	Switched to frame: {"frameValue":null}
04-17 10:58:27.331 I/Gecko   (   83): 1397757507335	Marionette	INFO	sendToClient: {"from":"0","ok":true}, {ca210b57-e256-48b7-8a41-caf239d04f11}, {ca210b57-e256-48b7-8a41-caf239d04f11}
04-17 10:58:27.341 I/Gecko   (   83): 1397757507348	Marionette	DEBUG	Got request: switchToFrame, data: {"to":"0","sessionId":"3-b2g","name":"switchToFrame","parameters":{"id":null,"focus":true}}, id: {ceedd94b-ae51-45bf-b233-001e676434c8}
04-17 10:58:27.351 I/Gecko   (   83): 1397757507358	Marionette	INFO	Switched to frame: {"frameValue":null}
04-17 10:58:27.451 I/Gecko   (   83): 1397757507461	Marionette	INFO	sendToClient: {"from":"0","ok":true}, {ceedd94b-ae51-45bf-b233-001e676434c8}, {ceedd94b-ae51-45bf-b233-001e676434c8}
04-17 10:58:27.461 I/Gecko   (   83): 1397757507467	Marionette	DEBUG	Got request: executeWithCallback, data: {"to":"0","sessionId":"3-b2g","name":"executeAsyncScript","parameters":{"specialPowers":false,"scriptTimeout":30000,"newSandbox":true,"args":[],"filename":"app_checker.py","script":"GaiaApps.launchWithManifestURL('https://marketplace.firefox.com/app/90aa85eb-60f0-4e58-8147-558e162fac1c/manifest.webapp')","line":84}}, id: {a5be98fe-61e2-4000-bfc5-e105885b0aa9}
04-17 10:58:27.541 I/Gonk    (   83): Setting nice for pid 1173 to 18
04-17 10:58:27.541 I/Gonk    (   83): Changed nice for pid 1173 from 18 to 18.
04-17 10:58:27.551 I/Gecko   (   83): [Parent 83] WARNING: waitpid failed pid:1173 errno:10: file ../../../gecko/ipc/chromium/src/base/process_util_posix.cc, line 254
04-17 10:58:27.551 I/Gonk    (   83): Setting nice for pid 1173 to 1
04-17 10:58:27.551 I/Gonk    (   83): Changed nice for pid 1173 from 18 to 1.
04-17 10:58:27.581 E/GeckoConsole(   83): Content JS LOG at dummy file:334 in GaiaApps.launch: launching app with name 'Whatsap en Firefox OS Info'
04-17 10:58:27.921 E/[Gralloc-ERROR](   83): int gralloc_register_buffer(const gralloc_module_t*, const native_handle_t*):79 Unable to register handle 0x447d22e0 coming from different process: 83
04-17 10:58:27.941 E/[Gralloc-ERROR](   83): int gralloc_register_buffer(const gralloc_module_t*, const native_handle_t*):79 Unable to register handle 0x447d2380 coming from different process: 83
04-17 10:58:27.961 D/Sensors (   83): activate handle=0; drv=0
04-17 10:58:27.971 D/Sensors (   83): Lis3dhSensor: Control set 1
04-17 10:58:27.971 D/Sensors (   83): Lis3dhSensor: mEnabled = 1
04-17 10:58:28.121 I/Gonk    (   83): Setting nice for pid 1157 to 18
04-17 10:58:28.131 I/Gonk    (   83): Changed nice for pid 1157 from 1 to 18.
04-17 10:58:28.321 W/WifiHW  (   83): wifi_command: SIGNAL_POLL
04-17 10:58:29.041 I/Gonk    (   83): Setting nice for pid 1213 to 18
04-17 10:58:29.041 I/Gonk    (   83): Changed nice for pid 1213 from 0 to 18.
04-17 10:58:29.211 I/Gecko   ( 1173): ###################################### forms.js loaded
04-17 10:58:29.231 I/Gecko   ( 1173): ############################### browserElementPanning.js loaded
04-17 10:58:29.251 I/Gecko   ( 1173): ######################## BrowserElementChildPreload.js loaded
04-17 10:58:30.291 E/GeckoConsole( 1173): [JavaScript Warning: "Unknown property '-moz-border-radius'.  Declaration dropped." {file: "app://{89cebaa5-eca5-4996-8a44-8c429c1a6b03}/css/style.css" line: 78 column: 19 source: "	-moz-border-radius: 5px;"}]
04-17 10:58:30.311 E/GeckoConsole( 1173): [JavaScript Warning: "Unknown property '-moz-border-radius'.  Declaration dropped." {file: "app://{89cebaa5-eca5-4996-8a44-8c429c1a6b03}/css/style.css" line: 101 column: 19 source: "	-moz-border-radius: 10px;"}]
04-17 10:58:30.311 E/GeckoConsole( 1173): [JavaScript Warning: "Unknown property '-moz-box-shadow'.  Declaration dropped." {file: "app://{89cebaa5-eca5-4996-8a44-8c429c1a6b03}/css/style.css" line: 103 column: 16 source: "	-moz-box-shadow: 0 1px 3px rgba(0,0,0,0.5);"}]
04-17 10:58:30.311 E/GeckoConsole( 1173): [JavaScript Warning: "Unknown property '-moz-border-radius'.  Declaration dropped." {file: "app://{89cebaa5-eca5-4996-8a44-8c429c1a6b03}/css/style.css" line: 126 column: 19 source: "	-moz-border-radius: 10px;"}]
04-17 10:58:30.311 E/GeckoConsole( 1173): [JavaScript Warning: "Error in parsing value for 'background-color'.  Declaration dropped." {file: "app://{89cebaa5-eca5-4996-8a44-8c429c1a6b03}/css/style.css" line: 131 column: 21 source: "    background-color:;"}]
04-17 10:58:30.311 E/GeckoConsole( 1173): [JavaScript Warning: "Dangling combinator.  Ruleset ignored due to bad selector." {file: "app://{89cebaa5-eca5-4996-8a44-8c429c1a6b03}/css/style.css" line: 191 column: 13 source: "<!-- FUENTES -->"}]
04-17 10:58:32.331 D/Sensors (   83): SensorTMD2771::readEvents()======data_fd=53,count=16
04-17 10:58:32.331 D/Sensors (   83): SensorTMD2771::processEvent()=====code=40::value=26 
04-17 10:58:32.331 D/Sensors (   83): SensorTMD2771: mPendingEvents[Light].light = 26.000000
04-17 10:58:33.321 W/WifiHW  (   83): wifi_command: SIGNAL_POLL
04-17 10:58:35.001 I/Gecko   ( 1213): ###################################### forms.js loaded
04-17 10:58:35.031 I/Gecko   ( 1213): ############################### browserElementPanning.js loaded
04-17 10:58:35.051 I/Gecko   ( 1213): ######################## BrowserElementChildPreload.js loaded
04-17 10:58:35.221 D/Sensors (   83): SensorTMD2771::readEvents()======data_fd=53,count=16
04-17 10:58:35.221 D/Sensors (   83): SensorTMD2771::processEvent()=====code=40::value=20 
04-17 10:58:35.221 D/Sensors (   83): SensorTMD2771: mPendingEvents[Light].light = 20.000000
04-17 10:58:36.301 E/GeckoConsole(   83): Content JS LOG at dummy file:326 in GaiaApps.launch/appOpen/<: app with origin 'app://{89cebaa5-eca5-4996-8a44-8c429c1a6b03}' has launched
04-17 10:58:36.301 I/Gecko   (   83): 1397757516310	Marionette	INFO	sendToClient: {"from":"0","value":{"frame":{"ELEMENT":"{a5fbffad-c7fe-4b3b-b182-2850d31f1348}"},"src":"app://{89cebaa5-eca5-4996-8a44-8c429c1a6b03}/index.html","name":"Whatsap en Firefox OS Info","origin":"app://{89cebaa5-eca5-4996-8a44-8c429c1a6b03}"}}, {a5be98fe-61e2-4000-bfc5-e105885b0aa9}, {a5be98fe-61e2-4000-bfc5-e105885b0aa9}
04-17 10:58:36.351 E/[Gralloc-ERROR](   83): int gralloc_unregister_buffer(const gralloc_module_t*, const native_handle_t*):274 Trying to unregister buffer 0x447d2380 from process 83 that was not created in current process: 83
04-17 10:58:36.361 E/[Gralloc-ERROR](   83): int gralloc_unregister_buffer(const gralloc_module_t*, const native_handle_t*):274 Trying to unregister buffer 0x447d22e0 from process 83 that was not created in current process: 83
04-17 10:58:36.371 I/Gecko   (   83): 1397757516382	Marionette	DEBUG	Got request: switchToFrame, data: {"to":"0","sessionId":"3-b2g","name":"switchToFrame","parameters":{"focus":true,"element":"{a5fbffad-c7fe-4b3b-b182-2850d31f1348}"}}, id: {b957d897-abdd-496b-9fa4-fbe69498b26a}
04-17 10:58:36.391 I/Gecko   (   83): 1397757516393	Marionette	INFO	Switched to frame: {"frameValue":"{a5fbffad-c7fe-4b3b-b182-2850d31f1348}"}
04-17 10:58:36.401 I/Gecko   (   83): 1397757516408	Marionette	INFO	trying remote frame 0
04-17 10:58:36.401 I/Gecko   (   83): 1397757516410	Marionette	INFO	trying remote frame 1
04-17 10:58:36.411 I/Gecko   (   83): 1397757516416	Marionette	INFO	frame-manager load script: [object ChromeMessageSender]
04-17 10:58:36.901 I/Gecko   (   83): 1397757516904	Marionette	INFO	sendToClient: {"from":"0","ok":true}, {b957d897-abdd-496b-9fa4-fbe69498b26a}, {b957d897-abdd-496b-9fa4-fbe69498b26a}
04-17 10:58:36.911 I/Gecko   (   83): 1397757516918	Marionette	INFO	sendToClient: {"from":"0","value":"app://{89cebaa5-eca5-4996-8a44-8c429c1a6b03}/index.html"}, {2afe9640-8eac-4067-bb35-a60e5de4ddd9}, {2afe9640-8eac-4067-bb35-a60e5de4ddd9}
04-17 10:58:36.921 I/Gecko   (   83): 1397757516925	Marionette	DEBUG	Got request: execute, data: {"to":"0","sessionId":"3-b2g","name":"executeScript","parameters":{"specialPowers":false,"scriptTimeout":null,"newSandbox":true,"args":[],"filename":"app_checker.py","script":"return window.document.readyState;","line":139}}, id: {2b4c4dd9-31d9-423c-9738-e92b38a50397}
04-17 10:58:36.971 I/Gecko   (   83): 1397757516975	Marionette	INFO	sendToClient: {"from":"0","value":"complete"}, {2b4c4dd9-31d9-423c-9738-e92b38a50397}, {2b4c4dd9-31d9-423c-9738-e92b38a50397}
04-17 10:58:36.981 I/Gecko   (   83): 1397757516987	Marionette	INFO	sendToClient: {"from":"0","value":"app://{89cebaa5-eca5-4996-8a44-8c429c1a6b03}/index.html"}, {7e993aec-d92a-43ae-9e44-90f284dc671c}, {7e993aec-d92a-43ae-9e44-90f284dc671c}
04-17 10:58:36.991 I/Gecko   ( 1173): Attempting load of libEGL.so
04-17 10:58:37.011 I/Gecko   (   83): 
04-17 10:58:37.011 I/Gecko   (   83): ###!!! [Parent][MessageChannel] Error: Channel error: cannot send/recv
04-17 10:58:37.011 I/Gecko   (   83): 
04-17 10:58:37.101 D/libEGL  ( 1173): loaded /system/lib/egl/libEGL_mali.so
04-17 10:58:37.111 I/Gecko   (   83): [Parent 83] WARNING: waitpid failed pid:1157 errno:10: file ../../../gecko/ipc/chromium/src/base/process_util_posix.cc, line 254
04-17 10:58:37.141 D/libEGL  ( 1173): loaded /system/lib/egl/libGLESv1_CM_mali.so
04-17 10:58:37.151 D/libEGL  ( 1173): loaded /system/lib/egl/libGLESv2_mali.so
04-17 10:58:37.181 I/Gecko   ( 1173): SharedSurface_Gralloc::Create -------
04-17 10:58:37.181 I/Gecko   ( 1173): SharedSurface_Gralloc::Create: success -- surface 0x44acf640, GraphicBuffer 0x44a98980.
04-17 10:58:38.251 I/Gecko   (   83): 1397757518233	Marionette	INFO	sendToClient: {"from":"0","value":"iVBORw0KGgoAAAANSUhEUgAAAUAAAAHgCAYAAADUjLREAAAgAElEQVR4nOy9d3gU1/X/f0QvNsUVd8d2nMTYcWLsOI6T2I7jEhdiO3Gc2HHBcfxNfkk+iQ3GgDEIJAGiI9G7MB1RRUcUgWhCdISQhFDvXau+5f37487szo5mdmdXK63EntfznAftzNx7zz33znvvzOwciIjAxsbGFqDmdwfY2NjY/GV+dyDgrHt3wve+R+jZ0/++sLm3X/yC8MUXhG7dfFfnLbcQfvITQv/+/u9fgJvfHeiw9tOfEp5/ntCpk2PbrbeKbQ895HzswIGOY2fPJgCERx/1fx/YCPfeK8ZGbQMHiv2XLonxevnllrcVFESYN0/UBxAsFsIrr/g/BgFsfnegw1pUlJjEDz7o2DZihNi2fbvzsQkJhNxc8bevBPCllwhr1xKeesr/sejIJo+Z2iIjxf5XXiGMH0/o0aPlbb3+uqj7u+8IL7xA+L//4ysBP5vfHeiw9p//iMn8zjuObVu3im3l5Y6VYZcuhPp6wpYt4rOvBFA+cV991f+x6Mgmx/Grr8RlqWwDBvi+reHDRVuvv+7/frMRqB040GHtmWfEZB43TnwOCiKUlBAqK8X2Rx4R2wcOFJ9HjxafZQH87W/FKuPkScKGDYQHHnDU/eqrhKVLCcePE06dIixeLO4byvvDwwkXLoh64uLESvC558S+O+4gTJ9OOHGCcOgQYdo0wj33GK+biPDpp4SVK8XqdvFi4eP8+c6iYOQYtRkpY9S/1atFX9euJZw+TbjzTmNl1SYL4B//qL3/v/8VbfTr57ptIvGltnSpWPGvWOG4jNYbsyeeEPsefFDE4eRJwsaNhPfec5T73//Esb/4hWPbv/8ttg0a5P/zoIOb3x3osNarl7iHI6/sHnpITO6xY8W/f/+72P7Xvzqv1GQBtFgIhw8T1qwRfx896q
04-17 10:58:38.341 W/WifiHW  (   83): wifi_command: SIGNAL_POLL
04-17 10:58:38.491 D/Sensors (   83): SensorTMD2771::readEvents()======data_fd=53,count=16
04-17 10:58:38.491 D/Sensors (   83): SensorTMD2771::processEvent()=====code=40::value=15 
04-17 10:58:38.491 D/Sensors (   83): SensorTMD2771: mPendingEvents[Light].light = 15.000000
04-17 10:58:39.071 D/Sensors (   83): SensorTMD2771::readEvents()======data_fd=53,count=16
04-17 10:58:39.071 D/Sensors (   83): SensorTMD2771::processEvent()=====code=40::value=10 
04-17 10:58:39.071 D/Sensors (   83): SensorTMD2771: mPendingEvents[Light].light = 10.000000
04-17 10:58:39.111 I/Gecko   (   83): [Parent 83] WARNING: waitpid failed pid:1157 errno:10: file ../../../gecko/ipc/chromium/src/base/process_util_posix.cc, line 254
04-17 10:58:39.111 I/Gecko   (   83): [Parent 83] WARNING: Failed to deliver SIGKILL to 1157!(3).: file ../../../gecko/ipc/chromium/src/chrome/common/process_watcher_posix_sigchld.cc, line 118
04-17 10:58:39.241 I/Gecko   (   83): 1397757519248	Marionette	INFO	sendToClient: {"from":"0","ok":true}, {8c2c4bfa-418c-4f9b-be3f-f70d84ce54c2}, {8c2c4bfa-418c-4f9b-be3f-f70d84ce54c2}
04-17 10:58:39.381 I/Gecko   (   83): 1397757519384	Marionette	DEBUG	Got request: switchToFrame, data: {"to":"0","sessionId":"3-b2g","name":"switchToFrame","parameters":{"id":null,"focus":true}}, id: {63c72989-c81a-4be4-b58d-edb07cb9150b}
04-17 10:58:39.421 I/Gecko   (   83): 1397757519426	Marionette	INFO	Switched to frame: {"frameValue":null}
04-17 10:58:39.521 I/Gecko   (   83): 1397757519529	Marionette	INFO	sendToClient: {"from":"0","ok":true}, {63c72989-c81a-4be4-b58d-edb07cb9150b}, {63c72989-c81a-4be4-b58d-edb07cb9150b}
04-17 10:58:39.531 I/Gecko   (   83): 1397757519537	Marionette	DEBUG	Got request: executeWithCallback, data: {"to":"0","sessionId":"3-b2g","name":"executeAsyncScript","parameters":{"specialPowers":false,"scriptTimeout":null,"newSandbox":true,"args":[],"filename":"gaia_test.py","script":"return GaiaApps.displayedApp();","line":66}}, id: {eb570e32-3d02-46bf-b8ab-acd75506a8a8}
04-17 10:58:39.641 I/Gecko   (   83): 1397757519647	Marionette	INFO	sendToClient: {"from":"0","value":{"frame":{"ELEMENT":"{a5fbffad-c7fe-4b3b-b182-2850d31f1348}"},"src":"app://{89cebaa5-eca5-4996-8a44-8c429c1a6b03}/index.html","name":"Whatsap en Firefox OS Info","origin":"app://{89cebaa5-eca5-4996-8a44-8c429c1a6b03}"}}, {eb570e32-3d02-46bf-b8ab-acd75506a8a8}, {eb570e32-3d02-46bf-b8ab-acd75506a8a8}
04-17 10:58:39.651 E/GeckoConsole(   83): Content JS LOG at dummy file:392 in GaiaApps.displayedApp: app with origin 'app://{89cebaa5-eca5-4996-8a44-8c429c1a6b03}' is displayed
04-17 10:58:39.661 I/Gecko   (   83): 1397757519669	Marionette	DEBUG	Got request: switchToFrame, data: {"to":"0","sessionId":"3-b2g","name":"switchToFrame","parameters":{"id":null,"focus":true}}, id: {5bb24798-cffa-4e10-b041-4aeba3686482}
04-17 10:58:39.661 I/Gecko   (   83): 1397757519671	Marionette	INFO	Switched to frame: {"frameValue":null}
04-17 10:58:39.791 I/Gecko   (   83): 1397757519795	Marionette	INFO	sendToClient: {"from":"0","ok":true}, {5bb24798-cffa-4e10-b041-4aeba3686482}, {5bb24798-cffa-4e10-b041-4aeba3686482}
04-17 10:58:39.801 I/Gecko   (   83): 1397757519810	Marionette	DEBUG	Got request: execute, data: {"to":"0","sessionId":"3-b2g","name":"executeScript","parameters":{"specialPowers":false,"scriptTimeout":null,"newSandbox":true,"args":[],"filename":"gaia_test.py","script":"window.wrappedJSObject.dispatchEvent(new Event('home'));","line":788}}, id: {e6d4da68-b423-4d9a-bdf4-340fc27ed929}
04-17 10:58:39.891 I/Gonk    (   83): Setting nice for pid 1213 to 18
04-17 10:58:39.891 I/Gonk    (   83): Changed nice for pid 1213 from 18 to 18.
04-17 10:58:39.901 I/Gecko   (   83): [Parent 83] WARNING: waitpid failed pid:1213 errno:10: file ../../../gecko/ipc/chromium/src/base/process_util_posix.cc, line 254
04-17 10:58:39.901 I/Gonk    (   83): Setting nice for pid 1213 to 1
04-17 10:58:39.901 I/Gonk    (   83): Changed nice for pid 1213 from 18 to 1.
04-17 10:58:39.931 D/Sensors (   83): activate handle=0; drv=0
04-17 10:58:39.931 D/Sensors (   83): Lis3dhSensor: Control set 0
04-17 10:58:39.931 D/Sensors (   83): Lis3dhSensor: mEnabled = 0
04-17 10:58:40.111 I/Gecko   (   83): 1397757520115	Marionette	INFO	sendToClient: {"from":"0","value":null}, {e6d4da68-b423-4d9a-bdf4-340fc27ed929}, {e6d4da68-b423-4d9a-bdf4-340fc27ed929}
04-17 10:58:40.121 E/[Gralloc-ERROR](   83): int gralloc_register_buffer(const gralloc_module_t*, const native_handle_t*):79 Unable to register handle 0x4497d420 coming from different process: 83
04-17 10:58:40.121 E/[Gralloc-ERROR](   83): int gralloc_register_buffer(const gralloc_module_t*, const native_handle_t*):79 Unable to register handle 0x4497d6a0 coming from different process: 83
04-17 10:58:40.201 I/Gecko   (   83): 1397757520210	Marionette	DEBUG	Got request: switchToFrame, data: {"to":"0","sessionId":"3-b2g","name":"switchToFrame","parameters":{"id":null,"focus":true}}, id: {726f1e2c-e90a-45d6-aeb5-815e38c3d04e}
04-17 10:58:40.201 I/Gecko   (   83): 1397757520212	Marionette	INFO	Switched to frame: {"frameValue":null}
04-17 10:58:40.311 I/Gecko   (   83): 1397757520316	Marionette	INFO	sendToClient: {"from":"0","ok":true}, {726f1e2c-e90a-45d6-aeb5-815e38c3d04e}, {726f1e2c-e90a-45d6-aeb5-815e38c3d04e}
04-17 10:58:40.331 I/Gecko   (   83): 1397757520337	Marionette	DEBUG	Got request: executeWithCallback, data: {"to":"0","sessionId":"3-b2g","name":"executeAsyncScript","parameters":{"specialPowers":false,"scriptTimeout":null,"newSandbox":true,"args":[],"filename":"gaia_test.py","script":"return GaiaApps.displayedApp();","line":66}}, id: {ab9e8875-e58c-4f38-99cf-c3f0a17a7f1c}
04-17 10:58:40.401 I/Gecko   (   83): 1397757520408	Marionette	INFO	sendToClient: {"from":"0","value":{"frame":{"ELEMENT":"{2a246c7a-8808-477c-a9cd-f530907ffb38}"},"src":"app://homescreen.gaiamobile.org/index.html#root","name":"Homescreen","origin":"app://homescreen.gaiamobile.org"}}, {ab9e8875-e58c-4f38-99cf-c3f0a17a7f1c}, {ab9e8875-e58c-4f38-99cf-c3f0a17a7f1c}
04-17 10:58:40.401 E/GeckoConsole(   83): Content JS LOG at dummy file:392 in GaiaApps.displayedApp: app with origin 'app://homescreen.gaiamobile.org' is displayed
04-17 10:58:40.411 D/Sensors (   83): SensorTMD2771::readEvents()======data_fd=53,count=16
04-17 10:58:40.411 D/Sensors (   83): SensorTMD2771::processEvent()=====code=40::value=19 
04-17 10:58:40.411 D/Sensors (   83): SensorTMD2771: mPendingEvents[Light].light = 19.000000
04-17 10:58:40.511 I/Gecko   (   83): 1397757520521	Marionette	DEBUG	Got request: switchToFrame, data: {"to":"0","sessionId":"3-b2g","name":"switchToFrame","parameters":{"id":null,"focus":true}}, id: {0cff828e-bc57-4241-854c-7970c35b6628}
04-17 10:58:40.521 I/Gecko   (   83): 1397757520527	Marionette	INFO	Switched to frame: {"frameValue":null}
04-17 10:58:40.771 I/Gecko   (   83): 1397757520779	Marionette	INFO	sendToClient: {"from":"0","ok":true}, {0cff828e-bc57-4241-854c-7970c35b6628}, {0cff828e-bc57-4241-854c-7970c35b6628}
04-17 10:58:40.841 I/Gecko   (   83): 1397757520845	Marionette	DEBUG	Got request: switchToFrame, data: {"to":"0","sessionId":"3-b2g","name":"switchToFrame","parameters":{"id":null,"focus":true}}, id: {ae05cbd7-9ea5-440f-b754-e2033f94c34d}
04-17 10:58:40.851 I/Gecko   (   83): 1397757520855	Marionette	INFO	Switched to frame: {"frameValue":null}
04-17 10:58:41.591 I/Gecko   (   83): 1397757521601	Marionette	INFO	sendToClient: {"from":"0","ok":true}, {ae05cbd7-9ea5-440f-b754-e2033f94c34d}, {ae05cbd7-9ea5-440f-b754-e2033f94c34d}
04-17 10:58:42.031 I/Gonk    (   83): Setting nice for pid 1173 to 18
04-17 10:58:42.031 I/Gonk    (   83): Changed nice for pid 1173 from 1 to 18.
04-17 10:58:42.091 E/[Gralloc-ERROR](   83): int gralloc_unregister_buffer(const gralloc_module_t*, const native_handle_t*):274 Trying to unregister buffer 0x4497d420 from process 83 that was not created in current process: 83
04-17 10:58:42.091 E/[Gralloc-ERROR](   83): int gralloc_unregister_buffer(const gralloc_module_t*, const native_handle_t*):274 Trying to unregister buffer 0x4497d6a0 from process 83 that was not created in current process: 83
04-17 10:58:42.091 I/Gecko   (   83): 1397757522095	Marionette	DEBUG	Got request: executeWithCallback, data: {"to":"0","sessionId":"3-b2g","name":"executeAsyncScript","parameters":{"specialPowers":false,"scriptTimeout":null,"newSandbox":true,"args":[],"filename":"gaia_test.py","script":"return GaiaApps.displayedApp();","line":66}}, id: {946c62a6-8057-4310-8f79-2b10f24376e1}
04-17 10:58:42.191 E/GeckoConsole(   83): Content JS LOG at dummy file:392 in GaiaApps.displayedApp: app with origin 'app://homescreen.gaiamobile.org' is displayed
04-17 10:58:42.191 I/Gecko   (   83): 1397757522195	Marionette	INFO	sendToClient: {"from":"0","value":{"frame":{"ELEMENT":"{2a246c7a-8808-477c-a9cd-f530907ffb38}"},"src":"app://homescreen.gaiamobile.org/index.html#root","name":"Homescreen","origin":"app://homescreen.gaiamobile.org"}}, {946c62a6-8057-4310-8f79-2b10f24376e1}, {946c62a6-8057-4310-8f79-2b10f24376e1}
04-17 10:58:42.201 I/Gecko   (   83): 1397757522208	Marionette	DEBUG	Got request: switchToFrame, data: {"to":"0","sessionId":"3-b2g","name":"switchToFrame","parameters":{"focus":true,"element":"{2a246c7a-8808-477c-a9cd-f530907ffb38}"}}, id: {aca033a7-5a91-4ca2-b568-d3aff92d9139}
04-17 10:58:42.211 I/Gecko   (   83): 1397757522219	Marionette	INFO	Switched to frame: {"frameValue":"{2a246c7a-8808-477c-a9cd-f530907ffb38}"}
04-17 10:58:42.221 I/Gecko   (   83): 1397757522225	Marionette	INFO	trying remote frame 0
04-17 10:58:42.221 I/Gecko   (   83): 1397757522226	Marionette	INFO	deleting frame
04-17 10:58:42.221 I/Gecko   (   83): 1397757522227	Marionette	INFO	trying remote frame 1
04-17 10:58:42.231 I/Gecko   (   83): 1397757522235	Marionette	INFO	frame-manager load script: [object ChromeMessageSender]
04-17 10:58:42.751 I/Gecko   (   83): [Parent 83] WARNING: pipe error (122): Connection reset by peer: file ../../../gecko/ipc/chromium/src/chrome/common/ipc_channel_posix.cc, line 446
04-17 10:58:42.751 I/Gecko   (   83): 
04-17 10:58:42.751 I/Gecko   (   83): ###!!! [Parent][MessageChannel] Error: Channel error: cannot send/recv
04-17 10:58:42.751 I/Gecko   (   83): 
04-17 10:58:42.831 I/Gecko   (   83): [Parent 83] WARNING: waitpid failed pid:1173 errno:10: file ../../../gecko/ipc/chromium/src/base/process_util_posix.cc, line 254
04-17 10:58:43.061 I/Gecko   (   83): 1397757523069	Marionette	INFO	sendToClient: {"from":"0","ok":true}, {aca033a7-5a91-4ca2-b568-d3aff92d9139}, {aca033a7-5a91-4ca2-b568-d3aff92d9139}
04-17 10:58:43.121 D/Sensors (   83): SensorTMD2771::readEvents()======data_fd=53,count=16
04-17 10:58:43.121 D/Sensors (   83): SensorTMD2771::processEvent()=====code=40::value=15 
04-17 10:58:43.121 D/Sensors (   83): SensorTMD2771: mPendingEvents[Light].light = 15.000000
04-17 10:58:43.361 W/WifiHW  (   83): wifi_command: SIGNAL_POLL
04-17 10:58:43.581 I/Gecko   (   83): 1397757523592	Marionette	INFO	sendToClient: {"from":"0","value":"app://homescreen.gaiamobile.org/index.html#root"}, {991eaecd-29ad-4159-b035-911b6a3c2115}, {991eaecd-29ad-4159-b035-911b6a3c2115}
04-17 10:58:43.591 I/Gecko   (   83): 1397757523600	Marionette	DEBUG	Got request: switchToFrame, data: {"to":"0","sessionId":"3-b2g","name":"switchToFrame","parameters":{"id":null,"focus":true}}, id: {6783e2c9-8b1f-431f-964c-db5dd3c7ab02}
04-17 10:58:43.621 I/Gecko   (   83): 1397757523626	Marionette	INFO	Switched to frame: {"frameValue":null}
04-17 10:58:43.661 E/GeckoConsole( 1213): Content JS ERROR at app://homescreen.gaiamobile.org/gaia_build_defer_index.js:386 in loadSVConfFileError: Failed parsing singleVariant configuration file [js/singlevariantconf.json]:  [Exception... "File error: Not found"  nsresult: "0x80520012 (NS_ERROR_FILE_NOT_FOUND)"  location: "JS frame :: app://homescreen.gaiamobile.org/gaia_build_defer_index.js :: loadFile :: line 378"  data: no]
04-17 10:58:43.731 I/Gecko   (   83): 1397757523735	Marionette	INFO	sendToClient: {"from":"0","ok":true}, {6783e2c9-8b1f-431f-964c-db5dd3c7ab02}, {6783e2c9-8b1f-431f-964c-db5dd3c7ab02}
04-17 10:58:43.731 I/Gecko   (   83): 1397757523742	Marionette	DEBUG	Got request: switchToFrame, data: {"to":"0","sessionId":"3-b2g","name":"switchToFrame","parameters":{"id":null,"focus":true}}, id: {f8dd8a65-8417-4047-940e-191ee1effa84}
04-17 10:58:43.741 I/Gecko   (   83): 1397757523747	Marionette	INFO	Switched to frame: {"frameValue":null}
04-17 10:58:43.841 I/Gecko   (   83): 1397757523850	Marionette	INFO	sendToClient: {"from":"0","ok":true}, {f8dd8a65-8417-4047-940e-191ee1effa84}, {f8dd8a65-8417-4047-940e-191ee1effa84}
04-17 10:58:43.851 I/Gecko   (   83): 1397757523857	Marionette	DEBUG	Got request: executeWithCallback, data: {"to":"0","sessionId":"3-b2g","name":"executeAsyncScript","parameters":{"specialPowers":false,"scriptTimeout":null,"newSandbox":true,"args":[],"filename":"gaia_test.py","script":"GaiaApps.killAll()","line":91}}, id: {28e82a7e-57e1-45ba-8bef-87ab8844ffa8}
04-17 10:58:43.901 I/Gecko   (   83): 1397757523905	Marionette	INFO	sendToClient: {"from":"0","value":true}, {28e82a7e-57e1-45ba-8bef-87ab8844ffa8}, {28e82a7e-57e1-45ba-8bef-87ab8844ffa8}
04-17 10:58:43.901 I/Gecko   (   83): 1397757523910	Marionette	DEBUG	Got request: switchToFrame, data: {"to":"0","sessionId":"3-b2g","name":"switchToFrame","parameters":{"id":null,"focus":true}}, id: {ee6c5e66-853a-43b5-b062-e8e75bacc867}
04-17 10:58:43.921 I/Gecko   (   83): 1397757523924	Marionette	INFO	Switched to frame: {"frameValue":null}
04-17 10:58:44.021 I/Gecko   (   83): 1397757524027	Marionette	INFO	sendToClient: {"from":"0","ok":true}, {ee6c5e66-853a-43b5-b062-e8e75bacc867}, {ee6c5e66-853a-43b5-b062-e8e75bacc867}
04-17 10:58:44.031 I/Gecko   (   83): 1397757524037	Marionette	DEBUG	Got request: executeWithCallback, data: {"to":"0","sessionId":"3-b2g","name":"executeAsyncScript","parameters":{"specialPowers":false,"scriptTimeout":60000,"newSandbox":true,"args":[],"filename":"app_checker.py","script":"\n        GaiaApps.locateWithManifestURL('https://marketplace.firefox.com/app/90aa85eb-60f0-4e58-8147-558e162fac1c/manifest.webapp',\n                                       null,\n                                       function uninstall(app) {\n                                       navigator.mozApps.mgmt.uninstall(app);\n                                       marionetteScriptFinished(true);\n                                       });\n        ","line":107}}, id: {afa361c6-585c-437f-9a59-799eb893d771}
04-17 10:58:44.081 I/Gecko   (   83): -- webapps.js uninstall https://marketplace.firefox.com/app/90aa85eb-60f0-4e58-8147-558e162fac1c/manifest.webapp
04-17 10:58:44.371 I/Gecko   (   83): 1397757524379	Marionette	INFO	sendToClient: {"from":"0","value":true}, {afa361c6-585c-437f-9a59-799eb893d771}, {afa361c6-585c-437f-9a59-799eb893d771}