--------- beginning of /dev/log/system
01-01 06:56:21.710 I/Vold    (   75): Vold 2.1 (the revenge) firing up
01-01 06:56:21.710 D/Vold    (   75): Volume sdcard state changing -1 (Initializing) -> 0 (No-Media)
01-01 06:56:21.810 D/Vold    (   75): Volume sdcard state changing 0 (No-Media) -> 2 (Pending)
01-01 06:56:21.810 D/Vold    (   75): Volume sdcard state changing 2 (Pending) -> 1 (Idle-Unmounted)
01-01 06:56:26.900 D/VoldCmdListener(   75): volume list
01-01 06:56:26.900 D/VoldCmdListener(   75): volume mount sdcard
01-01 06:56:26.900 I/Vold    (   75): /dev/block/vold/179:1 being considered for volume sdcard
01-01 06:56:26.900 D/Vold    (   75): Volume sdcard state changing 1 (Idle-Unmounted) -> 3 (Checking)
01-01 06:56:26.900 W/Vold    (   75): Skipping fs checks
01-01 06:56:26.950 I/Vold    (   75): Device /dev/block/vold/179:1, target /mnt/sdcard mounted @ /mnt/secure/staging
01-01 06:56:26.960 D/Vold    (   75): Volume sdcard state changing 3 (Checking) -> 4 (Mounted)
--------- beginning of /dev/log/main
01-01 06:56:38.690 D/SPRDENG (  157): 30
01-01 06:56:38.690 D/SPRDENG (  157): 30
01-01 06:56:38.690 D/SPRDENG (  157): 32
01-01 06:56:38.690 D/SPRDENG (  157): 32
01-01 06:56:38.690 D/SPRDENG (  157): 38
01-01 06:56:38.690 D/SPRDENG (  157): 30
01-01 06:56:38.690 D/SPRDENG (  157): 30
01-01 06:56:38.690 D/SPRDENG (  157): 35
01-01 06:56:38.690 D/SPRDENG (  157): 30
01-01 06:56:38.690 D/SPRDENG (  157): 30
01-01 06:56:38.690 D/SPRDENG (  157): 32
01-01 06:56:38.690 D/SPRDENG (  157): 33
01-01 06:56:38.690 D/SPRDENG (  157): 64
01-01 06:56:38.690 D/SPRDENG (  157): 30
01-01 06:56:38.690 D/SPRDENG (  157): 30
01-01 06:56:38.690 D/SPRDENG (  157): 35
01-01 06:56:38.690 D/SPRDENG (  157): 30
01-01 06:56:38.690 D/SPRDENG (  157): 30
01-01 06:56:38.690 D/SPRDENG (  157): 32
01-01 06:56:38.690 D/SPRDENG (  157): 32
01-01 06:56:38.690 D/SPRDENG (  157): 30
01-01 06:56:38.690 D/SPRDENG (  157): 30
01-01 06:56:38.690 D/SPRDENG (  157): 30
01-01 06:56:38.690 D/SPRDENG (  157): 35
01-01 06:56:38.690 D/SPRDENG (  157): 30
01-01 06:56:38.690 D/SPRDENG (  157): 30
01-01 06:56:38.690 D/SPRDENG (  157): 32
01-01 06:56:38.690 D/SPRDENG (  157): 32
01-01 06:56:38.690 D/SPRDENG (  157): 34
01-01 06:56:38.690 D/SPRDENG (  157): 30
01-01 06:56:38.690 D/SPRDENG (  157): 30
01-01 06:56:38.690 D/SPRDENG (  157): 35
01-01 06:56:38.690 D/SPRDENG (  157): 30
01-01 06:56:38.690 D/SPRDENG (  157): 30
01-01 06:56:38.690 D/SPRDENG (  157): 32
01-01 06:56:38.690 D/SPRDENG (  157): 32
01-01 06:56:38.690 D/SPRDENG (  157): 38
01-01 06:56:38.690 D/SPRDENG (  157): 30
01-01 06:56:38.690 D/SPRDENG (  157): 30
01-01 06:56:38.690 D/SPRDENG (  157): 35
01-01 06:56:38.690 D/SPRDENG (  157): 30
01-01 06:56:38.690 D/SPRDENG (  157): 30
01-01 06:56:38.690 D/SPRDENG (  157): 32
01-01 06:56:38.690 D/SPRDENG (  157): 31
01-01 06:56:38.690 D/SPRDENG (  157): 63
01-01 06:56:38.690 D/SPRDENG (  157): 31
01-01 06:56:38.690 D/SPRDENG (  157): 63
01-01 06:56:38.690 D/SPRDENG (  157): 30
01-01 06:56:38.690 D/SPRDENG (  157): 30
01-01 06:56:38.690 D/SPRDENG (  157): 30
01-01 06:56:38.690 D/SPRDENG (  157): 30
01-01 06:56:38.690 D/SPRDENG (  157): 31
01-01 06:56:38.690 D/SPRDENG (  157): 63
01-01 06:56:38.690 D/SPRDENG (  157): 31
01-01 06:56:38.690 D/SPRDENG (  157): 63
01-01 06:56:38.690 D/SPRDENG (  157): 30
01-01 06:56:38.690 D/SPRDENG (  157): 30
01-01 06:56:38.690 D/SPRDENG (  157): 30
01-01 06:56:38.690 D/SPRDENG (  157): 30
01-01 06:56:38.690 D/SPRDENG (  157): 34
01-01 06:56:38.690 D/SPRDENG (  157): 30
01-01 06:56:38.690 D/SPRDENG (  157): 30
01-01 06:56:38.690 D/SPRDENG (  157): 32
01-01 06:56:38.690 D/SPRDENG (  157): 30
01-01 06:56:38.690 D/SPRDENG (  157): 30
01-01 06:56:38.690 D/SPRDENG (  157): 30
01-01 06:56:38.690 D/SPRDENG (  157): 30
01-01 06:56:38.690 D/SPRDENG (  157): 30
01-01 06:56:38.690 D/SPRDENG (  157): 30
01-01 06:56:38.690 D/SPRDENG (  157): 30
01-01 06:56:38.690 D/SPRDENG (  157): 30
01-01 06:56:38.690 D/SPRDENG (  157): 30
01-01 06:56:38.690 D/SPRDENG (  157): 30
01-01 06:56:38.690 D/SPRDENG (  157): 30
01-01 06:56:38.690 D/SPRDENG (  157): 30
01-01 06:56:38.690 D/SPRDENG (  157): 30
01-01 06:56:38.690 D/SPRDENG (  157): 30
01-01 06:56:38.690 D/SPRDENG (  157): 30
01-01 06:56:38.690 D/SPRDENG (  157): 30
01-01 06:56:38.690 D/SPRDENG (  157): 30
01-01 06:56:38.690 D/SPRDENG (  157): 30
01-01 06:56:38.690 D/SPRDENG (  157): 30
01-01 06:56:38.690 D/SPRDENG (  157): 30
01-01 06:56:38.690 D/SPRDENG (  157): 30
01-01 06:56:38.690 D/SPRDENG (  157): 30
01-01 06:56:38.690 D/SPRDENG (  157): 30
01-01 06:56:38.690 D/SPRDENG (  157): 30
01-01 06:56:38.690 D/SPRDENG (  157): 30
01-01 06:56:38.690 D/SPRDENG (  157): 30
01-01 06:56:38.690 D/SPRDENG (  157): 30
01-01 06:56:38.690 D/SPRDENG (  157): 30
01-01 06:56:38.690 D/SPRDENG (  157): 30
01-01 06:56:38.690 D/SPRDENG (  157): 30
01-01 06:56:38.690 D/SPRDENG (  157): 30
01-01 06:56:38.690 D/SPRDENG (  157): 30
01-01 06:56:38.690 D/SPRDENG (  157): 30
01-01 06:56:38.690 D/SPRDENG (  157): 30
01-01 06:56:38.690 D/SPRDENG (  157): 30
01-01 06:56:38.690 D/SPRDENG (  157): 30
01-01 06:56:38.690 D/SPRDENG (  157): 30
01-01 06:56:38.690 D/SPRDENG (  157): 30
01-01 06:56:38.690 D/SPRDENG (  157): 30
01-01 06:56:38.690 D/SPRDENG (  157): 30
01-01 06:56:38.690 D/SPRDENG (  157): 30
01-01 06:56:38.690 D/SPRDENG (  157): 30
01-01 06:56:38.690 D/SPRDENG (  157): 30
01-01 06:56:38.690 D/SPRDENG (  157): 30
01-01 06:56:38.690 D/SPRDENG (  157): 30
01-01 06:56:38.690 D/SPRDENG (  157): 30
01-01 06:56:38.690 D/SPRDENG (  157): 30
01-01 06:56:38.690 D/SPRDENG (  157): 30
01-01 06:56:38.690 D/SPRDENG (  157): 30
01-01 06:56:38.690 D/SPRDENG (  157): 30
01-01 06:56:38.690 D/SPRDENG (  157): 30
01-01 06:56:38.690 D/SPRDENG (  157): 30
01-01 06:56:38.690 D/SPRDENG (  157): 30
01-01 06:56:38.690 D/SPRDENG (  157): 30
01-01 06:56:38.690 D/SPRDENG (  157): 30
01-01 06:56:38.690 D/SPRDENG (  157): 30
01-01 06:56:38.690 D/SPRDENG (  157): 30
01-01 06:56:38.690 D/SPRDENG (  157): 30
01-01 06:56:38.690 D/SPRDENG (  157): 30
01-01 06:56:38.690 D/SPRDENG (  157): 30
01-01 06:56:38.690 D/SPRDENG (  157): 30
01-01 06:56:38.690 D/SPRDENG (  157): 30
01-01 06:56:38.690 D/SPRDENG (  157): 30
01-01 06:56:38.690 D/SPRDENG (  157): 30
01-01 06:56:38.690 D/SPRDENG (  157): 30
01-01 06:56:38.690 D/SPRDENG (  157): 30
01-01 06:56:38.690 D/SPRDENG (  157): 30
01-01 06:56:38.690 D/SPRDENG (  157): 30
01-01 06:56:38.690 D/SPRDENG (  157): 30
01-01 06:56:38.690 D/SPRDENG (  157): 30
01-01 06:56:38.690 D/SPRDENG (  157): 30
01-01 06:56:38.690 D/SPRDENG (  157): 30
01-01 06:56:38.690 D/SPRDENG (  157): 30
01-01 06:56:38.690 D/SPRDENG (  157): 30
01-01 06:56:38.690 D/SPRDENG (  157): 30
01-01 06:56:38.690 D/SPRDENG (  157): 30
01-01 06:56:38.690 D/SPRDENG (  157): 30
01-01 06:56:38.690 D/SPRDENG (  157): 30
01-01 06:56:38.690 D/SPRDENG (  157): 30
01-01 06:56:38.690 D/SPRDENG (  157): 30
01-01 06:56:38.690 D/SPRDENG (  157): 30
01-01 06:56:38.690 D/SPRDENG (  157): 30
01-01 06:56:38.690 D/SPRDENG (  157): 30
01-01 06:56:38.690 D/SPRDENG (  157): 30
01-01 06:56:38.690 D/SPRDENG (  157): 30
01-01 06:56:38.690 D/SPRDENG (  157): 30
01-01 06:56:38.690 D/SPRDENG (  157): 30
01-01 06:56:38.690 D/SPRDENG (  157): 30
01-01 06:56:38.690 D/SPRDENG (  157): 30
01-01 06:56:38.690 D/SPRDENG (  157): 30
01-01 06:56:38.690 D/SPRDENG (  157): 30
01-01 06:56:38.690 D/SPRDENG (  157): 30
01-01 06:56:38.690 D/SPRDENG (  157): 30
01-01 06:56:38.690 D/SPRDENG (  157): 30
01-01 06:56:38.690 D/SPRDENG (  157): 30
01-01 06:56:38.690 D/SPRDENG (  157): 30
01-01 06:56:38.690 D/SPRDENG (  157): 30
01-01 06:56:38.690 D/SPRDENG (  157): 30
01-01 06:56:38.690 D/SPRDENG (  157): 30
01-01 06:56:38.690 D/SPRDENG (  157): 30
01-01 06:56:38.690 D/SPRDENG (  157): 30
01-01 06:56:38.690 D/SPRDENG (  157): 30
01-01 06:56:38.690 D/SPRDENG (  157): 30
01-01 06:56:38.690 D/SPRDENG (  157): 30
01-01 06:56:38.690 D/SPRDENG (  157): 30
01-01 06:56:38.690 D/SPRDENG (  157): 30
01-01 06:56:38.690 D/SPRDENG (  157): 30
01-01 06:56:38.690 D/SPRDENG (  157): 30
01-01 06:56:38.690 D/SPRDENG (  157): 30
01-01 06:56:38.690 D/SPRDENG (  157): 30
01-01 06:56:38.690 D/SPRDENG (  157): 30
01-01 06:56:38.690 D/SPRDENG (  157): 30
01-01 06:56:38.690 D/SPRDENG (  157): 30
01-01 06:56:38.690 D/SPRDENG (  157): 30
01-01 06:56:38.690 D/SPRDENG (  157): 30
01-01 06:56:38.690 D/SPRDENG (  157): 30
01-01 06:56:38.690 D/SPRDENG (  157): 30
01-01 06:56:38.690 D/SPRDENG (  157): 30
01-01 06:56:38.690 D/SPRDENG (  157): 30
01-01 06:56:38.690 D/SPRDENG (  157): 30
01-01 06:56:38.690 D/SPRDENG (  157): 30
01-01 06:56:38.690 D/SPRDENG (  157): 30
01-01 06:56:38.690 D/SPRDENG (  157): 30
01-01 06:56:38.690 D/SPRDENG (  157): 30
01-01 06:56:38.690 D/SPRDENG (  157): 62
01-01 06:56:38.690 D/SPRDENG (  157): 62
01-01 06:56:38.690 D/SPRDENG (  157): 62
01-01 06:56:38.690 D/SPRDENG (  157): 65
01-01 06:56:38.690 D/SPRDENG (  157): 63
01-01 06:56:38.690 D/SPRDENG (  157): 32
01-01 06:56:38.690 D/SPRDENG (  157): 63
01-01 06:56:38.690 D/SPRDENG (  157): 36
01-01 06:56:38.690 D/SPRDENG (  157): 31
01-01 06:56:38.690 D/SPRDENG (  157): 61
01-01 06:56:38.690 D/SPRDENG (  157): 32
01-01 06:56:38.690 D/SPRDENG (  157): 33
01-01 06:56:38.690 D/SPRDENG (  157): 31
01-01 06:56:38.690 D/SPRDENG (  157): 63
01-01 06:56:38.690 D/SPRDENG (  157): 32
01-01 06:56:38.690 D/SPRDENG (  157): 33
01-01 06:56:38.690 D/SPRDENG (  157): 30
01-01 06:56:38.690 D/SPRDENG (  157): 30
01-01 06:56:38.690 D/SPRDENG (  157): 30
01-01 06:56:38.690 D/SPRDENG (  157): 30
01-01 06:56:38.690 D/SPRDENG (  157): 30
01-01 06:56:38.690 D/SPRDENG (  157): 30
01-01 06:56:38.690 D/SPRDENG (  157): 30
01-01 06:56:38.690 D/SPRDENG (  157): 30
01-01 06:56:38.690 D/SPRDENG (  157): 30
01-01 06:56:38.690 D/SPRDENG (  157): 30
01-01 06:56:38.690 D/SPRDENG (  157): 30
01-01 06:56:38.690 D/SPRDENG (  157): 30
01-01 06:56:38.690 D/SPRDENG (  157): 30
01-01 06:56:38.690 D/SPRDENG (  157): 30
01-01 06:56:38.690 D/SPRDENG (  157): 30
01-01 06:56:38.690 D/SPRDENG (  157): 30
01-01 06:56:38.690 D/SPRDENG (  157): 31
01-01 06:56:38.690 D/SPRDENG (  157): 61
01-01 06:56:38.690 D/SPRDENG (  157): 32
01-01 06:56:38.690 D/SPRDENG (  157): 33
01-01 06:56:38.690 D/SPRDENG (  157): 31
01-01 06:56:38.690 D/SPRDENG (  157): 63
01-01 06:56:38.690 D/SPRDENG (  157): 32
01-01 06:56:38.690 D/SPRDENG (  157): 33
01-01 06:56:38.690 D/SPRDENG (  157): 30
01-01 06:56:38.690 D/SPRDENG (  157): 30
01-01 06:56:38.690 D/SPRDENG (  157): 30
01-01 06:56:38.690 D/SPRDENG (  157): 30
01-01 06:56:38.690 D/SPRDENG (  157): 30
01-01 06:56:38.690 D/SPRDENG (  157): 30
01-01 06:56:38.690 D/SPRDENG (  157): 30
01-01 06:56:38.690 D/SPRDENG (  157): 30
01-01 06:56:38.690 D/SPRDENG (  157): 30
01-01 06:56:38.690 D/SPRDENG (  157): 30
01-01 06:56:38.690 D/SPRDENG (  157): 30
01-01 06:56:38.690 D/SPRDENG (  157): 30
01-01 06:56:38.690 D/SPRDENG (  157): 30
01-01 06:56:38.690 D/SPRDENG (  157): 30
01-01 06:56:38.690 D/SPRDENG (  157): 30
01-01 06:56:38.690 D/SPRDENG (  157): 30
01-01 06:56:38.690 D/SPRDENG (  157): 31
01-01 06:56:38.690 D/SPRDENG (  157): 62
01-01 06:56:38.690 D/SPRDENG (  157): 32
01-01 06:56:38.690 D/SPRDENG (  157): 33
01-01 06:56:38.690 D/SPRDENG (  157): 31
01-01 06:56:38.690 D/SPRDENG (  157): 63
01-01 06:56:38.690 D/SPRDENG (  157): 32
01-01 06:56:38.690 D/SPRDENG (  157): 33
01-01 06:56:38.690 D/SPRDENG (  157): 30
01-01 06:56:38.690 D/SPRDENG (  157): 30
01-01 06:56:38.690 D/SPRDENG (  157): 30
01-01 06:56:38.690 D/SPRDENG (  157): 30
01-01 06:56:38.690 D/SPRDENG (  157): 30
01-01 06:56:38.690 D/SPRDENG (  157): 30
01-01 06:56:38.690 D/SPRDENG (  157): 30
01-01 06:56:38.690 D/SPRDENG (  157): 30
01-01 06:56:38.690 D/SPRDENG (  157): 30
01-01 06:56:38.690 D/SPRDENG (  157): 30
01-01 06:56:38.690 D/SPRDENG (  157): 30
01-01 06:56:38.690 D/SPRDENG (  157): 30
01-01 06:56:38.690 D/SPRDENG (  157): 30
01-01 06:56:38.690 D/SPRDENG (  157): 30
01-01 06:56:38.690 D/SPRDENG (  157): 30
01-01 06:56:38.690 D/SPRDENG (  157): 30
01-01 06:56:38.690 D/SPRDENG (  157): 31
01-01 06:56:38.690 D/SPRDENG (  157): 62
01-01 06:56:38.690 D/SPRDENG (  157): 32
01-01 06:56:38.690 D/SPRDENG (  157): 33
01-01 06:56:38.690 D/SPRDENG (  157): 31
01-01 06:56:38.690 D/SPRDENG (  157): 63
01-01 06:56:38.690 D/SPRDENG (  157): 32
01-01 06:56:38.690 D/SPRDENG (  157): 33
01-01 06:56:38.690 D/SPRDENG (  157): 30
01-01 06:56:38.690 D/SPRDENG (  157): 30
01-01 06:56:38.690 D/SPRDENG (  157): 30
01-01 06:56:38.690 D/SPRDENG (  157): 30
01-01 06:56:38.690 D/SPRDENG (  157): 30
01-01 06:56:38.690 D/SPRDENG (  157): 30
01-01 06:56:38.690 D/SPRDENG (  157): 30
01-01 06:56:38.690 D/SPRDENG (  157): 30
01-01 06:56:38.690 D/SPRDENG (  157): 30
01-01 06:56:38.690 D/SPRDENG (  157): 30
01-01 06:56:38.690 D/SPRDENG (  157): 30
01-01 06:56:38.690 D/SPRDENG (  157): 30
01-01 06:56:38.690 D/SPRDENG (  157): 30
01-01 06:56:38.690 D/SPRDENG (  157): 30
01-01 06:56:38.690 D/SPRDENG (  157): 30
01-01 06:56:38.690 D/SPRDENG (  157): 30
01-01 06:56:38.690 D/SPRDENG (  157): 31
01-01 06:56:38.690 D/SPRDENG (  157): 62
01-01 06:56:38.690 D/SPRDENG (  157): 32
01-01 06:56:38.690 D/SPRDENG (  157): 33
01-01 06:56:38.690 D/SPRDENG (  157): 31
01-01 06:56:38.690 D/SPRDENG (  157): 63
01-01 06:56:38.690 D/SPRDENG (  157): 32
01-01 06:56:38.690 D/SPRDENG (  157): 33
01-01 06:56:38.690 D/SPRDENG (  157): 30
01-01 06:56:38.690 D/SPRDENG (  157): 30
01-01 06:56:38.690 D/SPRDENG (  157): 30
01-01 06:56:38.690 D/SPRDENG (  157): 30
01-01 06:56:38.690 D/SPRDENG (  157): 30
01-01 06:56:38.690 D/SPRDENG (  157): 30
01-01 06:56:38.690 D/SPRDENG (  157): 30
01-01 06:56:38.690 D/SPRDENG (  157): 30
01-01 06:56:38.690 D/SPRDENG (  157): 30
01-01 06:56:38.690 D/SPRDENG (  157): 30
01-01 06:56:38.690 D/SPRDENG (  157): 30
01-01 06:56:38.690 D/SPRDENG (  157): 30
01-01 06:56:38.690 D/SPRDENG (  157): 30
01-01 06:56:38.690 D/SPRDENG (  157): 30
01-01 06:56:38.690 D/SPRDENG (  157): 30
01-01 06:56:38.690 D/SPRDENG (  157): 30
01-01 06:56:38.690 D/SPRDENG (  157): 30
01-01 06:56:38.690 D/SPRDENG (  157): 30
01-01 06:56:38.690 D/SPRDENG (  157): 30
01-01 06:56:38.690 D/SPRDENG (  157): 30
01-01 06:56:38.690 D/SPRDENG (  157): 30
01-01 06:56:38.690 D/SPRDENG (  157): 30
01-01 06:56:38.690 D/SPRDENG (  157): 30
01-01 06:56:38.690 D/SPRDENG (  157): 30
01-01 06:56:38.690 D/SPRDENG (  157): 30
01-01 06:56:38.690 D/SPRDENG (  157): 30
01-01 06:56:38.690 D/SPRDENG (  157): 30
01-01 06:56:38.690 D/SPRDENG (  157): 30
01-01 06:56:38.690 D/SPRDENG (  157): 30
01-01 06:56:38.690 D/SPRDENG (  157): 30
01-01 06:56:38.690 D/SPRDENG (  157): 30
01-01 06:56:38.690 D/SPRDENG (  157): 30
01-01 06:56:38.690 D/SPRDENG (  157): 30
01-01 06:56:38.690 D/SPRDENG (  157): 30
01-01 06:56:38.690 D/SPRDENG (  157): 30
01-01 06:56:38.690 D/SPRDENG (  157): 30
01-01 06:56:38.690 D/SPRDENG (  157): 30
01-01 06:56:38.690 D/SPRDENG (  157): 30
01-01 06:56:38.690 D/SPRDENG (  157): 30
01-01 06:56:38.690 D/SPRDENG (  157): 30
01-01 06:56:38.690 D/SPRDENG (  157): 32
01-01 06:56:38.690 D/SPRDENG (  157): 63
01-01 06:56:38.690 D/SPRDENG (  157): 30
01-01 06:56:38.690 D/SPRDENG (  157): 30
01-01 06:56:38.690 D/SPRDENG (  157): 30
01-01 06:56:38.690 D/SPRDENG (  157): 30
01-01 06:56:38.690 D/SPRDENG (  157): 30
01-01 06:56:38.690 D/SPRDENG (  157): 30
01-01 06:56:38.690 D/SPRDENG (  157): 1a
01-01 06:56:38.700 D/SPRDENG (  157): eng_modem2server: use SIM1 /dev/CHNPTY13
01-01 06:56:38.700 D/SPRDENG (  157): AT < 
01-01 06:56:38.700 D/SPRDENG (  157): OK
01-01 06:56:38.700 D/SPRDENG (  157): 
01-01 06:56:38.700 E/        (  100): nvcal_recv_from_modem: Receive 1 Modem Response
01-01 06:56:38.700 E/        (  100): write_rf_nvconf_cmd: wifi recv_num =6, response=[
01-01 06:56:38.700 E/        (  100): OK
01-01 06:56:38.700 E/        (  100): ]
01-01 06:56:38.800 E/eng_rf_nv_update(  100): [set_rf_nvconf]: NV updated OK!
01-01 06:56:38.800 E/eng_rf_nv_update(  100): [save_rf_nv_to_bak_file] NV data save to bake file OK
01-01 06:56:38.800 E/eng_rf_nv_update(  100): [eng_rf_nv_update]: end eng rf nv update!
01-01 06:56:38.800 I/logwrapper(   80): /system/bin/eng_rf_nv_update terminated by exit(0)
01-01 06:56:38.980 I/power   (   81): *** set_screen_state 1
01-01 06:56:38.980 D/Sensors (   81): activate handle=3; drv=1
01-01 06:56:38.980 D/Sensors (   81): SensorTMD2771::setEnable=0= en=1; newState=1; what=0; mEnabled=0
01-01 06:56:39.100 D/Sensors (   81): taos ---Light::TAOS_IOCTL_ALS_ON=== err=0
01-01 06:56:39.100 D/Sensors (   81): SensorTMD2771::setEnable=1= en=1; newState=1; what=0; mEnabled=1
01-01 06:56:39.100 D/Sensors (   81): SensorTMD2771::getEnable===mEnabled=0x1; enable=1
01-01 06:56:39.120 I/GeckoDump(   81): XXX FIXME : Got a mozContentEvent: nfc-hardware-state-change
01-01 06:56:39.140 I/GeckoDump(   81): XXX FIXME : Got a mozContentEvent: system-message-listener-ready
01-01 06:56:39.200 I/Gecko:ProcessPriorityManager(   81): [(Preallocated), child-id=2, pid=377] Creating ParticularProcessPriorityManager.
01-01 06:56:39.200 I/Gecko:ProcessPriorityManager(   81): [(Preallocated), child-id=2, pid=377] Done starting up.  mHoldsCPUWakeLock=0, mHoldsHighPriorityWakeLock=0
01-01 06:56:39.200 I/Gecko:ProcessPriorityManager(   81): [(Preallocated), child-id=2, pid=377] Changing priority from UNKNOWN:CPU_NORMAL to MASTER:CPU_NORMAL.
01-01 06:56:39.200 I/Gonk    (   81): Setting nice for pid 377 to 0
01-01 06:56:39.200 I/Gonk    (   81): Changed nice for pid 377 from 0 to 0.
01-01 06:56:39.590 D/Sensors (   81): SensorTMD2771::readEvents()======data_fd=53,count=16
01-01 06:56:39.590 D/Sensors (   81): SensorTMD2771::processEvent()=====code=40::value=1 
01-01 06:56:39.590 D/Sensors (   81): SensorTMD2771: mPendingEvents[Light].light = 1.000000
01-01 06:56:39.830 I/Gecko   (   81): 1325418999835	Marionette	INFO	loaded marionette-listener.js
01-01 06:56:39.830 I/Gecko   (   81): 1325418999838	Marionette	INFO	sendToClient: {"from":"0","value":"3-b2g"}, {53108fa3-4955-4030-b934-571483ab6579}, {53108fa3-4955-4030-b934-571483ab6579}
01-01 06:56:40.010 E/GeckoConsole(   81): [JavaScript Error: "TypeError: widgetFrame is undefined" {file: "app://system.gaiamobile.org/js/cost_control.js" line: 119}]
01-01 06:56:40.380 I/Gecko   (   81): 1325419000393	Marionette	INFO	sendToClient: {"from":"0","value":{"ELEMENT":"{96a53cf6-c8dc-4e7f-8358-457ffdc237eb}"}}, {b4dac28d-6789-4218-9788-090e49a49298}, {b4dac28d-6789-4218-9788-090e49a49298}
01-01 06:56:40.470 I/Gecko   (   81): 1325419000474	Marionette	INFO	sendToClient: {"from":"0","value":false}, {ba9c3269-048c-47f7-8972-0425e85d0d1e}, {ba9c3269-048c-47f7-8972-0425e85d0d1e}
01-01 06:56:40.630 I/Gecko   (   81): 1325419000642	Marionette	INFO	sendToClient: {"from":"0","value":{"ELEMENT":"{96a53cf6-c8dc-4e7f-8358-457ffdc237eb}"}}, {617d12fa-eb34-49a1-aca2-8e79e7cf299c}, {617d12fa-eb34-49a1-aca2-8e79e7cf299c}
01-01 06:56:40.720 I/Gecko   (   81): 1325419000732	Marionette	INFO	sendToClient: {"from":"0","value":false}, {ee904d01-de1d-4b54-82b0-bb5c942532ce}, {ee904d01-de1d-4b54-82b0-bb5c942532ce}
01-01 06:56:40.890 I/Gecko   (   81): 1325419000902	Marionette	INFO	sendToClient: {"from":"0","value":{"ELEMENT":"{96a53cf6-c8dc-4e7f-8358-457ffdc237eb}"}}, {d25bef17-ef2b-4c62-aee1-c73cecdef23e}, {d25bef17-ef2b-4c62-aee1-c73cecdef23e}
01-01 06:56:40.940 I/Gecko   (   81): 1325419000944	Marionette	INFO	sendToClient: {"from":"0","value":false}, {182c485a-15fa-467c-89b6-2af26e46267a}, {182c485a-15fa-467c-89b6-2af26e46267a}
01-01 06:56:41.080 I/GeckoDump(   81): XXX FIXME : Got a mozContentEvent: accessibility-screenreader
01-01 06:56:41.130 I/GeckoDump(   81): XXX FIXME : Got a mozContentEvent: nfc-hardware-state-change
01-01 06:56:41.360 E/WifiHW  (   81): Leo ensure_config_file_exists config_file=/data/misc/wifi/wpa_supplicant.conf
01-01 06:56:41.360 E/WifiHW  (   81): daemon_cmd=wpa_supplicant:-iwlan0 -c/data/misc/wifi/wpa_supplicant.conf
01-01 06:56:41.530 I/Gecko   (   81): 1325419001540	Marionette	INFO	sendToClient: {"from":"0","value":{"ELEMENT":"{96a53cf6-c8dc-4e7f-8358-457ffdc237eb}"}}, {f2c22536-7d6c-4e79-9c8e-f3f4c36d742b}, {f2c22536-7d6c-4e79-9c8e-f3f4c36d742b}
01-01 06:56:41.680 I/Gecko   (   81): 1325419001685	Marionette	INFO	sendToClient: {"from":"0","value":true}, {8aecd000-4016-469e-8a1b-800675670f4c}, {8aecd000-4016-469e-8a1b-800675670f4c}
01-01 06:56:41.870 I/FMRadio (   81): FMRadio is initialized.
01-01 06:56:42.020 E/GeckoConsole(   81): Content JS ERROR at app://system.gaiamobile.org/js/telephony_settings.js:23 in set_vpm_error: Error setting voice privacy.
01-01 06:56:42.020 E/GeckoConsole(   81): Content JS ERROR at app://system.gaiamobile.org/js/telephony_settings.js:23 in set_vpm_error: Error setting voice privacy.
01-01 06:56:42.230 W/WifiHW  (   81): wifi_command: LOG_LEVEL
01-01 06:56:42.230 W/WifiHW  (   81): wifi_command: STATUS
01-01 06:56:42.260 E/GeckoConsole(   81): Content JS ERROR at app://system.gaiamobile.org/js/telephony_settings.js:42 in set_vpm_error: Error roaming preference.
01-01 06:56:42.260 E/GeckoConsole(   81): Content JS ERROR at app://system.gaiamobile.org/js/telephony_settings.js:42 in set_vpm_error: Error roaming preference.
01-01 06:56:42.270 W/WifiHW  (   81): wifi_command: LIST_NETWORKS
01-01 06:56:42.270 W/WifiHW  (   81): wifi_command: DRIVER MACADDR
01-01 06:56:42.280 W/WifiHW  (   81): wifi_command: GET_NETWORK 0 ssid
01-01 06:56:42.280 W/WifiHW  (   81): wifi_command: GET_NETWORK 0 bssid
01-01 06:56:42.280 W/WifiHW  (   81): wifi_command: GET_NETWORK 0 psk
01-01 06:56:42.280 W/WifiHW  (   81): wifi_command: GET_NETWORK 0 wep_key0
01-01 06:56:42.280 W/WifiHW  (   81): wifi_command: GET_NETWORK 0 wep_key1
01-01 06:56:42.290 W/WifiHW  (   81): wifi_command: GET_NETWORK 0 wep_key2
01-01 06:56:42.290 W/WifiHW  (   81): wifi_command: GET_NETWORK 0 wep_key3
01-01 06:56:42.300 W/WifiHW  (   81): wifi_command: GET_NETWORK 0 wep_tx_keyidx
01-01 06:56:42.300 W/WifiHW  (   81): wifi_command: GET_NETWORK 0 priority
01-01 06:56:42.300 W/WifiHW  (   81): wifi_command: GET_NETWORK 0 key_mgmt
01-01 06:56:42.300 W/WifiHW  (   81): wifi_command: GET_NETWORK 0 scan_ssid
01-01 06:56:42.300 W/WifiHW  (   81): wifi_command: GET_NETWORK 0 disabled
01-01 06:56:42.300 W/WifiHW  (   81): wifi_command: GET_NETWORK 0 identity
01-01 06:56:42.300 W/WifiHW  (   81): wifi_command: GET_NETWORK 0 password
01-01 06:56:42.300 W/WifiHW  (   81): wifi_command: GET_NETWORK 0 auth_alg
01-01 06:56:42.300 W/WifiHW  (   81): wifi_command: GET_NETWORK 0 phase1
01-01 06:56:42.300 W/WifiHW  (   81): wifi_command: GET_NETWORK 0 phase2
01-01 06:56:42.300 W/WifiHW  (   81): wifi_command: GET_NETWORK 0 eap
01-01 06:56:42.300 W/WifiHW  (   81): wifi_command: GET_NETWORK 0 pin
01-01 06:56:42.310 W/WifiHW  (   81): wifi_command: GET_NETWORK 0 pcsc
01-01 06:56:42.310 W/WifiHW  (   81): wifi_command: GET_NETWORK 1 ssid
01-01 06:56:42.310 W/WifiHW  (   81): wifi_command: GET_NETWORK 1 bssid
01-01 06:56:42.310 W/WifiHW  (   81): wifi_command: GET_NETWORK 1 psk
01-01 06:56:42.310 W/WifiHW  (   81): wifi_command: GET_NETWORK 1 wep_key0
01-01 06:56:42.310 W/WifiHW  (   81): wifi_command: GET_NETWORK 1 wep_key1
01-01 06:56:42.310 W/WifiHW  (   81): wifi_command: GET_NETWORK 1 wep_key2
01-01 06:56:42.310 W/WifiHW  (   81): wifi_command: GET_NETWORK 1 wep_key3
01-01 06:56:42.310 W/WifiHW  (   81): wifi_command: GET_NETWORK 1 wep_tx_keyidx
01-01 06:56:42.310 W/WifiHW  (   81): wifi_command: GET_NETWORK 1 priority
01-01 06:56:42.310 W/WifiHW  (   81): wifi_command: GET_NETWORK 1 key_mgmt
01-01 06:56:42.310 W/WifiHW  (   81): wifi_command: GET_NETWORK 1 scan_ssid
01-01 06:56:42.310 W/WifiHW  (   81): wifi_command: GET_NETWORK 1 disabled
01-01 06:56:42.310 W/WifiHW  (   81): wifi_command: GET_NETWORK 1 identity
01-01 06:56:42.320 W/WifiHW  (   81): wifi_command: GET_NETWORK 1 password
01-01 06:56:42.320 W/WifiHW  (   81): wifi_command: GET_NETWORK 1 auth_alg
01-01 06:56:42.320 W/WifiHW  (   81): wifi_command: GET_NETWORK 1 phase1
01-01 06:56:42.330 W/WifiHW  (   81): wifi_command: GET_NETWORK 1 phase2
01-01 06:56:42.330 W/WifiHW  (   81): wifi_command: GET_NETWORK 1 eap
01-01 06:56:42.330 W/WifiHW  (   81): wifi_command: GET_NETWORK 1 pin
01-01 06:56:42.330 W/WifiHW  (   81): wifi_command: GET_NETWORK 1 pcsc
01-01 06:56:42.330 W/WifiHW  (   81): wifi_command: GET_NETWORK 2 ssid
01-01 06:56:42.330 W/WifiHW  (   81): wifi_command: GET_NETWORK 2 bssid
01-01 06:56:42.330 W/WifiHW  (   81): wifi_command: GET_NETWORK 2 psk
01-01 06:56:42.330 W/WifiHW  (   81): wifi_command: GET_NETWORK 2 wep_key0
01-01 06:56:42.330 W/WifiHW  (   81): wifi_command: GET_NETWORK 2 wep_key1
01-01 06:56:42.330 W/WifiHW  (   81): wifi_command: GET_NETWORK 2 wep_key2
01-01 06:56:42.330 W/WifiHW  (   81): wifi_command: GET_NETWORK 2 wep_key3
01-01 06:56:42.340 W/WifiHW  (   81): wifi_command: GET_NETWORK 2 wep_tx_keyidx
01-01 06:56:42.340 W/WifiHW  (   81): wifi_command: GET_NETWORK 2 priority
01-01 06:56:42.340 W/WifiHW  (   81): wifi_command: GET_NETWORK 2 key_mgmt
01-01 06:56:42.340 W/WifiHW  (   81): wifi_command: GET_NETWORK 2 scan_ssid
01-01 06:56:42.340 W/WifiHW  (   81): wifi_command: GET_NETWORK 2 disabled
01-01 06:56:42.340 W/WifiHW  (   81): wifi_command: GET_NETWORK 2 identity
01-01 06:56:42.340 W/WifiHW  (   81): wifi_command: GET_NETWORK 2 password
01-01 06:56:42.340 W/WifiHW  (   81): wifi_command: GET_NETWORK 2 auth_alg
01-01 06:56:42.340 W/WifiHW  (   81): wifi_command: GET_NETWORK 2 phase1
01-01 06:56:42.340 W/WifiHW  (   81): wifi_command: GET_NETWORK 2 phase2
01-01 06:56:42.340 W/WifiHW  (   81): wifi_command: GET_NETWORK 2 eap
01-01 06:56:42.340 W/WifiHW  (   81): wifi_command: GET_NETWORK 2 pin
01-01 06:56:42.340 W/WifiHW  (   81): wifi_command: GET_NETWORK 2 pcsc
01-01 06:56:42.340 W/WifiHW  (   81): wifi_command: GET_NETWORK 3 ssid
01-01 06:56:42.350 W/WifiHW  (   81): wifi_command: GET_NETWORK 3 bssid
01-01 06:56:42.350 W/WifiHW  (   81): wifi_command: GET_NETWORK 3 psk
01-01 06:56:42.360 W/WifiHW  (   81): wifi_command: GET_NETWORK 3 wep_key0
01-01 06:56:42.360 W/WifiHW  (   81): wifi_command: GET_NETWORK 3 wep_key1
01-01 06:56:42.360 W/WifiHW  (   81): wifi_command: GET_NETWORK 3 wep_key2
01-01 06:56:42.360 W/WifiHW  (   81): wifi_command: GET_NETWORK 3 wep_key3
01-01 06:56:42.360 W/WifiHW  (   81): wifi_command: GET_NETWORK 3 wep_tx_keyidx
01-01 06:56:42.360 W/WifiHW  (   81): wifi_command: GET_NETWORK 3 priority
01-01 06:56:42.360 W/WifiHW  (   81): wifi_command: GET_NETWORK 3 key_mgmt
01-01 06:56:42.360 W/WifiHW  (   81): wifi_command: GET_NETWORK 3 scan_ssid
01-01 06:56:42.360 W/WifiHW  (   81): wifi_command: GET_NETWORK 3 disabled
01-01 06:56:42.360 W/WifiHW  (   81): wifi_command: GET_NETWORK 3 identity
01-01 06:56:42.360 W/WifiHW  (   81): wifi_command: GET_NETWORK 3 password
01-01 06:56:42.360 W/WifiHW  (   81): wifi_command: GET_NETWORK 3 auth_alg
01-01 06:56:42.360 W/WifiHW  (   81): wifi_command: GET_NETWORK 3 phase1
01-01 06:56:42.370 W/WifiHW  (   81): wifi_command: GET_NETWORK 3 phase2
01-01 06:56:42.370 W/WifiHW  (   81): wifi_command: GET_NETWORK 3 eap
01-01 06:56:42.380 W/WifiHW  (   81): wifi_command: GET_NETWORK 3 pin
01-01 06:56:42.380 W/WifiHW  (   81): wifi_command: GET_NETWORK 3 pcsc
01-01 06:56:42.410 W/WifiHW  (   81): wifi_command: ENABLE_NETWORK 0
01-01 06:56:42.420 W/WifiHW  (   81): wifi_command: ENABLE_NETWORK 1
01-01 06:56:42.420 W/WifiHW  (   81): wifi_command: ENABLE_NETWORK 2
01-01 06:56:42.420 W/WifiHW  (   81): wifi_command: ENABLE_NETWORK 3
01-01 06:56:42.420 W/WifiHW  (   81): wifi_command: AP_SCAN 1
01-01 06:56:42.480 W/WifiHW  (   81): wifi_command: SAVE_CONFIG
01-01 06:56:42.670 I/Gecko:ProcessPriorityManager(   81): [Homescreen, child-id=2, pid=377] Changing priority from MASTER:CPU_NORMAL to FOREGROUND:CPU_NORMAL.
01-01 06:56:42.670 I/Gonk    (   81): Setting nice for pid 377 to 1
01-01 06:56:42.680 I/Gonk    (   81): Changed nice for pid 377 from 0 to 1.
01-01 06:56:42.680 I/Gecko:ProcessPriorityManager(   81): Making background LRU pool with size(3)
01-01 06:56:42.680 I/Gecko:ProcessPriorityManager(   81): KillBackgroundApps
01-01 06:56:42.680 I/Gecko   (   81): [Parent 81] WARNING: waitpid failed pid:377 errno:10: file /var/lib/jenkins/jobs/B2G.v1.3.0.Tarako/workspace/gecko/ipc/chromium/src/base/process_util_posix.cc, line 254
01-01 06:56:42.930 E/[Gralloc-ERROR](   81): int gralloc_register_buffer(const gralloc_module_t*, const native_handle_t*):79 Unable to register handle 0x442b0b50 coming from different process: 81
01-01 06:56:42.950 E/[Gralloc-ERROR](   81): int gralloc_register_buffer(const gralloc_module_t*, const native_handle_t*):79 Unable to register handle 0x442b0bf0 coming from different process: 81
01-01 06:56:43.050 E/[Gralloc-ERROR](   81): int gralloc_register_buffer(const gralloc_module_t*, const native_handle_t*):79 Unable to register handle 0x442b0e70 coming from different process: 81
01-01 06:56:43.050 E/[Gralloc-ERROR](   81): int gralloc_register_buffer(const gralloc_module_t*, const native_handle_t*):79 Unable to register handle 0x442b0f10 coming from different process: 81
01-01 06:56:43.300 I/GeckoDump(   81): XXX FIXME : Got a mozContentEvent: inputmethod-update-layouts
01-01 06:56:43.390 I/Gecko   (   81): ############################### browserElementPanning.js loaded
01-01 06:56:43.430 I/Gecko   (   81): ######################## BrowserElementChildPreload.js loaded
01-01 06:56:43.570 I/GeckoDump(   81): XXX FIXME : Got a mozContentEvent: inputmethod-update-layouts
01-01 06:56:44.200 E/GeckoConsole(   81): [JavaScript Warning: "Error in parsing value for 'font-weight'.  Declaration dropped." {file: "app://keyboard.gaiamobile.org/style/keyboard.css" line: 132 column: 15 source: "  font-weight: medium;"}]
01-01 06:56:44.880 I/Gecko   (   81): 1325419004888	Marionette	INFO	sendToClient: {"from":"0","ok":true}, {b8ef6240-8bb7-4acf-9d5d-a4ad63ec4d92}, {b8ef6240-8bb7-4acf-9d5d-a4ad63ec4d92}
01-01 06:56:44.930 I/Gecko   (   81): 1325419004940	Marionette	DEBUG	Got request: switchToFrame, data: {"to":"0","sessionId":"3-b2g","name":"switchToFrame","parameters":{"id":null,"focus":true}}, id: {d1d9f0f0-28c7-40c3-89ad-c491a01c354d}
01-01 06:56:44.950 I/Gecko   (   81): 1325419004958	Marionette	INFO	Switched to frame: {"frameValue":null}
01-01 06:56:45.120 I/Gecko   (   81): 1325419005129	Marionette	INFO	sendToClient: {"from":"0","ok":true}, {d1d9f0f0-28c7-40c3-89ad-c491a01c354d}, {d1d9f0f0-28c7-40c3-89ad-c491a01c354d}
01-01 06:56:45.130 I/Gecko   (  377): ###################################### forms.js loaded
01-01 06:56:45.250 W/WifiHW  (   81): wifi_command: SCAN_RESULTS
01-01 06:56:45.280 I/Gecko   (   81): 1325419005289	Marionette	DEBUG	Got request: executeWithCallback, data: {"to":"0","sessionId":"3-b2g","name":"executeAsyncScript","parameters":{"specialPowers":false,"scriptTimeout":null,"newSandbox":true,"args":[],"filename":"gaia_test.py","script":"GaiaLockScreen.unlock()","line":810}}, id: {4126dedf-d601-4acb-ba91-11a61415067d}
01-01 06:56:45.290 I/Gecko   (  377): ############################### browserElementPanning.js loaded
01-01 06:56:45.850 W/WifiHW  (   81): wifi_command: DRIVER SCAN-PASSIVE
01-01 06:56:45.940 I/Gecko   (   81): 1325419005946	Marionette	INFO	sendToClient: {"from":"0","value":{"passed":0,"failed":0,"failures":[]}}, {4126dedf-d601-4acb-ba91-11a61415067d}, {4126dedf-d601-4acb-ba91-11a61415067d}
01-01 06:56:45.980 W/WifiHW  (   81): wifi_command: GET_NETWORK 3 ssid
01-01 06:56:46.010 W/WifiHW  (   81): wifi_command: GET_NETWORK 3 bssid
01-01 06:56:46.010 W/WifiHW  (   81): wifi_command: GET_NETWORK 3 psk
01-01 06:56:46.010 W/WifiHW  (   81): wifi_command: GET_NETWORK 3 wep_key0
01-01 06:56:46.010 W/WifiHW  (   81): wifi_command: GET_NETWORK 3 wep_key1
01-01 06:56:46.010 W/WifiHW  (   81): wifi_command: GET_NETWORK 3 wep_key2
01-01 06:56:46.010 W/WifiHW  (   81): wifi_command: GET_NETWORK 3 wep_key3
01-01 06:56:46.020 W/WifiHW  (   81): wifi_command: GET_NETWORK 3 wep_tx_keyidx
01-01 06:56:46.030 W/WifiHW  (   81): wifi_command: GET_NETWORK 3 priority
01-01 06:56:46.030 W/WifiHW  (   81): wifi_command: GET_NETWORK 3 key_mgmt
01-01 06:56:46.030 W/WifiHW  (   81): wifi_command: GET_NETWORK 3 scan_ssid
01-01 06:56:46.040 W/WifiHW  (   81): wifi_command: GET_NETWORK 3 disabled
01-01 06:56:46.040 W/WifiHW  (   81): wifi_command: GET_NETWORK 3 identity
01-01 06:56:46.040 W/WifiHW  (   81): wifi_command: GET_NETWORK 3 password
01-01 06:56:46.040 W/WifiHW  (   81): wifi_command: GET_NETWORK 3 auth_alg
01-01 06:56:46.050 W/WifiHW  (   81): wifi_command: GET_NETWORK 3 phase1
01-01 06:56:46.050 W/WifiHW  (   81): wifi_command: GET_NETWORK 3 phase2
01-01 06:56:46.050 W/WifiHW  (   81): wifi_command: GET_NETWORK 3 eap
01-01 06:56:46.060 W/WifiHW  (   81): wifi_command: GET_NETWORK 3 pin
01-01 06:56:46.060 W/WifiHW  (   81): wifi_command: GET_NETWORK 3 pcsc
01-01 06:56:46.290 E/Profiler(   81): BPUnw: [1 total] thread_unregister_for_profiling(me=0x1f833f8)  (NOT REGISTERED) 
01-01 06:56:46.420 E/[Gralloc-ERROR](   81): int gralloc_register_buffer(const gralloc_module_t*, const native_handle_t*):79 Unable to register handle 0x460dc830 coming from different process: 81
01-01 06:56:46.430 E/[Gralloc-ERROR](   81): int gralloc_register_buffer(const gralloc_module_t*, const native_handle_t*):79 Unable to register handle 0x460dcd30 coming from different process: 81
01-01 06:56:46.450 E/[Gralloc-ERROR](   81): int gralloc_register_buffer(const gralloc_module_t*, const native_handle_t*):79 Unable to register handle 0x461803d0 coming from different process: 81
01-01 06:56:46.450 E/[Gralloc-ERROR](   81): int gralloc_register_buffer(const gralloc_module_t*, const native_handle_t*):79 Unable to register handle 0x461806f0 coming from different process: 81
01-01 06:56:46.460 E/[Gralloc-ERROR](   81): int gralloc_register_buffer(const gralloc_module_t*, const native_handle_t*):79 Unable to register handle 0x46192510 coming from different process: 81
01-01 06:56:46.460 E/[Gralloc-ERROR](   81): int gralloc_register_buffer(const gralloc_module_t*, const native_handle_t*):79 Unable to register handle 0x46369290 coming from different process: 81
01-01 06:56:46.650 E/[Gralloc-ERROR](   81): int gralloc_unregister_buffer(const gralloc_module_t*, const native_handle_t*):274 Trying to unregister buffer 0x442b0f10 from process 81 that was not created in current process: 81
01-01 06:56:46.650 E/[Gralloc-ERROR](   81): int gralloc_unregister_buffer(const gralloc_module_t*, const native_handle_t*):274 Trying to unregister buffer 0x442b0e70 from process 81 that was not created in current process: 81
01-01 06:56:47.280 I/Gecko   (  377): ######################## BrowserElementChildPreload.js loaded
01-01 06:56:47.340 W/WifiHW  (   81): wifi_command: SIGNAL_POLL
01-01 06:56:47.350 W/WifiHW  (   81): wifi_command: GET_NETWORK 3 ssid
01-01 06:56:47.350 W/WifiHW  (   81): wifi_command: GET_NETWORK 3 bssid
01-01 06:56:47.360 W/WifiHW  (   81): wifi_command: GET_NETWORK 3 psk
01-01 06:56:47.360 W/WifiHW  (   81): wifi_command: GET_NETWORK 3 wep_key0
01-01 06:56:47.370 W/WifiHW  (   81): wifi_command: GET_NETWORK 3 wep_key1
01-01 06:56:47.370 W/WifiHW  (   81): wifi_command: GET_NETWORK 3 wep_key2
01-01 06:56:47.370 W/WifiHW  (   81): wifi_command: GET_NETWORK 3 wep_key3
01-01 06:56:47.370 W/WifiHW  (   81): wifi_command: GET_NETWORK 3 wep_tx_keyidx
01-01 06:56:47.370 W/WifiHW  (   81): wifi_command: GET_NETWORK 3 priority
01-01 06:56:47.370 W/WifiHW  (   81): wifi_command: GET_NETWORK 3 key_mgmt
01-01 06:56:47.370 W/WifiHW  (   81): wifi_command: GET_NETWORK 3 scan_ssid
01-01 06:56:47.370 W/WifiHW  (   81): wifi_command: GET_NETWORK 3 disabled
01-01 06:56:47.380 W/WifiHW  (   81): wifi_command: GET_NETWORK 3 identity
01-01 06:56:47.380 W/WifiHW  (   81): wifi_command: GET_NETWORK 3 password
01-01 06:56:47.380 W/WifiHW  (   81): wifi_command: GET_NETWORK 3 auth_alg
01-01 06:56:47.380 W/WifiHW  (   81): wifi_command: GET_NETWORK 3 phase1
01-01 06:56:47.390 W/WifiHW  (   81): wifi_command: GET_NETWORK 3 phase2
01-01 06:56:47.400 W/WifiHW  (   81): wifi_command: GET_NETWORK 3 eap
01-01 06:56:47.400 W/WifiHW  (   81): wifi_command: GET_NETWORK 3 pin
01-01 06:56:47.400 W/WifiHW  (   81): wifi_command: GET_NETWORK 3 pcsc
01-01 06:56:47.480 I/GeckoDump(   81): XXX FIXME : Got a mozContentEvent: nfc-hardware-state-change
01-01 06:56:47.520 I/GeckoDump(   81): XXX FIXME : Got a mozContentEvent: nfc-hardware-state-change
01-01 06:56:47.880 E/[Gralloc-ERROR](   81): int gralloc_unregister_buffer(const gralloc_module_t*, const native_handle_t*):274 Trying to unregister buffer 0x460dcd30 from process 81 that was not created in current process: 81
01-01 06:56:47.880 E/[Gralloc-ERROR](   81): int gralloc_unregister_buffer(const gralloc_module_t*, const native_handle_t*):274 Trying to unregister buffer 0x460dc830 from process 81 that was not created in current process: 81
01-01 06:56:47.880 E/[Gralloc-ERROR](   81): int gralloc_unregister_buffer(const gralloc_module_t*, const native_handle_t*):274 Trying to unregister buffer 0x461806f0 from process 81 that was not created in current process: 81
01-01 06:56:47.890 E/[Gralloc-ERROR](   81): int gralloc_unregister_buffer(const gralloc_module_t*, const native_handle_t*):274 Trying to unregister buffer 0x461803d0 from process 81 that was not created in current process: 81
01-01 06:56:47.890 E/[Gralloc-ERROR](   81): int gralloc_unregister_buffer(const gralloc_module_t*, const native_handle_t*):274 Trying to unregister buffer 0x46369290 from process 81 that was not created in current process: 81
01-01 06:56:47.890 E/[Gralloc-ERROR](   81): int gralloc_unregister_buffer(const gralloc_module_t*, const native_handle_t*):274 Trying to unregister buffer 0x46192510 from process 81 that was not created in current process: 81
01-01 06:56:47.920 I/Gecko:ProcessPriorityManager(   81): [(Preallocated), child-id=3, pid=411] Creating ParticularProcessPriorityManager.
01-01 06:56:47.920 I/Gecko:ProcessPriorityManager(   81): [(Preallocated), child-id=3, pid=411] Done starting up.  mHoldsCPUWakeLock=0, mHoldsHighPriorityWakeLock=0
01-01 06:56:47.920 I/Gecko:ProcessPriorityManager(   81): [(Preallocated), child-id=3, pid=411] Changing priority from UNKNOWN:CPU_NORMAL to MASTER:CPU_NORMAL.
01-01 06:56:47.920 I/Gonk    (   81): Setting nice for pid 411 to 0
01-01 06:56:47.920 I/Gonk    (   81): Changed nice for pid 411 from 0 to 0.
01-01 06:56:47.920 I/Gecko:ProcessPriorityManager(   81): [Homescreen, child-id=2, pid=377] Changing priority from FOREGROUND:CPU_NORMAL to FOREGROUND:CPU_LOW.
01-01 06:56:47.920 I/Gonk    (   81): Setting nice for pid 377 to 18
01-01 06:56:47.920 I/Gonk    (   81): Changed nice for pid 377 from 1 to 18.
01-01 06:56:47.920 I/Gecko:ProcessPriorityManager(   81): KillBackgroundApps
01-01 06:56:47.970 I/Gecko   (   81): 1325419007980	Marionette	INFO	sendToClient: {"from":"0","ok":true}, {69df14bf-c6b7-4bad-8efb-c741104669cd}, {69df14bf-c6b7-4bad-8efb-c741104669cd}
01-01 06:56:48.250 I/Gecko   (   81): 1325419008255	Marionette	DEBUG	Got request: switchToFrame, data: {"to":"0","sessionId":"3-b2g","name":"switchToFrame","parameters":{"id":null,"focus":true}}, id: {afb9d668-be3d-4cbe-ba35-ef582fcf2f53}
01-01 06:56:48.400 I/Gecko   (   81): 1325419008405	Marionette	INFO	Switched to frame: {"frameValue":null}
01-01 06:56:48.510 I/Gecko   (   81): 1325419008517	Marionette	INFO	sendToClient: {"from":"0","ok":true}, {afb9d668-be3d-4cbe-ba35-ef582fcf2f53}, {afb9d668-be3d-4cbe-ba35-ef582fcf2f53}
01-01 06:56:48.550 I/Gecko   (   81): 1325419008561	Marionette	DEBUG	Got request: executeWithCallback, data: {"to":"0","sessionId":"3-b2g","name":"executeAsyncScript","parameters":{"specialPowers":false,"scriptTimeout":60000,"newSandbox":true,"args":[],"filename":"app_checker.py","script":"\n        GaiaApps.locateWithManifestURL('https://marketplace.firefox.com/app/a5cbd901-a1ae-4297-86c3-1f611f657380/manifest.webapp',\n                                       null,\n                                       function uninstall(app) {\n                                       navigator.mozApps.mgmt.uninstall(app);\n                                       marionetteScriptFinished(true);\n                                       });\n        ","line":129}}, id: {b8540122-a3f1-4a08-8fd4-5c216d8d69bb}
01-01 06:56:48.580 I/Gecko   (   81): 1325419008587	Marionette	INFO	sendToClient: {"from":"0","error":{"message":"TypeError: app is null","status":17,"stacktrace":"execute_async_script @app_checker.py, line 129\ninline javascript, line 221\nsrc: \"      appName = app.manifest.name;\""}}, {b8540122-a3f1-4a08-8fd4-5c216d8d69bb}, {b8540122-a3f1-4a08-8fd4-5c216d8d69bb}