--------- beginning of /dev/log/main
04-27 23:17:04.448 I/Gecko   (   83): 1398665824466	Marionette	INFO	sendToClient: {"from":"0","ok":true}, {1455ac60-72ed-46bd-83be-363cca96d5ce}, {1455ac60-72ed-46bd-83be-363cca96d5ce}
04-27 23:17:04.488 I/Gecko   (   83): 1398665824501	Marionette	DEBUG	Got request: switchToFrame, data: {"to":"0","sessionId":"3-b2g","name":"switchToFrame","parameters":{"id":null,"focus":true}}, id: {e7b08420-57e7-425f-99c5-e966b2cc5a35}
04-27 23:17:04.498 I/Gecko   (   83): 1398665824511	Marionette	INFO	Switched to frame: {"frameValue":null}
04-27 23:17:04.608 I/Gecko   (   83): 1398665824619	Marionette	INFO	sendToClient: {"from":"0","ok":true}, {e7b08420-57e7-425f-99c5-e966b2cc5a35}, {e7b08420-57e7-425f-99c5-e966b2cc5a35}
04-27 23:17:04.608 I/Gecko   (   83): 1398665824627	Marionette	DEBUG	Got request: executeWithCallback, data: {"to":"0","sessionId":"3-b2g","name":"executeAsyncScript","parameters":{"specialPowers":false,"scriptTimeout":null,"newSandbox":true,"args":[],"filename":"gaia_test.py","script":"return GaiaApps.displayedApp();","line":66}}, id: {d6fc8138-487d-4614-bc99-9954571b26a4}
04-27 23:17:04.678 I/Gecko   (   83): 1398665824696	Marionette	INFO	sendToClient: {"from":"0","value":{"frame":{"ELEMENT":"{d417099d-4f7d-49eb-8bda-5ee046891364}"},"src":"app://homescreen.gaiamobile.org/index.html#root","name":"Homescreen","origin":"app://homescreen.gaiamobile.org"}}, {d6fc8138-487d-4614-bc99-9954571b26a4}, {d6fc8138-487d-4614-bc99-9954571b26a4}
04-27 23:17:04.688 E/GeckoConsole(   83): Content JS LOG at dummy file:392 in GaiaApps.displayedApp: app with origin 'app://homescreen.gaiamobile.org' is displayed
04-27 23:17:04.698 I/Gecko   (   83): 1398665824711	Marionette	DEBUG	Got request: switchToFrame, data: {"to":"0","sessionId":"3-b2g","name":"switchToFrame","parameters":{"id":null,"focus":true}}, id: {f100e5df-9dc5-4bc2-9342-f420864756ad}
04-27 23:17:04.698 I/Gecko   (   83): 1398665824716	Marionette	INFO	Switched to frame: {"frameValue":null}
04-27 23:17:04.808 I/Gecko   (   83): 1398665824818	Marionette	INFO	sendToClient: {"from":"0","ok":true}, {f100e5df-9dc5-4bc2-9342-f420864756ad}, {f100e5df-9dc5-4bc2-9342-f420864756ad}
04-27 23:17:04.808 I/Gecko   (   83): 1398665824825	Marionette	DEBUG	Got request: switchToFrame, data: {"to":"0","sessionId":"3-b2g","name":"switchToFrame","parameters":{"id":null,"focus":true}}, id: {1bf07f81-48c4-4443-9b2d-9ef40b4b417a}
04-27 23:17:04.808 I/Gecko   (   83): 1398665824827	Marionette	INFO	Switched to frame: {"frameValue":null}
04-27 23:17:04.918 I/Gecko   (   83): 1398665824930	Marionette	INFO	sendToClient: {"from":"0","ok":true}, {1bf07f81-48c4-4443-9b2d-9ef40b4b417a}, {1bf07f81-48c4-4443-9b2d-9ef40b4b417a}
04-27 23:17:04.938 I/Gecko   (   83): 1398665824950	Marionette	DEBUG	Got request: executeWithCallback, data: {"to":"0","sessionId":"3-b2g","name":"executeAsyncScript","parameters":{"specialPowers":false,"scriptTimeout":null,"newSandbox":true,"args":[],"filename":"gaia_test.py","script":"return GaiaApps.displayedApp();","line":66}}, id: {f86d8c41-a891-4ccd-9838-d7edf8cf7bbf}
04-27 23:17:05.038 I/Gecko   (   83): 1398665825051	Marionette	INFO	sendToClient: {"from":"0","value":{"frame":{"ELEMENT":"{d417099d-4f7d-49eb-8bda-5ee046891364}"},"src":"app://homescreen.gaiamobile.org/index.html#root","name":"Homescreen","origin":"app://homescreen.gaiamobile.org"}}, {f86d8c41-a891-4ccd-9838-d7edf8cf7bbf}, {f86d8c41-a891-4ccd-9838-d7edf8cf7bbf}
04-27 23:17:05.058 E/GeckoConsole(   83): Content JS LOG at dummy file:392 in GaiaApps.displayedApp: app with origin 'app://homescreen.gaiamobile.org' is displayed
04-27 23:17:05.068 I/Gecko   (   83): 1398665825084	Marionette	DEBUG	Got request: switchToFrame, data: {"to":"0","sessionId":"3-b2g","name":"switchToFrame","parameters":{"focus":true,"element":"{d417099d-4f7d-49eb-8bda-5ee046891364}"}}, id: {e337223d-d1e9-4575-9d3f-74435b581d94}
04-27 23:17:05.098 I/Gecko   (   83): 1398665825114	Marionette	INFO	Switched to frame: {"frameValue":"{d417099d-4f7d-49eb-8bda-5ee046891364}"}
04-27 23:17:05.108 I/Gecko   (   83): 1398665825120	Marionette	INFO	trying remote frame 0
04-27 23:17:05.118 I/Gecko   (   83): 1398665825129	Marionette	INFO	trying remote frame 1
04-27 23:17:05.118 I/Gecko   (   83): 1398665825130	Marionette	INFO	trying remote frame 2
04-27 23:17:05.118 I/Gecko   (   83): 1398665825131	Marionette	INFO	deleting frame
04-27 23:17:05.118 I/Gecko   (   83): 1398665825135	Marionette	INFO	frame-manager load script: [object ChromeMessageSender]
04-27 23:17:05.488 I/Gecko   (   83): 1398665825507	Marionette	INFO	sendToClient: {"from":"0","ok":true}, {e337223d-d1e9-4575-9d3f-74435b581d94}, {e337223d-d1e9-4575-9d3f-74435b581d94}
04-27 23:17:05.588 I/Gecko   (   83): 1398665825605	Marionette	INFO	sendToClient: {"from":"0","value":{"ELEMENT":"{d0827c59-6866-42db-8f1a-e5cd79a8c45a}"}}, {5e997dd2-26b9-4683-b54e-1825d380cafc}, {5e997dd2-26b9-4683-b54e-1825d380cafc}
04-27 23:17:05.838 E/GeckoConsole( 1915): [JavaScript Warning: "Use of getAttributeNode() is deprecated. Use getAttribute() instead." {file: "chrome://marionette/content/atoms.js" line: 25}]
04-27 23:17:05.848 E/GeckoConsole( 1915): [JavaScript Warning: "Use of attributes' specified attribute is deprecated. It always returns true." {file: "chrome://marionette/content/atoms.js" line: 25}]
04-27 23:17:05.848 I/Gecko   (   83): 1398665825861	Marionette	INFO	sendToClient: {"from":"0","value":"normal"}, {d6e7caa9-7913-4230-9bd4-fe8c48c53515}, {d6e7caa9-7913-4230-9bd4-fe8c48c53515}
04-27 23:17:05.858 I/Gecko   (   83): 1398665825867	Marionette	DEBUG	Got request: switchToFrame, data: {"to":"0","sessionId":"3-b2g","name":"switchToFrame","parameters":{"id":null,"focus":true}}, id: {9e51e23c-3a82-4d63-9729-51db9417fd1e}
04-27 23:17:05.878 I/Gecko   (   83): 1398665825890	Marionette	INFO	Switched to frame: {"frameValue":null}
04-27 23:17:05.988 I/Gecko   (   83): 1398665826001	Marionette	INFO	sendToClient: {"from":"0","ok":true}, {9e51e23c-3a82-4d63-9729-51db9417fd1e}, {9e51e23c-3a82-4d63-9729-51db9417fd1e}
04-27 23:17:05.998 I/Gecko   (   83): 1398665826010	Marionette	DEBUG	Got request: execute, data: {"to":"0","sessionId":"3-b2g","name":"executeScript","parameters":{"specialPowers":false,"scriptTimeout":null,"newSandbox":true,"args":[],"filename":"gaia_test.py","script":"window.wrappedJSObject.dispatchEvent(new Event('home'));","line":788}}, id: {2b93d300-ebb9-4545-b48e-ae97390f580a}
04-27 23:17:06.178 I/Gecko   (   83): 1398665826194	Marionette	INFO	sendToClient: {"from":"0","value":null}, {2b93d300-ebb9-4545-b48e-ae97390f580a}, {2b93d300-ebb9-4545-b48e-ae97390f580a}
04-27 23:17:06.198 I/Gecko   (   83): 1398665826214	Marionette	DEBUG	Got request: switchToFrame, data: {"to":"0","sessionId":"3-b2g","name":"switchToFrame","parameters":{"id":null,"focus":true}}, id: {53d634e1-df9b-4258-8042-9d4fa6a192da}
04-27 23:17:06.208 I/Gecko   (   83): 1398665826220	Marionette	INFO	Switched to frame: {"frameValue":null}
04-27 23:17:06.318 I/Gecko   (   83): 1398665826330	Marionette	INFO	sendToClient: {"from":"0","ok":true}, {53d634e1-df9b-4258-8042-9d4fa6a192da}, {53d634e1-df9b-4258-8042-9d4fa6a192da}
04-27 23:17:06.318 I/Gecko   (   83): 1398665826337	Marionette	DEBUG	Got request: switchToFrame, data: {"to":"0","sessionId":"3-b2g","name":"switchToFrame","parameters":{"id":null,"focus":true}}, id: {0457d33c-24d1-4264-b909-b9d1beb2eae8}
04-27 23:17:06.328 I/Gecko   (   83): 1398665826339	Marionette	INFO	Switched to frame: {"frameValue":null}
04-27 23:17:06.438 I/Gecko   (   83): 1398665826450	Marionette	INFO	sendToClient: {"from":"0","ok":true}, {0457d33c-24d1-4264-b909-b9d1beb2eae8}, {0457d33c-24d1-4264-b909-b9d1beb2eae8}
04-27 23:17:06.438 I/Gecko   (   83): 1398665826456	Marionette	DEBUG	Got request: executeWithCallback, data: {"to":"0","sessionId":"3-b2g","name":"executeAsyncScript","parameters":{"specialPowers":false,"scriptTimeout":null,"newSandbox":true,"args":[],"filename":"gaia_test.py","script":"return GaiaApps.displayedApp();","line":66}}, id: {af6eb855-825c-4472-a386-3bb8f79bb00a}
04-27 23:17:06.518 I/Gecko   (   83): 1398665826533	Marionette	INFO	sendToClient: {"from":"0","value":{"frame":{"ELEMENT":"{d417099d-4f7d-49eb-8bda-5ee046891364}"},"src":"app://homescreen.gaiamobile.org/index.html#rootSun%20Apr%2027%202014%2023:17:06%20GMT-0700%20(UTC)","name":"Homescreen","origin":"app://homescreen.gaiamobile.org"}}, {af6eb855-825c-4472-a386-3bb8f79bb00a}, {af6eb855-825c-4472-a386-3bb8f79bb00a}
04-27 23:17:06.528 E/GeckoConsole(   83): Content JS LOG at dummy file:392 in GaiaApps.displayedApp: app with origin 'app://homescreen.gaiamobile.org' is displayed
04-27 23:17:06.538 I/Gecko   (   83): 1398665826552	Marionette	DEBUG	Got request: switchToFrame, data: {"to":"0","sessionId":"3-b2g","name":"switchToFrame","parameters":{"focus":true,"element":"{d417099d-4f7d-49eb-8bda-5ee046891364}"}}, id: {f2ab26d6-b1c4-4970-b3cf-803675912c4a}
04-27 23:17:06.548 I/Gecko   (   83): 1398665826562	Marionette	INFO	Switched to frame: {"frameValue":"{d417099d-4f7d-49eb-8bda-5ee046891364}"}
04-27 23:17:06.558 I/Gecko   (   83): 1398665826570	Marionette	INFO	trying remote frame 0
04-27 23:17:06.558 I/Gecko   (   83): 1398665826573	Marionette	INFO	trying remote frame 1
04-27 23:17:06.558 I/Gecko   (   83): 1398665826574	Marionette	INFO	trying remote frame 2
04-27 23:17:06.688 I/Gecko   (   83): 1398665826704	Marionette	INFO	sendToClient: {"from":"0","ok":true}, {f2ab26d6-b1c4-4970-b3cf-803675912c4a}, {f2ab26d6-b1c4-4970-b3cf-803675912c4a}
04-27 23:17:06.698 I/Gecko   (   83): 1398665826711	Marionette	DEBUG	Got request: execute, data: {"to":"0","sessionId":"3-b2g","name":"executeScript","parameters":{"specialPowers":false,"scriptTimeout":null,"newSandbox":true,"args":[],"filename":"gaia_test.py","script":"return window.wrappedJSObject.GridManager.pageHelper.getCurrentPageNumber();","line":784}}, id: {796ee42a-8821-486c-ac3a-cffa7135a32b}
04-27 23:17:06.768 I/Gecko   (   83): 1398665826786	Marionette	INFO	sendToClient: {"from":"0","value":0}, {796ee42a-8821-486c-ac3a-cffa7135a32b}, {796ee42a-8821-486c-ac3a-cffa7135a32b}
04-27 23:17:07.108 I/Gecko   (   83): 1398665827120	Marionette	INFO	sendToClient: {"from":"0","value":["{847d4b30-acfb-4361-8928-b848c0f9fa89}","{3d72664b-b681-4c87-8431-fb1502f90d7b}","{70da657d-d1c3-4fbe-84ba-7f0dae87162c}","{2eeaae8b-d2ef-44e7-b76b-aff9e53f2e6c}","{5047310f-81e8-48b5-9008-7b5e2cb1650d}","{0e517ea9-6c1f-453a-b791-7256d724ea04}","{356ef929-970c-435f-b2a1-72c7231548eb}","{c8be3362-b31f-46e9-867e-94fa6f04c3db}","{1f8502eb-d249-4703-9840-7ae8d5798222}","{1f72aedc-ff9d-4a3f-b4bd-06e44d328611}","{b7253c5d-5be9-4233-ba3d-afd419fddda3}","{e979f40c-2f6b-4993-986c-5612afc8aba9}","{34a5f0c1-7c76-4582-937b-da6b9a6e9faf}","{13a4956d-191f-43c1-adbb-d494d29f26ce}","{a299b167-7238-417f-b661-2f38c14cc8d0}","{ca984d0a-9349-4069-b69f-d86c3c5762c0}","{ef7bb15f-1caa-4566-ad9d-20111026f6be}","{d1a05484-32d1-45b4-a53f-2eba775d5e30}","{d1239858-12de-42c7-a851-3b1bcb6f28a8}","{a4d127af-a648-4795-a9a1-0c765895c5d1}","{e4b24f87-eca4-4412-a25d-cf2d3c2d0d55}","{833a19e0-cd51-4202-87af-fe72a0055028}","{a141f859-7b88-408e-b4aa-e5f7785baeed}","{adaa0e44-6e08
04-27 23:17:08.738 V/AudioPolicyManagerBase(   88): startOutput() output 1, stream 1, session 5
04-27 23:17:08.738 V/AudioPolicyManagerBase(   88): changeRefCount() stream 1, count 1
04-27 23:17:08.738 V/AudioPolicyManagerBase(   88): getDeviceForStrategy() from cache strategy 0, device 2
04-27 23:17:08.738 V/AudioPolicyManagerBase(   88): getNewDevice() selected device 2
04-27 23:17:08.738 D/AudioPolicyManagerBase(   88): setOutputDevice() output 1 device 2 delayMs 0
04-27 23:17:08.738 V/AudioPolicyManagerBase(   88): setOutputDevice() setting same device 2 or null device for output 1
04-27 23:17:08.738 E/AudioPolicyManagerBase(   88): checkAndSetVolume stream=1, index=0, output=1, device=2
04-27 23:17:08.738 E/AudioPolicyManagerBase(   88): computeVolume, streamDesc=0x1a2cbb8
04-27 23:17:08.748 W/WifiHW  (   83): wifi_command: SIGNAL_POLL
04-27 23:17:08.808 W/AudioFlinger(   88): Thread AudioOut_1 cannot connect to the power manager service
04-27 23:17:08.808 V/AudioPolicyManagerBase(   88): stopOutput() output 1, stream 1, session 5
04-27 23:17:08.808 V/AudioPolicyManagerBase(   88): changeRefCount() stream 1, count 0
04-27 23:17:08.808 V/AudioPolicyManagerBase(   88): getNewDevice() selected device 0
04-27 23:17:08.808 D/AudioPolicyManagerBase(   88): setOutputDevice() output 1 device 0 delayMs 290
04-27 23:17:08.808 V/AudioPolicyManagerBase(   88): setOutputDevice() setting same device 0 or null device for output 1
04-27 23:17:08.818 V/AudioPolicyManagerBase(   88): startOutput() output 1, stream 1, session 5
04-27 23:17:08.818 V/AudioPolicyManagerBase(   88): changeRefCount() stream 1, count 1
04-27 23:17:08.818 V/AudioPolicyManagerBase(   88): getDeviceForStrategy() from cache strategy 0, device 2
04-27 23:17:08.818 V/AudioPolicyManagerBase(   88): getNewDevice() selected device 2
04-27 23:17:08.818 D/AudioPolicyManagerBase(   88): setOutputDevice() output 1 device 2 delayMs 0
04-27 23:17:08.818 V/AudioPolicyManagerBase(   88): setOutputDevice() setting same device 2 or null device for output 1
04-27 23:17:08.818 E/AudioPolicyManagerBase(   88): checkAndSetVolume stream=1, index=0, output=1, device=2
04-27 23:17:08.818 E/AudioPolicyManagerBase(   88): computeVolume, streamDesc=0x1a2cbb8
04-27 23:17:08.818 V/AudioPolicyManagerBase(   88): stopOutput() output 1, stream 1, session 5
04-27 23:17:08.818 V/AudioPolicyManagerBase(   88): changeRefCount() stream 1, count 0
04-27 23:17:08.818 V/AudioPolicyManagerBase(   88): getNewDevice() selected device 0
04-27 23:17:08.818 D/AudioPolicyManagerBase(   88): setOutputDevice() output 1 device 0 delayMs 290
04-27 23:17:08.818 V/AudioPolicyManagerBase(   88): setOutputDevice() setting same device 0 or null device for output 1
04-27 23:17:08.828 V/AudioPolicyManagerBase(   88): releaseOutput() 1
04-27 23:17:09.088 D/Sensors (   83): SensorTMD2771::readEvents()======data_fd=53,count=16
04-27 23:17:09.088 D/Sensors (   83): SensorTMD2771::processEvent()=====code=40::value=4 
04-27 23:17:09.088 D/Sensors (   83): SensorTMD2771: mPendingEvents[Light].light = 4.000000
04-27 23:17:09.128 I/Gecko   (   83): 1398665829140	Marionette	INFO	sendToClient: {"from":"0","value":"app://homescreen.gaiamobile.org/index.html#rootSun%20Apr%2027%202014%2023:17:06%20GMT-0700%20(UTC)"}, {65df6502-6132-45c9-bfc5-85766f2b1028}, {65df6502-6132-45c9-bfc5-85766f2b1028}
04-27 23:17:09.158 E/GeckoConsole( 1915): Content JS WARN at app://homescreen.gaiamobile.org/gaia_build_defer_index.js:184 in isHiddenApp: Unexpected role when checking hidden app: undefined
04-27 23:17:09.158 I/Gecko   (   83): 1398665829169	Marionette	DEBUG	Got request: switchToFrame, data: {"to":"0","sessionId":"3-b2g","name":"switchToFrame","parameters":{"id":null,"focus":true}}, id: {9a813f97-411c-4dcc-aa7a-24c0ae12e88d}
04-27 23:17:09.158 E/GeckoConsole( 1915): Content JS WARN at app://homescreen.gaiamobile.org/gaia_build_defer_index.js:184 in isHiddenApp: Unexpected role when checking hidden app: undefined
04-27 23:17:09.158 E/GeckoConsole( 1915): Content JS WARN at app://homescreen.gaiamobile.org/gaia_build_defer_index.js:184 in isHiddenApp: Unexpected role when checking hidden app: undefined
04-27 23:17:09.158 E/GeckoConsole( 1915): Content JS WARN at app://homescreen.gaiamobile.org/gaia_build_defer_index.js:184 in isHiddenApp: Unexpected role when checking hidden app: undefined
04-27 23:17:09.158 E/GeckoConsole( 1915): Content JS WARN at app://homescreen.gaiamobile.org/gaia_build_defer_index.js:184 in isHiddenApp: Unexpected role when checking hidden app: undefined
04-27 23:17:09.168 E/GeckoConsole( 1915): Content JS WARN at app://homescreen.gaiamobile.org/gaia_build_defer_index.js:184 in isHiddenApp: Unexpected role when checking hidden app: undefined
04-27 23:17:09.168 E/GeckoConsole( 1915): Content JS WARN at app://homescreen.gaiamobile.org/gaia_build_defer_index.js:184 in isHiddenApp: Unexpected role when checking hidden app: undefined
04-27 23:17:09.168 E/GeckoConsole( 1915): Content JS WARN at app://homescreen.gaiamobile.org/gaia_build_defer_index.js:184 in isHiddenApp: Unexpected role when checking hidden app: undefined
04-27 23:17:09.168 E/GeckoConsole( 1915): Content JS WARN at app://homescreen.gaiamobile.org/gaia_build_defer_index.js:184 in isHiddenApp: Unexpected role when checking hidden app: undefined
04-27 23:17:09.178 E/GeckoConsole( 1915): Content JS WARN at app://homescreen.gaiamobile.org/gaia_build_defer_index.js:184 in isHiddenApp: Unexpected role when checking hidden app: undefined
04-27 23:17:09.178 E/GeckoConsole( 1915): Content JS WARN at app://homescreen.gaiamobile.org/gaia_build_defer_index.js:184 in isHiddenApp: Unexpected role when checking hidden app: undefined
04-27 23:17:09.178 E/GeckoConsole( 1915): Content JS WARN at app://homescreen.gaiamobile.org/gaia_build_defer_index.js:184 in isHiddenApp: Unexpected role when checking hidden app: undefined
04-27 23:17:09.178 E/GeckoConsole( 1915): Content JS WARN at app://homescreen.gaiamobile.org/gaia_build_defer_index.js:184 in isHiddenApp: Unexpected role when checking hidden app: undefined
04-27 23:17:09.188 E/GeckoConsole( 1915): Content JS WARN at app://homescreen.gaiamobile.org/gaia_build_defer_index.js:184 in isHiddenApp: Unexpected role when checking hidden app: undefined
04-27 23:17:09.188 E/GeckoConsole( 1915): Content JS WARN at app://homescreen.gaiamobile.org/gaia_build_defer_index.js:184 in isHiddenApp: Unexpected role when checking hidden app: undefined
04-27 23:17:09.188 E/GeckoConsole( 1915): Content JS WARN at app://homescreen.gaiamobile.org/gaia_build_defer_index.js:184 in isHiddenApp: Unexpected role when checking hidden app: undefined
04-27 23:17:09.188 I/Gecko   (   83): 1398665829201	Marionette	INFO	Switched to frame: {"frameValue":null}
04-27 23:17:09.188 E/GeckoConsole( 1915): Content JS WARN at app://homescreen.gaiamobile.org/gaia_build_defer_index.js:184 in isHiddenApp: Unexpected role when checking hidden app: undefined
04-27 23:17:09.188 E/GeckoConsole( 1915): Content JS WARN at app://homescreen.gaiamobile.org/gaia_build_defer_index.js:184 in isHiddenApp: Unexpected role when checking hidden app: undefined
04-27 23:17:09.198 E/GeckoConsole( 1915): Content JS WARN at app://homescreen.gaiamobile.org/gaia_build_defer_index.js:184 in isHiddenApp: Unexpected role when checking hidden app: undefined
04-27 23:17:09.198 E/GeckoConsole( 1915): Content JS WARN at app://homescreen.gaiamobile.org/gaia_build_defer_index.js:184 in isHiddenApp: Unexpected role when checking hidden app: undefined
04-27 23:17:09.198 E/GeckoConsole( 1915): Content JS WARN at app://homescreen.gaiamobile.org/gaia_build_defer_index.js:184 in isHiddenApp: Unexpected role when checking hidden app: undefined
04-27 23:17:09.198 E/GeckoConsole( 1915): Content JS WARN at app://homescreen.gaiamobile.org/gaia_build_defer_index.js:184 in isHiddenApp: Unexpected role when checking hidden app: undefined
04-27 23:17:09.198 E/GeckoConsole( 1915): Content JS WARN at app://homescreen.gaiamobile.org/gaia_build_defer_index.js:184 in isHiddenApp: Unexpected role when checking hidden app: undefined
04-27 23:17:09.198 E/GeckoConsole( 1915): Content JS WARN at app://homescreen.gaiamobile.org/gaia_build_defer_index.js:184 in isHiddenApp: Unexpected role when checking hidden app: undefined
04-27 23:17:09.198 E/GeckoConsole( 1915): Content JS WARN at app://homescreen.gaiamobile.org/gaia_build_defer_index.js:184 in isHiddenApp: Unexpected role when checking hidden app: undefined
04-27 23:17:09.198 E/GeckoConsole( 1915): Content JS WARN at app://homescreen.gaiamobile.org/gaia_build_defer_index.js:184 in isHiddenApp: Unexpected role when checking hidden app: undefined
04-27 23:17:09.198 E/GeckoConsole( 1915): Content JS WARN at app://homescreen.gaiamobile.org/gaia_build_defer_index.js:184 in isHiddenApp: Unexpected role when checking hidden app: undefined
04-27 23:17:09.198 E/GeckoConsole( 1915): Content JS WARN at app://homescreen.gaiamobile.org/gaia_build_defer_index.js:184 in isHiddenApp: Unexpected role when checking hidden app: undefined
04-27 23:17:09.198 E/GeckoConsole( 1915): Content JS WARN at app://homescreen.gaiamobile.org/gaia_build_defer_index.js:184 in isHiddenApp: Unexpected role when checking hidden app: undefined
04-27 23:17:09.198 E/GeckoConsole( 1915): Content JS WARN at app://homescreen.gaiamobile.org/gaia_build_defer_index.js:184 in isHiddenApp: Unexpected role when checking hidden app: undefined
04-27 23:17:09.198 E/GeckoConsole( 1915): Content JS WARN at app://homescreen.gaiamobile.org/gaia_build_defer_index.js:184 in isHiddenApp: Unexpected role when checking hidden app: undefined
04-27 23:17:09.198 E/GeckoConsole( 1915): Content JS WARN at app://homescreen.gaiamobile.org/gaia_build_defer_index.js:184 in isHiddenApp: Unexpected role when checking hidden app: undefined
04-27 23:17:09.208 E/GeckoConsole( 1915): Content JS WARN at app://homescreen.gaiamobile.org/gaia_build_defer_index.js:184 in isHiddenApp: Unexpected role when checking hidden app: undefined
04-27 23:17:09.208 E/GeckoConsole( 1915): Content JS WARN at app://homescreen.gaiamobile.org/gaia_build_defer_index.js:184 in isHiddenApp: Unexpected role when checking hidden app: undefined
04-27 23:17:09.208 E/GeckoConsole( 1915): Content JS WARN at app://homescreen.gaiamobile.org/gaia_build_defer_index.js:184 in isHiddenApp: Unexpected role when checking hidden app: undefined
04-27 23:17:09.208 E/GeckoConsole( 1915): Content JS WARN at app://homescreen.gaiamobile.org/gaia_build_defer_index.js:184 in isHiddenApp: Unexpected role when checking hidden app: undefined
04-27 23:17:09.208 E/GeckoConsole( 1915): Content JS WARN at app://homescreen.gaiamobile.org/gaia_build_defer_index.js:184 in isHiddenApp: Unexpected role when checking hidden app: undefined
04-27 23:17:09.208 E/GeckoConsole( 1915): Content JS WARN at app://homescreen.gaiamobile.org/gaia_build_defer_index.js:184 in isHiddenApp: Unexpected role when checking hidden app: undefined
04-27 23:17:09.208 E/GeckoConsole( 1915): Content JS WARN at app://homescreen.gaiamobile.org/gaia_build_defer_index.js:184 in isHiddenApp: Unexpected role when checking hidden app: undefined
04-27 23:17:09.298 I/Gecko   (   83): 1398665829309	Marionette	INFO	sendToClient: {"from":"0","ok":true}, {9a813f97-411c-4dcc-aa7a-24c0ae12e88d}, {9a813f97-411c-4dcc-aa7a-24c0ae12e88d}
04-27 23:17:09.298 I/Gecko   (   83): 1398665829315	Marionette	DEBUG	Got request: switchToFrame, data: {"to":"0","sessionId":"3-b2g","name":"switchToFrame","parameters":{"id":null,"focus":true}}, id: {103cbf16-78a0-4bf8-9095-67fb6ea78864}
04-27 23:17:09.298 I/Gecko   (   83): 1398665829317	Marionette	INFO	Switched to frame: {"frameValue":null}
04-27 23:17:09.408 I/Gecko   (   83): 1398665829419	Marionette	INFO	sendToClient: {"from":"0","ok":true}, {103cbf16-78a0-4bf8-9095-67fb6ea78864}, {103cbf16-78a0-4bf8-9095-67fb6ea78864}
04-27 23:17:09.408 I/Gecko   (   83): 1398665829426	Marionette	DEBUG	Got request: executeWithCallback, data: {"to":"0","sessionId":"3-b2g","name":"executeAsyncScript","parameters":{"specialPowers":false,"scriptTimeout":30000,"newSandbox":true,"args":[],"filename":"app_checker.py","script":"GaiaApps.launchWithManifestURL('https://marketplace.firefox.com/app/753c8b84-dc62-427c-8bf7-8c2d127a380e/manifest.webapp')","line":106}}, id: {610614c5-ec67-45de-8dc6-fecfc1a6bd42}
04-27 23:17:09.678 I/Gonk    (   83): Setting nice for pid 1939 to 18
04-27 23:17:09.678 I/Gonk    (   83): Changed nice for pid 1939 from 18 to 18.
04-27 23:17:09.678 I/Gecko   (   83): [Parent 83] WARNING: waitpid failed pid:1939 errno:10: file ../../../gecko/ipc/chromium/src/base/process_util_posix.cc, line 254
04-27 23:17:09.718 I/Gonk    (   83): Setting nice for pid 1939 to 1
04-27 23:17:09.728 I/Gonk    (   83): Changed nice for pid 1939 from 18 to 1.
04-27 23:17:09.918 E/GeckoConsole(   83): Content JS LOG at dummy file:334 in GaiaApps.launch: launching app with name '1LineMemo'
04-27 23:17:10.108 E/[Gralloc-ERROR](   83): int gralloc_register_buffer(const gralloc_module_t*, const native_handle_t*):79 Unable to register handle 0x49530470 coming from different process: 83
04-27 23:17:10.138 E/[Gralloc-ERROR](   83): int gralloc_register_buffer(const gralloc_module_t*, const native_handle_t*):79 Unable to register handle 0x49530560 coming from different process: 83
04-27 23:17:10.158 E/[Gralloc-ERROR](   83): int gralloc_register_buffer(const gralloc_module_t*, const native_handle_t*):79 Unable to register handle 0x49530600 coming from different process: 83
04-27 23:17:10.158 E/[Gralloc-ERROR](   83): int gralloc_register_buffer(const gralloc_module_t*, const native_handle_t*):79 Unable to register handle 0x49530740 coming from different process: 83
04-27 23:17:10.308 I/Gonk    (   83): Setting nice for pid 1992 to 18
04-27 23:17:10.308 I/Gonk    (   83): Changed nice for pid 1992 from 0 to 18.
04-27 23:17:10.338 D/Sensors (   83): activate handle=0; drv=0
04-27 23:17:10.338 D/Sensors (   83): Lis3dhSensor: Control set 1
04-27 23:17:10.338 D/Sensors (   83): Lis3dhSensor: mEnabled = 1
04-27 23:17:10.438 I/Gonk    (   83): Setting nice for pid 1915 to 18
04-27 23:17:10.438 I/Gonk    (   83): Changed nice for pid 1915 from 1 to 18.
04-27 23:17:10.948 I/Gecko   (   83): 
04-27 23:17:10.948 I/Gecko   (   83): ###!!! [Parent][MessageChannel] Error: Channel error: cannot send/recv
04-27 23:17:10.948 I/Gecko   (   83): 
04-27 23:17:11.028 I/GeckoDump(   83): Crash reporter : Can't fetch app.reportCrashes. Exception: [Exception... "Component returned failure code: 0x8000ffff (NS_ERROR_UNEXPECTED) [nsIPrefBranch.getBoolPref]"  nsresult: "0x8000ffff (NS_ERROR_UNEXPECTED)"  location: "JS frame :: chrome://browser/content/shell.js :: shell_reportCrash :: line 7"  data: no]
04-27 23:17:11.038 I/Gecko   (   83): [Parent 83] WARNING: waitpid failed pid:1915 errno:10: file ../../../gecko/ipc/chromium/src/base/process_util_posix.cc, line 254
04-27 23:17:11.488 I/Gecko   ( 1939): ###################################### forms.js loaded
04-27 23:17:11.518 I/Gecko   ( 1939): ############################### browserElementPanning.js loaded
04-27 23:17:11.538 I/Gecko   ( 1939): ######################## BrowserElementChildPreload.js loaded
04-27 23:17:11.778 D/Sensors (   83): SensorTMD2771::readEvents()======data_fd=53,count=16
04-27 23:17:11.778 D/Sensors (   83): SensorTMD2771::processEvent()=====code=40::value=3 
04-27 23:17:11.778 D/Sensors (   83): SensorTMD2771: mPendingEvents[Light].light = 3.000000
04-27 23:17:13.048 I/Gecko   (   83): [Parent 83] WARNING: waitpid failed pid:1915 errno:10: file ../../../gecko/ipc/chromium/src/base/process_util_posix.cc, line 254
04-27 23:17:13.048 I/Gecko   (   83): [Parent 83] WARNING: Failed to deliver SIGKILL to 1915!(3).: file ../../../gecko/ipc/chromium/src/chrome/common/process_watcher_posix_sigchld.cc, line 118
04-27 23:17:13.948 W/WifiHW  (   83): wifi_command: SIGNAL_POLL
04-27 23:17:14.108 D/Sensors (   83): SensorTMD2771::readEvents()======data_fd=53,count=16
04-27 23:17:14.108 D/Sensors (   83): SensorTMD2771::processEvent()=====code=40::value=2 
04-27 23:17:14.108 D/Sensors (   83): SensorTMD2771: mPendingEvents[Light].light = 2.000000
04-27 23:17:15.378 I/Gonk    (   83): Setting nice for pid 1992 to 18
04-27 23:17:15.378 I/Gonk    (   83): Changed nice for pid 1992 from 18 to 18.
04-27 23:17:15.378 I/Gecko   (   83): [Parent 83] WARNING: waitpid failed pid:1992 errno:10: file ../../../gecko/ipc/chromium/src/base/process_util_posix.cc, line 254
04-27 23:17:15.398 I/Gonk    (   83): Setting nice for pid 1992 to 1
04-27 23:17:15.398 I/Gonk    (   83): Changed nice for pid 1992 from 18 to 1.
04-27 23:17:15.398 I/Gonk    (   83): Setting nice for pid 1992 to 18
04-27 23:17:15.398 I/Gonk    (   83): Changed nice for pid 1992 from 1 to 18.
04-27 23:17:15.728 E/[Gralloc-ERROR](   83): int gralloc_unregister_buffer(const gralloc_module_t*, const native_handle_t*):274 Trying to unregister buffer 0x49530470 from process 83 that was not created in current process: 83
04-27 23:17:15.728 I/Gecko   (   83): 1398665835740	Marionette	INFO	sendToClient: {"from":"0","value":{"frame":{"ELEMENT":"{fc8efebb-0abd-4e9c-a6ff-2940e8c4d9a0}"},"src":"app://{d2bd7a99-25f7-48b5-b7b2-3a299d311056}/index.html","name":"1LineMemo","origin":"app://{d2bd7a99-25f7-48b5-b7b2-3a299d311056}"}}, {610614c5-ec67-45de-8dc6-fecfc1a6bd42}, {610614c5-ec67-45de-8dc6-fecfc1a6bd42}
04-27 23:17:15.728 E/GeckoConsole(   83): Content JS LOG at dummy file:326 in GaiaApps.launch/appOpen/<: app with origin 'app://{d2bd7a99-25f7-48b5-b7b2-3a299d311056}' has launched
04-27 23:17:15.758 E/[Gralloc-ERROR](   83): int gralloc_unregister_buffer(const gralloc_module_t*, const native_handle_t*):274 Trying to unregister buffer 0x49530560 from process 83 that was not created in current process: 83
04-27 23:17:15.758 E/[Gralloc-ERROR](   83): int gralloc_unregister_buffer(const gralloc_module_t*, const native_handle_t*):274 Trying to unregister buffer 0x49530740 from process 83 that was not created in current process: 83
04-27 23:17:15.768 E/[Gralloc-ERROR](   83): int gralloc_unregister_buffer(const gralloc_module_t*, const native_handle_t*):274 Trying to unregister buffer 0x49530600 from process 83 that was not created in current process: 83
04-27 23:17:15.768 I/Gecko   (   83): 1398665835785	Marionette	DEBUG	Got request: switchToFrame, data: {"to":"0","sessionId":"3-b2g","name":"switchToFrame","parameters":{"focus":true,"element":"{fc8efebb-0abd-4e9c-a6ff-2940e8c4d9a0}"}}, id: {282a9cb2-b13f-42b7-acb1-4376af4ab27e}
04-27 23:17:15.788 I/Gecko   (   83): 1398665835799	Marionette	INFO	Switched to frame: {"frameValue":"{fc8efebb-0abd-4e9c-a6ff-2940e8c4d9a0}"}
04-27 23:17:15.788 I/Gecko   (   83): 1398665835802	Marionette	INFO	trying remote frame 0
04-27 23:17:15.788 I/Gecko   (   83): 1398665835803	Marionette	INFO	trying remote frame 1
04-27 23:17:15.788 I/Gecko   (   83): 1398665835804	Marionette	INFO	trying remote frame 2
04-27 23:17:15.818 I/Gecko   (   83): 1398665835833	Marionette	INFO	deleting frame
04-27 23:17:15.838 I/Gecko   (   83): 1398665835852	Marionette	INFO	frame-manager load script: [object ChromeMessageSender]
04-27 23:17:16.578 I/Gecko   (   83): 1398665836587	Marionette	INFO	sendToClient: {"from":"0","ok":true}, {282a9cb2-b13f-42b7-acb1-4376af4ab27e}, {282a9cb2-b13f-42b7-acb1-4376af4ab27e}
04-27 23:17:16.848 I/Gecko   (   83): 1398665836866	Marionette	INFO	sendToClient: {"from":"0","value":"app://{d2bd7a99-25f7-48b5-b7b2-3a299d311056}/index.html"}, {53370cef-de6d-42f9-a9c0-5f66664aca45}, {53370cef-de6d-42f9-a9c0-5f66664aca45}
04-27 23:17:16.888 I/Gecko   (   83): 1398665836907	Marionette	DEBUG	Got request: execute, data: {"to":"0","sessionId":"3-b2g","name":"executeScript","parameters":{"specialPowers":false,"scriptTimeout":null,"newSandbox":true,"args":[],"filename":"app_checker.py","script":"return window.document.readyState;","line":191}}, id: {b2003a9e-c4ea-4db7-92d5-bd04b074c636}
04-27 23:17:16.958 I/Gecko   (   83): 1398665836969	Marionette	INFO	sendToClient: {"from":"0","value":"complete"}, {b2003a9e-c4ea-4db7-92d5-bd04b074c636}, {b2003a9e-c4ea-4db7-92d5-bd04b074c636}
04-27 23:17:16.998 I/Gecko   (   83): 1398665837010	Marionette	INFO	sendToClient: {"from":"0","value":"app://{d2bd7a99-25f7-48b5-b7b2-3a299d311056}/index.html"}, {570493e6-78e9-4f9d-a4f5-55f5fd8ff2f3}, {570493e6-78e9-4f9d-a4f5-55f5fd8ff2f3}
04-27 23:17:17.178 I/Gecko   ( 1939): Attempting load of libEGL.so
04-27 23:17:17.318 D/libEGL  ( 1939): loaded /system/lib/egl/libEGL_mali.so
04-27 23:17:17.348 D/libEGL  ( 1939): loaded /system/lib/egl/libGLESv1_CM_mali.so
04-27 23:17:17.358 D/libEGL  ( 1939): loaded /system/lib/egl/libGLESv2_mali.so
04-27 23:17:17.398 I/Gecko   ( 1939): SharedSurface_Gralloc::Create -------
04-27 23:17:17.658 I/Gecko   ( 1939): SharedSurface_Gralloc::Create: success -- surface 0x44085d40, GraphicBuffer 0x432df780.
04-27 23:17:17.788 I/log     ( 2013): <4>0[ 810.208856] select 1992 ((Preallocated a), adj 8, size 3008, to kill 
04-27 23:17:18.468 E/[Gralloc-ERROR](   83): int gralloc_register_buffer(const gralloc_module_t*, const native_handle_t*):79 Unable to register handle 0x45ec0ba0 coming from different process: 83
04-27 23:17:18.508 E/[Gralloc-ERROR](   83): int gralloc_register_buffer(const gralloc_module_t*, const native_handle_t*):79 Unable to register handle 0x45ec6740 coming from different process: 83
04-27 23:17:18.568 E/[Gralloc-ERROR](   83): int gralloc_register_buffer(const gralloc_module_t*, const native_handle_t*):79 Unable to register handle 0x45ec6d30 coming from different process: 83
04-27 23:17:18.568 E/[Gralloc-ERROR](   83): int gralloc_register_buffer(const gralloc_module_t*, const native_handle_t*):79 Unable to register handle 0x45fbf1f0 coming from different process: 83
04-27 23:17:18.698 E/[Gralloc-ERROR](   83): int gralloc_register_buffer(const gralloc_module_t*, const native_handle_t*):79 Unable to register handle 0x444f4420 coming from different process: 83
04-27 23:17:18.728 E/[Gralloc-ERROR](   83): int gralloc_register_buffer(const gralloc_module_t*, const native_handle_t*):79 Unable to register handle 0x444f8560 coming from different process: 83
04-27 23:17:18.958 I/Gecko   (   83): 
04-27 23:17:18.958 I/Gecko   (   83): ###!!! [Parent][MessageChannel] Error: Channel error: cannot send/recv
04-27 23:17:18.958 I/Gecko   (   83): 
04-27 23:17:19.118 I/GeckoDump(   83): Crash reporter : Can't fetch app.reportCrashes. Exception: [Exception... "Component returned failure code: 0x8000ffff (NS_ERROR_UNEXPECTED) [nsIPrefBranch.getBoolPref]"  nsresult: "0x8000ffff (NS_ERROR_UNEXPECTED)"  location: "JS frame :: chrome://browser/content/shell.js :: shell_reportCrash :: line 7"  data: no]
04-27 23:17:19.118 W/WifiHW  (   83): wifi_command: SIGNAL_POLL
04-27 23:17:19.138 E/[Gralloc-ERROR](   83): int gralloc_unregister_buffer(const gralloc_module_t*, const native_handle_t*):274 Trying to unregister buffer 0x45ec6740 from process 83 that was not created in current process: 83
04-27 23:17:19.138 E/[Gralloc-ERROR](   83): int gralloc_unregister_buffer(const gralloc_module_t*, const native_handle_t*):274 Trying to unregister buffer 0x45ec0ba0 from process 83 that was not created in current process: 83
04-27 23:17:19.228 I/Gecko   (   83): [Parent 83] WARNING: waitpid failed pid:1992 errno:10: file ../../../gecko/ipc/chromium/src/base/process_util_posix.cc, line 254
04-27 23:17:19.358 I/Gecko   (   83): 1398665839373	Marionette	INFO	sendToClient: {"from":"0","value":"iVBORw0KGgoAAAANSUhEUgAAAUAAAAHMCAYAAACk4nEJAAAgAElEQVR4nO3deZyN5f/H8WvGkl3ZsyUqS7TpW6pvy7fFXsmaSCjLiGihKCHLZIvsipIiu6IYqYQozChLITWlZMmSnZky798f8zv3nHvOmZlzzqxcr+vxeD4e3Oc+93rOe657OffHKD5GAGAjk90LAADZJegATIjbpPhTK3Tm6CydOjRNJw5O0vEDb+rYvlEAkCWOH3hTJw5O0qlD03Tm6GzFn1qhhLhNmReA58+t15mjs3R8/5hsX3kASO74/jE6c3SWzp9bl3EBmBC3UWf/nqtj+9/I9hUEgLQc3/+Gzh6bF1CPMNUAPH9unU4enJztKwQAwTp5cHKavcEUA/Dfs2t04sAEvxM+umekDmwdoT++fl17Vr2u3z6PVGwUAGSN3z6P1J5Vr+uPda/rwLYROrrHfwieODBe/55dE1wAnj+3TscPjPOZ2N9/jtK+mOH6dUX6V2D74kHa+OHL2b4hAWSO3Yv7a83gxprbvpqmNS2viY1K6Y26xTXygdC8Ube4JjUurWlNy2te+2paPbixdn3UX7FRkfp1RaT2xQzX33/6huDxA+N0/tz6wAIwIW6jTv411Wcih38eqT1fvZ4hG2bEc82VO3cuGWP08L036Jflw7J9ZwHIGD/O6a257atpVN0SIYddoEbVLaG57avpxzm9FRsVqT1fva7DP4/0PRz+a4oS4jamHYBnj833efPBbSMypNfnUbp4ERljHEsn9sj2nQYg/dYMfUhvNiiZ6cGX3Jv1S2jtsEcUG5XYGzy4fYRPjp09tiD1ADx/bp3P1d7DP490hd+a9/po1TsvaNU7L+j7BQOc4dNfe0JdW97t2PBhvxQ30jWVSjvhFxYWptUz+mTZDoqZ94prObu2vFsTXn7MZ7w+Heu7xunToV62f7iAnOyTXnU0Kl
04-27 23:17:19.738 I/Gecko   (   83): 1398665839756	Marionette	INFO	sendToClient: {"from":"0","ok":true}, {b51aff13-a3b8-4130-a813-9c5b782ee463}, {b51aff13-a3b8-4130-a813-9c5b782ee463}
04-27 23:17:19.808 I/Gecko   (   83): 1398665839819	Marionette	DEBUG	Got request: switchToFrame, data: {"to":"0","sessionId":"3-b2g","name":"switchToFrame","parameters":{"id":null,"focus":true}}, id: {43beedd7-f08b-4d17-a717-7b8ae7cde83a}
04-27 23:17:19.838 I/Gecko   (   83): 1398665839857	Marionette	INFO	Switched to frame: {"frameValue":null}
04-27 23:17:19.908 E/[Gralloc-ERROR](   83): int gralloc_register_buffer(const gralloc_module_t*, const native_handle_t*):79 Unable to register handle 0x44666d30 coming from different process: 83
04-27 23:17:19.938 E/[Gralloc-ERROR](   83): int gralloc_register_buffer(const gralloc_module_t*, const native_handle_t*):79 Unable to register handle 0x44677ba0 coming from different process: 83
04-27 23:17:19.988 E/[Gralloc-ERROR](   83): int gralloc_unregister_buffer(const gralloc_module_t*, const native_handle_t*):274 Trying to unregister buffer 0x45fbf1f0 from process 83 that was not created in current process: 83
04-27 23:17:19.988 E/[Gralloc-ERROR](   83): int gralloc_unregister_buffer(const gralloc_module_t*, const native_handle_t*):274 Trying to unregister buffer 0x45ec6d30 from process 83 that was not created in current process: 83
04-27 23:17:19.988 E/[Gralloc-ERROR](   83): int gralloc_unregister_buffer(const gralloc_module_t*, const native_handle_t*):274 Trying to unregister buffer 0x444f8560 from process 83 that was not created in current process: 83
04-27 23:17:19.988 E/[Gralloc-ERROR](   83): int gralloc_unregister_buffer(const gralloc_module_t*, const native_handle_t*):274 Trying to unregister buffer 0x444f4420 from process 83 that was not created in current process: 83
04-27 23:17:20.008 I/Gecko   (   83): 1398665840021	Marionette	INFO	sendToClient: {"from":"0","ok":true}, {43beedd7-f08b-4d17-a717-7b8ae7cde83a}, {43beedd7-f08b-4d17-a717-7b8ae7cde83a}
04-27 23:17:20.048 I/Gecko   (   83): 1398665840064	Marionette	DEBUG	Got request: executeWithCallback, data: {"to":"0","sessionId":"3-b2g","name":"executeAsyncScript","parameters":{"specialPowers":false,"scriptTimeout":null,"newSandbox":true,"args":[],"filename":"gaia_test.py","script":"return GaiaApps.displayedApp();","line":66}}, id: {37bee83c-9172-41dc-a517-2e138c635337}
04-27 23:17:20.168 E/GeckoConsole(   83): Content JS LOG at dummy file:392 in GaiaApps.displayedApp: app with origin 'app://{d2bd7a99-25f7-48b5-b7b2-3a299d311056}' is displayed
04-27 23:17:20.168 I/Gecko   (   83): 1398665840181	Marionette	INFO	sendToClient: {"from":"0","value":{"frame":{"ELEMENT":"{fc8efebb-0abd-4e9c-a6ff-2940e8c4d9a0}"},"src":"app://{d2bd7a99-25f7-48b5-b7b2-3a299d311056}/index.html","name":"1LineMemo","origin":"app://{d2bd7a99-25f7-48b5-b7b2-3a299d311056}"}}, {37bee83c-9172-41dc-a517-2e138c635337}, {37bee83c-9172-41dc-a517-2e138c635337}
04-27 23:17:20.218 I/Gecko   (   83): 1398665840229	Marionette	DEBUG	Got request: switchToFrame, data: {"to":"0","sessionId":"3-b2g","name":"switchToFrame","parameters":{"id":null,"focus":true}}, id: {5136605e-60c9-4f71-aa1b-e28a167f34e0}
04-27 23:17:20.228 I/Gecko   (   83): 1398665840243	Marionette	INFO	Switched to frame: {"frameValue":null}
04-27 23:17:20.398 I/Gecko   (   83): 1398665840415	Marionette	INFO	sendToClient: {"from":"0","ok":true}, {5136605e-60c9-4f71-aa1b-e28a167f34e0}, {5136605e-60c9-4f71-aa1b-e28a167f34e0}
04-27 23:17:20.418 I/Gecko   (   83): 1398665840430	Marionette	DEBUG	Got request: execute, data: {"to":"0","sessionId":"3-b2g","name":"executeScript","parameters":{"specialPowers":false,"scriptTimeout":null,"newSandbox":true,"args":[],"filename":"gaia_test.py","script":"window.wrappedJSObject.dispatchEvent(new Event('home'));","line":788}}, id: {3d531f01-5149-43d3-9a59-dba0f475403d}
04-27 23:17:20.718 D/Sensors (   83): activate handle=0; drv=0
04-27 23:17:20.718 D/Sensors (   83): Lis3dhSensor: Control set 0
04-27 23:17:20.718 D/Sensors (   83): Lis3dhSensor: mEnabled = 0
04-27 23:17:20.788 I/Gonk    (   83): Setting nice for pid 2014 to 18
04-27 23:17:20.788 I/Gonk    (   83): Changed nice for pid 2014 from 0 to 18.
04-27 23:17:20.818 E/[Gralloc-ERROR](   83): int gralloc_unregister_buffer(const gralloc_module_t*, const native_handle_t*):274 Trying to unregister buffer 0x44677ba0 from process 83 that was not created in current process: 83
04-27 23:17:20.848 I/Gecko   (   83): 1398665840865	Marionette	INFO	sendToClient: {"from":"0","value":null}, {3d531f01-5149-43d3-9a59-dba0f475403d}, {3d531f01-5149-43d3-9a59-dba0f475403d}
04-27 23:17:20.888 E/[Gralloc-ERROR](   83): int gralloc_unregister_buffer(const gralloc_module_t*, const native_handle_t*):274 Trying to unregister buffer 0x44666d30 from process 83 that was not created in current process: 83
04-27 23:17:20.898 I/Gonk    (   83): Setting nice for pid 2022 to 18
04-27 23:17:20.898 I/Gonk    (   83): Changed nice for pid 2022 from 0 to 18.
04-27 23:17:20.908 I/Gonk    (   83): Setting nice for pid 2022 to 18
04-27 23:17:20.908 I/Gonk    (   83): Changed nice for pid 2022 from 18 to 18.
04-27 23:17:20.928 I/Gecko   (   83): [Parent 83] WARNING: waitpid failed pid:2022 errno:10: file ../../../gecko/ipc/chromium/src/base/process_util_posix.cc, line 254
04-27 23:17:20.928 I/Gonk    (   83): Setting nice for pid 2022 to 1
04-27 23:17:20.938 I/Gonk    (   83): Changed nice for pid 2022 from 18 to 1.
04-27 23:17:20.998 I/Gecko   (   83): 1398665841016	Marionette	DEBUG	Got request: switchToFrame, data: {"to":"0","sessionId":"3-b2g","name":"switchToFrame","parameters":{"id":null,"focus":true}}, id: {6482929c-e2e8-46db-83e6-6b1af7adf870}
04-27 23:17:21.008 I/Gecko   (   83): 1398665841018	Marionette	INFO	Switched to frame: {"frameValue":null}
04-27 23:17:21.108 I/Gecko   (   83): 1398665841120	Marionette	INFO	sendToClient: {"from":"0","ok":true}, {6482929c-e2e8-46db-83e6-6b1af7adf870}, {6482929c-e2e8-46db-83e6-6b1af7adf870}
04-27 23:17:21.118 I/Gecko   (   83): 1398665841135	Marionette	DEBUG	Got request: executeWithCallback, data: {"to":"0","sessionId":"3-b2g","name":"executeAsyncScript","parameters":{"specialPowers":false,"scriptTimeout":null,"newSandbox":true,"args":[],"filename":"gaia_test.py","script":"return GaiaApps.displayedApp();","line":66}}, id: {03602ab1-9d70-4d99-bea0-f78bfe5bf1b4}
04-27 23:17:21.198 I/Gecko   (   83): 1398665841216	Marionette	INFO	sendToClient: {"from":"0","value":{"frame":{"ELEMENT":"{30e3119a-c1d5-47c3-820a-78ce7afbc286}"},"src":"app://homescreen.gaiamobile.org/index.html#root","name":"Homescreen","origin":"app://homescreen.gaiamobile.org"}}, {03602ab1-9d70-4d99-bea0-f78bfe5bf1b4}, {03602ab1-9d70-4d99-bea0-f78bfe5bf1b4}
04-27 23:17:21.218 E/GeckoConsole(   83): Content JS LOG at dummy file:392 in GaiaApps.displayedApp: app with origin 'app://homescreen.gaiamobile.org' is displayed
04-27 23:17:21.228 I/Gecko   (   83): [Parent 83] WARNING: waitpid failed pid:1992 errno:10: file ../../../gecko/ipc/chromium/src/base/process_util_posix.cc, line 254
04-27 23:17:21.228 I/Gecko   (   83): [Parent 83] WARNING: Failed to deliver SIGKILL to 1992!(3).: file ../../../gecko/ipc/chromium/src/chrome/common/process_watcher_posix_sigchld.cc, line 118
04-27 23:17:21.268 I/Gecko   (   83): 1398665841285	Marionette	DEBUG	Got request: switchToFrame, data: {"to":"0","sessionId":"3-b2g","name":"switchToFrame","parameters":{"id":null,"focus":true}}, id: {fafa8449-9e52-4c12-9df3-c3265b68eaf9}
04-27 23:17:21.268 I/Gecko   (   83): 1398665841287	Marionette	INFO	Switched to frame: {"frameValue":null}
04-27 23:17:21.398 I/Gecko   (   83): 1398665841412	Marionette	INFO	sendToClient: {"from":"0","ok":true}, {fafa8449-9e52-4c12-9df3-c3265b68eaf9}, {fafa8449-9e52-4c12-9df3-c3265b68eaf9}
04-27 23:17:21.438 I/Gecko   (   83): 1398665841453	Marionette	DEBUG	Got request: switchToFrame, data: {"to":"0","sessionId":"3-b2g","name":"switchToFrame","parameters":{"id":null,"focus":true}}, id: {0589e9a7-8137-44a9-a7fa-13591b3963bc}
04-27 23:17:21.438 I/Gecko   (   83): 1398665841455	Marionette	INFO	Switched to frame: {"frameValue":null}
04-27 23:17:21.588 I/Gecko   (   83): 1398665841602	Marionette	INFO	sendToClient: {"from":"0","ok":true}, {0589e9a7-8137-44a9-a7fa-13591b3963bc}, {0589e9a7-8137-44a9-a7fa-13591b3963bc}
04-27 23:17:21.648 I/Gecko   (   83): 1398665841665	Marionette	DEBUG	Got request: executeWithCallback, data: {"to":"0","sessionId":"3-b2g","name":"executeAsyncScript","parameters":{"specialPowers":false,"scriptTimeout":null,"newSandbox":true,"args":[],"filename":"gaia_test.py","script":"return GaiaApps.displayedApp();","line":66}}, id: {1000c5be-02c6-47bf-9e23-323acdaa9eec}
04-27 23:17:21.908 I/Gecko   (   83): 1398665841924	Marionette	INFO	sendToClient: {"from":"0","value":{"frame":{"ELEMENT":"{30e3119a-c1d5-47c3-820a-78ce7afbc286}"},"src":"app://homescreen.gaiamobile.org/index.html#root","name":"Homescreen","origin":"app://homescreen.gaiamobile.org"}}, {1000c5be-02c6-47bf-9e23-323acdaa9eec}, {1000c5be-02c6-47bf-9e23-323acdaa9eec}
04-27 23:17:21.938 E/[Gralloc-ERROR](   83): int gralloc_register_buffer(const gralloc_module_t*, const native_handle_t*):79 Unable to register handle 0x45e55ba0 coming from different process: 83
04-27 23:17:21.938 E/[Gralloc-ERROR](   83): int gralloc_register_buffer(const gralloc_module_t*, const native_handle_t*):79 Unable to register handle 0x45e59ba0 coming from different process: 83
04-27 23:17:21.958 E/GeckoConsole(   83): Content JS LOG at dummy file:392 in GaiaApps.displayedApp: app with origin 'app://homescreen.gaiamobile.org' is displayed
04-27 23:17:23.668 I/Gecko   (   83): 1398665843687	Marionette	DEBUG	Got request: switchToFrame, data: {"to":"0","sessionId":"3-b2g","name":"switchToFrame","parameters":{"focus":true,"element":"{30e3119a-c1d5-47c3-820a-78ce7afbc286}"}}, id: {3337a7ab-9d33-4148-81ff-665656ae9b03}
04-27 23:17:23.798 E/[Gralloc-ERROR](   83): int gralloc_unregister_buffer(const gralloc_module_t*, const native_handle_t*):274 Trying to unregister buffer 0x45e59ba0 from process 83 that was not created in current process: 83
04-27 23:17:23.798 E/[Gralloc-ERROR](   83): int gralloc_unregister_buffer(const gralloc_module_t*, const native_handle_t*):274 Trying to unregister buffer 0x45e55ba0 from process 83 that was not created in current process: 83
04-27 23:17:23.878 I/Gonk    (   83): Setting nice for pid 1939 to 18
04-27 23:17:23.878 I/Gonk    (   83): Changed nice for pid 1939 from 1 to 18.
04-27 23:17:23.978 I/Gecko   (   83): 1398665843993	Marionette	INFO	Switched to frame: {"frameValue":"{30e3119a-c1d5-47c3-820a-78ce7afbc286}"}
04-27 23:17:24.048 I/log     ( 2034): <4>0[ 816.653779] select 1939 (1LineMemo), adj 10, size 7269, to kill 
04-27 23:17:24.128 I/Gecko   (   83): 1398665844140	Marionette	INFO	trying remote frame 0
04-27 23:17:24.128 I/Gecko   (   83): 1398665844142	Marionette	INFO	trying remote frame 1
04-27 23:17:24.128 I/Gecko   (   83): 1398665844143	Marionette	INFO	trying remote frame 2
04-27 23:17:24.128 I/Gecko   (   83): 1398665844144	Marionette	INFO	deleting frame
04-27 23:17:24.148 I/Gecko   (   83): 1398665844160	Marionette	INFO	frame-manager load script: [object ChromeMessageSender]
04-27 23:17:24.158 W/WifiHW  (   83): wifi_command: SIGNAL_POLL
04-27 23:17:24.758 I/Gecko   ( 2022): ###################################### forms.js loaded
04-27 23:17:24.818 I/Gecko   ( 2022): ############################### browserElementPanning.js loaded
04-27 23:17:24.838 I/Gecko   ( 2022): ######################## BrowserElementChildPreload.js loaded
04-27 23:17:25.108 I/Gecko   (   83): 
04-27 23:17:25.108 I/Gecko   (   83): ###!!! [Parent][MessageChannel] Error: Channel error: cannot send/recv
04-27 23:17:25.108 I/Gecko   (   83): 
04-27 23:17:25.158 I/GeckoDump(   83): Crash reporter : Can't fetch app.reportCrashes. Exception: [Exception... "Component returned failure code: 0x8000ffff (NS_ERROR_UNEXPECTED) [nsIPrefBranch.getBoolPref]"  nsresult: "0x8000ffff (NS_ERROR_UNEXPECTED)"  location: "JS frame :: chrome://browser/content/shell.js :: shell_reportCrash :: line 7"  data: no]
04-27 23:17:25.158 I/Gecko   (   83): [Parent 83] WARNING: waitpid failed pid:1939 errno:10: file ../../../gecko/ipc/chromium/src/base/process_util_posix.cc, line 254
04-27 23:17:26.148 I/Gecko   (   83): 1398665846165	Marionette	INFO	sendToClient: {"from":"0","ok":true}, {3337a7ab-9d33-4148-81ff-665656ae9b03}, {3337a7ab-9d33-4148-81ff-665656ae9b03}
04-27 23:17:26.338 I/Gecko   (   83): 1398665846348	Marionette	INFO	sendToClient: {"from":"0","value":"app://homescreen.gaiamobile.org/index.html#root"}, {ed6e83f6-5258-4575-8e90-eabd3acfe494}, {ed6e83f6-5258-4575-8e90-eabd3acfe494}
04-27 23:17:26.368 I/Gecko   (   83): 1398665846385	Marionette	DEBUG	Got request: switchToFrame, data: {"to":"0","sessionId":"3-b2g","name":"switchToFrame","parameters":{"id":null,"focus":true}}, id: {813c40f9-642a-4538-8e40-6e4afcd60092}
04-27 23:17:26.398 I/Gecko   (   83): 1398665846410	Marionette	INFO	Switched to frame: {"frameValue":null}
04-27 23:17:26.498 I/Gecko   (   83): 1398665846513	Marionette	INFO	sendToClient: {"from":"0","ok":true}, {813c40f9-642a-4538-8e40-6e4afcd60092}, {813c40f9-642a-4538-8e40-6e4afcd60092}
04-27 23:17:26.508 I/Gecko   (   83): 1398665846519	Marionette	DEBUG	Got request: switchToFrame, data: {"to":"0","sessionId":"3-b2g","name":"switchToFrame","parameters":{"id":null,"focus":true}}, id: {e03973d5-657e-4f1b-a49a-541109f3bd8f}
04-27 23:17:26.508 I/Gecko   (   83): 1398665846521	Marionette	INFO	Switched to frame: {"frameValue":null}
04-27 23:17:26.608 I/Gecko   (   83): 1398665846624	Marionette	INFO	sendToClient: {"from":"0","ok":true}, {e03973d5-657e-4f1b-a49a-541109f3bd8f}, {e03973d5-657e-4f1b-a49a-541109f3bd8f}
04-27 23:17:26.618 I/Gecko   (   83): 1398665846630	Marionette	DEBUG	Got request: executeWithCallback, data: {"to":"0","sessionId":"3-b2g","name":"executeAsyncScript","parameters":{"specialPowers":false,"scriptTimeout":null,"newSandbox":true,"args":[],"filename":"gaia_test.py","script":"GaiaApps.killAll()","line":91}}, id: {8876ba7c-93b3-41d2-93bd-2e5c71fdf5d8}
04-27 23:17:26.688 I/Gecko   (   83): 1398665846701	Marionette	INFO	sendToClient: {"from":"0","value":true}, {8876ba7c-93b3-41d2-93bd-2e5c71fdf5d8}, {8876ba7c-93b3-41d2-93bd-2e5c71fdf5d8}
04-27 23:17:26.688 I/Gecko   (   83): 1398665846707	Marionette	DEBUG	Got request: switchToFrame, data: {"to":"0","sessionId":"3-b2g","name":"switchToFrame","parameters":{"id":null,"focus":true}}, id: {ebdd0e8b-579f-4630-9cac-31a8eba85cf0}
04-27 23:17:26.698 I/Gecko   (   83): 1398665846710	Marionette	INFO	Switched to frame: {"frameValue":null}
04-27 23:17:26.798 I/Gecko   (   83): 1398665846812	Marionette	INFO	sendToClient: {"from":"0","ok":true}, {ebdd0e8b-579f-4630-9cac-31a8eba85cf0}, {ebdd0e8b-579f-4630-9cac-31a8eba85cf0}
04-27 23:17:26.808 I/Gecko   (   83): 1398665846819	Marionette	DEBUG	Got request: executeWithCallback, data: {"to":"0","sessionId":"3-b2g","name":"executeAsyncScript","parameters":{"specialPowers":false,"scriptTimeout":60000,"newSandbox":true,"args":[],"filename":"app_checker.py","script":"\n        GaiaApps.locateWithManifestURL('https://marketplace.firefox.com/app/753c8b84-dc62-427c-8bf7-8c2d127a380e/manifest.webapp',\n                                       null,\n                                       function uninstall(app) {\n                                       navigator.mozApps.mgmt.uninstall(app);\n                                       marionetteScriptFinished(true);\n                                       });\n        ","line":129}}, id: {4ea0660d-a688-488d-80f0-18b30245f924}
04-27 23:17:26.868 I/Gecko   (   83): -- webapps.js uninstall https://marketplace.firefox.com/app/753c8b84-dc62-427c-8bf7-8c2d127a380e/manifest.webapp
04-27 23:17:27.158 I/Gecko   (   83): 1398665847173	Marionette	INFO	sendToClient: {"from":"0","value":true}, {4ea0660d-a688-488d-80f0-18b30245f924}, {4ea0660d-a688-488d-80f0-18b30245f924}
04-27 23:17:27.158 I/Gecko   (   83): [Parent 83] WARNING: waitpid failed pid:1939 errno:10: file ../../../gecko/ipc/chromium/src/base/process_util_posix.cc, line 254
04-27 23:17:27.158 I/Gecko   (   83): [Parent 83] WARNING: Failed to deliver SIGKILL to 1939!(3).: file ../../../gecko/ipc/chromium/src/chrome/common/process_watcher_posix_sigchld.cc, line 118