--------- beginning of /dev/log/main
04-27 00:35:40.138 I/Gecko   (   83): 1398584140143	Marionette	INFO	sendToClient: {"from":"0","ok":true}, {588ffe9c-c568-4976-b3f5-9c3e959c8b5b}, {588ffe9c-c568-4976-b3f5-9c3e959c8b5b}
04-27 00:35:40.158 I/Gecko   (   83): 1398584140167	Marionette	DEBUG	Got request: switchToFrame, data: {"to":"0","sessionId":"3-b2g","name":"switchToFrame","parameters":{"id":null,"focus":true}}, id: {2f110716-a22c-4a84-a10a-ffd4b10b25f2}
04-27 00:35:40.178 I/Gecko   (   83): 1398584140185	Marionette	INFO	Switched to frame: {"frameValue":null}
04-27 00:35:40.288 I/Gecko   (   83): 1398584140294	Marionette	INFO	sendToClient: {"from":"0","ok":true}, {2f110716-a22c-4a84-a10a-ffd4b10b25f2}, {2f110716-a22c-4a84-a10a-ffd4b10b25f2}
04-27 00:35:40.318 I/Gecko   (   83): 1398584140324	Marionette	DEBUG	Got request: executeWithCallback, data: {"to":"0","sessionId":"3-b2g","name":"executeAsyncScript","parameters":{"specialPowers":false,"scriptTimeout":null,"newSandbox":true,"args":[],"filename":"gaia_test.py","script":"return GaiaApps.displayedApp();","line":66}}, id: {7768adb4-99af-499f-b6b1-c5f21d809bc5}
04-27 00:35:40.378 I/Gecko   (   83): 1398584140390	Marionette	INFO	sendToClient: {"from":"0","value":{"frame":{"ELEMENT":"{eba5c1c4-e729-49af-9efc-958455bbce64}"},"src":"app://homescreen.gaiamobile.org/index.html#root","name":"Homescreen","origin":"app://homescreen.gaiamobile.org"}}, {7768adb4-99af-499f-b6b1-c5f21d809bc5}, {7768adb4-99af-499f-b6b1-c5f21d809bc5}
04-27 00:35:40.388 E/GeckoConsole(   83): Content JS LOG at dummy file:392 in GaiaApps.displayedApp: app with origin 'app://homescreen.gaiamobile.org' is displayed
04-27 00:35:40.398 I/Gecko   (   83): 1398584140407	Marionette	DEBUG	Got request: switchToFrame, data: {"to":"0","sessionId":"3-b2g","name":"switchToFrame","parameters":{"id":null,"focus":true}}, id: {519089e4-ea19-486a-89ae-c89cc0508d01}
04-27 00:35:40.398 I/Gecko   (   83): 1398584140409	Marionette	INFO	Switched to frame: {"frameValue":null}
04-27 00:35:40.508 I/Gecko   (   83): 1398584140516	Marionette	INFO	sendToClient: {"from":"0","ok":true}, {519089e4-ea19-486a-89ae-c89cc0508d01}, {519089e4-ea19-486a-89ae-c89cc0508d01}
04-27 00:35:40.528 I/Gecko   (   83): 1398584140540	Marionette	DEBUG	Got request: switchToFrame, data: {"to":"0","sessionId":"3-b2g","name":"switchToFrame","parameters":{"id":null,"focus":true}}, id: {4c805698-dc15-4aa5-a508-60cf4215236d}
04-27 00:35:40.528 I/Gecko   (   83): 1398584140541	Marionette	INFO	Switched to frame: {"frameValue":null}
04-27 00:35:40.638 I/Gecko   (   83): 1398584140643	Marionette	INFO	sendToClient: {"from":"0","ok":true}, {4c805698-dc15-4aa5-a508-60cf4215236d}, {4c805698-dc15-4aa5-a508-60cf4215236d}
04-27 00:35:40.638 I/Gecko   (   83): 1398584140649	Marionette	DEBUG	Got request: executeWithCallback, data: {"to":"0","sessionId":"3-b2g","name":"executeAsyncScript","parameters":{"specialPowers":false,"scriptTimeout":null,"newSandbox":true,"args":[],"filename":"gaia_test.py","script":"return GaiaApps.displayedApp();","line":66}}, id: {ec3fa379-28a4-4b22-85c5-2b077db91460}
04-27 00:35:40.748 E/GeckoConsole(   83): Content JS LOG at dummy file:392 in GaiaApps.displayedApp: app with origin 'app://homescreen.gaiamobile.org' is displayed
04-27 00:35:40.758 I/Gecko   (   83): 1398584140764	Marionette	INFO	sendToClient: {"from":"0","value":{"frame":{"ELEMENT":"{eba5c1c4-e729-49af-9efc-958455bbce64}"},"src":"app://homescreen.gaiamobile.org/index.html#root","name":"Homescreen","origin":"app://homescreen.gaiamobile.org"}}, {ec3fa379-28a4-4b22-85c5-2b077db91460}, {ec3fa379-28a4-4b22-85c5-2b077db91460}
04-27 00:35:40.808 I/Gecko   (   83): 1398584140818	Marionette	DEBUG	Got request: switchToFrame, data: {"to":"0","sessionId":"3-b2g","name":"switchToFrame","parameters":{"focus":true,"element":"{eba5c1c4-e729-49af-9efc-958455bbce64}"}}, id: {2f1b5b32-5819-4631-818d-38e63a5a0a62}
04-27 00:35:40.818 I/Gecko   (   83): 1398584140826	Marionette	INFO	Switched to frame: {"frameValue":"{eba5c1c4-e729-49af-9efc-958455bbce64}"}
04-27 00:35:40.818 I/Gecko   (   83): 1398584140828	Marionette	INFO	trying remote frame 0
04-27 00:35:40.818 I/Gecko   (   83): 1398584140832	Marionette	INFO	deleting frame
04-27 00:35:40.828 I/Gecko   (   83): 1398584140838	Marionette	INFO	frame-manager load script: [object ChromeMessageSender]
04-27 00:35:41.138 I/Gecko   (   83): 1398584141150	Marionette	INFO	sendToClient: {"from":"0","ok":true}, {2f1b5b32-5819-4631-818d-38e63a5a0a62}, {2f1b5b32-5819-4631-818d-38e63a5a0a62}
04-27 00:35:41.198 I/Gecko   (   83): 1398584141206	Marionette	INFO	sendToClient: {"from":"0","value":{"ELEMENT":"{3c2d86d6-ad87-4349-8499-17bca8902413}"}}, {ac3356c3-ee25-453e-82bf-194f267651ee}, {ac3356c3-ee25-453e-82bf-194f267651ee}
04-27 00:35:41.268 E/GeckoConsole(  760): [JavaScript Warning: "Use of getAttributeNode() is deprecated. Use getAttribute() instead." {file: "chrome://marionette/content/atoms.js" line: 25}]
04-27 00:35:41.278 E/GeckoConsole(  760): [JavaScript Warning: "Use of attributes' specified attribute is deprecated. It always returns true." {file: "chrome://marionette/content/atoms.js" line: 25}]
04-27 00:35:41.278 I/Gecko   (   83): 1398584141286	Marionette	INFO	sendToClient: {"from":"0","value":"normal"}, {d97c3909-a07a-45b7-8723-fdbbb05dec22}, {d97c3909-a07a-45b7-8723-fdbbb05dec22}
04-27 00:35:41.278 I/Gecko   (   83): 1398584141292	Marionette	DEBUG	Got request: switchToFrame, data: {"to":"0","sessionId":"3-b2g","name":"switchToFrame","parameters":{"id":null,"focus":true}}, id: {eef8e526-32cc-4139-86c7-62d25eeb6a78}
04-27 00:35:41.288 I/Gecko   (   83): 1398584141302	Marionette	INFO	Switched to frame: {"frameValue":null}
04-27 00:35:41.438 I/Gecko   (   83): 1398584141444	Marionette	INFO	sendToClient: {"from":"0","ok":true}, {eef8e526-32cc-4139-86c7-62d25eeb6a78}, {eef8e526-32cc-4139-86c7-62d25eeb6a78}
04-27 00:35:41.448 I/Gecko   (   83): 1398584141459	Marionette	DEBUG	Got request: execute, data: {"to":"0","sessionId":"3-b2g","name":"executeScript","parameters":{"specialPowers":false,"scriptTimeout":null,"newSandbox":true,"args":[],"filename":"gaia_test.py","script":"window.wrappedJSObject.dispatchEvent(new Event('home'));","line":788}}, id: {5c1444be-dd6d-4089-b374-764882fa5c2f}
04-27 00:35:41.528 I/Gecko   (   83): 1398584141535	Marionette	INFO	sendToClient: {"from":"0","value":null}, {5c1444be-dd6d-4089-b374-764882fa5c2f}, {5c1444be-dd6d-4089-b374-764882fa5c2f}
04-27 00:35:41.658 I/Gecko   (   83): 1398584141671	Marionette	DEBUG	Got request: switchToFrame, data: {"to":"0","sessionId":"3-b2g","name":"switchToFrame","parameters":{"id":null,"focus":true}}, id: {475b9104-8b3f-41a8-b168-c627c50be0a0}
04-27 00:35:41.688 I/Gecko   (   83): 1398584141696	Marionette	INFO	Switched to frame: {"frameValue":null}
04-27 00:35:41.788 I/Gecko   (   83): 1398584141802	Marionette	INFO	sendToClient: {"from":"0","ok":true}, {475b9104-8b3f-41a8-b168-c627c50be0a0}, {475b9104-8b3f-41a8-b168-c627c50be0a0}
04-27 00:35:41.798 I/Gecko   (   83): 1398584141808	Marionette	DEBUG	Got request: switchToFrame, data: {"to":"0","sessionId":"3-b2g","name":"switchToFrame","parameters":{"id":null,"focus":true}}, id: {725879ba-063d-4fd5-baa3-0444bade1d39}
04-27 00:35:41.808 I/Gecko   (   83): 1398584141814	Marionette	INFO	Switched to frame: {"frameValue":null}
04-27 00:35:41.908 I/Gecko   (   83): 1398584141916	Marionette	INFO	sendToClient: {"from":"0","ok":true}, {725879ba-063d-4fd5-baa3-0444bade1d39}, {725879ba-063d-4fd5-baa3-0444bade1d39}
04-27 00:35:41.918 I/Gecko   (   83): 1398584141925	Marionette	DEBUG	Got request: executeWithCallback, data: {"to":"0","sessionId":"3-b2g","name":"executeAsyncScript","parameters":{"specialPowers":false,"scriptTimeout":null,"newSandbox":true,"args":[],"filename":"gaia_test.py","script":"return GaiaApps.displayedApp();","line":66}}, id: {75b05b38-7017-45b0-96cf-3d5e6fb3bfee}
04-27 00:35:41.928 V/AudioPolicyManagerBase(   88): getDeviceForStrategy() from cache strategy 0, device 2
04-27 00:35:41.928 V/AudioPolicyManagerBase(   88): getOutput() stream 1, samplingRate 0, format 0, channels 3, flags 0
04-27 00:35:42.028 E/GeckoConsole(   83): Content JS LOG at dummy file:392 in GaiaApps.displayedApp: app with origin 'app://homescreen.gaiamobile.org' is displayed
04-27 00:35:42.028 I/Gecko   (   83): 1398584142037	Marionette	INFO	sendToClient: {"from":"0","value":{"frame":{"ELEMENT":"{eba5c1c4-e729-49af-9efc-958455bbce64}"},"src":"app://homescreen.gaiamobile.org/index.html#rootSun%20Apr%2027%202014%2000:35:41%20GMT-0700%20(UTC)","name":"Homescreen","origin":"app://homescreen.gaiamobile.org"}}, {75b05b38-7017-45b0-96cf-3d5e6fb3bfee}, {75b05b38-7017-45b0-96cf-3d5e6fb3bfee}
04-27 00:35:42.028 V/AudioPolicyManagerBase(   88): startOutput() output 1, stream 1, session 2
04-27 00:35:42.028 V/AudioPolicyManagerBase(   88): startReadingThread
04-27 00:35:42.028 V/AudioPolicyManagerBase(   88): changeRefCount() stream 1, count 1
04-27 00:35:42.028 V/AudioPolicyManagerBase(   88): getDeviceForStrategy() from cache strategy 0, device 2
04-27 00:35:42.028 V/AudioPolicyManagerBase(   88): getNewDevice() selected device 2
04-27 00:35:42.028 D/AudioPolicyManagerBase(   88): setOutputDevice() output 1 device 2 delayMs 0
04-27 00:35:42.028 V/AudioPolicyManagerBase(   88): setOutputDevice() setting same device 2 or null device for output 1
04-27 00:35:42.028 E/AudioPolicyManagerBase(   88): checkAndSetVolume stream=1, index=0, output=1, device=2
04-27 00:35:42.028 E/AudioPolicyManagerBase(   88): computeVolume, streamDesc=0x2a9bb8
04-27 00:35:42.048 V/AudioPolicyManagerBase(   88): ThreadWrapper 0x2a9b40
04-27 00:35:42.048 V/AudioPolicyManagerBase(   88): threadFunc in
04-27 00:35:42.058 I/Gecko   (   83): 1398584142065	Marionette	DEBUG	Got request: switchToFrame, data: {"to":"0","sessionId":"3-b2g","name":"switchToFrame","parameters":{"focus":true,"element":"{eba5c1c4-e729-49af-9efc-958455bbce64}"}}, id: {efd8cfe0-0a1c-4972-8cd0-b159218972f8}
04-27 00:35:42.068 I/Gecko   (   83): 1398584142077	Marionette	INFO	Switched to frame: {"frameValue":"{eba5c1c4-e729-49af-9efc-958455bbce64}"}
04-27 00:35:42.088 I/Gecko   (   83): 1398584142093	Marionette	INFO	trying remote frame 0
04-27 00:35:42.088 W/AudioFlinger(   88): Thread AudioOut_1 cannot connect to the power manager service
04-27 00:35:42.088 V/AudioPolicyManagerBase(   88): stopOutput() output 1, stream 1, session 2
04-27 00:35:42.088 V/AudioPolicyManagerBase(   88): stopReadingThread
04-27 00:35:42.148 V/AudioPolicyManagerBase(   88): threadFunc exit
04-27 00:35:42.148 V/AudioPolicyManagerBase(   88): changeRefCount() stream 1, count 0
04-27 00:35:42.148 V/AudioPolicyManagerBase(   88): getNewDevice() selected device 0
04-27 00:35:42.148 D/AudioPolicyManagerBase(   88): setOutputDevice() output 1 device 0 delayMs 290
04-27 00:35:42.158 V/AudioPolicyManagerBase(   88): setOutputDevice() setting same device 0 or null device for output 1
04-27 00:35:42.158 V/AudioPolicyManagerBase(   88): releaseOutput() 1
04-27 00:35:42.168 I/Gecko   (   83): 1398584142180	Marionette	INFO	sendToClient: {"from":"0","ok":true}, {efd8cfe0-0a1c-4972-8cd0-b159218972f8}, {efd8cfe0-0a1c-4972-8cd0-b159218972f8}
04-27 00:35:42.178 I/Gecko   (   83): 1398584142187	Marionette	DEBUG	Got request: execute, data: {"to":"0","sessionId":"3-b2g","name":"executeScript","parameters":{"specialPowers":false,"scriptTimeout":null,"newSandbox":true,"args":[],"filename":"gaia_test.py","script":"return window.wrappedJSObject.GridManager.pageHelper.getCurrentPageNumber();","line":784}}, id: {e464f379-58bb-4dd4-a56d-58bf13033f67}
04-27 00:35:42.218 W/WifiHW  (   83): wifi_command: SIGNAL_POLL
04-27 00:35:42.598 I/Gecko   (   83): 1398584142610	Marionette	INFO	sendToClient: {"from":"0","value":0}, {e464f379-58bb-4dd4-a56d-58bf13033f67}, {e464f379-58bb-4dd4-a56d-58bf13033f67}
04-27 00:35:42.998 I/Gecko   (   83): 1398584143004	Marionette	INFO	sendToClient: {"from":"0","value":["{53aa61b4-0698-4e99-9405-8fcb60d4ac9b}","{e0907789-cdff-4e23-acd7-ac34db9e5fd7}","{451132d7-f836-43fc-a62e-032737f76a1c}","{5beaa4c0-586b-479b-953f-a6158fbbbd83}","{890ac640-5339-4128-89d2-720e4a931a15}","{829fd590-f788-492f-9bd3-e99a136c9894}","{978c2469-cef6-44c6-872a-79b565fa8957}","{5fa64667-6e15-4583-a775-3f266e4ef636}","{ca0bd27a-7ca7-48ba-9d65-db924e32e4a1}","{d494b758-1ea9-4bab-a857-c98d5e0611ac}","{1936e7c4-2670-4ee7-8a5c-9c2bd343c685}","{1ba65075-318e-4abd-acaa-781e0a4bd737}","{1225e9cb-4b57-4fd4-a9e9-b55ed2537f04}","{46fdd889-5b2b-46ff-b2c8-c7b5bd5d88fb}","{bf20b2de-09b8-4055-8abe-d1959e8cf8b5}","{f2962515-2738-47fe-8b2e-22261b8de33a}","{e5a82a74-b6dd-4a96-a6da-21130815f0f0}","{a3da2577-454d-4ed9-b215-605f5771aa6e}","{7afe94fe-93d1-4f7f-9231-75fb9c36d240}","{9e03ad66-a3eb-4b44-82c8-dd9ae6ce7543}","{a188354d-04c1-4e11-9213-e85de853f61a}","{f90fad6c-6e02-4686-98e4-4fedaa8c7006}","{fc6e514b-9447-47f9-a5fe-36dc14ddcd8d}","{2f3d4584-dc5c
04-27 00:35:43.128 I/Gecko   (   83): 1398584143137	Marionette	INFO	sendToClient: {"from":"0","value":"app://homescreen.gaiamobile.org/index.html#rootSun%20Apr%2027%202014%2000:35:41%20GMT-0700%20(UTC)"}, {bc0d4d81-d064-45cb-8dcb-943c52cb3ccd}, {bc0d4d81-d064-45cb-8dcb-943c52cb3ccd}
04-27 00:35:43.138 I/Gecko   (   83): 1398584143144	Marionette	DEBUG	Got request: switchToFrame, data: {"to":"0","sessionId":"3-b2g","name":"switchToFrame","parameters":{"id":null,"focus":true}}, id: {49f3009b-cae0-462d-8ed8-8d115024e6ac}
04-27 00:35:43.158 I/Gecko   (   83): 1398584143165	Marionette	INFO	Switched to frame: {"frameValue":null}
04-27 00:35:43.328 I/Gecko   (   83): 1398584143340	Marionette	INFO	sendToClient: {"from":"0","ok":true}, {49f3009b-cae0-462d-8ed8-8d115024e6ac}, {49f3009b-cae0-462d-8ed8-8d115024e6ac}
04-27 00:35:43.368 I/Gecko   (   83): 1398584143375	Marionette	DEBUG	Got request: switchToFrame, data: {"to":"0","sessionId":"3-b2g","name":"switchToFrame","parameters":{"id":null,"focus":true}}, id: {19eede38-e341-4eba-9f58-c13483f8c76e}
04-27 00:35:43.368 I/Gecko   (   83): 1398584143381	Marionette	INFO	Switched to frame: {"frameValue":null}
04-27 00:35:43.488 I/Gecko   (   83): 1398584143495	Marionette	INFO	sendToClient: {"from":"0","ok":true}, {19eede38-e341-4eba-9f58-c13483f8c76e}, {19eede38-e341-4eba-9f58-c13483f8c76e}
04-27 00:35:43.508 I/Gecko   (   83): 1398584143517	Marionette	DEBUG	Got request: executeWithCallback, data: {"to":"0","sessionId":"3-b2g","name":"executeAsyncScript","parameters":{"specialPowers":false,"scriptTimeout":30000,"newSandbox":true,"args":[],"filename":"app_checker.py","script":"GaiaApps.launchWithManifestURL('https://marketplace.firefox.com/app/ff3e9544-3a93-4d17-8bbc-81dbfe382c1c/manifest.webapp')","line":106}}, id: {4b85d982-e8b8-407c-b829-247ac012daea}
04-27 00:35:43.598 E/GeckoConsole(   83): Content JS LOG at dummy file:334 in GaiaApps.launch: launching app with name 'Blox'
04-27 00:35:43.638 I/Gonk    (   83): Setting nice for pid 782 to 18
04-27 00:35:43.638 I/Gonk    (   83): Changed nice for pid 782 from 18 to 18.
04-27 00:35:43.638 I/Gecko   (   83): [Parent 83] WARNING: waitpid failed pid:782 errno:10: file ../../../gecko/ipc/chromium/src/base/process_util_posix.cc, line 254
04-27 00:35:43.658 I/Gonk    (   83): Setting nice for pid 782 to 1
04-27 00:35:43.658 I/Gonk    (   83): Changed nice for pid 782 from 18 to 1.
04-27 00:35:43.878 E/[Gralloc-ERROR](   83): int gralloc_register_buffer(const gralloc_module_t*, const native_handle_t*):79 Unable to register handle 0x44872c90 coming from different process: 83
04-27 00:35:43.888 E/[Gralloc-ERROR](   83): int gralloc_register_buffer(const gralloc_module_t*, const native_handle_t*):79 Unable to register handle 0x44872e20 coming from different process: 83
04-27 00:35:44.038 D/Sensors (   83): activate handle=0; drv=0
04-27 00:35:44.038 D/Sensors (   83): Lis3dhSensor: Control set 1
04-27 00:35:44.038 D/Sensors (   83): Lis3dhSensor: mEnabled = 1
04-27 00:35:44.148 I/Gonk    (   83): Setting nice for pid 760 to 18
04-27 00:35:44.148 I/Gonk    (   83): Changed nice for pid 760 from 1 to 18.
04-27 00:35:45.238 I/log     (  848): <4>0[ 324.263159] select 760 (Homescreen), adj 8, size 6735, to kill 
04-27 00:35:45.338 I/Gecko   (  782): ###################################### forms.js loaded
04-27 00:35:45.368 I/Gecko   (  782): ############################### browserElementPanning.js loaded
04-27 00:35:45.388 I/Gecko   (  782): ######################## BrowserElementChildPreload.js loaded
04-27 00:35:45.878 I/Gecko   (   83): 
04-27 00:35:45.878 I/Gecko   (   83): ###!!! [Parent][MessageChannel] Error: Channel error: cannot send/recv
04-27 00:35:45.878 I/Gecko   (   83): 
04-27 00:35:45.888 I/GeckoDump(   83): Crash reporter : Can't fetch app.reportCrashes. Exception: [Exception... "Component returned failure code: 0x8000ffff (NS_ERROR_UNEXPECTED) [nsIPrefBranch.getBoolPref]"  nsresult: "0x8000ffff (NS_ERROR_UNEXPECTED)"  location: "JS frame :: chrome://browser/content/shell.js :: shell_reportCrash :: line 7"  data: no]
04-27 00:35:45.898 I/Gecko   (   83): [Parent 83] WARNING: waitpid failed pid:760 errno:10: file ../../../gecko/ipc/chromium/src/base/process_util_posix.cc, line 254
04-27 00:35:46.198 E/GeckoConsole(  782): [JavaScript Warning: "Unknown property 'touch-action-delay'.  Declaration dropped." {file: "app://{36d257c1-154c-4c51-a244-d720c7157a70}/index.html" line: 32 column: 21 source: "			touch-action-delay: none;"}]
04-27 00:35:46.208 E/GeckoConsole(  782): [JavaScript Warning: "Unknown property 'touch-action'.  Declaration dropped." {file: "app://{36d257c1-154c-4c51-a244-d720c7157a70}/index.html" line: 33 column: 15 source: "			touch-action: none;"}]
04-27 00:35:47.218 W/WifiHW  (   83): wifi_command: SIGNAL_POLL
04-27 00:35:47.848 E/GeckoConsole(  782): [JavaScript Warning: "Unknown property 'box-sizing'.  Declaration dropped." {file: "app://{36d257c1-154c-4c51-a244-d720c7157a70}/index.html" line: 0 column: 67 source: "-webkit-box-sizing:border-box;-moz-box-sizing:border-box;box-sizing:border-box;padding:1px;border:1px;display:block;width:4px;margin-top:1%;position:absolute;top:1%"}]
04-27 00:35:47.858 E/GeckoConsole(  782): [JavaScript Warning: "Unknown property 'box-sizing'.  Declaration dropped." {file: "app://{36d257c1-154c-4c51-a244-d720c7157a70}/index.html" line: 0 column: 111 source: "padding:0;margin:0;border:0;display:block;-webkit-box-sizing:content-box;-moz-box-sizing:content-box;box-sizing:content-box"}]
04-27 00:35:47.858 E/GeckoConsole(  782): [JavaScript Warning: "Unknown property 'box-sizing'.  Declaration dropped." {file: "app://{36d257c1-154c-4c51-a244-d720c7157a70}/index.html" line: 0 column: 111 source: "padding:0;margin:0;border:0;display:block;-webkit-box-sizing:content-box;-moz-box-sizing:content-box;box-sizing:content-box"}]
04-27 00:35:47.898 I/Gecko   (   83): [Parent 83] WARNING: waitpid failed pid:760 errno:10: file ../../../gecko/ipc/chromium/src/base/process_util_posix.cc, line 254
04-27 00:35:47.898 I/Gecko   (   83): [Parent 83] WARNING: Failed to deliver SIGKILL to 760!(3).: file ../../../gecko/ipc/chromium/src/chrome/common/process_watcher_posix_sigchld.cc, line 118
04-27 00:35:49.918 I/InputReader(   83): Reconfiguring input devices.  changes=0x00000004
04-27 00:35:49.918 I/InputReader(   83): Device reconfigured: id=6, name='ms-msg21xx', size 320x480, orientation 1, mode 1, display id 0
04-27 00:35:49.938 I/Gecko   (  782): Attempting load of libEGL.so
04-27 00:35:50.038 E/[Gralloc-ERROR](   83): int gralloc_register_buffer(const gralloc_module_t*, const native_handle_t*):79 Unable to register handle 0x432c10b0 coming from different process: 83
04-27 00:35:50.038 D/libEGL  (  782): loaded /system/lib/egl/libEGL_mali.so
04-27 00:35:50.038 E/[Gralloc-ERROR](   83): int gralloc_register_buffer(const gralloc_module_t*, const native_handle_t*):79 Unable to register handle 0x432c11a0 coming from different process: 83
04-27 00:35:50.098 D/libEGL  (  782): loaded /system/lib/egl/libGLESv1_CM_mali.so
04-27 00:35:50.128 D/libEGL  (  782): loaded /system/lib/egl/libGLESv2_mali.so
04-27 00:35:50.198 E/[Gralloc-ERROR](   83): int gralloc_register_buffer(const gralloc_module_t*, const native_handle_t*):79 Unable to register handle 0x432c1240 coming from different process: 83
04-27 00:35:50.208 E/[Gralloc-ERROR](   83): int gralloc_register_buffer(const gralloc_module_t*, const native_handle_t*):79 Unable to register handle 0x432c1330 coming from different process: 83
04-27 00:35:50.238 I/Gecko   (  782): SharedSurface_Gralloc::Create -------
04-27 00:35:50.258 I/Gecko   (  782): SharedSurface_Gralloc::Create: success -- surface 0x4402dd40, GraphicBuffer 0x43ffe180.
04-27 00:35:50.278 E/[Gralloc-ERROR](   83): int gralloc_unregister_buffer(const gralloc_module_t*, const native_handle_t*):274 Trying to unregister buffer 0x46a7c6a0 from process 83 that was not created in current process: 83
04-27 00:35:50.278 E/[Gralloc-ERROR](   83): int gralloc_unregister_buffer(const gralloc_module_t*, const native_handle_t*):274 Trying to unregister buffer 0x46a692e0 from process 83 that was not created in current process: 83
04-27 00:35:50.288 E/[Gralloc-ERROR](   83): int gralloc_unregister_buffer(const gralloc_module_t*, const native_handle_t*):274 Trying to unregister buffer 0x44872c90 from process 83 that was not created in current process: 83
04-27 00:35:50.288 E/[Gralloc-ERROR](   83): int gralloc_unregister_buffer(const gralloc_module_t*, const native_handle_t*):274 Trying to unregister buffer 0x44872e20 from process 83 that was not created in current process: 83
04-27 00:35:51.278 I/Gecko   (  782): SharedSurface_Gralloc::Create -------
04-27 00:35:51.288 I/Gecko   (  782): SharedSurface_Gralloc::Create: success -- surface 0x43eb7280, GraphicBuffer 0x43eb8280.
04-27 00:35:51.548 I/Gecko   (  782): SharedSurface_Gralloc::Create -------
04-27 00:35:51.588 I/Gecko   (  782): SharedSurface_Gralloc::Create: success -- surface 0x43eb7a00, GraphicBuffer 0x43eb8200.
04-27 00:35:51.608 I/Gecko   (  782): SharedSurface_Gralloc::Create -------
04-27 00:35:51.678 I/Gecko   (  782): SharedSurface_Gralloc::Create: success -- surface 0x43eb7a80, GraphicBuffer 0x43eb8d80.
04-27 00:35:51.998 E/GeckoConsole(  782): [JavaScript Warning: "Use of getPreventDefault() is deprecated.  Use defaultPrevented instead." {file: "app://{36d257c1-154c-4c51-a244-d720c7157a70}/jquery-2.0.0.min.js" line: 4}]
04-27 00:35:52.008 I/Gecko   (  782): SharedSurface_Gralloc::Create -------
04-27 00:35:52.018 I/Gecko   (  782): SharedSurface_Gralloc::Create: success -- surface 0x43eb7c00, GraphicBuffer 0x43601400.
04-27 00:35:52.018 I/Gecko   (  782): SharedSurface_Gralloc::Create -------
04-27 00:35:52.028 I/Gecko   (  782): SharedSurface_Gralloc::Create: success -- surface 0x43eb79c0, GraphicBuffer 0x43602e80.
04-27 00:35:52.058 I/Gecko   (  782): [SharedSurface_Gralloc 0x43eb7280] destroyed
04-27 00:35:52.058 I/Gecko   (  782): [SharedSurface_Gralloc 0x43eb7a80] destroyed
04-27 00:35:52.218 W/WifiHW  (   83): wifi_command: SIGNAL_POLL
04-27 00:35:52.788 I/Gecko   (  782): [SharedSurface_Gralloc 0x43eb7c00] destroyed
04-27 00:35:52.798 I/Gecko   (  782): [SharedSurface_Gralloc 0x43eb7a00] destroyed
04-27 00:35:52.798 I/Gecko   (  782): SharedSurface_Gralloc::Create -------
04-27 00:35:52.798 I/Gecko   (  782): SharedSurface_Gralloc::Create: success -- surface 0x436f4980, GraphicBuffer 0x42db6900.
04-27 00:35:52.848 I/Gecko   (  782): [SharedSurface_Gralloc 0x4402dd40] destroyed
04-27 00:35:52.848 I/Gecko   (  782): SharedSurface_Gralloc::Create -------
04-27 00:35:52.848 I/Gecko   (  782): SharedSurface_Gralloc::Create: success -- surface 0x4367e1c0, GraphicBuffer 0x43d11980.
04-27 00:35:53.008 I/Gonk    (   83): Setting nice for pid 772 to 18
04-27 00:35:53.028 I/Gonk    (   83): Changed nice for pid 772 from 18 to 18.
04-27 00:35:53.028 I/Gecko   (   83): [Parent 83] WARNING: waitpid failed pid:772 errno:10: file ../../../gecko/ipc/chromium/src/base/process_util_posix.cc, line 254
04-27 00:35:53.048 I/Gonk    (   83): Setting nice for pid 772 to 1
04-27 00:35:53.048 I/Gonk    (   83): Changed nice for pid 772 from 18 to 1.
04-27 00:35:53.088 I/Gonk    (   83): Setting nice for pid 772 to 18
04-27 00:35:53.088 I/Gonk    (   83): Changed nice for pid 772 from 1 to 18.
04-27 00:35:53.568 E/GeckoConsole(   83): Content JS LOG at dummy file:326 in GaiaApps.launch/appOpen/<: app with origin 'app://{36d257c1-154c-4c51-a244-d720c7157a70}' has launched
04-27 00:35:53.578 I/Gecko   (   83): 1398584153586	Marionette	INFO	sendToClient: {"from":"0","value":{"frame":{"ELEMENT":"{c908397a-cadc-487b-ac1e-5d4acafc7dc1}"},"src":"app://{36d257c1-154c-4c51-a244-d720c7157a70}/index.html","name":"Blox","origin":"app://{36d257c1-154c-4c51-a244-d720c7157a70}"}}, {4b85d982-e8b8-407c-b829-247ac012daea}, {4b85d982-e8b8-407c-b829-247ac012daea}
04-27 00:35:53.628 E/[Gralloc-ERROR](   83): int gralloc_unregister_buffer(const gralloc_module_t*, const native_handle_t*):274 Trying to unregister buffer 0x432c1330 from process 83 that was not created in current process: 83
04-27 00:35:53.638 E/[Gralloc-ERROR](   83): int gralloc_unregister_buffer(const gralloc_module_t*, const native_handle_t*):274 Trying to unregister buffer 0x432c1240 from process 83 that was not created in current process: 83
04-27 00:35:53.678 I/Gecko   (   83): 1398584153686	Marionette	DEBUG	Got request: switchToFrame, data: {"to":"0","sessionId":"3-b2g","name":"switchToFrame","parameters":{"focus":true,"element":"{c908397a-cadc-487b-ac1e-5d4acafc7dc1}"}}, id: {58c107f7-8367-4d8a-aa85-6295b7ffef33}
04-27 00:35:53.728 I/Gecko   (   83): 1398584153734	Marionette	INFO	Switched to frame: {"frameValue":"{c908397a-cadc-487b-ac1e-5d4acafc7dc1}"}
04-27 00:35:53.728 I/Gecko   (   83): 1398584153738	Marionette	INFO	trying remote frame 0
04-27 00:35:53.728 I/Gecko   (   83): 1398584153739	Marionette	INFO	deleting frame
04-27 00:35:53.738 I/Gecko   (   83): 1398584153752	Marionette	INFO	frame-manager load script: [object ChromeMessageSender]
04-27 00:35:53.808 I/Gecko   (   83): 
04-27 00:35:53.808 I/Gecko   (   83): ###!!! [Parent][MessageChannel] Error: Channel error: cannot send/recv
04-27 00:35:53.808 I/Gecko   (   83): 
04-27 00:35:53.938 I/GeckoDump(   83): Crash reporter : Can't fetch app.reportCrashes. Exception: [Exception... "Component returned failure code: 0x8000ffff (NS_ERROR_UNEXPECTED) [nsIPrefBranch.getBoolPref]"  nsresult: "0x8000ffff (NS_ERROR_UNEXPECTED)"  location: "JS frame :: chrome://browser/content/shell.js :: shell_reportCrash :: line 7"  data: no]
04-27 00:35:53.938 I/Gecko   (   83): [Parent 83] WARNING: waitpid failed pid:772 errno:10: file ../../../gecko/ipc/chromium/src/base/process_util_posix.cc, line 254
04-27 00:35:54.768 I/Gecko   (   83): 1398584154776	Marionette	INFO	sendToClient: {"from":"0","ok":true}, {58c107f7-8367-4d8a-aa85-6295b7ffef33}, {58c107f7-8367-4d8a-aa85-6295b7ffef33}
04-27 00:35:54.798 I/Gecko   (   83): 1398584154808	Marionette	INFO	sendToClient: {"from":"0","value":"app://{36d257c1-154c-4c51-a244-d720c7157a70}/index.html"}, {c02cf1c7-b7c9-4227-90fe-8db1a276c998}, {c02cf1c7-b7c9-4227-90fe-8db1a276c998}
04-27 00:35:54.808 I/Gecko   (   83): 1398584154815	Marionette	DEBUG	Got request: execute, data: {"to":"0","sessionId":"3-b2g","name":"executeScript","parameters":{"specialPowers":false,"scriptTimeout":null,"newSandbox":true,"args":[],"filename":"app_checker.py","script":"return window.document.readyState;","line":191}}, id: {539d033c-f187-4d3d-a6ba-484a147cae13}
04-27 00:35:54.858 I/Gecko   (   83): 1398584154868	Marionette	INFO	sendToClient: {"from":"0","value":"complete"}, {539d033c-f187-4d3d-a6ba-484a147cae13}, {539d033c-f187-4d3d-a6ba-484a147cae13}
04-27 00:35:54.948 I/Gecko   (   83): 1398584154957	Marionette	INFO	sendToClient: {"from":"0","value":"app://{36d257c1-154c-4c51-a244-d720c7157a70}/index.html"}, {ce98d80d-01a1-4dfb-98a0-7c9b674e6ed6}, {ce98d80d-01a1-4dfb-98a0-7c9b674e6ed6}
04-27 00:35:54.988 I/Gecko   (  782): SharedSurface_Gralloc::Create -------
04-27 00:35:55.028 I/Gecko   (  782): SharedSurface_Gralloc::Create: success -- surface 0x43ed3340, GraphicBuffer 0x43db4d80.
04-27 00:35:55.948 I/Gecko   (   83): [Parent 83] WARNING: waitpid failed pid:772 errno:10: file ../../../gecko/ipc/chromium/src/base/process_util_posix.cc, line 254
04-27 00:35:55.948 I/Gecko   (   83): [Parent 83] WARNING: Failed to deliver SIGKILL to 772!(3).: file ../../../gecko/ipc/chromium/src/chrome/common/process_watcher_posix_sigchld.cc, line 118
04-27 00:35:56.298 I/Gecko   (   83): 1398584156300	Marionette	INFO	sendToClient: {"from":"0","value":"iVBORw0KGgoAAAANSUhEUgAAAeAAAAFACAYAAABkyK97AAAgAElEQVR4nOyd138UR/b29/r9mckjgbF3bWzv2sYmCBzWXifAgITIYINIypMUUJo8nbui/ufnvaiehMl4Xd1sXXw/TWlG8pGsOo9OnVB/+9vf/gaD4XkcPHjQYDC8JLr3qyFRaDfAEHN0OzSDIUno3q+GRKHdAEPM0e3QDIYkoXu/GhKFdgMMMUe3QzMYkoTu/WpIFNoNMMQc3Q7NYEgSuverIVFoN8AQc3Q7NIMhSejer4ZEod0AQ8zR7dAMhiShe78aEoV2AwwxR7dDMxiShO79akgU2g0wxBzdDs1gSBK696shUWg3wBBzdDs0gyFJ6N6vhkSh3QBDzNHt0AyGJKF7vxoShXYDDDFHt0MzGJKE7v1qSBTaDTDEHN0OzWBIErr3qyFRaDfAEHN0OzSDIUno3q+GRKHdAEPM0e3QDIYkoXu/GhKFdgMMMUe3QzMYkoTu/WpIFNoNMMQc3Q7NYEgSuverIVFoN8AQc3Q7NIMhSejer4ZEod0AQ8zR7dAMhiShe78aEoV2AwwxR7dDMxiShO79akgU2g0wxBzdDs1gSBK696shUWg3wBBzdDs0gyFJ6N6vhkSh3QBDzNHt0AyGJKF7vxoShXYDDDFHt0MzGJKE7v1qSBTaDTDEHN0OzWBIErr3qyFRaDfAEHN0OzSDIUno3q+GRKHdAEPM0e3QDIYkoXu/GhKFdgMMMUe3QzMYkoTu/WpIFNoNMMQc3Q7NYEgSuverIVFoN8AQc3Q7NIMhSejer4ZEod0AQ8zR7dAMhiShe78aEoV2AwwxR7dDMxiShO79akgU2g0wxBzdDs1gSBK696shUWg3wBBzdDs0gyFJ6N6vhkSh3QBDzNHt0AyGJKF7vxoShXYDDDFHt0MzGJKE7v1qSBTaDTDEHN0OzWBIErr3qy
04-27 00:35:56.688 I/Gecko   (   83): 1398584156699	Marionette	INFO	sendToClient: {"from":"0","ok":true}, {01d455a5-8dbb-421d-9ab5-ede1cd6e02e1}, {01d455a5-8dbb-421d-9ab5-ede1cd6e02e1}
04-27 00:35:56.708 I/Gecko   (   83): 1398584156720	Marionette	DEBUG	Got request: switchToFrame, data: {"to":"0","sessionId":"3-b2g","name":"switchToFrame","parameters":{"id":null,"focus":true}}, id: {c2def899-d0c4-4303-b5cc-590cf75764ed}
04-27 00:35:56.728 I/Gecko   (   83): 1398584156736	Marionette	INFO	Switched to frame: {"frameValue":null}
04-27 00:35:56.858 I/Gecko   (   83): 1398584156865	Marionette	INFO	sendToClient: {"from":"0","ok":true}, {c2def899-d0c4-4303-b5cc-590cf75764ed}, {c2def899-d0c4-4303-b5cc-590cf75764ed}
04-27 00:35:56.888 I/Gecko   (   83): 1398584156894	Marionette	DEBUG	Got request: executeWithCallback, data: {"to":"0","sessionId":"3-b2g","name":"executeAsyncScript","parameters":{"specialPowers":false,"scriptTimeout":null,"newSandbox":true,"args":[],"filename":"gaia_test.py","script":"return GaiaApps.displayedApp();","line":66}}, id: {7665c241-c035-40ca-8c86-c64c2d409883}
04-27 00:35:57.008 E/GeckoConsole(   83): Content JS LOG at dummy file:392 in GaiaApps.displayedApp: app with origin 'app://{36d257c1-154c-4c51-a244-d720c7157a70}' is displayed
04-27 00:35:57.008 I/Gecko   (   83): 1398584157016	Marionette	INFO	sendToClient: {"from":"0","value":{"frame":{"ELEMENT":"{c908397a-cadc-487b-ac1e-5d4acafc7dc1}"},"src":"app://{36d257c1-154c-4c51-a244-d720c7157a70}/index.html","name":"Blox","origin":"app://{36d257c1-154c-4c51-a244-d720c7157a70}"}}, {7665c241-c035-40ca-8c86-c64c2d409883}, {7665c241-c035-40ca-8c86-c64c2d409883}
04-27 00:35:57.018 I/Gecko   (   83): 1398584157031	Marionette	DEBUG	Got request: switchToFrame, data: {"to":"0","sessionId":"3-b2g","name":"switchToFrame","parameters":{"id":null,"focus":true}}, id: {d472c067-a496-4bee-bb78-8e778c555f5d}
04-27 00:35:57.028 I/Gecko   (   83): 1398584157034	Marionette	INFO	Switched to frame: {"frameValue":null}
04-27 00:35:57.138 I/Gecko   (   83): 1398584157145	Marionette	INFO	sendToClient: {"from":"0","ok":true}, {d472c067-a496-4bee-bb78-8e778c555f5d}, {d472c067-a496-4bee-bb78-8e778c555f5d}
04-27 00:35:57.148 I/Gecko   (   83): 1398584157154	Marionette	DEBUG	Got request: execute, data: {"to":"0","sessionId":"3-b2g","name":"executeScript","parameters":{"specialPowers":false,"scriptTimeout":null,"newSandbox":true,"args":[],"filename":"gaia_test.py","script":"window.wrappedJSObject.dispatchEvent(new Event('home'));","line":788}}, id: {0c500446-b573-43d4-96b9-b9e5e9805d95}
04-27 00:35:57.768 I/InputReader(   83): Reconfiguring input devices.  changes=0x00000004
04-27 00:35:57.768 I/InputReader(   83): Device reconfigured: id=6, name='ms-msg21xx', size 320x480, orientation 0, mode 1, display id 0
04-27 00:35:57.788 E/[Gralloc-ERROR](   83): int gralloc_register_buffer(const gralloc_module_t*, const native_handle_t*):79 Unable to register handle 0x434ebce0 coming from different process: 83
04-27 00:35:57.808 E/[Gralloc-ERROR](   83): int gralloc_register_buffer(const gralloc_module_t*, const native_handle_t*):79 Unable to register handle 0x434ebe20 coming from different process: 83
04-27 00:35:57.878 W/WifiHW  (   83): wifi_command: SIGNAL_POLL
04-27 00:35:58.028 I/Gonk    (   83): Setting nice for pid 865 to 18
04-27 00:35:58.028 I/Gonk    (   83): Changed nice for pid 865 from 0 to 18.
04-27 00:35:58.068 E/[Gralloc-ERROR](   83): int gralloc_unregister_buffer(const gralloc_module_t*, const native_handle_t*):274 Trying to unregister buffer 0x432c11a0 from process 83 that was not created in current process: 83
04-27 00:35:58.188 I/Gecko   (   83): 1398584158200	Marionette	INFO	sendToClient: {"from":"0","value":null}, {0c500446-b573-43d4-96b9-b9e5e9805d95}, {0c500446-b573-43d4-96b9-b9e5e9805d95}
04-27 00:35:58.208 E/[Gralloc-ERROR](   83): int gralloc_unregister_buffer(const gralloc_module_t*, const native_handle_t*):274 Trying to unregister buffer 0x432c10b0 from process 83 that was not created in current process: 83
04-27 00:35:58.218 I/Gonk    (   83): Setting nice for pid 865 to 18
04-27 00:35:58.218 I/Gonk    (   83): Changed nice for pid 865 from 18 to 18.
04-27 00:35:58.218 I/Gecko   (   83): [Parent 83] WARNING: waitpid failed pid:865 errno:10: file ../../../gecko/ipc/chromium/src/base/process_util_posix.cc, line 254
04-27 00:35:58.218 I/Gonk    (   83): Setting nice for pid 865 to 1
04-27 00:35:58.218 I/Gonk    (   83): Changed nice for pid 865 from 18 to 1.
04-27 00:35:58.278 I/Gecko   (   83): 1398584158285	Marionette	DEBUG	Got request: switchToFrame, data: {"to":"0","sessionId":"3-b2g","name":"switchToFrame","parameters":{"id":null,"focus":true}}, id: {f0eacc53-5167-4b70-bced-118bd072d202}
04-27 00:35:58.278 I/Gecko   (   83): 1398584158291	Marionette	INFO	Switched to frame: {"frameValue":null}
04-27 00:35:58.398 I/Gecko   (   83): 1398584158411	Marionette	INFO	sendToClient: {"from":"0","ok":true}, {f0eacc53-5167-4b70-bced-118bd072d202}, {f0eacc53-5167-4b70-bced-118bd072d202}
04-27 00:35:58.438 I/Gecko   (   83): 1398584158451	Marionette	DEBUG	Got request: executeWithCallback, data: {"to":"0","sessionId":"3-b2g","name":"executeAsyncScript","parameters":{"specialPowers":false,"scriptTimeout":null,"newSandbox":true,"args":[],"filename":"gaia_test.py","script":"return GaiaApps.displayedApp();","line":66}}, id: {023ff507-88cd-4810-89ed-22fc252580a6}
04-27 00:35:58.598 I/Gecko   (   83): 1398584158604	Marionette	INFO	sendToClient: {"from":"0","value":{"frame":{"ELEMENT":"{65de71c8-522a-47ed-94ef-77e42c081715}"},"src":"app://homescreen.gaiamobile.org/index.html#root","name":"Homescreen","origin":"app://homescreen.gaiamobile.org"}}, {023ff507-88cd-4810-89ed-22fc252580a6}, {023ff507-88cd-4810-89ed-22fc252580a6}
04-27 00:35:58.598 E/GeckoConsole(   83): Content JS LOG at dummy file:392 in GaiaApps.displayedApp: app with origin 'app://homescreen.gaiamobile.org' is displayed
04-27 00:35:59.258 I/Gecko   (   83): 1398584159269	Marionette	DEBUG	Got request: switchToFrame, data: {"to":"0","sessionId":"3-b2g","name":"switchToFrame","parameters":{"id":null,"focus":true}}, id: {fbca9e3e-70a9-4744-b95d-2bf9275a0b6e}
04-27 00:35:59.308 I/Gecko   (   83): 1398584159313	Marionette	INFO	Switched to frame: {"frameValue":null}
04-27 00:35:59.408 I/Gecko   (   83): 1398584159417	Marionette	INFO	sendToClient: {"from":"0","ok":true}, {fbca9e3e-70a9-4744-b95d-2bf9275a0b6e}, {fbca9e3e-70a9-4744-b95d-2bf9275a0b6e}
04-27 00:35:59.418 I/Gecko   (   83): 1398584159428	Marionette	DEBUG	Got request: switchToFrame, data: {"to":"0","sessionId":"3-b2g","name":"switchToFrame","parameters":{"id":null,"focus":true}}, id: {4398ef2d-16c7-4cd9-b5e4-7a516055f749}
04-27 00:35:59.438 I/Gecko   (   83): 1398584159444	Marionette	INFO	Switched to frame: {"frameValue":null}
04-27 00:35:59.538 I/Gecko   (   83): 1398584159552	Marionette	INFO	sendToClient: {"from":"0","ok":true}, {4398ef2d-16c7-4cd9-b5e4-7a516055f749}, {4398ef2d-16c7-4cd9-b5e4-7a516055f749}
04-27 00:35:59.558 I/Gecko   (   83): 1398584159565	Marionette	DEBUG	Got request: executeWithCallback, data: {"to":"0","sessionId":"3-b2g","name":"executeAsyncScript","parameters":{"specialPowers":false,"scriptTimeout":null,"newSandbox":true,"args":[],"filename":"gaia_test.py","script":"return GaiaApps.displayedApp();","line":66}}, id: {606bf76f-840c-46b2-9d7d-858c0287cb1b}
04-27 00:35:59.718 E/GeckoConsole(   83): Content JS LOG at dummy file:392 in GaiaApps.displayedApp: app with origin 'app://homescreen.gaiamobile.org' is displayed
04-27 00:35:59.728 I/Gonk    (   83): Setting nice for pid 782 to 18
04-27 00:35:59.728 I/Gonk    (   83): Changed nice for pid 782 from 1 to 18.
04-27 00:35:59.738 I/Gecko   (   83): 1398584159745	Marionette	INFO	sendToClient: {"from":"0","value":{"frame":{"ELEMENT":"{65de71c8-522a-47ed-94ef-77e42c081715}"},"src":"app://homescreen.gaiamobile.org/index.html#root","name":"Homescreen","origin":"app://homescreen.gaiamobile.org"}}, {606bf76f-840c-46b2-9d7d-858c0287cb1b}, {606bf76f-840c-46b2-9d7d-858c0287cb1b}
04-27 00:35:59.788 I/Gecko   (   83): 1398584159794	Marionette	DEBUG	Got request: switchToFrame, data: {"to":"0","sessionId":"3-b2g","name":"switchToFrame","parameters":{"focus":true,"element":"{65de71c8-522a-47ed-94ef-77e42c081715}"}}, id: {3b2999c3-6c7b-4678-bf36-cd841b8f08ff}
04-27 00:35:59.808 I/Gecko   (   83): 1398584159817	Marionette	INFO	Switched to frame: {"frameValue":"{65de71c8-522a-47ed-94ef-77e42c081715}"}
04-27 00:35:59.808 I/Gecko   (   83): 1398584159820	Marionette	INFO	trying remote frame 0
04-27 00:35:59.808 I/Gecko   (   83): 1398584159821	Marionette	INFO	deleting frame
04-27 00:35:59.828 I/Gecko   (   83): 1398584159835	Marionette	INFO	frame-manager load script: [object ChromeMessageSender]
04-27 00:36:00.798 I/Gecko   (  865): ###################################### forms.js loaded
04-27 00:36:00.828 I/Gecko   (  865): ############################### browserElementPanning.js loaded
04-27 00:36:00.848 I/Gecko   (  865): ######################## BrowserElementChildPreload.js loaded
04-27 00:36:00.948 I/Gecko   (   83): 
04-27 00:36:00.948 I/Gecko   (   83): ###!!! [Parent][MessageChannel] Error: Channel error: cannot send/recv
04-27 00:36:00.948 I/Gecko   (   83): 
04-27 00:36:00.988 D/Sensors (   83): activate handle=0; drv=0
04-27 00:36:00.998 D/Sensors (   83): Lis3dhSensor: Control set 0
04-27 00:36:00.998 D/Sensors (   83): Lis3dhSensor: mEnabled = 0
04-27 00:36:01.078 I/GeckoDump(   83): Crash reporter : Can't fetch app.reportCrashes. Exception: [Exception... "Component returned failure code: 0x8000ffff (NS_ERROR_UNEXPECTED) [nsIPrefBranch.getBoolPref]"  nsresult: "0x8000ffff (NS_ERROR_UNEXPECTED)"  location: "JS frame :: chrome://browser/content/shell.js :: shell_reportCrash :: line 7"  data: no]
04-27 00:36:01.098 I/Gecko   (   83): [Parent 83] WARNING: waitpid failed pid:782 errno:10: file ../../../gecko/ipc/chromium/src/base/process_util_posix.cc, line 254
04-27 00:36:01.758 I/Gecko   (   83): 1398584161766	Marionette	INFO	sendToClient: {"from":"0","ok":true}, {3b2999c3-6c7b-4678-bf36-cd841b8f08ff}, {3b2999c3-6c7b-4678-bf36-cd841b8f08ff}
04-27 00:36:01.918 I/Gecko   (   83): 1398584161930	Marionette	INFO	sendToClient: {"from":"0","value":"app://homescreen.gaiamobile.org/index.html#root"}, {f7480805-0add-4a48-85e8-91241e70c698}, {f7480805-0add-4a48-85e8-91241e70c698}
04-27 00:36:01.928 I/Gecko   (   83): 1398584161939	Marionette	DEBUG	Got request: switchToFrame, data: {"to":"0","sessionId":"3-b2g","name":"switchToFrame","parameters":{"id":null,"focus":true}}, id: {103a8383-3f2b-48d5-b66b-ad245f93a46c}
04-27 00:36:01.948 I/Gecko   (   83): 1398584161952	Marionette	INFO	Switched to frame: {"frameValue":null}
04-27 00:36:02.048 I/Gecko   (   83): 1398584162057	Marionette	INFO	sendToClient: {"from":"0","ok":true}, {103a8383-3f2b-48d5-b66b-ad245f93a46c}, {103a8383-3f2b-48d5-b66b-ad245f93a46c}
04-27 00:36:02.058 I/Gecko   (   83): 1398584162064	Marionette	DEBUG	Got request: switchToFrame, data: {"to":"0","sessionId":"3-b2g","name":"switchToFrame","parameters":{"id":null,"focus":true}}, id: {b994017f-76d1-4264-ad41-a878049c5288}
04-27 00:36:02.058 I/Gecko   (   83): 1398584162065	Marionette	INFO	Switched to frame: {"frameValue":null}
04-27 00:36:02.158 I/Gecko   (   83): 1398584162167	Marionette	INFO	sendToClient: {"from":"0","ok":true}, {b994017f-76d1-4264-ad41-a878049c5288}, {b994017f-76d1-4264-ad41-a878049c5288}
04-27 00:36:02.168 I/Gecko   (   83): 1398584162175	Marionette	DEBUG	Got request: executeWithCallback, data: {"to":"0","sessionId":"3-b2g","name":"executeAsyncScript","parameters":{"specialPowers":false,"scriptTimeout":null,"newSandbox":true,"args":[],"filename":"gaia_test.py","script":"GaiaApps.killAll()","line":91}}, id: {edc3690a-0160-45cf-aff7-e224c8adaf18}
04-27 00:36:02.218 I/Gecko   (   83): 1398584162230	Marionette	INFO	sendToClient: {"from":"0","value":true}, {edc3690a-0160-45cf-aff7-e224c8adaf18}, {edc3690a-0160-45cf-aff7-e224c8adaf18}
04-27 00:36:02.228 I/Gecko   (   83): 1398584162237	Marionette	DEBUG	Got request: switchToFrame, data: {"to":"0","sessionId":"3-b2g","name":"switchToFrame","parameters":{"id":null,"focus":true}}, id: {b345f320-6783-4bfc-8171-abff709d0f06}
04-27 00:36:02.238 I/Gecko   (   83): 1398584162244	Marionette	INFO	Switched to frame: {"frameValue":null}
04-27 00:36:02.338 I/Gecko   (   83): 1398584162347	Marionette	INFO	sendToClient: {"from":"0","ok":true}, {b345f320-6783-4bfc-8171-abff709d0f06}, {b345f320-6783-4bfc-8171-abff709d0f06}
04-27 00:36:02.348 I/Gecko   (   83): 1398584162354	Marionette	DEBUG	Got request: executeWithCallback, data: {"to":"0","sessionId":"3-b2g","name":"executeAsyncScript","parameters":{"specialPowers":false,"scriptTimeout":60000,"newSandbox":true,"args":[],"filename":"app_checker.py","script":"\n        GaiaApps.locateWithManifestURL('https://marketplace.firefox.com/app/ff3e9544-3a93-4d17-8bbc-81dbfe382c1c/manifest.webapp',\n                                       null,\n                                       function uninstall(app) {\n                                       navigator.mozApps.mgmt.uninstall(app);\n                                       marionetteScriptFinished(true);\n                                       });\n        ","line":129}}, id: {f87b22ec-46bb-496b-9468-f4cfe59aa69f}
04-27 00:36:02.418 I/Gecko   (   83): -- webapps.js uninstall https://marketplace.firefox.com/app/ff3e9544-3a93-4d17-8bbc-81dbfe382c1c/manifest.webapp
04-27 00:36:02.708 I/Gecko   (   83): 1398584162714	Marionette	INFO	sendToClient: {"from":"0","value":true}, {f87b22ec-46bb-496b-9468-f4cfe59aa69f}, {f87b22ec-46bb-496b-9468-f4cfe59aa69f}