--------- beginning of /dev/log/main
04-26 08:28:43.800 I/Gecko   (   83): 1398526123803	Marionette	INFO	sendToClient: {"from":"0","ok":true}, {af4b1e51-f8a5-4be8-bdd2-42b37283f8e3}, {af4b1e51-f8a5-4be8-bdd2-42b37283f8e3}
04-26 08:28:43.840 I/Gecko   (   83): 1398526123847	Marionette	DEBUG	Got request: switchToFrame, data: {"to":"0","sessionId":"3-b2g","name":"switchToFrame","parameters":{"id":null,"focus":true}}, id: {1b0a6751-6474-449d-8025-82536a582d74}
04-26 08:28:43.840 I/Gecko   (   83): 1398526123852	Marionette	INFO	Switched to frame: {"frameValue":null}
04-26 08:28:43.950 I/Gecko   (   83): 1398526123957	Marionette	INFO	sendToClient: {"from":"0","ok":true}, {1b0a6751-6474-449d-8025-82536a582d74}, {1b0a6751-6474-449d-8025-82536a582d74}
04-26 08:28:43.960 I/Gecko   (   83): 1398526123964	Marionette	DEBUG	Got request: executeWithCallback, data: {"to":"0","sessionId":"3-b2g","name":"executeAsyncScript","parameters":{"specialPowers":false,"scriptTimeout":null,"newSandbox":true,"args":[],"filename":"gaia_test.py","script":"return GaiaApps.displayedApp();","line":66}}, id: {1194e48e-f3dd-45eb-a94a-1cea11fd4f06}
04-26 08:28:44.000 I/Gecko   (   83): [Parent 83] WARNING: waitpid failed pid:695 errno:10: file ../../../gecko/ipc/chromium/src/base/process_util_posix.cc, line 254
04-26 08:28:44.000 I/Gecko   (   83): [Parent 83] WARNING: Failed to deliver SIGKILL to 695!(3).: file ../../../gecko/ipc/chromium/src/chrome/common/process_watcher_posix_sigchld.cc, line 118
04-26 08:28:44.020 I/Gecko   (   83): 1398526124023	Marionette	INFO	sendToClient: {"from":"0","value":{"frame":{"ELEMENT":"{6c31c445-015f-44b7-85d8-5c9aa3803890}"},"src":"app://homescreen.gaiamobile.org/index.html#root","name":"Homescreen","origin":"app://homescreen.gaiamobile.org"}}, {1194e48e-f3dd-45eb-a94a-1cea11fd4f06}, {1194e48e-f3dd-45eb-a94a-1cea11fd4f06}
04-26 08:28:44.030 E/GeckoConsole(   83): Content JS LOG at dummy file:392 in GaiaApps.displayedApp: app with origin 'app://homescreen.gaiamobile.org' is displayed
04-26 08:28:44.060 I/Gecko   (   83): 1398526124065	Marionette	DEBUG	Got request: switchToFrame, data: {"to":"0","sessionId":"3-b2g","name":"switchToFrame","parameters":{"id":null,"focus":true}}, id: {41b356ee-6c58-4c1f-a3d0-b7ebf159a8ce}
04-26 08:28:44.070 I/Gecko   (   83): 1398526124076	Marionette	INFO	Switched to frame: {"frameValue":null}
04-26 08:28:44.150 I/Gonk    (   83): Setting nice for pid 741 to 18
04-26 08:28:44.150 I/Gonk    (   83): Changed nice for pid 741 from 0 to 18.
04-26 08:28:44.170 I/Gecko   (   83): 1398526124178	Marionette	INFO	sendToClient: {"from":"0","ok":true}, {41b356ee-6c58-4c1f-a3d0-b7ebf159a8ce}, {41b356ee-6c58-4c1f-a3d0-b7ebf159a8ce}
04-26 08:28:44.180 I/Gecko   (   83): 1398526124185	Marionette	DEBUG	Got request: switchToFrame, data: {"to":"0","sessionId":"3-b2g","name":"switchToFrame","parameters":{"id":null,"focus":true}}, id: {635e5f76-38c9-44a3-8e55-8c41d0af5fce}
04-26 08:28:44.180 I/Gecko   (   83): 1398526124187	Marionette	INFO	Switched to frame: {"frameValue":null}
04-26 08:28:44.310 I/Gecko   (   83): 1398526124314	Marionette	INFO	sendToClient: {"from":"0","ok":true}, {635e5f76-38c9-44a3-8e55-8c41d0af5fce}, {635e5f76-38c9-44a3-8e55-8c41d0af5fce}
04-26 08:28:44.320 I/Gecko   (   83): 1398526124329	Marionette	DEBUG	Got request: executeWithCallback, data: {"to":"0","sessionId":"3-b2g","name":"executeAsyncScript","parameters":{"specialPowers":false,"scriptTimeout":null,"newSandbox":true,"args":[],"filename":"gaia_test.py","script":"return GaiaApps.displayedApp();","line":66}}, id: {45fecc60-a12e-484a-b9a4-04b5723adac1}
04-26 08:28:44.410 I/Gecko   (   83): 1398526124419	Marionette	INFO	sendToClient: {"from":"0","value":{"frame":{"ELEMENT":"{6c31c445-015f-44b7-85d8-5c9aa3803890}"},"src":"app://homescreen.gaiamobile.org/index.html#root","name":"Homescreen","origin":"app://homescreen.gaiamobile.org"}}, {45fecc60-a12e-484a-b9a4-04b5723adac1}, {45fecc60-a12e-484a-b9a4-04b5723adac1}
04-26 08:28:44.420 E/GeckoConsole(   83): Content JS LOG at dummy file:392 in GaiaApps.displayedApp: app with origin 'app://homescreen.gaiamobile.org' is displayed
04-26 08:28:44.430 I/Gecko   (   83): 1398526124435	Marionette	DEBUG	Got request: switchToFrame, data: {"to":"0","sessionId":"3-b2g","name":"switchToFrame","parameters":{"focus":true,"element":"{6c31c445-015f-44b7-85d8-5c9aa3803890}"}}, id: {72ce3d50-0ff1-4770-9db8-1fa071f19705}
04-26 08:28:44.440 I/Gecko   (   83): 1398526124445	Marionette	INFO	Switched to frame: {"frameValue":"{6c31c445-015f-44b7-85d8-5c9aa3803890}"}
04-26 08:28:44.460 I/Gecko   (   83): 1398526124463	Marionette	INFO	trying remote frame 0
04-26 08:28:44.470 I/Gecko   (   83): 1398526124479	Marionette	INFO	deleting frame
04-26 08:28:44.490 I/Gecko   (   83): 1398526124495	Marionette	INFO	frame-manager load script: [object ChromeMessageSender]
04-26 08:28:45.320 I/Gecko   (   83): 1398526125327	Marionette	INFO	sendToClient: {"from":"0","ok":true}, {72ce3d50-0ff1-4770-9db8-1fa071f19705}, {72ce3d50-0ff1-4770-9db8-1fa071f19705}
04-26 08:28:45.610 V/AudioPolicyManagerBase(   88): getDeviceForStrategy() from cache strategy 0, device 2
04-26 08:28:45.610 V/AudioPolicyManagerBase(   88): getOutput() stream 1, samplingRate 0, format 0, channels 3, flags 0
04-26 08:28:45.650 I/Gecko   (   83): 1398526125659	Marionette	INFO	sendToClient: {"from":"0","value":{"ELEMENT":"{02df74fb-72c2-46ad-a92e-014dc93d2276}"}}, {5e34a850-3a45-46d2-967b-5e952d55a51a}, {5e34a850-3a45-46d2-967b-5e952d55a51a}
04-26 08:28:45.740 V/AudioPolicyManagerBase(   88): startOutput() output 1, stream 1, session 2
04-26 08:28:45.740 V/AudioPolicyManagerBase(   88): startReadingThread
04-26 08:28:45.740 V/AudioPolicyManagerBase(   88): changeRefCount() stream 1, count 1
04-26 08:28:45.740 V/AudioPolicyManagerBase(   88): getDeviceForStrategy() from cache strategy 0, device 2
04-26 08:28:45.740 V/AudioPolicyManagerBase(   88): getNewDevice() selected device 2
04-26 08:28:45.740 D/AudioPolicyManagerBase(   88): setOutputDevice() output 1 device 2 delayMs 0
04-26 08:28:45.740 V/AudioPolicyManagerBase(   88): setOutputDevice() setting same device 2 or null device for output 1
04-26 08:28:45.740 E/AudioPolicyManagerBase(   88): checkAndSetVolume stream=1, index=0, output=1, device=2
04-26 08:28:45.740 E/AudioPolicyManagerBase(   88): computeVolume, streamDesc=0x16aebb8
04-26 08:28:45.770 V/AudioPolicyManagerBase(   88): ThreadWrapper 0x16aeb40
04-26 08:28:45.770 V/AudioPolicyManagerBase(   88): threadFunc in
04-26 08:28:45.800 W/AudioFlinger(   88): Thread AudioOut_1 cannot connect to the power manager service
04-26 08:28:45.800 V/AudioPolicyManagerBase(   88): stopOutput() output 1, stream 1, session 2
04-26 08:28:45.800 V/AudioPolicyManagerBase(   88): stopReadingThread
04-26 08:28:45.870 V/AudioPolicyManagerBase(   88): threadFunc exit
04-26 08:28:45.870 V/AudioPolicyManagerBase(   88): changeRefCount() stream 1, count 0
04-26 08:28:45.870 V/AudioPolicyManagerBase(   88): getNewDevice() selected device 0
04-26 08:28:45.870 D/AudioPolicyManagerBase(   88): setOutputDevice() output 1 device 0 delayMs 290
04-26 08:28:45.870 V/AudioPolicyManagerBase(   88): setOutputDevice() setting same device 0 or null device for output 1
04-26 08:28:45.870 V/AudioPolicyManagerBase(   88): releaseOutput() 1
04-26 08:28:46.030 W/WifiHW  (   83): wifi_command: SIGNAL_POLL
04-26 08:28:46.790 I/Gecko   (  741): ###################################### forms.js loaded
04-26 08:28:46.820 E/GeckoConsole(  720): [JavaScript Warning: "Use of getAttributeNode() is deprecated. Use getAttribute() instead." {file: "chrome://marionette/content/atoms.js" line: 25}]
04-26 08:28:46.850 E/GeckoConsole(  720): [JavaScript Warning: "Use of attributes' specified attribute is deprecated. It always returns true." {file: "chrome://marionette/content/atoms.js" line: 25}]
04-26 08:28:46.850 I/Gecko   (   83): 1398526126855	Marionette	INFO	sendToClient: {"from":"0","value":"normal"}, {ea57eaed-4721-4c57-9841-b957dff77b02}, {ea57eaed-4721-4c57-9841-b957dff77b02}
04-26 08:28:46.850 I/Gecko   (   83): 1398526126862	Marionette	DEBUG	Got request: switchToFrame, data: {"to":"0","sessionId":"3-b2g","name":"switchToFrame","parameters":{"id":null,"focus":true}}, id: {a24eda0a-8f06-4efa-b253-0cf7c7609f10}
04-26 08:28:46.870 I/Gecko   (   83): 1398526126878	Marionette	INFO	Switched to frame: {"frameValue":null}
04-26 08:28:46.910 I/Gecko   (  741): ############################### browserElementPanning.js loaded
04-26 08:28:46.950 I/Gecko   (  741): ######################## BrowserElementChildPreload.js loaded
04-26 08:28:47.000 I/Gecko   (   83): 1398526127004	Marionette	INFO	sendToClient: {"from":"0","ok":true}, {a24eda0a-8f06-4efa-b253-0cf7c7609f10}, {a24eda0a-8f06-4efa-b253-0cf7c7609f10}
04-26 08:28:47.020 I/Gecko   (   83): 1398526127024	Marionette	DEBUG	Got request: execute, data: {"to":"0","sessionId":"3-b2g","name":"executeScript","parameters":{"specialPowers":false,"scriptTimeout":null,"newSandbox":true,"args":[],"filename":"gaia_test.py","script":"window.wrappedJSObject.dispatchEvent(new Event('home'));","line":788}}, id: {0a483429-24f2-42b5-8f6b-0de160b85f16}
04-26 08:28:47.130 I/Gecko   (   83): 1398526127141	Marionette	INFO	sendToClient: {"from":"0","value":null}, {0a483429-24f2-42b5-8f6b-0de160b85f16}, {0a483429-24f2-42b5-8f6b-0de160b85f16}
04-26 08:28:47.210 I/Gecko   (   83): 1398526127213	Marionette	DEBUG	Got request: switchToFrame, data: {"to":"0","sessionId":"3-b2g","name":"switchToFrame","parameters":{"id":null,"focus":true}}, id: {ce3aa6bf-125b-428e-a3eb-1e1652307a0b}
04-26 08:28:47.220 I/Gecko   (   83): 1398526127227	Marionette	INFO	Switched to frame: {"frameValue":null}
04-26 08:28:47.320 I/Gecko   (   83): 1398526127332	Marionette	INFO	sendToClient: {"from":"0","ok":true}, {ce3aa6bf-125b-428e-a3eb-1e1652307a0b}, {ce3aa6bf-125b-428e-a3eb-1e1652307a0b}
04-26 08:28:47.330 I/Gecko   (   83): 1398526127338	Marionette	DEBUG	Got request: switchToFrame, data: {"to":"0","sessionId":"3-b2g","name":"switchToFrame","parameters":{"id":null,"focus":true}}, id: {f95618fb-36e1-4757-8f46-faf6d49729f8}
04-26 08:28:47.330 I/Gecko   (   83): 1398526127340	Marionette	INFO	Switched to frame: {"frameValue":null}
04-26 08:28:47.440 I/Gecko   (   83): 1398526127443	Marionette	INFO	sendToClient: {"from":"0","ok":true}, {f95618fb-36e1-4757-8f46-faf6d49729f8}, {f95618fb-36e1-4757-8f46-faf6d49729f8}
04-26 08:28:47.440 I/Gecko   (   83): 1398526127450	Marionette	DEBUG	Got request: executeWithCallback, data: {"to":"0","sessionId":"3-b2g","name":"executeAsyncScript","parameters":{"specialPowers":false,"scriptTimeout":null,"newSandbox":true,"args":[],"filename":"gaia_test.py","script":"return GaiaApps.displayedApp();","line":66}}, id: {11731b61-0459-4868-b9fb-0db352e05306}
04-26 08:28:47.640 E/GeckoConsole(   83): Content JS LOG at dummy file:392 in GaiaApps.displayedApp: app with origin 'app://homescreen.gaiamobile.org' is displayed
04-26 08:28:47.640 I/Gecko   (   83): 1398526127647	Marionette	INFO	sendToClient: {"from":"0","value":{"frame":{"ELEMENT":"{6c31c445-015f-44b7-85d8-5c9aa3803890}"},"src":"app://homescreen.gaiamobile.org/index.html#rootSat%20Apr%2026%202014%2008:28:47%20GMT-0700%20(UTC)","name":"Homescreen","origin":"app://homescreen.gaiamobile.org"}}, {11731b61-0459-4868-b9fb-0db352e05306}, {11731b61-0459-4868-b9fb-0db352e05306}
04-26 08:28:47.680 I/Gecko   (   83): 1398526127684	Marionette	DEBUG	Got request: switchToFrame, data: {"to":"0","sessionId":"3-b2g","name":"switchToFrame","parameters":{"focus":true,"element":"{6c31c445-015f-44b7-85d8-5c9aa3803890}"}}, id: {bcabf3b6-bbec-4d03-87cb-9e16fe72c3a4}
04-26 08:28:47.690 I/Gecko   (   83): 1398526127700	Marionette	INFO	Switched to frame: {"frameValue":"{6c31c445-015f-44b7-85d8-5c9aa3803890}"}
04-26 08:28:47.710 I/Gecko   (   83): 1398526127718	Marionette	INFO	trying remote frame 0
04-26 08:28:47.990 I/Gecko   (   83): 1398526128002	Marionette	INFO	sendToClient: {"from":"0","ok":true}, {bcabf3b6-bbec-4d03-87cb-9e16fe72c3a4}, {bcabf3b6-bbec-4d03-87cb-9e16fe72c3a4}
04-26 08:28:48.000 I/Gecko   (   83): 1398526128010	Marionette	DEBUG	Got request: execute, data: {"to":"0","sessionId":"3-b2g","name":"executeScript","parameters":{"specialPowers":false,"scriptTimeout":null,"newSandbox":true,"args":[],"filename":"gaia_test.py","script":"return window.wrappedJSObject.GridManager.pageHelper.getCurrentPageNumber();","line":784}}, id: {9f8a1183-55d7-43e4-8edc-e6616fcba993}
04-26 08:28:49.210 I/Gecko   (   83): 1398526129215	Marionette	INFO	sendToClient: {"from":"0","value":0}, {9f8a1183-55d7-43e4-8edc-e6616fcba993}, {9f8a1183-55d7-43e4-8edc-e6616fcba993}
04-26 08:28:49.310 E/GeckoConsole(  720): Content JS WARN at app://homescreen.gaiamobile.org/gaia_build_defer_index.js:184 in isHiddenApp: Unexpected role when checking hidden app: undefined
04-26 08:28:49.310 E/GeckoConsole(  720): Content JS WARN at app://homescreen.gaiamobile.org/gaia_build_defer_index.js:184 in isHiddenApp: Unexpected role when checking hidden app: undefined
04-26 08:28:49.320 E/GeckoConsole(  720): Content JS WARN at app://homescreen.gaiamobile.org/gaia_build_defer_index.js:184 in isHiddenApp: Unexpected role when checking hidden app: undefined
04-26 08:28:49.320 E/GeckoConsole(  720): Content JS WARN at app://homescreen.gaiamobile.org/gaia_build_defer_index.js:184 in isHiddenApp: Unexpected role when checking hidden app: undefined
04-26 08:28:49.320 E/GeckoConsole(  720): Content JS WARN at app://homescreen.gaiamobile.org/gaia_build_defer_index.js:184 in isHiddenApp: Unexpected role when checking hidden app: undefined
04-26 08:28:49.330 E/GeckoConsole(  720): Content JS WARN at app://homescreen.gaiamobile.org/gaia_build_defer_index.js:184 in isHiddenApp: Unexpected role when checking hidden app: undefined
04-26 08:28:49.330 E/GeckoConsole(  720): Content JS WARN at app://homescreen.gaiamobile.org/gaia_build_defer_index.js:184 in isHiddenApp: Unexpected role when checking hidden app: undefined
04-26 08:28:49.340 E/GeckoConsole(  720): Content JS WARN at app://homescreen.gaiamobile.org/gaia_build_defer_index.js:184 in isHiddenApp: Unexpected role when checking hidden app: undefined
04-26 08:28:49.340 E/GeckoConsole(  720): Content JS WARN at app://homescreen.gaiamobile.org/gaia_build_defer_index.js:184 in isHiddenApp: Unexpected role when checking hidden app: undefined
04-26 08:28:49.340 E/GeckoConsole(  720): Content JS WARN at app://homescreen.gaiamobile.org/gaia_build_defer_index.js:184 in isHiddenApp: Unexpected role when checking hidden app: undefined
04-26 08:28:49.350 E/GeckoConsole(  720): Content JS WARN at app://homescreen.gaiamobile.org/gaia_build_defer_index.js:184 in isHiddenApp: Unexpected role when checking hidden app: undefined
04-26 08:28:49.350 E/GeckoConsole(  720): Content JS WARN at app://homescreen.gaiamobile.org/gaia_build_defer_index.js:184 in isHiddenApp: Unexpected role when checking hidden app: undefined
04-26 08:28:49.350 E/GeckoConsole(  720): Content JS WARN at app://homescreen.gaiamobile.org/gaia_build_defer_index.js:184 in isHiddenApp: Unexpected role when checking hidden app: undefined
04-26 08:28:49.350 E/GeckoConsole(  720): Content JS WARN at app://homescreen.gaiamobile.org/gaia_build_defer_index.js:184 in isHiddenApp: Unexpected role when checking hidden app: undefined
04-26 08:28:49.360 E/GeckoConsole(  720): Content JS WARN at app://homescreen.gaiamobile.org/gaia_build_defer_index.js:184 in isHiddenApp: Unexpected role when checking hidden app: undefined
04-26 08:28:49.370 E/GeckoConsole(  720): Content JS WARN at app://homescreen.gaiamobile.org/gaia_build_defer_index.js:184 in isHiddenApp: Unexpected role when checking hidden app: undefined
04-26 08:28:49.370 E/GeckoConsole(  720): Content JS WARN at app://homescreen.gaiamobile.org/gaia_build_defer_index.js:184 in isHiddenApp: Unexpected role when checking hidden app: undefined
04-26 08:28:49.370 E/GeckoConsole(  720): Content JS WARN at app://homescreen.gaiamobile.org/gaia_build_defer_index.js:184 in isHiddenApp: Unexpected role when checking hidden app: undefined
04-26 08:28:49.370 E/GeckoConsole(  720): Content JS WARN at app://homescreen.gaiamobile.org/gaia_build_defer_index.js:184 in isHiddenApp: Unexpected role when checking hidden app: undefined
04-26 08:28:49.370 E/GeckoConsole(  720): Content JS WARN at app://homescreen.gaiamobile.org/gaia_build_defer_index.js:184 in isHiddenApp: Unexpected role when checking hidden app: undefined
04-26 08:28:49.380 E/GeckoConsole(  720): Content JS WARN at app://homescreen.gaiamobile.org/gaia_build_defer_index.js:184 in isHiddenApp: Unexpected role when checking hidden app: undefined
04-26 08:28:49.380 E/GeckoConsole(  720): Content JS WARN at app://homescreen.gaiamobile.org/gaia_build_defer_index.js:184 in isHiddenApp: Unexpected role when checking hidden app: undefined
04-26 08:28:50.200 I/Gecko   (   83): 1398526130210	Marionette	INFO	sendToClient: {"from":"0","value":["{006fae92-f70d-49f9-ae3d-5eade4343fdf}","{149cb4b7-c0df-4d8f-bed7-25d995f463f6}","{be8cee57-08d8-4be0-a554-3568185ad9c3}","{df019b39-bffb-41bb-b6c8-5f699c37ba35}","{c2d026a5-1053-4b45-82ca-063c333e2717}","{93ad7ae2-a38f-43f7-84d8-9c4abebf1d1e}","{8786d248-54d4-480b-810d-9980a2b345c3}","{8c69eea9-8d4b-4f4f-b841-c505f0633b65}","{07b97eae-5be7-400e-8248-27de1ab4c335}","{b3a123ed-60f0-4c82-8236-803ff03277ff}","{1840489c-46fd-44dc-adf5-2e2fa2ceb6c0}","{3a9b0be0-0339-4dfa-84ed-8cdf58c07f47}","{291aa7ec-e4cc-4992-891e-586b7de7d97d}","{4abf8eae-97f6-4caa-aa72-1d875698e21d}","{f8120c40-a528-4bfb-9754-b245140465a2}","{463610d7-1e4e-4d67-9c64-6d96a07417ae}","{16931f3f-8996-4056-9421-a4ef3deb8f3d}","{02a31976-2ecd-41b9-8777-22d5c14a2dd7}","{a73e6e69-7b9d-479b-a9bd-66c713bd3799}","{72e4ed73-e099-43cd-8635-53aabdc375c5}","{b75fdbfa-fde2-47da-993e-42e10ce389cf}","{5a0f83a6-8219-4ecb-8db6-f9380afb4e76}","{585c1362-980c-49d0-bf73-da94039603a9}","{4ef11a9b-d98a
04-26 08:28:50.320 I/Gecko   (   83): 1398526130332	Marionette	INFO	sendToClient: {"from":"0","value":"app://homescreen.gaiamobile.org/index.html#rootSat%20Apr%2026%202014%2008:28:47%20GMT-0700%20(UTC)"}, {410a7ec3-9364-4577-a713-6345604326b9}, {410a7ec3-9364-4577-a713-6345604326b9}
04-26 08:28:50.350 I/Gecko   (   83): 1398526130354	Marionette	DEBUG	Got request: switchToFrame, data: {"to":"0","sessionId":"3-b2g","name":"switchToFrame","parameters":{"id":null,"focus":true}}, id: {0c052ad4-e2b7-4440-8b2e-36ae8fac6da7}
04-26 08:28:50.390 I/Gecko   (   83): 1398526130393	Marionette	INFO	Switched to frame: {"frameValue":null}
04-26 08:28:50.490 I/Gecko   (   83): 1398526130496	Marionette	INFO	sendToClient: {"from":"0","ok":true}, {0c052ad4-e2b7-4440-8b2e-36ae8fac6da7}, {0c052ad4-e2b7-4440-8b2e-36ae8fac6da7}
04-26 08:28:50.500 I/Gecko   (   83): 1398526130502	Marionette	DEBUG	Got request: switchToFrame, data: {"to":"0","sessionId":"3-b2g","name":"switchToFrame","parameters":{"id":null,"focus":true}}, id: {3eb0e16f-fb9e-41dd-8b58-0adcccf859b3}
04-26 08:28:50.500 I/Gecko   (   83): 1398526130504	Marionette	INFO	Switched to frame: {"frameValue":null}
04-26 08:28:50.600 I/Gecko   (   83): 1398526130610	Marionette	INFO	sendToClient: {"from":"0","ok":true}, {3eb0e16f-fb9e-41dd-8b58-0adcccf859b3}, {3eb0e16f-fb9e-41dd-8b58-0adcccf859b3}
04-26 08:28:50.610 I/Gecko   (   83): 1398526130617	Marionette	DEBUG	Got request: executeWithCallback, data: {"to":"0","sessionId":"3-b2g","name":"executeAsyncScript","parameters":{"specialPowers":false,"scriptTimeout":30000,"newSandbox":true,"args":[],"filename":"app_checker.py","script":"GaiaApps.launchWithManifestURL('http://mozcalc.heroku.com/manifest.webapp')","line":106}}, id: {2e6af117-982a-4b97-9793-f81a8e2e1dc7}
04-26 08:28:50.710 I/Gonk    (   83): Setting nice for pid 741 to 18
04-26 08:28:50.710 I/Gonk    (   83): Changed nice for pid 741 from 0 to 18.
04-26 08:28:50.710 I/Gecko   (   83): [Parent 83] WARNING: waitpid failed pid:741 errno:10: file ../../../gecko/ipc/chromium/src/base/process_util_posix.cc, line 254
04-26 08:28:50.720 I/Gonk    (   83): Setting nice for pid 741 to 1
04-26 08:28:50.720 I/Gonk    (   83): Changed nice for pid 741 from 18 to 1.
04-26 08:28:50.920 E/GeckoConsole(   83): Content JS LOG at dummy file:334 in GaiaApps.launch: launching app with name 'Calc'
04-26 08:28:51.080 E/[Gralloc-ERROR](   83): int gralloc_register_buffer(const gralloc_module_t*, const native_handle_t*):79 Unable to register handle 0x49b2b970 coming from different process: 83
04-26 08:28:51.090 E/[Gralloc-ERROR](   83): int gralloc_register_buffer(const gralloc_module_t*, const native_handle_t*):79 Unable to register handle 0x49b2bf10 coming from different process: 83
04-26 08:28:51.140 D/Sensors (   83): activate handle=0; drv=0
04-26 08:28:51.160 D/Sensors (   83): Lis3dhSensor: Control set 1
04-26 08:28:51.160 D/Sensors (   83): Lis3dhSensor: mEnabled = 1
04-26 08:28:51.190 W/WifiHW  (   83): wifi_command: SIGNAL_POLL
04-26 08:28:51.330 I/Gonk    (   83): Setting nice for pid 720 to 18
04-26 08:28:51.330 I/Gonk    (   83): Changed nice for pid 720 from 1 to 18.
04-26 08:28:51.810 I/Gecko   (   83): 
04-26 08:28:51.810 I/Gecko   (   83): ###!!! [Parent][MessageChannel] Error: Channel error: cannot send/recv
04-26 08:28:51.810 I/Gecko   (   83): 
04-26 08:28:51.830 I/Gecko   (   83): [Parent 83] WARNING: waitpid failed pid:720 errno:10: file ../../../gecko/ipc/chromium/src/base/process_util_posix.cc, line 254
04-26 08:28:52.250 E/GeckoConsole(  741): [JavaScript Warning: "Error in parsing value for 'background-image'.  Declaration dropped." {file: "http://mozcalc.herokuapp.com/baa51190b7b19f615106093457d12ca7cb60d6a0.css" line: 1 column: 66 source: "*{-webkit-tap-highlight-color:rgba(0,0,0,0)}html{background-image:-webkit-repeating-linear-gradient(45deg,transparent 0,rgba(0,0,0,.015) 5px),-webkit-repeating-linear-gradient(27deg,transparent 0,rgba(0,0,0,.015) 5px),-webkit-repeating-linear-gradient(76deg,transparent 0,rgba(0,0,0,.015) 5px),-webkit-repeating-linear-gradient(109deg,transparent 0,rgba(0,0,0,.015) 5px),-webkit-repeating-linear-gradient(-27deg,transparent 0,rgba(0,0,0,.015) 5px),-webkit-repeating-linear-gradient(-45deg,transparent 0,rgba(0,0,0,.015) 5px),-webkit-repeating-linear-gradient(-76deg,transparent 0,rgba(0,0,0,.015) 5px),-webkit-repeating-linear-gradient(-109deg,transparent 0,rgba(0,0,0,.015) 5px);background-color:#545454;font-size:110%}body{margin:0;padding:0;font-family:'sans-serif'}#calc{width:100%;height:100%;margin:0 auto}#calc .r
04-26 08:28:52.250 E/GeckoConsole(  741): [JavaScript Warning: "Error in parsing value for 'background-image'.  Declaration dropped." {file: "http://mozcalc.herokuapp.com/baa51190b7b19f615106093457d12ca7cb60d6a0.css" line: 1 column: 1421 source: "*{-webkit-tap-highlight-color:rgba(0,0,0,0)}html{background-image:-webkit-repeating-linear-gradient(45deg,transparent 0,rgba(0,0,0,.015) 5px),-webkit-repeating-linear-gradient(27deg,transparent 0,rgba(0,0,0,.015) 5px),-webkit-repeating-linear-gradient(76deg,transparent 0,rgba(0,0,0,.015) 5px),-webkit-repeating-linear-gradient(109deg,transparent 0,rgba(0,0,0,.015) 5px),-webkit-repeating-linear-gradient(-27deg,transparent 0,rgba(0,0,0,.015) 5px),-webkit-repeating-linear-gradient(-45deg,transparent 0,rgba(0,0,0,.015) 5px),-webkit-repeating-linear-gradient(-76deg,transparent 0,rgba(0,0,0,.015) 5px),-webkit-repeating-linear-gradient(-109deg,transparent 0,rgba(0,0,0,.015) 5px);background-color:#545454;font-size:110%}body{margin:0;padding:0;font-family:'sans-serif'}#calc{width:100%;height:100%;margin:0 auto}#calc 
04-26 08:28:52.250 E/GeckoConsole(  741): [JavaScript Warning: "Error in parsing value for 'background-image'.  Declaration dropped." {file: "http://mozcalc.herokuapp.com/baa51190b7b19f615106093457d12ca7cb60d6a0.css" line: 1 column: 1703 source: "*{-webkit-tap-highlight-color:rgba(0,0,0,0)}html{background-image:-webkit-repeating-linear-gradient(45deg,transparent 0,rgba(0,0,0,.015) 5px),-webkit-repeating-linear-gradient(27deg,transparent 0,rgba(0,0,0,.015) 5px),-webkit-repeating-linear-gradient(76deg,transparent 0,rgba(0,0,0,.015) 5px),-webkit-repeating-linear-gradient(109deg,transparent 0,rgba(0,0,0,.015) 5px),-webkit-repeating-linear-gradient(-27deg,transparent 0,rgba(0,0,0,.015) 5px),-webkit-repeating-linear-gradient(-45deg,transparent 0,rgba(0,0,0,.015) 5px),-webkit-repeating-linear-gradient(-76deg,transparent 0,rgba(0,0,0,.015) 5px),-webkit-repeating-linear-gradient(-109deg,transparent 0,rgba(0,0,0,.015) 5px);background-color:#545454;font-size:110%}body{margin:0;padding:0;font-family:'sans-serif'}#calc{width:100%;height:100%;margin:0 auto}#calc 
04-26 08:28:52.250 E/GeckoConsole(  741): [JavaScript Warning: "Error in parsing value for 'background-image'.  Declaration dropped." {file: "http://mozcalc.herokuapp.com/baa51190b7b19f615106093457d12ca7cb60d6a0.css" line: 1 column: 1932 source: "*{-webkit-tap-highlight-color:rgba(0,0,0,0)}html{background-image:-webkit-repeating-linear-gradient(45deg,transparent 0,rgba(0,0,0,.015) 5px),-webkit-repeating-linear-gradient(27deg,transparent 0,rgba(0,0,0,.015) 5px),-webkit-repeating-linear-gradient(76deg,transparent 0,rgba(0,0,0,.015) 5px),-webkit-repeating-linear-gradient(109deg,transparent 0,rgba(0,0,0,.015) 5px),-webkit-repeating-linear-gradient(-27deg,transparent 0,rgba(0,0,0,.015) 5px),-webkit-repeating-linear-gradient(-45deg,transparent 0,rgba(0,0,0,.015) 5px),-webkit-repeating-linear-gradient(-76deg,transparent 0,rgba(0,0,0,.015) 5px),-webkit-repeating-linear-gradient(-109deg,transparent 0,rgba(0,0,0,.015) 5px);background-color:#545454;font-size:110%}body{margin:0;padding:0;font-family:'sans-serif'}#calc{width:100%;height:100%;margin:0 auto}#calc 
04-26 08:28:52.250 E/GeckoConsole(  741): [JavaScript Warning: "Error in parsing value for 'background-image'.  Declaration dropped." {file: "http://mozcalc.herokuapp.com/baa51190b7b19f615106093457d12ca7cb60d6a0.css" line: 1 column: 2186 source: "*{-webkit-tap-highlight-color:rgba(0,0,0,0)}html{background-image:-webkit-repeating-linear-gradient(45deg,transparent 0,rgba(0,0,0,.015) 5px),-webkit-repeating-linear-gradient(27deg,transparent 0,rgba(0,0,0,.015) 5px),-webkit-repeating-linear-gradient(76deg,transparent 0,rgba(0,0,0,.015) 5px),-webkit-repeating-linear-gradient(109deg,transparent 0,rgba(0,0,0,.015) 5px),-webkit-repeating-linear-gradient(-27deg,transparent 0,rgba(0,0,0,.015) 5px),-webkit-repeating-linear-gradient(-45deg,transparent 0,rgba(0,0,0,.015) 5px),-webkit-repeating-linear-gradient(-76deg,transparent 0,rgba(0,0,0,.015) 5px),-webkit-repeating-linear-gradient(-109deg,transparent 0,rgba(0,0,0,.015) 5px);background-color:#545454;font-size:110%}body{margin:0;padding:0;font-family:'sans-serif'}#calc{width:100%;height:100%;margin:0 auto}#calc 
04-26 08:28:52.840 E/GeckoConsole(  741): [JavaScript Warning: "Unknown property 'box-sizing'.  Declaration dropped." {file: "http://mozcalc.herokuapp.com/" line: 0 column: 10 source: "box-sizing:border-box;-moz-box-sizing:border-box;-webkit-box-sizing:border-box;padding:1px;border:1px;display:block;width:4px;margin-top:1%;position:absolute;top:1%;"}]
04-26 08:28:53.590 I/Gonk    (   83): Setting nice for pid 787 to 18
04-26 08:28:53.590 I/Gonk    (   83): Changed nice for pid 787 from 0 to 18.
04-26 08:28:53.590 E/GeckoConsole(   83): Content JS LOG at dummy file:326 in GaiaApps.launch/appOpen/<: app with origin 'http://mozcalc.heroku.com' has launched
04-26 08:28:53.600 E/[Gralloc-ERROR](   83): int gralloc_unregister_buffer(const gralloc_module_t*, const native_handle_t*):274 Trying to unregister buffer 0x49b2b970 from process 83 that was not created in current process: 83
04-26 08:28:53.600 I/Gecko   (   83): 1398526133604	Marionette	INFO	sendToClient: {"from":"0","value":{"frame":{"ELEMENT":"{ff8cf9d2-4038-4efa-a078-a92ad427cba3}"},"src":"http://mozcalc.heroku.com/","name":"Calc","origin":"http://mozcalc.heroku.com"}}, {2e6af117-982a-4b97-9793-f81a8e2e1dc7}, {2e6af117-982a-4b97-9793-f81a8e2e1dc7}
04-26 08:28:53.640 E/[Gralloc-ERROR](   83): int gralloc_unregister_buffer(const gralloc_module_t*, const native_handle_t*):274 Trying to unregister buffer 0x49b2bf10 from process 83 that was not created in current process: 83
04-26 08:28:53.650 I/Gonk    (   83): Setting nice for pid 787 to 18
04-26 08:28:53.650 I/Gonk    (   83): Changed nice for pid 787 from 18 to 18.
04-26 08:28:53.660 I/Gecko   (   83): [Parent 83] WARNING: waitpid failed pid:787 errno:10: file ../../../gecko/ipc/chromium/src/base/process_util_posix.cc, line 254
04-26 08:28:53.720 I/Gecko   (   83): 1398526133727	Marionette	DEBUG	Got request: switchToFrame, data: {"to":"0","sessionId":"3-b2g","name":"switchToFrame","parameters":{"focus":true,"element":"{ff8cf9d2-4038-4efa-a078-a92ad427cba3}"}}, id: {9fa17b32-93ee-4a91-bd10-85b2b9b14002}
04-26 08:28:53.740 I/Gecko   (   83): 1398526133749	Marionette	INFO	Switched to frame: {"frameValue":"{ff8cf9d2-4038-4efa-a078-a92ad427cba3}"}
04-26 08:28:53.770 I/Gecko   (   83): 1398526133774	Marionette	INFO	trying remote frame 0
04-26 08:28:53.770 I/Gecko   (   83): 1398526133775	Marionette	INFO	deleting frame
04-26 08:28:53.770 I/Gecko   (   83): 1398526133780	Marionette	INFO	frame-manager load script: [object ChromeMessageSender]
04-26 08:28:53.840 I/Gecko   (   83): [Parent 83] WARNING: waitpid failed pid:720 errno:10: file ../../../gecko/ipc/chromium/src/base/process_util_posix.cc, line 254
04-26 08:28:53.840 I/Gecko   (   83): [Parent 83] WARNING: Failed to deliver SIGKILL to 720!(3).: file ../../../gecko/ipc/chromium/src/chrome/common/process_watcher_posix_sigchld.cc, line 118
04-26 08:28:54.660 I/Gonk    (   83): Setting nice for pid 787 to 18
04-26 08:28:54.660 I/Gonk    (   83): Changed nice for pid 787 from 18 to 18.
04-26 08:28:54.740 I/Gecko   (   83): 1398526134743	Marionette	INFO	sendToClient: {"from":"0","ok":true}, {9fa17b32-93ee-4a91-bd10-85b2b9b14002}, {9fa17b32-93ee-4a91-bd10-85b2b9b14002}
04-26 08:28:54.770 I/Gecko   (   83): 1398526134779	Marionette	INFO	sendToClient: {"from":"0","value":"http://mozcalc.herokuapp.com/"}, {31be6d73-6035-4018-a424-8d28c3547e92}, {31be6d73-6035-4018-a424-8d28c3547e92}
04-26 08:28:54.780 I/Gecko   (   83): 1398526134786	Marionette	DEBUG	Got request: execute, data: {"to":"0","sessionId":"3-b2g","name":"executeScript","parameters":{"specialPowers":false,"scriptTimeout":null,"newSandbox":true,"args":[],"filename":"app_checker.py","script":"return window.document.readyState;","line":191}}, id: {ecb7a191-ebad-4169-9c6d-f5605a7ee45e}
04-26 08:28:54.820 I/Gecko   (   83): 1398526134828	Marionette	INFO	sendToClient: {"from":"0","value":"complete"}, {ecb7a191-ebad-4169-9c6d-f5605a7ee45e}, {ecb7a191-ebad-4169-9c6d-f5605a7ee45e}
04-26 08:28:54.830 I/Gecko   (   83): 1398526134837	Marionette	INFO	sendToClient: {"from":"0","value":"http://mozcalc.herokuapp.com/"}, {ea892626-eb7d-468a-9332-6944a71e5f20}, {ea892626-eb7d-468a-9332-6944a71e5f20}
04-26 08:28:54.840 I/Gecko   (  741): Attempting load of libEGL.so
04-26 08:28:54.870 D/libEGL  (  741): loaded /system/lib/egl/libEGL_mali.so
04-26 08:28:54.900 D/libEGL  (  741): loaded /system/lib/egl/libGLESv1_CM_mali.so
04-26 08:28:54.920 D/libEGL  (  741): loaded /system/lib/egl/libGLESv2_mali.so
04-26 08:28:54.940 I/Gecko   (  741): SharedSurface_Gralloc::Create -------
04-26 08:28:54.970 I/Gecko   (  741): SharedSurface_Gralloc::Create: success -- surface 0x43289780, GraphicBuffer 0x44008c80.
04-26 08:28:55.770 I/Gonk    (   83): Setting nice for pid 800 to 18
04-26 08:28:55.770 I/Gonk    (   83): Changed nice for pid 800 from 0 to 18.
04-26 08:28:56.200 W/WifiHW  (   83): wifi_command: SIGNAL_POLL
04-26 08:28:56.240 I/Gecko   (   83): 1398526136248	Marionette	INFO	sendToClient: {"from":"0","value":"iVBORw0KGgoAAAANSUhEUgAAAUAAAAHgCAYAAADUjLREAAAgAElEQVR4nOy9eVzU5f7+73/n1Kk0y0rT1EGWYZsZYNgGZph9YdgRUFQQFRdAwT0tNzRzF1NDc8Glcl9Kjym5fE3cMjE0VNwRwTXTrOx0zrl+f/h735+ZYd4z7xkGGI83j8f1eBTNDPDsvq73697bpKamgoqKiupFVJvW/gWoqKioWks0AKmoqF5YuSQABwwYgIKCAgwcOBB9+/ZFcnIydDodoqOjIZPJEBMTA7lcDoVCAaVSSaRSqaioqF5wmWaCQqGAXC5HTEwMZDIZoqOjodPpkJycjL59+2LgwIEoKChATk5O6wZg//79kZeXh6SkJEgkEkilUigUCqjVauh0OhgMBhiNRsTHxyMhIQGJiYlISkpCcnIykpOTkZKSwqrWfipQUVG5XrY8z+RCUlISEhMTkZCQgPj4eBiNRhgMBuh0OqjVaigUCkilUkgkEiQnJyMvLw/Z2dlO/04OB2C/fv0wbNgwUt2pVCrodDoYjUYkJiYiNTUV6enp6N27NzIzM9G3b19kZWUhOzsb/fv3R05ODnJycjBgwABWDRw4kIqK6n9MtjzP5EL//v2RnZ2NrKws9O3bF5mZmejduzfS09ORmpqKxMREGI1G6HQ6qFQq0sPMz89Hnz59mjcACwsLodPpIJPJoFarERsbi8TERKSlpSEzMxNZWVkYMGAABg8ejGHDhiE/Px8FBQUYMWIECgsLUVRUhJEjR2LUqFFEo0ePpqKiekFlmgUjR45EUVERCgsLMWLECBQUFCA/Px/Dhg3D4MGDMWDAAGRlZSEzMxNpaWlITExEbGws1Go1ZDIZ9Ho9CgsLXR+AaWlpyMvLg0QigVKphMFgQGJiItLT09G3b18MGDAAQ4cORX5+PoqKijBmzBiMHz8eEyZMwIcffohJkyZhypQpmD
04-26 08:28:56.510 I/Gecko   (   83): 1398526136520	Marionette	INFO	sendToClient: {"from":"0","ok":true}, {7b49244c-af8b-47d0-a72a-d7a702a2ee8d}, {7b49244c-af8b-47d0-a72a-d7a702a2ee8d}
04-26 08:28:56.540 I/Gecko   (   83): 1398526136550	Marionette	DEBUG	Got request: switchToFrame, data: {"to":"0","sessionId":"3-b2g","name":"switchToFrame","parameters":{"id":null,"focus":true}}, id: {73f83628-e4ef-444f-ae71-4822cb563ac1}
04-26 08:28:56.560 I/Gecko   (   83): 1398526136572	Marionette	INFO	Switched to frame: {"frameValue":null}
04-26 08:28:56.680 I/Gecko   (   83): 1398526136692	Marionette	INFO	sendToClient: {"from":"0","ok":true}, {73f83628-e4ef-444f-ae71-4822cb563ac1}, {73f83628-e4ef-444f-ae71-4822cb563ac1}
04-26 08:28:56.700 I/Gecko   (   83): 1398526136702	Marionette	DEBUG	Got request: executeWithCallback, data: {"to":"0","sessionId":"3-b2g","name":"executeAsyncScript","parameters":{"specialPowers":false,"scriptTimeout":null,"newSandbox":true,"args":[],"filename":"gaia_test.py","script":"return GaiaApps.displayedApp();","line":66}}, id: {dc1bdfaa-dc59-4a6b-8211-c6dd6cc2c135}
04-26 08:28:56.850 I/Gecko   (   83): 1398526136857	Marionette	INFO	sendToClient: {"from":"0","value":{"frame":{"ELEMENT":"{ff8cf9d2-4038-4efa-a078-a92ad427cba3}"},"src":"http://mozcalc.heroku.com/","name":"Calc","origin":"http://mozcalc.heroku.com"}}, {dc1bdfaa-dc59-4a6b-8211-c6dd6cc2c135}, {dc1bdfaa-dc59-4a6b-8211-c6dd6cc2c135}
04-26 08:28:56.850 E/GeckoConsole(   83): Content JS LOG at dummy file:392 in GaiaApps.displayedApp: app with origin 'http://mozcalc.heroku.com' is displayed
04-26 08:28:56.860 I/Gecko   (   83): 1398526136868	Marionette	DEBUG	Got request: switchToFrame, data: {"to":"0","sessionId":"3-b2g","name":"switchToFrame","parameters":{"id":null,"focus":true}}, id: {98f7f81c-5494-4aab-b9f8-f0eaa0ab6f80}
04-26 08:28:56.860 I/Gecko   (   83): 1398526136870	Marionette	INFO	Switched to frame: {"frameValue":null}
04-26 08:28:56.970 I/Gecko   (   83): 1398526136973	Marionette	INFO	sendToClient: {"from":"0","ok":true}, {98f7f81c-5494-4aab-b9f8-f0eaa0ab6f80}, {98f7f81c-5494-4aab-b9f8-f0eaa0ab6f80}
04-26 08:28:56.970 I/Gecko   (   83): 1398526136979	Marionette	DEBUG	Got request: execute, data: {"to":"0","sessionId":"3-b2g","name":"executeScript","parameters":{"specialPowers":false,"scriptTimeout":null,"newSandbox":true,"args":[],"filename":"gaia_test.py","script":"window.wrappedJSObject.dispatchEvent(new Event('home'));","line":788}}, id: {d13cf9f4-9c00-4b44-9ff6-d3e2d490a7d3}
04-26 08:28:57.060 I/Gonk    (   83): Setting nice for pid 787 to 1
04-26 08:28:57.060 I/Gonk    (   83): Changed nice for pid 787 from 18 to 1.
04-26 08:28:57.090 D/Sensors (   83): activate handle=0; drv=0
04-26 08:28:57.090 D/Sensors (   83): Lis3dhSensor: Control set 0
04-26 08:28:57.090 D/Sensors (   83): Lis3dhSensor: mEnabled = 0
04-26 08:28:57.380 I/Gecko   (   83): 1398526137392	Marionette	INFO	sendToClient: {"from":"0","value":null}, {d13cf9f4-9c00-4b44-9ff6-d3e2d490a7d3}, {d13cf9f4-9c00-4b44-9ff6-d3e2d490a7d3}
04-26 08:28:57.430 E/[Gralloc-ERROR](   83): int gralloc_register_buffer(const gralloc_module_t*, const native_handle_t*):79 Unable to register handle 0x46190b00 coming from different process: 83
04-26 08:28:57.440 E/[Gralloc-ERROR](   83): int gralloc_register_buffer(const gralloc_module_t*, const native_handle_t*):79 Unable to register handle 0x46190e70 coming from different process: 83
04-26 08:28:57.550 I/Gecko   (   83): 1398526137553	Marionette	DEBUG	Got request: switchToFrame, data: {"to":"0","sessionId":"3-b2g","name":"switchToFrame","parameters":{"id":null,"focus":true}}, id: {4b2e0d1d-648a-4e95-92bd-1eac62ff2186}
04-26 08:28:57.560 I/Gecko   (   83): 1398526137571	Marionette	INFO	Switched to frame: {"frameValue":null}
04-26 08:28:57.760 I/Gecko   (   83): 1398526137763	Marionette	INFO	sendToClient: {"from":"0","ok":true}, {4b2e0d1d-648a-4e95-92bd-1eac62ff2186}, {4b2e0d1d-648a-4e95-92bd-1eac62ff2186}
04-26 08:28:57.790 I/Gecko   (   83): 1398526137797	Marionette	DEBUG	Got request: executeWithCallback, data: {"to":"0","sessionId":"3-b2g","name":"executeAsyncScript","parameters":{"specialPowers":false,"scriptTimeout":null,"newSandbox":true,"args":[],"filename":"gaia_test.py","script":"return GaiaApps.displayedApp();","line":66}}, id: {7587fc23-7d4f-4ab1-bace-fadb5e618fa2}
04-26 08:28:57.940 I/Gecko   (   83): 1398526137949	Marionette	INFO	sendToClient: {"from":"0","value":{"frame":{"ELEMENT":"{20454464-0028-4ea5-a415-021701a5e5b7}"},"src":"app://homescreen.gaiamobile.org/index.html#root","name":"Homescreen","origin":"app://homescreen.gaiamobile.org"}}, {7587fc23-7d4f-4ab1-bace-fadb5e618fa2}, {7587fc23-7d4f-4ab1-bace-fadb5e618fa2}
04-26 08:28:57.940 E/GeckoConsole(   83): Content JS LOG at dummy file:392 in GaiaApps.displayedApp: app with origin 'app://homescreen.gaiamobile.org' is displayed
04-26 08:28:57.990 I/Gecko   (   83): 1398526138002	Marionette	DEBUG	Got request: switchToFrame, data: {"to":"0","sessionId":"3-b2g","name":"switchToFrame","parameters":{"id":null,"focus":true}}, id: {66e0dfdd-a25b-426a-b9d2-4c01ed6a7183}
04-26 08:28:58.000 I/Gecko   (   83): 1398526138004	Marionette	INFO	Switched to frame: {"frameValue":null}
04-26 08:28:58.400 I/Gecko   (   83): 1398526138404	Marionette	INFO	sendToClient: {"from":"0","ok":true}, {66e0dfdd-a25b-426a-b9d2-4c01ed6a7183}, {66e0dfdd-a25b-426a-b9d2-4c01ed6a7183}
04-26 08:29:00.150 E/[Gralloc-ERROR](   83): int gralloc_unregister_buffer(const gralloc_module_t*, const native_handle_t*):274 Trying to unregister buffer 0x46190e70 from process 83 that was not created in current process: 83
04-26 08:29:00.150 E/[Gralloc-ERROR](   83): int gralloc_unregister_buffer(const gralloc_module_t*, const native_handle_t*):274 Trying to unregister buffer 0x46190b00 from process 83 that was not created in current process: 83
04-26 08:29:00.190 I/Gonk    (   83): Setting nice for pid 741 to 18
04-26 08:29:00.190 I/Gonk    (   83): Changed nice for pid 741 from 1 to 18.
04-26 08:29:00.240 I/Gecko   (   83): 1398526140249	Marionette	DEBUG	Got request: switchToFrame, data: {"to":"0","sessionId":"3-b2g","name":"switchToFrame","parameters":{"id":null,"focus":true}}, id: {4e5b0600-ffa6-4891-9e48-fe8e95e14138}
04-26 08:29:00.260 I/Gecko   (   83): 1398526140266	Marionette	INFO	Switched to frame: {"frameValue":null}
04-26 08:29:00.360 I/Gecko   (   83): 1398526140369	Marionette	INFO	sendToClient: {"from":"0","ok":true}, {4e5b0600-ffa6-4891-9e48-fe8e95e14138}, {4e5b0600-ffa6-4891-9e48-fe8e95e14138}
04-26 08:29:00.370 I/Gecko   (   83): 1398526140378	Marionette	DEBUG	Got request: executeWithCallback, data: {"to":"0","sessionId":"3-b2g","name":"executeAsyncScript","parameters":{"specialPowers":false,"scriptTimeout":null,"newSandbox":true,"args":[],"filename":"gaia_test.py","script":"return GaiaApps.displayedApp();","line":66}}, id: {11acf467-1466-4f25-bf71-612ad3e8b208}
04-26 08:29:00.540 I/Gecko   (   83): 1398526140543	Marionette	INFO	sendToClient: {"from":"0","value":{"frame":{"ELEMENT":"{20454464-0028-4ea5-a415-021701a5e5b7}"},"src":"app://homescreen.gaiamobile.org/index.html#root","name":"Homescreen","origin":"app://homescreen.gaiamobile.org"}}, {11acf467-1466-4f25-bf71-612ad3e8b208}, {11acf467-1466-4f25-bf71-612ad3e8b208}
04-26 08:29:00.550 E/GeckoConsole(   83): Content JS LOG at dummy file:392 in GaiaApps.displayedApp: app with origin 'app://homescreen.gaiamobile.org' is displayed
04-26 08:29:00.580 I/Gecko   (   83): 1398526140583	Marionette	DEBUG	Got request: switchToFrame, data: {"to":"0","sessionId":"3-b2g","name":"switchToFrame","parameters":{"focus":true,"element":"{20454464-0028-4ea5-a415-021701a5e5b7}"}}, id: {f61a2390-917d-43d9-abdf-e3873821a62d}
04-26 08:29:00.590 I/Gecko   (   83): 1398526140593	Marionette	INFO	Switched to frame: {"frameValue":"{20454464-0028-4ea5-a415-021701a5e5b7}"}
04-26 08:29:00.600 I/Gecko   (   83): 1398526140604	Marionette	INFO	trying remote frame 0
04-26 08:29:00.600 I/Gecko   (   83): 1398526140605	Marionette	INFO	deleting frame
04-26 08:29:00.600 I/Gecko   (   83): 1398526140611	Marionette	INFO	frame-manager load script: [object ChromeMessageSender]
04-26 08:29:00.890 I/Gecko   (  787): ###################################### forms.js loaded
04-26 08:29:01.000 I/Gecko   (  787): ############################### browserElementPanning.js loaded
04-26 08:29:01.050 I/Gecko   (  787): ######################## BrowserElementChildPreload.js loaded
04-26 08:29:01.250 W/WifiHW  (   83): wifi_command: SIGNAL_POLL
04-26 08:29:01.290 I/Gecko   (   83): 
04-26 08:29:01.290 I/Gecko   (   83): ###!!! [Parent][MessageChannel] Error: Channel error: cannot send/recv
04-26 08:29:01.290 I/Gecko   (   83): 
04-26 08:29:01.440 I/Gecko   (   83): [Parent 83] WARNING: waitpid failed pid:741 errno:10: file ../../../gecko/ipc/chromium/src/base/process_util_posix.cc, line 254
04-26 08:29:02.500 I/Gecko   (   83): 1398526142507	Marionette	INFO	sendToClient: {"from":"0","ok":true}, {f61a2390-917d-43d9-abdf-e3873821a62d}, {f61a2390-917d-43d9-abdf-e3873821a62d}
04-26 08:29:02.710 I/Gecko   (   83): 1398526142719	Marionette	INFO	sendToClient: {"from":"0","value":"app://homescreen.gaiamobile.org/index.html#root"}, {b82cbb79-11a3-491e-a67d-573031d2333f}, {b82cbb79-11a3-491e-a67d-573031d2333f}
04-26 08:29:02.730 I/Gecko   (   83): 1398526142737	Marionette	DEBUG	Got request: switchToFrame, data: {"to":"0","sessionId":"3-b2g","name":"switchToFrame","parameters":{"id":null,"focus":true}}, id: {dac1d26e-c91f-4bb9-ae26-b03590c30eb8}
04-26 08:29:02.750 I/Gecko   (   83): 1398526142757	Marionette	INFO	Switched to frame: {"frameValue":null}
04-26 08:29:02.880 I/Gecko   (   83): 1398526142887	Marionette	INFO	sendToClient: {"from":"0","ok":true}, {dac1d26e-c91f-4bb9-ae26-b03590c30eb8}, {dac1d26e-c91f-4bb9-ae26-b03590c30eb8}
04-26 08:29:02.900 I/Gecko   (   83): 1398526142903	Marionette	DEBUG	Got request: switchToFrame, data: {"to":"0","sessionId":"3-b2g","name":"switchToFrame","parameters":{"id":null,"focus":true}}, id: {31d2a4a0-ff24-424a-9156-70769b67073f}
04-26 08:29:02.900 I/Gecko   (   83): 1398526142905	Marionette	INFO	Switched to frame: {"frameValue":null}
04-26 08:29:03.000 I/Gecko   (   83): 1398526143009	Marionette	INFO	sendToClient: {"from":"0","ok":true}, {31d2a4a0-ff24-424a-9156-70769b67073f}, {31d2a4a0-ff24-424a-9156-70769b67073f}
04-26 08:29:03.010 I/Gecko   (   83): 1398526143016	Marionette	DEBUG	Got request: executeWithCallback, data: {"to":"0","sessionId":"3-b2g","name":"executeAsyncScript","parameters":{"specialPowers":false,"scriptTimeout":null,"newSandbox":true,"args":[],"filename":"gaia_test.py","script":"GaiaApps.killAll()","line":91}}, id: {d5c5d7d7-cb8e-4502-8ccc-2f3f54b2eda1}
04-26 08:29:03.060 I/Gecko   (   83): 1398526143063	Marionette	INFO	sendToClient: {"from":"0","value":true}, {d5c5d7d7-cb8e-4502-8ccc-2f3f54b2eda1}, {d5c5d7d7-cb8e-4502-8ccc-2f3f54b2eda1}
04-26 08:29:03.060 I/Gecko   (   83): 1398526143069	Marionette	DEBUG	Got request: switchToFrame, data: {"to":"0","sessionId":"3-b2g","name":"switchToFrame","parameters":{"id":null,"focus":true}}, id: {67c77de1-bedf-4764-9120-bf9316ecf756}
04-26 08:29:03.070 I/Gecko   (   83): 1398526143074	Marionette	INFO	Switched to frame: {"frameValue":null}
04-26 08:29:03.180 I/Gecko   (   83): 1398526143185	Marionette	INFO	sendToClient: {"from":"0","ok":true}, {67c77de1-bedf-4764-9120-bf9316ecf756}, {67c77de1-bedf-4764-9120-bf9316ecf756}
04-26 08:29:03.200 I/Gecko   (   83): 1398526143205	Marionette	DEBUG	Got request: executeWithCallback, data: {"to":"0","sessionId":"3-b2g","name":"executeAsyncScript","parameters":{"specialPowers":false,"scriptTimeout":60000,"newSandbox":true,"args":[],"filename":"app_checker.py","script":"\n        GaiaApps.locateWithManifestURL('http://mozcalc.heroku.com/manifest.webapp',\n                                       null,\n                                       function uninstall(app) {\n                                       navigator.mozApps.mgmt.uninstall(app);\n                                       marionetteScriptFinished(true);\n                                       });\n        ","line":129}}, id: {185c5e8a-3b75-425a-9b31-8c7233692f53}
04-26 08:29:03.250 I/Gecko   (   83): -- webapps.js uninstall http://mozcalc.heroku.com/manifest.webapp
04-26 08:29:03.440 I/Gecko   (   83): [Parent 83] WARNING: waitpid failed pid:741 errno:10: file ../../../gecko/ipc/chromium/src/base/process_util_posix.cc, line 254
04-26 08:29:03.440 I/Gecko   (   83): [Parent 83] WARNING: Failed to deliver SIGKILL to 741!(3).: file ../../../gecko/ipc/chromium/src/chrome/common/process_watcher_posix_sigchld.cc, line 118
04-26 08:29:03.480 I/Gecko   (   83): 1398526143482	Marionette	INFO	sendToClient: {"from":"0","value":true}, {185c5e8a-3b75-425a-9b31-8c7233692f53}, {185c5e8a-3b75-425a-9b31-8c7233692f53}