--------- beginning of /dev/log/main
04-26 15:27:23.527 I/Gecko   (   83): [Parent 83] WARNING: waitpid failed pid:671 errno:10: file ../../../gecko/ipc/chromium/src/base/process_util_posix.cc, line 254
04-26 15:27:23.527 I/Gecko   (   83): [Parent 83] WARNING: Failed to deliver SIGKILL to 671!(3).: file ../../../gecko/ipc/chromium/src/chrome/common/process_watcher_posix_sigchld.cc, line 118
04-26 15:27:23.597 I/Gecko   (   83): 1398551243602	Marionette	INFO	sendToClient: {"from":"0","ok":true}, {eb97370d-113c-4c9f-b011-7b0db3dc116a}, {eb97370d-113c-4c9f-b011-7b0db3dc116a}
04-26 15:27:23.637 I/Gecko   (   83): 1398551243641	Marionette	DEBUG	Got request: switchToFrame, data: {"to":"0","sessionId":"3-b2g","name":"switchToFrame","parameters":{"id":null,"focus":true}}, id: {bd02f1d0-90aa-4cb5-8a56-213642262fc8}
04-26 15:27:23.637 I/Gecko   (   83): 1398551243643	Marionette	INFO	Switched to frame: {"frameValue":null}
04-26 15:27:23.737 I/Gecko   (   83): 1398551243746	Marionette	INFO	sendToClient: {"from":"0","ok":true}, {bd02f1d0-90aa-4cb5-8a56-213642262fc8}, {bd02f1d0-90aa-4cb5-8a56-213642262fc8}
04-26 15:27:23.747 I/Gecko   (   83): 1398551243754	Marionette	DEBUG	Got request: executeWithCallback, data: {"to":"0","sessionId":"3-b2g","name":"executeAsyncScript","parameters":{"specialPowers":false,"scriptTimeout":null,"newSandbox":true,"args":[],"filename":"gaia_test.py","script":"return GaiaApps.displayedApp();","line":66}}, id: {8ce225b3-ab27-4422-8850-79dd0c7bff94}
04-26 15:27:23.837 I/Gecko   (   83): 1398551243846	Marionette	INFO	sendToClient: {"from":"0","value":{"frame":{"ELEMENT":"{7dc1df59-b4f5-4d1c-bcb2-d17ad4772009}"},"src":"app://homescreen.gaiamobile.org/index.html#root","name":"Homescreen","origin":"app://homescreen.gaiamobile.org"}}, {8ce225b3-ab27-4422-8850-79dd0c7bff94}, {8ce225b3-ab27-4422-8850-79dd0c7bff94}
04-26 15:27:23.837 E/GeckoConsole(   83): Content JS LOG at dummy file:392 in GaiaApps.displayedApp: app with origin 'app://homescreen.gaiamobile.org' is displayed
04-26 15:27:23.887 I/Gecko   (   83): 1398551243898	Marionette	DEBUG	Got request: switchToFrame, data: {"to":"0","sessionId":"3-b2g","name":"switchToFrame","parameters":{"id":null,"focus":true}}, id: {d31a405c-5ffd-4c59-99ab-004ba72ac31f}
04-26 15:27:23.887 I/Gecko   (   83): 1398551243900	Marionette	INFO	Switched to frame: {"frameValue":null}
04-26 15:27:23.997 I/Gecko   (   83): 1398551244003	Marionette	INFO	sendToClient: {"from":"0","ok":true}, {d31a405c-5ffd-4c59-99ab-004ba72ac31f}, {d31a405c-5ffd-4c59-99ab-004ba72ac31f}
04-26 15:27:23.997 I/Gecko   (   83): 1398551244010	Marionette	DEBUG	Got request: switchToFrame, data: {"to":"0","sessionId":"3-b2g","name":"switchToFrame","parameters":{"id":null,"focus":true}}, id: {e0dce71b-b64a-47c4-bf43-46b7f3e48e7c}
04-26 15:27:24.007 I/Gecko   (   83): 1398551244012	Marionette	INFO	Switched to frame: {"frameValue":null}
04-26 15:27:24.107 I/Gecko   (   83): 1398551244115	Marionette	INFO	sendToClient: {"from":"0","ok":true}, {e0dce71b-b64a-47c4-bf43-46b7f3e48e7c}, {e0dce71b-b64a-47c4-bf43-46b7f3e48e7c}
04-26 15:27:24.117 I/Gecko   (   83): 1398551244123	Marionette	DEBUG	Got request: executeWithCallback, data: {"to":"0","sessionId":"3-b2g","name":"executeAsyncScript","parameters":{"specialPowers":false,"scriptTimeout":null,"newSandbox":true,"args":[],"filename":"gaia_test.py","script":"return GaiaApps.displayedApp();","line":66}}, id: {fefb1992-1c6c-470e-b471-fd37138fb475}
04-26 15:27:24.177 I/Gecko   (   83): 1398551244182	Marionette	INFO	sendToClient: {"from":"0","value":{"frame":{"ELEMENT":"{7dc1df59-b4f5-4d1c-bcb2-d17ad4772009}"},"src":"app://homescreen.gaiamobile.org/index.html#root","name":"Homescreen","origin":"app://homescreen.gaiamobile.org"}}, {fefb1992-1c6c-470e-b471-fd37138fb475}, {fefb1992-1c6c-470e-b471-fd37138fb475}
04-26 15:27:24.177 I/Gecko   (   83): 1398551244188	Marionette	DEBUG	Got request: switchToFrame, data: {"to":"0","sessionId":"3-b2g","name":"switchToFrame","parameters":{"focus":true,"element":"{7dc1df59-b4f5-4d1c-bcb2-d17ad4772009}"}}, id: {c09640cf-4530-4968-9d10-ac7675a3a429}
04-26 15:27:24.187 E/GeckoConsole(   83): Content JS LOG at dummy file:392 in GaiaApps.displayedApp: app with origin 'app://homescreen.gaiamobile.org' is displayed
04-26 15:27:24.197 I/Gecko   (   83): 1398551244204	Marionette	INFO	Switched to frame: {"frameValue":"{7dc1df59-b4f5-4d1c-bcb2-d17ad4772009}"}
04-26 15:27:24.197 I/Gecko   (   83): 1398551244206	Marionette	INFO	trying remote frame 0
04-26 15:27:24.197 I/Gecko   (   83): 1398551244207	Marionette	INFO	deleting frame
04-26 15:27:24.207 I/Gecko   (   83): 1398551244219	Marionette	INFO	frame-manager load script: [object ChromeMessageSender]
04-26 15:27:24.617 I/Gecko   (   83): 1398551244627	Marionette	INFO	sendToClient: {"from":"0","ok":true}, {c09640cf-4530-4968-9d10-ac7675a3a429}, {c09640cf-4530-4968-9d10-ac7675a3a429}
04-26 15:27:24.687 W/WifiHW  (   83): wifi_command: SIGNAL_POLL
04-26 15:27:24.747 I/Gecko   (   83): 1398551244755	Marionette	INFO	sendToClient: {"from":"0","value":{"ELEMENT":"{e8a4f80e-9062-462b-90b9-3ffb0b772996}"}}, {73eb6aa4-c0ea-4aa3-827a-358167fc8697}, {73eb6aa4-c0ea-4aa3-827a-358167fc8697}
04-26 15:27:25.017 E/GeckoConsole(  725): [JavaScript Warning: "Use of getAttributeNode() is deprecated. Use getAttribute() instead." {file: "chrome://marionette/content/atoms.js" line: 25}]
04-26 15:27:25.027 E/GeckoConsole(  725): [JavaScript Warning: "Use of attributes' specified attribute is deprecated. It always returns true." {file: "chrome://marionette/content/atoms.js" line: 25}]
04-26 15:27:25.037 I/Gecko   (   83): 1398551245043	Marionette	INFO	sendToClient: {"from":"0","value":"normal"}, {796a6564-d2ad-4e65-b67a-39a9d08a06ed}, {796a6564-d2ad-4e65-b67a-39a9d08a06ed}
04-26 15:27:25.037 I/Gecko   (   83): 1398551245050	Marionette	DEBUG	Got request: switchToFrame, data: {"to":"0","sessionId":"3-b2g","name":"switchToFrame","parameters":{"id":null,"focus":true}}, id: {f2c41abe-9f75-4fa1-a96b-7168a2a852a4}
04-26 15:27:25.047 I/Gecko   (   83): 1398551245057	Marionette	INFO	Switched to frame: {"frameValue":null}
04-26 15:27:25.147 I/Gecko   (   83): 1398551245160	Marionette	INFO	sendToClient: {"from":"0","ok":true}, {f2c41abe-9f75-4fa1-a96b-7168a2a852a4}, {f2c41abe-9f75-4fa1-a96b-7168a2a852a4}
04-26 15:27:25.167 I/Gecko   (   83): 1398551245174	Marionette	DEBUG	Got request: execute, data: {"to":"0","sessionId":"3-b2g","name":"executeScript","parameters":{"specialPowers":false,"scriptTimeout":null,"newSandbox":true,"args":[],"filename":"gaia_test.py","script":"window.wrappedJSObject.dispatchEvent(new Event('home'));","line":788}}, id: {ac4df18e-fea6-40ac-8589-c3f842852a91}
04-26 15:27:25.257 I/Gecko   (   83): 1398551245267	Marionette	INFO	sendToClient: {"from":"0","value":null}, {ac4df18e-fea6-40ac-8589-c3f842852a91}, {ac4df18e-fea6-40ac-8589-c3f842852a91}
04-26 15:27:25.267 I/Gecko   (   83): 1398551245280	Marionette	DEBUG	Got request: switchToFrame, data: {"to":"0","sessionId":"3-b2g","name":"switchToFrame","parameters":{"id":null,"focus":true}}, id: {d90d7d9f-08a5-4230-84a5-5e25936da775}
04-26 15:27:25.277 I/Gecko   (   83): 1398551245283	Marionette	INFO	Switched to frame: {"frameValue":null}
04-26 15:27:25.537 I/Gecko   (   83): 1398551245546	Marionette	INFO	sendToClient: {"from":"0","ok":true}, {d90d7d9f-08a5-4230-84a5-5e25936da775}, {d90d7d9f-08a5-4230-84a5-5e25936da775}
04-26 15:27:25.547 I/Gecko   (   83): 1398551245560	Marionette	DEBUG	Got request: switchToFrame, data: {"to":"0","sessionId":"3-b2g","name":"switchToFrame","parameters":{"id":null,"focus":true}}, id: {17ecde2d-f8c3-46a0-8d23-405e28dd1668}
04-26 15:27:25.557 I/Gecko   (   83): 1398551245570	Marionette	INFO	Switched to frame: {"frameValue":null}
04-26 15:27:25.667 I/Gecko   (   83): 1398551245676	Marionette	INFO	sendToClient: {"from":"0","ok":true}, {17ecde2d-f8c3-46a0-8d23-405e28dd1668}, {17ecde2d-f8c3-46a0-8d23-405e28dd1668}
04-26 15:27:25.677 I/Gecko   (   83): 1398551245683	Marionette	DEBUG	Got request: executeWithCallback, data: {"to":"0","sessionId":"3-b2g","name":"executeAsyncScript","parameters":{"specialPowers":false,"scriptTimeout":null,"newSandbox":true,"args":[],"filename":"gaia_test.py","script":"return GaiaApps.displayedApp();","line":66}}, id: {eacabb4c-c52c-46ae-8ba6-ce5ec6cffb01}
04-26 15:27:25.767 E/GeckoConsole(   83): Content JS LOG at dummy file:392 in GaiaApps.displayedApp: app with origin 'app://homescreen.gaiamobile.org' is displayed
04-26 15:27:25.787 I/Gecko   (   83): 1398551245791	Marionette	INFO	sendToClient: {"from":"0","value":{"frame":{"ELEMENT":"{7dc1df59-b4f5-4d1c-bcb2-d17ad4772009}"},"src":"app://homescreen.gaiamobile.org/index.html#rootSat%20Apr%2026%202014%2015:27:25%20GMT-0700%20(UTC)","name":"Homescreen","origin":"app://homescreen.gaiamobile.org"}}, {eacabb4c-c52c-46ae-8ba6-ce5ec6cffb01}, {eacabb4c-c52c-46ae-8ba6-ce5ec6cffb01}
04-26 15:27:25.787 I/Gecko   (   83): 1398551245799	Marionette	DEBUG	Got request: switchToFrame, data: {"to":"0","sessionId":"3-b2g","name":"switchToFrame","parameters":{"focus":true,"element":"{7dc1df59-b4f5-4d1c-bcb2-d17ad4772009}"}}, id: {fa02800a-fffe-496b-b200-18b89957d803}
04-26 15:27:25.797 I/Gecko   (   83): 1398551245804	Marionette	INFO	Switched to frame: {"frameValue":"{7dc1df59-b4f5-4d1c-bcb2-d17ad4772009}"}
04-26 15:27:25.827 I/Gecko   (   83): 1398551245833	Marionette	INFO	trying remote frame 0
04-26 15:27:25.847 V/AudioPolicyManagerBase(   88): getDeviceForStrategy() from cache strategy 0, device 2
04-26 15:27:25.857 V/AudioPolicyManagerBase(   88): getOutput() stream 1, samplingRate 0, format 0, channels 3, flags 0
04-26 15:27:25.907 V/AudioPolicyManagerBase(   88): startOutput() output 1, stream 1, session 2
04-26 15:27:25.907 V/AudioPolicyManagerBase(   88): startReadingThread
04-26 15:27:25.907 V/AudioPolicyManagerBase(   88): changeRefCount() stream 1, count 1
04-26 15:27:25.907 V/AudioPolicyManagerBase(   88): getDeviceForStrategy() from cache strategy 0, device 2
04-26 15:27:25.907 V/AudioPolicyManagerBase(   88): getNewDevice() selected device 2
04-26 15:27:25.907 D/AudioPolicyManagerBase(   88): setOutputDevice() output 1 device 2 delayMs 0
04-26 15:27:25.907 V/AudioPolicyManagerBase(   88): setOutputDevice() setting same device 2 or null device for output 1
04-26 15:27:25.907 E/AudioPolicyManagerBase(   88): checkAndSetVolume stream=1, index=0, output=1, device=2
04-26 15:27:25.907 E/AudioPolicyManagerBase(   88): computeVolume, streamDesc=0x65bb8
04-26 15:27:25.927 V/AudioPolicyManagerBase(   88): ThreadWrapper 0x65b40
04-26 15:27:25.927 V/AudioPolicyManagerBase(   88): threadFunc in
04-26 15:27:25.947 W/AudioFlinger(   88): Thread AudioOut_1 cannot connect to the power manager service
04-26 15:27:25.947 V/AudioPolicyManagerBase(   88): stopOutput() output 1, stream 1, session 2
04-26 15:27:25.947 V/AudioPolicyManagerBase(   88): stopReadingThread
04-26 15:27:25.977 I/Gecko   (   83): 1398551245985	Marionette	INFO	sendToClient: {"from":"0","ok":true}, {fa02800a-fffe-496b-b200-18b89957d803}, {fa02800a-fffe-496b-b200-18b89957d803}
04-26 15:27:25.987 I/Gecko   (   83): 1398551245993	Marionette	DEBUG	Got request: execute, data: {"to":"0","sessionId":"3-b2g","name":"executeScript","parameters":{"specialPowers":false,"scriptTimeout":null,"newSandbox":true,"args":[],"filename":"gaia_test.py","script":"return window.wrappedJSObject.GridManager.pageHelper.getCurrentPageNumber();","line":784}}, id: {0b04107d-2bda-4b75-ba63-5c2f6600b935}
04-26 15:27:26.027 V/AudioPolicyManagerBase(   88): threadFunc exit
04-26 15:27:26.027 V/AudioPolicyManagerBase(   88): changeRefCount() stream 1, count 0
04-26 15:27:26.027 V/AudioPolicyManagerBase(   88): getNewDevice() selected device 0
04-26 15:27:26.027 D/AudioPolicyManagerBase(   88): setOutputDevice() output 1 device 0 delayMs 290
04-26 15:27:26.027 V/AudioPolicyManagerBase(   88): setOutputDevice() setting same device 0 or null device for output 1
04-26 15:27:26.027 V/AudioPolicyManagerBase(   88): releaseOutput() 1
04-26 15:27:26.177 I/Gecko   (   83): 1398551246186	Marionette	INFO	sendToClient: {"from":"0","value":0}, {0b04107d-2bda-4b75-ba63-5c2f6600b935}, {0b04107d-2bda-4b75-ba63-5c2f6600b935}
04-26 15:27:27.387 I/Gecko   (   83): 1398551247399	Marionette	INFO	sendToClient: {"from":"0","value":["{414143a0-196e-434f-a74c-a45439001e54}","{ae408010-bc7b-4ceb-894a-4b99189235d3}","{c1500d5c-1156-4bdd-812f-27d158e8d694}","{3ae25e02-f998-42ec-8b1f-c52786147a13}","{b605f45d-0146-4c07-9094-20154d68c36f}","{307bd914-e33b-4cea-95b4-0bca3d909be4}","{766525b1-8c24-41e7-a609-c8245e4b0f24}","{91f3703a-234a-43d3-8696-208bbfc5776c}","{959ddcdb-78e5-4473-92b5-32adf62f5c73}","{1fb7bbc8-7973-4cea-b66c-b17cbd969f44}","{a5e5adcb-7940-45ea-a03a-2641dae77274}","{0e76c936-0009-4d42-af76-a8e36e98d716}","{a270251f-6759-4278-9dd0-c6b5f6955d49}","{8a5d882f-50f4-485b-8cff-81412dc5ad3f}","{2bff3086-4705-45d2-a72b-be783db617b9}","{e94758eb-70f0-4737-8266-908a7b125ea3}","{dfc780fe-8ad4-4957-b373-d4cf6f8487b1}","{b1650120-8274-4bf6-9077-7801d99b5a59}","{e150a782-a444-4c8d-9ce9-6971d3aedad2}","{f78c356f-5046-43e8-8fbd-c44809959397}","{bb807240-a66d-41e0-8ccb-6f49d8f0c54e}","{dbc702ad-0949-4593-ab09-8e08351d70e6}","{9a2ed22c-a8b2-493f-bb42-479a3c540ccd}","{29030b9f-76d8
04-26 15:27:27.397 E/GeckoConsole(  725): Content JS WARN at app://homescreen.gaiamobile.org/gaia_build_defer_index.js:184 in isHiddenApp: Unexpected role when checking hidden app: undefined
04-26 15:27:27.407 E/GeckoConsole(  725): Content JS WARN at app://homescreen.gaiamobile.org/gaia_build_defer_index.js:184 in isHiddenApp: Unexpected role when checking hidden app: undefined
04-26 15:27:27.407 E/GeckoConsole(  725): Content JS WARN at app://homescreen.gaiamobile.org/gaia_build_defer_index.js:184 in isHiddenApp: Unexpected role when checking hidden app: undefined
04-26 15:27:27.407 E/GeckoConsole(  725): Content JS WARN at app://homescreen.gaiamobile.org/gaia_build_defer_index.js:184 in isHiddenApp: Unexpected role when checking hidden app: undefined
04-26 15:27:27.407 E/GeckoConsole(  725): Content JS WARN at app://homescreen.gaiamobile.org/gaia_build_defer_index.js:184 in isHiddenApp: Unexpected role when checking hidden app: undefined
04-26 15:27:27.407 E/GeckoConsole(  725): Content JS WARN at app://homescreen.gaiamobile.org/gaia_build_defer_index.js:184 in isHiddenApp: Unexpected role when checking hidden app: undefined
04-26 15:27:27.407 E/GeckoConsole(  725): Content JS WARN at app://homescreen.gaiamobile.org/gaia_build_defer_index.js:184 in isHiddenApp: Unexpected role when checking hidden app: undefined
04-26 15:27:27.407 E/GeckoConsole(  725): Content JS WARN at app://homescreen.gaiamobile.org/gaia_build_defer_index.js:184 in isHiddenApp: Unexpected role when checking hidden app: undefined
04-26 15:27:27.407 E/GeckoConsole(  725): Content JS WARN at app://homescreen.gaiamobile.org/gaia_build_defer_index.js:184 in isHiddenApp: Unexpected role when checking hidden app: undefined
04-26 15:27:27.407 E/GeckoConsole(  725): Content JS WARN at app://homescreen.gaiamobile.org/gaia_build_defer_index.js:184 in isHiddenApp: Unexpected role when checking hidden app: undefined
04-26 15:27:27.407 E/GeckoConsole(  725): Content JS WARN at app://homescreen.gaiamobile.org/gaia_build_defer_index.js:184 in isHiddenApp: Unexpected role when checking hidden app: undefined
04-26 15:27:27.417 E/GeckoConsole(  725): Content JS WARN at app://homescreen.gaiamobile.org/gaia_build_defer_index.js:184 in isHiddenApp: Unexpected role when checking hidden app: undefined
04-26 15:27:27.417 E/GeckoConsole(  725): Content JS WARN at app://homescreen.gaiamobile.org/gaia_build_defer_index.js:184 in isHiddenApp: Unexpected role when checking hidden app: undefined
04-26 15:27:27.417 E/GeckoConsole(  725): Content JS WARN at app://homescreen.gaiamobile.org/gaia_build_defer_index.js:184 in isHiddenApp: Unexpected role when checking hidden app: undefined
04-26 15:27:27.417 E/GeckoConsole(  725): Content JS WARN at app://homescreen.gaiamobile.org/gaia_build_defer_index.js:184 in isHiddenApp: Unexpected role when checking hidden app: undefined
04-26 15:27:27.417 E/GeckoConsole(  725): Content JS WARN at app://homescreen.gaiamobile.org/gaia_build_defer_index.js:184 in isHiddenApp: Unexpected role when checking hidden app: undefined
04-26 15:27:27.417 E/GeckoConsole(  725): Content JS WARN at app://homescreen.gaiamobile.org/gaia_build_defer_index.js:184 in isHiddenApp: Unexpected role when checking hidden app: undefined
04-26 15:27:27.417 E/GeckoConsole(  725): Content JS WARN at app://homescreen.gaiamobile.org/gaia_build_defer_index.js:184 in isHiddenApp: Unexpected role when checking hidden app: undefined
04-26 15:27:27.417 E/GeckoConsole(  725): Content JS WARN at app://homescreen.gaiamobile.org/gaia_build_defer_index.js:184 in isHiddenApp: Unexpected role when checking hidden app: undefined
04-26 15:27:27.417 E/GeckoConsole(  725): Content JS WARN at app://homescreen.gaiamobile.org/gaia_build_defer_index.js:184 in isHiddenApp: Unexpected role when checking hidden app: undefined
04-26 15:27:27.417 E/GeckoConsole(  725): Content JS WARN at app://homescreen.gaiamobile.org/gaia_build_defer_index.js:184 in isHiddenApp: Unexpected role when checking hidden app: undefined
04-26 15:27:27.417 E/GeckoConsole(  725): Content JS WARN at app://homescreen.gaiamobile.org/gaia_build_defer_index.js:184 in isHiddenApp: Unexpected role when checking hidden app: undefined
04-26 15:27:27.417 E/GeckoConsole(  725): Content JS WARN at app://homescreen.gaiamobile.org/gaia_build_defer_index.js:184 in isHiddenApp: Unexpected role when checking hidden app: undefined
04-26 15:27:27.417 E/GeckoConsole(  725): Content JS WARN at app://homescreen.gaiamobile.org/gaia_build_defer_index.js:184 in isHiddenApp: Unexpected role when checking hidden app: undefined
04-26 15:27:27.787 I/Gecko   (   83): 1398551247796	Marionette	INFO	sendToClient: {"from":"0","value":"app://homescreen.gaiamobile.org/index.html#rootSat%20Apr%2026%202014%2015:27:25%20GMT-0700%20(UTC)"}, {c0775949-3d1e-49eb-a391-ada0501b53ae}, {c0775949-3d1e-49eb-a391-ada0501b53ae}
04-26 15:27:27.797 I/Gecko   (   83): 1398551247803	Marionette	DEBUG	Got request: switchToFrame, data: {"to":"0","sessionId":"3-b2g","name":"switchToFrame","parameters":{"id":null,"focus":true}}, id: {4f08d52a-ca93-449a-94e4-18a0400a2ecc}
04-26 15:27:27.817 I/Gecko   (   83): 1398551247825	Marionette	INFO	Switched to frame: {"frameValue":null}
04-26 15:27:27.917 I/Gecko   (   83): 1398551247928	Marionette	INFO	sendToClient: {"from":"0","ok":true}, {4f08d52a-ca93-449a-94e4-18a0400a2ecc}, {4f08d52a-ca93-449a-94e4-18a0400a2ecc}
04-26 15:27:27.927 I/Gecko   (   83): 1398551247934	Marionette	DEBUG	Got request: switchToFrame, data: {"to":"0","sessionId":"3-b2g","name":"switchToFrame","parameters":{"id":null,"focus":true}}, id: {554d2a33-0eb2-4fe3-aa7b-d76bd61d6cba}
04-26 15:27:27.927 I/Gecko   (   83): 1398551247935	Marionette	INFO	Switched to frame: {"frameValue":null}
04-26 15:27:28.027 I/Gecko   (   83): 1398551248038	Marionette	INFO	sendToClient: {"from":"0","ok":true}, {554d2a33-0eb2-4fe3-aa7b-d76bd61d6cba}, {554d2a33-0eb2-4fe3-aa7b-d76bd61d6cba}
04-26 15:27:28.037 I/Gecko   (   83): 1398551248044	Marionette	DEBUG	Got request: executeWithCallback, data: {"to":"0","sessionId":"3-b2g","name":"executeAsyncScript","parameters":{"specialPowers":false,"scriptTimeout":30000,"newSandbox":true,"args":[],"filename":"app_checker.py","script":"GaiaApps.launchWithManifestURL('https://marketplace.firefox.com/app/0111449d-22a5-4581-a8e0-da6922ce9bf2/manifest.webapp')","line":106}}, id: {892121b9-0bd5-462d-ba54-6a006fe75746}
04-26 15:27:28.127 I/Gonk    (   83): Setting nice for pid 733 to 18
04-26 15:27:28.127 I/Gonk    (   83): Changed nice for pid 733 from 18 to 18.
04-26 15:27:28.137 I/Gecko   (   83): [Parent 83] WARNING: waitpid failed pid:733 errno:10: file ../../../gecko/ipc/chromium/src/base/process_util_posix.cc, line 254
04-26 15:27:28.157 I/Gonk    (   83): Setting nice for pid 733 to 1
04-26 15:27:28.157 I/Gonk    (   83): Changed nice for pid 733 from 18 to 1.
04-26 15:27:28.177 E/GeckoConsole(   83): Content JS LOG at dummy file:334 in GaiaApps.launch: launching app with name 'cLucky Timer'
04-26 15:27:28.277 E/[Gralloc-ERROR](   83): int gralloc_register_buffer(const gralloc_module_t*, const native_handle_t*):79 Unable to register handle 0x49622830 coming from different process: 83
04-26 15:27:28.297 E/[Gralloc-ERROR](   83): int gralloc_register_buffer(const gralloc_module_t*, const native_handle_t*):79 Unable to register handle 0x496228d0 coming from different process: 83
04-26 15:27:28.307 E/[Gralloc-ERROR](   83): int gralloc_register_buffer(const gralloc_module_t*, const native_handle_t*):79 Unable to register handle 0x49622970 coming from different process: 83
04-26 15:27:28.307 E/[Gralloc-ERROR](   83): int gralloc_register_buffer(const gralloc_module_t*, const native_handle_t*):79 Unable to register handle 0x49622a10 coming from different process: 83
04-26 15:27:28.517 D/Sensors (   83): activate handle=0; drv=0
04-26 15:27:28.527 D/Sensors (   83): Lis3dhSensor: Control set 1
04-26 15:27:28.527 D/Sensors (   83): Lis3dhSensor: mEnabled = 1
04-26 15:27:28.537 I/Gonk    (   83): Setting nice for pid 725 to 18
04-26 15:27:28.547 I/Gonk    (   83): Changed nice for pid 725 from 1 to 18.
04-26 15:27:28.947 I/Gonk    (   83): Setting nice for pid 788 to 18
04-26 15:27:28.947 I/Gonk    (   83): Changed nice for pid 788 from 0 to 18.
04-26 15:27:29.277 I/Gecko   (  733): ###################################### forms.js loaded
04-26 15:27:29.327 I/Gecko   (  733): ############################### browserElementPanning.js loaded
04-26 15:27:29.357 I/Gecko   (  733): ######################## BrowserElementChildPreload.js loaded
04-26 15:27:30.317 W/WifiHW  (   83): wifi_command: SIGNAL_POLL
04-26 15:27:30.967 E/GeckoConsole(  733): [JavaScript Warning: "Expected end of value but found '1'.  Error in parsing value for 'border'.  Declaration dropped." {file: "app://{b7102d83-efe4-415e-8c38-055fa4188d49}/style/style.css" line: 139 column: 19 source: "	border:solid gray 1 px;"}]
04-26 15:27:31.607 I/log     (  803): <4>0[ 292.650044] select 725 (Homescreen), adj 8, size 7516, to kill 
04-26 15:27:31.777 E/GeckoConsole(   83): Content JS LOG at dummy file:326 in GaiaApps.launch/appOpen/<: app with origin 'app://{b7102d83-efe4-415e-8c38-055fa4188d49}' has launched
04-26 15:27:31.827 I/Gecko   (   83): 1398551251832	Marionette	INFO	sendToClient: {"from":"0","value":{"frame":{"ELEMENT":"{0ca9f09c-cf9a-48cb-80e7-eb06e26bbe51}"},"src":"app://{b7102d83-efe4-415e-8c38-055fa4188d49}/index.html","name":"cLucky Timer","origin":"app://{b7102d83-efe4-415e-8c38-055fa4188d49}"}}, {892121b9-0bd5-462d-ba54-6a006fe75746}, {892121b9-0bd5-462d-ba54-6a006fe75746}
04-26 15:27:31.887 E/[Gralloc-ERROR](   83): int gralloc_unregister_buffer(const gralloc_module_t*, const native_handle_t*):274 Trying to unregister buffer 0x49622830 from process 83 that was not created in current process: 83
04-26 15:27:31.887 E/[Gralloc-ERROR](   83): int gralloc_unregister_buffer(const gralloc_module_t*, const native_handle_t*):274 Trying to unregister buffer 0x496228d0 from process 83 that was not created in current process: 83
04-26 15:27:31.897 E/[Gralloc-ERROR](   83): int gralloc_unregister_buffer(const gralloc_module_t*, const native_handle_t*):274 Trying to unregister buffer 0x49622a10 from process 83 that was not created in current process: 83
04-26 15:27:31.897 E/[Gralloc-ERROR](   83): int gralloc_unregister_buffer(const gralloc_module_t*, const native_handle_t*):274 Trying to unregister buffer 0x49622970 from process 83 that was not created in current process: 83
04-26 15:27:31.897 I/Gecko   (   83): 1398551251905	Marionette	DEBUG	Got request: switchToFrame, data: {"to":"0","sessionId":"3-b2g","name":"switchToFrame","parameters":{"focus":true,"element":"{0ca9f09c-cf9a-48cb-80e7-eb06e26bbe51}"}}, id: {500cb2ac-acfd-4d07-933e-9e5e07491c39}
04-26 15:27:31.917 I/Gecko   (   83): 1398551251922	Marionette	INFO	Switched to frame: {"frameValue":"{0ca9f09c-cf9a-48cb-80e7-eb06e26bbe51}"}
04-26 15:27:31.927 I/Gecko   (   83): 1398551251932	Marionette	INFO	trying remote frame 0
04-26 15:27:31.927 I/Gecko   (   83): 1398551251933	Marionette	INFO	trying remote frame 1
04-26 15:27:31.927 I/Gecko   (   83): 1398551251938	Marionette	INFO	frame-manager load script: [object ChromeMessageSender]
04-26 15:27:33.047 I/Gecko   (   83): 1398551253053	Marionette	INFO	sendToClient: {"from":"0","ok":true}, {500cb2ac-acfd-4d07-933e-9e5e07491c39}, {500cb2ac-acfd-4d07-933e-9e5e07491c39}
04-26 15:27:33.087 I/Gecko   (   83): 1398551253098	Marionette	INFO	sendToClient: {"from":"0","value":"app://{b7102d83-efe4-415e-8c38-055fa4188d49}/index.html"}, {f84671a3-3840-4958-8f94-426e3f79f848}, {f84671a3-3840-4958-8f94-426e3f79f848}
04-26 15:27:33.097 I/Gecko   (   83): 1398551253105	Marionette	DEBUG	Got request: execute, data: {"to":"0","sessionId":"3-b2g","name":"executeScript","parameters":{"specialPowers":false,"scriptTimeout":null,"newSandbox":true,"args":[],"filename":"app_checker.py","script":"return window.document.readyState;","line":191}}, id: {b04ecd77-0fa4-4fb3-be48-34d4655a6028}
04-26 15:27:33.147 I/Gecko   (   83): 1398551253157	Marionette	INFO	sendToClient: {"from":"0","value":"complete"}, {b04ecd77-0fa4-4fb3-be48-34d4655a6028}, {b04ecd77-0fa4-4fb3-be48-34d4655a6028}
04-26 15:27:33.157 I/Gecko   (   83): [Parent 83] WARNING: pipe error (92): Connection reset by peer: file ../../../gecko/ipc/chromium/src/chrome/common/ipc_channel_posix.cc, line 446
04-26 15:27:33.157 I/Gecko   (   83): 
04-26 15:27:33.157 I/Gecko   (   83): ###!!! [Parent][MessageChannel] Error: Channel error: cannot send/recv
04-26 15:27:33.157 I/Gecko   (   83): 
04-26 15:27:33.227 I/GeckoDump(   83): Crash reporter : Can't fetch app.reportCrashes. Exception: [Exception... "Component returned failure code: 0x8000ffff (NS_ERROR_UNEXPECTED) [nsIPrefBranch.getBoolPref]"  nsresult: "0x8000ffff (NS_ERROR_UNEXPECTED)"  location: "JS frame :: chrome://browser/content/shell.js :: shell_reportCrash :: line 7"  data: no]
04-26 15:27:33.227 I/Gecko   (   83): [Parent 83] WARNING: waitpid failed pid:725 errno:10: file ../../../gecko/ipc/chromium/src/base/process_util_posix.cc, line 254
04-26 15:27:33.237 I/Gecko   (   83): 1398551253244	Marionette	INFO	sendToClient: {"from":"0","value":"app://{b7102d83-efe4-415e-8c38-055fa4188d49}/index.html"}, {5c676892-13f4-4fd1-b44e-8502cc2f7817}, {5c676892-13f4-4fd1-b44e-8502cc2f7817}
04-26 15:27:33.247 I/Gecko   (  733): Attempting load of libEGL.so
04-26 15:27:33.287 D/libEGL  (  733): loaded /system/lib/egl/libEGL_mali.so
04-26 15:27:33.307 D/libEGL  (  733): loaded /system/lib/egl/libGLESv1_CM_mali.so
04-26 15:27:33.317 D/libEGL  (  733): loaded /system/lib/egl/libGLESv2_mali.so
04-26 15:27:33.347 I/Gecko   (  733): SharedSurface_Gralloc::Create -------
04-26 15:27:33.377 I/Gecko   (  733): SharedSurface_Gralloc::Create: success -- surface 0x43d8eb40, GraphicBuffer 0x43da0600.
04-26 15:27:34.177 I/Gecko   (   83): 1398551254187	Marionette	INFO	sendToClient: {"from":"0","value":"iVBORw0KGgoAAAANSUhEUgAAAUAAAAHMCAYAAACk4nEJAAAgAElEQVR4nO2de1yUZd7/b9Syk9lmbj2amofMamvb2tqe+rXbzphpq6aEaWitVpummVHm2fWQ4QGPiKLJk2UZpvb8FCh+aULqpiseOAiIK6AoZwaGmWGGYQb4/P4gbgaVYWCAuYbr83693q9XDTf3fO/r4/VhGJhBASGESIri6QEIIcRTsAAJIdLCAiSESAsLkBAiLS1WgNXV1dQFPYmnr91bZEbi21I0uwAdh6mqqkJlZSUqKytht9tht9ths9lUKyoqpNLx2mvXo3Z9qqqq2myzMSNm5M22RUZNLsCrw7Lb7aioqIDVaoXFYoHZbEZZWRlMJhOMRiMMBoOUGo1GmEwmlJWVwWw2w2KxwGq1oqKiQg3SMcSWhBkxo/Zia2fUpAJ0DMxms8FqtcJsNsNoNEKv10On06GgoAB5eXnIzc1FdnY2srOzceXKFamsve7c3Fzk5eWhoKAAOp0Oer0eRqMRZrMZVqsVNputXoAtATNiRu3FtsjI5QKsDc1ut6uBlZaWoqioCLm5ucjKykJ6ejrS0tKQnJyMpKQkJCQkID4+HmfOnJHK+Ph4JCQkICkpCcnJyUhLS0N6ejqysrKQm5uLoqIilJaWqgHa7fYW2WDMiBm1J9siI5cK0DG08vJyGI1G6HQ65OTkICMjA+fOnUNeXh5KS0tRUVHh8SeSRaK6uhoVFRUoLS1FXl4ezp07h4yMDOTk5ECn08FkMqG8vNztDcaMmg8zEp/WyqjRArw6NIPBgIKCAly6dAkpKSnIyMhAVVWV2xcoC1VVVcjIyEBKSgouXbqEgoICGAwGtzYYM2pZmJH4tFRGTgvweqHl5+cjIyMDiYmJ0Ov1LXZBslFSUoKkpCRkZGQgPz+/2RuMGbUezEh83M2o0QKsrKyE1WqF0WhEQUEBMj
04-26 15:27:34.437 I/Gecko   (   83): 1398551254445	Marionette	INFO	sendToClient: {"from":"0","ok":true}, {ca24aa0f-08c4-4aa9-8819-53cbb5117ea0}, {ca24aa0f-08c4-4aa9-8819-53cbb5117ea0}
04-26 15:27:34.477 I/Gecko   (   83): 1398551254490	Marionette	DEBUG	Got request: switchToFrame, data: {"to":"0","sessionId":"3-b2g","name":"switchToFrame","parameters":{"id":null,"focus":true}}, id: {af89ae15-cd9e-458e-9e28-b852f3853600}
04-26 15:27:34.537 I/Gecko   (   83): 1398551254548	Marionette	INFO	Switched to frame: {"frameValue":null}
04-26 15:27:34.647 I/Gecko   (   83): 1398551254653	Marionette	INFO	sendToClient: {"from":"0","ok":true}, {af89ae15-cd9e-458e-9e28-b852f3853600}, {af89ae15-cd9e-458e-9e28-b852f3853600}
04-26 15:27:34.657 I/Gecko   (   83): 1398551254660	Marionette	DEBUG	Got request: executeWithCallback, data: {"to":"0","sessionId":"3-b2g","name":"executeAsyncScript","parameters":{"specialPowers":false,"scriptTimeout":null,"newSandbox":true,"args":[],"filename":"gaia_test.py","script":"return GaiaApps.displayedApp();","line":66}}, id: {c9d5afdc-98e5-43bf-b564-585ea7694064}
04-26 15:27:34.737 I/Gecko   (   83): 1398551254745	Marionette	INFO	sendToClient: {"from":"0","value":{"frame":{"ELEMENT":"{0ca9f09c-cf9a-48cb-80e7-eb06e26bbe51}"},"src":"app://{b7102d83-efe4-415e-8c38-055fa4188d49}/index.html","name":"cLucky Timer","origin":"app://{b7102d83-efe4-415e-8c38-055fa4188d49}"}}, {c9d5afdc-98e5-43bf-b564-585ea7694064}, {c9d5afdc-98e5-43bf-b564-585ea7694064}
04-26 15:27:34.747 E/GeckoConsole(   83): Content JS LOG at dummy file:392 in GaiaApps.displayedApp: app with origin 'app://{b7102d83-efe4-415e-8c38-055fa4188d49}' is displayed
04-26 15:27:34.747 I/Gecko   (   83): 1398551254754	Marionette	DEBUG	Got request: switchToFrame, data: {"to":"0","sessionId":"3-b2g","name":"switchToFrame","parameters":{"id":null,"focus":true}}, id: {0f6df26d-ad16-4860-b403-63b8018cd00d}
04-26 15:27:34.747 I/Gecko   (   83): 1398551254755	Marionette	INFO	Switched to frame: {"frameValue":null}
04-26 15:27:34.847 I/Gecko   (   83): 1398551254857	Marionette	INFO	sendToClient: {"from":"0","ok":true}, {0f6df26d-ad16-4860-b403-63b8018cd00d}, {0f6df26d-ad16-4860-b403-63b8018cd00d}
04-26 15:27:34.857 I/Gecko   (   83): 1398551254864	Marionette	DEBUG	Got request: execute, data: {"to":"0","sessionId":"3-b2g","name":"executeScript","parameters":{"specialPowers":false,"scriptTimeout":null,"newSandbox":true,"args":[],"filename":"gaia_test.py","script":"window.wrappedJSObject.dispatchEvent(new Event('home'));","line":788}}, id: {0f6681bf-ea95-45ec-9033-a8c8cdc8a516}
04-26 15:27:34.967 I/Gonk    (   83): Setting nice for pid 788 to 18
04-26 15:27:34.967 I/Gonk    (   83): Changed nice for pid 788 from 18 to 18.
04-26 15:27:34.967 I/Gecko   (   83): [Parent 83] WARNING: waitpid failed pid:788 errno:10: file ../../../gecko/ipc/chromium/src/base/process_util_posix.cc, line 254
04-26 15:27:34.967 I/Gonk    (   83): Setting nice for pid 788 to 1
04-26 15:27:34.967 I/Gonk    (   83): Changed nice for pid 788 from 18 to 1.
04-26 15:27:34.997 D/Sensors (   83): activate handle=0; drv=0
04-26 15:27:34.997 D/Sensors (   83): Lis3dhSensor: Control set 0
04-26 15:27:34.997 D/Sensors (   83): Lis3dhSensor: mEnabled = 0
04-26 15:27:35.227 I/Gecko   (   83): [Parent 83] WARNING: waitpid failed pid:725 errno:10: file ../../../gecko/ipc/chromium/src/base/process_util_posix.cc, line 254
04-26 15:27:35.227 I/Gecko   (   83): [Parent 83] WARNING: Failed to deliver SIGKILL to 725!(3).: file ../../../gecko/ipc/chromium/src/chrome/common/process_watcher_posix_sigchld.cc, line 118
04-26 15:27:35.697 I/Gecko   (   83): 1398551255704	Marionette	INFO	sendToClient: {"from":"0","value":null}, {0f6681bf-ea95-45ec-9033-a8c8cdc8a516}, {0f6681bf-ea95-45ec-9033-a8c8cdc8a516}
04-26 15:27:35.717 W/WifiHW  (   83): wifi_command: SIGNAL_POLL
04-26 15:27:35.847 I/Gecko   (   83): 1398551255853	Marionette	DEBUG	Got request: switchToFrame, data: {"to":"0","sessionId":"3-b2g","name":"switchToFrame","parameters":{"id":null,"focus":true}}, id: {793db492-a62c-457d-b43f-05c853c678dd}
04-26 15:27:35.847 I/Gecko   (   83): 1398551255855	Marionette	INFO	Switched to frame: {"frameValue":null}
04-26 15:27:35.967 I/Gecko   (   83): 1398551255971	Marionette	INFO	sendToClient: {"from":"0","ok":true}, {793db492-a62c-457d-b43f-05c853c678dd}, {793db492-a62c-457d-b43f-05c853c678dd}
04-26 15:27:35.967 I/Gecko   (   83): 1398551255978	Marionette	DEBUG	Got request: executeWithCallback, data: {"to":"0","sessionId":"3-b2g","name":"executeAsyncScript","parameters":{"specialPowers":false,"scriptTimeout":null,"newSandbox":true,"args":[],"filename":"gaia_test.py","script":"return GaiaApps.displayedApp();","line":66}}, id: {7976890b-46cc-4944-a347-6aaea7f96ee8}
04-26 15:27:36.407 I/Gonk    (   83): Setting nice for pid 809 to 18
04-26 15:27:36.407 I/Gonk    (   83): Changed nice for pid 809 from 0 to 18.
04-26 15:27:36.427 E/GeckoConsole(   83): Content JS LOG at dummy file:392 in GaiaApps.displayedApp: app with origin 'app://homescreen.gaiamobile.org' is displayed
04-26 15:27:36.427 I/Gecko   (   83): 1398551256433	Marionette	INFO	sendToClient: {"from":"0","value":{"frame":{"ELEMENT":"{b3bd7712-bb3c-4d0b-ba21-026703a1ce1d}"},"src":"app://homescreen.gaiamobile.org/index.html#root","name":"Homescreen","origin":"app://homescreen.gaiamobile.org"}}, {7976890b-46cc-4944-a347-6aaea7f96ee8}, {7976890b-46cc-4944-a347-6aaea7f96ee8}
04-26 15:27:36.707 I/Gecko   (   83): 1398551256715	Marionette	DEBUG	Got request: switchToFrame, data: {"to":"0","sessionId":"3-b2g","name":"switchToFrame","parameters":{"id":null,"focus":true}}, id: {d99e1de3-da80-4a35-8da1-4fac6cd5cb36}
04-26 15:27:36.727 I/Gecko   (   83): 1398551256740	Marionette	INFO	Switched to frame: {"frameValue":null}
04-26 15:27:36.837 I/Gecko   (   83): 1398551256846	Marionette	INFO	sendToClient: {"from":"0","ok":true}, {d99e1de3-da80-4a35-8da1-4fac6cd5cb36}, {d99e1de3-da80-4a35-8da1-4fac6cd5cb36}
04-26 15:27:36.847 I/Gecko   (   83): 1398551256854	Marionette	DEBUG	Got request: switchToFrame, data: {"to":"0","sessionId":"3-b2g","name":"switchToFrame","parameters":{"id":null,"focus":true}}, id: {244ab9ad-f4fa-4ef6-acd5-9c7da44d0cc5}
04-26 15:27:36.867 I/Gecko   (   83): 1398551256880	Marionette	INFO	Switched to frame: {"frameValue":null}
04-26 15:27:36.947 I/Gonk    (   83): Setting nice for pid 733 to 18
04-26 15:27:36.947 I/Gonk    (   83): Changed nice for pid 733 from 1 to 18.
04-26 15:27:36.977 I/Gecko   (   83): 1398551256982	Marionette	INFO	sendToClient: {"from":"0","ok":true}, {244ab9ad-f4fa-4ef6-acd5-9c7da44d0cc5}, {244ab9ad-f4fa-4ef6-acd5-9c7da44d0cc5}
04-26 15:27:36.997 I/Gecko   (   83): 1398551257005	Marionette	DEBUG	Got request: executeWithCallback, data: {"to":"0","sessionId":"3-b2g","name":"executeAsyncScript","parameters":{"specialPowers":false,"scriptTimeout":null,"newSandbox":true,"args":[],"filename":"gaia_test.py","script":"return GaiaApps.displayedApp();","line":66}}, id: {922b66a4-ea8a-4df2-bfca-4eaaaf446bc3}
04-26 15:27:37.067 I/Gecko   (   83): 1398551257075	Marionette	INFO	sendToClient: {"from":"0","value":{"frame":{"ELEMENT":"{b3bd7712-bb3c-4d0b-ba21-026703a1ce1d}"},"src":"app://homescreen.gaiamobile.org/index.html#root","name":"Homescreen","origin":"app://homescreen.gaiamobile.org"}}, {922b66a4-ea8a-4df2-bfca-4eaaaf446bc3}, {922b66a4-ea8a-4df2-bfca-4eaaaf446bc3}
04-26 15:27:37.067 E/GeckoConsole(   83): Content JS LOG at dummy file:392 in GaiaApps.displayedApp: app with origin 'app://homescreen.gaiamobile.org' is displayed
04-26 15:27:37.077 I/Gecko   (   83): 1398551257087	Marionette	DEBUG	Got request: switchToFrame, data: {"to":"0","sessionId":"3-b2g","name":"switchToFrame","parameters":{"focus":true,"element":"{b3bd7712-bb3c-4d0b-ba21-026703a1ce1d}"}}, id: {758f7b10-3367-4380-8d14-4b5c2d01a986}
04-26 15:27:37.107 I/Gecko   (   83): 1398551257113	Marionette	INFO	Switched to frame: {"frameValue":"{b3bd7712-bb3c-4d0b-ba21-026703a1ce1d}"}
04-26 15:27:37.107 I/Gecko   (   83): 1398551257116	Marionette	INFO	trying remote frame 0
04-26 15:27:37.117 I/Gecko   (   83): 1398551257121	Marionette	INFO	deleting frame
04-26 15:27:37.117 I/Gecko   (   83): 1398551257123	Marionette	INFO	trying remote frame 1
04-26 15:27:37.117 I/Gecko   (   83): 1398551257129	Marionette	INFO	frame-manager load script: [object ChromeMessageSender]
04-26 15:27:37.357 I/Gecko   (  788): ###################################### forms.js loaded
04-26 15:27:37.397 I/Gecko   (  788): ############################### browserElementPanning.js loaded
04-26 15:27:37.437 I/Gecko   (  788): ######################## BrowserElementChildPreload.js loaded
04-26 15:27:37.487 I/Gecko   (   83): [Parent 83] WARNING: pipe error (154): Connection reset by peer: file ../../../gecko/ipc/chromium/src/chrome/common/ipc_channel_posix.cc, line 446
04-26 15:27:37.497 I/Gecko   (   83): 
04-26 15:27:37.497 I/Gecko   (   83): ###!!! [Parent][MessageChannel] Error: Channel error: cannot send/recv
04-26 15:27:37.497 I/Gecko   (   83): 
04-26 15:27:37.517 I/GeckoDump(   83): Crash reporter : Can't fetch app.reportCrashes. Exception: [Exception... "Component returned failure code: 0x8000ffff (NS_ERROR_UNEXPECTED) [nsIPrefBranch.getBoolPref]"  nsresult: "0x8000ffff (NS_ERROR_UNEXPECTED)"  location: "JS frame :: chrome://browser/content/shell.js :: shell_reportCrash :: line 7"  data: no]
04-26 15:27:37.527 I/Gecko   (   83): [Parent 83] WARNING: waitpid failed pid:733 errno:10: file ../../../gecko/ipc/chromium/src/base/process_util_posix.cc, line 254
04-26 15:27:38.457 I/Gecko   (   83): 1398551258465	Marionette	INFO	sendToClient: {"from":"0","ok":true}, {758f7b10-3367-4380-8d14-4b5c2d01a986}, {758f7b10-3367-4380-8d14-4b5c2d01a986}
04-26 15:27:38.737 I/Gecko   (   83): 1398551258748	Marionette	INFO	sendToClient: {"from":"0","value":"app://homescreen.gaiamobile.org/index.html#root"}, {b9c70e0f-ad9b-4c9b-805d-bd6d0435d244}, {b9c70e0f-ad9b-4c9b-805d-bd6d0435d244}
04-26 15:27:38.757 I/Gecko   (   83): 1398551258767	Marionette	DEBUG	Got request: switchToFrame, data: {"to":"0","sessionId":"3-b2g","name":"switchToFrame","parameters":{"id":null,"focus":true}}, id: {f457e51d-c3cb-4979-981d-a0931d9275cc}
04-26 15:27:38.777 I/Gecko   (   83): 1398551258782	Marionette	INFO	Switched to frame: {"frameValue":null}
04-26 15:27:38.887 I/Gecko   (   83): 1398551258892	Marionette	INFO	sendToClient: {"from":"0","ok":true}, {f457e51d-c3cb-4979-981d-a0931d9275cc}, {f457e51d-c3cb-4979-981d-a0931d9275cc}
04-26 15:27:38.887 I/Gecko   (   83): 1398551258899	Marionette	DEBUG	Got request: switchToFrame, data: {"to":"0","sessionId":"3-b2g","name":"switchToFrame","parameters":{"id":null,"focus":true}}, id: {b01cb0b8-ef33-42eb-a77c-5afd7cb2d00c}
04-26 15:27:38.897 I/Gecko   (   83): 1398551258901	Marionette	INFO	Switched to frame: {"frameValue":null}
04-26 15:27:38.997 I/Gecko   (   83): 1398551259003	Marionette	INFO	sendToClient: {"from":"0","ok":true}, {b01cb0b8-ef33-42eb-a77c-5afd7cb2d00c}, {b01cb0b8-ef33-42eb-a77c-5afd7cb2d00c}
04-26 15:27:38.997 I/Gecko   (   83): 1398551259010	Marionette	DEBUG	Got request: executeWithCallback, data: {"to":"0","sessionId":"3-b2g","name":"executeAsyncScript","parameters":{"specialPowers":false,"scriptTimeout":null,"newSandbox":true,"args":[],"filename":"gaia_test.py","script":"GaiaApps.killAll()","line":91}}, id: {3c9189cf-bc50-4c68-805d-19bfdb9d682c}
04-26 15:27:39.047 I/Gecko   (   83): 1398551259054	Marionette	INFO	sendToClient: {"from":"0","value":true}, {3c9189cf-bc50-4c68-805d-19bfdb9d682c}, {3c9189cf-bc50-4c68-805d-19bfdb9d682c}
04-26 15:27:39.047 I/Gecko   (   83): 1398551259060	Marionette	DEBUG	Got request: switchToFrame, data: {"to":"0","sessionId":"3-b2g","name":"switchToFrame","parameters":{"id":null,"focus":true}}, id: {33e694e5-fb07-44d6-ab8f-b3d875ad5a6a}
04-26 15:27:39.057 I/Gecko   (   83): 1398551259062	Marionette	INFO	Switched to frame: {"frameValue":null}
04-26 15:27:39.157 I/Gecko   (   83): 1398551259165	Marionette	INFO	sendToClient: {"from":"0","ok":true}, {33e694e5-fb07-44d6-ab8f-b3d875ad5a6a}, {33e694e5-fb07-44d6-ab8f-b3d875ad5a6a}
04-26 15:27:39.167 I/Gecko   (   83): 1398551259172	Marionette	DEBUG	Got request: executeWithCallback, data: {"to":"0","sessionId":"3-b2g","name":"executeAsyncScript","parameters":{"specialPowers":false,"scriptTimeout":60000,"newSandbox":true,"args":[],"filename":"app_checker.py","script":"\n        GaiaApps.locateWithManifestURL('https://marketplace.firefox.com/app/0111449d-22a5-4581-a8e0-da6922ce9bf2/manifest.webapp',\n                                       null,\n                                       function uninstall(app) {\n                                       navigator.mozApps.mgmt.uninstall(app);\n                                       marionetteScriptFinished(true);\n                                       });\n        ","line":129}}, id: {470db90d-5cfb-4fba-a699-3776d428bc10}
04-26 15:27:39.227 I/Gecko   (   83): -- webapps.js uninstall https://marketplace.firefox.com/app/0111449d-22a5-4581-a8e0-da6922ce9bf2/manifest.webapp
04-26 15:27:39.497 I/Gecko   (   83): 1398551259502	Marionette	INFO	sendToClient: {"from":"0","value":true}, {470db90d-5cfb-4fba-a699-3776d428bc10}, {470db90d-5cfb-4fba-a699-3776d428bc10}
04-26 15:27:39.527 I/Gecko   (   83): [Parent 83] WARNING: waitpid failed pid:733 errno:10: file ../../../gecko/ipc/chromium/src/base/process_util_posix.cc, line 254
04-26 15:27:39.527 I/Gecko   (   83): [Parent 83] WARNING: Failed to deliver SIGKILL to 733!(3).: file ../../../gecko/ipc/chromium/src/chrome/common/process_watcher_posix_sigchld.cc, line 118