--------- beginning of /dev/log/main
04-25 23:16:26.306 I/Gecko   (   83): 1398492986316	Marionette	INFO	sendToClient: {"from":"0","ok":true}, {e76aa7ef-569c-42aa-a1f4-f9a1240aacd2}, {e76aa7ef-569c-42aa-a1f4-f9a1240aacd2}
04-25 23:16:26.306 I/Gecko   (   83): 1398492986323	Marionette	DEBUG	Got request: switchToFrame, data: {"to":"0","sessionId":"3-b2g","name":"switchToFrame","parameters":{"id":null,"focus":true}}, id: {6812e576-a483-459c-8eb0-161766367f4a}
04-25 23:16:26.316 I/Gecko   (   83): 1398492986325	Marionette	INFO	Switched to frame: {"frameValue":null}
04-25 23:16:26.416 I/Gecko   (   83): 1398492986427	Marionette	INFO	sendToClient: {"from":"0","ok":true}, {6812e576-a483-459c-8eb0-161766367f4a}, {6812e576-a483-459c-8eb0-161766367f4a}
04-25 23:16:26.426 I/Gecko   (   83): 1398492986435	Marionette	DEBUG	Got request: executeWithCallback, data: {"to":"0","sessionId":"3-b2g","name":"executeAsyncScript","parameters":{"specialPowers":false,"scriptTimeout":null,"newSandbox":true,"args":[],"filename":"gaia_test.py","script":"return GaiaApps.displayedApp();","line":66}}, id: {314940ba-4e7a-45ff-8379-803ab618a365}
04-25 23:16:26.456 I/Gecko   (   83): 1398492986473	Marionette	INFO	sendToClient: {"from":"0","value":{"frame":{"ELEMENT":"{fbff6ba3-afd2-4c61-ad6e-5af3e6b48064}"},"src":"app://homescreen.gaiamobile.org/index.html#root","name":"Homescreen","origin":"app://homescreen.gaiamobile.org"}}, {314940ba-4e7a-45ff-8379-803ab618a365}, {314940ba-4e7a-45ff-8379-803ab618a365}
04-25 23:16:26.466 E/GeckoConsole(   83): Content JS LOG at dummy file:392 in GaiaApps.displayedApp: app with origin 'app://homescreen.gaiamobile.org' is displayed
04-25 23:16:26.476 I/Gecko   (   83): 1398492986488	Marionette	DEBUG	Got request: switchToFrame, data: {"to":"0","sessionId":"3-b2g","name":"switchToFrame","parameters":{"id":null,"focus":true}}, id: {d5116394-7bc0-454d-9c65-423b27155139}
04-25 23:16:26.476 I/Gecko   (   83): 1398492986491	Marionette	INFO	Switched to frame: {"frameValue":null}
04-25 23:16:26.576 I/Gecko   (   83): 1398492986593	Marionette	INFO	sendToClient: {"from":"0","ok":true}, {d5116394-7bc0-454d-9c65-423b27155139}, {d5116394-7bc0-454d-9c65-423b27155139}
04-25 23:16:26.586 I/Gecko   (   83): 1398492986599	Marionette	DEBUG	Got request: switchToFrame, data: {"to":"0","sessionId":"3-b2g","name":"switchToFrame","parameters":{"id":null,"focus":true}}, id: {7d4d8237-1993-49b7-b6b3-0638e4f87be9}
04-25 23:16:26.586 I/Gecko   (   83): 1398492986601	Marionette	INFO	Switched to frame: {"frameValue":null}
04-25 23:16:26.686 I/Gecko   (   83): 1398492986703	Marionette	INFO	sendToClient: {"from":"0","ok":true}, {7d4d8237-1993-49b7-b6b3-0638e4f87be9}, {7d4d8237-1993-49b7-b6b3-0638e4f87be9}
04-25 23:16:26.696 I/Gecko   (   83): 1398492986710	Marionette	DEBUG	Got request: executeWithCallback, data: {"to":"0","sessionId":"3-b2g","name":"executeAsyncScript","parameters":{"specialPowers":false,"scriptTimeout":null,"newSandbox":true,"args":[],"filename":"gaia_test.py","script":"return GaiaApps.displayedApp();","line":66}}, id: {8a87a6e7-e6c5-418a-9508-4369118a922a}
04-25 23:16:26.726 I/Gecko   (   83): 1398492986742	Marionette	INFO	sendToClient: {"from":"0","value":{"frame":{"ELEMENT":"{fbff6ba3-afd2-4c61-ad6e-5af3e6b48064}"},"src":"app://homescreen.gaiamobile.org/index.html#root","name":"Homescreen","origin":"app://homescreen.gaiamobile.org"}}, {8a87a6e7-e6c5-418a-9508-4369118a922a}, {8a87a6e7-e6c5-418a-9508-4369118a922a}
04-25 23:16:26.736 I/Gecko   (   83): 1398492986749	Marionette	DEBUG	Got request: switchToFrame, data: {"to":"0","sessionId":"3-b2g","name":"switchToFrame","parameters":{"focus":true,"element":"{fbff6ba3-afd2-4c61-ad6e-5af3e6b48064}"}}, id: {1c9003be-b60b-4472-93bd-414d527ec5cb}
04-25 23:16:26.746 I/Gecko   (   83): 1398492986756	Marionette	INFO	Switched to frame: {"frameValue":"{fbff6ba3-afd2-4c61-ad6e-5af3e6b48064}"}
04-25 23:16:26.746 E/GeckoConsole(   83): Content JS LOG at dummy file:392 in GaiaApps.displayedApp: app with origin 'app://homescreen.gaiamobile.org' is displayed
04-25 23:16:26.746 I/Gecko   (   83): 1398492986760	Marionette	INFO	trying remote frame 0
04-25 23:16:26.756 I/Gecko   (   83): 1398492986769	Marionette	INFO	trying remote frame 1
04-25 23:16:26.766 I/Gecko   (   83): 1398492986782	Marionette	INFO	deleting frame
04-25 23:16:26.776 I/Gecko   (   83): 1398492986789	Marionette	INFO	frame-manager load script: [object ChromeMessageSender]
04-25 23:16:27.056 I/Gecko   (   83): 1398492987071	Marionette	INFO	sendToClient: {"from":"0","ok":true}, {1c9003be-b60b-4472-93bd-414d527ec5cb}, {1c9003be-b60b-4472-93bd-414d527ec5cb}
04-25 23:16:27.076 I/Gecko   (   83): 1398492987088	Marionette	INFO	sendToClient: {"from":"0","value":{"ELEMENT":"{cba47d1f-fb14-4816-95c7-d3a3439240d5}"}}, {1b851d91-3666-4060-a9a4-12014515eaff}, {1b851d91-3666-4060-a9a4-12014515eaff}
04-25 23:16:27.126 E/GeckoConsole( 1288): [JavaScript Warning: "Use of getAttributeNode() is deprecated. Use getAttribute() instead." {file: "chrome://marionette/content/atoms.js" line: 25}]
04-25 23:16:27.136 E/GeckoConsole( 1288): [JavaScript Warning: "Use of attributes' specified attribute is deprecated. It always returns true." {file: "chrome://marionette/content/atoms.js" line: 25}]
04-25 23:16:27.136 I/Gecko   (   83): 1398492987148	Marionette	INFO	sendToClient: {"from":"0","value":"normal"}, {7afc43c2-18e0-4e16-9efa-fdd1ca544ad6}, {7afc43c2-18e0-4e16-9efa-fdd1ca544ad6}
04-25 23:16:27.146 I/Gecko   (   83): 1398492987155	Marionette	DEBUG	Got request: switchToFrame, data: {"to":"0","sessionId":"3-b2g","name":"switchToFrame","parameters":{"id":null,"focus":true}}, id: {2ebb6a96-098e-449c-84ae-7fe66549e41e}
04-25 23:16:27.146 I/Gecko   (   83): 1398492987163	Marionette	INFO	Switched to frame: {"frameValue":null}
04-25 23:16:27.256 I/Gecko   (   83): 1398492987269	Marionette	INFO	sendToClient: {"from":"0","ok":true}, {2ebb6a96-098e-449c-84ae-7fe66549e41e}, {2ebb6a96-098e-449c-84ae-7fe66549e41e}
04-25 23:16:27.266 I/Gecko   (   83): 1398492987278	Marionette	DEBUG	Got request: execute, data: {"to":"0","sessionId":"3-b2g","name":"executeScript","parameters":{"specialPowers":false,"scriptTimeout":null,"newSandbox":true,"args":[],"filename":"gaia_test.py","script":"window.wrappedJSObject.dispatchEvent(new Event('home'));","line":788}}, id: {bb782027-93a9-4b2f-937e-cabe89c66e84}
04-25 23:16:27.326 W/WifiHW  (   83): wifi_command: SIGNAL_POLL
04-25 23:16:27.326 I/Gecko   (   83): 1398492987338	Marionette	INFO	sendToClient: {"from":"0","value":null}, {bb782027-93a9-4b2f-937e-cabe89c66e84}, {bb782027-93a9-4b2f-937e-cabe89c66e84}
04-25 23:16:27.336 I/Gecko   (   83): 1398492987345	Marionette	DEBUG	Got request: switchToFrame, data: {"to":"0","sessionId":"3-b2g","name":"switchToFrame","parameters":{"id":null,"focus":true}}, id: {1ea32cc4-2a50-410e-bcaa-1f46da9a6ff0}
04-25 23:16:27.336 I/Gecko   (   83): 1398492987348	Marionette	INFO	Switched to frame: {"frameValue":null}
04-25 23:16:27.446 I/Gecko   (   83): 1398492987455	Marionette	INFO	sendToClient: {"from":"0","ok":true}, {1ea32cc4-2a50-410e-bcaa-1f46da9a6ff0}, {1ea32cc4-2a50-410e-bcaa-1f46da9a6ff0}
04-25 23:16:27.446 I/Gecko   (   83): 1398492987461	Marionette	DEBUG	Got request: switchToFrame, data: {"to":"0","sessionId":"3-b2g","name":"switchToFrame","parameters":{"id":null,"focus":true}}, id: {9b1d4ee7-745a-47bb-82ff-b6bff6fb55b0}
04-25 23:16:27.446 I/Gecko   (   83): 1398492987463	Marionette	INFO	Switched to frame: {"frameValue":null}
04-25 23:16:27.556 I/Gecko   (   83): 1398492987565	Marionette	INFO	sendToClient: {"from":"0","ok":true}, {9b1d4ee7-745a-47bb-82ff-b6bff6fb55b0}, {9b1d4ee7-745a-47bb-82ff-b6bff6fb55b0}
04-25 23:16:27.556 I/Gecko   (   83): 1398492987572	Marionette	DEBUG	Got request: executeWithCallback, data: {"to":"0","sessionId":"3-b2g","name":"executeAsyncScript","parameters":{"specialPowers":false,"scriptTimeout":null,"newSandbox":true,"args":[],"filename":"gaia_test.py","script":"return GaiaApps.displayedApp();","line":66}}, id: {afee3b93-8c50-4172-ac95-7140777ef56f}
04-25 23:16:27.586 I/Gecko   (   83): 1398492987602	Marionette	INFO	sendToClient: {"from":"0","value":{"frame":{"ELEMENT":"{fbff6ba3-afd2-4c61-ad6e-5af3e6b48064}"},"src":"app://homescreen.gaiamobile.org/index.html#rootFri%20Apr%2025%202014%2023:16:27%20GMT-0700%20(UTC)","name":"Homescreen","origin":"app://homescreen.gaiamobile.org"}}, {afee3b93-8c50-4172-ac95-7140777ef56f}, {afee3b93-8c50-4172-ac95-7140777ef56f}
04-25 23:16:27.596 I/Gecko   (   83): 1398492987609	Marionette	DEBUG	Got request: switchToFrame, data: {"to":"0","sessionId":"3-b2g","name":"switchToFrame","parameters":{"focus":true,"element":"{fbff6ba3-afd2-4c61-ad6e-5af3e6b48064}"}}, id: {8947ba72-f871-4aaa-b757-32717cd1195b}
04-25 23:16:27.606 I/Gecko   (   83): 1398492987615	Marionette	INFO	Switched to frame: {"frameValue":"{fbff6ba3-afd2-4c61-ad6e-5af3e6b48064}"}
04-25 23:16:27.606 E/GeckoConsole(   83): Content JS LOG at dummy file:392 in GaiaApps.displayedApp: app with origin 'app://homescreen.gaiamobile.org' is displayed
04-25 23:16:27.606 I/Gecko   (   83): 1398492987619	Marionette	INFO	trying remote frame 0
04-25 23:16:27.606 I/Gecko   (   83): 1398492987620	Marionette	INFO	trying remote frame 1
04-25 23:16:27.636 I/Gecko   (   83): 1398492987646	Marionette	INFO	sendToClient: {"from":"0","ok":true}, {8947ba72-f871-4aaa-b757-32717cd1195b}, {8947ba72-f871-4aaa-b757-32717cd1195b}
04-25 23:16:27.656 I/Gecko   (   83): 1398492987665	Marionette	DEBUG	Got request: execute, data: {"to":"0","sessionId":"3-b2g","name":"executeScript","parameters":{"specialPowers":false,"scriptTimeout":null,"newSandbox":true,"args":[],"filename":"gaia_test.py","script":"return window.wrappedJSObject.GridManager.pageHelper.getCurrentPageNumber();","line":784}}, id: {da02e04c-3f07-4120-94b7-ddded53cdc8e}
04-25 23:16:27.696 I/Gecko   (   83): 1398492987713	Marionette	INFO	sendToClient: {"from":"0","value":0}, {da02e04c-3f07-4120-94b7-ddded53cdc8e}, {da02e04c-3f07-4120-94b7-ddded53cdc8e}
04-25 23:16:27.726 I/Gecko   (   83): 1398492987739	Marionette	INFO	sendToClient: {"from":"0","value":["{f065e292-6452-41eb-91d0-29f51dcaba67}","{6e84f438-3ccc-4ad7-9f89-d6f3b46b2414}","{637573b9-2f77-40e0-9148-09c3daaa820b}","{d587f1bc-617c-4a87-ab8b-87787851446b}","{844b8267-a680-4fb9-91d7-27a34f504af5}","{abdfb20d-6e68-461b-9808-45f46fd783e3}","{fbe92339-fc85-4354-a7d1-6c27b932a468}","{cf274a11-732d-42e0-9862-f6c70c89232c}","{3d4d49c9-4f25-40e4-8fc0-e7abdad106f1}","{a0be5b7a-3205-4be4-81a4-f610e80203cd}","{ac63a731-c175-43bd-8021-eab810b5c5fd}","{06f4bf45-a122-40be-b532-8137215b3e48}","{1b649601-5eb3-4153-8311-b903f2dc491d}","{7b7ffe58-6165-4c62-bfec-bcfdd131463f}","{06d5e0ad-2882-43b1-bfa2-0134e314d232}","{43f5ee55-9753-4469-a1ee-59ac00149470}","{8b7d5e50-ae0a-4f43-a57c-ce3ec770e96d}","{db2fb8c9-3eaa-438f-b226-0ff68355a9d2}","{e19ae59b-3e0f-4b53-9008-5a2469145f43}","{54d20ecd-fa86-41fe-ab7e-051e107e62ba}","{8903c513-ef47-4239-bced-fd2b8f3d13e9}","{80878ae3-15be-4bf5-a279-ec6211e93a81}","{58a53353-e753-4a8e-9da6-c223b7e62294}"]}, {89efc040-ef
04-25 23:16:27.736 I/Gecko   (   83): 1398492987749	Marionette	INFO	sendToClient: {"from":"0","value":"app://homescreen.gaiamobile.org/index.html#rootFri%20Apr%2025%202014%2023:16:27%20GMT-0700%20(UTC)"}, {61956481-0b4a-490c-bf9c-9bb418bd8ec3}, {61956481-0b4a-490c-bf9c-9bb418bd8ec3}
04-25 23:16:27.746 I/Gecko   (   83): 1398492987758	Marionette	DEBUG	Got request: switchToFrame, data: {"to":"0","sessionId":"3-b2g","name":"switchToFrame","parameters":{"id":null,"focus":true}}, id: {4f9b6c5e-de3f-45aa-a14a-b45400666042}
04-25 23:16:27.756 I/Gecko   (   83): 1398492987769	Marionette	INFO	Switched to frame: {"frameValue":null}
04-25 23:16:27.856 I/Gecko   (   83): 1398492987872	Marionette	INFO	sendToClient: {"from":"0","ok":true}, {4f9b6c5e-de3f-45aa-a14a-b45400666042}, {4f9b6c5e-de3f-45aa-a14a-b45400666042}
04-25 23:16:27.866 I/Gecko   (   83): 1398492987878	Marionette	DEBUG	Got request: switchToFrame, data: {"to":"0","sessionId":"3-b2g","name":"switchToFrame","parameters":{"id":null,"focus":true}}, id: {a227c3b0-a74e-461e-8803-add23306074f}
04-25 23:16:27.866 I/Gecko   (   83): 1398492987882	Marionette	INFO	Switched to frame: {"frameValue":null}
04-25 23:16:27.976 I/Gecko   (   83): 1398492987984	Marionette	INFO	sendToClient: {"from":"0","ok":true}, {a227c3b0-a74e-461e-8803-add23306074f}, {a227c3b0-a74e-461e-8803-add23306074f}
04-25 23:16:27.976 I/Gecko   (   83): 1398492987991	Marionette	DEBUG	Got request: executeWithCallback, data: {"to":"0","sessionId":"3-b2g","name":"executeAsyncScript","parameters":{"specialPowers":false,"scriptTimeout":30000,"newSandbox":true,"args":[],"filename":"app_checker.py","script":"GaiaApps.launchWithManifestURL('http://app.folha.com/manifest.webapp')","line":106}}, id: {5e10b02e-1088-4c77-bed8-c8d9bc03d1e8}
04-25 23:16:28.026 E/GeckoConsole(   83): Content JS LOG at dummy file:334 in GaiaApps.launch: launching app with name 'Folha'
04-25 23:16:32.326 W/WifiHW  (   83): wifi_command: SIGNAL_POLL
04-25 23:16:37.326 W/WifiHW  (   83): wifi_command: SIGNAL_POLL
04-25 23:16:42.336 W/WifiHW  (   83): wifi_command: SIGNAL_POLL
04-25 23:16:47.336 W/WifiHW  (   83): wifi_command: SIGNAL_POLL
04-25 23:16:52.336 W/WifiHW  (   83): wifi_command: SIGNAL_POLL
04-25 23:16:57.336 W/WifiHW  (   83): wifi_command: SIGNAL_POLL
04-25 23:16:58.006 I/Gecko   (   83): 1398493018015	Marionette	INFO	sendToClient: {"from":"0","error":{"message":"timed out","status":28,"stacktrace":null}}, {5e10b02e-1088-4c77-bed8-c8d9bc03d1e8}, {5e10b02e-1088-4c77-bed8-c8d9bc03d1e8}
04-25 23:16:58.006 I/Gecko   (   83): 1398493018021	Marionette	DEBUG	Got request: switchToFrame, data: {"to":"0","sessionId":"3-b2g","name":"switchToFrame","parameters":{"id":null,"focus":true}}, id: {2d7fce54-a070-4de8-b7b9-5dc9a76593a9}
04-25 23:16:58.006 I/Gecko   (   83): 1398493018023	Marionette	INFO	Switched to frame: {"frameValue":null}
04-25 23:16:58.116 I/Gecko   (   83): 1398493018126	Marionette	INFO	sendToClient: {"from":"0","ok":true}, {2d7fce54-a070-4de8-b7b9-5dc9a76593a9}, {2d7fce54-a070-4de8-b7b9-5dc9a76593a9}
04-25 23:16:58.116 I/Gecko   (   83): 1398493018134	Marionette	DEBUG	Got request: executeWithCallback, data: {"to":"0","sessionId":"3-b2g","name":"executeAsyncScript","parameters":{"specialPowers":false,"scriptTimeout":60000,"newSandbox":true,"args":[],"filename":"app_checker.py","script":"\n        GaiaApps.locateWithManifestURL('http://app.folha.com/manifest.webapp',\n                                       null,\n                                       function uninstall(app) {\n                                       navigator.mozApps.mgmt.uninstall(app);\n                                       marionetteScriptFinished(true);\n                                       });\n        ","line":129}}, id: {926d225f-afa1-425e-866c-0e817b1a2d57}
04-25 23:16:58.146 I/Gecko   (   83): -- webapps.js uninstall http://app.folha.com/manifest.webapp
04-25 23:16:58.456 I/Gecko   (   83): 1398493018466	Marionette	INFO	sendToClient: {"from":"0","value":true}, {926d225f-afa1-425e-866c-0e817b1a2d57}, {926d225f-afa1-425e-866c-0e817b1a2d57}