--------- beginning of /dev/log/main
04-26 11:33:36.363 I/Gecko   (   83): 1398537216380	Marionette	INFO	sendToClient: {"from":"0","ok":true}, {c412fe22-4841-4d20-9f38-e13fb50a4b57}, {c412fe22-4841-4d20-9f38-e13fb50a4b57}
04-26 11:33:36.403 I/Gecko   (   83): 1398537216419	Marionette	DEBUG	Got request: switchToFrame, data: {"to":"0","sessionId":"3-b2g","name":"switchToFrame","parameters":{"id":null,"focus":true}}, id: {ddf1c3eb-7285-4577-8067-de4c5b5b9a32}
04-26 11:33:36.403 I/Gecko   (   83): 1398537216422	Marionette	INFO	Switched to frame: {"frameValue":null}
04-26 11:33:36.513 I/Gecko   (   83): 1398537216524	Marionette	INFO	sendToClient: {"from":"0","ok":true}, {ddf1c3eb-7285-4577-8067-de4c5b5b9a32}, {ddf1c3eb-7285-4577-8067-de4c5b5b9a32}
04-26 11:33:36.513 I/Gecko   (   83): 1398537216532	Marionette	DEBUG	Got request: executeWithCallback, data: {"to":"0","sessionId":"3-b2g","name":"executeAsyncScript","parameters":{"specialPowers":false,"scriptTimeout":null,"newSandbox":true,"args":[],"filename":"gaia_test.py","script":"return GaiaApps.displayedApp();","line":66}}, id: {37b06051-83ea-4dc5-b292-e0a410a52c61}
04-26 11:33:36.613 I/Gecko   (   83): 1398537216623	Marionette	INFO	sendToClient: {"from":"0","value":{"frame":{"ELEMENT":"{083214c7-37d5-4567-8229-9cf0861b87ef}"},"src":"app://homescreen.gaiamobile.org/index.html#root","name":"Homescreen","origin":"app://homescreen.gaiamobile.org"}}, {37b06051-83ea-4dc5-b292-e0a410a52c61}, {37b06051-83ea-4dc5-b292-e0a410a52c61}
04-26 11:33:36.613 E/GeckoConsole(   83): Content JS LOG at dummy file:392 in GaiaApps.displayedApp: app with origin 'app://homescreen.gaiamobile.org' is displayed
04-26 11:33:36.633 I/Gecko   (   83): 1398537216650	Marionette	DEBUG	Got request: switchToFrame, data: {"to":"0","sessionId":"3-b2g","name":"switchToFrame","parameters":{"id":null,"focus":true}}, id: {a96bfe15-0a04-41d7-861d-7dd20e26a9b9}
04-26 11:33:36.633 I/Gecko   (   83): 1398537216652	Marionette	INFO	Switched to frame: {"frameValue":null}
04-26 11:33:36.743 I/Gecko   (   83): 1398537216760	Marionette	INFO	sendToClient: {"from":"0","ok":true}, {a96bfe15-0a04-41d7-861d-7dd20e26a9b9}, {a96bfe15-0a04-41d7-861d-7dd20e26a9b9}
04-26 11:33:36.753 I/Gecko   (   83): 1398537216767	Marionette	DEBUG	Got request: switchToFrame, data: {"to":"0","sessionId":"3-b2g","name":"switchToFrame","parameters":{"id":null,"focus":true}}, id: {f51c6054-a8f8-4421-960a-d2c05ee6b988}
04-26 11:33:36.763 I/Gecko   (   83): 1398537216774	Marionette	INFO	Switched to frame: {"frameValue":null}
04-26 11:33:36.863 I/Gecko   (   83): 1398537216881	Marionette	INFO	sendToClient: {"from":"0","ok":true}, {f51c6054-a8f8-4421-960a-d2c05ee6b988}, {f51c6054-a8f8-4421-960a-d2c05ee6b988}
04-26 11:33:36.873 I/Gecko   (   83): 1398537216888	Marionette	DEBUG	Got request: executeWithCallback, data: {"to":"0","sessionId":"3-b2g","name":"executeAsyncScript","parameters":{"specialPowers":false,"scriptTimeout":null,"newSandbox":true,"args":[],"filename":"gaia_test.py","script":"return GaiaApps.displayedApp();","line":66}}, id: {c708981f-e14c-49c5-a137-1e13b512227b}
04-26 11:33:36.943 E/GeckoConsole(   83): Content JS LOG at dummy file:392 in GaiaApps.displayedApp: app with origin 'app://homescreen.gaiamobile.org' is displayed
04-26 11:33:36.943 I/Gecko   (   83): 1398537216956	Marionette	INFO	sendToClient: {"from":"0","value":{"frame":{"ELEMENT":"{083214c7-37d5-4567-8229-9cf0861b87ef}"},"src":"app://homescreen.gaiamobile.org/index.html#root","name":"Homescreen","origin":"app://homescreen.gaiamobile.org"}}, {c708981f-e14c-49c5-a137-1e13b512227b}, {c708981f-e14c-49c5-a137-1e13b512227b}
04-26 11:33:36.983 I/Gecko   (   83): 1398537216995	Marionette	DEBUG	Got request: switchToFrame, data: {"to":"0","sessionId":"3-b2g","name":"switchToFrame","parameters":{"focus":true,"element":"{083214c7-37d5-4567-8229-9cf0861b87ef}"}}, id: {a85887d9-15f0-4df8-a8b2-24c221a8a67c}
04-26 11:33:37.023 I/Gecko   (   83): 1398537217041	Marionette	INFO	Switched to frame: {"frameValue":"{083214c7-37d5-4567-8229-9cf0861b87ef}"}
04-26 11:33:37.053 I/Gecko   (   83): 1398537217065	Marionette	INFO	trying remote frame 0
04-26 11:33:37.053 I/Gecko   (   83): 1398537217067	Marionette	INFO	trying remote frame 1
04-26 11:33:37.053 I/Gecko   (   83): 1398537217067	Marionette	INFO	deleting frame
04-26 11:33:37.073 I/Gecko   (   83): 1398537217083	Marionette	INFO	frame-manager load script: [object ChromeMessageSender]
04-26 11:33:37.433 I/Gecko   (   83): 1398537217445	Marionette	INFO	sendToClient: {"from":"0","ok":true}, {a85887d9-15f0-4df8-a8b2-24c221a8a67c}, {a85887d9-15f0-4df8-a8b2-24c221a8a67c}
04-26 11:33:37.533 I/Gecko   (   83): 1398537217550	Marionette	INFO	sendToClient: {"from":"0","value":{"ELEMENT":"{6251d419-20c2-4ee8-9dc1-caa5c366f4e6}"}}, {fd02cd93-051d-4760-a3b7-5f16a7e20fe5}, {fd02cd93-051d-4760-a3b7-5f16a7e20fe5}
04-26 11:33:37.803 E/GeckoConsole( 2123): [JavaScript Warning: "Use of getAttributeNode() is deprecated. Use getAttribute() instead." {file: "chrome://marionette/content/atoms.js" line: 25}]
04-26 11:33:37.813 E/GeckoConsole( 2123): [JavaScript Warning: "Use of attributes' specified attribute is deprecated. It always returns true." {file: "chrome://marionette/content/atoms.js" line: 25}]
04-26 11:33:37.813 I/Gecko   (   83): 1398537217829	Marionette	INFO	sendToClient: {"from":"0","value":"normal"}, {ee92b087-b96e-4976-a563-f60360f85a8e}, {ee92b087-b96e-4976-a563-f60360f85a8e}
04-26 11:33:37.823 I/Gecko   (   83): 1398537217836	Marionette	DEBUG	Got request: switchToFrame, data: {"to":"0","sessionId":"3-b2g","name":"switchToFrame","parameters":{"id":null,"focus":true}}, id: {27c4acb6-64a9-42d7-bce6-dc7a5ca64373}
04-26 11:33:37.833 I/Gecko   (   83): 1398537217848	Marionette	INFO	Switched to frame: {"frameValue":null}
04-26 11:33:37.933 I/Gecko   (   83): 1398537217951	Marionette	INFO	sendToClient: {"from":"0","ok":true}, {27c4acb6-64a9-42d7-bce6-dc7a5ca64373}, {27c4acb6-64a9-42d7-bce6-dc7a5ca64373}
04-26 11:33:37.943 I/Gecko   (   83): 1398537217958	Marionette	DEBUG	Got request: execute, data: {"to":"0","sessionId":"3-b2g","name":"executeScript","parameters":{"specialPowers":false,"scriptTimeout":null,"newSandbox":true,"args":[],"filename":"gaia_test.py","script":"window.wrappedJSObject.dispatchEvent(new Event('home'));","line":788}}, id: {5dae4001-fc8a-4135-ae87-90868dab9936}
04-26 11:33:38.083 I/Gecko   (   83): 1398537218099	Marionette	INFO	sendToClient: {"from":"0","value":null}, {5dae4001-fc8a-4135-ae87-90868dab9936}, {5dae4001-fc8a-4135-ae87-90868dab9936}
04-26 11:33:38.093 I/Gecko   (   83): 1398537218109	Marionette	DEBUG	Got request: switchToFrame, data: {"to":"0","sessionId":"3-b2g","name":"switchToFrame","parameters":{"id":null,"focus":true}}, id: {8b5ee318-92f3-47c6-8705-0397e2c99cc3}
04-26 11:33:38.103 I/Gecko   (   83): 1398537218115	Marionette	INFO	Switched to frame: {"frameValue":null}
04-26 11:33:38.203 I/Gecko   (   83): 1398537218218	Marionette	INFO	sendToClient: {"from":"0","ok":true}, {8b5ee318-92f3-47c6-8705-0397e2c99cc3}, {8b5ee318-92f3-47c6-8705-0397e2c99cc3}
04-26 11:33:38.213 I/Gecko   (   83): 1398537218225	Marionette	DEBUG	Got request: switchToFrame, data: {"to":"0","sessionId":"3-b2g","name":"switchToFrame","parameters":{"id":null,"focus":true}}, id: {82696300-0c8b-4fd5-865b-fa99df40cb25}
04-26 11:33:38.213 I/Gecko   (   83): 1398537218227	Marionette	INFO	Switched to frame: {"frameValue":null}
04-26 11:33:38.313 I/Gecko   (   83): 1398537218329	Marionette	INFO	sendToClient: {"from":"0","ok":true}, {82696300-0c8b-4fd5-865b-fa99df40cb25}, {82696300-0c8b-4fd5-865b-fa99df40cb25}
04-26 11:33:38.323 I/Gecko   (   83): 1398537218335	Marionette	DEBUG	Got request: executeWithCallback, data: {"to":"0","sessionId":"3-b2g","name":"executeAsyncScript","parameters":{"specialPowers":false,"scriptTimeout":null,"newSandbox":true,"args":[],"filename":"gaia_test.py","script":"return GaiaApps.displayedApp();","line":66}}, id: {70074e39-480c-4bb1-9127-5461730a7366}
04-26 11:33:38.393 I/Gecko   (   83): 1398537218403	Marionette	INFO	sendToClient: {"from":"0","value":{"frame":{"ELEMENT":"{083214c7-37d5-4567-8229-9cf0861b87ef}"},"src":"app://homescreen.gaiamobile.org/index.html#rootSat%20Apr%2026%202014%2011:33:38%20GMT-0700%20(UTC)","name":"Homescreen","origin":"app://homescreen.gaiamobile.org"}}, {70074e39-480c-4bb1-9127-5461730a7366}, {70074e39-480c-4bb1-9127-5461730a7366}
04-26 11:33:38.413 E/GeckoConsole(   83): Content JS LOG at dummy file:392 in GaiaApps.displayedApp: app with origin 'app://homescreen.gaiamobile.org' is displayed
04-26 11:33:38.413 I/Gecko   (   83): 1398537218426	Marionette	DEBUG	Got request: switchToFrame, data: {"to":"0","sessionId":"3-b2g","name":"switchToFrame","parameters":{"focus":true,"element":"{083214c7-37d5-4567-8229-9cf0861b87ef}"}}, id: {307371d7-8497-47b0-acae-732951ff6f75}
04-26 11:33:38.433 I/Gecko   (   83): 1398537218439	Marionette	INFO	Switched to frame: {"frameValue":"{083214c7-37d5-4567-8229-9cf0861b87ef}"}
04-26 11:33:38.433 I/Gecko   (   83): 1398537218450	Marionette	INFO	trying remote frame 0
04-26 11:33:38.443 I/Gecko   (   83): 1398537218453	Marionette	INFO	trying remote frame 1
04-26 11:33:38.563 I/Gecko   (   83): 1398537218575	Marionette	INFO	sendToClient: {"from":"0","ok":true}, {307371d7-8497-47b0-acae-732951ff6f75}, {307371d7-8497-47b0-acae-732951ff6f75}
04-26 11:33:38.573 I/Gecko   (   83): 1398537218583	Marionette	DEBUG	Got request: execute, data: {"to":"0","sessionId":"3-b2g","name":"executeScript","parameters":{"specialPowers":false,"scriptTimeout":null,"newSandbox":true,"args":[],"filename":"gaia_test.py","script":"return window.wrappedJSObject.GridManager.pageHelper.getCurrentPageNumber();","line":784}}, id: {e9c5de82-2e50-485e-9607-5e94f7bcce2d}
04-26 11:33:38.773 I/Gecko   (   83): 1398537218790	Marionette	INFO	sendToClient: {"from":"0","value":0}, {e9c5de82-2e50-485e-9607-5e94f7bcce2d}, {e9c5de82-2e50-485e-9607-5e94f7bcce2d}
04-26 11:33:39.653 W/WifiHW  (   83): wifi_command: SIGNAL_POLL
04-26 11:33:39.903 I/Gecko   (   83): 1398537219918	Marionette	INFO	sendToClient: {"from":"0","value":["{90403520-e212-4bfc-bc6d-e92ff5a2c8f0}","{4378f409-6b38-406f-b93a-e8e7d5e31207}","{f2d0b2a0-c047-4586-a3c6-aff36a81bdbb}","{edb31d7d-b9ca-409c-99ca-16f54d572111}","{262cbe6b-b123-43a0-a13d-13f4ebf37bcf}","{398dc547-f496-44e7-a66a-1c22e07e9204}","{20622b95-051d-4a3e-9e34-08fb42df9110}","{71e33370-ab57-49c6-9da4-58cf14d4cbb5}","{5b8e32b8-e812-4bda-ad65-ccea70cc75a8}","{2e43ef0b-5ba3-48f6-b76a-dab0f51233f0}","{d15a7b7f-2337-4e4e-815f-99360491fb87}","{df5e5a14-ae2c-486f-9950-2668d3e56a88}","{381f99c7-9bbe-49a2-97e9-b8db32637ccb}","{1d087d2e-2227-405e-8dcf-6f4eb6c76b0a}","{fc136d3f-a722-4a98-9150-1ab28b2567e9}","{8e0f3d1a-b952-4697-b9fc-e90889138192}","{6f67510f-86a7-4604-af08-8b11712998d0}","{573e9a15-ae59-4132-ba37-8bcecd41c4b8}","{25e421fd-4453-4d17-b22a-1b5efa8f1f98}","{86c2df23-ca2a-46b4-bfc9-5b26f75a1ba7}","{f771703f-c769-40bf-a662-aac8c82285ec}","{51e3e065-6bf8-4a9c-83b3-998d3b2e47cf}","{3dc2b836-8c14-4002-a377-296aa753d6e4}","{33283424-8a46
04-26 11:33:39.983 E/GeckoConsole( 2123): Content JS WARN at app://homescreen.gaiamobile.org/gaia_build_defer_index.js:184 in isHiddenApp: Unexpected role when checking hidden app: undefined
04-26 11:33:39.983 E/GeckoConsole( 2123): Content JS WARN at app://homescreen.gaiamobile.org/gaia_build_defer_index.js:184 in isHiddenApp: Unexpected role when checking hidden app: undefined
04-26 11:33:39.993 E/GeckoConsole( 2123): Content JS WARN at app://homescreen.gaiamobile.org/gaia_build_defer_index.js:184 in isHiddenApp: Unexpected role when checking hidden app: undefined
04-26 11:33:39.993 E/GeckoConsole( 2123): Content JS WARN at app://homescreen.gaiamobile.org/gaia_build_defer_index.js:184 in isHiddenApp: Unexpected role when checking hidden app: undefined
04-26 11:33:39.993 E/GeckoConsole( 2123): Content JS WARN at app://homescreen.gaiamobile.org/gaia_build_defer_index.js:184 in isHiddenApp: Unexpected role when checking hidden app: undefined
04-26 11:33:39.993 E/GeckoConsole( 2123): Content JS WARN at app://homescreen.gaiamobile.org/gaia_build_defer_index.js:184 in isHiddenApp: Unexpected role when checking hidden app: undefined
04-26 11:33:39.993 E/GeckoConsole( 2123): Content JS WARN at app://homescreen.gaiamobile.org/gaia_build_defer_index.js:184 in isHiddenApp: Unexpected role when checking hidden app: undefined
04-26 11:33:39.993 E/GeckoConsole( 2123): Content JS WARN at app://homescreen.gaiamobile.org/gaia_build_defer_index.js:184 in isHiddenApp: Unexpected role when checking hidden app: undefined
04-26 11:33:39.993 E/GeckoConsole( 2123): Content JS WARN at app://homescreen.gaiamobile.org/gaia_build_defer_index.js:184 in isHiddenApp: Unexpected role when checking hidden app: undefined
04-26 11:33:39.993 E/GeckoConsole( 2123): Content JS WARN at app://homescreen.gaiamobile.org/gaia_build_defer_index.js:184 in isHiddenApp: Unexpected role when checking hidden app: undefined
04-26 11:33:39.993 E/GeckoConsole( 2123): Content JS WARN at app://homescreen.gaiamobile.org/gaia_build_defer_index.js:184 in isHiddenApp: Unexpected role when checking hidden app: undefined
04-26 11:33:39.993 E/GeckoConsole( 2123): Content JS WARN at app://homescreen.gaiamobile.org/gaia_build_defer_index.js:184 in isHiddenApp: Unexpected role when checking hidden app: undefined
04-26 11:33:39.993 E/GeckoConsole( 2123): Content JS WARN at app://homescreen.gaiamobile.org/gaia_build_defer_index.js:184 in isHiddenApp: Unexpected role when checking hidden app: undefined
04-26 11:33:39.993 E/GeckoConsole( 2123): Content JS WARN at app://homescreen.gaiamobile.org/gaia_build_defer_index.js:184 in isHiddenApp: Unexpected role when checking hidden app: undefined
04-26 11:33:39.993 E/GeckoConsole( 2123): Content JS WARN at app://homescreen.gaiamobile.org/gaia_build_defer_index.js:184 in isHiddenApp: Unexpected role when checking hidden app: undefined
04-26 11:33:39.993 E/GeckoConsole( 2123): Content JS WARN at app://homescreen.gaiamobile.org/gaia_build_defer_index.js:184 in isHiddenApp: Unexpected role when checking hidden app: undefined
04-26 11:33:39.993 E/GeckoConsole( 2123): Content JS WARN at app://homescreen.gaiamobile.org/gaia_build_defer_index.js:184 in isHiddenApp: Unexpected role when checking hidden app: undefined
04-26 11:33:40.003 E/GeckoConsole( 2123): Content JS WARN at app://homescreen.gaiamobile.org/gaia_build_defer_index.js:184 in isHiddenApp: Unexpected role when checking hidden app: undefined
04-26 11:33:40.003 E/GeckoConsole( 2123): Content JS WARN at app://homescreen.gaiamobile.org/gaia_build_defer_index.js:184 in isHiddenApp: Unexpected role when checking hidden app: undefined
04-26 11:33:40.003 E/GeckoConsole( 2123): Content JS WARN at app://homescreen.gaiamobile.org/gaia_build_defer_index.js:184 in isHiddenApp: Unexpected role when checking hidden app: undefined
04-26 11:33:40.003 E/GeckoConsole( 2123): Content JS WARN at app://homescreen.gaiamobile.org/gaia_build_defer_index.js:184 in isHiddenApp: Unexpected role when checking hidden app: undefined
04-26 11:33:40.003 E/GeckoConsole( 2123): Content JS WARN at app://homescreen.gaiamobile.org/gaia_build_defer_index.js:184 in isHiddenApp: Unexpected role when checking hidden app: undefined
04-26 11:33:40.003 E/GeckoConsole( 2123): Content JS WARN at app://homescreen.gaiamobile.org/gaia_build_defer_index.js:184 in isHiddenApp: Unexpected role when checking hidden app: undefined
04-26 11:33:40.003 E/GeckoConsole( 2123): Content JS WARN at app://homescreen.gaiamobile.org/gaia_build_defer_index.js:184 in isHiddenApp: Unexpected role when checking hidden app: undefined
04-26 11:33:40.253 I/Gecko   (   83): 1398537220271	Marionette	INFO	sendToClient: {"from":"0","value":"app://homescreen.gaiamobile.org/index.html#rootSat%20Apr%2026%202014%2011:33:38%20GMT-0700%20(UTC)"}, {bdb3b0b4-01b0-4503-8c3a-5bff9d8a1f6e}, {bdb3b0b4-01b0-4503-8c3a-5bff9d8a1f6e}
04-26 11:33:40.263 I/Gecko   (   83): 1398537220278	Marionette	DEBUG	Got request: switchToFrame, data: {"to":"0","sessionId":"3-b2g","name":"switchToFrame","parameters":{"id":null,"focus":true}}, id: {fc56ab68-7b94-4cac-a06e-e2eda8432270}
04-26 11:33:40.283 I/Gecko   (   83): 1398537220302	Marionette	INFO	Switched to frame: {"frameValue":null}
04-26 11:33:40.393 I/Gecko   (   83): 1398537220405	Marionette	INFO	sendToClient: {"from":"0","ok":true}, {fc56ab68-7b94-4cac-a06e-e2eda8432270}, {fc56ab68-7b94-4cac-a06e-e2eda8432270}
04-26 11:33:40.393 I/Gecko   (   83): 1398537220412	Marionette	DEBUG	Got request: switchToFrame, data: {"to":"0","sessionId":"3-b2g","name":"switchToFrame","parameters":{"id":null,"focus":true}}, id: {e2f76cc0-00dc-4cbb-85d6-d719f897b29c}
04-26 11:33:40.403 I/Gecko   (   83): 1398537220413	Marionette	INFO	Switched to frame: {"frameValue":null}
04-26 11:33:40.513 I/Gecko   (   83): 1398537220524	Marionette	INFO	sendToClient: {"from":"0","ok":true}, {e2f76cc0-00dc-4cbb-85d6-d719f897b29c}, {e2f76cc0-00dc-4cbb-85d6-d719f897b29c}
04-26 11:33:40.513 I/Gecko   (   83): 1398537220531	Marionette	DEBUG	Got request: executeWithCallback, data: {"to":"0","sessionId":"3-b2g","name":"executeAsyncScript","parameters":{"specialPowers":false,"scriptTimeout":30000,"newSandbox":true,"args":[],"filename":"app_checker.py","script":"GaiaApps.launchWithManifestURL('https://marketplace.firefox.com/app/e7085457-006f-4063-8677-b0237c02328a/manifest.webapp')","line":106}}, id: {57400fc4-b48b-4c42-8854-8a393e97d635}
04-26 11:33:40.603 I/Gonk    (   83): Setting nice for pid 2133 to 18
04-26 11:33:40.603 I/Gonk    (   83): Changed nice for pid 2133 from 0 to 18.
04-26 11:33:40.613 I/Gecko   (   83): [Parent 83] WARNING: waitpid failed pid:2133 errno:10: file ../../../gecko/ipc/chromium/src/base/process_util_posix.cc, line 254
04-26 11:33:40.613 I/Gonk    (   83): Setting nice for pid 2133 to 1
04-26 11:33:40.613 I/Gonk    (   83): Changed nice for pid 2133 from 18 to 1.
04-26 11:33:40.663 E/GeckoConsole(   83): Content JS LOG at dummy file:334 in GaiaApps.launch: launching app with name 'HTML-Editor'
04-26 11:33:40.733 E/[Gralloc-ERROR](   83): int gralloc_register_buffer(const gralloc_module_t*, const native_handle_t*):79 Unable to register handle 0x49ae31f0 coming from different process: 83
04-26 11:33:40.793 E/[Gralloc-ERROR](   83): int gralloc_register_buffer(const gralloc_module_t*, const native_handle_t*):79 Unable to register handle 0x49ae32e0 coming from different process: 83
04-26 11:33:40.813 E/[Gralloc-ERROR](   83): int gralloc_register_buffer(const gralloc_module_t*, const native_handle_t*):79 Unable to register handle 0x49ae3380 coming from different process: 83
04-26 11:33:40.823 E/[Gralloc-ERROR](   83): int gralloc_register_buffer(const gralloc_module_t*, const native_handle_t*):79 Unable to register handle 0x49ae3420 coming from different process: 83
04-26 11:33:41.063 D/Sensors (   83): activate handle=0; drv=0
04-26 11:33:41.073 D/Sensors (   83): Lis3dhSensor: Control set 1
04-26 11:33:41.073 D/Sensors (   83): Lis3dhSensor: mEnabled = 1
04-26 11:33:41.193 I/Gonk    (   83): Setting nice for pid 2123 to 18
04-26 11:33:41.193 I/Gonk    (   83): Changed nice for pid 2123 from 1 to 18.
04-26 11:33:41.453 V/AudioPolicyManagerBase(   88): startOutput() output 1, stream 1, session 7
04-26 11:33:41.453 V/AudioPolicyManagerBase(   88): changeRefCount() stream 1, count 1
04-26 11:33:41.453 V/AudioPolicyManagerBase(   88): getDeviceForStrategy() from cache strategy 0, device 2
04-26 11:33:41.453 V/AudioPolicyManagerBase(   88): getNewDevice() selected device 2
04-26 11:33:41.453 D/AudioPolicyManagerBase(   88): setOutputDevice() output 1 device 2 delayMs 0
04-26 11:33:41.453 V/AudioPolicyManagerBase(   88): setOutputDevice() setting same device 2 or null device for output 1
04-26 11:33:41.453 E/AudioPolicyManagerBase(   88): checkAndSetVolume stream=1, index=0, output=1, device=2
04-26 11:33:41.453 E/AudioPolicyManagerBase(   88): computeVolume, streamDesc=0xaa9bb8
04-26 11:33:41.483 W/AudioFlinger(   88): Thread AudioOut_1 cannot connect to the power manager service
04-26 11:33:41.483 V/AudioPolicyManagerBase(   88): stopOutput() output 1, stream 1, session 7
04-26 11:33:41.483 V/AudioPolicyManagerBase(   88): changeRefCount() stream 1, count 0
04-26 11:33:41.483 V/AudioPolicyManagerBase(   88): getNewDevice() selected device 0
04-26 11:33:41.483 D/AudioPolicyManagerBase(   88): setOutputDevice() output 1 device 0 delayMs 290
04-26 11:33:41.483 V/AudioPolicyManagerBase(   88): setOutputDevice() setting same device 0 or null device for output 1
04-26 11:33:41.493 V/AudioPolicyManagerBase(   88): startOutput() output 1, stream 1, session 7
04-26 11:33:41.493 V/AudioPolicyManagerBase(   88): changeRefCount() stream 1, count 1
04-26 11:33:41.493 V/AudioPolicyManagerBase(   88): getDeviceForStrategy() from cache strategy 0, device 2
04-26 11:33:41.493 V/AudioPolicyManagerBase(   88): getNewDevice() selected device 2
04-26 11:33:41.493 D/AudioPolicyManagerBase(   88): setOutputDevice() output 1 device 2 delayMs 0
04-26 11:33:41.493 V/AudioPolicyManagerBase(   88): setOutputDevice() setting same device 2 or null device for output 1
04-26 11:33:41.493 E/AudioPolicyManagerBase(   88): checkAndSetVolume stream=1, index=0, output=1, device=2
04-26 11:33:41.493 E/AudioPolicyManagerBase(   88): computeVolume, streamDesc=0xaa9bb8
04-26 11:33:41.493 V/AudioPolicyManagerBase(   88): stopOutput() output 1, stream 1, session 7
04-26 11:33:41.493 V/AudioPolicyManagerBase(   88): changeRefCount() stream 1, count 0
04-26 11:33:41.493 V/AudioPolicyManagerBase(   88): getNewDevice() selected device 0
04-26 11:33:41.493 D/AudioPolicyManagerBase(   88): setOutputDevice() output 1 device 0 delayMs 290
04-26 11:33:41.493 V/AudioPolicyManagerBase(   88): setOutputDevice() setting same device 0 or null device for output 1
04-26 11:33:41.493 V/AudioPolicyManagerBase(   88): releaseOutput() 1
04-26 11:33:41.603 D/Sensors (   83): SensorTMD2771::readEvents()======data_fd=54,count=16
04-26 11:33:41.603 D/Sensors (   83): SensorTMD2771::processEvent()=====code=40::value=10 
04-26 11:33:41.603 D/Sensors (   83): SensorTMD2771: mPendingEvents[Light].light = 10.000000
04-26 11:33:41.753 E/GeckoConsole( 2133): [JavaScript Error: "The character encoding of the HTML document was not declared. The document will render with garbled text in some browser configurations if the document contains characters from outside the US-ASCII range. The character encoding of the page must be declared in the document or in the transfer protocol." {file: "app://{116b1667-20a3-4eb5-8284-ad0bc52ad775}/index.html" line: 0}]
04-26 11:33:42.723 E/GeckoConsole(   83): Content JS LOG at dummy file:326 in GaiaApps.launch/appOpen/<: app with origin 'app://{116b1667-20a3-4eb5-8284-ad0bc52ad775}' has launched
04-26 11:33:42.723 I/Gecko   (   83): 1398537222735	Marionette	INFO	sendToClient: {"from":"0","value":{"frame":{"ELEMENT":"{3fceb03e-090c-4048-b543-4c693dbab24d}"},"src":"app://{116b1667-20a3-4eb5-8284-ad0bc52ad775}/index.html","name":"HTML-Editor","origin":"app://{116b1667-20a3-4eb5-8284-ad0bc52ad775}"}}, {57400fc4-b48b-4c42-8854-8a393e97d635}, {57400fc4-b48b-4c42-8854-8a393e97d635}
04-26 11:33:42.763 E/[Gralloc-ERROR](   83): int gralloc_unregister_buffer(const gralloc_module_t*, const native_handle_t*):274 Trying to unregister buffer 0x49ae31f0 from process 83 that was not created in current process: 83
04-26 11:33:42.763 E/[Gralloc-ERROR](   83): int gralloc_unregister_buffer(const gralloc_module_t*, const native_handle_t*):274 Trying to unregister buffer 0x49ae32e0 from process 83 that was not created in current process: 83
04-26 11:33:42.763 E/[Gralloc-ERROR](   83): int gralloc_unregister_buffer(const gralloc_module_t*, const native_handle_t*):274 Trying to unregister buffer 0x49ae3420 from process 83 that was not created in current process: 83
04-26 11:33:42.763 E/[Gralloc-ERROR](   83): int gralloc_unregister_buffer(const gralloc_module_t*, const native_handle_t*):274 Trying to unregister buffer 0x49ae3380 from process 83 that was not created in current process: 83
04-26 11:33:42.773 I/Gecko   (   83): 1398537222784	Marionette	DEBUG	Got request: switchToFrame, data: {"to":"0","sessionId":"3-b2g","name":"switchToFrame","parameters":{"focus":true,"element":"{3fceb03e-090c-4048-b543-4c693dbab24d}"}}, id: {1c329109-4cac-40b7-a3fa-97a694cf0df4}
04-26 11:33:42.783 I/Gecko   (   83): 1398537222800	Marionette	INFO	Switched to frame: {"frameValue":"{3fceb03e-090c-4048-b543-4c693dbab24d}"}
04-26 11:33:42.813 I/Gecko   (   83): 1398537222824	Marionette	INFO	trying remote frame 0
04-26 11:33:42.813 I/Gecko   (   83): 1398537222825	Marionette	INFO	trying remote frame 1
04-26 11:33:42.813 I/Gecko   (   83): 1398537222827	Marionette	INFO	trying remote frame 2
04-26 11:33:42.823 I/Gecko   (   83): 1398537222836	Marionette	INFO	frame-manager load script: [object ChromeMessageSender]
04-26 11:33:43.473 I/Gecko   (   83): 1398537223489	Marionette	INFO	sendToClient: {"from":"0","ok":true}, {1c329109-4cac-40b7-a3fa-97a694cf0df4}, {1c329109-4cac-40b7-a3fa-97a694cf0df4}
04-26 11:33:43.793 I/Gecko   (   83): 1398537223804	Marionette	INFO	sendToClient: {"from":"0","value":"app://{116b1667-20a3-4eb5-8284-ad0bc52ad775}/index.html"}, {919bc6d7-0915-45c4-b95e-d6b04ee2c428}, {919bc6d7-0915-45c4-b95e-d6b04ee2c428}
04-26 11:33:43.793 I/Gecko   (   83): 1398537223812	Marionette	DEBUG	Got request: execute, data: {"to":"0","sessionId":"3-b2g","name":"executeScript","parameters":{"specialPowers":false,"scriptTimeout":null,"newSandbox":true,"args":[],"filename":"app_checker.py","script":"return window.document.readyState;","line":191}}, id: {6749e7b1-fd0d-4418-b89b-35e24fb1c815}
04-26 11:33:44.013 I/Gecko   (   83): 1398537224023	Marionette	INFO	sendToClient: {"from":"0","value":"complete"}, {6749e7b1-fd0d-4418-b89b-35e24fb1c815}, {6749e7b1-fd0d-4418-b89b-35e24fb1c815}
04-26 11:33:44.473 I/Gecko   (   83): 1398537224492	Marionette	INFO	sendToClient: {"from":"0","value":"app://{116b1667-20a3-4eb5-8284-ad0bc52ad775}/index.html"}, {69fc8153-36db-4c02-8b22-929cb48d46a8}, {69fc8153-36db-4c02-8b22-929cb48d46a8}
04-26 11:33:44.523 E/[Gralloc-ERROR](   83): int gralloc_register_buffer(const gralloc_module_t*, const native_handle_t*):79 Unable to register handle 0x4a4454c0 coming from different process: 83
04-26 11:33:44.523 E/[Gralloc-ERROR](   83): int gralloc_register_buffer(const gralloc_module_t*, const native_handle_t*):79 Unable to register handle 0x4a449790 coming from different process: 83
04-26 11:33:44.593 E/[Gralloc-ERROR](   83): int gralloc_register_buffer(const gralloc_module_t*, const native_handle_t*):79 Unable to register handle 0x4a449e20 coming from different process: 83
04-26 11:33:44.593 E/[Gralloc-ERROR](   83): int gralloc_register_buffer(const gralloc_module_t*, const native_handle_t*):79 Unable to register handle 0x4a453100 coming from different process: 83
04-26 11:33:44.613 I/Gecko   ( 2133): Attempting load of libEGL.so
04-26 11:33:44.663 W/WifiHW  (   83): wifi_command: SIGNAL_POLL
04-26 11:33:44.783 E/[Gralloc-ERROR](   83): int gralloc_register_buffer(const gralloc_module_t*, const native_handle_t*):79 Unable to register handle 0x4a468380 coming from different process: 83
04-26 11:33:44.813 D/libEGL  ( 2133): loaded /system/lib/egl/libEGL_mali.so
04-26 11:33:44.863 E/[Gralloc-ERROR](   83): int gralloc_register_buffer(const gralloc_module_t*, const native_handle_t*):79 Unable to register handle 0x4a468420 coming from different process: 83
04-26 11:33:44.933 D/libEGL  ( 2133): loaded /system/lib/egl/libGLESv1_CM_mali.so
04-26 11:33:44.953 D/libEGL  ( 2133): loaded /system/lib/egl/libGLESv2_mali.so
04-26 11:33:45.003 I/Gecko   ( 2133): SharedSurface_Gralloc::Create -------
04-26 11:33:45.013 I/Gecko   ( 2133): SharedSurface_Gralloc::Create: success -- surface 0x42db8900, GraphicBuffer 0x43261f00.
04-26 11:33:45.063 E/[Gralloc-ERROR](   83): int gralloc_unregister_buffer(const gralloc_module_t*, const native_handle_t*):274 Trying to unregister buffer 0x4a449790 from process 83 that was not created in current process: 83
04-26 11:33:45.063 E/[Gralloc-ERROR](   83): int gralloc_unregister_buffer(const gralloc_module_t*, const native_handle_t*):274 Trying to unregister buffer 0x4a4454c0 from process 83 that was not created in current process: 83
04-26 11:33:46.753 I/log     ( 2198): <4>0[ 817.393461] select 2123 (Homescreen), adj 8, size 7376, to kill 
04-26 11:33:47.353 I/Gonk    (   83): Setting nice for pid 2199 to 18
04-26 11:33:47.353 I/Gonk    (   83): Changed nice for pid 2199 from 0 to 18.
04-26 11:33:47.603 I/Gecko   (   83): 1398537227575	Marionette	INFO	sendToClient: {"from":"0","value":"iVBORw0KGgoAAAANSUhEUgAAAUAAAAHMCAYAAACk4nEJAAAgAElEQVR4nO2deXQUVaLGb2cjCyEEgoAQgkFgJAhiWGRHMKPsKoQAzWoIIURgNMSQgYAgqywxZAARGSAxW824zDAuiAvDiCiIPEQUn7I9EBQEApEACenv/cHpmnRX9ZLukDbe73fO7xzpunXr3qq+X2rrqzABEEJQ6rTHLoHSWuupYuBiKWACIC6WMgB/jxoMhjtWt6e/wJRWhxdLAXGy2HEANm/eHKGhoR4f1J42MDAQkZGR8PHxsfi8X79+uO+++zzevso+9dRTGDp06B05fp7+4lJaHZ4sBsSxS44DsLCwEDExMTaXe3t745FHHsHAgQOdGkChoaEwGo1o1KgRhBDw9fWF0WhEZGQk+vbtC6PRqHH48OGIiIiA0WjE/fffDyEEWrRoAaPRiAceeABCCHTp0kUd9FVx4MCBmu3dddddmnKtW7eGoigIDw9XPzMYDFi/fj1mzZqlKe/r64v69evXePg1bNgQBQUF6NSp0x05fp7+4lJaXeoGoMFgQLt27ZwKwFatWmHFihVQFAXLly+3WNa2bVvN2ZIQAi1btoSiKPjDH/4AIQT8/f2hKAr69euHJ554AqmpqZg3bx4URcGSJUuQmpqKcePGYcCAAVAUBSkpKRBCYOTIkVAUBZMnT4YQAvHx8XjppZeqHBjLly9HdnY2ZsyYoap3xqQXgEIIBAQEwNvbW1P+T3/6E+bOnXtHQs76GFV28uTJWLFihXoZXN3Hz9NfWkqrS00ANm3aFBkZGcjPz0eTJk3UATRq1ChMmDABKSkp6pmFj48PsrOzkZiYiFmzZlkMIF9fX2zYsAGZmZmagWovAM1lGjVqBEVR1LM7IQSGDBkCRVHwyiuvwGAwID09HYqiIDk52e0AnDZtmu4yf39/jB07Fs8++ywmTpxoEYB//O
04-26 11:33:48.103 E/[Gralloc-ERROR](   83): int gralloc_register_buffer(const gralloc_module_t*, const native_handle_t*):79 Unable to register handle 0x478d8920 coming from different process: 83
04-26 11:33:48.163 D/Sensors (   83): SensorTMD2771::readEvents()======data_fd=54,count=16
04-26 11:33:48.163 D/Sensors (   83): SensorTMD2771::processEvent()=====code=40::value=7 
04-26 11:33:48.163 D/Sensors (   83): SensorTMD2771: mPendingEvents[Light].light = 7.000000
04-26 11:33:48.173 E/[Gralloc-ERROR](   83): int gralloc_register_buffer(const gralloc_module_t*, const native_handle_t*):79 Unable to register handle 0x4782d970 coming from different process: 83
04-26 11:33:48.393 E/[Gralloc-ERROR](   83): int gralloc_unregister_buffer(const gralloc_module_t*, const native_handle_t*):274 Trying to unregister buffer 0x4a453100 from process 83 that was not created in current process: 83
04-26 11:33:48.393 E/[Gralloc-ERROR](   83): int gralloc_unregister_buffer(const gralloc_module_t*, const native_handle_t*):274 Trying to unregister buffer 0x4a449e20 from process 83 that was not created in current process: 83
04-26 11:33:48.453 E/[Gralloc-ERROR](   83): int gralloc_unregister_buffer(const gralloc_module_t*, const native_handle_t*):274 Trying to unregister buffer 0x4a468420 from process 83 that was not created in current process: 83
04-26 11:33:48.453 E/[Gralloc-ERROR](   83): int gralloc_unregister_buffer(const gralloc_module_t*, const native_handle_t*):274 Trying to unregister buffer 0x4a468380 from process 83 that was not created in current process: 83
04-26 11:33:48.503 I/Gecko   (   83): 
04-26 11:33:48.503 I/Gecko   (   83): ###!!! [Parent][MessageChannel] Error: Channel error: cannot send/recv
04-26 11:33:48.503 I/Gecko   (   83): 
04-26 11:33:48.713 I/Gecko   (   83): 1398537228723	Marionette	INFO	sendToClient: {"from":"0","ok":true}, {177b401e-fce1-4126-a916-c0d69da613c0}, {177b401e-fce1-4126-a916-c0d69da613c0}
04-26 11:33:48.813 I/Gecko   (   83): [Parent 83] WARNING: waitpid failed pid:2123 errno:10: file ../../../gecko/ipc/chromium/src/base/process_util_posix.cc, line 254
04-26 11:33:48.863 I/Gecko   (   83): 1398537228881	Marionette	DEBUG	Got request: switchToFrame, data: {"to":"0","sessionId":"3-b2g","name":"switchToFrame","parameters":{"id":null,"focus":true}}, id: {3a91f385-4c6a-4d8b-8b16-2faf91b15018}
04-26 11:33:48.883 I/Gecko   (   83): 1398537228901	Marionette	INFO	Switched to frame: {"frameValue":null}
04-26 11:33:49.013 I/Gecko   (   83): 1398537229031	Marionette	INFO	sendToClient: {"from":"0","ok":true}, {3a91f385-4c6a-4d8b-8b16-2faf91b15018}, {3a91f385-4c6a-4d8b-8b16-2faf91b15018}
04-26 11:33:49.033 I/Gecko   (   83): 1398537229046	Marionette	DEBUG	Got request: executeWithCallback, data: {"to":"0","sessionId":"3-b2g","name":"executeAsyncScript","parameters":{"specialPowers":false,"scriptTimeout":null,"newSandbox":true,"args":[],"filename":"gaia_test.py","script":"return GaiaApps.displayedApp();","line":66}}, id: {afd064fb-4c77-4428-91ef-178abff0fb9b}
04-26 11:33:49.253 E/GeckoConsole(   83): Content JS LOG at dummy file:392 in GaiaApps.displayedApp: app with origin 'app://{116b1667-20a3-4eb5-8284-ad0bc52ad775}' is displayed
04-26 11:33:49.263 I/Gecko   (   83): 1398537229280	Marionette	INFO	sendToClient: {"from":"0","value":{"frame":{"ELEMENT":"{3fceb03e-090c-4048-b543-4c693dbab24d}"},"src":"app://{116b1667-20a3-4eb5-8284-ad0bc52ad775}/index.html","name":"HTML-Editor","origin":"app://{116b1667-20a3-4eb5-8284-ad0bc52ad775}"}}, {afd064fb-4c77-4428-91ef-178abff0fb9b}, {afd064fb-4c77-4428-91ef-178abff0fb9b}
04-26 11:33:49.293 I/Gecko   (   83): 1398537229311	Marionette	DEBUG	Got request: switchToFrame, data: {"to":"0","sessionId":"3-b2g","name":"switchToFrame","parameters":{"id":null,"focus":true}}, id: {e4045de8-ca59-4dbb-bfc0-ad960ae66692}
04-26 11:33:49.303 I/Gecko   (   83): 1398537229314	Marionette	INFO	Switched to frame: {"frameValue":null}
04-26 11:33:49.413 I/Gecko   (   83): 1398537229432	Marionette	INFO	sendToClient: {"from":"0","ok":true}, {e4045de8-ca59-4dbb-bfc0-ad960ae66692}, {e4045de8-ca59-4dbb-bfc0-ad960ae66692}
04-26 11:33:49.423 I/Gecko   (   83): 1398537229438	Marionette	DEBUG	Got request: execute, data: {"to":"0","sessionId":"3-b2g","name":"executeScript","parameters":{"specialPowers":false,"scriptTimeout":null,"newSandbox":true,"args":[],"filename":"gaia_test.py","script":"window.wrappedJSObject.dispatchEvent(new Event('home'));","line":788}}, id: {f7076023-a7bd-4f50-90a4-01e6bedb7e7a}
04-26 11:33:49.513 I/Gonk    (   83): Setting nice for pid 2199 to 18
04-26 11:33:49.513 I/Gonk    (   83): Changed nice for pid 2199 from 18 to 18.
04-26 11:33:49.513 I/Gecko   (   83): [Parent 83] WARNING: waitpid failed pid:2199 errno:10: file ../../../gecko/ipc/chromium/src/base/process_util_posix.cc, line 254
04-26 11:33:49.513 I/Gonk    (   83): Setting nice for pid 2199 to 1
04-26 11:33:49.523 I/Gonk    (   83): Changed nice for pid 2199 from 18 to 1.
04-26 11:33:49.713 D/Sensors (   83): activate handle=0; drv=0
04-26 11:33:49.713 D/Sensors (   83): Lis3dhSensor: Control set 0
04-26 11:33:49.713 D/Sensors (   83): Lis3dhSensor: mEnabled = 0
04-26 11:33:49.823 E/[Gralloc-ERROR](   83): int gralloc_unregister_buffer(const gralloc_module_t*, const native_handle_t*):274 Trying to unregister buffer 0x4782d970 from process 83 that was not created in current process: 83
04-26 11:33:49.833 W/WifiHW  (   83): wifi_command: SIGNAL_POLL
04-26 11:33:49.903 I/Gecko   (   83): 1398537229915	Marionette	INFO	sendToClient: {"from":"0","value":null}, {f7076023-a7bd-4f50-90a4-01e6bedb7e7a}, {f7076023-a7bd-4f50-90a4-01e6bedb7e7a}
04-26 11:33:49.913 E/[Gralloc-ERROR](   83): int gralloc_unregister_buffer(const gralloc_module_t*, const native_handle_t*):274 Trying to unregister buffer 0x478d8920 from process 83 that was not created in current process: 83
04-26 11:33:50.073 I/Gecko   (   83): 1398537230092	Marionette	DEBUG	Got request: switchToFrame, data: {"to":"0","sessionId":"3-b2g","name":"switchToFrame","parameters":{"id":null,"focus":true}}, id: {0198c6c4-e495-419b-bee6-25ca78e0833c}
04-26 11:33:50.083 I/Gecko   (   83): 1398537230094	Marionette	INFO	Switched to frame: {"frameValue":null}
04-26 11:33:50.223 I/Gecko   (   83): 1398537230240	Marionette	INFO	sendToClient: {"from":"0","ok":true}, {0198c6c4-e495-419b-bee6-25ca78e0833c}, {0198c6c4-e495-419b-bee6-25ca78e0833c}
04-26 11:33:50.253 I/Gecko   (   83): 1398537230264	Marionette	DEBUG	Got request: executeWithCallback, data: {"to":"0","sessionId":"3-b2g","name":"executeAsyncScript","parameters":{"specialPowers":false,"scriptTimeout":null,"newSandbox":true,"args":[],"filename":"gaia_test.py","script":"return GaiaApps.displayedApp();","line":66}}, id: {9677fa4e-e89f-4cca-af58-742c9c960c86}
04-26 11:33:50.393 E/GeckoConsole(   83): Content JS LOG at dummy file:392 in GaiaApps.displayedApp: app with origin 'app://homescreen.gaiamobile.org' is displayed
04-26 11:33:50.393 I/Gecko   (   83): 1398537230405	Marionette	INFO	sendToClient: {"from":"0","value":{"frame":{"ELEMENT":"{fc652d81-6a17-4ce1-ab37-b5e3c11a607a}"},"src":"app://homescreen.gaiamobile.org/index.html#root","name":"Homescreen","origin":"app://homescreen.gaiamobile.org"}}, {9677fa4e-e89f-4cca-af58-742c9c960c86}, {9677fa4e-e89f-4cca-af58-742c9c960c86}
04-26 11:33:50.463 I/Gecko   (   83): 1398537230478	Marionette	DEBUG	Got request: switchToFrame, data: {"to":"0","sessionId":"3-b2g","name":"switchToFrame","parameters":{"id":null,"focus":true}}, id: {06d9d016-0a18-4eb5-a56f-c7c85afb6be5}
04-26 11:33:50.473 I/Gecko   (   83): 1398537230486	Marionette	INFO	Switched to frame: {"frameValue":null}
04-26 11:33:50.573 I/Gecko   (   83): 1398537230590	Marionette	INFO	sendToClient: {"from":"0","ok":true}, {06d9d016-0a18-4eb5-a56f-c7c85afb6be5}, {06d9d016-0a18-4eb5-a56f-c7c85afb6be5}
04-26 11:33:50.593 I/Gecko   (   83): 1398537230603	Marionette	DEBUG	Got request: switchToFrame, data: {"to":"0","sessionId":"3-b2g","name":"switchToFrame","parameters":{"id":null,"focus":true}}, id: {b3eb366a-0b3a-425b-aea2-1f81ad0408be}
04-26 11:33:50.603 I/Gecko   (   83): 1398537230613	Marionette	INFO	Switched to frame: {"frameValue":null}
04-26 11:33:50.813 I/Gecko   (   83): [Parent 83] WARNING: waitpid failed pid:2123 errno:10: file ../../../gecko/ipc/chromium/src/base/process_util_posix.cc, line 254
04-26 11:33:50.813 I/Gecko   (   83): [Parent 83] WARNING: Failed to deliver SIGKILL to 2123!(3).: file ../../../gecko/ipc/chromium/src/chrome/common/process_watcher_posix_sigchld.cc, line 118
04-26 11:33:50.993 I/Gecko   (   83): 1398537231011	Marionette	INFO	sendToClient: {"from":"0","ok":true}, {b3eb366a-0b3a-425b-aea2-1f81ad0408be}, {b3eb366a-0b3a-425b-aea2-1f81ad0408be}
04-26 11:33:51.133 E/[Gralloc-ERROR](   83): int gralloc_register_buffer(const gralloc_module_t*, const native_handle_t*):79 Unable to register handle 0x49d3a5b0 coming from different process: 83
04-26 11:33:51.143 E/[Gralloc-ERROR](   83): int gralloc_register_buffer(const gralloc_module_t*, const native_handle_t*):79 Unable to register handle 0x49da0420 coming from different process: 83
04-26 11:33:52.713 E/[Gralloc-ERROR](   83): int gralloc_unregister_buffer(const gralloc_module_t*, const native_handle_t*):274 Trying to unregister buffer 0x49da0420 from process 83 that was not created in current process: 83
04-26 11:33:52.713 E/[Gralloc-ERROR](   83): int gralloc_unregister_buffer(const gralloc_module_t*, const native_handle_t*):274 Trying to unregister buffer 0x49d3a5b0 from process 83 that was not created in current process: 83
04-26 11:33:52.723 I/Gonk    (   83): Setting nice for pid 2133 to 18
04-26 11:33:52.723 I/Gonk    (   83): Changed nice for pid 2133 from 1 to 18.
04-26 11:33:52.753 I/Gecko   (   83): 1398537232768	Marionette	DEBUG	Got request: executeWithCallback, data: {"to":"0","sessionId":"3-b2g","name":"executeAsyncScript","parameters":{"specialPowers":false,"scriptTimeout":null,"newSandbox":true,"args":[],"filename":"gaia_test.py","script":"return GaiaApps.displayedApp();","line":66}}, id: {4e99d701-3ac9-4c78-b50c-c5a1da42f6e8}
04-26 11:33:52.973 I/Gecko   (   83): 1398537232983	Marionette	INFO	sendToClient: {"from":"0","value":{"frame":{"ELEMENT":"{fc652d81-6a17-4ce1-ab37-b5e3c11a607a}"},"src":"app://homescreen.gaiamobile.org/index.html#root","name":"Homescreen","origin":"app://homescreen.gaiamobile.org"}}, {4e99d701-3ac9-4c78-b50c-c5a1da42f6e8}, {4e99d701-3ac9-4c78-b50c-c5a1da42f6e8}
04-26 11:33:52.973 E/GeckoConsole(   83): Content JS LOG at dummy file:392 in GaiaApps.displayedApp: app with origin 'app://homescreen.gaiamobile.org' is displayed
04-26 11:33:52.983 I/Gecko   (   83): 1398537232994	Marionette	DEBUG	Got request: switchToFrame, data: {"to":"0","sessionId":"3-b2g","name":"switchToFrame","parameters":{"focus":true,"element":"{fc652d81-6a17-4ce1-ab37-b5e3c11a607a}"}}, id: {fbea30f8-e0ac-47bf-916a-7a7124bfcf83}
04-26 11:33:53.023 I/Gecko   (   83): 1398537233039	Marionette	INFO	Switched to frame: {"frameValue":"{fc652d81-6a17-4ce1-ab37-b5e3c11a607a}"}
04-26 11:33:53.033 I/Gecko   (   83): 1398537233049	Marionette	INFO	trying remote frame 0
04-26 11:33:53.053 I/Gecko   (   83): 1398537233067	Marionette	INFO	trying remote frame 1
04-26 11:33:53.053 I/Gecko   (   83): 1398537233068	Marionette	INFO	deleting frame
04-26 11:33:53.053 I/Gecko   (   83): 1398537233068	Marionette	INFO	trying remote frame 2
04-26 11:33:53.063 I/Gecko   (   83): 1398537233076	Marionette	INFO	frame-manager load script: [object ChromeMessageSender]
04-26 11:33:54.103 I/Gecko   ( 2199): ###################################### forms.js loaded
04-26 11:33:54.153 I/Gecko   ( 2199): ############################### browserElementPanning.js loaded
04-26 11:33:54.193 I/Gecko   ( 2199): ######################## BrowserElementChildPreload.js loaded
04-26 11:33:54.663 I/Gonk    (   83): Setting nice for pid 2213 to 18
04-26 11:33:54.663 I/Gonk    (   83): Changed nice for pid 2213 from 0 to 18.
04-26 11:33:54.723 I/Gecko   (   83): [Parent 83] WARNING: pipe error (139): Connection reset by peer: file ../../../gecko/ipc/chromium/src/chrome/common/ipc_channel_posix.cc, line 446
04-26 11:33:54.723 I/Gecko   (   83): 
04-26 11:33:54.723 I/Gecko   (   83): ###!!! [Parent][MessageChannel] Error: Channel error: cannot send/recv
04-26 11:33:54.723 I/Gecko   (   83): 
04-26 11:33:54.843 I/Gecko   (   83): [Parent 83] WARNING: waitpid failed pid:2133 errno:10: file ../../../gecko/ipc/chromium/src/base/process_util_posix.cc, line 254
04-26 11:33:54.853 W/WifiHW  (   83): wifi_command: SIGNAL_POLL
04-26 11:33:56.433 I/Gecko   (   83): 1398537236451	Marionette	INFO	sendToClient: {"from":"0","ok":true}, {fbea30f8-e0ac-47bf-916a-7a7124bfcf83}, {fbea30f8-e0ac-47bf-916a-7a7124bfcf83}
04-26 11:33:56.843 I/Gecko   (   83): [Parent 83] WARNING: waitpid failed pid:2133 errno:10: file ../../../gecko/ipc/chromium/src/base/process_util_posix.cc, line 254
04-26 11:33:56.843 I/Gecko   (   83): [Parent 83] WARNING: Failed to deliver SIGKILL to 2133!(3).: file ../../../gecko/ipc/chromium/src/chrome/common/process_watcher_posix_sigchld.cc, line 118
04-26 11:33:57.043 I/Gecko   ( 2213): ###################################### forms.js loaded
04-26 11:33:57.123 I/Gecko   ( 2213): ############################### browserElementPanning.js loaded
04-26 11:33:57.173 I/Gecko   ( 2213): ######################## BrowserElementChildPreload.js loaded
04-26 11:33:57.323 I/Gecko   (   83): 1398537237341	Marionette	INFO	sendToClient: {"from":"0","value":"app://homescreen.gaiamobile.org/index.html#root"}, {c5396d82-f34a-430a-8229-f00a0c94330a}, {c5396d82-f34a-430a-8229-f00a0c94330a}
04-26 11:33:57.373 I/Gecko   (   83): 1398537237384	Marionette	DEBUG	Got request: switchToFrame, data: {"to":"0","sessionId":"3-b2g","name":"switchToFrame","parameters":{"id":null,"focus":true}}, id: {19ee304b-6e81-4351-94ee-a231b9870a5d}
04-26 11:33:57.413 I/Gecko   (   83): 1398537237423	Marionette	INFO	Switched to frame: {"frameValue":null}
04-26 11:33:57.533 I/Gecko   (   83): 1398537237546	Marionette	INFO	sendToClient: {"from":"0","ok":true}, {19ee304b-6e81-4351-94ee-a231b9870a5d}, {19ee304b-6e81-4351-94ee-a231b9870a5d}
04-26 11:33:57.533 I/Gecko   (   83): 1398537237552	Marionette	DEBUG	Got request: switchToFrame, data: {"to":"0","sessionId":"3-b2g","name":"switchToFrame","parameters":{"id":null,"focus":true}}, id: {b59abc9d-ab9b-45ee-8b0d-38429e44702a}
04-26 11:33:57.543 I/Gecko   (   83): 1398537237559	Marionette	INFO	Switched to frame: {"frameValue":null}
04-26 11:33:57.653 I/Gecko   (   83): 1398537237669	Marionette	INFO	sendToClient: {"from":"0","ok":true}, {b59abc9d-ab9b-45ee-8b0d-38429e44702a}, {b59abc9d-ab9b-45ee-8b0d-38429e44702a}
04-26 11:33:57.663 I/Gecko   (   83): 1398537237676	Marionette	DEBUG	Got request: executeWithCallback, data: {"to":"0","sessionId":"3-b2g","name":"executeAsyncScript","parameters":{"specialPowers":false,"scriptTimeout":null,"newSandbox":true,"args":[],"filename":"gaia_test.py","script":"GaiaApps.killAll()","line":91}}, id: {7f6c6a4d-5789-4ba7-86db-102064b1d0bb}
04-26 11:33:57.773 I/Gecko   (   83): 1398537237791	Marionette	INFO	sendToClient: {"from":"0","value":true}, {7f6c6a4d-5789-4ba7-86db-102064b1d0bb}, {7f6c6a4d-5789-4ba7-86db-102064b1d0bb}
04-26 11:33:57.793 I/Gecko   (   83): 1398537237809	Marionette	DEBUG	Got request: switchToFrame, data: {"to":"0","sessionId":"3-b2g","name":"switchToFrame","parameters":{"id":null,"focus":true}}, id: {d4791c51-dbae-40d9-8ea5-3fa3d01a9667}
04-26 11:33:57.813 I/Gecko   (   83): 1398537237823	Marionette	INFO	Switched to frame: {"frameValue":null}
04-26 11:33:57.913 I/Gecko   (   83): 1398537237926	Marionette	INFO	sendToClient: {"from":"0","ok":true}, {d4791c51-dbae-40d9-8ea5-3fa3d01a9667}, {d4791c51-dbae-40d9-8ea5-3fa3d01a9667}
04-26 11:33:57.923 I/Gecko   (   83): 1398537237933	Marionette	DEBUG	Got request: executeWithCallback, data: {"to":"0","sessionId":"3-b2g","name":"executeAsyncScript","parameters":{"specialPowers":false,"scriptTimeout":60000,"newSandbox":true,"args":[],"filename":"app_checker.py","script":"\n        GaiaApps.locateWithManifestURL('https://marketplace.firefox.com/app/e7085457-006f-4063-8677-b0237c02328a/manifest.webapp',\n                                       null,\n                                       function uninstall(app) {\n                                       navigator.mozApps.mgmt.uninstall(app);\n                                       marionetteScriptFinished(true);\n                                       });\n        ","line":129}}, id: {5ea17dfd-700a-490d-be7e-b45653311cb3}
04-26 11:33:57.993 I/Gecko   (   83): -- webapps.js uninstall https://marketplace.firefox.com/app/e7085457-006f-4063-8677-b0237c02328a/manifest.webapp
04-26 11:33:58.453 I/Gecko   (   83): 1398537238470	Marionette	INFO	sendToClient: {"from":"0","value":true}, {5ea17dfd-700a-490d-be7e-b45653311cb3}, {5ea17dfd-700a-490d-be7e-b45653311cb3}