--------- beginning of /dev/log/main
04-28 07:48:06.161 I/Gecko   (   83): 1398696486169	Marionette	INFO	sendToClient: {"from":"0","ok":true}, {3ec2beb3-a576-43b5-9c5c-7a51719a6d60}, {3ec2beb3-a576-43b5-9c5c-7a51719a6d60}
04-28 07:48:06.191 I/Gecko   (   83): 1398696486197	Marionette	DEBUG	Got request: switchToFrame, data: {"to":"0","sessionId":"3-b2g","name":"switchToFrame","parameters":{"id":null,"focus":true}}, id: {a5a6dce9-cb94-490a-a10d-a6fc620450fe}
04-28 07:48:06.191 I/Gecko   (   83): 1398696486198	Marionette	INFO	Switched to frame: {"frameValue":null}
04-28 07:48:06.291 I/Gecko   (   83): 1398696486301	Marionette	INFO	sendToClient: {"from":"0","ok":true}, {a5a6dce9-cb94-490a-a10d-a6fc620450fe}, {a5a6dce9-cb94-490a-a10d-a6fc620450fe}
04-28 07:48:06.301 I/Gecko   (   83): 1398696486308	Marionette	DEBUG	Got request: executeWithCallback, data: {"to":"0","sessionId":"3-b2g","name":"executeAsyncScript","parameters":{"specialPowers":false,"scriptTimeout":null,"newSandbox":true,"args":[],"filename":"gaia_test.py","script":"return GaiaApps.displayedApp();","line":66}}, id: {b5797e08-5746-4395-84ab-ac719742f3fa}
04-28 07:48:06.391 E/GeckoConsole(   83): Content JS LOG at dummy file:392 in GaiaApps.displayedApp: app with origin 'app://homescreen.gaiamobile.org' is displayed
04-28 07:48:06.391 I/Gecko   (   83): 1398696486396	Marionette	INFO	sendToClient: {"from":"0","value":{"frame":{"ELEMENT":"{595d8ab6-df75-4344-bbba-a8d8d37a003b}"},"src":"app://homescreen.gaiamobile.org/index.html#root","name":"Homescreen","origin":"app://homescreen.gaiamobile.org"}}, {b5797e08-5746-4395-84ab-ac719742f3fa}, {b5797e08-5746-4395-84ab-ac719742f3fa}
04-28 07:48:06.401 I/Gecko   (   83): 1398696486403	Marionette	DEBUG	Got request: switchToFrame, data: {"to":"0","sessionId":"3-b2g","name":"switchToFrame","parameters":{"id":null,"focus":true}}, id: {674837c1-341c-415c-be8a-bbcbb270efa5}
04-28 07:48:06.401 I/Gecko   (   83): 1398696486405	Marionette	INFO	Switched to frame: {"frameValue":null}
04-28 07:48:06.501 I/Gecko   (   83): 1398696486507	Marionette	INFO	sendToClient: {"from":"0","ok":true}, {674837c1-341c-415c-be8a-bbcbb270efa5}, {674837c1-341c-415c-be8a-bbcbb270efa5}
04-28 07:48:06.511 I/Gecko   (   83): 1398696486513	Marionette	DEBUG	Got request: switchToFrame, data: {"to":"0","sessionId":"3-b2g","name":"switchToFrame","parameters":{"id":null,"focus":true}}, id: {400bb47b-8212-4c93-91b4-7453f14a62d2}
04-28 07:48:06.511 I/Gecko   (   83): 1398696486515	Marionette	INFO	Switched to frame: {"frameValue":null}
04-28 07:48:06.611 I/Gecko   (   83): 1398696486617	Marionette	INFO	sendToClient: {"from":"0","ok":true}, {400bb47b-8212-4c93-91b4-7453f14a62d2}, {400bb47b-8212-4c93-91b4-7453f14a62d2}
04-28 07:48:06.621 I/Gecko   (   83): 1398696486624	Marionette	DEBUG	Got request: executeWithCallback, data: {"to":"0","sessionId":"3-b2g","name":"executeAsyncScript","parameters":{"specialPowers":false,"scriptTimeout":null,"newSandbox":true,"args":[],"filename":"gaia_test.py","script":"return GaiaApps.displayedApp();","line":66}}, id: {143cbcf1-5893-4819-a684-7b46c7b7fcf9}
04-28 07:48:06.731 E/GeckoConsole(   83): Content JS LOG at dummy file:392 in GaiaApps.displayedApp: app with origin 'app://homescreen.gaiamobile.org' is displayed
04-28 07:48:06.731 I/Gecko   (   83): 1398696486742	Marionette	INFO	sendToClient: {"from":"0","value":{"frame":{"ELEMENT":"{595d8ab6-df75-4344-bbba-a8d8d37a003b}"},"src":"app://homescreen.gaiamobile.org/index.html#root","name":"Homescreen","origin":"app://homescreen.gaiamobile.org"}}, {143cbcf1-5893-4819-a684-7b46c7b7fcf9}, {143cbcf1-5893-4819-a684-7b46c7b7fcf9}
04-28 07:48:06.781 I/Gecko   (   83): 1398696486784	Marionette	DEBUG	Got request: switchToFrame, data: {"to":"0","sessionId":"3-b2g","name":"switchToFrame","parameters":{"focus":true,"element":"{595d8ab6-df75-4344-bbba-a8d8d37a003b}"}}, id: {aa348690-89dc-4a7d-bad6-2781f9badf6a}
04-28 07:48:06.791 I/Gecko   (   83): 1398696486801	Marionette	INFO	Switched to frame: {"frameValue":"{595d8ab6-df75-4344-bbba-a8d8d37a003b}"}
04-28 07:48:06.801 I/Gecko   (   83): 1398696486808	Marionette	INFO	trying remote frame 0
04-28 07:48:06.801 I/Gecko   (   83): 1398696486809	Marionette	INFO	trying remote frame 1
04-28 07:48:06.801 I/Gecko   (   83): 1398696486810	Marionette	INFO	trying remote frame 2
04-28 07:48:06.801 I/Gecko   (   83): 1398696486810	Marionette	INFO	deleting frame
04-28 07:48:06.811 I/Gecko   (   83): 1398696486815	Marionette	INFO	frame-manager load script: [object ChromeMessageSender]
04-28 07:48:06.991 W/WifiHW  (   83): wifi_command: SIGNAL_POLL
04-28 07:48:07.131 I/Gecko   (   83): 1398696487133	Marionette	INFO	sendToClient: {"from":"0","ok":true}, {aa348690-89dc-4a7d-bad6-2781f9badf6a}, {aa348690-89dc-4a7d-bad6-2781f9badf6a}
04-28 07:48:07.231 I/Gecko   (   83): 1398696487240	Marionette	INFO	sendToClient: {"from":"0","value":{"ELEMENT":"{d117666b-fd63-45da-9fc7-7332e2f01bed}"}}, {c055a6fd-be26-4392-9568-e8ab0c74a2f9}, {c055a6fd-be26-4392-9568-e8ab0c74a2f9}
04-28 07:48:07.521 E/GeckoConsole( 1955): [JavaScript Warning: "Use of getAttributeNode() is deprecated. Use getAttribute() instead." {file: "chrome://marionette/content/atoms.js" line: 25}]
04-28 07:48:07.521 E/GeckoConsole( 1955): [JavaScript Warning: "Use of attributes' specified attribute is deprecated. It always returns true." {file: "chrome://marionette/content/atoms.js" line: 25}]
04-28 07:48:07.521 I/Gecko   (   83): 1398696487532	Marionette	INFO	sendToClient: {"from":"0","value":"normal"}, {0c4bdce4-b2df-4185-a639-b5263bfe3ca2}, {0c4bdce4-b2df-4185-a639-b5263bfe3ca2}
04-28 07:48:07.531 I/Gecko   (   83): 1398696487539	Marionette	DEBUG	Got request: switchToFrame, data: {"to":"0","sessionId":"3-b2g","name":"switchToFrame","parameters":{"id":null,"focus":true}}, id: {8b701e69-d5c2-4c6b-af04-37948b4fd401}
04-28 07:48:07.561 I/Gecko   (   83): 1398696487571	Marionette	INFO	Switched to frame: {"frameValue":null}
04-28 07:48:07.671 I/Gecko   (   83): 1398696487673	Marionette	INFO	sendToClient: {"from":"0","ok":true}, {8b701e69-d5c2-4c6b-af04-37948b4fd401}, {8b701e69-d5c2-4c6b-af04-37948b4fd401}
04-28 07:48:07.691 I/Gecko   (   83): 1398696487697	Marionette	DEBUG	Got request: execute, data: {"to":"0","sessionId":"3-b2g","name":"executeScript","parameters":{"specialPowers":false,"scriptTimeout":null,"newSandbox":true,"args":[],"filename":"gaia_test.py","script":"window.wrappedJSObject.dispatchEvent(new Event('home'));","line":788}}, id: {2d860041-4e6f-4e3d-bcae-3735249d51d0}
04-28 07:48:07.761 I/Gecko   (   83): 1398696487766	Marionette	INFO	sendToClient: {"from":"0","value":null}, {2d860041-4e6f-4e3d-bcae-3735249d51d0}, {2d860041-4e6f-4e3d-bcae-3735249d51d0}
04-28 07:48:07.771 I/Gecko   (   83): 1398696487778	Marionette	DEBUG	Got request: switchToFrame, data: {"to":"0","sessionId":"3-b2g","name":"switchToFrame","parameters":{"id":null,"focus":true}}, id: {d27be841-ce6e-4fcc-9f3f-6bb283571026}
04-28 07:48:07.771 I/Gecko   (   83): 1398696487780	Marionette	INFO	Switched to frame: {"frameValue":null}
04-28 07:48:07.891 I/Gecko   (   83): 1398696487894	Marionette	INFO	sendToClient: {"from":"0","ok":true}, {d27be841-ce6e-4fcc-9f3f-6bb283571026}, {d27be841-ce6e-4fcc-9f3f-6bb283571026}
04-28 07:48:07.891 I/Gecko   (   83): 1398696487901	Marionette	DEBUG	Got request: switchToFrame, data: {"to":"0","sessionId":"3-b2g","name":"switchToFrame","parameters":{"id":null,"focus":true}}, id: {3b143e29-d9dc-4d07-8754-9c724508adb5}
04-28 07:48:07.891 I/Gecko   (   83): 1398696487902	Marionette	INFO	Switched to frame: {"frameValue":null}
04-28 07:48:08.011 I/Gecko   (   83): 1398696488014	Marionette	INFO	sendToClient: {"from":"0","ok":true}, {3b143e29-d9dc-4d07-8754-9c724508adb5}, {3b143e29-d9dc-4d07-8754-9c724508adb5}
04-28 07:48:08.011 I/Gecko   (   83): 1398696488020	Marionette	DEBUG	Got request: executeWithCallback, data: {"to":"0","sessionId":"3-b2g","name":"executeAsyncScript","parameters":{"specialPowers":false,"scriptTimeout":null,"newSandbox":true,"args":[],"filename":"gaia_test.py","script":"return GaiaApps.displayedApp();","line":66}}, id: {e2d28ae4-4aea-4f86-8f1d-96ab7f5429ac}
04-28 07:48:08.071 I/Gecko   (   83): 1398696488077	Marionette	INFO	sendToClient: {"from":"0","value":{"frame":{"ELEMENT":"{595d8ab6-df75-4344-bbba-a8d8d37a003b}"},"src":"app://homescreen.gaiamobile.org/index.html#rootMon%20Apr%2028%202014%2007:48:07%20GMT-0700%20(UTC)","name":"Homescreen","origin":"app://homescreen.gaiamobile.org"}}, {e2d28ae4-4aea-4f86-8f1d-96ab7f5429ac}, {e2d28ae4-4aea-4f86-8f1d-96ab7f5429ac}
04-28 07:48:08.071 E/GeckoConsole(   83): Content JS LOG at dummy file:392 in GaiaApps.displayedApp: app with origin 'app://homescreen.gaiamobile.org' is displayed
04-28 07:48:08.101 I/Gecko   (   83): 1398696488108	Marionette	DEBUG	Got request: switchToFrame, data: {"to":"0","sessionId":"3-b2g","name":"switchToFrame","parameters":{"focus":true,"element":"{595d8ab6-df75-4344-bbba-a8d8d37a003b}"}}, id: {a7014d6d-c38e-4561-b5c9-7cfbedf2d6df}
04-28 07:48:08.111 I/Gecko   (   83): 1398696488115	Marionette	INFO	Switched to frame: {"frameValue":"{595d8ab6-df75-4344-bbba-a8d8d37a003b}"}
04-28 07:48:08.121 I/Gecko   (   83): 1398696488126	Marionette	INFO	trying remote frame 0
04-28 07:48:08.121 I/Gecko   (   83): 1398696488127	Marionette	INFO	trying remote frame 1
04-28 07:48:08.121 I/Gecko   (   83): 1398696488127	Marionette	INFO	trying remote frame 2
04-28 07:48:08.411 I/Gecko   (   83): 1398696488419	Marionette	INFO	sendToClient: {"from":"0","ok":true}, {a7014d6d-c38e-4561-b5c9-7cfbedf2d6df}, {a7014d6d-c38e-4561-b5c9-7cfbedf2d6df}
04-28 07:48:08.421 I/Gecko   (   83): 1398696488427	Marionette	DEBUG	Got request: execute, data: {"to":"0","sessionId":"3-b2g","name":"executeScript","parameters":{"specialPowers":false,"scriptTimeout":null,"newSandbox":true,"args":[],"filename":"gaia_test.py","script":"return window.wrappedJSObject.GridManager.pageHelper.getCurrentPageNumber();","line":784}}, id: {addb1af9-c4bf-4e86-bffe-bf78c754afd7}
04-28 07:48:08.831 I/Gecko   (   83): 1398696488832	Marionette	INFO	sendToClient: {"from":"0","value":0}, {addb1af9-c4bf-4e86-bffe-bf78c754afd7}, {addb1af9-c4bf-4e86-bffe-bf78c754afd7}
04-28 07:48:09.391 I/Gecko   (   83): 1398696489395	Marionette	INFO	sendToClient: {"from":"0","value":["{2d3e9a69-703a-40dc-a419-6716d6a92253}","{84c71ed3-7d5e-48dd-9d05-8d561c5cef6c}","{b380084b-78dc-46ca-bbf1-c7878b979178}","{2b6262dc-de10-4a1b-9a79-ec8882a89d37}","{c9e13569-d52e-4a2b-9045-3d523d1023b4}","{2a32fae7-d80b-4f48-b286-5a03b13626cb}","{d575df6b-8168-4943-b5ec-2d2b9e8e2171}","{10b77205-add4-409f-b0cf-bfb7d507513a}","{b5f2c6a3-f0f9-419e-bca2-b57f105e2fb0}","{131c5abb-7d1f-4221-b045-b76146f6bece}","{989b651a-4251-4834-ba97-d61fd56c10a7}","{550bb2aa-01e9-48c7-b2b0-4f28e4d0d563}","{9bfd325b-a271-4910-89b1-fa295479f543}","{af639b10-666e-4895-a36f-28efe8b67dc6}","{05d431d8-e710-451a-b51b-340a1138c645}","{34a33ba3-1f21-4624-89c5-11bdbb6a4328}","{ac7dc5bb-6373-4d1a-9b66-2782bd040c73}","{924609bb-7462-4e89-9a8d-d9b19feea9ac}","{d3d9b950-a109-4b67-8f54-8a1903b272f0}","{a7c11dcb-5b57-4bc4-949e-27d7a24981c2}","{d41b532a-2c2e-4dc0-988b-9736587dd173}","{297c59ee-f484-48a8-84f7-8bf6234f0ca8}","{362b6654-5d1c-4438-b993-5400f152317d}","{f9e5e5cc-a1bc
04-28 07:48:09.581 I/Gecko   (   83): 1398696489585	Marionette	INFO	sendToClient: {"from":"0","value":"app://homescreen.gaiamobile.org/index.html#rootMon%20Apr%2028%202014%2007:48:07%20GMT-0700%20(UTC)"}, {b713616b-c77b-4d58-989c-798599b81a43}, {b713616b-c77b-4d58-989c-798599b81a43}
04-28 07:48:09.581 I/Gecko   (   83): 1398696489592	Marionette	DEBUG	Got request: switchToFrame, data: {"to":"0","sessionId":"3-b2g","name":"switchToFrame","parameters":{"id":null,"focus":true}}, id: {cd10fdaf-5ffe-412e-96c4-f64d26c6a30e}
04-28 07:48:09.601 I/Gecko   (   83): 1398696489604	Marionette	INFO	Switched to frame: {"frameValue":null}
04-28 07:48:09.701 I/Gecko   (   83): 1398696489707	Marionette	INFO	sendToClient: {"from":"0","ok":true}, {cd10fdaf-5ffe-412e-96c4-f64d26c6a30e}, {cd10fdaf-5ffe-412e-96c4-f64d26c6a30e}
04-28 07:48:09.711 I/Gecko   (   83): 1398696489712	Marionette	DEBUG	Got request: switchToFrame, data: {"to":"0","sessionId":"3-b2g","name":"switchToFrame","parameters":{"id":null,"focus":true}}, id: {912014bf-78f0-412c-9aba-b6d036d7740b}
04-28 07:48:09.711 I/Gecko   (   83): 1398696489714	Marionette	INFO	Switched to frame: {"frameValue":null}
04-28 07:48:09.821 I/Gecko   (   83): 1398696489824	Marionette	INFO	sendToClient: {"from":"0","ok":true}, {912014bf-78f0-412c-9aba-b6d036d7740b}, {912014bf-78f0-412c-9aba-b6d036d7740b}
04-28 07:48:09.841 I/Gecko   (   83): 1398696489850	Marionette	DEBUG	Got request: executeWithCallback, data: {"to":"0","sessionId":"3-b2g","name":"executeAsyncScript","parameters":{"specialPowers":false,"scriptTimeout":30000,"newSandbox":true,"args":[],"filename":"app_checker.py","script":"GaiaApps.launchWithManifestURL('http://www.isthereagiantsgametoday.com/manifest.webapp')","line":106}}, id: {d68d4e8a-8299-49ad-ad73-410bfc2c52bc}
04-28 07:48:09.941 I/Gonk    (   83): Setting nice for pid 1963 to 18
04-28 07:48:09.941 I/Gonk    (   83): Changed nice for pid 1963 from 18 to 18.
04-28 07:48:09.941 I/Gecko   (   83): [Parent 83] WARNING: waitpid failed pid:1963 errno:10: file ../../../gecko/ipc/chromium/src/base/process_util_posix.cc, line 254
04-28 07:48:09.961 I/Gonk    (   83): Setting nice for pid 1963 to 1
04-28 07:48:09.961 I/Gonk    (   83): Changed nice for pid 1963 from 18 to 1.
04-28 07:48:09.991 E/GeckoConsole(   83): Content JS LOG at dummy file:334 in GaiaApps.launch: launching app with name 'Is there a Giants game today?'
04-28 07:48:10.071 E/[Gralloc-ERROR](   83): int gralloc_register_buffer(const gralloc_module_t*, const native_handle_t*):79 Unable to register handle 0x46538ab0 coming from different process: 83
04-28 07:48:10.081 E/[Gralloc-ERROR](   83): int gralloc_register_buffer(const gralloc_module_t*, const native_handle_t*):79 Unable to register handle 0x4658a380 coming from different process: 83
04-28 07:48:10.081 E/[Gralloc-ERROR](   83): int gralloc_register_buffer(const gralloc_module_t*, const native_handle_t*):79 Unable to register handle 0x4658a470 coming from different process: 83
04-28 07:48:10.091 E/[Gralloc-ERROR](   83): int gralloc_register_buffer(const gralloc_module_t*, const native_handle_t*):79 Unable to register handle 0x4658a600 coming from different process: 83
04-28 07:48:10.301 D/Sensors (   83): activate handle=0; drv=0
04-28 07:48:10.301 D/Sensors (   83): Lis3dhSensor: Control set 1
04-28 07:48:10.301 D/Sensors (   83): Lis3dhSensor: mEnabled = 1
04-28 07:48:10.381 I/Gonk    (   83): Setting nice for pid 1955 to 18
04-28 07:48:10.381 I/Gonk    (   83): Changed nice for pid 1955 from 1 to 18.
04-28 07:48:11.091 I/log     ( 2053): <4>0[ 763.470187] select 1955 (Homescreen), adj 8, size 6836, to kill 
04-28 07:48:11.651 I/Gecko   ( 1963): ###################################### forms.js loaded
04-28 07:48:11.691 I/Gecko   ( 1963): ############################### browserElementPanning.js loaded
04-28 07:48:11.711 I/Gecko   ( 1963): ######################## BrowserElementChildPreload.js loaded
04-28 07:48:11.841 I/Gonk    (   83): Setting nice for pid 2056 to 18
04-28 07:48:11.841 I/Gonk    (   83): Changed nice for pid 2056 from 0 to 18.
04-28 07:48:11.851 I/Gecko   (   83): [Parent 83] WARNING: pipe error (117): Connection reset by peer: file ../../../gecko/ipc/chromium/src/chrome/common/ipc_channel_posix.cc, line 446
04-28 07:48:11.891 I/Gecko   (   83): 
04-28 07:48:11.891 I/Gecko   (   83): ###!!! [Parent][MessageChannel] Error: Channel error: cannot send/recv
04-28 07:48:11.891 I/Gecko   (   83): 
04-28 07:48:11.961 I/GeckoDump(   83): Crash reporter : Can't fetch app.reportCrashes. Exception: [Exception... "Component returned failure code: 0x8000ffff (NS_ERROR_UNEXPECTED) [nsIPrefBranch.getBoolPref]"  nsresult: "0x8000ffff (NS_ERROR_UNEXPECTED)"  location: "JS frame :: chrome://browser/content/shell.js :: shell_reportCrash :: line 7"  data: no]
04-28 07:48:11.961 I/Gecko   (   83): [Parent 83] WARNING: waitpid failed pid:1955 errno:10: file ../../../gecko/ipc/chromium/src/base/process_util_posix.cc, line 254
04-28 07:48:11.991 W/WifiHW  (   83): wifi_command: SIGNAL_POLL
04-28 07:48:13.961 I/Gecko   (   83): [Parent 83] WARNING: waitpid failed pid:1955 errno:10: file ../../../gecko/ipc/chromium/src/base/process_util_posix.cc, line 254
04-28 07:48:13.961 I/Gecko   (   83): [Parent 83] WARNING: Failed to deliver SIGKILL to 1955!(3).: file ../../../gecko/ipc/chromium/src/chrome/common/process_watcher_posix_sigchld.cc, line 118
04-28 07:48:14.971 E/GeckoConsole( 1963): Content JS LOG at http://www.isthereagiantsgametoday.com/js/site.js:38 in anonymous: Today: Mon Apr 28 2014 07:48:13 GMT-0700 (UTC) - Looking at game: Wed Feb 26 2014 00:00:00 GMT-0700 (UTC)
04-28 07:48:14.971 E/GeckoConsole( 1963): Content JS LOG at http://www.isthereagiantsgametoday.com/js/site.js:38 in anonymous: Today: Mon Apr 28 2014 07:48:13 GMT-0700 (UTC) - Looking at game: Fri Feb 28 2014 00:00:00 GMT-0700 (UTC)
04-28 07:48:14.981 E/GeckoConsole( 1963): Content JS LOG at http://www.isthereagiantsgametoday.com/js/site.js:38 in anonymous: Today: Mon Apr 28 2014 07:48:13 GMT-0700 (UTC) - Looking at game: Fri Feb 28 2014 00:00:00 GMT-0700 (UTC)
04-28 07:48:14.981 E/GeckoConsole( 1963): Content JS LOG at http://www.isthereagiantsgametoday.com/js/site.js:38 in anonymous: Today: Mon Apr 28 2014 07:48:13 GMT-0700 (UTC) - Looking at game: Sat Mar 01 2014 00:00:00 GMT-0700 (UTC)
04-28 07:48:14.981 E/GeckoConsole( 1963): Content JS LOG at http://www.isthereagiantsgametoday.com/js/site.js:38 in anonymous: Today: Mon Apr 28 2014 07:48:13 GMT-0700 (UTC) - Looking at game: Sun Mar 02 2014 00:00:00 GMT-0700 (UTC)
04-28 07:48:14.981 E/GeckoConsole( 1963): Content JS LOG at http://www.isthereagiantsgametoday.com/js/site.js:38 in anonymous: Today: Mon Apr 28 2014 07:48:13 GMT-0700 (UTC) - Looking at game: Mon Mar 03 2014 00:00:00 GMT-0700 (UTC)
04-28 07:48:14.981 E/GeckoConsole( 1963): Content JS LOG at http://www.isthereagiantsgametoday.com/js/site.js:38 in anonymous: Today: Mon Apr 28 2014 07:48:13 GMT-0700 (UTC) - Looking at game: Tue Mar 04 2014 00:00:00 GMT-0700 (UTC)
04-28 07:48:14.981 E/GeckoConsole( 1963): Content JS LOG at http://www.isthereagiantsgametoday.com/js/site.js:38 in anonymous: Today: Mon Apr 28 2014 07:48:13 GMT-0700 (UTC) - Looking at game: Wed Mar 05 2014 00:00:00 GMT-0700 (UTC)
04-28 07:48:14.981 E/GeckoConsole( 1963): Content JS LOG at http://www.isthereagiantsgametoday.com/js/site.js:38 in anonymous: Today: Mon Apr 28 2014 07:48:13 GMT-0700 (UTC) - Looking at game: Thu Mar 06 2014 00:00:00 GMT-0700 (UTC)
04-28 07:48:14.981 E/GeckoConsole( 1963): Content JS LOG at http://www.isthereagiantsgametoday.com/js/site.js:38 in anonymous: Today: Mon Apr 28 2014 07:48:13 GMT-0700 (UTC) - Looking at game: Fri Mar 07 2014 00:00:00 GMT-0700 (UTC)
04-28 07:48:14.981 E/GeckoConsole( 1963): Content JS LOG at http://www.isthereagiantsgametoday.com/js/site.js:38 in anonymous: Today: Mon Apr 28 2014 07:48:13 GMT-0700 (UTC) - Looking at game: Sat Mar 08 2014 00:00:00 GMT-0700 (UTC)
04-28 07:48:14.981 E/GeckoConsole( 1963): Content JS LOG at http://www.isthereagiantsgametoday.com/js/site.js:38 in anonymous: Today: Mon Apr 28 2014 07:48:13 GMT-0700 (UTC) - Looking at game: Sun Mar 09 2014 00:00:00 GMT-0700 (UTC)
04-28 07:48:14.981 E/GeckoConsole( 1963): Content JS LOG at http://www.isthereagiantsgametoday.com/js/site.js:38 in anonymous: Today: Mon Apr 28 2014 07:48:13 GMT-0700 (UTC) - Looking at game: Sun Mar 09 2014 00:00:00 GMT-0700 (UTC)
04-28 07:48:14.981 E/GeckoConsole( 1963): Content JS LOG at http://www.isthereagiantsgametoday.com/js/site.js:38 in anonymous: Today: Mon Apr 28 2014 07:48:13 GMT-0700 (UTC) - Looking at game: Mon Mar 10 2014 00:00:00 GMT-0700 (UTC)
04-28 07:48:14.981 E/GeckoConsole( 1963): Content JS LOG at http://www.isthereagiantsgametoday.com/js/site.js:38 in anonymous: Today: Mon Apr 28 2014 07:48:13 GMT-0700 (UTC) - Looking at game: Tue Mar 11 2014 00:00:00 GMT-0700 (UTC)
04-28 07:48:14.981 E/GeckoConsole( 1963): Content JS LOG at http://www.isthereagiantsgametoday.com/js/site.js:38 in anonymous: Today: Mon Apr 28 2014 07:48:13 GMT-0700 (UTC) - Looking at game: Wed Mar 12 2014 00:00:00 GMT-0700 (UTC)
04-28 07:48:14.981 E/GeckoConsole( 1963): Content JS LOG at http://www.isthereagiantsgametoday.com/js/site.js:38 in anonymous: Today: Mon Apr 28 2014 07:48:13 GMT-0700 (UTC) - Looking at game: Thu Mar 13 2014 00:00:00 GMT-0700 (UTC)
04-28 07:48:15.001 E/GeckoConsole( 1963): Content JS LOG at http://www.isthereagiantsgametoday.com/js/site.js:38 in anonymous: Today: Mon Apr 28 2014 07:48:13 GMT-0700 (UTC) - Looking at game: Fri Mar 14 2014 00:00:00 GMT-0700 (UTC)
04-28 07:48:15.001 E/GeckoConsole( 1963): Content JS LOG at http://www.isthereagiantsgametoday.com/js/site.js:38 in anonymous: Today: Mon Apr 28 2014 07:48:13 GMT-0700 (UTC) - Looking at game: Sat Mar 15 2014 00:00:00 GMT-0700 (UTC)
04-28 07:48:15.001 E/GeckoConsole( 1963): Content JS LOG at http://www.isthereagiantsgametoday.com/js/site.js:38 in anonymous: Today: Mon Apr 28 2014 07:48:13 GMT-0700 (UTC) - Looking at game: Sat Mar 15 2014 00:00:00 GMT-0700 (UTC)
04-28 07:48:15.001 E/GeckoConsole( 1963): Content JS LOG at http://www.isthereagiantsgametoday.com/js/site.js:38 in anonymous: Today: Mon Apr 28 2014 07:48:13 GMT-0700 (UTC) - Looking at game: Sun Mar 16 2014 00:00:00 GMT-0700 (UTC)
04-28 07:48:15.001 E/GeckoConsole( 1963): Content JS LOG at http://www.isthereagiantsgametoday.com/js/site.js:38 in anonymous: Today: Mon Apr 28 2014 07:48:13 GMT-0700 (UTC) - Looking at game: Mon Mar 17 2014 00:00:00 GMT-0700 (UTC)
04-28 07:48:15.001 E/GeckoConsole( 1963): Content JS LOG at http://www.isthereagiantsgametoday.com/js/site.js:38 in anonymous: Today: Mon Apr 28 2014 07:48:13 GMT-0700 (UTC) - Looking at game: Tue Mar 18 2014 00:00:00 GMT-0700 (UTC)
04-28 07:48:15.001 E/GeckoConsole( 1963): Content JS LOG at http://www.isthereagiantsgametoday.com/js/site.js:38 in anonymous: Today: Mon Apr 28 2014 07:48:13 GMT-0700 (UTC) - Looking at game: Thu Mar 20 2014 00:00:00 GMT-0700 (UTC)
04-28 07:48:15.001 E/GeckoConsole( 1963): Content JS LOG at http://www.isthereagiantsgametoday.com/js/site.js:38 in anonymous: Today: Mon Apr 28 2014 07:48:13 GMT-0700 (UTC) - Looking at game: Fri Mar 21 2014 00:00:00 GMT-0700 (UTC)
04-28 07:48:15.001 E/GeckoConsole( 1963): Content JS LOG at http://www.isthereagiantsgametoday.com/js/site.js:38 in anonymous: Today: Mon Apr 28 2014 07:48:13 GMT-0700 (UTC) - Looking at game: Sat Mar 22 2014 00:00:00 GMT-0700 (UTC)
04-28 07:48:15.001 E/GeckoConsole( 1963): Content JS LOG at http://www.isthereagiantsgametoday.com/js/site.js:38 in anonymous: Today: Mon Apr 28 2014 07:48:13 GMT-0700 (UTC) - Looking at game: Sun Mar 23 2014 00:00:00 GMT-0700 (UTC)
04-28 07:48:15.001 E/GeckoConsole( 1963): Content JS LOG at http://www.isthereagiantsgametoday.com/js/site.js:38 in anonymous: Today: Mon Apr 28 2014 07:48:13 GMT-0700 (UTC) - Looking at game: Mon Mar 24 2014 00:00:00 GMT-0700 (UTC)
04-28 07:48:15.001 E/GeckoConsole( 1963): Content JS LOG at http://www.isthereagiantsgametoday.com/js/site.js:38 in anonymous: Today: Mon Apr 28 2014 07:48:13 GMT-0700 (UTC) - Looking at game: Tue Mar 25 2014 00:00:00 GMT-0700 (UTC)
04-28 07:48:15.001 E/GeckoConsole( 1963): Content JS LOG at http://www.isthereagiantsgametoday.com/js/site.js:38 in anonymous: Today: Mon Apr 28 2014 07:48:13 GMT-0700 (UTC) - Looking at game: Wed Mar 26 2014 00:00:00 GMT-0700 (UTC)
04-28 07:48:15.031 E/GeckoConsole( 1963): Content JS LOG at http://www.isthereagiantsgametoday.com/js/site.js:38 in anonymous: Today: Mon Apr 28 2014 07:48:13 GMT-0700 (UTC) - Looking at game: Thu Mar 27 2014 00:00:00 GMT-0700 (UTC)
04-28 07:48:15.031 E/GeckoConsole( 1963): Content JS LOG at http://www.isthereagiantsgametoday.com/js/site.js:38 in anonymous: Today: Mon Apr 28 2014 07:48:13 GMT-0700 (UTC) - Looking at game: Fri Mar 28 2014 00:00:00 GMT-0700 (UTC)
04-28 07:48:15.031 E/GeckoConsole( 1963): Content JS LOG at http://www.isthereagiantsgametoday.com/js/site.js:38 in anonymous: Today: Mon Apr 28 2014 07:48:13 GMT-0700 (UTC) - Looking at game: Sat Mar 29 2014 00:00:00 GMT-0700 (UTC)
04-28 07:48:15.031 E/GeckoConsole( 1963): Content JS LOG at http://www.isthereagiantsgametoday.com/js/site.js:38 in anonymous: Today: Mon Apr 28 2014 07:48:13 GMT-0700 (UTC) - Looking at game: Mon Mar 31 2014 00:00:00 GMT-0700 (UTC)
04-28 07:48:15.031 E/GeckoConsole( 1963): Content JS LOG at http://www.isthereagiantsgametoday.com/js/site.js:38 in anonymous: Today: Mon Apr 28 2014 07:48:13 GMT-0700 (UTC) - Looking at game: Tue Apr 01 2014 00:00:00 GMT-0700 (UTC)
04-28 07:48:15.031 E/GeckoConsole( 1963): Content JS LOG at http://www.isthereagiantsgametoday.com/js/site.js:38 in anonymous: Today: Mon Apr 28 2014 07:48:13 GMT-0700 (UTC) - Looking at game: Wed Apr 02 2014 00:00:00 GMT-0700 (UTC)
04-28 07:48:15.031 E/GeckoConsole( 1963): Content JS LOG at http://www.isthereagiantsgametoday.com/js/site.js:38 in anonymous: Today: Mon Apr 28 2014 07:48:13 GMT-0700 (UTC) - Looking at game: Thu Apr 03 2014 00:00:00 GMT-0700 (UTC)
04-28 07:48:15.031 E/GeckoConsole( 1963): Content JS LOG at http://www.isthereagiantsgametoday.com/js/site.js:38 in anonymous: Today: Mon Apr 28 2014 07:48:13 GMT-0700 (UTC) - Looking at game: Fri Apr 04 2014 00:00:00 GMT-0700 (UTC)
04-28 07:48:15.031 E/GeckoConsole( 1963): Content JS LOG at http://www.isthereagiantsgametoday.com/js/site.js:38 in anonymous: Today: Mon Apr 28 2014 07:48:13 GMT-0700 (UTC) - Looking at game: Sat Apr 05 2014 00:00:00 GMT-0700 (UTC)
04-28 07:48:15.031 E/GeckoConsole( 1963): Content JS LOG at http://www.isthereagiantsgametoday.com/js/site.js:38 in anonymous: Today: Mon Apr 28 2014 07:48:13 GMT-0700 (UTC) - Looking at game: Sun Apr 06 2014 00:00:00 GMT-0700 (UTC)
04-28 07:48:15.031 E/GeckoConsole( 1963): Content JS LOG at http://www.isthereagiantsgametoday.com/js/site.js:38 in anonymous: Today: Mon Apr 28 2014 07:48:13 GMT-0700 (UTC) - Looking at game: Tue Apr 08 2014 00:00:00 GMT-0700 (UTC)
04-28 07:48:15.051 E/GeckoConsole( 1963): Content JS LOG at http://www.isthereagiantsgametoday.com/js/site.js:38 in anonymous: Today: Mon Apr 28 2014 07:48:13 GMT-0700 (UTC) - Looking at game: Wed Apr 09 2014 00:00:00 GMT-0700 (UTC)
04-28 07:48:15.051 E/GeckoConsole( 1963): Content JS LOG at http://www.isthereagiantsgametoday.com/js/site.js:38 in anonymous: Today: Mon Apr 28 2014 07:48:13 GMT-0700 (UTC) - Looking at game: Thu Apr 10 2014 00:00:00 GMT-0700 (UTC)
04-28 07:48:15.051 E/GeckoConsole( 1963): Content JS LOG at http://www.isthereagiantsgametoday.com/js/site.js:38 in anonymous: Today: Mon Apr 28 2014 07:48:13 GMT-0700 (UTC) - Looking at game: Fri Apr 11 2014 00:00:00 GMT-0700 (UTC)
04-28 07:48:15.061 E/GeckoConsole( 1963): Content JS LOG at http://www.isthereagiantsgametoday.com/js/site.js:38 in anonymous: Today: Mon Apr 28 2014 07:48:13 GMT-0700 (UTC) - Looking at game: Sat Apr 12 2014 00:00:00 GMT-0700 (UTC)
04-28 07:48:15.071 E/GeckoConsole( 1963): Content JS LOG at http://www.isthereagiantsgametoday.com/js/site.js:38 in anonymous: Today: Mon Apr 28 2014 07:48:13 GMT-0700 (UTC) - Looking at game: Sun Apr 13 2014 00:00:00 GMT-0700 (UTC)
04-28 07:48:15.071 E/GeckoConsole( 1963): Content JS LOG at http://www.isthereagiantsgametoday.com/js/site.js:38 in anonymous: Today: Mon Apr 28 2014 07:48:13 GMT-0700 (UTC) - Looking at game: Tue Apr 15 2014 00:00:00 GMT-0700 (UTC)
04-28 07:48:15.071 E/GeckoConsole( 1963): Content JS LOG at http://www.isthereagiantsgametoday.com/js/site.js:38 in anonymous: Today: Mon Apr 28 2014 07:48:13 GMT-0700 (UTC) - Looking at game: Wed Apr 16 2014 00:00:00 GMT-0700 (UTC)
04-28 07:48:15.071 E/GeckoConsole( 1963): Content JS LOG at http://www.isthereagiantsgametoday.com/js/site.js:38 in anonymous: Today: Mon Apr 28 2014 07:48:13 GMT-0700 (UTC) - Looking at game: Thu Apr 17 2014 00:00:00 GMT-0700 (UTC)
04-28 07:48:15.071 E/GeckoConsole( 1963): Content JS LOG at http://www.isthereagiantsgametoday.com/js/site.js:38 in anonymous: Today: Mon Apr 28 2014 07:48:13 GMT-0700 (UTC) - Looking at game: Fri Apr 18 2014 00:00:00 GMT-0700 (UTC)
04-28 07:48:15.071 E/GeckoConsole( 1963): Content JS LOG at http://www.isthereagiantsgametoday.com/js/site.js:38 in anonymous: Today: Mon Apr 28 2014 07:48:13 GMT-0700 (UTC) - Looking at game: Sat Apr 19 2014 00:00:00 GMT-0700 (UTC)
04-28 07:48:15.071 E/GeckoConsole( 1963): Content JS LOG at http://www.isthereagiantsgametoday.com/js/site.js:38 in anonymous: Today: Mon Apr 28 2014 07:48:13 GMT-0700 (UTC) - Looking at game: Sun Apr 20 2014 00:00:00 GMT-0700 (UTC)
04-28 07:48:15.071 E/GeckoConsole( 1963): Content JS LOG at http://www.isthereagiantsgametoday.com/js/site.js:38 in anonymous: Today: Mon Apr 28 2014 07:48:13 GMT-0700 (UTC) - Looking at game: Mon Apr 21 2014 00:00:00 GMT-0700 (UTC)
04-28 07:48:15.071 E/GeckoConsole( 1963): Content JS LOG at http://www.isthereagiantsgametoday.com/js/site.js:38 in anonymous: Today: Mon Apr 28 2014 07:48:13 GMT-0700 (UTC) - Looking at game: Tue Apr 22 2014 00:00:00 GMT-0700 (UTC)
04-28 07:48:15.071 E/GeckoConsole( 1963): Content JS LOG at http://www.isthereagiantsgametoday.com/js/site.js:38 in anonymous: Today: Mon Apr 28 2014 07:48:13 GMT-0700 (UTC) - Looking at game: Wed Apr 23 2014 00:00:00 GMT-0700 (UTC)
04-28 07:48:15.071 E/GeckoConsole( 1963): Content JS LOG at http://www.isthereagiantsgametoday.com/js/site.js:38 in anonymous: Today: Mon Apr 28 2014 07:48:13 GMT-0700 (UTC) - Looking at game: Fri Apr 25 2014 00:00:00 GMT-0700 (UTC)
04-28 07:48:15.071 E/GeckoConsole( 1963): Content JS LOG at http://www.isthereagiantsgametoday.com/js/site.js:38 in anonymous: Today: Mon Apr 28 2014 07:48:13 GMT-0700 (UTC) - Looking at game: Sat Apr 26 2014 00:00:00 GMT-0700 (UTC)
04-28 07:48:15.071 E/GeckoConsole( 1963): Content JS LOG at http://www.isthereagiantsgametoday.com/js/site.js:38 in anonymous: Today: Mon Apr 28 2014 07:48:13 GMT-0700 (UTC) - Looking at game: Sun Apr 27 2014 00:00:00 GMT-0700 (UTC)
04-28 07:48:15.071 E/GeckoConsole( 1963): Content JS LOG at http://www.isthereagiantsgametoday.com/js/site.js:38 in anonymous: Today: Mon Apr 28 2014 07:48:13 GMT-0700 (UTC) - Looking at game: Mon Apr 28 2014 00:00:00 GMT-0700 (UTC)
04-28 07:48:15.521 I/Gonk    (   83): Setting nice for pid 2056 to 18
04-28 07:48:15.521 I/Gonk    (   83): Changed nice for pid 2056 from 18 to 18.
04-28 07:48:15.521 I/Gecko   (   83): [Parent 83] WARNING: waitpid failed pid:2056 errno:10: file ../../../gecko/ipc/chromium/src/base/process_util_posix.cc, line 254
04-28 07:48:15.541 I/Gonk    (   83): Setting nice for pid 2056 to 1
04-28 07:48:15.541 I/Gonk    (   83): Changed nice for pid 2056 from 18 to 1.
04-28 07:48:15.541 I/Gonk    (   83): Setting nice for pid 2056 to 18
04-28 07:48:15.541 I/Gonk    (   83): Changed nice for pid 2056 from 1 to 18.
04-28 07:48:15.741 I/log     ( 2072): <4>0[ 768.131315] select 2056 ((Preallocated a), adj 8, size 2894, to kill 
04-28 07:48:15.891 I/Gecko   (   83): 1398696495882	Marionette	INFO	sendToClient: {"from":"0","value":{"frame":{"ELEMENT":"{0baf42a7-ceaa-4c73-b4b9-2f400800bcc7}"},"src":"http://www.isthereagiantsgametoday.com/","name":"Is there a Giants game today?","origin":"http://www.isthereagiantsgametoday.com"}}, {d68d4e8a-8299-49ad-ad73-410bfc2c52bc}, {d68d4e8a-8299-49ad-ad73-410bfc2c52bc}
04-28 07:48:15.911 E/GeckoConsole(   83): Content JS LOG at dummy file:326 in GaiaApps.launch/appOpen/<: app with origin 'http://www.isthereagiantsgametoday.com' has launched
04-28 07:48:15.911 E/[Gralloc-ERROR](   83): int gralloc_unregister_buffer(const gralloc_module_t*, const native_handle_t*):274 Trying to unregister buffer 0x46538ab0 from process 83 that was not created in current process: 83
04-28 07:48:15.911 E/[Gralloc-ERROR](   83): int gralloc_unregister_buffer(const gralloc_module_t*, const native_handle_t*):274 Trying to unregister buffer 0x4658a380 from process 83 that was not created in current process: 83
04-28 07:48:15.911 E/[Gralloc-ERROR](   83): int gralloc_unregister_buffer(const gralloc_module_t*, const native_handle_t*):274 Trying to unregister buffer 0x4658a600 from process 83 that was not created in current process: 83
04-28 07:48:15.911 E/[Gralloc-ERROR](   83): int gralloc_unregister_buffer(const gralloc_module_t*, const native_handle_t*):274 Trying to unregister buffer 0x4658a470 from process 83 that was not created in current process: 83
04-28 07:48:15.951 I/Gecko   (   83): 1398696495960	Marionette	DEBUG	Got request: switchToFrame, data: {"to":"0","sessionId":"3-b2g","name":"switchToFrame","parameters":{"focus":true,"element":"{0baf42a7-ceaa-4c73-b4b9-2f400800bcc7}"}}, id: {37bc99bd-d827-4685-98e3-5cf51bc35319}
04-28 07:48:15.961 I/Gecko   (   83): 1398696495968	Marionette	INFO	Switched to frame: {"frameValue":"{0baf42a7-ceaa-4c73-b4b9-2f400800bcc7}"}
04-28 07:48:15.961 I/Gecko   (   83): 1398696495971	Marionette	INFO	trying remote frame 0
04-28 07:48:15.961 I/Gecko   (   83): 1398696495972	Marionette	INFO	trying remote frame 1
04-28 07:48:15.971 I/Gecko   (   83): 1398696495974	Marionette	INFO	trying remote frame 2
04-28 07:48:15.971 I/Gecko   (   83): 1398696495975	Marionette	INFO	deleting frame
04-28 07:48:15.971 I/Gecko   (   83): 1398696495980	Marionette	INFO	frame-manager load script: [object ChromeMessageSender]
04-28 07:48:16.511 I/Gecko   (   83): 1398696496520	Marionette	INFO	sendToClient: {"from":"0","ok":true}, {37bc99bd-d827-4685-98e3-5cf51bc35319}, {37bc99bd-d827-4685-98e3-5cf51bc35319}
04-28 07:48:16.531 I/Gecko   (   83): 1398696496534	Marionette	INFO	sendToClient: {"from":"0","value":"http://www.isthereagiantsgametoday.com/"}, {18568b82-5838-4545-84c1-b0ec8cc0644c}, {18568b82-5838-4545-84c1-b0ec8cc0644c}
04-28 07:48:16.531 I/Gecko   (   83): [Parent 83] WARNING: pipe error (153): Connection reset by peer: file ../../../gecko/ipc/chromium/src/chrome/common/ipc_channel_posix.cc, line 446
04-28 07:48:16.531 I/Gecko   (   83): 
04-28 07:48:16.531 I/Gecko   (   83): ###!!! [Parent][MessageChannel] Error: Channel error: cannot send/recv
04-28 07:48:16.531 I/Gecko   (   83): 
04-28 07:48:16.591 I/GeckoDump(   83): Crash reporter : Can't fetch app.reportCrashes. Exception: [Exception... "Component returned failure code: 0x8000ffff (NS_ERROR_UNEXPECTED) [nsIPrefBranch.getBoolPref]"  nsresult: "0x8000ffff (NS_ERROR_UNEXPECTED)"  location: "JS frame :: chrome://browser/content/shell.js :: shell_reportCrash :: line 7"  data: no]
04-28 07:48:16.601 I/Gecko   (   83): [Parent 83] WARNING: waitpid failed pid:2056 errno:10: file ../../../gecko/ipc/chromium/src/base/process_util_posix.cc, line 254
04-28 07:48:16.731 I/Gecko   (   83): 1398696496735	Marionette	DEBUG	Got request: execute, data: {"to":"0","sessionId":"3-b2g","name":"executeScript","parameters":{"specialPowers":false,"scriptTimeout":null,"newSandbox":true,"args":[],"filename":"app_checker.py","script":"return window.document.readyState;","line":191}}, id: {bb811d23-92e5-4c01-b638-d7b63c5866ae}
04-28 07:48:16.831 I/Gecko   (   83): 1398696496835	Marionette	INFO	sendToClient: {"from":"0","value":"complete"}, {bb811d23-92e5-4c01-b638-d7b63c5866ae}, {bb811d23-92e5-4c01-b638-d7b63c5866ae}
04-28 07:48:16.841 I/Gecko   (   83): 1398696496843	Marionette	INFO	sendToClient: {"from":"0","value":"http://www.isthereagiantsgametoday.com/"}, {e606c7ce-3c16-4c52-97b2-eba9e7c2f107}, {e606c7ce-3c16-4c52-97b2-eba9e7c2f107}
04-28 07:48:16.851 I/Gecko   ( 1963): Attempting load of libEGL.so
04-28 07:48:16.931 D/libEGL  ( 1963): loaded /system/lib/egl/libEGL_mali.so
04-28 07:48:16.941 D/libEGL  ( 1963): loaded /system/lib/egl/libGLESv1_CM_mali.so
04-28 07:48:16.951 D/libEGL  ( 1963): loaded /system/lib/egl/libGLESv2_mali.so
04-28 07:48:17.011 W/WifiHW  (   83): wifi_command: SIGNAL_POLL
04-28 07:48:17.051 I/Gecko   ( 1963): SharedSurface_Gralloc::Create -------
04-28 07:48:17.091 I/Gecko   ( 1963): SharedSurface_Gralloc::Create: success -- surface 0x4421ba40, GraphicBuffer 0x44217100.
04-28 07:48:17.781 I/Gonk    (   83): Setting nice for pid 2078 to 18
04-28 07:48:17.791 I/Gonk    (   83): Changed nice for pid 2078 from 0 to 18.
04-28 07:48:18.601 I/Gecko   (   83): [Parent 83] WARNING: waitpid failed pid:2056 errno:10: file ../../../gecko/ipc/chromium/src/base/process_util_posix.cc, line 254
04-28 07:48:18.601 I/Gecko   (   83): [Parent 83] WARNING: Failed to deliver SIGKILL to 2056!(3).: file ../../../gecko/ipc/chromium/src/chrome/common/process_watcher_posix_sigchld.cc, line 118
04-28 07:48:18.751 I/Gecko   (   83): 1398696498755	Marionette	INFO	sendToClient: {"from":"0","value":"iVBORw0KGgoAAAANSUhEUgAAAUAAAAHMCAYAAACk4nEJAAAgAElEQVR4nOyd6WMb1fX+Z7RakndZsi3ZsmzLtnbFiePsTpw4ibM4iZ3ETmzHtoAWAjSlgRJKaaFfGkLZCmUtUErgB7ShLVsoCRAoAcISFqN/6Pm9kKVouTOa0eLr5bz4vEg8mnl0Z+bRXc49RxAEAQRBEMsU7gIIgiB4wV0AQRAEL7gLIAiC4AV3AQRBELzgLoAgCIIX3AUQBEHwgrsAgiAIXnAXQBAEwQvuAgiCIHjBXQBBEAQvuAsgCILgBXcBBEEQvOAugCAIghfcBRAEQfCCuwBiAaMRBdSU6dBZU4aV9RbuegiiyHAXQCwwhjw1eH1vBz4c9eOH6TBi0Qhi0QguHPZx10YQRYa7AGKB8YuVDUnTS4UMkFiCcBew6OhrrsRzO9qYeGrKuOsrFDJAYhnBXcCiY9RrZRpELBpB9wKbJ9NrRDjKDVjVYMHe9hrcELZjvbNC9jNkgMQygruARcdiMcC3hrvwE0PjzyP1sp8jAySWEdwFLDoWiwFeHg8wNZIBEkQS7gIWHWSABLFk4C5g0UEGSBBLBu4CFh2FGKDNrMexgA2P9rvx9nAXPjkSwBcTQZw/6MXLuz24o9eBflcVjFqNal06jYjuekuSK5NBpsb7NjSnHdddb0G9RZ88jxIDtJn1uD5sx9k9Hnw06sfFUR+e3t6Km7sbUFOmU6xZIwpYWW/BXWudeHWPBxcO+/D5eBDvjnjx3I42zITsaK4w5DxPU4Uh6zt111vS2rHBok9e59z+Tjy0pQWVBm1JdalBI4oI2sy4cUU9Tve58OJgO9476MWXE0FcGvPj7eEuPL7NjZ9H6uGqNHJ/D5YI3AUsOvIxwEqDFvduaMLsTFjys6l8Ph7EydUOVBnZLyiL6jKdonOzGPLUJM8jZ4CiIGA6aMM3x0KS5/
04-28 07:48:18.981 V/AudioPolicyManagerBase(   88): startOutput() output 1, stream 1, session 4
04-28 07:48:18.981 V/AudioPolicyManagerBase(   88): changeRefCount() stream 1, count 1
04-28 07:48:18.981 V/AudioPolicyManagerBase(   88): getDeviceForStrategy() from cache strategy 0, device 2
04-28 07:48:18.981 V/AudioPolicyManagerBase(   88): getNewDevice() selected device 2
04-28 07:48:18.981 D/AudioPolicyManagerBase(   88): setOutputDevice() output 1 device 2 delayMs 0
04-28 07:48:18.981 V/AudioPolicyManagerBase(   88): setOutputDevice() setting same device 2 or null device for output 1
04-28 07:48:18.981 E/AudioPolicyManagerBase(   88): checkAndSetVolume stream=1, index=0, output=1, device=2
04-28 07:48:18.981 E/AudioPolicyManagerBase(   88): computeVolume, streamDesc=0x11c4bb8
04-28 07:48:19.061 W/AudioFlinger(   88): Thread AudioOut_1 cannot connect to the power manager service
04-28 07:48:19.061 V/AudioPolicyManagerBase(   88): stopOutput() output 1, stream 1, session 4
04-28 07:48:19.061 V/AudioPolicyManagerBase(   88): changeRefCount() stream 1, count 0
04-28 07:48:19.061 V/AudioPolicyManagerBase(   88): getNewDevice() selected device 0
04-28 07:48:19.061 D/AudioPolicyManagerBase(   88): setOutputDevice() output 1 device 0 delayMs 290
04-28 07:48:19.061 V/AudioPolicyManagerBase(   88): setOutputDevice() setting same device 0 or null device for output 1
04-28 07:48:19.131 V/AudioPolicyManagerBase(   88): startOutput() output 1, stream 1, session 4
04-28 07:48:19.131 V/AudioPolicyManagerBase(   88): changeRefCount() stream 1, count 1
04-28 07:48:19.131 V/AudioPolicyManagerBase(   88): getDeviceForStrategy() from cache strategy 0, device 2
04-28 07:48:19.131 V/AudioPolicyManagerBase(   88): getNewDevice() selected device 2
04-28 07:48:19.131 D/AudioPolicyManagerBase(   88): setOutputDevice() output 1 device 2 delayMs 0
04-28 07:48:19.131 V/AudioPolicyManagerBase(   88): setOutputDevice() setting same device 2 or null device for output 1
04-28 07:48:19.131 E/AudioPolicyManagerBase(   88): checkAndSetVolume stream=1, index=0, output=1, device=2
04-28 07:48:19.131 E/AudioPolicyManagerBase(   88): computeVolume, streamDesc=0x11c4bb8
04-28 07:48:19.151 I/audio_hw_primary(   88): select_devices_signal starting...
04-28 07:48:19.151 I/audio_hw_primary(   88): select_devices_signal finished.
04-28 07:48:19.151 W/audio_hw_primary(   88): open s_tinycard in
04-28 07:48:19.161 I/audio_hw_primary(   88): Changing devices: 0x00000002
04-28 07:48:19.161 I/audio_hw_primary(   88): Set 'HeadPhone Function'.0 to 0
04-28 07:48:19.161 I/audio_hw_primary(   88): Set 'Earpiece Function'.0 to 0
04-28 07:48:19.161 I/audio_hw_primary(   88): Set 'Mic Function'.0 to 0
04-28 07:48:19.161 I/audio_hw_primary(   88): Set 'HP Mic Function'.0 to 0
04-28 07:48:19.161 I/audio_hw_primary(   88): Set 'Line Function'.0 to 0
04-28 07:48:19.161 I/audio_hw_primary(   88): Changing devices, mask: 0x00004002
04-28 07:48:19.161 W/audio_hw_primary(   88): open s_tinycard successfully
04-28 07:48:19.161 I/audio_hw_primary(   88): Set 'Speaker Function'.0 to 1
04-28 07:48:19.171 W/libOpenSLES(   83): Leaving BufferQueue::Enqueue (SL_RESULT_BUFFER_INSUFFICIENT)
04-28 07:48:19.171 W/libOpenSLES(   83): Leaving BufferQueue::Enqueue (SL_RESULT_BUFFER_INSUFFICIENT)
04-28 07:48:19.171 W/libOpenSLES(   83): Leaving BufferQueue::Enqueue (SL_RESULT_BUFFER_INSUFFICIENT)
04-28 07:48:19.171 W/audio_hw_primary(   88): GetAudio_pga_nv, dac_pga_gain_l:0xc3 adc_pga_gain_l:0xc fm_pga_gain_l:0xff fm_pga_gain_r:0xff device:0x2 vol_level:0x1 
04-28 07:48:19.171 D/audio_pga(   88): 'speaker-l' apply
04-28 07:48:19.171 I/audio_pga(   88): 'Master Playback Volume' set to 12
04-28 07:48:19.171 V/AudioPolicyManagerBase(   88): stopOutput() output 1, stream 1, session 4
04-28 07:48:19.171 V/AudioPolicyManagerBase(   88): changeRefCount() stream 1, count 0
04-28 07:48:19.171 V/AudioPolicyManagerBase(   88): getNewDevice() selected device 0
04-28 07:48:19.171 D/AudioPolicyManagerBase(   88): setOutputDevice() output 1 device 0 delayMs 290
04-28 07:48:19.171 V/AudioPolicyManagerBase(   88): setOutputDevice() setting same device 0 or null device for output 1
04-28 07:48:19.271 I/Gecko   (   83): 1398696499282	Marionette	INFO	sendToClient: {"from":"0","ok":true}, {e1345045-857e-40b4-a579-15d379416f9a}, {e1345045-857e-40b4-a579-15d379416f9a}
04-28 07:48:19.301 I/audio_pga(   88): 'Inter PA Playback Volume' set to 12
04-28 07:48:19.301 I/audio_pga(   88): 'VBC DACL DG Set' set to 0
04-28 07:48:19.301 I/audio_pga(   88): 'VBC DACL DG Switch' set to 0
04-28 07:48:19.301 D/audio_pga(   88): 'speaker-r' apply
04-28 07:48:19.301 I/audio_pga(   88): 'Master Playback Volume' set to 12
04-28 07:48:19.301 I/audio_pga(   88): 'Inter PA Playback Volume' set to 12
04-28 07:48:19.301 I/audio_pga(   88): 'VBC DACR DG Set' set to 0
04-28 07:48:19.301 I/audio_pga(   88): 'VBC DACR DG Switch' set to 0
04-28 07:48:19.301 W/audio_hw_primary(   88): SetAudio_gain_by_devices out, devices:0x2 
04-28 07:48:19.301 I/audio_hw_primary(   88): stream_routing_thread looping done.
04-28 07:48:19.301 I/audio_hw_primary(   88): stream_routing_thread looping now...
04-28 07:48:19.301 V/AudioPolicyManagerBase(   88): releaseOutput() 1
04-28 07:48:19.321 I/Gecko   (   83): 1398696499319	Marionette	DEBUG	Got request: switchToFrame, data: {"to":"0","sessionId":"3-b2g","name":"switchToFrame","parameters":{"id":null,"focus":true}}, id: {204c566c-be73-46af-b76f-97a9f8b51582}
04-28 07:48:19.391 I/Gecko   (   83): 1398696499396	Marionette	INFO	Switched to frame: {"frameValue":null}
04-28 07:48:19.501 I/Gecko   (   83): 1398696499506	Marionette	INFO	sendToClient: {"from":"0","ok":true}, {204c566c-be73-46af-b76f-97a9f8b51582}, {204c566c-be73-46af-b76f-97a9f8b51582}
04-28 07:48:19.511 I/Gecko   (   83): 1398696499517	Marionette	DEBUG	Got request: executeWithCallback, data: {"to":"0","sessionId":"3-b2g","name":"executeAsyncScript","parameters":{"specialPowers":false,"scriptTimeout":null,"newSandbox":true,"args":[],"filename":"gaia_test.py","script":"return GaiaApps.displayedApp();","line":66}}, id: {0adb61e0-9d62-4012-8905-0b24d7a7835f}
04-28 07:48:19.801 E/GeckoConsole(   83): Content JS LOG at dummy file:392 in GaiaApps.displayedApp: app with origin 'http://www.isthereagiantsgametoday.com' is displayed
04-28 07:48:19.811 I/Gecko   (   83): 1398696499814	Marionette	INFO	sendToClient: {"from":"0","value":{"frame":{"ELEMENT":"{0baf42a7-ceaa-4c73-b4b9-2f400800bcc7}"},"src":"http://www.isthereagiantsgametoday.com/","name":"Is there a Giants game today?","origin":"http://www.isthereagiantsgametoday.com"}}, {0adb61e0-9d62-4012-8905-0b24d7a7835f}, {0adb61e0-9d62-4012-8905-0b24d7a7835f}
04-28 07:48:19.831 I/Gecko   (   83): 1398696499837	Marionette	DEBUG	Got request: switchToFrame, data: {"to":"0","sessionId":"3-b2g","name":"switchToFrame","parameters":{"id":null,"focus":true}}, id: {b131b577-c163-4772-a93e-ee71fa4ccbb3}
04-28 07:48:19.831 I/Gecko   (   83): 1398696499839	Marionette	INFO	Switched to frame: {"frameValue":null}
04-28 07:48:19.931 I/Gecko   (   83): 1398696499942	Marionette	INFO	sendToClient: {"from":"0","ok":true}, {b131b577-c163-4772-a93e-ee71fa4ccbb3}, {b131b577-c163-4772-a93e-ee71fa4ccbb3}
04-28 07:48:19.941 I/Gecko   (   83): 1398696499948	Marionette	DEBUG	Got request: execute, data: {"to":"0","sessionId":"3-b2g","name":"executeScript","parameters":{"specialPowers":false,"scriptTimeout":null,"newSandbox":true,"args":[],"filename":"gaia_test.py","script":"window.wrappedJSObject.dispatchEvent(new Event('home'));","line":788}}, id: {653d0a8c-972a-4391-9be7-3e2f2025de28}
04-28 07:48:20.181 I/Gonk    (   83): Setting nice for pid 2078 to 18
04-28 07:48:20.181 I/Gonk    (   83): Changed nice for pid 2078 from 0 to 18.
04-28 07:48:20.191 I/Gecko   (   83): [Parent 83] WARNING: waitpid failed pid:2078 errno:10: file ../../../gecko/ipc/chromium/src/base/process_util_posix.cc, line 254
04-28 07:48:20.201 I/Gonk    (   83): Setting nice for pid 2078 to 1
04-28 07:48:20.201 I/Gonk    (   83): Changed nice for pid 2078 from 18 to 1.
04-28 07:48:20.251 D/Sensors (   83): activate handle=0; drv=0
04-28 07:48:20.261 D/Sensors (   83): Lis3dhSensor: Control set 0
04-28 07:48:20.261 D/Sensors (   83): Lis3dhSensor: mEnabled = 0
04-28 07:48:20.301 I/Gecko   (   83): 1398696500304	Marionette	INFO	sendToClient: {"from":"0","value":null}, {653d0a8c-972a-4391-9be7-3e2f2025de28}, {653d0a8c-972a-4391-9be7-3e2f2025de28}
04-28 07:48:20.321 I/Gecko   (   83): 1398696500325	Marionette	DEBUG	Got request: switchToFrame, data: {"to":"0","sessionId":"3-b2g","name":"switchToFrame","parameters":{"id":null,"focus":true}}, id: {66ad8512-949d-4357-b439-c6dea20a1d61}
04-28 07:48:20.321 I/Gecko   (   83): 1398696500326	Marionette	INFO	Switched to frame: {"frameValue":null}
04-28 07:48:20.421 I/Gecko   (   83): 1398696500428	Marionette	INFO	sendToClient: {"from":"0","ok":true}, {66ad8512-949d-4357-b439-c6dea20a1d61}, {66ad8512-949d-4357-b439-c6dea20a1d61}
04-28 07:48:20.431 I/Gecko   (   83): 1398696500435	Marionette	DEBUG	Got request: executeWithCallback, data: {"to":"0","sessionId":"3-b2g","name":"executeAsyncScript","parameters":{"specialPowers":false,"scriptTimeout":null,"newSandbox":true,"args":[],"filename":"gaia_test.py","script":"return GaiaApps.displayedApp();","line":66}}, id: {207a8c57-01c9-4166-b073-e20db2f431eb}
04-28 07:48:20.501 I/Gecko   (   83): 1398696500506	Marionette	INFO	sendToClient: {"from":"0","value":{"frame":{"ELEMENT":"{8f18bbd6-6cec-4adf-bde9-dd1d6375384c}"},"src":"app://homescreen.gaiamobile.org/index.html#root","name":"Homescreen","origin":"app://homescreen.gaiamobile.org"}}, {207a8c57-01c9-4166-b073-e20db2f431eb}, {207a8c57-01c9-4166-b073-e20db2f431eb}
04-28 07:48:20.511 E/GeckoConsole(   83): Content JS LOG at dummy file:392 in GaiaApps.displayedApp: app with origin 'app://homescreen.gaiamobile.org' is displayed
04-28 07:48:20.511 I/Gecko   (   83): 1398696500518	Marionette	DEBUG	Got request: switchToFrame, data: {"to":"0","sessionId":"3-b2g","name":"switchToFrame","parameters":{"id":null,"focus":true}}, id: {f7ea0b47-b41f-4840-9826-cda0d167e3c4}
04-28 07:48:20.531 I/Gecko   (   83): 1398696500520	Marionette	INFO	Switched to frame: {"frameValue":null}
04-28 07:48:20.631 I/Gecko   (   83): 1398696500635	Marionette	INFO	sendToClient: {"from":"0","ok":true}, {f7ea0b47-b41f-4840-9826-cda0d167e3c4}, {f7ea0b47-b41f-4840-9826-cda0d167e3c4}
04-28 07:48:20.631 I/Gecko   (   83): 1398696500641	Marionette	DEBUG	Got request: switchToFrame, data: {"to":"0","sessionId":"3-b2g","name":"switchToFrame","parameters":{"id":null,"focus":true}}, id: {d225cec8-dd1e-4159-a860-f46fb74d9931}
04-28 07:48:20.641 I/Gecko   (   83): 1398696500642	Marionette	INFO	Switched to frame: {"frameValue":null}
04-28 07:48:20.791 I/Gecko   (   83): 1398696500797	Marionette	INFO	sendToClient: {"from":"0","ok":true}, {d225cec8-dd1e-4159-a860-f46fb74d9931}, {d225cec8-dd1e-4159-a860-f46fb74d9931}
04-28 07:48:20.811 I/Gecko   (   83): 1398696500822	Marionette	DEBUG	Got request: executeWithCallback, data: {"to":"0","sessionId":"3-b2g","name":"executeAsyncScript","parameters":{"specialPowers":false,"scriptTimeout":null,"newSandbox":true,"args":[],"filename":"gaia_test.py","script":"return GaiaApps.displayedApp();","line":66}}, id: {9b23f791-f8e2-452d-879a-c34a9f25897d}
04-28 07:48:20.951 I/Gecko   (   83): 1398696500957	Marionette	INFO	sendToClient: {"from":"0","value":{"frame":{"ELEMENT":"{8f18bbd6-6cec-4adf-bde9-dd1d6375384c}"},"src":"app://homescreen.gaiamobile.org/index.html#root","name":"Homescreen","origin":"app://homescreen.gaiamobile.org"}}, {9b23f791-f8e2-452d-879a-c34a9f25897d}, {9b23f791-f8e2-452d-879a-c34a9f25897d}
04-28 07:48:20.951 E/GeckoConsole(   83): Content JS LOG at dummy file:392 in GaiaApps.displayedApp: app with origin 'app://homescreen.gaiamobile.org' is displayed
04-28 07:48:20.961 I/Gecko   (   83): 1398696500965	Marionette	DEBUG	Got request: switchToFrame, data: {"to":"0","sessionId":"3-b2g","name":"switchToFrame","parameters":{"focus":true,"element":"{8f18bbd6-6cec-4adf-bde9-dd1d6375384c}"}}, id: {7785a11b-20c6-4e61-bcce-20e4331f785a}
04-28 07:48:20.971 I/Gecko   (   83): 1398696500978	Marionette	INFO	Switched to frame: {"frameValue":"{8f18bbd6-6cec-4adf-bde9-dd1d6375384c}"}
04-28 07:48:21.001 I/Gecko   (   83): 1398696501005	Marionette	INFO	trying remote frame 0
04-28 07:48:21.001 I/Gecko   (   83): 1398696501006	Marionette	INFO	trying remote frame 1
04-28 07:48:21.001 I/Gecko   (   83): 1398696501007	Marionette	INFO	trying remote frame 2
04-28 07:48:21.001 I/Gecko   (   83): 1398696501008	Marionette	INFO	deleting frame
04-28 07:48:21.011 I/Gecko   (   83): 1398696501014	Marionette	INFO	frame-manager load script: [object ChromeMessageSender]
04-28 07:48:21.671 I/Gecko   ( 2078): ###################################### forms.js loaded
04-28 07:48:21.861 I/Gecko   ( 2078): ############################### browserElementPanning.js loaded
04-28 07:48:21.941 I/Gecko   ( 2078): ######################## BrowserElementChildPreload.js loaded
04-28 07:48:22.331 W/audio_hw_primary(   88): do_output_standby.mode:0 
04-28 07:48:22.441 I/Gonk    (   83): Setting nice for pid 1963 to 18
04-28 07:48:22.441 I/Gonk    (   83): Changed nice for pid 1963 from 1 to 18.
04-28 07:48:22.511 W/WifiHW  (   83): wifi_command: SIGNAL_POLL
04-28 07:48:22.691 I/log     ( 2091): <4>0[ 774.979935] select 1963 (Is there a Gian), adj 10, size 7262, to kill 
04-28 07:48:23.621 I/Gecko   (   83): 
04-28 07:48:23.621 I/Gecko   (   83): ###!!! [Parent][MessageChannel] Error: Channel error: cannot send/recv
04-28 07:48:23.621 I/Gecko   (   83): 
04-28 07:48:23.721 I/GeckoDump(   83): Crash reporter : Can't fetch app.reportCrashes. Exception: [Exception... "Component returned failure code: 0x8000ffff (NS_ERROR_UNEXPECTED) [nsIPrefBranch.getBoolPref]"  nsresult: "0x8000ffff (NS_ERROR_UNEXPECTED)"  location: "JS frame :: chrome://browser/content/shell.js :: shell_reportCrash :: line 7"  data: no]
04-28 07:48:23.721 I/Gecko   (   83): [Parent 83] WARNING: waitpid failed pid:1963 errno:10: file ../../../gecko/ipc/chromium/src/base/process_util_posix.cc, line 254
04-28 07:48:24.451 I/Gecko   (   83): 1398696504445	Marionette	INFO	sendToClient: {"from":"0","ok":true}, {7785a11b-20c6-4e61-bcce-20e4331f785a}, {7785a11b-20c6-4e61-bcce-20e4331f785a}
04-28 07:48:24.791 I/Gecko   (   83): 1398696504794	Marionette	INFO	sendToClient: {"from":"0","value":"app://homescreen.gaiamobile.org/index.html#root"}, {bfa72926-90f0-4825-8be8-c1937d0125a1}, {bfa72926-90f0-4825-8be8-c1937d0125a1}
04-28 07:48:24.791 I/Gecko   (   83): 1398696504801	Marionette	DEBUG	Got request: switchToFrame, data: {"to":"0","sessionId":"3-b2g","name":"switchToFrame","parameters":{"id":null,"focus":true}}, id: {77aa6ecc-54ff-463c-b30a-3e33737af5d1}
04-28 07:48:24.931 I/Gecko   (   83): 1398696504939	Marionette	INFO	Switched to frame: {"frameValue":null}
04-28 07:48:25.071 I/Gecko   (   83): 1398696505073	Marionette	INFO	sendToClient: {"from":"0","ok":true}, {77aa6ecc-54ff-463c-b30a-3e33737af5d1}, {77aa6ecc-54ff-463c-b30a-3e33737af5d1}
04-28 07:48:25.071 I/Gecko   (   83): 1398696505078	Marionette	DEBUG	Got request: switchToFrame, data: {"to":"0","sessionId":"3-b2g","name":"switchToFrame","parameters":{"id":null,"focus":true}}, id: {7992ffa2-16e0-4e7e-956d-7380c0fc9a1d}
04-28 07:48:25.071 I/Gecko   (   83): 1398696505080	Marionette	INFO	Switched to frame: {"frameValue":null}
04-28 07:48:25.171 I/Gecko   (   83): 1398696505182	Marionette	INFO	sendToClient: {"from":"0","ok":true}, {7992ffa2-16e0-4e7e-956d-7380c0fc9a1d}, {7992ffa2-16e0-4e7e-956d-7380c0fc9a1d}
04-28 07:48:25.211 I/Gecko   (   83): 1398696505220	Marionette	DEBUG	Got request: executeWithCallback, data: {"to":"0","sessionId":"3-b2g","name":"executeAsyncScript","parameters":{"specialPowers":false,"scriptTimeout":null,"newSandbox":true,"args":[],"filename":"gaia_test.py","script":"GaiaApps.killAll()","line":91}}, id: {28259233-fd29-4398-8a63-911389b759f5}
04-28 07:48:25.391 I/Gonk    (   83): Setting nice for pid 2097 to 18
04-28 07:48:25.391 I/Gonk    (   83): Changed nice for pid 2097 from 0 to 18.
04-28 07:48:25.411 I/Gecko   (   83): 1398696505413	Marionette	INFO	sendToClient: {"from":"0","value":true}, {28259233-fd29-4398-8a63-911389b759f5}, {28259233-fd29-4398-8a63-911389b759f5}
04-28 07:48:25.421 I/Gecko   (   83): 1398696505426	Marionette	DEBUG	Got request: switchToFrame, data: {"to":"0","sessionId":"3-b2g","name":"switchToFrame","parameters":{"id":null,"focus":true}}, id: {5a6db84d-6ee4-4f2c-b598-c80732fe5a1b}
04-28 07:48:25.421 I/Gecko   (   83): 1398696505427	Marionette	INFO	Switched to frame: {"frameValue":null}
04-28 07:48:25.521 I/Gecko   (   83): 1398696505530	Marionette	INFO	sendToClient: {"from":"0","ok":true}, {5a6db84d-6ee4-4f2c-b598-c80732fe5a1b}, {5a6db84d-6ee4-4f2c-b598-c80732fe5a1b}
04-28 07:48:25.531 I/Gecko   (   83): 1398696505536	Marionette	DEBUG	Got request: executeWithCallback, data: {"to":"0","sessionId":"3-b2g","name":"executeAsyncScript","parameters":{"specialPowers":false,"scriptTimeout":60000,"newSandbox":true,"args":[],"filename":"app_checker.py","script":"\n        GaiaApps.locateWithManifestURL('http://www.isthereagiantsgametoday.com/manifest.webapp',\n                                       null,\n                                       function uninstall(app) {\n                                       navigator.mozApps.mgmt.uninstall(app);\n                                       marionetteScriptFinished(true);\n                                       });\n        ","line":129}}, id: {08ed6d02-a92a-40a9-b926-ca8790d82583}
04-28 07:48:25.571 I/Gecko   (   83): -- webapps.js uninstall http://www.isthereagiantsgametoday.com/manifest.webapp
04-28 07:48:25.721 I/Gecko   (   83): [Parent 83] WARNING: waitpid failed pid:1963 errno:10: file ../../../gecko/ipc/chromium/src/base/process_util_posix.cc, line 254
04-28 07:48:25.721 I/Gecko   (   83): [Parent 83] WARNING: Failed to deliver SIGKILL to 1963!(3).: file ../../../gecko/ipc/chromium/src/chrome/common/process_watcher_posix_sigchld.cc, line 118
04-28 07:48:25.961 I/Gecko   (   83): 1398696505967	Marionette	INFO	sendToClient: {"from":"0","value":true}, {08ed6d02-a92a-40a9-b926-ca8790d82583}, {08ed6d02-a92a-40a9-b926-ca8790d82583}