--------- beginning of /dev/log/main
04-25 23:50:16.124 I/Gecko   (   83): 1398495016127	Marionette	INFO	sendToClient: {"from":"0","ok":true}, {15ac41ca-652f-4eaf-a32d-c76622f742b8}, {15ac41ca-652f-4eaf-a32d-c76622f742b8}
04-25 23:50:16.154 I/Gecko   (   83): 1398495016159	Marionette	DEBUG	Got request: switchToFrame, data: {"to":"0","sessionId":"3-b2g","name":"switchToFrame","parameters":{"id":null,"focus":true}}, id: {7f73a5f9-1cc6-4068-bb13-0a862936ec2a}
04-25 23:50:16.164 I/Gecko   (   83): 1398495016170	Marionette	INFO	Switched to frame: {"frameValue":null}
04-25 23:50:16.274 I/Gecko   (   83): 1398495016279	Marionette	INFO	sendToClient: {"from":"0","ok":true}, {7f73a5f9-1cc6-4068-bb13-0a862936ec2a}, {7f73a5f9-1cc6-4068-bb13-0a862936ec2a}
04-25 23:50:16.294 I/Gecko   (   83): 1398495016305	Marionette	DEBUG	Got request: executeWithCallback, data: {"to":"0","sessionId":"3-b2g","name":"executeAsyncScript","parameters":{"specialPowers":false,"scriptTimeout":null,"newSandbox":true,"args":[],"filename":"gaia_test.py","script":"return GaiaApps.displayedApp();","line":66}}, id: {85ac67c0-293a-44ca-85a8-738524545b3a}
04-25 23:50:16.384 E/GeckoConsole(   83): Content JS LOG at dummy file:392 in GaiaApps.displayedApp: app with origin 'app://homescreen.gaiamobile.org' is displayed
04-25 23:50:16.384 I/Gecko   (   83): 1398495016392	Marionette	INFO	sendToClient: {"from":"0","value":{"frame":{"ELEMENT":"{c5b0fc67-348f-48e1-a663-13ab8a66287f}"},"src":"app://homescreen.gaiamobile.org/index.html#root","name":"Homescreen","origin":"app://homescreen.gaiamobile.org"}}, {85ac67c0-293a-44ca-85a8-738524545b3a}, {85ac67c0-293a-44ca-85a8-738524545b3a}
04-25 23:50:16.394 I/Gecko   (   83): 1398495016401	Marionette	DEBUG	Got request: switchToFrame, data: {"to":"0","sessionId":"3-b2g","name":"switchToFrame","parameters":{"id":null,"focus":true}}, id: {77b4d3ae-e984-4125-b671-ed2a669657d1}
04-25 23:50:16.394 I/Gecko   (   83): 1398495016403	Marionette	INFO	Switched to frame: {"frameValue":null}
04-25 23:50:16.504 I/Gecko   (   83): 1398495016510	Marionette	INFO	sendToClient: {"from":"0","ok":true}, {77b4d3ae-e984-4125-b671-ed2a669657d1}, {77b4d3ae-e984-4125-b671-ed2a669657d1}
04-25 23:50:16.514 I/Gecko   (   83): 1398495016520	Marionette	DEBUG	Got request: switchToFrame, data: {"to":"0","sessionId":"3-b2g","name":"switchToFrame","parameters":{"id":null,"focus":true}}, id: {d3fed802-c9bd-455f-a80e-d41ba5a06023}
04-25 23:50:16.514 I/Gecko   (   83): 1398495016526	Marionette	INFO	Switched to frame: {"frameValue":null}
04-25 23:50:16.624 I/Gecko   (   83): 1398495016635	Marionette	INFO	sendToClient: {"from":"0","ok":true}, {d3fed802-c9bd-455f-a80e-d41ba5a06023}, {d3fed802-c9bd-455f-a80e-d41ba5a06023}
04-25 23:50:16.634 I/Gecko   (   83): 1398495016644	Marionette	DEBUG	Got request: executeWithCallback, data: {"to":"0","sessionId":"3-b2g","name":"executeAsyncScript","parameters":{"specialPowers":false,"scriptTimeout":null,"newSandbox":true,"args":[],"filename":"gaia_test.py","script":"return GaiaApps.displayedApp();","line":66}}, id: {eb833c84-5827-4cda-a02d-67479f883ea0}
04-25 23:50:16.714 I/Gecko   (   83): 1398495016717	Marionette	INFO	sendToClient: {"from":"0","value":{"frame":{"ELEMENT":"{c5b0fc67-348f-48e1-a663-13ab8a66287f}"},"src":"app://homescreen.gaiamobile.org/index.html#root","name":"Homescreen","origin":"app://homescreen.gaiamobile.org"}}, {eb833c84-5827-4cda-a02d-67479f883ea0}, {eb833c84-5827-4cda-a02d-67479f883ea0}
04-25 23:50:16.714 E/GeckoConsole(   83): Content JS LOG at dummy file:392 in GaiaApps.displayedApp: app with origin 'app://homescreen.gaiamobile.org' is displayed
04-25 23:50:16.794 I/Gecko   (   83): 1398495016804	Marionette	DEBUG	Got request: switchToFrame, data: {"to":"0","sessionId":"3-b2g","name":"switchToFrame","parameters":{"focus":true,"element":"{c5b0fc67-348f-48e1-a663-13ab8a66287f}"}}, id: {194ccbb3-5a21-408f-bf40-a2ab939908d1}
04-25 23:50:16.814 I/Gecko   (   83): 1398495016820	Marionette	INFO	Switched to frame: {"frameValue":"{c5b0fc67-348f-48e1-a663-13ab8a66287f}"}
04-25 23:50:16.814 I/Gecko   (   83): 1398495016825	Marionette	INFO	trying remote frame 0
04-25 23:50:16.854 I/Gecko   (   83): 1398495016863	Marionette	INFO	trying remote frame 1
04-25 23:50:16.864 I/Gecko   (   83): 1398495016873	Marionette	INFO	trying remote frame 2
04-25 23:50:16.864 I/Gecko   (   83): 1398495016874	Marionette	INFO	trying remote frame 3
04-25 23:50:16.864 I/Gecko   (   83): 1398495016874	Marionette	INFO	trying remote frame 4
04-25 23:50:16.864 I/Gecko   (   83): 1398495016875	Marionette	INFO	trying remote frame 5
04-25 23:50:16.864 I/Gecko   (   83): 1398495016876	Marionette	INFO	deleting frame
04-25 23:50:16.874 I/Gecko   (   83): 1398495016881	Marionette	INFO	frame-manager load script: [object ChromeMessageSender]
04-25 23:50:17.314 I/Gecko   (   83): 1398495017316	Marionette	INFO	sendToClient: {"from":"0","ok":true}, {194ccbb3-5a21-408f-bf40-a2ab939908d1}, {194ccbb3-5a21-408f-bf40-a2ab939908d1}
04-25 23:50:17.434 I/Gecko   (   83): 1398495017439	Marionette	INFO	sendToClient: {"from":"0","value":{"ELEMENT":"{48b0e7a6-9493-4671-a528-0811b35b17dc}"}}, {dd5b02eb-ba57-4cee-883d-841680b2bdbf}, {dd5b02eb-ba57-4cee-883d-841680b2bdbf}
04-25 23:50:17.714 E/GeckoConsole( 2371): [JavaScript Warning: "Use of getAttributeNode() is deprecated. Use getAttribute() instead." {file: "chrome://marionette/content/atoms.js" line: 25}]
04-25 23:50:17.724 E/GeckoConsole( 2371): [JavaScript Warning: "Use of attributes' specified attribute is deprecated. It always returns true." {file: "chrome://marionette/content/atoms.js" line: 25}]
04-25 23:50:17.724 I/Gecko   (   83): 1398495017728	Marionette	INFO	sendToClient: {"from":"0","value":"normal"}, {1fa58fff-6621-4625-be8c-9c26b55f9c6c}, {1fa58fff-6621-4625-be8c-9c26b55f9c6c}
04-25 23:50:17.734 I/Gecko   (   83): 1398495017737	Marionette	DEBUG	Got request: switchToFrame, data: {"to":"0","sessionId":"3-b2g","name":"switchToFrame","parameters":{"id":null,"focus":true}}, id: {bb5e397b-1bc9-4557-97bd-e48bb4dcae11}
04-25 23:50:17.754 I/Gecko   (   83): 1398495017764	Marionette	INFO	Switched to frame: {"frameValue":null}
04-25 23:50:17.854 I/Gecko   (   83): 1398495017866	Marionette	INFO	sendToClient: {"from":"0","ok":true}, {bb5e397b-1bc9-4557-97bd-e48bb4dcae11}, {bb5e397b-1bc9-4557-97bd-e48bb4dcae11}
04-25 23:50:17.864 I/Gecko   (   83): 1398495017873	Marionette	DEBUG	Got request: execute, data: {"to":"0","sessionId":"3-b2g","name":"executeScript","parameters":{"specialPowers":false,"scriptTimeout":null,"newSandbox":true,"args":[],"filename":"gaia_test.py","script":"window.wrappedJSObject.dispatchEvent(new Event('home'));","line":788}}, id: {71819335-feec-4dee-bbbd-f770f75088d1}
04-25 23:50:18.004 I/Gecko   (   83): 1398495018009	Marionette	INFO	sendToClient: {"from":"0","value":null}, {71819335-feec-4dee-bbbd-f770f75088d1}, {71819335-feec-4dee-bbbd-f770f75088d1}
04-25 23:50:18.034 I/Gecko   (   83): 1398495018040	Marionette	DEBUG	Got request: switchToFrame, data: {"to":"0","sessionId":"3-b2g","name":"switchToFrame","parameters":{"id":null,"focus":true}}, id: {d80ef6e4-d5e1-43e4-8b4a-fd4d3cac5c74}
04-25 23:50:18.034 I/Gecko   (   83): 1398495018042	Marionette	INFO	Switched to frame: {"frameValue":null}
04-25 23:50:18.134 I/Gecko   (   83): 1398495018145	Marionette	INFO	sendToClient: {"from":"0","ok":true}, {d80ef6e4-d5e1-43e4-8b4a-fd4d3cac5c74}, {d80ef6e4-d5e1-43e4-8b4a-fd4d3cac5c74}
04-25 23:50:18.144 I/Gecko   (   83): 1398495018151	Marionette	DEBUG	Got request: switchToFrame, data: {"to":"0","sessionId":"3-b2g","name":"switchToFrame","parameters":{"id":null,"focus":true}}, id: {47d96714-ca2f-4ea7-b30a-f7c0c0f16c40}
04-25 23:50:18.144 I/Gecko   (   83): 1398495018153	Marionette	INFO	Switched to frame: {"frameValue":null}
04-25 23:50:18.464 I/Gecko   (   83): 1398495018469	Marionette	INFO	sendToClient: {"from":"0","ok":true}, {47d96714-ca2f-4ea7-b30a-f7c0c0f16c40}, {47d96714-ca2f-4ea7-b30a-f7c0c0f16c40}
04-25 23:50:18.474 I/Gecko   (   83): 1398495018485	Marionette	DEBUG	Got request: executeWithCallback, data: {"to":"0","sessionId":"3-b2g","name":"executeAsyncScript","parameters":{"specialPowers":false,"scriptTimeout":null,"newSandbox":true,"args":[],"filename":"gaia_test.py","script":"return GaiaApps.displayedApp();","line":66}}, id: {baa896b4-78da-4d9e-b5d6-76ae74af28ac}
04-25 23:50:18.674 I/Gecko   (   83): 1398495018678	Marionette	INFO	sendToClient: {"from":"0","value":{"frame":{"ELEMENT":"{c5b0fc67-348f-48e1-a663-13ab8a66287f}"},"src":"app://homescreen.gaiamobile.org/index.html#rootFri%20Apr%2025%202014%2023:50:17%20GMT-0700%20(UTC)","name":"Homescreen","origin":"app://homescreen.gaiamobile.org"}}, {baa896b4-78da-4d9e-b5d6-76ae74af28ac}, {baa896b4-78da-4d9e-b5d6-76ae74af28ac}
04-25 23:50:18.684 E/GeckoConsole(   83): Content JS LOG at dummy file:392 in GaiaApps.displayedApp: app with origin 'app://homescreen.gaiamobile.org' is displayed
04-25 23:50:18.704 I/Gecko   (   83): 1398495018715	Marionette	DEBUG	Got request: switchToFrame, data: {"to":"0","sessionId":"3-b2g","name":"switchToFrame","parameters":{"focus":true,"element":"{c5b0fc67-348f-48e1-a663-13ab8a66287f}"}}, id: {0a9f82a9-ee88-45ab-9158-16989f965da4}
04-25 23:50:18.714 I/Gecko   (   83): 1398495018723	Marionette	INFO	Switched to frame: {"frameValue":"{c5b0fc67-348f-48e1-a663-13ab8a66287f}"}
04-25 23:50:18.724 I/Gecko   (   83): 1398495018728	Marionette	INFO	trying remote frame 0
04-25 23:50:18.724 I/Gecko   (   83): 1398495018731	Marionette	INFO	trying remote frame 1
04-25 23:50:18.724 I/Gecko   (   83): 1398495018731	Marionette	INFO	trying remote frame 2
04-25 23:50:18.724 I/Gecko   (   83): 1398495018735	Marionette	INFO	trying remote frame 3
04-25 23:50:18.724 I/Gecko   (   83): 1398495018736	Marionette	INFO	trying remote frame 4
04-25 23:50:18.734 I/Gecko   (   83): 1398495018737	Marionette	INFO	trying remote frame 5
04-25 23:50:19.414 V/AudioPolicyManagerBase(   88): startOutput() output 1, stream 1, session 8
04-25 23:50:19.414 V/AudioPolicyManagerBase(   88): changeRefCount() stream 1, count 1
04-25 23:50:19.414 V/AudioPolicyManagerBase(   88): getDeviceForStrategy() from cache strategy 0, device 2
04-25 23:50:19.414 V/AudioPolicyManagerBase(   88): getNewDevice() selected device 2
04-25 23:50:19.414 D/AudioPolicyManagerBase(   88): setOutputDevice() output 1 device 2 delayMs 0
04-25 23:50:19.414 V/AudioPolicyManagerBase(   88): setOutputDevice() setting same device 2 or null device for output 1
04-25 23:50:19.414 E/AudioPolicyManagerBase(   88): checkAndSetVolume stream=1, index=0, output=1, device=2
04-25 23:50:19.414 E/AudioPolicyManagerBase(   88): computeVolume, streamDesc=0xaa0bb8
04-25 23:50:19.444 W/AudioFlinger(   88): Thread AudioOut_1 cannot connect to the power manager service
04-25 23:50:19.444 V/AudioPolicyManagerBase(   88): stopOutput() output 1, stream 1, session 8
04-25 23:50:19.444 V/AudioPolicyManagerBase(   88): changeRefCount() stream 1, count 0
04-25 23:50:19.444 V/AudioPolicyManagerBase(   88): getNewDevice() selected device 0
04-25 23:50:19.444 D/AudioPolicyManagerBase(   88): setOutputDevice() output 1 device 0 delayMs 290
04-25 23:50:19.444 V/AudioPolicyManagerBase(   88): setOutputDevice() setting same device 0 or null device for output 1
04-25 23:50:19.444 V/AudioPolicyManagerBase(   88): releaseOutput() 1
04-25 23:50:19.474 W/WifiHW  (   83): wifi_command: SIGNAL_POLL
04-25 23:50:19.974 I/Gecko   (   83): 1398495019983	Marionette	INFO	sendToClient: {"from":"0","ok":true}, {0a9f82a9-ee88-45ab-9158-16989f965da4}, {0a9f82a9-ee88-45ab-9158-16989f965da4}
04-25 23:50:19.984 I/Gecko   (   83): 1398495019992	Marionette	DEBUG	Got request: execute, data: {"to":"0","sessionId":"3-b2g","name":"executeScript","parameters":{"specialPowers":false,"scriptTimeout":null,"newSandbox":true,"args":[],"filename":"gaia_test.py","script":"return window.wrappedJSObject.GridManager.pageHelper.getCurrentPageNumber();","line":784}}, id: {f2a710e1-596d-4e39-82bc-6cb1536ce574}
04-25 23:50:20.174 E/GeckoConsole( 2371): Content JS WARN at app://homescreen.gaiamobile.org/gaia_build_defer_index.js:184 in isHiddenApp: Unexpected role when checking hidden app: undefined
04-25 23:50:20.174 E/GeckoConsole( 2371): Content JS WARN at app://homescreen.gaiamobile.org/gaia_build_defer_index.js:184 in isHiddenApp: Unexpected role when checking hidden app: undefined
04-25 23:50:20.174 E/GeckoConsole( 2371): Content JS WARN at app://homescreen.gaiamobile.org/gaia_build_defer_index.js:184 in isHiddenApp: Unexpected role when checking hidden app: undefined
04-25 23:50:20.174 E/GeckoConsole( 2371): Content JS WARN at app://homescreen.gaiamobile.org/gaia_build_defer_index.js:184 in isHiddenApp: Unexpected role when checking hidden app: undefined
04-25 23:50:20.174 E/GeckoConsole( 2371): Content JS WARN at app://homescreen.gaiamobile.org/gaia_build_defer_index.js:184 in isHiddenApp: Unexpected role when checking hidden app: undefined
04-25 23:50:20.174 E/GeckoConsole( 2371): Content JS WARN at app://homescreen.gaiamobile.org/gaia_build_defer_index.js:184 in isHiddenApp: Unexpected role when checking hidden app: undefined
04-25 23:50:20.174 E/GeckoConsole( 2371): Content JS WARN at app://homescreen.gaiamobile.org/gaia_build_defer_index.js:184 in isHiddenApp: Unexpected role when checking hidden app: undefined
04-25 23:50:20.174 E/GeckoConsole( 2371): Content JS WARN at app://homescreen.gaiamobile.org/gaia_build_defer_index.js:184 in isHiddenApp: Unexpected role when checking hidden app: undefined
04-25 23:50:20.174 E/GeckoConsole( 2371): Content JS WARN at app://homescreen.gaiamobile.org/gaia_build_defer_index.js:184 in isHiddenApp: Unexpected role when checking hidden app: undefined
04-25 23:50:20.174 E/GeckoConsole( 2371): Content JS WARN at app://homescreen.gaiamobile.org/gaia_build_defer_index.js:184 in isHiddenApp: Unexpected role when checking hidden app: undefined
04-25 23:50:20.174 E/GeckoConsole( 2371): Content JS WARN at app://homescreen.gaiamobile.org/gaia_build_defer_index.js:184 in isHiddenApp: Unexpected role when checking hidden app: undefined
04-25 23:50:20.184 E/GeckoConsole( 2371): Content JS WARN at app://homescreen.gaiamobile.org/gaia_build_defer_index.js:184 in isHiddenApp: Unexpected role when checking hidden app: undefined
04-25 23:50:20.184 E/GeckoConsole( 2371): Content JS WARN at app://homescreen.gaiamobile.org/gaia_build_defer_index.js:184 in isHiddenApp: Unexpected role when checking hidden app: undefined
04-25 23:50:20.184 E/GeckoConsole( 2371): Content JS WARN at app://homescreen.gaiamobile.org/gaia_build_defer_index.js:184 in isHiddenApp: Unexpected role when checking hidden app: undefined
04-25 23:50:20.184 E/GeckoConsole( 2371): Content JS WARN at app://homescreen.gaiamobile.org/gaia_build_defer_index.js:184 in isHiddenApp: Unexpected role when checking hidden app: undefined
04-25 23:50:20.184 E/GeckoConsole( 2371): Content JS WARN at app://homescreen.gaiamobile.org/gaia_build_defer_index.js:184 in isHiddenApp: Unexpected role when checking hidden app: undefined
04-25 23:50:20.184 E/GeckoConsole( 2371): Content JS WARN at app://homescreen.gaiamobile.org/gaia_build_defer_index.js:184 in isHiddenApp: Unexpected role when checking hidden app: undefined
04-25 23:50:20.184 E/GeckoConsole( 2371): Content JS WARN at app://homescreen.gaiamobile.org/gaia_build_defer_index.js:184 in isHiddenApp: Unexpected role when checking hidden app: undefined
04-25 23:50:20.184 E/GeckoConsole( 2371): Content JS WARN at app://homescreen.gaiamobile.org/gaia_build_defer_index.js:184 in isHiddenApp: Unexpected role when checking hidden app: undefined
04-25 23:50:20.334 I/Gecko   (   83): 1398495020344	Marionette	INFO	sendToClient: {"from":"0","value":0}, {f2a710e1-596d-4e39-82bc-6cb1536ce574}, {f2a710e1-596d-4e39-82bc-6cb1536ce574}
04-25 23:50:20.554 I/Gecko   (   83): 1398495020564	Marionette	INFO	sendToClient: {"from":"0","value":["{88eb9bfd-952b-4185-991a-2c28d57a6667}","{c7a998d5-0a96-4daf-96d9-c7c158706ea2}","{be871e8e-6051-4c69-9253-b91464a9a782}","{9beafa21-1e56-4576-b415-5c257bde373f}","{406c62da-9970-42e9-a1e8-fcc7145e98f7}","{dc9231d2-96ee-45dd-bcc6-10db1bd36686}","{95b8a7a2-0523-4b4e-b85a-2b0ca2a89fa1}","{ad692f0a-71d0-4b41-a9b8-3caaf3f13f30}","{8fd0c01e-4fd8-42e6-85b5-a3c3dfbda2db}","{07c46bad-6d32-4702-8ed4-9422620b9cab}","{b8a54792-c949-477b-b941-c514b1dfb71b}","{3c69396f-a7c6-4760-8189-6ee85b7ea763}","{42e01df5-4c77-4819-b386-c51cfc666819}","{a0114823-4627-4b60-9aaa-36bc6fe68bbc}","{3cb8bc01-ad3a-4201-ada4-0ad8baaa8d4a}","{389b26cd-a6e9-4873-9e6c-bf3b19ca7e2c}","{2f49bc82-697a-486f-a03f-d0ffaf2f0f85}","{1a73e74c-f07d-4151-a33d-85f555b81f2e}","{b40d2017-426e-4aed-94a5-82abccbd50ed}","{22a4c27f-07f8-4c27-81c0-6f2f30faa7e7}","{7b66004a-f2f1-47b1-9d48-779a8145df5f}","{c1232bc9-d918-4983-bc68-6cbb11a4f6c9}","{8d478ee0-5847-4800-9a9b-4d62352754ce}"]}, {4139201e-e3
04-25 23:50:20.634 I/Gecko   (   83): 1398495020642	Marionette	INFO	sendToClient: {"from":"0","value":"app://homescreen.gaiamobile.org/index.html#rootFri%20Apr%2025%202014%2023:50:17%20GMT-0700%20(UTC)"}, {f3134088-8718-44f3-91b5-7d2a0b9663f6}, {f3134088-8718-44f3-91b5-7d2a0b9663f6}
04-25 23:50:20.664 I/Gecko   (   83): 1398495020667	Marionette	DEBUG	Got request: switchToFrame, data: {"to":"0","sessionId":"3-b2g","name":"switchToFrame","parameters":{"id":null,"focus":true}}, id: {e8cff597-5b0d-4eca-8258-564bf13730ec}
04-25 23:50:20.694 I/Gecko   (   83): 1398495020703	Marionette	INFO	Switched to frame: {"frameValue":null}
04-25 23:50:20.804 I/Gecko   (   83): 1398495020806	Marionette	INFO	sendToClient: {"from":"0","ok":true}, {e8cff597-5b0d-4eca-8258-564bf13730ec}, {e8cff597-5b0d-4eca-8258-564bf13730ec}
04-25 23:50:20.804 I/Gecko   (   83): 1398495020812	Marionette	DEBUG	Got request: switchToFrame, data: {"to":"0","sessionId":"3-b2g","name":"switchToFrame","parameters":{"id":null,"focus":true}}, id: {448efa6d-fda6-4804-8b18-78353f692071}
04-25 23:50:20.804 I/Gecko   (   83): 1398495020814	Marionette	INFO	Switched to frame: {"frameValue":null}
04-25 23:50:20.914 I/Gecko   (   83): 1398495020917	Marionette	INFO	sendToClient: {"from":"0","ok":true}, {448efa6d-fda6-4804-8b18-78353f692071}, {448efa6d-fda6-4804-8b18-78353f692071}
04-25 23:50:20.924 I/Gecko   (   83): 1398495020935	Marionette	DEBUG	Got request: executeWithCallback, data: {"to":"0","sessionId":"3-b2g","name":"executeAsyncScript","parameters":{"specialPowers":false,"scriptTimeout":30000,"newSandbox":true,"args":[],"filename":"app_checker.py","script":"GaiaApps.launchWithManifestURL('https://marketplace.firefox.com/app/c6dc6079-f492-43c8-bb5f-2c2941103686/manifest.webapp')","line":106}}, id: {37210c59-19c6-4df8-8f04-c73c073025cf}
04-25 23:50:21.034 I/Gonk    (   83): Setting nice for pid 2387 to 18
04-25 23:50:21.034 I/Gonk    (   83): Changed nice for pid 2387 from 18 to 18.
04-25 23:50:21.034 I/Gecko   (   83): [Parent 83] WARNING: waitpid failed pid:2387 errno:10: file ../../../gecko/ipc/chromium/src/base/process_util_posix.cc, line 254
04-25 23:50:21.054 I/Gonk    (   83): Setting nice for pid 2387 to 1
04-25 23:50:21.054 I/Gonk    (   83): Changed nice for pid 2387 from 18 to 1.
04-25 23:50:21.264 E/GeckoConsole(   83): Content JS LOG at dummy file:334 in GaiaApps.launch: launching app with name 'Metro-3'
04-25 23:50:21.454 E/[Gralloc-ERROR](   83): int gralloc_register_buffer(const gralloc_module_t*, const native_handle_t*):79 Unable to register handle 0x48ab2ce0 coming from different process: 83
04-25 23:50:21.464 E/[Gralloc-ERROR](   83): int gralloc_register_buffer(const gralloc_module_t*, const native_handle_t*):79 Unable to register handle 0x48ad0150 coming from different process: 83
04-25 23:50:21.484 D/Sensors (   83): activate handle=0; drv=0
04-25 23:50:21.494 D/Sensors (   83): Lis3dhSensor: Control set 1
04-25 23:50:21.494 D/Sensors (   83): Lis3dhSensor: mEnabled = 1
04-25 23:50:21.714 I/Gonk    (   83): Setting nice for pid 2371 to 18
04-25 23:50:21.714 I/Gonk    (   83): Changed nice for pid 2371 from 1 to 18.
04-25 23:50:21.914 I/Gonk    (   83): Setting nice for pid 2429 to 18
04-25 23:50:21.914 I/Gonk    (   83): Changed nice for pid 2429 from 0 to 18.
04-25 23:50:23.484 I/Gecko   (   83): 
04-25 23:50:23.484 I/Gecko   (   83): ###!!! [Parent][MessageChannel] Error: Channel error: cannot send/recv
04-25 23:50:23.484 I/Gecko   (   83): 
04-25 23:50:23.534 I/Gecko   ( 2387): ###################################### forms.js loaded
04-25 23:50:23.564 I/Gecko   (   83): [Parent 83] WARNING: waitpid failed pid:2371 errno:10: file ../../../gecko/ipc/chromium/src/base/process_util_posix.cc, line 254
04-25 23:50:23.594 I/Gecko   ( 2387): ############################### browserElementPanning.js loaded
04-25 23:50:23.634 I/Gecko   ( 2387): ######################## BrowserElementChildPreload.js loaded
04-25 23:50:24.634 W/WifiHW  (   83): wifi_command: SIGNAL_POLL
04-25 23:50:24.914 I/Gecko   ( 2387): Attempting load of libEGL.so
04-25 23:50:25.004 D/libEGL  ( 2387): loaded /system/lib/egl/libEGL_mali.so
04-25 23:50:25.034 D/libEGL  ( 2387): loaded /system/lib/egl/libGLESv1_CM_mali.so
04-25 23:50:25.034 D/libEGL  ( 2387): loaded /system/lib/egl/libGLESv2_mali.so
04-25 23:50:25.084 I/Gecko   ( 2387): SharedSurface_Gralloc::Create -------
04-25 23:50:25.094 I/Gecko   ( 2387): SharedSurface_Gralloc::Create: success -- surface 0x43ff8100, GraphicBuffer 0x436cce00.
04-25 23:50:25.204 E/GeckoConsole( 2387): [JavaScript Error: "The character encoding of the HTML document was not declared. The document will render with garbled text in some browser configurations if the document contains characters from outside the US-ASCII range. The character encoding of the page must be declared in the document or in the transfer protocol." {file: "app://{f72a0ce0-7ed1-41f5-814f-dccedd6cfa28}/implementations/Crafty/index.html" line: 0}]
04-25 23:50:25.404 I/Gonk    (   83): Setting nice for pid 2429 to 18
04-25 23:50:25.404 I/Gonk    (   83): Changed nice for pid 2429 from 18 to 18.
04-25 23:50:25.404 I/Gecko   (   83): [Parent 83] WARNING: waitpid failed pid:2429 errno:10: file ../../../gecko/ipc/chromium/src/base/process_util_posix.cc, line 254
04-25 23:50:25.404 I/Gonk    (   83): Setting nice for pid 2429 to 1
04-25 23:50:25.404 I/Gonk    (   83): Changed nice for pid 2429 from 18 to 1.
04-25 23:50:25.424 I/Gonk    (   83): Setting nice for pid 2429 to 18
04-25 23:50:25.424 I/Gonk    (   83): Changed nice for pid 2429 from 1 to 18.
04-25 23:50:25.564 I/Gecko   (   83): [Parent 83] WARNING: waitpid failed pid:2371 errno:10: file ../../../gecko/ipc/chromium/src/base/process_util_posix.cc, line 254
04-25 23:50:25.564 I/Gecko   (   83): [Parent 83] WARNING: Failed to deliver SIGKILL to 2371!(3).: file ../../../gecko/ipc/chromium/src/chrome/common/process_watcher_posix_sigchld.cc, line 118
04-25 23:50:25.854 E/[Gralloc-ERROR](   83): int gralloc_unregister_buffer(const gralloc_module_t*, const native_handle_t*):274 Trying to unregister buffer 0x48ab2ce0 from process 83 that was not created in current process: 83
04-25 23:50:25.874 E/GeckoConsole(   83): Content JS LOG at dummy file:326 in GaiaApps.launch/appOpen/<: app with origin 'app://{f72a0ce0-7ed1-41f5-814f-dccedd6cfa28}' has launched
04-25 23:50:25.874 I/Gecko   (   83): 1398495025881	Marionette	INFO	sendToClient: {"from":"0","value":{"frame":{"ELEMENT":"{e491a54b-c712-48cf-953e-4412356d5918}"},"src":"app://{f72a0ce0-7ed1-41f5-814f-dccedd6cfa28}/implementations/Crafty/index.html","name":"Metro-3","origin":"app://{f72a0ce0-7ed1-41f5-814f-dccedd6cfa28}"}}, {37210c59-19c6-4df8-8f04-c73c073025cf}, {37210c59-19c6-4df8-8f04-c73c073025cf}
04-25 23:50:25.874 E/[Gralloc-ERROR](   83): int gralloc_unregister_buffer(const gralloc_module_t*, const native_handle_t*):274 Trying to unregister buffer 0x48ad0150 from process 83 that was not created in current process: 83
04-25 23:50:25.894 I/Gecko   (   83): 1398495025905	Marionette	DEBUG	Got request: switchToFrame, data: {"to":"0","sessionId":"3-b2g","name":"switchToFrame","parameters":{"focus":true,"element":"{e491a54b-c712-48cf-953e-4412356d5918}"}}, id: {517ed551-cbd7-4045-a8c6-76e1a01ab2d1}
04-25 23:50:25.914 I/Gecko   (   83): [Parent 83] WARNING: pipe error (176): Connection reset by peer: file ../../../gecko/ipc/chromium/src/chrome/common/ipc_channel_posix.cc, line 446
04-25 23:50:25.934 I/Gecko   (   83): 1398495025945	Marionette	INFO	Switched to frame: {"frameValue":"{e491a54b-c712-48cf-953e-4412356d5918}"}
04-25 23:50:25.944 I/Gecko   (   83): 
04-25 23:50:25.944 I/Gecko   (   83): ###!!! [Parent][MessageChannel] Error: Channel error: cannot send/recv
04-25 23:50:25.944 I/Gecko   (   83): 
04-25 23:50:25.984 I/Gecko   (   83): 1398495025992	Marionette	INFO	trying remote frame 0
04-25 23:50:25.984 I/Gecko   (   83): 1398495025993	Marionette	INFO	trying remote frame 1
04-25 23:50:25.984 I/Gecko   (   83): 1398495025994	Marionette	INFO	trying remote frame 2
04-25 23:50:25.984 I/Gecko   (   83): 1398495025995	Marionette	INFO	trying remote frame 3
04-25 23:50:25.984 I/Gecko   (   83): 1398495025996	Marionette	INFO	trying remote frame 4
04-25 23:50:25.994 I/Gecko   (   83): 1398495025997	Marionette	INFO	trying remote frame 5
04-25 23:50:25.994 I/Gecko   (   83): 1398495025997	Marionette	INFO	deleting frame
04-25 23:50:25.994 I/Gecko   (   83): 1398495026003	Marionette	INFO	frame-manager load script: [object ChromeMessageSender]
04-25 23:50:26.014 I/Gecko   (   83): [Parent 83] WARNING: waitpid failed pid:2429 errno:10: file ../../../gecko/ipc/chromium/src/base/process_util_posix.cc, line 254
04-25 23:50:26.474 E/GeckoConsole( 2387): [JavaScript Warning: "Expected color but found 'undefined'.  Error in parsing value for 'color'.  Declaration dropped." {file: "app://{f72a0ce0-7ed1-41f5-814f-dccedd6cfa28}/implementations/Crafty/index.html" line: 0 column: 0 source: "undefined"}]
04-25 23:50:26.474 E/GeckoConsole( 2387): [JavaScript Warning: "Error in parsing value for 'font'.  Declaration dropped." {file: "app://{f72a0ce0-7ed1-41f5-814f-dccedd6cfa28}/implementations/Crafty/index.html" line: 0 column: 3 source: "   "}]
04-25 23:50:26.474 E/GeckoConsole( 2387): [JavaScript Warning: "Expected color but found 'undefined'.  Error in parsing value for 'color'.  Declaration dropped." {file: "app://{f72a0ce0-7ed1-41f5-814f-dccedd6cfa28}/implementations/Crafty/index.html" line: 0 column: 0 source: "undefined"}]
04-25 23:50:26.474 E/GeckoConsole( 2387): [JavaScript Warning: "Error in parsing value for 'font'.  Declaration dropped." {file: "app://{f72a0ce0-7ed1-41f5-814f-dccedd6cfa28}/implementations/Crafty/index.html" line: 0 column: 3 source: "   "}]
04-25 23:50:26.484 E/GeckoConsole( 2387): [JavaScript Warning: "Expected color but found 'undefined'.  Error in parsing value for 'color'.  Declaration dropped." {file: "app://{f72a0ce0-7ed1-41f5-814f-dccedd6cfa28}/implementations/Crafty/index.html" line: 0 column: 0 source: "undefined"}]
04-25 23:50:26.484 E/GeckoConsole( 2387): [JavaScript Warning: "Error in parsing value for 'font'.  Declaration dropped." {file: "app://{f72a0ce0-7ed1-41f5-814f-dccedd6cfa28}/implementations/Crafty/index.html" line: 0 column: 3 source: "   "}]
04-25 23:50:28.014 I/Gecko   (   83): [Parent 83] WARNING: waitpid failed pid:2429 errno:10: file ../../../gecko/ipc/chromium/src/base/process_util_posix.cc, line 254
04-25 23:50:28.014 I/Gecko   (   83): [Parent 83] WARNING: Failed to deliver SIGKILL to 2429!(3).: file ../../../gecko/ipc/chromium/src/chrome/common/process_watcher_posix_sigchld.cc, line 118
04-25 23:50:28.824 I/Gecko   (   83): 1398495028834	Marionette	INFO	sendToClient: {"from":"0","ok":true}, {517ed551-cbd7-4045-a8c6-76e1a01ab2d1}, {517ed551-cbd7-4045-a8c6-76e1a01ab2d1}
04-25 23:50:28.884 I/Gecko   (   83): 1398495028894	Marionette	INFO	sendToClient: {"from":"0","value":"app://{f72a0ce0-7ed1-41f5-814f-dccedd6cfa28}/implementations/Crafty/index.html"}, {16cdcd16-f196-453d-a13d-b1c038de427b}, {16cdcd16-f196-453d-a13d-b1c038de427b}
04-25 23:50:28.894 I/Gecko   (   83): 1398495028901	Marionette	DEBUG	Got request: execute, data: {"to":"0","sessionId":"3-b2g","name":"executeScript","parameters":{"specialPowers":false,"scriptTimeout":null,"newSandbox":true,"args":[],"filename":"app_checker.py","script":"return window.document.readyState;","line":191}}, id: {18da3e93-a86d-428c-9253-f055cfa6a6ad}
04-25 23:50:29.034 I/Gecko   (   83): 1398495029043	Marionette	INFO	sendToClient: {"from":"0","value":"complete"}, {18da3e93-a86d-428c-9253-f055cfa6a6ad}, {18da3e93-a86d-428c-9253-f055cfa6a6ad}
04-25 23:50:29.064 I/Gecko   (   83): 1398495029068	Marionette	INFO	sendToClient: {"from":"0","value":"app://{f72a0ce0-7ed1-41f5-814f-dccedd6cfa28}/implementations/Crafty/index.html"}, {7f9090b9-6a29-48ed-8f5d-d729401b14c3}, {7f9090b9-6a29-48ed-8f5d-d729401b14c3}
04-25 23:50:29.114 I/Gecko   ( 2387): SharedSurface_Gralloc::Create -------
04-25 23:50:29.154 I/Gecko   ( 2387): SharedSurface_Gralloc::Create: success -- surface 0x44b1e0c0, GraphicBuffer 0x44d34680.
04-25 23:50:29.684 W/WifiHW  (   83): wifi_command: SIGNAL_POLL
04-25 23:50:30.264 I/Gecko   (   83): 1398495030260	Marionette	INFO	sendToClient: {"from":"0","value":"iVBORw0KGgoAAAANSUhEUgAAAUAAAAHgCAYAAADUjLREAAAgAElEQVR4nOy9Z1xc553+PWqWkthpTtaS4yY7TrxJHCeSJVuyhIDphSbUEE1iqKIzdIYZpjCFLprovXdEFSBULMlxYqdsEpPdFCfZXads/nHiZPd5eT0v8Lk1AzNMhZnB58X1sQzncO5yne+56+9mMJYZoEWLFq1PpFyeAFq0aNFylVyeAFq0aNFylVyeAFq0aNFylVyeAFq0aNFylVyeABv1SBUDjDkG9tS7Pi3O0q5uBnYOM/BIpevT4jQtMLCnjoHdXQzsHHWD9DhJ29J//dvXf7t6LfjPbEXfeAQHBg5YVu8BPNl9AE92HsCBfiuud4KeLtn8ZzzZ9jBvW5Gnp6oP4EDPJufp4zp6sm1r8vRkxwF8pWGTn9N7AE92bWP/dW1Nnrat/+oPYO/cXtsBeGDgAJKTk5Geno7s7Gzk5OTQcrJSU1ORnp7u8nQ4U+np6UhNTXV5OpyprKwspKamIjMz0+VpcaY+Cf5LSUnBs13P2gfAnJwcaDQa6PV6lJSUuFxKpRI6nc6hvyGXy4k0Go1L81NcXEzSoFQqIZfL7S4XKk8KhcKledJoNCguLkZJSQm0Wq3d5UzdS8mVedLpdCguLibec6Scaf9trf8kEoljAHRlZkwZ0VEY63Q6IncBu2G6HM2Tox8IZ0qv19tdztS97pYnZ9YV7b/NlV6vR25urv0ATE1NJTSlRYsWLU9TXl6e7QDcMcHAgd4DSE9PN2qmq9VqSCQSWrRo0XJLqVQqxwG4u4uBp2rWd4ElEgmOHDmCY8eO0aJFi5Zb6ciRI0hJSXEcgIwlBp5sMw3AY8eOwdfXlxYtWrTcSsePH3cSAM1MgjgbgGw2G3w+3+UFR4sWLc+X2wHQ388PLBbL7O85HA6EAoHLC44WLVqeLxqAbiYejwcOm+3ydD
04-25 23:50:30.544 I/Gecko   (   83): 1398495030551	Marionette	INFO	sendToClient: {"from":"0","ok":true}, {65d7a0a9-d27f-4423-9113-10c6f684b643}, {65d7a0a9-d27f-4423-9113-10c6f684b643}
04-25 23:50:30.964 I/Gonk    (   83): Setting nice for pid 2451 to 18
04-25 23:50:30.974 I/Gonk    (   83): Changed nice for pid 2451 from 0 to 18.
04-25 23:50:30.994 I/Gecko   (   83): 1398495030998	Marionette	DEBUG	Got request: switchToFrame, data: {"to":"0","sessionId":"3-b2g","name":"switchToFrame","parameters":{"id":null,"focus":true}}, id: {0b486c3a-e026-4147-be32-7381af41af94}
04-25 23:50:31.044 I/Gecko   (   83): 1398495031056	Marionette	INFO	Switched to frame: {"frameValue":null}
04-25 23:50:31.184 I/Gecko   (   83): 1398495031186	Marionette	INFO	sendToClient: {"from":"0","ok":true}, {0b486c3a-e026-4147-be32-7381af41af94}, {0b486c3a-e026-4147-be32-7381af41af94}
04-25 23:50:31.184 I/Gecko   (   83): 1398495031194	Marionette	DEBUG	Got request: executeWithCallback, data: {"to":"0","sessionId":"3-b2g","name":"executeAsyncScript","parameters":{"specialPowers":false,"scriptTimeout":null,"newSandbox":true,"args":[],"filename":"gaia_test.py","script":"return GaiaApps.displayedApp();","line":66}}, id: {8928d674-3ec8-4d8a-a809-283c06f1e214}
04-25 23:50:31.494 E/GeckoConsole(   83): Content JS LOG at dummy file:392 in GaiaApps.displayedApp: app with origin 'app://{f72a0ce0-7ed1-41f5-814f-dccedd6cfa28}' is displayed
04-25 23:50:31.494 I/Gecko   (   83): 1398495031499	Marionette	INFO	sendToClient: {"from":"0","value":{"frame":{"ELEMENT":"{e491a54b-c712-48cf-953e-4412356d5918}"},"src":"app://{f72a0ce0-7ed1-41f5-814f-dccedd6cfa28}/implementations/Crafty/index.html","name":"Metro-3","origin":"app://{f72a0ce0-7ed1-41f5-814f-dccedd6cfa28}"}}, {8928d674-3ec8-4d8a-a809-283c06f1e214}, {8928d674-3ec8-4d8a-a809-283c06f1e214}
04-25 23:50:31.514 I/Gecko   (   83): 1398495031523	Marionette	DEBUG	Got request: switchToFrame, data: {"to":"0","sessionId":"3-b2g","name":"switchToFrame","parameters":{"id":null,"focus":true}}, id: {4ba78daf-cb15-4519-92ec-98417af86b69}
04-25 23:50:31.514 I/Gecko   (   83): 1398495031525	Marionette	INFO	Switched to frame: {"frameValue":null}
04-25 23:50:31.634 I/Gecko   (   83): 1398495031645	Marionette	INFO	sendToClient: {"from":"0","ok":true}, {4ba78daf-cb15-4519-92ec-98417af86b69}, {4ba78daf-cb15-4519-92ec-98417af86b69}
04-25 23:50:31.644 I/Gecko   (   83): 1398495031655	Marionette	DEBUG	Got request: execute, data: {"to":"0","sessionId":"3-b2g","name":"executeScript","parameters":{"specialPowers":false,"scriptTimeout":null,"newSandbox":true,"args":[],"filename":"gaia_test.py","script":"window.wrappedJSObject.dispatchEvent(new Event('home'));","line":788}}, id: {29f6b6a3-fb76-4eab-b1bb-997cfa614b2e}
04-25 23:50:32.004 I/Gonk    (   83): Setting nice for pid 2451 to 18
04-25 23:50:32.004 I/Gonk    (   83): Changed nice for pid 2451 from 18 to 18.
04-25 23:50:32.004 I/Gecko   (   83): [Parent 83] WARNING: waitpid failed pid:2451 errno:10: file ../../../gecko/ipc/chromium/src/base/process_util_posix.cc, line 254
04-25 23:50:32.024 I/Gonk    (   83): Setting nice for pid 2451 to 1
04-25 23:50:32.024 I/Gonk    (   83): Changed nice for pid 2451 from 18 to 1.
04-25 23:50:32.114 D/Sensors (   83): activate handle=0; drv=0
04-25 23:50:32.114 D/Sensors (   83): Lis3dhSensor: Control set 0
04-25 23:50:32.114 D/Sensors (   83): Lis3dhSensor: mEnabled = 0
04-25 23:50:33.824 I/Gecko   (   83): 1398495033827	Marionette	INFO	sendToClient: {"from":"0","value":null}, {29f6b6a3-fb76-4eab-b1bb-997cfa614b2e}, {29f6b6a3-fb76-4eab-b1bb-997cfa614b2e}
04-25 23:50:33.904 E/[Gralloc-ERROR](   83): int gralloc_register_buffer(const gralloc_module_t*, const native_handle_t*):79 Unable to register handle 0x44cc6060 coming from different process: 83
04-25 23:50:33.904 E/[Gralloc-ERROR](   83): int gralloc_register_buffer(const gralloc_module_t*, const native_handle_t*):79 Unable to register handle 0x44cc6100 coming from different process: 83
04-25 23:50:37.324 W/WifiHW  (   83): wifi_command: SIGNAL_POLL
04-25 23:50:38.004 I/Gonk    (   83): Setting nice for pid 2461 to 18
04-25 23:50:38.004 I/Gonk    (   83): Changed nice for pid 2461 from 0 to 18.
04-25 23:50:38.164 I/Gonk    (   83): Setting nice for pid 2387 to 18
04-25 23:50:38.164 I/Gonk    (   83): Changed nice for pid 2387 from 1 to 18.
04-25 23:50:38.224 E/[Gralloc-ERROR](   83): int gralloc_unregister_buffer(const gralloc_module_t*, const native_handle_t*):274 Trying to unregister buffer 0x44cc6100 from process 83 that was not created in current process: 83
04-25 23:50:38.464 E/[Gralloc-ERROR](   83): int gralloc_unregister_buffer(const gralloc_module_t*, const native_handle_t*):274 Trying to unregister buffer 0x44cc6060 from process 83 that was not created in current process: 83
04-25 23:50:38.554 I/Gecko   (   83): 1398495038553	Marionette	DEBUG	Got request: switchToFrame, data: {"to":"0","sessionId":"3-b2g","name":"switchToFrame","parameters":{"id":null,"focus":true}}, id: {dfeb77e8-0e38-40b3-880a-c71367339467}
04-25 23:50:38.604 I/Gecko   (   83): 1398495038607	Marionette	INFO	Switched to frame: {"frameValue":null}
04-25 23:50:38.704 I/Gecko   (   83): 1398495038714	Marionette	INFO	sendToClient: {"from":"0","ok":true}, {dfeb77e8-0e38-40b3-880a-c71367339467}, {dfeb77e8-0e38-40b3-880a-c71367339467}
04-25 23:50:38.714 I/Gecko   (   83): 1398495038722	Marionette	DEBUG	Got request: executeWithCallback, data: {"to":"0","sessionId":"3-b2g","name":"executeAsyncScript","parameters":{"specialPowers":false,"scriptTimeout":null,"newSandbox":true,"args":[],"filename":"gaia_test.py","script":"return GaiaApps.displayedApp();","line":66}}, id: {84f35f26-bbf5-4120-aa5a-66150e8fda84}
04-25 23:50:38.904 E/GeckoConsole(   83): Content JS LOG at dummy file:392 in GaiaApps.displayedApp: app with origin 'app://homescreen.gaiamobile.org' is displayed
04-25 23:50:38.904 I/Gecko   (   83): 1398495038908	Marionette	INFO	sendToClient: {"from":"0","value":{"frame":{"ELEMENT":"{90a2ccd6-0c88-4e10-ab68-e43ea649d720}"},"src":"app://homescreen.gaiamobile.org/index.html#root","name":"Homescreen","origin":"app://homescreen.gaiamobile.org"}}, {84f35f26-bbf5-4120-aa5a-66150e8fda84}, {84f35f26-bbf5-4120-aa5a-66150e8fda84}
04-25 23:50:38.914 I/Gecko   (   83): 1398495038921	Marionette	DEBUG	Got request: switchToFrame, data: {"to":"0","sessionId":"3-b2g","name":"switchToFrame","parameters":{"id":null,"focus":true}}, id: {91b8b687-de2f-438e-862b-2ca5d39ee788}
04-25 23:50:38.924 I/Gecko   (   83): 1398495038927	Marionette	INFO	Switched to frame: {"frameValue":null}
04-25 23:50:38.984 I/GonkMemoryPressure( 2451): Checking to see if memory pressure is over.
04-25 23:50:38.984 I/GonkMemoryPressure( 2451): Memory pressure is over.
04-25 23:50:38.984 I/GonkMemoryPressure(   83): Checking to see if memory pressure is over.
04-25 23:50:38.984 I/GonkMemoryPressure(   83): Memory pressure is over.
04-25 23:50:39.024 I/Gecko   (   83): 1398495039029	Marionette	INFO	sendToClient: {"from":"0","ok":true}, {91b8b687-de2f-438e-862b-2ca5d39ee788}, {91b8b687-de2f-438e-862b-2ca5d39ee788}
04-25 23:50:39.024 I/Gecko   (   83): 1398495039035	Marionette	DEBUG	Got request: switchToFrame, data: {"to":"0","sessionId":"3-b2g","name":"switchToFrame","parameters":{"id":null,"focus":true}}, id: {fe84ac37-0d1a-4a30-8bc2-3f8eb970a266}
04-25 23:50:39.034 I/Gecko   (   83): 1398495039037	Marionette	INFO	Switched to frame: {"frameValue":null}
04-25 23:50:39.144 I/Gecko   (   83): 1398495039152	Marionette	INFO	sendToClient: {"from":"0","ok":true}, {fe84ac37-0d1a-4a30-8bc2-3f8eb970a266}, {fe84ac37-0d1a-4a30-8bc2-3f8eb970a266}
04-25 23:50:39.154 I/Gecko   (   83): 1398495039160	Marionette	DEBUG	Got request: executeWithCallback, data: {"to":"0","sessionId":"3-b2g","name":"executeAsyncScript","parameters":{"specialPowers":false,"scriptTimeout":null,"newSandbox":true,"args":[],"filename":"gaia_test.py","script":"return GaiaApps.displayedApp();","line":66}}, id: {e982c56b-b7d3-4e8c-ba13-501822194b51}
04-25 23:50:39.214 I/Gecko   (   83): 1398495039216	Marionette	INFO	sendToClient: {"from":"0","value":{"frame":{"ELEMENT":"{90a2ccd6-0c88-4e10-ab68-e43ea649d720}"},"src":"app://homescreen.gaiamobile.org/index.html#root","name":"Homescreen","origin":"app://homescreen.gaiamobile.org"}}, {e982c56b-b7d3-4e8c-ba13-501822194b51}, {e982c56b-b7d3-4e8c-ba13-501822194b51}
04-25 23:50:39.224 E/GeckoConsole(   83): Content JS LOG at dummy file:392 in GaiaApps.displayedApp: app with origin 'app://homescreen.gaiamobile.org' is displayed
04-25 23:50:39.224 I/Gecko   (   83): 1398495039232	Marionette	DEBUG	Got request: switchToFrame, data: {"to":"0","sessionId":"3-b2g","name":"switchToFrame","parameters":{"focus":true,"element":"{90a2ccd6-0c88-4e10-ab68-e43ea649d720}"}}, id: {0c6a9a55-d6c2-40a3-9b24-490a042bac0c}
04-25 23:50:39.234 I/Gecko   (   83): 1398495039246	Marionette	INFO	Switched to frame: {"frameValue":"{90a2ccd6-0c88-4e10-ab68-e43ea649d720}"}
04-25 23:50:39.264 I/Gecko   (   83): 1398495039275	Marionette	INFO	trying remote frame 0
04-25 23:50:39.274 I/Gecko   (   83): 1398495039277	Marionette	INFO	trying remote frame 1
04-25 23:50:39.274 I/Gecko   (   83): 1398495039281	Marionette	INFO	trying remote frame 2
04-25 23:50:39.274 I/Gecko   (   83): 1398495039282	Marionette	INFO	trying remote frame 3
04-25 23:50:39.274 I/Gecko   (   83): 1398495039283	Marionette	INFO	trying remote frame 4
04-25 23:50:39.284 I/Gecko   (   83): 1398495039287	Marionette	INFO	trying remote frame 5
04-25 23:50:39.284 I/Gecko   (   83): 1398495039288	Marionette	INFO	deleting frame
04-25 23:50:39.284 I/Gecko   (   83): 1398495039294	Marionette	INFO	frame-manager load script: [object ChromeMessageSender]
04-25 23:50:39.344 I/Gecko   (   83): [Parent 83] WARNING: pipe error (90): Connection reset by peer: file ../../../gecko/ipc/chromium/src/chrome/common/ipc_channel_posix.cc, line 446
04-25 23:50:39.394 I/Gecko   (   83): 
04-25 23:50:39.394 I/Gecko   (   83): ###!!! [Parent][MessageChannel] Error: Channel error: cannot send/recv
04-25 23:50:39.394 I/Gecko   (   83): 
04-25 23:50:39.574 I/Gecko   (   83): [Parent 83] WARNING: waitpid failed pid:2387 errno:10: file ../../../gecko/ipc/chromium/src/base/process_util_posix.cc, line 254
04-25 23:50:39.734 I/Gecko   ( 2451): ###################################### forms.js loaded
04-25 23:50:39.754 I/Gecko   ( 2451): ############################### browserElementPanning.js loaded
04-25 23:50:39.774 I/Gecko   ( 2451): ######################## BrowserElementChildPreload.js loaded
04-25 23:50:41.054 I/GonkMemoryPressure( 2461): Checking to see if memory pressure is over.
04-25 23:50:41.054 I/GonkMemoryPressure( 2461): Memory pressure is over.
04-25 23:50:41.214 I/Gecko   (   83): 1398495041225	Marionette	INFO	sendToClient: {"from":"0","ok":true}, {0c6a9a55-d6c2-40a3-9b24-490a042bac0c}, {0c6a9a55-d6c2-40a3-9b24-490a042bac0c}
04-25 23:50:41.554 I/Gecko   (   83): 1398495041562	Marionette	INFO	sendToClient: {"from":"0","value":"app://homescreen.gaiamobile.org/index.html#root"}, {36536173-944a-47d4-9e33-c2d3f8398f4e}, {36536173-944a-47d4-9e33-c2d3f8398f4e}
04-25 23:50:41.564 I/Gecko   (   83): 1398495041575	Marionette	DEBUG	Got request: switchToFrame, data: {"to":"0","sessionId":"3-b2g","name":"switchToFrame","parameters":{"id":null,"focus":true}}, id: {76a36ae0-e480-4fc4-9505-8548d720fd93}
04-25 23:50:41.574 I/Gecko   (   83): [Parent 83] WARNING: waitpid failed pid:2387 errno:10: file ../../../gecko/ipc/chromium/src/base/process_util_posix.cc, line 254
04-25 23:50:41.574 I/Gecko   (   83): [Parent 83] WARNING: Failed to deliver SIGKILL to 2387!(3).: file ../../../gecko/ipc/chromium/src/chrome/common/process_watcher_posix_sigchld.cc, line 118
04-25 23:50:41.594 I/Gecko   (   83): 1398495041601	Marionette	INFO	Switched to frame: {"frameValue":null}
04-25 23:50:41.694 I/Gecko   (   83): 1398495041703	Marionette	INFO	sendToClient: {"from":"0","ok":true}, {76a36ae0-e480-4fc4-9505-8548d720fd93}, {76a36ae0-e480-4fc4-9505-8548d720fd93}
04-25 23:50:41.704 I/Gecko   (   83): 1398495041709	Marionette	DEBUG	Got request: switchToFrame, data: {"to":"0","sessionId":"3-b2g","name":"switchToFrame","parameters":{"id":null,"focus":true}}, id: {e7381428-d4aa-4e68-bd66-f1c55dd9c0f0}
04-25 23:50:41.704 I/Gecko   (   83): 1398495041711	Marionette	INFO	Switched to frame: {"frameValue":null}
04-25 23:50:41.814 I/Gecko   (   83): 1398495041826	Marionette	INFO	sendToClient: {"from":"0","ok":true}, {e7381428-d4aa-4e68-bd66-f1c55dd9c0f0}, {e7381428-d4aa-4e68-bd66-f1c55dd9c0f0}
04-25 23:50:41.834 I/Gecko   (   83): 1398495041837	Marionette	DEBUG	Got request: executeWithCallback, data: {"to":"0","sessionId":"3-b2g","name":"executeAsyncScript","parameters":{"specialPowers":false,"scriptTimeout":null,"newSandbox":true,"args":[],"filename":"gaia_test.py","script":"GaiaApps.killAll()","line":91}}, id: {f468617d-ba74-42b5-8081-cbed0affcf62}
04-25 23:50:41.904 I/Gecko   (   83): 1398495041909	Marionette	INFO	sendToClient: {"from":"0","value":true}, {f468617d-ba74-42b5-8081-cbed0affcf62}, {f468617d-ba74-42b5-8081-cbed0affcf62}
04-25 23:50:41.914 I/Gecko   (   83): 1398495041918	Marionette	DEBUG	Got request: switchToFrame, data: {"to":"0","sessionId":"3-b2g","name":"switchToFrame","parameters":{"id":null,"focus":true}}, id: {90f50581-a916-474b-ba7b-43dfc413343d}
04-25 23:50:41.914 I/Gecko   (   83): 1398495041920	Marionette	INFO	Switched to frame: {"frameValue":null}
04-25 23:50:42.024 I/Gecko   (   83): 1398495042032	Marionette	INFO	sendToClient: {"from":"0","ok":true}, {90f50581-a916-474b-ba7b-43dfc413343d}, {90f50581-a916-474b-ba7b-43dfc413343d}
04-25 23:50:42.284 W/WifiHW  (   83): wifi_command: SIGNAL_POLL
04-25 23:50:42.334 I/Gecko   (   83): 1398495042346	Marionette	DEBUG	Got request: executeWithCallback, data: {"to":"0","sessionId":"3-b2g","name":"executeAsyncScript","parameters":{"specialPowers":false,"scriptTimeout":60000,"newSandbox":true,"args":[],"filename":"app_checker.py","script":"\n        GaiaApps.locateWithManifestURL('https://marketplace.firefox.com/app/c6dc6079-f492-43c8-bb5f-2c2941103686/manifest.webapp',\n                                       null,\n                                       function uninstall(app) {\n                                       navigator.mozApps.mgmt.uninstall(app);\n                                       marionetteScriptFinished(true);\n                                       });\n        ","line":129}}, id: {1496e2e3-8fe5-47b6-87fe-29e20ac50c81}
04-25 23:50:42.414 I/Gecko   (   83): -- webapps.js uninstall https://marketplace.firefox.com/app/c6dc6079-f492-43c8-bb5f-2c2941103686/manifest.webapp
04-25 23:50:42.954 I/Gecko   (   83): 1398495042961	Marionette	INFO	sendToClient: {"from":"0","value":true}, {1496e2e3-8fe5-47b6-87fe-29e20ac50c81}, {1496e2e3-8fe5-47b6-87fe-29e20ac50c81}