--------- beginning of /dev/log/main
04-27 23:36:46.954 I/Gecko   (   83): 1398667006961	Marionette	INFO	sendToClient: {"from":"0","ok":true}, {d1d17df6-f288-4aba-ad11-706656f81a74}, {d1d17df6-f288-4aba-ad11-706656f81a74}
04-27 23:36:46.964 I/Gecko   (   83): 1398667006977	Marionette	DEBUG	Got request: execute, data: {"to":"0","sessionId":"3-b2g","name":"executeScript","parameters":{"specialPowers":false,"scriptTimeout":null,"newSandbox":true,"args":[],"filename":"gaia_test.py","script":"window.wrappedJSObject.dispatchEvent(new Event('home'));","line":788}}, id: {9f432f24-ffdd-4d4e-91ee-bf09cdc167e2}
04-27 23:36:47.484 I/Gonk    (   83): Setting nice for pid 788 to 18
04-27 23:36:47.494 I/Gonk    (   83): Changed nice for pid 788 from 18 to 18.
04-27 23:36:47.494 I/Gecko   (   83): [Parent 83] WARNING: waitpid failed pid:788 errno:10: file ../../../gecko/ipc/chromium/src/base/process_util_posix.cc, line 254
04-27 23:36:47.504 I/Gonk    (   83): Setting nice for pid 788 to 1
04-27 23:36:47.504 I/Gonk    (   83): Changed nice for pid 788 from 18 to 1.
04-27 23:36:47.574 I/Gonk    (   83): Setting nice for pid 763 to 18
04-27 23:36:47.574 I/Gonk    (   83): Changed nice for pid 763 from 1 to 18.
04-27 23:36:47.604 D/Sensors (   83): activate handle=0; drv=0
04-27 23:36:47.604 D/Sensors (   83): Lis3dhSensor: Control set 0
04-27 23:36:47.604 D/Sensors (   83): Lis3dhSensor: mEnabled = 0
04-27 23:36:47.674 E/[Gralloc-ERROR](   83): int gralloc_unregister_buffer(const gralloc_module_t*, const native_handle_t*):274 Trying to unregister buffer 0x460de100 from process 83 that was not created in current process: 83
04-27 23:36:47.684 I/Gecko   (   83): 1398667007691	Marionette	INFO	sendToClient: {"from":"0","value":null}, {9f432f24-ffdd-4d4e-91ee-bf09cdc167e2}, {9f432f24-ffdd-4d4e-91ee-bf09cdc167e2}
04-27 23:36:47.694 E/[Gralloc-ERROR](   83): int gralloc_unregister_buffer(const gralloc_module_t*, const native_handle_t*):274 Trying to unregister buffer 0x460bdfb0 from process 83 that was not created in current process: 83
04-27 23:36:47.694 E/[Gralloc-ERROR](   83): int gralloc_unregister_buffer(const gralloc_module_t*, const native_handle_t*):274 Trying to unregister buffer 0x46261650 from process 83 that was not created in current process: 83
04-27 23:36:47.694 E/[Gralloc-ERROR](   83): int gralloc_unregister_buffer(const gralloc_module_t*, const native_handle_t*):274 Trying to unregister buffer 0x460dff60 from process 83 that was not created in current process: 83
04-27 23:36:47.704 I/Gecko   (   83): 1398667007714	Marionette	DEBUG	Got request: switchToFrame, data: {"to":"0","sessionId":"3-b2g","name":"switchToFrame","parameters":{"id":null,"focus":true}}, id: {834c2799-e0c8-4b90-a19d-fb8cb0ee6aa2}
04-27 23:36:47.704 I/Gecko   (   83): 1398667007716	Marionette	INFO	Switched to frame: {"frameValue":null}
04-27 23:36:48.014 I/log     (  816): <4>0[ 172.652465] select 763 (MoeDict), adj 10, size 10051, to kill 
04-27 23:36:48.454 I/Gecko   (   83): 1398667008460	Marionette	INFO	sendToClient: {"from":"0","ok":true}, {834c2799-e0c8-4b90-a19d-fb8cb0ee6aa2}, {834c2799-e0c8-4b90-a19d-fb8cb0ee6aa2}
04-27 23:36:48.464 I/Gecko   (   83): 1398667008475	Marionette	DEBUG	Got request: executeWithCallback, data: {"to":"0","sessionId":"3-b2g","name":"executeAsyncScript","parameters":{"specialPowers":false,"scriptTimeout":null,"newSandbox":true,"args":[],"filename":"gaia_test.py","script":"return GaiaApps.displayedApp();","line":66}}, id: {fe0a61f0-bb57-4ada-8d29-3f9433976725}
04-27 23:36:48.544 E/GeckoConsole(   83): Content JS LOG at dummy file:392 in GaiaApps.displayedApp: app with origin 'app://homescreen.gaiamobile.org' is displayed
04-27 23:36:48.544 I/Gecko   (   83): 1398667008554	Marionette	INFO	sendToClient: {"from":"0","value":{"frame":{"ELEMENT":"{0f9a8e1e-d0de-4ae6-806b-466a3140de74}"},"src":"app://homescreen.gaiamobile.org/index.html#root","name":"Homescreen","origin":"app://homescreen.gaiamobile.org"}}, {fe0a61f0-bb57-4ada-8d29-3f9433976725}, {fe0a61f0-bb57-4ada-8d29-3f9433976725}
04-27 23:36:48.604 I/Gecko   (   83): 1398667008613	Marionette	DEBUG	Got request: switchToFrame, data: {"to":"0","sessionId":"3-b2g","name":"switchToFrame","parameters":{"id":null,"focus":true}}, id: {1480f7c9-ba82-47ed-bfc4-476abe609543}
04-27 23:36:48.604 I/Gecko   (   83): 1398667008615	Marionette	INFO	Switched to frame: {"frameValue":null}
04-27 23:36:48.714 E/[Gralloc-ERROR](   83): int gralloc_register_buffer(const gralloc_module_t*, const native_handle_t*):79 Unable to register handle 0x44358740 coming from different process: 83
04-27 23:36:48.714 E/[Gralloc-ERROR](   83): int gralloc_register_buffer(const gralloc_module_t*, const native_handle_t*):79 Unable to register handle 0x443587e0 coming from different process: 83
04-27 23:36:48.724 E/[Gralloc-ERROR](   83): int gralloc_register_buffer(const gralloc_module_t*, const native_handle_t*):79 Unable to register handle 0x443588d0 coming from different process: 83
04-27 23:36:48.724 E/[Gralloc-ERROR](   83): int gralloc_register_buffer(const gralloc_module_t*, const native_handle_t*):79 Unable to register handle 0x44358970 coming from different process: 83
04-27 23:36:48.824 I/Gecko   (   83): 1398667008836	Marionette	INFO	sendToClient: {"from":"0","ok":true}, {1480f7c9-ba82-47ed-bfc4-476abe609543}, {1480f7c9-ba82-47ed-bfc4-476abe609543}
04-27 23:36:48.944 I/Gecko   (   83): 1398667008956	Marionette	DEBUG	Got request: switchToFrame, data: {"to":"0","sessionId":"3-b2g","name":"switchToFrame","parameters":{"id":null,"focus":true}}, id: {9567bf15-d81a-4bcf-b1c8-afe56f812e9f}
04-27 23:36:49.044 I/Gecko   (   83): 1398667009055	Marionette	INFO	Switched to frame: {"frameValue":null}
04-27 23:36:49.124 E/[Gralloc-ERROR](   83): int gralloc_unregister_buffer(const gralloc_module_t*, const native_handle_t*):274 Trying to unregister buffer 0x443587e0 from process 83 that was not created in current process: 83
04-27 23:36:49.124 E/[Gralloc-ERROR](   83): int gralloc_unregister_buffer(const gralloc_module_t*, const native_handle_t*):274 Trying to unregister buffer 0x44358740 from process 83 that was not created in current process: 83
04-27 23:36:49.124 E/[Gralloc-ERROR](   83): int gralloc_unregister_buffer(const gralloc_module_t*, const native_handle_t*):274 Trying to unregister buffer 0x44358970 from process 83 that was not created in current process: 83
04-27 23:36:49.124 E/[Gralloc-ERROR](   83): int gralloc_unregister_buffer(const gralloc_module_t*, const native_handle_t*):274 Trying to unregister buffer 0x443588d0 from process 83 that was not created in current process: 83
04-27 23:36:49.164 I/Gecko   (   83): 1398667009176	Marionette	INFO	sendToClient: {"from":"0","ok":true}, {9567bf15-d81a-4bcf-b1c8-afe56f812e9f}, {9567bf15-d81a-4bcf-b1c8-afe56f812e9f}
04-27 23:36:49.184 I/Gecko   (   83): 1398667009198	Marionette	DEBUG	Got request: executeWithCallback, data: {"to":"0","sessionId":"3-b2g","name":"executeAsyncScript","parameters":{"specialPowers":false,"scriptTimeout":null,"newSandbox":true,"args":[],"filename":"gaia_test.py","script":"return GaiaApps.displayedApp();","line":66}}, id: {42f63473-f252-4aeb-9d58-0d811da47947}
04-27 23:36:49.324 I/Gecko   (   83): 1398667009331	Marionette	INFO	sendToClient: {"from":"0","value":{"frame":{"ELEMENT":"{0f9a8e1e-d0de-4ae6-806b-466a3140de74}"},"src":"app://homescreen.gaiamobile.org/index.html#root","name":"Homescreen","origin":"app://homescreen.gaiamobile.org"}}, {42f63473-f252-4aeb-9d58-0d811da47947}, {42f63473-f252-4aeb-9d58-0d811da47947}
04-27 23:36:49.324 E/GeckoConsole(   83): Content JS LOG at dummy file:392 in GaiaApps.displayedApp: app with origin 'app://homescreen.gaiamobile.org' is displayed
04-27 23:36:49.334 I/Gecko   (   83): 1398667009344	Marionette	DEBUG	Got request: switchToFrame, data: {"to":"0","sessionId":"3-b2g","name":"switchToFrame","parameters":{"focus":true,"element":"{0f9a8e1e-d0de-4ae6-806b-466a3140de74}"}}, id: {e15e8c22-c9cd-4a1d-a85e-50bb00dd1b1a}
04-27 23:36:49.364 I/Gecko   (   83): 1398667009377	Marionette	INFO	Switched to frame: {"frameValue":"{0f9a8e1e-d0de-4ae6-806b-466a3140de74}"}
04-27 23:36:49.384 I/Gecko   (   83): 1398667009393	Marionette	INFO	trying remote frame 0
04-27 23:36:49.384 I/Gecko   (   83): 1398667009394	Marionette	INFO	trying remote frame 1
04-27 23:36:49.384 I/Gecko   (   83): 1398667009395	Marionette	INFO	deleting frame
04-27 23:36:49.394 I/Gecko   (   83): 1398667009401	Marionette	INFO	frame-manager load script: [object ChromeMessageSender]
04-27 23:36:49.524 W/WifiHW  (   83): wifi_command: SIGNAL_POLL
04-27 23:36:49.834 I/Gecko   (  788): ###################################### forms.js loaded
04-27 23:36:49.874 I/Gecko   (  788): ############################### browserElementPanning.js loaded
04-27 23:36:49.894 I/Gecko   (  788): ######################## BrowserElementChildPreload.js loaded
04-27 23:36:50.234 I/Gecko   (   83): [Parent 83] WARNING: pipe error (164): Connection reset by peer: file ../../../gecko/ipc/chromium/src/chrome/common/ipc_channel_posix.cc, line 446
04-27 23:36:50.234 I/Gecko   (   83): 
04-27 23:36:50.234 I/Gecko   (   83): ###!!! [Parent][MessageChannel] Error: Channel error: cannot send/recv
04-27 23:36:50.234 I/Gecko   (   83): 
04-27 23:36:50.324 I/GeckoDump(   83): Crash reporter : Can't fetch app.reportCrashes. Exception: [Exception... "Component returned failure code: 0x8000ffff (NS_ERROR_UNEXPECTED) [nsIPrefBranch.getBoolPref]"  nsresult: "0x8000ffff (NS_ERROR_UNEXPECTED)"  location: "JS frame :: chrome://browser/content/shell.js :: shell_reportCrash :: line 7"  data: no]
04-27 23:36:50.344 I/Gecko   (   83): [Parent 83] WARNING: waitpid failed pid:763 errno:10: file ../../../gecko/ipc/chromium/src/base/process_util_posix.cc, line 254
04-27 23:36:50.924 I/Gecko   (   83): 1398667010931	Marionette	INFO	sendToClient: {"from":"0","ok":true}, {e15e8c22-c9cd-4a1d-a85e-50bb00dd1b1a}, {e15e8c22-c9cd-4a1d-a85e-50bb00dd1b1a}
04-27 23:36:51.194 I/Gecko   (   83): 1398667011206	Marionette	INFO	sendToClient: {"from":"0","value":[]}, {f9903345-28eb-43d2-9d8a-a50e242fd9ce}, {f9903345-28eb-43d2-9d8a-a50e242fd9ce}
04-27 23:36:51.254 I/Gecko   (   83): 1398667011260	Marionette	INFO	sendToClient: {"from":"0","value":"app://homescreen.gaiamobile.org/index.html#root"}, {cd40dab2-e091-41a7-904c-45f672bfe8a6}, {cd40dab2-e091-41a7-904c-45f672bfe8a6}
04-27 23:36:51.254 I/Gecko   (   83): 1398667011267	Marionette	DEBUG	Got request: switchToFrame, data: {"to":"0","sessionId":"3-b2g","name":"switchToFrame","parameters":{"id":null,"focus":true}}, id: {845ca4fa-e665-481e-9454-3c2605bc6c27}
04-27 23:36:51.284 I/Gecko   (   83): 1398667011290	Marionette	INFO	Switched to frame: {"frameValue":null}
04-27 23:36:51.384 I/Gecko   (   83): 1398667011393	Marionette	INFO	sendToClient: {"from":"0","ok":true}, {845ca4fa-e665-481e-9454-3c2605bc6c27}, {845ca4fa-e665-481e-9454-3c2605bc6c27}
04-27 23:36:51.394 I/Gecko   (   83): 1398667011401	Marionette	DEBUG	Got request: switchToFrame, data: {"to":"0","sessionId":"3-b2g","name":"switchToFrame","parameters":{"id":null,"focus":true}}, id: {08f06314-777c-4126-8836-29219c4778fd}
04-27 23:36:51.394 I/Gecko   (   83): 1398667011402	Marionette	INFO	Switched to frame: {"frameValue":null}
04-27 23:36:51.684 I/Gecko   (   83): 1398667011692	Marionette	INFO	sendToClient: {"from":"0","ok":true}, {08f06314-777c-4126-8836-29219c4778fd}, {08f06314-777c-4126-8836-29219c4778fd}
04-27 23:36:51.694 I/Gecko   (   83): 1398667011706	Marionette	DEBUG	Got request: executeWithCallback, data: {"to":"0","sessionId":"3-b2g","name":"executeAsyncScript","parameters":{"specialPowers":false,"scriptTimeout":30000,"newSandbox":true,"args":[],"filename":"app_checker.py","script":"GaiaApps.launchWithManifestURL('https://www.moedict.tw/manifest.webapp')","line":106}}, id: {b0670c8a-e2e3-42fe-ac2a-6615b01446fd}
04-27 23:36:51.794 E/GeckoConsole(   83): Content JS LOG at dummy file:334 in GaiaApps.launch: launching app with name 'MoeDict'
04-27 23:36:52.084 I/Gonk    (   83): Setting nice for pid 823 to 18
04-27 23:36:52.084 I/Gonk    (   83): Changed nice for pid 823 from 0 to 18.
04-27 23:36:52.154 I/Gonk    (   83): Setting nice for pid 823 to 18
04-27 23:36:52.154 I/Gonk    (   83): Changed nice for pid 823 from 18 to 18.
04-27 23:36:52.164 I/Gecko   (   83): [Parent 83] WARNING: waitpid failed pid:823 errno:10: file ../../../gecko/ipc/chromium/src/base/process_util_posix.cc, line 254
04-27 23:36:52.174 I/Gonk    (   83): Setting nice for pid 823 to 1
04-27 23:36:52.174 I/Gonk    (   83): Changed nice for pid 823 from 18 to 1.
04-27 23:36:52.214 E/[Gralloc-ERROR](   83): int gralloc_register_buffer(const gralloc_module_t*, const native_handle_t*):79 Unable to register handle 0x44ca7a10 coming from different process: 83
04-27 23:36:52.214 E/[Gralloc-ERROR](   83): int gralloc_register_buffer(const gralloc_module_t*, const native_handle_t*):79 Unable to register handle 0x44ca7b00 coming from different process: 83
04-27 23:36:52.224 E/[Gralloc-ERROR](   83): int gralloc_register_buffer(const gralloc_module_t*, const native_handle_t*):79 Unable to register handle 0x44ca7ce0 coming from different process: 83
04-27 23:36:52.224 E/[Gralloc-ERROR](   83): int gralloc_register_buffer(const gralloc_module_t*, const native_handle_t*):79 Unable to register handle 0x4553dba0 coming from different process: 83
04-27 23:36:52.344 I/Gecko   (   83): [Parent 83] WARNING: waitpid failed pid:763 errno:10: file ../../../gecko/ipc/chromium/src/base/process_util_posix.cc, line 254
04-27 23:36:52.344 I/Gecko   (   83): [Parent 83] WARNING: Failed to deliver SIGKILL to 763!(3).: file ../../../gecko/ipc/chromium/src/chrome/common/process_watcher_posix_sigchld.cc, line 118
04-27 23:36:52.504 E/GeckoConsole(   83): [JavaScript Error: "An error occurred during a connection to www.moedict.tw:80.
04-27 23:36:52.504 E/GeckoConsole(   83): 
04-27 23:36:52.504 E/GeckoConsole(   83): SSL received a record that exceeded the maximum permissible length.
04-27 23:36:52.504 E/GeckoConsole(   83): 
04-27 23:36:52.504 E/GeckoConsole(   83): (Error code: ssl_error_rx_record_too_long)
04-27 23:36:52.504 E/GeckoConsole(   83): "]
04-27 23:36:52.554 D/Sensors (   83): activate handle=0; drv=0
04-27 23:36:52.564 D/Sensors (   83): Lis3dhSensor: Control set 1
04-27 23:36:52.564 D/Sensors (   83): Lis3dhSensor: mEnabled = 1
04-27 23:36:52.664 I/Gonk    (   83): Setting nice for pid 833 to 18
04-27 23:36:52.674 I/Gonk    (   83): Changed nice for pid 833 from 0 to 18.
04-27 23:36:52.704 I/Gonk    (   83): Setting nice for pid 788 to 18
04-27 23:36:52.704 I/Gonk    (   83): Changed nice for pid 788 from 1 to 18.
04-27 23:36:52.764 E/GeckoConsole(   83): [JavaScript Error: "An error occurred during a connection to www.moedict.tw:80.
04-27 23:36:52.764 E/GeckoConsole(   83): 
04-27 23:36:52.764 E/GeckoConsole(   83): SSL received a record that exceeded the maximum permissible length.
04-27 23:36:52.764 E/GeckoConsole(   83): 
04-27 23:36:52.764 E/GeckoConsole(   83): (Error code: ssl_error_rx_record_too_long)
04-27 23:36:52.764 E/GeckoConsole(   83): "]
04-27 23:36:53.594 I/log     (  841): <4>0[ 178.245650] select 788 (Homescreen), adj 8, size 5630, to kill 
04-27 23:36:53.904 I/Gecko   (  823): ###################################### forms.js loaded
04-27 23:36:53.934 I/Gecko   (  823): ############################### browserElementPanning.js loaded
04-27 23:36:53.964 I/Gecko   (  823): ######################## BrowserElementChildPreload.js loaded
04-27 23:36:54.094 I/Gecko   (   83): 
04-27 23:36:54.094 I/Gecko   (   83): ###!!! [Parent][MessageChannel] Error: Channel error: cannot send/recv
04-27 23:36:54.094 I/Gecko   (   83): 
04-27 23:36:54.154 I/GeckoDump(   83): Crash reporter : Can't fetch app.reportCrashes. Exception: [Exception... "Component returned failure code: 0x8000ffff (NS_ERROR_UNEXPECTED) [nsIPrefBranch.getBoolPref]"  nsresult: "0x8000ffff (NS_ERROR_UNEXPECTED)"  location: "JS frame :: chrome://browser/content/shell.js :: shell_reportCrash :: line 7"  data: no]
04-27 23:36:54.164 I/Gecko   (   83): [Parent 83] WARNING: waitpid failed pid:788 errno:10: file ../../../gecko/ipc/chromium/src/base/process_util_posix.cc, line 254
04-27 23:36:54.544 W/WifiHW  (   83): wifi_command: SIGNAL_POLL
04-27 23:36:54.904 E/GeckoConsole(  823): [JavaScript Warning: "Expected 'none' or URL but found 'Alpha('.  Error in parsing value for 'filter'.  Declaration dropped." {file: "https://www.moedict.tw/css/cupertino/jquery-ui-1.10.2.custom.css" line: 2 column: 88 source: "}.ui-helper-zfix{width:100%;height:100%;top:0;left:0;position:absolute;opacity:0;filter:Alpha(Opacity=0);}.ui-front{z-index:100;}.ui-state-disabled{cursor:default!important;}.ui-icon{display:block;text-indent:-99999px;overflow:hidden;background-repeat:no-repeat;}.ui-widget-overlay{position:fixed;top:0;left:0;width:100%;height:100%;}.ui-autocomplete{position:absolute;top:0;left:0;cursor:default;}.ui-menu{list-style:none;padding:2px;margin:0;display:block;outline:none;}.ui-menu .ui-menu{margin-top:-3px;position:absolute;}.ui-menu .ui-menu-item{margin:0;padding:0;width:100%;}.ui-menu .ui-menu-divider{margin:5px -2px 5px -2px;height:0;font-size:0;line-height:0;border-width:1px 0 0 0;}.ui-menu .ui-menu-item a{text-decoration:none;display:block;padding:2px .4em;line-height:1.5;min-height:0;
04-27 23:36:54.944 E/GeckoConsole(  823): [JavaScript Warning: "Expected 'none' or URL but found 'Alpha('.  Error in parsing value for 'filter'.  Declaration dropped." {file: "https://www.moedict.tw/css/cupertino/jquery-ui-1.10.2.custom.css" line: 2 column: 4192 source: "}.ui-helper-zfix{width:100%;height:100%;top:0;left:0;position:absolute;opacity:0;filter:Alpha(Opacity=0);}.ui-front{z-index:100;}.ui-state-disabled{cursor:default!important;}.ui-icon{display:block;text-indent:-99999px;overflow:hidden;background-repeat:no-repeat;}.ui-widget-overlay{position:fixed;top:0;left:0;width:100%;height:100%;}.ui-autocomplete{position:absolute;top:0;left:0;cursor:default;}.ui-menu{list-style:none;padding:2px;margin:0;display:block;outline:none;}.ui-menu .ui-menu{margin-top:-3px;position:absolute;}.ui-menu .ui-menu-item{margin:0;padding:0;width:100%;}.ui-menu .ui-menu-divider{margin:5px -2px 5px -2px;height:0;font-size:0;line-height:0;border-width:1px 0 0 0;}.ui-menu .ui-menu-item a{text-decoration:none;display:block;padding:2px .4em;line-height:1.5;min-height:
04-27 23:36:54.944 E/GeckoConsole(  823): [JavaScript Warning: "Expected 'none' or URL but found 'Alpha('.  Error in parsing value for 'filter'.  Declaration dropped." {file: "https://www.moedict.tw/css/cupertino/jquery-ui-1.10.2.custom.css" line: 2 column: 4343 source: "}.ui-helper-zfix{width:100%;height:100%;top:0;left:0;position:absolute;opacity:0;filter:Alpha(Opacity=0);}.ui-front{z-index:100;}.ui-state-disabled{cursor:default!important;}.ui-icon{display:block;text-indent:-99999px;overflow:hidden;background-repeat:no-repeat;}.ui-widget-overlay{position:fixed;top:0;left:0;width:100%;height:100%;}.ui-autocomplete{position:absolute;top:0;left:0;cursor:default;}.ui-menu{list-style:none;padding:2px;margin:0;display:block;outline:none;}.ui-menu .ui-menu{margin-top:-3px;position:absolute;}.ui-menu .ui-menu-item{margin:0;padding:0;width:100%;}.ui-menu .ui-menu-divider{margin:5px -2px 5px -2px;height:0;font-size:0;line-height:0;border-width:1px 0 0 0;}.ui-menu .ui-menu-item a{text-decoration:none;display:block;padding:2px .4em;line-height:1.5;min-height:
04-27 23:36:54.944 E/GeckoConsole(  823): [JavaScript Warning: "Expected 'none' or URL but found 'Alpha('.  Error in parsing value for 'filter'.  Declaration dropped." {file: "https://www.moedict.tw/css/cupertino/jquery-ui-1.10.2.custom.css" line: 2 column: 4419 source: "}.ui-helper-zfix{width:100%;height:100%;top:0;left:0;position:absolute;opacity:0;filter:Alpha(Opacity=0);}.ui-front{z-index:100;}.ui-state-disabled{cursor:default!important;}.ui-icon{display:block;text-indent:-99999px;overflow:hidden;background-repeat:no-repeat;}.ui-widget-overlay{position:fixed;top:0;left:0;width:100%;height:100%;}.ui-autocomplete{position:absolute;top:0;left:0;cursor:default;}.ui-menu{list-style:none;padding:2px;margin:0;display:block;outline:none;}.ui-menu .ui-menu{margin-top:-3px;position:absolute;}.ui-menu .ui-menu-item{margin:0;padding:0;width:100%;}.ui-menu .ui-menu-divider{margin:5px -2px 5px -2px;height:0;font-size:0;line-height:0;border-width:1px 0 0 0;}.ui-menu .ui-menu-item a{text-decoration:none;display:block;padding:2px .4em;line-height:1.5;min-height:
04-27 23:36:54.954 E/GeckoConsole(  823): [JavaScript Warning: "Expected 'none' or URL but found 'Alpha('.  Error in parsing value for 'filter'.  Declaration dropped." {file: "https://www.moedict.tw/css/cupertino/jquery-ui-1.10.2.custom.css" line: 3 column: 10637 source: "}.ui-icon{width:16px;height:16px;}.ui-icon,.ui-widget-content .ui-icon{background-image:url(images/ui-icons_72a7cf_256x240.png);}.ui-widget-header .ui-icon{background-image:url(images/ui-icons_72a7cf_256x240.png);}.ui-state-default .ui-icon{background-image:url(images/ui-icons_3d80b3_256x240.png);}.ui-state-hover .ui-icon,.ui-state-focus .ui-icon{background-image:url(images/ui-icons_2694e8_256x240.png);}.ui-state-active .ui-icon{background-image:url(images/ui-icons_ffffff_256x240.png);}.ui-state-highlight .ui-icon{background-image:url(images/ui-icons_2e83ff_256x240.png);}.ui-state-error .ui-icon,.ui-state-error-text .ui-icon{background-image:url(images/ui-icons_ffffff_256x240.png);}.ui-icon-blank{background-position:16px 16px;}.ui-icon-carat-1-n{background-position:0 0;}.ui-icon-ca
04-27 23:36:54.954 E/GeckoConsole(  823): [JavaScript Warning: "Expected 'none' or URL but found 'Alpha('.  Error in parsing value for 'filter'.  Declaration dropped." {file: "https://www.moedict.tw/css/cupertino/jquery-ui-1.10.2.custom.css" line: 3 column: 10814 source: "}.ui-icon{width:16px;height:16px;}.ui-icon,.ui-widget-content .ui-icon{background-image:url(images/ui-icons_72a7cf_256x240.png);}.ui-widget-header .ui-icon{background-image:url(images/ui-icons_72a7cf_256x240.png);}.ui-state-default .ui-icon{background-image:url(images/ui-icons_3d80b3_256x240.png);}.ui-state-hover .ui-icon,.ui-state-focus .ui-icon{background-image:url(images/ui-icons_2694e8_256x240.png);}.ui-state-active .ui-icon{background-image:url(images/ui-icons_ffffff_256x240.png);}.ui-state-highlight .ui-icon{background-image:url(images/ui-icons_2e83ff_256x240.png);}.ui-state-error .ui-icon,.ui-state-error-text .ui-icon{background-image:url(images/ui-icons_ffffff_256x240.png);}.ui-icon-blank{background-position:16px 16px;}.ui-icon-carat-1-n{background-position:0 0;}.ui-icon-ca
04-27 23:36:54.994 E/GeckoConsole(  823): [JavaScript Warning: "Unknown property 'box-sizing'.  Declaration dropped." {file: "https://www.moedict.tw/styles.css" line: 1 column: 825 source: "@charset "UTF-8";html{font-family:sans-serif;-ms-text-size-adjust:100%;-webkit-text-size-adjust:100%;}body{margin:0;}article,aside,details,figcaption,figure,footer,header,hgroup,main,nav,section,summary{display:block;}audio,canvas,progress,video{display:inline-block;vertical-align:baseline;}audio:not([controls]){display:none;height:0;}[hidden],template{display:none;}a{background:transparent;}a:active,a:hover{outline:0;}abbr[title]{border-bottom:1px dotted;}b,strong{font-weight:bold;}dfn{font-style:italic;}h1{font-size:2em;margin:0.67em 0;}mark{background:#ff0;color:#000;}small{font-size:80%;}sub,sup{font-size:75%;line-height:0;position:relative;vertical-align:baseline;}sup{top:-0.5em;}sub{bottom:-0.25em;}img{border:0;}svg:not(:root){overflow:hidden;}figure{margin:1em 40px;}hr{-moz-box-sizing:content-box;box-sizing:content-box;height:0;}pre{overflow:auto;}code,kbd
04-27 23:36:55.004 E/GeckoConsole(  823): [JavaScript Warning: "Unknown property 'box-sizing'.  Declaration dropped." {file: "https://www.moedict.tw/styles.css" line: 1 column: 1385 source: "@charset "UTF-8";html{font-family:sans-serif;-ms-text-size-adjust:100%;-webkit-text-size-adjust:100%;}body{margin:0;}article,aside,details,figcaption,figure,footer,header,hgroup,main,nav,section,summary{display:block;}audio,canvas,progress,video{display:inline-block;vertical-align:baseline;}audio:not([controls]){display:none;height:0;}[hidden],template{display:none;}a{background:transparent;}a:active,a:hover{outline:0;}abbr[title]{border-bottom:1px dotted;}b,strong{font-weight:bold;}dfn{font-style:italic;}h1{font-size:2em;margin:0.67em 0;}mark{background:#ff0;color:#000;}small{font-size:80%;}sub,sup{font-size:75%;line-height:0;position:relative;vertical-align:baseline;}sup{top:-0.5em;}sub{bottom:-0.25em;}img{border:0;}svg:not(:root){overflow:hidden;}figure{margin:1em 40px;}hr{-moz-box-sizing:content-box;box-sizing:content-box;height:0;}pre{overflow:auto;}code,kb
04-27 23:36:55.014 E/GeckoConsole(  823): [JavaScript Warning: "Unknown pseudo-class or pseudo-element '-webkit-inner-spin-button'.  Ruleset ignored due to bad selector." {file: "https://www.moedict.tw/styles.css" line: 1 column: 1430 source: "@charset "UTF-8";html{font-family:sans-serif;-ms-text-size-adjust:100%;-webkit-text-size-adjust:100%;}body{margin:0;}article,aside,details,figcaption,figure,footer,header,hgroup,main,nav,section,summary{display:block;}audio,canvas,progress,video{display:inline-block;vertical-align:baseline;}audio:not([controls]){display:none;height:0;}[hidden],template{display:none;}a{background:transparent;}a:active,a:hover{outline:0;}abbr[title]{border-bottom:1px dotted;}b,strong{font-weight:bold;}dfn{font-style:italic;}h1{font-size:2em;margin:0.67em 0;}mark{background:#ff0;color:#000;}small{font-size:80%;}sub,sup{font-size:75%;line-height:0;position:relative;vertical-align:baseline;}sup{top:-0.5em;}sub{bottom:-0.25em;}img{border:0;}svg:not(:root){overflow:hidden;}figure{margin:1em 40px;}hr{-moz-box-sizing:content-box;box-si
04-27 23:36:55.024 E/GeckoConsole(  823): [JavaScript Warning: "Unknown property 'box-sizing'.  Declaration dropped." {file: "https://www.moedict.tw/styles.css" line: 1 column: 1636 source: "@charset "UTF-8";html{font-family:sans-serif;-ms-text-size-adjust:100%;-webkit-text-size-adjust:100%;}body{margin:0;}article,aside,details,figcaption,figure,footer,header,hgroup,main,nav,section,summary{display:block;}audio,canvas,progress,video{display:inline-block;vertical-align:baseline;}audio:not([controls]){display:none;height:0;}[hidden],template{display:none;}a{background:transparent;}a:active,a:hover{outline:0;}abbr[title]{border-bottom:1px dotted;}b,strong{font-weight:bold;}dfn{font-style:italic;}h1{font-size:2em;margin:0.67em 0;}mark{background:#ff0;color:#000;}small{font-size:80%;}sub,sup{font-size:75%;line-height:0;position:relative;vertical-align:baseline;}sup{top:-0.5em;}sub{bottom:-0.25em;}img{border:0;}svg:not(:root){overflow:hidden;}figure{margin:1em 40px;}hr{-moz-box-sizing:content-box;box-sizing:content-box;height:0;}pre{overflow:auto;}code,kb
04-27 23:36:55.044 E/GeckoConsole(  823): [JavaScript Warning: "Unknown pseudo-class or pseudo-element '-webkit-search-cancel-button'.  Ruleset ignored due to bad selector." {file: "https://www.moedict.tw/styles.css" line: 1 column: 1672 source: "@charset "UTF-8";html{font-family:sans-serif;-ms-text-size-adjust:100%;-webkit-text-size-adjust:100%;}body{margin:0;}article,aside,details,figcaption,figure,footer,header,hgroup,main,nav,section,summary{display:block;}audio,canvas,progress,video{display:inline-block;vertical-align:baseline;}audio:not([controls]){display:none;height:0;}[hidden],template{display:none;}a{background:transparent;}a:active,a:hover{outline:0;}abbr[title]{border-bottom:1px dotted;}b,strong{font-weight:bold;}dfn{font-style:italic;}h1{font-size:2em;margin:0.67em 0;}mark{background:#ff0;color:#000;}small{font-size:80%;}sub,sup{font-size:75%;line-height:0;position:relative;vertical-align:baseline;}sup{top:-0.5em;}sub{bottom:-0.25em;}img{border:0;}svg:not(:root){overflow:hidden;}figure{margin:1em 40px;}hr{-moz-box-sizing:content-box;box
04-27 23:36:55.054 E/GeckoConsole(  823): [JavaScript Warning: "Unknown property 'box-sizing'.  Declaration dropped." {file: "https://www.moedict.tw/styles.css" line: 1 column: 2914 source: "@charset "UTF-8";html{font-family:sans-serif;-ms-text-size-adjust:100%;-webkit-text-size-adjust:100%;}body{margin:0;}article,aside,details,figcaption,figure,footer,header,hgroup,main,nav,section,summary{display:block;}audio,canvas,progress,video{display:inline-block;vertical-align:baseline;}audio:not([controls]){display:none;height:0;}[hidden],template{display:none;}a{background:transparent;}a:active,a:hover{outline:0;}abbr[title]{border-bottom:1px dotted;}b,strong{font-weight:bold;}dfn{font-style:italic;}h1{font-size:2em;margin:0.67em 0;}mark{background:#ff0;color:#000;}small{font-size:80%;}sub,sup{font-size:75%;line-height:0;position:relative;vertical-align:baseline;}sup{top:-0.5em;}sub{bottom:-0.25em;}img{border:0;}svg:not(:root){overflow:hidden;}figure{margin:1em 40px;}hr{-moz-box-sizing:content-box;box-sizing:content-box;height:0;}pre{overflow:auto;}code,kb
04-27 23:36:55.064 E/GeckoConsole(  823): [JavaScript Warning: "Unknown property 'box-sizing'.  Declaration dropped." {file: "https://www.moedict.tw/styles.css" line: 1 column: 3011 source: "@charset "UTF-8";html{font-family:sans-serif;-ms-text-size-adjust:100%;-webkit-text-size-adjust:100%;}body{margin:0;}article,aside,details,figcaption,figure,footer,header,hgroup,main,nav,section,summary{display:block;}audio,canvas,progress,video{display:inline-block;vertical-align:baseline;}audio:not([controls]){display:none;height:0;}[hidden],template{display:none;}a{background:transparent;}a:active,a:hover{outline:0;}abbr[title]{border-bottom:1px dotted;}b,strong{font-weight:bold;}dfn{font-style:italic;}h1{font-size:2em;margin:0.67em 0;}mark{background:#ff0;color:#000;}small{font-size:80%;}sub,sup{font-size:75%;line-height:0;position:relative;vertical-align:baseline;}sup{top:-0.5em;}sub{bottom:-0.25em;}img{border:0;}svg:not(:root){overflow:hidden;}figure{margin:1em 40px;}hr{-moz-box-sizing:content-box;box-sizing:content-box;height:0;}pre{overflow:auto;}code,kb
04-27 23:36:55.074 E/GeckoConsole(  823): [JavaScript Warning: "Expected color but found 'auto'.  Expected color but found '-webkit-focus-ring-color'.  Expected end of value but found '-webkit-focus-ring-color'.  Error in parsing value for 'outline'.  Declaration dropped." {file: "https://www.moedict.tw/styles.css" line: 1 column: 3445 source: "@charset "UTF-8";html{font-family:sans-serif;-ms-text-size-adjust:100%;-webkit-text-size-adjust:100%;}body{margin:0;}article,aside,details,figcaption,figure,footer,header,hgroup,main,nav,section,summary{display:block;}audio,canvas,progress,video{display:inline-block;vertical-align:baseline;}audio:not([controls]){display:none;height:0;}[hidden],template{display:none;}a{background:transparent;}a:active,a:hover{outline:0;}abbr[title]{border-bottom:1px dotted;}b,strong{font-weight:bold;}dfn{font-style:italic;}h1{font-size:2em;margin:0.67em 0;}mark{background:#ff0;color:#000;}small{font-size:80%;}sub,sup{font-size:75%;line-height:0;position:relative;vertical-align:baseline;}sup{top:-0.5em;}sub{bottom:-0.25em;}img{
04-27 23:36:55.104 E/GeckoConsole(  823): [JavaScript Warning: "Unknown property 'box-sizing'.  Declaration dropped." {file: "https://www.moedict.tw/styles.css" line: 1 column: 22877 source: "@charset "UTF-8";html{font-family:sans-serif;-ms-text-size-adjust:100%;-webkit-text-size-adjust:100%;}body{margin:0;}article,aside,details,figcaption,figure,footer,header,hgroup,main,nav,section,summary{display:block;}audio,canvas,progress,video{display:inline-block;vertical-align:baseline;}audio:not([controls]){display:none;height:0;}[hidden],template{display:none;}a{background:transparent;}a:active,a:hover{outline:0;}abbr[title]{border-bottom:1px dotted;}b,strong{font-weight:bold;}dfn{font-style:italic;}h1{font-size:2em;margin:0.67em 0;}mark{background:#ff0;color:#000;}small{font-size:80%;}sub,sup{font-size:75%;line-height:0;position:relative;vertical-align:baseline;}sup{top:-0.5em;}sub{bottom:-0.25em;}img{border:0;}svg:not(:root){overflow:hidden;}figure{margin:1em 40px;}hr{-moz-box-sizing:content-box;box-sizing:content-box;height:0;}pre{overflow:auto;}code,k
04-27 23:36:55.114 E/GeckoConsole(  823): [JavaScript Warning: "Expected end of value but found '\9 '.  Error in parsing value for 'margin-top'.  Declaration dropped." {file: "https://www.moedict.tw/styles.css" line: 1 column: 22963 source: "@charset "UTF-8";html{font-family:sans-serif;-ms-text-size-adjust:100%;-webkit-text-size-adjust:100%;}body{margin:0;}article,aside,details,figcaption,figure,footer,header,hgroup,main,nav,section,summary{display:block;}audio,canvas,progress,video{display:inline-block;vertical-align:baseline;}audio:not([controls]){display:none;height:0;}[hidden],template{display:none;}a{background:transparent;}a:active,a:hover{outline:0;}abbr[title]{border-bottom:1px dotted;}b,strong{font-weight:bold;}dfn{font-style:italic;}h1{font-size:2em;margin:0.67em 0;}mark{background:#ff0;color:#000;}small{font-size:80%;}sub,sup{font-size:75%;line-height:0;position:relative;vertical-align:baseline;}sup{top:-0.5em;}sub{bottom:-0.25em;}img{border:0;}svg:not(:root){overflow:hidden;}figure{margin:1em 40px;}hr{-moz-box-sizing:content-box;box-sizi
04-27 23:36:55.124 E/GeckoConsole(  823): [JavaScript Warning: "Expected color but found 'auto'.  Expected color but found '-webkit-focus-ring-color'.  Expected end of value but found '-webkit-focus-ring-color'.  Error in parsing value for 'outline'.  Declaration dropped." {file: "https://www.moedict.tw/styles.css" line: 1 column: 23221 source: "@charset "UTF-8";html{font-family:sans-serif;-ms-text-size-adjust:100%;-webkit-text-size-adjust:100%;}body{margin:0;}article,aside,details,figcaption,figure,footer,header,hgroup,main,nav,section,summary{display:block;}audio,canvas,progress,video{display:inline-block;vertical-align:baseline;}audio:not([controls]){display:none;height:0;}[hidden],template{display:none;}a{background:transparent;}a:active,a:hover{outline:0;}abbr[title]{border-bottom:1px dotted;}b,strong{font-weight:bold;}dfn{font-style:italic;}h1{font-size:2em;margin:0.67em 0;}mark{background:#ff0;color:#000;}small{font-size:80%;}sub,sup{font-size:75%;line-height:0;position:relative;vertical-align:baseline;}sup{top:-0.5em;}sub{bottom:-0.25em;}img
04-27 23:36:55.134 E/GeckoConsole(  823): [JavaScript Warning: "Unknown pseudo-class or pseudo-element '-ms-input-placeholder'.  Ruleset ignored due to bad selector." {file: "https://www.moedict.tw/styles.css" line: 1 column: 24094 source: "@charset "UTF-8";html{font-family:sans-serif;-ms-text-size-adjust:100%;-webkit-text-size-adjust:100%;}body{margin:0;}article,aside,details,figcaption,figure,footer,header,hgroup,main,nav,section,summary{display:block;}audio,canvas,progress,video{display:inline-block;vertical-align:baseline;}audio:not([controls]){display:none;height:0;}[hidden],template{display:none;}a{background:transparent;}a:active,a:hover{outline:0;}abbr[title]{border-bottom:1px dotted;}b,strong{font-weight:bold;}dfn{font-style:italic;}h1{font-size:2em;margin:0.67em 0;}mark{background:#ff0;color:#000;}small{font-size:80%;}sub,sup{font-size:75%;line-height:0;position:relative;vertical-align:baseline;}sup{top:-0.5em;}sub{bottom:-0.25em;}img{border:0;}svg:not(:root){overflow:hidden;}figure{margin:1em 40px;}hr{-moz-box-sizing:content-box;box-sizin
04-27 23:36:55.154 E/GeckoConsole(  823): [JavaScript Warning: "Unknown pseudo-class or pseudo-element '-webkit-input-placeholder'.  Ruleset ignored due to bad selector." {file: "https://www.moedict.tw/styles.css" line: 1 column: 24146 source: "@charset "UTF-8";html{font-family:sans-serif;-ms-text-size-adjust:100%;-webkit-text-size-adjust:100%;}body{margin:0;}article,aside,details,figcaption,figure,footer,header,hgroup,main,nav,section,summary{display:block;}audio,canvas,progress,video{display:inline-block;vertical-align:baseline;}audio:not([controls]){display:none;height:0;}[hidden],template{display:none;}a{background:transparent;}a:active,a:hover{outline:0;}abbr[title]{border-bottom:1px dotted;}b,strong{font-weight:bold;}dfn{font-style:italic;}h1{font-size:2em;margin:0.67em 0;}mark{background:#ff0;color:#000;}small{font-size:80%;}sub,sup{font-size:75%;line-height:0;position:relative;vertical-align:baseline;}sup{top:-0.5em;}sub{bottom:-0.25em;}img{border:0;}svg:not(:root){overflow:hidden;}figure{margin:1em 40px;}hr{-moz-box-sizing:content-box;box-s
04-27 23:36:55.164 E/GeckoConsole(  823): [JavaScript Warning: "Unknown property 'user-select'.  Declaration dropped." {file: "https://www.moedict.tw/styles.css" line: 1 column: 31069 source: "@charset "UTF-8";html{font-family:sans-serif;-ms-text-size-adjust:100%;-webkit-text-size-adjust:100%;}body{margin:0;}article,aside,details,figcaption,figure,footer,header,hgroup,main,nav,section,summary{display:block;}audio,canvas,progress,video{display:inline-block;vertical-align:baseline;}audio:not([controls]){display:none;height:0;}[hidden],template{display:none;}a{background:transparent;}a:active,a:hover{outline:0;}abbr[title]{border-bottom:1px dotted;}b,strong{font-weight:bold;}dfn{font-style:italic;}h1{font-size:2em;margin:0.67em 0;}mark{background:#ff0;color:#000;}small{font-size:80%;}sub,sup{font-size:75%;line-height:0;position:relative;vertical-align:baseline;}sup{top:-0.5em;}sub{bottom:-0.25em;}img{border:0;}svg:not(:root){overflow:hidden;}figure{margin:1em 40px;}hr{-moz-box-sizing:content-box;box-sizing:content-box;height:0;}pre{overflow:auto;}code,
04-27 23:36:55.174 E/GeckoConsole(  823): [JavaScript Warning: "Expected color but found 'auto'.  Expected color but found '-webkit-focus-ring-color'.  Expected end of value but found '-webkit-focus-ring-color'.  Error in parsing value for 'outline'.  Declaration dropped." {file: "https://www.moedict.tw/styles.css" line: 1 column: 31155 source: "@charset "UTF-8";html{font-family:sans-serif;-ms-text-size-adjust:100%;-webkit-text-size-adjust:100%;}body{margin:0;}article,aside,details,figcaption,figure,footer,header,hgroup,main,nav,section,summary{display:block;}audio,canvas,progress,video{display:inline-block;vertical-align:baseline;}audio:not([controls]){display:none;height:0;}[hidden],template{display:none;}a{background:transparent;}a:active,a:hover{outline:0;}abbr[title]{border-bottom:1px dotted;}b,strong{font-weight:bold;}dfn{font-style:italic;}h1{font-size:2em;margin:0.67em 0;}mark{background:#ff0;color:#000;}small{font-size:80%;}sub,sup{font-size:75%;line-height:0;position:relative;vertical-align:baseline;}sup{top:-0.5em;}sub{bottom:-0.25em;}img
04-27 23:36:55.194 E/GeckoConsole(  823): [JavaScript Warning: "Expected 'none' or URL but found 'alpha('.  Error in parsing value for 'filter'.  Declaration dropped." {file: "https://www.moedict.tw/styles.css" line: 1 column: 31531 source: "@charset "UTF-8";html{font-family:sans-serif;-ms-text-size-adjust:100%;-webkit-text-size-adjust:100%;}body{margin:0;}article,aside,details,figcaption,figure,footer,header,hgroup,main,nav,section,summary{display:block;}audio,canvas,progress,video{display:inline-block;vertical-align:baseline;}audio:not([controls]){display:none;height:0;}[hidden],template{display:none;}a{background:transparent;}a:active,a:hover{outline:0;}abbr[title]{border-bottom:1px dotted;}b,strong{font-weight:bold;}dfn{font-style:italic;}h1{font-size:2em;margin:0.67em 0;}mark{background:#ff0;color:#000;}small{font-size:80%;}sub,sup{font-size:75%;line-height:0;position:relative;vertical-align:baseline;}sup{top:-0.5em;}sub{bottom:-0.25em;}img{border:0;}svg:not(:root){overflow:hidden;}figure{margin:1em 40px;}hr{-moz-box-sizing:content-box;box-sizi
04-27 23:36:55.214 E/GeckoConsole(  823): [JavaScript Warning: "Unknown property '-moz-osx-font-smoothing'.  Declaration dropped." {file: "https://www.moedict.tw/styles.css" line: 1 column: 39405 source: "@charset "UTF-8";html{font-family:sans-serif;-ms-text-size-adjust:100%;-webkit-text-size-adjust:100%;}body{margin:0;}article,aside,details,figcaption,figure,footer,header,hgroup,main,nav,section,summary{display:block;}audio,canvas,progress,video{display:inline-block;vertical-align:baseline;}audio:not([controls]){display:none;height:0;}[hidden],template{display:none;}a{background:transparent;}a:active,a:hover{outline:0;}abbr[title]{border-bottom:1px dotted;}b,strong{font-weight:bold;}dfn{font-style:italic;}h1{font-size:2em;margin:0.67em 0;}mark{background:#ff0;color:#000;}small{font-size:80%;}sub,sup{font-size:75%;line-height:0;position:relative;vertical-align:baseline;}sup{top:-0.5em;}sub{bottom:-0.25em;}img{border:0;}svg:not(:root){overflow:hidden;}figure{margin:1em 40px;}hr{-moz-box-sizing:content-box;box-sizing:content-box;height:0;}pre{overflow
04-27 23:36:55.244 E/GeckoConsole(  823): [JavaScript Warning: "Expected 'none' or URL but found 'progid'.  Error in parsing value for 'filter'.  Declaration dropped." {file: "https://www.moedict.tw/styles.css" line: 1 column: 49704 source: "@charset "UTF-8";html{font-family:sans-serif;-ms-text-size-adjust:100%;-webkit-text-size-adjust:100%;}body{margin:0;}article,aside,details,figcaption,figure,footer,header,hgroup,main,nav,section,summary{display:block;}audio,canvas,progress,video{display:inline-block;vertical-align:baseline;}audio:not([controls]){display:none;height:0;}[hidden],template{display:none;}a{background:transparent;}a:active,a:hover{outline:0;}abbr[title]{border-bottom:1px dotted;}b,strong{font-weight:bold;}dfn{font-style:italic;}h1{font-size:2em;margin:0.67em 0;}mark{background:#ff0;color:#000;}small{font-size:80%;}sub,sup{font-size:75%;line-height:0;position:relative;vertical-align:baseline;}sup{top:-0.5em;}sub{bottom:-0.25em;}img{border:0;}svg:not(:root){overflow:hidden;}figure{margin:1em 40px;}hr{-moz-box-sizing:content-box;box-sizi
04-27 23:36:55.264 E/GeckoConsole(  823): [JavaScript Warning: "Error in parsing value for 'background-image'.  Declaration dropped." {file: "https://www.moedict.tw/styles.css" line: 43 column: 20 source: "  background-image: -webkit-linear-gradient(45deg, rgba(255, 255, 255, 0.15) 25%, transparent 25%, transparent 50%, rgba(255, 255, 255, 0.15) 50%, rgba(255, 255, 255, 0.15) 75%, transparent 75%, transparent);"}]
04-27 23:36:55.264 E/GeckoConsole(  823): [JavaScript Warning: "Error in parsing value for 'background-image'.  Declaration dropped." {file: "https://www.moedict.tw/styles.css" line: 57 column: 20 source: "  background-image: -webkit-linear-gradient(45deg, rgba(255, 255, 255, 0.15) 25%, transparent 25%, transparent 50%, rgba(255, 255, 255, 0.15) 50%, rgba(255, 255, 255, 0.15) 75%, transparent 75%, transparent);"}]
04-27 23:36:55.264 E/GeckoConsole(  823): [JavaScript Warning: "Error in parsing value for 'background-image'.  Declaration dropped." {file: "https://www.moedict.tw/styles.css" line: 65 column: 20 source: "  background-image: -webkit-linear-gradient(45deg, rgba(255, 255, 255, 0.15) 25%, transparent 25%, transparent 50%, rgba(255, 255, 255, 0.15) 50%, rgba(255, 255, 255, 0.15) 75%, transparent 75%, transparent);"}]
04-27 23:36:55.264 E/GeckoConsole(  823): [JavaScript Warning: "Error in parsing value for 'background-image'.  Declaration dropped." {file: "https://www.moedict.tw/styles.css" line: 73 column: 20 source: "  background-image: -webkit-linear-gradient(45deg, rgba(255, 255, 255, 0.15) 25%, transparent 25%, transparent 50%, rgba(255, 255, 255, 0.15) 50%, rgba(255, 255, 255, 0.15) 75%, transparent 75%, transparent);"}]
04-27 23:36:55.264 E/GeckoConsole(  823): [JavaScript Warning: "Error in parsing value for 'background-image'.  Declaration dropped." {file: "https://www.moedict.tw/styles.css" line: 81 column: 20 source: "  background-image: -webkit-linear-gradient(45deg, rgba(255, 255, 255, 0.15) 25%, transparent 25%, transparent 50%, rgba(255, 255, 255, 0.15) 50%, rgba(255, 255, 255, 0.15) 75%, transparent 75%, transparent);"}]
04-27 23:36:55.264 E/GeckoConsole(  823): [JavaScript Warning: "Unknown property 'zoom'.  Declaration dropped." {file: "https://www.moedict.tw/styles.css" line: 88 column: 6 source: "  zoom: 1;"}]
04-27 23:36:55.274 E/GeckoConsole(  823): [JavaScript Warning: "Expected 'none' or URL but found 'alpha('.  Error in parsing value for 'filter'.  Declaration dropped." {file: "https://www.moedict.tw/styles.css" line: 602 column: 10 source: "  filter: alpha(opacity=20);"}]
04-27 23:36:55.274 E/GeckoConsole(  823): [JavaScript Warning: "Expected 'none' or URL but found 'alpha('.  Error in parsing value for 'filter'.  Declaration dropped." {file: "https://www.moedict.tw/styles.css" line: 609 column: 10 source: "  filter: alpha(opacity=50);"}]
04-27 23:36:55.274 E/GeckoConsole(  823): [JavaScript Warning: "Expected 'none' or URL but found 'alpha('.  Error in parsing value for 'filter'.  Declaration dropped." {file: "https://www.moedict.tw/styles.css" line: 681 column: 10 source: "  filter: alpha(opacity=0);"}]
04-27 23:36:55.274 E/GeckoConsole(  823): [JavaScript Warning: "Expected 'none' or URL but found 'alpha('.  Error in parsing value for 'filter'.  Declaration dropped." {file: "https://www.moedict.tw/styles.css" line: 685 column: 10 source: "  filter: alpha(opacity=50);"}]
04-27 23:36:55.274 E/GeckoConsole(  823): [JavaScript Warning: "Expected 'none' or URL but found 'alpha('.  Error in parsing value for 'filter'.  Declaration dropped." {file: "https://www.moedict.tw/styles.css" line: 759 column: 10 source: "  filter: alpha(opacity=0);"}]
04-27 23:36:55.274 E/GeckoConsole(  823): [JavaScript Warning: "Expected 'none' or URL but found 'alpha('.  Error in parsing value for 'filter'.  Declaration dropped." {file: "https://www.moedict.tw/styles.css" line: 763 column: 10 source: "  filter: alpha(opacity=90);"}]
04-27 23:36:55.284 E/GeckoConsole(  823): [JavaScript Warning: "Error in parsing value for 'border-top-color'.  Declaration dropped." {file: "https://www.moedict.tw/styles.css" line: 922 column: 20 source: "  border-top-color: fadein(rgba(0, 0, 0, 0.2), 5%);"}]
04-27 23:36:55.284 E/GeckoConsole(  823): [JavaScript Warning: "Error in parsing value for 'border-right-color'.  Declaration dropped." {file: "https://www.moedict.tw/styles.css" line: 938 column: 22 source: "  border-right-color: fadein(rgba(0, 0, 0, 0.2), 5%);"}]
04-27 23:36:55.284 E/GeckoConsole(  823): [JavaScript Warning: "Error in parsing value for 'border-bottom-color'.  Declaration dropped." {file: "https://www.moedict.tw/styles.css" line: 952 column: 23 source: "  border-bottom-color: fadein(rgba(0, 0, 0, 0.2), 5%);"}]
04-27 23:36:55.284 E/GeckoConsole(  823): [JavaScript Warning: "Error in parsing value for 'border-left-color'.  Declaration dropped." {file: "https://www.moedict.tw/styles.css" line: 968 column: 21 source: "  border-left-color: fadein(rgba(0, 0, 0, 0.2), 5%);"}]
04-27 23:36:55.284 E/GeckoConsole(  823): [JavaScript Warning: "Expected 'none' or URL but found 'alpha('.  Error in parsing value for 'filter'.  Declaration dropped." {file: "https://www.moedict.tw/styles.css" line: 1038 column: 10 source: "  filter: alpha(opacity=50);"}]
04-27 23:36:55.284 E/GeckoConsole(  823): [JavaScript Warning: "Error in parsing value for 'background-image'.  Declaration dropped." {file: "https://www.moedict.tw/styles.css" line: 1045 column: 20 source: "  background-image: -webkit-linear-gradient(left, color-stop(rgba(0, 0, 0, 0.5) 0%), color-stop(rgba(0, 0, 0, 0.0001) 100%));"}]
04-27 23:36:55.284 E/GeckoConsole(  823): [JavaScript Warning: "Expected 'none' or URL but found 'progid'.  Error in parsing value for 'filter'.  Declaration dropped." {file: "https://www.moedict.tw/styles.css" line: 1048 column: 10 source: "  filter: progid:DXImageTransform.Microsoft.gradient(startColorstr='#80000000', endColorstr='#00000000', GradientType=1);"}]
04-27 23:36:55.284 E/GeckoConsole(  823): [JavaScript Warning: "Error in parsing value for 'background-image'.  Declaration dropped." {file: "https://www.moedict.tw/styles.css" line: 1053 column: 20 source: "  background-image: -webkit-linear-gradient(left, color-stop(rgba(0, 0, 0, 0.0001) 0%), color-stop(rgba(0, 0, 0, 0.5) 100%));"}]
04-27 23:36:55.284 E/GeckoConsole(  823): [JavaScript Warning: "Expected 'none' or URL but found 'progid'.  Error in parsing value for 'filter'.  Declaration dropped." {file: "https://www.moedict.tw/styles.css" line: 1056 column: 10 source: "  filter: progid:DXImageTransform.Microsoft.gradient(startColorstr='#00000000', endColorstr='#80000000', GradientType=1);"}]
04-27 23:36:55.284 E/GeckoConsole(  823): [JavaScript Warning: "Expected 'none' or URL but found 'alpha('.  Error in parsing value for 'filter'.  Declaration dropped." {file: "https://www.moedict.tw/styles.css" line: 1063 column: 10 source: "  filter: alpha(opacity=90);"}]
04-27 23:36:55.284 E/GeckoConsole(  823): [JavaScript Warning: "Expected end of value but found '\9 '.  Error in parsing value for 'background-color'.  Declaration dropped." {file: "https://www.moedict.tw/styles.css" line: 1117 column: 25 source: "  background-color: #000 \9;"}]
04-27 23:36:55.294 E/GeckoConsole(  823): [JavaScript Warning: "Error in parsing value for 'font-family'.  Skipped to next declaration." {file: "https://www.moedict.tw/styles.css" line: 1636 column: 22 source: "  font-family: cursive;"}]
04-27 23:36:55.294 E/GeckoConsole(  823): [JavaScript Warning: "Error in parsing value for 'font-family'.  Skipped to next declaration." {file: "https://www.moedict.tw/styles.css" line: 1663 column: 22 source: "  font-family: cursive;"}]
04-27 23:36:55.304 E/GeckoConsole(  823): [JavaScript Warning: "Unknown property 'box-sizing'.  Declaration dropped." {file: "https://www.moedict.tw/styles.css" line: 2410 column: 12 source: "  box-sizing: border-box;"}]
04-27 23:36:55.304 E/GeckoConsole(  823): [JavaScript Warning: "Unknown property 'box-sizing'.  Declaration dropped." {file: "https://www.moedict.tw/styles.css" line: 2464 column: 12 source: "  box-sizing: border-box;"}]
04-27 23:36:55.304 E/GeckoConsole(  823): [JavaScript Warning: "Unknown property '-moz-text-emphasis'.  Declaration dropped." {file: "https://www.moedict.tw/styles.css" line: 2475 column: 20 source: "  -moz-text-emphasis: none;"}]
04-27 23:36:55.304 E/GeckoConsole(  823): [JavaScript Warning: "Unknown property 'text-emphasis'.  Declaration dropped." {file: "https://www.moedict.tw/styles.css" line: 2477 column: 15 source: "  text-emphasis: none;"}]
04-27 23:36:55.304 E/GeckoConsole(  823): [JavaScript Warning: "Unknown property '-moz-text-emphasis-position'.  Declaration dropped." {file: "https://www.moedict.tw/styles.css" line: 2478 column: 29 source: "  -moz-text-emphasis-position: under;"}]
04-27 23:36:55.304 E/GeckoConsole(  823): [JavaScript Warning: "Unknown property 'text-emphasis-position'.  Declaration dropped." {file: "https://www.moedict.tw/styles.css" line: 2480 column: 24 source: "  text-emphasis-position: under;"}]
04-27 23:36:55.314 E/GeckoConsole(  823): [JavaScript Warning: "Expected declaration but found '*'.  Skipped to next declaration." {file: "https://www.moedict.tw/styles.css" line: 2652 column: 2 source: "  *margin-right: .3em;"}]
04-27 23:36:55.314 E/GeckoConsole(  823): [JavaScript Warning: "Unknown property 'speak'.  Declaration dropped." {file: "https://www.moedict.tw/styles.css" line: 2659 column: 7 source: "  speak: none;"}]
04-27 23:36:55.314 E/GeckoConsole(  823): [JavaScript Warning: "Unknown property '-moz-border-radius'.  Declaration dropped." {file: "https://www.moedict.tw/styles.css" line: 2726 column: 20 source: "  -moz-border-radius: 3px;"}]
04-27 23:36:55.314 E/GeckoConsole(  823): [JavaScript Warning: "Unknown property '-moz-border-radius'.  Declaration dropped." {file: "https://www.moedict.tw/styles.css" line: 2737 column: 20 source: "  -moz-border-radius: 4px;"}]
04-27 23:36:55.314 E/GeckoConsole(  823): [JavaScript Warning: "Unknown property '-moz-border-radius'.  Declaration dropped." {file: "https://www.moedict.tw/styles.css" line: 2748 column: 20 source: "  -moz-border-radius: 5px;"}]
04-27 23:36:55.314 E/GeckoConsole(  823): [JavaScript Warning: "Unknown property '-moz-border-radius'.  Declaration dropped." {file: "https://www.moedict.tw/styles.css" line: 2759 column: 20 source: "  -moz-border-radius: 6px;"}]
04-27 23:36:55.314 E/GeckoConsole(  823): [JavaScript Warning: "Unknown property '-moz-border-radius'.  Declaration dropped." {file: "https://www.moedict.tw/styles.css" line: 2770 column: 20 source: "  -moz-border-radius: 7px;"}]
04-27 23:36:55.314 E/GeckoConsole(  823): [JavaScript Warning: "Expected declaration but found '*'.  Skipped to next declaration." {file: "https://www.moedict.tw/styles.css" line: 2911 column: 2 source: "  *line-height: 2em;"}]
04-27 23:36:55.314 E/GeckoConsole(  823): [JavaScript Warning: "Expected declaration but found '*'.  Skipped to next declaration." {file: "https://www.moedict.tw/styles.css" line: 2916 column: 2 source: "  *line-height: 1em;"}]
04-27 23:36:55.314 E/GeckoConsole(  823): [JavaScript Warning: "Expected 'none' or URL but found 'progid'.  Error in parsing value for 'filter'.  Declaration dropped." {file: "https://www.moedict.tw/styles.css" line: 2992 column: 10 source: "  filter: progid:DXImageTransform.Microsoft.BasicImage(rotation=1);"}]
04-27 23:36:55.314 E/GeckoConsole(  823): [JavaScript Warning: "Expected 'none' or URL but found 'progid'.  Error in parsing value for 'filter'.  Declaration dropped." {file: "https://www.moedict.tw/styles.css" line: 3001 column: 10 source: "  filter: progid:DXImageTransform.Microsoft.BasicImage(rotation=2);"}]
04-27 23:36:55.324 E/GeckoConsole(  823): [JavaScript Warning: "Expected 'none' or URL but found 'progid'.  Error in parsing value for 'filter'.  Declaration dropped." {file: "https://www.moedict.tw/styles.css" line: 3010 column: 10 source: "  filter: progid:DXImageTransform.Microsoft.BasicImage(rotation=3);"}]
04-27 23:36:55.334 E/GeckoConsole(  823): [JavaScript Warning: "Unknown pseudo-class or pseudo-element '-webkit-scrollbar'.  Ruleset ignored due to bad selector." {file: "https://www.moedict.tw/styles.css" line: 4577 column: 7 source: ".ios ::-webkit-scrollbar, .web ::-webkit-scrollbar {"}]
04-27 23:36:55.334 E/GeckoConsole(  823): [JavaScript Warning: "Unknown pseudo-class or pseudo-element '-webkit-scrollbar-thumb'.  Ruleset ignored due to bad selector." {file: "https://www.moedict.tw/styles.css" line: 4582 column: 7 source: ".ios ::-webkit-scrollbar-thumb, .web ::-webkit-scrollbar-thumb {"}]
04-27 23:36:55.334 E/GeckoConsole(  823): [JavaScript Warning: "Expected media feature name but found '-webkit-min-device-pixel-ratio'." {file: "https://www.moedict.tw/styles.css" line: 4592 column: 8 source: "@media (-webkit-min-device-pixel-ratio: 1.3), (-o-min-device-pixel-ratio: 2.6 / 2), (min--moz-device-pixel-ratio: 1.3), (min-device-pixel-ratio: 1.3), (min-resolution: 1.3dppx) {"}]
04-27 23:36:55.334 E/GeckoConsole(  823): [JavaScript Warning: "Expected media feature name but found '-o-min-device-pixel-ratio'." {file: "https://www.moedict.tw/styles.css" line: 4592 column: 47 source: "@media (-webkit-min-device-pixel-ratio: 1.3), (-o-min-device-pixel-ratio: 2.6 / 2), (min--moz-device-pixel-ratio: 1.3), (min-device-pixel-ratio: 1.3), (min-resolution: 1.3dppx) {"}]
04-27 23:36:55.334 E/GeckoConsole(  823): [JavaScript Warning: "Expected media feature name but found 'min-device-pixel-ratio'." {file: "https://www.moedict.tw/styles.css" line: 4592 column: 121 source: "@media (-webkit-min-device-pixel-ratio: 1.3), (-o-min-device-pixel-ratio: 2.6 / 2), (min--moz-device-pixel-ratio: 1.3), (min-device-pixel-ratio: 1.3), (min-resolution: 1.3dppx) {"}]
04-27 23:36:55.334 E/GeckoConsole(  823): [JavaScript Warning: "Unknown property '-moz-background-size'.  Declaration dropped." {file: "https://www.moedict.tw/styles.css" line: 4596 column: 24 source: "    -moz-background-size: 40px 40px;"}]
04-27 23:36:55.334 E/GeckoConsole(  823): [JavaScript Warning: "Unknown property 'font-smooth'.  Declaration dropped." {file: "https://www.moedict.tw/styles.css" line: 4609 column: 13 source: "  font-smooth: always;"}]
04-27 23:36:55.334 E/GeckoConsole(  823): [JavaScript Warning: "Expected media feature name but found '-webkit-min-device-pixel-ratio'." {file: "https://www.moedict.tw/styles.css" line: 4654 column: 8 source: "@media (-webkit-min-device-pixel-ratio: 1.3), (-o-min-device-pixel-ratio: 2.6 / 2), (min--moz-device-pixel-ratio: 1.3), (min-device-pixel-ratio: 1.3), (min-resolution: 1.3dppx) {"}]
04-27 23:36:55.334 E/GeckoConsole(  823): [JavaScript Warning: "Expected media feature name but found '-o-min-device-pixel-ratio'." {file: "https://www.moedict.tw/styles.css" line: 4654 column: 47 source: "@media (-webkit-min-device-pixel-ratio: 1.3), (-o-min-device-pixel-ratio: 2.6 / 2), (min--moz-device-pixel-ratio: 1.3), (min-device-pixel-ratio: 1.3), (min-resolution: 1.3dppx) {"}]
04-27 23:36:55.334 E/GeckoConsole(  823): [JavaScript Warning: "Expected media feature name but found 'min-device-pixel-ratio'." {file: "https://www.moedict.tw/styles.css" line: 4654 column: 121 source: "@media (-webkit-min-device-pixel-ratio: 1.3), (-o-min-device-pixel-ratio: 2.6 / 2), (min--moz-device-pixel-ratio: 1.3), (min-device-pixel-ratio: 1.3), (min-resolution: 1.3dppx) {"}]
04-27 23:36:55.334 E/GeckoConsole(  823): [JavaScript Warning: "Unknown property '-moz-background-size'.  Declaration dropped." {file: "https://www.moedict.tw/styles.css" line: 4658 column: 24 source: "    -moz-background-size: 400px 219px;"}]
04-27 23:36:55.344 E/GeckoConsole(  823): [JavaScript Warning: "Unknown property 'box-sizing'.  Declaration dropped." {file: "https://www.moedict.tw/styles.css" line: 4893 column: 12 source: "  box-sizing: border-box;"}]
04-27 23:36:55.344 E/GeckoConsole(  823): [JavaScript Warning: "Unknown property 'box-sizing'.  Declaration dropped." {file: "https://www.moedict.tw/styles.css" line: 4931 column: 12 source: "  box-sizing: border-box;"}]
04-27 23:36:55.344 E/GeckoConsole(  823): [JavaScript Warning: "Unknown pseudo-class or pseudo-element '-webkit-search-cancel-button'.  Ruleset ignored due to bad selector." {file: "https://www.moedict.tw/styles.css" line: 4938 column: 2 source: "::-webkit-search-cancel-button {"}]
04-27 23:36:55.344 E/GeckoConsole(  823): [JavaScript Warning: "Unknown property 'box-sizing'.  Declaration dropped." {file: "https://www.moedict.tw/styles.css" line: 5000 column: 12 source: "  box-sizing: border-box;"}]
04-27 23:36:55.344 E/GeckoConsole(  823): [JavaScript Warning: "Error in parsing value for 'font-weight'.  Declaration dropped." {file: "https://www.moedict.tw/styles.css" line: 5296 column: 15 source: "  font-weight: 501;"}]
04-27 23:36:55.354 E/GeckoConsole(  823): [JavaScript Warning: "Error in parsing value for 'background-image'.  Declaration dropped." {file: "https://www.moedict.tw/styles.css" line: 5438 column: 20 source: "  background-image: #ddd !important;"}]
04-27 23:36:55.354 E/GeckoConsole(  823): [JavaScript Warning: "Error in parsing value for 'font-weight'.  Declaration dropped." {file: "https://www.moedict.tw/styles.css" line: 5480 column: 15 source: "  font-weight: 501;"}]
04-27 23:36:55.354 E/GeckoConsole(  823): [JavaScript Warning: "Unknown property 'font-feature-settings'.  Declaration dropped." {file: "https://www.moedict.tw/styles.css" line: 5589 column: 23 source: "  font-feature-settings: normal !important;"}]
04-27 23:36:55.354 E/GeckoConsole(  823): [JavaScript Warning: "Unknown property 'font-feature-settings'.  Declaration dropped." {file: "https://www.moedict.tw/styles.css" line: 5597 column: 23 source: "  font-feature-settings: "liga", "dlig", "kern" on;"}]
04-27 23:36:55.354 E/GeckoConsole(  823): [JavaScript Warning: "Unknown property 'box-sizing'.  Declaration dropped." {file: "https://www.moedict.tw/styles.css" line: 5617 column: 12 source: "  box-sizing: border-box;"}]
04-27 23:36:55.354 E/GeckoConsole(  823): [JavaScript Warning: "Error in parsing value for 'word-break'.  Declaration dropped." {file: "https://www.moedict.tw/styles.css" line: 5711 column: 14 source: "  word-break: break-word;"}]
04-27 23:36:55.354 E/GeckoConsole(  823): [JavaScript Warning: "Unknown property 'hyphens'.  Declaration dropped." {file: "https://www.moedict.tw/styles.css" line: 5714 column: 9 source: "  hyphens: auto;"}]
04-27 23:36:55.354 E/GeckoConsole(  823): [JavaScript Warning: "Error in parsing value for 'min-width'.  Declaration dropped." {file: "https://www.moedict.tw/styles.css" line: 5831 column: 13 source: "  min-width: auto;"}]
04-27 23:36:55.364 E/GeckoConsole(  823): [JavaScript Warning: "Error in parsing value for 'visibility'.  Declaration dropped." {file: "https://www.moedict.tw/styles.css" line: 5994 column: 14 source: "  visibility: visibility !important;"}]
04-27 23:36:55.364 E/GeckoConsole(  823): [JavaScript Warning: "Unknown property 'text-decoration-color'.  Declaration dropped." {file: "https://www.moedict.tw/styles.css" line: 6060 column: 23 source: "  text-decoration-color: #aaf !important;"}]
04-27 23:36:55.364 E/GeckoConsole(  823): [JavaScript Warning: "Unknown property 'text-decoration-color'.  Declaration dropped." {file: "https://www.moedict.tw/styles.css" line: 6068 column: 23 source: "  text-decoration-color: #aaf !important;"}]
04-27 23:36:55.614 E/GeckoConsole(  823): [JavaScript Warning: "Unknown property 'margin-botom'.  Declaration dropped." {file: "https://www.moedict.tw/index.html" line: 0 column: 36 source: "font-family: "MOEDICT"; margin-botom: 40px"}]
04-27 23:36:56.164 I/Gecko   (   83): [Parent 83] WARNING: waitpid failed pid:788 errno:10: file ../../../gecko/ipc/chromium/src/base/process_util_posix.cc, line 254
04-27 23:36:56.164 I/Gecko   (   83): [Parent 83] WARNING: Failed to deliver SIGKILL to 788!(3).: file ../../../gecko/ipc/chromium/src/chrome/common/process_watcher_posix_sigchld.cc, line 118
04-27 23:36:56.304 E/GeckoConsole(  823): [JavaScript Warning: "Unknown property 'box-sizing'.  Declaration dropped." {file: "https://www.moedict.tw/index.html" line: 0 column: 67 source: "-webkit-box-sizing:border-box;-moz-box-sizing:border-box;box-sizing:border-box;position:absolute;display:block;padding:1px;border:1px;width:4px;margin-top:1%;top:1%"}]
04-27 23:36:59.544 W/WifiHW  (   83): wifi_command: SIGNAL_POLL
04-27 23:37:04.544 W/WifiHW  (   83): wifi_command: SIGNAL_POLL
04-27 23:37:09.544 W/WifiHW  (   83): wifi_command: SIGNAL_POLL
04-27 23:37:11.194 E/GeckoConsole(  823): [JavaScript Error: "downloadable font: invalid version tag (font-family: "MOEDICT" style:normal weight:normal stretch:normal src index:1)
04-27 23:37:11.194 E/GeckoConsole(  823): source: https://www.moedict.tw/fonts/MOEDICT.eot" {file: "https://www.moedict.tw/styles.css" line: 0 column: 0 source: "@font-face {
04-27 23:37:11.194 E/GeckoConsole(  823):   font-family: "MOEDICT";
04-27 23:37:11.194 E/GeckoConsole(  823):   src: url("fonts/MOEDICT.eot?#iefix") format("eot"), url("fonts/MOEDICT.eot") format("truetype"), url("fonts/MOEDICT.ttf") format("truetype");
04-27 23:37:11.194 E/GeckoConsole(  823): }"}]
04-27 23:37:11.204 E/GeckoConsole(  823): [JavaScript Error: "downloadable font: rejected by sanitizer (font-family: "MOEDICT" style:normal weight:normal stretch:normal src index:1)
04-27 23:37:11.204 E/GeckoConsole(  823): source: https://www.moedict.tw/fonts/MOEDICT.eot" {file: "https://www.moedict.tw/styles.css" line: 0 column: 0 source: "@font-face {
04-27 23:37:11.204 E/GeckoConsole(  823):   font-family: "MOEDICT";
04-27 23:37:11.204 E/GeckoConsole(  823):   src: url("fonts/MOEDICT.eot?#iefix") format("eot"), url("fonts/MOEDICT.eot") format("truetype"), url("fonts/MOEDICT.ttf") format("truetype");
04-27 23:37:11.204 E/GeckoConsole(  823): }"}]
04-27 23:37:11.214 E/GeckoConsole(  823): [JavaScript Error: "downloadable font: invalid version tag (font-family: "Fira Sans OT" style:normal weight:normal stretch:normal src index:1)
04-27 23:37:11.214 E/GeckoConsole(  823): source: https://www.moedict.tw/fonts/FiraSansOT-Regular.eot" {file: "https://www.moedict.tw/styles.css" line: 0 column: 0 source: "@font-face {
04-27 23:37:11.214 E/GeckoConsole(  823):   font-family: "Fira Sans OT";
04-27 23:37:11.214 E/GeckoConsole(  823):   src: url("fonts/FiraSansOT-Regular.eot?#iefix") format("eot"), url("fonts/FiraSansOT-Regular.eot") format("truetype"), url("fonts/FiraSansOT-Regular.ttf") format("truetype");
04-27 23:37:11.214 E/GeckoConsole(  823): }"}]
04-27 23:37:11.214 E/GeckoConsole(  823): [JavaScript Error: "downloadable font: rejected by sanitizer (font-family: "Fira Sans OT" style:normal weight:normal stretch:normal src index:1)
04-27 23:37:11.214 E/GeckoConsole(  823): source: https://www.moedict.tw/fonts/FiraSansOT-Regular.eot" {file: "https://www.moedict.tw/styles.css" line: 0 column: 0 source: "@font-face {
04-27 23:37:11.214 E/GeckoConsole(  823):   font-family: "Fira Sans OT";
04-27 23:37:11.214 E/GeckoConsole(  823):   src: url("fonts/FiraSansOT-Regular.eot?#iefix") format("eot"), url("fonts/FiraSansOT-Regular.eot") format("truetype"), url("fonts/FiraSansOT-Regular.ttf") format("truetype");
04-27 23:37:11.214 E/GeckoConsole(  823): }"}]
04-27 23:37:11.584 E/GeckoConsole(  823): [JavaScript Error: "downloadable font: invalid version tag (font-family: "EBAS" style:normal weight:normal stretch:normal src index:1)
04-27 23:37:11.584 E/GeckoConsole(  823): source: https://www.moedict.tw/fonts/EBAS-Subset.eot" {file: "https://www.moedict.tw/styles.css" line: 0 column: 0 source: "@font-face {
04-27 23:37:11.584 E/GeckoConsole(  823):   font-family: "EBAS";
04-27 23:37:11.584 E/GeckoConsole(  823):   src: url("fonts/EBAS-Subset.eot?#iefix") format("eot"), url("fonts/EBAS-Subset.eot") format("truetype"), url("fonts/EBAS-Subset.ttf") format("truetype");
04-27 23:37:11.584 E/GeckoConsole(  823): }"}]
04-27 23:37:11.584 E/GeckoConsole(  823): [JavaScript Error: "downloadable font: rejected by sanitizer (font-family: "EBAS" style:normal weight:normal stretch:normal src index:1)
04-27 23:37:11.584 E/GeckoConsole(  823): source: https://www.moedict.tw/fonts/EBAS-Subset.eot" {file: "https://www.moedict.tw/styles.css" line: 0 column: 0 source: "@font-face {
04-27 23:37:11.584 E/GeckoConsole(  823):   font-family: "EBAS";
04-27 23:37:11.584 E/GeckoConsole(  823):   src: url("fonts/EBAS-Subset.eot?#iefix") format("eot"), url("fonts/EBAS-Subset.eot") format("truetype"), url("fonts/EBAS-Subset.ttf") format("truetype");
04-27 23:37:11.584 E/GeckoConsole(  823): }"}]
04-27 23:37:14.814 W/WifiHW  (   83): wifi_command: SIGNAL_POLL
04-27 23:37:19.824 W/WifiHW  (   83): wifi_command: SIGNAL_POLL
04-27 23:37:21.774 I/Gecko   (   83): 1398667041776	Marionette	INFO	sendToClient: {"from":"0","error":{"message":"timed out","status":28,"stacktrace":null}}, {b0670c8a-e2e3-42fe-ac2a-6615b01446fd}, {b0670c8a-e2e3-42fe-ac2a-6615b01446fd}
04-27 23:37:21.874 I/Gecko   (   83): 1398667041882	Marionette	DEBUG	Got request: switchToFrame, data: {"to":"0","sessionId":"3-b2g","name":"switchToFrame","parameters":{"id":null,"focus":true}}, id: {48146a3b-6bc9-40ed-aaeb-e3660de9a11c}
04-27 23:37:21.914 I/Gecko   (   83): 1398667041923	Marionette	INFO	Switched to frame: {"frameValue":null}
04-27 23:37:22.014 I/Gecko   (   83): 1398667042029	Marionette	INFO	sendToClient: {"from":"0","ok":true}, {48146a3b-6bc9-40ed-aaeb-e3660de9a11c}, {48146a3b-6bc9-40ed-aaeb-e3660de9a11c}
04-27 23:37:22.044 I/Gecko   (   83): 1398667042051	Marionette	DEBUG	Got request: executeWithCallback, data: {"to":"0","sessionId":"3-b2g","name":"executeAsyncScript","parameters":{"specialPowers":false,"scriptTimeout":60000,"newSandbox":true,"args":[],"filename":"app_checker.py","script":"\n        GaiaApps.locateWithManifestURL('https://www.moedict.tw/manifest.webapp',\n                                       null,\n                                       function uninstall(app) {\n                                       navigator.mozApps.mgmt.uninstall(app);\n                                       marionetteScriptFinished(true);\n                                       });\n        ","line":129}}, id: {c3fec669-84b6-4ac9-8403-01eb87322fa3}
04-27 23:37:22.394 I/Gecko   (   83): -- webapps.js uninstall https://www.moedict.tw/manifest.webapp
04-27 23:37:23.284 I/Gecko   (   83): 1398667043291	Marionette	INFO	sendToClient: {"from":"0","value":true}, {c3fec669-84b6-4ac9-8403-01eb87322fa3}, {c3fec669-84b6-4ac9-8403-01eb87322fa3}