--------- beginning of /dev/log/main
04-28 08:56:54.716 I/Gecko   (   83): 1398700614728	Marionette	INFO	sendToClient: {"from":"0","ok":true}, {991fb611-95fd-474c-bcff-505ac616dc58}, {991fb611-95fd-474c-bcff-505ac616dc58}
04-28 08:56:54.776 I/Gecko   (   83): 1398700614789	Marionette	DEBUG	Got request: switchToFrame, data: {"to":"0","sessionId":"3-b2g","name":"switchToFrame","parameters":{"id":null,"focus":true}}, id: {91f0c366-6f0c-41b9-8838-58347494f2f8}
04-28 08:56:54.796 I/Gecko   (   83): 1398700614808	Marionette	INFO	Switched to frame: {"frameValue":null}
04-28 08:56:54.896 I/Gecko   (   83): 1398700614910	Marionette	INFO	sendToClient: {"from":"0","ok":true}, {91f0c366-6f0c-41b9-8838-58347494f2f8}, {91f0c366-6f0c-41b9-8838-58347494f2f8}
04-28 08:56:54.906 I/Gecko   (   83): 1398700614925	Marionette	DEBUG	Got request: executeWithCallback, data: {"to":"0","sessionId":"3-b2g","name":"executeAsyncScript","parameters":{"specialPowers":false,"scriptTimeout":null,"newSandbox":true,"args":[],"filename":"gaia_test.py","script":"return GaiaApps.displayedApp();","line":66}}, id: {63dc5e16-cbc4-4d24-a52c-b9d36f29572d}
04-28 08:56:55.016 I/Gecko   (   83): 1398700615035	Marionette	INFO	sendToClient: {"from":"0","value":{"frame":{"ELEMENT":"{d510cc73-8a14-4a15-b0bd-6c79ea961c29}"},"src":"app://homescreen.gaiamobile.org/index.html#root","name":"Homescreen","origin":"app://homescreen.gaiamobile.org"}}, {63dc5e16-cbc4-4d24-a52c-b9d36f29572d}, {63dc5e16-cbc4-4d24-a52c-b9d36f29572d}
04-28 08:56:55.026 E/GeckoConsole(   83): Content JS LOG at dummy file:392 in GaiaApps.displayedApp: app with origin 'app://homescreen.gaiamobile.org' is displayed
04-28 08:56:55.046 I/Gecko   (   83): 1398700615058	Marionette	DEBUG	Got request: switchToFrame, data: {"to":"0","sessionId":"3-b2g","name":"switchToFrame","parameters":{"id":null,"focus":true}}, id: {9c42c603-fabb-41eb-a3e2-827a06554cde}
04-28 08:56:55.066 I/Gecko   (   83): 1398700615080	Marionette	INFO	Switched to frame: {"frameValue":null}
04-28 08:56:55.166 I/Gecko   (   83): 1398700615183	Marionette	INFO	sendToClient: {"from":"0","ok":true}, {9c42c603-fabb-41eb-a3e2-827a06554cde}, {9c42c603-fabb-41eb-a3e2-827a06554cde}
04-28 08:56:55.176 I/Gecko   (   83): 1398700615189	Marionette	DEBUG	Got request: switchToFrame, data: {"to":"0","sessionId":"3-b2g","name":"switchToFrame","parameters":{"id":null,"focus":true}}, id: {142d3fc0-178a-4947-a1da-8932e1a6c36d}
04-28 08:56:55.176 I/Gecko   (   83): 1398700615191	Marionette	INFO	Switched to frame: {"frameValue":null}
04-28 08:56:55.266 W/WifiHW  (   83): wifi_command: SIGNAL_POLL
04-28 08:56:55.286 I/Gecko   (   83): 1398700615298	Marionette	INFO	sendToClient: {"from":"0","ok":true}, {142d3fc0-178a-4947-a1da-8932e1a6c36d}, {142d3fc0-178a-4947-a1da-8932e1a6c36d}
04-28 08:56:55.286 I/Gecko   (   83): 1398700615305	Marionette	DEBUG	Got request: executeWithCallback, data: {"to":"0","sessionId":"3-b2g","name":"executeAsyncScript","parameters":{"specialPowers":false,"scriptTimeout":null,"newSandbox":true,"args":[],"filename":"gaia_test.py","script":"return GaiaApps.displayedApp();","line":66}}, id: {1df05d98-0937-4713-98b4-163f9d11a397}
04-28 08:56:55.396 E/GeckoConsole(   83): Content JS LOG at dummy file:392 in GaiaApps.displayedApp: app with origin 'app://homescreen.gaiamobile.org' is displayed
04-28 08:56:55.406 I/Gecko   (   83): 1398700615417	Marionette	INFO	sendToClient: {"from":"0","value":{"frame":{"ELEMENT":"{d510cc73-8a14-4a15-b0bd-6c79ea961c29}"},"src":"app://homescreen.gaiamobile.org/index.html#root","name":"Homescreen","origin":"app://homescreen.gaiamobile.org"}}, {1df05d98-0937-4713-98b4-163f9d11a397}, {1df05d98-0937-4713-98b4-163f9d11a397}
04-28 08:56:55.406 I/Gecko   (   83): 1398700615424	Marionette	DEBUG	Got request: switchToFrame, data: {"to":"0","sessionId":"3-b2g","name":"switchToFrame","parameters":{"focus":true,"element":"{d510cc73-8a14-4a15-b0bd-6c79ea961c29}"}}, id: {bc086ce4-741c-459c-a414-a58d522866b8}
04-28 08:56:55.426 I/Gecko   (   83): 1398700615438	Marionette	INFO	Switched to frame: {"frameValue":"{d510cc73-8a14-4a15-b0bd-6c79ea961c29}"}
04-28 08:56:55.436 I/Gecko   (   83): 1398700615447	Marionette	INFO	trying remote frame 0
04-28 08:56:55.436 I/Gecko   (   83): 1398700615449	Marionette	INFO	trying remote frame 1
04-28 08:56:55.436 I/Gecko   (   83): 1398700615450	Marionette	INFO	trying remote frame 2
04-28 08:56:55.436 I/Gecko   (   83): 1398700615451	Marionette	INFO	trying remote frame 3
04-28 08:56:55.436 I/Gecko   (   83): 1398700615452	Marionette	INFO	deleting frame
04-28 08:56:55.456 I/Gecko   (   83): 1398700615468	Marionette	INFO	frame-manager load script: [object ChromeMessageSender]
04-28 08:56:55.986 I/Gecko   (   83): 1398700615998	Marionette	INFO	sendToClient: {"from":"0","ok":true}, {bc086ce4-741c-459c-a414-a58d522866b8}, {bc086ce4-741c-459c-a414-a58d522866b8}
04-28 08:56:56.086 I/Gecko   (   83): 1398700616102	Marionette	INFO	sendToClient: {"from":"0","value":{"ELEMENT":"{95726624-a80c-4faf-87eb-c6d31a0e453f}"}}, {d152529d-3c2b-4e4d-9437-e059f7375e8c}, {d152529d-3c2b-4e4d-9437-e059f7375e8c}
04-28 08:56:56.396 E/GeckoConsole( 3249): [JavaScript Warning: "Use of getAttributeNode() is deprecated. Use getAttribute() instead." {file: "chrome://marionette/content/atoms.js" line: 25}]
04-28 08:56:56.406 E/GeckoConsole( 3249): [JavaScript Warning: "Use of attributes' specified attribute is deprecated. It always returns true." {file: "chrome://marionette/content/atoms.js" line: 25}]
04-28 08:56:56.406 I/Gecko   (   83): 1398700616422	Marionette	INFO	sendToClient: {"from":"0","value":"normal"}, {39fdce49-5770-4e97-a0c0-c62636f92b7b}, {39fdce49-5770-4e97-a0c0-c62636f92b7b}
04-28 08:56:56.416 I/Gecko   (   83): 1398700616428	Marionette	DEBUG	Got request: switchToFrame, data: {"to":"0","sessionId":"3-b2g","name":"switchToFrame","parameters":{"id":null,"focus":true}}, id: {13f1d0a9-2c0e-4160-85fc-f69767153019}
04-28 08:56:56.426 I/Gecko   (   83): 1398700616445	Marionette	INFO	Switched to frame: {"frameValue":null}
04-28 08:56:56.546 I/Gecko   (   83): 1398700616557	Marionette	INFO	sendToClient: {"from":"0","ok":true}, {13f1d0a9-2c0e-4160-85fc-f69767153019}, {13f1d0a9-2c0e-4160-85fc-f69767153019}
04-28 08:56:56.546 I/Gecko   (   83): 1398700616564	Marionette	DEBUG	Got request: execute, data: {"to":"0","sessionId":"3-b2g","name":"executeScript","parameters":{"specialPowers":false,"scriptTimeout":null,"newSandbox":true,"args":[],"filename":"gaia_test.py","script":"window.wrappedJSObject.dispatchEvent(new Event('home'));","line":788}}, id: {0af2f45d-ed55-478f-ae19-7f303460c41b}
04-28 08:56:56.656 I/Gecko   (   83): 1398700616674	Marionette	INFO	sendToClient: {"from":"0","value":null}, {0af2f45d-ed55-478f-ae19-7f303460c41b}, {0af2f45d-ed55-478f-ae19-7f303460c41b}
04-28 08:56:56.666 I/Gecko   (   83): 1398700616682	Marionette	DEBUG	Got request: switchToFrame, data: {"to":"0","sessionId":"3-b2g","name":"switchToFrame","parameters":{"id":null,"focus":true}}, id: {f423ab2b-2e90-4baf-a378-499e4d2495ec}
04-28 08:56:56.666 I/Gecko   (   83): 1398700616684	Marionette	INFO	Switched to frame: {"frameValue":null}
04-28 08:56:57.296 I/Gecko   (   83): 1398700617315	Marionette	INFO	sendToClient: {"from":"0","ok":true}, {f423ab2b-2e90-4baf-a378-499e4d2495ec}, {f423ab2b-2e90-4baf-a378-499e4d2495ec}
04-28 08:56:57.336 I/Gecko   (   83): 1398700617353	Marionette	DEBUG	Got request: switchToFrame, data: {"to":"0","sessionId":"3-b2g","name":"switchToFrame","parameters":{"id":null,"focus":true}}, id: {c769ae1a-2d40-4401-9a25-9c2a3e4dba97}
04-28 08:56:57.376 I/Gecko   (   83): 1398700617394	Marionette	INFO	Switched to frame: {"frameValue":null}
04-28 08:56:57.476 V/AudioPolicyManagerBase(   90): startOutput() output 1, stream 1, session 8
04-28 08:56:57.476 V/AudioPolicyManagerBase(   90): changeRefCount() stream 1, count 1
04-28 08:56:57.476 V/AudioPolicyManagerBase(   90): getDeviceForStrategy() from cache strategy 0, device 2
04-28 08:56:57.476 V/AudioPolicyManagerBase(   90): getNewDevice() selected device 2
04-28 08:56:57.476 D/AudioPolicyManagerBase(   90): setOutputDevice() output 1 device 2 delayMs 0
04-28 08:56:57.476 V/AudioPolicyManagerBase(   90): setOutputDevice() setting same device 2 or null device for output 1
04-28 08:56:57.476 E/AudioPolicyManagerBase(   90): checkAndSetVolume stream=1, index=0, output=1, device=2
04-28 08:56:57.476 E/AudioPolicyManagerBase(   90): computeVolume, streamDesc=0x44ebb8
04-28 08:56:57.496 I/Gecko   (   83): 1398700617507	Marionette	INFO	sendToClient: {"from":"0","ok":true}, {c769ae1a-2d40-4401-9a25-9c2a3e4dba97}, {c769ae1a-2d40-4401-9a25-9c2a3e4dba97}
04-28 08:56:57.496 I/Gecko   (   83): 1398700617513	Marionette	DEBUG	Got request: executeWithCallback, data: {"to":"0","sessionId":"3-b2g","name":"executeAsyncScript","parameters":{"specialPowers":false,"scriptTimeout":null,"newSandbox":true,"args":[],"filename":"gaia_test.py","script":"return GaiaApps.displayedApp();","line":66}}, id: {97a4c558-89f4-4d3d-9167-dfdcc0d55b31}
04-28 08:56:57.606 E/GeckoConsole(   83): Content JS LOG at dummy file:392 in GaiaApps.displayedApp: app with origin 'app://homescreen.gaiamobile.org' is displayed
04-28 08:56:57.606 I/Gecko   (   83): 1398700617619	Marionette	INFO	sendToClient: {"from":"0","value":{"frame":{"ELEMENT":"{d510cc73-8a14-4a15-b0bd-6c79ea961c29}"},"src":"app://homescreen.gaiamobile.org/index.html#rootMon%20Apr%2028%202014%2008:56:56%20GMT-0700%20(UTC)","name":"Homescreen","origin":"app://homescreen.gaiamobile.org"}}, {97a4c558-89f4-4d3d-9167-dfdcc0d55b31}, {97a4c558-89f4-4d3d-9167-dfdcc0d55b31}
04-28 08:56:57.606 W/AudioFlinger(   90): Thread AudioOut_1 cannot connect to the power manager service
04-28 08:56:57.606 V/AudioPolicyManagerBase(   90): stopOutput() output 1, stream 1, session 8
04-28 08:56:57.606 V/AudioPolicyManagerBase(   90): changeRefCount() stream 1, count 0
04-28 08:56:57.606 V/AudioPolicyManagerBase(   90): getNewDevice() selected device 0
04-28 08:56:57.606 D/AudioPolicyManagerBase(   90): setOutputDevice() output 1 device 0 delayMs 290
04-28 08:56:57.606 V/AudioPolicyManagerBase(   90): setOutputDevice() setting same device 0 or null device for output 1
04-28 08:56:57.616 I/Gecko   (   83): 1398700617629	Marionette	DEBUG	Got request: switchToFrame, data: {"to":"0","sessionId":"3-b2g","name":"switchToFrame","parameters":{"focus":true,"element":"{d510cc73-8a14-4a15-b0bd-6c79ea961c29}"}}, id: {cd45568c-4097-48c5-815d-bba85f13bf1a}
04-28 08:56:57.616 V/AudioPolicyManagerBase(   90): startOutput() output 1, stream 1, session 8
04-28 08:56:57.616 V/AudioPolicyManagerBase(   90): changeRefCount() stream 1, count 1
04-28 08:56:57.616 V/AudioPolicyManagerBase(   90): getDeviceForStrategy() from cache strategy 0, device 2
04-28 08:56:57.616 V/AudioPolicyManagerBase(   90): getNewDevice() selected device 2
04-28 08:56:57.616 D/AudioPolicyManagerBase(   90): setOutputDevice() output 1 device 2 delayMs 0
04-28 08:56:57.616 V/AudioPolicyManagerBase(   90): setOutputDevice() setting same device 2 or null device for output 1
04-28 08:56:57.616 E/AudioPolicyManagerBase(   90): checkAndSetVolume stream=1, index=0, output=1, device=2
04-28 08:56:57.616 E/AudioPolicyManagerBase(   90): computeVolume, streamDesc=0x44ebb8
04-28 08:56:57.616 V/AudioPolicyManagerBase(   90): stopOutput() output 1, stream 1, session 8
04-28 08:56:57.616 V/AudioPolicyManagerBase(   90): changeRefCount() stream 1, count 0
04-28 08:56:57.616 V/AudioPolicyManagerBase(   90): getNewDevice() selected device 0
04-28 08:56:57.616 D/AudioPolicyManagerBase(   90): setOutputDevice() output 1 device 0 delayMs 290
04-28 08:56:57.616 V/AudioPolicyManagerBase(   90): setOutputDevice() setting same device 0 or null device for output 1
04-28 08:56:57.626 I/Gecko   (   83): 1398700617642	Marionette	INFO	Switched to frame: {"frameValue":"{d510cc73-8a14-4a15-b0bd-6c79ea961c29}"}
04-28 08:56:57.626 V/AudioPolicyManagerBase(   90): releaseOutput() 1
04-28 08:56:57.646 I/Gecko   (   83): 1398700617658	Marionette	INFO	trying remote frame 0
04-28 08:56:57.646 I/Gecko   (   83): 1398700617659	Marionette	INFO	trying remote frame 1
04-28 08:56:57.656 I/Gecko   (   83): 1398700617667	Marionette	INFO	trying remote frame 2
04-28 08:56:57.656 I/Gecko   (   83): 1398700617667	Marionette	INFO	trying remote frame 3
04-28 08:56:58.046 I/Gecko   (   83): 1398700618064	Marionette	INFO	sendToClient: {"from":"0","ok":true}, {cd45568c-4097-48c5-815d-bba85f13bf1a}, {cd45568c-4097-48c5-815d-bba85f13bf1a}
04-28 08:56:58.056 I/Gecko   (   83): 1398700618072	Marionette	DEBUG	Got request: execute, data: {"to":"0","sessionId":"3-b2g","name":"executeScript","parameters":{"specialPowers":false,"scriptTimeout":null,"newSandbox":true,"args":[],"filename":"gaia_test.py","script":"return window.wrappedJSObject.GridManager.pageHelper.getCurrentPageNumber();","line":784}}, id: {5b9c7f88-0649-4412-bc03-9be06c00d491}
04-28 08:56:58.376 I/Gecko   (   83): 1398700618393	Marionette	INFO	sendToClient: {"from":"0","value":0}, {5b9c7f88-0649-4412-bc03-9be06c00d491}, {5b9c7f88-0649-4412-bc03-9be06c00d491}
04-28 08:56:58.636 I/Gecko   (   83): 1398700618648	Marionette	INFO	sendToClient: {"from":"0","value":["{1811e1ff-2371-4967-acd0-f092ef3a4307}","{bc1b025c-817a-4d01-b502-96299137641b}","{f4ea33f6-57db-4065-bd9f-9ccb0f1fa957}","{044bad24-b822-448d-bba7-60a3b23f67d3}","{6f7fe873-4e37-43a7-8870-5098d50e9114}","{c8cf8010-e030-41cb-97eb-b83c0e2bd1cb}","{fc55504a-fd8f-47c4-a0a7-71457af6058a}","{486870d3-06ea-4bfc-89cf-39254d046fab}","{54fe41a6-ae2d-4232-ae40-c24d9374380b}","{86c210a2-22a2-40bb-a6a6-84c44ee0a27c}","{7639e5a5-c07c-4af1-a331-139b9593d69b}","{ed818168-4319-48ce-bc99-69db13226cfd}","{e109ff47-a88d-4d0c-aa01-f246e756e7b6}","{5c7c5815-cbb3-4a5c-9d97-ca875052ff2b}","{acff8c1f-f434-4d48-97e0-edc8486522be}","{387ccd53-d171-48c4-970a-ecce303c39e4}","{7aec32f1-be58-47bb-aff8-4c53f102647d}","{0c63a66e-106b-409c-ad91-5b091e8038ab}","{73c42d1a-bc50-4197-8daa-372967106959}","{d60b6707-fdc9-41e9-98c9-b5137ffeb56c}","{844d123c-bcda-49bf-8109-93c9adcd89cf}","{049e67ee-e6d1-4f64-8ad4-2524996799d7}","{9e857cd2-4250-422a-8e3f-149cf5aae738}","{b1b2409a-e1de
04-28 08:56:58.696 I/Gecko   (   83): 1398700618712	Marionette	INFO	sendToClient: {"from":"0","value":"app://homescreen.gaiamobile.org/index.html#rootMon%20Apr%2028%202014%2008:56:56%20GMT-0700%20(UTC)"}, {0e3f3c96-ace6-49a8-b466-d9788d31b77b}, {0e3f3c96-ace6-49a8-b466-d9788d31b77b}
04-28 08:56:58.706 I/Gecko   (   83): 1398700618718	Marionette	DEBUG	Got request: switchToFrame, data: {"to":"0","sessionId":"3-b2g","name":"switchToFrame","parameters":{"id":null,"focus":true}}, id: {43b16965-6f11-48d2-989f-15e430c23a7d}
04-28 08:56:58.726 I/Gecko   (   83): 1398700618744	Marionette	INFO	Switched to frame: {"frameValue":null}
04-28 08:56:58.966 I/Gecko   (   83): 1398700618984	Marionette	INFO	sendToClient: {"from":"0","ok":true}, {43b16965-6f11-48d2-989f-15e430c23a7d}, {43b16965-6f11-48d2-989f-15e430c23a7d}
04-28 08:56:58.986 I/Gecko   (   83): 1398700618997	Marionette	DEBUG	Got request: switchToFrame, data: {"to":"0","sessionId":"3-b2g","name":"switchToFrame","parameters":{"id":null,"focus":true}}, id: {3cfa2191-13e2-4449-a3db-163b40efd129}
04-28 08:56:58.986 I/Gecko   (   83): 1398700618999	Marionette	INFO	Switched to frame: {"frameValue":null}
04-28 08:56:59.086 I/Gecko   (   83): 1398700619100	Marionette	INFO	sendToClient: {"from":"0","ok":true}, {3cfa2191-13e2-4449-a3db-163b40efd129}, {3cfa2191-13e2-4449-a3db-163b40efd129}
04-28 08:56:59.096 I/Gecko   (   83): 1398700619109	Marionette	DEBUG	Got request: executeWithCallback, data: {"to":"0","sessionId":"3-b2g","name":"executeAsyncScript","parameters":{"specialPowers":false,"scriptTimeout":30000,"newSandbox":true,"args":[],"filename":"app_checker.py","script":"GaiaApps.launchWithManifestURL('https://marketplace.firefox.com/app/8df9da72-bc5f-4cfa-b794-0f33ac4ee3ce/manifest.webapp')","line":106}}, id: {1979380f-fb0d-40d5-9d85-53b77fa97d41}
04-28 08:56:59.436 I/Gonk    (   83): Setting nice for pid 3257 to 18
04-28 08:56:59.446 I/Gonk    (   83): Changed nice for pid 3257 from 18 to 18.
04-28 08:56:59.446 I/Gecko   (   83): [Parent 83] WARNING: waitpid failed pid:3257 errno:10: file ../../../gecko/ipc/chromium/src/base/process_util_posix.cc, line 254
04-28 08:56:59.446 I/Gonk    (   83): Setting nice for pid 3257 to 1
04-28 08:56:59.456 I/Gonk    (   83): Changed nice for pid 3257 from 18 to 1.
04-28 08:56:59.536 E/GeckoConsole(   83): Content JS LOG at dummy file:334 in GaiaApps.launch: launching app with name 'OXO Morpion'
04-28 08:56:59.966 E/[Gralloc-ERROR](   83): int gralloc_register_buffer(const gralloc_module_t*, const native_handle_t*):79 Unable to register handle 0x488eb2e0 coming from different process: 83
04-28 08:56:59.976 E/[Gralloc-ERROR](   83): int gralloc_register_buffer(const gralloc_module_t*, const native_handle_t*):79 Unable to register handle 0x488eb380 coming from different process: 83
04-28 08:56:59.996 E/[Gralloc-ERROR](   83): int gralloc_register_buffer(const gralloc_module_t*, const native_handle_t*):79 Unable to register handle 0x488eb420 coming from different process: 83
04-28 08:56:59.996 E/[Gralloc-ERROR](   83): int gralloc_register_buffer(const gralloc_module_t*, const native_handle_t*):79 Unable to register handle 0x488eb4c0 coming from different process: 83
04-28 08:57:00.096 D/Sensors (   83): activate handle=0; drv=0
04-28 08:57:00.106 D/Sensors (   83): Lis3dhSensor: Control set 1
04-28 08:57:00.106 D/Sensors (   83): Lis3dhSensor: mEnabled = 1
04-28 08:57:00.366 I/Gonk    (   83): Setting nice for pid 3249 to 18
04-28 08:57:00.366 I/Gonk    (   83): Changed nice for pid 3249 from 1 to 18.
04-28 08:57:00.446 I/Gonk    (   83): Setting nice for pid 3355 to 18
04-28 08:57:00.446 I/Gonk    (   83): Changed nice for pid 3355 from 0 to 18.
04-28 08:57:00.546 W/WifiHW  (   83): wifi_command: SIGNAL_POLL
04-28 08:57:00.946 I/Gecko   (   83): 
04-28 08:57:00.946 I/Gecko   (   83): ###!!! [Parent][MessageChannel] Error: Channel error: cannot send/recv
04-28 08:57:00.946 I/Gecko   (   83): 
04-28 08:57:01.016 I/GeckoDump(   83): Crash reporter : Can't fetch app.reportCrashes. Exception: [Exception... "Component returned failure code: 0x8000ffff (NS_ERROR_UNEXPECTED) [nsIPrefBranch.getBoolPref]"  nsresult: "0x8000ffff (NS_ERROR_UNEXPECTED)"  location: "JS frame :: chrome://browser/content/shell.js :: shell_reportCrash :: line 7"  data: no]
04-28 08:57:01.036 I/Gecko   (   83): [Parent 83] WARNING: waitpid failed pid:3249 errno:10: file ../../../gecko/ipc/chromium/src/base/process_util_posix.cc, line 254
04-28 08:57:01.866 I/Gecko   ( 3257): ###################################### forms.js loaded
04-28 08:57:01.886 I/Gecko   ( 3257): ############################### browserElementPanning.js loaded
04-28 08:57:01.916 I/Gecko   ( 3257): ######################## BrowserElementChildPreload.js loaded
04-28 08:57:02.986 E/GeckoConsole( 3257): [JavaScript Warning: "Expected ':' but found ';'.  Declaration dropped." {file: "app://{fb06c79a-9ce0-4a51-8b0c-00d1bce3b189}/css/morpion.css" line: 18 column: 19 source: "        font-weight; bold;"}]
04-28 08:57:02.986 E/GeckoConsole( 3257): [JavaScript Warning: "Expected ':' but found ';'.  Declaration dropped." {file: "app://{fb06c79a-9ce0-4a51-8b0c-00d1bce3b189}/css/morpion.css" line: 18 column: 25 source: "        font-weight; bold;"}]
04-28 08:57:03.046 I/Gecko   (   83): [Parent 83] WARNING: waitpid failed pid:3249 errno:10: file ../../../gecko/ipc/chromium/src/base/process_util_posix.cc, line 254
04-28 08:57:03.046 I/Gecko   (   83): [Parent 83] WARNING: Failed to deliver SIGKILL to 3249!(3).: file ../../../gecko/ipc/chromium/src/chrome/common/process_watcher_posix_sigchld.cc, line 118
04-28 08:57:04.256 I/Gonk    (   83): Setting nice for pid 3355 to 18
04-28 08:57:04.256 I/Gonk    (   83): Changed nice for pid 3355 from 18 to 18.
04-28 08:57:04.256 I/Gecko   (   83): [Parent 83] WARNING: waitpid failed pid:3355 errno:10: file ../../../gecko/ipc/chromium/src/base/process_util_posix.cc, line 254
04-28 08:57:04.266 I/Gonk    (   83): Setting nice for pid 3355 to 1
04-28 08:57:04.266 I/Gonk    (   83): Changed nice for pid 3355 from 18 to 1.
04-28 08:57:04.276 I/Gonk    (   83): Setting nice for pid 3355 to 18
04-28 08:57:04.276 I/Gonk    (   83): Changed nice for pid 3355 from 1 to 18.
04-28 08:57:04.426 I/Gecko   (   83): 1398700624436	Marionette	INFO	sendToClient: {"from":"0","value":{"frame":{"ELEMENT":"{331801c7-c4f4-44a5-9232-9931f959aff9}"},"src":"app://{fb06c79a-9ce0-4a51-8b0c-00d1bce3b189}/index.htm","name":"OXO Morpion","origin":"app://{fb06c79a-9ce0-4a51-8b0c-00d1bce3b189}"}}, {1979380f-fb0d-40d5-9d85-53b77fa97d41}, {1979380f-fb0d-40d5-9d85-53b77fa97d41}
04-28 08:57:04.426 E/GeckoConsole(   83): Content JS LOG at dummy file:326 in GaiaApps.launch/appOpen/<: app with origin 'app://{fb06c79a-9ce0-4a51-8b0c-00d1bce3b189}' has launched
04-28 08:57:04.436 E/[Gralloc-ERROR](   83): int gralloc_unregister_buffer(const gralloc_module_t*, const native_handle_t*):274 Trying to unregister buffer 0x488eb2e0 from process 83 that was not created in current process: 83
04-28 08:57:04.436 E/[Gralloc-ERROR](   83): int gralloc_unregister_buffer(const gralloc_module_t*, const native_handle_t*):274 Trying to unregister buffer 0x488eb380 from process 83 that was not created in current process: 83
04-28 08:57:04.436 E/[Gralloc-ERROR](   83): int gralloc_unregister_buffer(const gralloc_module_t*, const native_handle_t*):274 Trying to unregister buffer 0x488eb420 from process 83 that was not created in current process: 83
04-28 08:57:04.436 E/[Gralloc-ERROR](   83): int gralloc_unregister_buffer(const gralloc_module_t*, const native_handle_t*):274 Trying to unregister buffer 0x488eb4c0 from process 83 that was not created in current process: 83
04-28 08:57:04.446 I/Gecko   (   83): 1398700624456	Marionette	DEBUG	Got request: switchToFrame, data: {"to":"0","sessionId":"3-b2g","name":"switchToFrame","parameters":{"focus":true,"element":"{331801c7-c4f4-44a5-9232-9931f959aff9}"}}, id: {a5ed5456-ba69-4bbc-8075-195bb6780c24}
04-28 08:57:04.446 I/Gecko   (   83): 1398700624465	Marionette	INFO	Switched to frame: {"frameValue":"{331801c7-c4f4-44a5-9232-9931f959aff9}"}
04-28 08:57:04.456 I/Gecko   (   83): 1398700624467	Marionette	INFO	trying remote frame 0
04-28 08:57:04.456 I/Gecko   (   83): 1398700624468	Marionette	INFO	trying remote frame 1
04-28 08:57:04.456 I/Gecko   (   83): 1398700624469	Marionette	INFO	trying remote frame 2
04-28 08:57:04.456 I/Gecko   (   83): 1398700624470	Marionette	INFO	trying remote frame 3
04-28 08:57:04.456 I/Gecko   (   83): 1398700624471	Marionette	INFO	deleting frame
04-28 08:57:04.466 I/Gecko   (   83): 1398700624476	Marionette	INFO	frame-manager load script: [object ChromeMessageSender]
04-28 08:57:04.646 I/log     ( 3371): <4>0[ 1345.506033] select 3355 ((Preallocated a), adj 8, size 2985, to kill 
04-28 08:57:05.026 I/Gecko   (   83): 
04-28 08:57:05.026 I/Gecko   (   83): ###!!! [Parent][MessageChannel] Error: Channel error: cannot send/recv
04-28 08:57:05.026 I/Gecko   (   83): 
04-28 08:57:05.086 I/GeckoDump(   83): Crash reporter : Can't fetch app.reportCrashes. Exception: [Exception... "Component returned failure code: 0x8000ffff (NS_ERROR_UNEXPECTED) [nsIPrefBranch.getBoolPref]"  nsresult: "0x8000ffff (NS_ERROR_UNEXPECTED)"  location: "JS frame :: chrome://browser/content/shell.js :: shell_reportCrash :: line 7"  data: no]
04-28 08:57:05.096 I/Gecko   (   83): [Parent 83] WARNING: waitpid failed pid:3355 errno:10: file ../../../gecko/ipc/chromium/src/base/process_util_posix.cc, line 254
04-28 08:57:05.126 I/Gecko   (   83): 1398700625141	Marionette	INFO	sendToClient: {"from":"0","ok":true}, {a5ed5456-ba69-4bbc-8075-195bb6780c24}, {a5ed5456-ba69-4bbc-8075-195bb6780c24}
04-28 08:57:05.136 I/Gecko   (   83): 1398700625154	Marionette	INFO	sendToClient: {"from":"0","value":"app://{fb06c79a-9ce0-4a51-8b0c-00d1bce3b189}/index.htm"}, {0845904e-6028-4def-acb8-204877118773}, {0845904e-6028-4def-acb8-204877118773}
04-28 08:57:05.146 I/Gecko   (   83): 1398700625162	Marionette	DEBUG	Got request: execute, data: {"to":"0","sessionId":"3-b2g","name":"executeScript","parameters":{"specialPowers":false,"scriptTimeout":null,"newSandbox":true,"args":[],"filename":"app_checker.py","script":"return window.document.readyState;","line":191}}, id: {b8854cf2-a310-4502-aa41-af3b55286ebc}
04-28 08:57:05.216 I/Gecko   (   83): 1398700625232	Marionette	INFO	sendToClient: {"from":"0","value":"complete"}, {b8854cf2-a310-4502-aa41-af3b55286ebc}, {b8854cf2-a310-4502-aa41-af3b55286ebc}
04-28 08:57:05.226 I/Gecko   (   83): 1398700625240	Marionette	INFO	sendToClient: {"from":"0","value":"app://{fb06c79a-9ce0-4a51-8b0c-00d1bce3b189}/index.htm"}, {43618296-5bf1-4406-ad92-2b64713a06ea}, {43618296-5bf1-4406-ad92-2b64713a06ea}
04-28 08:57:05.236 I/Gecko   ( 3257): Attempting load of libEGL.so
04-28 08:57:05.266 D/libEGL  ( 3257): loaded /system/lib/egl/libEGL_mali.so
04-28 08:57:05.316 D/libEGL  ( 3257): loaded /system/lib/egl/libGLESv1_CM_mali.so
04-28 08:57:05.326 D/libEGL  ( 3257): loaded /system/lib/egl/libGLESv2_mali.so
04-28 08:57:05.376 I/Gecko   ( 3257): SharedSurface_Gralloc::Create -------
04-28 08:57:05.406 I/Gecko   ( 3257): SharedSurface_Gralloc::Create: success -- surface 0x43dd8e00, GraphicBuffer 0x43dd5a80.
04-28 08:57:05.576 W/WifiHW  (   83): wifi_command: SIGNAL_POLL
04-28 08:57:06.386 I/Gecko   (   83): 1398700626404	Marionette	INFO	sendToClient: {"from":"0","value":"iVBORw0KGgoAAAANSUhEUgAAAUAAAAHMCAYAAACk4nEJAAAgAElEQVR4nO3ce2zddf3H8S9uCEHiLRAFNaDyDwlEEknQRBO/g5a5chnSLZlBbmFqnAyZUTHSCSvBrsMBA4YwNmCLwNJxp5tsysagKFdFZMxBNuhW2KW79HbK6Wpf/kF60l17uu3N593P5/lIvn84u3Pe59m+378N/ZkJABKVhR4AAELhAAJIFgcQQLI4gACSxQEEkCwOIIBkcQABJIsDCCBZHEAAyeIAAkgWBxBAsjiAAJLFAQSQLA4ggGRxAAEkiwMIIFkcQADJ4gACSBYHEECyOIAAksUBBJAsDiCAZHEAEaW+vr7QI2AY4AAiOmvXrtXXvvY1jRkzhkOI/eIAJmLNmjW6/vrrVV1drV/96ld6/vnnJX30J6WZM2eqtrZWjz76aOnr77vvPtXW1qqhoWHQ19ib+vp61dbWqq6urnSE/vGPf6i2tla1tbV64YUXjD6ptHDhQmVZphEjRmjr1q1m74PhjwOYgMbGRh199NHKsqz0HHbYYaqvr5ckTZ06VVmW6bOf/aw6Ojr09ttv6xOf+ISyLNPKlSvLeo2Bent7ddhhh5W+bt26dZKkH//4x6Vfu/baa80+b3d3t+rq6rRo0SKz90AcOICR6+rq0vHHH68sy3TRRRepqampdPBGjBihNWvWqKOjQ1/84heVZZluvvlmXX755cqyTBMmTCj7NQZqbW3d5VA+8MADkqTTTjut9Gs//elPd/k9K1as0HXXXacZM2boP//5T+nXN2/erIaGBq1YsUIbN25UbW2tli9fXvq11atX67rrrtPs2bPV0dEhSdq4caMaGhr08MMPD+k9Vq5cqebmZtXX1+vGG29UW1vboftGwCUOYOQeeughZVmmww8/XDt27JD00V97v/71ryvLMl1zzTWSpDlz5ijLMn3hC1/QyJ
04-28 08:57:06.596 I/Gecko   (   83): 1398700626609	Marionette	INFO	sendToClient: {"from":"0","ok":true}, {70f96ce0-5f1a-4d7f-b48e-d1e4f38cf029}, {70f96ce0-5f1a-4d7f-b48e-d1e4f38cf029}
04-28 08:57:06.606 I/Gecko   (   83): 1398700626617	Marionette	DEBUG	Got request: switchToFrame, data: {"to":"0","sessionId":"3-b2g","name":"switchToFrame","parameters":{"id":null,"focus":true}}, id: {6153f6e2-8bf3-4346-8a31-a800aeccecb7}
04-28 08:57:06.636 I/Gecko   (   83): 1398700626653	Marionette	INFO	Switched to frame: {"frameValue":null}
04-28 08:57:06.746 I/Gecko   (   83): 1398700626756	Marionette	INFO	sendToClient: {"from":"0","ok":true}, {6153f6e2-8bf3-4346-8a31-a800aeccecb7}, {6153f6e2-8bf3-4346-8a31-a800aeccecb7}
04-28 08:57:06.746 I/Gecko   (   83): 1398700626764	Marionette	DEBUG	Got request: executeWithCallback, data: {"to":"0","sessionId":"3-b2g","name":"executeAsyncScript","parameters":{"specialPowers":false,"scriptTimeout":null,"newSandbox":true,"args":[],"filename":"gaia_test.py","script":"return GaiaApps.displayedApp();","line":66}}, id: {f2967c31-a951-4adb-86d2-984b0efcddbf}
04-28 08:57:06.806 I/Gecko   (   83): 1398700626817	Marionette	INFO	sendToClient: {"from":"0","value":{"frame":{"ELEMENT":"{331801c7-c4f4-44a5-9232-9931f959aff9}"},"src":"app://{fb06c79a-9ce0-4a51-8b0c-00d1bce3b189}/index.htm","name":"OXO Morpion","origin":"app://{fb06c79a-9ce0-4a51-8b0c-00d1bce3b189}"}}, {f2967c31-a951-4adb-86d2-984b0efcddbf}, {f2967c31-a951-4adb-86d2-984b0efcddbf}
04-28 08:57:06.806 I/Gecko   (   83): 1398700626824	Marionette	DEBUG	Got request: switchToFrame, data: {"to":"0","sessionId":"3-b2g","name":"switchToFrame","parameters":{"id":null,"focus":true}}, id: {5d487295-7883-4beb-9093-b906f4b54546}
04-28 08:57:06.816 E/GeckoConsole(   83): Content JS LOG at dummy file:392 in GaiaApps.displayedApp: app with origin 'app://{fb06c79a-9ce0-4a51-8b0c-00d1bce3b189}' is displayed
04-28 08:57:06.846 I/Gecko   (   83): 1398700626845	Marionette	INFO	Switched to frame: {"frameValue":null}
04-28 08:57:06.946 I/Gecko   (   83): 1398700626960	Marionette	INFO	sendToClient: {"from":"0","ok":true}, {5d487295-7883-4beb-9093-b906f4b54546}, {5d487295-7883-4beb-9093-b906f4b54546}
04-28 08:57:06.956 I/Gecko   (   83): 1398700626966	Marionette	DEBUG	Got request: execute, data: {"to":"0","sessionId":"3-b2g","name":"executeScript","parameters":{"specialPowers":false,"scriptTimeout":null,"newSandbox":true,"args":[],"filename":"gaia_test.py","script":"window.wrappedJSObject.dispatchEvent(new Event('home'));","line":788}}, id: {b3d3007b-e54b-4e17-a163-4448679846ab}
04-28 08:57:07.036 D/Sensors (   83): activate handle=0; drv=0
04-28 08:57:07.046 D/Sensors (   83): Lis3dhSensor: Control set 0
04-28 08:57:07.046 D/Sensors (   83): Lis3dhSensor: mEnabled = 0
04-28 08:57:07.086 I/Gecko   (   83): 1398700627098	Marionette	INFO	sendToClient: {"from":"0","value":null}, {b3d3007b-e54b-4e17-a163-4448679846ab}, {b3d3007b-e54b-4e17-a163-4448679846ab}
04-28 08:57:07.096 I/Gecko   (   83): [Parent 83] WARNING: waitpid failed pid:3355 errno:10: file ../../../gecko/ipc/chromium/src/base/process_util_posix.cc, line 254
04-28 08:57:07.096 I/Gecko   (   83): [Parent 83] WARNING: Failed to deliver SIGKILL to 3355!(3).: file ../../../gecko/ipc/chromium/src/chrome/common/process_watcher_posix_sigchld.cc, line 118
04-28 08:57:07.176 I/Gonk    (   83): Setting nice for pid 3375 to 18
04-28 08:57:07.176 I/Gonk    (   83): Changed nice for pid 3375 from 0 to 18.
04-28 08:57:07.196 I/Gonk    (   83): Setting nice for pid 3375 to 18
04-28 08:57:07.196 I/Gonk    (   83): Changed nice for pid 3375 from 18 to 18.
04-28 08:57:07.196 I/Gecko   (   83): [Parent 83] WARNING: waitpid failed pid:3375 errno:10: file ../../../gecko/ipc/chromium/src/base/process_util_posix.cc, line 254
04-28 08:57:07.196 I/Gonk    (   83): Setting nice for pid 3375 to 1
04-28 08:57:07.206 I/Gonk    (   83): Changed nice for pid 3375 from 18 to 1.
04-28 08:57:07.216 I/Gecko   (   83): 1398700627227	Marionette	DEBUG	Got request: switchToFrame, data: {"to":"0","sessionId":"3-b2g","name":"switchToFrame","parameters":{"id":null,"focus":true}}, id: {20857f36-7887-42ba-8914-7961633904e2}
04-28 08:57:07.226 I/Gecko   (   83): 1398700627242	Marionette	INFO	Switched to frame: {"frameValue":null}
04-28 08:57:07.326 I/Gecko   (   83): 1398700627345	Marionette	INFO	sendToClient: {"from":"0","ok":true}, {20857f36-7887-42ba-8914-7961633904e2}, {20857f36-7887-42ba-8914-7961633904e2}
04-28 08:57:07.356 I/Gecko   (   83): 1398700627368	Marionette	DEBUG	Got request: executeWithCallback, data: {"to":"0","sessionId":"3-b2g","name":"executeAsyncScript","parameters":{"specialPowers":false,"scriptTimeout":null,"newSandbox":true,"args":[],"filename":"gaia_test.py","script":"return GaiaApps.displayedApp();","line":66}}, id: {ee6949af-2b18-40fc-abf5-4feaf722f49c}
04-28 08:57:07.456 E/GeckoConsole(   83): Content JS LOG at dummy file:392 in GaiaApps.displayedApp: app with origin 'app://homescreen.gaiamobile.org' is displayed
04-28 08:57:07.466 I/Gecko   (   83): 1398700627477	Marionette	INFO	sendToClient: {"from":"0","value":{"frame":{"ELEMENT":"{c6c43456-6dfc-44ec-b8d2-5eae6d06195f}"},"src":"app://homescreen.gaiamobile.org/index.html#root","name":"Homescreen","origin":"app://homescreen.gaiamobile.org"}}, {ee6949af-2b18-40fc-abf5-4feaf722f49c}, {ee6949af-2b18-40fc-abf5-4feaf722f49c}
04-28 08:57:07.476 I/Gecko   (   83): 1398700627489	Marionette	DEBUG	Got request: switchToFrame, data: {"to":"0","sessionId":"3-b2g","name":"switchToFrame","parameters":{"id":null,"focus":true}}, id: {aaabe783-c2be-49b5-b8eb-d113cac061e3}
04-28 08:57:07.476 I/Gecko   (   83): 1398700627491	Marionette	INFO	Switched to frame: {"frameValue":null}
04-28 08:57:07.576 I/Gecko   (   83): 1398700627593	Marionette	INFO	sendToClient: {"from":"0","ok":true}, {aaabe783-c2be-49b5-b8eb-d113cac061e3}, {aaabe783-c2be-49b5-b8eb-d113cac061e3}
04-28 08:57:07.586 I/Gecko   (   83): 1398700627599	Marionette	DEBUG	Got request: switchToFrame, data: {"to":"0","sessionId":"3-b2g","name":"switchToFrame","parameters":{"id":null,"focus":true}}, id: {4a4b6665-86bd-445d-aa51-a3adf411c9c5}
04-28 08:57:07.586 I/Gecko   (   83): 1398700627601	Marionette	INFO	Switched to frame: {"frameValue":null}
04-28 08:57:07.696 I/Gecko   (   83): 1398700627708	Marionette	INFO	sendToClient: {"from":"0","ok":true}, {4a4b6665-86bd-445d-aa51-a3adf411c9c5}, {4a4b6665-86bd-445d-aa51-a3adf411c9c5}
04-28 08:57:07.696 I/Gecko   (   83): 1398700627715	Marionette	DEBUG	Got request: executeWithCallback, data: {"to":"0","sessionId":"3-b2g","name":"executeAsyncScript","parameters":{"specialPowers":false,"scriptTimeout":null,"newSandbox":true,"args":[],"filename":"gaia_test.py","script":"return GaiaApps.displayedApp();","line":66}}, id: {c04ed73c-9161-4467-9086-447edf84b31e}
04-28 08:57:07.766 I/Gecko   (   83): 1398700627780	Marionette	INFO	sendToClient: {"from":"0","value":{"frame":{"ELEMENT":"{c6c43456-6dfc-44ec-b8d2-5eae6d06195f}"},"src":"app://homescreen.gaiamobile.org/index.html#root","name":"Homescreen","origin":"app://homescreen.gaiamobile.org"}}, {c04ed73c-9161-4467-9086-447edf84b31e}, {c04ed73c-9161-4467-9086-447edf84b31e}
04-28 08:57:07.776 E/GeckoConsole(   83): Content JS LOG at dummy file:392 in GaiaApps.displayedApp: app with origin 'app://homescreen.gaiamobile.org' is displayed
04-28 08:57:07.776 I/Gecko   (   83): 1398700627793	Marionette	DEBUG	Got request: switchToFrame, data: {"to":"0","sessionId":"3-b2g","name":"switchToFrame","parameters":{"focus":true,"element":"{c6c43456-6dfc-44ec-b8d2-5eae6d06195f}"}}, id: {911d635c-6756-42ef-973d-d31dcb201e0c}
04-28 08:57:07.796 I/Gecko   (   83): 1398700627811	Marionette	INFO	Switched to frame: {"frameValue":"{c6c43456-6dfc-44ec-b8d2-5eae6d06195f}"}
04-28 08:57:07.796 I/Gecko   (   83): 1398700627814	Marionette	INFO	trying remote frame 0
04-28 08:57:07.796 I/Gecko   (   83): 1398700627815	Marionette	INFO	trying remote frame 1
04-28 08:57:07.806 I/Gecko   (   83): 1398700627816	Marionette	INFO	trying remote frame 2
04-28 08:57:07.806 I/Gecko   (   83): 1398700627817	Marionette	INFO	trying remote frame 3
04-28 08:57:07.806 I/Gecko   (   83): 1398700627818	Marionette	INFO	deleting frame
04-28 08:57:07.806 I/Gecko   (   83): 1398700627823	Marionette	INFO	frame-manager load script: [object ChromeMessageSender]
04-28 08:57:08.286 E/[Gralloc-ERROR](   83): int gralloc_register_buffer(const gralloc_module_t*, const native_handle_t*):79 Unable to register handle 0x4536dd30 coming from different process: 83
04-28 08:57:08.286 E/[Gralloc-ERROR](   83): int gralloc_register_buffer(const gralloc_module_t*, const native_handle_t*):79 Unable to register handle 0x4536de20 coming from different process: 83
04-28 08:57:08.646 E/[Gralloc-ERROR](   83): int gralloc_unregister_buffer(const gralloc_module_t*, const native_handle_t*):274 Trying to unregister buffer 0x4536de20 from process 83 that was not created in current process: 83
04-28 08:57:08.656 E/[Gralloc-ERROR](   83): int gralloc_unregister_buffer(const gralloc_module_t*, const native_handle_t*):274 Trying to unregister buffer 0x4536dd30 from process 83 that was not created in current process: 83
04-28 08:57:08.976 I/Gonk    (   83): Setting nice for pid 3257 to 18
04-28 08:57:08.976 I/Gonk    (   83): Changed nice for pid 3257 from 1 to 18.
04-28 08:57:09.326 I/Gonk    (   83): Setting nice for pid 3385 to 18
04-28 08:57:09.326 I/Gonk    (   83): Changed nice for pid 3385 from 0 to 18.
04-28 08:57:09.496 I/Gecko   ( 3375): ###################################### forms.js loaded
04-28 08:57:09.516 I/Gecko   ( 3375): ############################### browserElementPanning.js loaded
04-28 08:57:09.546 I/Gecko   ( 3375): ######################## BrowserElementChildPreload.js loaded
04-28 08:57:09.596 I/Gecko   (   83): 
04-28 08:57:09.596 I/Gecko   (   83): ###!!! [Parent][MessageChannel] Error: Channel error: cannot send/recv
04-28 08:57:09.596 I/Gecko   (   83): 
04-28 08:57:09.716 I/GeckoDump(   83): Crash reporter : Can't fetch app.reportCrashes. Exception: [Exception... "Component returned failure code: 0x8000ffff (NS_ERROR_UNEXPECTED) [nsIPrefBranch.getBoolPref]"  nsresult: "0x8000ffff (NS_ERROR_UNEXPECTED)"  location: "JS frame :: chrome://browser/content/shell.js :: shell_reportCrash :: line 7"  data: no]
04-28 08:57:09.726 I/Gecko   (   83): [Parent 83] WARNING: waitpid failed pid:3257 errno:10: file ../../../gecko/ipc/chromium/src/base/process_util_posix.cc, line 254
04-28 08:57:10.536 I/Gecko   (   83): 1398700630553	Marionette	INFO	sendToClient: {"from":"0","ok":true}, {911d635c-6756-42ef-973d-d31dcb201e0c}, {911d635c-6756-42ef-973d-d31dcb201e0c}
04-28 08:57:10.596 W/WifiHW  (   83): wifi_command: SIGNAL_POLL
04-28 08:57:10.886 I/Gecko   (   83): 1398700630905	Marionette	INFO	sendToClient: {"from":"0","value":"app://homescreen.gaiamobile.org/index.html#root"}, {d3ea91fb-47be-4daa-813d-895971d3e198}, {d3ea91fb-47be-4daa-813d-895971d3e198}
04-28 08:57:10.896 I/Gecko   (   83): 1398700630911	Marionette	DEBUG	Got request: switchToFrame, data: {"to":"0","sessionId":"3-b2g","name":"switchToFrame","parameters":{"id":null,"focus":true}}, id: {51f7611a-cf1c-4f04-af93-45b381e3c421}
04-28 08:57:10.926 I/Gecko   (   83): 1398700630936	Marionette	INFO	Switched to frame: {"frameValue":null}
04-28 08:57:11.036 I/Gecko   (   83): 1398700631048	Marionette	INFO	sendToClient: {"from":"0","ok":true}, {51f7611a-cf1c-4f04-af93-45b381e3c421}, {51f7611a-cf1c-4f04-af93-45b381e3c421}
04-28 08:57:11.046 I/Gecko   (   83): 1398700631057	Marionette	DEBUG	Got request: switchToFrame, data: {"to":"0","sessionId":"3-b2g","name":"switchToFrame","parameters":{"id":null,"focus":true}}, id: {1e7f7689-c991-487b-aa16-8fe5785a3f34}
04-28 08:57:11.056 I/Gecko   (   83): 1398700631069	Marionette	INFO	Switched to frame: {"frameValue":null}
04-28 08:57:11.156 I/Gecko   (   83): 1398700631172	Marionette	INFO	sendToClient: {"from":"0","ok":true}, {1e7f7689-c991-487b-aa16-8fe5785a3f34}, {1e7f7689-c991-487b-aa16-8fe5785a3f34}
04-28 08:57:11.166 I/Gecko   (   83): 1398700631178	Marionette	DEBUG	Got request: executeWithCallback, data: {"to":"0","sessionId":"3-b2g","name":"executeAsyncScript","parameters":{"specialPowers":false,"scriptTimeout":null,"newSandbox":true,"args":[],"filename":"gaia_test.py","script":"GaiaApps.killAll()","line":91}}, id: {d7ed2f6d-181d-4d09-a50b-6d3665afb54c}
04-28 08:57:11.216 I/Gecko   (   83): 1398700631228	Marionette	INFO	sendToClient: {"from":"0","value":true}, {d7ed2f6d-181d-4d09-a50b-6d3665afb54c}, {d7ed2f6d-181d-4d09-a50b-6d3665afb54c}
04-28 08:57:11.246 I/Gecko   (   83): 1398700631262	Marionette	DEBUG	Got request: switchToFrame, data: {"to":"0","sessionId":"3-b2g","name":"switchToFrame","parameters":{"id":null,"focus":true}}, id: {fd09965b-edd6-4076-bc06-38190c2d0d03}
04-28 08:57:11.246 I/Gecko   (   83): 1398700631264	Marionette	INFO	Switched to frame: {"frameValue":null}
04-28 08:57:11.356 I/Gecko   (   83): 1398700631368	Marionette	INFO	sendToClient: {"from":"0","ok":true}, {fd09965b-edd6-4076-bc06-38190c2d0d03}, {fd09965b-edd6-4076-bc06-38190c2d0d03}
04-28 08:57:11.546 I/Gecko   (   83): 1398700631560	Marionette	DEBUG	Got request: executeWithCallback, data: {"to":"0","sessionId":"3-b2g","name":"executeAsyncScript","parameters":{"specialPowers":false,"scriptTimeout":60000,"newSandbox":true,"args":[],"filename":"app_checker.py","script":"\n        GaiaApps.locateWithManifestURL('https://marketplace.firefox.com/app/8df9da72-bc5f-4cfa-b794-0f33ac4ee3ce/manifest.webapp',\n                                       null,\n                                       function uninstall(app) {\n                                       navigator.mozApps.mgmt.uninstall(app);\n                                       marionetteScriptFinished(true);\n                                       });\n        ","line":129}}, id: {053384d8-9926-40d8-8aed-eb52a8226c17}
04-28 08:57:11.596 I/Gecko   (   83): -- webapps.js uninstall https://marketplace.firefox.com/app/8df9da72-bc5f-4cfa-b794-0f33ac4ee3ce/manifest.webapp
04-28 08:57:11.726 I/Gecko   (   83): [Parent 83] WARNING: waitpid failed pid:3257 errno:10: file ../../../gecko/ipc/chromium/src/base/process_util_posix.cc, line 254
04-28 08:57:11.726 I/Gecko   (   83): [Parent 83] WARNING: Failed to deliver SIGKILL to 3257!(3).: file ../../../gecko/ipc/chromium/src/chrome/common/process_watcher_posix_sigchld.cc, line 118
04-28 08:57:11.916 I/Gecko   (   83): 1398700631927	Marionette	INFO	sendToClient: {"from":"0","value":true}, {053384d8-9926-40d8-8aed-eb52a8226c17}, {053384d8-9926-40d8-8aed-eb52a8226c17}