--------- beginning of /dev/log/main
04-25 21:20:23.687 I/Gecko   (   83): 1398486023697	Marionette	DEBUG	Got request: executeWithCallback, data: {"to":"0","sessionId":"3-b2g","name":"executeAsyncScript","parameters":{"specialPowers":false,"scriptTimeout":null,"newSandbox":true,"args":[],"filename":"gaia_test.py","script":"return GaiaApps.displayedApp();","line":66}}, id: {97a41830-9257-4c61-9c0f-b85cb994e809}
04-25 21:20:23.777 I/Gecko   (   83): 1398486023789	Marionette	INFO	sendToClient: {"from":"0","value":{"frame":{"ELEMENT":"{042c3198-0caf-466b-aa86-bfce38dbfd1a}"},"src":"app://homescreen.gaiamobile.org/index.html#root","name":"Homescreen","origin":"app://homescreen.gaiamobile.org"}}, {97a41830-9257-4c61-9c0f-b85cb994e809}, {97a41830-9257-4c61-9c0f-b85cb994e809}
04-25 21:20:23.777 E/GeckoConsole(   83): Content JS LOG at dummy file:392 in GaiaApps.displayedApp: app with origin 'app://homescreen.gaiamobile.org' is displayed
04-25 21:20:23.787 I/Gecko   (   83): 1398486023803	Marionette	DEBUG	Got request: switchToFrame, data: {"to":"0","sessionId":"3-b2g","name":"switchToFrame","parameters":{"focus":true,"element":"{042c3198-0caf-466b-aa86-bfce38dbfd1a}"}}, id: {de1154d1-6db4-41a8-a995-1cdf647a39c7}
04-25 21:20:23.797 I/Gecko   (   83): 1398486023815	Marionette	INFO	Switched to frame: {"frameValue":"{042c3198-0caf-466b-aa86-bfce38dbfd1a}"}
04-25 21:20:23.807 I/Gecko   (   83): 1398486023821	Marionette	INFO	trying remote frame 0
04-25 21:20:23.817 I/Gecko   (   83): 1398486023835	Marionette	INFO	trying remote frame 1
04-25 21:20:23.827 I/Gecko   (   83): 1398486023842	Marionette	INFO	deleting frame
04-25 21:20:23.847 I/Gecko   (   83): 1398486023859	Marionette	INFO	frame-manager load script: [object ChromeMessageSender]
04-25 21:20:24.127 I/Gecko   (   83): 1398486024137	Marionette	INFO	sendToClient: {"from":"0","ok":true}, {de1154d1-6db4-41a8-a995-1cdf647a39c7}, {de1154d1-6db4-41a8-a995-1cdf647a39c7}
04-25 21:20:24.227 I/Gecko   (   83): 1398486024243	Marionette	INFO	sendToClient: {"from":"0","value":{"ELEMENT":"{0bf7b50b-8621-4d4b-b3fc-b8bc6ca94338}"}}, {608e4651-888a-4c10-950b-6cee0a1f2c36}, {608e4651-888a-4c10-950b-6cee0a1f2c36}
04-25 21:20:24.327 E/GeckoConsole( 1704): [JavaScript Warning: "Use of getAttributeNode() is deprecated. Use getAttribute() instead." {file: "chrome://marionette/content/atoms.js" line: 25}]
04-25 21:20:24.337 E/GeckoConsole( 1704): [JavaScript Warning: "Use of attributes' specified attribute is deprecated. It always returns true." {file: "chrome://marionette/content/atoms.js" line: 25}]
04-25 21:20:24.337 I/Gecko   (   83): 1398486024350	Marionette	INFO	sendToClient: {"from":"0","value":"normal"}, {20fed969-ad8e-48af-8dba-aa57610fa101}, {20fed969-ad8e-48af-8dba-aa57610fa101}
04-25 21:20:24.337 I/Gecko   (   83): 1398486024356	Marionette	DEBUG	Got request: switchToFrame, data: {"to":"0","sessionId":"3-b2g","name":"switchToFrame","parameters":{"id":null,"focus":true}}, id: {f0d2072d-3fb4-4c86-9369-22d459ca7073}
04-25 21:20:24.357 I/Gecko   (   83): 1398486024369	Marionette	INFO	Switched to frame: {"frameValue":null}
04-25 21:20:24.457 I/Gecko   (   83): 1398486024474	Marionette	INFO	sendToClient: {"from":"0","ok":true}, {f0d2072d-3fb4-4c86-9369-22d459ca7073}, {f0d2072d-3fb4-4c86-9369-22d459ca7073}
04-25 21:20:24.467 I/Gecko   (   83): 1398486024481	Marionette	DEBUG	Got request: execute, data: {"to":"0","sessionId":"3-b2g","name":"executeScript","parameters":{"specialPowers":false,"scriptTimeout":null,"newSandbox":true,"args":[],"filename":"gaia_test.py","script":"window.wrappedJSObject.dispatchEvent(new Event('home'));","line":788}}, id: {3c9c975f-a09c-4bb0-a8a6-0ddf551034d0}
04-25 21:20:24.517 I/Gecko   (   83): 1398486024529	Marionette	INFO	sendToClient: {"from":"0","value":null}, {3c9c975f-a09c-4bb0-a8a6-0ddf551034d0}, {3c9c975f-a09c-4bb0-a8a6-0ddf551034d0}
04-25 21:20:24.517 I/Gecko   (   83): 1398486024534	Marionette	DEBUG	Got request: switchToFrame, data: {"to":"0","sessionId":"3-b2g","name":"switchToFrame","parameters":{"id":null,"focus":true}}, id: {b7d639d7-e885-4ece-b60f-11f632c5fbc9}
04-25 21:20:24.517 I/Gecko   (   83): 1398486024536	Marionette	INFO	Switched to frame: {"frameValue":null}
04-25 21:20:24.627 I/Gecko   (   83): 1398486024639	Marionette	INFO	sendToClient: {"from":"0","ok":true}, {b7d639d7-e885-4ece-b60f-11f632c5fbc9}, {b7d639d7-e885-4ece-b60f-11f632c5fbc9}
04-25 21:20:24.627 I/Gecko   (   83): 1398486024645	Marionette	DEBUG	Got request: switchToFrame, data: {"to":"0","sessionId":"3-b2g","name":"switchToFrame","parameters":{"id":null,"focus":true}}, id: {03224732-d8f1-4aac-951a-b95751e68f7c}
04-25 21:20:24.637 I/Gecko   (   83): 1398486024648	Marionette	INFO	Switched to frame: {"frameValue":null}
04-25 21:20:24.737 I/Gecko   (   83): 1398486024750	Marionette	INFO	sendToClient: {"from":"0","ok":true}, {03224732-d8f1-4aac-951a-b95751e68f7c}, {03224732-d8f1-4aac-951a-b95751e68f7c}
04-25 21:20:24.737 I/Gecko   (   83): 1398486024756	Marionette	DEBUG	Got request: executeWithCallback, data: {"to":"0","sessionId":"3-b2g","name":"executeAsyncScript","parameters":{"specialPowers":false,"scriptTimeout":null,"newSandbox":true,"args":[],"filename":"gaia_test.py","script":"return GaiaApps.displayedApp();","line":66}}, id: {125c09ea-ff9a-4bd6-a5d6-4d7f89fde4b6}
04-25 21:20:24.807 I/Gecko   (   83): 1398486024820	Marionette	INFO	sendToClient: {"from":"0","value":{"frame":{"ELEMENT":"{042c3198-0caf-466b-aa86-bfce38dbfd1a}"},"src":"app://homescreen.gaiamobile.org/index.html#rootFri%20Apr%2025%202014%2021:20:24%20GMT-0700%20(UTC)","name":"Homescreen","origin":"app://homescreen.gaiamobile.org"}}, {125c09ea-ff9a-4bd6-a5d6-4d7f89fde4b6}, {125c09ea-ff9a-4bd6-a5d6-4d7f89fde4b6}
04-25 21:20:24.817 E/GeckoConsole(   83): Content JS LOG at dummy file:392 in GaiaApps.displayedApp: app with origin 'app://homescreen.gaiamobile.org' is displayed
04-25 21:20:24.817 I/Gecko   (   83): 1398486024834	Marionette	DEBUG	Got request: switchToFrame, data: {"to":"0","sessionId":"3-b2g","name":"switchToFrame","parameters":{"focus":true,"element":"{042c3198-0caf-466b-aa86-bfce38dbfd1a}"}}, id: {ceeba5e5-7b9a-4d96-9ca4-dd41bad3ce82}
04-25 21:20:24.827 I/Gecko   (   83): 1398486024840	Marionette	INFO	Switched to frame: {"frameValue":"{042c3198-0caf-466b-aa86-bfce38dbfd1a}"}
04-25 21:20:24.837 I/Gecko   (   83): 1398486024848	Marionette	INFO	trying remote frame 0
04-25 21:20:24.837 I/Gecko   (   83): 1398486024850	Marionette	INFO	trying remote frame 1
04-25 21:20:24.937 I/Gecko   (   83): 1398486024951	Marionette	INFO	sendToClient: {"from":"0","ok":true}, {ceeba5e5-7b9a-4d96-9ca4-dd41bad3ce82}, {ceeba5e5-7b9a-4d96-9ca4-dd41bad3ce82}
04-25 21:20:24.947 I/Gecko   (   83): 1398486024958	Marionette	DEBUG	Got request: execute, data: {"to":"0","sessionId":"3-b2g","name":"executeScript","parameters":{"specialPowers":false,"scriptTimeout":null,"newSandbox":true,"args":[],"filename":"gaia_test.py","script":"return window.wrappedJSObject.GridManager.pageHelper.getCurrentPageNumber();","line":784}}, id: {1f6281a7-fc03-45f4-8ccf-6d2f5c665ea7}
04-25 21:20:25.247 I/Gecko   (   83): 1398486025259	Marionette	INFO	sendToClient: {"from":"0","value":0}, {1f6281a7-fc03-45f4-8ccf-6d2f5c665ea7}, {1f6281a7-fc03-45f4-8ccf-6d2f5c665ea7}
04-25 21:20:25.437 I/Gecko   (   83): 1398486025453	Marionette	INFO	sendToClient: {"from":"0","value":["{530ef964-a3f9-4806-b7d1-8bda42ffc2e6}","{cf7f9853-ddb1-4dba-a344-38e906e09ce3}","{a83a4b96-bcdc-405a-9ffa-69c23a1bd3e9}","{73a153d7-5ede-4c0e-a1ef-0cb5f4e8302f}","{1e49af5a-ee2b-4081-be17-ee9765720882}","{99f48142-ecb0-4fa2-a884-7fce605da660}","{37897ced-b160-447c-a2d1-22972424bb5c}","{2745bbef-b976-48de-af29-46e5e5d62833}","{940e1fa7-ee7d-4936-9515-64bf1ce07fbc}","{fc23cbef-1ad2-4f4c-9e37-e26540177b11}","{37d8c901-455b-45c1-8913-a2373c75a246}","{4b478522-ba71-49f7-b0e0-13803f5661e4}","{93734213-8f7d-4e73-bab4-32209835c0d7}","{717049e5-1ce5-4382-a8ea-4b7fa6b6a8f2}","{f9025fec-03d7-4bb3-b333-c7ac86f3d8df}","{4fb3bdd7-547b-4c3b-8e24-a18af85fff6b}","{6d25088a-f19e-4937-aa39-c26a933bb10f}","{401db971-c59e-47ed-b487-e7dfdb5dc077}","{6a0d6f88-4935-447c-b2c5-369e0f48f4bd}","{c38ea434-67ce-4835-a33a-06b2cdf8ad4c}","{6a288c48-5daa-486e-b907-ccee09aa7f37}","{e93acaa5-6d6a-41df-9d83-be2919f65dad}"]}, {fd4b7088-a9ed-43b9-b591-407f37926ee6}, {fd4b7088-a9e
04-25 21:20:25.667 I/Gecko   (   83): 1398486025678	Marionette	INFO	sendToClient: {"from":"0","value":"app://homescreen.gaiamobile.org/index.html#rootFri%20Apr%2025%202014%2021:20:24%20GMT-0700%20(UTC)"}, {3e1fc57a-fbfd-47ac-b277-5de5924d49cc}, {3e1fc57a-fbfd-47ac-b277-5de5924d49cc}
04-25 21:20:25.697 W/WifiHW  (   83): wifi_command: SIGNAL_POLL
04-25 21:20:25.747 I/Gecko   (   83): 1398486025760	Marionette	DEBUG	Got request: switchToFrame, data: {"to":"0","sessionId":"3-b2g","name":"switchToFrame","parameters":{"id":null,"focus":true}}, id: {7246e17f-c5fe-4a4b-b5f0-28d8540e8a80}
04-25 21:20:25.767 I/Gecko   (   83): 1398486025787	Marionette	INFO	Switched to frame: {"frameValue":null}
04-25 21:20:25.897 I/Gecko   (   83): 1398486025910	Marionette	INFO	sendToClient: {"from":"0","ok":true}, {7246e17f-c5fe-4a4b-b5f0-28d8540e8a80}, {7246e17f-c5fe-4a4b-b5f0-28d8540e8a80}
04-25 21:20:25.937 I/Gecko   (   83): 1398486025953	Marionette	DEBUG	Got request: switchToFrame, data: {"to":"0","sessionId":"3-b2g","name":"switchToFrame","parameters":{"id":null,"focus":true}}, id: {15c95bfd-b82b-483c-806c-1503c0cf6f17}
04-25 21:20:25.947 I/Gecko   (   83): 1398486025961	Marionette	INFO	Switched to frame: {"frameValue":null}
04-25 21:20:26.047 I/Gecko   (   83): 1398486026063	Marionette	INFO	sendToClient: {"from":"0","ok":true}, {15c95bfd-b82b-483c-806c-1503c0cf6f17}, {15c95bfd-b82b-483c-806c-1503c0cf6f17}
04-25 21:20:26.057 I/Gecko   (   83): 1398486026070	Marionette	DEBUG	Got request: executeWithCallback, data: {"to":"0","sessionId":"3-b2g","name":"executeAsyncScript","parameters":{"specialPowers":false,"scriptTimeout":30000,"newSandbox":true,"args":[],"filename":"app_checker.py","script":"GaiaApps.launchWithManifestURL('https://marketplace.firefox.com/app/f395db57-4e9a-4b69-bc69-a5f64556a591/manifest.webapp')","line":106}}, id: {5b66c858-ddb9-45bb-b18e-fc3202871703}
04-25 21:20:26.217 I/Gonk    (   83): Setting nice for pid 1724 to 18
04-25 21:20:26.217 I/Gonk    (   83): Changed nice for pid 1724 from 18 to 18.
04-25 21:20:26.227 I/Gecko   (   83): [Parent 83] WARNING: waitpid failed pid:1724 errno:10: file ../../../gecko/ipc/chromium/src/base/process_util_posix.cc, line 254
04-25 21:20:26.247 I/Gonk    (   83): Setting nice for pid 1724 to 1
04-25 21:20:26.247 I/Gonk    (   83): Changed nice for pid 1724 from 18 to 1.
04-25 21:20:26.277 E/GeckoConsole(   83): Content JS LOG at dummy file:334 in GaiaApps.launch: launching app with name 'Penguin Jump'
04-25 21:20:26.607 E/[Gralloc-ERROR](   83): int gralloc_register_buffer(const gralloc_module_t*, const native_handle_t*):79 Unable to register handle 0x44e37c40 coming from different process: 83
04-25 21:20:26.607 E/[Gralloc-ERROR](   83): int gralloc_register_buffer(const gralloc_module_t*, const native_handle_t*):79 Unable to register handle 0x44e37e70 coming from different process: 83
04-25 21:20:26.797 I/Gonk    (   83): Setting nice for pid 1704 to 18
04-25 21:20:26.807 I/Gonk    (   83): Changed nice for pid 1704 from 1 to 18.
04-25 21:20:27.787 I/Gecko   (   83): 
04-25 21:20:27.787 I/Gecko   (   83): ###!!! [Parent][MessageChannel] Error: Channel error: cannot send/recv
04-25 21:20:27.787 I/Gecko   (   83): 
04-25 21:20:27.837 I/Gecko   (   83): [Parent 83] WARNING: waitpid failed pid:1704 errno:10: file ../../../gecko/ipc/chromium/src/base/process_util_posix.cc, line 254
04-25 21:20:28.447 I/Gecko   ( 1724): ###################################### forms.js loaded
04-25 21:20:28.467 I/Gecko   ( 1724): ############################### browserElementPanning.js loaded
04-25 21:20:28.487 I/Gecko   ( 1724): ######################## BrowserElementChildPreload.js loaded
04-25 21:20:28.967 E/GeckoConsole( 1724): [JavaScript Warning: "Unknown property '-moz-border-radius'.  Declaration dropped." {file: "app://{3eb80f35-f145-443a-a5c0-f0b59851a09c}/css/style.css" line: 93 column: 22 source: "    -moz-border-radius: 10px;"}]
04-25 21:20:28.977 E/GeckoConsole( 1724): [JavaScript Warning: "Unknown property '-moz-box-shadow'.  Declaration dropped." {file: "app://{3eb80f35-f145-443a-a5c0-f0b59851a09c}/css/style.css" line: 96 column: 19 source: "    -moz-box-shadow: 10px 10px 5px #888;"}]
04-25 21:20:29.357 I/Gecko   ( 1724): Attempting load of libEGL.so
04-25 21:20:29.437 D/libEGL  ( 1724): loaded /system/lib/egl/libEGL_mali.so
04-25 21:20:29.457 D/libEGL  ( 1724): loaded /system/lib/egl/libGLESv1_CM_mali.so
04-25 21:20:29.467 D/libEGL  ( 1724): loaded /system/lib/egl/libGLESv2_mali.so
04-25 21:20:29.507 I/Gecko   ( 1724): SharedSurface_Gralloc::Create -------
04-25 21:20:29.517 I/Gecko   ( 1724): SharedSurface_Gralloc::Create: success -- surface 0x44107880, GraphicBuffer 0x44149e80.
04-25 21:20:29.837 I/Gecko   (   83): [Parent 83] WARNING: waitpid failed pid:1704 errno:10: file ../../../gecko/ipc/chromium/src/base/process_util_posix.cc, line 254
04-25 21:20:29.837 I/Gecko   (   83): [Parent 83] WARNING: Failed to deliver SIGKILL to 1704!(3).: file ../../../gecko/ipc/chromium/src/chrome/common/process_watcher_posix_sigchld.cc, line 118
04-25 21:20:29.867 E/GeckoConsole( 1724): [JavaScript Warning: "Unknown property 'box-sizing'.  Declaration dropped." {file: "app://{3eb80f35-f145-443a-a5c0-f0b59851a09c}/index.html" line: 0 column: 10 source: "box-sizing:border-box;-moz-box-sizing:border-box;-webkit-box-sizing:border-box;padding:1px;border:1px;display:block;width:4px;margin-top:1%;position:absolute;top:1%;"}]
04-25 21:20:29.947 D/Sensors (   83): activate handle=0; drv=0
04-25 21:20:29.947 D/Sensors (   83): Lis3dhSensor: Control set 1
04-25 21:20:29.947 D/Sensors (   83): Lis3dhSensor: mEnabled = 1
04-25 21:20:30.347 E/GeckoConsole( 1724): [JavaScript Warning: "Invalid URI. Load of media resource  failed." {file: "app://{3eb80f35-f145-443a-a5c0-f0b59851a09c}/index.html" line: 0}]
04-25 21:20:30.347 E/GeckoConsole( 1724): [JavaScript Warning: "Invalid URI. Load of media resource  failed." {file: "app://{3eb80f35-f145-443a-a5c0-f0b59851a09c}/index.html" line: 0}]
04-25 21:20:30.737 W/WifiHW  (   83): wifi_command: SIGNAL_POLL
04-25 21:20:30.997 E/GeckoConsole( 1724): Content JS LOG at app://{3eb80f35-f145-443a-a5c0-f0b59851a09c}/src/game.js:36 in Game</<.initialize: NOT MOBILE VERSION
04-25 21:20:30.997 E/GeckoConsole( 1724): Content JS LOG at app://{3eb80f35-f145-443a-a5c0-f0b59851a09c}/src/gamedb.js:6 in initializeDB: db is initialized or opened
04-25 21:20:31.007 E/GeckoConsole( 1724): Content JS LOG at app://{3eb80f35-f145-443a-a5c0-f0b59851a09c}/src/gamedb.js:20 in initializeDB:  is created or not  
04-25 21:20:31.007 E/GeckoConsole( 1724): Content JS LOG at app://{3eb80f35-f145-443a-a5c0-f0b59851a09c}/src/audio.js:35 in loadAudio: AAAUUUUUUUDDDDDDDDDDDIIIIIIIIIIIOOOOOOOOOOO LOADED
04-25 21:20:31.257 I/Gonk    (   83): Setting nice for pid 1791 to 18
04-25 21:20:31.257 I/Gonk    (   83): Changed nice for pid 1791 from 0 to 18.
04-25 21:20:33.277 I/SprdOMXPlugin(   88): makeComponentInstance 'OMX.sprd.mp3.decoder'
04-25 21:20:33.417 I/Gecko   ( 1724): SharedSurface_Gralloc::Create -------
04-25 21:20:33.417 I/Gecko   ( 1724): SharedSurface_Gralloc::Create: success -- surface 0x44cd8200, GraphicBuffer 0x44c62580.
04-25 21:20:33.567 I/SPRDMP3 (   88): MP3_ARM_DEC_Construct=0
04-25 21:20:33.587 I/SprdOMXPlugin(   88): makeComponentInstance 'OMX.sprd.mp3.decoder'
04-25 21:20:33.587 I/SPRDMP3 (   88): MP3_ARM_DEC_Construct=0
04-25 21:20:33.587 I/SprdOMXPlugin(   88): makeComponentInstance 'OMX.sprd.mp3.decoder'
04-25 21:20:33.587 I/SPRDMP3 (   88): MP3_ARM_DEC_Construct=0
04-25 21:20:33.587 I/SprdOMXPlugin(   88): makeComponentInstance 'OMX.sprd.mp3.decoder'
04-25 21:20:33.587 I/SPRDMP3 (   88): MP3_ARM_DEC_Construct=0
04-25 21:20:33.587 I/SprdOMXPlugin(   88): makeComponentInstance 'OMX.sprd.mp3.decoder'
04-25 21:20:33.587 I/SPRDMP3 (   88): MP3_ARM_DEC_Construct=0
04-25 21:20:33.587 I/SPRDMP3 (   88): mp3 decoder params chanel:1, sampleRate:44100
04-25 21:20:33.597 I/SPRDMP3 (   88): mp3 decoder params chanel:1, sampleRate:44100
04-25 21:20:33.607 I/SPRDMP3 (   88): mp3 decoder params chanel:1, sampleRate:44100
04-25 21:20:33.607 I/SPRDMP3 (   88): mp3 decoder params chanel:1, sampleRate:44100
04-25 21:20:33.617 I/SPRDMP3 (   88): mp3 decoder params chanel:1, sampleRate:44100
04-25 21:20:33.617 I/SprdSimpleOMXComponent(   88): useBuffer, push buffer, buffer=0xd040c0,header=0xcf5d70, pBuffer=0x40b93000
04-25 21:20:33.617 I/SprdSimpleOMXComponent(   88): useBuffer, push buffer, buffer=0xcf62f0,header=0xcf5c90, pBuffer=0x40ee5000
04-25 21:20:33.617 I/SprdSimpleOMXComponent(   88): useBuffer, push buffer, buffer=0xcf63e8,header=0xcf5948, pBuffer=0x40f67000
04-25 21:20:33.617 I/SprdSimpleOMXComponent(   88): useBuffer, push buffer, buffer=0xcf6510,header=0xcf5fd8, pBuffer=0x411ad000
04-25 21:20:33.617 I/SprdSimpleOMXComponent(   88): useBuffer, push buffer, buffer=0xd040c8,header=0xcf5bb0, pBuffer=0x40b95000
04-25 21:20:33.617 I/SprdSimpleOMXComponent(   88): useBuffer, push buffer, buffer=0xcf62f8,header=0xcf6280, pBuffer=0x40ee7000
04-25 21:20:33.617 I/SprdSimpleOMXComponent(   88): useBuffer, push buffer, buffer=0xcf63f0,header=0xcf6628, pBuffer=0x40f69000
04-25 21:20:33.617 I/SprdSimpleOMXComponent(   88): useBuffer, push buffer, buffer=0xcf6518,header=0xcf6720, pBuffer=0x411af000
04-25 21:20:33.617 I/SprdSimpleOMXComponent(   88): useBuffer, push buffer, buffer=0xce38c8,header=0xce3648, pBuffer=0x411f5000
04-25 21:20:33.617 I/SprdSimpleOMXComponent(   88): useBuffer, push buffer, buffer=0xd040d0,header=0xcffe78, pBuffer=0x40b97000
04-25 21:20:33.617 I/SprdSimpleOMXComponent(   88): useBuffer, push buffer, buffer=0xcf6300,header=0xd00610, pBuffer=0x40ee9000
04-25 21:20:33.617 I/SprdSimpleOMXComponent(   88): useBuffer, push buffer, buffer=0xcf6520,header=0xcf6830, pBuffer=0x411b1000
04-25 21:20:33.627 I/SprdSimpleOMXComponent(   88): useBuffer, push buffer, buffer=0xce38d0,header=0xce3a90, pBuffer=0x411f7000
04-25 21:20:33.627 I/SprdSimpleOMXComponent(   88): useBuffer, push buffer, buffer=0xcf63f8,header=0xce3860, pBuffer=0x40f6b000
04-25 21:20:33.627 I/SprdSimpleOMXComponent(   88): useBuffer, push buffer, buffer=0xd040d8,header=0xce3bf8, pBuffer=0x40b99000
04-25 21:20:33.627 I/SprdSimpleOMXComponent(   88): useBuffer, push buffer, buffer=0xcf6528,header=0xce3d08, pBuffer=0x411b3000
04-25 21:20:33.627 I/SprdSimpleOMXComponent(   88): useBuffer, push buffer, buffer=0xcf6308,header=0xce3e18, pBuffer=0x40eeb000
04-25 21:20:33.627 I/SprdSimpleOMXComponent(   88): useBuffer, push buffer, buffer=0xcf6400,header=0xce41f0, pBuffer=0x40f6d000
04-25 21:20:33.627 I/SprdSimpleOMXComponent(   88): useBuffer, push buffer, buffer=0xce38d8,header=0xce40e0, pBuffer=0x411f9000
04-25 21:20:33.627 I/SprdSimpleOMXComponent(   88): useBuffer, push buffer, buffer=0xce38e0,header=0xce46e0, pBuffer=0x411fb000
04-25 21:20:33.627 I/SprdSimpleOMXComponent(   88): useBuffer, push buffer, buffer=0xce4ce8,header=0xce4300, pBuffer=0x4162f000
04-25 21:20:33.627 I/SprdSimpleOMXComponent(   88): useBuffer, push buffer, buffer=0xcf6548,header=0xce45d0, pBuffer=0x41666000
04-25 21:20:33.627 I/SprdSimpleOMXComponent(   88): useBuffer, push buffer, buffer=0xce5008,header=0xce47f0, pBuffer=0x41674000
04-25 21:20:33.627 I/SprdSimpleOMXComponent(   88): useBuffer, push buffer, buffer=0xce5230,header=0xce4f98, pBuffer=0x41790000
04-25 21:20:33.627 I/SprdSimpleOMXComponent(   88): useBuffer, push buffer, buffer=0xce4cf0,header=0xce51c8, pBuffer=0x41631400
04-25 21:20:33.627 I/SprdSimpleOMXComponent(   88): useBuffer, push buffer, buffer=0xcf6550,header=0xce50b8, pBuffer=0x41668400
04-25 21:20:33.627 I/SprdSimpleOMXComponent(   88): useBuffer, push buffer, buffer=0xce5010,header=0xce5348, pBuffer=0x41676400
04-25 21:20:33.627 I/SprdSimpleOMXComponent(   88): useBuffer, push buffer, buffer=0xce5238,header=0xce5458, pBuffer=0x41792400
04-25 21:20:33.627 I/SprdSimpleOMXComponent(   88): useBuffer, push buffer, buffer=0xce5a98,header=0xce49a8, pBuffer=0x417ce000
04-25 21:20:33.627 I/SprdSimpleOMXComponent(   88): useBuffer, push buffer, buffer=0xce4cf8,header=0xce57a8, pBuffer=0x41633800
04-25 21:20:33.627 I/SprdSimpleOMXComponent(   88): useBuffer, push buffer, buffer=0xcf6558,header=0xce58b8, pBuffer=0x4166a800
04-25 21:20:33.627 I/SprdSimpleOMXComponent(   88): useBuffer, push buffer, buffer=0xce5018,header=0xce5a30, pBuffer=0x41678800
04-25 21:20:33.637 I/SprdSimpleOMXComponent(   88): useBuffer, push buffer, buffer=0xce5240,header=0xce5bb0, pBuffer=0x41794800
04-25 21:20:33.637 I/SprdSimpleOMXComponent(   88): useBuffer, push buffer, buffer=0xce5aa0,header=0xce5d90, pBuffer=0x417d0400
04-25 21:20:33.637 I/SprdSimpleOMXComponent(   88): useBuffer, push buffer, buffer=0xce4d00,header=0xce5f08, pBuffer=0x41635c00
04-25 21:20:33.637 I/SprdSimpleOMXComponent(   88): useBuffer, push buffer, buffer=0xce5020,header=0xce6190, pBuffer=0x4167ac00
04-25 21:20:33.637 I/SprdSimpleOMXComponent(   88): useBuffer, push buffer, buffer=0xcf6560,header=0xce6080, pBuffer=0x4166cc00
04-25 21:20:33.637 I/SprdSimpleOMXComponent(   88): useBuffer, push buffer, buffer=0xce5aa8,header=0xce6308, pBuffer=0x417d2800
04-25 21:20:33.637 I/SprdSimpleOMXComponent(   88): useBuffer, push buffer, buffer=0xce5248,header=0xce6738, pBuffer=0x41796c00
04-25 21:20:33.647 I/SprdSimpleOMXComponent(   88): useBuffer, push buffer, buffer=0xce5ab0,header=0xce72c0, pBuffer=0x417d4c00
04-25 21:20:34.547 I/Gecko   ( 1724): SharedSurface_Gralloc::Create -------
04-25 21:20:34.567 I/Gecko   ( 1724): SharedSurface_Gralloc::Create: success -- surface 0x445a3680, GraphicBuffer 0x445eb300.
04-25 21:20:34.827 E/GeckoConsole( 1724): Content JS LOG at app://{3eb80f35-f145-443a-a5c0-f0b59851a09c}/src/game.js:70 in Game</<.initialize/<: progress  10 1
04-25 21:20:34.827 E/GeckoConsole( 1724): Content JS LOG at app://{3eb80f35-f145-443a-a5c0-f0b59851a09c}/src/game.js:70 in Game</<.initialize/<: progress  10 2
04-25 21:20:34.837 E/GeckoConsole( 1724): Content JS LOG at app://{3eb80f35-f145-443a-a5c0-f0b59851a09c}/src/game.js:70 in Game</<.initialize/<: progress  10 3
04-25 21:20:34.837 E/GeckoConsole( 1724): Content JS LOG at app://{3eb80f35-f145-443a-a5c0-f0b59851a09c}/src/game.js:70 in Game</<.initialize/<: progress  10 4
04-25 21:20:34.837 E/GeckoConsole( 1724): Content JS LOG at app://{3eb80f35-f145-443a-a5c0-f0b59851a09c}/src/game.js:70 in Game</<.initialize/<: progress  10 5
04-25 21:20:34.837 E/GeckoConsole( 1724): Content JS LOG at app://{3eb80f35-f145-443a-a5c0-f0b59851a09c}/src/game.js:70 in Game</<.initialize/<: progress  10 6
04-25 21:20:34.837 E/GeckoConsole( 1724): Content JS LOG at app://{3eb80f35-f145-443a-a5c0-f0b59851a09c}/src/game.js:70 in Game</<.initialize/<: progress  10 7
04-25 21:20:34.837 E/GeckoConsole( 1724): Content JS LOG at app://{3eb80f35-f145-443a-a5c0-f0b59851a09c}/src/game.js:70 in Game</<.initialize/<: progress  10 8
04-25 21:20:34.837 E/GeckoConsole( 1724): Content JS LOG at app://{3eb80f35-f145-443a-a5c0-f0b59851a09c}/src/game.js:70 in Game</<.initialize/<: progress  10 9
04-25 21:20:34.837 E/GeckoConsole( 1724): Content JS LOG at app://{3eb80f35-f145-443a-a5c0-f0b59851a09c}/src/game.js:70 in Game</<.initialize/<: progress  10 10
04-25 21:20:34.847 E/GeckoConsole( 1724): Content JS LOG at app://{3eb80f35-f145-443a-a5c0-f0b59851a09c}/src/game.js:63 in Game</<.initialize/<: ***************************************
04-25 21:20:34.857 E/GeckoConsole( 1724): Content JS LOG at app://{3eb80f35-f145-443a-a5c0-f0b59851a09c}/src/game.js:64 in Game</<.initialize/<:  all assets are loaded 
04-25 21:20:34.857 E/GeckoConsole( 1724): Content JS LOG at app://{3eb80f35-f145-443a-a5c0-f0b59851a09c}/src/game.js:65 in Game</<.initialize/<: ***************************************
04-25 21:20:34.857 E/GeckoConsole( 1724): Content JS LOG at app://{3eb80f35-f145-443a-a5c0-f0b59851a09c}/src/utility.js:55 in setScreenScale: total width and height of the window  320 440
04-25 21:20:34.857 E/GeckoConsole( 1724): Content JS LOG at app://{3eb80f35-f145-443a-a5c0-f0b59851a09c}/src/scenes.js:7 in anonymous: TTSplash SCREEN
04-25 21:20:35.217 I/SprdSimpleOMXComponent(   88): fillThisBuffer, buffer: 0xce4ce8, header: 0xce4300, iRefCount: 0
04-25 21:20:35.217 I/SprdSimpleOMXComponent(   88): fillThisBuffer, buffer: 0xce5230, header: 0xce4f98, iRefCount: 0
04-25 21:20:35.227 I/SprdSimpleOMXComponent(   88): fillThisBuffer, buffer: 0xce5238, header: 0xce5458, iRefCount: 0
04-25 21:20:35.227 I/SprdSimpleOMXComponent(   88): fillThisBuffer, buffer: 0xce5240, header: 0xce5bb0, iRefCount: 0
04-25 21:20:35.227 I/SprdSimpleOMXComponent(   88): fillThisBuffer, buffer: 0xce5248, header: 0xce6738, iRefCount: 0
04-25 21:20:35.227 I/SprdSimpleOMXComponent(   88): fillThisBuffer, buffer: 0xce5230, header: 0xce4f98, iRefCount: 0
04-25 21:20:35.237 I/SprdSimpleOMXComponent(   88): fillThisBuffer, buffer: 0xce5238, header: 0xce5458, iRefCount: 0
04-25 21:20:35.237 I/SprdSimpleOMXComponent(   88): fillThisBuffer, buffer: 0xce5240, header: 0xce5bb0, iRefCount: 0
04-25 21:20:35.237 I/SprdSimpleOMXComponent(   88): fillThisBuffer, buffer: 0xce5248, header: 0xce6738, iRefCount: 0
04-25 21:20:35.237 I/SprdSimpleOMXComponent(   88): fillThisBuffer, buffer: 0xce5230, header: 0xce4f98, iRefCount: 0
04-25 21:20:35.237 I/SprdSimpleOMXComponent(   88): fillThisBuffer, buffer: 0xce5238, header: 0xce5458, iRefCount: 0
04-25 21:20:35.237 I/SprdSimpleOMXComponent(   88): fillThisBuffer, buffer: 0xce5240, header: 0xce5bb0, iRefCount: 0
04-25 21:20:35.247 I/SprdSimpleOMXComponent(   88): fillThisBuffer, buffer: 0xce4cf0, header: 0xce51c8, iRefCount: 0
04-25 21:20:35.247 I/SprdSimpleOMXComponent(   88): fillThisBuffer, buffer: 0xce4cf8, header: 0xce57a8, iRefCount: 0
04-25 21:20:35.247 I/SprdSimpleOMXComponent(   88): fillThisBuffer, buffer: 0xce4d00, header: 0xce5f08, iRefCount: 0
04-25 21:20:35.247 I/SprdSimpleOMXComponent(   88): fillThisBuffer, buffer: 0xce5248, header: 0xce6738, iRefCount: 0
04-25 21:20:35.257 I/SprdSimpleOMXComponent(   88): fillThisBuffer, buffer: 0xce5230, header: 0xce4f98, iRefCount: 0
04-25 21:20:35.257 I/SprdSimpleOMXComponent(   88): fillThisBuffer, buffer: 0xce5238, header: 0xce5458, iRefCount: 0
04-25 21:20:35.257 I/SprdSimpleOMXComponent(   88): fillThisBuffer, buffer: 0xce4ce8, header: 0xce4300, iRefCount: 0
04-25 21:20:35.257 I/SprdSimpleOMXComponent(   88): fillThisBuffer, buffer: 0xce5240, header: 0xce5bb0, iRefCount: 0
04-25 21:20:35.267 I/SprdSimpleOMXComponent(   88): fillThisBuffer, buffer: 0xcf6548, header: 0xce45d0, iRefCount: 0
04-25 21:20:35.267 I/SprdSimpleOMXComponent(   88): fillThisBuffer, buffer: 0xcf6550, header: 0xce50b8, iRefCount: 0
04-25 21:20:35.267 I/SprdSimpleOMXComponent(   88): fillThisBuffer, buffer: 0xcf6558, header: 0xce58b8, iRefCount: 0
04-25 21:20:35.267 I/SprdSimpleOMXComponent(   88): fillThisBuffer, buffer: 0xcf6560, header: 0xce6080, iRefCount: 0
04-25 21:20:35.267 I/SprdSimpleOMXComponent(   88): fillThisBuffer, buffer: 0xce4cf0, header: 0xce51c8, iRefCount: 0
04-25 21:20:35.267 I/SprdSimpleOMXComponent(   88): fillThisBuffer, buffer: 0xce5248, header: 0xce6738, iRefCount: 0
04-25 21:20:35.267 I/SprdSimpleOMXComponent(   88): fillThisBuffer, buffer: 0xce5230, header: 0xce4f98, iRefCount: 0
04-25 21:20:35.267 I/SprdSimpleOMXComponent(   88): fillThisBuffer, buffer: 0xce4cf8, header: 0xce57a8, iRefCount: 0
04-25 21:20:35.267 I/SprdSimpleOMXComponent(   88): fillThisBuffer, buffer: 0xce4d00, header: 0xce5f08, iRefCount: 0
04-25 21:20:35.317 I/SprdSimpleOMXComponent(   88): fillThisBuffer, buffer: 0xce4ce8, header: 0xce4300, iRefCount: 0
04-25 21:20:35.317 I/SprdSimpleOMXComponent(   88): fillThisBuffer, buffer: 0xce5238, header: 0xce5458, iRefCount: 0
04-25 21:20:35.317 I/SprdSimpleOMXComponent(   88): fillThisBuffer, buffer: 0xce5240, header: 0xce5bb0, iRefCount: 0
04-25 21:20:35.317 I/SprdSimpleOMXComponent(   88): fillThisBuffer, buffer: 0xce5248, header: 0xce6738, iRefCount: 0
04-25 21:20:35.317 I/SprdSimpleOMXComponent(   88): fillThisBuffer, buffer: 0xce5230, header: 0xce4f98, iRefCount: 0
04-25 21:20:35.317 I/SprdSimpleOMXComponent(   88): fillThisBuffer, buffer: 0xcf6548, header: 0xce45d0, iRefCount: 0
04-25 21:20:35.317 I/SprdSimpleOMXComponent(   88): fillThisBuffer, buffer: 0xcf6550, header: 0xce50b8, iRefCount: 0
04-25 21:20:35.327 I/SprdSimpleOMXComponent(   88): fillThisBuffer, buffer: 0xcf6558, header: 0xce58b8, iRefCount: 0
04-25 21:20:35.327 I/SprdSimpleOMXComponent(   88): fillThisBuffer, buffer: 0xce5008, header: 0xce47f0, iRefCount: 0
04-25 21:20:35.327 I/SprdSimpleOMXComponent(   88): fillThisBuffer, buffer: 0xcf6560, header: 0xce6080, iRefCount: 0
04-25 21:20:35.327 I/SprdSimpleOMXComponent(   88): fillThisBuffer, buffer: 0xce5010, header: 0xce5348, iRefCount: 0
04-25 21:20:35.327 I/SprdSimpleOMXComponent(   88): fillThisBuffer, buffer: 0xce5a98, header: 0xce49a8, iRefCount: 0
04-25 21:20:35.337 I/SprdSimpleOMXComponent(   88): fillThisBuffer, buffer: 0xce5018, header: 0xce5a30, iRefCount: 0
04-25 21:20:35.337 I/SprdSimpleOMXComponent(   88): fillThisBuffer, buffer: 0xce5aa0, header: 0xce5d90, iRefCount: 0
04-25 21:20:35.337 I/SprdSimpleOMXComponent(   88): fillThisBuffer, buffer: 0xce5020, header: 0xce6190, iRefCount: 0
04-25 21:20:35.347 I/SprdSimpleOMXComponent(   88): fillThisBuffer, buffer: 0xce5aa8, header: 0xce6308, iRefCount: 0
04-25 21:20:35.347 I/SprdSimpleOMXComponent(   88): fillThisBuffer, buffer: 0xce5ab0, header: 0xce72c0, iRefCount: 0
04-25 21:20:35.357 I/SprdSimpleOMXComponent(   88): fillThisBuffer, buffer: 0xce5238, header: 0xce5458, iRefCount: 0
04-25 21:20:35.357 I/SprdSimpleOMXComponent(   88): fillThisBuffer, buffer: 0xce5240, header: 0xce5bb0, iRefCount: 0
04-25 21:20:35.357 I/SprdSimpleOMXComponent(   88): fillThisBuffer, buffer: 0xce5248, header: 0xce6738, iRefCount: 0
04-25 21:20:35.357 I/SprdSimpleOMXComponent(   88): fillThisBuffer, buffer: 0xce5230, header: 0xce4f98, iRefCount: 0
04-25 21:20:35.357 I/SprdSimpleOMXComponent(   88): fillThisBuffer, buffer: 0xcf6548, header: 0xce45d0, iRefCount: 0
04-25 21:20:35.357 I/SprdSimpleOMXComponent(   88): fillThisBuffer, buffer: 0xcf6550, header: 0xce50b8, iRefCount: 0
04-25 21:20:35.357 I/SprdSimpleOMXComponent(   88): fillThisBuffer, buffer: 0xcf6558, header: 0xce58b8, iRefCount: 0
04-25 21:20:35.357 I/SprdSimpleOMXComponent(   88): fillThisBuffer, buffer: 0xcf6560, header: 0xce6080, iRefCount: 0
04-25 21:20:35.397 I/SprdSimpleOMXComponent(   88): fillThisBuffer, buffer: 0xce4cf0, header: 0xce51c8, iRefCount: 0
04-25 21:20:35.397 I/SprdSimpleOMXComponent(   88): fillThisBuffer, buffer: 0xce4cf8, header: 0xce57a8, iRefCount: 0
04-25 21:20:35.407 I/SprdSimpleOMXComponent(   88): fillThisBuffer, buffer: 0xce5a98, header: 0xce49a8, iRefCount: 0
04-25 21:20:35.407 I/SprdSimpleOMXComponent(   88): fillThisBuffer, buffer: 0xce5008, header: 0xce47f0, iRefCount: 0
04-25 21:20:35.407 I/SprdSimpleOMXComponent(   88): fillThisBuffer, buffer: 0xce5010, header: 0xce5348, iRefCount: 0
04-25 21:20:35.407 I/SprdSimpleOMXComponent(   88): fillThisBuffer, buffer: 0xce4d00, header: 0xce5f08, iRefCount: 0
04-25 21:20:35.407 I/SprdSimpleOMXComponent(   88): fillThisBuffer, buffer: 0xce5018, header: 0xce5a30, iRefCount: 0
04-25 21:20:35.407 I/SprdSimpleOMXComponent(   88): fillThisBuffer, buffer: 0xce4ce8, header: 0xce4300, iRefCount: 0
04-25 21:20:35.407 I/SprdSimpleOMXComponent(   88): fillThisBuffer, buffer: 0xce5aa0, header: 0xce5d90, iRefCount: 0
04-25 21:20:35.407 I/SprdSimpleOMXComponent(   88): fillThisBuffer, buffer: 0xce5aa8, header: 0xce6308, iRefCount: 0
04-25 21:20:35.407 I/SprdSimpleOMXComponent(   88): fillThisBuffer, buffer: 0xce5020, header: 0xce6190, iRefCount: 0
04-25 21:20:35.417 I/SprdSimpleOMXComponent(   88): fillThisBuffer, buffer: 0xce5ab0, header: 0xce72c0, iRefCount: 0
04-25 21:20:35.417 I/SprdSimpleOMXComponent(   88): fillThisBuffer, buffer: 0xce4cf0, header: 0xce51c8, iRefCount: 0
04-25 21:20:35.417 I/SprdSimpleOMXComponent(   88): fillThisBuffer, buffer: 0xce5a98, header: 0xce49a8, iRefCount: 0
04-25 21:20:35.417 I/SprdSimpleOMXComponent(   88): fillThisBuffer, buffer: 0xce4cf8, header: 0xce57a8, iRefCount: 0
04-25 21:20:35.417 I/SprdSimpleOMXComponent(   88): fillThisBuffer, buffer: 0xcf6548, header: 0xce45d0, iRefCount: 0
04-25 21:20:35.417 I/SprdSimpleOMXComponent(   88): fillThisBuffer, buffer: 0xcf6550, header: 0xce50b8, iRefCount: 0
04-25 21:20:35.417 I/SprdSimpleOMXComponent(   88): fillThisBuffer, buffer: 0xcf6558, header: 0xce58b8, iRefCount: 0
04-25 21:20:35.417 I/SprdSimpleOMXComponent(   88): fillThisBuffer, buffer: 0xcf6560, header: 0xce6080, iRefCount: 0
04-25 21:20:35.427 I/SprdSimpleOMXComponent(   88): fillThisBuffer, buffer: 0xce5238, header: 0xce5458, iRefCount: 0
04-25 21:20:35.427 I/SprdSimpleOMXComponent(   88): fillThisBuffer, buffer: 0xce5240, header: 0xce5bb0, iRefCount: 0
04-25 21:20:35.427 I/SprdSimpleOMXComponent(   88): fillThisBuffer, buffer: 0xce5248, header: 0xce6738, iRefCount: 0
04-25 21:20:35.427 I/SprdSimpleOMXComponent(   88): fillThisBuffer, buffer: 0xce5230, header: 0xce4f98, iRefCount: 0
04-25 21:20:35.427 I/SprdSimpleOMXComponent(   88): fillThisBuffer, buffer: 0xcf6548, header: 0xce45d0, iRefCount: 0
04-25 21:20:35.427 I/SprdSimpleOMXComponent(   88): fillThisBuffer, buffer: 0xce5008, header: 0xce47f0, iRefCount: 0
04-25 21:20:35.427 I/SprdSimpleOMXComponent(   88): fillThisBuffer, buffer: 0xce5010, header: 0xce5348, iRefCount: 0
04-25 21:20:35.427 I/SprdSimpleOMXComponent(   88): fillThisBuffer, buffer: 0xce5018, header: 0xce5a30, iRefCount: 0
04-25 21:20:35.427 I/SprdSimpleOMXComponent(   88): fillThisBuffer, buffer: 0xce5020, header: 0xce6190, iRefCount: 0
04-25 21:20:35.437 I/SprdSimpleOMXComponent(   88): fillThisBuffer, buffer: 0xcf6550, header: 0xce50b8, iRefCount: 0
04-25 21:20:35.437 I/SprdSimpleOMXComponent(   88): fillThisBuffer, buffer: 0xcf6558, header: 0xce58b8, iRefCount: 0
04-25 21:20:35.437 I/SprdSimpleOMXComponent(   88): fillThisBuffer, buffer: 0xcf6560, header: 0xce6080, iRefCount: 0
04-25 21:20:35.437 I/SprdSimpleOMXComponent(   88): fillThisBuffer, buffer: 0xcf6548, header: 0xce45d0, iRefCount: 0
04-25 21:20:35.447 I/SprdSimpleOMXComponent(   88): fillThisBuffer, buffer: 0xce5238, header: 0xce5458, iRefCount: 0
04-25 21:20:35.447 I/SprdSimpleOMXComponent(   88): fillThisBuffer, buffer: 0xce5240, header: 0xce5bb0, iRefCount: 0
04-25 21:20:35.447 I/SprdSimpleOMXComponent(   88): fillThisBuffer, buffer: 0xce5248, header: 0xce6738, iRefCount: 0
04-25 21:20:35.447 I/SprdSimpleOMXComponent(   88): fillThisBuffer, buffer: 0xce5230, header: 0xce4f98, iRefCount: 0
04-25 21:20:35.447 I/SprdSimpleOMXComponent(   88): fillThisBuffer, buffer: 0xce5aa0, header: 0xce5d90, iRefCount: 0
04-25 21:20:35.447 I/SprdSimpleOMXComponent(   88): fillThisBuffer, buffer: 0xce5aa8, header: 0xce6308, iRefCount: 0
04-25 21:20:35.447 I/SprdSimpleOMXComponent(   88): fillThisBuffer, buffer: 0xce5ab0, header: 0xce72c0, iRefCount: 0
04-25 21:20:35.477 I/SprdSimpleOMXComponent(   88): fillThisBuffer, buffer: 0xce5238, header: 0xce5458, iRefCount: 0
04-25 21:20:35.477 I/SprdSimpleOMXComponent(   88): fillThisBuffer, buffer: 0xce5240, header: 0xce5bb0, iRefCount: 0
04-25 21:20:35.477 I/SprdSimpleOMXComponent(   88): fillThisBuffer, buffer: 0xcf6550, header: 0xce50b8, iRefCount: 0
04-25 21:20:35.477 I/SprdSimpleOMXComponent(   88): fillThisBuffer, buffer: 0xcf6558, header: 0xce58b8, iRefCount: 0
04-25 21:20:35.477 I/SprdSimpleOMXComponent(   88): fillThisBuffer, buffer: 0xcf6560, header: 0xce6080, iRefCount: 0
04-25 21:20:35.477 I/SprdSimpleOMXComponent(   88): fillThisBuffer, buffer: 0xcf6548, header: 0xce45d0, iRefCount: 0
04-25 21:20:35.477 I/SprdSimpleOMXComponent(   88): fillThisBuffer, buffer: 0xce5a98, header: 0xce49a8, iRefCount: 0
04-25 21:20:35.477 I/SprdSimpleOMXComponent(   88): fillThisBuffer, buffer: 0xce5aa0, header: 0xce5d90, iRefCount: 0
04-25 21:20:35.487 I/SprdSimpleOMXComponent(   88): fillThisBuffer, buffer: 0xce5248, header: 0xce6738, iRefCount: 0
04-25 21:20:35.487 I/SprdSimpleOMXComponent(   88): fillThisBuffer, buffer: 0xce5230, header: 0xce4f98, iRefCount: 0
04-25 21:20:35.487 I/SprdSimpleOMXComponent(   88): fillThisBuffer, buffer: 0xce5aa8, header: 0xce6308, iRefCount: 0
04-25 21:20:35.487 I/SprdSimpleOMXComponent(   88): fillThisBuffer, buffer: 0xce5ab0, header: 0xce72c0, iRefCount: 0
04-25 21:20:35.487 I/SprdSimpleOMXComponent(   88): fillThisBuffer, buffer: 0xcf6550, header: 0xce50b8, iRefCount: 0
04-25 21:20:35.487 I/SprdSimpleOMXComponent(   88): fillThisBuffer, buffer: 0xcf6558, header: 0xce58b8, iRefCount: 0
04-25 21:20:35.487 I/SprdSimpleOMXComponent(   88): fillThisBuffer, buffer: 0xce5238, header: 0xce5458, iRefCount: 0
04-25 21:20:35.487 I/SprdSimpleOMXComponent(   88): fillThisBuffer, buffer: 0xce5240, header: 0xce5bb0, iRefCount: 0
04-25 21:20:35.487 I/SprdSimpleOMXComponent(   88): fillThisBuffer, buffer: 0xce5a98, header: 0xce49a8, iRefCount: 0
04-25 21:20:35.497 I/SprdSimpleOMXComponent(   88): fillThisBuffer, buffer: 0xce5248, header: 0xce6738, iRefCount: 0
04-25 21:20:35.497 I/SprdSimpleOMXComponent(   88): fillThisBuffer, buffer: 0xcf6560, header: 0xce6080, iRefCount: 0
04-25 21:20:35.497 I/SprdSimpleOMXComponent(   88): fillThisBuffer, buffer: 0xcf6548, header: 0xce45d0, iRefCount: 0
04-25 21:20:35.497 I/SprdSimpleOMXComponent(   88): fillThisBuffer, buffer: 0xce5aa0, header: 0xce5d90, iRefCount: 0
04-25 21:20:35.497 I/SprdSimpleOMXComponent(   88): fillThisBuffer, buffer: 0xce5aa8, header: 0xce6308, iRefCount: 0
04-25 21:20:35.497 I/SprdSimpleOMXComponent(   88): fillThisBuffer, buffer: 0xce5230, header: 0xce4f98, iRefCount: 0
04-25 21:20:35.497 I/SprdSimpleOMXComponent(   88): fillThisBuffer, buffer: 0xce5238, header: 0xce5458, iRefCount: 0
04-25 21:20:35.497 I/SprdSimpleOMXComponent(   88): fillThisBuffer, buffer: 0xcf6550, header: 0xce50b8, iRefCount: 0
04-25 21:20:35.547 I/SprdSimpleOMXComponent(   88): fillThisBuffer, buffer: 0xce5ab0, header: 0xce72c0, iRefCount: 0
04-25 21:20:35.547 I/SprdSimpleOMXComponent(   88): fillThisBuffer, buffer: 0xce5a98, header: 0xce49a8, iRefCount: 0
04-25 21:20:35.547 I/SprdSimpleOMXComponent(   88): fillThisBuffer, buffer: 0xce5aa0, header: 0xce5d90, iRefCount: 0
04-25 21:20:35.557 I/SprdSimpleOMXComponent(   88): fillThisBuffer, buffer: 0xce5008, header: 0xce47f0, iRefCount: 0
04-25 21:20:35.557 I/SprdSimpleOMXComponent(   88): fillThisBuffer, buffer: 0xce5010, header: 0xce5348, iRefCount: 0
04-25 21:20:35.557 I/SprdSimpleOMXComponent(   88): fillThisBuffer, buffer: 0xce5018, header: 0xce5a30, iRefCount: 0
04-25 21:20:35.557 I/SprdSimpleOMXComponent(   88): fillThisBuffer, buffer: 0xce5aa8, header: 0xce6308, iRefCount: 0
04-25 21:20:35.567 I/SprdSimpleOMXComponent(   88): fillThisBuffer, buffer: 0xce5020, header: 0xce6190, iRefCount: 0
04-25 21:20:35.567 I/SprdSimpleOMXComponent(   88): fillThisBuffer, buffer: 0xce5008, header: 0xce47f0, iRefCount: 0
04-25 21:20:35.577 I/SprdSimpleOMXComponent(   88): fillThisBuffer, buffer: 0xce5010, header: 0xce5348, iRefCount: 0
04-25 21:20:35.577 I/SprdSimpleOMXComponent(   88): fillThisBuffer, buffer: 0xce5018, header: 0xce5a30, iRefCount: 0
04-25 21:20:35.577 I/SprdSimpleOMXComponent(   88): fillThisBuffer, buffer: 0xce5020, header: 0xce6190, iRefCount: 0
04-25 21:20:35.577 I/SprdSimpleOMXComponent(   88): fillThisBuffer, buffer: 0xce5008, header: 0xce47f0, iRefCount: 0
04-25 21:20:35.577 I/SprdSimpleOMXComponent(   88): fillThisBuffer, buffer: 0xce5010, header: 0xce5348, iRefCount: 0
04-25 21:20:35.577 I/SprdSimpleOMXComponent(   88): fillThisBuffer, buffer: 0xce5018, header: 0xce5a30, iRefCount: 0
04-25 21:20:35.587 I/SprdSimpleOMXComponent(   88): fillThisBuffer, buffer: 0xce5020, header: 0xce6190, iRefCount: 0
04-25 21:20:35.587 I/SprdSimpleOMXComponent(   88): fillThisBuffer, buffer: 0xce5008, header: 0xce47f0, iRefCount: 0
04-25 21:20:35.587 I/SprdSimpleOMXComponent(   88): fillThisBuffer, buffer: 0xcf6558, header: 0xce58b8, iRefCount: 0
04-25 21:20:35.587 I/SprdSimpleOMXComponent(   88): fillThisBuffer, buffer: 0xcf6560, header: 0xce6080, iRefCount: 0
04-25 21:20:35.587 I/SprdSimpleOMXComponent(   88): fillThisBuffer, buffer: 0xcf6548, header: 0xce45d0, iRefCount: 0
04-25 21:20:35.587 I/SprdSimpleOMXComponent(   88): fillThisBuffer, buffer: 0xcf6550, header: 0xce50b8, iRefCount: 0
04-25 21:20:35.587 I/SprdSimpleOMXComponent(   88): fillThisBuffer, buffer: 0xcf6558, header: 0xce58b8, iRefCount: 0
04-25 21:20:35.597 I/SprdSimpleOMXComponent(   88): fillThisBuffer, buffer: 0xcf6560, header: 0xce6080, iRefCount: 0
04-25 21:20:35.597 I/SprdSimpleOMXComponent(   88): fillThisBuffer, buffer: 0xcf6548, header: 0xce45d0, iRefCount: 0
04-25 21:20:35.597 I/SprdSimpleOMXComponent(   88): fillThisBuffer, buffer: 0xcf6550, header: 0xce50b8, iRefCount: 0
04-25 21:20:35.597 I/SprdSimpleOMXComponent(   88): fillThisBuffer, buffer: 0xcf6558, header: 0xce58b8, iRefCount: 0
04-25 21:20:35.597 I/SprdSimpleOMXComponent(   88): fillThisBuffer, buffer: 0xcf6560, header: 0xce6080, iRefCount: 0
04-25 21:20:35.597 I/SprdSimpleOMXComponent(   88): fillThisBuffer, buffer: 0xcf6548, header: 0xce45d0, iRefCount: 0
04-25 21:20:35.597 I/SprdSimpleOMXComponent(   88): fillThisBuffer, buffer: 0xcf6550, header: 0xce50b8, iRefCount: 0
04-25 21:20:35.597 I/SprdSimpleOMXComponent(   88): fillThisBuffer, buffer: 0xce5010, header: 0xce5348, iRefCount: 0
04-25 21:20:35.607 I/SprdSimpleOMXComponent(   88): fillThisBuffer, buffer: 0xce5018, header: 0xce5a30, iRefCount: 0
04-25 21:20:35.607 I/SprdSimpleOMXComponent(   88): fillThisBuffer, buffer: 0xce5020, header: 0xce6190, iRefCount: 0
04-25 21:20:35.607 I/SprdSimpleOMXComponent(   88): fillThisBuffer, buffer: 0xce5008, header: 0xce47f0, iRefCount: 0
04-25 21:20:35.607 I/SprdSimpleOMXComponent(   88): fillThisBuffer, buffer: 0xce5010, header: 0xce5348, iRefCount: 0
04-25 21:20:35.627 I/SprdSimpleOMXComponent(   88): fillThisBuffer, buffer: 0xce5018, header: 0xce5a30, iRefCount: 0
04-25 21:20:35.627 I/SprdSimpleOMXComponent(   88): fillThisBuffer, buffer: 0xce5020, header: 0xce6190, iRefCount: 0
04-25 21:20:35.627 I/SprdSimpleOMXComponent(   88): fillThisBuffer, buffer: 0xce5008, header: 0xce47f0, iRefCount: 0
04-25 21:20:35.627 I/SprdSimpleOMXComponent(   88): fillThisBuffer, buffer: 0xce5010, header: 0xce5348, iRefCount: 0
04-25 21:20:35.627 I/SprdSimpleOMXComponent(   88): fillThisBuffer, buffer: 0xce5018, header: 0xce5a30, iRefCount: 0
04-25 21:20:35.627 I/SprdSimpleOMXComponent(   88): fillThisBuffer, buffer: 0xce5020, header: 0xce6190, iRefCount: 0
04-25 21:20:35.627 I/SprdSimpleOMXComponent(   88): fillThisBuffer, buffer: 0xce5008, header: 0xce47f0, iRefCount: 0
04-25 21:20:35.637 I/SprdSimpleOMXComponent(   88): fillThisBuffer, buffer: 0xce5010, header: 0xce5348, iRefCount: 0
04-25 21:20:35.637 I/SprdSimpleOMXComponent(   88): fillThisBuffer, buffer: 0xce5018, header: 0xce5a30, iRefCount: 0
04-25 21:20:35.637 I/SprdSimpleOMXComponent(   88): fillThisBuffer, buffer: 0xce5020, header: 0xce6190, iRefCount: 0
04-25 21:20:35.637 I/SprdSimpleOMXComponent(   88): fillThisBuffer, buffer: 0xce5008, header: 0xce47f0, iRefCount: 0
04-25 21:20:35.637 I/SprdSimpleOMXComponent(   88): fillThisBuffer, buffer: 0xce5010, header: 0xce5348, iRefCount: 0
04-25 21:20:35.737 W/WifiHW  (   83): wifi_command: SIGNAL_POLL
04-25 21:20:37.607 I/Gecko   ( 1724): SharedSurface_Gralloc::Create -------
04-25 21:20:37.677 I/Gecko   ( 1724): SharedSurface_Gralloc::Create: success -- surface 0x44fe3300, GraphicBuffer 0x4458a780.
04-25 21:20:37.747 E/GeckoConsole( 1724): Content JS LOG at app://{3eb80f35-f145-443a-a5c0-f0b59851a09c}/src/utility.js:55 in setScreenScale: total width and height of the window  320 440
04-25 21:20:37.747 E/GeckoConsole( 1724): Content JS LOG at app://{3eb80f35-f145-443a-a5c0-f0b59851a09c}/src/scenes.js:22 in anonymous: GAME SPLASH SCREEN
04-25 21:20:37.757 E/GeckoConsole( 1724): Content JS LOG at app://{3eb80f35-f145-443a-a5c0-f0b59851a09c}/src/scenes.js:28 in anonymous: logo width height  1000 480 0 -20
04-25 21:20:38.537 I/Gonk    (   83): Setting nice for pid 1791 to 18
04-25 21:20:38.537 I/Gonk    (   83): Changed nice for pid 1791 from 18 to 18.
04-25 21:20:38.537 I/Gecko   (   83): [Parent 83] WARNING: waitpid failed pid:1791 errno:10: file ../../../gecko/ipc/chromium/src/base/process_util_posix.cc, line 254
04-25 21:20:38.567 I/Gonk    (   83): Setting nice for pid 1791 to 1
04-25 21:20:38.567 I/Gonk    (   83): Changed nice for pid 1791 from 18 to 1.
04-25 21:20:38.617 I/Gonk    (   83): Setting nice for pid 1791 to 18
04-25 21:20:38.617 I/Gonk    (   83): Changed nice for pid 1791 from 1 to 18.
04-25 21:20:38.987 E/GeckoConsole(   83): Content JS LOG at dummy file:326 in GaiaApps.launch/appOpen/<: app with origin 'app://{3eb80f35-f145-443a-a5c0-f0b59851a09c}' has launched
04-25 21:20:38.987 I/Gecko   (   83): 1398486039000	Marionette	INFO	sendToClient: {"from":"0","value":{"frame":{"ELEMENT":"{899aec5d-3885-4f2e-93d3-6b838518b268}"},"src":"app://{3eb80f35-f145-443a-a5c0-f0b59851a09c}/index.html","name":"Penguin Jump","origin":"app://{3eb80f35-f145-443a-a5c0-f0b59851a09c}"}}, {5b66c858-ddb9-45bb-b18e-fc3202871703}, {5b66c858-ddb9-45bb-b18e-fc3202871703}
04-25 21:20:39.067 E/[Gralloc-ERROR](   83): int gralloc_unregister_buffer(const gralloc_module_t*, const native_handle_t*):274 Trying to unregister buffer 0x44e37c40 from process 83 that was not created in current process: 83
04-25 21:20:39.077 E/[Gralloc-ERROR](   83): int gralloc_unregister_buffer(const gralloc_module_t*, const native_handle_t*):274 Trying to unregister buffer 0x44e37e70 from process 83 that was not created in current process: 83
04-25 21:20:39.107 I/Gecko   (   83): 1398486039120	Marionette	DEBUG	Got request: switchToFrame, data: {"to":"0","sessionId":"3-b2g","name":"switchToFrame","parameters":{"focus":true,"element":"{899aec5d-3885-4f2e-93d3-6b838518b268}"}}, id: {410a42fe-bd31-4e85-b4b6-2109e4021fc3}
04-25 21:20:39.117 I/Gecko   (   83): 1398486039129	Marionette	INFO	Switched to frame: {"frameValue":"{899aec5d-3885-4f2e-93d3-6b838518b268}"}
04-25 21:20:39.117 I/Gecko   (   83): 1398486039131	Marionette	INFO	trying remote frame 0
04-25 21:20:39.137 I/Gecko   (   83): 1398486039149	Marionette	INFO	trying remote frame 1
04-25 21:20:39.137 I/Gecko   (   83): 1398486039150	Marionette	INFO	deleting frame
04-25 21:20:39.147 I/Gecko   (   83): 1398486039159	Marionette	INFO	frame-manager load script: [object ChromeMessageSender]
04-25 21:20:39.197 I/Gecko   (   83): [Parent 83] WARNING: pipe error (90): Connection reset by peer: file ../../../gecko/ipc/chromium/src/chrome/common/ipc_channel_posix.cc, line 446
04-25 21:20:39.197 I/Gecko   (   83): 
04-25 21:20:39.197 I/Gecko   (   83): ###!!! [Parent][MessageChannel] Error: Channel error: cannot send/recv
04-25 21:20:39.197 I/Gecko   (   83): 
04-25 21:20:39.267 I/Gecko   (   83): [Parent 83] WARNING: waitpid failed pid:1791 errno:10: file ../../../gecko/ipc/chromium/src/base/process_util_posix.cc, line 254
04-25 21:20:39.677 I/Gecko   (   83): 1398486039691	Marionette	INFO	sendToClient: {"from":"0","ok":true}, {410a42fe-bd31-4e85-b4b6-2109e4021fc3}, {410a42fe-bd31-4e85-b4b6-2109e4021fc3}
04-25 21:20:39.707 I/Gecko   (   83): 1398486039721	Marionette	INFO	sendToClient: {"from":"0","value":"app://{3eb80f35-f145-443a-a5c0-f0b59851a09c}/index.html"}, {69b587eb-41c5-4e83-b427-d533b6d3f42d}, {69b587eb-41c5-4e83-b427-d533b6d3f42d}
04-25 21:20:39.717 I/Gecko   (   83): 1398486039727	Marionette	DEBUG	Got request: execute, data: {"to":"0","sessionId":"3-b2g","name":"executeScript","parameters":{"specialPowers":false,"scriptTimeout":null,"newSandbox":true,"args":[],"filename":"app_checker.py","script":"return window.document.readyState;","line":191}}, id: {e4b2a96e-36af-4ef1-b3a2-4b851b659826}
04-25 21:20:39.777 I/Gecko   (   83): 1398486039791	Marionette	INFO	sendToClient: {"from":"0","value":"complete"}, {e4b2a96e-36af-4ef1-b3a2-4b851b659826}, {e4b2a96e-36af-4ef1-b3a2-4b851b659826}
04-25 21:20:39.787 I/Gecko   (   83): 1398486039800	Marionette	INFO	sendToClient: {"from":"0","value":"app://{3eb80f35-f145-443a-a5c0-f0b59851a09c}/index.html"}, {cb889daf-bccc-4add-8a02-36cc11c2960c}, {cb889daf-bccc-4add-8a02-36cc11c2960c}
04-25 21:20:39.877 I/Gecko   ( 1724): SharedSurface_Gralloc::Create -------
04-25 21:20:39.907 I/Gecko   ( 1724): SharedSurface_Gralloc::Create: success -- surface 0x432b1300, GraphicBuffer 0x45cfdf00.
04-25 21:20:40.737 W/WifiHW  (   83): wifi_command: SIGNAL_POLL
04-25 21:20:41.047 I/Gecko   (   83): 1398486041055	Marionette	INFO	sendToClient: {"from":"0","value":"iVBORw0KGgoAAAANSUhEUgAAAUAAAAHgCAYAAADUjLREAAAgAElEQVR4nOy9b2gcZ57v23u4LxTIgnLwAWUZLtM5uTAasjAa8iIK2RfW4oA7eME9+HDdc7NcT48X7N4Mx+l4WKfihXUqPoxc0TJ2WcMqHR1Gm9JhdNI6rI+rYUVKB6KbFoyuW5Am1bCNq7kRq4KI44IRuOCaq+99UX/6qX/d1X+ruvsRfLHc6n7qqed5fp/6/Z7n9zydSL6cARVVVAIAXdepqCJRImoDoJpsUQBSRSkKQKpIRQFIFaUoAKkiFQUgVZSiAKSKVBSAVFGKApAqUlEAUkUpCkCqSEUBSBWlKACpIhUFIFWUii0AM2+z0I916Mc6Fk7nI68P1WA0KADmr+d9JawJ0I40+338Mg+xJA7V6IQ1AfnrefDL/NCul72URepcCqlzKWQvZSGsCZ73yTUZ+ev5gdfHr83lmgyloQy1H3Q9BgBkbhSgH+sobpYdr1f2ZFg//N2i/frcq1lI2xUAgLAmRW7AVL1pUABMnUuhuFmEXJVtFTeLSF9Ig73F2u9jbjC+MBiUlIaC1LkUyrtlKPXBGzy3yCF9IQ3xgWiDX9qWkL6Q9sCusl9B6lxq4HXya3Pr4TSsfrAUOQD1Y90GXe4Kj+TLGSyczoP8IQFY3Czbr1f25MgNmKo3DRKAlf2K4zU8A8q7ZYeRDxuAlb3hQEbXdYglEalzKSgNBXjWbGc8gw1i0hMbFgABOOoTRT9YihSAmbdZB+hUVUPy5QzY24IvAN3vpwAcfQ0TgKSRV/YqgYYnlkRPyCjXZMffuUXOUza3yEHalloCKfdODqlzKeSv5x3wscJP8pruMJFf5lHcKIJf5pG+kLbvIUj563lwS956WiqsFHwBKKwJdj3SF9KeemhHGthbrP2e1LmUJ5y37qeyV0HuSs7hbbpD4Pz1PNIX0sheyt
04-25 21:20:41.267 I/Gecko   (   83): [Parent 83] WARNING: waitpid failed pid:1791 errno:10: file ../../../gecko/ipc/chromium/src/base/process_util_posix.cc, line 254
04-25 21:20:41.267 I/Gecko   (   83): [Parent 83] WARNING: Failed to deliver SIGKILL to 1791!(3).: file ../../../gecko/ipc/chromium/src/chrome/common/process_watcher_posix_sigchld.cc, line 118
04-25 21:20:41.437 I/Gecko   (   83): 1398486041455	Marionette	INFO	sendToClient: {"from":"0","ok":true}, {f0ef5867-a8d4-4773-928c-8eff76c49036}, {f0ef5867-a8d4-4773-928c-8eff76c49036}
04-25 21:20:41.467 I/Gecko   (   83): 1398486041486	Marionette	DEBUG	Got request: switchToFrame, data: {"to":"0","sessionId":"3-b2g","name":"switchToFrame","parameters":{"id":null,"focus":true}}, id: {e1498505-313e-4703-b30e-849b899b7c44}
04-25 21:20:41.517 I/Gecko   (   83): 1398486041534	Marionette	INFO	Switched to frame: {"frameValue":null}
04-25 21:20:41.677 I/Gonk    (   83): Setting nice for pid 1844 to 18
04-25 21:20:41.677 I/Gonk    (   83): Changed nice for pid 1844 from 0 to 18.
04-25 21:20:41.697 I/Gecko   (   83): 1398486041714	Marionette	INFO	sendToClient: {"from":"0","ok":true}, {e1498505-313e-4703-b30e-849b899b7c44}, {e1498505-313e-4703-b30e-849b899b7c44}
04-25 21:20:41.707 I/Gecko   (   83): 1398486041723	Marionette	DEBUG	Got request: executeWithCallback, data: {"to":"0","sessionId":"3-b2g","name":"executeAsyncScript","parameters":{"specialPowers":false,"scriptTimeout":null,"newSandbox":true,"args":[],"filename":"gaia_test.py","script":"return GaiaApps.displayedApp();","line":66}}, id: {ef6336b5-a6fd-44af-8c03-409306780a6a}
04-25 21:20:41.977 E/GeckoConsole(   83): Content JS LOG at dummy file:392 in GaiaApps.displayedApp: app with origin 'app://{3eb80f35-f145-443a-a5c0-f0b59851a09c}' is displayed
04-25 21:20:41.977 I/Gecko   (   83): 1398486041993	Marionette	INFO	sendToClient: {"from":"0","value":{"frame":{"ELEMENT":"{899aec5d-3885-4f2e-93d3-6b838518b268}"},"src":"app://{3eb80f35-f145-443a-a5c0-f0b59851a09c}/index.html","name":"Penguin Jump","origin":"app://{3eb80f35-f145-443a-a5c0-f0b59851a09c}"}}, {ef6336b5-a6fd-44af-8c03-409306780a6a}, {ef6336b5-a6fd-44af-8c03-409306780a6a}
04-25 21:20:42.007 I/Gecko   (   83): 1398486042022	Marionette	DEBUG	Got request: switchToFrame, data: {"to":"0","sessionId":"3-b2g","name":"switchToFrame","parameters":{"id":null,"focus":true}}, id: {d32ee3ff-7b96-4679-9092-324069250163}
04-25 21:20:42.017 I/Gecko   (   83): 1398486042030	Marionette	INFO	Switched to frame: {"frameValue":null}
04-25 21:20:42.177 I/Gecko   (   83): 1398486042188	Marionette	INFO	sendToClient: {"from":"0","ok":true}, {d32ee3ff-7b96-4679-9092-324069250163}, {d32ee3ff-7b96-4679-9092-324069250163}
04-25 21:20:42.247 I/Gecko   (   83): 1398486042260	Marionette	DEBUG	Got request: execute, data: {"to":"0","sessionId":"3-b2g","name":"executeScript","parameters":{"specialPowers":false,"scriptTimeout":null,"newSandbox":true,"args":[],"filename":"gaia_test.py","script":"window.wrappedJSObject.dispatchEvent(new Event('home'));","line":788}}, id: {d2bda323-3214-4859-8f32-0ea2ec276093}
04-25 21:20:42.507 I/Gonk    (   83): Setting nice for pid 1844 to 18
04-25 21:20:42.507 I/Gonk    (   83): Changed nice for pid 1844 from 0 to 18.
04-25 21:20:42.507 I/Gecko   (   83): [Parent 83] WARNING: waitpid failed pid:1844 errno:10: file ../../../gecko/ipc/chromium/src/base/process_util_posix.cc, line 254
04-25 21:20:42.537 E/GeckoConsole( 1724): Content JS LOG at app://{3eb80f35-f145-443a-a5c0-f0b59851a09c}/src/utility.js:55 in setScreenScale: total width and height of the window  320 440
04-25 21:20:42.577 E/GeckoConsole( 1724): Content JS LOG at app://{3eb80f35-f145-443a-a5c0-f0b59851a09c}/src/scenes.js:44 in anonymous: GAME MENU SCREEN
04-25 21:20:42.617 I/Gonk    (   83): Setting nice for pid 1844 to 1
04-25 21:20:42.617 I/Gonk    (   83): Changed nice for pid 1844 from 18 to 1.
04-25 21:20:42.667 D/Sensors (   83): activate handle=0; drv=0
04-25 21:20:42.677 D/Sensors (   83): Lis3dhSensor: Control set 0
04-25 21:20:42.677 D/Sensors (   83): Lis3dhSensor: mEnabled = 0
04-25 21:20:43.237 W/AudioFlinger(   88): Thread AudioOut_1 cannot connect to the power manager service
04-25 21:20:43.327 V/AudioPolicyManagerBase(   88): getDeviceForStrategy() from cache strategy 0, device 2
04-25 21:20:43.327 V/AudioPolicyManagerBase(   88): getOutput() stream 1, samplingRate 0, format 0, channels 3, flags 0
04-25 21:20:43.437 V/AudioPolicyManagerBase(   88): startOutput() output 1, stream 1, session 11
04-25 21:20:43.437 V/AudioPolicyManagerBase(   88): changeRefCount() stream 1, count 1
04-25 21:20:43.437 V/AudioPolicyManagerBase(   88): getDeviceForStrategy() from cache strategy 0, device 2
04-25 21:20:43.437 V/AudioPolicyManagerBase(   88): getNewDevice() selected device 2
04-25 21:20:43.437 D/AudioPolicyManagerBase(   88): setOutputDevice() output 1 device 2 delayMs 0
04-25 21:20:43.437 V/AudioPolicyManagerBase(   88): setOutputDevice() setting same device 2 or null device for output 1
04-25 21:20:43.437 E/AudioPolicyManagerBase(   88): checkAndSetVolume stream=1, index=0, output=1, device=2
04-25 21:20:43.437 E/AudioPolicyManagerBase(   88): computeVolume, streamDesc=0xcc9bb8
04-25 21:20:43.507 V/AudioPolicyManagerBase(   88): stopOutput() output 1, stream 1, session 11
04-25 21:20:43.507 V/AudioPolicyManagerBase(   88): changeRefCount() stream 1, count 0
04-25 21:20:43.507 V/AudioPolicyManagerBase(   88): getNewDevice() selected device 0
04-25 21:20:43.507 D/AudioPolicyManagerBase(   88): setOutputDevice() output 1 device 0 delayMs 290
04-25 21:20:43.507 V/AudioPolicyManagerBase(   88): setOutputDevice() setting same device 0 or null device for output 1
04-25 21:20:43.537 V/AudioPolicyManagerBase(   88): startOutput() output 1, stream 1, session 11
04-25 21:20:43.537 V/AudioPolicyManagerBase(   88): changeRefCount() stream 1, count 1
04-25 21:20:43.537 V/AudioPolicyManagerBase(   88): getDeviceForStrategy() from cache strategy 0, device 2
04-25 21:20:43.537 V/AudioPolicyManagerBase(   88): getNewDevice() selected device 2
04-25 21:20:43.537 D/AudioPolicyManagerBase(   88): setOutputDevice() output 1 device 2 delayMs 0
04-25 21:20:43.537 V/AudioPolicyManagerBase(   88): setOutputDevice() setting same device 2 or null device for output 1
04-25 21:20:43.537 E/AudioPolicyManagerBase(   88): checkAndSetVolume stream=1, index=0, output=1, device=2
04-25 21:20:43.537 E/AudioPolicyManagerBase(   88): computeVolume, streamDesc=0xcc9bb8
04-25 21:20:43.577 I/audio_hw_primary(   88): select_devices_signal starting...
04-25 21:20:43.577 I/audio_hw_primary(   88): select_devices_signal finished.
04-25 21:20:43.577 W/audio_hw_primary(   88): open s_tinycard in
04-25 21:20:43.577 W/audio_hw_primary(   88): open s_tinycard successfully
04-25 21:20:43.577 I/audio_hw_primary(   88): Changing devices: 0x00000002
04-25 21:20:43.667 I/Gecko   (   83): 1398486043679	Marionette	INFO	sendToClient: {"from":"0","value":null}, {d2bda323-3214-4859-8f32-0ea2ec276093}, {d2bda323-3214-4859-8f32-0ea2ec276093}
04-25 21:20:43.717 I/audio_hw_primary(   88): Set 'HeadPhone Function'.0 to 0
04-25 21:20:43.717 I/audio_hw_primary(   88): Set 'Earpiece Function'.0 to 0
04-25 21:20:43.717 I/audio_hw_primary(   88): Set 'Mic Function'.0 to 0
04-25 21:20:43.717 I/audio_hw_primary(   88): Set 'HP Mic Function'.0 to 0
04-25 21:20:43.717 I/audio_hw_primary(   88): Set 'Line Function'.0 to 0
04-25 21:20:43.717 I/audio_hw_primary(   88): Changing devices, mask: 0x00004002
04-25 21:20:43.717 I/audio_hw_primary(   88): Set 'Speaker Function'.0 to 1
04-25 21:20:43.717 W/audio_hw_primary(   88): GetAudio_pga_nv, dac_pga_gain_l:0xc3 adc_pga_gain_l:0xc fm_pga_gain_l:0xff fm_pga_gain_r:0xff device:0x2 vol_level:0x1 
04-25 21:20:43.717 D/audio_pga(   88): 'speaker-l' apply
04-25 21:20:43.717 I/audio_pga(   88): 'Master Playback Volume' set to 12
04-25 21:20:43.717 I/audio_pga(   88): 'Inter PA Playback Volume' set to 12
04-25 21:20:43.717 I/audio_pga(   88): 'VBC DACL DG Set' set to 0
04-25 21:20:43.717 I/audio_pga(   88): 'VBC DACL DG Switch' set to 0
04-25 21:20:43.717 D/audio_pga(   88): 'speaker-r' apply
04-25 21:20:43.717 I/audio_pga(   88): 'Master Playback Volume' set to 12
04-25 21:20:43.717 I/audio_pga(   88): 'Inter PA Playback Volume' set to 12
04-25 21:20:43.717 I/audio_pga(   88): 'VBC DACR DG Set' set to 0
04-25 21:20:43.717 I/audio_pga(   88): 'VBC DACR DG Switch' set to 0
04-25 21:20:43.717 W/audio_hw_primary(   88): SetAudio_gain_by_devices out, devices:0x2 
04-25 21:20:43.717 I/audio_hw_primary(   88): stream_routing_thread looping done.
04-25 21:20:43.717 I/audio_hw_primary(   88): stream_routing_thread looping now...
04-25 21:20:43.777 E/[Gralloc-ERROR](   83): int gralloc_register_buffer(const gralloc_module_t*, const native_handle_t*):79 Unable to register handle 0x44462830 coming from different process: 83
04-25 21:20:43.787 E/[Gralloc-ERROR](   83): int gralloc_register_buffer(const gralloc_module_t*, const native_handle_t*):79 Unable to register handle 0x44462920 coming from different process: 83
04-25 21:20:44.437 I/Gecko   (   83): 1398486044449	Marionette	DEBUG	Got request: switchToFrame, data: {"to":"0","sessionId":"3-b2g","name":"switchToFrame","parameters":{"id":null,"focus":true}}, id: {8f02f6c4-486e-4a75-9c52-29b6c73f5820}
04-25 21:20:44.467 E/[Gralloc-ERROR](   83): int gralloc_unregister_buffer(const gralloc_module_t*, const native_handle_t*):274 Trying to unregister buffer 0x44462920 from process 83 that was not created in current process: 83
04-25 21:20:44.467 E/[Gralloc-ERROR](   83): int gralloc_unregister_buffer(const gralloc_module_t*, const native_handle_t*):274 Trying to unregister buffer 0x44462830 from process 83 that was not created in current process: 83
04-25 21:20:44.467 I/Gecko   (   83): 1398486044482	Marionette	INFO	Switched to frame: {"frameValue":null}
04-25 21:20:44.597 I/Gecko   (   83): 1398486044610	Marionette	INFO	sendToClient: {"from":"0","ok":true}, {8f02f6c4-486e-4a75-9c52-29b6c73f5820}, {8f02f6c4-486e-4a75-9c52-29b6c73f5820}
04-25 21:20:44.637 I/Gecko   (   83): 1398486044655	Marionette	DEBUG	Got request: executeWithCallback, data: {"to":"0","sessionId":"3-b2g","name":"executeAsyncScript","parameters":{"specialPowers":false,"scriptTimeout":null,"newSandbox":true,"args":[],"filename":"gaia_test.py","script":"return GaiaApps.displayedApp();","line":66}}, id: {0bca9f43-62e3-40ea-a48b-5956b9a7b92d}
04-25 21:20:44.847 I/Gecko   (   83): 1398486044862	Marionette	INFO	sendToClient: {"from":"0","value":{"frame":{"ELEMENT":"{fb7d42a7-c227-4ff0-a1a4-d690a558b306}"},"src":"app://homescreen.gaiamobile.org/index.html#root","name":"Homescreen","origin":"app://homescreen.gaiamobile.org"}}, {0bca9f43-62e3-40ea-a48b-5956b9a7b92d}, {0bca9f43-62e3-40ea-a48b-5956b9a7b92d}
04-25 21:20:44.847 E/GeckoConsole(   83): Content JS LOG at dummy file:392 in GaiaApps.displayedApp: app with origin 'app://homescreen.gaiamobile.org' is displayed
04-25 21:20:44.927 I/Gonk    (   83): Setting nice for pid 1724 to 7
04-25 21:20:44.927 I/Gonk    (   83): Changed nice for pid 1724 from 1 to 7.
04-25 21:20:44.967 I/Gecko   (   83): 1398486044984	Marionette	DEBUG	Got request: switchToFrame, data: {"to":"0","sessionId":"3-b2g","name":"switchToFrame","parameters":{"id":null,"focus":true}}, id: {53413457-bc56-4bba-9e54-dd7cdd217deb}
04-25 21:20:44.977 I/Gecko   (   83): 1398486044988	Marionette	INFO	Switched to frame: {"frameValue":null}
04-25 21:20:45.087 I/Gecko   (   83): 1398486045103	Marionette	INFO	sendToClient: {"from":"0","ok":true}, {53413457-bc56-4bba-9e54-dd7cdd217deb}, {53413457-bc56-4bba-9e54-dd7cdd217deb}
04-25 21:20:45.097 I/Gecko   (   83): 1398486045108	Marionette	DEBUG	Got request: switchToFrame, data: {"to":"0","sessionId":"3-b2g","name":"switchToFrame","parameters":{"id":null,"focus":true}}, id: {a00834bf-2e35-4fe2-b0b6-ae75ea8c88cb}
04-25 21:20:45.097 I/Gecko   (   83): 1398486045110	Marionette	INFO	Switched to frame: {"frameValue":null}
04-25 21:20:45.147 I/Gecko   (   83): 
04-25 21:20:45.147 I/Gecko   (   83): ###!!! [Parent][MessageChannel] Error: Channel error: cannot send/recv
04-25 21:20:45.147 I/Gecko   (   83): 
04-25 21:20:45.287 I/Gecko   (   83): [Parent 83] WARNING: waitpid failed pid:1724 errno:10: file ../../../gecko/ipc/chromium/src/base/process_util_posix.cc, line 254
04-25 21:20:45.287 I/Gecko   (   83): 1398486045306	Marionette	INFO	sendToClient: {"from":"0","ok":true}, {a00834bf-2e35-4fe2-b0b6-ae75ea8c88cb}, {a00834bf-2e35-4fe2-b0b6-ae75ea8c88cb}
04-25 21:20:45.297 I/Gecko   (   83): 1398486045312	Marionette	DEBUG	Got request: executeWithCallback, data: {"to":"0","sessionId":"3-b2g","name":"executeAsyncScript","parameters":{"specialPowers":false,"scriptTimeout":null,"newSandbox":true,"args":[],"filename":"gaia_test.py","script":"return GaiaApps.displayedApp();","line":66}}, id: {cf6d9b8c-60fe-4fde-b08f-c85acd786479}
04-25 21:20:45.337 V/AudioPolicyManagerBase(   88): stopOutput() output 1, stream 1, session 11
04-25 21:20:45.337 V/AudioPolicyManagerBase(   88): changeRefCount() stream 1, count 0
04-25 21:20:45.337 V/AudioPolicyManagerBase(   88): getNewDevice() selected device 0
04-25 21:20:45.337 D/AudioPolicyManagerBase(   88): setOutputDevice() output 1 device 0 delayMs 290
04-25 21:20:45.337 V/AudioPolicyManagerBase(   88): setOutputDevice() setting same device 0 or null device for output 1
04-25 21:20:45.357 V/AudioPolicyManagerBase(   88): releaseOutput() 1
04-25 21:20:45.377 E/OMXNodeInstance(   88): !!! Observer died. Quickly, do something, ... anything...
04-25 21:20:45.377 E/OMXNodeInstance(   88): !!! Observer died. Quickly, do something, ... anything...
04-25 21:20:45.377 E/OMXNodeInstance(   88): !!! Observer died. Quickly, do something, ... anything...
04-25 21:20:45.377 E/OMXNodeInstance(   88): !!! Observer died. Quickly, do something, ... anything...
04-25 21:20:45.377 E/OMXNodeInstance(   88): !!! Observer died. Quickly, do something, ... anything...
04-25 21:20:45.397 E/GeckoConsole(   83): Content JS LOG at dummy file:392 in GaiaApps.displayedApp: app with origin 'app://homescreen.gaiamobile.org' is displayed
04-25 21:20:45.417 I/Gecko   (   83): 1398486045428	Marionette	INFO	sendToClient: {"from":"0","value":{"frame":{"ELEMENT":"{fb7d42a7-c227-4ff0-a1a4-d690a558b306}"},"src":"app://homescreen.gaiamobile.org/index.html#root","name":"Homescreen","origin":"app://homescreen.gaiamobile.org"}}, {cf6d9b8c-60fe-4fde-b08f-c85acd786479}, {cf6d9b8c-60fe-4fde-b08f-c85acd786479}
04-25 21:20:45.427 I/Gecko   (   83): 1398486045440	Marionette	DEBUG	Got request: switchToFrame, data: {"to":"0","sessionId":"3-b2g","name":"switchToFrame","parameters":{"focus":true,"element":"{fb7d42a7-c227-4ff0-a1a4-d690a558b306}"}}, id: {b754694d-7a7b-439c-95c7-91a4441fae1f}
04-25 21:20:45.437 I/Gecko   (   83): 1398486045451	Marionette	INFO	Switched to frame: {"frameValue":"{fb7d42a7-c227-4ff0-a1a4-d690a558b306}"}
04-25 21:20:45.447 I/Gecko   (   83): 1398486045459	Marionette	INFO	trying remote frame 0
04-25 21:20:45.457 I/Gecko   (   83): 1398486045477	Marionette	INFO	trying remote frame 1
04-25 21:20:45.467 I/Gecko   (   83): 1398486045478	Marionette	INFO	deleting frame
04-25 21:20:45.467 I/Gecko   (   83): 1398486045485	Marionette	INFO	frame-manager load script: [object ChromeMessageSender]
04-25 21:20:45.747 W/WifiHW  (   83): wifi_command: SIGNAL_POLL
04-25 21:20:46.007 I/Gecko   ( 1844): ###################################### forms.js loaded
04-25 21:20:46.027 I/Gecko   ( 1844): ############################### browserElementPanning.js loaded
04-25 21:20:46.047 I/Gecko   ( 1844): ######################## BrowserElementChildPreload.js loaded
04-25 21:20:46.767 I/Gecko   (   83): 1398486046781	Marionette	INFO	sendToClient: {"from":"0","ok":true}, {b754694d-7a7b-439c-95c7-91a4441fae1f}, {b754694d-7a7b-439c-95c7-91a4441fae1f}
04-25 21:20:46.967 I/Gecko   (   83): 1398486046979	Marionette	INFO	sendToClient: {"from":"0","value":"app://homescreen.gaiamobile.org/index.html#root"}, {94d38910-dd0a-4f0e-a061-dc9eb9217de5}, {94d38910-dd0a-4f0e-a061-dc9eb9217de5}
04-25 21:20:46.977 I/Gecko   (   83): 1398486046996	Marionette	DEBUG	Got request: switchToFrame, data: {"to":"0","sessionId":"3-b2g","name":"switchToFrame","parameters":{"id":null,"focus":true}}, id: {f06526fe-7662-42c2-956b-22f66c96cfb7}
04-25 21:20:46.997 I/Gecko   (   83): 1398486047012	Marionette	INFO	Switched to frame: {"frameValue":null}
04-25 21:20:47.117 I/Gecko   (   83): 1398486047130	Marionette	INFO	sendToClient: {"from":"0","ok":true}, {f06526fe-7662-42c2-956b-22f66c96cfb7}, {f06526fe-7662-42c2-956b-22f66c96cfb7}
04-25 21:20:47.127 I/Gecko   (   83): 1398486047137	Marionette	DEBUG	Got request: switchToFrame, data: {"to":"0","sessionId":"3-b2g","name":"switchToFrame","parameters":{"id":null,"focus":true}}, id: {768a33ac-b6ec-4b87-b3db-5d501ff4f813}
04-25 21:20:47.127 I/Gecko   (   83): 1398486047145	Marionette	INFO	Switched to frame: {"frameValue":null}
04-25 21:20:47.237 I/Gecko   (   83): 1398486047247	Marionette	INFO	sendToClient: {"from":"0","ok":true}, {768a33ac-b6ec-4b87-b3db-5d501ff4f813}, {768a33ac-b6ec-4b87-b3db-5d501ff4f813}
04-25 21:20:47.237 I/Gecko   (   83): 1398486047255	Marionette	DEBUG	Got request: executeWithCallback, data: {"to":"0","sessionId":"3-b2g","name":"executeAsyncScript","parameters":{"specialPowers":false,"scriptTimeout":null,"newSandbox":true,"args":[],"filename":"gaia_test.py","script":"GaiaApps.killAll()","line":91}}, id: {9466a644-12b7-4187-89a8-feab92c14cc8}
04-25 21:20:47.277 I/Gecko   (   83): 1398486047296	Marionette	INFO	sendToClient: {"from":"0","value":true}, {9466a644-12b7-4187-89a8-feab92c14cc8}, {9466a644-12b7-4187-89a8-feab92c14cc8}
04-25 21:20:47.287 I/Gecko   (   83): [Parent 83] WARNING: waitpid failed pid:1724 errno:10: file ../../../gecko/ipc/chromium/src/base/process_util_posix.cc, line 254
04-25 21:20:47.287 I/Gecko   (   83): [Parent 83] WARNING: Failed to deliver SIGKILL to 1724!(3).: file ../../../gecko/ipc/chromium/src/chrome/common/process_watcher_posix_sigchld.cc, line 118
04-25 21:20:47.297 I/Gecko   (   83): 1398486047309	Marionette	DEBUG	Got request: switchToFrame, data: {"to":"0","sessionId":"3-b2g","name":"switchToFrame","parameters":{"id":null,"focus":true}}, id: {680a411a-6bc4-46f0-9d49-cc9e50edc7f3}
04-25 21:20:47.297 I/Gecko   (   83): 1398486047311	Marionette	INFO	Switched to frame: {"frameValue":null}
04-25 21:20:47.397 I/Gecko   (   83): 1398486047414	Marionette	INFO	sendToClient: {"from":"0","ok":true}, {680a411a-6bc4-46f0-9d49-cc9e50edc7f3}, {680a411a-6bc4-46f0-9d49-cc9e50edc7f3}
04-25 21:20:47.407 I/Gecko   (   83): 1398486047421	Marionette	DEBUG	Got request: executeWithCallback, data: {"to":"0","sessionId":"3-b2g","name":"executeAsyncScript","parameters":{"specialPowers":false,"scriptTimeout":60000,"newSandbox":true,"args":[],"filename":"app_checker.py","script":"\n        GaiaApps.locateWithManifestURL('https://marketplace.firefox.com/app/f395db57-4e9a-4b69-bc69-a5f64556a591/manifest.webapp',\n                                       null,\n                                       function uninstall(app) {\n                                       navigator.mozApps.mgmt.uninstall(app);\n                                       marionetteScriptFinished(true);\n                                       });\n        ","line":129}}, id: {b3b021f7-71fe-4e94-b07b-17e2b5d829de}
04-25 21:20:47.467 I/Gecko   (   83): -- webapps.js uninstall https://marketplace.firefox.com/app/f395db57-4e9a-4b69-bc69-a5f64556a591/manifest.webapp
04-25 21:20:47.707 I/Gecko   (   83): 1398486047718	Marionette	INFO	sendToClient: {"from":"0","value":true}, {b3b021f7-71fe-4e94-b07b-17e2b5d829de}, {b3b021f7-71fe-4e94-b07b-17e2b5d829de}
04-25 21:20:47.877 I/Gonk    (   83): Setting nice for pid 1865 to 18
04-25 21:20:47.877 I/Gonk    (   83): Changed nice for pid 1865 from 0 to 18.
04-25 21:20:48.117 W/audio_hw_primary(   88): do_output_standby.mode:0