--------- beginning of /dev/log/main
04-25 22:40:18.691 I/Gecko   (   83): 1398490818697	Marionette	INFO	sendToClient: {"from":"0","ok":true}, {83625d3f-7216-4921-b50c-d34d4eeba3ee}, {83625d3f-7216-4921-b50c-d34d4eeba3ee}
04-25 22:40:18.771 I/Gecko   (   83): 1398490818777	Marionette	DEBUG	Got request: switchToFrame, data: {"to":"0","sessionId":"3-b2g","name":"switchToFrame","parameters":{"id":null,"focus":true}}, id: {7ce2f7fa-000f-43b6-83cc-d5489c5a1396}
04-25 22:40:18.781 I/Gecko   (   83): 1398490818785	Marionette	INFO	Switched to frame: {"frameValue":null}
04-25 22:40:19.001 I/Gecko   (   83): 1398490819005	Marionette	INFO	sendToClient: {"from":"0","ok":true}, {7ce2f7fa-000f-43b6-83cc-d5489c5a1396}, {7ce2f7fa-000f-43b6-83cc-d5489c5a1396}
04-25 22:40:19.061 I/Gecko   (   83): 1398490819065	Marionette	DEBUG	Got request: executeWithCallback, data: {"to":"0","sessionId":"3-b2g","name":"executeAsyncScript","parameters":{"specialPowers":false,"scriptTimeout":null,"newSandbox":true,"args":[],"filename":"gaia_test.py","script":"return GaiaApps.displayedApp();","line":66}}, id: {f04dae9c-2c73-4344-9650-4abf2ba57b00}
04-25 22:40:19.111 I/Gecko   (   83): 1398490819120	Marionette	INFO	sendToClient: {"from":"0","value":{"frame":{"ELEMENT":"{179cbad5-a799-4844-8eeb-621ff3385ec2}"},"src":"app://homescreen.gaiamobile.org/index.html#root","name":"Homescreen","origin":"app://homescreen.gaiamobile.org"}}, {f04dae9c-2c73-4344-9650-4abf2ba57b00}, {f04dae9c-2c73-4344-9650-4abf2ba57b00}
04-25 22:40:19.111 E/GeckoConsole(   83): Content JS LOG at dummy file:392 in GaiaApps.displayedApp: app with origin 'app://homescreen.gaiamobile.org' is displayed
04-25 22:40:19.131 I/Gecko   (   83): 1398490819136	Marionette	DEBUG	Got request: switchToFrame, data: {"to":"0","sessionId":"3-b2g","name":"switchToFrame","parameters":{"id":null,"focus":true}}, id: {27ceccdc-87f2-407a-8ca6-09245a23532f}
04-25 22:40:19.131 I/Gecko   (   83): 1398490819137	Marionette	INFO	Switched to frame: {"frameValue":null}
04-25 22:40:19.241 I/Gecko   (   83): 1398490819247	Marionette	INFO	sendToClient: {"from":"0","ok":true}, {27ceccdc-87f2-407a-8ca6-09245a23532f}, {27ceccdc-87f2-407a-8ca6-09245a23532f}
04-25 22:40:19.271 I/Gecko   (   83): 1398490819276	Marionette	DEBUG	Got request: switchToFrame, data: {"to":"0","sessionId":"3-b2g","name":"switchToFrame","parameters":{"id":null,"focus":true}}, id: {6ff94a5a-1033-4348-97dc-4815081136f5}
04-25 22:40:19.291 I/Gecko   (   83): 1398490819296	Marionette	INFO	Switched to frame: {"frameValue":null}
04-25 22:40:19.401 I/Gecko   (   83): 1398490819403	Marionette	INFO	sendToClient: {"from":"0","ok":true}, {6ff94a5a-1033-4348-97dc-4815081136f5}, {6ff94a5a-1033-4348-97dc-4815081136f5}
04-25 22:40:19.401 I/Gecko   (   83): 1398490819410	Marionette	DEBUG	Got request: executeWithCallback, data: {"to":"0","sessionId":"3-b2g","name":"executeAsyncScript","parameters":{"specialPowers":false,"scriptTimeout":null,"newSandbox":true,"args":[],"filename":"gaia_test.py","script":"return GaiaApps.displayedApp();","line":66}}, id: {591ee1b4-0223-4d39-8bf1-65496ec71c94}
04-25 22:40:19.471 I/Gecko   (   83): 1398490819482	Marionette	INFO	sendToClient: {"from":"0","value":{"frame":{"ELEMENT":"{179cbad5-a799-4844-8eeb-621ff3385ec2}"},"src":"app://homescreen.gaiamobile.org/index.html#root","name":"Homescreen","origin":"app://homescreen.gaiamobile.org"}}, {591ee1b4-0223-4d39-8bf1-65496ec71c94}, {591ee1b4-0223-4d39-8bf1-65496ec71c94}
04-25 22:40:19.491 E/GeckoConsole(   83): Content JS LOG at dummy file:392 in GaiaApps.displayedApp: app with origin 'app://homescreen.gaiamobile.org' is displayed
04-25 22:40:19.491 I/Gecko   (   83): 1398490819501	Marionette	DEBUG	Got request: switchToFrame, data: {"to":"0","sessionId":"3-b2g","name":"switchToFrame","parameters":{"focus":true,"element":"{179cbad5-a799-4844-8eeb-621ff3385ec2}"}}, id: {e00ba471-40bb-4c62-a106-d12d50a10a6d}
04-25 22:40:19.501 I/Gecko   (   83): 1398490819508	Marionette	INFO	Switched to frame: {"frameValue":"{179cbad5-a799-4844-8eeb-621ff3385ec2}"}
04-25 22:40:19.521 I/Gecko   (   83): 1398490819530	Marionette	INFO	trying remote frame 0
04-25 22:40:19.521 I/Gecko   (   83): 1398490819531	Marionette	INFO	trying remote frame 1
04-25 22:40:19.521 I/Gecko   (   83): 1398490819532	Marionette	INFO	trying remote frame 2
04-25 22:40:19.531 I/Gecko   (   83): 1398490819533	Marionette	INFO	trying remote frame 3
04-25 22:40:19.531 I/Gecko   (   83): 1398490819534	Marionette	INFO	trying remote frame 4
04-25 22:40:19.531 I/Gecko   (   83): 1398490819535	Marionette	INFO	trying remote frame 5
04-25 22:40:19.531 I/Gecko   (   83): 1398490819535	Marionette	INFO	deleting frame
04-25 22:40:19.531 I/Gecko   (   83): 1398490819540	Marionette	INFO	frame-manager load script: [object ChromeMessageSender]
04-25 22:40:19.911 I/Gecko   (   83): 1398490819913	Marionette	INFO	sendToClient: {"from":"0","ok":true}, {e00ba471-40bb-4c62-a106-d12d50a10a6d}, {e00ba471-40bb-4c62-a106-d12d50a10a6d}
04-25 22:40:20.221 I/Gecko   (   83): 1398490820223	Marionette	INFO	sendToClient: {"from":"0","value":{"ELEMENT":"{69ebe189-75d0-4eb0-ae42-1d9e04231dff}"}}, {b0c09525-f96a-4a84-82e4-228effa2ecac}, {b0c09525-f96a-4a84-82e4-228effa2ecac}
04-25 22:40:20.581 E/GeckoConsole( 2521): [JavaScript Warning: "Use of getAttributeNode() is deprecated. Use getAttribute() instead." {file: "chrome://marionette/content/atoms.js" line: 25}]
04-25 22:40:20.591 E/GeckoConsole( 2521): [JavaScript Warning: "Use of attributes' specified attribute is deprecated. It always returns true." {file: "chrome://marionette/content/atoms.js" line: 25}]
04-25 22:40:20.601 I/Gecko   (   83): 1398490820603	Marionette	INFO	sendToClient: {"from":"0","value":"normal"}, {deb4602e-260f-44ed-a424-89ec26bb9aec}, {deb4602e-260f-44ed-a424-89ec26bb9aec}
04-25 22:40:20.601 I/Gecko   (   83): 1398490820612	Marionette	DEBUG	Got request: switchToFrame, data: {"to":"0","sessionId":"3-b2g","name":"switchToFrame","parameters":{"id":null,"focus":true}}, id: {0e6a448f-314b-471f-8e0e-3789560a7808}
04-25 22:40:20.621 I/Gecko   (   83): 1398490820631	Marionette	INFO	Switched to frame: {"frameValue":null}
04-25 22:40:20.731 I/Gecko   (   83): 1398490820740	Marionette	INFO	sendToClient: {"from":"0","ok":true}, {0e6a448f-314b-471f-8e0e-3789560a7808}, {0e6a448f-314b-471f-8e0e-3789560a7808}
04-25 22:40:20.751 I/Gecko   (   83): 1398490820753	Marionette	DEBUG	Got request: execute, data: {"to":"0","sessionId":"3-b2g","name":"executeScript","parameters":{"specialPowers":false,"scriptTimeout":null,"newSandbox":true,"args":[],"filename":"gaia_test.py","script":"window.wrappedJSObject.dispatchEvent(new Event('home'));","line":788}}, id: {be0bcba3-7ba7-42ef-92b6-b2532fdfe063}
04-25 22:40:20.841 I/Gecko   (   83): 1398490820852	Marionette	INFO	sendToClient: {"from":"0","value":null}, {be0bcba3-7ba7-42ef-92b6-b2532fdfe063}, {be0bcba3-7ba7-42ef-92b6-b2532fdfe063}
04-25 22:40:21.021 I/Gecko   (   83): 1398490821024	Marionette	DEBUG	Got request: switchToFrame, data: {"to":"0","sessionId":"3-b2g","name":"switchToFrame","parameters":{"id":null,"focus":true}}, id: {b50744dd-5e69-4a03-86b0-adcbea350e63}
04-25 22:40:21.061 I/Gecko   (   83): 1398490821068	Marionette	INFO	Switched to frame: {"frameValue":null}
04-25 22:40:21.211 I/Gecko   (   83): 1398490821214	Marionette	INFO	sendToClient: {"from":"0","ok":true}, {b50744dd-5e69-4a03-86b0-adcbea350e63}, {b50744dd-5e69-4a03-86b0-adcbea350e63}
04-25 22:40:21.241 I/Gecko   (   83): 1398490821246	Marionette	DEBUG	Got request: switchToFrame, data: {"to":"0","sessionId":"3-b2g","name":"switchToFrame","parameters":{"id":null,"focus":true}}, id: {6b402ed9-5ce8-4578-b3da-370319ace81e}
04-25 22:40:21.241 I/Gecko   (   83): 1398490821248	Marionette	INFO	Switched to frame: {"frameValue":null}
04-25 22:40:21.311 V/AudioPolicyManagerBase(   88): startOutput() output 1, stream 1, session 12
04-25 22:40:21.311 V/AudioPolicyManagerBase(   88): changeRefCount() stream 1, count 1
04-25 22:40:21.311 V/AudioPolicyManagerBase(   88): getDeviceForStrategy() from cache strategy 0, device 2
04-25 22:40:21.311 V/AudioPolicyManagerBase(   88): getNewDevice() selected device 2
04-25 22:40:21.311 D/AudioPolicyManagerBase(   88): setOutputDevice() output 1 device 2 delayMs 0
04-25 22:40:21.311 V/AudioPolicyManagerBase(   88): setOutputDevice() setting same device 2 or null device for output 1
04-25 22:40:21.311 E/AudioPolicyManagerBase(   88): checkAndSetVolume stream=1, index=0, output=1, device=2
04-25 22:40:21.311 E/AudioPolicyManagerBase(   88): computeVolume, streamDesc=0x142bbb8
04-25 22:40:21.331 W/AudioFlinger(   88): Thread AudioOut_1 cannot connect to the power manager service
04-25 22:40:21.331 V/AudioPolicyManagerBase(   88): stopOutput() output 1, stream 1, session 12
04-25 22:40:21.331 V/AudioPolicyManagerBase(   88): changeRefCount() stream 1, count 0
04-25 22:40:21.331 V/AudioPolicyManagerBase(   88): getNewDevice() selected device 0
04-25 22:40:21.331 D/AudioPolicyManagerBase(   88): setOutputDevice() output 1 device 0 delayMs 290
04-25 22:40:21.331 V/AudioPolicyManagerBase(   88): setOutputDevice() setting same device 0 or null device for output 1
04-25 22:40:21.351 V/AudioPolicyManagerBase(   88): startOutput() output 1, stream 1, session 12
04-25 22:40:21.351 V/AudioPolicyManagerBase(   88): changeRefCount() stream 1, count 1
04-25 22:40:21.351 V/AudioPolicyManagerBase(   88): getDeviceForStrategy() from cache strategy 0, device 2
04-25 22:40:21.351 V/AudioPolicyManagerBase(   88): getNewDevice() selected device 2
04-25 22:40:21.351 D/AudioPolicyManagerBase(   88): setOutputDevice() output 1 device 2 delayMs 0
04-25 22:40:21.351 V/AudioPolicyManagerBase(   88): setOutputDevice() setting same device 2 or null device for output 1
04-25 22:40:21.351 E/AudioPolicyManagerBase(   88): checkAndSetVolume stream=1, index=0, output=1, device=2
04-25 22:40:21.351 E/AudioPolicyManagerBase(   88): computeVolume, streamDesc=0x142bbb8
04-25 22:40:21.351 V/AudioPolicyManagerBase(   88): stopOutput() output 1, stream 1, session 12
04-25 22:40:21.351 V/AudioPolicyManagerBase(   88): changeRefCount() stream 1, count 0
04-25 22:40:21.351 V/AudioPolicyManagerBase(   88): getNewDevice() selected device 0
04-25 22:40:21.351 D/AudioPolicyManagerBase(   88): setOutputDevice() output 1 device 0 delayMs 290
04-25 22:40:21.351 V/AudioPolicyManagerBase(   88): setOutputDevice() setting same device 0 or null device for output 1
04-25 22:40:21.351 V/AudioPolicyManagerBase(   88): releaseOutput() 1
04-25 22:40:21.361 I/Gecko   (   83): 1398490821369	Marionette	INFO	sendToClient: {"from":"0","ok":true}, {6b402ed9-5ce8-4578-b3da-370319ace81e}, {6b402ed9-5ce8-4578-b3da-370319ace81e}
04-25 22:40:21.401 I/Gecko   (   83): 1398490821410	Marionette	DEBUG	Got request: executeWithCallback, data: {"to":"0","sessionId":"3-b2g","name":"executeAsyncScript","parameters":{"specialPowers":false,"scriptTimeout":null,"newSandbox":true,"args":[],"filename":"gaia_test.py","script":"return GaiaApps.displayedApp();","line":66}}, id: {62b1101d-3fe7-4bf1-bb69-d5a501d5b1b6}
04-25 22:40:21.441 I/Gecko   (   83): 1398490821450	Marionette	INFO	sendToClient: {"from":"0","value":{"frame":{"ELEMENT":"{179cbad5-a799-4844-8eeb-621ff3385ec2}"},"src":"app://homescreen.gaiamobile.org/index.html#rootFri%20Apr%2025%202014%2022:40:20%20GMT-0700%20(UTC)","name":"Homescreen","origin":"app://homescreen.gaiamobile.org"}}, {62b1101d-3fe7-4bf1-bb69-d5a501d5b1b6}, {62b1101d-3fe7-4bf1-bb69-d5a501d5b1b6}
04-25 22:40:21.451 E/GeckoConsole(   83): Content JS LOG at dummy file:392 in GaiaApps.displayedApp: app with origin 'app://homescreen.gaiamobile.org' is displayed
04-25 22:40:21.521 I/Gecko   (   83): 1398490821527	Marionette	DEBUG	Got request: switchToFrame, data: {"to":"0","sessionId":"3-b2g","name":"switchToFrame","parameters":{"focus":true,"element":"{179cbad5-a799-4844-8eeb-621ff3385ec2}"}}, id: {41c69649-265e-4af0-8376-4d4d540bc5e2}
04-25 22:40:21.551 I/Gecko   (   83): 1398490821555	Marionette	INFO	Switched to frame: {"frameValue":"{179cbad5-a799-4844-8eeb-621ff3385ec2}"}
04-25 22:40:21.551 I/Gecko   (   83): 1398490821558	Marionette	INFO	trying remote frame 0
04-25 22:40:21.551 I/Gecko   (   83): 1398490821559	Marionette	INFO	trying remote frame 1
04-25 22:40:21.551 I/Gecko   (   83): 1398490821562	Marionette	INFO	trying remote frame 2
04-25 22:40:21.561 I/Gecko   (   83): 1398490821563	Marionette	INFO	trying remote frame 3
04-25 22:40:21.571 I/Gecko   (   83): 1398490821574	Marionette	INFO	trying remote frame 4
04-25 22:40:21.571 I/Gecko   (   83): 1398490821580	Marionette	INFO	trying remote frame 5
04-25 22:40:22.151 W/WifiHW  (   83): wifi_command: SIGNAL_POLL
04-25 22:40:22.791 I/Gecko   (   83): 1398490822795	Marionette	INFO	sendToClient: {"from":"0","ok":true}, {41c69649-265e-4af0-8376-4d4d540bc5e2}, {41c69649-265e-4af0-8376-4d4d540bc5e2}
04-25 22:40:22.821 I/Gecko   (   83): 1398490822825	Marionette	DEBUG	Got request: execute, data: {"to":"0","sessionId":"3-b2g","name":"executeScript","parameters":{"specialPowers":false,"scriptTimeout":null,"newSandbox":true,"args":[],"filename":"gaia_test.py","script":"return window.wrappedJSObject.GridManager.pageHelper.getCurrentPageNumber();","line":784}}, id: {a69d638a-6e21-4502-93d3-124d9fa461fa}
04-25 22:40:22.931 E/GeckoConsole( 2521): Content JS WARN at app://homescreen.gaiamobile.org/gaia_build_defer_index.js:184 in isHiddenApp: Unexpected role when checking hidden app: undefined
04-25 22:40:22.931 E/GeckoConsole( 2521): Content JS WARN at app://homescreen.gaiamobile.org/gaia_build_defer_index.js:184 in isHiddenApp: Unexpected role when checking hidden app: undefined
04-25 22:40:22.931 E/GeckoConsole( 2521): Content JS WARN at app://homescreen.gaiamobile.org/gaia_build_defer_index.js:184 in isHiddenApp: Unexpected role when checking hidden app: undefined
04-25 22:40:22.931 E/GeckoConsole( 2521): Content JS WARN at app://homescreen.gaiamobile.org/gaia_build_defer_index.js:184 in isHiddenApp: Unexpected role when checking hidden app: undefined
04-25 22:40:22.931 E/GeckoConsole( 2521): Content JS WARN at app://homescreen.gaiamobile.org/gaia_build_defer_index.js:184 in isHiddenApp: Unexpected role when checking hidden app: undefined
04-25 22:40:22.931 E/GeckoConsole( 2521): Content JS WARN at app://homescreen.gaiamobile.org/gaia_build_defer_index.js:184 in isHiddenApp: Unexpected role when checking hidden app: undefined
04-25 22:40:22.931 E/GeckoConsole( 2521): Content JS WARN at app://homescreen.gaiamobile.org/gaia_build_defer_index.js:184 in isHiddenApp: Unexpected role when checking hidden app: undefined
04-25 22:40:22.941 E/GeckoConsole( 2521): Content JS WARN at app://homescreen.gaiamobile.org/gaia_build_defer_index.js:184 in isHiddenApp: Unexpected role when checking hidden app: undefined
04-25 22:40:22.941 E/GeckoConsole( 2521): Content JS WARN at app://homescreen.gaiamobile.org/gaia_build_defer_index.js:184 in isHiddenApp: Unexpected role when checking hidden app: undefined
04-25 22:40:22.951 E/GeckoConsole( 2521): Content JS WARN at app://homescreen.gaiamobile.org/gaia_build_defer_index.js:184 in isHiddenApp: Unexpected role when checking hidden app: undefined
04-25 22:40:22.951 E/GeckoConsole( 2521): Content JS WARN at app://homescreen.gaiamobile.org/gaia_build_defer_index.js:184 in isHiddenApp: Unexpected role when checking hidden app: undefined
04-25 22:40:22.951 E/GeckoConsole( 2521): Content JS WARN at app://homescreen.gaiamobile.org/gaia_build_defer_index.js:184 in isHiddenApp: Unexpected role when checking hidden app: undefined
04-25 22:40:22.951 E/GeckoConsole( 2521): Content JS WARN at app://homescreen.gaiamobile.org/gaia_build_defer_index.js:184 in isHiddenApp: Unexpected role when checking hidden app: undefined
04-25 22:40:22.951 E/GeckoConsole( 2521): Content JS WARN at app://homescreen.gaiamobile.org/gaia_build_defer_index.js:184 in isHiddenApp: Unexpected role when checking hidden app: undefined
04-25 22:40:22.951 E/GeckoConsole( 2521): Content JS WARN at app://homescreen.gaiamobile.org/gaia_build_defer_index.js:184 in isHiddenApp: Unexpected role when checking hidden app: undefined
04-25 22:40:22.951 E/GeckoConsole( 2521): Content JS WARN at app://homescreen.gaiamobile.org/gaia_build_defer_index.js:184 in isHiddenApp: Unexpected role when checking hidden app: undefined
04-25 22:40:22.951 E/GeckoConsole( 2521): Content JS WARN at app://homescreen.gaiamobile.org/gaia_build_defer_index.js:184 in isHiddenApp: Unexpected role when checking hidden app: undefined
04-25 22:40:23.311 I/Gecko   (   83): 1398490823315	Marionette	INFO	sendToClient: {"from":"0","value":0}, {a69d638a-6e21-4502-93d3-124d9fa461fa}, {a69d638a-6e21-4502-93d3-124d9fa461fa}
04-25 22:40:23.421 I/Gecko   (   83): 1398490823429	Marionette	INFO	sendToClient: {"from":"0","value":["{dc6ac514-5079-4379-b214-de918660dca8}","{155cdd6b-7633-449a-b0e6-84d226b2ab63}","{6c44bc12-d3d3-4c7c-be0f-d755eadcb16d}","{64f78150-6454-4fea-806d-cfde339f0ea2}","{b3773123-4c9d-4a9b-8650-8565e5a1a28a}","{695d55f2-3c4c-44ae-8247-6268e19b85a8}","{d4ccb357-f1d6-4a3b-ad4c-4900770603c7}","{afad67bd-ac6d-4acf-b580-ad57d36c6510}","{2a271fb7-489b-4b9a-a458-1c20b7e9c7a2}","{c5d66d8a-83aa-4275-956e-9ae615d0a2fa}","{c0bf6d1a-12bb-4627-a5f4-edfa0316cfde}","{91d23b97-4093-46a3-a4b7-e8b13ef8bbcd}","{0bd3664e-0548-4884-bfc6-ef0cf3ca67fd}","{b28ea775-0e44-4450-9b71-1c888ff7a945}","{4f6cf475-d441-4a29-a89c-861f07aa6673}","{cc5ad121-4258-46b9-a697-7a239e0c37f9}","{1804aa66-86ca-43c5-b4c8-80a46c6ac119}","{f85f6937-2e36-474c-8dd6-89c17f0f7363}","{263f558f-25ed-4d90-b911-0bdb6f57a065}","{8dc875cd-86d2-4360-a7ee-c060710b2a03}","{9a591907-3821-4d8d-ba86-b2c528b1cedd}"]}, {4946a6cc-c490-4fdf-ba75-51416ddadea9}, {4946a6cc-c490-4fdf-ba75-51416ddadea9}
04-25 22:40:23.461 I/Gecko   (   83): 1398490823471	Marionette	INFO	sendToClient: {"from":"0","value":"app://homescreen.gaiamobile.org/index.html#rootFri%20Apr%2025%202014%2022:40:20%20GMT-0700%20(UTC)"}, {e1ad5269-2194-440b-883a-15297ebfc75c}, {e1ad5269-2194-440b-883a-15297ebfc75c}
04-25 22:40:23.471 I/Gecko   (   83): 1398490823479	Marionette	DEBUG	Got request: switchToFrame, data: {"to":"0","sessionId":"3-b2g","name":"switchToFrame","parameters":{"id":null,"focus":true}}, id: {e5f13b93-1f13-47cb-9f3e-f9be8a6f1070}
04-25 22:40:23.481 I/Gecko   (   83): 1398490823490	Marionette	INFO	Switched to frame: {"frameValue":null}
04-25 22:40:23.591 I/Gecko   (   83): 1398490823593	Marionette	INFO	sendToClient: {"from":"0","ok":true}, {e5f13b93-1f13-47cb-9f3e-f9be8a6f1070}, {e5f13b93-1f13-47cb-9f3e-f9be8a6f1070}
04-25 22:40:23.591 I/Gecko   (   83): 1398490823599	Marionette	DEBUG	Got request: switchToFrame, data: {"to":"0","sessionId":"3-b2g","name":"switchToFrame","parameters":{"id":null,"focus":true}}, id: {a4425830-85e8-4ff4-b33d-9782ef290016}
04-25 22:40:23.591 I/Gecko   (   83): 1398490823601	Marionette	INFO	Switched to frame: {"frameValue":null}
04-25 22:40:23.701 I/Gecko   (   83): 1398490823703	Marionette	INFO	sendToClient: {"from":"0","ok":true}, {a4425830-85e8-4ff4-b33d-9782ef290016}, {a4425830-85e8-4ff4-b33d-9782ef290016}
04-25 22:40:23.701 I/Gecko   (   83): 1398490823710	Marionette	DEBUG	Got request: executeWithCallback, data: {"to":"0","sessionId":"3-b2g","name":"executeAsyncScript","parameters":{"specialPowers":false,"scriptTimeout":30000,"newSandbox":true,"args":[],"filename":"app_checker.py","script":"GaiaApps.launchWithManifestURL('http://subpipespuzzle.dseffects.com/PipesPuzzle.webapp')","line":106}}, id: {c585fca9-ce44-40d4-9461-4aea92c91f1b}
04-25 22:40:23.781 I/Gonk    (   83): Setting nice for pid 2538 to 18
04-25 22:40:23.781 I/Gonk    (   83): Changed nice for pid 2538 from 0 to 18.
04-25 22:40:23.781 I/Gecko   (   83): [Parent 83] WARNING: waitpid failed pid:2538 errno:10: file ../../../gecko/ipc/chromium/src/base/process_util_posix.cc, line 254
04-25 22:40:23.791 I/Gonk    (   83): Setting nice for pid 2538 to 1
04-25 22:40:23.791 I/Gonk    (   83): Changed nice for pid 2538 from 18 to 1.
04-25 22:40:23.811 E/GeckoConsole(   83): Content JS LOG at dummy file:334 in GaiaApps.launch: launching app with name 'PipesPuzzle'
04-25 22:40:23.991 E/[Gralloc-ERROR](   83): int gralloc_register_buffer(const gralloc_module_t*, const native_handle_t*):79 Unable to register handle 0x45f44a10 coming from different process: 83
04-25 22:40:24.001 E/[Gralloc-ERROR](   83): int gralloc_register_buffer(const gralloc_module_t*, const native_handle_t*):79 Unable to register handle 0x45f44c90 coming from different process: 83
04-25 22:40:24.011 E/[Gralloc-ERROR](   83): int gralloc_register_buffer(const gralloc_module_t*, const native_handle_t*):79 Unable to register handle 0x45f44dd0 coming from different process: 83
04-25 22:40:24.011 E/[Gralloc-ERROR](   83): int gralloc_register_buffer(const gralloc_module_t*, const native_handle_t*):79 Unable to register handle 0x45f44f10 coming from different process: 83
04-25 22:40:24.151 D/Sensors (   83): activate handle=0; drv=0
04-25 22:40:24.151 D/Sensors (   83): Lis3dhSensor: Control set 1
04-25 22:40:24.151 D/Sensors (   83): Lis3dhSensor: mEnabled = 1
04-25 22:40:24.211 I/Gonk    (   83): Setting nice for pid 2521 to 18
04-25 22:40:24.211 I/Gonk    (   83): Changed nice for pid 2521 from 1 to 18.
04-25 22:40:25.181 E/GeckoConsole( 2538): [JavaScript Warning: "An unbalanced tree was written using document.write() causing data from the network to be reparsed. For more information https://developer.mozilla.org/en/Optimizing_Your_Pages_for_Speculative_Parsing" {file: "http://subpipespuzzle.dseffects.com/PipesPuzzle.php?pid=6900" line: 68}]
04-25 22:40:25.551 E/GeckoConsole( 2538): [JavaScript Warning: "Unknown property '-moz-border-radius'.  Declaration dropped." {file: "http://subpipespuzzle.dseffects.com/PipesPuzzle.php?pid=6900" line: 0 column: 18 source: "-moz-border-radius:16px;-webkit-border-radius:16px;"}]
04-25 22:40:25.871 E/GeckoConsole( 2538): [JavaScript Warning: "Unknown property '-moz-opacity'.  Declaration dropped." {file: "http://subpipespuzzle.dseffects.com/PipesPuzzle.php?pid=6900" line: 0 column: 90 source: "position:absolute;top:896px;left:134px;visibility:visible;z-Index:2;opacity:1;-moz-opacity:1;filter:alpha(opacity=100);background-color:#000000;border:1px solid #000;width:500px;height:32px;font-size:24px;color:#ffffff;text-align:center;-moz-border-radius:16;-webkit-border-radius:16px;"}]
04-25 22:40:25.901 E/GeckoConsole( 2538): [JavaScript Warning: "Expected 'none' or URL but found 'alpha('.  Error in parsing value for 'filter'.  Declaration dropped." {file: "http://subpipespuzzle.dseffects.com/PipesPuzzle.php?pid=6900" line: 0 column: 100 source: "position:absolute;top:896px;left:134px;visibility:visible;z-Index:2;opacity:1;-moz-opacity:1;filter:alpha(opacity=100);background-color:#000000;border:1px solid #000;width:500px;height:32px;font-size:24px;color:#ffffff;text-align:center;-moz-border-radius:16;-webkit-border-radius:16px;"}]
04-25 22:40:25.901 E/GeckoConsole( 2538): [JavaScript Warning: "Unknown property '-moz-border-radius'.  Declaration dropped." {file: "http://subpipespuzzle.dseffects.com/PipesPuzzle.php?pid=6900" line: 0 column: 255 source: "position:absolute;top:896px;left:134px;visibility:visible;z-Index:2;opacity:1;-moz-opacity:1;filter:alpha(opacity=100);background-color:#000000;border:1px solid #000;width:500px;height:32px;font-size:24px;color:#ffffff;text-align:center;-moz-border-radius:16;-webkit-border-radius:16px;"}]
04-25 22:40:25.901 E/GeckoConsole( 2538): [JavaScript Warning: "Unknown property '-moz-opacity'.  Declaration dropped." {file: "http://subpipespuzzle.dseffects.com/PipesPuzzle.php?pid=6900" line: 0 column: 90 source: "position:absolute;top:896px;left:134px;visibility:visible;z-Index:3;opacity:1;-moz-opacity:1;filter:alpha(opacity=100);background-color:#00bfdf;width:0px;height:32px;-moz-border-radius:16;-webkit-border-radius:16px;"}]
04-25 22:40:25.901 E/GeckoConsole( 2538): [JavaScript Warning: "Expected 'none' or URL but found 'alpha('.  Error in parsing value for 'filter'.  Declaration dropped." {file: "http://subpipespuzzle.dseffects.com/PipesPuzzle.php?pid=6900" line: 0 column: 100 source: "position:absolute;top:896px;left:134px;visibility:visible;z-Index:3;opacity:1;-moz-opacity:1;filter:alpha(opacity=100);background-color:#00bfdf;width:0px;height:32px;-moz-border-radius:16;-webkit-border-radius:16px;"}]
04-25 22:40:25.901 E/GeckoConsole( 2538): [JavaScript Warning: "Unknown property '-moz-border-radius'.  Declaration dropped." {file: "http://subpipespuzzle.dseffects.com/PipesPuzzle.php?pid=6900" line: 0 column: 184 source: "position:absolute;top:896px;left:134px;visibility:visible;z-Index:3;opacity:1;-moz-opacity:1;filter:alpha(opacity=100);background-color:#00bfdf;width:0px;height:32px;-moz-border-radius:16;-webkit-border-radius:16px;"}]
04-25 22:40:26.051 E/GeckoConsole( 2538): [JavaScript Warning: "Unknown property '-moz-opacity'.  Declaration dropped." {file: "http://subpipespuzzle.dseffects.com/PipesPuzzle.php?pid=6900" line: 0 column: 87 source: "position:absolute;top:0px;left:0px;z-Index:1;visibility:hidden;opacity:0.6;-moz-opacity:0.6;filter:alpha(opacity=60);"}]
04-25 22:40:26.051 E/GeckoConsole( 2538): [JavaScript Warning: "Expected 'none' or URL but found 'alpha('.  Error in parsing value for 'filter'.  Declaration dropped." {file: "http://subpipespuzzle.dseffects.com/PipesPuzzle.php?pid=6900" line: 0 column: 99 source: "position:absolute;top:0px;left:0px;z-Index:1;visibility:hidden;opacity:0.6;-moz-opacity:0.6;filter:alpha(opacity=60);"}]
04-25 22:40:26.271 E/GeckoConsole( 2538): [JavaScript Warning: "Error in parsing value for 'color'.  Declaration dropped." {file: "http://subpipespuzzle.dseffects.com/PipesPuzzle.php?pid=6900" line: 0 column: 69 source: "position:absolute;top:0px;left:0px;visibility:hidden;z-Index:5;color:000000;font-family:Arial;font-size:24px;"}]
04-25 22:40:26.331 E/GeckoConsole( 2538): [JavaScript Error: "The character encoding of the HTML document was not declared. The document will render with garbled text in some browser configurations if the document contains characters from outside the US-ASCII range. The character encoding of the page must be declared in the document or in the transfer protocol." {file: "http://subpipespuzzle.dseffects.com/PipesPuzzle.php?pid=6900" line: 0}]
04-25 22:40:27.171 W/WifiHW  (   83): wifi_command: SIGNAL_POLL
04-25 22:40:27.351 I/Gecko   (   83): 
04-25 22:40:27.351 I/Gecko   (   83): ###!!! [Parent][MessageChannel] Error: Channel error: cannot send/recv
04-25 22:40:27.351 I/Gecko   (   83): 
04-25 22:40:27.421 I/Gecko   (   83): [Parent 83] WARNING: waitpid failed pid:2521 errno:10: file ../../../gecko/ipc/chromium/src/base/process_util_posix.cc, line 254
04-25 22:40:28.891 I/Gonk    (   83): Setting nice for pid 2601 to 18
04-25 22:40:28.891 I/Gonk    (   83): Changed nice for pid 2601 from 0 to 18.
04-25 22:40:29.421 I/Gecko   (   83): [Parent 83] WARNING: waitpid failed pid:2521 errno:10: file ../../../gecko/ipc/chromium/src/base/process_util_posix.cc, line 254
04-25 22:40:29.421 I/Gecko   (   83): [Parent 83] WARNING: Failed to deliver SIGKILL to 2521!(3).: file ../../../gecko/ipc/chromium/src/chrome/common/process_watcher_posix_sigchld.cc, line 118
04-25 22:40:30.641 E/GeckoConsole( 2538): Content JS WARN at http://connect.facebook.net/en_US/all.js#xfbml=1:53 in i: Invalid App Id: Must be a number or numeric string representing the application id.
04-25 22:40:30.641 E/GeckoConsole( 2538): Content JS WARN at http://connect.facebook.net/en_US/all.js#xfbml=1:53 in i: FB.getLoginStatus() called before calling FB.init().
04-25 22:40:30.741 E/GeckoConsole( 2538): [JavaScript Warning: "Content Security Policy: allow directive is deprecated, use the equivalent default-src directive instead"]
04-25 22:40:30.791 E/GeckoConsole( 2538): [JavaScript Warning: "The X-Content-Security-Policy and X-Content-Security-Report-Only headers will be deprecated in the future. Please use the Content-Security-Policy and Content-Security-Report-Only headers with CSP spec compliant syntax instead." {file: "https://s-static.ak.facebook.com/connect/xd_arbiter/dgdTycPTSRj.js?version=40#channel=f3e6e863906f56a&origin=http%3A%2F%2Fsubpipespuzzle.dseffects.com" line: 0}]
04-25 22:40:31.101 E/GeckoConsole( 2538): [JavaScript Warning: "Error in parsing value for 'word-break'.  Declaration dropped." {file: "http://googleads.g.doubleclick.net/pagead/ads?client=ca-pub-4043932294023609&output=html&h=60&slotname=2361238819&adk=978157237&w=468&lmt=1398490824&ea=0&flash=0&url=http%3A%2F%2Fsubpipespuzzle.dseffects.com%2FPipesPuzzle.php%3Fpid%3D6900&dt=1398490825225&bpp=121&bdt=663&shv=r20140422&cbv=r20140417&saldr=sa&correlator=1398490827137&frm=20&ga_vid=45099149.1398490827&ga_sid=1398490827&ga_hid=2077804828&ga_fc=0&u_tz=-420&u_his=1&u_java=0&u_h=480&u_w=320&u_ah=480&u_aw=320&u_cd=16&u_nplug=0&u_nmime=0&dff=sans-serif&dfs=16&adx=-74&ady=0&biw=320&bih=460&eid=317150304&oid=3&rx=0&eae=4&fc=2&vis=1&fu=0&ifi=1&dtd=2316" line: 22 column: 556 source: "#adunit {background-color: #ffffff;height: 60px;width: 468px;}#ads {height: 60px;left: 0px;position: absolute;top: 0px;width: 468px;}#ads ul{list-style: none;}#ads ul li {clear: both;float: left;line-height: 0;overflow: hidden;position: relative;  }#ads table {border-collapse: colla
04-25 22:40:31.131 E/GeckoConsole( 2538): [JavaScript Warning: "Error in parsing value for 'fill'.  Declaration dropped." {file: "http://googleads.g.doubleclick.net/pagead/ads?client=ca-pub-4043932294023609&output=html&h=60&slotname=2361238819&adk=978157237&w=468&lmt=1398490824&ea=0&flash=0&url=http%3A%2F%2Fsubpipespuzzle.dseffects.com%2FPipesPuzzle.php%3Fpid%3D6900&dt=1398490825225&bpp=121&bdt=663&shv=r20140422&cbv=r20140417&saldr=sa&correlator=1398490827137&frm=20&ga_vid=45099149.1398490827&ga_sid=1398490827&ga_hid=2077804828&ga_fc=0&u_tz=-420&u_his=1&u_java=0&u_h=480&u_w=320&u_ah=480&u_aw=320&u_cd=16&u_nplug=0&u_nmime=0&dff=sans-serif&dfs=16&adx=-74&ady=0&biw=320&bih=460&eid=317150304&oid=3&rx=0&eae=4&fc=2&vis=1&fu=0&ifi=1&dtd=2316" line: 22 column: 1195 source: "#adunit {background-color: #ffffff;height: 60px;width: 468px;}#ads {height: 60px;left: 0px;position: absolute;top: 0px;width: 468px;}#ads ul{list-style: none;}#ads ul li {clear: both;float: left;line-height: 0;overflow: hidden;position: relative;  }#ads table {border-collapse: collapse;b
04-25 22:40:32.191 W/WifiHW  (   83): wifi_command: SIGNAL_POLL
04-25 22:40:32.501 E/GeckoConsole( 2538): [JavaScript Warning: "Unknown property '-moz-border-radius'.  Declaration dropped." {file: "http://subpipespuzzle.dseffects.com/PipesPuzzle.php?pid=6900" line: 2 column: 184 source: ".fb_dialog{background:rgba(82, 82, 82, .7);position:absolute;top:-10000px;z-index:10001}.fb_reset .fb_dialog_legacy{overflow:visible}.fb_dialog_advanced{padding:10px;-moz-border-radius:8px;-webkit-border-radius:8px;border-radius:8px}.fb_dialog_content{background:#fff;color:#333}.fb_dialog_close_icon{background:url(http://static.ak.fbcdn.net/rsrc.php/v2/yq/r/IE9JII6Z1Ys.png) no-repeat scroll 0 0 transparent;_background-image:url(http://static.ak.fbcdn.net/rsrc.php/v2/yL/r/s816eWC-2sl.gif);cursor:pointer;display:block;height:15px;position:absolute;right:18px;top:17px;width:15px}.fb_dialog_mobile .fb_dialog_close_icon{top:5px;left:5px;right:auto}.fb_dialog_padding{background-color:transparent;position:absolute;width:1px;z-index:-1}.fb_dialog_close_icon:hover{background:url(http://static.ak.fbcdn.net/rsrc.php/v2/yq/r/IE9JII6Z1Ys.png
04-25 22:40:32.501 E/GeckoConsole( 2538): [JavaScript Warning: "Expected 'none' or URL but found 'alpha('.  Error in parsing value for 'filter'.  Declaration dropped." {file: "http://subpipespuzzle.dseffects.com/PipesPuzzle.php?pid=6900" line: 2 column: 2112 source: ".fb_dialog{background:rgba(82, 82, 82, .7);position:absolute;top:-10000px;z-index:10001}.fb_reset .fb_dialog_legacy{overflow:visible}.fb_dialog_advanced{padding:10px;-moz-border-radius:8px;-webkit-border-radius:8px;border-radius:8px}.fb_dialog_content{background:#fff;color:#333}.fb_dialog_close_icon{background:url(http://static.ak.fbcdn.net/rsrc.php/v2/yq/r/IE9JII6Z1Ys.png) no-repeat scroll 0 0 transparent;_background-image:url(http://static.ak.fbcdn.net/rsrc.php/v2/yL/r/s816eWC-2sl.gif);cursor:pointer;display:block;height:15px;position:absolute;right:18px;top:17px;width:15px}.fb_dialog_mobile .fb_dialog_close_icon{top:5px;left:5px;right:auto}.fb_dialog_padding{background-color:transparent;position:absolute;width:1px;z-index:-1}.fb_dialog_close_icon:hover{background:url(http://static.ak
04-25 22:40:32.521 E/GeckoConsole( 2538): [JavaScript Warning: "Error in parsing value for 'background'.  Declaration dropped." {file: "http://subpipespuzzle.dseffects.com/PipesPuzzle.php?pid=6900" line: 2 column: 3578 source: ".fb_dialog{background:rgba(82, 82, 82, .7);position:absolute;top:-10000px;z-index:10001}.fb_reset .fb_dialog_legacy{overflow:visible}.fb_dialog_advanced{padding:10px;-moz-border-radius:8px;-webkit-border-radius:8px;border-radius:8px}.fb_dialog_content{background:#fff;color:#333}.fb_dialog_close_icon{background:url(http://static.ak.fbcdn.net/rsrc.php/v2/yq/r/IE9JII6Z1Ys.png) no-repeat scroll 0 0 transparent;_background-image:url(http://static.ak.fbcdn.net/rsrc.php/v2/yL/r/s816eWC-2sl.gif);cursor:pointer;display:block;height:15px;position:absolute;right:18px;top:17px;width:15px}.fb_dialog_mobile .fb_dialog_close_icon{top:5px;left:5px;right:auto}.fb_dialog_padding{background-color:transparent;position:absolute;width:1px;z-index:-1}.fb_dialog_close_icon:hover{background:url(http://static.ak.fbcdn.net/rsrc.php/v2/yq/r/IE9JII6Z1Ys.
04-25 22:40:32.521 E/GeckoConsole( 2538): [JavaScript Warning: "Error in parsing value for 'background'.  Declaration dropped." {file: "http://subpipespuzzle.dseffects.com/PipesPuzzle.php?pid=6900" line: 2 column: 4247 source: ".fb_dialog{background:rgba(82, 82, 82, .7);position:absolute;top:-10000px;z-index:10001}.fb_reset .fb_dialog_legacy{overflow:visible}.fb_dialog_advanced{padding:10px;-moz-border-radius:8px;-webkit-border-radius:8px;border-radius:8px}.fb_dialog_content{background:#fff;color:#333}.fb_dialog_close_icon{background:url(http://static.ak.fbcdn.net/rsrc.php/v2/yq/r/IE9JII6Z1Ys.png) no-repeat scroll 0 0 transparent;_background-image:url(http://static.ak.fbcdn.net/rsrc.php/v2/yL/r/s816eWC-2sl.gif);cursor:pointer;display:block;height:15px;position:absolute;right:18px;top:17px;width:15px}.fb_dialog_mobile .fb_dialog_close_icon{top:5px;left:5px;right:auto}.fb_dialog_padding{background-color:transparent;position:absolute;width:1px;z-index:-1}.fb_dialog_close_icon:hover{background:url(http://static.ak.fbcdn.net/rsrc.php/v2/yq/r/IE9JII6Z1Ys.
04-25 22:40:32.531 E/GeckoConsole( 2538): [JavaScript Warning: "Unknown property 'zoom'.  Declaration dropped." {file: "http://subpipespuzzle.dseffects.com/PipesPuzzle.php?pid=6900" line: 3 column: 475 source: ".fb_iframe_widget{display:inline-block;position:relative}.fb_iframe_widget span{display:inline-block;position:relative;text-align:justify}.fb_iframe_widget iframe{position:absolute}.fb_iframe_widget_lift{z-index:1}.fb_hide_iframes iframe{position:relative;left:-10000px}.fb_iframe_widget_loader{position:relative;display:inline-block}.fb_iframe_widget_fluid{display:inline}.fb_iframe_widget_fluid span{width:100%}.fb_iframe_widget_loader iframe{min-height:32px;z-index:2;zoom:1}.fb_iframe_widget_loader .FB_Loader{background:url(http://static.ak.fbcdn.net/rsrc.php/v2/y9/r/jKEcVPZFk-2.gif) no-repeat;height:32px;width:32px;margin-left:-16px;position:absolute;left:50%;z-index:4}"}]
04-25 22:40:32.531 E/GeckoConsole( 2538): [JavaScript Warning: "Error in parsing value for 'top'.  Declaration dropped." {file: "http://subpipespuzzle.dseffects.com/PipesPuzzle.php?pid=6900" line: 4 column: 845 source: ".fb_connect_bar_container div,.fb_connect_bar_container span,.fb_connect_bar_container a,.fb_connect_bar_container img,.fb_connect_bar_container strong{background:none;border-spacing:0;border:0;direction:ltr;font-style:normal;font-variant:normal;letter-spacing:normal;line-height:1;margin:0;overflow:visible;padding:0;text-align:left;text-decoration:none;text-indent:0;text-shadow:none;text-transform:none;visibility:visible;white-space:normal;word-spacing:normal;vertical-align:baseline}.fb_connect_bar_container{position:fixed;left:0 !important;right:0 !important;height:42px !important;padding:0 25px !important;margin:0 !important;vertical-align:middle !important;border-bottom:1px solid #333 !important;background:#3b5998 !important;z-index:99999999 !important;overflow:hidden !important}.fb_connect_bar_container_ie6{position:absolute;top:
04-25 22:40:32.921 I/Gonk    (   83): Setting nice for pid 2601 to 18
04-25 22:40:32.921 I/Gonk    (   83): Changed nice for pid 2601 from 18 to 18.
04-25 22:40:32.921 I/Gecko   (   83): [Parent 83] WARNING: waitpid failed pid:2601 errno:10: file ../../../gecko/ipc/chromium/src/base/process_util_posix.cc, line 254
04-25 22:40:32.931 I/Gonk    (   83): Setting nice for pid 2601 to 1
04-25 22:40:32.931 I/Gonk    (   83): Changed nice for pid 2601 from 18 to 1.
04-25 22:40:32.951 I/Gonk    (   83): Setting nice for pid 2601 to 18
04-25 22:40:32.951 I/Gonk    (   83): Changed nice for pid 2601 from 1 to 18.
04-25 22:40:33.441 E/GeckoConsole(   83): Content JS LOG at dummy file:326 in GaiaApps.launch/appOpen/<: app with origin 'http://subpipespuzzle.dseffects.com' has launched
04-25 22:40:33.451 I/Gecko   (   83): 1398490833456	Marionette	INFO	sendToClient: {"from":"0","value":{"frame":{"ELEMENT":"{eb9da899-5c91-4919-89d0-92c5e7731744}"},"src":"http://subpipespuzzle.dseffects.com/PipesPuzzle.php?pid=6900","name":"PipesPuzzle","origin":"http://subpipespuzzle.dseffects.com"}}, {c585fca9-ce44-40d4-9461-4aea92c91f1b}, {c585fca9-ce44-40d4-9461-4aea92c91f1b}
04-25 22:40:33.471 E/[Gralloc-ERROR](   83): int gralloc_unregister_buffer(const gralloc_module_t*, const native_handle_t*):274 Trying to unregister buffer 0x45f44a10 from process 83 that was not created in current process: 83
04-25 22:40:33.471 E/[Gralloc-ERROR](   83): int gralloc_unregister_buffer(const gralloc_module_t*, const native_handle_t*):274 Trying to unregister buffer 0x45f44c90 from process 83 that was not created in current process: 83
04-25 22:40:33.471 E/[Gralloc-ERROR](   83): int gralloc_unregister_buffer(const gralloc_module_t*, const native_handle_t*):274 Trying to unregister buffer 0x45f44f10 from process 83 that was not created in current process: 83
04-25 22:40:33.471 E/[Gralloc-ERROR](   83): int gralloc_unregister_buffer(const gralloc_module_t*, const native_handle_t*):274 Trying to unregister buffer 0x45f44dd0 from process 83 that was not created in current process: 83
04-25 22:40:33.541 I/Gecko   (   83): 1398490833548	Marionette	DEBUG	Got request: switchToFrame, data: {"to":"0","sessionId":"3-b2g","name":"switchToFrame","parameters":{"focus":true,"element":"{eb9da899-5c91-4919-89d0-92c5e7731744}"}}, id: {3368e53b-0714-4b33-b0b8-c790e9b89d89}
04-25 22:40:33.561 I/Gecko   (   83): 1398490833571	Marionette	INFO	Switched to frame: {"frameValue":"{eb9da899-5c91-4919-89d0-92c5e7731744}"}
04-25 22:40:33.681 I/Gecko   (   83): 1398490833686	Marionette	INFO	trying remote frame 0
04-25 22:40:33.681 I/Gecko   (   83): 1398490833688	Marionette	INFO	trying remote frame 1
04-25 22:40:33.681 I/Gecko   (   83): 1398490833689	Marionette	INFO	trying remote frame 2
04-25 22:40:33.681 I/Gecko   (   83): 1398490833691	Marionette	INFO	trying remote frame 3
04-25 22:40:33.681 I/Gecko   (   83): 1398490833692	Marionette	INFO	trying remote frame 4
04-25 22:40:33.691 I/Gecko   (   83): 1398490833697	Marionette	INFO	trying remote frame 5
04-25 22:40:33.691 I/Gecko   (   83): 1398490833699	Marionette	INFO	deleting frame
04-25 22:40:33.701 I/Gecko   (   83): 1398490833709	Marionette	INFO	frame-manager load script: [object ChromeMessageSender]
04-25 22:40:34.971 I/Gecko   ( 2538): No permission to use the keyboard API for http://googleads.g.doubleclick.net
04-25 22:40:36.051 I/log     ( 2611): <4>0[ 1142.301995] select 2601 ((Preallocated a), adj 8, size 2911, to kill 
04-25 22:40:36.421 I/Gecko   (   83): 
04-25 22:40:36.421 I/Gecko   (   83): ###!!! [Parent][MessageChannel] Error: Channel error: cannot send/recv
04-25 22:40:36.421 I/Gecko   (   83): 
04-25 22:40:36.681 I/Gecko   (   83): [Parent 83] WARNING: waitpid failed pid:2601 errno:10: file ../../../gecko/ipc/chromium/src/base/process_util_posix.cc, line 254
04-25 22:40:37.191 W/WifiHW  (   83): wifi_command: SIGNAL_POLL
04-25 22:40:37.251 I/Gecko   (   83): 1398490837252	Marionette	INFO	sendToClient: {"from":"0","ok":true}, {3368e53b-0714-4b33-b0b8-c790e9b89d89}, {3368e53b-0714-4b33-b0b8-c790e9b89d89}
04-25 22:40:37.381 I/Gecko   (   83): 1398490837387	Marionette	INFO	sendToClient: {"from":"0","value":"http://subpipespuzzle.dseffects.com/PipesPuzzle.php?pid=6900"}, {ae0160f5-4e22-4377-8bba-0e5df05cdf5a}, {ae0160f5-4e22-4377-8bba-0e5df05cdf5a}
04-25 22:40:37.391 I/Gecko   (   83): 1398490837395	Marionette	DEBUG	Got request: execute, data: {"to":"0","sessionId":"3-b2g","name":"executeScript","parameters":{"specialPowers":false,"scriptTimeout":null,"newSandbox":true,"args":[],"filename":"app_checker.py","script":"return window.document.readyState;","line":191}}, id: {5388d692-3b34-4273-be76-d2902114ad5e}
04-25 22:40:37.441 I/Gecko   (   83): 1398490837446	Marionette	INFO	sendToClient: {"from":"0","value":"complete"}, {5388d692-3b34-4273-be76-d2902114ad5e}, {5388d692-3b34-4273-be76-d2902114ad5e}
04-25 22:40:37.451 I/Gecko   (   83): 1398490837460	Marionette	INFO	sendToClient: {"from":"0","value":"http://subpipespuzzle.dseffects.com/PipesPuzzle.php?pid=6900"}, {d0e3e7e0-ea06-4da8-8a6e-ff0857c344d6}, {d0e3e7e0-ea06-4da8-8a6e-ff0857c344d6}
04-25 22:40:37.471 I/Gecko   ( 2538): Attempting load of libEGL.so
04-25 22:40:37.571 D/libEGL  ( 2538): loaded /system/lib/egl/libEGL_mali.so
04-25 22:40:37.601 D/libEGL  ( 2538): loaded /system/lib/egl/libGLESv1_CM_mali.so
04-25 22:40:37.611 D/libEGL  ( 2538): loaded /system/lib/egl/libGLESv2_mali.so
04-25 22:40:37.651 I/Gecko   ( 2538): SharedSurface_Gralloc::Create -------
04-25 22:40:37.701 I/Gecko   ( 2538): SharedSurface_Gralloc::Create: success -- surface 0x432b1a80, GraphicBuffer 0x45987c00.
04-25 22:40:38.421 I/Gonk    (   83): Setting nice for pid 2616 to 18
04-25 22:40:38.421 I/Gonk    (   83): Changed nice for pid 2616 from 0 to 18.
04-25 22:40:38.681 I/Gecko   (   83): [Parent 83] WARNING: waitpid failed pid:2601 errno:10: file ../../../gecko/ipc/chromium/src/base/process_util_posix.cc, line 254
04-25 22:40:38.681 I/Gecko   (   83): [Parent 83] WARNING: Failed to deliver SIGKILL to 2601!(3).: file ../../../gecko/ipc/chromium/src/chrome/common/process_watcher_posix_sigchld.cc, line 118
04-25 22:40:45.571 I/GonkMemoryPressure(   83): Checking to see if memory pressure is over.
04-25 22:40:45.571 I/GonkMemoryPressure(   83): Memory pressure is over.
04-25 22:40:45.571 I/GonkMemoryPressure( 2538): Checking to see if memory pressure is over.
04-25 22:40:45.571 I/GonkMemoryPressure( 2538): Memory pressure is over.
04-25 22:40:45.591 I/GonkMemoryPressure( 2616): Checking to see if memory pressure is over.
04-25 22:40:46.341 I/GonkMemoryPressure( 2616): Memory pressure is over.
04-25 22:40:49.291 I/Gecko   ( 2538): [SharedSurface_Gralloc 0x432b1a80] destroyed
04-25 22:40:49.371 W/WifiHW  (   83): wifi_command: SIGNAL_POLL
04-25 22:40:49.431 I/Gecko   (   83): 1398490849412	Marionette	INFO	sendToClient: {"from":"0","value":"iVBORw0KGgoAAAANSUhEUgAAAUAAAAHMCAYAAACk4nEJAAAgAElEQVR4nOydeVhU1RvHKVNxJ5c0y8o0cymXcgNBDdu0srRwSys1tcQlt8wFcUFU3DW1UstM01IyU9RUUkNRs9BUBgQBBWFkHWBg7qz38/vjzgwDgoJi/XLO53neZ2buzNxzzr13vvO+5z3nXBcEAoHASXH5tysgEAgE/xZCAAUCgdNSLgIYGwsxMeWxp3+3jDvh/71+AoHgRspFALt1g06dyv69I0fgm28U27QJdu5UhKQ8yygPHOtZ1M6f//frJxAIbo9yEcD9+2Hv3rJ/7+23oWJFaNVKsYYNwcUFXnkF1OryKaOsxMaCvz/ExZVcT0fbsOGfrZ9AICg//tU+wLffhscfL7ztjz+UbS1bQl7eP1+n/fsVET50qGBbcfUUCAT/fVyiouD0aZg8GSZNUp4XRa2GoCAYO1Z5vH698Pvbt8PWrQWvv/oKwsIgIgLGjweVqvjCSxKWo0cVEVq69PbKSE2FBQtg9GhYtgyyswvv/9o15f0xY2D16gKh3b8fPvxQKXvkyALvrjQC6Fi/s2dh8WKIiip4PypK2RYRcfP9CASCfw6XTp3gscfgrbfgkUfg/vvh558LPvDnn1CjBrRuDe+9B40aQa1ahfvqivZ/Pf44dO4MNWsq+754sfjCbyYszZrBiy+WvQyVCh56CJo2hUGDoEEDeOopyM9X3v/7b6X+Tz6pvN+wITRpAhoNrFwJ7u6KAHp4wEcf3bqexdUvN1c5Tl27FrzfpYtyfIuKsUAg+PdwadoUMjOVF9nZ0Lw5tGgBsqxs8/UFT08wmZTXaWlQuTJMmFCwk+LE6aGHICHh5oXfTFh69VL62MpahodHYcG7elWp77JlyusXXlDaqNUqr1NSoHp1mD1beV1SCFy/vpIMcTRHYS9avwMHlP3s3Anff68837
04-25 22:40:50.571 I/GonkMemoryPressure( 2538): Checking to see if memory pressure is over.
04-25 22:40:50.571 I/GonkMemoryPressure( 2538): Memory pressure is over.
04-25 22:40:50.571 I/GonkMemoryPressure(   83): Checking to see if memory pressure is over.
04-25 22:40:50.571 I/GonkMemoryPressure(   83): Memory pressure is over.
04-25 22:40:50.761 I/Gecko   (   83): 1398490850771	Marionette	INFO	sendToClient: {"from":"0","ok":true}, {deaaed2a-79a9-4a43-8a0f-c0d18dec03c0}, {deaaed2a-79a9-4a43-8a0f-c0d18dec03c0}
04-25 22:40:50.821 I/Gecko   (   83): 1398490850827	Marionette	DEBUG	Got request: switchToFrame, data: {"to":"0","sessionId":"3-b2g","name":"switchToFrame","parameters":{"id":null,"focus":true}}, id: {44462ba4-3cdd-4da5-8160-b75c804264d0}
04-25 22:40:50.861 I/Gecko   (   83): 1398490850871	Marionette	INFO	Switched to frame: {"frameValue":null}
04-25 22:40:51.011 I/Gecko   (   83): 1398490851015	Marionette	INFO	sendToClient: {"from":"0","ok":true}, {44462ba4-3cdd-4da5-8160-b75c804264d0}, {44462ba4-3cdd-4da5-8160-b75c804264d0}
04-25 22:40:51.011 I/Gecko   (   83): 1398490851021	Marionette	DEBUG	Got request: executeWithCallback, data: {"to":"0","sessionId":"3-b2g","name":"executeAsyncScript","parameters":{"specialPowers":false,"scriptTimeout":null,"newSandbox":true,"args":[],"filename":"gaia_test.py","script":"return GaiaApps.displayedApp();","line":66}}, id: {644b0f29-39fa-4059-b125-10568e7ea987}
04-25 22:40:51.501 E/GeckoConsole(   83): Content JS LOG at dummy file:392 in GaiaApps.displayedApp: app with origin 'http://subpipespuzzle.dseffects.com' is displayed
04-25 22:40:51.531 I/Gecko   (   83): 1398490851534	Marionette	INFO	sendToClient: {"from":"0","value":{"frame":{"ELEMENT":"{eb9da899-5c91-4919-89d0-92c5e7731744}"},"src":"http://subpipespuzzle.dseffects.com/PipesPuzzle.php?pid=6900","name":"PipesPuzzle","origin":"http://subpipespuzzle.dseffects.com"}}, {644b0f29-39fa-4059-b125-10568e7ea987}, {644b0f29-39fa-4059-b125-10568e7ea987}
04-25 22:40:51.541 I/Gecko   (   83): 1398490851545	Marionette	DEBUG	Got request: switchToFrame, data: {"to":"0","sessionId":"3-b2g","name":"switchToFrame","parameters":{"id":null,"focus":true}}, id: {e41fc08f-b15c-4bba-a03e-deeae59d8c57}
04-25 22:40:51.541 I/Gecko   (   83): 1398490851548	Marionette	INFO	Switched to frame: {"frameValue":null}
04-25 22:40:51.641 I/Gecko   (   83): 1398490851651	Marionette	INFO	sendToClient: {"from":"0","ok":true}, {e41fc08f-b15c-4bba-a03e-deeae59d8c57}, {e41fc08f-b15c-4bba-a03e-deeae59d8c57}
04-25 22:40:51.651 I/Gecko   (   83): 1398490851657	Marionette	DEBUG	Got request: execute, data: {"to":"0","sessionId":"3-b2g","name":"executeScript","parameters":{"specialPowers":false,"scriptTimeout":null,"newSandbox":true,"args":[],"filename":"gaia_test.py","script":"window.wrappedJSObject.dispatchEvent(new Event('home'));","line":788}}, id: {66d38dbb-a052-4661-aaf4-cacc41827326}
04-25 22:40:51.881 I/Gonk    (   83): Setting nice for pid 2616 to 18
04-25 22:40:51.881 I/Gonk    (   83): Changed nice for pid 2616 from 18 to 18.
04-25 22:40:51.881 I/Gecko   (   83): [Parent 83] WARNING: waitpid failed pid:2616 errno:10: file ../../../gecko/ipc/chromium/src/base/process_util_posix.cc, line 254
04-25 22:40:51.881 I/Gonk    (   83): Setting nice for pid 2616 to 1
04-25 22:40:51.881 I/Gonk    (   83): Changed nice for pid 2616 from 18 to 1.
04-25 22:40:51.901 D/Sensors (   83): activate handle=0; drv=0
04-25 22:40:51.911 D/Sensors (   83): Lis3dhSensor: Control set 0
04-25 22:40:51.911 D/Sensors (   83): Lis3dhSensor: mEnabled = 0
04-25 22:40:51.961 I/Gecko   (   83): 1398490851965	Marionette	INFO	sendToClient: {"from":"0","value":null}, {66d38dbb-a052-4661-aaf4-cacc41827326}, {66d38dbb-a052-4661-aaf4-cacc41827326}
04-25 22:40:51.991 I/Gecko   (   83): 1398490851993	Marionette	DEBUG	Got request: switchToFrame, data: {"to":"0","sessionId":"3-b2g","name":"switchToFrame","parameters":{"id":null,"focus":true}}, id: {fb111dc8-d222-4b13-bb86-61023066fb47}
04-25 22:40:51.991 I/Gecko   (   83): 1398490851998	Marionette	INFO	Switched to frame: {"frameValue":null}
04-25 22:40:52.101 I/Gecko   (   83): 1398490852106	Marionette	INFO	sendToClient: {"from":"0","ok":true}, {fb111dc8-d222-4b13-bb86-61023066fb47}, {fb111dc8-d222-4b13-bb86-61023066fb47}
04-25 22:40:52.111 I/Gecko   (   83): 1398490852118	Marionette	DEBUG	Got request: executeWithCallback, data: {"to":"0","sessionId":"3-b2g","name":"executeAsyncScript","parameters":{"specialPowers":false,"scriptTimeout":null,"newSandbox":true,"args":[],"filename":"gaia_test.py","script":"return GaiaApps.displayedApp();","line":66}}, id: {7a165c94-6148-4a8d-87c5-c2ac3bb46236}
04-25 22:40:52.231 I/GonkMemoryPressure( 2616): Checking to see if memory pressure is over.
04-25 22:40:52.231 I/GonkMemoryPressure( 2616): Memory pressure is over.
04-25 22:40:52.351 E/GeckoConsole(   83): Content JS LOG at dummy file:392 in GaiaApps.displayedApp: app with origin 'app://homescreen.gaiamobile.org' is displayed
04-25 22:40:52.351 I/Gecko   (   83): 1398490852358	Marionette	INFO	sendToClient: {"from":"0","value":{"frame":{"ELEMENT":"{ad06816f-0f7a-4201-8228-982b090e7d87}"},"src":"app://homescreen.gaiamobile.org/index.html#root","name":"Homescreen","origin":"app://homescreen.gaiamobile.org"}}, {7a165c94-6148-4a8d-87c5-c2ac3bb46236}, {7a165c94-6148-4a8d-87c5-c2ac3bb46236}
04-25 22:40:52.381 I/Gecko   (   83): 1398490852387	Marionette	DEBUG	Got request: switchToFrame, data: {"to":"0","sessionId":"3-b2g","name":"switchToFrame","parameters":{"id":null,"focus":true}}, id: {d35f1ebf-b774-4454-9144-c0471ee95839}
04-25 22:40:52.401 I/Gecko   (   83): 1398490852404	Marionette	INFO	Switched to frame: {"frameValue":null}
04-25 22:40:52.501 I/Gecko   (   83): 1398490852511	Marionette	INFO	sendToClient: {"from":"0","ok":true}, {d35f1ebf-b774-4454-9144-c0471ee95839}, {d35f1ebf-b774-4454-9144-c0471ee95839}
04-25 22:40:52.511 I/Gecko   (   83): 1398490852518	Marionette	DEBUG	Got request: switchToFrame, data: {"to":"0","sessionId":"3-b2g","name":"switchToFrame","parameters":{"id":null,"focus":true}}, id: {f662573c-a917-4e54-8336-6bf54404953e}
04-25 22:40:52.521 I/Gecko   (   83): 1398490852529	Marionette	INFO	Switched to frame: {"frameValue":null}
04-25 22:40:52.671 I/Gecko   (   83): 1398490852677	Marionette	INFO	sendToClient: {"from":"0","ok":true}, {f662573c-a917-4e54-8336-6bf54404953e}, {f662573c-a917-4e54-8336-6bf54404953e}
04-25 22:40:52.691 I/Gecko   (   83): 1398490852702	Marionette	DEBUG	Got request: executeWithCallback, data: {"to":"0","sessionId":"3-b2g","name":"executeAsyncScript","parameters":{"specialPowers":false,"scriptTimeout":null,"newSandbox":true,"args":[],"filename":"gaia_test.py","script":"return GaiaApps.displayedApp();","line":66}}, id: {446d11a4-d807-47e9-8ad9-bf93061ad36a}
04-25 22:40:52.881 E/GeckoConsole(   83): Content JS LOG at dummy file:392 in GaiaApps.displayedApp: app with origin 'app://homescreen.gaiamobile.org' is displayed
04-25 22:40:52.881 I/Gecko   (   83): 1398490852890	Marionette	INFO	sendToClient: {"from":"0","value":{"frame":{"ELEMENT":"{ad06816f-0f7a-4201-8228-982b090e7d87}"},"src":"app://homescreen.gaiamobile.org/index.html#root","name":"Homescreen","origin":"app://homescreen.gaiamobile.org"}}, {446d11a4-d807-47e9-8ad9-bf93061ad36a}, {446d11a4-d807-47e9-8ad9-bf93061ad36a}
04-25 22:40:53.461 E/Profiler(   83): BPUnw: [1 total] thread_unregister_for_profiling(me=0x7ccdc8)  (NOT REGISTERED) 
04-25 22:40:53.461 E/Profiler(   83): BPUnw: [1 total] thread_unregister_for_profiling(me=0x7d47e0)  (NOT REGISTERED) 
04-25 22:40:53.461 E/Profiler(   83): BPUnw: [1 total] thread_unregister_for_profiling(me=0x7d4820)  (NOT REGISTERED) 
04-25 22:40:53.461 E/Profiler(   83): BPUnw: [1 total] thread_unregister_for_profiling(me=0x7e0670)  (NOT REGISTERED) 
04-25 22:40:53.471 E/Profiler(   83): BPUnw: [1 total] thread_unregister_for_profiling(me=0x7cd048)  (NOT REGISTERED) 
04-25 22:40:53.991 I/Gecko   (   83): 1398490853996	Marionette	DEBUG	Got request: switchToFrame, data: {"to":"0","sessionId":"3-b2g","name":"switchToFrame","parameters":{"focus":true,"element":"{ad06816f-0f7a-4201-8228-982b090e7d87}"}}, id: {8f0975ad-032f-4c0c-8ea2-ff6c4a2e8da4}
04-25 22:40:54.031 I/Gonk    (   83): Setting nice for pid 2538 to 18
04-25 22:40:54.031 I/Gonk    (   83): Changed nice for pid 2538 from 1 to 18.
04-25 22:40:54.321 I/Gecko   (   83): 1398490854330	Marionette	INFO	Switched to frame: {"frameValue":"{ad06816f-0f7a-4201-8228-982b090e7d87}"}
04-25 22:40:54.351 W/WifiHW  (   83): wifi_command: SIGNAL_POLL
04-25 22:40:54.401 I/Gecko   (   83): 1398490854408	Marionette	INFO	trying remote frame 0
04-25 22:40:54.411 I/Gecko   (   83): 1398490854414	Marionette	INFO	trying remote frame 1
04-25 22:40:54.421 I/Gecko   (   83): 1398490854424	Marionette	INFO	trying remote frame 2
04-25 22:40:54.421 I/Gecko   (   83): 1398490854425	Marionette	INFO	trying remote frame 3
04-25 22:40:54.421 I/Gecko   (   83): 1398490854426	Marionette	INFO	trying remote frame 4
04-25 22:40:54.431 I/Gecko   (   83): 1398490854434	Marionette	INFO	trying remote frame 5
04-25 22:40:54.431 I/Gecko   (   83): 1398490854435	Marionette	INFO	trying remote frame 6
04-25 22:40:54.471 I/Gecko   (   83): 1398490854480	Marionette	INFO	frame-manager load script: [object ChromeMessageSender]
04-25 22:40:55.791 I/Gecko   ( 2616): ###################################### forms.js loaded
04-25 22:40:55.811 I/Gecko   ( 2616): ############################### browserElementPanning.js loaded
04-25 22:40:55.841 I/Gecko   ( 2616): ######################## BrowserElementChildPreload.js loaded
04-25 22:40:55.951 I/Gecko   (   83): [Parent 83] WARNING: pipe error (109): Connection reset by peer: file ../../../gecko/ipc/chromium/src/chrome/common/ipc_channel_posix.cc, line 446
04-25 22:40:55.951 I/Gecko   (   83): 
04-25 22:40:55.951 I/Gecko   (   83): ###!!! [Parent][MessageChannel] Error: Channel error: cannot send/recv
04-25 22:40:55.951 I/Gecko   (   83): 
04-25 22:40:56.021 I/Gecko   (   83): [Parent 83] WARNING: waitpid failed pid:2538 errno:10: file ../../../gecko/ipc/chromium/src/base/process_util_posix.cc, line 254
04-25 22:40:56.801 I/Gecko   (   83): 1398490856805	Marionette	INFO	sendToClient: {"from":"0","ok":true}, {8f0975ad-032f-4c0c-8ea2-ff6c4a2e8da4}, {8f0975ad-032f-4c0c-8ea2-ff6c4a2e8da4}
04-25 22:40:56.991 I/Gonk    (   83): Setting nice for pid 2636 to 18
04-25 22:40:57.001 I/Gonk    (   83): Changed nice for pid 2636 from 0 to 18.
04-25 22:40:57.241 I/Gecko   (   83): 1398490857244	Marionette	INFO	sendToClient: {"from":"0","value":"app://homescreen.gaiamobile.org/index.html#root"}, {9d23e52d-bb24-4a90-82e5-8173d4151351}, {9d23e52d-bb24-4a90-82e5-8173d4151351}
04-25 22:40:57.271 I/Gecko   (   83): 1398490857275	Marionette	DEBUG	Got request: switchToFrame, data: {"to":"0","sessionId":"3-b2g","name":"switchToFrame","parameters":{"id":null,"focus":true}}, id: {7a66e3a3-751f-4908-b5e7-b39a6395364e}
04-25 22:40:57.361 I/Gecko   (   83): 1398490857364	Marionette	INFO	Switched to frame: {"frameValue":null}
04-25 22:40:57.471 I/Gecko   (   83): 1398490857475	Marionette	INFO	sendToClient: {"from":"0","ok":true}, {7a66e3a3-751f-4908-b5e7-b39a6395364e}, {7a66e3a3-751f-4908-b5e7-b39a6395364e}
04-25 22:40:57.471 I/Gecko   (   83): 1398490857482	Marionette	DEBUG	Got request: switchToFrame, data: {"to":"0","sessionId":"3-b2g","name":"switchToFrame","parameters":{"id":null,"focus":true}}, id: {6ee1d4ee-18c5-42ce-a30d-3b036647c372}
04-25 22:40:57.481 I/Gecko   (   83): 1398490857484	Marionette	INFO	Switched to frame: {"frameValue":null}
04-25 22:40:57.581 I/Gecko   (   83): 1398490857587	Marionette	INFO	sendToClient: {"from":"0","ok":true}, {6ee1d4ee-18c5-42ce-a30d-3b036647c372}, {6ee1d4ee-18c5-42ce-a30d-3b036647c372}
04-25 22:40:57.591 I/Gecko   (   83): 1398490857596	Marionette	DEBUG	Got request: executeWithCallback, data: {"to":"0","sessionId":"3-b2g","name":"executeAsyncScript","parameters":{"specialPowers":false,"scriptTimeout":null,"newSandbox":true,"args":[],"filename":"gaia_test.py","script":"GaiaApps.killAll()","line":91}}, id: {0aa0195c-40d5-4c29-b21f-60dbfe9542ea}
04-25 22:40:57.641 I/Gecko   (   83): 1398490857647	Marionette	INFO	sendToClient: {"from":"0","value":true}, {0aa0195c-40d5-4c29-b21f-60dbfe9542ea}, {0aa0195c-40d5-4c29-b21f-60dbfe9542ea}
04-25 22:40:57.661 I/Gecko   (   83): 1398490857670	Marionette	DEBUG	Got request: switchToFrame, data: {"to":"0","sessionId":"3-b2g","name":"switchToFrame","parameters":{"id":null,"focus":true}}, id: {4b8846af-4fd2-4135-8e85-93100b6c9376}
04-25 22:40:57.671 I/Gecko   (   83): 1398490857673	Marionette	INFO	Switched to frame: {"frameValue":null}
04-25 22:40:57.771 I/Gecko   (   83): 1398490857775	Marionette	INFO	sendToClient: {"from":"0","ok":true}, {4b8846af-4fd2-4135-8e85-93100b6c9376}, {4b8846af-4fd2-4135-8e85-93100b6c9376}
04-25 22:40:57.771 I/Gecko   (   83): 1398490857782	Marionette	DEBUG	Got request: executeWithCallback, data: {"to":"0","sessionId":"3-b2g","name":"executeAsyncScript","parameters":{"specialPowers":false,"scriptTimeout":60000,"newSandbox":true,"args":[],"filename":"app_checker.py","script":"\n        GaiaApps.locateWithManifestURL('http://subpipespuzzle.dseffects.com/PipesPuzzle.webapp',\n                                       null,\n                                       function uninstall(app) {\n                                       navigator.mozApps.mgmt.uninstall(app);\n                                       marionetteScriptFinished(true);\n                                       });\n        ","line":129}}, id: {4f88775b-a744-4af8-99eb-e795643f54ef}
04-25 22:40:57.831 I/Gecko   (   83): -- webapps.js uninstall http://subpipespuzzle.dseffects.com/PipesPuzzle.webapp
04-25 22:40:58.021 I/Gecko   (   83): [Parent 83] WARNING: waitpid failed pid:2538 errno:10: file ../../../gecko/ipc/chromium/src/base/process_util_posix.cc, line 254
04-25 22:40:58.021 I/Gecko   (   83): [Parent 83] WARNING: Failed to deliver SIGKILL to 2538!(3).: file ../../../gecko/ipc/chromium/src/chrome/common/process_watcher_posix_sigchld.cc, line 118
04-25 22:40:58.211 I/Gecko   (   83): 1398490858215	Marionette	INFO	sendToClient: {"from":"0","value":true}, {4f88775b-a744-4af8-99eb-e795643f54ef}, {4f88775b-a744-4af8-99eb-e795643f54ef}