--------- beginning of /dev/log/main
04-25 07:21:44.150 I/Gecko   (   83): 1398435704162	Marionette	INFO	sendToClient: {"from":"0","ok":true}, {32e562a1-6727-4288-8c6d-2599e9606dae}, {32e562a1-6727-4288-8c6d-2599e9606dae}
04-25 07:21:44.200 I/Gecko   (   83): 1398435704216	Marionette	DEBUG	Got request: switchToFrame, data: {"to":"0","sessionId":"3-b2g","name":"switchToFrame","parameters":{"id":null,"focus":true}}, id: {716dd944-cf00-493e-846b-1a0069ccffaa}
04-25 07:21:44.200 I/Gecko   (   83): 1398435704218	Marionette	INFO	Switched to frame: {"frameValue":null}
04-25 07:21:44.330 I/Gecko   (   83): 1398435704347	Marionette	INFO	sendToClient: {"from":"0","ok":true}, {716dd944-cf00-493e-846b-1a0069ccffaa}, {716dd944-cf00-493e-846b-1a0069ccffaa}
04-25 07:21:44.340 I/Gecko   (   83): 1398435704356	Marionette	DEBUG	Got request: executeWithCallback, data: {"to":"0","sessionId":"3-b2g","name":"executeAsyncScript","parameters":{"specialPowers":false,"scriptTimeout":null,"newSandbox":true,"args":[],"filename":"gaia_test.py","script":"return GaiaApps.displayedApp();","line":66}}, id: {6d570128-8264-44e2-9179-2d3d23d2b8a0}
04-25 07:21:44.440 E/GeckoConsole(   83): Content JS LOG at dummy file:392 in GaiaApps.displayedApp: app with origin 'app://homescreen.gaiamobile.org' is displayed
04-25 07:21:44.440 I/Gecko   (   83): 1398435704453	Marionette	INFO	sendToClient: {"from":"0","value":{"frame":{"ELEMENT":"{78f5814c-5917-49f7-90ff-96add7713284}"},"src":"app://homescreen.gaiamobile.org/index.html#root","name":"Homescreen","origin":"app://homescreen.gaiamobile.org"}}, {6d570128-8264-44e2-9179-2d3d23d2b8a0}, {6d570128-8264-44e2-9179-2d3d23d2b8a0}
04-25 07:21:44.450 I/Gecko   (   83): 1398435704465	Marionette	DEBUG	Got request: switchToFrame, data: {"to":"0","sessionId":"3-b2g","name":"switchToFrame","parameters":{"id":null,"focus":true}}, id: {403029df-5ac2-4e66-b8f9-34c04d9fd6dc}
04-25 07:21:44.450 I/Gecko   (   83): 1398435704467	Marionette	INFO	Switched to frame: {"frameValue":null}
04-25 07:21:44.560 I/Gecko   (   83): 1398435704575	Marionette	INFO	sendToClient: {"from":"0","ok":true}, {403029df-5ac2-4e66-b8f9-34c04d9fd6dc}, {403029df-5ac2-4e66-b8f9-34c04d9fd6dc}
04-25 07:21:44.570 I/Gecko   (   83): 1398435704581	Marionette	DEBUG	Got request: switchToFrame, data: {"to":"0","sessionId":"3-b2g","name":"switchToFrame","parameters":{"id":null,"focus":true}}, id: {927060ee-569c-4a0e-a4fc-177362b09993}
04-25 07:21:44.570 I/Gecko   (   83): 1398435704583	Marionette	INFO	Switched to frame: {"frameValue":null}
04-25 07:21:44.670 I/Gecko   (   83): 1398435704685	Marionette	INFO	sendToClient: {"from":"0","ok":true}, {927060ee-569c-4a0e-a4fc-177362b09993}, {927060ee-569c-4a0e-a4fc-177362b09993}
04-25 07:21:44.690 I/Gecko   (   83): 1398435704704	Marionette	DEBUG	Got request: executeWithCallback, data: {"to":"0","sessionId":"3-b2g","name":"executeAsyncScript","parameters":{"specialPowers":false,"scriptTimeout":null,"newSandbox":true,"args":[],"filename":"gaia_test.py","script":"return GaiaApps.displayedApp();","line":66}}, id: {0d2b34a7-7b09-40b6-9fe3-6837e0e3cfdb}
04-25 07:21:44.750 I/Gecko   (   83): 1398435704764	Marionette	INFO	sendToClient: {"from":"0","value":{"frame":{"ELEMENT":"{78f5814c-5917-49f7-90ff-96add7713284}"},"src":"app://homescreen.gaiamobile.org/index.html#root","name":"Homescreen","origin":"app://homescreen.gaiamobile.org"}}, {0d2b34a7-7b09-40b6-9fe3-6837e0e3cfdb}, {0d2b34a7-7b09-40b6-9fe3-6837e0e3cfdb}
04-25 07:21:44.760 E/GeckoConsole(   83): Content JS LOG at dummy file:392 in GaiaApps.displayedApp: app with origin 'app://homescreen.gaiamobile.org' is displayed
04-25 07:21:44.760 I/Gecko   (   83): 1398435704777	Marionette	DEBUG	Got request: switchToFrame, data: {"to":"0","sessionId":"3-b2g","name":"switchToFrame","parameters":{"focus":true,"element":"{78f5814c-5917-49f7-90ff-96add7713284}"}}, id: {c748d82b-7a79-4a46-a270-08b6fd5dc208}
04-25 07:21:44.780 I/Gecko   (   83): 1398435704795	Marionette	INFO	Switched to frame: {"frameValue":"{78f5814c-5917-49f7-90ff-96add7713284}"}
04-25 07:21:44.790 I/Gecko   (   83): 1398435704803	Marionette	INFO	trying remote frame 0
04-25 07:21:44.790 I/Gecko   (   83): 1398435704804	Marionette	INFO	trying remote frame 1
04-25 07:21:44.790 I/Gecko   (   83): 1398435704805	Marionette	INFO	trying remote frame 2
04-25 07:21:44.790 I/Gecko   (   83): 1398435704806	Marionette	INFO	trying remote frame 3
04-25 07:21:44.790 I/Gecko   (   83): 1398435704807	Marionette	INFO	trying remote frame 4
04-25 07:21:44.790 I/Gecko   (   83): 1398435704807	Marionette	INFO	trying remote frame 5
04-25 07:21:44.790 I/Gecko   (   83): 1398435704808	Marionette	INFO	trying remote frame 6
04-25 07:21:44.800 I/Gecko   (   83): 1398435704811	Marionette	INFO	trying remote frame 7
04-25 07:21:44.800 I/Gecko   (   83): 1398435704812	Marionette	INFO	trying remote frame 8
04-25 07:21:44.800 I/Gecko   (   83): 1398435704813	Marionette	INFO	trying remote frame 9
04-25 07:21:44.810 I/Gecko   (   83): 1398435704821	Marionette	INFO	trying remote frame 10
04-25 07:21:44.810 I/Gecko   (   83): 1398435704822	Marionette	INFO	trying remote frame 11
04-25 07:21:44.810 I/Gecko   (   83): 1398435704823	Marionette	INFO	trying remote frame 12
04-25 07:21:44.810 I/Gecko   (   83): 1398435704824	Marionette	INFO	trying remote frame 13
04-25 07:21:44.810 I/Gecko   (   83): 1398435704825	Marionette	INFO	trying remote frame 14
04-25 07:21:44.810 I/Gecko   (   83): 1398435704826	Marionette	INFO	trying remote frame 15
04-25 07:21:44.830 I/Gecko   (   83): 1398435704841	Marionette	INFO	deleting frame
04-25 07:21:44.830 I/Gecko   (   83): 1398435704846	Marionette	INFO	frame-manager load script: [object ChromeMessageSender]
04-25 07:21:45.290 I/Gecko   (   83): 1398435705302	Marionette	INFO	sendToClient: {"from":"0","ok":true}, {c748d82b-7a79-4a46-a270-08b6fd5dc208}, {c748d82b-7a79-4a46-a270-08b6fd5dc208}
04-25 07:21:45.500 I/Gecko   (   83): 1398435705518	Marionette	INFO	sendToClient: {"from":"0","value":{"ELEMENT":"{7f4831a3-0461-40c4-86f4-facfb827368d}"}}, {62c0b1b9-9e2a-42ff-89ea-efa132e9ce39}, {62c0b1b9-9e2a-42ff-89ea-efa132e9ce39}
04-25 07:21:45.720 E/GeckoConsole( 6022): [JavaScript Warning: "Use of getAttributeNode() is deprecated. Use getAttribute() instead." {file: "chrome://marionette/content/atoms.js" line: 25}]
04-25 07:21:45.720 E/GeckoConsole( 6022): [JavaScript Warning: "Use of attributes' specified attribute is deprecated. It always returns true." {file: "chrome://marionette/content/atoms.js" line: 25}]
04-25 07:21:45.720 I/Gecko   (   83): 1398435705735	Marionette	INFO	sendToClient: {"from":"0","value":"normal"}, {1dcb3aa8-ccdb-4443-9f6e-511fe9f84069}, {1dcb3aa8-ccdb-4443-9f6e-511fe9f84069}
04-25 07:21:45.730 I/Gecko   (   83): 1398435705742	Marionette	DEBUG	Got request: switchToFrame, data: {"to":"0","sessionId":"3-b2g","name":"switchToFrame","parameters":{"id":null,"focus":true}}, id: {24954220-3d18-4c07-9ca7-80765a17dd0d}
04-25 07:21:45.740 I/Gecko   (   83): 1398435705758	Marionette	INFO	Switched to frame: {"frameValue":null}
04-25 07:21:45.850 I/Gecko   (   83): 1398435705863	Marionette	INFO	sendToClient: {"from":"0","ok":true}, {24954220-3d18-4c07-9ca7-80765a17dd0d}, {24954220-3d18-4c07-9ca7-80765a17dd0d}
04-25 07:21:45.860 I/Gecko   (   83): 1398435705871	Marionette	DEBUG	Got request: execute, data: {"to":"0","sessionId":"3-b2g","name":"executeScript","parameters":{"specialPowers":false,"scriptTimeout":null,"newSandbox":true,"args":[],"filename":"gaia_test.py","script":"window.wrappedJSObject.dispatchEvent(new Event('home'));","line":788}}, id: {562c993a-7262-4df2-b00e-978db4b0b28d}
04-25 07:21:45.920 I/Gecko   (   83): 1398435705938	Marionette	INFO	sendToClient: {"from":"0","value":null}, {562c993a-7262-4df2-b00e-978db4b0b28d}, {562c993a-7262-4df2-b00e-978db4b0b28d}
04-25 07:21:45.930 I/Gecko   (   83): 1398435705947	Marionette	DEBUG	Got request: switchToFrame, data: {"to":"0","sessionId":"3-b2g","name":"switchToFrame","parameters":{"id":null,"focus":true}}, id: {2ca66ba6-8242-4706-b1c1-22e360fb8c4c}
04-25 07:21:45.940 I/Gecko   (   83): 1398435705959	Marionette	INFO	Switched to frame: {"frameValue":null}
04-25 07:21:46.050 I/Gecko   (   83): 1398435706062	Marionette	INFO	sendToClient: {"from":"0","ok":true}, {2ca66ba6-8242-4706-b1c1-22e360fb8c4c}, {2ca66ba6-8242-4706-b1c1-22e360fb8c4c}
04-25 07:21:46.050 I/Gecko   (   83): 1398435706068	Marionette	DEBUG	Got request: switchToFrame, data: {"to":"0","sessionId":"3-b2g","name":"switchToFrame","parameters":{"id":null,"focus":true}}, id: {e8ee9447-6282-4d37-a027-251c62b95d4c}
04-25 07:21:46.060 I/Gecko   (   83): 1398435706070	Marionette	INFO	Switched to frame: {"frameValue":null}
04-25 07:21:46.160 I/Gecko   (   83): 1398435706173	Marionette	INFO	sendToClient: {"from":"0","ok":true}, {e8ee9447-6282-4d37-a027-251c62b95d4c}, {e8ee9447-6282-4d37-a027-251c62b95d4c}
04-25 07:21:46.200 I/Gecko   (   83): 1398435706211	Marionette	DEBUG	Got request: executeWithCallback, data: {"to":"0","sessionId":"3-b2g","name":"executeAsyncScript","parameters":{"specialPowers":false,"scriptTimeout":null,"newSandbox":true,"args":[],"filename":"gaia_test.py","script":"return GaiaApps.displayedApp();","line":66}}, id: {892489cd-eb70-4297-a26b-0334081f4ded}
04-25 07:21:46.280 I/Gecko   (   83): 1398435706296	Marionette	INFO	sendToClient: {"from":"0","value":{"frame":{"ELEMENT":"{78f5814c-5917-49f7-90ff-96add7713284}"},"src":"app://homescreen.gaiamobile.org/index.html#rootFri%20Apr%2025%202014%2007:21:45%20GMT-0700%20(UTC)","name":"Homescreen","origin":"app://homescreen.gaiamobile.org"}}, {892489cd-eb70-4297-a26b-0334081f4ded}, {892489cd-eb70-4297-a26b-0334081f4ded}
04-25 07:21:46.290 E/GeckoConsole(   83): Content JS LOG at dummy file:392 in GaiaApps.displayedApp: app with origin 'app://homescreen.gaiamobile.org' is displayed
04-25 07:21:46.320 I/Gecko   (   83): 1398435706333	Marionette	DEBUG	Got request: switchToFrame, data: {"to":"0","sessionId":"3-b2g","name":"switchToFrame","parameters":{"focus":true,"element":"{78f5814c-5917-49f7-90ff-96add7713284}"}}, id: {0607c512-3424-43c0-9265-6e1acbf0c9f3}
04-25 07:21:46.350 I/Gecko   (   83): 1398435706361	Marionette	INFO	Switched to frame: {"frameValue":"{78f5814c-5917-49f7-90ff-96add7713284}"}
04-25 07:21:46.350 I/Gecko   (   83): 1398435706363	Marionette	INFO	trying remote frame 0
04-25 07:21:46.360 I/Gecko   (   83): 1398435706371	Marionette	INFO	trying remote frame 1
04-25 07:21:46.360 I/Gecko   (   83): 1398435706373	Marionette	INFO	trying remote frame 2
04-25 07:21:46.360 I/Gecko   (   83): 1398435706374	Marionette	INFO	trying remote frame 3
04-25 07:21:46.360 I/Gecko   (   83): 1398435706376	Marionette	INFO	trying remote frame 4
04-25 07:21:46.370 I/Gecko   (   83): 1398435706385	Marionette	INFO	trying remote frame 5
04-25 07:21:46.370 I/Gecko   (   83): 1398435706386	Marionette	INFO	trying remote frame 6
04-25 07:21:46.370 I/Gecko   (   83): 1398435706387	Marionette	INFO	trying remote frame 7
04-25 07:21:46.370 I/Gecko   (   83): 1398435706388	Marionette	INFO	trying remote frame 8
04-25 07:21:46.370 I/Gecko   (   83): 1398435706389	Marionette	INFO	trying remote frame 9
04-25 07:21:46.380 I/Gecko   (   83): 1398435706391	Marionette	INFO	trying remote frame 10
04-25 07:21:46.380 I/Gecko   (   83): 1398435706392	Marionette	INFO	trying remote frame 11
04-25 07:21:46.380 I/Gecko   (   83): 1398435706396	Marionette	INFO	trying remote frame 12
04-25 07:21:46.380 I/Gecko   (   83): 1398435706399	Marionette	INFO	trying remote frame 13
04-25 07:21:46.390 I/Gecko   (   83): 1398435706402	Marionette	INFO	trying remote frame 14
04-25 07:21:46.390 I/Gecko   (   83): 1398435706405	Marionette	INFO	trying remote frame 15
04-25 07:21:46.570 I/Gecko   (   83): 1398435706584	Marionette	INFO	sendToClient: {"from":"0","ok":true}, {0607c512-3424-43c0-9265-6e1acbf0c9f3}, {0607c512-3424-43c0-9265-6e1acbf0c9f3}
04-25 07:21:46.650 W/WifiHW  (   83): wifi_command: SIGNAL_POLL
04-25 07:21:46.690 I/Gecko   (   83): 1398435706703	Marionette	DEBUG	Got request: execute, data: {"to":"0","sessionId":"3-b2g","name":"executeScript","parameters":{"specialPowers":false,"scriptTimeout":null,"newSandbox":true,"args":[],"filename":"gaia_test.py","script":"return window.wrappedJSObject.GridManager.pageHelper.getCurrentPageNumber();","line":784}}, id: {53e7b54c-55bd-49c8-b44e-2d3cf8809203}
04-25 07:21:46.760 I/Gecko   (   83): 1398435706773	Marionette	INFO	sendToClient: {"from":"0","value":0}, {53e7b54c-55bd-49c8-b44e-2d3cf8809203}, {53e7b54c-55bd-49c8-b44e-2d3cf8809203}
04-25 07:21:46.860 I/Gecko   (   83): 1398435706872	Marionette	INFO	sendToClient: {"from":"0","value":["{fb3efc4c-c647-4a2a-9115-ac617209cf04}","{f321d66d-5da8-4b7e-b122-592a14c4c5c8}","{72165099-aa4c-4dd0-ad5b-24b968846112}","{931b5c1c-bc16-4605-9b33-1f2d819bc7b2}","{fe44d675-6b38-4de1-82a9-183ec5ea046b}","{7cd62f6f-faf4-42ec-a2bb-5b969b2078c6}","{03526633-a09a-4ca5-91e4-db322e5970f9}","{aa4c966d-8e39-4c81-9c77-8460a67de294}","{9c45e8c6-59e1-4ec6-b2c0-a594e84816d2}","{ee8e8817-3372-4233-8fc7-d3d692b57ba1}","{8297f8e6-506b-457c-93b7-f0f0b2a1377d}","{2bb151e5-18d6-48d0-8c4b-9ba08b31bd71}","{6d879eb9-689e-4c00-9c99-1047c47f16e3}","{411d0c5e-ae4f-4db3-a505-6eb49f0a326c}","{ccdacc4e-6f90-499f-847b-2257860656b2}","{85ce2508-ebd1-4214-8a0e-19c5dd62fb94}","{2e0b8779-70d6-4b4f-9eae-b66758f7d426}","{add2ee12-c27e-4ca6-b2a9-956ec00f1b4b}","{4cd4c9ef-fd94-4442-ad7a-55f3478e7c15}","{024b0642-6b2d-4155-9838-a162f1e2f803}"]}, {0640aabb-eb83-4665-9bfa-6bc4bbe439fe}, {0640aabb-eb83-4665-9bfa-6bc4bbe439fe}
04-25 07:21:46.900 I/Gecko   (   83): 1398435706911	Marionette	INFO	sendToClient: {"from":"0","value":"app://homescreen.gaiamobile.org/index.html#rootFri%20Apr%2025%202014%2007:21:45%20GMT-0700%20(UTC)"}, {2060ea80-1d6f-4bc0-bd4c-e7f81def4c45}, {2060ea80-1d6f-4bc0-bd4c-e7f81def4c45}
04-25 07:21:46.920 I/Gecko   (   83): 1398435706933	Marionette	DEBUG	Got request: switchToFrame, data: {"to":"0","sessionId":"3-b2g","name":"switchToFrame","parameters":{"id":null,"focus":true}}, id: {db30ec71-bd47-4491-bebe-8299eb1769a0}
04-25 07:21:46.930 I/Gecko   (   83): 1398435706950	Marionette	INFO	Switched to frame: {"frameValue":null}
04-25 07:21:47.040 I/Gecko   (   83): 1398435707054	Marionette	INFO	sendToClient: {"from":"0","ok":true}, {db30ec71-bd47-4491-bebe-8299eb1769a0}, {db30ec71-bd47-4491-bebe-8299eb1769a0}
04-25 07:21:47.050 I/Gecko   (   83): 1398435707067	Marionette	DEBUG	Got request: switchToFrame, data: {"to":"0","sessionId":"3-b2g","name":"switchToFrame","parameters":{"id":null,"focus":true}}, id: {72ae33ca-9777-484d-b488-f2c98a8645e6}
04-25 07:21:47.060 I/Gecko   (   83): 1398435707072	Marionette	INFO	Switched to frame: {"frameValue":null}
04-25 07:21:47.160 I/Gecko   (   83): 1398435707174	Marionette	INFO	sendToClient: {"from":"0","ok":true}, {72ae33ca-9777-484d-b488-f2c98a8645e6}, {72ae33ca-9777-484d-b488-f2c98a8645e6}
04-25 07:21:47.170 I/Gecko   (   83): 1398435707181	Marionette	DEBUG	Got request: executeWithCallback, data: {"to":"0","sessionId":"3-b2g","name":"executeAsyncScript","parameters":{"specialPowers":false,"scriptTimeout":30000,"newSandbox":true,"args":[],"filename":"app_checker.py","script":"GaiaApps.launchWithManifestURL('http://qr.penduin.net/manifest.webapp')","line":106}}, id: {68d3fcc7-592a-491b-a3b2-2692397a9b47}
04-25 07:21:47.270 E/GeckoConsole(   83): Content JS LOG at dummy file:334 in GaiaApps.launch: launching app with name 'QR Scanner'
04-25 07:21:47.370 I/Gonk    (   83): Setting nice for pid 6032 to 18
04-25 07:21:47.380 I/Gonk    (   83): Changed nice for pid 6032 from 0 to 18.
04-25 07:21:47.380 I/Gecko   (   83): [Parent 83] WARNING: waitpid failed pid:6032 errno:10: file ../../../gecko/ipc/chromium/src/base/process_util_posix.cc, line 254
04-25 07:21:47.400 I/Gonk    (   83): Setting nice for pid 6032 to 1
04-25 07:21:47.400 I/Gonk    (   83): Changed nice for pid 6032 from 18 to 1.
04-25 07:21:47.680 E/[Gralloc-ERROR](   83): int gralloc_register_buffer(const gralloc_module_t*, const native_handle_t*):79 Unable to register handle 0x46806ba0 coming from different process: 83
04-25 07:21:47.710 E/[Gralloc-ERROR](   83): int gralloc_register_buffer(const gralloc_module_t*, const native_handle_t*):79 Unable to register handle 0x46806c40 coming from different process: 83
04-25 07:21:47.730 E/[Gralloc-ERROR](   83): int gralloc_register_buffer(const gralloc_module_t*, const native_handle_t*):79 Unable to register handle 0x46806ce0 coming from different process: 83
04-25 07:21:47.730 E/[Gralloc-ERROR](   83): int gralloc_register_buffer(const gralloc_module_t*, const native_handle_t*):79 Unable to register handle 0x46806d80 coming from different process: 83
04-25 07:21:47.760 D/Sensors (   83): activate handle=0; drv=0
04-25 07:21:47.770 D/Sensors (   83): Lis3dhSensor: Control set 1
04-25 07:21:47.770 D/Sensors (   83): Lis3dhSensor: mEnabled = 1
04-25 07:21:47.850 I/Gonk    (   83): Setting nice for pid 6022 to 18
04-25 07:21:47.850 I/Gonk    (   83): Changed nice for pid 6022 from 1 to 18.
04-25 07:21:48.300 I/Gecko   (   83): 
04-25 07:21:48.300 I/Gecko   (   83): ###!!! [Parent][MessageChannel] Error: Channel error: cannot send/recv
04-25 07:21:48.300 I/Gecko   (   83): 
04-25 07:21:48.380 I/Gecko   (   83): [Parent 83] WARNING: waitpid failed pid:6022 errno:10: file ../../../gecko/ipc/chromium/src/base/process_util_posix.cc, line 254
04-25 07:21:48.620 E/GeckoConsole( 6032): [JavaScript Warning: "Error in parsing value for 'background'.  Declaration dropped." {file: "http://qr.penduin.net/qr.css" line: 87 column: 13 source: "  background:-webkit-gradient(linear,left top,left bottom,color-stop(0%,#6a7b86),color-stop(100%,#424f5a));"}]
04-25 07:21:48.640 E/GeckoConsole( 6032): [JavaScript Warning: "Error in parsing value for 'background'.  Declaration dropped." {file: "http://qr.penduin.net/qr.css" line: 88 column: 13 source: "  background:-webkit-linear-gradient(top,#6a7b86 0%,#424f5a 100%);"}]
04-25 07:21:48.640 E/GeckoConsole( 6032): [JavaScript Warning: "Error in parsing value for 'background'.  Declaration dropped." {file: "http://qr.penduin.net/qr.css" line: 89 column: 13 source: "  background:-o-linear-gradient(top,#6a7b86 0%,#424f5a 100%);"}]
04-25 07:21:48.640 E/GeckoConsole( 6032): [JavaScript Warning: "Error in parsing value for 'background'.  Declaration dropped." {file: "http://qr.penduin.net/qr.css" line: 90 column: 13 source: "  background:-ms-linear-gradient(top,#6a7b86 0%,#424f5a 100%);"}]
04-25 07:21:48.640 E/GeckoConsole( 6032): [JavaScript Warning: "Expected color but found 'top'.  Error in parsing value for 'background'.  Declaration dropped." {file: "http://qr.penduin.net/qr.css" line: 91 column: 29 source: "  background:linear-gradient(top,#6a7b86 0%,#424f5a 100%);"}]
04-25 07:21:48.650 E/GeckoConsole( 6032): [JavaScript Warning: "Expected 'none' or URL but found 'progid'.  Error in parsing value for 'filter'.  Declaration dropped." {file: "http://qr.penduin.net/qr.css" line: 92 column: 9 source: "  filter:progid:DXImageTransform.Microsoft.gradient(startColorstr='#6a7b86',endColorstr='#424f5a',GradientType=0);"}]
04-25 07:21:48.650 E/GeckoConsole( 6032): [JavaScript Warning: "Error in parsing value for 'background'.  Declaration dropped." {file: "http://qr.penduin.net/qr.css" line: 131 column: 13 source: "  background:-webkit-gradient(linear,left top,left bottom,color-stop(0%,#b4beca),color-stop(100%,#e1e5eB));"}]
04-25 07:21:48.650 E/GeckoConsole( 6032): [JavaScript Warning: "Error in parsing value for 'background'.  Declaration dropped." {file: "http://qr.penduin.net/qr.css" line: 132 column: 13 source: "  background:-webkit-linear-gradient(top,#b4beca 0%,#e1e5eB 100%);"}]
04-25 07:21:48.650 E/GeckoConsole( 6032): [JavaScript Warning: "Error in parsing value for 'background'.  Declaration dropped." {file: "http://qr.penduin.net/qr.css" line: 133 column: 13 source: "  background:-o-linear-gradient(top,#b4beca 0%,#e1e5eB 100%);"}]
04-25 07:21:48.650 E/GeckoConsole( 6032): [JavaScript Warning: "Error in parsing value for 'background'.  Declaration dropped." {file: "http://qr.penduin.net/qr.css" line: 134 column: 13 source: "  background:-ms-linear-gradient(top,#b4beca 0%,#e1e5eB 100%);"}]
04-25 07:21:48.650 E/GeckoConsole( 6032): [JavaScript Warning: "Expected color but found 'top'.  Error in parsing value for 'background'.  Declaration dropped." {file: "http://qr.penduin.net/qr.css" line: 135 column: 29 source: "  background:linear-gradient(top,#b4beca 0%,#e1e5eB 100%);"}]
04-25 07:21:48.650 E/GeckoConsole( 6032): [JavaScript Warning: "Expected 'none' or URL but found 'progid'.  Error in parsing value for 'filter'.  Declaration dropped." {file: "http://qr.penduin.net/qr.css" line: 136 column: 9 source: "  filter:progid:DXImageTransform.Microsoft.gradient(startColorstr='#b4beca',endColorstr='#e1e5eB',GradientType=0);"}]
04-25 07:21:50.380 I/Gecko   (   83): [Parent 83] WARNING: waitpid failed pid:6022 errno:10: file ../../../gecko/ipc/chromium/src/base/process_util_posix.cc, line 254
04-25 07:21:50.380 I/Gecko   (   83): [Parent 83] WARNING: Failed to deliver SIGKILL to 6022!(3).: file ../../../gecko/ipc/chromium/src/chrome/common/process_watcher_posix_sigchld.cc, line 118
04-25 07:21:50.820 I/Gonk    (   83): Setting nice for pid 6084 to 18
04-25 07:21:50.820 I/Gonk    (   83): Changed nice for pid 6084 from 0 to 18.
04-25 07:21:56.050 W/WifiHW  (   83): wifi_command: SIGNAL_POLL
04-25 07:21:56.070 V/AudioPolicyManagerBase(   89): startOutput() output 1, stream 1, session 26
04-25 07:21:56.070 V/AudioPolicyManagerBase(   89): changeRefCount() stream 1, count 1
04-25 07:21:56.070 V/AudioPolicyManagerBase(   89): getDeviceForStrategy() from cache strategy 0, device 2
04-25 07:21:56.070 V/AudioPolicyManagerBase(   89): getNewDevice() selected device 2
04-25 07:21:56.070 D/AudioPolicyManagerBase(   89): setOutputDevice() output 1 device 2 delayMs 0
04-25 07:21:56.070 V/AudioPolicyManagerBase(   89): setOutputDevice() setting same device 2 or null device for output 1
04-25 07:21:56.070 E/AudioPolicyManagerBase(   89): checkAndSetVolume stream=1, index=0, output=1, device=2
04-25 07:21:56.070 E/AudioPolicyManagerBase(   89): computeVolume, streamDesc=0x1ddbbb8
04-25 07:21:56.120 W/AudioFlinger(   89): Thread AudioOut_1 cannot connect to the power manager service
04-25 07:21:56.120 V/AudioPolicyManagerBase(   89): stopOutput() output 1, stream 1, session 26
04-25 07:21:56.120 V/AudioPolicyManagerBase(   89): changeRefCount() stream 1, count 0
04-25 07:21:56.120 V/AudioPolicyManagerBase(   89): getNewDevice() selected device 0
04-25 07:21:56.120 D/AudioPolicyManagerBase(   89): setOutputDevice() output 1 device 0 delayMs 290
04-25 07:21:56.120 V/AudioPolicyManagerBase(   89): setOutputDevice() setting same device 0 or null device for output 1
04-25 07:21:56.130 V/AudioPolicyManagerBase(   89): startOutput() output 1, stream 1, session 26
04-25 07:21:56.130 V/AudioPolicyManagerBase(   89): changeRefCount() stream 1, count 1
04-25 07:21:56.130 V/AudioPolicyManagerBase(   89): getDeviceForStrategy() from cache strategy 0, device 2
04-25 07:21:56.130 V/AudioPolicyManagerBase(   89): getNewDevice() selected device 2
04-25 07:21:56.130 D/AudioPolicyManagerBase(   89): setOutputDevice() output 1 device 2 delayMs 0
04-25 07:21:56.130 V/AudioPolicyManagerBase(   89): setOutputDevice() setting same device 2 or null device for output 1
04-25 07:21:56.130 E/AudioPolicyManagerBase(   89): checkAndSetVolume stream=1, index=0, output=1, device=2
04-25 07:21:56.130 E/AudioPolicyManagerBase(   89): computeVolume, streamDesc=0x1ddbbb8
04-25 07:21:56.130 V/AudioPolicyManagerBase(   89): stopOutput() output 1, stream 1, session 26
04-25 07:21:56.130 V/AudioPolicyManagerBase(   89): changeRefCount() stream 1, count 0
04-25 07:21:56.130 V/AudioPolicyManagerBase(   89): getNewDevice() selected device 0
04-25 07:21:56.130 D/AudioPolicyManagerBase(   89): setOutputDevice() output 1 device 0 delayMs 290
04-25 07:21:56.130 V/AudioPolicyManagerBase(   89): setOutputDevice() setting same device 0 or null device for output 1
04-25 07:21:56.140 V/AudioPolicyManagerBase(   89): releaseOutput() 1
04-25 07:22:00.940 I/Gonk    (   83): Setting nice for pid 6084 to 18
04-25 07:22:00.940 I/Gonk    (   83): Changed nice for pid 6084 from 18 to 18.
04-25 07:22:00.940 I/Gecko   (   83): [Parent 83] WARNING: waitpid failed pid:6084 errno:10: file ../../../gecko/ipc/chromium/src/base/process_util_posix.cc, line 254
04-25 07:22:00.990 I/Gonk    (   83): Setting nice for pid 6084 to 1
04-25 07:22:00.990 I/Gonk    (   83): Changed nice for pid 6084 from 18 to 1.
04-25 07:22:01.030 I/Gonk    (   83): Setting nice for pid 6084 to 18
04-25 07:22:01.040 I/Gonk    (   83): Changed nice for pid 6084 from 1 to 18.
04-25 07:22:01.340 E/[Gralloc-ERROR](   83): int gralloc_unregister_buffer(const gralloc_module_t*, const native_handle_t*):274 Trying to unregister buffer 0x46806ba0 from process 83 that was not created in current process: 83
04-25 07:22:01.350 W/WifiHW  (   83): wifi_command: SIGNAL_POLL
04-25 07:22:01.350 E/GeckoConsole(   83): Content JS LOG at dummy file:326 in GaiaApps.launch/appOpen/<: app with origin 'http://qr.penduin.net' has launched
04-25 07:22:01.380 I/Gecko   (   83): 1398435721391	Marionette	INFO	sendToClient: {"from":"0","value":{"frame":{"ELEMENT":"{7bfabaac-d387-4250-89de-616e5f9a7c9e}"},"src":"http://qr.penduin.net/index.html","name":"QR Scanner","origin":"http://qr.penduin.net"}}, {68d3fcc7-592a-491b-a3b2-2692397a9b47}, {68d3fcc7-592a-491b-a3b2-2692397a9b47}
04-25 07:22:01.440 E/[Gralloc-ERROR](   83): int gralloc_unregister_buffer(const gralloc_module_t*, const native_handle_t*):274 Trying to unregister buffer 0x46806c40 from process 83 that was not created in current process: 83
04-25 07:22:01.440 E/[Gralloc-ERROR](   83): int gralloc_unregister_buffer(const gralloc_module_t*, const native_handle_t*):274 Trying to unregister buffer 0x46806d80 from process 83 that was not created in current process: 83
04-25 07:22:01.440 E/[Gralloc-ERROR](   83): int gralloc_unregister_buffer(const gralloc_module_t*, const native_handle_t*):274 Trying to unregister buffer 0x46806ce0 from process 83 that was not created in current process: 83
04-25 07:22:01.460 I/Gecko   (   83): 1398435721460	Marionette	DEBUG	Got request: switchToFrame, data: {"to":"0","sessionId":"3-b2g","name":"switchToFrame","parameters":{"focus":true,"element":"{7bfabaac-d387-4250-89de-616e5f9a7c9e}"}}, id: {5f6e765a-2367-4cef-ae71-f1d1d494bdd2}
04-25 07:22:01.500 I/Gecko   (   83): 1398435721514	Marionette	INFO	Switched to frame: {"frameValue":"{7bfabaac-d387-4250-89de-616e5f9a7c9e}"}
04-25 07:22:01.500 I/Gecko   (   83): 1398435721518	Marionette	INFO	trying remote frame 0
04-25 07:22:01.510 I/Gecko   (   83): 1398435721526	Marionette	INFO	trying remote frame 1
04-25 07:22:01.510 I/Gecko   (   83): 1398435721527	Marionette	INFO	trying remote frame 2
04-25 07:22:01.510 I/Gecko   (   83): 1398435721528	Marionette	INFO	trying remote frame 3
04-25 07:22:01.510 I/Gecko   (   83): 1398435721529	Marionette	INFO	trying remote frame 4
04-25 07:22:01.510 I/Gecko   (   83): 1398435721530	Marionette	INFO	trying remote frame 5
04-25 07:22:01.520 I/Gecko   (   83): 1398435721531	Marionette	INFO	trying remote frame 6
04-25 07:22:01.520 I/Gecko   (   83): 1398435721531	Marionette	INFO	trying remote frame 7
04-25 07:22:01.520 I/Gecko   (   83): 1398435721532	Marionette	INFO	trying remote frame 8
04-25 07:22:01.520 I/Gecko   (   83): 1398435721533	Marionette	INFO	trying remote frame 9
04-25 07:22:01.520 I/Gecko   (   83): 1398435721534	Marionette	INFO	trying remote frame 10
04-25 07:22:01.520 I/Gecko   (   83): 1398435721534	Marionette	INFO	trying remote frame 11
04-25 07:22:01.520 I/Gecko   (   83): 1398435721535	Marionette	INFO	trying remote frame 12
04-25 07:22:01.520 I/Gecko   (   83): 1398435721536	Marionette	INFO	trying remote frame 13
04-25 07:22:01.520 I/Gecko   (   83): 1398435721536	Marionette	INFO	trying remote frame 14
04-25 07:22:01.520 I/Gecko   (   83): 1398435721537	Marionette	INFO	trying remote frame 15
04-25 07:22:01.520 I/Gecko   (   83): 1398435721538	Marionette	INFO	deleting frame
04-25 07:22:01.530 I/Gecko   (   83): 1398435721543	Marionette	INFO	frame-manager load script: [object ChromeMessageSender]
04-25 07:22:01.970 I/Gecko   (   83): [Parent 83] WARNING: pipe error (135): Connection reset by peer: file ../../../gecko/ipc/chromium/src/chrome/common/ipc_channel_posix.cc, line 446
04-25 07:22:01.970 I/Gecko   (   83): 
04-25 07:22:01.970 I/Gecko   (   83): ###!!! [Parent][MessageChannel] Error: Channel error: cannot send/recv
04-25 07:22:01.970 I/Gecko   (   83): 
04-25 07:22:02.050 I/Gecko   (   83): [Parent 83] WARNING: waitpid failed pid:6084 errno:10: file ../../../gecko/ipc/chromium/src/base/process_util_posix.cc, line 254
04-25 07:22:02.130 I/Gecko   (   83): 1398435722147	Marionette	INFO	sendToClient: {"from":"0","ok":true}, {5f6e765a-2367-4cef-ae71-f1d1d494bdd2}, {5f6e765a-2367-4cef-ae71-f1d1d494bdd2}
04-25 07:22:02.160 I/Gecko   (   83): 1398435722173	Marionette	INFO	sendToClient: {"from":"0","value":"http://qr.penduin.net/index.html"}, {f7c061ad-d417-4e7c-9527-05071c9ff158}, {f7c061ad-d417-4e7c-9527-05071c9ff158}
04-25 07:22:02.160 I/Gecko   (   83): 1398435722179	Marionette	DEBUG	Got request: execute, data: {"to":"0","sessionId":"3-b2g","name":"executeScript","parameters":{"specialPowers":false,"scriptTimeout":null,"newSandbox":true,"args":[],"filename":"app_checker.py","script":"return window.document.readyState;","line":191}}, id: {9997f8a2-ab8d-4828-b391-95ed90652fd7}
04-25 07:22:02.210 I/Gecko   (   83): 1398435722227	Marionette	INFO	sendToClient: {"from":"0","value":"complete"}, {9997f8a2-ab8d-4828-b391-95ed90652fd7}, {9997f8a2-ab8d-4828-b391-95ed90652fd7}
04-25 07:22:02.220 I/Gecko   (   83): 1398435722235	Marionette	INFO	sendToClient: {"from":"0","value":"http://qr.penduin.net/index.html"}, {d8ca5463-2934-4678-a7b3-0d6f77827033}, {d8ca5463-2934-4678-a7b3-0d6f77827033}
04-25 07:22:02.230 I/Gecko   ( 6032): Attempting load of libEGL.so
04-25 07:22:02.370 D/libEGL  ( 6032): loaded /system/lib/egl/libEGL_mali.so
04-25 07:22:02.470 D/libEGL  ( 6032): loaded /system/lib/egl/libGLESv1_CM_mali.so
04-25 07:22:02.470 D/libEGL  ( 6032): loaded /system/lib/egl/libGLESv2_mali.so
04-25 07:22:02.560 I/Gecko   ( 6032): SharedSurface_Gralloc::Create -------
04-25 07:22:02.610 I/Gecko   ( 6032): SharedSurface_Gralloc::Create: success -- surface 0x43289200, GraphicBuffer 0x43e98180.
04-25 07:22:03.580 I/Gecko   (   83): 1398435723589	Marionette	INFO	sendToClient: {"from":"0","value":"iVBORw0KGgoAAAANSUhEUgAAAUAAAAHMCAYAAACk4nEJAAAgAElEQVR4nO29ebxtVZXfe6yYqopJVV6XT+Uln8T3ktRLxUq9SvKs1LNipSqvpLTsSzoVlb6HS9/3jSiI2KO0CggKCsLFddStcyEumVvcsC69oCBKDwrSd5d7x/tjrTnnGGPOtc8995x517l7/fbn8/3APXvv1e01f2t0c8y5uXf8Gzruhgto7qw3AQDAsIAAAjCFz/8N/cNz3tL/cYA8QAABmMJn/ge95ry39X8cIA8QQACm8Mm/pn/6xXf1fxwgDxBAAKbw8b+if3bBlv0fB8gDBBCAKZz6l/QvLtq2/+MAeYAAAjCFU95Ir714u/6PA+QBAgjAFE76C/p3X/lQ/8cB8gABBGAKx7+BXnfZzv0fB8gDBBCAKRzz5/SnX9+t/+MAeYAAAjCFI/4rvf6Kvfo/DpAHCCAAUzj0z+gvrtyv/+MAeYAAAjCFg/4f+qvVB/Z/HCAPEEAAprD/f6EtisP6Pw6QBwggAFPY9z/RW791ZP/HAfIAAQRgCnv9Kb3rO8f2fxwgD0sRwH/6xXfR2791NO167Rm07fdOpn+7QMHov774/fRHl+7o+T8v+QD97rlv3eiDf/U5b6bXX7EXvd+cQjt+/2O0RXEY/ZPz39H/RQWzw+7/N2393RP7Pw6Qh40RwNec9zY645av08vr1pJ+lQ+uoX9/6Y7J733/oZujzxMRPfr8b+hTt15B/+YrH9zgY9iiOIx+8pv7om298MpL9LGbL6N/hBZGYDnY+T/S+80p/R8HyMNiBfB3zv07uubBm4iI6FcvPEmn3vRV2s58hA6//lyaPHYXERE9/uLT9Cdf2zX6rhPAb/7yR3T49efS0ZMv0mdvu4rueeohIiJ68qVnO8WT818u35NeeOUlIiL6xr0/pB2uOY12/P7H6NO3foOeefl5Ii
04-25 07:22:03.780 I/Gecko   (   83): 1398435723795	Marionette	INFO	sendToClient: {"from":"0","ok":true}, {d3b0895a-7c6d-4c82-8049-9b76888d8956}, {d3b0895a-7c6d-4c82-8049-9b76888d8956}
04-25 07:22:03.790 I/Gecko   (   83): 1398435723803	Marionette	DEBUG	Got request: switchToFrame, data: {"to":"0","sessionId":"3-b2g","name":"switchToFrame","parameters":{"id":null,"focus":true}}, id: {31badc1c-f0c7-44e1-9b3e-ee8c5494c2a9}
04-25 07:22:03.800 I/Gecko   (   83): 1398435723820	Marionette	INFO	Switched to frame: {"frameValue":null}
04-25 07:22:03.910 I/Gecko   (   83): 1398435723923	Marionette	INFO	sendToClient: {"from":"0","ok":true}, {31badc1c-f0c7-44e1-9b3e-ee8c5494c2a9}, {31badc1c-f0c7-44e1-9b3e-ee8c5494c2a9}
04-25 07:22:03.920 I/Gecko   (   83): 1398435723938	Marionette	DEBUG	Got request: executeWithCallback, data: {"to":"0","sessionId":"3-b2g","name":"executeAsyncScript","parameters":{"specialPowers":false,"scriptTimeout":null,"newSandbox":true,"args":[],"filename":"gaia_test.py","script":"return GaiaApps.displayedApp();","line":66}}, id: {d3b0bca9-e8a1-49f7-9731-ea51a85025bc}
04-25 07:22:03.980 I/Gecko   (   83): 1398435723998	Marionette	INFO	sendToClient: {"from":"0","value":{"frame":{"ELEMENT":"{7bfabaac-d387-4250-89de-616e5f9a7c9e}"},"src":"http://qr.penduin.net/index.html","name":"QR Scanner","origin":"http://qr.penduin.net"}}, {d3b0bca9-e8a1-49f7-9731-ea51a85025bc}, {d3b0bca9-e8a1-49f7-9731-ea51a85025bc}
04-25 07:22:03.990 E/GeckoConsole(   83): Content JS LOG at dummy file:392 in GaiaApps.displayedApp: app with origin 'http://qr.penduin.net' is displayed
04-25 07:22:03.990 I/Gecko   (   83): 1398435724007	Marionette	DEBUG	Got request: switchToFrame, data: {"to":"0","sessionId":"3-b2g","name":"switchToFrame","parameters":{"id":null,"focus":true}}, id: {a5412dce-43cc-402b-a5e8-29c1d928a104}
04-25 07:22:03.990 I/Gecko   (   83): 1398435724009	Marionette	INFO	Switched to frame: {"frameValue":null}
04-25 07:22:04.050 I/Gecko   (   83): [Parent 83] WARNING: waitpid failed pid:6084 errno:10: file ../../../gecko/ipc/chromium/src/base/process_util_posix.cc, line 254
04-25 07:22:04.050 I/Gecko   (   83): [Parent 83] WARNING: Failed to deliver SIGKILL to 6084!(3).: file ../../../gecko/ipc/chromium/src/chrome/common/process_watcher_posix_sigchld.cc, line 118
04-25 07:22:04.100 I/Gecko   (   83): 1398435724112	Marionette	INFO	sendToClient: {"from":"0","ok":true}, {a5412dce-43cc-402b-a5e8-29c1d928a104}, {a5412dce-43cc-402b-a5e8-29c1d928a104}
04-25 07:22:04.100 I/Gecko   (   83): 1398435724118	Marionette	DEBUG	Got request: execute, data: {"to":"0","sessionId":"3-b2g","name":"executeScript","parameters":{"specialPowers":false,"scriptTimeout":null,"newSandbox":true,"args":[],"filename":"gaia_test.py","script":"window.wrappedJSObject.dispatchEvent(new Event('home'));","line":788}}, id: {1d190c76-b7a5-4c44-ab8b-43218c592f04}
04-25 07:22:04.200 D/Sensors (   83): activate handle=0; drv=0
04-25 07:22:04.210 D/Sensors (   83): Lis3dhSensor: Control set 0
04-25 07:22:04.210 D/Sensors (   83): Lis3dhSensor: mEnabled = 0
04-25 07:22:04.360 I/Gonk    (   83): Setting nice for pid 6104 to 18
04-25 07:22:04.370 I/Gonk    (   83): Changed nice for pid 6104 from 0 to 18.
04-25 07:22:04.370 I/Gecko   (   83): 1398435724383	Marionette	INFO	sendToClient: {"from":"0","value":null}, {1d190c76-b7a5-4c44-ab8b-43218c592f04}, {1d190c76-b7a5-4c44-ab8b-43218c592f04}
04-25 07:22:04.420 I/Gonk    (   83): Setting nice for pid 6104 to 18
04-25 07:22:04.420 I/Gonk    (   83): Changed nice for pid 6104 from 18 to 18.
04-25 07:22:04.420 I/Gecko   (   83): [Parent 83] WARNING: waitpid failed pid:6104 errno:10: file ../../../gecko/ipc/chromium/src/base/process_util_posix.cc, line 254
04-25 07:22:04.450 I/Gonk    (   83): Setting nice for pid 6104 to 1
04-25 07:22:04.450 I/Gonk    (   83): Changed nice for pid 6104 from 18 to 1.
04-25 07:22:04.480 I/Gecko   (   83): 1398435724491	Marionette	DEBUG	Got request: switchToFrame, data: {"to":"0","sessionId":"3-b2g","name":"switchToFrame","parameters":{"id":null,"focus":true}}, id: {4a20aded-728a-4225-83c7-5527f996d9a9}
04-25 07:22:04.490 I/Gecko   (   83): 1398435724493	Marionette	INFO	Switched to frame: {"frameValue":null}
04-25 07:22:04.590 I/Gecko   (   83): 1398435724603	Marionette	INFO	sendToClient: {"from":"0","ok":true}, {4a20aded-728a-4225-83c7-5527f996d9a9}, {4a20aded-728a-4225-83c7-5527f996d9a9}
04-25 07:22:04.590 I/Gecko   (   83): 1398435724609	Marionette	DEBUG	Got request: executeWithCallback, data: {"to":"0","sessionId":"3-b2g","name":"executeAsyncScript","parameters":{"specialPowers":false,"scriptTimeout":null,"newSandbox":true,"args":[],"filename":"gaia_test.py","script":"return GaiaApps.displayedApp();","line":66}}, id: {ad0b8b0c-4a10-4a3e-a82b-7e723ecb9f51}
04-25 07:22:04.680 I/Gecko   (   83): 1398435724698	Marionette	INFO	sendToClient: {"from":"0","value":{"frame":{"ELEMENT":"{88630d62-6b8e-4f7b-ba79-4f525d800c9e}"},"src":"app://homescreen.gaiamobile.org/index.html#root","name":"Homescreen","origin":"app://homescreen.gaiamobile.org"}}, {ad0b8b0c-4a10-4a3e-a82b-7e723ecb9f51}, {ad0b8b0c-4a10-4a3e-a82b-7e723ecb9f51}
04-25 07:22:04.700 E/GeckoConsole(   83): Content JS LOG at dummy file:392 in GaiaApps.displayedApp: app with origin 'app://homescreen.gaiamobile.org' is displayed
04-25 07:22:04.720 I/Gecko   (   83): 1398435724737	Marionette	DEBUG	Got request: switchToFrame, data: {"to":"0","sessionId":"3-b2g","name":"switchToFrame","parameters":{"id":null,"focus":true}}, id: {094f51e3-cc6a-458a-a753-a9ed46e9ddd3}
04-25 07:22:04.720 I/Gecko   (   83): 1398435724739	Marionette	INFO	Switched to frame: {"frameValue":null}
04-25 07:22:04.830 I/Gecko   (   83): 1398435724842	Marionette	INFO	sendToClient: {"from":"0","ok":true}, {094f51e3-cc6a-458a-a753-a9ed46e9ddd3}, {094f51e3-cc6a-458a-a753-a9ed46e9ddd3}
04-25 07:22:04.830 I/Gecko   (   83): 1398435724848	Marionette	DEBUG	Got request: switchToFrame, data: {"to":"0","sessionId":"3-b2g","name":"switchToFrame","parameters":{"id":null,"focus":true}}, id: {6e584e55-1282-4cf1-9611-3ef84b471916}
04-25 07:22:04.840 I/Gecko   (   83): 1398435724853	Marionette	INFO	Switched to frame: {"frameValue":null}
04-25 07:22:04.940 I/Gecko   (   83): 1398435724956	Marionette	INFO	sendToClient: {"from":"0","ok":true}, {6e584e55-1282-4cf1-9611-3ef84b471916}, {6e584e55-1282-4cf1-9611-3ef84b471916}
04-25 07:22:04.980 I/Gecko   (   83): 1398435724992	Marionette	DEBUG	Got request: executeWithCallback, data: {"to":"0","sessionId":"3-b2g","name":"executeAsyncScript","parameters":{"specialPowers":false,"scriptTimeout":null,"newSandbox":true,"args":[],"filename":"gaia_test.py","script":"return GaiaApps.displayedApp();","line":66}}, id: {3794b27a-bea9-4952-8232-c0b016d023ec}
04-25 07:22:05.080 E/GeckoConsole(   83): Content JS LOG at dummy file:392 in GaiaApps.displayedApp: app with origin 'app://homescreen.gaiamobile.org' is displayed
04-25 07:22:05.080 I/Gecko   (   83): 1398435725093	Marionette	INFO	sendToClient: {"from":"0","value":{"frame":{"ELEMENT":"{88630d62-6b8e-4f7b-ba79-4f525d800c9e}"},"src":"app://homescreen.gaiamobile.org/index.html#root","name":"Homescreen","origin":"app://homescreen.gaiamobile.org"}}, {3794b27a-bea9-4952-8232-c0b016d023ec}, {3794b27a-bea9-4952-8232-c0b016d023ec}
04-25 07:22:05.110 I/Gecko   (   83): 1398435725126	Marionette	DEBUG	Got request: switchToFrame, data: {"to":"0","sessionId":"3-b2g","name":"switchToFrame","parameters":{"focus":true,"element":"{88630d62-6b8e-4f7b-ba79-4f525d800c9e}"}}, id: {f1a62da9-0315-4f78-ad25-672ab0ebe9cc}
04-25 07:22:05.120 I/Gecko   (   83): 1398435725133	Marionette	INFO	Switched to frame: {"frameValue":"{88630d62-6b8e-4f7b-ba79-4f525d800c9e}"}
04-25 07:22:05.150 I/Gecko   (   83): 1398435725163	Marionette	INFO	trying remote frame 0
04-25 07:22:05.200 I/Gecko   (   83): 1398435725211	Marionette	INFO	trying remote frame 1
04-25 07:22:05.200 I/Gecko   (   83): 1398435725212	Marionette	INFO	trying remote frame 2
04-25 07:22:05.250 I/Gecko   (   83): 1398435725263	Marionette	INFO	trying remote frame 3
04-25 07:22:05.250 I/Gecko   (   83): 1398435725263	Marionette	INFO	trying remote frame 4
04-25 07:22:05.250 I/Gecko   (   83): 1398435725264	Marionette	INFO	trying remote frame 5
04-25 07:22:05.250 I/Gecko   (   83): 1398435725265	Marionette	INFO	trying remote frame 6
04-25 07:22:05.250 I/Gecko   (   83): 1398435725265	Marionette	INFO	trying remote frame 7
04-25 07:22:05.250 I/Gecko   (   83): 1398435725266	Marionette	INFO	trying remote frame 8
04-25 07:22:05.250 I/Gecko   (   83): 1398435725267	Marionette	INFO	trying remote frame 9
04-25 07:22:05.250 I/Gecko   (   83): 1398435725268	Marionette	INFO	trying remote frame 10
04-25 07:22:05.250 I/Gecko   (   83): 1398435725268	Marionette	INFO	trying remote frame 11
04-25 07:22:05.270 I/Gecko   (   83): 1398435725281	Marionette	INFO	trying remote frame 12
04-25 07:22:05.270 I/Gecko   (   83): 1398435725282	Marionette	INFO	trying remote frame 13
04-25 07:22:05.270 I/Gecko   (   83): 1398435725283	Marionette	INFO	trying remote frame 14
04-25 07:22:05.270 I/Gecko   (   83): 1398435725285	Marionette	INFO	trying remote frame 15
04-25 07:22:05.270 I/Gecko   (   83): 1398435725286	Marionette	INFO	deleting frame
04-25 07:22:05.280 I/Gecko   (   83): 1398435725291	Marionette	INFO	frame-manager load script: [object ChromeMessageSender]
04-25 07:22:05.540 E/[Gralloc-ERROR](   83): int gralloc_register_buffer(const gralloc_module_t*, const native_handle_t*):79 Unable to register handle 0x454db2e0 coming from different process: 83
04-25 07:22:05.550 E/[Gralloc-ERROR](   83): int gralloc_register_buffer(const gralloc_module_t*, const native_handle_t*):79 Unable to register handle 0x454db420 coming from different process: 83
04-25 07:22:05.780 E/[Gralloc-ERROR](   83): int gralloc_unregister_buffer(const gralloc_module_t*, const native_handle_t*):274 Trying to unregister buffer 0x454db420 from process 83 that was not created in current process: 83
04-25 07:22:05.780 E/[Gralloc-ERROR](   83): int gralloc_unregister_buffer(const gralloc_module_t*, const native_handle_t*):274 Trying to unregister buffer 0x454db2e0 from process 83 that was not created in current process: 83
04-25 07:22:06.030 I/Gonk    (   83): Setting nice for pid 6112 to 18
04-25 07:22:06.030 I/Gonk    (   83): Changed nice for pid 6112 from 0 to 18.
04-25 07:22:06.170 I/Gonk    (   83): Setting nice for pid 6032 to 18
04-25 07:22:06.170 I/Gonk    (   83): Changed nice for pid 6032 from 1 to 18.
04-25 07:22:06.360 W/WifiHW  (   83): wifi_command: SIGNAL_POLL
04-25 07:22:07.510 I/Gecko   (   83): 
04-25 07:22:07.510 I/Gecko   (   83): ###!!! [Parent][MessageChannel] Error: Channel error: cannot send/recv
04-25 07:22:07.510 I/Gecko   (   83): 
04-25 07:22:07.610 I/Gecko   (   83): [Parent 83] WARNING: waitpid failed pid:6032 errno:10: file ../../../gecko/ipc/chromium/src/base/process_util_posix.cc, line 254
04-25 07:22:07.710 I/Gecko   ( 6104): ###################################### forms.js loaded
04-25 07:22:07.760 I/Gecko   ( 6104): ############################### browserElementPanning.js loaded
04-25 07:22:07.800 I/Gecko   ( 6104): ######################## BrowserElementChildPreload.js loaded
04-25 07:22:09.100 I/Gecko   (   83): 1398435729105	Marionette	INFO	sendToClient: {"from":"0","ok":true}, {f1a62da9-0315-4f78-ad25-672ab0ebe9cc}, {f1a62da9-0315-4f78-ad25-672ab0ebe9cc}
04-25 07:22:09.520 I/Gecko   (   83): 1398435729533	Marionette	INFO	sendToClient: {"from":"0","value":"app://homescreen.gaiamobile.org/index.html#root"}, {3dde4f5a-49ab-426e-b722-2e91b4d4e74b}, {3dde4f5a-49ab-426e-b722-2e91b4d4e74b}
04-25 07:22:09.530 I/Gecko   (   83): 1398435729540	Marionette	DEBUG	Got request: switchToFrame, data: {"to":"0","sessionId":"3-b2g","name":"switchToFrame","parameters":{"id":null,"focus":true}}, id: {d9eecd2b-3ae9-4b97-810f-17cd353aee1c}
04-25 07:22:09.540 I/Gecko   (   83): 1398435729559	Marionette	INFO	Switched to frame: {"frameValue":null}
04-25 07:22:09.610 I/Gecko   (   83): [Parent 83] WARNING: waitpid failed pid:6032 errno:10: file ../../../gecko/ipc/chromium/src/base/process_util_posix.cc, line 254
04-25 07:22:09.610 I/Gecko   (   83): [Parent 83] WARNING: Failed to deliver SIGKILL to 6032!(3).: file ../../../gecko/ipc/chromium/src/chrome/common/process_watcher_posix_sigchld.cc, line 118
04-25 07:22:09.670 I/Gecko   (   83): 1398435729685	Marionette	INFO	sendToClient: {"from":"0","ok":true}, {d9eecd2b-3ae9-4b97-810f-17cd353aee1c}, {d9eecd2b-3ae9-4b97-810f-17cd353aee1c}
04-25 07:22:09.680 I/Gecko   (   83): 1398435729692	Marionette	DEBUG	Got request: switchToFrame, data: {"to":"0","sessionId":"3-b2g","name":"switchToFrame","parameters":{"id":null,"focus":true}}, id: {74c6aab9-8f39-48d8-ac05-1cb8d34863cc}
04-25 07:22:09.690 I/Gecko   (   83): 1398435729701	Marionette	INFO	Switched to frame: {"frameValue":null}
04-25 07:22:09.910 I/Gecko   (   83): 1398435729928	Marionette	INFO	sendToClient: {"from":"0","ok":true}, {74c6aab9-8f39-48d8-ac05-1cb8d34863cc}, {74c6aab9-8f39-48d8-ac05-1cb8d34863cc}
04-25 07:22:09.920 I/Gecko   (   83): 1398435729938	Marionette	DEBUG	Got request: executeWithCallback, data: {"to":"0","sessionId":"3-b2g","name":"executeAsyncScript","parameters":{"specialPowers":false,"scriptTimeout":null,"newSandbox":true,"args":[],"filename":"gaia_test.py","script":"GaiaApps.killAll()","line":91}}, id: {b9eae1b6-9460-4497-b241-a876fa0da41a}
04-25 07:22:10.000 I/Gecko   (   83): 1398435730017	Marionette	INFO	sendToClient: {"from":"0","value":true}, {b9eae1b6-9460-4497-b241-a876fa0da41a}, {b9eae1b6-9460-4497-b241-a876fa0da41a}
04-25 07:22:10.010 I/Gecko   (   83): 1398435730023	Marionette	DEBUG	Got request: switchToFrame, data: {"to":"0","sessionId":"3-b2g","name":"switchToFrame","parameters":{"id":null,"focus":true}}, id: {0fc74f54-5b71-43e2-aec2-e1b600b34aba}
04-25 07:22:10.010 I/Gecko   (   83): 1398435730024	Marionette	INFO	Switched to frame: {"frameValue":null}
04-25 07:22:10.110 I/Gecko   (   83): 1398435730126	Marionette	INFO	sendToClient: {"from":"0","ok":true}, {0fc74f54-5b71-43e2-aec2-e1b600b34aba}, {0fc74f54-5b71-43e2-aec2-e1b600b34aba}
04-25 07:22:10.120 I/Gecko   (   83): 1398435730133	Marionette	DEBUG	Got request: executeWithCallback, data: {"to":"0","sessionId":"3-b2g","name":"executeAsyncScript","parameters":{"specialPowers":false,"scriptTimeout":60000,"newSandbox":true,"args":[],"filename":"app_checker.py","script":"\n        GaiaApps.locateWithManifestURL('http://qr.penduin.net/manifest.webapp',\n                                       null,\n                                       function uninstall(app) {\n                                       navigator.mozApps.mgmt.uninstall(app);\n                                       marionetteScriptFinished(true);\n                                       });\n        ","line":129}}, id: {6d0d866a-c581-49b3-b651-251afa1f3092}
04-25 07:22:10.180 I/Gecko   (   83): -- webapps.js uninstall http://qr.penduin.net/manifest.webapp
04-25 07:22:10.890 I/Gecko   (   83): 1398435730903	Marionette	INFO	sendToClient: {"from":"0","value":true}, {6d0d866a-c581-49b3-b651-251afa1f3092}, {6d0d866a-c581-49b3-b651-251afa1f3092}