--------- beginning of /dev/log/main
04-28 06:28:09.510 V/AudioPolicyManagerBase(   88): startOutput() output 1, stream 1, session 5
04-28 06:28:09.510 V/AudioPolicyManagerBase(   88): changeRefCount() stream 1, count 1
04-28 06:28:09.510 V/AudioPolicyManagerBase(   88): getDeviceForStrategy() from cache strategy 0, device 2
04-28 06:28:09.510 V/AudioPolicyManagerBase(   88): getNewDevice() selected device 2
04-28 06:28:09.510 D/AudioPolicyManagerBase(   88): setOutputDevice() output 1 device 2 delayMs 0
04-28 06:28:09.510 V/AudioPolicyManagerBase(   88): setOutputDevice() setting same device 2 or null device for output 1
04-28 06:28:09.510 E/AudioPolicyManagerBase(   88): checkAndSetVolume stream=1, index=0, output=1, device=2
04-28 06:28:09.510 E/AudioPolicyManagerBase(   88): computeVolume, streamDesc=0x16f8bb8
04-28 06:28:09.550 I/Gecko   (   83): 1398691689558	Marionette	INFO	sendToClient: {"from":"0","ok":true}, {71e6a904-d15e-40fe-adf4-ff8c211aacb6}, {71e6a904-d15e-40fe-adf4-ff8c211aacb6}
04-28 06:28:09.550 W/AudioFlinger(   88): Thread AudioOut_1 cannot connect to the power manager service
04-28 06:28:09.550 V/AudioPolicyManagerBase(   88): stopOutput() output 1, stream 1, session 5
04-28 06:28:09.550 V/AudioPolicyManagerBase(   88): changeRefCount() stream 1, count 0
04-28 06:28:09.550 V/AudioPolicyManagerBase(   88): getNewDevice() selected device 0
04-28 06:28:09.550 D/AudioPolicyManagerBase(   88): setOutputDevice() output 1 device 0 delayMs 290
04-28 06:28:09.550 V/AudioPolicyManagerBase(   88): setOutputDevice() setting same device 0 or null device for output 1
04-28 06:28:09.550 V/AudioPolicyManagerBase(   88): releaseOutput() 1
04-28 06:28:09.560 I/Gecko   (   83): 1398691689571	Marionette	DEBUG	Got request: switchToFrame, data: {"to":"0","sessionId":"3-b2g","name":"switchToFrame","parameters":{"id":null,"focus":true}}, id: {5414c419-716e-4155-b739-f35fd25bbb70}
04-28 06:28:09.600 I/Gecko   (   83): 1398691689605	Marionette	INFO	Switched to frame: {"frameValue":null}
04-28 06:28:09.670 I/Gecko   ( 2995): ###################################### forms.js loaded
04-28 06:28:09.710 I/Gecko   (   83): 1398691689715	Marionette	INFO	sendToClient: {"from":"0","ok":true}, {5414c419-716e-4155-b739-f35fd25bbb70}, {5414c419-716e-4155-b739-f35fd25bbb70}
04-28 06:28:09.710 I/Gecko   (   83): 1398691689721	Marionette	DEBUG	Got request: executeWithCallback, data: {"to":"0","sessionId":"3-b2g","name":"executeAsyncScript","parameters":{"specialPowers":false,"scriptTimeout":null,"newSandbox":true,"args":[],"filename":"gaia_test.py","script":"return GaiaApps.displayedApp();","line":66}}, id: {e8d9df97-88bb-44c1-8bd3-fa7dcb80db56}
04-28 06:28:09.790 I/Gecko   ( 2995): ############################### browserElementPanning.js loaded
04-28 06:28:09.890 I/Gecko   ( 2995): ######################## BrowserElementChildPreload.js loaded
04-28 06:28:09.920 E/GeckoConsole(   83): Content JS LOG at dummy file:392 in GaiaApps.displayedApp: app with origin 'app://homescreen.gaiamobile.org' is displayed
04-28 06:28:09.950 I/Gecko   (   83): 1398691689955	Marionette	INFO	sendToClient: {"from":"0","value":{"frame":{"ELEMENT":"{e84e965a-399e-4ecd-9bc9-d7a43bdfa882}"},"src":"app://homescreen.gaiamobile.org/index.html#root","name":"Homescreen","origin":"app://homescreen.gaiamobile.org"}}, {e8d9df97-88bb-44c1-8bd3-fa7dcb80db56}, {e8d9df97-88bb-44c1-8bd3-fa7dcb80db56}
04-28 06:28:09.960 I/Gecko   (   83): 1398691689967	Marionette	DEBUG	Got request: switchToFrame, data: {"to":"0","sessionId":"3-b2g","name":"switchToFrame","parameters":{"id":null,"focus":true}}, id: {d40c161a-1d2b-4ab5-84e2-42d72e4c8007}
04-28 06:28:09.960 I/Gecko   (   83): 1398691689968	Marionette	INFO	Switched to frame: {"frameValue":null}
04-28 06:28:10.060 I/Gecko   (   83): 1398691690071	Marionette	INFO	sendToClient: {"from":"0","ok":true}, {d40c161a-1d2b-4ab5-84e2-42d72e4c8007}, {d40c161a-1d2b-4ab5-84e2-42d72e4c8007}
04-28 06:28:10.080 I/Gecko   (   83): 1398691690088	Marionette	DEBUG	Got request: switchToFrame, data: {"to":"0","sessionId":"3-b2g","name":"switchToFrame","parameters":{"id":null,"focus":true}}, id: {df564f2a-5fec-433b-b9c5-f2ef0a2a71db}
04-28 06:28:10.080 I/Gecko   (   83): 1398691690091	Marionette	INFO	Switched to frame: {"frameValue":null}
04-28 06:28:10.180 I/Gecko   (   83): 1398691690193	Marionette	INFO	sendToClient: {"from":"0","ok":true}, {df564f2a-5fec-433b-b9c5-f2ef0a2a71db}, {df564f2a-5fec-433b-b9c5-f2ef0a2a71db}
04-28 06:28:10.190 I/Gecko   (   83): 1398691690200	Marionette	DEBUG	Got request: executeWithCallback, data: {"to":"0","sessionId":"3-b2g","name":"executeAsyncScript","parameters":{"specialPowers":false,"scriptTimeout":null,"newSandbox":true,"args":[],"filename":"gaia_test.py","script":"return GaiaApps.displayedApp();","line":66}}, id: {e0c7fcc7-c79e-4f10-b56c-1e827e6ebec6}
04-28 06:28:10.300 I/Gecko   (   83): 1398691690310	Marionette	INFO	sendToClient: {"from":"0","value":{"frame":{"ELEMENT":"{e84e965a-399e-4ecd-9bc9-d7a43bdfa882}"},"src":"app://homescreen.gaiamobile.org/index.html#root","name":"Homescreen","origin":"app://homescreen.gaiamobile.org"}}, {e0c7fcc7-c79e-4f10-b56c-1e827e6ebec6}, {e0c7fcc7-c79e-4f10-b56c-1e827e6ebec6}
04-28 06:28:10.300 E/GeckoConsole(   83): Content JS LOG at dummy file:392 in GaiaApps.displayedApp: app with origin 'app://homescreen.gaiamobile.org' is displayed
04-28 06:28:10.320 I/Gecko   (   83): 1398691690331	Marionette	DEBUG	Got request: switchToFrame, data: {"to":"0","sessionId":"3-b2g","name":"switchToFrame","parameters":{"focus":true,"element":"{e84e965a-399e-4ecd-9bc9-d7a43bdfa882}"}}, id: {b14e4514-ad08-4ab3-936a-33ebf2ba7aae}
04-28 06:28:10.420 I/Gecko   (   83): 1398691690426	Marionette	INFO	Switched to frame: {"frameValue":"{e84e965a-399e-4ecd-9bc9-d7a43bdfa882}"}
04-28 06:28:10.430 I/Gecko   (   83): 1398691690437	Marionette	INFO	trying remote frame 0
04-28 06:28:10.430 I/Gecko   (   83): 1398691690438	Marionette	INFO	trying remote frame 1
04-28 06:28:10.440 I/Gecko   (   83): 1398691690446	Marionette	INFO	trying remote frame 2
04-28 06:28:10.440 I/Gecko   (   83): 1398691690446	Marionette	INFO	deleting frame
04-28 06:28:10.440 I/Gecko   (   83): 1398691690452	Marionette	INFO	frame-manager load script: [object ChromeMessageSender]
04-28 06:28:11.540 I/Gecko   (   83): 1398691691544	Marionette	INFO	sendToClient: {"from":"0","ok":true}, {b14e4514-ad08-4ab3-936a-33ebf2ba7aae}, {b14e4514-ad08-4ab3-936a-33ebf2ba7aae}
04-28 06:28:11.620 I/Gecko   (   83): 1398691691626	Marionette	INFO	sendToClient: {"from":"0","value":{"ELEMENT":"{2bec676f-f956-4758-8dda-56ce635a831b}"}}, {e1f8cbc1-ae05-4828-86ad-c58318b93e8b}, {e1f8cbc1-ae05-4828-86ad-c58318b93e8b}
04-28 06:28:11.860 E/GeckoConsole( 2970): [JavaScript Warning: "Use of getAttributeNode() is deprecated. Use getAttribute() instead." {file: "chrome://marionette/content/atoms.js" line: 25}]
04-28 06:28:11.870 E/GeckoConsole( 2970): [JavaScript Warning: "Use of attributes' specified attribute is deprecated. It always returns true." {file: "chrome://marionette/content/atoms.js" line: 25}]
04-28 06:28:11.880 I/Gecko   (   83): 1398691691885	Marionette	INFO	sendToClient: {"from":"0","value":"normal"}, {2dedeffd-e2ce-4ea0-89b9-27b1a9e05ddc}, {2dedeffd-e2ce-4ea0-89b9-27b1a9e05ddc}
04-28 06:28:11.880 I/Gecko   (   83): 1398691691891	Marionette	DEBUG	Got request: switchToFrame, data: {"to":"0","sessionId":"3-b2g","name":"switchToFrame","parameters":{"id":null,"focus":true}}, id: {e76ba285-e8c5-4657-b4a9-fcbf0fe1985d}
04-28 06:28:11.900 I/Gecko   (   83): 1398691691906	Marionette	INFO	Switched to frame: {"frameValue":null}
04-28 06:28:12.000 I/Gecko   (   83): 1398691692009	Marionette	INFO	sendToClient: {"from":"0","ok":true}, {e76ba285-e8c5-4657-b4a9-fcbf0fe1985d}, {e76ba285-e8c5-4657-b4a9-fcbf0fe1985d}
04-28 06:28:12.010 I/Gecko   (   83): 1398691692016	Marionette	DEBUG	Got request: execute, data: {"to":"0","sessionId":"3-b2g","name":"executeScript","parameters":{"specialPowers":false,"scriptTimeout":null,"newSandbox":true,"args":[],"filename":"gaia_test.py","script":"window.wrappedJSObject.dispatchEvent(new Event('home'));","line":788}}, id: {f422508a-d387-49c5-ab73-bdfeff6c7010}
04-28 06:28:12.130 I/Gecko   (   83): 1398691692143	Marionette	INFO	sendToClient: {"from":"0","value":null}, {f422508a-d387-49c5-ab73-bdfeff6c7010}, {f422508a-d387-49c5-ab73-bdfeff6c7010}
04-28 06:28:12.140 I/Gecko   (   83): 1398691692150	Marionette	DEBUG	Got request: switchToFrame, data: {"to":"0","sessionId":"3-b2g","name":"switchToFrame","parameters":{"id":null,"focus":true}}, id: {4a9ed714-434f-4078-87ac-6bd5a2d089cd}
04-28 06:28:12.140 I/Gecko   (   83): 1398691692152	Marionette	INFO	Switched to frame: {"frameValue":null}
04-28 06:28:12.250 I/Gecko   (   83): 1398691692254	Marionette	INFO	sendToClient: {"from":"0","ok":true}, {4a9ed714-434f-4078-87ac-6bd5a2d089cd}, {4a9ed714-434f-4078-87ac-6bd5a2d089cd}
04-28 06:28:12.250 I/Gecko   (   83): 1398691692261	Marionette	DEBUG	Got request: switchToFrame, data: {"to":"0","sessionId":"3-b2g","name":"switchToFrame","parameters":{"id":null,"focus":true}}, id: {85ccfa99-6cde-4f87-8cd5-ba11b348f296}
04-28 06:28:12.250 I/Gecko   (   83): 1398691692262	Marionette	INFO	Switched to frame: {"frameValue":null}
04-28 06:28:12.350 I/Gecko   (   83): 1398691692364	Marionette	INFO	sendToClient: {"from":"0","ok":true}, {85ccfa99-6cde-4f87-8cd5-ba11b348f296}, {85ccfa99-6cde-4f87-8cd5-ba11b348f296}
04-28 06:28:12.360 I/Gecko   (   83): 1398691692370	Marionette	DEBUG	Got request: executeWithCallback, data: {"to":"0","sessionId":"3-b2g","name":"executeAsyncScript","parameters":{"specialPowers":false,"scriptTimeout":null,"newSandbox":true,"args":[],"filename":"gaia_test.py","script":"return GaiaApps.displayedApp();","line":66}}, id: {a94a1035-4f63-439d-8b19-af24639fd99d}
04-28 06:28:12.440 I/Gecko   (   83): 1398691692448	Marionette	INFO	sendToClient: {"from":"0","value":{"frame":{"ELEMENT":"{e84e965a-399e-4ecd-9bc9-d7a43bdfa882}"},"src":"app://homescreen.gaiamobile.org/index.html#rootMon%20Apr%2028%202014%2006:28:12%20GMT-0700%20(UTC)","name":"Homescreen","origin":"app://homescreen.gaiamobile.org"}}, {a94a1035-4f63-439d-8b19-af24639fd99d}, {a94a1035-4f63-439d-8b19-af24639fd99d}
04-28 06:28:12.450 E/GeckoConsole(   83): Content JS LOG at dummy file:392 in GaiaApps.displayedApp: app with origin 'app://homescreen.gaiamobile.org' is displayed
04-28 06:28:12.460 I/Gecko   (   83): 1398691692466	Marionette	DEBUG	Got request: switchToFrame, data: {"to":"0","sessionId":"3-b2g","name":"switchToFrame","parameters":{"focus":true,"element":"{e84e965a-399e-4ecd-9bc9-d7a43bdfa882}"}}, id: {e1625737-1b38-4338-9828-aa8628750618}
04-28 06:28:12.470 I/Gecko   (   83): 1398691692475	Marionette	INFO	Switched to frame: {"frameValue":"{e84e965a-399e-4ecd-9bc9-d7a43bdfa882}"}
04-28 06:28:12.480 I/Gecko   (   83): 1398691692485	Marionette	INFO	trying remote frame 0
04-28 06:28:12.480 I/Gecko   (   83): 1398691692486	Marionette	INFO	trying remote frame 1
04-28 06:28:12.490 I/Gecko   (   83): 1398691692499	Marionette	INFO	trying remote frame 2
04-28 06:28:12.590 I/Gecko   (   83): 1398691692597	Marionette	INFO	sendToClient: {"from":"0","ok":true}, {e1625737-1b38-4338-9828-aa8628750618}, {e1625737-1b38-4338-9828-aa8628750618}
04-28 06:28:12.590 I/Gecko   (   83): 1398691692604	Marionette	DEBUG	Got request: execute, data: {"to":"0","sessionId":"3-b2g","name":"executeScript","parameters":{"specialPowers":false,"scriptTimeout":null,"newSandbox":true,"args":[],"filename":"gaia_test.py","script":"return window.wrappedJSObject.GridManager.pageHelper.getCurrentPageNumber();","line":784}}, id: {039dffce-09cd-4c69-bf2e-4df3a983bf68}
04-28 06:28:13.660 I/Gecko   (   83): 1398691693670	Marionette	INFO	sendToClient: {"from":"0","value":0}, {039dffce-09cd-4c69-bf2e-4df3a983bf68}, {039dffce-09cd-4c69-bf2e-4df3a983bf68}
04-28 06:28:13.800 W/WifiHW  (   83): wifi_command: SIGNAL_POLL
04-28 06:28:14.410 I/Gecko   (   83): 1398691694416	Marionette	INFO	sendToClient: {"from":"0","value":["{9cf75471-8dc0-4785-8e37-b4f7216982b8}","{cddfecf9-6194-4461-bb1c-f6a8fadb1cac}","{f2b9b07b-b4ca-44e0-86fe-c3d10109bbd8}","{1c9769e3-e0ca-49ce-8479-d5bf457dfadf}","{e2fef759-d3af-4299-8252-c034162b9538}","{8bed4485-792b-4559-82d4-0e43bf8bbce7}","{14f84e8d-8c31-4adf-8430-5432ff4304b9}","{4c41d38d-3247-4fff-8dd1-eb803ca4afae}","{89559690-a247-460d-9ac3-f29d90983560}","{a664ee22-dbe3-4913-8337-e5df4334a425}","{908f9334-65d4-4785-98d8-44d660f780a7}","{aed6aa70-c321-427f-b1a8-f8814c211b40}","{9230bd3d-fd84-48a8-8409-85710b8f2f19}","{0c2d9a6e-6542-4371-a0c7-fec4e9eb155e}","{0454327a-1c16-4f6d-ae32-674b1c275f17}","{0e1c4ce0-9fc4-4bb9-878e-fd7cf09f12fa}","{e7723601-4f71-4151-8889-2b5fb4a157b4}","{10c29edb-3148-4728-9c84-407391cdb0b3}","{6c8a576d-658b-43c8-b816-28ea2542fdd8}","{a917e35f-42fc-4322-8953-1a14b1648e6e}","{3c970775-ad23-4186-ba1b-7d9cc5539b54}","{0625a79b-3c17-4792-9ae5-c7ea5d8b7df3}","{8f00182e-d319-4646-8289-0f1e350188d6}","{6043057f-e003
04-28 06:28:14.720 I/Gecko   (   83): 1398691694732	Marionette	INFO	sendToClient: {"from":"0","value":"app://homescreen.gaiamobile.org/index.html#rootMon%20Apr%2028%202014%2006:28:12%20GMT-0700%20(UTC)"}, {97da9c3b-4a9a-41e8-a704-29821d0d2223}, {97da9c3b-4a9a-41e8-a704-29821d0d2223}
04-28 06:28:14.730 I/Gecko   (   83): 1398691694738	Marionette	DEBUG	Got request: switchToFrame, data: {"to":"0","sessionId":"3-b2g","name":"switchToFrame","parameters":{"id":null,"focus":true}}, id: {ed695f2f-483e-4408-8b82-f32b91c14baf}
04-28 06:28:14.750 I/Gecko   (   83): 1398691694758	Marionette	INFO	Switched to frame: {"frameValue":null}
04-28 06:28:14.950 I/Gecko   (   83): 1398691694954	Marionette	INFO	sendToClient: {"from":"0","ok":true}, {ed695f2f-483e-4408-8b82-f32b91c14baf}, {ed695f2f-483e-4408-8b82-f32b91c14baf}
04-28 06:28:14.960 I/Gecko   (   83): 1398691694967	Marionette	DEBUG	Got request: switchToFrame, data: {"to":"0","sessionId":"3-b2g","name":"switchToFrame","parameters":{"id":null,"focus":true}}, id: {eab4aaad-ab1c-4030-b547-3cbb681d4790}
04-28 06:28:14.960 I/Gecko   (   83): 1398691694969	Marionette	INFO	Switched to frame: {"frameValue":null}
04-28 06:28:15.370 I/Gecko   (   83): 1398691695377	Marionette	INFO	sendToClient: {"from":"0","ok":true}, {eab4aaad-ab1c-4030-b547-3cbb681d4790}, {eab4aaad-ab1c-4030-b547-3cbb681d4790}
04-28 06:28:15.380 I/Gecko   (   83): 1398691695392	Marionette	DEBUG	Got request: executeWithCallback, data: {"to":"0","sessionId":"3-b2g","name":"executeAsyncScript","parameters":{"specialPowers":false,"scriptTimeout":30000,"newSandbox":true,"args":[],"filename":"app_checker.py","script":"GaiaApps.launchWithManifestURL('http://resisto.rs/resistors.webapp')","line":106}}, id: {c5346435-a051-4310-9ede-8e5faf54243c}
04-28 06:28:15.650 E/GeckoConsole(   83): Content JS LOG at dummy file:334 in GaiaApps.launch: launching app with name 'resisto.rs'
04-28 06:28:15.760 I/Gonk    (   83): Setting nice for pid 2995 to 18
04-28 06:28:15.760 I/Gonk    (   83): Changed nice for pid 2995 from 0 to 18.
04-28 06:28:15.760 I/Gecko   (   83): [Parent 83] WARNING: waitpid failed pid:2995 errno:10: file ../../../gecko/ipc/chromium/src/base/process_util_posix.cc, line 254
04-28 06:28:15.800 I/Gonk    (   83): Setting nice for pid 2995 to 1
04-28 06:28:15.800 I/Gonk    (   83): Changed nice for pid 2995 from 18 to 1.
04-28 06:28:16.160 D/Sensors (   83): activate handle=0; drv=0
04-28 06:28:16.160 D/Sensors (   83): Lis3dhSensor: Control set 1
04-28 06:28:16.160 D/Sensors (   83): Lis3dhSensor: mEnabled = 1
04-28 06:28:16.230 E/[Gralloc-ERROR](   83): int gralloc_register_buffer(const gralloc_module_t*, const native_handle_t*):79 Unable to register handle 0x4366c600 coming from different process: 83
04-28 06:28:16.240 E/[Gralloc-ERROR](   83): int gralloc_register_buffer(const gralloc_module_t*, const native_handle_t*):79 Unable to register handle 0x43686060 coming from different process: 83
04-28 06:28:16.240 E/[Gralloc-ERROR](   83): int gralloc_register_buffer(const gralloc_module_t*, const native_handle_t*):79 Unable to register handle 0x436ac1f0 coming from different process: 83
04-28 06:28:16.240 E/[Gralloc-ERROR](   83): int gralloc_register_buffer(const gralloc_module_t*, const native_handle_t*):79 Unable to register handle 0x43c8d100 coming from different process: 83
04-28 06:28:16.480 I/Gonk    (   83): Setting nice for pid 2970 to 18
04-28 06:28:16.480 I/Gonk    (   83): Changed nice for pid 2970 from 1 to 18.
04-28 06:28:16.610 I/log     ( 3073): <4>0[ 1841.907145] select 2970 (Homescreen), adj 8, size 6412, to kill 
04-28 06:28:17.380 E/GeckoConsole( 2995): [JavaScript Warning: "Error in parsing value for 'background'.  Declaration dropped." {file: "http://resisto.rs/styles.css" line: 42 column: 14 source: "  background: -webkit-gradient(linear, 50% 0%, 50% 100%, color-stop(0%, #2a2a29), color-stop(100%, #1c1c1c));"}]
04-28 06:28:17.390 E/GeckoConsole( 2995): [JavaScript Warning: "Error in parsing value for 'background'.  Declaration dropped." {file: "http://resisto.rs/styles.css" line: 43 column: 14 source: "  background: -webkit-linear-gradient(#2a2a29, #1c1c1c);"}]
04-28 06:28:17.400 E/GeckoConsole( 2995): [JavaScript Warning: "Error in parsing value for 'background'.  Declaration dropped." {file: "http://resisto.rs/styles.css" line: 45 column: 14 source: "  background: -o-linear-gradient(#2a2a29, #1c1c1c);"}]
04-28 06:28:17.400 E/GeckoConsole( 2995): [JavaScript Warning: "Error in parsing value for 'background'.  Declaration dropped." {file: "http://resisto.rs/styles.css" line: 46 column: 14 source: "  background: -ms-linear-gradient(#2a2a29, #1c1c1c);"}]
04-28 06:28:17.800 I/Gecko   (   83): 
04-28 06:28:17.800 I/Gecko   (   83): ###!!! [Parent][MessageChannel] Error: Channel error: cannot send/recv
04-28 06:28:17.800 I/Gecko   (   83): 
04-28 06:28:17.880 I/GeckoDump(   83): Crash reporter : Can't fetch app.reportCrashes. Exception: [Exception... "Component returned failure code: 0x8000ffff (NS_ERROR_UNEXPECTED) [nsIPrefBranch.getBoolPref]"  nsresult: "0x8000ffff (NS_ERROR_UNEXPECTED)"  location: "JS frame :: chrome://browser/content/shell.js :: shell_reportCrash :: line 7"  data: no]
04-28 06:28:17.890 I/Gecko   (   83): [Parent 83] WARNING: waitpid failed pid:2970 errno:10: file ../../../gecko/ipc/chromium/src/base/process_util_posix.cc, line 254
04-28 06:28:18.080 E/GeckoConsole(   83): [JavaScript Error: "DOMApplicationRegistry: Could not parse JSON: /data/local/webapps/{37f048db-568f-4ce4-81e0-50b4e0f89e01}/update.webapp [Exception... "Component returned failure code: 0xc1f30001 (NS_ERROR_NOT_INITIALIZED) [nsIMessageSender.sendAsyncMessage]"  nsresult: "0xc1f30001 (NS_ERROR_NOT_INITIALIZED)"  location: "JS frame :: resource://gre/modules/Webapps.jsm :: this.DOMApplicationRegistry.doGetAll/< :: line 373"  data: no]
04-28 06:28:18.080 E/GeckoConsole(   83): undefined" {file: "resource://gre/modules/Webapps.jsm" line: 113}]
04-28 06:28:18.190 E/GeckoConsole(   83): [JavaScript Error: "[Exception... "Component returned failure code: 0xc1f30001 (NS_ERROR_NOT_INITIALIZED) [nsIMessageSender.sendAsyncMessage]"  nsresult: "0xc1f30001 (NS_ERROR_NOT_INITIALIZED)"  location: "JS frame :: resource://gre/modules/Webapps.jsm :: this.DOMApplicationRegistry.doGetAll/< :: line 373"  data: no]" {file: "resource://gre/modules/Webapps.jsm" line: 373}]
04-28 06:28:18.860 W/WifiHW  (   83): wifi_command: SIGNAL_POLL
04-28 06:28:19.890 I/Gecko   (   83): [Parent 83] WARNING: waitpid failed pid:2970 errno:10: file ../../../gecko/ipc/chromium/src/base/process_util_posix.cc, line 254
04-28 06:28:19.890 I/Gecko   (   83): [Parent 83] WARNING: Failed to deliver SIGKILL to 2970!(3).: file ../../../gecko/ipc/chromium/src/chrome/common/process_watcher_posix_sigchld.cc, line 118
04-28 06:28:20.030 I/Gonk    (   83): Setting nice for pid 3080 to 18
04-28 06:28:20.030 I/Gonk    (   83): Changed nice for pid 3080 from 0 to 18.
04-28 06:28:20.050 E/GeckoConsole(   83): Content JS LOG at dummy file:326 in GaiaApps.launch/appOpen/<: app with origin 'http://resisto.rs' has launched
04-28 06:28:20.050 I/Gecko   (   83): 1398691700063	Marionette	INFO	sendToClient: {"from":"0","value":{"frame":{"ELEMENT":"{97007c04-2364-4833-9de9-daba73fd3a84}"},"src":"http://resisto.rs/","name":"resisto.rs","origin":"http://resisto.rs"}}, {c5346435-a051-4310-9ede-8e5faf54243c}, {c5346435-a051-4310-9ede-8e5faf54243c}
04-28 06:28:20.080 E/[Gralloc-ERROR](   83): int gralloc_unregister_buffer(const gralloc_module_t*, const native_handle_t*):274 Trying to unregister buffer 0x4366c600 from process 83 that was not created in current process: 83
04-28 06:28:20.080 E/[Gralloc-ERROR](   83): int gralloc_unregister_buffer(const gralloc_module_t*, const native_handle_t*):274 Trying to unregister buffer 0x43686060 from process 83 that was not created in current process: 83
04-28 06:28:20.080 E/[Gralloc-ERROR](   83): int gralloc_unregister_buffer(const gralloc_module_t*, const native_handle_t*):274 Trying to unregister buffer 0x43c8d100 from process 83 that was not created in current process: 83
04-28 06:28:20.080 E/[Gralloc-ERROR](   83): int gralloc_unregister_buffer(const gralloc_module_t*, const native_handle_t*):274 Trying to unregister buffer 0x436ac1f0 from process 83 that was not created in current process: 83
04-28 06:28:20.090 I/Gonk    (   83): Setting nice for pid 3080 to 18
04-28 06:28:20.090 I/Gonk    (   83): Changed nice for pid 3080 from 18 to 18.
04-28 06:28:20.090 I/Gecko   (   83): [Parent 83] WARNING: waitpid failed pid:3080 errno:10: file ../../../gecko/ipc/chromium/src/base/process_util_posix.cc, line 254
04-28 06:28:20.150 I/Gecko   (   83): 1398691700157	Marionette	DEBUG	Got request: switchToFrame, data: {"to":"0","sessionId":"3-b2g","name":"switchToFrame","parameters":{"focus":true,"element":"{97007c04-2364-4833-9de9-daba73fd3a84}"}}, id: {5e2fde1f-38ff-4025-8e65-f722cab12448}
04-28 06:28:20.160 I/Gecko   (   83): 1398691700171	Marionette	INFO	Switched to frame: {"frameValue":"{97007c04-2364-4833-9de9-daba73fd3a84}"}
04-28 06:28:20.170 I/Gecko   (   83): 1398691700178	Marionette	INFO	trying remote frame 0
04-28 06:28:20.170 I/Gecko   (   83): 1398691700179	Marionette	INFO	trying remote frame 1
04-28 06:28:20.170 I/Gecko   (   83): 1398691700179	Marionette	INFO	trying remote frame 2
04-28 06:28:20.170 I/Gecko   (   83): 1398691700180	Marionette	INFO	deleting frame
04-28 06:28:20.180 I/Gecko   (   83): 1398691700185	Marionette	INFO	frame-manager load script: [object ChromeMessageSender]
04-28 06:28:20.730 I/Gonk    (   83): Setting nice for pid 3090 to 18
04-28 06:28:20.730 I/Gonk    (   83): Changed nice for pid 3090 from 0 to 18.
04-28 06:28:20.930 I/Gecko   (   83): 1398691700939	Marionette	INFO	sendToClient: {"from":"0","ok":true}, {5e2fde1f-38ff-4025-8e65-f722cab12448}, {5e2fde1f-38ff-4025-8e65-f722cab12448}
04-28 06:28:21.090 I/Gonk    (   83): Setting nice for pid 3080 to 18
04-28 06:28:21.090 I/Gonk    (   83): Changed nice for pid 3080 from 18 to 18.
04-28 06:28:21.170 I/log     ( 3098): <4>0[ 1846.489477] select 3080 ((Preallocated a), adj 8, size 2505, to kill 
04-28 06:28:21.190 I/Gecko   (   83): 1398691701203	Marionette	INFO	sendToClient: {"from":"0","value":"http://resisto.rs/"}, {b01d6eff-2b3d-44b3-bd7e-68590a923aa6}, {b01d6eff-2b3d-44b3-bd7e-68590a923aa6}
04-28 06:28:21.220 I/Gecko   (   83): 1398691701229	Marionette	DEBUG	Got request: execute, data: {"to":"0","sessionId":"3-b2g","name":"executeScript","parameters":{"specialPowers":false,"scriptTimeout":null,"newSandbox":true,"args":[],"filename":"app_checker.py","script":"return window.document.readyState;","line":191}}, id: {94bdbdfa-ebd5-42f4-acc4-c383710b8a07}
04-28 06:28:21.270 I/Gecko   (   83): 1398691701277	Marionette	INFO	sendToClient: {"from":"0","value":"complete"}, {94bdbdfa-ebd5-42f4-acc4-c383710b8a07}, {94bdbdfa-ebd5-42f4-acc4-c383710b8a07}
04-28 06:28:21.310 I/Gecko   (   83): 1398691701318	Marionette	INFO	sendToClient: {"from":"0","value":"http://resisto.rs/"}, {c37cceff-6a1f-4056-adb1-f92ca3ae2b58}, {c37cceff-6a1f-4056-adb1-f92ca3ae2b58}
04-28 06:28:21.340 I/Gecko   ( 2995): Attempting load of libEGL.so
04-28 06:28:21.510 D/libEGL  ( 2995): loaded /system/lib/egl/libEGL_mali.so
04-28 06:28:21.540 D/libEGL  ( 2995): loaded /system/lib/egl/libGLESv1_CM_mali.so
04-28 06:28:21.550 E/[Gralloc-ERROR](   83): int gralloc_register_buffer(const gralloc_module_t*, const native_handle_t*):79 Unable to register handle 0x45a95830 coming from different process: 83
04-28 06:28:21.570 D/libEGL  ( 2995): loaded /system/lib/egl/libGLESv2_mali.so
04-28 06:28:21.600 E/[Gralloc-ERROR](   83): int gralloc_register_buffer(const gralloc_module_t*, const native_handle_t*):79 Unable to register handle 0x45a959c0 coming from different process: 83
04-28 06:28:21.710 I/Gecko   ( 2995): SharedSurface_Gralloc::Create -------
04-28 06:28:21.740 I/Gecko   ( 2995): SharedSurface_Gralloc::Create: success -- surface 0x43f75e00, GraphicBuffer 0x43f3aa00.
04-28 06:28:21.760 E/[Gralloc-ERROR](   83): int gralloc_register_buffer(const gralloc_module_t*, const native_handle_t*):79 Unable to register handle 0x45a95ba0 coming from different process: 83
04-28 06:28:21.760 E/[Gralloc-ERROR](   83): int gralloc_register_buffer(const gralloc_module_t*, const native_handle_t*):79 Unable to register handle 0x45a95ce0 coming from different process: 83
04-28 06:28:21.770 I/Gecko   (   83): 
04-28 06:28:21.770 I/Gecko   (   83): ###!!! [Parent][MessageChannel] Error: Channel error: cannot send/recv
04-28 06:28:21.770 I/Gecko   (   83): 
04-28 06:28:21.880 I/GeckoDump(   83): Crash reporter : Can't fetch app.reportCrashes. Exception: [Exception... "Component returned failure code: 0x8000ffff (NS_ERROR_UNEXPECTED) [nsIPrefBranch.getBoolPref]"  nsresult: "0x8000ffff (NS_ERROR_UNEXPECTED)"  location: "JS frame :: chrome://browser/content/shell.js :: shell_reportCrash :: line 7"  data: no]
04-28 06:28:22.100 E/[Gralloc-ERROR](   83): int gralloc_register_buffer(const gralloc_module_t*, const native_handle_t*):79 Unable to register handle 0x44258ce0 coming from different process: 83
04-28 06:28:22.130 E/[Gralloc-ERROR](   83): int gralloc_register_buffer(const gralloc_module_t*, const native_handle_t*):79 Unable to register handle 0x442a32e0 coming from different process: 83
04-28 06:28:22.180 I/Gecko   (   83): [Parent 83] WARNING: waitpid failed pid:3080 errno:10: file ../../../gecko/ipc/chromium/src/base/process_util_posix.cc, line 254
04-28 06:28:22.250 E/[Gralloc-ERROR](   83): int gralloc_unregister_buffer(const gralloc_module_t*, const native_handle_t*):274 Trying to unregister buffer 0x45a959c0 from process 83 that was not created in current process: 83
04-28 06:28:22.250 E/[Gralloc-ERROR](   83): int gralloc_unregister_buffer(const gralloc_module_t*, const native_handle_t*):274 Trying to unregister buffer 0x45a95830 from process 83 that was not created in current process: 83
04-28 06:28:22.620 E/[Gralloc-ERROR](   83): int gralloc_register_buffer(const gralloc_module_t*, const native_handle_t*):79 Unable to register handle 0x4586d060 coming from different process: 83
04-28 06:28:22.690 E/[Gralloc-ERROR](   83): int gralloc_register_buffer(const gralloc_module_t*, const native_handle_t*):79 Unable to register handle 0x4586d240 coming from different process: 83
04-28 06:28:22.780 E/[Gralloc-ERROR](   83): int gralloc_unregister_buffer(const gralloc_module_t*, const native_handle_t*):274 Trying to unregister buffer 0x45a95ce0 from process 83 that was not created in current process: 83
04-28 06:28:22.780 E/[Gralloc-ERROR](   83): int gralloc_unregister_buffer(const gralloc_module_t*, const native_handle_t*):274 Trying to unregister buffer 0x45a95ba0 from process 83 that was not created in current process: 83
04-28 06:28:22.780 E/[Gralloc-ERROR](   83): int gralloc_unregister_buffer(const gralloc_module_t*, const native_handle_t*):274 Trying to unregister buffer 0x442a32e0 from process 83 that was not created in current process: 83
04-28 06:28:22.780 E/[Gralloc-ERROR](   83): int gralloc_unregister_buffer(const gralloc_module_t*, const native_handle_t*):274 Trying to unregister buffer 0x44258ce0 from process 83 that was not created in current process: 83
04-28 06:28:24.040 I/Gecko   (   83): 1398691704039	Marionette	INFO	sendToClient: {"from":"0","value":"iVBORw0KGgoAAAANSUhEUgAAAUAAAAHMCAYAAACk4nEJAAAgAElEQVR4nO3dd18U58KHcV7I6eeEbXQQBKnSO4gmxl5oS1MBNZYkxpJYYkNNLNFExY6xkaMmJ8ljosccM+/p9/yx2ZGVBRbY3QHv64/vJ2HZGe69556L3WHBBK/XIwAwUYLTAwAApyR4PG4BgIkIIABjEUAAxiKAAIxFAAEYiwACMBYBBGAsAgjAWAQQgLEIIABjEUAAxiKAAIxFAAEYiwACMBYBdIDP51VlZYXS0lIdHwtgMgLogD179siyLN27d08+n9fx8QCmIoAOePDggSzLkmVZqqyscHw8gKkIoANGR0ftANbW1jg+HsBUBNABQ0MnZVmWfvrpR6WkJDs6ltWrV+nFixeOzwngBALogMzMDHV1+VVSUuz4WILXI50eB+AEAmi4y5cvE0AYiwAa7pdffiGAMBYBNFhxcZH9wxinxwI4Yc4EMDk5KWrviUtK8sV0rD6f1/EfXkRjHOvXr4tbAGN9TKJhtmtwrqwLRC7mAVyx4n3t2bNHy5YtDbk9JSVZPT09unLliv0yzLIs/fe//9XDhw+1evWqiPafnp6m9evX6cyZ0/ruu+/04sULWZal58+f69GjRzp48KBaWpbMePyZmRnq6GjX6dOn9fDhA/33v/+1x/rq1Sv99NOPunHjhj7//HO1tm5UXl5uxHMyMDAQ93EsWpSnjo4OnTlzWs+ePbP3sWfPngn19fVOa87S09O0YcN6DQ2d1OjoqH799VdZlqXffvtN33//va5cuaKBgX4VFRXFZZHHYg3GYl0g/mIewAMH9suyLO3du9e+raamWo8fP7YXTDhLl7ZMue/W1lb99NNPk+4n6NKlS9M64Xw+r7Zt22qfvJF69eqVrly5MunXCs7Jv//9XVzHsXHjxmntI+jOnTsRz1lfX69+/vnniMd4+P
04-28 06:28:24.070 W/WifiHW  (   83): wifi_command: SIGNAL_POLL
04-28 06:28:24.180 I/Gecko   (   83): [Parent 83] WARNING: waitpid failed pid:3080 errno:10: file ../../../gecko/ipc/chromium/src/base/process_util_posix.cc, line 254
04-28 06:28:24.180 I/Gecko   (   83): [Parent 83] WARNING: Failed to deliver SIGKILL to 3080!(3).: file ../../../gecko/ipc/chromium/src/chrome/common/process_watcher_posix_sigchld.cc, line 118
04-28 06:28:24.350 I/Gecko   (   83): 1398691704361	Marionette	INFO	sendToClient: {"from":"0","ok":true}, {609374aa-6b1e-4ae6-b50e-959db805624b}, {609374aa-6b1e-4ae6-b50e-959db805624b}
04-28 06:28:24.410 I/Gecko   (   83): 1398691704421	Marionette	DEBUG	Got request: switchToFrame, data: {"to":"0","sessionId":"3-b2g","name":"switchToFrame","parameters":{"id":null,"focus":true}}, id: {b2c79431-5e9a-4402-8030-ab406d540f54}
04-28 06:28:24.460 I/Gecko   (   83): 1398691704466	Marionette	INFO	Switched to frame: {"frameValue":null}
04-28 06:28:24.560 I/Gecko   (   83): 1398691704573	Marionette	INFO	sendToClient: {"from":"0","ok":true}, {b2c79431-5e9a-4402-8030-ab406d540f54}, {b2c79431-5e9a-4402-8030-ab406d540f54}
04-28 06:28:24.590 I/Gecko   (   83): 1398691704600	Marionette	DEBUG	Got request: executeWithCallback, data: {"to":"0","sessionId":"3-b2g","name":"executeAsyncScript","parameters":{"specialPowers":false,"scriptTimeout":null,"newSandbox":true,"args":[],"filename":"gaia_test.py","script":"return GaiaApps.displayedApp();","line":66}}, id: {650638ad-8140-4b5f-916f-efd54237cd06}
04-28 06:28:24.700 E/GeckoConsole(   83): Content JS LOG at dummy file:392 in GaiaApps.displayedApp: app with origin 'http://resisto.rs' is displayed
04-28 06:28:24.710 I/Gecko   (   83): 1398691704724	Marionette	INFO	sendToClient: {"from":"0","value":{"frame":{"ELEMENT":"{97007c04-2364-4833-9de9-daba73fd3a84}"},"src":"http://resisto.rs/","name":"resisto.rs","origin":"http://resisto.rs"}}, {650638ad-8140-4b5f-916f-efd54237cd06}, {650638ad-8140-4b5f-916f-efd54237cd06}
04-28 06:28:24.730 I/Gecko   (   83): 1398691704744	Marionette	DEBUG	Got request: switchToFrame, data: {"to":"0","sessionId":"3-b2g","name":"switchToFrame","parameters":{"id":null,"focus":true}}, id: {a10639ea-d4a4-44f8-ba96-d80d607289e8}
04-28 06:28:24.750 I/Gecko   (   83): 1398691704755	Marionette	INFO	Switched to frame: {"frameValue":null}
04-28 06:28:24.850 I/Gecko   (   83): 1398691704859	Marionette	INFO	sendToClient: {"from":"0","ok":true}, {a10639ea-d4a4-44f8-ba96-d80d607289e8}, {a10639ea-d4a4-44f8-ba96-d80d607289e8}
04-28 06:28:24.860 I/Gecko   (   83): 1398691704866	Marionette	DEBUG	Got request: execute, data: {"to":"0","sessionId":"3-b2g","name":"executeScript","parameters":{"specialPowers":false,"scriptTimeout":null,"newSandbox":true,"args":[],"filename":"gaia_test.py","script":"window.wrappedJSObject.dispatchEvent(new Event('home'));","line":788}}, id: {0bdab279-6cb2-4f3c-954f-b4efa2fa955b}
04-28 06:28:24.970 I/Gonk    (   83): Setting nice for pid 3090 to 18
04-28 06:28:24.970 I/Gonk    (   83): Changed nice for pid 3090 from 18 to 18.
04-28 06:28:24.980 I/Gecko   (   83): [Parent 83] WARNING: waitpid failed pid:3090 errno:10: file ../../../gecko/ipc/chromium/src/base/process_util_posix.cc, line 254
04-28 06:28:24.980 I/Gonk    (   83): Setting nice for pid 3090 to 1
04-28 06:28:24.980 I/Gonk    (   83): Changed nice for pid 3090 from 18 to 1.
04-28 06:28:25.090 D/Sensors (   83): activate handle=0; drv=0
04-28 06:28:25.090 D/Sensors (   83): Lis3dhSensor: Control set 0
04-28 06:28:25.090 D/Sensors (   83): Lis3dhSensor: mEnabled = 0
04-28 06:28:25.370 I/Gonk    (   83): Setting nice for pid 3102 to 18
04-28 06:28:25.370 I/Gonk    (   83): Changed nice for pid 3102 from 0 to 18.
04-28 06:28:25.480 I/Gecko   (   83): 1398691705485	Marionette	INFO	sendToClient: {"from":"0","value":null}, {0bdab279-6cb2-4f3c-954f-b4efa2fa955b}, {0bdab279-6cb2-4f3c-954f-b4efa2fa955b}
04-28 06:28:25.480 E/[Gralloc-ERROR](   83): int gralloc_unregister_buffer(const gralloc_module_t*, const native_handle_t*):274 Trying to unregister buffer 0x4586d240 from process 83 that was not created in current process: 83
04-28 06:28:25.510 E/[Gralloc-ERROR](   83): int gralloc_unregister_buffer(const gralloc_module_t*, const native_handle_t*):274 Trying to unregister buffer 0x4586d060 from process 83 that was not created in current process: 83
04-28 06:28:25.800 I/Gecko   (   83): 1398691705808	Marionette	DEBUG	Got request: switchToFrame, data: {"to":"0","sessionId":"3-b2g","name":"switchToFrame","parameters":{"id":null,"focus":true}}, id: {0a7b36bf-e46a-43ce-9333-3e67ebcf4764}
04-28 06:28:25.810 I/Gecko   (   83): 1398691705824	Marionette	INFO	Switched to frame: {"frameValue":null}
04-28 06:28:25.920 I/Gecko   (   83): 1398691705930	Marionette	INFO	sendToClient: {"from":"0","ok":true}, {0a7b36bf-e46a-43ce-9333-3e67ebcf4764}, {0a7b36bf-e46a-43ce-9333-3e67ebcf4764}
04-28 06:28:25.950 I/Gecko   (   83): 1398691705961	Marionette	DEBUG	Got request: executeWithCallback, data: {"to":"0","sessionId":"3-b2g","name":"executeAsyncScript","parameters":{"specialPowers":false,"scriptTimeout":null,"newSandbox":true,"args":[],"filename":"gaia_test.py","script":"return GaiaApps.displayedApp();","line":66}}, id: {68176e8b-1fc2-4040-bca8-a772e482d10a}
04-28 06:28:26.530 E/GeckoConsole(   83): Content JS LOG at dummy file:392 in GaiaApps.displayedApp: app with origin 'app://homescreen.gaiamobile.org' is displayed
04-28 06:28:26.540 I/Gecko   (   83): 1398691706551	Marionette	INFO	sendToClient: {"from":"0","value":{"frame":{"ELEMENT":"{ab358239-81be-4b47-a87d-c3b3ccb58bbe}"},"src":"app://homescreen.gaiamobile.org/index.html#root","name":"Homescreen","origin":"app://homescreen.gaiamobile.org"}}, {68176e8b-1fc2-4040-bca8-a772e482d10a}, {68176e8b-1fc2-4040-bca8-a772e482d10a}
04-28 06:28:27.010 I/Gecko   (   83): 1398691707015	Marionette	DEBUG	Got request: switchToFrame, data: {"to":"0","sessionId":"3-b2g","name":"switchToFrame","parameters":{"id":null,"focus":true}}, id: {c413eb58-4f33-48dd-9931-ae16116731c4}
04-28 06:28:27.130 I/Gecko   (   83): 1398691707135	Marionette	INFO	Switched to frame: {"frameValue":null}
04-28 06:28:27.270 I/Gonk    (   83): Setting nice for pid 2995 to 18
04-28 06:28:27.270 I/Gonk    (   83): Changed nice for pid 2995 from 1 to 18.
04-28 06:28:27.350 I/Gecko   (   83): 1398691707360	Marionette	INFO	sendToClient: {"from":"0","ok":true}, {c413eb58-4f33-48dd-9931-ae16116731c4}, {c413eb58-4f33-48dd-9931-ae16116731c4}
04-28 06:28:27.510 I/Gecko   (   83): 1398691707523	Marionette	DEBUG	Got request: switchToFrame, data: {"to":"0","sessionId":"3-b2g","name":"switchToFrame","parameters":{"id":null,"focus":true}}, id: {44520f69-7ea4-4026-a198-374262c4316b}
04-28 06:28:27.520 I/log     ( 3112): <4>0[ 1852.657466] select 2995 (resisto.rs), adj 10, size 6552, to kill 
04-28 06:28:27.580 I/Gecko   (   83): 1398691707586	Marionette	INFO	Switched to frame: {"frameValue":null}
04-28 06:28:27.680 I/Gecko   (   83): 1398691707689	Marionette	INFO	sendToClient: {"from":"0","ok":true}, {44520f69-7ea4-4026-a198-374262c4316b}, {44520f69-7ea4-4026-a198-374262c4316b}
04-28 06:28:27.690 I/Gecko   (   83): 1398691707696	Marionette	DEBUG	Got request: executeWithCallback, data: {"to":"0","sessionId":"3-b2g","name":"executeAsyncScript","parameters":{"specialPowers":false,"scriptTimeout":null,"newSandbox":true,"args":[],"filename":"gaia_test.py","script":"return GaiaApps.displayedApp();","line":66}}, id: {b2d75e62-5458-4690-8331-09830ddef94e}
04-28 06:28:27.790 I/Gecko   (   83): 1398691707799	Marionette	INFO	sendToClient: {"from":"0","value":{"frame":{"ELEMENT":"{ab358239-81be-4b47-a87d-c3b3ccb58bbe}"},"src":"app://homescreen.gaiamobile.org/index.html#root","name":"Homescreen","origin":"app://homescreen.gaiamobile.org"}}, {b2d75e62-5458-4690-8331-09830ddef94e}, {b2d75e62-5458-4690-8331-09830ddef94e}
04-28 06:28:27.790 E/GeckoConsole(   83): Content JS LOG at dummy file:392 in GaiaApps.displayedApp: app with origin 'app://homescreen.gaiamobile.org' is displayed
04-28 06:28:27.800 I/Gecko   (   83): 1398691707811	Marionette	DEBUG	Got request: switchToFrame, data: {"to":"0","sessionId":"3-b2g","name":"switchToFrame","parameters":{"focus":true,"element":"{ab358239-81be-4b47-a87d-c3b3ccb58bbe}"}}, id: {6f0ed4ac-9d40-4ac7-9004-4747fe4c7680}
04-28 06:28:27.820 I/Gecko   (   83): 1398691707828	Marionette	INFO	Switched to frame: {"frameValue":"{ab358239-81be-4b47-a87d-c3b3ccb58bbe}"}
04-28 06:28:27.830 I/Gecko   (   83): 1398691707836	Marionette	INFO	trying remote frame 0
04-28 06:28:27.830 I/Gecko   (   83): 1398691707837	Marionette	INFO	trying remote frame 1
04-28 06:28:27.830 I/Gecko   (   83): 1398691707838	Marionette	INFO	trying remote frame 2
04-28 06:28:27.830 I/Gecko   (   83): 1398691707839	Marionette	INFO	deleting frame
04-28 06:28:27.850 I/Gecko   (   83): 1398691707861	Marionette	INFO	frame-manager load script: [object ChromeMessageSender]
04-28 06:28:28.240 I/Gecko   (   83): 
04-28 06:28:28.240 I/Gecko   (   83): ###!!! [Parent][MessageChannel] Error: Channel error: cannot send/recv
04-28 06:28:28.240 I/Gecko   (   83): 
04-28 06:28:28.350 I/GeckoDump(   83): Crash reporter : Can't fetch app.reportCrashes. Exception: [Exception... "Component returned failure code: 0x8000ffff (NS_ERROR_UNEXPECTED) [nsIPrefBranch.getBoolPref]"  nsresult: "0x8000ffff (NS_ERROR_UNEXPECTED)"  location: "JS frame :: chrome://browser/content/shell.js :: shell_reportCrash :: line 7"  data: no]
04-28 06:28:28.380 I/Gecko   (   83): [Parent 83] WARNING: waitpid failed pid:2995 errno:10: file ../../../gecko/ipc/chromium/src/base/process_util_posix.cc, line 254
04-28 06:28:28.590 I/Gecko   ( 3090): ###################################### forms.js loaded
04-28 06:28:28.750 I/Gecko   ( 3090): ############################### browserElementPanning.js loaded
04-28 06:28:28.810 I/Gecko   ( 3090): ######################## BrowserElementChildPreload.js loaded
04-28 06:28:29.080 W/WifiHW  (   83): wifi_command: SIGNAL_POLL
04-28 06:28:30.060 I/Gecko   (   83): 1398691710074	Marionette	INFO	sendToClient: {"from":"0","ok":true}, {6f0ed4ac-9d40-4ac7-9004-4747fe4c7680}, {6f0ed4ac-9d40-4ac7-9004-4747fe4c7680}
04-28 06:28:30.380 I/Gecko   (   83): [Parent 83] WARNING: waitpid failed pid:2995 errno:10: file ../../../gecko/ipc/chromium/src/base/process_util_posix.cc, line 254
04-28 06:28:30.380 I/Gecko   (   83): [Parent 83] WARNING: Failed to deliver SIGKILL to 2995!(3).: file ../../../gecko/ipc/chromium/src/chrome/common/process_watcher_posix_sigchld.cc, line 118
04-28 06:28:30.410 I/Gecko   (   83): 1398691710423	Marionette	INFO	sendToClient: {"from":"0","value":"app://homescreen.gaiamobile.org/index.html#root"}, {f283b181-d4dd-450b-aa02-80122f946ff4}, {f283b181-d4dd-450b-aa02-80122f946ff4}
04-28 06:28:30.440 I/Gecko   (   83): 1398691710454	Marionette	DEBUG	Got request: switchToFrame, data: {"to":"0","sessionId":"3-b2g","name":"switchToFrame","parameters":{"id":null,"focus":true}}, id: {87502060-1b92-425d-be08-9e33b00ae12f}
04-28 06:28:30.450 I/Gecko   (   83): 1398691710464	Marionette	INFO	Switched to frame: {"frameValue":null}
04-28 06:28:30.600 I/Gecko   (   83): 1398691710607	Marionette	INFO	sendToClient: {"from":"0","ok":true}, {87502060-1b92-425d-be08-9e33b00ae12f}, {87502060-1b92-425d-be08-9e33b00ae12f}
04-28 06:28:30.610 I/Gecko   (   83): 1398691710616	Marionette	DEBUG	Got request: switchToFrame, data: {"to":"0","sessionId":"3-b2g","name":"switchToFrame","parameters":{"id":null,"focus":true}}, id: {dd6f4e01-63d3-40f9-a873-a7a85356cd3c}
04-28 06:28:30.610 I/Gecko   (   83): 1398691710618	Marionette	INFO	Switched to frame: {"frameValue":null}
04-28 06:28:30.710 I/Gecko   (   83): 1398691710720	Marionette	INFO	sendToClient: {"from":"0","ok":true}, {dd6f4e01-63d3-40f9-a873-a7a85356cd3c}, {dd6f4e01-63d3-40f9-a873-a7a85356cd3c}
04-28 06:28:30.720 I/Gecko   (   83): 1398691710728	Marionette	DEBUG	Got request: executeWithCallback, data: {"to":"0","sessionId":"3-b2g","name":"executeAsyncScript","parameters":{"specialPowers":false,"scriptTimeout":null,"newSandbox":true,"args":[],"filename":"gaia_test.py","script":"GaiaApps.killAll()","line":91}}, id: {6693c3f7-d641-43bc-96b2-326d823b6f14}
04-28 06:28:30.850 I/Gecko   (   83): 1398691710858	Marionette	INFO	sendToClient: {"from":"0","value":true}, {6693c3f7-d641-43bc-96b2-326d823b6f14}, {6693c3f7-d641-43bc-96b2-326d823b6f14}
04-28 06:28:30.860 I/Gecko   (   83): 1398691710870	Marionette	DEBUG	Got request: switchToFrame, data: {"to":"0","sessionId":"3-b2g","name":"switchToFrame","parameters":{"id":null,"focus":true}}, id: {0b3f0ffa-4970-4aec-bac4-cbc358c2209e}
04-28 06:28:30.860 I/Gecko   (   83): 1398691710871	Marionette	INFO	Switched to frame: {"frameValue":null}
04-28 06:28:30.960 I/Gecko   (   83): 1398691710973	Marionette	INFO	sendToClient: {"from":"0","ok":true}, {0b3f0ffa-4970-4aec-bac4-cbc358c2209e}, {0b3f0ffa-4970-4aec-bac4-cbc358c2209e}
04-28 06:28:30.970 I/Gecko   (   83): 1398691710980	Marionette	DEBUG	Got request: executeWithCallback, data: {"to":"0","sessionId":"3-b2g","name":"executeAsyncScript","parameters":{"specialPowers":false,"scriptTimeout":60000,"newSandbox":true,"args":[],"filename":"app_checker.py","script":"\n        GaiaApps.locateWithManifestURL('http://resisto.rs/resistors.webapp',\n                                       null,\n                                       function uninstall(app) {\n                                       navigator.mozApps.mgmt.uninstall(app);\n                                       marionetteScriptFinished(true);\n                                       });\n        ","line":129}}, id: {1eedd9e4-7b34-48aa-acf7-f4cb172940f1}
04-28 06:28:31.050 I/Gecko   (   83): -- webapps.js uninstall http://resisto.rs/resistors.webapp
04-28 06:28:31.570 I/Gecko   (   83): 1398691711578	Marionette	INFO	sendToClient: {"from":"0","value":true}, {1eedd9e4-7b34-48aa-acf7-f4cb172940f1}, {1eedd9e4-7b34-48aa-acf7-f4cb172940f1}