--------- beginning of /dev/log/main
04-26 13:57:05.266 I/Gecko   (   83): [Parent 83] WARNING: waitpid failed pid:745 errno:10: file ../../../gecko/ipc/chromium/src/base/process_util_posix.cc, line 254
04-26 13:57:05.266 I/Gecko   (   83): [Parent 83] WARNING: Failed to deliver SIGKILL to 745!(3).: file ../../../gecko/ipc/chromium/src/chrome/common/process_watcher_posix_sigchld.cc, line 118
04-26 13:57:05.286 I/Gecko   (   83): 1398545825302	Marionette	INFO	sendToClient: {"from":"0","ok":true}, {7d5fee92-34ba-4978-bca7-a53cefa1e942}, {7d5fee92-34ba-4978-bca7-a53cefa1e942}
04-26 13:57:05.326 I/Gecko   (   83): 1398545825335	Marionette	DEBUG	Got request: switchToFrame, data: {"to":"0","sessionId":"3-b2g","name":"switchToFrame","parameters":{"id":null,"focus":true}}, id: {1d8caf0e-cc67-46b2-b854-aba270c8507d}
04-26 13:57:05.326 I/Gecko   (   83): 1398545825337	Marionette	INFO	Switched to frame: {"frameValue":null}
04-26 13:57:05.426 I/Gecko   (   83): 1398545825440	Marionette	INFO	sendToClient: {"from":"0","ok":true}, {1d8caf0e-cc67-46b2-b854-aba270c8507d}, {1d8caf0e-cc67-46b2-b854-aba270c8507d}
04-26 13:57:05.436 I/Gecko   (   83): 1398545825447	Marionette	DEBUG	Got request: executeWithCallback, data: {"to":"0","sessionId":"3-b2g","name":"executeAsyncScript","parameters":{"specialPowers":false,"scriptTimeout":null,"newSandbox":true,"args":[],"filename":"gaia_test.py","script":"return GaiaApps.displayedApp();","line":66}}, id: {57deed39-8ae0-4989-9ebc-4b6d43e67b0c}
04-26 13:57:05.516 E/GeckoConsole(   83): Content JS LOG at dummy file:392 in GaiaApps.displayedApp: app with origin 'app://homescreen.gaiamobile.org' is displayed
04-26 13:57:05.526 I/Gecko   (   83): 1398545825534	Marionette	INFO	sendToClient: {"from":"0","value":{"frame":{"ELEMENT":"{e8b7868a-0b24-4b2d-bd80-144ee8515795}"},"src":"app://homescreen.gaiamobile.org/index.html#root","name":"Homescreen","origin":"app://homescreen.gaiamobile.org"}}, {57deed39-8ae0-4989-9ebc-4b6d43e67b0c}, {57deed39-8ae0-4989-9ebc-4b6d43e67b0c}
04-26 13:57:05.526 I/Gecko   (   83): 1398545825541	Marionette	DEBUG	Got request: switchToFrame, data: {"to":"0","sessionId":"3-b2g","name":"switchToFrame","parameters":{"id":null,"focus":true}}, id: {40696e54-0847-4f4e-b588-98dd5a73672e}
04-26 13:57:05.536 I/Gecko   (   83): 1398545825545	Marionette	INFO	Switched to frame: {"frameValue":null}
04-26 13:57:05.636 I/Gecko   (   83): 1398545825651	Marionette	INFO	sendToClient: {"from":"0","ok":true}, {40696e54-0847-4f4e-b588-98dd5a73672e}, {40696e54-0847-4f4e-b588-98dd5a73672e}
04-26 13:57:05.646 I/Gecko   (   83): 1398545825658	Marionette	DEBUG	Got request: switchToFrame, data: {"to":"0","sessionId":"3-b2g","name":"switchToFrame","parameters":{"id":null,"focus":true}}, id: {6fe129eb-f2c9-4661-84a1-917ae4849f5a}
04-26 13:57:05.646 I/Gecko   (   83): 1398545825660	Marionette	INFO	Switched to frame: {"frameValue":null}
04-26 13:57:05.746 I/Gecko   (   83): 1398545825763	Marionette	INFO	sendToClient: {"from":"0","ok":true}, {6fe129eb-f2c9-4661-84a1-917ae4849f5a}, {6fe129eb-f2c9-4661-84a1-917ae4849f5a}
04-26 13:57:05.756 I/Gecko   (   83): 1398545825770	Marionette	DEBUG	Got request: executeWithCallback, data: {"to":"0","sessionId":"3-b2g","name":"executeAsyncScript","parameters":{"specialPowers":false,"scriptTimeout":null,"newSandbox":true,"args":[],"filename":"gaia_test.py","script":"return GaiaApps.displayedApp();","line":66}}, id: {d8c371ea-b52c-431a-b39a-20dea3688f04}
04-26 13:57:05.876 E/GeckoConsole(   83): Content JS LOG at dummy file:392 in GaiaApps.displayedApp: app with origin 'app://homescreen.gaiamobile.org' is displayed
04-26 13:57:05.876 I/Gecko   (   83): 1398545825892	Marionette	INFO	sendToClient: {"from":"0","value":{"frame":{"ELEMENT":"{e8b7868a-0b24-4b2d-bd80-144ee8515795}"},"src":"app://homescreen.gaiamobile.org/index.html#root","name":"Homescreen","origin":"app://homescreen.gaiamobile.org"}}, {d8c371ea-b52c-431a-b39a-20dea3688f04}, {d8c371ea-b52c-431a-b39a-20dea3688f04}
04-26 13:57:05.926 I/Gecko   (   83): 1398545825941	Marionette	DEBUG	Got request: switchToFrame, data: {"to":"0","sessionId":"3-b2g","name":"switchToFrame","parameters":{"focus":true,"element":"{e8b7868a-0b24-4b2d-bd80-144ee8515795}"}}, id: {21e9db92-1df2-43f0-952a-3266711c4e9c}
04-26 13:57:05.936 I/Gecko   (   83): 1398545825948	Marionette	INFO	Switched to frame: {"frameValue":"{e8b7868a-0b24-4b2d-bd80-144ee8515795}"}
04-26 13:57:05.936 I/Gecko   (   83): 1398545825950	Marionette	INFO	trying remote frame 0
04-26 13:57:05.946 I/Gecko   (   83): 1398545825954	Marionette	INFO	deleting frame
04-26 13:57:05.946 I/Gecko   (   83): 1398545825959	Marionette	INFO	frame-manager load script: [object ChromeMessageSender]
04-26 13:57:06.286 I/Gecko   (   83): 1398545826303	Marionette	INFO	sendToClient: {"from":"0","ok":true}, {21e9db92-1df2-43f0-952a-3266711c4e9c}, {21e9db92-1df2-43f0-952a-3266711c4e9c}
04-26 13:57:06.386 I/Gecko   (   83): 1398545826399	Marionette	INFO	sendToClient: {"from":"0","value":{"ELEMENT":"{480fd134-b64f-4d2c-84b4-486696241980}"}}, {da0255d8-7f7e-4c5a-a80c-0f04c472f1a9}, {da0255d8-7f7e-4c5a-a80c-0f04c472f1a9}
04-26 13:57:06.646 E/GeckoConsole(  782): [JavaScript Warning: "Use of getAttributeNode() is deprecated. Use getAttribute() instead." {file: "chrome://marionette/content/atoms.js" line: 25}]
04-26 13:57:06.656 E/GeckoConsole(  782): [JavaScript Warning: "Use of attributes' specified attribute is deprecated. It always returns true." {file: "chrome://marionette/content/atoms.js" line: 25}]
04-26 13:57:06.656 I/Gecko   (   83): 1398545826671	Marionette	INFO	sendToClient: {"from":"0","value":"normal"}, {023cfab4-74b3-4f6d-bbce-f11f0a51bcd4}, {023cfab4-74b3-4f6d-bbce-f11f0a51bcd4}
04-26 13:57:06.666 I/Gecko   (   83): 1398545826678	Marionette	DEBUG	Got request: switchToFrame, data: {"to":"0","sessionId":"3-b2g","name":"switchToFrame","parameters":{"id":null,"focus":true}}, id: {55688c07-add9-430e-a261-2552b14be677}
04-26 13:57:06.676 I/Gecko   (   83): 1398545826690	Marionette	INFO	Switched to frame: {"frameValue":null}
04-26 13:57:06.776 I/Gecko   (   83): 1398545826792	Marionette	INFO	sendToClient: {"from":"0","ok":true}, {55688c07-add9-430e-a261-2552b14be677}, {55688c07-add9-430e-a261-2552b14be677}
04-26 13:57:06.786 I/Gecko   (   83): 1398545826800	Marionette	DEBUG	Got request: execute, data: {"to":"0","sessionId":"3-b2g","name":"executeScript","parameters":{"specialPowers":false,"scriptTimeout":null,"newSandbox":true,"args":[],"filename":"gaia_test.py","script":"window.wrappedJSObject.dispatchEvent(new Event('home'));","line":788}}, id: {ee8b18cb-8976-44c7-a4c0-edd1eec7c08e}
04-26 13:57:06.866 I/Gecko   (   83): 1398545826878	Marionette	INFO	sendToClient: {"from":"0","value":null}, {ee8b18cb-8976-44c7-a4c0-edd1eec7c08e}, {ee8b18cb-8976-44c7-a4c0-edd1eec7c08e}
04-26 13:57:06.876 I/Gecko   (   83): 1398545826891	Marionette	DEBUG	Got request: switchToFrame, data: {"to":"0","sessionId":"3-b2g","name":"switchToFrame","parameters":{"id":null,"focus":true}}, id: {84100506-04bc-4d91-91fa-a0efe433eb94}
04-26 13:57:06.886 I/Gecko   (   83): 1398545826894	Marionette	INFO	Switched to frame: {"frameValue":null}
04-26 13:57:07.066 I/Gecko   (   83): 1398545827075	Marionette	INFO	sendToClient: {"from":"0","ok":true}, {84100506-04bc-4d91-91fa-a0efe433eb94}, {84100506-04bc-4d91-91fa-a0efe433eb94}
04-26 13:57:07.076 I/Gecko   (   83): 1398545827087	Marionette	DEBUG	Got request: switchToFrame, data: {"to":"0","sessionId":"3-b2g","name":"switchToFrame","parameters":{"id":null,"focus":true}}, id: {02eb3930-feb8-4ca8-8664-382c08d46ac9}
04-26 13:57:07.086 I/Gecko   (   83): 1398545827094	Marionette	INFO	Switched to frame: {"frameValue":null}
04-26 13:57:07.196 V/AudioPolicyManagerBase(   90): getDeviceForStrategy() from cache strategy 0, device 2
04-26 13:57:07.196 I/Gecko   (   83): 1398545827209	Marionette	INFO	sendToClient: {"from":"0","ok":true}, {02eb3930-feb8-4ca8-8664-382c08d46ac9}, {02eb3930-feb8-4ca8-8664-382c08d46ac9}
04-26 13:57:07.196 V/AudioPolicyManagerBase(   90): getOutput() stream 1, samplingRate 0, format 0, channels 3, flags 0
04-26 13:57:07.216 I/Gecko   (   83): 1398545827227	Marionette	DEBUG	Got request: executeWithCallback, data: {"to":"0","sessionId":"3-b2g","name":"executeAsyncScript","parameters":{"specialPowers":false,"scriptTimeout":null,"newSandbox":true,"args":[],"filename":"gaia_test.py","script":"return GaiaApps.displayedApp();","line":66}}, id: {c0d78c34-b679-49f3-b400-99e3ba103e0b}
04-26 13:57:07.306 V/AudioPolicyManagerBase(   90): startOutput() output 1, stream 1, session 2
04-26 13:57:07.306 V/AudioPolicyManagerBase(   90): startReadingThread
04-26 13:57:07.306 V/AudioPolicyManagerBase(   90): changeRefCount() stream 1, count 1
04-26 13:57:07.306 V/AudioPolicyManagerBase(   90): getDeviceForStrategy() from cache strategy 0, device 2
04-26 13:57:07.306 V/AudioPolicyManagerBase(   90): getNewDevice() selected device 2
04-26 13:57:07.306 D/AudioPolicyManagerBase(   90): setOutputDevice() output 1 device 2 delayMs 0
04-26 13:57:07.306 V/AudioPolicyManagerBase(   90): setOutputDevice() setting same device 2 or null device for output 1
04-26 13:57:07.306 E/AudioPolicyManagerBase(   90): checkAndSetVolume stream=1, index=0, output=1, device=2
04-26 13:57:07.306 E/AudioPolicyManagerBase(   90): computeVolume, streamDesc=0x1e85bb8
04-26 13:57:07.316 V/AudioPolicyManagerBase(   90): ThreadWrapper 0x1e85b40
04-26 13:57:07.316 V/AudioPolicyManagerBase(   90): threadFunc in
04-26 13:57:07.336 E/GeckoConsole(   83): Content JS LOG at dummy file:392 in GaiaApps.displayedApp: app with origin 'app://homescreen.gaiamobile.org' is displayed
04-26 13:57:07.336 I/Gecko   (   83): 1398545827346	Marionette	INFO	sendToClient: {"from":"0","value":{"frame":{"ELEMENT":"{e8b7868a-0b24-4b2d-bd80-144ee8515795}"},"src":"app://homescreen.gaiamobile.org/index.html#rootSat%20Apr%2026%202014%2013:57:06%20GMT-0700%20(UTC)","name":"Homescreen","origin":"app://homescreen.gaiamobile.org"}}, {c0d78c34-b679-49f3-b400-99e3ba103e0b}, {c0d78c34-b679-49f3-b400-99e3ba103e0b}
04-26 13:57:07.346 I/Gecko   (   83): 1398545827359	Marionette	DEBUG	Got request: switchToFrame, data: {"to":"0","sessionId":"3-b2g","name":"switchToFrame","parameters":{"focus":true,"element":"{e8b7868a-0b24-4b2d-bd80-144ee8515795}"}}, id: {09c8f288-db0e-434d-b8da-4f2a24d1a589}
04-26 13:57:07.356 I/Gecko   (   83): 1398545827370	Marionette	INFO	Switched to frame: {"frameValue":"{e8b7868a-0b24-4b2d-bd80-144ee8515795}"}
04-26 13:57:07.366 W/AudioFlinger(   90): Thread AudioOut_1 cannot connect to the power manager service
04-26 13:57:07.366 V/AudioPolicyManagerBase(   90): stopOutput() output 1, stream 1, session 2
04-26 13:57:07.366 V/AudioPolicyManagerBase(   90): stopReadingThread
04-26 13:57:07.376 I/Gecko   (   83): 1398545827387	Marionette	INFO	trying remote frame 0
04-26 13:57:07.416 V/AudioPolicyManagerBase(   90): threadFunc exit
04-26 13:57:07.416 V/AudioPolicyManagerBase(   90): changeRefCount() stream 1, count 0
04-26 13:57:07.416 V/AudioPolicyManagerBase(   90): getNewDevice() selected device 0
04-26 13:57:07.426 D/AudioPolicyManagerBase(   90): setOutputDevice() output 1 device 0 delayMs 290
04-26 13:57:07.426 V/AudioPolicyManagerBase(   90): setOutputDevice() setting same device 0 or null device for output 1
04-26 13:57:07.436 V/AudioPolicyManagerBase(   90): startOutput() output 1, stream 1, session 2
04-26 13:57:07.436 V/AudioPolicyManagerBase(   90): changeRefCount() stream 1, count 1
04-26 13:57:07.436 V/AudioPolicyManagerBase(   90): getDeviceForStrategy() from cache strategy 0, device 2
04-26 13:57:07.436 V/AudioPolicyManagerBase(   90): getNewDevice() selected device 2
04-26 13:57:07.436 D/AudioPolicyManagerBase(   90): setOutputDevice() output 1 device 2 delayMs 0
04-26 13:57:07.436 V/AudioPolicyManagerBase(   90): setOutputDevice() setting same device 2 or null device for output 1
04-26 13:57:07.436 E/AudioPolicyManagerBase(   90): checkAndSetVolume stream=1, index=0, output=1, device=2
04-26 13:57:07.436 E/AudioPolicyManagerBase(   90): computeVolume, streamDesc=0x1e85bb8
04-26 13:57:07.436 V/AudioPolicyManagerBase(   90): stopOutput() output 1, stream 1, session 2
04-26 13:57:07.436 V/AudioPolicyManagerBase(   90): changeRefCount() stream 1, count 0
04-26 13:57:07.436 V/AudioPolicyManagerBase(   90): getNewDevice() selected device 0
04-26 13:57:07.436 D/AudioPolicyManagerBase(   90): setOutputDevice() output 1 device 0 delayMs 290
04-26 13:57:07.436 V/AudioPolicyManagerBase(   90): setOutputDevice() setting same device 0 or null device for output 1
04-26 13:57:07.436 V/AudioPolicyManagerBase(   90): releaseOutput() 1
04-26 13:57:07.536 I/Gecko   (   83): 1398545827549	Marionette	INFO	sendToClient: {"from":"0","ok":true}, {09c8f288-db0e-434d-b8da-4f2a24d1a589}, {09c8f288-db0e-434d-b8da-4f2a24d1a589}
04-26 13:57:07.546 I/Gecko   (   83): 1398545827556	Marionette	DEBUG	Got request: execute, data: {"to":"0","sessionId":"3-b2g","name":"executeScript","parameters":{"specialPowers":false,"scriptTimeout":null,"newSandbox":true,"args":[],"filename":"gaia_test.py","script":"return window.wrappedJSObject.GridManager.pageHelper.getCurrentPageNumber();","line":784}}, id: {f8e6454a-4d27-4995-bf2b-97f354aad921}
04-26 13:57:07.736 I/Gecko   (   83): 1398545827749	Marionette	INFO	sendToClient: {"from":"0","value":0}, {f8e6454a-4d27-4995-bf2b-97f354aad921}, {f8e6454a-4d27-4995-bf2b-97f354aad921}
04-26 13:57:07.836 W/WifiHW  (   83): wifi_command: SIGNAL_POLL
04-26 13:57:08.906 I/Gecko   (   83): 1398545828922	Marionette	INFO	sendToClient: {"from":"0","value":["{03d6d80e-af59-4a15-ac73-ec049e5ca1ff}","{c868df62-6671-4936-a534-19fe4f21eb4a}","{9dc3ee07-4669-435f-809a-6a0a48d2d03c}","{49360afe-b720-406b-a9d6-e89c3bc5c0c2}","{67c8e7e6-e3f8-43a6-a9b4-9e53d151afa4}","{5b10a0fc-ad01-458e-ba51-dd2e429a79e7}","{3bfd158d-2171-405f-a3d7-af16a2fc7a55}","{a9121987-7ca7-407d-bbff-89c2db2df178}","{854c7164-3862-4d3a-9b65-6726492fa22b}","{e7a0bf29-9309-4518-8293-475f00d8ff48}","{e2367c80-bc05-4bc5-9e17-5ce32d30e968}","{91323223-b561-49f4-bf34-2971b333710f}","{5e20bfdd-a1f9-44eb-a628-254ae456bbce}","{dc2c2134-9699-4615-9f87-4552a918073c}","{6edcbcf1-1ff4-4598-a897-c26356886f86}","{65323629-efc7-4910-953d-8ca04b994ce5}","{2fb37b8d-3323-48e2-bb4d-5133dea1931e}","{a4cb9bfd-724b-4341-836e-95a6a6dc21c3}","{13d4ea7f-e35f-45c9-8a15-1275f3cd2f33}","{fab9da30-fb36-4c85-b2c8-acad31695c01}","{246a6c02-09c7-4e1a-a42f-df19d0a0294a}","{b19a5351-9e3d-414a-b8cc-273a7090eda5}","{aeae88b8-c337-4e38-9ef6-0df14bd1a99c}","{b6e0635f-7fc2
04-26 13:57:08.986 E/GeckoConsole(  782): Content JS WARN at app://homescreen.gaiamobile.org/gaia_build_defer_index.js:184 in isHiddenApp: Unexpected role when checking hidden app: undefined
04-26 13:57:08.986 E/GeckoConsole(  782): Content JS WARN at app://homescreen.gaiamobile.org/gaia_build_defer_index.js:184 in isHiddenApp: Unexpected role when checking hidden app: undefined
04-26 13:57:08.986 E/GeckoConsole(  782): Content JS WARN at app://homescreen.gaiamobile.org/gaia_build_defer_index.js:184 in isHiddenApp: Unexpected role when checking hidden app: undefined
04-26 13:57:08.986 E/GeckoConsole(  782): Content JS WARN at app://homescreen.gaiamobile.org/gaia_build_defer_index.js:184 in isHiddenApp: Unexpected role when checking hidden app: undefined
04-26 13:57:08.986 E/GeckoConsole(  782): Content JS WARN at app://homescreen.gaiamobile.org/gaia_build_defer_index.js:184 in isHiddenApp: Unexpected role when checking hidden app: undefined
04-26 13:57:08.986 E/GeckoConsole(  782): Content JS WARN at app://homescreen.gaiamobile.org/gaia_build_defer_index.js:184 in isHiddenApp: Unexpected role when checking hidden app: undefined
04-26 13:57:08.986 E/GeckoConsole(  782): Content JS WARN at app://homescreen.gaiamobile.org/gaia_build_defer_index.js:184 in isHiddenApp: Unexpected role when checking hidden app: undefined
04-26 13:57:08.986 E/GeckoConsole(  782): Content JS WARN at app://homescreen.gaiamobile.org/gaia_build_defer_index.js:184 in isHiddenApp: Unexpected role when checking hidden app: undefined
04-26 13:57:08.986 E/GeckoConsole(  782): Content JS WARN at app://homescreen.gaiamobile.org/gaia_build_defer_index.js:184 in isHiddenApp: Unexpected role when checking hidden app: undefined
04-26 13:57:08.986 E/GeckoConsole(  782): Content JS WARN at app://homescreen.gaiamobile.org/gaia_build_defer_index.js:184 in isHiddenApp: Unexpected role when checking hidden app: undefined
04-26 13:57:08.986 E/GeckoConsole(  782): Content JS WARN at app://homescreen.gaiamobile.org/gaia_build_defer_index.js:184 in isHiddenApp: Unexpected role when checking hidden app: undefined
04-26 13:57:08.996 E/GeckoConsole(  782): Content JS WARN at app://homescreen.gaiamobile.org/gaia_build_defer_index.js:184 in isHiddenApp: Unexpected role when checking hidden app: undefined
04-26 13:57:08.996 E/GeckoConsole(  782): Content JS WARN at app://homescreen.gaiamobile.org/gaia_build_defer_index.js:184 in isHiddenApp: Unexpected role when checking hidden app: undefined
04-26 13:57:08.996 E/GeckoConsole(  782): Content JS WARN at app://homescreen.gaiamobile.org/gaia_build_defer_index.js:184 in isHiddenApp: Unexpected role when checking hidden app: undefined
04-26 13:57:08.996 E/GeckoConsole(  782): Content JS WARN at app://homescreen.gaiamobile.org/gaia_build_defer_index.js:184 in isHiddenApp: Unexpected role when checking hidden app: undefined
04-26 13:57:08.996 E/GeckoConsole(  782): Content JS WARN at app://homescreen.gaiamobile.org/gaia_build_defer_index.js:184 in isHiddenApp: Unexpected role when checking hidden app: undefined
04-26 13:57:08.996 E/GeckoConsole(  782): Content JS WARN at app://homescreen.gaiamobile.org/gaia_build_defer_index.js:184 in isHiddenApp: Unexpected role when checking hidden app: undefined
04-26 13:57:08.996 E/GeckoConsole(  782): Content JS WARN at app://homescreen.gaiamobile.org/gaia_build_defer_index.js:184 in isHiddenApp: Unexpected role when checking hidden app: undefined
04-26 13:57:08.996 E/GeckoConsole(  782): Content JS WARN at app://homescreen.gaiamobile.org/gaia_build_defer_index.js:184 in isHiddenApp: Unexpected role when checking hidden app: undefined
04-26 13:57:08.996 E/GeckoConsole(  782): Content JS WARN at app://homescreen.gaiamobile.org/gaia_build_defer_index.js:184 in isHiddenApp: Unexpected role when checking hidden app: undefined
04-26 13:57:08.996 E/GeckoConsole(  782): Content JS WARN at app://homescreen.gaiamobile.org/gaia_build_defer_index.js:184 in isHiddenApp: Unexpected role when checking hidden app: undefined
04-26 13:57:08.996 E/GeckoConsole(  782): Content JS WARN at app://homescreen.gaiamobile.org/gaia_build_defer_index.js:184 in isHiddenApp: Unexpected role when checking hidden app: undefined
04-26 13:57:08.996 E/GeckoConsole(  782): Content JS WARN at app://homescreen.gaiamobile.org/gaia_build_defer_index.js:184 in isHiddenApp: Unexpected role when checking hidden app: undefined
04-26 13:57:09.006 E/GeckoConsole(  782): Content JS WARN at app://homescreen.gaiamobile.org/gaia_build_defer_index.js:184 in isHiddenApp: Unexpected role when checking hidden app: undefined
04-26 13:57:09.266 I/Gecko   (   83): 1398545829276	Marionette	INFO	sendToClient: {"from":"0","value":"app://homescreen.gaiamobile.org/index.html#rootSat%20Apr%2026%202014%2013:57:06%20GMT-0700%20(UTC)"}, {5de0fb6e-8535-4fbb-9aea-76efdeea719e}, {5de0fb6e-8535-4fbb-9aea-76efdeea719e}
04-26 13:57:09.276 I/Gecko   (   83): 1398545829284	Marionette	DEBUG	Got request: switchToFrame, data: {"to":"0","sessionId":"3-b2g","name":"switchToFrame","parameters":{"id":null,"focus":true}}, id: {582014f4-f38c-4146-8440-2c95a72d871f}
04-26 13:57:09.306 I/Gecko   (   83): 1398545829314	Marionette	INFO	Switched to frame: {"frameValue":null}
04-26 13:57:09.406 I/Gecko   (   83): 1398545829416	Marionette	INFO	sendToClient: {"from":"0","ok":true}, {582014f4-f38c-4146-8440-2c95a72d871f}, {582014f4-f38c-4146-8440-2c95a72d871f}
04-26 13:57:09.416 I/Gecko   (   83): 1398545829423	Marionette	DEBUG	Got request: switchToFrame, data: {"to":"0","sessionId":"3-b2g","name":"switchToFrame","parameters":{"id":null,"focus":true}}, id: {89a36e1c-0ffa-4181-b1b7-a2a9a995fe2c}
04-26 13:57:09.416 I/Gecko   (   83): 1398545829425	Marionette	INFO	Switched to frame: {"frameValue":null}
04-26 13:57:09.516 I/Gecko   (   83): 1398545829527	Marionette	INFO	sendToClient: {"from":"0","ok":true}, {89a36e1c-0ffa-4181-b1b7-a2a9a995fe2c}, {89a36e1c-0ffa-4181-b1b7-a2a9a995fe2c}
04-26 13:57:09.526 I/Gecko   (   83): 1398545829534	Marionette	DEBUG	Got request: executeWithCallback, data: {"to":"0","sessionId":"3-b2g","name":"executeAsyncScript","parameters":{"specialPowers":false,"scriptTimeout":30000,"newSandbox":true,"args":[],"filename":"app_checker.py","script":"GaiaApps.launchWithManifestURL('https://marketplace.firefox.com/app/d6e0fe8a-83ea-44f5-8997-66b5574bc235/manifest.webapp')","line":106}}, id: {9dd7aba8-de8a-4f9f-9968-1f7ce0beebc9}
04-26 13:57:09.626 I/Gonk    (   83): Setting nice for pid 793 to 18
04-26 13:57:09.636 I/Gonk    (   83): Changed nice for pid 793 from 18 to 18.
04-26 13:57:09.636 I/Gecko   (   83): [Parent 83] WARNING: waitpid failed pid:793 errno:10: file ../../../gecko/ipc/chromium/src/base/process_util_posix.cc, line 254
04-26 13:57:09.636 I/Gonk    (   83): Setting nice for pid 793 to 1
04-26 13:57:09.636 I/Gonk    (   83): Changed nice for pid 793 from 18 to 1.
04-26 13:57:09.656 E/GeckoConsole(   83): Content JS LOG at dummy file:334 in GaiaApps.launch: launching app with name 'SecuBoXX'
04-26 13:57:09.906 E/[Gralloc-ERROR](   83): int gralloc_register_buffer(const gralloc_module_t*, const native_handle_t*):79 Unable to register handle 0x468b86f0 coming from different process: 83
04-26 13:57:09.906 E/[Gralloc-ERROR](   83): int gralloc_register_buffer(const gralloc_module_t*, const native_handle_t*):79 Unable to register handle 0x468b8790 coming from different process: 83
04-26 13:57:09.996 D/Sensors (   83): activate handle=0; drv=0
04-26 13:57:09.996 E/Sensors (   83): Lis3dhSensor: IOCTL failed (Bad file number)
04-26 13:57:10.146 I/Gonk    (   83): Setting nice for pid 782 to 18
04-26 13:57:10.146 I/Gonk    (   83): Changed nice for pid 782 from 1 to 18.
04-26 13:57:10.766 I/Gonk    (   83): Setting nice for pid 849 to 18
04-26 13:57:10.766 I/Gonk    (   83): Changed nice for pid 849 from 0 to 18.
04-26 13:57:11.796 I/Gecko   (  793): ###################################### forms.js loaded
04-26 13:57:11.866 I/Gecko   (  793): ############################### browserElementPanning.js loaded
04-26 13:57:11.906 I/Gecko   (  793): ######################## BrowserElementChildPreload.js loaded
04-26 13:57:12.976 W/WifiHW  (   83): wifi_command: SIGNAL_POLL
04-26 13:57:13.686 E/GeckoConsole(  793): [JavaScript Warning: "Unknown property 'xbackground-size'.  Declaration dropped." {file: "app://{28bef94a-417c-4f02-b99d-ccb532c23f09}/index.html" line: 17 column: 56 source: "body{margin:0;background-color:#ffffff; xbackground-size:100% 100%; background-repeat: repeat}"}]
04-26 13:57:13.696 E/GeckoConsole(  793): [JavaScript Warning: "Unknown property 'xbackground-color'.  Declaration dropped." {file: "app://{28bef94a-417c-4f02-b99d-ccb532c23f09}/index.html" line: 19 column: 26 source: "td.head {xbackground-color:#aa5500;padding:4px;height:30px;font-size:13pt}"}]
04-26 13:57:13.696 E/GeckoConsole(  793): [JavaScript Warning: "Unknown property 'spacing'.  Declaration dropped." {file: "app://{28bef94a-417c-4f02-b99d-ccb532c23f09}/index.html" line: 26 column: 29 source: "img{margin:0;border:0;spacing:0;display:block;vertical-align:bottom;}"}]
04-26 13:57:13.696 E/GeckoConsole(  793): [JavaScript Warning: "Unknown property '-moz-border-radius'.  Declaration dropped." {file: "app://{28bef94a-417c-4f02-b99d-ccb532c23f09}/index.html" line: 51 column: 38 source: "td.roundl,div.round{-moz-border-radius:6px;border-radius:6px;-webkit-border-radius:6px;-o-border-radius:6px;"}]
04-26 13:57:13.696 E/GeckoConsole(  793): [JavaScript Warning: "Error in parsing value for 'font-weight'.  Declaration dropped." {file: "app://{28bef94a-417c-4f02-b99d-ccb532c23f09}/index.html" line: 56 column: 32 source: "span{font-size:10pt;font-weight:thick;}"}]
04-26 13:57:13.696 E/GeckoConsole(  793): [JavaScript Warning: "Unknown property 'spacing'.  Declaration dropped." {file: "app://{28bef94a-417c-4f02-b99d-ccb532c23f09}/index.html" line: 62 column: 92 source: "textarea,input{font-size:14pt;font-family:'Arial', 'Helvetica', sans-serif;padding:0;spacing:0;margin:0}"}]
04-26 13:57:13.696 E/GeckoConsole(  793): [JavaScript Warning: "Unknown property 'xleft'.  Declaration dropped." {file: "app://{28bef94a-417c-4f02-b99d-ccb532c23f09}/index.html" line: 65 column: 25 source: "#oben {width: 100%; xleft:0px; top:0px; xright:0px; background-color:#aa5500; padding:0px; position:fixed; z-index:99;}"}]
04-26 13:57:13.696 E/GeckoConsole(  793): [JavaScript Warning: "Unknown property 'xright'.  Declaration dropped." {file: "app://{28bef94a-417c-4f02-b99d-ccb532c23f09}/index.html" line: 65 column: 46 source: "#oben {width: 100%; xleft:0px; top:0px; xright:0px; background-color:#aa5500; padding:0px; position:fixed; z-index:99;}"}]
04-26 13:57:13.856 E/GeckoConsole(  793): [JavaScript Warning: "Expected color but found 'top'.  Error in parsing value for 'background-image'.  Declaration dropped." {file: "app://{28bef94a-417c-4f02-b99d-ccb532c23f09}/index.html" line: 0 column: 33 source: "background-image:linear-gradient(top, #cc6600, #bb5500);background-image:-o-linear-gradient(top, #cc6600, #bb5500);background-image:-ms-linear-gradient(top, #cc6600, #bb5500);background-image:-moz-linear-gradient(top, #cc6600, #bb5500);background-image:-webkit-linear-gradient(top, #cc6600, #bb5500);background-color:#cc6600;;padding:0;height:41px;border-bottom:solid 1px #884400;"}]
04-26 13:57:13.866 E/GeckoConsole(  793): [JavaScript Warning: "Error in parsing value for 'background-image'.  Declaration dropped." {file: "app://{28bef94a-417c-4f02-b99d-ccb532c23f09}/index.html" line: 0 column: 73 source: "background-image:linear-gradient(top, #cc6600, #bb5500);background-image:-o-linear-gradient(top, #cc6600, #bb5500);background-image:-ms-linear-gradient(top, #cc6600, #bb5500);background-image:-moz-linear-gradient(top, #cc6600, #bb5500);background-image:-webkit-linear-gradient(top, #cc6600, #bb5500);background-color:#cc6600;;padding:0;height:41px;border-bottom:solid 1px #884400;"}]
04-26 13:57:13.866 E/GeckoConsole(  793): [JavaScript Warning: "Error in parsing value for 'background-image'.  Declaration dropped." {file: "app://{28bef94a-417c-4f02-b99d-ccb532c23f09}/index.html" line: 0 column: 132 source: "background-image:linear-gradient(top, #cc6600, #bb5500);background-image:-o-linear-gradient(top, #cc6600, #bb5500);background-image:-ms-linear-gradient(top, #cc6600, #bb5500);background-image:-moz-linear-gradient(top, #cc6600, #bb5500);background-image:-webkit-linear-gradient(top, #cc6600, #bb5500);background-color:#cc6600;;padding:0;height:41px;border-bottom:solid 1px #884400;"}]
04-26 13:57:13.866 E/GeckoConsole(  793): [JavaScript Warning: "Error in parsing value for 'background-image'.  Declaration dropped." {file: "app://{28bef94a-417c-4f02-b99d-ccb532c23f09}/index.html" line: 0 column: 253 source: "background-image:linear-gradient(top, #cc6600, #bb5500);background-image:-o-linear-gradient(top, #cc6600, #bb5500);background-image:-ms-linear-gradient(top, #cc6600, #bb5500);background-image:-moz-linear-gradient(top, #cc6600, #bb5500);background-image:-webkit-linear-gradient(top, #cc6600, #bb5500);background-color:#cc6600;;padding:0;height:41px;border-bottom:solid 1px #884400;"}]
04-26 13:57:13.886 E/GeckoConsole(  793): [JavaScript Warning: "Expected end of value but found 'background-image'.  Error in parsing value for 'width'.  Declaration dropped." {file: "app://{28bef94a-417c-4f02-b99d-ccb532c23f09}/index.html" line: 0 column: 46 source: "margin:0px;padding:0px;height:300px;width:100%background-image:linear-gradient(top, #eeeeee, #ffffff);background-image:-o-linear-gradient(top, #eeeeee, #ffffff);background-image:-ms-linear-gradient(top, #eeeeee, #ffffff);background-image:-moz-linear-gradient(top, #eeeeee, #ffffff);background-image:-webkit-linear-gradient(top, #eeeeee, #ffffff);background-color:#eeeeee;"}]
04-26 13:57:13.886 E/GeckoConsole(  793): [JavaScript Warning: "Error in parsing value for 'background-image'.  Declaration dropped." {file: "app://{28bef94a-417c-4f02-b99d-ccb532c23f09}/index.html" line: 0 column: 119 source: "margin:0px;padding:0px;height:300px;width:100%background-image:linear-gradient(top, #eeeeee, #ffffff);background-image:-o-linear-gradient(top, #eeeeee, #ffffff);background-image:-ms-linear-gradient(top, #eeeeee, #ffffff);background-image:-moz-linear-gradient(top, #eeeeee, #ffffff);background-image:-webkit-linear-gradient(top, #eeeeee, #ffffff);background-color:#eeeeee;"}]
04-26 13:57:13.886 E/GeckoConsole(  793): [JavaScript Warning: "Error in parsing value for 'background-image'.  Declaration dropped." {file: "app://{28bef94a-417c-4f02-b99d-ccb532c23f09}/index.html" line: 0 column: 178 source: "margin:0px;padding:0px;height:300px;width:100%background-image:linear-gradient(top, #eeeeee, #ffffff);background-image:-o-linear-gradient(top, #eeeeee, #ffffff);background-image:-ms-linear-gradient(top, #eeeeee, #ffffff);background-image:-moz-linear-gradient(top, #eeeeee, #ffffff);background-image:-webkit-linear-gradient(top, #eeeeee, #ffffff);background-color:#eeeeee;"}]
04-26 13:57:13.886 E/GeckoConsole(  793): [JavaScript Warning: "Error in parsing value for 'background-image'.  Declaration dropped." {file: "app://{28bef94a-417c-4f02-b99d-ccb532c23f09}/index.html" line: 0 column: 299 source: "margin:0px;padding:0px;height:300px;width:100%background-image:linear-gradient(top, #eeeeee, #ffffff);background-image:-o-linear-gradient(top, #eeeeee, #ffffff);background-image:-ms-linear-gradient(top, #eeeeee, #ffffff);background-image:-moz-linear-gradient(top, #eeeeee, #ffffff);background-image:-webkit-linear-gradient(top, #eeeeee, #ffffff);background-color:#eeeeee;"}]
04-26 13:57:13.926 E/GeckoConsole(  793): [JavaScript Warning: "Expected color but found 'top'.  Error in parsing value for 'background-image'.  Declaration dropped." {file: "app://{28bef94a-417c-4f02-b99d-ccb532c23f09}/index.html" line: 0 column: 66 source: "width:50px;height:42px;padding:0;background-image:linear-gradient(top, #ffffff, #dddddd);background-image:-o-linear-gradient(top, #ffffff, #dddddd);background-image:-ms-linear-gradient(top, #ffffff, #dddddd);background-image:-moz-linear-gradient(top, #ffffff, #dddddd);background-image:-webkit-linear-gradient(top, #ffffff, #dddddd);background-color:#ffffff;"}]
04-26 13:57:13.926 E/GeckoConsole(  793): [JavaScript Warning: "Error in parsing value for 'background-image'.  Declaration dropped." {file: "app://{28bef94a-417c-4f02-b99d-ccb532c23f09}/index.html" line: 0 column: 106 source: "width:50px;height:42px;padding:0;background-image:linear-gradient(top, #ffffff, #dddddd);background-image:-o-linear-gradient(top, #ffffff, #dddddd);background-image:-ms-linear-gradient(top, #ffffff, #dddddd);background-image:-moz-linear-gradient(top, #ffffff, #dddddd);background-image:-webkit-linear-gradient(top, #ffffff, #dddddd);background-color:#ffffff;"}]
04-26 13:57:13.926 E/GeckoConsole(  793): [JavaScript Warning: "Error in parsing value for 'background-image'.  Declaration dropped." {file: "app://{28bef94a-417c-4f02-b99d-ccb532c23f09}/index.html" line: 0 column: 165 source: "width:50px;height:42px;padding:0;background-image:linear-gradient(top, #ffffff, #dddddd);background-image:-o-linear-gradient(top, #ffffff, #dddddd);background-image:-ms-linear-gradient(top, #ffffff, #dddddd);background-image:-moz-linear-gradient(top, #ffffff, #dddddd);background-image:-webkit-linear-gradient(top, #ffffff, #dddddd);background-color:#ffffff;"}]
04-26 13:57:13.926 E/GeckoConsole(  793): [JavaScript Warning: "Error in parsing value for 'background-image'.  Declaration dropped." {file: "app://{28bef94a-417c-4f02-b99d-ccb532c23f09}/index.html" line: 0 column: 286 source: "width:50px;height:42px;padding:0;background-image:linear-gradient(top, #ffffff, #dddddd);background-image:-o-linear-gradient(top, #ffffff, #dddddd);background-image:-ms-linear-gradient(top, #ffffff, #dddddd);background-image:-moz-linear-gradient(top, #ffffff, #dddddd);background-image:-webkit-linear-gradient(top, #ffffff, #dddddd);background-color:#ffffff;"}]
04-26 13:57:14.466 E/GeckoConsole(   83): Content JS LOG at dummy file:326 in GaiaApps.launch/appOpen/<: app with origin 'app://{28bef94a-417c-4f02-b99d-ccb532c23f09}' has launched
04-26 13:57:14.486 I/Gecko   (   83): 1398545834495	Marionette	INFO	sendToClient: {"from":"0","value":{"frame":{"ELEMENT":"{9d1d8cd4-984d-4e83-a54f-9514c168f949}"},"src":"app://{28bef94a-417c-4f02-b99d-ccb532c23f09}/index.html","name":"SecuBoXX","origin":"app://{28bef94a-417c-4f02-b99d-ccb532c23f09}"}}, {9dd7aba8-de8a-4f9f-9968-1f7ce0beebc9}, {9dd7aba8-de8a-4f9f-9968-1f7ce0beebc9}
04-26 13:57:14.526 E/[Gralloc-ERROR](   83): int gralloc_unregister_buffer(const gralloc_module_t*, const native_handle_t*):274 Trying to unregister buffer 0x468b86f0 from process 83 that was not created in current process: 83
04-26 13:57:14.526 E/[Gralloc-ERROR](   83): int gralloc_unregister_buffer(const gralloc_module_t*, const native_handle_t*):274 Trying to unregister buffer 0x468b8790 from process 83 that was not created in current process: 83
04-26 13:57:14.546 I/Gecko   (   83): 1398545834554	Marionette	DEBUG	Got request: switchToFrame, data: {"to":"0","sessionId":"3-b2g","name":"switchToFrame","parameters":{"focus":true,"element":"{9d1d8cd4-984d-4e83-a54f-9514c168f949}"}}, id: {c20dc047-21d3-4e19-a215-a341b00faac4}
04-26 13:57:14.566 I/Gecko   (   83): 1398545834573	Marionette	INFO	Switched to frame: {"frameValue":"{9d1d8cd4-984d-4e83-a54f-9514c168f949}"}
04-26 13:57:14.566 I/Gecko   (   83): 1398545834577	Marionette	INFO	trying remote frame 0
04-26 13:57:14.566 I/Gecko   (   83): 1398545834581	Marionette	INFO	trying remote frame 1
04-26 13:57:14.586 I/Gecko   (   83): 1398545834595	Marionette	INFO	frame-manager load script: [object ChromeMessageSender]
04-26 13:57:14.706 E/GeckoConsole(  793): [JavaScript Warning: "Content Security Policy: The page's settings blocked the loading of a resource: An attempt to execute inline scripts has been blocked" {file: "app://{28bef94a-417c-4f02-b99d-ccb532c23f09}/index.html" line: 0 column: 0 source: "onclick attribute on BUTTON element"}]
04-26 13:57:15.466 I/Gecko   (   83): 1398545835482	Marionette	INFO	sendToClient: {"from":"0","ok":true}, {c20dc047-21d3-4e19-a215-a341b00faac4}, {c20dc047-21d3-4e19-a215-a341b00faac4}
04-26 13:57:15.526 I/Gecko   (   83): 1398545835540	Marionette	INFO	sendToClient: {"from":"0","value":"app://{28bef94a-417c-4f02-b99d-ccb532c23f09}/index.html"}, {2274dd18-5a89-494f-9ef8-de29ba067a17}, {2274dd18-5a89-494f-9ef8-de29ba067a17}
04-26 13:57:15.536 I/Gecko   (   83): 1398545835547	Marionette	DEBUG	Got request: execute, data: {"to":"0","sessionId":"3-b2g","name":"executeScript","parameters":{"specialPowers":false,"scriptTimeout":null,"newSandbox":true,"args":[],"filename":"app_checker.py","script":"return window.document.readyState;","line":191}}, id: {c242b1a3-fb3b-4e19-bfc4-d86fdde348c8}
04-26 13:57:15.956 I/Gecko   (   83): 1398545835966	Marionette	INFO	sendToClient: {"from":"0","value":"complete"}, {c242b1a3-fb3b-4e19-bfc4-d86fdde348c8}, {c242b1a3-fb3b-4e19-bfc4-d86fdde348c8}
04-26 13:57:15.966 I/Gecko   (   83): 1398545835977	Marionette	INFO	sendToClient: {"from":"0","value":"app://{28bef94a-417c-4f02-b99d-ccb532c23f09}/index.html"}, {3be100f1-94dd-4596-b662-a5a9619226bb}, {3be100f1-94dd-4596-b662-a5a9619226bb}
04-26 13:57:15.986 I/Gecko   (  793): Attempting load of libEGL.so
04-26 13:57:16.026 D/libEGL  (  793): loaded /system/lib/egl/libEGL_mali.so
04-26 13:57:16.036 D/libEGL  (  793): loaded /system/lib/egl/libGLESv1_CM_mali.so
04-26 13:57:16.046 D/libEGL  (  793): loaded /system/lib/egl/libGLESv2_mali.so
04-26 13:57:16.066 I/Gecko   (  793): SharedSurface_Gralloc::Create -------
04-26 13:57:16.086 I/Gecko   (  793): SharedSurface_Gralloc::Create: success -- surface 0x43f1e8c0, GraphicBuffer 0x4328a080.
04-26 13:57:16.376 I/Gecko   (   83): 
04-26 13:57:16.376 I/Gecko   (   83): ###!!! [Parent][MessageChannel] Error: Channel error: cannot send/recv
04-26 13:57:16.376 I/Gecko   (   83): 
04-26 13:57:16.456 I/GeckoDump(   83): Crash reporter : Can't fetch app.reportCrashes. Exception: [Exception... "Component returned failure code: 0x8000ffff (NS_ERROR_UNEXPECTED) [nsIPrefBranch.getBoolPref]"  nsresult: "0x8000ffff (NS_ERROR_UNEXPECTED)"  location: "JS frame :: chrome://browser/content/shell.js :: shell_reportCrash :: line 7"  data: no]
04-26 13:57:16.466 I/Gecko   (   83): [Parent 83] WARNING: waitpid failed pid:782 errno:10: file ../../../gecko/ipc/chromium/src/base/process_util_posix.cc, line 254
04-26 13:57:16.976 I/Gecko   (   83): 1398545836985	Marionette	INFO	sendToClient: {"from":"0","value":"iVBORw0KGgoAAAANSUhEUgAAAUAAAAHgCAYAAADUjLREAAAgAElEQVR4nO29e1RU96LnWTn39ul17z39mr7d9sz0mce5c/uule72rFmZ6T+6e273rIkxF6MHfCGCJibxEc3x+I5vxfhAkZjgW4yPiAiIoFEEKSQWKpiNAlVWQQEWhQK168kGNGVIJN/5o9ibqqJAfADK7/td67OAvX/127+9qfrwe+wqdBVzdSCEEBHRjXQDCCFkpKAACSHCopM+1oEQQkSEAiSECIvu+490IIQQEaEACSHCorv1oQ6EECIiFCAhRFgoQEKIsOjK5+hACCEiQgESQoRFV/aBDoQQIiIUICFEWChA0ZjzBio/+1vU7nkPps3/F27N+4sRa8ut+X+FOyv+N42KP/4rlM351XPXV730dzAt+3cwLft3kOb9RttePudX2nbjsr9F9bK/GVS5sjlvjPzviwwpupvv60DEoGLpv0V7zVUE55fuJ2jO34XyuX8x7O2pOzAD4enu8sNdnoE7K373zPW1fjUf0OsBvR73v1qE0lk9x9n0/2rbHYdWo2nP4MpdmTnyvzMytFCAAtF5rxwAYMzdjdPL/hsubI3FvfKL6P75JxSt+3tcnz287VEF+MB4DRd3JODy7g9RcW4PfvmlGz/4WlE6/394pvq+n/sbdF3KA/R6/FRwCVkz/iluvv8Gfjh7JLDt8kXsj/lrpE8dXLljE0f+d0aGFt2N2TqQ0U/Fkt8CANoe1CDpbR1O/UGHyzN0yJv+BjLn/S12jtMhf0Zv+erN/wmNGctw79g83Fn5txHrrFz7H3HvxALYM1fi7vb/hhvvv4Ebs3WoWjcWtXunomLJb3uPv+x/Re3eqahc+x+1bdYeARovH8WBKB1yp+lwbqoOtmunAAD522NxLSH0mFXrxuLeiU/QmLEMpq3/VTumyr3tk7Ve3I1NCbi75j9rPx
04-26 13:57:17.186 I/Gecko   (   83): 1398545837197	Marionette	INFO	sendToClient: {"from":"0","ok":true}, {58a7b88c-3b6d-4bdc-b898-236debf17882}, {58a7b88c-3b6d-4bdc-b898-236debf17882}
04-26 13:57:17.196 I/Gecko   (   83): 1398545837204	Marionette	DEBUG	Got request: switchToFrame, data: {"to":"0","sessionId":"3-b2g","name":"switchToFrame","parameters":{"id":null,"focus":true}}, id: {6449749d-52c6-4f3a-870c-a0554bf97991}
04-26 13:57:17.216 I/Gecko   (   83): 1398545837224	Marionette	INFO	Switched to frame: {"frameValue":null}
04-26 13:57:17.316 I/Gecko   (   83): 1398545837327	Marionette	INFO	sendToClient: {"from":"0","ok":true}, {6449749d-52c6-4f3a-870c-a0554bf97991}, {6449749d-52c6-4f3a-870c-a0554bf97991}
04-26 13:57:17.326 I/Gecko   (   83): 1398545837334	Marionette	DEBUG	Got request: executeWithCallback, data: {"to":"0","sessionId":"3-b2g","name":"executeAsyncScript","parameters":{"specialPowers":false,"scriptTimeout":null,"newSandbox":true,"args":[],"filename":"gaia_test.py","script":"return GaiaApps.displayedApp();","line":66}}, id: {c1a836f6-876a-42db-9f98-c1782e785414}
04-26 13:57:17.396 I/Gecko   (   83): 1398545837404	Marionette	INFO	sendToClient: {"from":"0","value":{"frame":{"ELEMENT":"{9d1d8cd4-984d-4e83-a54f-9514c168f949}"},"src":"app://{28bef94a-417c-4f02-b99d-ccb532c23f09}/index.html","name":"SecuBoXX","origin":"app://{28bef94a-417c-4f02-b99d-ccb532c23f09}"}}, {c1a836f6-876a-42db-9f98-c1782e785414}, {c1a836f6-876a-42db-9f98-c1782e785414}
04-26 13:57:17.396 I/Gecko   (   83): 1398545837411	Marionette	DEBUG	Got request: switchToFrame, data: {"to":"0","sessionId":"3-b2g","name":"switchToFrame","parameters":{"id":null,"focus":true}}, id: {ed8761f4-af5e-49d8-8a31-8edb465a8129}
04-26 13:57:17.406 E/GeckoConsole(   83): Content JS LOG at dummy file:392 in GaiaApps.displayedApp: app with origin 'app://{28bef94a-417c-4f02-b99d-ccb532c23f09}' is displayed
04-26 13:57:17.406 I/Gecko   (   83): 1398545837420	Marionette	INFO	Switched to frame: {"frameValue":null}
04-26 13:57:17.516 I/Gecko   (   83): 1398545837525	Marionette	INFO	sendToClient: {"from":"0","ok":true}, {ed8761f4-af5e-49d8-8a31-8edb465a8129}, {ed8761f4-af5e-49d8-8a31-8edb465a8129}
04-26 13:57:17.516 I/Gecko   (   83): 1398545837531	Marionette	DEBUG	Got request: execute, data: {"to":"0","sessionId":"3-b2g","name":"executeScript","parameters":{"specialPowers":false,"scriptTimeout":null,"newSandbox":true,"args":[],"filename":"gaia_test.py","script":"window.wrappedJSObject.dispatchEvent(new Event('home'));","line":788}}, id: {6316f268-0189-4b55-9a65-0484ea0e5a2a}
04-26 13:57:17.616 I/Gonk    (   83): Setting nice for pid 849 to 18
04-26 13:57:17.616 I/Gonk    (   83): Changed nice for pid 849 from 18 to 18.
04-26 13:57:17.616 I/Gecko   (   83): [Parent 83] WARNING: waitpid failed pid:849 errno:10: file ../../../gecko/ipc/chromium/src/base/process_util_posix.cc, line 254
04-26 13:57:17.626 I/Gonk    (   83): Setting nice for pid 849 to 1
04-26 13:57:17.626 I/Gonk    (   83): Changed nice for pid 849 from 18 to 1.
04-26 13:57:17.676 D/Sensors (   83): activate handle=0; drv=0
04-26 13:57:17.676 D/Sensors (   83): Lis3dhSensor: mEnabled = 0
04-26 13:57:17.826 I/Gecko   (   83): 1398545837836	Marionette	INFO	sendToClient: {"from":"0","value":null}, {6316f268-0189-4b55-9a65-0484ea0e5a2a}, {6316f268-0189-4b55-9a65-0484ea0e5a2a}
04-26 13:57:17.826 E/[Gralloc-ERROR](   83): int gralloc_register_buffer(const gralloc_module_t*, const native_handle_t*):79 Unable to register handle 0x4526b290 coming from different process: 83
04-26 13:57:17.836 E/[Gralloc-ERROR](   83): int gralloc_register_buffer(const gralloc_module_t*, const native_handle_t*):79 Unable to register handle 0x4526b380 coming from different process: 83
04-26 13:57:17.876 I/Gecko   (   83): 1398545837883	Marionette	DEBUG	Got request: switchToFrame, data: {"to":"0","sessionId":"3-b2g","name":"switchToFrame","parameters":{"id":null,"focus":true}}, id: {96fcfdb8-ea55-428e-a675-87676ac9fdac}
04-26 13:57:17.876 I/Gecko   (   83): 1398545837886	Marionette	INFO	Switched to frame: {"frameValue":null}
04-26 13:57:17.986 I/Gecko   (   83): 1398545837997	Marionette	INFO	sendToClient: {"from":"0","ok":true}, {96fcfdb8-ea55-428e-a675-87676ac9fdac}, {96fcfdb8-ea55-428e-a675-87676ac9fdac}
04-26 13:57:17.986 W/WifiHW  (   83): wifi_command: SIGNAL_POLL
04-26 13:57:18.036 I/Gecko   (   83): 1398545838049	Marionette	DEBUG	Got request: executeWithCallback, data: {"to":"0","sessionId":"3-b2g","name":"executeAsyncScript","parameters":{"specialPowers":false,"scriptTimeout":null,"newSandbox":true,"args":[],"filename":"gaia_test.py","script":"return GaiaApps.displayedApp();","line":66}}, id: {7c28ea81-5819-4542-a8c2-879b6c185011}
04-26 13:57:18.176 E/GeckoConsole(   83): Content JS LOG at dummy file:392 in GaiaApps.displayedApp: app with origin 'app://homescreen.gaiamobile.org' is displayed
04-26 13:57:18.186 I/Gecko   (   83): 1398545838194	Marionette	INFO	sendToClient: {"from":"0","value":{"frame":{"ELEMENT":"{61f8f1ce-4565-4b75-8318-a067fb866fba}"},"src":"app://homescreen.gaiamobile.org/index.html#root","name":"Homescreen","origin":"app://homescreen.gaiamobile.org"}}, {7c28ea81-5819-4542-a8c2-879b6c185011}, {7c28ea81-5819-4542-a8c2-879b6c185011}
04-26 13:57:18.206 I/Gecko   (   83): 1398545838218	Marionette	DEBUG	Got request: switchToFrame, data: {"to":"0","sessionId":"3-b2g","name":"switchToFrame","parameters":{"id":null,"focus":true}}, id: {11f29d36-4a96-412d-9988-378f17849daa}
04-26 13:57:18.216 I/Gecko   (   83): 1398545838228	Marionette	INFO	Switched to frame: {"frameValue":null}
04-26 13:57:18.326 I/Gecko   (   83): 1398545838336	Marionette	INFO	sendToClient: {"from":"0","ok":true}, {11f29d36-4a96-412d-9988-378f17849daa}, {11f29d36-4a96-412d-9988-378f17849daa}
04-26 13:57:18.346 I/Gecko   (   83): 1398545838361	Marionette	DEBUG	Got request: switchToFrame, data: {"to":"0","sessionId":"3-b2g","name":"switchToFrame","parameters":{"id":null,"focus":true}}, id: {eb23e465-47d3-487b-9301-a70081c4dcc8}
04-26 13:57:18.346 I/Gecko   (   83): 1398545838363	Marionette	INFO	Switched to frame: {"frameValue":null}
04-26 13:57:18.456 I/Gecko   (   83): 1398545838466	Marionette	INFO	sendToClient: {"from":"0","ok":true}, {eb23e465-47d3-487b-9301-a70081c4dcc8}, {eb23e465-47d3-487b-9301-a70081c4dcc8}
04-26 13:57:18.466 I/Gecko   (   83): 1398545838475	Marionette	DEBUG	Got request: executeWithCallback, data: {"to":"0","sessionId":"3-b2g","name":"executeAsyncScript","parameters":{"specialPowers":false,"scriptTimeout":null,"newSandbox":true,"args":[],"filename":"gaia_test.py","script":"return GaiaApps.displayedApp();","line":66}}, id: {3d51a782-2af4-4d08-89b9-ecc41bd399e8}
04-26 13:57:18.476 I/Gecko   (   83): [Parent 83] WARNING: waitpid failed pid:782 errno:10: file ../../../gecko/ipc/chromium/src/base/process_util_posix.cc, line 254
04-26 13:57:18.476 I/Gecko   (   83): [Parent 83] WARNING: Failed to deliver SIGKILL to 782!(3).: file ../../../gecko/ipc/chromium/src/chrome/common/process_watcher_posix_sigchld.cc, line 118
04-26 13:57:18.556 E/GeckoConsole(   83): Content JS LOG at dummy file:392 in GaiaApps.displayedApp: app with origin 'app://homescreen.gaiamobile.org' is displayed
04-26 13:57:18.556 I/Gecko   (   83): 1398545838566	Marionette	INFO	sendToClient: {"from":"0","value":{"frame":{"ELEMENT":"{61f8f1ce-4565-4b75-8318-a067fb866fba}"},"src":"app://homescreen.gaiamobile.org/index.html#root","name":"Homescreen","origin":"app://homescreen.gaiamobile.org"}}, {3d51a782-2af4-4d08-89b9-ecc41bd399e8}, {3d51a782-2af4-4d08-89b9-ecc41bd399e8}
04-26 13:57:19.006 I/Gecko   (   83): 1398545839016	Marionette	DEBUG	Got request: switchToFrame, data: {"to":"0","sessionId":"3-b2g","name":"switchToFrame","parameters":{"focus":true,"element":"{61f8f1ce-4565-4b75-8318-a067fb866fba}"}}, id: {e71d55a4-8aff-4064-91b3-e66b818f3eae}
04-26 13:57:19.166 I/Gecko   (   83): 1398545839179	Marionette	INFO	Switched to frame: {"frameValue":"{61f8f1ce-4565-4b75-8318-a067fb866fba}"}
04-26 13:57:19.246 I/Gecko   (   83): 1398545839259	Marionette	INFO	trying remote frame 0
04-26 13:57:19.276 I/Gecko   (   83): 1398545839292	Marionette	INFO	deleting frame
04-26 13:57:19.276 I/Gecko   (   83): 1398545839293	Marionette	INFO	trying remote frame 1
04-26 13:57:19.286 I/Gecko   (   83): 1398545839301	Marionette	INFO	frame-manager load script: [object ChromeMessageSender]
04-26 13:57:19.326 E/[Gralloc-ERROR](   83): int gralloc_unregister_buffer(const gralloc_module_t*, const native_handle_t*):274 Trying to unregister buffer 0x4526b380 from process 83 that was not created in current process: 83
04-26 13:57:19.366 E/[Gralloc-ERROR](   83): int gralloc_unregister_buffer(const gralloc_module_t*, const native_handle_t*):274 Trying to unregister buffer 0x4526b290 from process 83 that was not created in current process: 83
04-26 13:57:19.546 I/Gonk    (   83): Setting nice for pid 793 to 18
04-26 13:57:19.546 I/Gonk    (   83): Changed nice for pid 793 from 1 to 18.
04-26 13:57:19.796 I/Gecko   (  849): ###################################### forms.js loaded
04-26 13:57:19.826 I/Gecko   (  849): ############################### browserElementPanning.js loaded
04-26 13:57:19.846 I/Gecko   (  849): ######################## BrowserElementChildPreload.js loaded
04-26 13:57:20.976 I/Gecko   (   83): 
04-26 13:57:20.976 I/Gecko   (   83): ###!!! [Parent][MessageChannel] Error: Channel error: cannot send/recv
04-26 13:57:20.976 I/Gecko   (   83): 
04-26 13:57:21.046 I/GeckoDump(   83): Crash reporter : Can't fetch app.reportCrashes. Exception: [Exception... "Component returned failure code: 0x8000ffff (NS_ERROR_UNEXPECTED) [nsIPrefBranch.getBoolPref]"  nsresult: "0x8000ffff (NS_ERROR_UNEXPECTED)"  location: "JS frame :: chrome://browser/content/shell.js :: shell_reportCrash :: line 7"  data: no]
04-26 13:57:21.076 I/Gonk    (   83): Setting nice for pid 875 to 18
04-26 13:57:21.076 I/Gonk    (   83): Changed nice for pid 875 from 0 to 18.
04-26 13:57:21.096 I/Gecko   (   83): [Parent 83] WARNING: waitpid failed pid:793 errno:10: file ../../../gecko/ipc/chromium/src/base/process_util_posix.cc, line 254
04-26 13:57:21.806 I/Gecko   (   83): 1398545841816	Marionette	INFO	sendToClient: {"from":"0","ok":true}, {e71d55a4-8aff-4064-91b3-e66b818f3eae}, {e71d55a4-8aff-4064-91b3-e66b818f3eae}
04-26 13:57:22.366 I/Gecko   (   83): 1398545842377	Marionette	INFO	sendToClient: {"from":"0","value":"app://homescreen.gaiamobile.org/index.html#root"}, {19c22c34-e520-4e34-9e5a-3b10e3073de1}, {19c22c34-e520-4e34-9e5a-3b10e3073de1}
04-26 13:57:22.376 I/Gecko   (   83): 1398545842384	Marionette	DEBUG	Got request: switchToFrame, data: {"to":"0","sessionId":"3-b2g","name":"switchToFrame","parameters":{"id":null,"focus":true}}, id: {1c3d16a3-2633-435f-b0d4-33ac481c12ba}
04-26 13:57:22.396 I/Gecko   (   83): 1398545842407	Marionette	INFO	Switched to frame: {"frameValue":null}
04-26 13:57:22.496 I/Gecko   (   83): 1398545842511	Marionette	INFO	sendToClient: {"from":"0","ok":true}, {1c3d16a3-2633-435f-b0d4-33ac481c12ba}, {1c3d16a3-2633-435f-b0d4-33ac481c12ba}
04-26 13:57:22.506 I/Gecko   (   83): 1398545842518	Marionette	DEBUG	Got request: switchToFrame, data: {"to":"0","sessionId":"3-b2g","name":"switchToFrame","parameters":{"id":null,"focus":true}}, id: {710e088a-0052-41af-99c8-43dfa8ab3506}
04-26 13:57:22.506 I/Gecko   (   83): 1398545842519	Marionette	INFO	Switched to frame: {"frameValue":null}
04-26 13:57:22.606 I/Gecko   (   83): 1398545842622	Marionette	INFO	sendToClient: {"from":"0","ok":true}, {710e088a-0052-41af-99c8-43dfa8ab3506}, {710e088a-0052-41af-99c8-43dfa8ab3506}
04-26 13:57:22.616 I/Gecko   (   83): 1398545842629	Marionette	DEBUG	Got request: executeWithCallback, data: {"to":"0","sessionId":"3-b2g","name":"executeAsyncScript","parameters":{"specialPowers":false,"scriptTimeout":null,"newSandbox":true,"args":[],"filename":"gaia_test.py","script":"GaiaApps.killAll()","line":91}}, id: {2e44fe1f-a571-48cf-8a6b-f502f7ede5b4}
04-26 13:57:22.716 I/Gecko   (   83): 1398545842727	Marionette	INFO	sendToClient: {"from":"0","value":true}, {2e44fe1f-a571-48cf-8a6b-f502f7ede5b4}, {2e44fe1f-a571-48cf-8a6b-f502f7ede5b4}
04-26 13:57:22.736 I/Gecko   (   83): 1398545842749	Marionette	DEBUG	Got request: switchToFrame, data: {"to":"0","sessionId":"3-b2g","name":"switchToFrame","parameters":{"id":null,"focus":true}}, id: {3b71343c-b539-4547-86ca-7eb925b5a6d0}
04-26 13:57:22.746 I/Gecko   (   83): 1398545842755	Marionette	INFO	Switched to frame: {"frameValue":null}
04-26 13:57:22.846 I/Gecko   (   83): 1398545842858	Marionette	INFO	sendToClient: {"from":"0","ok":true}, {3b71343c-b539-4547-86ca-7eb925b5a6d0}, {3b71343c-b539-4547-86ca-7eb925b5a6d0}
04-26 13:57:22.856 I/Gecko   (   83): 1398545842864	Marionette	DEBUG	Got request: executeWithCallback, data: {"to":"0","sessionId":"3-b2g","name":"executeAsyncScript","parameters":{"specialPowers":false,"scriptTimeout":60000,"newSandbox":true,"args":[],"filename":"app_checker.py","script":"\n        GaiaApps.locateWithManifestURL('https://marketplace.firefox.com/app/d6e0fe8a-83ea-44f5-8997-66b5574bc235/manifest.webapp',\n                                       null,\n                                       function uninstall(app) {\n                                       navigator.mozApps.mgmt.uninstall(app);\n                                       marionetteScriptFinished(true);\n                                       });\n        ","line":129}}, id: {c0ff17fb-85ed-43f0-a672-12431e3dff27}
04-26 13:57:22.906 I/Gecko   (   83): -- webapps.js uninstall https://marketplace.firefox.com/app/d6e0fe8a-83ea-44f5-8997-66b5574bc235/manifest.webapp
04-26 13:57:23.096 I/Gecko   (   83): [Parent 83] WARNING: waitpid failed pid:793 errno:10: file ../../../gecko/ipc/chromium/src/base/process_util_posix.cc, line 254
04-26 13:57:23.096 I/Gecko   (   83): [Parent 83] WARNING: Failed to deliver SIGKILL to 793!(3).: file ../../../gecko/ipc/chromium/src/chrome/common/process_watcher_posix_sigchld.cc, line 118
04-26 13:57:23.416 I/Gecko   (   83): 1398545843429	Marionette	INFO	sendToClient: {"from":"0","value":true}, {c0ff17fb-85ed-43f0-a672-12431e3dff27}, {c0ff17fb-85ed-43f0-a672-12431e3dff27}
04-26 13:57:23.426 W/WifiHW  (   83): wifi_command: SIGNAL_POLL
04-26 13:57:23.756 I/Gecko   (  875): ###################################### forms.js loaded
04-26 13:57:24.006 I/Gecko   (  875): ############################### browserElementPanning.js loaded