--------- beginning of /dev/log/main
04-26 08:55:27.688 I/Gecko   (   83): 1398527727704	Marionette	INFO	sendToClient: {"from":"0","ok":true}, {78cc2567-c23f-4741-b01d-aefa6ebb47b4}, {78cc2567-c23f-4741-b01d-aefa6ebb47b4}
04-26 08:55:27.738 W/WifiHW  (   83): wifi_command: SIGNAL_POLL
04-26 08:55:27.758 I/Gecko   (   83): 1398527727774	Marionette	DEBUG	Got request: switchToFrame, data: {"to":"0","sessionId":"3-b2g","name":"switchToFrame","parameters":{"id":null,"focus":true}}, id: {904e8b09-3808-45b5-affd-09a1b9c71895}
04-26 08:55:27.758 I/Gecko   (   83): 1398527727776	Marionette	INFO	Switched to frame: {"frameValue":null}
04-26 08:55:27.868 I/Gecko   (   83): 1398527727879	Marionette	INFO	sendToClient: {"from":"0","ok":true}, {904e8b09-3808-45b5-affd-09a1b9c71895}, {904e8b09-3808-45b5-affd-09a1b9c71895}
04-26 08:55:27.868 I/Gecko   (   83): 1398527727886	Marionette	DEBUG	Got request: executeWithCallback, data: {"to":"0","sessionId":"3-b2g","name":"executeAsyncScript","parameters":{"specialPowers":false,"scriptTimeout":null,"newSandbox":true,"args":[],"filename":"gaia_test.py","script":"return GaiaApps.displayedApp();","line":66}}, id: {b02174a4-6a90-4290-b7b9-967d84aa9636}
04-26 08:55:27.958 E/GeckoConsole(   83): Content JS LOG at dummy file:392 in GaiaApps.displayedApp: app with origin 'app://homescreen.gaiamobile.org' is displayed
04-26 08:55:27.988 I/Gecko   (   83): 1398527727999	Marionette	INFO	sendToClient: {"from":"0","value":{"frame":{"ELEMENT":"{89856700-ae64-4a8f-8248-436e66b1a044}"},"src":"app://homescreen.gaiamobile.org/index.html#root","name":"Homescreen","origin":"app://homescreen.gaiamobile.org"}}, {b02174a4-6a90-4290-b7b9-967d84aa9636}, {b02174a4-6a90-4290-b7b9-967d84aa9636}
04-26 08:55:27.988 I/Gecko   (   83): 1398527728007	Marionette	DEBUG	Got request: switchToFrame, data: {"to":"0","sessionId":"3-b2g","name":"switchToFrame","parameters":{"id":null,"focus":true}}, id: {87db01c8-efa1-42c5-93c0-857526d5b101}
04-26 08:55:28.008 I/Gecko   (   83): 1398527728021	Marionette	INFO	Switched to frame: {"frameValue":null}
04-26 08:55:28.108 I/Gecko   (   83): 1398527728127	Marionette	INFO	sendToClient: {"from":"0","ok":true}, {87db01c8-efa1-42c5-93c0-857526d5b101}, {87db01c8-efa1-42c5-93c0-857526d5b101}
04-26 08:55:28.138 I/Gecko   (   83): 1398527728150	Marionette	DEBUG	Got request: switchToFrame, data: {"to":"0","sessionId":"3-b2g","name":"switchToFrame","parameters":{"id":null,"focus":true}}, id: {6fb256df-b737-4448-86af-2081ef125e78}
04-26 08:55:28.158 I/Gecko   (   83): 1398527728169	Marionette	INFO	Switched to frame: {"frameValue":null}
04-26 08:55:28.258 I/Gecko   (   83): 1398527728274	Marionette	INFO	sendToClient: {"from":"0","ok":true}, {6fb256df-b737-4448-86af-2081ef125e78}, {6fb256df-b737-4448-86af-2081ef125e78}
04-26 08:55:28.268 I/Gecko   (   83): 1398527728279	Marionette	DEBUG	Got request: executeWithCallback, data: {"to":"0","sessionId":"3-b2g","name":"executeAsyncScript","parameters":{"specialPowers":false,"scriptTimeout":null,"newSandbox":true,"args":[],"filename":"gaia_test.py","script":"return GaiaApps.displayedApp();","line":66}}, id: {ad7a87e7-db9c-4627-8393-7e7935f67466}
04-26 08:55:28.328 I/Gecko   (   83): 1398527728340	Marionette	INFO	sendToClient: {"from":"0","value":{"frame":{"ELEMENT":"{89856700-ae64-4a8f-8248-436e66b1a044}"},"src":"app://homescreen.gaiamobile.org/index.html#root","name":"Homescreen","origin":"app://homescreen.gaiamobile.org"}}, {ad7a87e7-db9c-4627-8393-7e7935f67466}, {ad7a87e7-db9c-4627-8393-7e7935f67466}
04-26 08:55:28.348 E/GeckoConsole(   83): Content JS LOG at dummy file:392 in GaiaApps.displayedApp: app with origin 'app://homescreen.gaiamobile.org' is displayed
04-26 08:55:28.348 I/Gecko   (   83): 1398527728365	Marionette	DEBUG	Got request: switchToFrame, data: {"to":"0","sessionId":"3-b2g","name":"switchToFrame","parameters":{"focus":true,"element":"{89856700-ae64-4a8f-8248-436e66b1a044}"}}, id: {e86d38ef-82a3-4fe9-8693-da4c32d33f2e}
04-26 08:55:28.378 I/Gecko   (   83): 1398527728390	Marionette	INFO	Switched to frame: {"frameValue":"{89856700-ae64-4a8f-8248-436e66b1a044}"}
04-26 08:55:28.378 I/Gecko   (   83): 1398527728393	Marionette	INFO	trying remote frame 0
04-26 08:55:28.378 I/Gecko   (   83): 1398527728394	Marionette	INFO	deleting frame
04-26 08:55:28.388 I/Gecko   (   83): 1398527728399	Marionette	INFO	frame-manager load script: [object ChromeMessageSender]
04-26 08:55:28.718 I/Gecko   (   83): 1398527728731	Marionette	INFO	sendToClient: {"from":"0","ok":true}, {e86d38ef-82a3-4fe9-8693-da4c32d33f2e}, {e86d38ef-82a3-4fe9-8693-da4c32d33f2e}
04-26 08:55:28.928 I/Gecko   (   83): 1398527728945	Marionette	INFO	sendToClient: {"from":"0","value":{"ELEMENT":"{1e326824-de8f-40ac-94b6-8a51b95e0b2e}"}}, {dc99cea4-a52c-4b54-9886-9e2da73ebe69}, {dc99cea4-a52c-4b54-9886-9e2da73ebe69}
04-26 08:55:29.098 E/GeckoConsole( 1445): [JavaScript Warning: "Use of getAttributeNode() is deprecated. Use getAttribute() instead." {file: "chrome://marionette/content/atoms.js" line: 25}]
04-26 08:55:29.108 E/GeckoConsole( 1445): [JavaScript Warning: "Use of attributes' specified attribute is deprecated. It always returns true." {file: "chrome://marionette/content/atoms.js" line: 25}]
04-26 08:55:29.108 I/Gecko   (   83): 1398527729119	Marionette	INFO	sendToClient: {"from":"0","value":"normal"}, {e450b1a8-9e58-4ffd-aeff-d394b897168b}, {e450b1a8-9e58-4ffd-aeff-d394b897168b}
04-26 08:55:29.108 I/Gecko   (   83): 1398527729126	Marionette	DEBUG	Got request: switchToFrame, data: {"to":"0","sessionId":"3-b2g","name":"switchToFrame","parameters":{"id":null,"focus":true}}, id: {494c0554-77eb-4dbc-95d5-4379a9696b66}
04-26 08:55:29.128 I/Gecko   (   83): 1398527729138	Marionette	INFO	Switched to frame: {"frameValue":null}
04-26 08:55:29.228 I/Gecko   (   83): 1398527729244	Marionette	INFO	sendToClient: {"from":"0","ok":true}, {494c0554-77eb-4dbc-95d5-4379a9696b66}, {494c0554-77eb-4dbc-95d5-4379a9696b66}
04-26 08:55:29.238 I/Gecko   (   83): 1398527729255	Marionette	DEBUG	Got request: execute, data: {"to":"0","sessionId":"3-b2g","name":"executeScript","parameters":{"specialPowers":false,"scriptTimeout":null,"newSandbox":true,"args":[],"filename":"gaia_test.py","script":"window.wrappedJSObject.dispatchEvent(new Event('home'));","line":788}}, id: {3cafb03f-550e-48cb-bd86-bfdd12d72bfa}
04-26 08:55:29.308 I/Gecko   (   83): 1398527729319	Marionette	INFO	sendToClient: {"from":"0","value":null}, {3cafb03f-550e-48cb-bd86-bfdd12d72bfa}, {3cafb03f-550e-48cb-bd86-bfdd12d72bfa}
04-26 08:55:29.318 I/Gecko   (   83): 1398527729332	Marionette	DEBUG	Got request: switchToFrame, data: {"to":"0","sessionId":"3-b2g","name":"switchToFrame","parameters":{"id":null,"focus":true}}, id: {7d89e16e-d6fc-441a-aa17-a0e298a0ce27}
04-26 08:55:29.318 I/Gecko   (   83): 1398527729334	Marionette	INFO	Switched to frame: {"frameValue":null}
04-26 08:55:29.438 I/Gecko   (   83): 1398527729449	Marionette	INFO	sendToClient: {"from":"0","ok":true}, {7d89e16e-d6fc-441a-aa17-a0e298a0ce27}, {7d89e16e-d6fc-441a-aa17-a0e298a0ce27}
04-26 08:55:29.448 I/Gecko   (   83): 1398527729461	Marionette	DEBUG	Got request: switchToFrame, data: {"to":"0","sessionId":"3-b2g","name":"switchToFrame","parameters":{"id":null,"focus":true}}, id: {cef9bff4-8906-46cd-9732-2549054b0f16}
04-26 08:55:29.448 I/Gecko   (   83): 1398527729462	Marionette	INFO	Switched to frame: {"frameValue":null}
04-26 08:55:29.548 I/Gecko   (   83): 1398527729564	Marionette	INFO	sendToClient: {"from":"0","ok":true}, {cef9bff4-8906-46cd-9732-2549054b0f16}, {cef9bff4-8906-46cd-9732-2549054b0f16}
04-26 08:55:29.558 I/Gecko   (   83): 1398527729571	Marionette	DEBUG	Got request: executeWithCallback, data: {"to":"0","sessionId":"3-b2g","name":"executeAsyncScript","parameters":{"specialPowers":false,"scriptTimeout":null,"newSandbox":true,"args":[],"filename":"gaia_test.py","script":"return GaiaApps.displayedApp();","line":66}}, id: {16c14a33-cfa1-4d1a-90a4-3798d559bae1}
04-26 08:55:29.668 I/Gecko   (   83): 1398527729679	Marionette	INFO	sendToClient: {"from":"0","value":{"frame":{"ELEMENT":"{89856700-ae64-4a8f-8248-436e66b1a044}"},"src":"app://homescreen.gaiamobile.org/index.html#rootSat%20Apr%2026%202014%2008:55:29%20GMT-0700%20(UTC)","name":"Homescreen","origin":"app://homescreen.gaiamobile.org"}}, {16c14a33-cfa1-4d1a-90a4-3798d559bae1}, {16c14a33-cfa1-4d1a-90a4-3798d559bae1}
04-26 08:55:29.668 E/GeckoConsole(   83): Content JS LOG at dummy file:392 in GaiaApps.displayedApp: app with origin 'app://homescreen.gaiamobile.org' is displayed
04-26 08:55:29.678 I/Gecko   (   83): 1398527729694	Marionette	DEBUG	Got request: switchToFrame, data: {"to":"0","sessionId":"3-b2g","name":"switchToFrame","parameters":{"focus":true,"element":"{89856700-ae64-4a8f-8248-436e66b1a044}"}}, id: {6edf0766-9713-417a-8e8a-f95cbd3ff3fe}
04-26 08:55:29.698 I/Gecko   (   83): 1398527729713	Marionette	INFO	Switched to frame: {"frameValue":"{89856700-ae64-4a8f-8248-436e66b1a044}"}
04-26 08:55:29.718 I/Gecko   (   83): 1398527729730	Marionette	INFO	trying remote frame 0
04-26 08:55:29.968 I/Gecko   (   83): 1398527729978	Marionette	INFO	sendToClient: {"from":"0","ok":true}, {6edf0766-9713-417a-8e8a-f95cbd3ff3fe}, {6edf0766-9713-417a-8e8a-f95cbd3ff3fe}
04-26 08:55:29.988 I/Gecko   (   83): 1398527729999	Marionette	DEBUG	Got request: execute, data: {"to":"0","sessionId":"3-b2g","name":"executeScript","parameters":{"specialPowers":false,"scriptTimeout":null,"newSandbox":true,"args":[],"filename":"gaia_test.py","script":"return window.wrappedJSObject.GridManager.pageHelper.getCurrentPageNumber();","line":784}}, id: {155adcc3-00dd-491a-9cb6-775637c7d6e0}
04-26 08:55:30.078 I/Gecko   (   83): 1398527730088	Marionette	INFO	sendToClient: {"from":"0","value":0}, {155adcc3-00dd-491a-9cb6-775637c7d6e0}, {155adcc3-00dd-491a-9cb6-775637c7d6e0}
04-26 08:55:30.228 I/Gecko   (   83): 1398527730246	Marionette	INFO	sendToClient: {"from":"0","value":["{23701032-f836-4024-9f8f-26ec7f1b1fb7}","{bff35a11-a70d-41e4-a84d-d529850f630b}","{f2b46e7b-9ffd-4ae8-b3a5-530eb2ae010b}","{7beca8c4-88fd-4597-af6e-4e77bad69682}","{63698ced-4d3b-4623-89b7-18b8ae69642a}","{a1851f95-1606-4926-8b13-702400ea0870}","{4941de3a-7d1c-4ba2-9e4f-df05140a61d8}","{e58ba693-35dd-44a4-bf26-eab08764d82a}","{77b317bc-3b6d-4bfe-b33f-b2a6bc013451}","{b6d531b4-6523-4a2b-b1a0-d5aaf19fe779}","{8f626191-e80d-41ca-8efd-a35c9e8b780e}","{e986f275-37cc-4580-9e95-2d9c147ed8d2}","{9f936dd0-d993-42e8-a4f7-f0d0447e774b}","{c80d8f02-c2b5-4a6f-8705-e012649fdf12}","{3a50ea23-2929-470c-a0a5-297e7a2a9ae1}","{43b34f8e-832d-4fb3-a01f-e3b2b0b6977c}","{efdf5bb5-2453-4e63-9f4a-2750eda14e48}","{11d3a559-5c1d-414d-aced-4310e175b504}","{202f09ea-0488-4ded-ae1e-4ea41ece35c0}","{d2860cbc-027b-4d22-8365-7aead6156acf}","{de428ce7-a21d-42d2-8320-11d65c15d7e2}","{d375b41b-35ed-4812-ba6d-8bde8ebbc395}","{1b77aa4b-f519-431e-baba-3b54a181a3ef}","{60c09355-9f24
04-26 08:55:31.498 I/Gecko   (   83): 1398527731510	Marionette	INFO	sendToClient: {"from":"0","value":"app://homescreen.gaiamobile.org/index.html#rootSat%20Apr%2026%202014%2008:55:29%20GMT-0700%20(UTC)"}, {310d16e0-4df8-432b-9391-a9b77516e625}, {310d16e0-4df8-432b-9391-a9b77516e625}
04-26 08:55:31.508 E/GeckoConsole( 1445): Content JS WARN at app://homescreen.gaiamobile.org/gaia_build_defer_index.js:184 in isHiddenApp: Unexpected role when checking hidden app: undefined
04-26 08:55:31.518 I/Gecko   (   83): 1398527731536	Marionette	DEBUG	Got request: switchToFrame, data: {"to":"0","sessionId":"3-b2g","name":"switchToFrame","parameters":{"id":null,"focus":true}}, id: {4a2eb4e0-b43c-4f97-a066-30106a2f1929}
04-26 08:55:31.528 E/GeckoConsole( 1445): Content JS WARN at app://homescreen.gaiamobile.org/gaia_build_defer_index.js:184 in isHiddenApp: Unexpected role when checking hidden app: undefined
04-26 08:55:31.528 E/GeckoConsole( 1445): Content JS WARN at app://homescreen.gaiamobile.org/gaia_build_defer_index.js:184 in isHiddenApp: Unexpected role when checking hidden app: undefined
04-26 08:55:31.528 E/GeckoConsole( 1445): Content JS WARN at app://homescreen.gaiamobile.org/gaia_build_defer_index.js:184 in isHiddenApp: Unexpected role when checking hidden app: undefined
04-26 08:55:31.528 E/GeckoConsole( 1445): Content JS WARN at app://homescreen.gaiamobile.org/gaia_build_defer_index.js:184 in isHiddenApp: Unexpected role when checking hidden app: undefined
04-26 08:55:31.528 E/GeckoConsole( 1445): Content JS WARN at app://homescreen.gaiamobile.org/gaia_build_defer_index.js:184 in isHiddenApp: Unexpected role when checking hidden app: undefined
04-26 08:55:31.538 E/GeckoConsole( 1445): Content JS WARN at app://homescreen.gaiamobile.org/gaia_build_defer_index.js:184 in isHiddenApp: Unexpected role when checking hidden app: undefined
04-26 08:55:31.538 E/GeckoConsole( 1445): Content JS WARN at app://homescreen.gaiamobile.org/gaia_build_defer_index.js:184 in isHiddenApp: Unexpected role when checking hidden app: undefined
04-26 08:55:31.538 E/GeckoConsole( 1445): Content JS WARN at app://homescreen.gaiamobile.org/gaia_build_defer_index.js:184 in isHiddenApp: Unexpected role when checking hidden app: undefined
04-26 08:55:31.538 I/Gecko   (   83): 1398527731553	Marionette	INFO	Switched to frame: {"frameValue":null}
04-26 08:55:31.538 E/GeckoConsole( 1445): Content JS WARN at app://homescreen.gaiamobile.org/gaia_build_defer_index.js:184 in isHiddenApp: Unexpected role when checking hidden app: undefined
04-26 08:55:31.538 E/GeckoConsole( 1445): Content JS WARN at app://homescreen.gaiamobile.org/gaia_build_defer_index.js:184 in isHiddenApp: Unexpected role when checking hidden app: undefined
04-26 08:55:31.538 E/GeckoConsole( 1445): Content JS WARN at app://homescreen.gaiamobile.org/gaia_build_defer_index.js:184 in isHiddenApp: Unexpected role when checking hidden app: undefined
04-26 08:55:31.548 E/GeckoConsole( 1445): Content JS WARN at app://homescreen.gaiamobile.org/gaia_build_defer_index.js:184 in isHiddenApp: Unexpected role when checking hidden app: undefined
04-26 08:55:31.548 E/GeckoConsole( 1445): Content JS WARN at app://homescreen.gaiamobile.org/gaia_build_defer_index.js:184 in isHiddenApp: Unexpected role when checking hidden app: undefined
04-26 08:55:31.548 E/GeckoConsole( 1445): Content JS WARN at app://homescreen.gaiamobile.org/gaia_build_defer_index.js:184 in isHiddenApp: Unexpected role when checking hidden app: undefined
04-26 08:55:31.548 E/GeckoConsole( 1445): Content JS WARN at app://homescreen.gaiamobile.org/gaia_build_defer_index.js:184 in isHiddenApp: Unexpected role when checking hidden app: undefined
04-26 08:55:31.548 E/GeckoConsole( 1445): Content JS WARN at app://homescreen.gaiamobile.org/gaia_build_defer_index.js:184 in isHiddenApp: Unexpected role when checking hidden app: undefined
04-26 08:55:31.548 E/GeckoConsole( 1445): Content JS WARN at app://homescreen.gaiamobile.org/gaia_build_defer_index.js:184 in isHiddenApp: Unexpected role when checking hidden app: undefined
04-26 08:55:31.558 E/GeckoConsole( 1445): Content JS WARN at app://homescreen.gaiamobile.org/gaia_build_defer_index.js:184 in isHiddenApp: Unexpected role when checking hidden app: undefined
04-26 08:55:31.558 E/GeckoConsole( 1445): Content JS WARN at app://homescreen.gaiamobile.org/gaia_build_defer_index.js:184 in isHiddenApp: Unexpected role when checking hidden app: undefined
04-26 08:55:31.558 E/GeckoConsole( 1445): Content JS WARN at app://homescreen.gaiamobile.org/gaia_build_defer_index.js:184 in isHiddenApp: Unexpected role when checking hidden app: undefined
04-26 08:55:31.558 E/GeckoConsole( 1445): Content JS WARN at app://homescreen.gaiamobile.org/gaia_build_defer_index.js:184 in isHiddenApp: Unexpected role when checking hidden app: undefined
04-26 08:55:31.648 I/Gecko   (   83): 1398527731658	Marionette	INFO	sendToClient: {"from":"0","ok":true}, {4a2eb4e0-b43c-4f97-a066-30106a2f1929}, {4a2eb4e0-b43c-4f97-a066-30106a2f1929}
04-26 08:55:31.658 I/Gecko   (   83): 1398527731670	Marionette	DEBUG	Got request: switchToFrame, data: {"to":"0","sessionId":"3-b2g","name":"switchToFrame","parameters":{"id":null,"focus":true}}, id: {cebcaed4-55e7-40a4-8acd-5808178be347}
04-26 08:55:31.658 I/Gecko   (   83): 1398527731675	Marionette	INFO	Switched to frame: {"frameValue":null}
04-26 08:55:31.788 I/Gecko   (   83): 1398527731800	Marionette	INFO	sendToClient: {"from":"0","ok":true}, {cebcaed4-55e7-40a4-8acd-5808178be347}, {cebcaed4-55e7-40a4-8acd-5808178be347}
04-26 08:55:31.788 I/Gecko   (   83): 1398527731807	Marionette	DEBUG	Got request: executeWithCallback, data: {"to":"0","sessionId":"3-b2g","name":"executeAsyncScript","parameters":{"specialPowers":false,"scriptTimeout":30000,"newSandbox":true,"args":[],"filename":"app_checker.py","script":"GaiaApps.launchWithManifestURL('https://marketplace.firefox.com/app/05019ba2-8980-45d0-acd3-f640ba09671d/manifest.webapp')","line":106}}, id: {1159b155-366f-43fb-9261-18dbebaa6059}
04-26 08:55:32.038 I/Gonk    (   83): Setting nice for pid 1454 to 18
04-26 08:55:32.038 I/Gonk    (   83): Changed nice for pid 1454 from 18 to 18.
04-26 08:55:32.048 I/Gecko   (   83): [Parent 83] WARNING: waitpid failed pid:1454 errno:10: file ../../../gecko/ipc/chromium/src/base/process_util_posix.cc, line 254
04-26 08:55:32.058 I/Gonk    (   83): Setting nice for pid 1454 to 1
04-26 08:55:32.058 I/Gonk    (   83): Changed nice for pid 1454 from 18 to 1.
04-26 08:55:32.088 E/GeckoConsole(   83): Content JS LOG at dummy file:334 in GaiaApps.launch: launching app with name 'Sound Pads All-in-one'
04-26 08:55:32.218 E/[Gralloc-ERROR](   83): int gralloc_register_buffer(const gralloc_module_t*, const native_handle_t*):79 Unable to register handle 0x46134dd0 coming from different process: 83
04-26 08:55:32.258 E/[Gralloc-ERROR](   83): int gralloc_register_buffer(const gralloc_module_t*, const native_handle_t*):79 Unable to register handle 0x4613d060 coming from different process: 83
04-26 08:55:32.258 E/[Gralloc-ERROR](   83): int gralloc_register_buffer(const gralloc_module_t*, const native_handle_t*):79 Unable to register handle 0x4613d1a0 coming from different process: 83
04-26 08:55:32.258 E/[Gralloc-ERROR](   83): int gralloc_register_buffer(const gralloc_module_t*, const native_handle_t*):79 Unable to register handle 0x4613d240 coming from different process: 83
04-26 08:55:32.408 D/Sensors (   83): activate handle=0; drv=0
04-26 08:55:32.408 D/Sensors (   83): Lis3dhSensor: Control set 1
04-26 08:55:32.408 D/Sensors (   83): Lis3dhSensor: mEnabled = 1
04-26 08:55:32.438 I/Gonk    (   83): Setting nice for pid 1445 to 18
04-26 08:55:32.448 I/Gonk    (   83): Changed nice for pid 1445 from 1 to 18.
04-26 08:55:32.628 I/log     ( 1503): <4>0[ 501.238292] select 1445 (Homescreen), adj 8, size 7799, to kill 
04-26 08:55:32.818 W/WifiHW  (   83): wifi_command: SIGNAL_POLL
04-26 08:55:33.468 I/Gonk    (   83): Setting nice for pid 1504 to 18
04-26 08:55:33.468 I/Gonk    (   83): Changed nice for pid 1504 from 0 to 18.
04-26 08:55:33.638 V/AudioPolicyManagerBase(   88): startOutput() output 1, stream 1, session 5
04-26 08:55:33.638 V/AudioPolicyManagerBase(   88): changeRefCount() stream 1, count 1
04-26 08:55:33.638 V/AudioPolicyManagerBase(   88): getDeviceForStrategy() from cache strategy 0, device 2
04-26 08:55:33.638 V/AudioPolicyManagerBase(   88): getNewDevice() selected device 2
04-26 08:55:33.638 D/AudioPolicyManagerBase(   88): setOutputDevice() output 1 device 2 delayMs 0
04-26 08:55:33.638 V/AudioPolicyManagerBase(   88): setOutputDevice() setting same device 2 or null device for output 1
04-26 08:55:33.638 E/AudioPolicyManagerBase(   88): checkAndSetVolume stream=1, index=0, output=1, device=2
04-26 08:55:33.638 E/AudioPolicyManagerBase(   88): computeVolume, streamDesc=0x17a5bb8
04-26 08:55:33.678 W/AudioFlinger(   88): Thread AudioOut_1 cannot connect to the power manager service
04-26 08:55:33.678 V/AudioPolicyManagerBase(   88): stopOutput() output 1, stream 1, session 5
04-26 08:55:33.678 V/AudioPolicyManagerBase(   88): changeRefCount() stream 1, count 0
04-26 08:55:33.678 V/AudioPolicyManagerBase(   88): getNewDevice() selected device 0
04-26 08:55:33.678 D/AudioPolicyManagerBase(   88): setOutputDevice() output 1 device 0 delayMs 290
04-26 08:55:33.678 V/AudioPolicyManagerBase(   88): setOutputDevice() setting same device 0 or null device for output 1
04-26 08:55:33.678 V/AudioPolicyManagerBase(   88): releaseOutput() 1
04-26 08:55:33.738 I/Gecko   ( 1454): ###################################### forms.js loaded
04-26 08:55:33.758 I/Gecko   ( 1454): ############################### browserElementPanning.js loaded
04-26 08:55:33.778 I/Gecko   ( 1454): ######################## BrowserElementChildPreload.js loaded
04-26 08:55:33.818 I/Gecko   (   83): [Parent 83] WARNING: pipe error (147): Connection reset by peer: file ../../../gecko/ipc/chromium/src/chrome/common/ipc_channel_posix.cc, line 446
04-26 08:55:33.828 I/Gecko   (   83): 
04-26 08:55:33.828 I/Gecko   (   83): ###!!! [Parent][MessageChannel] Error: Channel error: cannot send/recv
04-26 08:55:33.828 I/Gecko   (   83): 
04-26 08:55:33.888 I/Gecko   (   83): [Parent 83] WARNING: waitpid failed pid:1445 errno:10: file ../../../gecko/ipc/chromium/src/base/process_util_posix.cc, line 254
04-26 08:55:34.648 E/GeckoConsole( 1454): [JavaScript Error: "The character encoding of the HTML document was not declared. The document will render with garbled text in some browser configurations if the document contains characters from outside the US-ASCII range. The character encoding of the page must be declared in the document or in the transfer protocol." {file: "app://{576203ec-c520-4ced-af23-89dd4edbbc9b}/index.html" line: 0}]
04-26 08:55:35.288 I/Gonk    (   83): Setting nice for pid 1504 to 18
04-26 08:55:35.288 I/Gonk    (   83): Changed nice for pid 1504 from 18 to 18.
04-26 08:55:35.288 I/Gecko   (   83): [Parent 83] WARNING: waitpid failed pid:1504 errno:10: file ../../../gecko/ipc/chromium/src/base/process_util_posix.cc, line 254
04-26 08:55:35.308 I/Gonk    (   83): Setting nice for pid 1504 to 1
04-26 08:55:35.308 I/Gonk    (   83): Changed nice for pid 1504 from 18 to 1.
04-26 08:55:35.318 I/Gonk    (   83): Setting nice for pid 1504 to 18
04-26 08:55:35.318 I/Gonk    (   83): Changed nice for pid 1504 from 1 to 18.
04-26 08:55:35.438 I/Gecko   (   83): 1398527735452	Marionette	INFO	sendToClient: {"from":"0","value":{"frame":{"ELEMENT":"{3d231d7a-434c-4248-8317-5f01c271dee6}"},"src":"app://{576203ec-c520-4ced-af23-89dd4edbbc9b}/index.html","name":"Sound Pads All-in-one","origin":"app://{576203ec-c520-4ced-af23-89dd4edbbc9b}"}}, {1159b155-366f-43fb-9261-18dbebaa6059}, {1159b155-366f-43fb-9261-18dbebaa6059}
04-26 08:55:35.438 E/GeckoConsole(   83): Content JS LOG at dummy file:326 in GaiaApps.launch/appOpen/<: app with origin 'app://{576203ec-c520-4ced-af23-89dd4edbbc9b}' has launched
04-26 08:55:35.488 E/[Gralloc-ERROR](   83): int gralloc_unregister_buffer(const gralloc_module_t*, const native_handle_t*):274 Trying to unregister buffer 0x46134dd0 from process 83 that was not created in current process: 83
04-26 08:55:35.488 E/[Gralloc-ERROR](   83): int gralloc_unregister_buffer(const gralloc_module_t*, const native_handle_t*):274 Trying to unregister buffer 0x4613d060 from process 83 that was not created in current process: 83
04-26 08:55:35.488 E/[Gralloc-ERROR](   83): int gralloc_unregister_buffer(const gralloc_module_t*, const native_handle_t*):274 Trying to unregister buffer 0x4613d240 from process 83 that was not created in current process: 83
04-26 08:55:35.488 E/[Gralloc-ERROR](   83): int gralloc_unregister_buffer(const gralloc_module_t*, const native_handle_t*):274 Trying to unregister buffer 0x4613d1a0 from process 83 that was not created in current process: 83
04-26 08:55:35.508 I/Gecko   (   83): 1398527735525	Marionette	DEBUG	Got request: switchToFrame, data: {"to":"0","sessionId":"3-b2g","name":"switchToFrame","parameters":{"focus":true,"element":"{3d231d7a-434c-4248-8317-5f01c271dee6}"}}, id: {b17d5a24-3323-4f0e-b2b3-d71a8b24fc59}
04-26 08:55:35.518 I/Gecko   (   83): 1398527735534	Marionette	INFO	Switched to frame: {"frameValue":"{3d231d7a-434c-4248-8317-5f01c271dee6}"}
04-26 08:55:35.518 I/Gecko   (   83): 1398527735536	Marionette	INFO	trying remote frame 0
04-26 08:55:35.518 I/Gecko   (   83): 1398527735537	Marionette	INFO	deleting frame
04-26 08:55:35.528 I/Gecko   (   83): 1398527735546	Marionette	INFO	frame-manager load script: [object ChromeMessageSender]
04-26 08:55:35.888 I/Gecko   (   83): [Parent 83] WARNING: waitpid failed pid:1445 errno:10: file ../../../gecko/ipc/chromium/src/base/process_util_posix.cc, line 254
04-26 08:55:35.888 I/Gecko   (   83): [Parent 83] WARNING: Failed to deliver SIGKILL to 1445!(3).: file ../../../gecko/ipc/chromium/src/chrome/common/process_watcher_posix_sigchld.cc, line 118
04-26 08:55:36.088 I/Gecko   (   83): 1398527736107	Marionette	INFO	sendToClient: {"from":"0","ok":true}, {b17d5a24-3323-4f0e-b2b3-d71a8b24fc59}, {b17d5a24-3323-4f0e-b2b3-d71a8b24fc59}
04-26 08:55:36.108 I/Gecko   (   83): 1398527736127	Marionette	INFO	sendToClient: {"from":"0","value":"app://{576203ec-c520-4ced-af23-89dd4edbbc9b}/index.html"}, {e0ce147f-632a-46cf-9f28-89d8fb43f281}, {e0ce147f-632a-46cf-9f28-89d8fb43f281}
04-26 08:55:36.138 I/Gecko   (   83): 1398527736155	Marionette	DEBUG	Got request: execute, data: {"to":"0","sessionId":"3-b2g","name":"executeScript","parameters":{"specialPowers":false,"scriptTimeout":null,"newSandbox":true,"args":[],"filename":"app_checker.py","script":"return window.document.readyState;","line":191}}, id: {b6fff6c1-d843-4f87-af86-ee64f2c9ec2a}
04-26 08:55:36.188 I/Gecko   (   83): 1398527736207	Marionette	INFO	sendToClient: {"from":"0","value":"complete"}, {b6fff6c1-d843-4f87-af86-ee64f2c9ec2a}, {b6fff6c1-d843-4f87-af86-ee64f2c9ec2a}
04-26 08:55:36.198 I/Gecko   (   83): 1398527736216	Marionette	INFO	sendToClient: {"from":"0","value":"app://{576203ec-c520-4ced-af23-89dd4edbbc9b}/index.html"}, {20f0ac63-50d1-46bf-8056-d75709cfe6d1}, {20f0ac63-50d1-46bf-8056-d75709cfe6d1}
04-26 08:55:36.228 I/Gecko   ( 1454): Attempting load of libEGL.so
04-26 08:55:36.248 D/libEGL  ( 1454): loaded /system/lib/egl/libEGL_mali.so
04-26 08:55:36.288 D/libEGL  ( 1454): loaded /system/lib/egl/libGLESv1_CM_mali.so
04-26 08:55:36.308 D/libEGL  ( 1454): loaded /system/lib/egl/libGLESv2_mali.so
04-26 08:55:36.458 I/Gecko   ( 1454): SharedSurface_Gralloc::Create -------
04-26 08:55:36.518 I/Gecko   ( 1454): SharedSurface_Gralloc::Create: success -- surface 0x43d9aac0, GraphicBuffer 0x43d81d80.
04-26 08:55:37.018 I/log     ( 1524): <4>0[ 505.644173] select 1504 ((Preallocated a), adj 8, size 3090, to kill 
04-26 08:55:37.838 W/WifiHW  (   83): wifi_command: SIGNAL_POLL
04-26 08:55:37.978 I/Gecko   (   83): 1398527737976	Marionette	INFO	sendToClient: {"from":"0","value":"iVBORw0KGgoAAAANSUhEUgAAAUAAAAHMCAYAAACk4nEJAAAgAElEQVR4nOy9d3yUZb64HYoguqi79nX9uBq6SAfpKFZcXBUsSFURWReE9J5MZia9B0J6r5DeJslkJpn0zEwmBc6es+6edV1Az549kkbRdc/5vdf7xxQmk0KAYMQ8f1yfzDzPzHyfO3Pnyvcuz31bPfXUUwgICAhMRKzG+wIEBAQExgtBgAICAhMWQYACAgITFkGAAgICExZBgAICAhMWQYACAgITFkGAAgICExZBgAICAhMWQYACAgITFkGAAgICExZBgAICAhMWQYACAgITFkGAAgICExZBgAICAhMWQYACAgITFkGAAgICExZBgAICAhMWQYACAgITFkGAAgICExZBgAICAhMWQYACAgITFkGAAgICExZBgAICAhMWQYACAgITFkGAAgICExZBgAICAhMWQYACAgITFkGAAgICExZBgAICAhMWQYACAgITFkGAAgICExZBgAICAhMWQYACAgITFkGAAgICExZBgAICAhMWQYACAgITFkGAAgICExZBgAICAhMWQYACAgITFkGAAgICExZBgAICAhMWQYACAgITFkGAAgICExZBgAICAhMWQYACAgITFkGAAgICExZBgAICAhMWQYACAgITFkGAAgICExZBgALXxaxZs5g3bx7PPPMMK1asYOPGjWzZsoX33nuP/fv3Y2Njg4eHBwEBARw7doz4+HjS0tLIycmhoKCA4uJiysrKkMlkVFRUUFFRgUwmo7y8nNLSUoqLi8nLyyMnJ4e0tDQSEhI4duwYAQEBeHp6Ymdnx8cff8x7773Hli1b2LRpEytXrmTx4sXMnz+fWbNmjfvvSOD2QRCgwIgYhbd48WJWrVrFiy++yNtvv81HH32Era0t3t7ehIaGEh8fT0ZGBvn5+ZSXlyOXy6mpqUGlUtHQ0EBzcz
04-26 08:55:38.218 I/Gecko   (   83): 1398527738231	Marionette	INFO	sendToClient: {"from":"0","ok":true}, {5181e5f3-6526-4f3c-a361-6dec3a33e283}, {5181e5f3-6526-4f3c-a361-6dec3a33e283}
04-26 08:55:38.218 I/Gecko   (   83): 
04-26 08:55:38.218 I/Gecko   (   83): ###!!! [Parent][MessageChannel] Error: Channel error: cannot send/recv
04-26 08:55:38.218 I/Gecko   (   83): 
04-26 08:55:38.278 I/Gecko   (   83): [Parent 83] WARNING: waitpid failed pid:1504 errno:10: file ../../../gecko/ipc/chromium/src/base/process_util_posix.cc, line 254
04-26 08:55:38.308 I/Gecko   (   83): 1398527738327	Marionette	DEBUG	Got request: switchToFrame, data: {"to":"0","sessionId":"3-b2g","name":"switchToFrame","parameters":{"id":null,"focus":true}}, id: {d7dab774-aa91-400d-a2df-a48eb21f8c53}
04-26 08:55:38.328 I/Gecko   (   83): 1398527738347	Marionette	INFO	Switched to frame: {"frameValue":null}
04-26 08:55:38.438 I/Gecko   (   83): 1398527738451	Marionette	INFO	sendToClient: {"from":"0","ok":true}, {d7dab774-aa91-400d-a2df-a48eb21f8c53}, {d7dab774-aa91-400d-a2df-a48eb21f8c53}
04-26 08:55:38.448 I/Gecko   (   83): 1398527738457	Marionette	DEBUG	Got request: executeWithCallback, data: {"to":"0","sessionId":"3-b2g","name":"executeAsyncScript","parameters":{"specialPowers":false,"scriptTimeout":null,"newSandbox":true,"args":[],"filename":"gaia_test.py","script":"return GaiaApps.displayedApp();","line":66}}, id: {5a551524-9f48-496a-bfba-c73c05d859cb}
04-26 08:55:38.488 I/Gecko   (   83): 1398527738501	Marionette	INFO	sendToClient: {"from":"0","value":{"frame":{"ELEMENT":"{3d231d7a-434c-4248-8317-5f01c271dee6}"},"src":"app://{576203ec-c520-4ced-af23-89dd4edbbc9b}/index.html","name":"Sound Pads All-in-one","origin":"app://{576203ec-c520-4ced-af23-89dd4edbbc9b}"}}, {5a551524-9f48-496a-bfba-c73c05d859cb}, {5a551524-9f48-496a-bfba-c73c05d859cb}
04-26 08:55:38.498 I/Gecko   (   83): 1398527738508	Marionette	DEBUG	Got request: switchToFrame, data: {"to":"0","sessionId":"3-b2g","name":"switchToFrame","parameters":{"id":null,"focus":true}}, id: {3af8ec6b-9130-44e0-b974-011604091b4e}
04-26 08:55:38.498 E/GeckoConsole(   83): Content JS LOG at dummy file:392 in GaiaApps.displayedApp: app with origin 'app://{576203ec-c520-4ced-af23-89dd4edbbc9b}' is displayed
04-26 08:55:38.498 I/Gecko   (   83): 1398527738512	Marionette	INFO	Switched to frame: {"frameValue":null}
04-26 08:55:38.598 I/Gecko   (   83): 1398527738615	Marionette	INFO	sendToClient: {"from":"0","ok":true}, {3af8ec6b-9130-44e0-b974-011604091b4e}, {3af8ec6b-9130-44e0-b974-011604091b4e}
04-26 08:55:38.608 I/Gecko   (   83): 1398527738621	Marionette	DEBUG	Got request: execute, data: {"to":"0","sessionId":"3-b2g","name":"executeScript","parameters":{"specialPowers":false,"scriptTimeout":null,"newSandbox":true,"args":[],"filename":"gaia_test.py","script":"window.wrappedJSObject.dispatchEvent(new Event('home'));","line":788}}, id: {3b4a06a5-55a5-45b7-bdba-0b2e41e563a9}
04-26 08:55:38.768 D/Sensors (   83): activate handle=0; drv=0
04-26 08:55:38.788 D/Sensors (   83): Lis3dhSensor: Control set 0
04-26 08:55:38.788 D/Sensors (   83): Lis3dhSensor: mEnabled = 0
04-26 08:55:38.908 I/Gonk    (   83): Setting nice for pid 1525 to 18
04-26 08:55:38.918 I/Gonk    (   83): Changed nice for pid 1525 from 0 to 18.
04-26 08:55:38.928 I/Gecko   (   83): 1398527738939	Marionette	INFO	sendToClient: {"from":"0","value":null}, {3b4a06a5-55a5-45b7-bdba-0b2e41e563a9}, {3b4a06a5-55a5-45b7-bdba-0b2e41e563a9}
04-26 08:55:38.958 I/Gonk    (   83): Setting nice for pid 1525 to 18
04-26 08:55:38.958 I/Gonk    (   83): Changed nice for pid 1525 from 18 to 18.
04-26 08:55:38.958 I/Gecko   (   83): [Parent 83] WARNING: waitpid failed pid:1525 errno:10: file ../../../gecko/ipc/chromium/src/base/process_util_posix.cc, line 254
04-26 08:55:38.968 I/Gonk    (   83): Setting nice for pid 1525 to 1
04-26 08:55:38.968 I/Gonk    (   83): Changed nice for pid 1525 from 18 to 1.
04-26 08:55:38.978 I/Gecko   (   83): 1398527738992	Marionette	DEBUG	Got request: switchToFrame, data: {"to":"0","sessionId":"3-b2g","name":"switchToFrame","parameters":{"id":null,"focus":true}}, id: {5ce5a7de-9d7a-460b-8e23-302448256b3c}
04-26 08:55:38.978 I/Gecko   (   83): 1398527738995	Marionette	INFO	Switched to frame: {"frameValue":null}
04-26 08:55:39.098 I/Gecko   (   83): 1398527739098	Marionette	INFO	sendToClient: {"from":"0","ok":true}, {5ce5a7de-9d7a-460b-8e23-302448256b3c}, {5ce5a7de-9d7a-460b-8e23-302448256b3c}
04-26 08:55:39.108 I/Gecko   (   83): 1398527739118	Marionette	DEBUG	Got request: executeWithCallback, data: {"to":"0","sessionId":"3-b2g","name":"executeAsyncScript","parameters":{"specialPowers":false,"scriptTimeout":null,"newSandbox":true,"args":[],"filename":"gaia_test.py","script":"return GaiaApps.displayedApp();","line":66}}, id: {af2da226-fde5-4e29-8cf6-72bbcf64dc2c}
04-26 08:55:39.168 I/Gecko   (   83): 1398527739179	Marionette	INFO	sendToClient: {"from":"0","value":{"frame":{"ELEMENT":"{72873e99-080b-4f7f-a63b-f368e1e7c00e}"},"src":"app://homescreen.gaiamobile.org/index.html#root","name":"Homescreen","origin":"app://homescreen.gaiamobile.org"}}, {af2da226-fde5-4e29-8cf6-72bbcf64dc2c}, {af2da226-fde5-4e29-8cf6-72bbcf64dc2c}
04-26 08:55:39.178 E/GeckoConsole(   83): Content JS LOG at dummy file:392 in GaiaApps.displayedApp: app with origin 'app://homescreen.gaiamobile.org' is displayed
04-26 08:55:39.178 I/Gecko   (   83): 1398527739197	Marionette	DEBUG	Got request: switchToFrame, data: {"to":"0","sessionId":"3-b2g","name":"switchToFrame","parameters":{"id":null,"focus":true}}, id: {2c9b1d9c-0e23-40be-b312-82be73fbc580}
04-26 08:55:39.188 I/Gecko   (   83): 1398527739199	Marionette	INFO	Switched to frame: {"frameValue":null}
04-26 08:55:39.338 I/Gecko   (   83): 1398527739351	Marionette	INFO	sendToClient: {"from":"0","ok":true}, {2c9b1d9c-0e23-40be-b312-82be73fbc580}, {2c9b1d9c-0e23-40be-b312-82be73fbc580}
04-26 08:55:39.348 I/Gecko   (   83): 1398527739357	Marionette	DEBUG	Got request: switchToFrame, data: {"to":"0","sessionId":"3-b2g","name":"switchToFrame","parameters":{"id":null,"focus":true}}, id: {b5d5664a-eb89-4c25-bf5a-865b4933f878}
04-26 08:55:39.348 I/Gecko   (   83): 1398527739364	Marionette	INFO	Switched to frame: {"frameValue":null}
04-26 08:55:39.398 I/Gonk    (   83): Setting nice for pid 1533 to 18
04-26 08:55:39.398 I/Gonk    (   83): Changed nice for pid 1533 from 0 to 18.
04-26 08:55:39.448 I/Gecko   (   83): 1398527739466	Marionette	INFO	sendToClient: {"from":"0","ok":true}, {b5d5664a-eb89-4c25-bf5a-865b4933f878}, {b5d5664a-eb89-4c25-bf5a-865b4933f878}
04-26 08:55:39.458 I/Gecko   (   83): 1398527739474	Marionette	DEBUG	Got request: executeWithCallback, data: {"to":"0","sessionId":"3-b2g","name":"executeAsyncScript","parameters":{"specialPowers":false,"scriptTimeout":null,"newSandbox":true,"args":[],"filename":"gaia_test.py","script":"return GaiaApps.displayedApp();","line":66}}, id: {1f58e031-4ef0-41c7-9d01-2e2e7fdd7550}
04-26 08:55:39.528 I/Gecko   (   83): 1398527739539	Marionette	INFO	sendToClient: {"from":"0","value":{"frame":{"ELEMENT":"{72873e99-080b-4f7f-a63b-f368e1e7c00e}"},"src":"app://homescreen.gaiamobile.org/index.html#root","name":"Homescreen","origin":"app://homescreen.gaiamobile.org"}}, {1f58e031-4ef0-41c7-9d01-2e2e7fdd7550}, {1f58e031-4ef0-41c7-9d01-2e2e7fdd7550}
04-26 08:55:39.538 E/GeckoConsole(   83): Content JS LOG at dummy file:392 in GaiaApps.displayedApp: app with origin 'app://homescreen.gaiamobile.org' is displayed
04-26 08:55:39.538 I/Gecko   (   83): 1398527739550	Marionette	DEBUG	Got request: switchToFrame, data: {"to":"0","sessionId":"3-b2g","name":"switchToFrame","parameters":{"focus":true,"element":"{72873e99-080b-4f7f-a63b-f368e1e7c00e}"}}, id: {c673cbdd-1821-4fd8-afe5-dc6d1267a5a8}
04-26 08:55:39.548 I/Gecko   (   83): 1398527739564	Marionette	INFO	Switched to frame: {"frameValue":"{72873e99-080b-4f7f-a63b-f368e1e7c00e}"}
04-26 08:55:39.558 I/Gecko   (   83): 1398527739567	Marionette	INFO	trying remote frame 0
04-26 08:55:39.558 I/Gecko   (   83): 1398527739577	Marionette	INFO	deleting frame
04-26 08:55:39.568 I/Gecko   (   83): 1398527739582	Marionette	INFO	frame-manager load script: [object ChromeMessageSender]
04-26 08:55:40.278 I/Gecko   (   83): [Parent 83] WARNING: waitpid failed pid:1504 errno:10: file ../../../gecko/ipc/chromium/src/base/process_util_posix.cc, line 254
04-26 08:55:40.278 I/Gecko   (   83): [Parent 83] WARNING: Failed to deliver SIGKILL to 1504!(3).: file ../../../gecko/ipc/chromium/src/chrome/common/process_watcher_posix_sigchld.cc, line 118
04-26 08:55:40.528 E/[Gralloc-ERROR](   83): int gralloc_register_buffer(const gralloc_module_t*, const native_handle_t*):79 Unable to register handle 0x441dba60 coming from different process: 83
04-26 08:55:40.538 E/[Gralloc-ERROR](   83): int gralloc_register_buffer(const gralloc_module_t*, const native_handle_t*):79 Unable to register handle 0x441dbb50 coming from different process: 83
04-26 08:55:40.798 E/[Gralloc-ERROR](   83): int gralloc_unregister_buffer(const gralloc_module_t*, const native_handle_t*):274 Trying to unregister buffer 0x441dbb50 from process 83 that was not created in current process: 83
04-26 08:55:40.798 E/[Gralloc-ERROR](   83): int gralloc_unregister_buffer(const gralloc_module_t*, const native_handle_t*):274 Trying to unregister buffer 0x441dba60 from process 83 that was not created in current process: 83
04-26 08:55:41.178 I/Gonk    (   83): Setting nice for pid 1454 to 18
04-26 08:55:41.178 I/Gonk    (   83): Changed nice for pid 1454 from 1 to 18.
04-26 08:55:41.458 I/log     ( 1543): <4>0[ 509.884297] select 1454 (Sound Pads All-), adj 10, size 6191, to kill 
04-26 08:55:41.618 I/Gecko   (   83): [Parent 83] WARNING: pipe error (170): Connection reset by peer: file ../../../gecko/ipc/chromium/src/chrome/common/ipc_channel_posix.cc, line 446
04-26 08:55:41.678 I/Gecko   (   83): 
04-26 08:55:41.678 I/Gecko   (   83): ###!!! [Parent][MessageChannel] Error: Channel error: cannot send/recv
04-26 08:55:41.678 I/Gecko   (   83): 
04-26 08:55:41.758 I/Gecko   (   83): [Parent 83] WARNING: waitpid failed pid:1454 errno:10: file ../../../gecko/ipc/chromium/src/base/process_util_posix.cc, line 254
04-26 08:55:42.138 I/Gecko   ( 1525): ###################################### forms.js loaded
04-26 08:55:42.158 I/Gecko   ( 1525): ############################### browserElementPanning.js loaded
04-26 08:55:42.178 I/Gecko   ( 1525): ######################## BrowserElementChildPreload.js loaded
04-26 08:55:42.818 W/WifiHW  (   83): wifi_command: SIGNAL_POLL
04-26 08:55:43.158 I/Gecko   (   83): 1398527743171	Marionette	INFO	sendToClient: {"from":"0","ok":true}, {c673cbdd-1821-4fd8-afe5-dc6d1267a5a8}, {c673cbdd-1821-4fd8-afe5-dc6d1267a5a8}
04-26 08:55:43.518 I/Gecko   (   83): 1398527743536	Marionette	INFO	sendToClient: {"from":"0","value":"app://homescreen.gaiamobile.org/index.html#root"}, {1d366133-28c4-407c-bdaf-6e13ccca7fbc}, {1d366133-28c4-407c-bdaf-6e13ccca7fbc}
04-26 08:55:43.528 I/Gecko   (   83): 1398527743544	Marionette	DEBUG	Got request: switchToFrame, data: {"to":"0","sessionId":"3-b2g","name":"switchToFrame","parameters":{"id":null,"focus":true}}, id: {d22fedb9-e10b-433b-8904-2ddc7d63b786}
04-26 08:55:43.548 I/Gecko   (   83): 1398527743560	Marionette	INFO	Switched to frame: {"frameValue":null}
04-26 08:55:43.648 I/Gecko   (   83): 1398527743665	Marionette	INFO	sendToClient: {"from":"0","ok":true}, {d22fedb9-e10b-433b-8904-2ddc7d63b786}, {d22fedb9-e10b-433b-8904-2ddc7d63b786}
04-26 08:55:43.658 I/Gecko   (   83): 1398527743671	Marionette	DEBUG	Got request: switchToFrame, data: {"to":"0","sessionId":"3-b2g","name":"switchToFrame","parameters":{"id":null,"focus":true}}, id: {3aa1f058-23d3-40bc-9f7e-f864006dc067}
04-26 08:55:43.658 I/Gecko   (   83): 1398527743673	Marionette	INFO	Switched to frame: {"frameValue":null}
04-26 08:55:43.758 I/Gecko   (   83): [Parent 83] WARNING: waitpid failed pid:1454 errno:10: file ../../../gecko/ipc/chromium/src/base/process_util_posix.cc, line 254
04-26 08:55:43.758 I/Gecko   (   83): [Parent 83] WARNING: Failed to deliver SIGKILL to 1454!(3).: file ../../../gecko/ipc/chromium/src/chrome/common/process_watcher_posix_sigchld.cc, line 118
04-26 08:55:43.758 I/Gecko   (   83): 1398527743776	Marionette	INFO	sendToClient: {"from":"0","ok":true}, {3aa1f058-23d3-40bc-9f7e-f864006dc067}, {3aa1f058-23d3-40bc-9f7e-f864006dc067}
04-26 08:55:43.768 I/Gecko   (   83): 1398527743785	Marionette	DEBUG	Got request: executeWithCallback, data: {"to":"0","sessionId":"3-b2g","name":"executeAsyncScript","parameters":{"specialPowers":false,"scriptTimeout":null,"newSandbox":true,"args":[],"filename":"gaia_test.py","script":"GaiaApps.killAll()","line":91}}, id: {1346e47c-d3c0-4019-a8b1-c7ea69d26336}
04-26 08:55:43.878 I/Gecko   (   83): 1398527743892	Marionette	INFO	sendToClient: {"from":"0","value":true}, {1346e47c-d3c0-4019-a8b1-c7ea69d26336}, {1346e47c-d3c0-4019-a8b1-c7ea69d26336}
04-26 08:55:43.888 I/Gecko   (   83): 1398527743899	Marionette	DEBUG	Got request: switchToFrame, data: {"to":"0","sessionId":"3-b2g","name":"switchToFrame","parameters":{"id":null,"focus":true}}, id: {54c06d63-9d87-470e-a195-3c76746f6a65}
04-26 08:55:43.898 I/Gecko   (   83): 1398527743909	Marionette	INFO	Switched to frame: {"frameValue":null}
04-26 08:55:43.998 I/Gecko   (   83): 1398527744011	Marionette	INFO	sendToClient: {"from":"0","ok":true}, {54c06d63-9d87-470e-a195-3c76746f6a65}, {54c06d63-9d87-470e-a195-3c76746f6a65}
04-26 08:55:44.028 I/Gecko   (   83): 1398527744046	Marionette	DEBUG	Got request: executeWithCallback, data: {"to":"0","sessionId":"3-b2g","name":"executeAsyncScript","parameters":{"specialPowers":false,"scriptTimeout":60000,"newSandbox":true,"args":[],"filename":"app_checker.py","script":"\n        GaiaApps.locateWithManifestURL('https://marketplace.firefox.com/app/05019ba2-8980-45d0-acd3-f640ba09671d/manifest.webapp',\n                                       null,\n                                       function uninstall(app) {\n                                       navigator.mozApps.mgmt.uninstall(app);\n                                       marionetteScriptFinished(true);\n                                       });\n        ","line":129}}, id: {6ea1918b-60e4-42d5-9a57-f1c77bb20932}
04-26 08:55:44.078 I/Gecko   (   83): -- webapps.js uninstall https://marketplace.firefox.com/app/05019ba2-8980-45d0-acd3-f640ba09671d/manifest.webapp
04-26 08:55:44.428 I/Gecko   (   83): 1398527744446	Marionette	INFO	sendToClient: {"from":"0","value":true}, {6ea1918b-60e4-42d5-9a57-f1c77bb20932}, {6ea1918b-60e4-42d5-9a57-f1c77bb20932}