--------- beginning of /dev/log/main
04-26 13:49:24.828 I/Gecko   (   83): 1398545364839	Marionette	INFO	sendToClient: {"from":"0","ok":true}, {54ac3ec9-44b5-4a32-9abb-adb1dc3e7118}, {54ac3ec9-44b5-4a32-9abb-adb1dc3e7118}
04-26 13:49:24.848 I/Gecko   (   83): 1398545364859	Marionette	DEBUG	Got request: switchToFrame, data: {"to":"0","sessionId":"3-b2g","name":"switchToFrame","parameters":{"id":null,"focus":true}}, id: {24236121-4d32-4cad-94da-ad0701146cfc}
04-26 13:49:24.848 I/Gecko   (   83): 1398545364863	Marionette	INFO	Switched to frame: {"frameValue":null}
04-26 13:49:24.948 I/Gecko   (   83): 1398545364965	Marionette	INFO	sendToClient: {"from":"0","ok":true}, {24236121-4d32-4cad-94da-ad0701146cfc}, {24236121-4d32-4cad-94da-ad0701146cfc}
04-26 13:49:24.958 I/Gecko   (   83): 1398545364972	Marionette	DEBUG	Got request: executeWithCallback, data: {"to":"0","sessionId":"3-b2g","name":"executeAsyncScript","parameters":{"specialPowers":false,"scriptTimeout":null,"newSandbox":true,"args":[],"filename":"gaia_test.py","script":"return GaiaApps.displayedApp();","line":66}}, id: {f7f4a66e-761d-4f09-a7cc-030d4ac43a8b}
04-26 13:49:24.988 I/Gecko   (   83): 1398545365007	Marionette	INFO	sendToClient: {"from":"0","value":{"frame":{"ELEMENT":"{7cc59812-63ee-4f4d-b519-51bc6082e367}"},"src":"app://homescreen.gaiamobile.org/index.html#rootSat%20Apr%2026%202014%2013:45:44%20GMT-0700%20(UTC)","name":"Homescreen","origin":"app://homescreen.gaiamobile.org"}}, {f7f4a66e-761d-4f09-a7cc-030d4ac43a8b}, {f7f4a66e-761d-4f09-a7cc-030d4ac43a8b}
04-26 13:49:24.998 I/Gecko   (   83): 1398545365014	Marionette	DEBUG	Got request: switchToFrame, data: {"to":"0","sessionId":"3-b2g","name":"switchToFrame","parameters":{"id":null,"focus":true}}, id: {db9b98c9-71cc-4a3c-bdb7-952f0d173222}
04-26 13:49:24.998 I/Gecko   (   83): 1398545365015	Marionette	INFO	Switched to frame: {"frameValue":null}
04-26 13:49:25.008 E/GeckoConsole(   83): Content JS LOG at dummy file:392 in GaiaApps.displayedApp: app with origin 'app://homescreen.gaiamobile.org' is displayed
04-26 13:49:25.108 I/Gecko   (   83): 1398545365118	Marionette	INFO	sendToClient: {"from":"0","ok":true}, {db9b98c9-71cc-4a3c-bdb7-952f0d173222}, {db9b98c9-71cc-4a3c-bdb7-952f0d173222}
04-26 13:49:25.108 I/Gecko   (   83): 1398545365124	Marionette	DEBUG	Got request: switchToFrame, data: {"to":"0","sessionId":"3-b2g","name":"switchToFrame","parameters":{"id":null,"focus":true}}, id: {79e1d199-26b4-477b-8283-07a13013c596}
04-26 13:49:25.118 I/Gecko   (   83): 1398545365128	Marionette	INFO	Switched to frame: {"frameValue":null}
04-26 13:49:25.218 I/Gecko   (   83): 1398545365231	Marionette	INFO	sendToClient: {"from":"0","ok":true}, {79e1d199-26b4-477b-8283-07a13013c596}, {79e1d199-26b4-477b-8283-07a13013c596}
04-26 13:49:25.218 I/Gecko   (   83): 1398545365236	Marionette	DEBUG	Got request: executeWithCallback, data: {"to":"0","sessionId":"3-b2g","name":"executeAsyncScript","parameters":{"specialPowers":false,"scriptTimeout":null,"newSandbox":true,"args":[],"filename":"gaia_test.py","script":"return GaiaApps.displayedApp();","line":66}}, id: {a602167a-4bbb-472d-8c17-bd69a6e4e908}
04-26 13:49:25.278 I/Gecko   (   83): [Parent 83] WARNING: waitpid failed pid:1689 errno:10: file ../../../gecko/ipc/chromium/src/base/process_util_posix.cc, line 254
04-26 13:49:25.278 I/Gecko   (   83): [Parent 83] WARNING: Failed to deliver SIGKILL to 1689!(3).: file ../../../gecko/ipc/chromium/src/chrome/common/process_watcher_posix_sigchld.cc, line 118
04-26 13:49:25.318 I/Gecko   (   83): 1398545365328	Marionette	INFO	sendToClient: {"from":"0","value":{"frame":{"ELEMENT":"{7cc59812-63ee-4f4d-b519-51bc6082e367}"},"src":"app://homescreen.gaiamobile.org/index.html#rootSat%20Apr%2026%202014%2013:45:44%20GMT-0700%20(UTC)","name":"Homescreen","origin":"app://homescreen.gaiamobile.org"}}, {a602167a-4bbb-472d-8c17-bd69a6e4e908}, {a602167a-4bbb-472d-8c17-bd69a6e4e908}
04-26 13:49:25.328 E/GeckoConsole(   83): Content JS LOG at dummy file:392 in GaiaApps.displayedApp: app with origin 'app://homescreen.gaiamobile.org' is displayed
04-26 13:49:25.338 I/Gecko   (   83): 1398545365351	Marionette	DEBUG	Got request: switchToFrame, data: {"to":"0","sessionId":"3-b2g","name":"switchToFrame","parameters":{"focus":true,"element":"{7cc59812-63ee-4f4d-b519-51bc6082e367}"}}, id: {218f96e2-32aa-4e83-ae4f-f52a2f9513a7}
04-26 13:49:25.348 I/Gecko   (   83): 1398545365364	Marionette	INFO	Switched to frame: {"frameValue":"{7cc59812-63ee-4f4d-b519-51bc6082e367}"}
04-26 13:49:25.358 I/Gecko   (   83): 1398545365369	Marionette	INFO	trying remote frame 0
04-26 13:49:25.368 I/Gecko   (   83): 1398545365378	Marionette	INFO	trying remote frame 1
04-26 13:49:25.398 I/Gecko   (   83): 1398545365410	Marionette	INFO	sendToClient: {"from":"0","ok":true}, {218f96e2-32aa-4e83-ae4f-f52a2f9513a7}, {218f96e2-32aa-4e83-ae4f-f52a2f9513a7}
04-26 13:49:25.418 I/Gecko   (   83): 1398545365433	Marionette	INFO	sendToClient: {"from":"0","value":{"ELEMENT":"{44ab0784-2d4e-4e7d-ab38-958eef17ba6a}"}}, {af767ae3-5112-4c45-a7d3-87c89930de3e}, {af767ae3-5112-4c45-a7d3-87c89930de3e}
04-26 13:49:25.468 V/AudioPolicyManagerBase(   88): startOutput() output 1, stream 1, session 5
04-26 13:49:25.468 V/AudioPolicyManagerBase(   88): changeRefCount() stream 1, count 1
04-26 13:49:25.468 V/AudioPolicyManagerBase(   88): getDeviceForStrategy() from cache strategy 0, device 2
04-26 13:49:25.468 V/AudioPolicyManagerBase(   88): getNewDevice() selected device 2
04-26 13:49:25.468 D/AudioPolicyManagerBase(   88): setOutputDevice() output 1 device 2 delayMs 0
04-26 13:49:25.468 V/AudioPolicyManagerBase(   88): setOutputDevice() setting same device 2 or null device for output 1
04-26 13:49:25.468 E/AudioPolicyManagerBase(   88): checkAndSetVolume stream=1, index=0, output=1, device=2
04-26 13:49:25.468 E/AudioPolicyManagerBase(   88): computeVolume, streamDesc=0x6abb8
04-26 13:49:25.508 W/AudioFlinger(   88): Thread AudioOut_1 cannot connect to the power manager service
04-26 13:49:25.508 V/AudioPolicyManagerBase(   88): stopOutput() output 1, stream 1, session 5
04-26 13:49:25.508 V/AudioPolicyManagerBase(   88): changeRefCount() stream 1, count 0
04-26 13:49:25.508 V/AudioPolicyManagerBase(   88): getNewDevice() selected device 0
04-26 13:49:25.508 D/AudioPolicyManagerBase(   88): setOutputDevice() output 1 device 0 delayMs 290
04-26 13:49:25.508 V/AudioPolicyManagerBase(   88): setOutputDevice() setting same device 0 or null device for output 1
04-26 13:49:25.518 V/AudioPolicyManagerBase(   88): startOutput() output 1, stream 1, session 5
04-26 13:49:25.518 V/AudioPolicyManagerBase(   88): changeRefCount() stream 1, count 1
04-26 13:49:25.518 V/AudioPolicyManagerBase(   88): getDeviceForStrategy() from cache strategy 0, device 2
04-26 13:49:25.518 V/AudioPolicyManagerBase(   88): getNewDevice() selected device 2
04-26 13:49:25.518 D/AudioPolicyManagerBase(   88): setOutputDevice() output 1 device 2 delayMs 0
04-26 13:49:25.518 V/AudioPolicyManagerBase(   88): setOutputDevice() setting same device 2 or null device for output 1
04-26 13:49:25.518 E/AudioPolicyManagerBase(   88): checkAndSetVolume stream=1, index=0, output=1, device=2
04-26 13:49:25.518 E/AudioPolicyManagerBase(   88): computeVolume, streamDesc=0x6abb8
04-26 13:49:25.518 V/AudioPolicyManagerBase(   88): stopOutput() output 1, stream 1, session 5
04-26 13:49:25.518 V/AudioPolicyManagerBase(   88): changeRefCount() stream 1, count 0
04-26 13:49:25.518 V/AudioPolicyManagerBase(   88): getNewDevice() selected device 0
04-26 13:49:25.518 D/AudioPolicyManagerBase(   88): setOutputDevice() output 1 device 0 delayMs 290
04-26 13:49:25.518 V/AudioPolicyManagerBase(   88): setOutputDevice() setting same device 0 or null device for output 1
04-26 13:49:25.528 V/AudioPolicyManagerBase(   88): releaseOutput() 1
04-26 13:49:25.578 I/Gecko   (   83): 1398545365592	Marionette	INFO	sendToClient: {"from":"0","value":"normal"}, {c33c9634-d1e4-4274-a511-963381ee9915}, {c33c9634-d1e4-4274-a511-963381ee9915}
04-26 13:49:25.588 I/Gecko   (   83): 1398545365599	Marionette	DEBUG	Got request: switchToFrame, data: {"to":"0","sessionId":"3-b2g","name":"switchToFrame","parameters":{"id":null,"focus":true}}, id: {d76defda-0e9b-4451-9dc7-c8bd5043b9ad}
04-26 13:49:25.598 I/Gecko   (   83): 1398545365611	Marionette	INFO	Switched to frame: {"frameValue":null}
04-26 13:49:25.698 I/Gecko   (   83): 1398545365714	Marionette	INFO	sendToClient: {"from":"0","ok":true}, {d76defda-0e9b-4451-9dc7-c8bd5043b9ad}, {d76defda-0e9b-4451-9dc7-c8bd5043b9ad}
04-26 13:49:25.708 I/Gecko   (   83): 1398545365720	Marionette	DEBUG	Got request: execute, data: {"to":"0","sessionId":"3-b2g","name":"executeScript","parameters":{"specialPowers":false,"scriptTimeout":null,"newSandbox":true,"args":[],"filename":"gaia_test.py","script":"window.wrappedJSObject.dispatchEvent(new Event('home'));","line":788}}, id: {3a99be76-caef-4725-bdda-d4a886175f52}
04-26 13:49:25.748 I/Gecko   (   83): 1398545365761	Marionette	INFO	sendToClient: {"from":"0","value":null}, {3a99be76-caef-4725-bdda-d4a886175f52}, {3a99be76-caef-4725-bdda-d4a886175f52}
04-26 13:49:25.758 I/Gecko   (   83): 1398545365773	Marionette	DEBUG	Got request: switchToFrame, data: {"to":"0","sessionId":"3-b2g","name":"switchToFrame","parameters":{"id":null,"focus":true}}, id: {568edd91-ddae-434e-a2a0-1ab8cf851cd7}
04-26 13:49:25.758 I/Gecko   (   83): 1398545365775	Marionette	INFO	Switched to frame: {"frameValue":null}
04-26 13:49:25.868 I/Gecko   (   83): 1398545365878	Marionette	INFO	sendToClient: {"from":"0","ok":true}, {568edd91-ddae-434e-a2a0-1ab8cf851cd7}, {568edd91-ddae-434e-a2a0-1ab8cf851cd7}
04-26 13:49:25.868 I/Gecko   (   83): 1398545365884	Marionette	DEBUG	Got request: switchToFrame, data: {"to":"0","sessionId":"3-b2g","name":"switchToFrame","parameters":{"id":null,"focus":true}}, id: {e0250b90-9e13-44e3-8f4e-4d77ecebce3b}
04-26 13:49:25.868 I/Gecko   (   83): 1398545365886	Marionette	INFO	Switched to frame: {"frameValue":null}
04-26 13:49:25.978 I/Gecko   (   83): 1398545365989	Marionette	INFO	sendToClient: {"from":"0","ok":true}, {e0250b90-9e13-44e3-8f4e-4d77ecebce3b}, {e0250b90-9e13-44e3-8f4e-4d77ecebce3b}
04-26 13:49:25.978 I/Gecko   (   83): 1398545365995	Marionette	DEBUG	Got request: executeWithCallback, data: {"to":"0","sessionId":"3-b2g","name":"executeAsyncScript","parameters":{"specialPowers":false,"scriptTimeout":null,"newSandbox":true,"args":[],"filename":"gaia_test.py","script":"return GaiaApps.displayedApp();","line":66}}, id: {bb39a03e-a183-48dd-8a4e-b30d8fccca29}
04-26 13:49:26.028 I/Gecko   (   83): 1398545366042	Marionette	INFO	sendToClient: {"from":"0","value":{"frame":{"ELEMENT":"{7cc59812-63ee-4f4d-b519-51bc6082e367}"},"src":"app://homescreen.gaiamobile.org/index.html#rootSat%20Apr%2026%202014%2013:49:25%20GMT-0700%20(UTC)","name":"Homescreen","origin":"app://homescreen.gaiamobile.org"}}, {bb39a03e-a183-48dd-8a4e-b30d8fccca29}, {bb39a03e-a183-48dd-8a4e-b30d8fccca29}
04-26 13:49:26.038 E/GeckoConsole(   83): Content JS LOG at dummy file:392 in GaiaApps.displayedApp: app with origin 'app://homescreen.gaiamobile.org' is displayed
04-26 13:49:26.038 I/Gecko   (   83): 1398545366055	Marionette	DEBUG	Got request: switchToFrame, data: {"to":"0","sessionId":"3-b2g","name":"switchToFrame","parameters":{"focus":true,"element":"{7cc59812-63ee-4f4d-b519-51bc6082e367}"}}, id: {093f9dd9-cc73-45f7-82c0-bf3aea69bf0b}
04-26 13:49:26.048 I/Gecko   (   83): 1398545366062	Marionette	INFO	Switched to frame: {"frameValue":"{7cc59812-63ee-4f4d-b519-51bc6082e367}"}
04-26 13:49:26.048 I/Gecko   (   83): 1398545366063	Marionette	INFO	trying remote frame 0
04-26 13:49:26.048 I/Gecko   (   83): 1398545366065	Marionette	INFO	trying remote frame 1
04-26 13:49:26.058 I/Gecko   (   83): 1398545366074	Marionette	INFO	sendToClient: {"from":"0","ok":true}, {093f9dd9-cc73-45f7-82c0-bf3aea69bf0b}, {093f9dd9-cc73-45f7-82c0-bf3aea69bf0b}
04-26 13:49:26.068 I/Gecko   (   83): 1398545366086	Marionette	DEBUG	Got request: execute, data: {"to":"0","sessionId":"3-b2g","name":"executeScript","parameters":{"specialPowers":false,"scriptTimeout":null,"newSandbox":true,"args":[],"filename":"gaia_test.py","script":"return window.wrappedJSObject.GridManager.pageHelper.getCurrentPageNumber();","line":784}}, id: {84592865-a8d1-436b-ae9c-d77790345c38}
04-26 13:49:26.098 I/Gecko   (   83): 1398545366115	Marionette	INFO	sendToClient: {"from":"0","value":0}, {84592865-a8d1-436b-ae9c-d77790345c38}, {84592865-a8d1-436b-ae9c-d77790345c38}
04-26 13:49:26.138 I/Gecko   (   83): 1398545366151	Marionette	INFO	sendToClient: {"from":"0","value":["{e0a69ee4-e8f6-43cf-b603-c4a6a6a5a0c2}","{590c7f99-bb18-4c6c-a896-6c5bd3516c91}","{9810213e-7107-45d1-b985-4e0b0e6ff4cc}","{34c14b62-c952-44bb-82f2-a00cff0cd58d}","{5b9b70a4-c62b-4525-a836-fdf793b83d70}","{062fc7a5-b919-4b0a-86ec-ed56ba80e26d}","{7b80d9d9-a52d-49fa-b029-a8244df37ec7}","{16ffe17c-3545-41fb-976d-1b1956569304}","{58407890-e0ed-47ca-a869-b9ccfc195a0d}","{be078e0c-54a0-4a71-bc90-f596f240a191}","{ad89427b-3f93-4215-a62d-1bc8ab276e81}","{79516d49-dfb9-4d7a-baa6-af0c405c5f14}","{e4f04419-1e90-4bc9-abeb-0cceb7c43973}","{7a2dfdb2-b4db-4905-82b6-5815e8789692}","{cb27f355-5ad5-4c73-b33c-140841087fcf}","{8a7edc72-7dc8-4400-8cba-33cbb2f8883b}","{724ccc14-e060-491e-8207-04e994a18fcd}","{f53f4714-9fb5-4cac-ba93-d066470d5b11}","{89d4f1e4-c664-43bb-93e3-244e66047069}","{d3d014b4-f36e-4c4f-87f0-feda1c8bef60}","{115c96bd-040a-40e0-9d0f-4d7f32064785}","{501defad-8029-4fc9-993a-8f742d1b95fe}","{45ea8ca6-019a-466d-97ac-7bae1c3ee906}","{333c6d08-ba09
04-26 13:49:26.158 I/Gecko   (   83): 1398545366168	Marionette	INFO	sendToClient: {"from":"0","value":"app://homescreen.gaiamobile.org/index.html#rootSat%20Apr%2026%202014%2013:49:25%20GMT-0700%20(UTC)"}, {e9705378-4461-4b8e-8e06-3e46eced29dd}, {e9705378-4461-4b8e-8e06-3e46eced29dd}
04-26 13:49:26.158 I/Gecko   (   83): 1398545366174	Marionette	DEBUG	Got request: switchToFrame, data: {"to":"0","sessionId":"3-b2g","name":"switchToFrame","parameters":{"id":null,"focus":true}}, id: {d00bb094-d31d-483a-9bc5-a72f7869d4fc}
04-26 13:49:26.168 I/Gecko   (   83): 1398545366187	Marionette	INFO	Switched to frame: {"frameValue":null}
04-26 13:49:26.278 I/Gecko   (   83): 1398545366289	Marionette	INFO	sendToClient: {"from":"0","ok":true}, {d00bb094-d31d-483a-9bc5-a72f7869d4fc}, {d00bb094-d31d-483a-9bc5-a72f7869d4fc}
04-26 13:49:26.278 I/Gecko   (   83): 1398545366296	Marionette	DEBUG	Got request: switchToFrame, data: {"to":"0","sessionId":"3-b2g","name":"switchToFrame","parameters":{"id":null,"focus":true}}, id: {db402046-e79a-45c4-8da4-ac292f06ce70}
04-26 13:49:26.288 I/Gecko   (   83): 1398545366298	Marionette	INFO	Switched to frame: {"frameValue":null}
04-26 13:49:26.388 I/Gecko   (   83): 1398545366401	Marionette	INFO	sendToClient: {"from":"0","ok":true}, {db402046-e79a-45c4-8da4-ac292f06ce70}, {db402046-e79a-45c4-8da4-ac292f06ce70}
04-26 13:49:26.398 I/Gecko   (   83): 1398545366408	Marionette	DEBUG	Got request: executeWithCallback, data: {"to":"0","sessionId":"3-b2g","name":"executeAsyncScript","parameters":{"specialPowers":false,"scriptTimeout":30000,"newSandbox":true,"args":[],"filename":"app_checker.py","script":"GaiaApps.launchWithManifestURL('https://marketplace.firefox.com/app/6c348f71-2e89-4af0-827d-608822e3a1b8/manifest.webapp')","line":106}}, id: {135cf341-a161-4ccf-a4d3-30d25a70da8c}
04-26 13:49:26.458 E/GeckoConsole(   83): Content JS LOG at dummy file:334 in GaiaApps.launch: launching app with name 'Swiper'
04-26 13:49:26.488 W/WifiHW  (   83): wifi_command: SIGNAL_POLL
04-26 13:49:26.618 I/Gonk    (   83): Setting nice for pid 1736 to 18
04-26 13:49:26.618 I/Gonk    (   83): Changed nice for pid 1736 from 0 to 18.
04-26 13:49:26.628 I/Gecko   (   83): [Parent 83] WARNING: waitpid failed pid:1736 errno:10: file ../../../gecko/ipc/chromium/src/base/process_util_posix.cc, line 254
04-26 13:49:26.628 I/Gonk    (   83): Setting nice for pid 1736 to 1
04-26 13:49:26.628 I/Gonk    (   83): Changed nice for pid 1736 from 18 to 1.
04-26 13:49:26.938 E/[Gralloc-ERROR](   83): int gralloc_register_buffer(const gralloc_module_t*, const native_handle_t*):79 Unable to register handle 0x45dcd150 coming from different process: 83
04-26 13:49:26.938 E/[Gralloc-ERROR](   83): int gralloc_register_buffer(const gralloc_module_t*, const native_handle_t*):79 Unable to register handle 0x45dcd290 coming from different process: 83
04-26 13:49:26.998 D/Sensors (   83): activate handle=0; drv=0
04-26 13:49:27.038 D/Sensors (   83): Lis3dhSensor: Control set 1
04-26 13:49:27.038 D/Sensors (   83): Lis3dhSensor: mEnabled = 1
04-26 13:49:30.958 I/Gecko   ( 1736): Attempting load of libEGL.so
04-26 13:49:31.098 D/libEGL  ( 1736): loaded /system/lib/egl/libEGL_mali.so
04-26 13:49:31.168 D/libEGL  ( 1736): loaded /system/lib/egl/libGLESv1_CM_mali.so
04-26 13:49:31.218 D/libEGL  ( 1736): loaded /system/lib/egl/libGLESv2_mali.so
04-26 13:49:31.288 I/Gecko   ( 1736): SharedSurface_Gralloc::Create -------
04-26 13:49:31.408 I/Gecko   ( 1736): SharedSurface_Gralloc::Create: success -- surface 0x435ab340, GraphicBuffer 0x43603c80.
04-26 13:49:31.498 W/WifiHW  (   83): wifi_command: SIGNAL_POLL
04-26 13:49:32.798 E/GeckoConsole( 1736): [JavaScript Warning: "Unknown property 'user-select'.  Declaration dropped." {file: "app://{9cb4adc8-fbd8-42ac-a727-89de612988ed}/index.html" line: 9 column: 138 source: "html{height: 100%; width: 100%;-webkit-user-select: none;-khtml-user-select: none;-moz-user-select: none;-ms-user-select: none;user-select: none;}html,body{color:white; padding: 0; margin: 0; font-size: 20px; background: #575757;}#center{margin: auto;text-align: center;}#cr-stage{box-shadow:inset 0 0 10px #000000;margin: auto;text-align: center;}"}]
04-26 13:49:32.888 E/GeckoConsole( 1736): [JavaScript Warning: "Unknown property '-moz-box-shadow'.  Declaration dropped." {file: "app://{9cb4adc8-fbd8-42ac-a727-89de612988ed}/index.html" line: 24 column: 17 source: "		-moz-box-shadow:    0px 6px 8px rgba(50, 50, 50, 0.5);"}]
04-26 13:49:33.118 E/Profiler( 1857): BEGIN mozilla_sampler_init
04-26 13:49:33.118 E/Profiler( 1857): BPUnw: [1 total] thread_register_for_profiling(me=0x400fe488, stacktop=0xbeb0a9b7)
04-26 13:49:33.128 E/Profiler( 1857): SPS:
04-26 13:49:33.128 E/Profiler( 1857): SPS: Unwind mode       = pseudo
04-26 13:49:33.128 E/Profiler( 1857): SPS: Sampling interval = 0 ms (zero means "platform default")
04-26 13:49:33.128 E/Profiler( 1857): SPS: Entry store size  = 0 (zero means "platform default")
04-26 13:49:33.128 E/Profiler( 1857): SPS: UnwindStackScan   = 0 (max dubious frames per unwind).
04-26 13:49:33.128 E/Profiler( 1857): SPS: Use env var MOZ_PROFILER_MODE=help for further information.
04-26 13:49:33.128 E/Profiler( 1857): SPS:
04-26 13:49:33.128 E/Profiler( 1857): Registering start signal
04-26 13:49:33.278 E/GeckoConsole( 1736): [JavaScript Error: "The character encoding of the HTML document was not declared. The document will render with garbled text in some browser configurations if the document contains characters from outside the US-ASCII range. The character encoding of the page must be declared in the document or in the transfer protocol." {file: "app://{9cb4adc8-fbd8-42ac-a727-89de612988ed}/index.html" line: 0}]
04-26 13:49:33.578 E/GeckoConsole( 1857): Could not read chrome manifest 'file:///system/b2g/chrome.manifest'.
04-26 13:49:34.498 E/GeckoConsole( 1736): [JavaScript Warning: "Expected color but found 'assets'.  Error in parsing value for 'background'.  Declaration dropped." {file: "app://{9cb4adc8-fbd8-42ac-a727-89de612988ed}/index.html" line: 0 column: 0 source: "assets/images/background.png"}]
04-26 13:49:35.568 E/GeckoConsole( 1736): [JavaScript Warning: "Expected color but found 'undefined'.  Error in parsing value for 'color'.  Declaration dropped." {file: "app://{9cb4adc8-fbd8-42ac-a727-89de612988ed}/index.html" line: 0 column: 0 source: "undefined"}]
04-26 13:49:36.328 E/GeckoConsole(   83): Content JS LOG at dummy file:326 in GaiaApps.launch/appOpen/<: app with origin 'app://{9cb4adc8-fbd8-42ac-a727-89de612988ed}' has launched
04-26 13:49:36.368 I/Gecko   (   83): 1398545376386	Marionette	INFO	sendToClient: {"from":"0","value":{"frame":{"ELEMENT":"{5ae02b4b-7641-47e2-be4d-2e9957598a9f}"},"src":"app://{9cb4adc8-fbd8-42ac-a727-89de612988ed}/index.html","name":"Swiper","origin":"app://{9cb4adc8-fbd8-42ac-a727-89de612988ed}"}}, {135cf341-a161-4ccf-a4d3-30d25a70da8c}, {135cf341-a161-4ccf-a4d3-30d25a70da8c}
04-26 13:49:36.558 E/[Gralloc-ERROR](   83): int gralloc_unregister_buffer(const gralloc_module_t*, const native_handle_t*):274 Trying to unregister buffer 0x45dcd150 from process 83 that was not created in current process: 83
04-26 13:49:36.558 E/[Gralloc-ERROR](   83): int gralloc_unregister_buffer(const gralloc_module_t*, const native_handle_t*):274 Trying to unregister buffer 0x45dcd290 from process 83 that was not created in current process: 83
04-26 13:49:36.578 W/WifiHW  (   83): wifi_command: SIGNAL_POLL
04-26 13:49:36.818 I/Gecko   (   83): 1398545376829	Marionette	DEBUG	Got request: switchToFrame, data: {"to":"0","sessionId":"3-b2g","name":"switchToFrame","parameters":{"focus":true,"element":"{5ae02b4b-7641-47e2-be4d-2e9957598a9f}"}}, id: {8ed83190-2967-4065-a9e1-a8ceda773ec7}
04-26 13:49:37.008 I/Gecko   (   83): 1398545376984	Marionette	INFO	Switched to frame: {"frameValue":"{5ae02b4b-7641-47e2-be4d-2e9957598a9f}"}
04-26 13:49:37.038 I/Gecko   (   83): 1398545377050	Marionette	INFO	trying remote frame 0
04-26 13:49:37.058 I/Gecko   (   83): 1398545377069	Marionette	INFO	trying remote frame 1
04-26 13:49:37.058 I/Gecko   (   83): 1398545377070	Marionette	INFO	trying remote frame 2
04-26 13:49:37.058 I/Gecko   (   83): 1398545377071	Marionette	INFO	trying remote frame 3
04-26 13:49:37.068 I/Gecko   (   83): 1398545377078	Marionette	INFO	deleting frame
04-26 13:49:37.068 I/Gecko   (   83): 1398545377084	Marionette	INFO	frame-manager load script: [object ChromeMessageSender]
04-26 13:49:37.518 I/Gonk    (   83): Setting nice for pid 1879 to 18
04-26 13:49:37.528 I/Gonk    (   83): Changed nice for pid 1879 from 0 to 18.
04-26 13:49:38.028 I/Gecko   (   83): 1398545378047	Marionette	INFO	sendToClient: {"from":"0","ok":true}, {8ed83190-2967-4065-a9e1-a8ceda773ec7}, {8ed83190-2967-4065-a9e1-a8ceda773ec7}
04-26 13:49:38.368 I/Gecko   ( 1736): SharedSurface_Gralloc::Create -------
04-26 13:49:38.418 I/Gecko   ( 1736): SharedSurface_Gralloc::Create: success -- surface 0x440e5e80, GraphicBuffer 0x440de480.
04-26 13:49:38.848 E/GeckoConsole( 1736): [JavaScript Warning: "Invalid URI. Load of media resource  failed." {file: "app://{9cb4adc8-fbd8-42ac-a727-89de612988ed}/index.html" line: 0}]
04-26 13:49:38.858 E/GeckoConsole( 1736): [JavaScript Warning: "Invalid URI. Load of media resource  failed." {file: "app://{9cb4adc8-fbd8-42ac-a727-89de612988ed}/index.html" line: 0}]
04-26 13:49:40.448 I/Gecko   ( 1736): SharedSurface_Gralloc::Create -------
04-26 13:49:40.628 I/Gecko   ( 1736): SharedSurface_Gralloc::Create: success -- surface 0x4489b4c0, GraphicBuffer 0x44810200.
04-26 13:49:41.738 I/Gecko   (   83): 1398545381695	Marionette	INFO	sendToClient: {"from":"0","value":"app://{9cb4adc8-fbd8-42ac-a727-89de612988ed}/index.html"}, {e3e13a1a-4205-4c24-986b-575c61931978}, {e3e13a1a-4205-4c24-986b-575c61931978}
04-26 13:49:41.778 W/WifiHW  (   83): wifi_command: SIGNAL_POLL
04-26 13:49:42.148 I/Gecko   (   83): 1398545382160	Marionette	DEBUG	Got request: execute, data: {"to":"0","sessionId":"3-b2g","name":"executeScript","parameters":{"specialPowers":false,"scriptTimeout":null,"newSandbox":true,"args":[],"filename":"app_checker.py","script":"return window.document.readyState;","line":191}}, id: {81337b32-96d8-4772-95e6-2dd98ca18f6a}
04-26 13:49:44.038 I/SprdOMXPlugin(   88): makeComponentInstance 'OMX.sprd.mp3.decoder'
04-26 13:49:44.698 I/SPRDMP3 (   88): MP3_ARM_DEC_Construct=0
04-26 13:49:44.828 I/SprdOMXPlugin(   88): makeComponentInstance 'OMX.sprd.mp3.decoder'
04-26 13:49:44.828 I/SPRDMP3 (   88): MP3_ARM_DEC_Construct=0
04-26 13:49:44.828 I/SprdOMXPlugin(   88): makeComponentInstance 'OMX.sprd.mp3.decoder'
04-26 13:49:44.828 I/SPRDMP3 (   88): MP3_ARM_DEC_Construct=0
04-26 13:49:44.958 I/SPRDMP3 (   88): mp3 decoder params chanel:2, sampleRate:44100
04-26 13:49:44.958 I/SPRDMP3 (   88): mp3 decoder params chanel:1, sampleRate:44100
04-26 13:49:45.008 I/SPRDMP3 (   88): mp3 decoder params chanel:2, sampleRate:44100
04-26 13:49:45.078 I/SprdSimpleOMXComponent(   88): useBuffer, push buffer, buffer=0x8f3c8,header=0x8f258, pBuffer=0x40b90000
04-26 13:49:45.078 I/SprdSimpleOMXComponent(   88): useBuffer, push buffer, buffer=0x8f3d0,header=0x8f4e0, pBuffer=0x40b92000
04-26 13:49:45.078 I/SprdSimpleOMXComponent(   88): useBuffer, push buffer, buffer=0x8f3d8,header=0x8f648, pBuffer=0x40b94000
04-26 13:49:45.078 I/SprdSimpleOMXComponent(   88): useBuffer, push buffer, buffer=0x8f3e0,header=0x8f7b0, pBuffer=0x40b96000
04-26 13:49:45.078 I/SprdSimpleOMXComponent(   88): useBuffer, push buffer, buffer=0x8f978,header=0x8f148, pBuffer=0x40ef4000
04-26 13:49:45.088 I/SprdSimpleOMXComponent(   88): useBuffer, push buffer, buffer=0x8f980,header=0x8fb50, pBuffer=0x40ef6000
04-26 13:49:45.088 I/SprdSimpleOMXComponent(   88): useBuffer, push buffer, buffer=0x8f988,header=0x8fd20, pBuffer=0x40ef8000
04-26 13:49:45.088 I/SprdSimpleOMXComponent(   88): useBuffer, push buffer, buffer=0x8f990,header=0x8fef0, pBuffer=0x40efa000
04-26 13:49:45.128 I/SprdSimpleOMXComponent(   88): useBuffer, push buffer, buffer=0x90390,header=0x90328, pBuffer=0x4115f000
04-26 13:49:45.138 I/SprdSimpleOMXComponent(   88): useBuffer, push buffer, buffer=0x90398,header=0x904a8, pBuffer=0x41161000
04-26 13:49:45.138 I/SprdSimpleOMXComponent(   88): useBuffer, push buffer, buffer=0x90780,header=0x90718, pBuffer=0x41595000
04-26 13:49:45.148 I/SprdSimpleOMXComponent(   88): useBuffer, push buffer, buffer=0x903a0,header=0x90000, pBuffer=0x41163000
04-26 13:49:45.148 I/SprdSimpleOMXComponent(   88): useBuffer, push buffer, buffer=0x90788,header=0x90ab0, pBuffer=0x41597400
04-26 13:49:45.148 I/SprdSimpleOMXComponent(   88): useBuffer, push buffer, buffer=0x903a8,header=0x90a00, pBuffer=0x41165000
04-26 13:49:45.148 I/SprdSimpleOMXComponent(   88): useBuffer, push buffer, buffer=0x90790,header=0x90ce8, pBuffer=0x41599800
04-26 13:49:45.148 I/SprdSimpleOMXComponent(   88): useBuffer, push buffer, buffer=0x90798,header=0x90f28, pBuffer=0x4159bc00
04-26 13:49:45.148 I/SprdSimpleOMXComponent(   88): useBuffer, push buffer, buffer=0x91350,header=0x90e18, pBuffer=0x4180a000
04-26 13:49:45.148 I/SprdSimpleOMXComponent(   88): useBuffer, push buffer, buffer=0x91358,header=0x914c0, pBuffer=0x4180c400
04-26 13:49:45.148 I/SprdSimpleOMXComponent(   88): useBuffer, push buffer, buffer=0x91360,header=0x916a0, pBuffer=0x4180e800
04-26 13:49:45.148 I/SprdSimpleOMXComponent(   88): useBuffer, push buffer, buffer=0x91368,header=0x91880, pBuffer=0x41810c00
04-26 13:49:45.158 I/SprdSimpleOMXComponent(   88): useBuffer, push buffer, buffer=0x91a10,header=0x9a910, pBuffer=0x41a50000
04-26 13:49:45.158 I/SprdSimpleOMXComponent(   88): useBuffer, push buffer, buffer=0x91a18,header=0x91b98, pBuffer=0x41a52400
04-26 13:49:45.158 I/SprdSimpleOMXComponent(   88): useBuffer, push buffer, buffer=0x91a20,header=0x91d78, pBuffer=0x41a54800
04-26 13:49:45.158 I/SprdSimpleOMXComponent(   88): useBuffer, push buffer, buffer=0x91a28,header=0x91f70, pBuffer=0x41a56c00
04-26 13:49:49.088 I/GonkMemoryPressure(   83): Checking to see if memory pressure is over.
04-26 13:49:49.088 I/GonkMemoryPressure(   83): Memory pressure is over.
04-26 13:49:49.098 I/GonkMemoryPressure( 1736): Checking to see if memory pressure is over.
04-26 13:49:49.098 I/GonkMemoryPressure( 1736): Memory pressure is over.
04-26 13:49:49.098 I/GonkMemoryPressure( 1306): Checking to see if memory pressure is over.
04-26 13:49:49.098 I/GonkMemoryPressure( 1306): Memory pressure is over.
04-26 13:49:50.598 I/SprdOMXPlugin(   88): makeComponentInstance 'OMX.sprd.mp3.decoder'
04-26 13:49:50.698 I/SPRDMP3 (   88): MP3_ARM_DEC_Construct=0
04-26 13:49:50.758 I/GonkMemoryPressure( 1879): Checking to see if memory pressure is over.
04-26 13:49:50.828 I/SPRDMP3 (   88): mp3 decoder params chanel:2, sampleRate:44100
04-26 13:49:50.898 I/SprdSimpleOMXComponent(   88): useBuffer, push buffer, buffer=0x92728,header=0x926c0, pBuffer=0x40b98000
04-26 13:49:50.898 I/SprdSimpleOMXComponent(   88): useBuffer, push buffer, buffer=0x92730,header=0x92900, pBuffer=0x40b9a000
04-26 13:49:50.898 I/SprdSimpleOMXComponent(   88): useBuffer, push buffer, buffer=0x92738,header=0x92ad0, pBuffer=0x40b9c000
04-26 13:49:50.898 I/SprdSimpleOMXComponent(   88): useBuffer, push buffer, buffer=0x92740,header=0x92ca0, pBuffer=0x40b9e000
04-26 13:49:50.908 I/SprdSimpleOMXComponent(   88): useBuffer, push buffer, buffer=0x92f98,header=0x92f20, pBuffer=0x40bc5000
04-26 13:49:50.918 I/SprdSimpleOMXComponent(   88): useBuffer, push buffer, buffer=0x92fa0,header=0x93160, pBuffer=0x40bc7400
04-26 13:49:50.918 I/SprdSimpleOMXComponent(   88): useBuffer, push buffer, buffer=0x92fa8,header=0x93340, pBuffer=0x40bc9800
04-26 13:49:50.918 I/SprdSimpleOMXComponent(   88): useBuffer, push buffer, buffer=0x92fb0,header=0x93520, pBuffer=0x40bcbc00
04-26 13:49:50.948 I/Gecko   ( 1736): [SharedSurface_Gralloc 0x435ab340] destroyed
04-26 13:49:51.608 I/GonkMemoryPressure( 1879): Memory pressure is over.
04-26 13:49:52.098 W/WifiHW  (   83): wifi_command: SIGNAL_POLL
04-26 13:49:53.168 I/Gecko   (   83): 1398545393129	Marionette	INFO	sendToClient: {"from":"0","value":"complete"}, {81337b32-96d8-4772-95e6-2dd98ca18f6a}, {81337b32-96d8-4772-95e6-2dd98ca18f6a}
04-26 13:49:53.548 I/Gecko   ( 1879): ###################################### forms.js loaded
04-26 13:49:53.698 I/Gecko   ( 1879): ############################### browserElementPanning.js loaded
04-26 13:49:53.788 I/Gecko   ( 1879): ######################## BrowserElementChildPreload.js loaded
04-26 13:49:54.198 I/GonkMemoryPressure( 1306): Checking to see if memory pressure is over.
04-26 13:49:54.198 I/GonkMemoryPressure( 1306): Memory pressure is over.
04-26 13:49:54.198 I/GonkMemoryPressure( 1736): Checking to see if memory pressure is over.
04-26 13:49:54.198 I/GonkMemoryPressure( 1736): Memory pressure is over.
04-26 13:49:54.198 I/GonkMemoryPressure(   83): Checking to see if memory pressure is over.
04-26 13:49:54.198 I/GonkMemoryPressure(   83): Memory pressure is over.
04-26 13:49:54.328 I/SprdSimpleOMXComponent(   88): fillThisBuffer, buffer: 0x91350, header: 0x90e18, iRefCount: 0
04-26 13:49:54.328 I/SprdSimpleOMXComponent(   88): fillThisBuffer, buffer: 0x91a10, header: 0x9a910, iRefCount: 0
04-26 13:49:54.328 I/SprdSimpleOMXComponent(   88): fillThisBuffer, buffer: 0x92f98, header: 0x92f20, iRefCount: 0
04-26 13:49:54.328 I/SprdSimpleOMXComponent(   88): fillThisBuffer, buffer: 0x91a18, header: 0x91b98, iRefCount: 0
04-26 13:49:54.328 I/SprdSimpleOMXComponent(   88): fillThisBuffer, buffer: 0x91a20, header: 0x91d78, iRefCount: 0
04-26 13:49:54.328 I/SprdSimpleOMXComponent(   88): fillThisBuffer, buffer: 0x91a28, header: 0x91f70, iRefCount: 0
04-26 13:49:54.328 I/SprdSimpleOMXComponent(   88): fillThisBuffer, buffer: 0x92fa0, header: 0x93160, iRefCount: 0
04-26 13:49:54.328 I/SprdSimpleOMXComponent(   88): fillThisBuffer, buffer: 0x92fa8, header: 0x93340, iRefCount: 0
04-26 13:49:54.328 I/SprdSimpleOMXComponent(   88): fillThisBuffer, buffer: 0x92fb0, header: 0x93520, iRefCount: 0
04-26 13:49:54.338 I/SprdSimpleOMXComponent(   88): fillThisBuffer, buffer: 0x91358, header: 0x914c0, iRefCount: 0
04-26 13:49:54.338 I/SprdSimpleOMXComponent(   88): fillThisBuffer, buffer: 0x91360, header: 0x916a0, iRefCount: 0
04-26 13:49:54.338 I/SprdSimpleOMXComponent(   88): fillThisBuffer, buffer: 0x91368, header: 0x91880, iRefCount: 0
04-26 13:49:54.338 I/SprdSimpleOMXComponent(   88): fillThisBuffer, buffer: 0x90780, header: 0x90718, iRefCount: 0
04-26 13:49:54.338 I/SprdSimpleOMXComponent(   88): fillThisBuffer, buffer: 0x90788, header: 0x90ab0, iRefCount: 0
04-26 13:49:54.338 I/SprdSimpleOMXComponent(   88): fillThisBuffer, buffer: 0x90790, header: 0x90ce8, iRefCount: 0
04-26 13:49:54.338 I/SprdSimpleOMXComponent(   88): fillThisBuffer, buffer: 0x90798, header: 0x90f28, iRefCount: 0
04-26 13:49:54.988 I/SprdSimpleOMXComponent(   88): fillThisBuffer, buffer: 0x91a10, header: 0x9a910, iRefCount: 0
04-26 13:49:55.238 I/SprdSimpleOMXComponent(   88): fillThisBuffer, buffer: 0x92f98, header: 0x92f20, iRefCount: 0
04-26 13:49:55.298 I/SprdSimpleOMXComponent(   88): fillThisBuffer, buffer: 0x92fa0, header: 0x93160, iRefCount: 0
04-26 13:49:55.448 I/SprdSimpleOMXComponent(   88): fillThisBuffer, buffer: 0x91a18, header: 0x91b98, iRefCount: 0
04-26 13:49:55.568 I/SprdSimpleOMXComponent(   88): fillThisBuffer, buffer: 0x92fa8, header: 0x93340, iRefCount: 0
04-26 13:49:56.038 I/SprdSimpleOMXComponent(   88): fillThisBuffer, buffer: 0x91a20, header: 0x91d78, iRefCount: 0
04-26 13:49:56.048 I/SprdSimpleOMXComponent(   88): fillThisBuffer, buffer: 0x92fb0, header: 0x93520, iRefCount: 0
04-26 13:49:57.148 I/SprdSimpleOMXComponent(   88): fillThisBuffer, buffer: 0x91350, header: 0x90e18, iRefCount: 0
04-26 13:49:57.968 I/GonkMemoryPressure( 1879): Checking to see if memory pressure is over.
04-26 13:49:57.998 I/GonkMemoryPressure( 1879): Memory pressure is over.
04-26 13:49:58.268 I/Gecko   (   83): 1398545398228	Marionette	INFO	sendToClient: {"from":"0","value":"app://{9cb4adc8-fbd8-42ac-a727-89de612988ed}/index.html"}, {6a03ed04-753e-4284-9c6a-d5ace1056df7}, {6a03ed04-753e-4284-9c6a-d5ace1056df7}
04-26 13:49:58.318 W/WifiHW  (   83): wifi_command: SIGNAL_POLL
04-26 13:49:58.508 I/SprdSimpleOMXComponent(   88): fillThisBuffer, buffer: 0x91a28, header: 0x91f70, iRefCount: 0
04-26 13:49:58.678 I/SprdSimpleOMXComponent(   88): fillThisBuffer, buffer: 0x91358, header: 0x914c0, iRefCount: 0
04-26 13:49:58.868 I/SprdSimpleOMXComponent(   88): fillThisBuffer, buffer: 0x91a10, header: 0x9a910, iRefCount: 0
04-26 13:49:58.868 I/SprdSimpleOMXComponent(   88): fillThisBuffer, buffer: 0x92f98, header: 0x92f20, iRefCount: 0
04-26 13:49:58.918 I/SprdSimpleOMXComponent(   88): fillThisBuffer, buffer: 0x91a18, header: 0x91b98, iRefCount: 0
04-26 13:49:58.918 I/SprdSimpleOMXComponent(   88): fillThisBuffer, buffer: 0x92fa0, header: 0x93160, iRefCount: 0
04-26 13:49:58.918 I/SprdSimpleOMXComponent(   88): fillThisBuffer, buffer: 0x91360, header: 0x916a0, iRefCount: 0
04-26 13:49:58.918 I/SprdSimpleOMXComponent(   88): fillThisBuffer, buffer: 0x91368, header: 0x91880, iRefCount: 0
04-26 13:49:58.918 I/SprdSimpleOMXComponent(   88): fillThisBuffer, buffer: 0x91350, header: 0x90e18, iRefCount: 0
04-26 13:49:58.928 I/SprdSimpleOMXComponent(   88): fillThisBuffer, buffer: 0x91358, header: 0x914c0, iRefCount: 0
04-26 13:49:59.028 I/SprdSimpleOMXComponent(   88): fillThisBuffer, buffer: 0x91a20, header: 0x91d78, iRefCount: 0
04-26 13:49:59.038 I/SprdSimpleOMXComponent(   88): fillThisBuffer, buffer: 0x92fa8, header: 0x93340, iRefCount: 0
04-26 13:49:59.048 I/SprdSimpleOMXComponent(   88): fillThisBuffer, buffer: 0x91a28, header: 0x91f70, iRefCount: 0
04-26 13:49:59.088 I/SprdSimpleOMXComponent(   88): fillThisBuffer, buffer: 0x92fb0, header: 0x93520, iRefCount: 0
04-26 13:49:59.088 I/SprdSimpleOMXComponent(   88): fillThisBuffer, buffer: 0x91360, header: 0x916a0, iRefCount: 0
04-26 13:49:59.218 I/SprdSimpleOMXComponent(   88): fillThisBuffer, buffer: 0x91a10, header: 0x9a910, iRefCount: 0
04-26 13:49:59.228 I/SprdSimpleOMXComponent(   88): fillThisBuffer, buffer: 0x92f98, header: 0x92f20, iRefCount: 0
04-26 13:49:59.248 I/SprdSimpleOMXComponent(   88): fillThisBuffer, buffer: 0x91368, header: 0x91880, iRefCount: 0
04-26 13:49:59.248 I/SprdSimpleOMXComponent(   88): fillThisBuffer, buffer: 0x91a18, header: 0x91b98, iRefCount: 0
04-26 13:49:59.278 I/SprdSimpleOMXComponent(   88): fillThisBuffer, buffer: 0x92fa0, header: 0x93160, iRefCount: 0
04-26 13:49:59.278 I/SprdSimpleOMXComponent(   88): fillThisBuffer, buffer: 0x91350, header: 0x90e18, iRefCount: 0
04-26 13:49:59.278 I/SprdSimpleOMXComponent(   88): fillThisBuffer, buffer: 0x91a20, header: 0x91d78, iRefCount: 0
04-26 13:49:59.278 I/SprdSimpleOMXComponent(   88): fillThisBuffer, buffer: 0x92fa8, header: 0x93340, iRefCount: 0
04-26 13:49:59.288 I/SprdSimpleOMXComponent(   88): fillThisBuffer, buffer: 0x91358, header: 0x914c0, iRefCount: 0
04-26 13:49:59.288 I/SprdSimpleOMXComponent(   88): fillThisBuffer, buffer: 0x91a28, header: 0x91f70, iRefCount: 0
04-26 13:49:59.298 I/SprdSimpleOMXComponent(   88): fillThisBuffer, buffer: 0x92fb0, header: 0x93520, iRefCount: 0
04-26 13:49:59.318 I/Gecko   ( 1736): SharedSurface_Gralloc::Create -------
04-26 13:49:59.328 I/SprdSimpleOMXComponent(   88): fillThisBuffer, buffer: 0x91360, header: 0x916a0, iRefCount: 0
04-26 13:49:59.388 E/MP3Extractor( 1736): Unable to resync. Signalling end of stream.
04-26 13:49:59.498 E/OMXCodec( 1736): [OMX.sprd.mp3.decoder] Timed out waiting for output buffers: 0/0
04-26 13:49:59.518 I/Gecko   ( 1736): SharedSurface_Gralloc::Create: success -- surface 0x435eab00, GraphicBuffer 0x43013280.
04-26 13:49:59.618 I/SprdSimpleOMXComponent(   88): fillThisBuffer, buffer: 0x92f98, header: 0x92f20, iRefCount: 0
04-26 13:49:59.738 I/GonkMemoryPressure(   83): Checking to see if memory pressure is over.
04-26 13:49:59.738 I/GonkMemoryPressure(   83): Memory pressure is over.
04-26 13:49:59.738 I/GonkMemoryPressure( 1736): Checking to see if memory pressure is over.
04-26 13:49:59.738 I/GonkMemoryPressure( 1736): Memory pressure is over.
04-26 13:49:59.738 I/GonkMemoryPressure( 1306): Checking to see if memory pressure is over.
04-26 13:49:59.738 I/GonkMemoryPressure( 1306): Memory pressure is over.
04-26 13:50:00.008 I/SprdSimpleOMXComponent(   88): fillThisBuffer, buffer: 0x91a10, header: 0x9a910, iRefCount: 0
04-26 13:50:00.008 I/SprdSimpleOMXComponent(   88): fillThisBuffer, buffer: 0x91a18, header: 0x91b98, iRefCount: 0
04-26 13:50:00.038 I/SprdSimpleOMXComponent(   88): fillThisBuffer, buffer: 0x92fa0, header: 0x93160, iRefCount: 0
04-26 13:50:00.048 I/SprdSimpleOMXComponent(   88): fillThisBuffer, buffer: 0x91a20, header: 0x91d78, iRefCount: 0
04-26 13:50:00.058 I/SprdSimpleOMXComponent(   88): fillThisBuffer, buffer: 0x92fa8, header: 0x93340, iRefCount: 0
04-26 13:50:00.058 I/SprdSimpleOMXComponent(   88): fillThisBuffer, buffer: 0x91368, header: 0x91880, iRefCount: 0
04-26 13:50:00.058 I/SprdSimpleOMXComponent(   88): fillThisBuffer, buffer: 0x91350, header: 0x90e18, iRefCount: 0
04-26 13:50:00.108 I/SprdSimpleOMXComponent(   88): fillThisBuffer, buffer: 0x91358, header: 0x914c0, iRefCount: 0
04-26 13:50:00.128 I/SprdSimpleOMXComponent(   88): fillThisBuffer, buffer: 0x91a28, header: 0x91f70, iRefCount: 0
04-26 13:50:00.158 I/SprdSimpleOMXComponent(   88): fillThisBuffer, buffer: 0x92fb0, header: 0x93520, iRefCount: 0
04-26 13:50:00.158 I/SprdSimpleOMXComponent(   88): fillThisBuffer, buffer: 0x91360, header: 0x916a0, iRefCount: 0
04-26 13:50:00.178 I/Gecko   ( 1736): SharedSurface_Gralloc::Create -------
04-26 13:50:00.208 I/Gecko   ( 1736): SharedSurface_Gralloc::Create: success -- surface 0x435f2100, GraphicBuffer 0x43012a80.
04-26 13:50:00.238 I/SprdSimpleOMXComponent(   88): fillThisBuffer, buffer: 0x91a10, header: 0x9a910, iRefCount: 0
04-26 13:50:00.268 I/SprdSimpleOMXComponent(   88): fillThisBuffer, buffer: 0x91a18, header: 0x91b98, iRefCount: 0
04-26 13:50:00.278 I/SprdSimpleOMXComponent(   88): fillThisBuffer, buffer: 0x92f98, header: 0x92f20, iRefCount: 0
04-26 13:50:00.318 E/MP3Extractor( 1736): Unable to resync. Signalling end of stream.
04-26 13:50:00.328 I/SprdSimpleOMXComponent(   88): fillThisBuffer, buffer: 0x92fa0, header: 0x93160, iRefCount: 0
04-26 13:50:00.328 I/SprdSimpleOMXComponent(   88): fillThisBuffer, buffer: 0x92fa8, header: 0x93340, iRefCount: 0
04-26 13:50:00.378 I/SprdSimpleOMXComponent(   88): fillThisBuffer, buffer: 0x91368, header: 0x91880, iRefCount: 0
04-26 13:50:00.388 I/SprdSimpleOMXComponent(   88): fillThisBuffer, buffer: 0x92fb0, header: 0x93520, iRefCount: 0
04-26 13:50:00.388 I/SprdSimpleOMXComponent(   88): fillThisBuffer, buffer: 0x92f98, header: 0x92f20, iRefCount: 0
04-26 13:50:00.628 I/SprdSimpleOMXComponent(   88): fillThisBuffer, buffer: 0x91350, header: 0x90e18, iRefCount: 0
04-26 13:50:00.738 I/SprdSimpleOMXComponent(   88): fillThisBuffer, buffer: 0x91a20, header: 0x91d78, iRefCount: 0
04-26 13:50:00.738 I/SprdSimpleOMXComponent(   88): fillThisBuffer, buffer: 0x92fa0, header: 0x93160, iRefCount: 0
04-26 13:50:00.898 I/SprdSimpleOMXComponent(   88): fillThisBuffer, buffer: 0x91a28, header: 0x91f70, iRefCount: 0
04-26 13:50:00.898 I/SprdSimpleOMXComponent(   88): fillThisBuffer, buffer: 0x91358, header: 0x914c0, iRefCount: 0
04-26 13:50:00.978 I/SprdSimpleOMXComponent(   88): fillThisBuffer, buffer: 0x91a10, header: 0x9a910, iRefCount: 0
04-26 13:50:01.128 I/SprdSimpleOMXComponent(   88): fillThisBuffer, buffer: 0x91a18, header: 0x91b98, iRefCount: 0
04-26 13:50:01.368 I/SprdSimpleOMXComponent(   88): fillThisBuffer, buffer: 0x91a20, header: 0x91d78, iRefCount: 0
04-26 13:50:01.368 I/SprdSimpleOMXComponent(   88): fillThisBuffer, buffer: 0x91360, header: 0x916a0, iRefCount: 0
04-26 13:50:01.478 I/SprdSimpleOMXComponent(   88): fillThisBuffer, buffer: 0x92fa8, header: 0x93340, iRefCount: 0
04-26 13:50:01.478 I/SprdSimpleOMXComponent(   88): fillThisBuffer, buffer: 0x92fb0, header: 0x93520, iRefCount: 0
04-26 13:50:01.508 I/SprdSimpleOMXComponent(   88): fillThisBuffer, buffer: 0x91368, header: 0x91880, iRefCount: 0
04-26 13:50:01.508 I/SprdSimpleOMXComponent(   88): fillThisBuffer, buffer: 0x92f98, header: 0x92f20, iRefCount: 0
04-26 13:50:01.778 I/SprdSimpleOMXComponent(   88): fillThisBuffer, buffer: 0x91350, header: 0x90e18, iRefCount: 0
04-26 13:50:02.618 I/SprdSimpleOMXComponent(   88): fillThisBuffer, buffer: 0x92fa0, header: 0x93160, iRefCount: 0
04-26 13:50:03.438 I/SprdSimpleOMXComponent(   88): fillThisBuffer, buffer: 0x92fa8, header: 0x93340, iRefCount: 0
04-26 13:50:03.438 I/SprdSimpleOMXComponent(   88): fillThisBuffer, buffer: 0x92fb0, header: 0x93520, iRefCount: 0
04-26 13:50:03.438 I/SprdSimpleOMXComponent(   88): fillThisBuffer, buffer: 0x92f98, header: 0x92f20, iRefCount: 0
04-26 13:50:03.488 I/SprdSimpleOMXComponent(   88): fillThisBuffer, buffer: 0x91358, header: 0x914c0, iRefCount: 0
04-26 13:50:03.828 I/SprdSimpleOMXComponent(   88): fillThisBuffer, buffer: 0x91360, header: 0x916a0, iRefCount: 0
04-26 13:50:03.828 I/SprdSimpleOMXComponent(   88): fillThisBuffer, buffer: 0x92fa0, header: 0x93160, iRefCount: 0
04-26 13:50:03.828 I/SprdSimpleOMXComponent(   88): fillThisBuffer, buffer: 0x92fa8, header: 0x93340, iRefCount: 0
04-26 13:50:03.878 I/SprdSimpleOMXComponent(   88): fillThisBuffer, buffer: 0x92fb0, header: 0x93520, iRefCount: 0
04-26 13:50:03.928 I/SprdSimpleOMXComponent(   88): fillThisBuffer, buffer: 0x91368, header: 0x91880, iRefCount: 0
04-26 13:50:03.958 I/GonkMemoryPressure( 1879): Checking to see if memory pressure is over.
04-26 13:50:04.038 I/SprdSimpleOMXComponent(   88): fillThisBuffer, buffer: 0x92f98, header: 0x92f20, iRefCount: 0
04-26 13:50:04.118 I/SprdSimpleOMXComponent(   88): fillThisBuffer, buffer: 0x91350, header: 0x90e18, iRefCount: 0
04-26 13:50:04.278 I/SprdSimpleOMXComponent(   88): fillThisBuffer, buffer: 0x92fa0, header: 0x93160, iRefCount: 0
04-26 13:50:04.288 I/SprdSimpleOMXComponent(   88): fillThisBuffer, buffer: 0x92fa8, header: 0x93340, iRefCount: 0
04-26 13:50:04.308 E/Profiler(   83): BPUnw: [1 total] thread_unregister_for_profiling(me=0xc69b18)  (NOT REGISTERED) 
04-26 13:50:04.338 W/WifiHW  (   83): wifi_command: SIGNAL_POLL
04-26 13:50:04.368 I/SprdSimpleOMXComponent(   88): fillThisBuffer, buffer: 0x91358, header: 0x914c0, iRefCount: 0
04-26 13:50:04.468 I/SprdSimpleOMXComponent(   88): fillThisBuffer, buffer: 0x92fb0, header: 0x93520, iRefCount: 0
04-26 13:50:04.508 I/SprdSimpleOMXComponent(   88): fillThisBuffer, buffer: 0x91360, header: 0x916a0, iRefCount: 0
04-26 13:50:04.558 I/SprdSimpleOMXComponent(   88): fillThisBuffer, buffer: 0x92f98, header: 0x92f20, iRefCount: 0
04-26 13:50:04.578 I/SprdSimpleOMXComponent(   88): fillThisBuffer, buffer: 0x91368, header: 0x91880, iRefCount: 0
04-26 13:50:04.578 I/SprdSimpleOMXComponent(   88): fillThisBuffer, buffer: 0x92fa0, header: 0x93160, iRefCount: 0
04-26 13:50:04.578 I/SprdSimpleOMXComponent(   88): fillThisBuffer, buffer: 0x91350, header: 0x90e18, iRefCount: 0
04-26 13:50:04.588 I/SprdSimpleOMXComponent(   88): fillThisBuffer, buffer: 0x91358, header: 0x914c0, iRefCount: 0
04-26 13:50:04.668 I/SprdSimpleOMXComponent(   88): fillThisBuffer, buffer: 0x91360, header: 0x916a0, iRefCount: 0
04-26 13:50:04.668 I/SprdSimpleOMXComponent(   88): fillThisBuffer, buffer: 0x91368, header: 0x91880, iRefCount: 0
04-26 13:50:04.688 I/SprdSimpleOMXComponent(   88): fillThisBuffer, buffer: 0x91350, header: 0x90e18, iRefCount: 0
04-26 13:50:04.688 I/GonkMemoryPressure( 1879): Memory pressure is over.
04-26 13:50:04.808 I/SprdSimpleOMXComponent(   88): fillThisBuffer, buffer: 0x91358, header: 0x914c0, iRefCount: 0
04-26 13:50:04.828 I/SprdSimpleOMXComponent(   88): fillThisBuffer, buffer: 0x91360, header: 0x916a0, iRefCount: 0
04-26 13:50:05.158 I/SprdSimpleOMXComponent(   88): fillThisBuffer, buffer: 0x91368, header: 0x91880, iRefCount: 0
04-26 13:50:05.288 I/SprdSimpleOMXComponent(   88): fillThisBuffer, buffer: 0x91350, header: 0x90e18, iRefCount: 0
04-26 13:50:05.438 I/SprdSimpleOMXComponent(   88): fillThisBuffer, buffer: 0x91358, header: 0x914c0, iRefCount: 0
04-26 13:50:05.658 I/GonkMemoryPressure(   83): Checking to see if memory pressure is over.
04-26 13:50:05.658 I/GonkMemoryPressure(   83): Memory pressure is over.
04-26 13:50:05.698 I/GonkMemoryPressure( 1736): Checking to see if memory pressure is over.
04-26 13:50:05.698 I/GonkMemoryPressure( 1736): Memory pressure is over.
04-26 13:50:05.708 I/GonkMemoryPressure( 1306): Checking to see if memory pressure is over.
04-26 13:50:05.708 I/GonkMemoryPressure( 1306): Memory pressure is over.
04-26 13:50:07.008 E/Profiler(   83): BPUnw: [1 total] thread_unregister_for_profiling(me=0xc65f60)  (NOT REGISTERED) 
04-26 13:50:10.348 E/Profiler(   83): BPUnw: [1 total] thread_unregister_for_profiling(me=0xc65fa0)  (NOT REGISTERED) 
04-26 13:50:10.488 I/GonkMemoryPressure( 1879): Checking to see if memory pressure is over.
04-26 13:50:10.598 I/GonkMemoryPressure( 1879): Memory pressure is over.
04-26 13:50:10.708 I/GonkMemoryPressure(   83): Checking to see if memory pressure is over.
04-26 13:50:10.708 I/GonkMemoryPressure(   83): Memory pressure is over.
04-26 13:50:10.938 I/Gecko   (   83): 1398545410764	Marionette	INFO	sendToClient: {"from":"0","value":"iVBORw0KGgoAAAANSUhEUgAAAUAAAAHgCAYAAADUjLREAAAgAElEQVR4nOy9X1MbWZYv6o9wH+6NmJh7ztzbUzOnXNN2tXEXBjVgjLABJX8kJRJICQJJKYGkREgiSUAkibEQshEJNigLDkK4MSPVcDlSe2raOh0dUYpzIuYeP87j/Tq/+7B2pqjPYD9k2ICUuffaa++11m/91sp7v/uHv8Xvv/2/0f/4W9i7fovRvu/h7HuI0d7fYeiHf0T/7/4eU89/h+lnv8Xok28RmHgK/1An/COd8HOd8Ax2wjPUCVffI3j6OxEYe4rQpA0L03YkpocRGLHBM/AI/sFH8A88gn+gE66eRwhN2BAa60RgqBMBzo5EwIVU2IXAmB2hyacITT5FYKwT9u//Fv6BB3B134e/7xH8/Y8QGLEhwHXCP9SJ4R8ewP79N7A/+gauvgdYmLTDP2KDn3uKwMRThCaeIuR+Cv+IDYGRpwhwTxEYscE/9AievvtwPbmP0cf36f4Dj+Dqf4DAUCf8/Q/g6X8AT98jBLin1tgDIzZ4+h/BM0BzH370DfxDjxCYeIrAmA2JmWF4OBtc/Z1wDTyCa+ARRvvY+IcewdP3AE+//VsM9zygObqfwtX/CJ7BTgQ4G0ITNG8/9wiuwU6M9jyAq+c+RrvvY/jJAyz4hxHy2hEYe0qycj+Fq+8BXP0PEOI62Zgf0LwnhxFyP0XITfIKjNngH6F7BrhOBEY6ERqzITT2FP7BRwhw9LNnsBP+oUfwD3UyWT/FgncYC5N2jHbfh3+wE/4Bkp+n/z5CEzYkpoexMG2HZ5DWltbVBk/PA3j6ae0X3DYERh5h9Ml9eJgsQxNP4Rl8dOeeDxAYscH+/Tfs+aQ7ngG6n5+zITBmQ2CE5D/afR/2x7QG/oEHGH1y/6uOfsE6GuXt4Lq/xdTAD/A8/R4T3f+I0e5vwNs74B2yYW
04-26 13:50:10.968 I/GonkMemoryPressure( 1306): Checking to see if memory pressure is over.
04-26 13:50:10.968 I/GonkMemoryPressure( 1306): Memory pressure is over.
04-26 13:50:10.968 I/GonkMemoryPressure( 1736): Checking to see if memory pressure is over.
04-26 13:50:10.968 I/GonkMemoryPressure( 1736): Memory pressure is over.
04-26 13:50:15.828 I/GonkMemoryPressure(   83): Checking to see if memory pressure is over.
04-26 13:50:15.838 I/GonkMemoryPressure( 1879): Checking to see if memory pressure is over.
04-26 13:50:15.878 I/GonkMemoryPressure(   83): Memory pressure is over.
04-26 13:50:16.178 I/GonkMemoryPressure( 1736): Checking to see if memory pressure is over.
04-26 13:50:16.188 I/GonkMemoryPressure( 1306): Checking to see if memory pressure is over.
04-26 13:50:16.838 I/GonkMemoryPressure( 1306): Memory pressure is over.
04-26 13:50:17.388 I/GonkMemoryPressure( 1879): Memory pressure is over.
04-26 13:50:18.628 W/WifiHW  (   83): wifi_command: SIGNAL_POLL
04-26 13:50:19.338 I/GeckoDump(   83): Crash reporter : Can't fetch app.reportCrashes. Exception: [Exception... "Component returned failure code: 0x8000ffff (NS_ERROR_UNEXPECTED) [nsIPrefBranch.getBoolPref]"  nsresult: "0x8000ffff (NS_ERROR_UNEXPECTED)"  location: "JS frame :: chrome://browser/content/shell.js :: shell_reportCrash :: line 7"  data: no]
04-26 13:50:20.118 I/Gecko   (   83): 1398545420066	Marionette	INFO	sendToClient: {"from":"0","ok":true}, {d5d5df5c-ab1a-468b-b1de-9b75208cfcc9}, {d5d5df5c-ab1a-468b-b1de-9b75208cfcc9}
04-26 13:50:20.168 I/Gecko   (   83): 1398545420182	Marionette	DEBUG	Got request: switchToFrame, data: {"to":"0","sessionId":"3-b2g","name":"switchToFrame","parameters":{"id":null,"focus":true}}, id: {0c2af040-0d85-4a46-b3ca-c4f153f2c770}
04-26 13:50:20.188 I/Gecko   (   83): 1398545420200	Marionette	INFO	Switched to frame: {"frameValue":null}
04-26 13:50:20.298 I/Gecko   (   83): 1398545420310	Marionette	INFO	sendToClient: {"from":"0","ok":true}, {0c2af040-0d85-4a46-b3ca-c4f153f2c770}, {0c2af040-0d85-4a46-b3ca-c4f153f2c770}
04-26 13:50:20.298 I/Gecko   (   83): 1398545420317	Marionette	DEBUG	Got request: executeWithCallback, data: {"to":"0","sessionId":"3-b2g","name":"executeAsyncScript","parameters":{"specialPowers":false,"scriptTimeout":null,"newSandbox":true,"args":[],"filename":"gaia_test.py","script":"return GaiaApps.displayedApp();","line":66}}, id: {4223a30f-9d69-43e5-b6de-843b8f2fe68b}
04-26 13:50:20.878 I/GonkMemoryPressure(   83): Checking to see if memory pressure is over.
04-26 13:50:20.878 I/GonkMemoryPressure(   83): Memory pressure is over.
04-26 13:50:21.888 I/GonkMemoryPressure( 1306): Checking to see if memory pressure is over.
04-26 13:50:21.888 I/GonkMemoryPressure( 1306): Memory pressure is over.
04-26 13:50:22.018 E/GeckoConsole(   83): Content JS LOG at dummy file:392 in GaiaApps.displayedApp: app with origin 'app://{9cb4adc8-fbd8-42ac-a727-89de612988ed}' is displayed
04-26 13:50:22.028 I/Gecko   (   83): 1398545422039	Marionette	INFO	sendToClient: {"from":"0","value":{"frame":{"ELEMENT":"{5ae02b4b-7641-47e2-be4d-2e9957598a9f}"},"src":"app://{9cb4adc8-fbd8-42ac-a727-89de612988ed}/index.html","name":"Swiper","origin":"app://{9cb4adc8-fbd8-42ac-a727-89de612988ed}"}}, {4223a30f-9d69-43e5-b6de-843b8f2fe68b}, {4223a30f-9d69-43e5-b6de-843b8f2fe68b}
04-26 13:50:22.068 I/Gecko   (   83): 1398545422082	Marionette	DEBUG	Got request: switchToFrame, data: {"to":"0","sessionId":"3-b2g","name":"switchToFrame","parameters":{"id":null,"focus":true}}, id: {499e3aaa-c7e0-4c95-a00b-1a3c93aa661a}
04-26 13:50:22.068 I/Gecko   (   83): 1398545422084	Marionette	INFO	Switched to frame: {"frameValue":null}
04-26 13:50:22.178 I/Gecko   (   83): 1398545422190	Marionette	INFO	sendToClient: {"from":"0","ok":true}, {499e3aaa-c7e0-4c95-a00b-1a3c93aa661a}, {499e3aaa-c7e0-4c95-a00b-1a3c93aa661a}
04-26 13:50:22.178 I/Gecko   (   83): 1398545422196	Marionette	DEBUG	Got request: execute, data: {"to":"0","sessionId":"3-b2g","name":"executeScript","parameters":{"specialPowers":false,"scriptTimeout":null,"newSandbox":true,"args":[],"filename":"gaia_test.py","script":"window.wrappedJSObject.dispatchEvent(new Event('home'));","line":788}}, id: {3c85ed2f-9b93-4513-9de5-2a4119fe6ad6}
04-26 13:50:22.578 I/GonkMemoryPressure( 1879): Checking to see if memory pressure is over.
04-26 13:50:22.808 D/Sensors (   83): activate handle=0; drv=0
04-26 13:50:22.818 D/Sensors (   83): Lis3dhSensor: Control set 0
04-26 13:50:22.818 D/Sensors (   83): Lis3dhSensor: mEnabled = 0
04-26 13:50:23.038 I/Gecko   ( 1736): [SharedSurface_Gralloc 0x435eab00] destroyed
04-26 13:50:23.448 I/GonkMemoryPressure( 1879): Memory pressure is over.
04-26 13:50:23.758 I/Gecko   (   83): 1398545423772	Marionette	INFO	sendToClient: {"from":"0","value":null}, {3c85ed2f-9b93-4513-9de5-2a4119fe6ad6}, {3c85ed2f-9b93-4513-9de5-2a4119fe6ad6}
04-26 13:50:23.928 E/[Gralloc-ERROR](   83): int gralloc_register_buffer(const gralloc_module_t*, const native_handle_t*):79 Unable to register handle 0x434bd6a0 coming from different process: 83
04-26 13:50:24.008 E/[Gralloc-ERROR](   83): int gralloc_register_buffer(const gralloc_module_t*, const native_handle_t*):79 Unable to register handle 0x43c0e0b0 coming from different process: 83
04-26 13:50:24.688 E/GeckoConsole( 1736): [JavaScript Warning: "Media resource app://{9cb4adc8-fbd8-42ac-a727-89de612988ed}/assets/music/bad_beep.mp3 could not be decoded." {file: "app://{9cb4adc8-fbd8-42ac-a727-89de612988ed}/index.html" line: 0}]
04-26 13:50:24.728 W/WifiHW  (   83): wifi_command: SIGNAL_POLL
04-26 13:50:25.828 I/Gecko   (   83): 1398545425840	Marionette	DEBUG	Got request: switchToFrame, data: {"to":"0","sessionId":"3-b2g","name":"switchToFrame","parameters":{"id":null,"focus":true}}, id: {d6c0095a-ad39-49b4-a6b1-3cb2c341c042}
04-26 13:50:25.878 E/[Gralloc-ERROR](   83): int gralloc_unregister_buffer(const gralloc_module_t*, const native_handle_t*):274 Trying to unregister buffer 0x43c0e0b0 from process 83 that was not created in current process: 83
04-26 13:50:25.878 E/[Gralloc-ERROR](   83): int gralloc_unregister_buffer(const gralloc_module_t*, const native_handle_t*):274 Trying to unregister buffer 0x434bd6a0 from process 83 that was not created in current process: 83
04-26 13:50:25.878 I/Gecko   (   83): 1398545425895	Marionette	INFO	Switched to frame: {"frameValue":null}
04-26 13:50:25.938 I/GonkMemoryPressure(   83): Checking to see if memory pressure is over.
04-26 13:50:25.938 I/GonkMemoryPressure(   83): Memory pressure is over.
04-26 13:50:25.958 I/Gonk    (   83): Setting nice for pid 1736 to 18
04-26 13:50:25.958 I/Gonk    (   83): Changed nice for pid 1736 from 1 to 18.
04-26 13:50:26.028 I/Gecko   (   83): 1398545426042	Marionette	INFO	sendToClient: {"from":"0","ok":true}, {d6c0095a-ad39-49b4-a6b1-3cb2c341c042}, {d6c0095a-ad39-49b4-a6b1-3cb2c341c042}
04-26 13:50:26.038 I/Gecko   (   83): 1398545426055	Marionette	DEBUG	Got request: executeWithCallback, data: {"to":"0","sessionId":"3-b2g","name":"executeAsyncScript","parameters":{"specialPowers":false,"scriptTimeout":null,"newSandbox":true,"args":[],"filename":"gaia_test.py","script":"return GaiaApps.displayedApp();","line":66}}, id: {44d618e6-be1b-4d04-8947-e5a8f4db7a3c}
04-26 13:50:26.348 E/GeckoConsole(   83): Content JS LOG at dummy file:392 in GaiaApps.displayedApp: app with origin 'app://homescreen.gaiamobile.org' is displayed
04-26 13:50:26.368 I/Gecko   (   83): 1398545426384	Marionette	INFO	sendToClient: {"from":"0","value":{"frame":{"ELEMENT":"{7cc59812-63ee-4f4d-b519-51bc6082e367}"},"src":"app://homescreen.gaiamobile.org/index.html#rootSat%20Apr%2026%202014%2013:49:25%20GMT-0700%20(UTC)","name":"Homescreen","origin":"app://homescreen.gaiamobile.org"}}, {44d618e6-be1b-4d04-8947-e5a8f4db7a3c}, {44d618e6-be1b-4d04-8947-e5a8f4db7a3c}
04-26 13:50:26.398 I/Gecko   (   83): 1398545426409	Marionette	DEBUG	Got request: switchToFrame, data: {"to":"0","sessionId":"3-b2g","name":"switchToFrame","parameters":{"id":null,"focus":true}}, id: {54fd1573-026d-4091-a651-2010a8a9dfb7}
04-26 13:50:26.438 I/Gecko   (   83): 1398545426449	Marionette	INFO	Switched to frame: {"frameValue":null}
04-26 13:50:26.538 I/Gecko   (   83): 1398545426552	Marionette	INFO	sendToClient: {"from":"0","ok":true}, {54fd1573-026d-4091-a651-2010a8a9dfb7}, {54fd1573-026d-4091-a651-2010a8a9dfb7}
04-26 13:50:26.558 I/Gecko   (   83): 1398545426569	Marionette	DEBUG	Got request: switchToFrame, data: {"to":"0","sessionId":"3-b2g","name":"switchToFrame","parameters":{"id":null,"focus":true}}, id: {fe6fa2a9-1348-4d99-87a3-ac9947afb7cf}
04-26 13:50:26.558 I/Gecko   (   83): 1398545426571	Marionette	INFO	Switched to frame: {"frameValue":null}
04-26 13:50:26.658 I/Gecko   (   83): 1398545426674	Marionette	INFO	sendToClient: {"from":"0","ok":true}, {fe6fa2a9-1348-4d99-87a3-ac9947afb7cf}, {fe6fa2a9-1348-4d99-87a3-ac9947afb7cf}
04-26 13:50:26.668 I/Gecko   (   83): 1398545426680	Marionette	DEBUG	Got request: executeWithCallback, data: {"to":"0","sessionId":"3-b2g","name":"executeAsyncScript","parameters":{"specialPowers":false,"scriptTimeout":null,"newSandbox":true,"args":[],"filename":"gaia_test.py","script":"return GaiaApps.displayedApp();","line":66}}, id: {b8a02b7a-0d3f-4862-840e-f281b42955a3}
04-26 13:50:26.738 I/Gecko   (   83): 1398545426753	Marionette	INFO	sendToClient: {"from":"0","value":{"frame":{"ELEMENT":"{7cc59812-63ee-4f4d-b519-51bc6082e367}"},"src":"app://homescreen.gaiamobile.org/index.html#rootSat%20Apr%2026%202014%2013:49:25%20GMT-0700%20(UTC)","name":"Homescreen","origin":"app://homescreen.gaiamobile.org"}}, {b8a02b7a-0d3f-4862-840e-f281b42955a3}, {b8a02b7a-0d3f-4862-840e-f281b42955a3}
04-26 13:50:26.768 E/GeckoConsole(   83): Content JS LOG at dummy file:392 in GaiaApps.displayedApp: app with origin 'app://homescreen.gaiamobile.org' is displayed
04-26 13:50:26.788 I/Gecko   (   83): 1398545426805	Marionette	DEBUG	Got request: switchToFrame, data: {"to":"0","sessionId":"3-b2g","name":"switchToFrame","parameters":{"focus":true,"element":"{7cc59812-63ee-4f4d-b519-51bc6082e367}"}}, id: {88958eb9-e611-44d0-9614-d4f8c3b12227}
04-26 13:50:26.828 I/Gecko   (   83): 1398545426839	Marionette	INFO	Switched to frame: {"frameValue":"{7cc59812-63ee-4f4d-b519-51bc6082e367}"}
04-26 13:50:26.828 I/Gecko   (   83): 1398545426844	Marionette	INFO	trying remote frame 0
04-26 13:50:26.838 I/Gecko   (   83): 1398545426849	Marionette	INFO	trying remote frame 1
04-26 13:50:26.868 I/Gecko   (   83): 1398545426880	Marionette	INFO	sendToClient: {"from":"0","ok":true}, {88958eb9-e611-44d0-9614-d4f8c3b12227}, {88958eb9-e611-44d0-9614-d4f8c3b12227}
04-26 13:50:26.888 I/GonkMemoryPressure( 1306): Checking to see if memory pressure is over.
04-26 13:50:26.888 I/GonkMemoryPressure( 1306): Memory pressure is over.
04-26 13:50:26.948 I/Gecko   (   83): 1398545426960	Marionette	INFO	sendToClient: {"from":"0","value":"app://homescreen.gaiamobile.org/index.html#rootSat%20Apr%2026%202014%2013:49:25%20GMT-0700%20(UTC)"}, {6308fb9a-909a-4abc-8a67-306dd3423eed}, {6308fb9a-909a-4abc-8a67-306dd3423eed}
04-26 13:50:26.948 I/Gecko   (   83): 1398545426966	Marionette	DEBUG	Got request: switchToFrame, data: {"to":"0","sessionId":"3-b2g","name":"switchToFrame","parameters":{"id":null,"focus":true}}, id: {df4eda7a-b893-49e0-983a-4ad1d4edbd4d}
04-26 13:50:26.998 I/Gecko   (   83): 1398545427008	Marionette	INFO	Switched to frame: {"frameValue":null}
04-26 13:50:27.098 I/Gecko   (   83): 1398545427115	Marionette	INFO	sendToClient: {"from":"0","ok":true}, {df4eda7a-b893-49e0-983a-4ad1d4edbd4d}, {df4eda7a-b893-49e0-983a-4ad1d4edbd4d}
04-26 13:50:27.148 I/Gecko   (   83): 1398545427163	Marionette	DEBUG	Got request: switchToFrame, data: {"to":"0","sessionId":"3-b2g","name":"switchToFrame","parameters":{"id":null,"focus":true}}, id: {94b5929c-fe4b-4f04-be01-a6ad23aab139}
04-26 13:50:27.158 I/Gecko   (   83): 1398545427170	Marionette	INFO	Switched to frame: {"frameValue":null}
04-26 13:50:27.268 I/Gecko   (   83): 1398545427284	Marionette	INFO	sendToClient: {"from":"0","ok":true}, {94b5929c-fe4b-4f04-be01-a6ad23aab139}, {94b5929c-fe4b-4f04-be01-a6ad23aab139}
04-26 13:50:27.278 I/Gecko   (   83): 1398545427291	Marionette	DEBUG	Got request: executeWithCallback, data: {"to":"0","sessionId":"3-b2g","name":"executeAsyncScript","parameters":{"specialPowers":false,"scriptTimeout":null,"newSandbox":true,"args":[],"filename":"gaia_test.py","script":"GaiaApps.killAll()","line":91}}, id: {1d1de17e-a67e-4b13-a32b-f36470a5d014}
04-26 13:50:27.478 E/GeckoConsole(   83): Content JS LOG at dummy file:266 in GaiaApps.kill: terminating app with origin 'app://{9cb4adc8-fbd8-42ac-a727-89de612988ed}'
04-26 13:50:27.478 E/GeckoConsole(   83): Content JS LOG at dummy file:258 in GaiaApps.kill/gt_onAppTerminated/<: app with origin 'app://{9cb4adc8-fbd8-42ac-a727-89de612988ed}' has terminated
04-26 13:50:27.478 I/Gecko   (   83): 1398545427497	Marionette	INFO	sendToClient: {"from":"0","value":true}, {1d1de17e-a67e-4b13-a32b-f36470a5d014}, {1d1de17e-a67e-4b13-a32b-f36470a5d014}
04-26 13:50:27.508 I/Gecko   (   83): 1398545427523	Marionette	DEBUG	Got request: switchToFrame, data: {"to":"0","sessionId":"3-b2g","name":"switchToFrame","parameters":{"id":null,"focus":true}}, id: {8f8798e4-8c35-4f29-9445-3f65635cdd1d}
04-26 13:50:27.508 I/Gecko   (   83): 1398545427525	Marionette	INFO	Switched to frame: {"frameValue":null}
04-26 13:50:27.628 I/Gecko   (   83): 1398545427639	Marionette	INFO	sendToClient: {"from":"0","ok":true}, {8f8798e4-8c35-4f29-9445-3f65635cdd1d}, {8f8798e4-8c35-4f29-9445-3f65635cdd1d}
04-26 13:50:27.648 I/Gecko   (   83): 1398545427661	Marionette	DEBUG	Got request: executeWithCallback, data: {"to":"0","sessionId":"3-b2g","name":"executeAsyncScript","parameters":{"specialPowers":false,"scriptTimeout":60000,"newSandbox":true,"args":[],"filename":"app_checker.py","script":"\n        GaiaApps.locateWithManifestURL('https://marketplace.firefox.com/app/6c348f71-2e89-4af0-827d-608822e3a1b8/manifest.webapp',\n                                       null,\n                                       function uninstall(app) {\n                                       navigator.mozApps.mgmt.uninstall(app);\n                                       marionetteScriptFinished(true);\n                                       });\n        ","line":129}}, id: {9757920d-72b3-4e4d-8b5e-2f7fd9cab8ad}
04-26 13:50:27.708 I/Gecko   (   83): -- webapps.js uninstall https://marketplace.firefox.com/app/6c348f71-2e89-4af0-827d-608822e3a1b8/manifest.webapp
04-26 13:50:27.998 I/Gecko   (   83): [Parent 83] WARNING: pipe error (157): Connection reset by peer: file ../../../gecko/ipc/chromium/src/chrome/common/ipc_channel_posix.cc, line 446
04-26 13:50:28.078 I/Gecko   (   83): 
04-26 13:50:28.078 I/Gecko   (   83): ###!!! [Parent][MessageChannel] Error: Channel error: cannot send/recv
04-26 13:50:28.078 I/Gecko   (   83): 
04-26 13:50:28.088 I/Gecko   (   83): 
04-26 13:50:28.088 I/Gecko   (   83): ###!!! [Parent][MessageChannel] Error: Channel error: cannot send/recv
04-26 13:50:28.088 I/Gecko   (   83): 
04-26 13:50:28.198 I/Gecko   (   83): 1398545428209	Marionette	INFO	sendToClient: {"from":"0","value":true}, {9757920d-72b3-4e4d-8b5e-2f7fd9cab8ad}, {9757920d-72b3-4e4d-8b5e-2f7fd9cab8ad}
04-26 13:50:28.248 E/OMXNodeInstance(   88): !!! Observer died. Quickly, do something, ... anything...
04-26 13:50:28.258 E/OMXNodeInstance(   88): !!! Observer died. Quickly, do something, ... anything...
04-26 13:50:28.258 E/OMXNodeInstance(   88): !!! Observer died. Quickly, do something, ... anything...
04-26 13:50:28.268 E/OMXNodeInstance(   88): !!! Observer died. Quickly, do something, ... anything...
04-26 13:50:28.398 I/GeckoDump(   83): Crash reporter : Can't fetch app.reportCrashes. Exception: [Exception... "Component returned failure code: 0x8000ffff (NS_ERROR_UNEXPECTED) [nsIPrefBranch.getBoolPref]"  nsresult: "0x8000ffff (NS_ERROR_UNEXPECTED)"  location: "JS frame :: chrome://browser/content/shell.js :: shell_reportCrash :: line 7"  data: no]
04-26 13:50:28.448 I/Gecko   (   83): [Parent 83] WARNING: waitpid failed pid:1736 errno:10: file ../../../gecko/ipc/chromium/src/base/process_util_posix.cc, line 254