--------- beginning of /dev/log/main
04-26 08:52:04.408 V/AudioPolicyManagerBase(   88): getDeviceForStrategy() from cache strategy 0, device 2
04-26 08:52:04.418 V/AudioPolicyManagerBase(   88): getOutput() stream 1, samplingRate 0, format 0, channels 3, flags 0
04-26 08:52:04.468 E/GeckoConsole(   83): Content JS LOG at dummy file:392 in GaiaApps.displayedApp: app with origin 'app://homescreen.gaiamobile.org' is displayed
04-26 08:52:04.468 I/Gecko   (   83): 1398527524480	Marionette	INFO	sendToClient: {"from":"0","value":{"frame":{"ELEMENT":"{e4ec89ce-1216-4221-8947-40fa874f30e3}"},"src":"app://homescreen.gaiamobile.org/index.html#root","name":"Homescreen","origin":"app://homescreen.gaiamobile.org"}}, {a1cecf12-a1b3-46ab-8ca9-fde8a9b87988}, {a1cecf12-a1b3-46ab-8ca9-fde8a9b87988}
04-26 08:52:04.498 I/Gecko   (   83): 1398527524510	Marionette	DEBUG	Got request: switchToFrame, data: {"to":"0","sessionId":"3-b2g","name":"switchToFrame","parameters":{"id":null,"focus":true}}, id: {618e41e8-b5fc-4a74-b761-5faf4cbf7409}
04-26 08:52:04.498 V/AudioPolicyManagerBase(   88): startOutput() output 1, stream 1, session 2
04-26 08:52:04.498 V/AudioPolicyManagerBase(   88): startReadingThread
04-26 08:52:04.498 V/AudioPolicyManagerBase(   88): changeRefCount() stream 1, count 1
04-26 08:52:04.498 V/AudioPolicyManagerBase(   88): getDeviceForStrategy() from cache strategy 0, device 2
04-26 08:52:04.498 V/AudioPolicyManagerBase(   88): getNewDevice() selected device 2
04-26 08:52:04.498 D/AudioPolicyManagerBase(   88): setOutputDevice() output 1 device 2 delayMs 0
04-26 08:52:04.498 V/AudioPolicyManagerBase(   88): setOutputDevice() setting same device 2 or null device for output 1
04-26 08:52:04.498 E/AudioPolicyManagerBase(   88): checkAndSetVolume stream=1, index=0, output=1, device=2
04-26 08:52:04.498 E/AudioPolicyManagerBase(   88): computeVolume, streamDesc=0x17a5bb8
04-26 08:52:04.518 I/Gecko   (   83): 1398527524534	Marionette	INFO	Switched to frame: {"frameValue":null}
04-26 08:52:04.518 V/AudioPolicyManagerBase(   88): ThreadWrapper 0x17a5b40
04-26 08:52:04.518 V/AudioPolicyManagerBase(   88): threadFunc in
04-26 08:52:04.538 W/AudioFlinger(   88): Thread AudioOut_1 cannot connect to the power manager service
04-26 08:52:04.538 V/AudioPolicyManagerBase(   88): stopOutput() output 1, stream 1, session 2
04-26 08:52:04.538 V/AudioPolicyManagerBase(   88): stopReadingThread
04-26 08:52:04.618 V/AudioPolicyManagerBase(   88): threadFunc exit
04-26 08:52:04.618 V/AudioPolicyManagerBase(   88): changeRefCount() stream 1, count 0
04-26 08:52:04.618 V/AudioPolicyManagerBase(   88): getNewDevice() selected device 0
04-26 08:52:04.618 D/AudioPolicyManagerBase(   88): setOutputDevice() output 1 device 0 delayMs 290
04-26 08:52:04.618 V/AudioPolicyManagerBase(   88): setOutputDevice() setting same device 0 or null device for output 1
04-26 08:52:04.618 V/AudioPolicyManagerBase(   88): releaseOutput() 1
04-26 08:52:04.628 I/Gecko   (   83): 1398527524640	Marionette	INFO	sendToClient: {"from":"0","ok":true}, {618e41e8-b5fc-4a74-b761-5faf4cbf7409}, {618e41e8-b5fc-4a74-b761-5faf4cbf7409}
04-26 08:52:04.628 I/Gecko   (   83): 1398527524647	Marionette	DEBUG	Got request: switchToFrame, data: {"to":"0","sessionId":"3-b2g","name":"switchToFrame","parameters":{"id":null,"focus":true}}, id: {a30f2332-90a0-47f2-8672-04f06552d136}
04-26 08:52:04.638 I/Gecko   (   83): 1398527524650	Marionette	INFO	Switched to frame: {"frameValue":null}
04-26 08:52:04.798 I/Gecko   (   83): 1398527524809	Marionette	INFO	sendToClient: {"from":"0","ok":true}, {a30f2332-90a0-47f2-8672-04f06552d136}, {a30f2332-90a0-47f2-8672-04f06552d136}
04-26 08:52:04.808 I/Gecko   (   83): 1398527524824	Marionette	DEBUG	Got request: executeWithCallback, data: {"to":"0","sessionId":"3-b2g","name":"executeAsyncScript","parameters":{"specialPowers":false,"scriptTimeout":null,"newSandbox":true,"args":[],"filename":"gaia_test.py","script":"return GaiaApps.displayedApp();","line":66}}, id: {cf3ed446-4fb8-4932-b575-44cc6e64799a}
04-26 08:52:04.878 E/GeckoConsole(   83): Content JS LOG at dummy file:392 in GaiaApps.displayedApp: app with origin 'app://homescreen.gaiamobile.org' is displayed
04-26 08:52:04.878 I/Gecko   (   83): 1398527524891	Marionette	INFO	sendToClient: {"from":"0","value":{"frame":{"ELEMENT":"{e4ec89ce-1216-4221-8947-40fa874f30e3}"},"src":"app://homescreen.gaiamobile.org/index.html#root","name":"Homescreen","origin":"app://homescreen.gaiamobile.org"}}, {cf3ed446-4fb8-4932-b575-44cc6e64799a}, {cf3ed446-4fb8-4932-b575-44cc6e64799a}
04-26 08:52:04.888 I/Gecko   (   83): 1398527524904	Marionette	DEBUG	Got request: switchToFrame, data: {"to":"0","sessionId":"3-b2g","name":"switchToFrame","parameters":{"focus":true,"element":"{e4ec89ce-1216-4221-8947-40fa874f30e3}"}}, id: {af31fb9d-82de-46f8-a4b2-0a4ab274666e}
04-26 08:52:04.908 I/Gecko   (   83): 1398527524919	Marionette	INFO	Switched to frame: {"frameValue":"{e4ec89ce-1216-4221-8947-40fa874f30e3}"}
04-26 08:52:04.908 I/Gecko   (   83): 1398527524922	Marionette	INFO	trying remote frame 0
04-26 08:52:04.908 I/Gecko   (   83): 1398527524926	Marionette	INFO	deleting frame
04-26 08:52:04.928 I/Gecko   (   83): 1398527524938	Marionette	INFO	frame-manager load script: [object ChromeMessageSender]
04-26 08:52:05.258 I/Gecko   (   83): 1398527525267	Marionette	INFO	sendToClient: {"from":"0","ok":true}, {af31fb9d-82de-46f8-a4b2-0a4ab274666e}, {af31fb9d-82de-46f8-a4b2-0a4ab274666e}
04-26 08:52:05.338 I/Gecko   (   83): 1398527525356	Marionette	INFO	sendToClient: {"from":"0","value":{"ELEMENT":"{fa471f48-beba-49ad-8bfd-95b9f992edf5}"}}, {951af293-5b13-4f19-a49b-7586bb4747ad}, {951af293-5b13-4f19-a49b-7586bb4747ad}
04-26 08:52:05.668 E/GeckoConsole(  720): [JavaScript Warning: "Use of getAttributeNode() is deprecated. Use getAttribute() instead." {file: "chrome://marionette/content/atoms.js" line: 25}]
04-26 08:52:05.678 E/GeckoConsole(  720): [JavaScript Warning: "Use of attributes' specified attribute is deprecated. It always returns true." {file: "chrome://marionette/content/atoms.js" line: 25}]
04-26 08:52:05.678 I/Gecko   (   83): 1398527525690	Marionette	INFO	sendToClient: {"from":"0","value":"normal"}, {b271cd25-2b2d-46a2-9bdf-6712cd5bf710}, {b271cd25-2b2d-46a2-9bdf-6712cd5bf710}
04-26 08:52:05.688 I/Gecko   (   83): 1398527525699	Marionette	DEBUG	Got request: switchToFrame, data: {"to":"0","sessionId":"3-b2g","name":"switchToFrame","parameters":{"id":null,"focus":true}}, id: {0341a150-7ff3-400b-8958-175fe3ec24d7}
04-26 08:52:05.698 I/Gecko   (   83): 1398527525713	Marionette	INFO	Switched to frame: {"frameValue":null}
04-26 08:52:05.808 I/Gecko   (   83): 1398527525818	Marionette	INFO	sendToClient: {"from":"0","ok":true}, {0341a150-7ff3-400b-8958-175fe3ec24d7}, {0341a150-7ff3-400b-8958-175fe3ec24d7}
04-26 08:52:05.808 I/Gecko   (   83): 1398527525825	Marionette	DEBUG	Got request: execute, data: {"to":"0","sessionId":"3-b2g","name":"executeScript","parameters":{"specialPowers":false,"scriptTimeout":null,"newSandbox":true,"args":[],"filename":"gaia_test.py","script":"window.wrappedJSObject.dispatchEvent(new Event('home'));","line":788}}, id: {33e6eef9-620e-41a3-8914-dc480ec4e13f}
04-26 08:52:05.868 I/Gecko   (   83): 1398527525881	Marionette	INFO	sendToClient: {"from":"0","value":null}, {33e6eef9-620e-41a3-8914-dc480ec4e13f}, {33e6eef9-620e-41a3-8914-dc480ec4e13f}
04-26 08:52:05.878 I/Gecko   (   83): 1398527525887	Marionette	DEBUG	Got request: switchToFrame, data: {"to":"0","sessionId":"3-b2g","name":"switchToFrame","parameters":{"id":null,"focus":true}}, id: {19f3f443-564e-4c77-8f92-92096d9b4b58}
04-26 08:52:05.878 I/Gecko   (   83): 1398527525889	Marionette	INFO	Switched to frame: {"frameValue":null}
04-26 08:52:05.978 I/Gecko   (   83): 1398527525992	Marionette	INFO	sendToClient: {"from":"0","ok":true}, {19f3f443-564e-4c77-8f92-92096d9b4b58}, {19f3f443-564e-4c77-8f92-92096d9b4b58}
04-26 08:52:05.988 I/Gecko   (   83): 1398527525999	Marionette	DEBUG	Got request: switchToFrame, data: {"to":"0","sessionId":"3-b2g","name":"switchToFrame","parameters":{"id":null,"focus":true}}, id: {b90ade29-ba31-4ea0-8ea2-c56cec325190}
04-26 08:52:05.988 I/Gecko   (   83): 1398527526003	Marionette	INFO	Switched to frame: {"frameValue":null}
04-26 08:52:06.098 I/Gecko   (   83): 1398527526117	Marionette	INFO	sendToClient: {"from":"0","ok":true}, {b90ade29-ba31-4ea0-8ea2-c56cec325190}, {b90ade29-ba31-4ea0-8ea2-c56cec325190}
04-26 08:52:06.108 I/Gecko   (   83): 1398527526124	Marionette	DEBUG	Got request: executeWithCallback, data: {"to":"0","sessionId":"3-b2g","name":"executeAsyncScript","parameters":{"specialPowers":false,"scriptTimeout":null,"newSandbox":true,"args":[],"filename":"gaia_test.py","script":"return GaiaApps.displayedApp();","line":66}}, id: {25b19197-3a6a-4d6e-becd-50af1a2aaafd}
04-26 08:52:06.178 I/Gecko   (   83): 1398527526191	Marionette	INFO	sendToClient: {"from":"0","value":{"frame":{"ELEMENT":"{e4ec89ce-1216-4221-8947-40fa874f30e3}"},"src":"app://homescreen.gaiamobile.org/index.html#rootSat%20Apr%2026%202014%2008:52:05%20GMT-0700%20(UTC)","name":"Homescreen","origin":"app://homescreen.gaiamobile.org"}}, {25b19197-3a6a-4d6e-becd-50af1a2aaafd}, {25b19197-3a6a-4d6e-becd-50af1a2aaafd}
04-26 08:52:06.178 E/GeckoConsole(   83): Content JS LOG at dummy file:392 in GaiaApps.displayedApp: app with origin 'app://homescreen.gaiamobile.org' is displayed
04-26 08:52:06.198 I/Gecko   (   83): 1398527526212	Marionette	DEBUG	Got request: switchToFrame, data: {"to":"0","sessionId":"3-b2g","name":"switchToFrame","parameters":{"focus":true,"element":"{e4ec89ce-1216-4221-8947-40fa874f30e3}"}}, id: {e64e96ef-3b67-44b4-9447-6493190cfc58}
04-26 08:52:06.208 I/Gecko   (   83): 1398527526227	Marionette	INFO	Switched to frame: {"frameValue":"{e4ec89ce-1216-4221-8947-40fa874f30e3}"}
04-26 08:52:06.218 I/Gecko   (   83): 1398527526229	Marionette	INFO	trying remote frame 0
04-26 08:52:06.358 I/Gecko   (   83): 1398527526371	Marionette	INFO	sendToClient: {"from":"0","ok":true}, {e64e96ef-3b67-44b4-9447-6493190cfc58}, {e64e96ef-3b67-44b4-9447-6493190cfc58}
04-26 08:52:06.368 I/Gecko   (   83): 1398527526381	Marionette	DEBUG	Got request: execute, data: {"to":"0","sessionId":"3-b2g","name":"executeScript","parameters":{"specialPowers":false,"scriptTimeout":null,"newSandbox":true,"args":[],"filename":"gaia_test.py","script":"return window.wrappedJSObject.GridManager.pageHelper.getCurrentPageNumber();","line":784}}, id: {86048ea9-2928-4c7d-830e-372604b2bd31}
04-26 08:52:07.468 I/Gecko   (   83): 1398527527482	Marionette	INFO	sendToClient: {"from":"0","value":0}, {86048ea9-2928-4c7d-830e-372604b2bd31}, {86048ea9-2928-4c7d-830e-372604b2bd31}
04-26 08:52:07.478 E/GeckoConsole(  720): Content JS WARN at app://homescreen.gaiamobile.org/gaia_build_defer_index.js:184 in isHiddenApp: Unexpected role when checking hidden app: undefined
04-26 08:52:07.478 E/GeckoConsole(  720): Content JS WARN at app://homescreen.gaiamobile.org/gaia_build_defer_index.js:184 in isHiddenApp: Unexpected role when checking hidden app: undefined
04-26 08:52:07.478 E/GeckoConsole(  720): Content JS WARN at app://homescreen.gaiamobile.org/gaia_build_defer_index.js:184 in isHiddenApp: Unexpected role when checking hidden app: undefined
04-26 08:52:07.478 E/GeckoConsole(  720): Content JS WARN at app://homescreen.gaiamobile.org/gaia_build_defer_index.js:184 in isHiddenApp: Unexpected role when checking hidden app: undefined
04-26 08:52:07.488 E/GeckoConsole(  720): Content JS WARN at app://homescreen.gaiamobile.org/gaia_build_defer_index.js:184 in isHiddenApp: Unexpected role when checking hidden app: undefined
04-26 08:52:07.488 E/GeckoConsole(  720): Content JS WARN at app://homescreen.gaiamobile.org/gaia_build_defer_index.js:184 in isHiddenApp: Unexpected role when checking hidden app: undefined
04-26 08:52:07.488 E/GeckoConsole(  720): Content JS WARN at app://homescreen.gaiamobile.org/gaia_build_defer_index.js:184 in isHiddenApp: Unexpected role when checking hidden app: undefined
04-26 08:52:07.488 E/GeckoConsole(  720): Content JS WARN at app://homescreen.gaiamobile.org/gaia_build_defer_index.js:184 in isHiddenApp: Unexpected role when checking hidden app: undefined
04-26 08:52:07.488 E/GeckoConsole(  720): Content JS WARN at app://homescreen.gaiamobile.org/gaia_build_defer_index.js:184 in isHiddenApp: Unexpected role when checking hidden app: undefined
04-26 08:52:07.488 E/GeckoConsole(  720): Content JS WARN at app://homescreen.gaiamobile.org/gaia_build_defer_index.js:184 in isHiddenApp: Unexpected role when checking hidden app: undefined
04-26 08:52:07.488 E/GeckoConsole(  720): Content JS WARN at app://homescreen.gaiamobile.org/gaia_build_defer_index.js:184 in isHiddenApp: Unexpected role when checking hidden app: undefined
04-26 08:52:07.488 E/GeckoConsole(  720): Content JS WARN at app://homescreen.gaiamobile.org/gaia_build_defer_index.js:184 in isHiddenApp: Unexpected role when checking hidden app: undefined
04-26 08:52:07.488 E/GeckoConsole(  720): Content JS WARN at app://homescreen.gaiamobile.org/gaia_build_defer_index.js:184 in isHiddenApp: Unexpected role when checking hidden app: undefined
04-26 08:52:07.488 E/GeckoConsole(  720): Content JS WARN at app://homescreen.gaiamobile.org/gaia_build_defer_index.js:184 in isHiddenApp: Unexpected role when checking hidden app: undefined
04-26 08:52:07.488 E/GeckoConsole(  720): Content JS WARN at app://homescreen.gaiamobile.org/gaia_build_defer_index.js:184 in isHiddenApp: Unexpected role when checking hidden app: undefined
04-26 08:52:07.488 E/GeckoConsole(  720): Content JS WARN at app://homescreen.gaiamobile.org/gaia_build_defer_index.js:184 in isHiddenApp: Unexpected role when checking hidden app: undefined
04-26 08:52:07.488 E/GeckoConsole(  720): Content JS WARN at app://homescreen.gaiamobile.org/gaia_build_defer_index.js:184 in isHiddenApp: Unexpected role when checking hidden app: undefined
04-26 08:52:07.498 E/GeckoConsole(  720): Content JS WARN at app://homescreen.gaiamobile.org/gaia_build_defer_index.js:184 in isHiddenApp: Unexpected role when checking hidden app: undefined
04-26 08:52:07.498 E/GeckoConsole(  720): Content JS WARN at app://homescreen.gaiamobile.org/gaia_build_defer_index.js:184 in isHiddenApp: Unexpected role when checking hidden app: undefined
04-26 08:52:07.498 E/GeckoConsole(  720): Content JS WARN at app://homescreen.gaiamobile.org/gaia_build_defer_index.js:184 in isHiddenApp: Unexpected role when checking hidden app: undefined
04-26 08:52:07.498 E/GeckoConsole(  720): Content JS WARN at app://homescreen.gaiamobile.org/gaia_build_defer_index.js:184 in isHiddenApp: Unexpected role when checking hidden app: undefined
04-26 08:52:07.498 E/GeckoConsole(  720): Content JS WARN at app://homescreen.gaiamobile.org/gaia_build_defer_index.js:184 in isHiddenApp: Unexpected role when checking hidden app: undefined
04-26 08:52:07.748 I/Gecko   (   83): 1398527527761	Marionette	INFO	sendToClient: {"from":"0","value":["{5911f5f4-7c0e-4811-9c6b-3108f90923d6}","{c977924a-990c-4e49-96fe-4c83fbf13aaf}","{e930217a-51c0-4edb-a6eb-ada25a589db3}","{6013cbfb-fdae-47db-af11-b464f1df4920}","{379ba3e8-6f75-4f31-8f34-6407ebe26f9e}","{df200d16-f72e-40a7-b136-debf9b02f22c}","{5aa70a1e-f7ef-4e33-b472-12b8101f6484}","{cd3783f7-65c6-4f68-908e-d21b477cc4f9}","{66ad259e-0d25-41f5-9db3-e6ca2a5bf120}","{3a26f078-2942-4c63-b4c4-06984c2ce8c3}","{28617c81-33fb-46b7-a467-177f3474b739}","{586f625a-1247-4679-b91c-0e268ebaed6c}","{5cbfaa9a-d0a6-422b-9956-0322e860e041}","{20315082-6761-47ce-aec7-91894ffff137}","{c8780243-e25c-44b0-8fe5-38285e46bac4}","{268df63b-9d5d-4062-ab03-851892809c77}","{f9107ed1-2b34-4f2c-8842-b7ec417ecfde}","{321ce93a-0285-4a9e-bd50-0afb579f1968}","{adb327e6-8c21-40b2-842a-f5e1196f468c}","{f1511f52-0380-49bb-a8e3-83d55bea10bb}","{99f4d3c7-23fd-44c5-8263-b33160160cad}","{f227b9d0-84ea-426b-afec-2183ec6c1636}","{75a68c6c-fc5b-4604-bc79-aa8a46d9d57f}","{af3260da-cabc
04-26 08:52:07.838 I/Gecko   (   83): 1398527527849	Marionette	INFO	sendToClient: {"from":"0","value":"app://homescreen.gaiamobile.org/index.html#rootSat%20Apr%2026%202014%2008:52:05%20GMT-0700%20(UTC)"}, {e02c56d9-1b3d-4206-b123-b019c7b2a4c7}, {e02c56d9-1b3d-4206-b123-b019c7b2a4c7}
04-26 08:52:07.858 I/Gecko   (   83): 1398527527876	Marionette	DEBUG	Got request: switchToFrame, data: {"to":"0","sessionId":"3-b2g","name":"switchToFrame","parameters":{"id":null,"focus":true}}, id: {8994a58d-42fe-466a-b6f4-5995a3147635}
04-26 08:52:07.878 I/Gecko   (   83): 1398527527893	Marionette	INFO	Switched to frame: {"frameValue":null}
04-26 08:52:07.978 I/Gecko   (   83): 1398527527996	Marionette	INFO	sendToClient: {"from":"0","ok":true}, {8994a58d-42fe-466a-b6f4-5995a3147635}, {8994a58d-42fe-466a-b6f4-5995a3147635}
04-26 08:52:07.988 I/Gecko   (   83): 1398527528004	Marionette	DEBUG	Got request: switchToFrame, data: {"to":"0","sessionId":"3-b2g","name":"switchToFrame","parameters":{"id":null,"focus":true}}, id: {4b30f751-5867-49c8-904a-7d505b276659}
04-26 08:52:07.988 I/Gecko   (   83): 1398527528006	Marionette	INFO	Switched to frame: {"frameValue":null}
04-26 08:52:08.098 I/Gecko   (   83): 1398527528110	Marionette	INFO	sendToClient: {"from":"0","ok":true}, {4b30f751-5867-49c8-904a-7d505b276659}, {4b30f751-5867-49c8-904a-7d505b276659}
04-26 08:52:08.108 I/Gecko   (   83): 1398527528118	Marionette	DEBUG	Got request: executeWithCallback, data: {"to":"0","sessionId":"3-b2g","name":"executeAsyncScript","parameters":{"specialPowers":false,"scriptTimeout":30000,"newSandbox":true,"args":[],"filename":"app_checker.py","script":"GaiaApps.launchWithManifestURL('https://marketplace.firefox.com/app/d0679c4c-07eb-409e-98dc-4b606a693200/manifest.webapp')","line":106}}, id: {3a9ea974-303a-453e-8818-879219400b6e}
04-26 08:52:08.188 I/Gonk    (   83): Setting nice for pid 733 to 18
04-26 08:52:08.188 I/Gonk    (   83): Changed nice for pid 733 from 18 to 18.
04-26 08:52:08.188 I/Gecko   (   83): [Parent 83] WARNING: waitpid failed pid:733 errno:10: file ../../../gecko/ipc/chromium/src/base/process_util_posix.cc, line 254
04-26 08:52:08.198 I/Gonk    (   83): Setting nice for pid 733 to 1
04-26 08:52:08.198 I/Gonk    (   83): Changed nice for pid 733 from 18 to 1.
04-26 08:52:08.248 E/GeckoConsole(   83): Content JS LOG at dummy file:334 in GaiaApps.launch: launching app with name 'vCardIn'
04-26 08:52:09.038 D/Sensors (   83): activate handle=0; drv=0
04-26 08:52:09.038 D/Sensors (   83): Lis3dhSensor: Control set 1
04-26 08:52:09.038 D/Sensors (   83): Lis3dhSensor: mEnabled = 1
04-26 08:52:09.088 E/[Gralloc-ERROR](   83): int gralloc_register_buffer(const gralloc_module_t*, const native_handle_t*):79 Unable to register handle 0x48bb9fb0 coming from different process: 83
04-26 08:52:09.098 E/[Gralloc-ERROR](   83): int gralloc_register_buffer(const gralloc_module_t*, const native_handle_t*):79 Unable to register handle 0x48bc50b0 coming from different process: 83
04-26 08:52:09.108 E/[Gralloc-ERROR](   83): int gralloc_register_buffer(const gralloc_module_t*, const native_handle_t*):79 Unable to register handle 0x48bc5150 coming from different process: 83
04-26 08:52:09.108 E/[Gralloc-ERROR](   83): int gralloc_register_buffer(const gralloc_module_t*, const native_handle_t*):79 Unable to register handle 0x48bc51f0 coming from different process: 83
04-26 08:52:09.138 W/WifiHW  (   83): wifi_command: SIGNAL_POLL
04-26 08:52:09.348 I/Gonk    (   83): Setting nice for pid 720 to 18
04-26 08:52:09.358 I/Gonk    (   83): Changed nice for pid 720 from 1 to 18.
04-26 08:52:09.508 I/Gonk    (   83): Setting nice for pid 788 to 18
04-26 08:52:09.508 I/Gonk    (   83): Changed nice for pid 788 from 0 to 18.
04-26 08:52:10.048 I/Gecko   (  733): ###################################### forms.js loaded
04-26 08:52:10.098 I/Gecko   (  733): ############################### browserElementPanning.js loaded
04-26 08:52:10.128 I/Gecko   (  733): ######################## BrowserElementChildPreload.js loaded
04-26 08:52:10.668 I/log     (  797): <4>0[ 299.278198] select 720 (Homescreen), adj 8, size 6648, to kill 
04-26 08:52:11.558 E/GeckoConsole(  733): [JavaScript Warning: "SyntaxError: Using //@ to indicate sourceMappingURL pragmas is deprecated. Use //# instead" {file: "app://{d884c318-14f5-4426-9f88-f2a30eaf147c}/js/jquery.min.js" line: 1}]
04-26 08:52:11.958 E/GeckoConsole(  733): [JavaScript Warning: "Expected identifier for pseudo-class or pseudo-element but found ' '.  Ruleset ignored due to bad selector." {file: "app://{d884c318-14f5-4426-9f88-f2a30eaf147c}/lungo/lungo.css" line: 3 column: 27 source: "audio,canvas,video display: inline-block *display: inline *zoom: 1,audio:not([controls]) display: none,[hidden] display: none,html{height:100%;font-size:100%;-webkit-text-size-adjust:100%;-ms-text-size-adjust:100%}"}]
04-26 08:52:11.958 E/GeckoConsole(  733): [JavaScript Warning: "Error in parsing value for 'display'.  Declaration dropped." {file: "app://{d884c318-14f5-4426-9f88-f2a30eaf147c}/lungo/lungo.css" line: 4 column: 203 source: "body{margin:0;padding:0;width:100%;height:100%;-webkit-user-select:none;-webkit-touch-callout:none;-webkit-box-orient:vertical;-webkit-box-align:stretch;-webkit-tap-highlight-color:rgba(0,0,0,0);display:-webkit-box;}"}]
04-26 08:52:11.958 E/GeckoConsole(  733): [JavaScript Warning: "Unknown property 'box-sizing'.  Declaration dropped." {file: "app://{d884c318-14f5-4426-9f88-f2a30eaf147c}/lungo/lungo.css" line: 5 column: 17 source: "body *{box-sizing:border-box;margin:0;padding:0;-webkit-user-select:none;-webkit-tap-highlight-color:rgba(255,255,255,0)}"}]
04-26 08:52:11.968 E/GeckoConsole(  733): [JavaScript Warning: "Expected ',' but found 'z-index'.  Error in parsing value for '-moz-transition-property'.  Declaration dropped." {file: "app://{d884c318-14f5-4426-9f88-f2a30eaf147c}/lungo/lungo.css" line: 14 column: 135 source: "body [data-transition]{display:block !important;-webkit-transition-property:opacity z-index transform;-moz-transition-property:opacity z-index transform;transition-property:opacity z-index transform;-webkit-transition-duration:350ms;-moz-transition-duration:350ms;transition-duration:350ms;-webkit-transition-timing-function:easeOutSine;-moz-transition-timing-function:easeOutSine;transition-timing-function:easeOutSine;-webkit-backface-visibility:hidden;-moz-backface-visibility:hidden;backface-visibility:hidden}"}]
04-26 08:52:11.968 E/GeckoConsole(  733): [JavaScript Warning: "Expected ',' but found 'z-index'.  Error in parsing value for 'transition-property'.  Declaration dropped." {file: "app://{d884c318-14f5-4426-9f88-f2a30eaf147c}/lungo/lungo.css" line: 14 column: 181 source: "body [data-transition]{display:block !important;-webkit-transition-property:opacity z-index transform;-moz-transition-property:opacity z-index transform;transition-property:opacity z-index transform;-webkit-transition-duration:350ms;-moz-transition-duration:350ms;transition-duration:350ms;-webkit-transition-timing-function:easeOutSine;-moz-transition-timing-function:easeOutSine;transition-timing-function:easeOutSine;-webkit-backface-visibility:hidden;-moz-backface-visibility:hidden;backface-visibility:hidden}"}]
04-26 08:52:11.968 E/GeckoConsole(  733): [JavaScript Warning: "Error in parsing value for '-moz-transition-timing-function'.  Declaration dropped." {file: "app://{d884c318-14f5-4426-9f88-f2a30eaf147c}/lungo/lungo.css" line: 14 column: 369 source: "body [data-transition]{display:block !important;-webkit-transition-property:opacity z-index transform;-moz-transition-property:opacity z-index transform;transition-property:opacity z-index transform;-webkit-transition-duration:350ms;-moz-transition-duration:350ms;transition-duration:350ms;-webkit-transition-timing-function:easeOutSine;-moz-transition-timing-function:easeOutSine;transition-timing-function:easeOutSine;-webkit-backface-visibility:hidden;-moz-backface-visibility:hidden;backface-visibility:hidden}"}]
04-26 08:52:11.968 E/GeckoConsole(  733): [JavaScript Warning: "Error in parsing value for 'transition-timing-function'.  Declaration dropped." {file: "app://{d884c318-14f5-4426-9f88-f2a30eaf147c}/lungo/lungo.css" line: 14 column: 408 source: "body [data-transition]{display:block !important;-webkit-transition-property:opacity z-index transform;-moz-transition-property:opacity z-index transform;transition-property:opacity z-index transform;-webkit-transition-duration:350ms;-moz-transition-duration:350ms;transition-duration:350ms;-webkit-transition-timing-function:easeOutSine;-moz-transition-timing-function:easeOutSine;transition-timing-function:easeOutSine;-webkit-backface-visibility:hidden;-moz-backface-visibility:hidden;backface-visibility:hidden}"}]
04-26 08:52:11.968 E/GeckoConsole(  733): [JavaScript Warning: "Unknown pseudo-class or pseudo-element 'hide'.  Ruleset ignored due to bad selector." {file: "app://{d884c318-14f5-4426-9f88-f2a30eaf147c}/lungo/lungo.css" line: 27 column: 32 source: "section[data-transition="fade"]:hide{opacity:0}"}]
04-26 08:52:11.968 E/GeckoConsole(  733): [JavaScript Warning: "Error in parsing value for 'left'.  Declaration dropped." {file: "app://{d884c318-14f5-4426-9f88-f2a30eaf147c}/lungo/lungo.css" line: 50 column: 49 source: "aside header,aside footer{position:relative;left:none;height:44px}"}]
04-26 08:52:11.968 E/GeckoConsole(  733): [JavaScript Warning: "Expected declaration but found '*'.  Skipped to next declaration." {file: "app://{d884c318-14f5-4426-9f88-f2a30eaf147c}/lungo/lungo.css" line: 59 column: 36 source: ".row,.rows{width:100%;margin:0 auto;*zoom:1;}"}]
04-26 08:52:11.968 E/GeckoConsole(  733): [JavaScript Warning: "Error in parsing value for 'display'.  Declaration dropped." {file: "app://{d884c318-14f5-4426-9f88-f2a30eaf147c}/lungo/lungo.css" line: 103 column: 32 source: "nav.groupbar,footer nav{display:-webkit-box;display:-moz-box;display:box;-webkit-box-pack:justify;-moz-box-pack:justify;box-pack:justify;width:100%;}"}]
04-26 08:52:11.968 E/GeckoConsole(  733): [JavaScript Warning: "Error in parsing value for 'display'.  Declaration dropped." {file: "app://{d884c318-14f5-4426-9f88-f2a30eaf147c}/lungo/lungo.css" line: 103 column: 69 source: "nav.groupbar,footer nav{display:-webkit-box;display:-moz-box;display:box;-webkit-box-pack:justify;-moz-box-pack:justify;box-pack:justify;width:100%;}"}]
04-26 08:52:11.968 E/GeckoConsole(  733): [JavaScript Warning: "Unknown property 'box-pack'.  Declaration dropped." {file: "app://{d884c318-14f5-4426-9f88-f2a30eaf147c}/lungo/lungo.css" line: 103 column: 128 source: "nav.groupbar,footer nav{display:-webkit-box;display:-moz-box;display:box;-webkit-box-pack:justify;-moz-box-pack:justify;box-pack:justify;width:100%;}"}]
04-26 08:52:11.968 E/GeckoConsole(  733): [JavaScript Warning: "Unknown property 'box-flex'.  Declaration dropped." {file: "app://{d884c318-14f5-4426-9f88-f2a30eaf147c}/lungo/lungo.css" line: 104 column: 75 source: "nav.groupbar > a,footer nav > a{-webkit-box-flex:1;-moz-box-flex:1;box-flex:1}"}]
04-26 08:52:11.978 E/GeckoConsole(  733): [JavaScript Warning: "Unknown property '-moz-border-radius'.  Declaration dropped." {file: "app://{d884c318-14f5-4426-9f88-f2a30eaf147c}/lungo/lungo.css" line: 142 column: 51 source: ".round{-webkit-border-radius:4px;-moz-border-radius:4px;border-radius:4px}"}]
04-26 08:52:11.978 E/GeckoConsole(  733): [JavaScript Warning: "Unknown property '-moz-box-shadow'.  Declaration dropped." {file: "app://{d884c318-14f5-4426-9f88-f2a30eaf147c}/lungo/lungo.css" line: 179 column: 778 source: "form fieldset input[type="text"],.form fieldset input[type="text"],form fieldset input[type="password"],.form fieldset input[type="password"],form fieldset input[type="date"],.form fieldset input[type="date"],form fieldset input[type="datetime"],.form fieldset input[type="datetime"],form fieldset input[type="email"],.form fieldset input[type="email"],form fieldset input[type="number"],.form fieldset input[type="number"],form fieldset input[type="search"],.form fieldset input[type="search"],form fieldset input[type="tel"],.form fieldset input[type="tel"],form fieldset input[type="time"],.form fieldset input[type="time"],form fieldset input[type="url"],.form fieldset input[type="url"],form fieldset textarea,.form fieldset textarea{-webkit-box-shadow:none;-moz-box-shadow:none;box-shadow:none;border:none;padding:0;}"}]
04-26 08:52:11.978 E/GeckoConsole(  733): [JavaScript Warning: "Unknown pseudo-class or pseudo-element '-webkit-slider-thumb'.  Ruleset ignored due to bad selector." {file: "app://{d884c318-14f5-4426-9f88-f2a30eaf147c}/lungo/lungo.css" line: 185 column: 39 source: "form input[type=range]:not(.checkbox)::-webkit-slider-thumb,.form input[type=range]:not(.checkbox)::-webkit-slider-thumb{top:-1px}"}]
04-26 08:52:11.978 E/GeckoConsole(  733): [JavaScript Warning: "Unknown property '-moz-border-radius'.  Declaration dropped." {file: "app://{d884c318-14f5-4426-9f88-f2a30eaf147c}/lungo/lungo.css" line: 186 column: 163 source: "form input[type=range].checkbox,.form input[type=range].checkbox{width:64px;height:30px;line-height:30px;padding:0 1px;-webkit-border-radius:2px;-moz-border-radius:2px;border-radius:2px;}"}]
04-26 08:52:11.978 E/GeckoConsole(  733): [JavaScript Warning: "Unknown pseudo-class or pseudo-element '-webkit-slider-thumb'.  Ruleset ignored due to bad selector." {file: "app://{d884c318-14f5-4426-9f88-f2a30eaf147c}/lungo/lungo.css" line: 189 column: 24 source: "form input[type=range]::-webkit-slider-thumb,.form input[type=range]::-webkit-slider-thumb{position:relative;width:24px;height:24px;margin:2px;-webkit-appearance:none}"}]
04-26 08:52:11.978 E/GeckoConsole(  733): [JavaScript Warning: "Unknown pseudo-class or pseudo-element '-webkit-slider-thumb'.  Ruleset ignored due to bad selector." {file: "app://{d884c318-14f5-4426-9f88-f2a30eaf147c}/lungo/lungo.css" line: 190 column: 24 source: "form input[type=range]::-webkit-slider-thumb::after,.form input[type=range]::-webkit-slider-thumb::after{width:6px;height:6px;display:block;content:"";position:relative;-webkit-border-radius:3px;-moz-border-radius:3px;border-radius:3px;z-index:9;top:8.5px;left:8.5px}"}]
04-26 08:52:11.978 E/GeckoConsole(  733): [JavaScript Warning: "Error in parsing value for '-moz-transition'.  Declaration dropped." {file: "app://{d884c318-14f5-4426-9f88-f2a30eaf147c}/lungo/lungo.css" line: 193 column: 164 source: "form .progress .bar .value,.form .progress .bar .value{display:block;height:inherit;width:0%;-webkit-transition:width 350ms easeOutSine;-moz-transition:width 350ms easeOutSine;transition:width 350ms easeOutSine}"}]
04-26 08:52:11.978 E/GeckoConsole(  733): [JavaScript Warning: "Error in parsing value for 'transition'.  Declaration dropped." {file: "app://{d884c318-14f5-4426-9f88-f2a30eaf147c}/lungo/lungo.css" line: 193 column: 199 source: "form .progress .bar .value,.form .progress .bar .value{display:block;height:inherit;width:0%;-webkit-transition:width 350ms easeOutSine;-moz-transition:width 350ms easeOutSine;transition:width 350ms easeOutSine}"}]
04-26 08:52:11.978 E/GeckoConsole(  733): [JavaScript Warning: "Expected media feature name but found '-webkit-min-device-pixel-ratio'." {file: "app://{d884c318-14f5-4426-9f88-f2a30eaf147c}/lungo/lungo.css" line: 194 column: 19 source: "@media screen and (-webkit-min-device-pixel-ratio:0){.custom-select select{padding-right:30px}"}]
04-26 08:52:11.988 E/GeckoConsole(  733): [JavaScript Warning: "Unknown property '-moz-border-radius'.  Declaration dropped." {file: "app://{d884c318-14f5-4426-9f88-f2a30eaf147c}/lungo/lungo.css" line: 199 column: 267 source: ".loading > span,.loading > span::before,.loading > span::after{display:block;position:absolute;width:.1em;height:.25em;top:0;-webkit-transform-origin:.05em .5em;-moz-transform-origin:.05em .5em;transform-origin:.05em .5em;-webkit-border-radius:.1em;-moz-border-radius:.1em;border-radius:.1em}"}]
04-26 08:52:11.988 E/GeckoConsole(  733): [JavaScript Warning: "Unknown property 'moz-animation'.  Declaration dropped." {file: "app://{d884c318-14f5-4426-9f88-f2a30eaf147c}/lungo/lungo.css" line: 231 column: 135 source: "section.show .loading,section.active .loading,.notification .loading{-webkit-animation:rotatingLoader .5s infinite linear;moz-animation:rotatingLoader .5s infinite linear}"}]
04-26 08:52:11.988 E/GeckoConsole(  733): [JavaScript Warning: "Unknown property '-moz-border-radius'.  Declaration dropped." {file: "app://{d884c318-14f5-4426-9f88-f2a30eaf147c}/lungo/lungo.css" line: 296 column: 205 source: ".notification .window:not(.growl).html .close{position:absolute;top:-14px;right:-14px;font-size:14px;line-height:24px;font-weight:normal;width:24px;height:24px;-webkit-border-radius:14px;-moz-border-radius:14px;border-radius:14px}"}]
04-26 08:52:11.998 E/GeckoConsole(  733): [JavaScript Warning: "Expected color but found 'THEME-light'.  Error in parsing value for 'background-color'.  Declaration dropped." {file: "app://{d884c318-14f5-4426-9f88-f2a30eaf147c}/lungo/theme.lungo.css" line: 20 column: 20 source: "  background-color: THEME-light;"}]
04-26 08:52:12.008 E/GeckoConsole(  733): [JavaScript Warning: "Unknown property '-moz-text-shadow'.  Declaration dropped." {file: "app://{d884c318-14f5-4426-9f88-f2a30eaf147c}/lungo/theme.lungo.css" line: 30 column: 18 source: "  -moz-text-shadow: 0 1px 0 #fff;"}]
04-26 08:52:12.008 E/GeckoConsole(  733): [JavaScript Warning: "Unknown property '-moz-box-shadow'.  Declaration dropped." {file: "app://{d884c318-14f5-4426-9f88-f2a30eaf147c}/lungo/theme.lungo.css" line: 37 column: 17 source: "  -moz-box-shadow: 0 1px 3px rgba(0,0,0,0.25), inset 0 1px 0 #03b1ff, inset 0 -1px 0 #007db5;"}]
04-26 08:52:12.008 E/GeckoConsole(  733): [JavaScript Warning: "Unknown property '-moz-border-radius'.  Declaration dropped." {file: "app://{d884c318-14f5-4426-9f88-f2a30eaf147c}/lungo/theme.lungo.css" line: 41 column: 20 source: "  -moz-border-radius: 4px 4px 0 0;"}]
04-26 08:52:12.008 E/GeckoConsole(  733): [JavaScript Warning: "Unknown property '-moz-box-shadow'.  Declaration dropped." {file: "app://{d884c318-14f5-4426-9f88-f2a30eaf147c}/lungo/theme.lungo.css" line: 48 column: 17 source: "  -moz-box-shadow: inset 0 3px 0 #1d1d1d;"}]
04-26 08:52:12.008 E/GeckoConsole(  733): [JavaScript Warning: "Unknown property '-moz-box-shadow'.  Declaration dropped." {file: "app://{d884c318-14f5-4426-9f88-f2a30eaf147c}/lungo/theme.lungo.css" line: 62 column: 17 source: "  -moz-box-shadow: -1px 0 2px rgba(0,0,0,0.2);"}]
04-26 08:52:12.008 E/GeckoConsole(  733): [JavaScript Warning: "Unknown property '-moz-box-shadow'.  Declaration dropped." {file: "app://{d884c318-14f5-4426-9f88-f2a30eaf147c}/lungo/theme.lungo.css" line: 67 column: 17 source: "  -moz-box-shadow: 1px 0 2px rgba(0,0,0,0.2);"}]
04-26 08:52:12.008 E/GeckoConsole(  733): [JavaScript Warning: "Unknown property '-moz-box-shadow'.  Declaration dropped." {file: "app://{d884c318-14f5-4426-9f88-f2a30eaf147c}/lungo/theme.lungo.css" line: 80 column: 17 source: "  -moz-box-shadow: 0 1px 3px rgba(0,0,0,0.25), inset 0 1px 0 #222, inset 0 -1px 0 #141414;"}]
04-26 08:52:12.008 E/GeckoConsole(  733): [JavaScript Warning: "Unknown property '-moz-text-shadow'.  Declaration dropped." {file: "app://{d884c318-14f5-4426-9f88-f2a30eaf147c}/lungo/theme.lungo.css" line: 87 column: 18 source: "  -moz-text-shadow: 0 1px 0 #20baff;"}]
04-26 08:52:12.008 E/GeckoConsole(  733): [JavaScript Warning: "Unknown property '-moz-box-shadow'.  Declaration dropped." {file: "app://{d884c318-14f5-4426-9f88-f2a30eaf147c}/lungo/theme.lungo.css" line: 95 column: 17 source: "  -moz-box-shadow: inset 0 -3px 0 #0093d5;"}]
04-26 08:52:12.008 E/GeckoConsole(  733): [JavaScript Warning: "Unknown property '-moz-box-shadow'.  Declaration dropped." {file: "app://{d884c318-14f5-4426-9f88-f2a30eaf147c}/lungo/theme.lungo.css" line: 108 column: 17 source: "  -moz-box-shadow: 1px 0 0 #1d1d1d;"}]
04-26 08:52:12.008 E/GeckoConsole(  733): [JavaScript Warning: "Unknown property '-moz-box-shadow'.  Declaration dropped." {file: "app://{d884c318-14f5-4426-9f88-f2a30eaf147c}/lungo/theme.lungo.css" line: 115 column: 17 source: "  -moz-box-shadow: inset 0 3px 0 #0093d5;"}]
04-26 08:52:12.008 E/GeckoConsole(  733): [JavaScript Warning: "Unknown property '-moz-box-shadow'.  Declaration dropped." {file: "app://{d884c318-14f5-4426-9f88-f2a30eaf147c}/lungo/theme.lungo.css" line: 133 column: 17 source: "  -moz-box-shadow: inset 4px 0px 0px #bfbfbf;"}]
04-26 08:52:12.008 E/GeckoConsole(  733): [JavaScript Warning: "Unknown property '-moz-box-shadow'.  Declaration dropped." {file: "app://{d884c318-14f5-4426-9f88-f2a30eaf147c}/lungo/theme.lungo.css" line: 138 column: 17 source: "  -moz-box-shadow: inset 4px 0px 0px #3fb58e;"}]
04-26 08:52:12.008 E/GeckoConsole(  733): [JavaScript Warning: "Unknown property '-moz-box-shadow'.  Declaration dropped." {file: "app://{d884c318-14f5-4426-9f88-f2a30eaf147c}/lungo/theme.lungo.css" line: 143 column: 17 source: "  -moz-box-shadow: inset 4px 0px 0px #ee6557;"}]
04-26 08:52:12.008 E/GeckoConsole(  733): [JavaScript Warning: "Unknown property '-moz-border-radius'.  Declaration dropped." {file: "app://{d884c318-14f5-4426-9f88-f2a30eaf147c}/lungo/theme.lungo.css" line: 237 column: 20 source: "  -moz-border-radius: 2px;"}]
04-26 08:52:12.018 E/GeckoConsole(  733): [JavaScript Warning: "Expected color but found 'THEME-dark'.  Error in parsing value for 'background-color'.  Declaration dropped." {file: "app://{d884c318-14f5-4426-9f88-f2a30eaf147c}/lungo/theme.lungo.css" line: 245 column: 20 source: "  background-color: THEME-dark !important;"}]
04-26 08:52:12.018 E/GeckoConsole(  733): [JavaScript Warning: "Unknown property '-moz-box-shadow'.  Declaration dropped." {file: "app://{d884c318-14f5-4426-9f88-f2a30eaf147c}/lungo/theme.lungo.css" line: 249 column: 17 source: "  -moz-box-shadow: inset 0 1px 1px rgba(255,255,255,0.3), 0 1px 2px rgba(0,0,0,0.5);"}]
04-26 08:52:12.018 E/GeckoConsole(  733): [JavaScript Warning: "Unknown property '-moz-box-shadow'.  Declaration dropped." {file: "app://{d884c318-14f5-4426-9f88-f2a30eaf147c}/lungo/theme.lungo.css" line: 263 column: 17 source: "  -moz-box-shadow: 0 0 8px #000;"}]
04-26 08:52:12.018 E/GeckoConsole(  733): [JavaScript Warning: "Unknown property '-moz-box-shadow'.  Declaration dropped." {file: "app://{d884c318-14f5-4426-9f88-f2a30eaf147c}/lungo/theme.lungo.css" line: 270 column: 17 source: "  -moz-box-shadow: none !important;"}]
04-26 08:52:12.018 E/GeckoConsole(  733): [JavaScript Warning: "Unknown property '-moz-border-radius'.  Declaration dropped." {file: "app://{d884c318-14f5-4426-9f88-f2a30eaf147c}/lungo/theme.lungo.css" line: 274 column: 20 source: "  -moz-border-radius: 0px !important;"}]
04-26 08:52:12.018 E/GeckoConsole(  733): [JavaScript Warning: "Unknown property '-moz-box-shadow'.  Declaration dropped." {file: "app://{d884c318-14f5-4426-9f88-f2a30eaf147c}/lungo/theme.lungo.css" line: 292 column: 17 source: "  -moz-box-shadow: 0 1px 0 #03b1ff, inset 0 1px 0 #00608a;"}]
04-26 08:52:12.018 E/GeckoConsole(  733): [JavaScript Warning: "Unknown property '-moz-border-radius'.  Declaration dropped." {file: "app://{d884c318-14f5-4426-9f88-f2a30eaf147c}/lungo/theme.lungo.css" line: 295 column: 20 source: "  -moz-border-radius: 4px;"}]
04-26 08:52:12.018 E/GeckoConsole(  733): [JavaScript Warning: "Unknown property '-moz-border-radius'.  Declaration dropped." {file: "app://{d884c318-14f5-4426-9f88-f2a30eaf147c}/lungo/theme.lungo.css" line: 305 column: 20 source: "  -moz-border-radius: FORM-border-radius;"}]
04-26 08:52:12.018 E/GeckoConsole(  733): [JavaScript Warning: "Error in parsing value for 'border-radius'.  Declaration dropped." {file: "app://{d884c318-14f5-4426-9f88-f2a30eaf147c}/lungo/theme.lungo.css" line: 306 column: 17 source: "  border-radius: FORM-border-radius;"}]
04-26 08:52:12.018 E/GeckoConsole(  733): [JavaScript Warning: "Unknown property '-moz-border-radius'.  Declaration dropped." {file: "app://{d884c318-14f5-4426-9f88-f2a30eaf147c}/lungo/theme.lungo.css" line: 309 column: 20 source: "  -moz-border-radius: 2px;"}]
04-26 08:52:12.018 E/GeckoConsole(  733): [JavaScript Warning: "Unknown property '-moz-box-shadow'.  Declaration dropped." {file: "app://{d884c318-14f5-4426-9f88-f2a30eaf147c}/lungo/theme.lungo.css" line: 312 column: 17 source: "  -moz-box-shadow: inset 0 1px 0 rgba(255,255,255,0.2);"}]
04-26 08:52:12.018 E/GeckoConsole(  733): [JavaScript Warning: "Unknown property '-moz-box-shadow'.  Declaration dropped." {file: "app://{d884c318-14f5-4426-9f88-f2a30eaf147c}/lungo/theme.lungo.css" line: 319 column: 17 source: "  -moz-box-shadow: inset 0 0 128px rgba(0,0,0,0.25);"}]
04-26 08:52:12.018 E/GeckoConsole(  733): [JavaScript Warning: "Expected color but found 'none'.  Error in parsing value for 'border-color'.  Declaration dropped." {file: "app://{d884c318-14f5-4426-9f88-f2a30eaf147c}/lungo/theme.lungo.css" line: 321 column: 16 source: "  border-color: none;"}]
04-26 08:52:12.018 E/GeckoConsole(  733): [JavaScript Warning: "Unknown property '-moz-box-shadow'.  Declaration dropped." {file: "app://{d884c318-14f5-4426-9f88-f2a30eaf147c}/lungo/theme.lungo.css" line: 394 column: 17 source: "  -moz-box-shadow: inset 0 1px 2px rgba(0,0,0,0.1);"}]
04-26 08:52:12.018 E/GeckoConsole(  733): [JavaScript Warning: "Unknown property '-moz-border-radius'.  Declaration dropped." {file: "app://{d884c318-14f5-4426-9f88-f2a30eaf147c}/lungo/theme.lungo.css" line: 397 column: 20 source: "  -moz-border-radius: 0px;"}]
04-26 08:52:12.018 E/GeckoConsole(  733): [JavaScript Warning: "Expected color but found 'color_alert'.  Error in parsing value for 'border-color'.  Declaration dropped." {file: "app://{d884c318-14f5-4426-9f88-f2a30eaf147c}/lungo/theme.lungo.css" line: 448 column: 16 source: "  border-color: color_alert;"}]
04-26 08:52:12.018 E/GeckoConsole(  733): [JavaScript Warning: "Expected color but found 'color_alert'.  Error in parsing value for 'color'.  Declaration dropped." {file: "app://{d884c318-14f5-4426-9f88-f2a30eaf147c}/lungo/theme.lungo.css" line: 449 column: 9 source: "  color: color_alert;"}]
04-26 08:52:12.028 E/GeckoConsole(  733): [JavaScript Warning: "Unknown property '-moz-box-shadow'.  Declaration dropped." {file: "app://{d884c318-14f5-4426-9f88-f2a30eaf147c}/lungo/theme.lungo.css" line: 518 column: 17 source: "  -moz-box-shadow: 'inset 0 1px 2px rgba(0,0,0,0.1)';"}]
04-26 08:52:12.028 E/GeckoConsole(  733): [JavaScript Warning: "Error in parsing value for 'box-shadow'.  Declaration dropped." {file: "app://{d884c318-14f5-4426-9f88-f2a30eaf147c}/lungo/theme.lungo.css" line: 519 column: 14 source: "  box-shadow: 'inset 0 1px 2px rgba(0,0,0,0.1)';"}]
04-26 08:52:12.028 E/GeckoConsole(  733): [JavaScript Warning: "Unknown pseudo-class or pseudo-element '-webkit-slider-thumb'.  Ruleset ignored due to bad selector." {file: "app://{d884c318-14f5-4426-9f88-f2a30eaf147c}/lungo/theme.lungo.css" line: 539 column: 24 source: "form input[type=range]::-webkit-slider-thumb,"}]
04-26 08:52:12.028 E/GeckoConsole(  733): [JavaScript Warning: "Unknown pseudo-class or pseudo-element '-webkit-slider-thumb'.  Ruleset ignored due to bad selector." {file: "app://{d884c318-14f5-4426-9f88-f2a30eaf147c}/lungo/theme.lungo.css" line: 547 column: 24 source: "form input[type=range]::-webkit-slider-thumb::after,"}]
04-26 08:52:12.078 E/GeckoConsole(  733): [JavaScript Warning: "Content Security Policy: The page's settings blocked the loading of a resource: An attempt to execute inline scripts has been blocked" {file: "app://{d884c318-14f5-4426-9f88-f2a30eaf147c}/index.html" line: 0 column: 0 source: "onsubmit attribute on DIV element"}]
04-26 08:52:12.088 E/GeckoConsole(  733): [JavaScript Warning: "Content Security Policy: The page's settings blocked the loading of a resource: An attempt to execute inline scripts has been blocked" {file: "app://{d884c318-14f5-4426-9f88-f2a30eaf147c}/index.html" line: 0 column: 0 source: "onchange attribute on DIV element"}]
04-26 08:52:12.088 E/GeckoConsole(  733): [JavaScript Warning: "Content Security Policy: The page's settings blocked the loading of a resource: An attempt to execute inline scripts has been blocked" {file: "app://{d884c318-14f5-4426-9f88-f2a30eaf147c}/index.html" line: 0 column: 0 source: "onsubmit attribute on DIV element"}]
04-26 08:52:12.088 E/GeckoConsole(  733): [JavaScript Warning: "Content Security Policy: The page's settings blocked the loading of a resource: An attempt to execute inline scripts has been blocked" {file: "app://{d884c318-14f5-4426-9f88-f2a30eaf147c}/index.html" line: 0 column: 0 source: "onchange attribute on DIV element"}]
04-26 08:52:12.158 I/Gecko   (   83): 
04-26 08:52:12.158 I/Gecko   (   83): ###!!! [Parent][MessageChannel] Error: Channel error: cannot send/recv
04-26 08:52:12.158 I/Gecko   (   83): 
04-26 08:52:12.218 I/Gecko   (   83): [Parent 83] WARNING: waitpid failed pid:720 errno:10: file ../../../gecko/ipc/chromium/src/base/process_util_posix.cc, line 254
04-26 08:52:12.488 E/GeckoConsole(   83): [JavaScript Warning: "Content Security Policy: Failed to parse unrecognized source app://"]
04-26 08:52:12.488 E/GeckoConsole(   83): [JavaScript Warning: "Content Security Policy: Failed to parse unrecognized source app://"]
04-26 08:52:12.488 E/GeckoConsole(   83): [JavaScript Error: "Content Security Policy: Can't use 'self' if self data is not provided"]
04-26 08:52:12.488 E/GeckoConsole(   83): [JavaScript Warning: "Content Security Policy: Failed to parse unrecognized source unsafe-inline"]
04-26 08:52:12.558 E/[Gralloc-ERROR](   83): int gralloc_register_buffer(const gralloc_module_t*, const native_handle_t*):79 Unable to register handle 0x44628970 coming from different process: 83
04-26 08:52:12.588 E/[Gralloc-ERROR](   83): int gralloc_register_buffer(const gralloc_module_t*, const native_handle_t*):79 Unable to register handle 0x44628a10 coming from different process: 83
04-26 08:52:12.698 E/GeckoConsole(   83): Content JS WARN at app://system.gaiamobile.org/shared/js/l10n.js:79 in consoleWarn: [l10n] #perm-contacts-more-info is undefined.
04-26 08:52:12.698 E/GeckoConsole(   83): Content JS WARN at app://system.gaiamobile.org/shared/js/l10n.js:79 in consoleWarn: [l10n] #perm-contacts-more-info is undefined.
04-26 08:52:12.778 E/[Gralloc-ERROR](   83): int gralloc_unregister_buffer(const gralloc_module_t*, const native_handle_t*):274 Trying to unregister buffer 0x48bc51f0 from process 83 that was not created in current process: 83
04-26 08:52:12.778 E/[Gralloc-ERROR](   83): int gralloc_unregister_buffer(const gralloc_module_t*, const native_handle_t*):274 Trying to unregister buffer 0x48bc5150 from process 83 that was not created in current process: 83
04-26 08:52:13.138 E/GeckoConsole(   83): Content JS WARN at app://system.gaiamobile.org/shared/js/l10n.js:79 in consoleWarn: [l10n] #perm-device-storage-sdcard-more-info is undefined.
04-26 08:52:13.168 E/GeckoConsole(  733): [JavaScript Warning: "Unknown property 'box-sizing'.  Declaration dropped." {file: "app://{d884c318-14f5-4426-9f88-f2a30eaf147c}/index.html" line: 0 column: 10 source: "box-sizing:border-box;-moz-box-sizing:border-box;-webkit-box-sizing:border-box;padding:1px;border:1px;display:block;width:4px;margin-top:1%;position:absolute;top:1%;"}]
04-26 08:52:13.188 E/GeckoConsole(  733): [JavaScript Warning: "Unknown property 'box-sizing'.  Declaration dropped." {file: "app://{d884c318-14f5-4426-9f88-f2a30eaf147c}/index.html" line: 0 column: 52 source: "padding:0;margin:0;border:0;display:block;box-sizing:content-box;-moz-box-sizing:content-box;-webkit-box-sizing:content-box;"}]
04-26 08:52:13.188 E/GeckoConsole(  733): [JavaScript Warning: "Unknown property 'box-sizing'.  Declaration dropped." {file: "app://{d884c318-14f5-4426-9f88-f2a30eaf147c}/index.html" line: 0 column: 52 source: "padding:0;margin:0;border:0;display:block;box-sizing:content-box;-moz-box-sizing:content-box;-webkit-box-sizing:content-box;"}]
04-26 08:52:13.908 I/Gonk    (   83): Setting nice for pid 788 to 18
04-26 08:52:13.908 I/Gonk    (   83): Changed nice for pid 788 from 18 to 18.
04-26 08:52:13.908 I/Gecko   (   83): [Parent 83] WARNING: waitpid failed pid:788 errno:10: file ../../../gecko/ipc/chromium/src/base/process_util_posix.cc, line 254
04-26 08:52:13.908 I/Gonk    (   83): Setting nice for pid 788 to 1
04-26 08:52:13.908 I/Gonk    (   83): Changed nice for pid 788 from 18 to 1.
04-26 08:52:13.918 I/Gonk    (   83): Setting nice for pid 788 to 18
04-26 08:52:13.918 I/Gonk    (   83): Changed nice for pid 788 from 1 to 18.
04-26 08:52:14.068 I/Gecko   (   83): 1398527534086	Marionette	INFO	sendToClient: {"from":"0","value":{"frame":{"ELEMENT":"{89bcbd7d-1336-4a66-9ecd-3c7f2b5533a4}"},"src":"app://{d884c318-14f5-4426-9f88-f2a30eaf147c}/index.html","name":"vCardIn","origin":"app://{d884c318-14f5-4426-9f88-f2a30eaf147c}"}}, {3a9ea974-303a-453e-8818-879219400b6e}, {3a9ea974-303a-453e-8818-879219400b6e}
04-26 08:52:14.078 E/GeckoConsole(   83): Content JS LOG at dummy file:326 in GaiaApps.launch/appOpen/<: app with origin 'app://{d884c318-14f5-4426-9f88-f2a30eaf147c}' has launched
04-26 08:52:14.078 E/[Gralloc-ERROR](   83): int gralloc_unregister_buffer(const gralloc_module_t*, const native_handle_t*):274 Trying to unregister buffer 0x48bb9fb0 from process 83 that was not created in current process: 83
04-26 08:52:14.078 E/[Gralloc-ERROR](   83): int gralloc_unregister_buffer(const gralloc_module_t*, const native_handle_t*):274 Trying to unregister buffer 0x48bc50b0 from process 83 that was not created in current process: 83
04-26 08:52:14.108 I/Gecko   (   83): 1398527534118	Marionette	DEBUG	Got request: switchToFrame, data: {"to":"0","sessionId":"3-b2g","name":"switchToFrame","parameters":{"focus":true,"element":"{89bcbd7d-1336-4a66-9ecd-3c7f2b5533a4}"}}, id: {3174a5e0-99a0-43bf-9ab9-6b2f6be84871}
04-26 08:52:14.108 I/Gecko   (   83): 1398527534125	Marionette	INFO	Switched to frame: {"frameValue":"{89bcbd7d-1336-4a66-9ecd-3c7f2b5533a4}"}
04-26 08:52:14.118 I/Gecko   (   83): 1398527534128	Marionette	INFO	trying remote frame 0
04-26 08:52:14.118 I/Gecko   (   83): 1398527534129	Marionette	INFO	deleting frame
04-26 08:52:14.118 I/Gecko   (   83): 1398527534134	Marionette	INFO	frame-manager load script: [object ChromeMessageSender]
04-26 08:52:14.158 W/WifiHW  (   83): wifi_command: SIGNAL_POLL
04-26 08:52:14.218 I/Gecko   (   83): [Parent 83] WARNING: waitpid failed pid:720 errno:10: file ../../../gecko/ipc/chromium/src/base/process_util_posix.cc, line 254
04-26 08:52:14.218 I/Gecko   (   83): [Parent 83] WARNING: Failed to deliver SIGKILL to 720!(3).: file ../../../gecko/ipc/chromium/src/chrome/common/process_watcher_posix_sigchld.cc, line 118
04-26 08:52:14.558 I/Gecko   (   83): 1398527534573	Marionette	INFO	sendToClient: {"from":"0","ok":true}, {3174a5e0-99a0-43bf-9ab9-6b2f6be84871}, {3174a5e0-99a0-43bf-9ab9-6b2f6be84871}
04-26 08:52:14.568 I/Gecko   (   83): 1398527534585	Marionette	INFO	sendToClient: {"from":"0","value":"app://{d884c318-14f5-4426-9f88-f2a30eaf147c}/index.html"}, {a903fc97-b861-490b-b324-791c9b292d28}, {a903fc97-b861-490b-b324-791c9b292d28}
04-26 08:52:14.578 I/Gecko   (   83): 1398527534591	Marionette	DEBUG	Got request: execute, data: {"to":"0","sessionId":"3-b2g","name":"executeScript","parameters":{"specialPowers":false,"scriptTimeout":null,"newSandbox":true,"args":[],"filename":"app_checker.py","script":"return window.document.readyState;","line":191}}, id: {40ccff2a-3c28-4896-94c6-87b9eee9a1d7}
04-26 08:52:14.618 I/Gecko   (   83): 1398527534628	Marionette	INFO	sendToClient: {"from":"0","value":"complete"}, {40ccff2a-3c28-4896-94c6-87b9eee9a1d7}, {40ccff2a-3c28-4896-94c6-87b9eee9a1d7}
04-26 08:52:14.618 I/Gecko   (   83): 1398527534637	Marionette	INFO	sendToClient: {"from":"0","value":"app://{d884c318-14f5-4426-9f88-f2a30eaf147c}/index.html"}, {5ddbc272-8dce-46bb-87c0-91e366daa349}, {5ddbc272-8dce-46bb-87c0-91e366daa349}
04-26 08:52:14.638 I/Gecko   (  733): Attempting load of libEGL.so
04-26 08:52:14.668 D/libEGL  (  733): loaded /system/lib/egl/libEGL_mali.so
04-26 08:52:14.718 D/libEGL  (  733): loaded /system/lib/egl/libGLESv1_CM_mali.so
04-26 08:52:14.718 D/libEGL  (  733): loaded /system/lib/egl/libGLESv2_mali.so
04-26 08:52:14.758 I/Gecko   (  733): SharedSurface_Gralloc::Create -------
04-26 08:52:14.788 I/Gecko   (  733): SharedSurface_Gralloc::Create: success -- surface 0x432b1900, GraphicBuffer 0x4408e100.
04-26 08:52:15.268 I/log     (  808): <4>0[ 303.901747] select 788 ((Preallocated a), adj 8, size 3051, to kill 
04-26 08:52:15.478 I/Gecko   (   83): 
04-26 08:52:15.478 I/Gecko   (   83): ###!!! [Parent][MessageChannel] Error: Channel error: cannot send/recv
04-26 08:52:15.478 I/Gecko   (   83): 
04-26 08:52:15.648 I/Gecko   (   83): [Parent 83] WARNING: waitpid failed pid:788 errno:10: file ../../../gecko/ipc/chromium/src/base/process_util_posix.cc, line 254
04-26 08:52:15.818 I/Gecko   (   83): 1398527535831	Marionette	INFO	sendToClient: {"from":"0","value":"iVBORw0KGgoAAAANSUhEUgAAAUAAAAHMCAYAAACk4nEJAAAfjElEQVR4nO3df3TU9Z3v8bG6rduru25Pd8+5p3fvnmPvOe7dPdfr7XHvrd3dptbttrb1B7UIAVFEAoI/8EcRVFT8sbZqDYj8EgUURIEqCDrh5+QX5AeQkIQfISQh/EgIgSQzmfyaTDIzr/tHyCSTmUyCGxjg/cw5j3Ngvp/5ft/fSfLsd35QHTfccINuufF6zfnNNdo4/irlTnEAwGVp4/irlDriGt1y4/W64YYb5Ljlxuu1beI3Ej4YAFwoWydeqR/eeL0cc35zTcKHAYALLXXEtXKkTbgy4YMAwIWWNuFKORI9BAAkCgEEYJYjN8UhALCIK0AAZnEFCMAsAgjALAIIwCwCCMAsAgjALAIIwCxH7oMOWbRryrXKe+jKhM8BIHHMBrAuY7FCwYD87mpVLp+Y8HkAXHgXLIAH37pNZ3YuV1vNfvmbatVee0gNu1arbN5dyp1wxQU/8bqMxer5OrFuVvj2U675Op39gU5nf6DC3/1dwr9BQI+Sl25SXcYi+U4dVrDTp2BHq9pPlemUa4FKXropYm31F7MTPu+l4LwHcNeUa+Uu2qB4X83lO1TwxH+9oCc+UACDHa3h2/e9fHPCv0FA/qSrVZexKO7vkEIh1WUsUl7KN1X9xWxJSvjc/xkFT31Plcsn6tia36l41j+Gb9815dphPc55DWDexD9Tc2Ven29SUN6yTNVlLlFjwecKtDedDeBO5ad864I+wAQQl4L8yX8u7+Gs7l+fLr9qt87Vvlf+SfmTv61dD1+jfS/frNotqQp2dUiSOuqPhn9+Ez37QPZM+5vuK9QBnvkdfOs2Bdq9EXE/nfW+vIezVPzC/xrWWRyucQ6dL1XrXw6fQ1erWwUv3xKxPTPlWh394lVlT/1uzPunP3DlsM6Tfv83wn+uSe8N4J
04-26 08:52:16.008 I/Gecko   (   83): 1398527536023	Marionette	INFO	sendToClient: {"from":"0","ok":true}, {849ce6c1-bcb9-43a7-9268-a4d33a69a594}, {849ce6c1-bcb9-43a7-9268-a4d33a69a594}
04-26 08:52:16.018 I/Gecko   (   83): 1398527536031	Marionette	DEBUG	Got request: switchToFrame, data: {"to":"0","sessionId":"3-b2g","name":"switchToFrame","parameters":{"id":null,"focus":true}}, id: {bb035ce2-54ff-4a99-945a-ea5b239c3a1b}
04-26 08:52:16.038 I/Gecko   (   83): 1398527536049	Marionette	INFO	Switched to frame: {"frameValue":null}
04-26 08:52:16.148 I/Gecko   (   83): 1398527536162	Marionette	INFO	sendToClient: {"from":"0","ok":true}, {bb035ce2-54ff-4a99-945a-ea5b239c3a1b}, {bb035ce2-54ff-4a99-945a-ea5b239c3a1b}
04-26 08:52:16.158 I/Gecko   (   83): 1398527536170	Marionette	DEBUG	Got request: executeWithCallback, data: {"to":"0","sessionId":"3-b2g","name":"executeAsyncScript","parameters":{"specialPowers":false,"scriptTimeout":null,"newSandbox":true,"args":[],"filename":"gaia_test.py","script":"return GaiaApps.displayedApp();","line":66}}, id: {aedcde8d-ce35-4176-91e5-b8a774f77009}
04-26 08:52:16.248 I/Gecko   (   83): 1398527536266	Marionette	INFO	sendToClient: {"from":"0","value":{"frame":{"ELEMENT":"{89bcbd7d-1336-4a66-9ecd-3c7f2b5533a4}"},"src":"app://{d884c318-14f5-4426-9f88-f2a30eaf147c}/index.html","name":"vCardIn","origin":"app://{d884c318-14f5-4426-9f88-f2a30eaf147c}"}}, {aedcde8d-ce35-4176-91e5-b8a774f77009}, {aedcde8d-ce35-4176-91e5-b8a774f77009}
04-26 08:52:16.258 I/Gecko   (   83): 1398527536274	Marionette	DEBUG	Got request: switchToFrame, data: {"to":"0","sessionId":"3-b2g","name":"switchToFrame","parameters":{"id":null,"focus":true}}, id: {086a17d8-8192-4bf1-9f09-10da0210549d}
04-26 08:52:16.258 E/GeckoConsole(   83): Content JS LOG at dummy file:392 in GaiaApps.displayedApp: app with origin 'app://{d884c318-14f5-4426-9f88-f2a30eaf147c}' is displayed
04-26 08:52:16.268 I/Gecko   (   83): 1398527536278	Marionette	INFO	Switched to frame: {"frameValue":null}
04-26 08:52:16.368 I/Gecko   (   83): 1398527536380	Marionette	INFO	sendToClient: {"from":"0","ok":true}, {086a17d8-8192-4bf1-9f09-10da0210549d}, {086a17d8-8192-4bf1-9f09-10da0210549d}
04-26 08:52:16.368 I/Gecko   (   83): 1398527536387	Marionette	DEBUG	Got request: execute, data: {"to":"0","sessionId":"3-b2g","name":"executeScript","parameters":{"specialPowers":false,"scriptTimeout":null,"newSandbox":true,"args":[],"filename":"gaia_test.py","script":"window.wrappedJSObject.dispatchEvent(new Event('home'));","line":788}}, id: {578a58be-9d7f-45d5-86ea-512268b592ef}
04-26 08:52:16.398 I/GeckoDump(   83): XXX FIXME : Got a mozContentEvent: permission-deny
04-26 08:52:16.488 D/Sensors (   83): activate handle=0; drv=0
04-26 08:52:16.498 D/Sensors (   83): Lis3dhSensor: Control set 0
04-26 08:52:16.498 D/Sensors (   83): Lis3dhSensor: mEnabled = 0
04-26 08:52:16.588 I/Gonk    (   83): Setting nice for pid 809 to 18
04-26 08:52:16.588 I/Gonk    (   83): Changed nice for pid 809 from 0 to 18.
04-26 08:52:16.588 I/Gecko   (   83): 1398527536604	Marionette	INFO	sendToClient: {"from":"0","value":null}, {578a58be-9d7f-45d5-86ea-512268b592ef}, {578a58be-9d7f-45d5-86ea-512268b592ef}
04-26 08:52:16.638 I/Gonk    (   83): Setting nice for pid 809 to 18
04-26 08:52:16.638 I/Gonk    (   83): Changed nice for pid 809 from 18 to 18.
04-26 08:52:16.638 I/Gecko   (   83): [Parent 83] WARNING: waitpid failed pid:809 errno:10: file ../../../gecko/ipc/chromium/src/base/process_util_posix.cc, line 254
04-26 08:52:16.648 I/Gonk    (   83): Setting nice for pid 809 to 1
04-26 08:52:16.648 I/Gonk    (   83): Changed nice for pid 809 from 18 to 1.
04-26 08:52:16.668 E/[Gralloc-ERROR](   83): int gralloc_unregister_buffer(const gralloc_module_t*, const native_handle_t*):274 Trying to unregister buffer 0x44628970 from process 83 that was not created in current process: 83
04-26 08:52:16.678 E/[Gralloc-ERROR](   83): int gralloc_unregister_buffer(const gralloc_module_t*, const native_handle_t*):274 Trying to unregister buffer 0x44628a10 from process 83 that was not created in current process: 83
04-26 08:52:16.678 I/Gecko   (   83): 1398527536692	Marionette	DEBUG	Got request: switchToFrame, data: {"to":"0","sessionId":"3-b2g","name":"switchToFrame","parameters":{"id":null,"focus":true}}, id: {81ed4ee3-3284-46f9-acfd-8cadf49a2188}
04-26 08:52:16.678 I/Gecko   (   83): 1398527536694	Marionette	INFO	Switched to frame: {"frameValue":null}
04-26 08:52:16.778 I/Gecko   (   83): 1398527536796	Marionette	INFO	sendToClient: {"from":"0","ok":true}, {81ed4ee3-3284-46f9-acfd-8cadf49a2188}, {81ed4ee3-3284-46f9-acfd-8cadf49a2188}
04-26 08:52:16.798 I/Gecko   (   83): 1398527536814	Marionette	DEBUG	Got request: executeWithCallback, data: {"to":"0","sessionId":"3-b2g","name":"executeAsyncScript","parameters":{"specialPowers":false,"scriptTimeout":null,"newSandbox":true,"args":[],"filename":"gaia_test.py","script":"return GaiaApps.displayedApp();","line":66}}, id: {35aec308-fcaf-41d9-bcc0-b2ff306d13d2}
04-26 08:52:16.878 I/Gecko   (   83): 1398527536889	Marionette	INFO	sendToClient: {"from":"0","value":{"frame":{"ELEMENT":"{b88f031a-49e2-4520-ac9b-85b64d1cb1e3}"},"src":"app://homescreen.gaiamobile.org/index.html#root","name":"Homescreen","origin":"app://homescreen.gaiamobile.org"}}, {35aec308-fcaf-41d9-bcc0-b2ff306d13d2}, {35aec308-fcaf-41d9-bcc0-b2ff306d13d2}
04-26 08:52:16.878 E/GeckoConsole(   83): Content JS LOG at dummy file:392 in GaiaApps.displayedApp: app with origin 'app://homescreen.gaiamobile.org' is displayed
04-26 08:52:16.878 I/Gecko   (   83): 1398527536897	Marionette	DEBUG	Got request: switchToFrame, data: {"to":"0","sessionId":"3-b2g","name":"switchToFrame","parameters":{"id":null,"focus":true}}, id: {674f9191-e7e9-42d0-8977-b8dca9827c14}
04-26 08:52:16.888 I/Gecko   (   83): 1398527536899	Marionette	INFO	Switched to frame: {"frameValue":null}
04-26 08:52:16.988 I/Gecko   (   83): 1398527537002	Marionette	INFO	sendToClient: {"from":"0","ok":true}, {674f9191-e7e9-42d0-8977-b8dca9827c14}, {674f9191-e7e9-42d0-8977-b8dca9827c14}
04-26 08:52:16.998 I/Gecko   (   83): 1398527537009	Marionette	DEBUG	Got request: switchToFrame, data: {"to":"0","sessionId":"3-b2g","name":"switchToFrame","parameters":{"id":null,"focus":true}}, id: {0395d4e8-62ef-42a3-abc0-6538adfff51e}
04-26 08:52:16.998 I/Gecko   (   83): 1398527537011	Marionette	INFO	Switched to frame: {"frameValue":null}
04-26 08:52:17.098 I/Gecko   (   83): 1398527537114	Marionette	INFO	sendToClient: {"from":"0","ok":true}, {0395d4e8-62ef-42a3-abc0-6538adfff51e}, {0395d4e8-62ef-42a3-abc0-6538adfff51e}
04-26 08:52:17.108 I/Gecko   (   83): 1398527537121	Marionette	DEBUG	Got request: executeWithCallback, data: {"to":"0","sessionId":"3-b2g","name":"executeAsyncScript","parameters":{"specialPowers":false,"scriptTimeout":null,"newSandbox":true,"args":[],"filename":"gaia_test.py","script":"return GaiaApps.displayedApp();","line":66}}, id: {79771475-0ca9-4628-a992-56410eb61e49}
04-26 08:52:17.168 I/Gecko   (   83): 1398527537186	Marionette	INFO	sendToClient: {"from":"0","value":{"frame":{"ELEMENT":"{b88f031a-49e2-4520-ac9b-85b64d1cb1e3}"},"src":"app://homescreen.gaiamobile.org/index.html#root","name":"Homescreen","origin":"app://homescreen.gaiamobile.org"}}, {79771475-0ca9-4628-a992-56410eb61e49}, {79771475-0ca9-4628-a992-56410eb61e49}
04-26 08:52:17.178 I/Gecko   (   83): 1398527537196	Marionette	DEBUG	Got request: switchToFrame, data: {"to":"0","sessionId":"3-b2g","name":"switchToFrame","parameters":{"focus":true,"element":"{b88f031a-49e2-4520-ac9b-85b64d1cb1e3}"}}, id: {b12bccfb-129d-4fff-9e4a-60908b43889d}
04-26 08:52:17.208 E/GeckoConsole(   83): Content JS LOG at dummy file:392 in GaiaApps.displayedApp: app with origin 'app://homescreen.gaiamobile.org' is displayed
04-26 08:52:17.218 I/Gecko   (   83): 1398527537234	Marionette	INFO	Switched to frame: {"frameValue":"{b88f031a-49e2-4520-ac9b-85b64d1cb1e3}"}
04-26 08:52:17.238 I/Gecko   (   83): 1398527537256	Marionette	INFO	trying remote frame 0
04-26 08:52:17.248 I/Gecko   (   83): 1398527537260	Marionette	INFO	deleting frame
04-26 08:52:17.248 I/Gecko   (   83): 1398527537265	Marionette	INFO	frame-manager load script: [object ChromeMessageSender]
04-26 08:52:17.658 I/Gecko   (   83): [Parent 83] WARNING: waitpid failed pid:788 errno:10: file ../../../gecko/ipc/chromium/src/base/process_util_posix.cc, line 254
04-26 08:52:17.658 I/Gecko   (   83): [Parent 83] WARNING: Failed to deliver SIGKILL to 788!(3).: file ../../../gecko/ipc/chromium/src/chrome/common/process_watcher_posix_sigchld.cc, line 118
04-26 08:52:17.698 E/[Gralloc-ERROR](   83): int gralloc_register_buffer(const gralloc_module_t*, const native_handle_t*):79 Unable to register handle 0x44628510 coming from different process: 83
04-26 08:52:17.698 E/[Gralloc-ERROR](   83): int gralloc_register_buffer(const gralloc_module_t*, const native_handle_t*):79 Unable to register handle 0x44628790 coming from different process: 83
04-26 08:52:18.768 E/[Gralloc-ERROR](   83): int gralloc_unregister_buffer(const gralloc_module_t*, const native_handle_t*):274 Trying to unregister buffer 0x44628790 from process 83 that was not created in current process: 83
04-26 08:52:18.768 E/[Gralloc-ERROR](   83): int gralloc_unregister_buffer(const gralloc_module_t*, const native_handle_t*):274 Trying to unregister buffer 0x44628510 from process 83 that was not created in current process: 83
04-26 08:52:18.828 I/Gonk    (   83): Setting nice for pid 733 to 18
04-26 08:52:18.838 I/Gonk    (   83): Changed nice for pid 733 from 1 to 18.
04-26 08:52:19.018 I/Gonk    (   83): Setting nice for pid 821 to 18
04-26 08:52:19.018 I/Gonk    (   83): Changed nice for pid 821 from 0 to 18.
04-26 08:52:19.188 W/WifiHW  (   83): wifi_command: SIGNAL_POLL
04-26 08:52:19.468 I/Gecko   (  809): ###################################### forms.js loaded
04-26 08:52:19.528 I/Gecko   (  809): ############################### browserElementPanning.js loaded
04-26 08:52:19.548 I/Gecko   (  809): ######################## BrowserElementChildPreload.js loaded
04-26 08:52:20.178 I/Gecko   (   83): 
04-26 08:52:20.178 I/Gecko   (   83): ###!!! [Parent][MessageChannel] Error: Channel error: cannot send/recv
04-26 08:52:20.178 I/Gecko   (   83): 
04-26 08:52:20.288 I/Gecko   (   83): [Parent 83] WARNING: waitpid failed pid:733 errno:10: file ../../../gecko/ipc/chromium/src/base/process_util_posix.cc, line 254
04-26 08:52:20.668 I/Gecko   (   83): 1398527540681	Marionette	INFO	sendToClient: {"from":"0","ok":true}, {b12bccfb-129d-4fff-9e4a-60908b43889d}, {b12bccfb-129d-4fff-9e4a-60908b43889d}
04-26 08:52:20.968 I/Gecko   (   83): 1398527540979	Marionette	INFO	sendToClient: {"from":"0","value":"app://homescreen.gaiamobile.org/index.html#root"}, {e58f6f95-1608-4af9-a44c-d364c8a217e8}, {e58f6f95-1608-4af9-a44c-d364c8a217e8}
04-26 08:52:20.968 I/Gecko   (   83): 1398527540985	Marionette	DEBUG	Got request: switchToFrame, data: {"to":"0","sessionId":"3-b2g","name":"switchToFrame","parameters":{"id":null,"focus":true}}, id: {4e766766-79f2-42dd-9ac4-a25d5f55e73d}
04-26 08:52:20.978 I/Gecko   (   83): 1398527540997	Marionette	INFO	Switched to frame: {"frameValue":null}
04-26 08:52:21.088 I/Gecko   (   83): 1398527541102	Marionette	INFO	sendToClient: {"from":"0","ok":true}, {4e766766-79f2-42dd-9ac4-a25d5f55e73d}, {4e766766-79f2-42dd-9ac4-a25d5f55e73d}
04-26 08:52:21.098 I/Gecko   (   83): 1398527541109	Marionette	DEBUG	Got request: switchToFrame, data: {"to":"0","sessionId":"3-b2g","name":"switchToFrame","parameters":{"id":null,"focus":true}}, id: {9d93156b-5d34-430b-b618-24e466c2b829}
04-26 08:52:21.098 I/Gecko   (   83): 1398527541111	Marionette	INFO	Switched to frame: {"frameValue":null}
04-26 08:52:21.198 I/Gecko   (   83): 1398527541214	Marionette	INFO	sendToClient: {"from":"0","ok":true}, {9d93156b-5d34-430b-b618-24e466c2b829}, {9d93156b-5d34-430b-b618-24e466c2b829}
04-26 08:52:21.208 I/Gecko   (   83): 1398527541220	Marionette	DEBUG	Got request: executeWithCallback, data: {"to":"0","sessionId":"3-b2g","name":"executeAsyncScript","parameters":{"specialPowers":false,"scriptTimeout":null,"newSandbox":true,"args":[],"filename":"gaia_test.py","script":"GaiaApps.killAll()","line":91}}, id: {75981041-f010-4902-82ee-958235d8a767}
04-26 08:52:21.288 I/Gecko   (   83): 1398527541301	Marionette	INFO	sendToClient: {"from":"0","value":true}, {75981041-f010-4902-82ee-958235d8a767}, {75981041-f010-4902-82ee-958235d8a767}
04-26 08:52:21.298 I/Gecko   (   83): 1398527541307	Marionette	DEBUG	Got request: switchToFrame, data: {"to":"0","sessionId":"3-b2g","name":"switchToFrame","parameters":{"id":null,"focus":true}}, id: {59b38324-6d6d-49e7-80a6-1ec4d06cedcd}
04-26 08:52:21.298 I/Gecko   (   83): 1398527541312	Marionette	INFO	Switched to frame: {"frameValue":null}
04-26 08:52:21.408 I/Gecko   (   83): 1398527541421	Marionette	INFO	sendToClient: {"from":"0","ok":true}, {59b38324-6d6d-49e7-80a6-1ec4d06cedcd}, {59b38324-6d6d-49e7-80a6-1ec4d06cedcd}
04-26 08:52:21.418 I/Gecko   (   83): 1398527541429	Marionette	DEBUG	Got request: executeWithCallback, data: {"to":"0","sessionId":"3-b2g","name":"executeAsyncScript","parameters":{"specialPowers":false,"scriptTimeout":60000,"newSandbox":true,"args":[],"filename":"app_checker.py","script":"\n        GaiaApps.locateWithManifestURL('https://marketplace.firefox.com/app/d0679c4c-07eb-409e-98dc-4b606a693200/manifest.webapp',\n                                       null,\n                                       function uninstall(app) {\n                                       navigator.mozApps.mgmt.uninstall(app);\n                                       marionetteScriptFinished(true);\n                                       });\n        ","line":129}}, id: {0b6f3f11-f7ba-43d3-be47-f2048e7bb02d}
04-26 08:52:21.458 I/Gecko   (   83): -- webapps.js uninstall https://marketplace.firefox.com/app/d0679c4c-07eb-409e-98dc-4b606a693200/manifest.webapp
04-26 08:52:21.768 I/Gecko   (   83): 1398527541783	Marionette	INFO	sendToClient: {"from":"0","value":true}, {0b6f3f11-f7ba-43d3-be47-f2048e7bb02d}, {0b6f3f11-f7ba-43d3-be47-f2048e7bb02d}