--------- beginning of /dev/log/main
04-25 18:51:08.773 I/Gecko   (   84): [Parent 84] WARNING: waitpid failed pid:1216 errno:10: file ../../../gecko/ipc/chromium/src/base/process_util_posix.cc, line 254
04-25 18:51:08.773 I/Gecko   (   84): [Parent 84] WARNING: Failed to deliver SIGKILL to 1216!(3).: file ../../../gecko/ipc/chromium/src/chrome/common/process_watcher_posix_sigchld.cc, line 118
04-25 18:51:09.053 I/Gecko   (   84): 1398477069068	Marionette	INFO	sendToClient: {"from":"0","ok":true}, {e82f6af6-6002-43cd-8921-bcc1edeea1f6}, {e82f6af6-6002-43cd-8921-bcc1edeea1f6}
04-25 18:51:09.103 I/Gecko   (   84): 1398477069115	Marionette	DEBUG	Got request: switchToFrame, data: {"to":"0","sessionId":"3-b2g","name":"switchToFrame","parameters":{"id":null,"focus":true}}, id: {995f2fd8-46aa-4246-9900-199a5c01615b}
04-25 18:51:09.103 I/Gecko   (   84): 1398477069117	Marionette	INFO	Switched to frame: {"frameValue":null}
04-25 18:51:09.223 I/Gecko   (   84): 1398477069234	Marionette	INFO	sendToClient: {"from":"0","ok":true}, {995f2fd8-46aa-4246-9900-199a5c01615b}, {995f2fd8-46aa-4246-9900-199a5c01615b}
04-25 18:51:09.233 I/Gecko   (   84): 1398477069246	Marionette	DEBUG	Got request: executeWithCallback, data: {"to":"0","sessionId":"3-b2g","name":"executeAsyncScript","parameters":{"specialPowers":false,"scriptTimeout":null,"newSandbox":true,"args":[],"filename":"gaia_test.py","script":"return GaiaApps.displayedApp();","line":66}}, id: {54c0f30e-dc06-4dbb-9253-cf4c9e604f12}
04-25 18:51:09.293 E/GeckoConsole(   84): Content JS LOG at dummy file:392 in GaiaApps.displayedApp: app with origin 'app://homescreen.gaiamobile.org' is displayed
04-25 18:51:09.293 I/Gecko   (   84): 1398477069312	Marionette	INFO	sendToClient: {"from":"0","value":{"frame":{"ELEMENT":"{0564b8c8-f485-4602-8ebf-bd5f2b94caa9}"},"src":"app://homescreen.gaiamobile.org/index.html#root","name":"Homescreen","origin":"app://homescreen.gaiamobile.org"}}, {54c0f30e-dc06-4dbb-9253-cf4c9e604f12}, {54c0f30e-dc06-4dbb-9253-cf4c9e604f12}
04-25 18:51:09.313 I/Gecko   (   84): 1398477069327	Marionette	DEBUG	Got request: switchToFrame, data: {"to":"0","sessionId":"3-b2g","name":"switchToFrame","parameters":{"id":null,"focus":true}}, id: {374e7590-24e0-4c57-8ec7-e387d3c7ec63}
04-25 18:51:09.313 I/Gecko   (   84): 1398477069329	Marionette	INFO	Switched to frame: {"frameValue":null}
04-25 18:51:09.413 I/Gecko   (   84): 1398477069432	Marionette	INFO	sendToClient: {"from":"0","ok":true}, {374e7590-24e0-4c57-8ec7-e387d3c7ec63}, {374e7590-24e0-4c57-8ec7-e387d3c7ec63}
04-25 18:51:09.423 I/Gecko   (   84): 1398477069438	Marionette	DEBUG	Got request: switchToFrame, data: {"to":"0","sessionId":"3-b2g","name":"switchToFrame","parameters":{"id":null,"focus":true}}, id: {45bc1908-77a3-42c2-b9f0-22b694822e16}
04-25 18:51:09.423 I/Gecko   (   84): 1398477069440	Marionette	INFO	Switched to frame: {"frameValue":null}
04-25 18:51:09.453 E/GeckoConsole( 1284): Content JS ERROR at app://homescreen.gaiamobile.org/gaia_build_defer_index.js:390 in loadSVConfFileError: Failed parsing singleVariant configuration file [js/singlevariantconf.json]:  [Exception... "File error: Not found"  nsresult: "0x80520012 (NS_ERROR_FILE_NOT_FOUND)"  location: "JS frame :: app://homescreen.gaiamobile.org/gaia_build_defer_index.js :: loadFile :: line 382"  data: no]
04-25 18:51:09.533 I/Gecko   (   84): 1398477069544	Marionette	INFO	sendToClient: {"from":"0","ok":true}, {45bc1908-77a3-42c2-b9f0-22b694822e16}, {45bc1908-77a3-42c2-b9f0-22b694822e16}
04-25 18:51:09.533 I/Gecko   (   84): 1398477069551	Marionette	DEBUG	Got request: executeWithCallback, data: {"to":"0","sessionId":"3-b2g","name":"executeAsyncScript","parameters":{"specialPowers":false,"scriptTimeout":null,"newSandbox":true,"args":[],"filename":"gaia_test.py","script":"return GaiaApps.displayedApp();","line":66}}, id: {23f92583-0d28-4f52-a310-b5a85adf1d20}
04-25 18:51:09.613 I/Gecko   (   84): 1398477069623	Marionette	INFO	sendToClient: {"from":"0","value":{"frame":{"ELEMENT":"{0564b8c8-f485-4602-8ebf-bd5f2b94caa9}"},"src":"app://homescreen.gaiamobile.org/index.html#root","name":"Homescreen","origin":"app://homescreen.gaiamobile.org"}}, {23f92583-0d28-4f52-a310-b5a85adf1d20}, {23f92583-0d28-4f52-a310-b5a85adf1d20}
04-25 18:51:09.613 E/GeckoConsole(   84): Content JS LOG at dummy file:392 in GaiaApps.displayedApp: app with origin 'app://homescreen.gaiamobile.org' is displayed
04-25 18:51:09.623 I/Gecko   (   84): 1398477069637	Marionette	DEBUG	Got request: switchToFrame, data: {"to":"0","sessionId":"3-b2g","name":"switchToFrame","parameters":{"focus":true,"element":"{0564b8c8-f485-4602-8ebf-bd5f2b94caa9}"}}, id: {aa9c7c49-6496-4666-8ce9-b5535de7dbd1}
04-25 18:51:09.653 I/Gecko   (   84): 1398477069666	Marionette	INFO	Switched to frame: {"frameValue":"{0564b8c8-f485-4602-8ebf-bd5f2b94caa9}"}
04-25 18:51:09.653 I/Gecko   (   84): 1398477069668	Marionette	INFO	trying remote frame 0
04-25 18:51:09.653 I/Gecko   (   84): 1398477069669	Marionette	INFO	trying remote frame 1
04-25 18:51:09.663 I/Gecko   (   84): 1398477069673	Marionette	INFO	deleting frame
04-25 18:51:09.673 I/Gecko   (   84): 1398477069687	Marionette	INFO	frame-manager load script: [object ChromeMessageSender]
04-25 18:51:10.043 I/Gecko   (   84): 1398477070056	Marionette	INFO	sendToClient: {"from":"0","ok":true}, {aa9c7c49-6496-4666-8ce9-b5535de7dbd1}, {aa9c7c49-6496-4666-8ce9-b5535de7dbd1}
04-25 18:51:10.093 I/Gecko   (   84): 1398477070104	Marionette	INFO	sendToClient: {"from":"0","value":{"ELEMENT":"{5d32b0f5-bbb1-422d-94d4-e80c00c5462f}"}}, {00464e81-c90f-4a2b-a474-3f3155be26f1}, {00464e81-c90f-4a2b-a474-3f3155be26f1}
04-25 18:51:10.293 E/GeckoConsole( 1284): [JavaScript Warning: "Use of getAttributeNode() is deprecated. Use getAttribute() instead." {file: "chrome://marionette/content/atoms.js" line: 25}]
04-25 18:51:10.293 E/GeckoConsole( 1284): [JavaScript Warning: "Use of attributes' specified attribute is deprecated. It always returns true." {file: "chrome://marionette/content/atoms.js" line: 25}]
04-25 18:51:10.293 I/Gecko   (   84): 1398477070309	Marionette	INFO	sendToClient: {"from":"0","value":"normal"}, {3d1555fa-44e6-4166-a951-e48c8eb288a3}, {3d1555fa-44e6-4166-a951-e48c8eb288a3}
04-25 18:51:10.303 I/Gecko   (   84): 1398477070314	Marionette	DEBUG	Got request: switchToFrame, data: {"to":"0","sessionId":"3-b2g","name":"switchToFrame","parameters":{"id":null,"focus":true}}, id: {fe8cc360-0c43-4711-ac55-b7750ac52a1c}
04-25 18:51:10.323 I/Gecko   (   84): 1398477070333	Marionette	INFO	Switched to frame: {"frameValue":null}
04-25 18:51:10.423 I/Gecko   (   84): 1398477070438	Marionette	INFO	sendToClient: {"from":"0","ok":true}, {fe8cc360-0c43-4711-ac55-b7750ac52a1c}, {fe8cc360-0c43-4711-ac55-b7750ac52a1c}
04-25 18:51:10.433 I/Gecko   (   84): 1398477070444	Marionette	DEBUG	Got request: execute, data: {"to":"0","sessionId":"3-b2g","name":"executeScript","parameters":{"specialPowers":false,"scriptTimeout":null,"newSandbox":true,"args":[],"filename":"gaia_test.py","script":"window.wrappedJSObject.dispatchEvent(new Event('home'));","line":788}}, id: {314740b1-363c-4139-99f7-8c8181aa053f}
04-25 18:51:10.493 I/Gecko   (   84): 1398477070503	Marionette	INFO	sendToClient: {"from":"0","value":null}, {314740b1-363c-4139-99f7-8c8181aa053f}, {314740b1-363c-4139-99f7-8c8181aa053f}
04-25 18:51:10.503 I/Gecko   (   84): 1398477070516	Marionette	DEBUG	Got request: switchToFrame, data: {"to":"0","sessionId":"3-b2g","name":"switchToFrame","parameters":{"id":null,"focus":true}}, id: {8ad99adf-6977-4f15-b070-53d3dc099ef1}
04-25 18:51:10.503 I/Gecko   (   84): 1398477070518	Marionette	INFO	Switched to frame: {"frameValue":null}
04-25 18:51:10.603 I/Gecko   (   84): 1398477070621	Marionette	INFO	sendToClient: {"from":"0","ok":true}, {8ad99adf-6977-4f15-b070-53d3dc099ef1}, {8ad99adf-6977-4f15-b070-53d3dc099ef1}
04-25 18:51:10.613 I/Gecko   (   84): 1398477070628	Marionette	DEBUG	Got request: switchToFrame, data: {"to":"0","sessionId":"3-b2g","name":"switchToFrame","parameters":{"id":null,"focus":true}}, id: {b4ef5a0a-ae29-4d3e-9434-e1d7aaef2d50}
04-25 18:51:10.623 I/Gecko   (   84): 1398477070633	Marionette	INFO	Switched to frame: {"frameValue":null}
04-25 18:51:10.723 I/Gecko   (   84): 1398477070736	Marionette	INFO	sendToClient: {"from":"0","ok":true}, {b4ef5a0a-ae29-4d3e-9434-e1d7aaef2d50}, {b4ef5a0a-ae29-4d3e-9434-e1d7aaef2d50}
04-25 18:51:10.723 I/Gecko   (   84): 1398477070742	Marionette	DEBUG	Got request: executeWithCallback, data: {"to":"0","sessionId":"3-b2g","name":"executeAsyncScript","parameters":{"specialPowers":false,"scriptTimeout":null,"newSandbox":true,"args":[],"filename":"gaia_test.py","script":"return GaiaApps.displayedApp();","line":66}}, id: {eaa19047-27df-4e61-aa91-8b49ea9fa3e6}
04-25 18:51:10.803 E/GeckoConsole(   84): Content JS LOG at dummy file:392 in GaiaApps.displayedApp: app with origin 'app://homescreen.gaiamobile.org' is displayed
04-25 18:51:10.803 I/Gecko   (   84): 1398477070822	Marionette	INFO	sendToClient: {"from":"0","value":{"frame":{"ELEMENT":"{0564b8c8-f485-4602-8ebf-bd5f2b94caa9}"},"src":"app://homescreen.gaiamobile.org/index.html#rootFri%20Apr%2025%202014%2018:51:10%20GMT-0700%20(UTC)","name":"Homescreen","origin":"app://homescreen.gaiamobile.org"}}, {eaa19047-27df-4e61-aa91-8b49ea9fa3e6}, {eaa19047-27df-4e61-aa91-8b49ea9fa3e6}
04-25 18:51:10.813 I/Gecko   (   84): 1398477070831	Marionette	DEBUG	Got request: switchToFrame, data: {"to":"0","sessionId":"3-b2g","name":"switchToFrame","parameters":{"focus":true,"element":"{0564b8c8-f485-4602-8ebf-bd5f2b94caa9}"}}, id: {4ccdb2d6-9890-49dc-9272-5b740340821f}
04-25 18:51:10.823 I/Gecko   (   84): 1398477070840	Marionette	INFO	Switched to frame: {"frameValue":"{0564b8c8-f485-4602-8ebf-bd5f2b94caa9}"}
04-25 18:51:10.843 I/Gecko   (   84): 1398477070854	Marionette	INFO	trying remote frame 0
04-25 18:51:10.843 I/Gecko   (   84): 1398477070855	Marionette	INFO	trying remote frame 1
04-25 18:51:11.123 I/Gecko   (   84): 1398477071137	Marionette	INFO	sendToClient: {"from":"0","ok":true}, {4ccdb2d6-9890-49dc-9272-5b740340821f}, {4ccdb2d6-9890-49dc-9272-5b740340821f}
04-25 18:51:11.133 I/Gecko   (   84): 1398477071145	Marionette	DEBUG	Got request: execute, data: {"to":"0","sessionId":"3-b2g","name":"executeScript","parameters":{"specialPowers":false,"scriptTimeout":null,"newSandbox":true,"args":[],"filename":"gaia_test.py","script":"return window.wrappedJSObject.GridManager.pageHelper.getCurrentPageNumber();","line":784}}, id: {e68a8ac2-742c-4441-920d-31bfde2f5d57}
04-25 18:51:11.273 I/Gecko   (   84): 1398477071284	Marionette	INFO	sendToClient: {"from":"0","value":0}, {e68a8ac2-742c-4441-920d-31bfde2f5d57}, {e68a8ac2-742c-4441-920d-31bfde2f5d57}
04-25 18:51:11.493 I/Gecko   (   84): 1398477071510	Marionette	INFO	sendToClient: {"from":"0","value":["{b8caa9cf-9d26-4b90-b07e-ac74596a801f}","{4b4a7e42-e7c4-42eb-b4cf-70499cfeea50}","{50edd531-595b-445e-ac6d-a147fde2ae86}","{fae2b76c-95e2-433b-8c3c-fee7346cfe6f}","{0665dca2-76d1-40cb-9688-66ae65102f0d}","{a68e68e4-bfa0-489e-8972-910f92eb6d68}","{4b2474e1-1083-4e5e-952d-8451792336a7}","{1099da45-0d1d-465d-9e60-692765362bd5}","{011ac2d2-c42c-48e0-81cb-bd88c6b73bcd}","{6ca38258-66ca-4750-8b9f-7d24981b7443}","{edc2dccf-89d4-4a65-942a-5138f892f5d1}","{c5417c5c-eeed-489e-9a69-583e1fe73c13}","{2f4cedd0-bcfc-4a5d-a7fe-10d26e53ec14}","{81456b05-df40-4b90-ab4f-e2989b922ef1}","{53836ab3-b3a7-436d-942f-d5f1ce7e188f}","{f52ce360-1815-49cd-8af0-9f84da4b9914}","{8293d633-ee55-4929-ab3d-184692ac919b}","{81996f8c-f00a-4ac5-851f-253611dfdceb}","{a9f8a0dc-fe4a-4ca1-ab40-b0e2ade55b70}","{5b236e34-4190-42e7-a3e8-216e49bba49a}","{b4bc06a7-7cbb-40bb-a36c-2570433e86a4}","{3c112253-c703-4973-b40d-34d3e9bfac0d}","{2cf568bd-ec84-4e51-ae57-8040202b9162}","{bceea358-2029
04-25 18:51:12.663 I/Gecko   (   84): 1398477072680	Marionette	INFO	sendToClient: {"from":"0","value":"app://homescreen.gaiamobile.org/index.html#rootFri%20Apr%2025%202014%2018:51:10%20GMT-0700%20(UTC)"}, {69011bb1-288d-4a89-bf1c-b49b3c9a49c3}, {69011bb1-288d-4a89-bf1c-b49b3c9a49c3}
04-25 18:51:12.673 I/Gecko   (   84): 1398477072688	Marionette	DEBUG	Got request: switchToFrame, data: {"to":"0","sessionId":"3-b2g","name":"switchToFrame","parameters":{"id":null,"focus":true}}, id: {779f56cf-3fe6-4a5d-a1ec-3c0ebda128a9}
04-25 18:51:12.733 I/Gecko   (   84): 1398477072749	Marionette	INFO	Switched to frame: {"frameValue":null}
04-25 18:51:12.793 E/GeckoConsole( 1284): Content JS WARN at app://homescreen.gaiamobile.org/gaia_build_defer_index.js:184 in isHiddenApp: Unexpected role when checking hidden app: undefined
04-25 18:51:12.793 E/GeckoConsole( 1284): Content JS WARN at app://homescreen.gaiamobile.org/gaia_build_defer_index.js:184 in isHiddenApp: Unexpected role when checking hidden app: undefined
04-25 18:51:12.793 E/GeckoConsole( 1284): Content JS WARN at app://homescreen.gaiamobile.org/gaia_build_defer_index.js:184 in isHiddenApp: Unexpected role when checking hidden app: undefined
04-25 18:51:12.793 E/GeckoConsole( 1284): Content JS WARN at app://homescreen.gaiamobile.org/gaia_build_defer_index.js:184 in isHiddenApp: Unexpected role when checking hidden app: undefined
04-25 18:51:12.793 E/GeckoConsole( 1284): Content JS WARN at app://homescreen.gaiamobile.org/gaia_build_defer_index.js:184 in isHiddenApp: Unexpected role when checking hidden app: undefined
04-25 18:51:12.793 E/GeckoConsole( 1284): Content JS WARN at app://homescreen.gaiamobile.org/gaia_build_defer_index.js:184 in isHiddenApp: Unexpected role when checking hidden app: undefined
04-25 18:51:12.793 E/GeckoConsole( 1284): Content JS WARN at app://homescreen.gaiamobile.org/gaia_build_defer_index.js:184 in isHiddenApp: Unexpected role when checking hidden app: undefined
04-25 18:51:12.793 E/GeckoConsole( 1284): Content JS WARN at app://homescreen.gaiamobile.org/gaia_build_defer_index.js:184 in isHiddenApp: Unexpected role when checking hidden app: undefined
04-25 18:51:12.803 E/GeckoConsole( 1284): Content JS WARN at app://homescreen.gaiamobile.org/gaia_build_defer_index.js:184 in isHiddenApp: Unexpected role when checking hidden app: undefined
04-25 18:51:12.803 E/GeckoConsole( 1284): Content JS WARN at app://homescreen.gaiamobile.org/gaia_build_defer_index.js:184 in isHiddenApp: Unexpected role when checking hidden app: undefined
04-25 18:51:12.803 E/GeckoConsole( 1284): Content JS WARN at app://homescreen.gaiamobile.org/gaia_build_defer_index.js:184 in isHiddenApp: Unexpected role when checking hidden app: undefined
04-25 18:51:12.803 E/GeckoConsole( 1284): Content JS WARN at app://homescreen.gaiamobile.org/gaia_build_defer_index.js:184 in isHiddenApp: Unexpected role when checking hidden app: undefined
04-25 18:51:12.803 E/GeckoConsole( 1284): Content JS WARN at app://homescreen.gaiamobile.org/gaia_build_defer_index.js:184 in isHiddenApp: Unexpected role when checking hidden app: undefined
04-25 18:51:12.803 E/GeckoConsole( 1284): Content JS WARN at app://homescreen.gaiamobile.org/gaia_build_defer_index.js:184 in isHiddenApp: Unexpected role when checking hidden app: undefined
04-25 18:51:12.803 E/GeckoConsole( 1284): Content JS WARN at app://homescreen.gaiamobile.org/gaia_build_defer_index.js:184 in isHiddenApp: Unexpected role when checking hidden app: undefined
04-25 18:51:12.803 E/GeckoConsole( 1284): Content JS WARN at app://homescreen.gaiamobile.org/gaia_build_defer_index.js:184 in isHiddenApp: Unexpected role when checking hidden app: undefined
04-25 18:51:12.803 E/GeckoConsole( 1284): Content JS WARN at app://homescreen.gaiamobile.org/gaia_build_defer_index.js:184 in isHiddenApp: Unexpected role when checking hidden app: undefined
04-25 18:51:12.803 E/GeckoConsole( 1284): Content JS WARN at app://homescreen.gaiamobile.org/gaia_build_defer_index.js:184 in isHiddenApp: Unexpected role when checking hidden app: undefined
04-25 18:51:12.803 E/GeckoConsole( 1284): Content JS WARN at app://homescreen.gaiamobile.org/gaia_build_defer_index.js:184 in isHiddenApp: Unexpected role when checking hidden app: undefined
04-25 18:51:12.803 E/GeckoConsole( 1284): Content JS WARN at app://homescreen.gaiamobile.org/gaia_build_defer_index.js:184 in isHiddenApp: Unexpected role when checking hidden app: undefined
04-25 18:51:12.803 E/GeckoConsole( 1284): Content JS WARN at app://homescreen.gaiamobile.org/gaia_build_defer_index.js:184 in isHiddenApp: Unexpected role when checking hidden app: undefined
04-25 18:51:12.813 E/GeckoConsole( 1284): Content JS WARN at app://homescreen.gaiamobile.org/gaia_build_defer_index.js:184 in isHiddenApp: Unexpected role when checking hidden app: undefined
04-25 18:51:12.813 E/GeckoConsole( 1284): Content JS WARN at app://homescreen.gaiamobile.org/gaia_build_defer_index.js:184 in isHiddenApp: Unexpected role when checking hidden app: undefined
04-25 18:51:12.813 E/GeckoConsole( 1284): Content JS WARN at app://homescreen.gaiamobile.org/gaia_build_defer_index.js:184 in isHiddenApp: Unexpected role when checking hidden app: undefined
04-25 18:51:12.813 E/GeckoConsole( 1284): Content JS WARN at app://homescreen.gaiamobile.org/gaia_build_defer_index.js:184 in isHiddenApp: Unexpected role when checking hidden app: undefined
04-25 18:51:12.813 E/GeckoConsole( 1284): Content JS WARN at app://homescreen.gaiamobile.org/gaia_build_defer_index.js:184 in isHiddenApp: Unexpected role when checking hidden app: undefined
04-25 18:51:12.813 E/GeckoConsole( 1284): Content JS WARN at app://homescreen.gaiamobile.org/gaia_build_defer_index.js:184 in isHiddenApp: Unexpected role when checking hidden app: undefined
04-25 18:51:12.843 I/Gecko   (   84): 1398477072854	Marionette	INFO	sendToClient: {"from":"0","ok":true}, {779f56cf-3fe6-4a5d-a1ec-3c0ebda128a9}, {779f56cf-3fe6-4a5d-a1ec-3c0ebda128a9}
04-25 18:51:12.873 I/Gecko   (   84): 1398477072890	Marionette	DEBUG	Got request: switchToFrame, data: {"to":"0","sessionId":"3-b2g","name":"switchToFrame","parameters":{"id":null,"focus":true}}, id: {8d4a1e95-6e4a-446d-97e0-783cd79e205d}
04-25 18:51:12.883 I/Gecko   (   84): 1398477072901	Marionette	INFO	Switched to frame: {"frameValue":null}
04-25 18:51:12.993 I/Gecko   (   84): 1398477073004	Marionette	INFO	sendToClient: {"from":"0","ok":true}, {8d4a1e95-6e4a-446d-97e0-783cd79e205d}, {8d4a1e95-6e4a-446d-97e0-783cd79e205d}
04-25 18:51:12.993 I/Gecko   (   84): 1398477073010	Marionette	DEBUG	Got request: executeWithCallback, data: {"to":"0","sessionId":"3-b2g","name":"executeAsyncScript","parameters":{"specialPowers":false,"scriptTimeout":30000,"newSandbox":true,"args":[],"filename":"app_checker.py","script":"GaiaApps.launchWithManifestURL('https://marketplace.firefox.com/app/68c79824-229f-465d-8438-c2305fee3fff/manifest.webapp')","line":106}}, id: {96ac0ebc-f89d-4aa1-a4f3-dad8de1fb709}
04-25 18:51:13.163 I/Gonk    (   84): Setting nice for pid 1292 to 18
04-25 18:51:13.163 I/Gonk    (   84): Changed nice for pid 1292 from 18 to 18.
04-25 18:51:13.163 I/Gecko   (   84): [Parent 84] WARNING: waitpid failed pid:1292 errno:10: file ../../../gecko/ipc/chromium/src/base/process_util_posix.cc, line 254
04-25 18:51:13.163 I/Gonk    (   84): Setting nice for pid 1292 to 1
04-25 18:51:13.163 I/Gonk    (   84): Changed nice for pid 1292 from 18 to 1.
04-25 18:51:13.183 E/GeckoConsole(   84): Content JS LOG at dummy file:334 in GaiaApps.launch: launching app with name 'Airsoft FPS Calculator'
04-25 18:51:13.233 E/[Gralloc-ERROR](   84): int gralloc_register_buffer(const gralloc_module_t*, const native_handle_t*):79 Unable to register handle 0x46a729c0 coming from different process: 84
04-25 18:51:13.263 E/[Gralloc-ERROR](   84): int gralloc_register_buffer(const gralloc_module_t*, const native_handle_t*):79 Unable to register handle 0x46a72fb0 coming from different process: 84
04-25 18:51:13.283 E/[Gralloc-ERROR](   84): int gralloc_register_buffer(const gralloc_module_t*, const native_handle_t*):79 Unable to register handle 0x46aab100 coming from different process: 84
04-25 18:51:13.293 E/[Gralloc-ERROR](   84): int gralloc_register_buffer(const gralloc_module_t*, const native_handle_t*):79 Unable to register handle 0x46aab330 coming from different process: 84
04-25 18:51:13.453 W/WifiHW  (   84): wifi_command: SIGNAL_POLL
04-25 18:51:13.513 D/Sensors (   84): activate handle=0; drv=0
04-25 18:51:13.523 D/Sensors (   84): Lis3dhSensor: Control set 1
04-25 18:51:13.523 D/Sensors (   84): Lis3dhSensor: mEnabled = 1
04-25 18:51:13.533 I/Gonk    (   84): Setting nice for pid 1284 to 18
04-25 18:51:13.533 I/Gonk    (   84): Changed nice for pid 1284 from 1 to 18.
04-25 18:51:14.503 V/AudioPolicyManagerBase(   89): startOutput() output 1, stream 1, session 4
04-25 18:51:14.503 V/AudioPolicyManagerBase(   89): changeRefCount() stream 1, count 1
04-25 18:51:14.503 V/AudioPolicyManagerBase(   89): getDeviceForStrategy() from cache strategy 0, device 2
04-25 18:51:14.503 V/AudioPolicyManagerBase(   89): getNewDevice() selected device 2
04-25 18:51:14.503 D/AudioPolicyManagerBase(   89): setOutputDevice() output 1 device 2 delayMs 0
04-25 18:51:14.503 V/AudioPolicyManagerBase(   89): setOutputDevice() setting same device 2 or null device for output 1
04-25 18:51:14.503 E/AudioPolicyManagerBase(   89): checkAndSetVolume stream=1, index=0, output=1, device=2
04-25 18:51:14.503 E/AudioPolicyManagerBase(   89): computeVolume, streamDesc=0x28bbb8
04-25 18:51:14.513 W/AudioFlinger(   89): Thread AudioOut_1 cannot connect to the power manager service
04-25 18:51:14.513 V/AudioPolicyManagerBase(   89): stopOutput() output 1, stream 1, session 4
04-25 18:51:14.513 V/AudioPolicyManagerBase(   89): changeRefCount() stream 1, count 0
04-25 18:51:14.513 V/AudioPolicyManagerBase(   89): getNewDevice() selected device 0
04-25 18:51:14.513 D/AudioPolicyManagerBase(   89): setOutputDevice() output 1 device 0 delayMs 290
04-25 18:51:14.513 V/AudioPolicyManagerBase(   89): setOutputDevice() setting same device 0 or null device for output 1
04-25 18:51:14.523 V/AudioPolicyManagerBase(   89): releaseOutput() 1
04-25 18:51:14.553 I/Gecko   ( 1292): ###################################### forms.js loaded
04-25 18:51:14.573 I/Gecko   ( 1292): ############################### browserElementPanning.js loaded
04-25 18:51:14.593 I/Gecko   ( 1292): ######################## BrowserElementChildPreload.js loaded
04-25 18:51:14.663 I/Gecko   (   84): [Parent 84] WARNING: pipe error (109): Connection reset by peer: file ../../../gecko/ipc/chromium/src/chrome/common/ipc_channel_posix.cc, line 446
04-25 18:51:14.673 I/Gecko   (   84): 
04-25 18:51:14.673 I/Gecko   (   84): ###!!! [Parent][MessageChannel] Error: Channel error: cannot send/recv
04-25 18:51:14.673 I/Gecko   (   84): 
04-25 18:51:14.713 I/Gecko   (   84): [Parent 84] WARNING: waitpid failed pid:1284 errno:10: file ../../../gecko/ipc/chromium/src/base/process_util_posix.cc, line 254
04-25 18:51:14.723 E/GeckoConsole(   84): [JavaScript Error: "AbortError"]
04-25 18:51:14.723 I/Gecko   (   84): 1398477074740	Marionette	INFO	sendToClient: {"from":"0","error":{"message":"AbortError","status":17,"stacktrace":"@, line 0"}}, {96ac0ebc-f89d-4aa1-a4f3-dad8de1fb709}, {96ac0ebc-f89d-4aa1-a4f3-dad8de1fb709}
04-25 18:51:14.743 I/Gecko   (   84): 1398477074761	Marionette	DEBUG	Got request: switchToFrame, data: {"to":"0","sessionId":"3-b2g","name":"switchToFrame","parameters":{"id":null,"focus":true}}, id: {1a92dcbd-6bc1-47af-9d31-f305893969d1}
04-25 18:51:14.753 I/Gecko   (   84): 1398477074763	Marionette	INFO	Switched to frame: {"frameValue":null}
04-25 18:51:14.863 I/Gecko   (   84): 1398477074875	Marionette	INFO	sendToClient: {"from":"0","ok":true}, {1a92dcbd-6bc1-47af-9d31-f305893969d1}, {1a92dcbd-6bc1-47af-9d31-f305893969d1}
04-25 18:51:14.873 I/Gecko   (   84): 1398477074892	Marionette	DEBUG	Got request: executeWithCallback, data: {"to":"0","sessionId":"3-b2g","name":"executeAsyncScript","parameters":{"specialPowers":false,"scriptTimeout":60000,"newSandbox":true,"args":[],"filename":"app_checker.py","script":"\n        GaiaApps.locateWithManifestURL('https://marketplace.firefox.com/app/68c79824-229f-465d-8438-c2305fee3fff/manifest.webapp',\n                                       null,\n                                       function uninstall(app) {\n                                       navigator.mozApps.mgmt.uninstall(app);\n                                       marionetteScriptFinished(true);\n                                       });\n        ","line":129}}, id: {acbddb60-e1b6-48c0-a72d-7ca1f587230f}
04-25 18:51:14.923 I/Gecko   (   84): -- webapps.js uninstall https://marketplace.firefox.com/app/68c79824-229f-465d-8438-c2305fee3fff/manifest.webapp
04-25 18:51:15.093 I/Gecko   (   84): 1398477075112	Marionette	INFO	sendToClient: {"from":"0","value":true}, {acbddb60-e1b6-48c0-a72d-7ca1f587230f}, {acbddb60-e1b6-48c0-a72d-7ca1f587230f}
04-25 18:51:15.203 I/Gonk    (   84): Setting nice for pid 1292 to 18
04-25 18:51:15.213 I/Gonk    (   84): Changed nice for pid 1292 from 1 to 18.
04-25 18:51:15.233 D/Sensors (   84): activate handle=0; drv=0
04-25 18:51:15.243 D/Sensors (   84): Lis3dhSensor: Control set 0
04-25 18:51:15.243 D/Sensors (   84): Lis3dhSensor: mEnabled = 0
04-25 18:51:15.353 I/Gecko   (   84): 
04-25 18:51:15.353 I/Gecko   (   84): ###!!! [Parent][DispatchAsyncMessage] Error: Value error: message was deserialized, but contained an illegal value
04-25 18:51:15.353 I/Gecko   (   84): 
04-25 18:51:15.353 I/Gecko   (   84): [Parent 84] WARNING: waitpid failed pid:1292 errno:10: file ../../../gecko/ipc/chromium/src/base/process_util_posix.cc, line 254