--------- beginning of /dev/log/main
04-24 18:09:28.872 I/Gecko   (   84): 1398388168879	Marionette	INFO	sendToClient: {"from":"0","ok":true}, {5bca6deb-4c77-4649-a8c7-a8bf98f7bb83}, {5bca6deb-4c77-4649-a8c7-a8bf98f7bb83}
04-24 18:09:28.892 I/Gecko   (   84): 1398388168903	Marionette	DEBUG	Got request: switchToFrame, data: {"to":"0","sessionId":"3-b2g","name":"switchToFrame","parameters":{"id":null,"focus":true}}, id: {922f08b3-b9b3-4ec1-ba54-8e54468a5b0f}
04-24 18:09:28.892 I/Gecko   (   84): 1398388168906	Marionette	INFO	Switched to frame: {"frameValue":null}
04-24 18:09:29.002 I/Gecko   (   84): 1398388169009	Marionette	INFO	sendToClient: {"from":"0","ok":true}, {922f08b3-b9b3-4ec1-ba54-8e54468a5b0f}, {922f08b3-b9b3-4ec1-ba54-8e54468a5b0f}
04-24 18:09:29.002 I/Gecko   (   84): 1398388169016	Marionette	DEBUG	Got request: executeWithCallback, data: {"to":"0","sessionId":"3-b2g","name":"executeAsyncScript","parameters":{"specialPowers":false,"scriptTimeout":null,"newSandbox":true,"args":[],"filename":"gaia_test.py","script":"return GaiaApps.displayedApp();","line":66}}, id: {67699ba2-a2df-4802-8424-636c10844622}
04-24 18:09:29.102 I/Gecko   (   84): 1398388169117	Marionette	INFO	sendToClient: {"from":"0","value":{"frame":{"ELEMENT":"{ab04a5c2-d667-4cd5-972f-b9d710d16883}"},"src":"app://homescreen.gaiamobile.org/index.html#root","name":"Homescreen","origin":"app://homescreen.gaiamobile.org"}}, {67699ba2-a2df-4802-8424-636c10844622}, {67699ba2-a2df-4802-8424-636c10844622}
04-24 18:09:29.122 E/GeckoConsole(   84): Content JS LOG at dummy file:392 in GaiaApps.displayedApp: app with origin 'app://homescreen.gaiamobile.org' is displayed
04-24 18:09:29.132 I/Gecko   (   84): 1398388169146	Marionette	DEBUG	Got request: switchToFrame, data: {"to":"0","sessionId":"3-b2g","name":"switchToFrame","parameters":{"id":null,"focus":true}}, id: {d8514989-50ac-4639-b28e-35a9c63eadbf}
04-24 18:09:29.132 I/Gecko   (   84): 1398388169148	Marionette	INFO	Switched to frame: {"frameValue":null}
04-24 18:09:29.222 E/GeckoConsole( 1524): Content JS ERROR at app://homescreen.gaiamobile.org/gaia_build_defer_index.js:390 in loadSVConfFileError: Failed parsing singleVariant configuration file [js/singlevariantconf.json]:  [Exception... "File error: Not found"  nsresult: "0x80520012 (NS_ERROR_FILE_NOT_FOUND)"  location: "JS frame :: app://homescreen.gaiamobile.org/gaia_build_defer_index.js :: loadFile :: line 382"  data: no]
04-24 18:09:29.242 I/Gecko   (   84): 1398388169256	Marionette	INFO	sendToClient: {"from":"0","ok":true}, {d8514989-50ac-4639-b28e-35a9c63eadbf}, {d8514989-50ac-4639-b28e-35a9c63eadbf}
04-24 18:09:29.252 I/Gecko   (   84): 1398388169262	Marionette	DEBUG	Got request: switchToFrame, data: {"to":"0","sessionId":"3-b2g","name":"switchToFrame","parameters":{"id":null,"focus":true}}, id: {03e3bb8b-0eba-40a8-ba6f-6175140dce64}
04-24 18:09:29.252 I/Gecko   (   84): 1398388169263	Marionette	INFO	Switched to frame: {"frameValue":null}
04-24 18:09:29.352 I/Gecko   (   84): 1398388169367	Marionette	INFO	sendToClient: {"from":"0","ok":true}, {03e3bb8b-0eba-40a8-ba6f-6175140dce64}, {03e3bb8b-0eba-40a8-ba6f-6175140dce64}
04-24 18:09:29.362 I/Gecko   (   84): 1398388169374	Marionette	DEBUG	Got request: executeWithCallback, data: {"to":"0","sessionId":"3-b2g","name":"executeAsyncScript","parameters":{"specialPowers":false,"scriptTimeout":null,"newSandbox":true,"args":[],"filename":"gaia_test.py","script":"return GaiaApps.displayedApp();","line":66}}, id: {84b73709-b662-4cd3-80fc-86a360f1d4c3}
04-24 18:09:29.422 I/Gecko   (   84): 1398388169436	Marionette	INFO	sendToClient: {"from":"0","value":{"frame":{"ELEMENT":"{ab04a5c2-d667-4cd5-972f-b9d710d16883}"},"src":"app://homescreen.gaiamobile.org/index.html#root","name":"Homescreen","origin":"app://homescreen.gaiamobile.org"}}, {84b73709-b662-4cd3-80fc-86a360f1d4c3}, {84b73709-b662-4cd3-80fc-86a360f1d4c3}
04-24 18:09:29.432 I/Gecko   (   84): 1398388169444	Marionette	DEBUG	Got request: switchToFrame, data: {"to":"0","sessionId":"3-b2g","name":"switchToFrame","parameters":{"focus":true,"element":"{ab04a5c2-d667-4cd5-972f-b9d710d16883}"}}, id: {04747241-69a4-4c67-a094-2e025fa6749c}
04-24 18:09:29.432 E/GeckoConsole(   84): Content JS LOG at dummy file:392 in GaiaApps.displayedApp: app with origin 'app://homescreen.gaiamobile.org' is displayed
04-24 18:09:29.462 I/Gecko   (   84): 1398388169474	Marionette	INFO	Switched to frame: {"frameValue":"{ab04a5c2-d667-4cd5-972f-b9d710d16883}"}
04-24 18:09:29.462 I/Gecko   (   84): 1398388169475	Marionette	INFO	trying remote frame 0
04-24 18:09:29.462 I/Gecko   (   84): 1398388169477	Marionette	INFO	trying remote frame 1
04-24 18:09:29.572 I/Gecko   (   84): 1398388169583	Marionette	INFO	sendToClient: {"from":"0","ok":true}, {04747241-69a4-4c67-a094-2e025fa6749c}, {04747241-69a4-4c67-a094-2e025fa6749c}
04-24 18:09:29.782 I/Gecko   (   84): 1398388169789	Marionette	INFO	sendToClient: {"from":"0","value":{"ELEMENT":"{8e5b74f0-b7bd-422c-bdcd-d3b6fed78eec}"}}, {5cb2bb46-5396-4383-8354-0f5be979aedb}, {5cb2bb46-5396-4383-8354-0f5be979aedb}
04-24 18:09:29.862 W/WifiHW  (   84): wifi_command: SIGNAL_POLL
04-24 18:09:29.932 E/GeckoConsole( 1524): [JavaScript Warning: "Use of getAttributeNode() is deprecated. Use getAttribute() instead." {file: "chrome://marionette/content/atoms.js" line: 25}]
04-24 18:09:29.962 E/GeckoConsole( 1524): [JavaScript Warning: "Use of attributes' specified attribute is deprecated. It always returns true." {file: "chrome://marionette/content/atoms.js" line: 25}]
04-24 18:09:29.982 I/Gecko   (   84): 1398388169990	Marionette	INFO	sendToClient: {"from":"0","value":"normal"}, {5175f34b-f3af-4b7b-9b3e-d67d8dfc2181}, {5175f34b-f3af-4b7b-9b3e-d67d8dfc2181}
04-24 18:09:29.992 I/Gecko   (   84): 1398388170001	Marionette	DEBUG	Got request: switchToFrame, data: {"to":"0","sessionId":"3-b2g","name":"switchToFrame","parameters":{"id":null,"focus":true}}, id: {c4ea2bc6-e98e-4608-b594-05cb8fa9d25c}
04-24 18:09:30.002 I/Gecko   (   84): 1398388170016	Marionette	INFO	Switched to frame: {"frameValue":null}
04-24 18:09:30.112 I/Gecko   (   84): 1398388170127	Marionette	INFO	sendToClient: {"from":"0","ok":true}, {c4ea2bc6-e98e-4608-b594-05cb8fa9d25c}, {c4ea2bc6-e98e-4608-b594-05cb8fa9d25c}
04-24 18:09:30.122 I/Gecko   (   84): 1398388170134	Marionette	DEBUG	Got request: execute, data: {"to":"0","sessionId":"3-b2g","name":"executeScript","parameters":{"specialPowers":false,"scriptTimeout":null,"newSandbox":true,"args":[],"filename":"gaia_test.py","script":"window.wrappedJSObject.dispatchEvent(new Event('home'));","line":788}}, id: {2a019ef7-719a-425b-8d3d-81196dadff20}
04-24 18:09:30.182 I/Gecko   (   84): 1398388170189	Marionette	INFO	sendToClient: {"from":"0","value":null}, {2a019ef7-719a-425b-8d3d-81196dadff20}, {2a019ef7-719a-425b-8d3d-81196dadff20}
04-24 18:09:30.182 I/Gecko   (   84): 1398388170196	Marionette	DEBUG	Got request: switchToFrame, data: {"to":"0","sessionId":"3-b2g","name":"switchToFrame","parameters":{"id":null,"focus":true}}, id: {084b8ab3-ddaf-46c5-aeca-2e24bec90bf3}
04-24 18:09:30.192 I/Gecko   (   84): 1398388170200	Marionette	INFO	Switched to frame: {"frameValue":null}
04-24 18:09:30.292 I/Gecko   (   84): 1398388170305	Marionette	INFO	sendToClient: {"from":"0","ok":true}, {084b8ab3-ddaf-46c5-aeca-2e24bec90bf3}, {084b8ab3-ddaf-46c5-aeca-2e24bec90bf3}
04-24 18:09:30.302 I/Gecko   (   84): 1398388170311	Marionette	DEBUG	Got request: switchToFrame, data: {"to":"0","sessionId":"3-b2g","name":"switchToFrame","parameters":{"id":null,"focus":true}}, id: {5e0fa5ea-a05c-4679-91d9-7446ab9b577c}
04-24 18:09:30.302 I/Gecko   (   84): 1398388170313	Marionette	INFO	Switched to frame: {"frameValue":null}
04-24 18:09:30.572 I/Gecko   (   84): 1398388170587	Marionette	INFO	sendToClient: {"from":"0","ok":true}, {5e0fa5ea-a05c-4679-91d9-7446ab9b577c}, {5e0fa5ea-a05c-4679-91d9-7446ab9b577c}
04-24 18:09:30.602 I/Gecko   (   84): 1398388170613	Marionette	DEBUG	Got request: executeWithCallback, data: {"to":"0","sessionId":"3-b2g","name":"executeAsyncScript","parameters":{"specialPowers":false,"scriptTimeout":null,"newSandbox":true,"args":[],"filename":"gaia_test.py","script":"return GaiaApps.displayedApp();","line":66}}, id: {5cff72eb-5a3d-4584-b7c3-d1aadbe84cd4}
04-24 18:09:30.712 E/GeckoConsole(   84): Content JS LOG at dummy file:392 in GaiaApps.displayedApp: app with origin 'app://homescreen.gaiamobile.org' is displayed
04-24 18:09:30.722 I/Gecko   (   84): 1398388170729	Marionette	INFO	sendToClient: {"from":"0","value":{"frame":{"ELEMENT":"{ab04a5c2-d667-4cd5-972f-b9d710d16883}"},"src":"app://homescreen.gaiamobile.org/index.html#rootThu%20Apr%2024%202014%2018:09:30%20GMT-0700%20(UTC)","name":"Homescreen","origin":"app://homescreen.gaiamobile.org"}}, {5cff72eb-5a3d-4584-b7c3-d1aadbe84cd4}, {5cff72eb-5a3d-4584-b7c3-d1aadbe84cd4}
04-24 18:09:30.732 I/Gecko   (   84): 1398388170742	Marionette	DEBUG	Got request: switchToFrame, data: {"to":"0","sessionId":"3-b2g","name":"switchToFrame","parameters":{"focus":true,"element":"{ab04a5c2-d667-4cd5-972f-b9d710d16883}"}}, id: {0758c679-49db-4027-b527-5d9f1d0d1dfa}
04-24 18:09:30.732 I/Gecko   (   84): 1398388170748	Marionette	INFO	Switched to frame: {"frameValue":"{ab04a5c2-d667-4cd5-972f-b9d710d16883}"}
04-24 18:09:30.762 I/Gecko   (   84): 1398388170771	Marionette	INFO	trying remote frame 0
04-24 18:09:30.772 I/Gecko   (   84): 1398388170779	Marionette	INFO	trying remote frame 1
04-24 18:09:30.802 V/AudioPolicyManagerBase(   89): startOutput() output 1, stream 1, session 8
04-24 18:09:30.802 V/AudioPolicyManagerBase(   89): changeRefCount() stream 1, count 1
04-24 18:09:30.802 V/AudioPolicyManagerBase(   89): getDeviceForStrategy() from cache strategy 0, device 2
04-24 18:09:30.802 V/AudioPolicyManagerBase(   89): getNewDevice() selected device 2
04-24 18:09:30.802 D/AudioPolicyManagerBase(   89): setOutputDevice() output 1 device 2 delayMs 0
04-24 18:09:30.802 V/AudioPolicyManagerBase(   89): setOutputDevice() setting same device 2 or null device for output 1
04-24 18:09:30.802 E/AudioPolicyManagerBase(   89): checkAndSetVolume stream=1, index=0, output=1, device=2
04-24 18:09:30.802 E/AudioPolicyManagerBase(   89): computeVolume, streamDesc=0x92dbb8
04-24 18:09:30.822 W/AudioFlinger(   89): Thread AudioOut_1 cannot connect to the power manager service
04-24 18:09:30.822 V/AudioPolicyManagerBase(   89): stopOutput() output 1, stream 1, session 8
04-24 18:09:30.822 V/AudioPolicyManagerBase(   89): changeRefCount() stream 1, count 0
04-24 18:09:30.822 V/AudioPolicyManagerBase(   89): getNewDevice() selected device 0
04-24 18:09:30.822 D/AudioPolicyManagerBase(   89): setOutputDevice() output 1 device 0 delayMs 290
04-24 18:09:30.822 V/AudioPolicyManagerBase(   89): setOutputDevice() setting same device 0 or null device for output 1
04-24 18:09:30.832 V/AudioPolicyManagerBase(   89): releaseOutput() 1
04-24 18:09:30.952 I/Gecko   (   84): 1398388170966	Marionette	INFO	sendToClient: {"from":"0","ok":true}, {0758c679-49db-4027-b527-5d9f1d0d1dfa}, {0758c679-49db-4027-b527-5d9f1d0d1dfa}
04-24 18:09:31.002 I/Gecko   (   84): 1398388171010	Marionette	DEBUG	Got request: execute, data: {"to":"0","sessionId":"3-b2g","name":"executeScript","parameters":{"specialPowers":false,"scriptTimeout":null,"newSandbox":true,"args":[],"filename":"gaia_test.py","script":"return window.wrappedJSObject.GridManager.pageHelper.getCurrentPageNumber();","line":784}}, id: {32ffcffe-3a51-43c9-b44a-0262c1a47e3d}
04-24 18:09:31.902 I/Gecko   (   84): 1398388171914	Marionette	INFO	sendToClient: {"from":"0","value":0}, {32ffcffe-3a51-43c9-b44a-0262c1a47e3d}, {32ffcffe-3a51-43c9-b44a-0262c1a47e3d}
04-24 18:09:31.912 E/GeckoConsole( 1524): Content JS WARN at app://homescreen.gaiamobile.org/gaia_build_defer_index.js:184 in isHiddenApp: Unexpected role when checking hidden app: undefined
04-24 18:09:31.912 E/GeckoConsole( 1524): Content JS WARN at app://homescreen.gaiamobile.org/gaia_build_defer_index.js:184 in isHiddenApp: Unexpected role when checking hidden app: undefined
04-24 18:09:31.912 E/GeckoConsole( 1524): Content JS WARN at app://homescreen.gaiamobile.org/gaia_build_defer_index.js:184 in isHiddenApp: Unexpected role when checking hidden app: undefined
04-24 18:09:31.912 E/GeckoConsole( 1524): Content JS WARN at app://homescreen.gaiamobile.org/gaia_build_defer_index.js:184 in isHiddenApp: Unexpected role when checking hidden app: undefined
04-24 18:09:31.912 E/GeckoConsole( 1524): Content JS WARN at app://homescreen.gaiamobile.org/gaia_build_defer_index.js:184 in isHiddenApp: Unexpected role when checking hidden app: undefined
04-24 18:09:31.912 E/GeckoConsole( 1524): Content JS WARN at app://homescreen.gaiamobile.org/gaia_build_defer_index.js:184 in isHiddenApp: Unexpected role when checking hidden app: undefined
04-24 18:09:31.912 E/GeckoConsole( 1524): Content JS WARN at app://homescreen.gaiamobile.org/gaia_build_defer_index.js:184 in isHiddenApp: Unexpected role when checking hidden app: undefined
04-24 18:09:31.912 E/GeckoConsole( 1524): Content JS WARN at app://homescreen.gaiamobile.org/gaia_build_defer_index.js:184 in isHiddenApp: Unexpected role when checking hidden app: undefined
04-24 18:09:31.922 E/GeckoConsole( 1524): Content JS WARN at app://homescreen.gaiamobile.org/gaia_build_defer_index.js:184 in isHiddenApp: Unexpected role when checking hidden app: undefined
04-24 18:09:31.922 E/GeckoConsole( 1524): Content JS WARN at app://homescreen.gaiamobile.org/gaia_build_defer_index.js:184 in isHiddenApp: Unexpected role when checking hidden app: undefined
04-24 18:09:31.922 E/GeckoConsole( 1524): Content JS WARN at app://homescreen.gaiamobile.org/gaia_build_defer_index.js:184 in isHiddenApp: Unexpected role when checking hidden app: undefined
04-24 18:09:31.922 E/GeckoConsole( 1524): Content JS WARN at app://homescreen.gaiamobile.org/gaia_build_defer_index.js:184 in isHiddenApp: Unexpected role when checking hidden app: undefined
04-24 18:09:31.922 E/GeckoConsole( 1524): Content JS WARN at app://homescreen.gaiamobile.org/gaia_build_defer_index.js:184 in isHiddenApp: Unexpected role when checking hidden app: undefined
04-24 18:09:31.922 E/GeckoConsole( 1524): Content JS WARN at app://homescreen.gaiamobile.org/gaia_build_defer_index.js:184 in isHiddenApp: Unexpected role when checking hidden app: undefined
04-24 18:09:31.922 E/GeckoConsole( 1524): Content JS WARN at app://homescreen.gaiamobile.org/gaia_build_defer_index.js:184 in isHiddenApp: Unexpected role when checking hidden app: undefined
04-24 18:09:31.922 E/GeckoConsole( 1524): Content JS WARN at app://homescreen.gaiamobile.org/gaia_build_defer_index.js:184 in isHiddenApp: Unexpected role when checking hidden app: undefined
04-24 18:09:31.922 E/GeckoConsole( 1524): Content JS WARN at app://homescreen.gaiamobile.org/gaia_build_defer_index.js:184 in isHiddenApp: Unexpected role when checking hidden app: undefined
04-24 18:09:31.922 E/GeckoConsole( 1524): Content JS WARN at app://homescreen.gaiamobile.org/gaia_build_defer_index.js:184 in isHiddenApp: Unexpected role when checking hidden app: undefined
04-24 18:09:32.182 I/Gecko   (   84): 1398388172190	Marionette	INFO	sendToClient: {"from":"0","value":["{f81ca8e7-7d58-4c70-a3ca-c4dd09959457}","{98de87d6-8db8-4e03-b9f4-4f7579837e78}","{1960bcaf-286e-4df1-abf4-12cef9333efa}","{ddc2ea1a-786a-42dd-9faf-e65a90066bd3}","{02a21586-561e-472b-af6f-829ec2b1b60e}","{2995e8ba-b72c-46fd-b767-6be801bbd116}","{1878699f-2e77-4a28-b4a1-04cb0240b0a5}","{6ad7f160-792d-4af0-8649-cf42fc0d1cc2}","{a6f8913b-5d61-4882-be10-aeb6691bffa5}","{4ead4cd6-a51e-4b98-8822-873fda42c9af}","{e2ed5282-bb6d-4a51-ab24-d0002d174426}","{7a915ef9-111f-45c0-ab7a-af1b777ae93a}","{219e170a-a013-440b-bfd7-a991013e2d44}","{40c32316-12f8-4dd8-ab1d-ae9e261e3eb9}","{5af6da66-cb31-42dd-80cb-936877d2c389}","{7a166895-52a6-4d08-8b92-16a970b6d5f9}","{a3067208-ff63-4652-9209-429c3c5b910c}","{b09a4544-3d96-49c6-86c9-237ae93673bc}","{f435328c-8721-4230-b29a-17d8d3ecc8a0}","{77e454d1-9f86-46c9-97db-46de54a7ddc5}","{51357eb0-904d-481e-8cd8-4592088a1c7d}","{67463867-7678-4a67-8bb5-3c35bf785df3}"]}, {6077ead5-b6b9-478d-ae79-8123693d7469}, {6077ead5-b6b
04-24 18:09:32.262 I/Gecko   (   84): 1398388172260	Marionette	INFO	sendToClient: {"from":"0","value":"app://homescreen.gaiamobile.org/index.html#rootThu%20Apr%2024%202014%2018:09:30%20GMT-0700%20(UTC)"}, {72bba5b5-ce4f-451d-a2e3-8f80b1f4776b}, {72bba5b5-ce4f-451d-a2e3-8f80b1f4776b}
04-24 18:09:32.272 I/Gecko   (   84): 1398388172283	Marionette	DEBUG	Got request: switchToFrame, data: {"to":"0","sessionId":"3-b2g","name":"switchToFrame","parameters":{"id":null,"focus":true}}, id: {8cec15d9-1708-4f40-a7aa-932c83963dc6}
04-24 18:09:32.292 I/Gecko   (   84): 1398388172308	Marionette	INFO	Switched to frame: {"frameValue":null}
04-24 18:09:32.402 I/Gecko   (   84): 1398388172411	Marionette	INFO	sendToClient: {"from":"0","ok":true}, {8cec15d9-1708-4f40-a7aa-932c83963dc6}, {8cec15d9-1708-4f40-a7aa-932c83963dc6}
04-24 18:09:32.402 I/Gecko   (   84): 1398388172417	Marionette	DEBUG	Got request: switchToFrame, data: {"to":"0","sessionId":"3-b2g","name":"switchToFrame","parameters":{"id":null,"focus":true}}, id: {63de236f-e519-4593-a360-f68a17bdcfd8}
04-24 18:09:32.412 I/Gecko   (   84): 1398388172423	Marionette	INFO	Switched to frame: {"frameValue":null}
04-24 18:09:32.512 I/Gecko   (   84): 1398388172527	Marionette	INFO	sendToClient: {"from":"0","ok":true}, {63de236f-e519-4593-a360-f68a17bdcfd8}, {63de236f-e519-4593-a360-f68a17bdcfd8}
04-24 18:09:32.522 I/Gecko   (   84): 1398388172532	Marionette	DEBUG	Got request: executeWithCallback, data: {"to":"0","sessionId":"3-b2g","name":"executeAsyncScript","parameters":{"specialPowers":false,"scriptTimeout":30000,"newSandbox":true,"args":[],"filename":"app_checker.py","script":"GaiaApps.launchWithManifestURL('https://marketplace.firefox.com/app/b3c8d085-b2bd-407b-b8e4-ae41fa1018d2/manifest.webapp')","line":106}}, id: {54d6968d-4e12-4ff1-a812-0ebd375559fb}
04-24 18:09:32.602 I/Gonk    (   84): Setting nice for pid 1534 to 18
04-24 18:09:32.602 I/Gonk    (   84): Changed nice for pid 1534 from 18 to 18.
04-24 18:09:32.612 I/Gecko   (   84): [Parent 84] WARNING: waitpid failed pid:1534 errno:10: file ../../../gecko/ipc/chromium/src/base/process_util_posix.cc, line 254
04-24 18:09:32.632 I/Gonk    (   84): Setting nice for pid 1534 to 1
04-24 18:09:32.632 I/Gonk    (   84): Changed nice for pid 1534 from 18 to 1.
04-24 18:09:32.812 I/InputReader(   84): Reconfiguring input devices.  changes=0x00000004
04-24 18:09:32.812 I/InputReader(   84): Device reconfigured: id=6, name='ms-msg21xx', size 320x480, orientation 1, mode 1, display id 0
04-24 18:09:32.812 E/GeckoConsole(   84): Content JS LOG at dummy file:334 in GaiaApps.launch: launching app with name 'ball trik'
04-24 18:09:32.872 E/[Gralloc-ERROR](   84): int gralloc_register_buffer(const gralloc_module_t*, const native_handle_t*):79 Unable to register handle 0x47d80920 coming from different process: 84
04-24 18:09:32.882 E/[Gralloc-ERROR](   84): int gralloc_register_buffer(const gralloc_module_t*, const native_handle_t*):79 Unable to register handle 0x47d80d80 coming from different process: 84
04-24 18:09:32.912 E/[Gralloc-ERROR](   84): int gralloc_unregister_buffer(const gralloc_module_t*, const native_handle_t*):274 Trying to unregister buffer 0x46be7830 from process 84 that was not created in current process: 84
04-24 18:09:32.972 E/[Gralloc-ERROR](   84): int gralloc_register_buffer(const gralloc_module_t*, const native_handle_t*):79 Unable to register handle 0x4422dec0 coming from different process: 84
04-24 18:09:32.972 E/[Gralloc-ERROR](   84): int gralloc_register_buffer(const gralloc_module_t*, const native_handle_t*):79 Unable to register handle 0x44352600 coming from different process: 84
04-24 18:09:32.972 E/[Gralloc-ERROR](   84): int gralloc_unregister_buffer(const gralloc_module_t*, const native_handle_t*):274 Trying to unregister buffer 0x46f3f600 from process 84 that was not created in current process: 84
04-24 18:09:33.242 I/Gonk    (   84): Setting nice for pid 1524 to 18
04-24 18:09:33.242 I/Gonk    (   84): Changed nice for pid 1524 from 1 to 18.
04-24 18:09:34.052 I/Gecko   ( 1534): ###################################### forms.js loaded
04-24 18:09:34.072 I/Gecko   ( 1534): ############################### browserElementPanning.js loaded
04-24 18:09:34.092 I/Gecko   ( 1534): ######################## BrowserElementChildPreload.js loaded
04-24 18:09:34.272 I/Gecko   (   84): 
04-24 18:09:34.272 I/Gecko   (   84): ###!!! [Parent][MessageChannel] Error: Channel error: cannot send/recv
04-24 18:09:34.272 I/Gecko   (   84): 
04-24 18:09:34.302 I/Gecko   (   84): [Parent 84] WARNING: waitpid failed pid:1524 errno:10: file ../../../gecko/ipc/chromium/src/base/process_util_posix.cc, line 254
04-24 18:09:34.812 E/GeckoConsole( 1534): [JavaScript Warning: "Error in parsing value for 'image-rendering'.  Declaration dropped." {file: "app://{c94ae956-a4a4-4af3-aa24-4493f3cfbed6}/style.css" line: 23 column: 21 source: "    image-rendering: -webkit-optimize-contrast;"}]
04-24 18:09:34.892 I/Gecko   ( 1534): Attempting load of libEGL.so
04-24 18:09:34.912 W/WifiHW  (   84): wifi_command: SIGNAL_POLL
04-24 18:09:35.052 D/libEGL  ( 1534): loaded /system/lib/egl/libEGL_mali.so
04-24 18:09:35.082 D/libEGL  ( 1534): loaded /system/lib/egl/libGLESv1_CM_mali.so
04-24 18:09:35.082 D/libEGL  ( 1534): loaded /system/lib/egl/libGLESv2_mali.so
04-24 18:09:35.112 I/Gecko   ( 1534): SharedSurface_Gralloc::Create -------
04-24 18:09:35.112 I/Gecko   ( 1534): SharedSurface_Gralloc::Create: success -- surface 0x4369b380, GraphicBuffer 0x436d2400.
04-24 18:09:35.882 I/Gecko   ( 1534): SharedSurface_Gralloc::Create -------
04-24 18:09:35.912 I/Gecko   ( 1534): SharedSurface_Gralloc::Create: success -- surface 0x435f7080, GraphicBuffer 0x435d6680.
04-24 18:09:36.312 I/Gecko   (   84): [Parent 84] WARNING: waitpid failed pid:1524 errno:10: file ../../../gecko/ipc/chromium/src/base/process_util_posix.cc, line 254
04-24 18:09:36.312 I/Gecko   (   84): [Parent 84] WARNING: Failed to deliver SIGKILL to 1524!(3).: file ../../../gecko/ipc/chromium/src/chrome/common/process_watcher_posix_sigchld.cc, line 118
04-24 18:09:36.622 I/Gecko   ( 1534): SharedSurface_Gralloc::Create -------
04-24 18:09:36.622 I/Gecko   ( 1534): SharedSurface_Gralloc::Create: success -- surface 0x4369bc40, GraphicBuffer 0x44256580.
04-24 18:09:36.772 W/AudioFlinger(   89): Thread AudioOut_1 cannot connect to the power manager service
04-24 18:09:36.772 V/AudioPolicyManagerBase(   89): getDeviceForStrategy() from cache strategy 0, device 2
04-24 18:09:36.792 V/AudioPolicyManagerBase(   89): getOutput() stream 1, samplingRate 0, format 0, channels 3, flags 0
04-24 18:09:36.802 V/AudioPolicyManagerBase(   89): startOutput() output 1, stream 1, session 9
04-24 18:09:36.802 V/AudioPolicyManagerBase(   89): changeRefCount() stream 1, count 1
04-24 18:09:36.802 V/AudioPolicyManagerBase(   89): getDeviceForStrategy() from cache strategy 0, device 2
04-24 18:09:36.802 V/AudioPolicyManagerBase(   89): getNewDevice() selected device 2
04-24 18:09:36.802 D/AudioPolicyManagerBase(   89): setOutputDevice() output 1 device 2 delayMs 0
04-24 18:09:36.802 V/AudioPolicyManagerBase(   89): setOutputDevice() setting same device 2 or null device for output 1
04-24 18:09:36.802 E/AudioPolicyManagerBase(   89): checkAndSetVolume stream=1, index=0, output=1, device=2
04-24 18:09:36.802 E/AudioPolicyManagerBase(   89): computeVolume, streamDesc=0x92dbb8
04-24 18:09:36.912 V/AudioPolicyManagerBase(   89): stopOutput() output 1, stream 1, session 9
04-24 18:09:36.912 V/AudioPolicyManagerBase(   89): changeRefCount() stream 1, count 0
04-24 18:09:36.912 V/AudioPolicyManagerBase(   89): getNewDevice() selected device 0
04-24 18:09:36.912 D/AudioPolicyManagerBase(   89): setOutputDevice() output 1 device 0 delayMs 290
04-24 18:09:36.912 V/AudioPolicyManagerBase(   89): setOutputDevice() setting same device 0 or null device for output 1
04-24 18:09:36.922 V/AudioPolicyManagerBase(   89): startOutput() output 1, stream 1, session 9
04-24 18:09:36.922 V/AudioPolicyManagerBase(   89): changeRefCount() stream 1, count 1
04-24 18:09:36.922 V/AudioPolicyManagerBase(   89): getDeviceForStrategy() from cache strategy 0, device 2
04-24 18:09:36.922 V/AudioPolicyManagerBase(   89): getNewDevice() selected device 2
04-24 18:09:36.922 D/AudioPolicyManagerBase(   89): setOutputDevice() output 1 device 2 delayMs 0
04-24 18:09:36.922 V/AudioPolicyManagerBase(   89): setOutputDevice() setting same device 2 or null device for output 1
04-24 18:09:36.922 E/AudioPolicyManagerBase(   89): checkAndSetVolume stream=1, index=0, output=1, device=2
04-24 18:09:36.922 E/AudioPolicyManagerBase(   89): computeVolume, streamDesc=0x92dbb8
04-24 18:09:36.972 I/audio_hw_primary(   89): select_devices_signal starting...
04-24 18:09:36.972 I/audio_hw_primary(   89): select_devices_signal finished.
04-24 18:09:36.972 W/audio_hw_primary(   89): open s_tinycard in
04-24 18:09:36.982 W/audio_hw_primary(   89): open s_tinycard successfully
04-24 18:09:36.982 I/audio_hw_primary(   89): Changing devices: 0x00000002
04-24 18:09:37.112 I/audio_hw_primary(   89): Set 'HeadPhone Function'.0 to 0
04-24 18:09:37.112 I/audio_hw_primary(   89): Set 'Earpiece Function'.0 to 0
04-24 18:09:37.112 I/audio_hw_primary(   89): Set 'Mic Function'.0 to 0
04-24 18:09:37.112 I/audio_hw_primary(   89): Set 'HP Mic Function'.0 to 0
04-24 18:09:37.112 I/audio_hw_primary(   89): Set 'Line Function'.0 to 0
04-24 18:09:37.112 I/audio_hw_primary(   89): Changing devices, mask: 0x00004002
04-24 18:09:37.112 I/audio_hw_primary(   89): Set 'Speaker Function'.0 to 1
04-24 18:09:37.112 W/audio_hw_primary(   89): GetAudio_pga_nv, dac_pga_gain_l:0xc3 adc_pga_gain_l:0xc fm_pga_gain_l:0xff fm_pga_gain_r:0xff device:0x2 vol_level:0x1 
04-24 18:09:37.132 D/audio_pga(   89): 'speaker-l' apply
04-24 18:09:37.132 I/audio_pga(   89): 'Master Playback Volume' set to 12
04-24 18:09:37.132 I/audio_pga(   89): 'Inter PA Playback Volume' set to 12
04-24 18:09:37.132 I/audio_pga(   89): 'VBC DACL DG Set' set to 0
04-24 18:09:37.132 I/audio_pga(   89): 'VBC DACL DG Switch' set to 0
04-24 18:09:37.132 D/audio_pga(   89): 'speaker-r' apply
04-24 18:09:37.132 I/audio_pga(   89): 'Master Playback Volume' set to 12
04-24 18:09:37.132 I/audio_pga(   89): 'Inter PA Playback Volume' set to 12
04-24 18:09:37.132 I/audio_pga(   89): 'VBC DACR DG Set' set to 0
04-24 18:09:37.132 I/audio_pga(   89): 'VBC DACR DG Switch' set to 0
04-24 18:09:37.132 W/audio_hw_primary(   89): SetAudio_gain_by_devices out, devices:0x2 
04-24 18:09:37.132 I/audio_hw_primary(   89): stream_routing_thread looping done.
04-24 18:09:37.132 I/audio_hw_primary(   89): stream_routing_thread looping now...
04-24 18:09:37.312 I/Gecko   ( 1534): SharedSurface_Gralloc::Create -------
04-24 18:09:37.372 I/Gecko   ( 1534): SharedSurface_Gralloc::Create: success -- surface 0x44b2da80, GraphicBuffer 0x436d2a00.
04-24 18:09:37.532 I/Gecko   ( 1534): SharedSurface_Gralloc::Create -------
04-24 18:09:37.582 I/Gecko   ( 1534): SharedSurface_Gralloc::Create: success -- surface 0x4421d880, GraphicBuffer 0x44257880.
04-24 18:09:37.882 I/Gonk    (   84): Setting nice for pid 1600 to 18
04-24 18:09:37.882 I/Gonk    (   84): Changed nice for pid 1600 from 0 to 18.
04-24 18:09:37.992 E/GeckoConsole(   84): Content JS LOG at dummy file:326 in GaiaApps.launch/appOpen/<: app with origin 'app://{c94ae956-a4a4-4af3-aa24-4493f3cfbed6}' has launched
04-24 18:09:38.342 I/Gecko   (   84): 1398388178349	Marionette	INFO	sendToClient: {"from":"0","value":{"frame":{"ELEMENT":"{7533fc53-12e0-4424-b0f4-902698b503cf}"},"src":"app://{c94ae956-a4a4-4af3-aa24-4493f3cfbed6}/index.html","name":"ball trik","origin":"app://{c94ae956-a4a4-4af3-aa24-4493f3cfbed6}"}}, {54d6968d-4e12-4ff1-a812-0ebd375559fb}, {54d6968d-4e12-4ff1-a812-0ebd375559fb}
04-24 18:09:38.392 E/[Gralloc-ERROR](   84): int gralloc_unregister_buffer(const gralloc_module_t*, const native_handle_t*):274 Trying to unregister buffer 0x44352600 from process 84 that was not created in current process: 84
04-24 18:09:38.392 E/[Gralloc-ERROR](   84): int gralloc_unregister_buffer(const gralloc_module_t*, const native_handle_t*):274 Trying to unregister buffer 0x4422dec0 from process 84 that was not created in current process: 84
04-24 18:09:38.412 I/Gonk    (   84): Setting nice for pid 1608 to 18
04-24 18:09:38.422 I/Gonk    (   84): Changed nice for pid 1608 from 0 to 18.
04-24 18:09:38.462 I/Gonk    (   84): Setting nice for pid 1608 to 18
04-24 18:09:38.462 I/Gonk    (   84): Changed nice for pid 1608 from 18 to 18.
04-24 18:09:38.462 I/Gecko   (   84): [Parent 84] WARNING: waitpid failed pid:1608 errno:10: file ../../../gecko/ipc/chromium/src/base/process_util_posix.cc, line 254
04-24 18:09:38.992 I/Gecko   (   84): 1398388179001	Marionette	DEBUG	Got request: switchToFrame, data: {"to":"0","sessionId":"3-b2g","name":"switchToFrame","parameters":{"focus":true,"element":"{7533fc53-12e0-4424-b0f4-902698b503cf}"}}, id: {0e903814-c3c9-4695-903d-d54bb6d053af}
04-24 18:09:39.002 I/Gecko   (   84): 1398388179018	Marionette	INFO	Switched to frame: {"frameValue":"{7533fc53-12e0-4424-b0f4-902698b503cf}"}
04-24 18:09:39.022 I/Gecko   (   84): 1398388179031	Marionette	INFO	trying remote frame 0
04-24 18:09:39.022 I/Gecko   (   84): 1398388179034	Marionette	INFO	trying remote frame 1
04-24 18:09:39.032 I/Gecko   (   84): 1398388179039	Marionette	INFO	deleting frame
04-24 18:09:39.042 I/Gecko   (   84): 1398388179057	Marionette	INFO	frame-manager load script: [object ChromeMessageSender]
04-24 18:09:40.142 I/Gonk    (   84): Setting nice for pid 1608 to 18
04-24 18:09:40.142 I/Gonk    (   84): Changed nice for pid 1608 from 18 to 18.
04-24 18:09:40.142 W/WifiHW  (   84): wifi_command: SIGNAL_POLL
04-24 18:09:40.432 I/Gecko   (   84): 1398388180447	Marionette	INFO	sendToClient: {"from":"0","ok":true}, {0e903814-c3c9-4695-903d-d54bb6d053af}, {0e903814-c3c9-4695-903d-d54bb6d053af}
04-24 18:09:40.542 I/Gecko   (   84): 1398388180553	Marionette	INFO	sendToClient: {"from":"0","value":"app://{c94ae956-a4a4-4af3-aa24-4493f3cfbed6}/index.html"}, {b0e39db9-22e9-4190-9d00-892ad77ede1a}, {b0e39db9-22e9-4190-9d00-892ad77ede1a}
04-24 18:09:40.552 I/Gecko   (   84): 1398388180561	Marionette	DEBUG	Got request: execute, data: {"to":"0","sessionId":"3-b2g","name":"executeScript","parameters":{"specialPowers":false,"scriptTimeout":null,"newSandbox":true,"args":[],"filename":"app_checker.py","script":"return window.document.readyState;","line":191}}, id: {17f4cf1f-f240-47d9-aff3-fc81c702e759}
04-24 18:09:40.772 I/Gecko   (   84): 1398388180788	Marionette	INFO	sendToClient: {"from":"0","value":"complete"}, {17f4cf1f-f240-47d9-aff3-fc81c702e759}, {17f4cf1f-f240-47d9-aff3-fc81c702e759}
04-24 18:09:40.852 I/Gecko   (   84): 1398388180860	Marionette	INFO	sendToClient: {"from":"0","value":"app://{c94ae956-a4a4-4af3-aa24-4493f3cfbed6}/index.html"}, {f8eac9f5-6f77-4f65-9ad9-c49a72b95a07}, {f8eac9f5-6f77-4f65-9ad9-c49a72b95a07}
04-24 18:09:40.972 I/Gecko   (   84): 
04-24 18:09:40.972 I/Gecko   (   84): ###!!! [Parent][MessageChannel] Error: Channel error: cannot send/recv
04-24 18:09:40.972 I/Gecko   (   84): 
04-24 18:09:41.142 I/Gecko   (   84): [Parent 84] WARNING: waitpid failed pid:1608 errno:10: file ../../../gecko/ipc/chromium/src/base/process_util_posix.cc, line 254
04-24 18:09:41.342 I/Gecko   ( 1534): SharedSurface_Gralloc::Create -------
04-24 18:09:41.392 I/Gecko   ( 1534): SharedSurface_Gralloc::Create: success -- surface 0x4328ac00, GraphicBuffer 0x436d3400.
04-24 18:09:42.422 I/Gecko   (   84): 1398388182430	Marionette	INFO	sendToClient: {"from":"0","value":"iVBORw0KGgoAAAANSUhEUgAAAeAAAAFACAYAAABkyK97AAAgAElEQVR4nO29Z3xc5Zn3f9/nTO9F0ox6782yLFu2bEsucu82Ni4YY4rBphrTjDElgCmB0BZIAoFQlmZgIQRSWJYkEAgkgRBCCgESHhb4s3nykLLZhCX+/V+MNZY0Z0YjTTlnrrlefD8J8szR+Z1rznx13+cuwt/WAXsonBf42zrAeemSj3kFLobAxbqfC9eX83Le8ecV9lAYQoi8YCi43ufBeTlvuvIOCVjvc+H6cl7OO/68LGDCcF7asIBpw3lpwwImDuelDQuYNpyXNixg4nBe2rCAacN5acMCJg7npQ0LmDaclzYsYOJwXtqwgGnDeWnDAiYO56UNC5g2nJc2LGDicF7asIBpw3lpwwImDuelDQuYNpyXNixg4nBe2rCAacN5acMCJg7npQ0LmDaclzYsYOJwXtqwgGnDeWnDAiYO56UNC5g2nJc2LGDicF7asIBpw3lpwwImDuelDQuYNpyXNixg4nBe2rCAacN5acMCJg7npQ0LmDaclzYsYOJwXtqwgGnDeWnDAiYO56UNC5g2nJc2LGDicF7asIBpw3lpwwImDuelDQuYNpyXNixg4nBe2rCAacN5acMCJg7npQ0LmDaclzYsYOJwXtqwgGnDeWnDAiYO56UNC5g2nJc2LGDicF7asIBpw3lpwwImDuelDQuYNpyXNixg4nBe2rCAacN5acMCJg7npQ0LmDaclzYsYOJwXtqwgGnDeWnDAiYO56UNC5g2nJc2LGDicF7asIBpw3lpwwImDuelDQuYNpyXNixg4nBe2rCAacN5acMCJg7npQ0LmDaclzYsYOJwXtqwgGnDeWnDAiYO56UNC5g2nJc2LGDicF7asIBpw3lpwwImDuelDQuYNpyXNixg4nBe2rCAacN5acMCJg7npQ0LmDaclzYsYO
04-24 18:09:42.712 I/Gecko   ( 1534): [SharedSurface_Gralloc 0x4369b380] destroyed
04-24 18:09:42.792 I/Gecko   ( 1534): [SharedSurface_Gralloc 0x435f7080] destroyed
04-24 18:09:42.912 I/Gecko   (   84): 1398388182922	Marionette	INFO	sendToClient: {"from":"0","ok":true}, {6c08ff3e-fcb9-4999-8bef-f032df4d646d}, {6c08ff3e-fcb9-4999-8bef-f032df4d646d}
04-24 18:09:42.942 I/Gecko   (   84): 1398388182956	Marionette	DEBUG	Got request: switchToFrame, data: {"to":"0","sessionId":"3-b2g","name":"switchToFrame","parameters":{"id":null,"focus":true}}, id: {8be25cb8-30d7-44e8-957f-45944d6b5322}
04-24 18:09:42.982 I/Gecko   (   84): 1398388182993	Marionette	INFO	Switched to frame: {"frameValue":null}
04-24 18:09:43.112 I/Gecko   (   84): 1398388183128	Marionette	INFO	sendToClient: {"from":"0","ok":true}, {8be25cb8-30d7-44e8-957f-45944d6b5322}, {8be25cb8-30d7-44e8-957f-45944d6b5322}
04-24 18:09:43.122 I/Gecko   (   84): 1398388183135	Marionette	DEBUG	Got request: executeWithCallback, data: {"to":"0","sessionId":"3-b2g","name":"executeAsyncScript","parameters":{"specialPowers":false,"scriptTimeout":null,"newSandbox":true,"args":[],"filename":"gaia_test.py","script":"return GaiaApps.displayedApp();","line":66}}, id: {975b5349-925c-4e8c-b2ce-e6ce39b8f844}
04-24 18:09:43.142 I/Gecko   (   84): [Parent 84] WARNING: waitpid failed pid:1608 errno:10: file ../../../gecko/ipc/chromium/src/base/process_util_posix.cc, line 254
04-24 18:09:43.142 I/Gecko   (   84): [Parent 84] WARNING: Failed to deliver SIGKILL to 1608!(3).: file ../../../gecko/ipc/chromium/src/chrome/common/process_watcher_posix_sigchld.cc, line 118
04-24 18:09:43.852 E/GeckoConsole(   84): Content JS LOG at dummy file:392 in GaiaApps.displayedApp: app with origin 'app://{c94ae956-a4a4-4af3-aa24-4493f3cfbed6}' is displayed
04-24 18:09:43.852 I/Gecko   (   84): 1398388183866	Marionette	INFO	sendToClient: {"from":"0","value":{"frame":{"ELEMENT":"{7533fc53-12e0-4424-b0f4-902698b503cf}"},"src":"app://{c94ae956-a4a4-4af3-aa24-4493f3cfbed6}/index.html","name":"ball trik","origin":"app://{c94ae956-a4a4-4af3-aa24-4493f3cfbed6}"}}, {975b5349-925c-4e8c-b2ce-e6ce39b8f844}, {975b5349-925c-4e8c-b2ce-e6ce39b8f844}
04-24 18:09:43.872 I/Gecko   (   84): 1398388183879	Marionette	DEBUG	Got request: switchToFrame, data: {"to":"0","sessionId":"3-b2g","name":"switchToFrame","parameters":{"id":null,"focus":true}}, id: {1a71ad0e-bcc3-491e-9ee8-3056819471eb}
04-24 18:09:43.872 I/Gecko   (   84): 1398388183881	Marionette	INFO	Switched to frame: {"frameValue":null}
04-24 18:09:43.992 I/Gecko   (   84): 1398388184001	Marionette	INFO	sendToClient: {"from":"0","ok":true}, {1a71ad0e-bcc3-491e-9ee8-3056819471eb}, {1a71ad0e-bcc3-491e-9ee8-3056819471eb}
04-24 18:09:43.992 I/Gecko   (   84): 1398388184007	Marionette	DEBUG	Got request: execute, data: {"to":"0","sessionId":"3-b2g","name":"executeScript","parameters":{"specialPowers":false,"scriptTimeout":null,"newSandbox":true,"args":[],"filename":"gaia_test.py","script":"window.wrappedJSObject.dispatchEvent(new Event('home'));","line":788}}, id: {4ff0af74-61e3-42e4-a2ae-64a9937ab1d4}
04-24 18:09:44.452 I/Gonk    (   84): Setting nice for pid 1600 to 18
04-24 18:09:44.462 I/Gonk    (   84): Changed nice for pid 1600 from 18 to 18.
04-24 18:09:44.462 I/Gecko   (   84): [Parent 84] WARNING: waitpid failed pid:1600 errno:10: file ../../../gecko/ipc/chromium/src/base/process_util_posix.cc, line 254
04-24 18:09:44.472 I/Gonk    (   84): Setting nice for pid 1600 to 1
04-24 18:09:44.472 I/Gonk    (   84): Changed nice for pid 1600 from 18 to 1.
04-24 18:09:45.042 I/InputReader(   84): Reconfiguring input devices.  changes=0x00000004
04-24 18:09:45.042 I/InputReader(   84): Device reconfigured: id=6, name='ms-msg21xx', size 320x480, orientation 0, mode 1, display id 0
04-24 18:09:47.212 E/[Gralloc-ERROR](   84): int gralloc_register_buffer(const gralloc_module_t*, const native_handle_t*):79 Unable to register handle 0x447481a0 coming from different process: 84
04-24 18:09:47.272 E/[Gralloc-ERROR](   84): int gralloc_register_buffer(const gralloc_module_t*, const native_handle_t*):79 Unable to register handle 0x44748290 coming from different process: 84
04-24 18:09:47.382 I/Gecko   (   84): 1398388187397	Marionette	INFO	sendToClient: {"from":"0","value":null}, {4ff0af74-61e3-42e4-a2ae-64a9937ab1d4}, {4ff0af74-61e3-42e4-a2ae-64a9937ab1d4}
04-24 18:09:47.402 W/WifiHW  (   84): wifi_command: SIGNAL_POLL
04-24 18:09:47.942 E/[Gralloc-ERROR](   84): int gralloc_unregister_buffer(const gralloc_module_t*, const native_handle_t*):274 Trying to unregister buffer 0x47d80920 from process 84 that was not created in current process: 84
04-24 18:09:48.182 E/[Gralloc-ERROR](   84): int gralloc_unregister_buffer(const gralloc_module_t*, const native_handle_t*):274 Trying to unregister buffer 0x47d80d80 from process 84 that was not created in current process: 84
04-24 18:09:48.392 I/Gecko   (   84): 1398388188404	Marionette	DEBUG	Got request: switchToFrame, data: {"to":"0","sessionId":"3-b2g","name":"switchToFrame","parameters":{"id":null,"focus":true}}, id: {57fe443a-471b-4b88-a253-5f1b4dbfc0b9}
04-24 18:09:48.432 I/Gecko   (   84): 1398388188441	Marionette	INFO	Switched to frame: {"frameValue":null}
04-24 18:09:48.682 I/Gonk    (   84): Setting nice for pid 1534 to 7
04-24 18:09:48.702 I/Gonk    (   84): Changed nice for pid 1534 from 1 to 7.
04-24 18:09:48.752 I/Gecko   (   84): 1398388188759	Marionette	INFO	sendToClient: {"from":"0","ok":true}, {57fe443a-471b-4b88-a253-5f1b4dbfc0b9}, {57fe443a-471b-4b88-a253-5f1b4dbfc0b9}
04-24 18:09:48.862 I/Gecko   (   84): 1398388188869	Marionette	DEBUG	Got request: executeWithCallback, data: {"to":"0","sessionId":"3-b2g","name":"executeAsyncScript","parameters":{"specialPowers":false,"scriptTimeout":null,"newSandbox":true,"args":[],"filename":"gaia_test.py","script":"return GaiaApps.displayedApp();","line":66}}, id: {a72a155c-8a27-4a31-b974-c6fe1fe5f5c3}
04-24 18:09:49.142 V/AudioPolicyManagerBase(   89): stopOutput() output 1, stream 1, session 9
04-24 18:09:49.142 V/AudioPolicyManagerBase(   89): changeRefCount() stream 1, count 0
04-24 18:09:49.142 V/AudioPolicyManagerBase(   89): getNewDevice() selected device 0
04-24 18:09:49.142 D/AudioPolicyManagerBase(   89): setOutputDevice() output 1 device 0 delayMs 290
04-24 18:09:49.142 V/AudioPolicyManagerBase(   89): setOutputDevice() setting same device 0 or null device for output 1
04-24 18:09:49.152 I/Gecko   (   84): 
04-24 18:09:49.152 I/Gecko   (   84): ###!!! [Parent][MessageChannel] Error: Channel error: cannot send/recv
04-24 18:09:49.152 I/Gecko   (   84): 
04-24 18:09:49.192 V/AudioPolicyManagerBase(   89): releaseOutput() 1
04-24 18:09:49.302 I/Gecko   (   84): 1398388189314	Marionette	INFO	sendToClient: {"from":"0","value":{"frame":{"ELEMENT":"{b3244977-d309-44b4-b34f-166dddd2f8f5}"},"src":"app://homescreen.gaiamobile.org/index.html#root","name":"Homescreen","origin":"app://homescreen.gaiamobile.org"}}, {a72a155c-8a27-4a31-b974-c6fe1fe5f5c3}, {a72a155c-8a27-4a31-b974-c6fe1fe5f5c3}
04-24 18:09:49.312 E/GeckoConsole(   84): Content JS LOG at dummy file:392 in GaiaApps.displayedApp: app with origin 'app://homescreen.gaiamobile.org' is displayed
04-24 18:09:49.332 I/Gecko   (   84): [Parent 84] WARNING: waitpid failed pid:1534 errno:10: file ../../../gecko/ipc/chromium/src/base/process_util_posix.cc, line 254
04-24 18:09:49.392 I/Gecko   (   84): 1398388189403	Marionette	DEBUG	Got request: switchToFrame, data: {"to":"0","sessionId":"3-b2g","name":"switchToFrame","parameters":{"id":null,"focus":true}}, id: {89f12e66-df4b-4eb8-b4b8-97bb170c2a95}
04-24 18:09:49.392 I/Gecko   (   84): 1398388189406	Marionette	INFO	Switched to frame: {"frameValue":null}
04-24 18:09:49.512 I/Gecko   (   84): 1398388189526	Marionette	INFO	sendToClient: {"from":"0","ok":true}, {89f12e66-df4b-4eb8-b4b8-97bb170c2a95}, {89f12e66-df4b-4eb8-b4b8-97bb170c2a95}
04-24 18:09:49.572 I/Gonk    (   84): Setting nice for pid 1620 to 18
04-24 18:09:49.572 I/Gonk    (   84): Changed nice for pid 1620 from 0 to 18.
04-24 18:09:49.592 I/Gecko   (   84): 1398388189600	Marionette	DEBUG	Got request: switchToFrame, data: {"to":"0","sessionId":"3-b2g","name":"switchToFrame","parameters":{"id":null,"focus":true}}, id: {c7bd09a1-cc2e-4f70-88c5-52bc778385ed}
04-24 18:09:49.592 I/Gecko   (   84): 1398388189602	Marionette	INFO	Switched to frame: {"frameValue":null}
04-24 18:09:49.692 I/Gecko   (   84): 1398388189706	Marionette	INFO	sendToClient: {"from":"0","ok":true}, {c7bd09a1-cc2e-4f70-88c5-52bc778385ed}, {c7bd09a1-cc2e-4f70-88c5-52bc778385ed}
04-24 18:09:49.702 I/Gecko   (   84): 1398388189712	Marionette	DEBUG	Got request: executeWithCallback, data: {"to":"0","sessionId":"3-b2g","name":"executeAsyncScript","parameters":{"specialPowers":false,"scriptTimeout":null,"newSandbox":true,"args":[],"filename":"gaia_test.py","script":"return GaiaApps.displayedApp();","line":66}}, id: {4a1d9ae1-02ff-480a-ad95-2d8e61135977}
04-24 18:09:49.752 I/Gecko   (   84): 1398388189766	Marionette	INFO	sendToClient: {"from":"0","value":{"frame":{"ELEMENT":"{b3244977-d309-44b4-b34f-166dddd2f8f5}"},"src":"app://homescreen.gaiamobile.org/index.html#root","name":"Homescreen","origin":"app://homescreen.gaiamobile.org"}}, {4a1d9ae1-02ff-480a-ad95-2d8e61135977}, {4a1d9ae1-02ff-480a-ad95-2d8e61135977}
04-24 18:09:49.762 E/GeckoConsole(   84): Content JS LOG at dummy file:392 in GaiaApps.displayedApp: app with origin 'app://homescreen.gaiamobile.org' is displayed
04-24 18:09:49.832 I/Gecko   (   84): 1398388189841	Marionette	DEBUG	Got request: switchToFrame, data: {"to":"0","sessionId":"3-b2g","name":"switchToFrame","parameters":{"focus":true,"element":"{b3244977-d309-44b4-b34f-166dddd2f8f5}"}}, id: {52d2c626-5102-4b81-8981-55eab72df13c}
04-24 18:09:49.852 I/Gecko   (   84): 1398388189859	Marionette	INFO	Switched to frame: {"frameValue":"{b3244977-d309-44b4-b34f-166dddd2f8f5}"}
04-24 18:09:49.852 I/Gecko   (   84): 1398388189862	Marionette	INFO	trying remote frame 0
04-24 18:09:49.852 I/Gecko   (   84): 1398388189863	Marionette	INFO	trying remote frame 1
04-24 18:09:49.852 I/Gecko   (   84): 1398388189864	Marionette	INFO	deleting frame
04-24 18:09:49.862 I/Gecko   (   84): 1398388189878	Marionette	INFO	frame-manager load script: [object ChromeMessageSender]
04-24 18:09:50.412 I/Gecko   ( 1600): ###################################### forms.js loaded
04-24 18:09:50.452 I/Gecko   ( 1600): ############################### browserElementPanning.js loaded
04-24 18:09:50.472 I/Gecko   ( 1600): ######################## BrowserElementChildPreload.js loaded
04-24 18:09:51.332 I/Gecko   (   84): [Parent 84] WARNING: waitpid failed pid:1534 errno:10: file ../../../gecko/ipc/chromium/src/base/process_util_posix.cc, line 254
04-24 18:09:51.332 I/Gecko   (   84): [Parent 84] WARNING: Failed to deliver SIGKILL to 1534!(3).: file ../../../gecko/ipc/chromium/src/chrome/common/process_watcher_posix_sigchld.cc, line 118
04-24 18:09:51.432 I/Gecko   (   84): 1398388191442	Marionette	INFO	sendToClient: {"from":"0","ok":true}, {52d2c626-5102-4b81-8981-55eab72df13c}, {52d2c626-5102-4b81-8981-55eab72df13c}
04-24 18:09:51.772 I/Gecko   (   84): 1398388191788	Marionette	INFO	sendToClient: {"from":"0","value":"app://homescreen.gaiamobile.org/index.html#root"}, {e13d8e0b-b2bc-42e4-b4d2-513ad417f035}, {e13d8e0b-b2bc-42e4-b4d2-513ad417f035}
04-24 18:09:51.782 I/Gecko   (   84): 1398388191794	Marionette	DEBUG	Got request: switchToFrame, data: {"to":"0","sessionId":"3-b2g","name":"switchToFrame","parameters":{"id":null,"focus":true}}, id: {d90299fd-a8a3-443c-bb4d-e9a43e81304f}
04-24 18:09:51.822 I/Gecko   (   84): 1398388191829	Marionette	INFO	Switched to frame: {"frameValue":null}
04-24 18:09:51.922 I/Gecko   (   84): 1398388191932	Marionette	INFO	sendToClient: {"from":"0","ok":true}, {d90299fd-a8a3-443c-bb4d-e9a43e81304f}, {d90299fd-a8a3-443c-bb4d-e9a43e81304f}
04-24 18:09:51.932 I/Gecko   (   84): 1398388191940	Marionette	DEBUG	Got request: switchToFrame, data: {"to":"0","sessionId":"3-b2g","name":"switchToFrame","parameters":{"id":null,"focus":true}}, id: {81a6d853-516d-498f-b12e-e9cf20bc96fb}
04-24 18:09:51.932 I/Gecko   (   84): 1398388191942	Marionette	INFO	Switched to frame: {"frameValue":null}
04-24 18:09:51.962 W/audio_hw_primary(   89): do_output_standby.mode:0 
04-24 18:09:52.102 I/Gecko   (   84): 1398388192115	Marionette	INFO	sendToClient: {"from":"0","ok":true}, {81a6d853-516d-498f-b12e-e9cf20bc96fb}, {81a6d853-516d-498f-b12e-e9cf20bc96fb}
04-24 18:09:52.192 I/Gecko   (   84): 1398388192202	Marionette	DEBUG	Got request: executeWithCallback, data: {"to":"0","sessionId":"3-b2g","name":"executeAsyncScript","parameters":{"specialPowers":false,"scriptTimeout":null,"newSandbox":true,"args":[],"filename":"gaia_test.py","script":"GaiaApps.killAll()","line":91}}, id: {406ea017-a6ec-49f7-882a-deb1da4ae3c1}
04-24 18:09:52.342 I/Gecko   (   84): 1398388192349	Marionette	INFO	sendToClient: {"from":"0","value":true}, {406ea017-a6ec-49f7-882a-deb1da4ae3c1}, {406ea017-a6ec-49f7-882a-deb1da4ae3c1}
04-24 18:09:52.362 I/Gecko   (   84): 1398388192373	Marionette	DEBUG	Got request: switchToFrame, data: {"to":"0","sessionId":"3-b2g","name":"switchToFrame","parameters":{"id":null,"focus":true}}, id: {3a6622e7-27d5-4bc6-b9e3-92685cbc9900}
04-24 18:09:52.362 I/Gecko   (   84): 1398388192375	Marionette	INFO	Switched to frame: {"frameValue":null}
04-24 18:09:52.412 W/WifiHW  (   84): wifi_command: SIGNAL_POLL
04-24 18:09:52.462 I/Gecko   (   84): 1398388192478	Marionette	INFO	sendToClient: {"from":"0","ok":true}, {3a6622e7-27d5-4bc6-b9e3-92685cbc9900}, {3a6622e7-27d5-4bc6-b9e3-92685cbc9900}
04-24 18:09:52.472 I/Gecko   (   84): 1398388192484	Marionette	DEBUG	Got request: executeWithCallback, data: {"to":"0","sessionId":"3-b2g","name":"executeAsyncScript","parameters":{"specialPowers":false,"scriptTimeout":60000,"newSandbox":true,"args":[],"filename":"app_checker.py","script":"\n        GaiaApps.locateWithManifestURL('https://marketplace.firefox.com/app/b3c8d085-b2bd-407b-b8e4-ae41fa1018d2/manifest.webapp',\n                                       null,\n                                       function uninstall(app) {\n                                       navigator.mozApps.mgmt.uninstall(app);\n                                       marionetteScriptFinished(true);\n                                       });\n        ","line":129}}, id: {311dbbfd-283c-4212-80b2-85bf0386f0df}
04-24 18:09:52.522 I/Gecko   (   84): -- webapps.js uninstall https://marketplace.firefox.com/app/b3c8d085-b2bd-407b-b8e4-ae41fa1018d2/manifest.webapp
04-24 18:09:52.862 I/Gecko   (   84): 1398388192876	Marionette	INFO	sendToClient: {"from":"0","value":true}, {311dbbfd-283c-4212-80b2-85bf0386f0df}, {311dbbfd-283c-4212-80b2-85bf0386f0df}