--------- beginning of /dev/log/main
04-25 21:57:33.905 I/Gecko   (   84): 1398488253922	Marionette	INFO	sendToClient: {"from":"0","ok":true}, {f8a09e17-d05b-4f72-97f9-3d3762033a2e}, {f8a09e17-d05b-4f72-97f9-3d3762033a2e}
04-25 21:57:33.915 I/Gecko   (   84): 1398488253929	Marionette	DEBUG	Got request: switchToFrame, data: {"to":"0","sessionId":"3-b2g","name":"switchToFrame","parameters":{"id":null,"focus":true}}, id: {35b1fa22-3ee9-46f9-b435-74022a585343}
04-25 21:57:33.915 I/Gecko   (   84): 1398488253932	Marionette	INFO	Switched to frame: {"frameValue":null}
04-25 21:57:34.025 I/Gecko   (   84): 1398488254045	Marionette	INFO	sendToClient: {"from":"0","ok":true}, {35b1fa22-3ee9-46f9-b435-74022a585343}, {35b1fa22-3ee9-46f9-b435-74022a585343}
04-25 21:57:34.035 I/Gecko   (   84): 1398488254050	Marionette	DEBUG	Got request: executeWithCallback, data: {"to":"0","sessionId":"3-b2g","name":"executeAsyncScript","parameters":{"specialPowers":false,"scriptTimeout":null,"newSandbox":true,"args":[],"filename":"gaia_test.py","script":"return GaiaApps.displayedApp();","line":66}}, id: {408575c3-2d4c-4c63-863e-37faf321161b}
04-25 21:57:34.085 I/Gecko   (   84): 1398488254102	Marionette	INFO	sendToClient: {"from":"0","value":{"frame":{"ELEMENT":"{f0a9e866-dac9-4474-b822-75563acdbe87}"},"src":"app://{a71c7123-889c-4b58-8548-6e30633909da}/index.html","name":"Bubble wrap","origin":"app://{a71c7123-889c-4b58-8548-6e30633909da}"}}, {408575c3-2d4c-4c63-863e-37faf321161b}, {408575c3-2d4c-4c63-863e-37faf321161b}
04-25 21:57:34.095 I/Gecko   (   84): 1398488254108	Marionette	DEBUG	Got request: switchToFrame, data: {"to":"0","sessionId":"3-b2g","name":"switchToFrame","parameters":{"id":null,"focus":true}}, id: {ba94da31-9640-409f-b6fd-5d55b4a6d70c}
04-25 21:57:34.095 E/GeckoConsole(   84): Content JS LOG at dummy file:392 in GaiaApps.displayedApp: app with origin 'app://{a71c7123-889c-4b58-8548-6e30633909da}' is displayed
04-25 21:57:34.095 I/Gecko   (   84): 1398488254112	Marionette	INFO	Switched to frame: {"frameValue":null}
04-25 21:57:34.195 I/Gecko   (   84): 1398488254214	Marionette	INFO	sendToClient: {"from":"0","ok":true}, {ba94da31-9640-409f-b6fd-5d55b4a6d70c}, {ba94da31-9640-409f-b6fd-5d55b4a6d70c}
04-25 21:57:34.215 I/Gecko   (   84): 1398488254233	Marionette	DEBUG	Got request: execute, data: {"to":"0","sessionId":"3-b2g","name":"executeScript","parameters":{"specialPowers":false,"scriptTimeout":null,"newSandbox":true,"args":[],"filename":"gaia_test.py","script":"window.wrappedJSObject.dispatchEvent(new Event('home'));","line":788}}, id: {51ccfbfd-c705-467c-970d-41845463f7e4}
04-25 21:57:34.325 I/Gonk    (   84): Setting nice for pid 1379 to 18
04-25 21:57:34.325 I/Gonk    (   84): Changed nice for pid 1379 from 18 to 18.
04-25 21:57:34.325 I/Gecko   (   84): [Parent 84] WARNING: waitpid failed pid:1379 errno:10: file ../../../gecko/ipc/chromium/src/base/process_util_posix.cc, line 254
04-25 21:57:34.345 I/Gonk    (   84): Setting nice for pid 1379 to 1
04-25 21:57:34.345 I/Gonk    (   84): Changed nice for pid 1379 from 18 to 1.
04-25 21:57:34.365 D/Sensors (   84): activate handle=0; drv=0
04-25 21:57:34.365 D/Sensors (   84): Lis3dhSensor: Control set 0
04-25 21:57:34.365 D/Sensors (   84): Lis3dhSensor: mEnabled = 0
04-25 21:57:34.395 I/Gecko   (   84): 1398488254414	Marionette	INFO	sendToClient: {"from":"0","value":null}, {51ccfbfd-c705-467c-970d-41845463f7e4}, {51ccfbfd-c705-467c-970d-41845463f7e4}
04-25 21:57:34.425 I/Gecko   (   84): 1398488254440	Marionette	DEBUG	Got request: switchToFrame, data: {"to":"0","sessionId":"3-b2g","name":"switchToFrame","parameters":{"id":null,"focus":true}}, id: {3a488e06-6548-478d-83ba-d87a2473defd}
04-25 21:57:34.435 I/Gecko   (   84): 1398488254447	Marionette	INFO	Switched to frame: {"frameValue":null}
04-25 21:57:34.535 I/Gecko   (   84): 1398488254549	Marionette	INFO	sendToClient: {"from":"0","ok":true}, {3a488e06-6548-478d-83ba-d87a2473defd}, {3a488e06-6548-478d-83ba-d87a2473defd}
04-25 21:57:34.535 I/Gecko   (   84): 1398488254555	Marionette	DEBUG	Got request: executeWithCallback, data: {"to":"0","sessionId":"3-b2g","name":"executeAsyncScript","parameters":{"specialPowers":false,"scriptTimeout":null,"newSandbox":true,"args":[],"filename":"gaia_test.py","script":"return GaiaApps.displayedApp();","line":66}}, id: {6151b73f-aa08-4c3c-8ad5-c0101f63a446}
04-25 21:57:34.575 I/Gecko   (   84): 1398488254595	Marionette	INFO	sendToClient: {"from":"0","value":{"frame":{"ELEMENT":"{ded25ba1-ea41-45d4-8851-40594d39e760}"},"src":"app://homescreen.gaiamobile.org/index.html#root","name":"Homescreen","origin":"app://homescreen.gaiamobile.org"}}, {6151b73f-aa08-4c3c-8ad5-c0101f63a446}, {6151b73f-aa08-4c3c-8ad5-c0101f63a446}
04-25 21:57:34.595 E/GeckoConsole(   84): Content JS LOG at dummy file:392 in GaiaApps.displayedApp: app with origin 'app://homescreen.gaiamobile.org' is displayed
04-25 21:57:34.595 I/Gecko   (   84): 1398488254608	Marionette	DEBUG	Got request: switchToFrame, data: {"to":"0","sessionId":"3-b2g","name":"switchToFrame","parameters":{"id":null,"focus":true}}, id: {2628b47c-1557-4ffd-82f8-49df0c1b7434}
04-25 21:57:34.595 I/Gecko   (   84): 1398488254614	Marionette	INFO	Switched to frame: {"frameValue":null}
04-25 21:57:34.705 I/Gecko   (   84): 1398488254719	Marionette	INFO	sendToClient: {"from":"0","ok":true}, {2628b47c-1557-4ffd-82f8-49df0c1b7434}, {2628b47c-1557-4ffd-82f8-49df0c1b7434}
04-25 21:57:34.735 I/Gecko   (   84): 1398488254746	Marionette	DEBUG	Got request: switchToFrame, data: {"to":"0","sessionId":"3-b2g","name":"switchToFrame","parameters":{"id":null,"focus":true}}, id: {e6473af1-ddca-4dbf-abe7-720a87cb3c5c}
04-25 21:57:34.735 I/Gecko   (   84): 1398488254748	Marionette	INFO	Switched to frame: {"frameValue":null}
04-25 21:57:34.835 I/Gecko   (   84): 1398488254851	Marionette	INFO	sendToClient: {"from":"0","ok":true}, {e6473af1-ddca-4dbf-abe7-720a87cb3c5c}, {e6473af1-ddca-4dbf-abe7-720a87cb3c5c}
04-25 21:57:34.845 I/Gecko   (   84): 1398488254857	Marionette	DEBUG	Got request: executeWithCallback, data: {"to":"0","sessionId":"3-b2g","name":"executeAsyncScript","parameters":{"specialPowers":false,"scriptTimeout":null,"newSandbox":true,"args":[],"filename":"gaia_test.py","script":"return GaiaApps.displayedApp();","line":66}}, id: {44a51b9e-e2ef-4abe-928f-8988b5f8e46b}
04-25 21:57:34.895 I/Gecko   (   84): 1398488254911	Marionette	INFO	sendToClient: {"from":"0","value":{"frame":{"ELEMENT":"{ded25ba1-ea41-45d4-8851-40594d39e760}"},"src":"app://homescreen.gaiamobile.org/index.html#root","name":"Homescreen","origin":"app://homescreen.gaiamobile.org"}}, {44a51b9e-e2ef-4abe-928f-8988b5f8e46b}, {44a51b9e-e2ef-4abe-928f-8988b5f8e46b}
04-25 21:57:34.905 E/GeckoConsole(   84): Content JS LOG at dummy file:392 in GaiaApps.displayedApp: app with origin 'app://homescreen.gaiamobile.org' is displayed
04-25 21:57:34.905 I/Gecko   (   84): 1398488254923	Marionette	DEBUG	Got request: switchToFrame, data: {"to":"0","sessionId":"3-b2g","name":"switchToFrame","parameters":{"focus":true,"element":"{ded25ba1-ea41-45d4-8851-40594d39e760}"}}, id: {9d9ff6c1-e52f-46e8-815e-d9281184698f}
04-25 21:57:34.935 I/Gecko   (   84): 1398488254947	Marionette	INFO	Switched to frame: {"frameValue":"{ded25ba1-ea41-45d4-8851-40594d39e760}"}
04-25 21:57:34.965 I/Gecko   (   84): 1398488254980	Marionette	INFO	trying remote frame 0
04-25 21:57:34.975 I/Gecko   (   84): 1398488254988	Marionette	INFO	trying remote frame 1
04-25 21:57:34.975 I/Gecko   (   84): 1398488254990	Marionette	INFO	trying remote frame 2
04-25 21:57:34.985 I/Gecko   (   84): 1398488255003	Marionette	INFO	deleting frame
04-25 21:57:35.015 I/Gecko   (   84): 1398488255031	Marionette	INFO	frame-manager load script: [object ChromeMessageSender]
04-25 21:57:35.715 E/[Gralloc-ERROR](   84): int gralloc_register_buffer(const gralloc_module_t*, const native_handle_t*):79 Unable to register handle 0x44cca1f0 coming from different process: 84
04-25 21:57:35.715 E/[Gralloc-ERROR](   84): int gralloc_register_buffer(const gralloc_module_t*, const native_handle_t*):79 Unable to register handle 0x44cca290 coming from different process: 84
04-25 21:57:35.925 E/[Gralloc-ERROR](   84): int gralloc_unregister_buffer(const gralloc_module_t*, const native_handle_t*):274 Trying to unregister buffer 0x44cca290 from process 84 that was not created in current process: 84
04-25 21:57:35.925 E/[Gralloc-ERROR](   84): int gralloc_unregister_buffer(const gralloc_module_t*, const native_handle_t*):274 Trying to unregister buffer 0x44cca1f0 from process 84 that was not created in current process: 84
04-25 21:57:36.095 W/WifiHW  (   84): wifi_command: SIGNAL_POLL
04-25 21:57:36.315 I/Gonk    (   84): Setting nice for pid 1358 to 18
04-25 21:57:36.315 I/Gonk    (   84): Changed nice for pid 1358 from 1 to 18.
04-25 21:57:36.605 I/Gecko   (   84): 1398488256622	Marionette	INFO	sendToClient: {"from":"0","ok":true}, {9d9ff6c1-e52f-46e8-815e-d9281184698f}, {9d9ff6c1-e52f-46e8-815e-d9281184698f}
04-25 21:57:37.025 I/Gecko   (   84): 1398488257039	Marionette	INFO	sendToClient: {"from":"0","value":[]}, {8074f48b-4c67-4739-866d-ac26de5b1356}, {8074f48b-4c67-4739-866d-ac26de5b1356}
04-25 21:57:37.165 E/GeckoConsole( 1379): Content JS ERROR at app://homescreen.gaiamobile.org/gaia_build_defer_index.js:390 in loadSVConfFileError: Failed parsing singleVariant configuration file [js/singlevariantconf.json]:  [Exception... "File error: Not found"  nsresult: "0x80520012 (NS_ERROR_FILE_NOT_FOUND)"  location: "JS frame :: app://homescreen.gaiamobile.org/gaia_build_defer_index.js :: loadFile :: line 382"  data: no]
04-25 21:57:37.165 I/Gecko   (   84): 1398488257182	Marionette	INFO	sendToClient: {"from":"0","value":"app://homescreen.gaiamobile.org/index.html#root"}, {bafcb5ed-3126-4e85-9a76-8770eb06a8c9}, {bafcb5ed-3126-4e85-9a76-8770eb06a8c9}
04-25 21:57:37.185 I/Gecko   (   84): 1398488257199	Marionette	DEBUG	Got request: switchToFrame, data: {"to":"0","sessionId":"3-b2g","name":"switchToFrame","parameters":{"id":null,"focus":true}}, id: {cec9319a-a20b-4a9b-8ada-e9a578e5f967}
04-25 21:57:37.205 I/Gecko   (   84): 1398488257215	Marionette	INFO	Switched to frame: {"frameValue":null}
04-25 21:57:37.305 I/Gecko   (   84): 1398488257318	Marionette	INFO	sendToClient: {"from":"0","ok":true}, {cec9319a-a20b-4a9b-8ada-e9a578e5f967}, {cec9319a-a20b-4a9b-8ada-e9a578e5f967}
04-25 21:57:37.305 I/Gecko   (   84): 1398488257323	Marionette	DEBUG	Got request: switchToFrame, data: {"to":"0","sessionId":"3-b2g","name":"switchToFrame","parameters":{"id":null,"focus":true}}, id: {4cff2762-f6f9-4358-be42-f8c18b18b2df}
04-25 21:57:37.305 I/Gecko   (   84): 1398488257325	Marionette	INFO	Switched to frame: {"frameValue":null}
04-25 21:57:37.395 I/Gecko   (   84): 
04-25 21:57:37.395 I/Gecko   (   84): ###!!! [Parent][MessageChannel] Error: Channel error: cannot send/recv
04-25 21:57:37.395 I/Gecko   (   84): 
04-25 21:57:37.525 I/Gecko   (   84): [Parent 84] WARNING: waitpid failed pid:1358 errno:10: file ../../../gecko/ipc/chromium/src/base/process_util_posix.cc, line 254
04-25 21:57:37.525 I/Gecko   (   84): 1398488257542	Marionette	INFO	sendToClient: {"from":"0","ok":true}, {4cff2762-f6f9-4358-be42-f8c18b18b2df}, {4cff2762-f6f9-4358-be42-f8c18b18b2df}
04-25 21:57:37.545 I/Gecko   (   84): 1398488257561	Marionette	DEBUG	Got request: executeWithCallback, data: {"to":"0","sessionId":"3-b2g","name":"executeAsyncScript","parameters":{"specialPowers":false,"scriptTimeout":30000,"newSandbox":true,"args":[],"filename":"app_checker.py","script":"GaiaApps.launchWithManifestURL('https://marketplace.firefox.com/app/aef3dfc2-4a5e-4a76-bf85-07fa43c0cac6/manifest.webapp')","line":106}}, id: {629e8ce4-4650-4bc6-a97f-b3fbf561a7ff}
04-25 21:57:37.905 E/GeckoConsole(   84): Content JS LOG at dummy file:334 in GaiaApps.launch: launching app with name 'Plástico Bolha'
04-25 21:57:37.945 E/[Gralloc-ERROR](   84): int gralloc_register_buffer(const gralloc_module_t*, const native_handle_t*):79 Unable to register handle 0x45294ec0 coming from different process: 84
04-25 21:57:37.945 E/[Gralloc-ERROR](   84): int gralloc_register_buffer(const gralloc_module_t*, const native_handle_t*):79 Unable to register handle 0x45294fb0 coming from different process: 84
04-25 21:57:37.955 E/[Gralloc-ERROR](   84): int gralloc_register_buffer(const gralloc_module_t*, const native_handle_t*):79 Unable to register handle 0x452a6790 coming from different process: 84
04-25 21:57:37.955 E/[Gralloc-ERROR](   84): int gralloc_register_buffer(const gralloc_module_t*, const native_handle_t*):79 Unable to register handle 0x452a6bf0 coming from different process: 84
04-25 21:57:38.025 I/Gonk    (   84): Setting nice for pid 1415 to 18
04-25 21:57:38.025 I/Gonk    (   84): Changed nice for pid 1415 from 0 to 18.
04-25 21:57:38.075 D/Sensors (   84): activate handle=0; drv=0
04-25 21:57:38.095 D/Sensors (   84): Lis3dhSensor: Control set 1
04-25 21:57:38.095 D/Sensors (   84): Lis3dhSensor: mEnabled = 1
04-25 21:57:38.115 I/Gonk    (   84): Setting nice for pid 1415 to 18
04-25 21:57:38.125 I/Gonk    (   84): Changed nice for pid 1415 from 18 to 18.
04-25 21:57:38.125 I/Gecko   (   84): [Parent 84] WARNING: waitpid failed pid:1415 errno:10: file ../../../gecko/ipc/chromium/src/base/process_util_posix.cc, line 254
04-25 21:57:38.135 I/Gonk    (   84): Setting nice for pid 1415 to 1
04-25 21:57:38.135 I/Gonk    (   84): Changed nice for pid 1415 from 18 to 1.
04-25 21:57:38.275 I/Gonk    (   84): Setting nice for pid 1379 to 18
04-25 21:57:38.275 I/Gonk    (   84): Changed nice for pid 1379 from 1 to 18.
04-25 21:57:39.375 I/Gonk    (   84): Setting nice for pid 1429 to 18
04-25 21:57:39.385 I/Gonk    (   84): Changed nice for pid 1429 from 0 to 18.
04-25 21:57:39.525 I/Gecko   (   84): [Parent 84] WARNING: waitpid failed pid:1358 errno:10: file ../../../gecko/ipc/chromium/src/base/process_util_posix.cc, line 254
04-25 21:57:39.525 I/Gecko   (   84): [Parent 84] WARNING: Failed to deliver SIGKILL to 1358!(3).: file ../../../gecko/ipc/chromium/src/chrome/common/process_watcher_posix_sigchld.cc, line 118
04-25 21:57:39.575 I/Gecko   ( 1415): ###################################### forms.js loaded
04-25 21:57:39.595 I/Gecko   ( 1415): ############################### browserElementPanning.js loaded
04-25 21:57:39.625 I/Gecko   ( 1415): ######################## BrowserElementChildPreload.js loaded
04-25 21:57:41.135 W/WifiHW  (   84): wifi_command: SIGNAL_POLL
04-25 21:57:41.135 E/[Gralloc-ERROR](   84): int gralloc_unregister_buffer(const gralloc_module_t*, const native_handle_t*):274 Trying to unregister buffer 0x45294fb0 from process 84 that was not created in current process: 84
04-25 21:57:41.135 E/[Gralloc-ERROR](   84): int gralloc_unregister_buffer(const gralloc_module_t*, const native_handle_t*):274 Trying to unregister buffer 0x45294ec0 from process 84 that was not created in current process: 84
04-25 21:57:41.135 E/[Gralloc-ERROR](   84): int gralloc_unregister_buffer(const gralloc_module_t*, const native_handle_t*):274 Trying to unregister buffer 0x452a6bf0 from process 84 that was not created in current process: 84
04-25 21:57:41.135 E/[Gralloc-ERROR](   84): int gralloc_unregister_buffer(const gralloc_module_t*, const native_handle_t*):274 Trying to unregister buffer 0x452a6790 from process 84 that was not created in current process: 84
04-25 21:57:43.385 I/log     ( 1467): <4>0[ 510.623290] select 1379 (Homescreen), adj 8, size 6534, to kill 
04-25 21:57:43.435 I/Gecko   (   84): 
04-25 21:57:43.435 I/Gecko   (   84): ###!!! [Parent][MessageChannel] Error: Channel error: cannot send/recv
04-25 21:57:43.435 I/Gecko   (   84): 
04-25 21:57:43.535 I/Gecko   (   84): [Parent 84] WARNING: waitpid failed pid:1379 errno:10: file ../../../gecko/ipc/chromium/src/base/process_util_posix.cc, line 254
04-25 21:57:43.755 I/Gecko   ( 1429): ###################################### forms.js loaded
04-25 21:57:43.775 I/Gecko   ( 1429): ############################### browserElementPanning.js loaded
04-25 21:57:43.795 I/Gecko   ( 1429): ######################## BrowserElementChildPreload.js loaded
04-25 21:57:45.535 I/Gecko   (   84): [Parent 84] WARNING: waitpid failed pid:1379 errno:10: file ../../../gecko/ipc/chromium/src/base/process_util_posix.cc, line 254
04-25 21:57:45.535 I/Gecko   (   84): [Parent 84] WARNING: Failed to deliver SIGKILL to 1379!(3).: file ../../../gecko/ipc/chromium/src/chrome/common/process_watcher_posix_sigchld.cc, line 118
04-25 21:57:46.135 W/WifiHW  (   84): wifi_command: SIGNAL_POLL
04-25 21:57:51.135 W/WifiHW  (   84): wifi_command: SIGNAL_POLL
04-25 21:57:56.135 W/WifiHW  (   84): wifi_command: SIGNAL_POLL
04-25 21:58:01.145 W/WifiHW  (   84): wifi_command: SIGNAL_POLL
04-25 21:58:06.145 W/WifiHW  (   84): wifi_command: SIGNAL_POLL
04-25 21:58:07.315 E/Profiler(   84): BPUnw: [1 total] thread_unregister_for_profiling(me=0x1e65608)  (NOT REGISTERED) 
04-25 21:58:07.565 I/Gecko   (   84): 1398488287584	Marionette	INFO	sendToClient: {"from":"0","error":{"message":"timed out","status":28,"stacktrace":null}}, {629e8ce4-4650-4bc6-a97f-b3fbf561a7ff}, {629e8ce4-4650-4bc6-a97f-b3fbf561a7ff}
04-25 21:58:07.575 I/Gecko   (   84): 1398488287593	Marionette	DEBUG	Got request: switchToFrame, data: {"to":"0","sessionId":"3-b2g","name":"switchToFrame","parameters":{"id":null,"focus":true}}, id: {55ef6d55-f884-4e7b-a227-f80df4dfcb70}
04-25 21:58:07.585 I/Gecko   (   84): 1398488287597	Marionette	INFO	Switched to frame: {"frameValue":null}
04-25 21:58:07.695 I/Gecko   (   84): 1398488287711	Marionette	INFO	sendToClient: {"from":"0","ok":true}, {55ef6d55-f884-4e7b-a227-f80df4dfcb70}, {55ef6d55-f884-4e7b-a227-f80df4dfcb70}
04-25 21:58:07.705 I/Gecko   (   84): 1398488287721	Marionette	DEBUG	Got request: executeWithCallback, data: {"to":"0","sessionId":"3-b2g","name":"executeAsyncScript","parameters":{"specialPowers":false,"scriptTimeout":60000,"newSandbox":true,"args":[],"filename":"app_checker.py","script":"\n        GaiaApps.locateWithManifestURL('https://marketplace.firefox.com/app/aef3dfc2-4a5e-4a76-bf85-07fa43c0cac6/manifest.webapp',\n                                       null,\n                                       function uninstall(app) {\n                                       navigator.mozApps.mgmt.uninstall(app);\n                                       marionetteScriptFinished(true);\n                                       });\n        ","line":129}}, id: {4e178589-07f9-47a0-a230-7e941cf4618a}
04-25 21:58:07.755 I/Gecko   (   84): -- webapps.js uninstall https://marketplace.firefox.com/app/aef3dfc2-4a5e-4a76-bf85-07fa43c0cac6/manifest.webapp
04-25 21:58:07.895 I/Gecko   (   84): 1398488287910	Marionette	INFO	sendToClient: {"from":"0","value":true}, {4e178589-07f9-47a0-a230-7e941cf4618a}, {4e178589-07f9-47a0-a230-7e941cf4618a}
04-25 21:58:07.975 I/Gonk    (   84): Setting nice for pid 1429 to 18
04-25 21:58:07.975 I/Gonk    (   84): Changed nice for pid 1429 from 18 to 18.
04-25 21:58:07.975 I/Gecko   (   84): [Parent 84] WARNING: waitpid failed pid:1429 errno:10: file ../../../gecko/ipc/chromium/src/base/process_util_posix.cc, line 254
04-25 21:58:08.015 I/Gonk    (   84): Setting nice for pid 1429 to 1
04-25 21:58:08.015 I/Gonk    (   84): Changed nice for pid 1429 from 18 to 1.
04-25 21:58:08.075 D/Sensors (   84): activate handle=0; drv=0
04-25 21:58:08.075 D/Sensors (   84): Lis3dhSensor: Control set 0
04-25 21:58:08.075 D/Sensors (   84): Lis3dhSensor: mEnabled = 0