--------- beginning of /dev/log/main
04-26 15:39:20.192 I/Gecko   (   84): 1398551960206	Marionette	INFO	sendToClient: {"from":"0","ok":true}, {4c4165aa-0a5b-4b81-918c-40e72dd36622}, {4c4165aa-0a5b-4b81-918c-40e72dd36622}
04-26 15:39:20.202 I/Gecko   (   84): 1398551960215	Marionette	DEBUG	Got request: switchToFrame, data: {"to":"0","sessionId":"3-b2g","name":"switchToFrame","parameters":{"id":null,"focus":true}}, id: {d80f0a44-13bd-430f-a462-d4c9216b2d10}
04-26 15:39:20.212 I/Gecko   (   84): 1398551960224	Marionette	INFO	Switched to frame: {"frameValue":null}
04-26 15:39:20.332 I/Gecko   (   84): 1398551960346	Marionette	INFO	sendToClient: {"from":"0","ok":true}, {d80f0a44-13bd-430f-a462-d4c9216b2d10}, {d80f0a44-13bd-430f-a462-d4c9216b2d10}
04-26 15:39:20.342 I/Gecko   (   84): 1398551960355	Marionette	DEBUG	Got request: executeWithCallback, data: {"to":"0","sessionId":"3-b2g","name":"executeAsyncScript","parameters":{"specialPowers":false,"scriptTimeout":null,"newSandbox":true,"args":[],"filename":"gaia_test.py","script":"return GaiaApps.displayedApp();","line":66}}, id: {5e03f912-c00a-4141-b6ca-22ef8451e2d4}
04-26 15:39:20.442 E/GeckoConsole(   84): Content JS LOG at dummy file:392 in GaiaApps.displayedApp: app with origin 'app://homescreen.gaiamobile.org' is displayed
04-26 15:39:20.462 I/Gecko   (   84): 1398551960473	Marionette	INFO	sendToClient: {"from":"0","value":{"frame":{"ELEMENT":"{9b5bce78-6fc6-4f00-99d7-82dc7d87b9de}"},"src":"app://homescreen.gaiamobile.org/index.html#root","name":"Homescreen","origin":"app://homescreen.gaiamobile.org"}}, {5e03f912-c00a-4141-b6ca-22ef8451e2d4}, {5e03f912-c00a-4141-b6ca-22ef8451e2d4}
04-26 15:39:20.462 I/Gecko   (   84): 1398551960479	Marionette	DEBUG	Got request: switchToFrame, data: {"to":"0","sessionId":"3-b2g","name":"switchToFrame","parameters":{"id":null,"focus":true}}, id: {db37754c-23f6-4973-af86-c551fedcceb6}
04-26 15:39:20.482 I/Gecko   (   84): 1398551960494	Marionette	INFO	Switched to frame: {"frameValue":null}
04-26 15:39:20.582 I/Gecko   (   84): 1398551960596	Marionette	INFO	sendToClient: {"from":"0","ok":true}, {db37754c-23f6-4973-af86-c551fedcceb6}, {db37754c-23f6-4973-af86-c551fedcceb6}
04-26 15:39:20.592 I/Gecko   (   84): 1398551960602	Marionette	DEBUG	Got request: switchToFrame, data: {"to":"0","sessionId":"3-b2g","name":"switchToFrame","parameters":{"id":null,"focus":true}}, id: {415f4262-323c-436a-a229-f5dde6a62587}
04-26 15:39:20.592 I/Gecko   (   84): 1398551960604	Marionette	INFO	Switched to frame: {"frameValue":null}
04-26 15:39:20.622 E/GeckoConsole( 1429): Content JS ERROR at app://homescreen.gaiamobile.org/gaia_build_defer_index.js:390 in loadSVConfFileError: Failed parsing singleVariant configuration file [js/singlevariantconf.json]:  [Exception... "File error: Not found"  nsresult: "0x80520012 (NS_ERROR_FILE_NOT_FOUND)"  location: "JS frame :: app://homescreen.gaiamobile.org/gaia_build_defer_index.js :: loadFile :: line 382"  data: no]
04-26 15:39:20.702 I/Gecko   (   84): 1398551960716	Marionette	INFO	sendToClient: {"from":"0","ok":true}, {415f4262-323c-436a-a229-f5dde6a62587}, {415f4262-323c-436a-a229-f5dde6a62587}
04-26 15:39:20.722 I/Gecko   (   84): 1398551960733	Marionette	DEBUG	Got request: executeWithCallback, data: {"to":"0","sessionId":"3-b2g","name":"executeAsyncScript","parameters":{"specialPowers":false,"scriptTimeout":null,"newSandbox":true,"args":[],"filename":"gaia_test.py","script":"return GaiaApps.displayedApp();","line":66}}, id: {cced3736-aab2-43ec-9ee5-5d390689dd27}
04-26 15:39:20.812 I/Gecko   (   84): 1398551960823	Marionette	INFO	sendToClient: {"from":"0","value":{"frame":{"ELEMENT":"{9b5bce78-6fc6-4f00-99d7-82dc7d87b9de}"},"src":"app://homescreen.gaiamobile.org/index.html#root","name":"Homescreen","origin":"app://homescreen.gaiamobile.org"}}, {cced3736-aab2-43ec-9ee5-5d390689dd27}, {cced3736-aab2-43ec-9ee5-5d390689dd27}
04-26 15:39:20.812 E/GeckoConsole(   84): Content JS LOG at dummy file:392 in GaiaApps.displayedApp: app with origin 'app://homescreen.gaiamobile.org' is displayed
04-26 15:39:20.812 I/Gecko   (   84): 1398551960831	Marionette	DEBUG	Got request: switchToFrame, data: {"to":"0","sessionId":"3-b2g","name":"switchToFrame","parameters":{"focus":true,"element":"{9b5bce78-6fc6-4f00-99d7-82dc7d87b9de}"}}, id: {4c1da04e-e3c1-46e4-995e-63b8fd3b4a6d}
04-26 15:39:20.822 I/Gecko   (   84): 1398551960837	Marionette	INFO	Switched to frame: {"frameValue":"{9b5bce78-6fc6-4f00-99d7-82dc7d87b9de}"}
04-26 15:39:20.842 I/Gecko   (   84): 1398551960853	Marionette	INFO	trying remote frame 0
04-26 15:39:20.842 I/Gecko   (   84): 1398551960854	Marionette	INFO	trying remote frame 1
04-26 15:39:20.842 I/Gecko   (   84): 1398551960855	Marionette	INFO	deleting frame
04-26 15:39:20.842 I/Gecko   (   84): 1398551960859	Marionette	INFO	frame-manager load script: [object ChromeMessageSender]
04-26 15:39:21.232 I/Gecko   (   84): 1398551961245	Marionette	INFO	sendToClient: {"from":"0","ok":true}, {4c1da04e-e3c1-46e4-995e-63b8fd3b4a6d}, {4c1da04e-e3c1-46e4-995e-63b8fd3b4a6d}
04-26 15:39:21.442 I/Gecko   (   84): 1398551961455	Marionette	INFO	sendToClient: {"from":"0","value":{"ELEMENT":"{22045f23-06ad-42a0-a4f1-25f3d226d7b3}"}}, {9424ae93-b6ed-494b-9e39-6f4afaf25244}, {9424ae93-b6ed-494b-9e39-6f4afaf25244}
04-26 15:39:21.642 E/GeckoConsole( 1429): [JavaScript Warning: "Use of getAttributeNode() is deprecated. Use getAttribute() instead." {file: "chrome://marionette/content/atoms.js" line: 25}]
04-26 15:39:21.652 E/GeckoConsole( 1429): [JavaScript Warning: "Use of attributes' specified attribute is deprecated. It always returns true." {file: "chrome://marionette/content/atoms.js" line: 25}]
04-26 15:39:21.652 I/Gecko   (   84): 1398551961666	Marionette	INFO	sendToClient: {"from":"0","value":"normal"}, {83871e48-ea58-4741-b63d-d8bcd5095cea}, {83871e48-ea58-4741-b63d-d8bcd5095cea}
04-26 15:39:21.662 I/Gecko   (   84): 1398551961672	Marionette	DEBUG	Got request: switchToFrame, data: {"to":"0","sessionId":"3-b2g","name":"switchToFrame","parameters":{"id":null,"focus":true}}, id: {feb86b7f-a83e-4e86-8f93-90ee567ad195}
04-26 15:39:21.672 I/Gecko   (   84): 1398551961684	Marionette	INFO	Switched to frame: {"frameValue":null}
04-26 15:39:21.782 I/Gecko   (   84): 1398551961793	Marionette	INFO	sendToClient: {"from":"0","ok":true}, {feb86b7f-a83e-4e86-8f93-90ee567ad195}, {feb86b7f-a83e-4e86-8f93-90ee567ad195}
04-26 15:39:21.782 I/Gecko   (   84): 1398551961799	Marionette	DEBUG	Got request: execute, data: {"to":"0","sessionId":"3-b2g","name":"executeScript","parameters":{"specialPowers":false,"scriptTimeout":null,"newSandbox":true,"args":[],"filename":"gaia_test.py","script":"window.wrappedJSObject.dispatchEvent(new Event('home'));","line":788}}, id: {f78f8c42-2b74-499d-a52d-5805bd0a9af0}
04-26 15:39:21.872 I/Gecko   (   84): 1398551961888	Marionette	INFO	sendToClient: {"from":"0","value":null}, {f78f8c42-2b74-499d-a52d-5805bd0a9af0}, {f78f8c42-2b74-499d-a52d-5805bd0a9af0}
04-26 15:39:21.882 I/Gecko   (   84): 1398551961902	Marionette	DEBUG	Got request: switchToFrame, data: {"to":"0","sessionId":"3-b2g","name":"switchToFrame","parameters":{"id":null,"focus":true}}, id: {be0734a0-c4df-4771-a1d6-08bda5c4a90a}
04-26 15:39:21.892 I/Gecko   (   84): 1398551961905	Marionette	INFO	Switched to frame: {"frameValue":null}
04-26 15:39:22.002 I/Gecko   (   84): 1398551962014	Marionette	INFO	sendToClient: {"from":"0","ok":true}, {be0734a0-c4df-4771-a1d6-08bda5c4a90a}, {be0734a0-c4df-4771-a1d6-08bda5c4a90a}
04-26 15:39:22.002 I/Gecko   (   84): 1398551962020	Marionette	DEBUG	Got request: switchToFrame, data: {"to":"0","sessionId":"3-b2g","name":"switchToFrame","parameters":{"id":null,"focus":true}}, id: {c24bbd5e-4392-469b-95ea-763c8a8ebe26}
04-26 15:39:22.002 I/Gecko   (   84): 1398551962022	Marionette	INFO	Switched to frame: {"frameValue":null}
04-26 15:39:22.122 I/Gecko   (   84): 1398551962133	Marionette	INFO	sendToClient: {"from":"0","ok":true}, {c24bbd5e-4392-469b-95ea-763c8a8ebe26}, {c24bbd5e-4392-469b-95ea-763c8a8ebe26}
04-26 15:39:22.132 I/Gecko   (   84): 1398551962143	Marionette	DEBUG	Got request: executeWithCallback, data: {"to":"0","sessionId":"3-b2g","name":"executeAsyncScript","parameters":{"specialPowers":false,"scriptTimeout":null,"newSandbox":true,"args":[],"filename":"gaia_test.py","script":"return GaiaApps.displayedApp();","line":66}}, id: {447c617f-9c3c-4269-acb3-1ad87d09c0b1}
04-26 15:39:22.282 I/Gecko   (   84): 1398551962300	Marionette	INFO	sendToClient: {"from":"0","value":{"frame":{"ELEMENT":"{9b5bce78-6fc6-4f00-99d7-82dc7d87b9de}"},"src":"app://homescreen.gaiamobile.org/index.html#rootSat%20Apr%2026%202014%2015:39:21%20GMT-0700%20(UTC)","name":"Homescreen","origin":"app://homescreen.gaiamobile.org"}}, {447c617f-9c3c-4269-acb3-1ad87d09c0b1}, {447c617f-9c3c-4269-acb3-1ad87d09c0b1}
04-26 15:39:22.292 E/GeckoConsole(   84): Content JS LOG at dummy file:392 in GaiaApps.displayedApp: app with origin 'app://homescreen.gaiamobile.org' is displayed
04-26 15:39:22.312 I/Gecko   (   84): 1398551962325	Marionette	DEBUG	Got request: switchToFrame, data: {"to":"0","sessionId":"3-b2g","name":"switchToFrame","parameters":{"focus":true,"element":"{9b5bce78-6fc6-4f00-99d7-82dc7d87b9de}"}}, id: {0b27eaf6-1502-4672-a0ba-eb6d4202cc22}
04-26 15:39:22.372 I/Gecko   (   84): 1398551962389	Marionette	INFO	Switched to frame: {"frameValue":"{9b5bce78-6fc6-4f00-99d7-82dc7d87b9de}"}
04-26 15:39:22.432 I/Gecko   (   84): 1398551962443	Marionette	INFO	trying remote frame 0
04-26 15:39:22.432 I/Gecko   (   84): 1398551962444	Marionette	INFO	trying remote frame 1
04-26 15:39:22.692 W/WifiHW  (   84): wifi_command: SIGNAL_POLL
04-26 15:39:22.892 I/Gecko   (   84): 1398551962908	Marionette	INFO	sendToClient: {"from":"0","ok":true}, {0b27eaf6-1502-4672-a0ba-eb6d4202cc22}, {0b27eaf6-1502-4672-a0ba-eb6d4202cc22}
04-26 15:39:22.902 I/Gecko   (   84): 1398551962918	Marionette	DEBUG	Got request: execute, data: {"to":"0","sessionId":"3-b2g","name":"executeScript","parameters":{"specialPowers":false,"scriptTimeout":null,"newSandbox":true,"args":[],"filename":"gaia_test.py","script":"return window.wrappedJSObject.GridManager.pageHelper.getCurrentPageNumber();","line":784}}, id: {25c7c7df-b40e-48d4-af93-7505a9549407}
04-26 15:39:23.042 I/Gecko   (   84): 1398551963052	Marionette	INFO	sendToClient: {"from":"0","value":0}, {25c7c7df-b40e-48d4-af93-7505a9549407}, {25c7c7df-b40e-48d4-af93-7505a9549407}
04-26 15:39:23.142 I/Gecko   (   84): 1398551963154	Marionette	INFO	sendToClient: {"from":"0","value":["{f2c23725-aed3-4a3a-9610-84b2ba8fd97c}","{42557618-ee05-41c1-9e54-70b339aa8bee}","{85fc47b5-bbde-484e-9eaf-08f3d24414d6}","{b47532b7-848f-491c-90f9-7ed761548d05}","{687da9ee-50a6-417a-b2df-b8dc00d9ef55}","{9de737a5-80b8-49e1-b717-1b283ab02b83}","{e54f386b-32f1-4a55-a070-5d0a406a7395}","{59d3d146-f85b-4ebe-89d0-d6f27752c61f}","{eef8c1c0-8ae9-41aa-8a05-331d381d5745}","{39b58ba4-1db9-496d-9ce6-42cbacf2d52a}","{80c10eca-db9d-471e-a9c2-49aed3b4bd94}","{a751db0a-3547-4f4a-aecf-e3f51519b1b8}","{94b0c5ea-8dc0-44fd-86b7-080afe8ab100}","{cac52927-23f3-4de6-9595-381e4888247b}","{5e5631bd-8363-45f3-aa72-f4765670fe5c}","{4bf236bf-f66a-4d58-b35c-08023ace77d8}","{e0a4dd75-284b-4c15-82ed-6ce8fdf28fc7}","{46949bb5-42f4-4afd-a0cd-5a6ba71db887}","{c89c1fb8-b940-410e-a218-3cee4c6e77ac}","{64db0625-c4b5-4da2-8e32-da1245fd55f9}","{72e7d0f6-7c78-4b9c-a130-0bff9d1929e1}","{2ff26e7a-bf2f-4f1b-b344-98d439bdd5ab}","{661ed7c3-7f31-4a7b-9c76-4077cb32404e}","{a40ced26-c66e
04-26 15:39:23.302 I/Gecko   (   84): 1398551963321	Marionette	INFO	sendToClient: {"from":"0","value":"app://homescreen.gaiamobile.org/index.html#rootSat%20Apr%2026%202014%2015:39:21%20GMT-0700%20(UTC)"}, {3bc668df-8468-45f2-b2a2-0f5c14567fe3}, {3bc668df-8468-45f2-b2a2-0f5c14567fe3}
04-26 15:39:23.412 I/Gecko   (   84): 1398551963428	Marionette	DEBUG	Got request: switchToFrame, data: {"to":"0","sessionId":"3-b2g","name":"switchToFrame","parameters":{"id":null,"focus":true}}, id: {3216428c-3e8e-42bd-94b2-877663c73469}
04-26 15:39:23.442 I/Gecko   (   84): 1398551963455	Marionette	INFO	Switched to frame: {"frameValue":null}
04-26 15:39:23.542 I/Gecko   (   84): 1398551963561	Marionette	INFO	sendToClient: {"from":"0","ok":true}, {3216428c-3e8e-42bd-94b2-877663c73469}, {3216428c-3e8e-42bd-94b2-877663c73469}
04-26 15:39:23.552 I/Gecko   (   84): 1398551963567	Marionette	DEBUG	Got request: switchToFrame, data: {"to":"0","sessionId":"3-b2g","name":"switchToFrame","parameters":{"id":null,"focus":true}}, id: {64b8714d-55e1-4143-b86b-6cccbb831e90}
04-26 15:39:23.552 I/Gecko   (   84): 1398551963569	Marionette	INFO	Switched to frame: {"frameValue":null}
04-26 15:39:23.662 I/Gecko   (   84): 1398551963672	Marionette	INFO	sendToClient: {"from":"0","ok":true}, {64b8714d-55e1-4143-b86b-6cccbb831e90}, {64b8714d-55e1-4143-b86b-6cccbb831e90}
04-26 15:39:23.672 I/Gecko   (   84): 1398551963690	Marionette	DEBUG	Got request: executeWithCallback, data: {"to":"0","sessionId":"3-b2g","name":"executeAsyncScript","parameters":{"specialPowers":false,"scriptTimeout":30000,"newSandbox":true,"args":[],"filename":"app_checker.py","script":"GaiaApps.launchWithManifestURL('http://www.ezubi.com/manifest/ezubi.webapp')","line":106}}, id: {066627ad-500a-4ad5-9a34-f71fdf510595}
04-26 15:39:23.892 I/Gonk    (   84): Setting nice for pid 1448 to 18
04-26 15:39:23.892 I/Gonk    (   84): Changed nice for pid 1448 from 18 to 18.
04-26 15:39:23.892 I/Gecko   (   84): [Parent 84] WARNING: waitpid failed pid:1448 errno:10: file ../../../gecko/ipc/chromium/src/base/process_util_posix.cc, line 254
04-26 15:39:23.912 I/Gonk    (   84): Setting nice for pid 1448 to 1
04-26 15:39:23.912 I/Gonk    (   84): Changed nice for pid 1448 from 18 to 1.
04-26 15:39:23.952 E/GeckoConsole(   84): Content JS LOG at dummy file:334 in GaiaApps.launch: launching app with name 'EzUbi'
04-26 15:39:24.552 V/AudioPolicyManagerBase(   89): startOutput() output 1, stream 1, session 4
04-26 15:39:24.552 V/AudioPolicyManagerBase(   89): changeRefCount() stream 1, count 1
04-26 15:39:24.552 V/AudioPolicyManagerBase(   89): getDeviceForStrategy() from cache strategy 0, device 2
04-26 15:39:24.552 V/AudioPolicyManagerBase(   89): getNewDevice() selected device 2
04-26 15:39:24.552 D/AudioPolicyManagerBase(   89): setOutputDevice() output 1 device 2 delayMs 0
04-26 15:39:24.552 V/AudioPolicyManagerBase(   89): setOutputDevice() setting same device 2 or null device for output 1
04-26 15:39:24.552 E/AudioPolicyManagerBase(   89): checkAndSetVolume stream=1, index=0, output=1, device=2
04-26 15:39:24.552 E/AudioPolicyManagerBase(   89): computeVolume, streamDesc=0x19dfbb8
04-26 15:39:24.622 W/AudioFlinger(   89): Thread AudioOut_1 cannot connect to the power manager service
04-26 15:39:24.622 V/AudioPolicyManagerBase(   89): stopOutput() output 1, stream 1, session 4
04-26 15:39:24.622 V/AudioPolicyManagerBase(   89): changeRefCount() stream 1, count 0
04-26 15:39:24.622 V/AudioPolicyManagerBase(   89): getNewDevice() selected device 0
04-26 15:39:24.622 D/AudioPolicyManagerBase(   89): setOutputDevice() output 1 device 0 delayMs 290
04-26 15:39:24.622 V/AudioPolicyManagerBase(   89): setOutputDevice() setting same device 0 or null device for output 1
04-26 15:39:24.632 V/AudioPolicyManagerBase(   89): startOutput() output 1, stream 1, session 4
04-26 15:39:24.632 V/AudioPolicyManagerBase(   89): changeRefCount() stream 1, count 1
04-26 15:39:24.632 V/AudioPolicyManagerBase(   89): getDeviceForStrategy() from cache strategy 0, device 2
04-26 15:39:24.632 V/AudioPolicyManagerBase(   89): getNewDevice() selected device 2
04-26 15:39:24.632 D/AudioPolicyManagerBase(   89): setOutputDevice() output 1 device 2 delayMs 0
04-26 15:39:24.632 V/AudioPolicyManagerBase(   89): setOutputDevice() setting same device 2 or null device for output 1
04-26 15:39:24.632 E/AudioPolicyManagerBase(   89): checkAndSetVolume stream=1, index=0, output=1, device=2
04-26 15:39:24.632 E/AudioPolicyManagerBase(   89): computeVolume, streamDesc=0x19dfbb8
04-26 15:39:24.632 V/AudioPolicyManagerBase(   89): stopOutput() output 1, stream 1, session 4
04-26 15:39:24.632 V/AudioPolicyManagerBase(   89): changeRefCount() stream 1, count 0
04-26 15:39:24.632 V/AudioPolicyManagerBase(   89): getNewDevice() selected device 0
04-26 15:39:24.632 D/AudioPolicyManagerBase(   89): setOutputDevice() output 1 device 0 delayMs 290
04-26 15:39:24.632 V/AudioPolicyManagerBase(   89): setOutputDevice() setting same device 0 or null device for output 1
04-26 15:39:24.642 V/AudioPolicyManagerBase(   89): releaseOutput() 1
04-26 15:39:24.722 D/Sensors (   84): activate handle=0; drv=0
04-26 15:39:24.732 D/Sensors (   84): Lis3dhSensor: Control set 1
04-26 15:39:24.732 D/Sensors (   84): Lis3dhSensor: mEnabled = 1
04-26 15:39:24.942 E/[Gralloc-ERROR](   84): int gralloc_register_buffer(const gralloc_module_t*, const native_handle_t*):79 Unable to register handle 0x46b85560 coming from different process: 84
04-26 15:39:24.942 E/[Gralloc-ERROR](   84): int gralloc_register_buffer(const gralloc_module_t*, const native_handle_t*):79 Unable to register handle 0x46b856a0 coming from different process: 84
04-26 15:39:25.022 I/Gonk    (   84): Setting nice for pid 1429 to 18
04-26 15:39:25.022 I/Gonk    (   84): Changed nice for pid 1429 from 1 to 18.
04-26 15:39:25.832 I/Gecko   (   84): 
04-26 15:39:25.832 I/Gecko   (   84): ###!!! [Parent][MessageChannel] Error: Channel error: cannot send/recv
04-26 15:39:25.832 I/Gecko   (   84): 
04-26 15:39:25.892 I/GeckoDump(   84): Crash reporter : Can't fetch app.reportCrashes. Exception: [Exception... "Component returned failure code: 0x8000ffff (NS_ERROR_UNEXPECTED) [nsIPrefBranch.getBoolPref]"  nsresult: "0x8000ffff (NS_ERROR_UNEXPECTED)"  location: "JS frame :: chrome://browser/content/shell.js :: shell_reportCrash :: line 7"  data: no]
04-26 15:39:25.892 I/Gecko   (   84): [Parent 84] WARNING: waitpid failed pid:1429 errno:10: file ../../../gecko/ipc/chromium/src/base/process_util_posix.cc, line 254
04-26 15:39:25.922 I/Gecko   ( 1448): ###################################### forms.js loaded
04-26 15:39:25.942 I/Gecko   ( 1448): ############################### browserElementPanning.js loaded
04-26 15:39:25.962 I/Gecko   ( 1448): ######################## BrowserElementChildPreload.js loaded
04-26 15:39:26.802 E/GeckoConsole( 1448): [JavaScript Warning: "Error in parsing value for 'overflow-x'.  Declaration dropped." {file: "http://www.ezubi.com/t5/common/ezubi.orange.css" line: 8 column: 11 source: "overflow-x:-webkit-marquee;"}]
04-26 15:39:26.832 E/GeckoConsole( 1448): [JavaScript Warning: "Error in parsing value for 'background'.  Declaration dropped." {file: "http://www.ezubi.com/t5/common/ezubi.orange.css" line: 24 column: 13 source: "	background: -webkit-gradient(linear, 0% 0%, 0% 100%, from(#C0C0C0), to(#E0E0E0));"}]
04-26 15:39:26.832 E/GeckoConsole( 1448): [JavaScript Warning: "Error in parsing value for 'background'.  Declaration dropped." {file: "http://www.ezubi.com/t5/common/ezubi.orange.css" line: 26 column: 13 source: "	background: -o-linear-gradient(#C0C0C0, #E0E0E0);"}]
04-26 15:39:26.832 E/GeckoConsole( 1448): [JavaScript Warning: "Error in parsing value for 'background'.  Declaration dropped." {file: "http://www.ezubi.com/t5/common/ezubi.orange.css" line: 27 column: 13 source: "	background: -ms-linear-gradient(#C0C0C0, #E0E0E0); "}]
04-26 15:39:26.832 E/GeckoConsole( 1448): [JavaScript Warning: "Error in parsing value for 'background'.  Declaration dropped." {file: "http://www.ezubi.com/t5/common/ezubi.orange.css" line: 32 column: 13 source: "	background: -webkit-gradient(linear, 0% 0%, 0% 100%, from(#303030), to(#606060));"}]
04-26 15:39:26.832 E/GeckoConsole( 1448): [JavaScript Warning: "Error in parsing value for 'background'.  Declaration dropped." {file: "http://www.ezubi.com/t5/common/ezubi.orange.css" line: 34 column: 13 source: "	background: -o-linear-gradient(#303030, #606060);"}]
04-26 15:39:26.832 E/GeckoConsole( 1448): [JavaScript Warning: "Error in parsing value for 'background'.  Declaration dropped." {file: "http://www.ezubi.com/t5/common/ezubi.orange.css" line: 35 column: 13 source: "	background: -ms-linear-gradient(#303030, #606060);  "}]
04-26 15:39:26.832 E/GeckoConsole( 1448): [JavaScript Warning: "Error in parsing value for 'background'.  Declaration dropped." {file: "http://www.ezubi.com/t5/common/ezubi.orange.css" line: 41 column: 13 source: "	background: -webkit-gradient(linear, 0% 0%, 0% 100%, from(#F0F0F0), to(#C0C0C0));"}]
04-26 15:39:26.832 E/GeckoConsole( 1448): [JavaScript Warning: "Error in parsing value for 'background'.  Declaration dropped." {file: "http://www.ezubi.com/t5/common/ezubi.orange.css" line: 47 column: 13 source: "	background: -webkit-gradient(linear, 0% 0%, 0% 100%, from(#F2BC90), to(#E57A22));"}]
04-26 15:39:26.832 E/GeckoConsole( 1448): [JavaScript Warning: "Error in parsing value for 'background'.  Declaration dropped." {file: "http://www.ezubi.com/t5/common/ezubi.orange.css" line: 53 column: 13 source: "	background: -webkit-gradient(linear, 0% 0%, 0% 100%, from(#606060), to(#303030));"}]
04-26 15:39:26.842 E/GeckoConsole( 1448): [JavaScript Warning: "Unknown property '-moz-border-radius'.  Declaration dropped." {file: "http://www.ezubi.com/t5/common/ezubi.orange.css" line: 275 column: 19 source: "	-moz-border-radius: 5px;"}]
04-26 15:39:26.842 E/GeckoConsole( 1448): [JavaScript Warning: "Unknown property '-moz-border-radius'.  Declaration dropped." {file: "http://www.ezubi.com/t5/common/ezubi.orange.css" line: 282 column: 19 source: "	-moz-border-radius: 10px;"}]
04-26 15:39:26.842 E/GeckoConsole( 1448): [JavaScript Warning: "Unknown property '-moz-box-shadow'.  Declaration dropped." {file: "http://www.ezubi.com/t5/common/ezubi.orange.css" line: 285 column: 16 source: "	-moz-box-shadow: 2px 2px 3px rgba(0,0,0,0.5);"}]
04-26 15:39:26.842 E/GeckoConsole( 1448): [JavaScript Warning: "Unknown property '-moz-border-radius'.  Declaration dropped." {file: "http://www.ezubi.com/t5/common/ezubi.orange.css" line: 291 column: 19 source: "	-moz-border-radius: 10px;"}]
04-26 15:39:26.842 E/GeckoConsole( 1448): [JavaScript Warning: "Unknown property '-moz-box-shadow'.  Declaration dropped." {file: "http://www.ezubi.com/t5/common/ezubi.orange.css" line: 294 column: 16 source: "	-moz-box-shadow: 2px 2px 3px rgba(255,255,255,0.5);"}]
04-26 15:39:26.962 E/GeckoConsole( 1448): [JavaScript Warning: "Unknown property 'box-sizing'.  Declaration dropped." {file: "http://www.ezubi.com/t5/common/ezubi.transform.css" line: 31 column: 11 source: "	box-sizing: border-box;"}]
04-26 15:39:26.962 E/GeckoConsole( 1448): [JavaScript Warning: "Unknown property '-moz-box-shadow'.  Declaration dropped." {file: "http://www.ezubi.com/t5/common/ezubi.transform.css" line: 71 column: 16 source: "	-moz-box-shadow:  inset 1px 1px 1px  rgba(200,200,200,0.2), inset -1px -1px 1px rgba(000,000,000,0.2);"}]
04-26 15:39:26.972 E/GeckoConsole( 1448): [JavaScript Warning: "Error in parsing value for 'background'.  Declaration dropped." {file: "http://www.ezubi.com/t5/common/ezubi.transform.css" line: 96 column: 13 source: "	background: -webkit-gradient(linear, left top, left bottom, color-stop(0%,rgba(255,255,255,1)), color-stop(100%,rgba(229,229,229,1))); /* Chrome,Safari4+ */"}]
04-26 15:39:26.972 E/GeckoConsole( 1448): [JavaScript Warning: "Error in parsing value for 'background'.  Declaration dropped." {file: "http://www.ezubi.com/t5/common/ezubi.transform.css" line: 97 column: 13 source: "	background: -webkit-linear-gradient(top,  rgba(255,255,255,1) 0%,rgba(229,229,229,1) 100%); /* Chrome10+,Safari5.1+ */"}]
04-26 15:39:26.972 E/GeckoConsole( 1448): [JavaScript Warning: "Error in parsing value for 'background'.  Declaration dropped." {file: "http://www.ezubi.com/t5/common/ezubi.transform.css" line: 98 column: 13 source: "	background: -o-linear-gradient(top,  rgba(255,255,255,1) 0%,rgba(229,229,229,1) 100%); /* Opera 11.10+ */"}]
04-26 15:39:26.972 E/GeckoConsole( 1448): [JavaScript Warning: "Error in parsing value for 'background'.  Declaration dropped." {file: "http://www.ezubi.com/t5/common/ezubi.transform.css" line: 99 column: 13 source: "	background: -ms-linear-gradient(top,  rgba(255,255,255,1) 0%,rgba(229,229,229,1) 100%); /* IE10+ */"}]
04-26 15:39:26.972 E/GeckoConsole( 1448): [JavaScript Warning: "Expected 'none' or URL but found 'progid'.  Error in parsing value for 'filter'.  Declaration dropped." {file: "http://www.ezubi.com/t5/common/ezubi.transform.css" line: 101 column: 9 source: "	filter: progid:DXImageTransform.Microsoft.gradient( startColorstr='#ffffff', endColorstr='#e5e5e5',GradientType=0 ); /* IE6-9 */"}]
04-26 15:39:26.972 E/GeckoConsole( 1448): [JavaScript Warning: "Unknown property '-moz-box-shadow'.  Declaration dropped." {file: "http://www.ezubi.com/t5/common/ezubi.transform.css" line: 104 column: 16 source: "	-moz-box-shadow:  inset 1px 1px 1px  rgba(200,200,200,0.2), inset -1px -1px 1px rgba(000,000,000,0.2);"}]
04-26 15:39:26.972 E/GeckoConsole( 1448): [JavaScript Warning: "Unknown property '-moz-box-shadow'.  Declaration dropped." {file: "http://www.ezubi.com/t5/common/ezubi.transform.css" line: 119 column: 16 source: "	-moz-box-shadow:  inset 1px 1px 1px  rgba(200,200,200,0.2), inset -1px -1px 1px rgba(000,000,000,0.2);"}]
04-26 15:39:26.972 E/GeckoConsole( 1448): [JavaScript Warning: "Unknown property 'box-sizing'.  Declaration dropped." {file: "http://www.ezubi.com/t5/common/ezubi.transform.css" line: 124 column: 11 source: "	box-sizing: border-box;"}]
04-26 15:39:26.972 E/GeckoConsole( 1448): [JavaScript Warning: "Error in parsing value for 'background'.  Declaration dropped." {file: "http://www.ezubi.com/t5/common/ezubi.transform.css" line: 148 column: 13 source: "	background: -webkit-gradient(linear, left top, left bottom, color-stop(0%,rgba(255,255,255,1)), color-stop(100%,rgba(229,229,229,1))); /* Chrome,Safari4+ */"}]
04-26 15:39:26.972 E/GeckoConsole( 1448): [JavaScript Warning: "Error in parsing value for 'background'.  Declaration dropped." {file: "http://www.ezubi.com/t5/common/ezubi.transform.css" line: 149 column: 13 source: "	background: -webkit-linear-gradient(top,  rgba(255,255,255,1) 0%,rgba(229,229,229,1) 100%); /* Chrome10+,Safari5.1+ */"}]
04-26 15:39:26.972 E/GeckoConsole( 1448): [JavaScript Warning: "Error in parsing value for 'background'.  Declaration dropped." {file: "http://www.ezubi.com/t5/common/ezubi.transform.css" line: 150 column: 13 source: "	background: -o-linear-gradient(top,  rgba(255,255,255,1) 0%,rgba(229,229,229,1) 100%); /* Opera 11.10+ */"}]
04-26 15:39:26.972 E/GeckoConsole( 1448): [JavaScript Warning: "Error in parsing value for 'background'.  Declaration dropped." {file: "http://www.ezubi.com/t5/common/ezubi.transform.css" line: 151 column: 13 source: "	background: -ms-linear-gradient(top,  rgba(255,255,255,1) 0%,rgba(229,229,229,1) 100%); /* IE10+ */"}]
04-26 15:39:26.972 E/GeckoConsole( 1448): [JavaScript Warning: "Unknown property '-moz-box-shadow'.  Declaration dropped." {file: "http://www.ezubi.com/t5/common/ezubi.transform.css" line: 155 column: 16 source: "	-moz-box-shadow:  inset 1px 1px 1px  rgba(200,200,200,0.2), inset -1px -1px 1px rgba(000,000,000,0.2);"}]
04-26 15:39:26.972 E/GeckoConsole( 1448): [JavaScript Warning: "Unknown property 'box-sizing'.  Declaration dropped." {file: "http://www.ezubi.com/t5/common/ezubi.transform.css" line: 160 column: 11 source: "	box-sizing: border-box;"}]
04-26 15:39:26.972 E/GeckoConsole( 1448): [JavaScript Warning: "Unknown property '-moz-box-shadow'.  Declaration dropped." {file: "http://www.ezubi.com/t5/common/ezubi.transform.css" line: 177 column: 16 source: "	-moz-box-shadow:  inset 1px 1px 1px  rgba(200,200,200,0.2), inset -1px -1px 1px rgba(000,000,000,0.2);"}]
04-26 15:39:26.972 E/GeckoConsole( 1448): [JavaScript Warning: "Unknown pseudo-class or pseudo-element '-webkit-input-placeholder'.  Ruleset ignored due to bad selector." {file: "http://www.ezubi.com/t5/common/ezubi.transform.css" line: 183 column: 2 source: "::-webkit-input-placeholder {"}]
04-26 15:39:26.972 E/GeckoConsole( 1448): [JavaScript Warning: "Unknown pseudo-class or pseudo-element '-ms-input-placeholder'.  Ruleset ignored due to bad selector." {file: "http://www.ezubi.com/t5/common/ezubi.transform.css" line: 195 column: 1 source: ":-ms-input-placeholder {  "}]
04-26 15:39:26.972 E/GeckoConsole( 1448): [JavaScript Warning: "Unknown property '-moz-box-shadow'.  Declaration dropped." {file: "http://www.ezubi.com/t5/common/ezubi.transform.css" line: 221 column: 16 source: "	-moz-box-shadow:  inset 1px 1px 1px  rgba(200,200,200,0.2), inset -1px -1px 1px rgba(000,000,000,0.2);"}]
04-26 15:39:26.982 E/GeckoConsole( 1448): [JavaScript Warning: "Error in parsing value for 'background'.  Declaration dropped." {file: "http://www.ezubi.com/t5/common/ezubi.transform.css" line: 230 column: 13 source: "	background: -webkit-gradient(linear, left top, left bottom, color-stop(0%,rgba(255,255,255,1)), color-stop(100%,rgba(229,229,229,1))); /* Chrome,Safari4+ */"}]
04-26 15:39:26.982 E/GeckoConsole( 1448): [JavaScript Warning: "Error in parsing value for 'background'.  Declaration dropped." {file: "http://www.ezubi.com/t5/common/ezubi.transform.css" line: 231 column: 13 source: "	background: -webkit-linear-gradient(top,  rgba(255,255,255,1) 0%,rgba(229,229,229,1) 100%); /* Chrome10+,Safari5.1+ */"}]
04-26 15:39:26.982 E/GeckoConsole( 1448): [JavaScript Warning: "Error in parsing value for 'background'.  Declaration dropped." {file: "http://www.ezubi.com/t5/common/ezubi.transform.css" line: 232 column: 13 source: "	background: -o-linear-gradient(top,  rgba(255,255,255,1) 0%,rgba(229,229,229,1) 100%); /* Opera 11.10+ */"}]
04-26 15:39:26.982 E/GeckoConsole( 1448): [JavaScript Warning: "Error in parsing value for 'background'.  Declaration dropped." {file: "http://www.ezubi.com/t5/common/ezubi.transform.css" line: 233 column: 13 source: "	background: -ms-linear-gradient(top,  rgba(255,255,255,1) 0%,rgba(229,229,229,1) 100%); /* IE10+ */"}]
04-26 15:39:26.982 E/GeckoConsole( 1448): [JavaScript Warning: "Unknown property '-moz-box-shadow'.  Declaration dropped." {file: "http://www.ezubi.com/t5/common/ezubi.transform.css" line: 237 column: 16 source: "	-moz-box-shadow:  inset 1px 1px 1px  rgba(200,200,200,0.2), inset -1px -1px 1px rgba(000,000,000,0.2);"}]
04-26 15:39:26.982 E/GeckoConsole( 1448): [JavaScript Warning: "Error in parsing value for 'background'.  Declaration dropped." {file: "http://www.ezubi.com/t5/common/ezubi.transform.css" line: 246 column: 12 source: "background: -webkit-gradient(linear, left top, left bottom, color-stop(0%,rgba(125,126,125,1)), color-stop(100%,rgba(48,48,48,1))); /* Chrome,Safari4+ */"}]
04-26 15:39:26.982 E/GeckoConsole( 1448): [JavaScript Warning: "Error in parsing value for 'background'.  Declaration dropped." {file: "http://www.ezubi.com/t5/common/ezubi.transform.css" line: 247 column: 12 source: "background: -webkit-linear-gradient(top,  rgba(125,126,125,1) 0%,rgba(48,48,48,1) 100%); /* Chrome10+,Safari5.1+ */"}]
04-26 15:39:26.982 E/GeckoConsole( 1448): [JavaScript Warning: "Error in parsing value for 'background'.  Declaration dropped." {file: "http://www.ezubi.com/t5/common/ezubi.transform.css" line: 248 column: 12 source: "background: -o-linear-gradient(top,  rgba(125,126,125,1) 0%,rgba(48,48,48,1) 100%); /* Opera 11.10+ */"}]
04-26 15:39:26.982 E/GeckoConsole( 1448): [JavaScript Warning: "Error in parsing value for 'background'.  Declaration dropped." {file: "http://www.ezubi.com/t5/common/ezubi.transform.css" line: 249 column: 12 source: "background: -ms-linear-gradient(top,  rgba(125,126,125,1) 0%,rgba(48,48,48,1) 100%); /* IE10+ */"}]
04-26 15:39:26.982 E/GeckoConsole( 1448): [JavaScript Warning: "Unknown property '-moz-box-shadow'.  Declaration dropped." {file: "http://www.ezubi.com/t5/common/ezubi.transform.css" line: 253 column: 16 source: "	-moz-box-shadow: inset 1px 1px 1px rgba(200,200,200,0.2), inset -1px -1px 1px rgba(000,000,000,0.2);"}]
04-26 15:39:26.982 E/GeckoConsole( 1448): [JavaScript Warning: "Expected end of value but found '0.1rem'.  Error in parsing value for 'border'.  Declaration dropped." {file: "http://www.ezubi.com/t5/common/ezubi.transform.css" line: 263 column: 10 source: "	border:.0.1rem solid #C0C0C0;"}]
04-26 15:39:26.982 E/GeckoConsole( 1448): [JavaScript Warning: "Error in parsing value for 'background'.  Declaration dropped." {file: "http://www.ezubi.com/t5/common/ezubi.transform.css" line: 264 column: 13 source: "	background: -webkit-gradient(linear, 0% 0%, 0% 100%, from(#F0F0F0), to(#C0C0C0));"}]
04-26 15:39:26.982 E/GeckoConsole( 1448): [JavaScript Warning: "Error in parsing value for 'background'.  Declaration dropped." {file: "http://www.ezubi.com/t5/common/ezubi.transform.css" line: 266 column: 13 source: "	background: -o-linear-gradient(#F0F0F0, #C0C0C0);"}]
04-26 15:39:26.982 E/GeckoConsole( 1448): [JavaScript Warning: "Error in parsing value for 'background'.  Declaration dropped." {file: "http://www.ezubi.com/t5/common/ezubi.transform.css" line: 267 column: 13 source: "	background: -ms-linear-gradient(#F0F0F0, #C0C0C0);"}]
04-26 15:39:26.982 E/GeckoConsole( 1448): [JavaScript Warning: "Unknown property '-moz-box-shadow'.  Declaration dropped." {file: "http://www.ezubi.com/t5/common/ezubi.transform.css" line: 269 column: 16 source: "	-moz-box-shadow:  2px 2px 4px rgba(000,000,000,0.2);"}]
04-26 15:39:26.982 E/GeckoConsole( 1448): [JavaScript Warning: "Error in parsing value for 'background'.  Declaration dropped." {file: "http://www.ezubi.com/t5/common/ezubi.transform.css" line: 278 column: 13 source: "	background: -webkit-gradient(linear, 0% 0%, 0% 100%, from(#606060), to(#303030));"}]
04-26 15:39:26.982 E/GeckoConsole( 1448): [JavaScript Warning: "Error in parsing value for 'background'.  Declaration dropped." {file: "http://www.ezubi.com/t5/common/ezubi.transform.css" line: 280 column: 13 source: "	background: -o-linear-gradient(#606060, #303030);"}]
04-26 15:39:26.982 E/GeckoConsole( 1448): [JavaScript Warning: "Error in parsing value for 'background'.  Declaration dropped." {file: "http://www.ezubi.com/t5/common/ezubi.transform.css" line: 281 column: 13 source: "	background: -ms-linear-gradient(#606060, #303030);"}]
04-26 15:39:26.982 E/GeckoConsole( 1448): [JavaScript Warning: "Unknown property '-moz-box-shadow'.  Declaration dropped." {file: "http://www.ezubi.com/t5/common/ezubi.transform.css" line: 283 column: 16 source: "	-moz-box-shadow:  2px 2px 4px rgba(000,000,000,0.2);"}]
04-26 15:39:26.982 E/GeckoConsole( 1448): [JavaScript Warning: "Error in parsing value for '-moz-perspective'.  Declaration dropped." {file: "http://www.ezubi.com/t5/common/ezubi.transform.css" line: 409 column: 19 source: "	-moz-perspective: 3000;  "}]
04-26 15:39:26.982 E/GeckoConsole( 1448): [JavaScript Warning: "Error in parsing value for 'perspective'.  Declaration dropped." {file: "http://www.ezubi.com/t5/common/ezubi.transform.css" line: 410 column: 18 source: "     perspective: 3000;"}]
04-26 15:39:26.982 E/GeckoConsole( 1448): [JavaScript Warning: "Unknown property '-moz-border-radius'.  Declaration dropped." {file: "http://www.ezubi.com/t5/common/ezubi.transform.css" line: 531 column: 19 source: "	-moz-border-radius: 10px;"}]
04-26 15:39:27.692 W/WifiHW  (   84): wifi_command: SIGNAL_POLL
04-26 15:39:27.892 I/Gecko   (   84): [Parent 84] WARNING: waitpid failed pid:1429 errno:10: file ../../../gecko/ipc/chromium/src/base/process_util_posix.cc, line 254
04-26 15:39:27.892 I/Gecko   (   84): [Parent 84] WARNING: Failed to deliver SIGKILL to 1429!(3).: file ../../../gecko/ipc/chromium/src/chrome/common/process_watcher_posix_sigchld.cc, line 118
04-26 15:39:28.872 E/GeckoConsole( 1448): [JavaScript Warning: "Unknown property 'box-sizing'.  Declaration dropped." {file: "http://www.ezubi.com/index.php" line: 0 column: 10 source: "box-sizing:border-box;-moz-box-sizing:border-box;-webkit-box-sizing:border-box;padding:1px;border:1px;display:block;width:4px;margin-top:1%;position:absolute;top:1%;"}]
04-26 15:39:29.212 I/Gonk    (   84): Setting nice for pid 1513 to 18
04-26 15:39:29.212 I/Gonk    (   84): Changed nice for pid 1513 from 0 to 18.
04-26 15:39:29.692 I/Gonk    (   84): Setting nice for pid 1513 to 18
04-26 15:39:29.692 I/Gonk    (   84): Changed nice for pid 1513 from 18 to 18.
04-26 15:39:29.692 I/Gecko   (   84): [Parent 84] WARNING: waitpid failed pid:1513 errno:10: file ../../../gecko/ipc/chromium/src/base/process_util_posix.cc, line 254
04-26 15:39:29.692 I/Gonk    (   84): Setting nice for pid 1513 to 1
04-26 15:39:29.702 I/Gonk    (   84): Changed nice for pid 1513 from 18 to 1.
04-26 15:39:29.722 I/Gonk    (   84): Setting nice for pid 1513 to 18
04-26 15:39:29.722 I/Gonk    (   84): Changed nice for pid 1513 from 1 to 18.
04-26 15:39:29.992 E/GeckoConsole(   84): Content JS LOG at dummy file:326 in GaiaApps.launch/appOpen/<: app with origin 'http://www.ezubi.com' has launched
04-26 15:39:29.992 I/Gecko   (   84): 1398551970010	Marionette	INFO	sendToClient: {"from":"0","value":{"frame":{"ELEMENT":"{70227c9d-4e1f-4178-896c-a3d9bb96421d}"},"src":"http://www.ezubi.com/index.php","name":"EzUbi","origin":"http://www.ezubi.com"}}, {066627ad-500a-4ad5-9a34-f71fdf510595}, {066627ad-500a-4ad5-9a34-f71fdf510595}
04-26 15:39:29.992 E/[Gralloc-ERROR](   84): int gralloc_unregister_buffer(const gralloc_module_t*, const native_handle_t*):274 Trying to unregister buffer 0x46b856a0 from process 84 that was not created in current process: 84
04-26 15:39:30.002 E/[Gralloc-ERROR](   84): int gralloc_unregister_buffer(const gralloc_module_t*, const native_handle_t*):274 Trying to unregister buffer 0x46b85560 from process 84 that was not created in current process: 84
04-26 15:39:30.052 I/Gecko   (   84): 1398551970065	Marionette	DEBUG	Got request: switchToFrame, data: {"to":"0","sessionId":"3-b2g","name":"switchToFrame","parameters":{"focus":true,"element":"{70227c9d-4e1f-4178-896c-a3d9bb96421d}"}}, id: {fbab5ec2-85d4-49d0-b7a5-4cb193f2cbc8}
04-26 15:39:30.072 I/Gecko   (   84): 1398551970084	Marionette	INFO	Switched to frame: {"frameValue":"{70227c9d-4e1f-4178-896c-a3d9bb96421d}"}
04-26 15:39:30.072 I/Gecko   (   84): 1398551970086	Marionette	INFO	trying remote frame 0
04-26 15:39:30.072 I/Gecko   (   84): 1398551970088	Marionette	INFO	trying remote frame 1
04-26 15:39:30.072 I/Gecko   (   84): 1398551970089	Marionette	INFO	deleting frame
04-26 15:39:30.092 I/Gecko   (   84): 1398551970104	Marionette	INFO	frame-manager load script: [object ChromeMessageSender]
04-26 15:39:31.082 I/Gecko   (   84): 1398551971100	Marionette	INFO	sendToClient: {"from":"0","ok":true}, {fbab5ec2-85d4-49d0-b7a5-4cb193f2cbc8}, {fbab5ec2-85d4-49d0-b7a5-4cb193f2cbc8}
04-26 15:39:31.182 I/Gecko   (   84): 1398551971195	Marionette	INFO	sendToClient: {"from":"0","value":"http://www.ezubi.com/index.php"}, {5fba991c-bf32-4c94-9530-78e0e390e50d}, {5fba991c-bf32-4c94-9530-78e0e390e50d}
04-26 15:39:31.472 I/Gecko   (   84): 1398551971485	Marionette	DEBUG	Got request: execute, data: {"to":"0","sessionId":"3-b2g","name":"executeScript","parameters":{"specialPowers":false,"scriptTimeout":null,"newSandbox":true,"args":[],"filename":"app_checker.py","script":"return window.document.readyState;","line":191}}, id: {20836d6c-c628-422a-8cb5-729aa561a75c}
04-26 15:39:31.622 E/[Gralloc-ERROR](   84): int gralloc_register_buffer(const gralloc_module_t*, const native_handle_t*):79 Unable to register handle 0x4443d2e0 coming from different process: 84
04-26 15:39:31.642 E/[Gralloc-ERROR](   84): int gralloc_register_buffer(const gralloc_module_t*, const native_handle_t*):79 Unable to register handle 0x4443d470 coming from different process: 84
04-26 15:39:31.762 I/Gecko   (   84): 1398551971776	Marionette	INFO	sendToClient: {"from":"0","value":"complete"}, {20836d6c-c628-422a-8cb5-729aa561a75c}, {20836d6c-c628-422a-8cb5-729aa561a75c}
04-26 15:39:31.802 E/[Gralloc-ERROR](   84): int gralloc_register_buffer(const gralloc_module_t*, const native_handle_t*):79 Unable to register handle 0x44451c40 coming from different process: 84
04-26 15:39:31.802 E/[Gralloc-ERROR](   84): int gralloc_register_buffer(const gralloc_module_t*, const native_handle_t*):79 Unable to register handle 0x4484c650 coming from different process: 84
04-26 15:39:31.822 I/Gecko   (   84): 
04-26 15:39:31.822 I/Gecko   (   84): ###!!! [Parent][MessageChannel] Error: Channel error: cannot send/recv
04-26 15:39:31.822 I/Gecko   (   84): 
04-26 15:39:31.882 I/GeckoDump(   84): Crash reporter : Can't fetch app.reportCrashes. Exception: [Exception... "Component returned failure code: 0x8000ffff (NS_ERROR_UNEXPECTED) [nsIPrefBranch.getBoolPref]"  nsresult: "0x8000ffff (NS_ERROR_UNEXPECTED)"  location: "JS frame :: chrome://browser/content/shell.js :: shell_reportCrash :: line 7"  data: no]
04-26 15:39:31.902 E/[Gralloc-ERROR](   84): int gralloc_unregister_buffer(const gralloc_module_t*, const native_handle_t*):274 Trying to unregister buffer 0x4443d470 from process 84 that was not created in current process: 84
04-26 15:39:31.902 E/[Gralloc-ERROR](   84): int gralloc_unregister_buffer(const gralloc_module_t*, const native_handle_t*):274 Trying to unregister buffer 0x4443d2e0 from process 84 that was not created in current process: 84
04-26 15:39:31.902 I/Gecko   (   84): [Parent 84] WARNING: waitpid failed pid:1513 errno:10: file ../../../gecko/ipc/chromium/src/base/process_util_posix.cc, line 254
04-26 15:39:31.932 I/Gecko   (   84): 1398551971945	Marionette	INFO	sendToClient: {"from":"0","value":"http://www.ezubi.com/index.php"}, {7413c276-a961-46bc-8db8-7c15eff9cd29}, {7413c276-a961-46bc-8db8-7c15eff9cd29}
04-26 15:39:32.022 I/Gecko   ( 1448): Attempting load of libEGL.so
04-26 15:39:32.102 D/libEGL  ( 1448): loaded /system/lib/egl/libEGL_mali.so
04-26 15:39:32.222 D/libEGL  ( 1448): loaded /system/lib/egl/libGLESv1_CM_mali.so
04-26 15:39:32.232 D/libEGL  ( 1448): loaded /system/lib/egl/libGLESv2_mali.so
04-26 15:39:32.352 I/Gecko   ( 1448): SharedSurface_Gralloc::Create -------
04-26 15:39:32.402 I/Gecko   ( 1448): SharedSurface_Gralloc::Create: success -- surface 0x43f51040, GraphicBuffer 0x43f5f400.
04-26 15:39:32.642 E/[Gralloc-ERROR](   84): int gralloc_register_buffer(const gralloc_module_t*, const native_handle_t*):79 Unable to register handle 0x435b8ab0 coming from different process: 84
04-26 15:39:32.692 E/[Gralloc-ERROR](   84): int gralloc_register_buffer(const gralloc_module_t*, const native_handle_t*):79 Unable to register handle 0x435b8ba0 coming from different process: 84
04-26 15:39:32.802 W/WifiHW  (   84): wifi_command: SIGNAL_POLL
04-26 15:39:32.822 E/[Gralloc-ERROR](   84): int gralloc_unregister_buffer(const gralloc_module_t*, const native_handle_t*):274 Trying to unregister buffer 0x4484c650 from process 84 that was not created in current process: 84
04-26 15:39:32.822 E/[Gralloc-ERROR](   84): int gralloc_unregister_buffer(const gralloc_module_t*, const native_handle_t*):274 Trying to unregister buffer 0x44451c40 from process 84 that was not created in current process: 84
04-26 15:39:33.912 I/Gecko   (   84): [Parent 84] WARNING: waitpid failed pid:1513 errno:10: file ../../../gecko/ipc/chromium/src/base/process_util_posix.cc, line 254
04-26 15:39:33.912 I/Gecko   (   84): [Parent 84] WARNING: Failed to deliver SIGKILL to 1513!(3).: file ../../../gecko/ipc/chromium/src/chrome/common/process_watcher_posix_sigchld.cc, line 118
04-26 15:39:34.162 I/Gecko   (   84): 1398551974172	Marionette	INFO	sendToClient: {"from":"0","value":"iVBORw0KGgoAAAANSUhEUgAAAUAAAAETCAYAAABHit/zAAAgAElEQVR4nOydd1cbWbru77c4Mw6A7c490zn3mXjmxDsn3Jk5093T7nYE2+ScwUVOFsEEE43JyRgnDIicc845CoEICoCESM/9g1YNYGWMJaz9rPUsllRV737fvVU/dgWp/g+IiIiIdFT/R9MJEBEREWlKBIBEREQ6KwJAIiIinRUBIBERkc6KAJCIiEhnRQBIRESksyIAJCIi0lkRABIREemsCACJiIh0VgSAREREOisCQCIiIp0VASDRsdfOzo6mUyA6piIAJDrW2t7eRmRkJJKSkjSdCtExFAEgkVQ9evQIQUFB+/zw4UNNp/WcdnZ2kJaWhsePH2s6FaJjKAJAIqnKysqCj48PGhsbaU9MTGg6LSKiFyoCQCKpysrKQkBAgNRlFRUVaGpqQk9PD5KSkjA8PIyWlhZkZWUhLi4OmZmZGB8ff26blpYWdHZ2Ii0tDenp6Zidnd23Tnd3N7KysnDv3j1UV1djc3MTABTGZjKZqKmpoV+zWCzcv38f8fHxyMvLw+Tk5OE7hOiVFAEgkVTJA2BCQgICAgLg6+uLhIQEsFgs5OXlIT09HYWFhbhz5w48PT2xsLCwbxsPDw/cvn0bRUVFCA4Oxu3bt+nltbW1oCgKWVlZePr0KQIDAzE9PQ0ACmOHh4cjJSUFAMDhcODt7Y2EhASUlpYiOTkZGRkZR9FFRK+ACACJpCorKwteXl4oKCigLRaLAezCjKIojI6OSt12dnYWFEWhsbGRfi8hIQHBwcFYX18HsDtroygKYrEYIpEIvr6+yMvLo9ff2tpSOvZeALa0tICiKAwPD9PLt7e31ewFolddBIBEUpWVlQUPDw8kJCTQFolEAHZhFh4evm99Pp+P0tJSZGRkIDY2FhRFobq6ml6ekJCAuLg4+nV5eTkoioJIJM
04-26 15:39:34.432 I/Gecko   (   84): 1398551974443	Marionette	INFO	sendToClient: {"from":"0","ok":true}, {55b3ffbc-c2c7-4cac-828d-2cadb7d9c278}, {55b3ffbc-c2c7-4cac-828d-2cadb7d9c278}
04-26 15:39:34.432 I/Gecko   (   84): 1398551974449	Marionette	DEBUG	Got request: switchToFrame, data: {"to":"0","sessionId":"3-b2g","name":"switchToFrame","parameters":{"id":null,"focus":true}}, id: {697b08ad-2f16-41d5-9d3e-a0f965514a17}
04-26 15:39:34.472 I/Gecko   (   84): 1398551974492	Marionette	INFO	Switched to frame: {"frameValue":null}
04-26 15:39:34.582 I/Gecko   (   84): 1398551974601	Marionette	INFO	sendToClient: {"from":"0","ok":true}, {697b08ad-2f16-41d5-9d3e-a0f965514a17}, {697b08ad-2f16-41d5-9d3e-a0f965514a17}
04-26 15:39:34.612 I/Gecko   (   84): 1398551974630	Marionette	DEBUG	Got request: executeWithCallback, data: {"to":"0","sessionId":"3-b2g","name":"executeAsyncScript","parameters":{"specialPowers":false,"scriptTimeout":null,"newSandbox":true,"args":[],"filename":"gaia_test.py","script":"return GaiaApps.displayedApp();","line":66}}, id: {d7903491-5b4d-4b0f-bb72-ff7d4a811ec9}
04-26 15:39:34.742 I/Gecko   (   84): 1398551974756	Marionette	INFO	sendToClient: {"from":"0","value":{"frame":{"ELEMENT":"{70227c9d-4e1f-4178-896c-a3d9bb96421d}"},"src":"http://www.ezubi.com/index.php","name":"EzUbi","origin":"http://www.ezubi.com"}}, {d7903491-5b4d-4b0f-bb72-ff7d4a811ec9}, {d7903491-5b4d-4b0f-bb72-ff7d4a811ec9}
04-26 15:39:34.752 E/GeckoConsole(   84): Content JS LOG at dummy file:392 in GaiaApps.displayedApp: app with origin 'http://www.ezubi.com' is displayed
04-26 15:39:34.912 I/Gonk    (   84): Setting nice for pid 1526 to 18
04-26 15:39:34.912 I/Gonk    (   84): Changed nice for pid 1526 from 0 to 18.
04-26 15:39:35.022 I/Gecko   (   84): 1398551975034	Marionette	DEBUG	Got request: switchToFrame, data: {"to":"0","sessionId":"3-b2g","name":"switchToFrame","parameters":{"id":null,"focus":true}}, id: {dd643d50-ca53-4597-9231-da90d9138007}
04-26 15:39:35.042 I/Gecko   (   84): 1398551975061	Marionette	INFO	Switched to frame: {"frameValue":null}
04-26 15:39:35.152 I/Gecko   (   84): 1398551975169	Marionette	INFO	sendToClient: {"from":"0","ok":true}, {dd643d50-ca53-4597-9231-da90d9138007}, {dd643d50-ca53-4597-9231-da90d9138007}
04-26 15:39:35.162 I/Gecko   (   84): 1398551975175	Marionette	DEBUG	Got request: execute, data: {"to":"0","sessionId":"3-b2g","name":"executeScript","parameters":{"specialPowers":false,"scriptTimeout":null,"newSandbox":true,"args":[],"filename":"gaia_test.py","script":"window.wrappedJSObject.dispatchEvent(new Event('home'));","line":788}}, id: {cdf8ac7f-c0e6-4f15-a4eb-315a74ff1f31}
04-26 15:39:35.272 I/Gonk    (   84): Setting nice for pid 1526 to 18
04-26 15:39:35.272 I/Gonk    (   84): Changed nice for pid 1526 from 18 to 18.
04-26 15:39:35.272 I/Gecko   (   84): [Parent 84] WARNING: waitpid failed pid:1526 errno:10: file ../../../gecko/ipc/chromium/src/base/process_util_posix.cc, line 254
04-26 15:39:35.272 I/Gonk    (   84): Setting nice for pid 1526 to 1
04-26 15:39:35.272 I/Gonk    (   84): Changed nice for pid 1526 from 18 to 1.
04-26 15:39:35.412 D/Sensors (   84): activate handle=0; drv=0
04-26 15:39:35.422 D/Sensors (   84): Lis3dhSensor: Control set 0
04-26 15:39:35.422 D/Sensors (   84): Lis3dhSensor: mEnabled = 0
04-26 15:39:35.472 E/[Gralloc-ERROR](   84): int gralloc_register_buffer(const gralloc_module_t*, const native_handle_t*):79 Unable to register handle 0x44407600 coming from different process: 84
04-26 15:39:35.472 E/[Gralloc-ERROR](   84): int gralloc_register_buffer(const gralloc_module_t*, const native_handle_t*):79 Unable to register handle 0x44439d30 coming from different process: 84
04-26 15:39:35.492 E/[Gralloc-ERROR](   84): int gralloc_unregister_buffer(const gralloc_module_t*, const native_handle_t*):274 Trying to unregister buffer 0x435b8ba0 from process 84 that was not created in current process: 84
04-26 15:39:35.572 I/Gecko   (   84): 1398551975585	Marionette	INFO	sendToClient: {"from":"0","value":null}, {cdf8ac7f-c0e6-4f15-a4eb-315a74ff1f31}, {cdf8ac7f-c0e6-4f15-a4eb-315a74ff1f31}
04-26 15:39:35.572 E/[Gralloc-ERROR](   84): int gralloc_unregister_buffer(const gralloc_module_t*, const native_handle_t*):274 Trying to unregister buffer 0x435b8ab0 from process 84 that was not created in current process: 84
04-26 15:39:35.732 I/Gecko   (   84): 1398551975744	Marionette	DEBUG	Got request: switchToFrame, data: {"to":"0","sessionId":"3-b2g","name":"switchToFrame","parameters":{"id":null,"focus":true}}, id: {9f7ebd2e-fc24-47af-a4b2-6b00ed8bad39}
04-26 15:39:35.752 I/Gecko   (   84): 1398551975763	Marionette	INFO	Switched to frame: {"frameValue":null}
04-26 15:39:35.862 I/Gecko   (   84): 1398551975876	Marionette	INFO	sendToClient: {"from":"0","ok":true}, {9f7ebd2e-fc24-47af-a4b2-6b00ed8bad39}, {9f7ebd2e-fc24-47af-a4b2-6b00ed8bad39}
04-26 15:39:35.882 I/Gecko   (   84): 1398551975897	Marionette	DEBUG	Got request: executeWithCallback, data: {"to":"0","sessionId":"3-b2g","name":"executeAsyncScript","parameters":{"specialPowers":false,"scriptTimeout":null,"newSandbox":true,"args":[],"filename":"gaia_test.py","script":"return GaiaApps.displayedApp();","line":66}}, id: {9d9986ad-c61a-426a-b0dc-e555e066df8a}
04-26 15:39:35.992 E/GeckoConsole(   84): Content JS LOG at dummy file:392 in GaiaApps.displayedApp: app with origin 'app://homescreen.gaiamobile.org' is displayed
04-26 15:39:35.992 I/Gecko   (   84): 1398551976004	Marionette	INFO	sendToClient: {"from":"0","value":{"frame":{"ELEMENT":"{d36c3457-2865-47d3-a704-325ae92fde7c}"},"src":"app://homescreen.gaiamobile.org/index.html#root","name":"Homescreen","origin":"app://homescreen.gaiamobile.org"}}, {9d9986ad-c61a-426a-b0dc-e555e066df8a}, {9d9986ad-c61a-426a-b0dc-e555e066df8a}
04-26 15:39:36.022 I/Gecko   (   84): 1398551976040	Marionette	DEBUG	Got request: switchToFrame, data: {"to":"0","sessionId":"3-b2g","name":"switchToFrame","parameters":{"id":null,"focus":true}}, id: {0f53f191-0c1a-4688-89b0-2a17ddfc464b}
04-26 15:39:36.082 I/Gecko   (   84): 1398551976094	Marionette	INFO	Switched to frame: {"frameValue":null}
04-26 15:39:36.182 I/Gecko   (   84): 1398551976197	Marionette	INFO	sendToClient: {"from":"0","ok":true}, {0f53f191-0c1a-4688-89b0-2a17ddfc464b}, {0f53f191-0c1a-4688-89b0-2a17ddfc464b}
04-26 15:39:36.192 I/Gecko   (   84): 1398551976207	Marionette	DEBUG	Got request: switchToFrame, data: {"to":"0","sessionId":"3-b2g","name":"switchToFrame","parameters":{"id":null,"focus":true}}, id: {b2dae299-cc11-420e-8aa4-a55ffbb1e42c}
04-26 15:39:36.202 I/Gecko   (   84): 1398551976212	Marionette	INFO	Switched to frame: {"frameValue":null}
04-26 15:39:36.302 I/Gecko   (   84): 1398551976314	Marionette	INFO	sendToClient: {"from":"0","ok":true}, {b2dae299-cc11-420e-8aa4-a55ffbb1e42c}, {b2dae299-cc11-420e-8aa4-a55ffbb1e42c}
04-26 15:39:36.322 I/Gecko   (   84): 1398551976336	Marionette	DEBUG	Got request: executeWithCallback, data: {"to":"0","sessionId":"3-b2g","name":"executeAsyncScript","parameters":{"specialPowers":false,"scriptTimeout":null,"newSandbox":true,"args":[],"filename":"gaia_test.py","script":"return GaiaApps.displayedApp();","line":66}}, id: {0199ebc2-0f50-418b-9788-243362ff1f32}
04-26 15:39:36.392 I/Gecko   (   84): 1398551976408	Marionette	INFO	sendToClient: {"from":"0","value":{"frame":{"ELEMENT":"{d36c3457-2865-47d3-a704-325ae92fde7c}"},"src":"app://homescreen.gaiamobile.org/index.html#root","name":"Homescreen","origin":"app://homescreen.gaiamobile.org"}}, {0199ebc2-0f50-418b-9788-243362ff1f32}, {0199ebc2-0f50-418b-9788-243362ff1f32}
04-26 15:39:36.402 E/GeckoConsole(   84): Content JS LOG at dummy file:392 in GaiaApps.displayedApp: app with origin 'app://homescreen.gaiamobile.org' is displayed
04-26 15:39:36.412 I/Gecko   (   84): 1398551976427	Marionette	DEBUG	Got request: switchToFrame, data: {"to":"0","sessionId":"3-b2g","name":"switchToFrame","parameters":{"focus":true,"element":"{d36c3457-2865-47d3-a704-325ae92fde7c}"}}, id: {52c4b152-d76f-4117-a9bc-89994a68cfe5}
04-26 15:39:36.452 I/Gecko   (   84): 1398551976463	Marionette	INFO	Switched to frame: {"frameValue":"{d36c3457-2865-47d3-a704-325ae92fde7c}"}
04-26 15:39:36.682 I/Gecko   (   84): 1398551976693	Marionette	INFO	trying remote frame 0
04-26 15:39:36.782 I/Gecko   (   84): 1398551976794	Marionette	INFO	trying remote frame 1
04-26 15:39:36.792 I/Gecko   (   84): 1398551976805	Marionette	INFO	deleting frame
04-26 15:39:36.802 I/Gecko   (   84): 1398551976816	Marionette	INFO	frame-manager load script: [object ChromeMessageSender]
04-26 15:39:37.082 E/[Gralloc-ERROR](   84): int gralloc_unregister_buffer(const gralloc_module_t*, const native_handle_t*):274 Trying to unregister buffer 0x44439d30 from process 84 that was not created in current process: 84
04-26 15:39:37.102 E/[Gralloc-ERROR](   84): int gralloc_unregister_buffer(const gralloc_module_t*, const native_handle_t*):274 Trying to unregister buffer 0x44407600 from process 84 that was not created in current process: 84
04-26 15:39:37.392 I/Gonk    (   84): Setting nice for pid 1448 to 18
04-26 15:39:37.392 I/Gonk    (   84): Changed nice for pid 1448 from 1 to 18.
04-26 15:39:37.822 W/WifiHW  (   84): wifi_command: SIGNAL_POLL
04-26 15:39:37.862 I/Gecko   (   84): 
04-26 15:39:37.862 I/Gecko   (   84): ###!!! [Parent][MessageChannel] Error: Channel error: cannot send/recv
04-26 15:39:37.862 I/Gecko   (   84): 
04-26 15:39:37.972 I/GeckoDump(   84): Crash reporter : Can't fetch app.reportCrashes. Exception: [Exception... "Component returned failure code: 0x8000ffff (NS_ERROR_UNEXPECTED) [nsIPrefBranch.getBoolPref]"  nsresult: "0x8000ffff (NS_ERROR_UNEXPECTED)"  location: "JS frame :: chrome://browser/content/shell.js :: shell_reportCrash :: line 7"  data: no]
04-26 15:39:37.982 I/Gecko   (   84): [Parent 84] WARNING: waitpid failed pid:1448 errno:10: file ../../../gecko/ipc/chromium/src/base/process_util_posix.cc, line 254
04-26 15:39:38.102 I/Gecko   ( 1526): ###################################### forms.js loaded
04-26 15:39:38.122 I/Gecko   ( 1526): ############################### browserElementPanning.js loaded
04-26 15:39:38.142 I/Gecko   ( 1526): ######################## BrowserElementChildPreload.js loaded
04-26 15:39:39.342 I/Gecko   (   84): 1398551979356	Marionette	INFO	sendToClient: {"from":"0","ok":true}, {52c4b152-d76f-4117-a9bc-89994a68cfe5}, {52c4b152-d76f-4117-a9bc-89994a68cfe5}
04-26 15:39:39.682 I/Gecko   (   84): 1398551979696	Marionette	INFO	sendToClient: {"from":"0","value":"app://homescreen.gaiamobile.org/index.html#root"}, {c5b82599-6a63-4982-935c-7ed27a7ad269}, {c5b82599-6a63-4982-935c-7ed27a7ad269}
04-26 15:39:39.692 I/Gecko   (   84): 1398551979702	Marionette	DEBUG	Got request: switchToFrame, data: {"to":"0","sessionId":"3-b2g","name":"switchToFrame","parameters":{"id":null,"focus":true}}, id: {911f18ed-3230-4915-a031-77353596fcd7}
04-26 15:39:39.712 I/Gecko   (   84): 1398551979730	Marionette	INFO	Switched to frame: {"frameValue":null}
04-26 15:39:39.982 I/Gecko   (   84): 1398551979998	Marionette	INFO	sendToClient: {"from":"0","ok":true}, {911f18ed-3230-4915-a031-77353596fcd7}, {911f18ed-3230-4915-a031-77353596fcd7}
04-26 15:39:39.982 I/Gecko   (   84): [Parent 84] WARNING: waitpid failed pid:1448 errno:10: file ../../../gecko/ipc/chromium/src/base/process_util_posix.cc, line 254
04-26 15:39:39.992 I/Gecko   (   84): [Parent 84] WARNING: Failed to deliver SIGKILL to 1448!(3).: file ../../../gecko/ipc/chromium/src/chrome/common/process_watcher_posix_sigchld.cc, line 118
04-26 15:39:40.022 I/Gecko   (   84): 1398551980040	Marionette	DEBUG	Got request: switchToFrame, data: {"to":"0","sessionId":"3-b2g","name":"switchToFrame","parameters":{"id":null,"focus":true}}, id: {18ef8dbf-dca4-4c43-83c0-81b6e209853b}
04-26 15:39:40.032 I/Gecko   (   84): 1398551980044	Marionette	INFO	Switched to frame: {"frameValue":null}
04-26 15:39:40.142 I/Gecko   (   84): 1398551980154	Marionette	INFO	sendToClient: {"from":"0","ok":true}, {18ef8dbf-dca4-4c43-83c0-81b6e209853b}, {18ef8dbf-dca4-4c43-83c0-81b6e209853b}
04-26 15:39:40.142 I/Gecko   (   84): 1398551980161	Marionette	DEBUG	Got request: executeWithCallback, data: {"to":"0","sessionId":"3-b2g","name":"executeAsyncScript","parameters":{"specialPowers":false,"scriptTimeout":null,"newSandbox":true,"args":[],"filename":"gaia_test.py","script":"GaiaApps.killAll()","line":91}}, id: {709a47eb-63fe-467e-bedc-43c1c865b95a}
04-26 15:39:40.192 I/Gecko   (   84): 1398551980208	Marionette	INFO	sendToClient: {"from":"0","value":true}, {709a47eb-63fe-467e-bedc-43c1c865b95a}, {709a47eb-63fe-467e-bedc-43c1c865b95a}
04-26 15:39:40.202 I/Gecko   (   84): 1398551980214	Marionette	DEBUG	Got request: switchToFrame, data: {"to":"0","sessionId":"3-b2g","name":"switchToFrame","parameters":{"id":null,"focus":true}}, id: {b795b02a-b263-43bc-bacf-4db1fbe5a431}
04-26 15:39:40.202 I/Gecko   (   84): 1398551980216	Marionette	INFO	Switched to frame: {"frameValue":null}
04-26 15:39:40.302 I/Gecko   (   84): 1398551980319	Marionette	INFO	sendToClient: {"from":"0","ok":true}, {b795b02a-b263-43bc-bacf-4db1fbe5a431}, {b795b02a-b263-43bc-bacf-4db1fbe5a431}
04-26 15:39:40.312 I/Gecko   (   84): 1398551980325	Marionette	DEBUG	Got request: executeWithCallback, data: {"to":"0","sessionId":"3-b2g","name":"executeAsyncScript","parameters":{"specialPowers":false,"scriptTimeout":60000,"newSandbox":true,"args":[],"filename":"app_checker.py","script":"\n        GaiaApps.locateWithManifestURL('http://www.ezubi.com/manifest/ezubi.webapp',\n                                       null,\n                                       function uninstall(app) {\n                                       navigator.mozApps.mgmt.uninstall(app);\n                                       marionetteScriptFinished(true);\n                                       });\n        ","line":129}}, id: {eb78d06c-bca4-44b7-a2a5-427e693ef1fa}
04-26 15:39:40.382 I/Gecko   (   84): -- webapps.js uninstall http://www.ezubi.com/manifest/ezubi.webapp
04-26 15:39:40.422 I/Gonk    (   84): Setting nice for pid 1542 to 18
04-26 15:39:40.422 I/Gonk    (   84): Changed nice for pid 1542 from 0 to 18.
04-26 15:39:40.962 I/Gecko   (   84): 1398551980973	Marionette	INFO	sendToClient: {"from":"0","value":true}, {eb78d06c-bca4-44b7-a2a5-427e693ef1fa}, {eb78d06c-bca4-44b7-a2a5-427e693ef1fa}