--------- beginning of /dev/log/main
04-26 10:38:28.650 I/Gecko   (   84): 1398533908658	Marionette	INFO	sendToClient: {"from":"0","ok":true}, {b300ba11-8ec3-4b2c-af74-48fbffebff35}, {b300ba11-8ec3-4b2c-af74-48fbffebff35}
04-26 10:38:28.860 I/Gecko   (   84): 1398533908868	Marionette	DEBUG	Got request: switchToFrame, data: {"to":"0","sessionId":"3-b2g","name":"switchToFrame","parameters":{"id":null,"focus":true}}, id: {a722d172-a6c1-41c8-81d7-43a836185b1c}
04-26 10:38:28.860 I/Gecko   (   84): 1398533908870	Marionette	INFO	Switched to frame: {"frameValue":null}
04-26 10:38:28.970 I/Gecko   (   84): 1398533908974	Marionette	INFO	sendToClient: {"from":"0","ok":true}, {a722d172-a6c1-41c8-81d7-43a836185b1c}, {a722d172-a6c1-41c8-81d7-43a836185b1c}
04-26 10:38:28.970 I/Gecko   (   84): 1398533908980	Marionette	DEBUG	Got request: executeWithCallback, data: {"to":"0","sessionId":"3-b2g","name":"executeAsyncScript","parameters":{"specialPowers":false,"scriptTimeout":null,"newSandbox":true,"args":[],"filename":"gaia_test.py","script":"return GaiaApps.displayedApp();","line":66}}, id: {9e149059-c64b-4305-ae7c-e5dafc861be1}
04-26 10:38:29.090 I/Gecko   (   84): 1398533909099	Marionette	INFO	sendToClient: {"from":"0","value":{"frame":{"ELEMENT":"{99d49268-75be-43da-8a73-468714366952}"},"src":"app://homescreen.gaiamobile.org/index.html#root","name":"Homescreen","origin":"app://homescreen.gaiamobile.org"}}, {9e149059-c64b-4305-ae7c-e5dafc861be1}, {9e149059-c64b-4305-ae7c-e5dafc861be1}
04-26 10:38:29.100 E/GeckoConsole(   84): Content JS LOG at dummy file:392 in GaiaApps.displayedApp: app with origin 'app://homescreen.gaiamobile.org' is displayed
04-26 10:38:29.120 I/Gecko   (   84): 1398533909131	Marionette	DEBUG	Got request: switchToFrame, data: {"to":"0","sessionId":"3-b2g","name":"switchToFrame","parameters":{"id":null,"focus":true}}, id: {da8802af-ff27-4045-b8c6-d77064ba1e76}
04-26 10:38:29.130 I/Gecko   (   84): 1398533909133	Marionette	INFO	Switched to frame: {"frameValue":null}
04-26 10:38:29.170 E/GeckoConsole( 1120): Content JS ERROR at app://homescreen.gaiamobile.org/gaia_build_defer_index.js:390 in loadSVConfFileError: Failed parsing singleVariant configuration file [js/singlevariantconf.json]:  [Exception... "File error: Not found"  nsresult: "0x80520012 (NS_ERROR_FILE_NOT_FOUND)"  location: "JS frame :: app://homescreen.gaiamobile.org/gaia_build_defer_index.js :: loadFile :: line 382"  data: no]
04-26 10:38:29.240 I/Gecko   (   84): 1398533909244	Marionette	INFO	sendToClient: {"from":"0","ok":true}, {da8802af-ff27-4045-b8c6-d77064ba1e76}, {da8802af-ff27-4045-b8c6-d77064ba1e76}
04-26 10:38:29.390 I/Gecko   (   84): 1398533909402	Marionette	DEBUG	Got request: switchToFrame, data: {"to":"0","sessionId":"3-b2g","name":"switchToFrame","parameters":{"id":null,"focus":true}}, id: {9b34fd20-f148-4fc1-a789-33aea3403112}
04-26 10:38:29.450 I/Gecko   (   84): 1398533909453	Marionette	INFO	Switched to frame: {"frameValue":null}
04-26 10:38:29.550 I/Gecko   (   84): 1398533909556	Marionette	INFO	sendToClient: {"from":"0","ok":true}, {9b34fd20-f148-4fc1-a789-33aea3403112}, {9b34fd20-f148-4fc1-a789-33aea3403112}
04-26 10:38:29.550 I/Gecko   (   84): 1398533909562	Marionette	DEBUG	Got request: executeWithCallback, data: {"to":"0","sessionId":"3-b2g","name":"executeAsyncScript","parameters":{"specialPowers":false,"scriptTimeout":null,"newSandbox":true,"args":[],"filename":"gaia_test.py","script":"return GaiaApps.displayedApp();","line":66}}, id: {791bf348-773b-482b-8b7a-bc1f29fa8d3e}
04-26 10:38:29.680 E/GeckoConsole(   84): Content JS LOG at dummy file:392 in GaiaApps.displayedApp: app with origin 'app://homescreen.gaiamobile.org' is displayed
04-26 10:38:29.690 I/Gecko   (   84): 1398533909694	Marionette	INFO	sendToClient: {"from":"0","value":{"frame":{"ELEMENT":"{99d49268-75be-43da-8a73-468714366952}"},"src":"app://homescreen.gaiamobile.org/index.html#root","name":"Homescreen","origin":"app://homescreen.gaiamobile.org"}}, {791bf348-773b-482b-8b7a-bc1f29fa8d3e}, {791bf348-773b-482b-8b7a-bc1f29fa8d3e}
04-26 10:38:29.690 V/AudioPolicyManagerBase(   89): startOutput() output 1, stream 1, session 4
04-26 10:38:29.690 V/AudioPolicyManagerBase(   89): changeRefCount() stream 1, count 1
04-26 10:38:29.690 V/AudioPolicyManagerBase(   89): getDeviceForStrategy() from cache strategy 0, device 2
04-26 10:38:29.690 V/AudioPolicyManagerBase(   89): getNewDevice() selected device 2
04-26 10:38:29.690 D/AudioPolicyManagerBase(   89): setOutputDevice() output 1 device 2 delayMs 0
04-26 10:38:29.690 V/AudioPolicyManagerBase(   89): setOutputDevice() setting same device 2 or null device for output 1
04-26 10:38:29.690 E/AudioPolicyManagerBase(   89): checkAndSetVolume stream=1, index=0, output=1, device=2
04-26 10:38:29.690 E/AudioPolicyManagerBase(   89): computeVolume, streamDesc=0x1c91bb8
04-26 10:38:29.700 I/Gecko   (   84): 1398533909710	Marionette	DEBUG	Got request: switchToFrame, data: {"to":"0","sessionId":"3-b2g","name":"switchToFrame","parameters":{"focus":true,"element":"{99d49268-75be-43da-8a73-468714366952}"}}, id: {ea7a86b2-a8c0-4839-abe4-c8cdd79ce1cc}
04-26 10:38:29.730 I/Gecko   (   84): 1398533909735	Marionette	INFO	Switched to frame: {"frameValue":"{99d49268-75be-43da-8a73-468714366952}"}
04-26 10:38:29.740 I/Gecko   (   84): 1398533909744	Marionette	INFO	trying remote frame 0
04-26 10:38:29.740 I/Gecko   (   84): 1398533909745	Marionette	INFO	trying remote frame 1
04-26 10:38:29.740 I/Gecko   (   84): 1398533909746	Marionette	INFO	deleting frame
04-26 10:38:29.740 I/Gecko   (   84): 1398533909751	Marionette	INFO	frame-manager load script: [object ChromeMessageSender]
04-26 10:38:29.760 W/AudioFlinger(   89): Thread AudioOut_1 cannot connect to the power manager service
04-26 10:38:29.760 V/AudioPolicyManagerBase(   89): stopOutput() output 1, stream 1, session 4
04-26 10:38:29.760 V/AudioPolicyManagerBase(   89): changeRefCount() stream 1, count 0
04-26 10:38:29.760 V/AudioPolicyManagerBase(   89): getNewDevice() selected device 0
04-26 10:38:29.760 D/AudioPolicyManagerBase(   89): setOutputDevice() output 1 device 0 delayMs 290
04-26 10:38:29.760 V/AudioPolicyManagerBase(   89): setOutputDevice() setting same device 0 or null device for output 1
04-26 10:38:29.770 V/AudioPolicyManagerBase(   89): startOutput() output 1, stream 1, session 4
04-26 10:38:29.770 V/AudioPolicyManagerBase(   89): changeRefCount() stream 1, count 1
04-26 10:38:29.770 V/AudioPolicyManagerBase(   89): getDeviceForStrategy() from cache strategy 0, device 2
04-26 10:38:29.770 V/AudioPolicyManagerBase(   89): getNewDevice() selected device 2
04-26 10:38:29.770 D/AudioPolicyManagerBase(   89): setOutputDevice() output 1 device 2 delayMs 0
04-26 10:38:29.770 V/AudioPolicyManagerBase(   89): setOutputDevice() setting same device 2 or null device for output 1
04-26 10:38:29.770 E/AudioPolicyManagerBase(   89): checkAndSetVolume stream=1, index=0, output=1, device=2
04-26 10:38:29.770 E/AudioPolicyManagerBase(   89): computeVolume, streamDesc=0x1c91bb8
04-26 10:38:29.770 V/AudioPolicyManagerBase(   89): stopOutput() output 1, stream 1, session 4
04-26 10:38:29.770 V/AudioPolicyManagerBase(   89): changeRefCount() stream 1, count 0
04-26 10:38:29.770 V/AudioPolicyManagerBase(   89): getNewDevice() selected device 0
04-26 10:38:29.770 D/AudioPolicyManagerBase(   89): setOutputDevice() output 1 device 0 delayMs 290
04-26 10:38:29.770 V/AudioPolicyManagerBase(   89): setOutputDevice() setting same device 0 or null device for output 1
04-26 10:38:29.790 V/AudioPolicyManagerBase(   89): releaseOutput() 1
04-26 10:38:30.170 I/Gecko   (   84): 1398533910181	Marionette	INFO	sendToClient: {"from":"0","ok":true}, {ea7a86b2-a8c0-4839-abe4-c8cdd79ce1cc}, {ea7a86b2-a8c0-4839-abe4-c8cdd79ce1cc}
04-26 10:38:30.320 I/Gecko   (   84): 1398533910324	Marionette	INFO	sendToClient: {"from":"0","value":{"ELEMENT":"{0cf51c40-ffac-408e-bbd6-fa4d89de16f5}"}}, {c3f38fd5-861a-4f1c-a34d-e8f77155b195}, {c3f38fd5-861a-4f1c-a34d-e8f77155b195}
04-26 10:38:30.650 E/GeckoConsole( 1120): [JavaScript Warning: "Use of getAttributeNode() is deprecated. Use getAttribute() instead." {file: "chrome://marionette/content/atoms.js" line: 25}]
04-26 10:38:30.660 E/GeckoConsole( 1120): [JavaScript Warning: "Use of attributes' specified attribute is deprecated. It always returns true." {file: "chrome://marionette/content/atoms.js" line: 25}]
04-26 10:38:30.660 I/Gecko   (   84): 1398533910665	Marionette	INFO	sendToClient: {"from":"0","value":"normal"}, {f7b04434-862d-4b5f-9a85-0b86be5bfaca}, {f7b04434-862d-4b5f-9a85-0b86be5bfaca}
04-26 10:38:30.660 I/Gecko   (   84): 1398533910671	Marionette	DEBUG	Got request: switchToFrame, data: {"to":"0","sessionId":"3-b2g","name":"switchToFrame","parameters":{"id":null,"focus":true}}, id: {3c7e8c39-0e3d-4172-9ddd-e7b37e238248}
04-26 10:38:30.680 I/Gecko   (   84): 1398533910686	Marionette	INFO	Switched to frame: {"frameValue":null}
04-26 10:38:30.780 I/Gecko   (   84): 1398533910789	Marionette	INFO	sendToClient: {"from":"0","ok":true}, {3c7e8c39-0e3d-4172-9ddd-e7b37e238248}, {3c7e8c39-0e3d-4172-9ddd-e7b37e238248}
04-26 10:38:30.790 I/Gecko   (   84): 1398533910795	Marionette	DEBUG	Got request: execute, data: {"to":"0","sessionId":"3-b2g","name":"executeScript","parameters":{"specialPowers":false,"scriptTimeout":null,"newSandbox":true,"args":[],"filename":"gaia_test.py","script":"window.wrappedJSObject.dispatchEvent(new Event('home'));","line":788}}, id: {90def07e-0856-4daf-b9af-72bf2ac58ace}
04-26 10:38:30.850 I/Gecko   (   84): 1398533910862	Marionette	INFO	sendToClient: {"from":"0","value":null}, {90def07e-0856-4daf-b9af-72bf2ac58ace}, {90def07e-0856-4daf-b9af-72bf2ac58ace}
04-26 10:38:30.860 I/Gecko   (   84): 1398533910872	Marionette	DEBUG	Got request: switchToFrame, data: {"to":"0","sessionId":"3-b2g","name":"switchToFrame","parameters":{"id":null,"focus":true}}, id: {46109904-077f-4a3c-b508-8e28b5f76aca}
04-26 10:38:30.870 I/Gecko   (   84): 1398533910880	Marionette	INFO	Switched to frame: {"frameValue":null}
04-26 10:38:30.980 I/Gecko   (   84): 1398533910987	Marionette	INFO	sendToClient: {"from":"0","ok":true}, {46109904-077f-4a3c-b508-8e28b5f76aca}, {46109904-077f-4a3c-b508-8e28b5f76aca}
04-26 10:38:30.990 I/Gecko   (   84): 1398533910993	Marionette	DEBUG	Got request: switchToFrame, data: {"to":"0","sessionId":"3-b2g","name":"switchToFrame","parameters":{"id":null,"focus":true}}, id: {233de863-bcbc-4001-b7a5-46674ac5fbc6}
04-26 10:38:30.990 I/Gecko   (   84): 1398533910996	Marionette	INFO	Switched to frame: {"frameValue":null}
04-26 10:38:31.090 I/Gecko   (   84): 1398533911100	Marionette	INFO	sendToClient: {"from":"0","ok":true}, {233de863-bcbc-4001-b7a5-46674ac5fbc6}, {233de863-bcbc-4001-b7a5-46674ac5fbc6}
04-26 10:38:31.100 I/Gecko   (   84): 1398533911107	Marionette	DEBUG	Got request: executeWithCallback, data: {"to":"0","sessionId":"3-b2g","name":"executeAsyncScript","parameters":{"specialPowers":false,"scriptTimeout":null,"newSandbox":true,"args":[],"filename":"gaia_test.py","script":"return GaiaApps.displayedApp();","line":66}}, id: {39170ac6-fcaa-4845-83c4-4dd24e423c97}
04-26 10:38:31.150 I/Gecko   (   84): 1398533911160	Marionette	INFO	sendToClient: {"from":"0","value":{"frame":{"ELEMENT":"{99d49268-75be-43da-8a73-468714366952}"},"src":"app://homescreen.gaiamobile.org/index.html#rootSat%20Apr%2026%202014%2010:38:30%20GMT-0700%20(UTC)","name":"Homescreen","origin":"app://homescreen.gaiamobile.org"}}, {39170ac6-fcaa-4845-83c4-4dd24e423c97}, {39170ac6-fcaa-4845-83c4-4dd24e423c97}
04-26 10:38:31.150 E/GeckoConsole(   84): Content JS LOG at dummy file:392 in GaiaApps.displayedApp: app with origin 'app://homescreen.gaiamobile.org' is displayed
04-26 10:38:31.170 I/Gecko   (   84): 1398533911181	Marionette	DEBUG	Got request: switchToFrame, data: {"to":"0","sessionId":"3-b2g","name":"switchToFrame","parameters":{"focus":true,"element":"{99d49268-75be-43da-8a73-468714366952}"}}, id: {ad5da44d-2acd-45a0-927d-dcec2a4aad84}
04-26 10:38:31.210 I/Gecko   (   84): 1398533911214	Marionette	INFO	Switched to frame: {"frameValue":"{99d49268-75be-43da-8a73-468714366952}"}
04-26 10:38:31.210 I/Gecko   (   84): 1398533911216	Marionette	INFO	trying remote frame 0
04-26 10:38:31.220 I/Gecko   (   84): 1398533911223	Marionette	INFO	trying remote frame 1
04-26 10:38:31.590 I/Gecko   (   84): 1398533911601	Marionette	INFO	sendToClient: {"from":"0","ok":true}, {ad5da44d-2acd-45a0-927d-dcec2a4aad84}, {ad5da44d-2acd-45a0-927d-dcec2a4aad84}
04-26 10:38:31.600 I/Gecko   (   84): 1398533911608	Marionette	DEBUG	Got request: execute, data: {"to":"0","sessionId":"3-b2g","name":"executeScript","parameters":{"specialPowers":false,"scriptTimeout":null,"newSandbox":true,"args":[],"filename":"gaia_test.py","script":"return window.wrappedJSObject.GridManager.pageHelper.getCurrentPageNumber();","line":784}}, id: {7e8265d4-8caa-4b92-a90a-8a77e4bc0384}
04-26 10:38:31.770 I/Gecko   (   84): 1398533911781	Marionette	INFO	sendToClient: {"from":"0","value":0}, {7e8265d4-8caa-4b92-a90a-8a77e4bc0384}, {7e8265d4-8caa-4b92-a90a-8a77e4bc0384}
04-26 10:38:32.020 I/Gecko   (   84): 1398533912027	Marionette	INFO	sendToClient: {"from":"0","value":["{41907580-fc87-4458-a4e8-a605dbf01815}","{46375d5f-87be-4cb5-9fee-040ee6b35be5}","{f556d232-3fb3-4b77-ac5b-c5a1cf32bd61}","{2ada6c7c-9f21-4e6e-b0b8-fff11e59cfe8}","{0de6cb1d-4869-4414-9e5e-386ae5457e96}","{edcdc0c2-1ec8-4d5b-baf5-4c90dcf252ce}","{bff1876f-c382-4eca-befe-1464ecdc3adf}","{17e50610-0dc2-4a05-a4f0-82626b28d28b}","{2640ed01-50fd-41a7-b716-a48625ff1666}","{a2abb9b0-26a4-450e-8e2c-b2ca7b2d9c99}","{6551c7bb-bc8a-4cf2-a0b7-4b0309447911}","{e35eb6f3-2789-45fc-b3ef-9f1ca9fb1953}","{0b4360e0-10a7-4775-9720-6cd047df65a6}","{15d18f24-9d81-43e3-8b3f-9c595c1d940b}","{f1e0b165-ed13-4c33-a326-3fd3d22fbf6c}","{1d36007a-5dd2-409c-92d5-fa7521073bdb}","{3f90c551-fdeb-48c8-a0d2-157c0192db99}","{94615e93-8aee-40e3-b3d3-0189daff0e14}","{7573a50c-412b-47bb-8b73-570e7a178537}","{09d2725c-58a2-4a9a-ac39-bb13cf7fd2d5}","{0ad89331-65ae-443d-8a47-20f754ff1411}","{ba7a4494-4c3d-4bca-a000-554636655679}","{6557f98e-992f-460b-8bdb-72715c3adac8}","{a42bed14-5a91
04-26 10:38:33.230 W/WifiHW  (   84): wifi_command: SIGNAL_POLL
04-26 10:38:33.350 I/Gecko   (   84): 1398533913355	Marionette	INFO	sendToClient: {"from":"0","value":"app://homescreen.gaiamobile.org/index.html#rootSat%20Apr%2026%202014%2010:38:30%20GMT-0700%20(UTC)"}, {5e62cb99-3b70-457e-a9d1-15caeb3fd4bc}, {5e62cb99-3b70-457e-a9d1-15caeb3fd4bc}
04-26 10:38:33.360 I/Gecko   (   84): 1398533913366	Marionette	DEBUG	Got request: switchToFrame, data: {"to":"0","sessionId":"3-b2g","name":"switchToFrame","parameters":{"id":null,"focus":true}}, id: {62d83c73-3194-4d6a-89b4-8ced1c047446}
04-26 10:38:33.680 E/GeckoConsole( 1120): Content JS WARN at app://homescreen.gaiamobile.org/gaia_build_defer_index.js:184 in isHiddenApp: Unexpected role when checking hidden app: undefined
04-26 10:38:33.690 E/GeckoConsole( 1120): Content JS WARN at app://homescreen.gaiamobile.org/gaia_build_defer_index.js:184 in isHiddenApp: Unexpected role when checking hidden app: undefined
04-26 10:38:33.690 E/GeckoConsole( 1120): Content JS WARN at app://homescreen.gaiamobile.org/gaia_build_defer_index.js:184 in isHiddenApp: Unexpected role when checking hidden app: undefined
04-26 10:38:33.690 E/GeckoConsole( 1120): Content JS WARN at app://homescreen.gaiamobile.org/gaia_build_defer_index.js:184 in isHiddenApp: Unexpected role when checking hidden app: undefined
04-26 10:38:33.690 E/GeckoConsole( 1120): Content JS WARN at app://homescreen.gaiamobile.org/gaia_build_defer_index.js:184 in isHiddenApp: Unexpected role when checking hidden app: undefined
04-26 10:38:33.690 E/GeckoConsole( 1120): Content JS WARN at app://homescreen.gaiamobile.org/gaia_build_defer_index.js:184 in isHiddenApp: Unexpected role when checking hidden app: undefined
04-26 10:38:33.690 E/GeckoConsole( 1120): Content JS WARN at app://homescreen.gaiamobile.org/gaia_build_defer_index.js:184 in isHiddenApp: Unexpected role when checking hidden app: undefined
04-26 10:38:33.690 E/GeckoConsole( 1120): Content JS WARN at app://homescreen.gaiamobile.org/gaia_build_defer_index.js:184 in isHiddenApp: Unexpected role when checking hidden app: undefined
04-26 10:38:33.690 E/GeckoConsole( 1120): Content JS WARN at app://homescreen.gaiamobile.org/gaia_build_defer_index.js:184 in isHiddenApp: Unexpected role when checking hidden app: undefined
04-26 10:38:33.690 E/GeckoConsole( 1120): Content JS WARN at app://homescreen.gaiamobile.org/gaia_build_defer_index.js:184 in isHiddenApp: Unexpected role when checking hidden app: undefined
04-26 10:38:33.690 E/GeckoConsole( 1120): Content JS WARN at app://homescreen.gaiamobile.org/gaia_build_defer_index.js:184 in isHiddenApp: Unexpected role when checking hidden app: undefined
04-26 10:38:33.690 E/GeckoConsole( 1120): Content JS WARN at app://homescreen.gaiamobile.org/gaia_build_defer_index.js:184 in isHiddenApp: Unexpected role when checking hidden app: undefined
04-26 10:38:33.690 E/GeckoConsole( 1120): Content JS WARN at app://homescreen.gaiamobile.org/gaia_build_defer_index.js:184 in isHiddenApp: Unexpected role when checking hidden app: undefined
04-26 10:38:33.690 E/GeckoConsole( 1120): Content JS WARN at app://homescreen.gaiamobile.org/gaia_build_defer_index.js:184 in isHiddenApp: Unexpected role when checking hidden app: undefined
04-26 10:38:33.690 E/GeckoConsole( 1120): Content JS WARN at app://homescreen.gaiamobile.org/gaia_build_defer_index.js:184 in isHiddenApp: Unexpected role when checking hidden app: undefined
04-26 10:38:33.690 E/GeckoConsole( 1120): Content JS WARN at app://homescreen.gaiamobile.org/gaia_build_defer_index.js:184 in isHiddenApp: Unexpected role when checking hidden app: undefined
04-26 10:38:33.690 E/GeckoConsole( 1120): Content JS WARN at app://homescreen.gaiamobile.org/gaia_build_defer_index.js:184 in isHiddenApp: Unexpected role when checking hidden app: undefined
04-26 10:38:33.690 E/GeckoConsole( 1120): Content JS WARN at app://homescreen.gaiamobile.org/gaia_build_defer_index.js:184 in isHiddenApp: Unexpected role when checking hidden app: undefined
04-26 10:38:33.690 E/GeckoConsole( 1120): Content JS WARN at app://homescreen.gaiamobile.org/gaia_build_defer_index.js:184 in isHiddenApp: Unexpected role when checking hidden app: undefined
04-26 10:38:33.730 E/GeckoConsole( 1120): Content JS WARN at app://homescreen.gaiamobile.org/gaia_build_defer_index.js:184 in isHiddenApp: Unexpected role when checking hidden app: undefined
04-26 10:38:33.730 E/GeckoConsole( 1120): Content JS WARN at app://homescreen.gaiamobile.org/gaia_build_defer_index.js:184 in isHiddenApp: Unexpected role when checking hidden app: undefined
04-26 10:38:33.730 E/GeckoConsole( 1120): Content JS WARN at app://homescreen.gaiamobile.org/gaia_build_defer_index.js:184 in isHiddenApp: Unexpected role when checking hidden app: undefined
04-26 10:38:33.740 E/GeckoConsole( 1120): Content JS WARN at app://homescreen.gaiamobile.org/gaia_build_defer_index.js:184 in isHiddenApp: Unexpected role when checking hidden app: undefined
04-26 10:38:33.750 E/GeckoConsole( 1120): Content JS WARN at app://homescreen.gaiamobile.org/gaia_build_defer_index.js:184 in isHiddenApp: Unexpected role when checking hidden app: undefined
04-26 10:38:33.750 E/GeckoConsole( 1120): Content JS WARN at app://homescreen.gaiamobile.org/gaia_build_defer_index.js:184 in isHiddenApp: Unexpected role when checking hidden app: undefined
04-26 10:38:33.750 E/GeckoConsole( 1120): Content JS WARN at app://homescreen.gaiamobile.org/gaia_build_defer_index.js:184 in isHiddenApp: Unexpected role when checking hidden app: undefined
04-26 10:38:33.750 E/GeckoConsole( 1120): Content JS WARN at app://homescreen.gaiamobile.org/gaia_build_defer_index.js:184 in isHiddenApp: Unexpected role when checking hidden app: undefined
04-26 10:38:33.760 E/GeckoConsole( 1120): Content JS WARN at app://homescreen.gaiamobile.org/gaia_build_defer_index.js:184 in isHiddenApp: Unexpected role when checking hidden app: undefined
04-26 10:38:33.760 E/GeckoConsole( 1120): Content JS WARN at app://homescreen.gaiamobile.org/gaia_build_defer_index.js:184 in isHiddenApp: Unexpected role when checking hidden app: undefined
04-26 10:38:33.760 E/GeckoConsole( 1120): Content JS WARN at app://homescreen.gaiamobile.org/gaia_build_defer_index.js:184 in isHiddenApp: Unexpected role when checking hidden app: undefined
04-26 10:38:33.770 E/GeckoConsole( 1120): Content JS WARN at app://homescreen.gaiamobile.org/gaia_build_defer_index.js:184 in isHiddenApp: Unexpected role when checking hidden app: undefined
04-26 10:38:33.770 E/GeckoConsole( 1120): Content JS WARN at app://homescreen.gaiamobile.org/gaia_build_defer_index.js:184 in isHiddenApp: Unexpected role when checking hidden app: undefined
04-26 10:38:33.770 E/GeckoConsole( 1120): Content JS WARN at app://homescreen.gaiamobile.org/gaia_build_defer_index.js:184 in isHiddenApp: Unexpected role when checking hidden app: undefined
04-26 10:38:34.820 I/Gecko   (   84): 1398533914825	Marionette	INFO	Switched to frame: {"frameValue":null}
04-26 10:38:35.080 I/Gecko   (   84): 1398533915087	Marionette	INFO	sendToClient: {"from":"0","ok":true}, {62d83c73-3194-4d6a-89b4-8ced1c047446}, {62d83c73-3194-4d6a-89b4-8ced1c047446}
04-26 10:38:35.100 I/Gecko   (   84): 1398533915107	Marionette	DEBUG	Got request: switchToFrame, data: {"to":"0","sessionId":"3-b2g","name":"switchToFrame","parameters":{"id":null,"focus":true}}, id: {d1b3f8fa-940c-4b50-a32e-cf7407ccc4f3}
04-26 10:38:35.110 I/Gecko   (   84): 1398533915115	Marionette	INFO	Switched to frame: {"frameValue":null}
04-26 10:38:35.210 I/Gecko   (   84): 1398533915218	Marionette	INFO	sendToClient: {"from":"0","ok":true}, {d1b3f8fa-940c-4b50-a32e-cf7407ccc4f3}, {d1b3f8fa-940c-4b50-a32e-cf7407ccc4f3}
04-26 10:38:35.370 I/Gecko   (   84): 1398533915374	Marionette	DEBUG	Got request: executeWithCallback, data: {"to":"0","sessionId":"3-b2g","name":"executeAsyncScript","parameters":{"specialPowers":false,"scriptTimeout":30000,"newSandbox":true,"args":[],"filename":"app_checker.py","script":"GaiaApps.launchWithManifestURL('http://isword.org/manifest.webapp')","line":106}}, id: {477b02ec-c19a-4c86-b7d7-80e510d10d1f}
04-26 10:38:35.580 I/Gonk    (   84): Setting nice for pid 1131 to 18
04-26 10:38:35.580 I/Gonk    (   84): Changed nice for pid 1131 from 0 to 18.
04-26 10:38:35.590 I/Gecko   (   84): [Parent 84] WARNING: waitpid failed pid:1131 errno:10: file ../../../gecko/ipc/chromium/src/base/process_util_posix.cc, line 254
04-26 10:38:35.600 I/Gonk    (   84): Setting nice for pid 1131 to 1
04-26 10:38:35.600 I/Gonk    (   84): Changed nice for pid 1131 from 18 to 1.
04-26 10:38:35.670 E/GeckoConsole(   84): Content JS LOG at dummy file:334 in GaiaApps.launch: launching app with name 'iSword'
04-26 10:38:36.020 D/Sensors (   84): activate handle=0; drv=0
04-26 10:38:36.030 D/Sensors (   84): Lis3dhSensor: Control set 1
04-26 10:38:36.030 D/Sensors (   84): Lis3dhSensor: mEnabled = 1
04-26 10:38:36.110 E/[Gralloc-ERROR](   84): int gralloc_register_buffer(const gralloc_module_t*, const native_handle_t*):79 Unable to register handle 0x4abeb240 coming from different process: 84
04-26 10:38:36.120 E/[Gralloc-ERROR](   84): int gralloc_register_buffer(const gralloc_module_t*, const native_handle_t*):79 Unable to register handle 0x4abebf10 coming from different process: 84
04-26 10:38:36.130 E/[Gralloc-ERROR](   84): int gralloc_register_buffer(const gralloc_module_t*, const native_handle_t*):79 Unable to register handle 0x4ae82100 coming from different process: 84
04-26 10:38:36.130 E/[Gralloc-ERROR](   84): int gralloc_register_buffer(const gralloc_module_t*, const native_handle_t*):79 Unable to register handle 0x4ae82240 coming from different process: 84
04-26 10:38:36.450 I/Gonk    (   84): Setting nice for pid 1120 to 18
04-26 10:38:36.450 I/Gonk    (   84): Changed nice for pid 1120 from 1 to 18.
04-26 10:38:37.580 I/Gecko   (   84): 
04-26 10:38:37.580 I/Gecko   (   84): ###!!! [Parent][MessageChannel] Error: Channel error: cannot send/recv
04-26 10:38:37.580 I/Gecko   (   84): 
04-26 10:38:37.640 I/GeckoDump(   84): Crash reporter : Can't fetch app.reportCrashes. Exception: [Exception... "Component returned failure code: 0x8000ffff (NS_ERROR_UNEXPECTED) [nsIPrefBranch.getBoolPref]"  nsresult: "0x8000ffff (NS_ERROR_UNEXPECTED)"  location: "JS frame :: chrome://browser/content/shell.js :: shell_reportCrash :: line 7"  data: no]
04-26 10:38:37.760 I/Gecko   (   84): [Parent 84] WARNING: waitpid failed pid:1120 errno:10: file ../../../gecko/ipc/chromium/src/base/process_util_posix.cc, line 254
04-26 10:38:38.200 W/WifiHW  (   84): wifi_command: SIGNAL_POLL
04-26 10:38:38.280 E/GeckoConsole( 1131): [JavaScript Warning: "Unknown property 'box-sizing'.  Declaration dropped." {file: "http://isword.org/iui/iui.css" line: 1 column: 794 source: "body{margin:0;font-family:Helvetica;background:#FFFFFF;overflow-x:hidden;-webkit-user-select:none;-webkit-text-size-adjust:none;}.dyslexic{font-family:opendyslexic,sans-serif;}body>*:not(.toolbar){display:none;position:absolute;margin:0;padding:0;left:0;top:45px;width:100%;min-height:372px;}body[orient="landscape"]>*:not(.toolbar){min-height:268px;}body>*[selected="true"]{display:block;}.inRed{color:rgb(101,1,1)!important;}a{text-decoration:none;color:inherit;}a[selected],a:active{background-color:#194fdb!important;background-image:url(listArrowSel.png),url(selection.png)!important;background-repeat:no-repeat,repeat-x;background-position:right center,left top;color:inherit;}a[selected="progress"]{background-image:url(loading.gif),url(selection.png)!important;}body>.toolbar{box-sizing:border-box;-moz-box-sizing:border-box;-webkit-box-sizing:border-box;border-bottom:1p
04-26 10:38:38.330 E/GeckoConsole( 1131): [JavaScript Warning: "Unknown property '-moz-box-shadow'.  Declaration dropped." {file: "http://isword.org/iui/iui.css" line: 1 column: 1097 source: "body{margin:0;font-family:Helvetica;background:#FFFFFF;overflow-x:hidden;-webkit-user-select:none;-webkit-text-size-adjust:none;}.dyslexic{font-family:opendyslexic,sans-serif;}body>*:not(.toolbar){display:none;position:absolute;margin:0;padding:0;left:0;top:45px;width:100%;min-height:372px;}body[orient="landscape"]>*:not(.toolbar){min-height:268px;}body>*[selected="true"]{display:block;}.inRed{color:rgb(101,1,1)!important;}a{text-decoration:none;color:inherit;}a[selected],a:active{background-color:#194fdb!important;background-image:url(listArrowSel.png),url(selection.png)!important;background-repeat:no-repeat,repeat-x;background-position:right center,left top;color:inherit;}a[selected="progress"]{background-image:url(loading.gif),url(selection.png)!important;}body>.toolbar{box-sizing:border-box;-moz-box-sizing:border-box;-webkit-box-sizing:border-box;border-bot
04-26 10:38:38.400 E/GeckoConsole( 1131): [JavaScript Warning: "Unknown property 'column-count'.  Declaration dropped." {file: "http://isword.org/iui/iui.css" line: 1 column: 3344 source: "body{margin:0;font-family:Helvetica;background:#FFFFFF;overflow-x:hidden;-webkit-user-select:none;-webkit-text-size-adjust:none;}.dyslexic{font-family:opendyslexic,sans-serif;}body>*:not(.toolbar){display:none;position:absolute;margin:0;padding:0;left:0;top:45px;width:100%;min-height:372px;}body[orient="landscape"]>*:not(.toolbar){min-height:268px;}body>*[selected="true"]{display:block;}.inRed{color:rgb(101,1,1)!important;}a{text-decoration:none;color:inherit;}a[selected],a:active{background-color:#194fdb!important;background-image:url(listArrowSel.png),url(selection.png)!important;background-repeat:no-repeat,repeat-x;background-position:right center,left top;color:inherit;}a[selected="progress"]{background-image:url(loading.gif),url(selection.png)!important;}body>.toolbar{box-sizing:border-box;-moz-box-sizing:border-box;-webkit-box-sizing:border-box;border-bottom
04-26 10:38:38.400 E/GeckoConsole( 1131): [JavaScript Warning: "Unknown property 'column-width'.  Declaration dropped." {file: "http://isword.org/iui/iui.css" line: 1 column: 3437 source: "body{margin:0;font-family:Helvetica;background:#FFFFFF;overflow-x:hidden;-webkit-user-select:none;-webkit-text-size-adjust:none;}.dyslexic{font-family:opendyslexic,sans-serif;}body>*:not(.toolbar){display:none;position:absolute;margin:0;padding:0;left:0;top:45px;width:100%;min-height:372px;}body[orient="landscape"]>*:not(.toolbar){min-height:268px;}body>*[selected="true"]{display:block;}.inRed{color:rgb(101,1,1)!important;}a{text-decoration:none;color:inherit;}a[selected],a:active{background-color:#194fdb!important;background-image:url(listArrowSel.png),url(selection.png)!important;background-repeat:no-repeat,repeat-x;background-position:right center,left top;color:inherit;}a[selected="progress"]{background-image:url(loading.gif),url(selection.png)!important;}body>.toolbar{box-sizing:border-box;-moz-box-sizing:border-box;-webkit-box-sizing:border-box;border-bottom
04-26 10:38:38.400 E/GeckoConsole( 1131): [JavaScript Warning: "Unknown property 'box-sizing'.  Declaration dropped." {file: "http://isword.org/iui/iui.css" line: 1 column: 3763 source: "body{margin:0;font-family:Helvetica;background:#FFFFFF;overflow-x:hidden;-webkit-user-select:none;-webkit-text-size-adjust:none;}.dyslexic{font-family:opendyslexic,sans-serif;}body>*:not(.toolbar){display:none;position:absolute;margin:0;padding:0;left:0;top:45px;width:100%;min-height:372px;}body[orient="landscape"]>*:not(.toolbar){min-height:268px;}body>*[selected="true"]{display:block;}.inRed{color:rgb(101,1,1)!important;}a{text-decoration:none;color:inherit;}a[selected],a:active{background-color:#194fdb!important;background-image:url(listArrowSel.png),url(selection.png)!important;background-repeat:no-repeat,repeat-x;background-position:right center,left top;color:inherit;}a[selected="progress"]{background-image:url(loading.gif),url(selection.png)!important;}body>.toolbar{box-sizing:border-box;-moz-box-sizing:border-box;-webkit-box-sizing:border-box;border-bottom:1
04-26 10:38:38.400 E/GeckoConsole( 1131): [JavaScript Warning: "Unknown property 'box-sizing'.  Declaration dropped." {file: "http://isword.org/iui/iui.css" line: 1 column: 4065 source: "body{margin:0;font-family:Helvetica;background:#FFFFFF;overflow-x:hidden;-webkit-user-select:none;-webkit-text-size-adjust:none;}.dyslexic{font-family:opendyslexic,sans-serif;}body>*:not(.toolbar){display:none;position:absolute;margin:0;padding:0;left:0;top:45px;width:100%;min-height:372px;}body[orient="landscape"]>*:not(.toolbar){min-height:268px;}body>*[selected="true"]{display:block;}.inRed{color:rgb(101,1,1)!important;}a{text-decoration:none;color:inherit;}a[selected],a:active{background-color:#194fdb!important;background-image:url(listArrowSel.png),url(selection.png)!important;background-repeat:no-repeat,repeat-x;background-position:right center,left top;color:inherit;}a[selected="progress"]{background-image:url(loading.gif),url(selection.png)!important;}body>.toolbar{box-sizing:border-box;-moz-box-sizing:border-box;-webkit-box-sizing:border-box;border-bottom:1
04-26 10:38:38.400 E/GeckoConsole( 1131): [JavaScript Warning: "Unknown property 'box-sizing'.  Declaration dropped." {file: "http://isword.org/iui/iui.css" line: 1 column: 4500 source: "body{margin:0;font-family:Helvetica;background:#FFFFFF;overflow-x:hidden;-webkit-user-select:none;-webkit-text-size-adjust:none;}.dyslexic{font-family:opendyslexic,sans-serif;}body>*:not(.toolbar){display:none;position:absolute;margin:0;padding:0;left:0;top:45px;width:100%;min-height:372px;}body[orient="landscape"]>*:not(.toolbar){min-height:268px;}body>*[selected="true"]{display:block;}.inRed{color:rgb(101,1,1)!important;}a{text-decoration:none;color:inherit;}a[selected],a:active{background-color:#194fdb!important;background-image:url(listArrowSel.png),url(selection.png)!important;background-repeat:no-repeat,repeat-x;background-position:right center,left top;color:inherit;}a[selected="progress"]{background-image:url(loading.gif),url(selection.png)!important;}body>.toolbar{box-sizing:border-box;-moz-box-sizing:border-box;-webkit-box-sizing:border-box;border-bottom:1
04-26 10:38:38.400 E/GeckoConsole( 1131): [JavaScript Warning: "Unknown property 'box-sizing'.  Declaration dropped." {file: "http://isword.org/iui/iui.css" line: 1 column: 4652 source: "body{margin:0;font-family:Helvetica;background:#FFFFFF;overflow-x:hidden;-webkit-user-select:none;-webkit-text-size-adjust:none;}.dyslexic{font-family:opendyslexic,sans-serif;}body>*:not(.toolbar){display:none;position:absolute;margin:0;padding:0;left:0;top:45px;width:100%;min-height:372px;}body[orient="landscape"]>*:not(.toolbar){min-height:268px;}body>*[selected="true"]{display:block;}.inRed{color:rgb(101,1,1)!important;}a{text-decoration:none;color:inherit;}a[selected],a:active{background-color:#194fdb!important;background-image:url(listArrowSel.png),url(selection.png)!important;background-repeat:no-repeat,repeat-x;background-position:right center,left top;color:inherit;}a[selected="progress"]{background-image:url(loading.gif),url(selection.png)!important;}body>.toolbar{box-sizing:border-box;-moz-box-sizing:border-box;-webkit-box-sizing:border-box;border-bottom:1
04-26 10:38:38.400 E/GeckoConsole( 1131): [JavaScript Warning: "Unknown property 'box-sizing'.  Declaration dropped." {file: "http://isword.org/iui/iui.css" line: 1 column: 5102 source: "body{margin:0;font-family:Helvetica;background:#FFFFFF;overflow-x:hidden;-webkit-user-select:none;-webkit-text-size-adjust:none;}.dyslexic{font-family:opendyslexic,sans-serif;}body>*:not(.toolbar){display:none;position:absolute;margin:0;padding:0;left:0;top:45px;width:100%;min-height:372px;}body[orient="landscape"]>*:not(.toolbar){min-height:268px;}body>*[selected="true"]{display:block;}.inRed{color:rgb(101,1,1)!important;}a{text-decoration:none;color:inherit;}a[selected],a:active{background-color:#194fdb!important;background-image:url(listArrowSel.png),url(selection.png)!important;background-repeat:no-repeat,repeat-x;background-position:right center,left top;color:inherit;}a[selected="progress"]{background-image:url(loading.gif),url(selection.png)!important;}body>.toolbar{box-sizing:border-box;-moz-box-sizing:border-box;-webkit-box-sizing:border-box;border-bottom:1
04-26 10:38:39.760 I/Gecko   (   84): [Parent 84] WARNING: waitpid failed pid:1120 errno:10: file ../../../gecko/ipc/chromium/src/base/process_util_posix.cc, line 254
04-26 10:38:39.760 I/Gecko   (   84): [Parent 84] WARNING: Failed to deliver SIGKILL to 1120!(3).: file ../../../gecko/ipc/chromium/src/chrome/common/process_watcher_posix_sigchld.cc, line 118
04-26 10:38:40.890 I/Gonk    (   84): Setting nice for pid 1206 to 18
04-26 10:38:40.890 I/Gonk    (   84): Changed nice for pid 1206 from 0 to 18.
04-26 10:38:40.890 E/GeckoConsole(   84): Content JS LOG at dummy file:326 in GaiaApps.launch/appOpen/<: app with origin 'http://isword.org' has launched
04-26 10:38:40.930 I/Gecko   (   84): 1398533920934	Marionette	INFO	sendToClient: {"from":"0","value":{"frame":{"ELEMENT":"{fb42adb4-5b3f-48ab-8567-1d37f7447aa9}"},"src":"http://isword.org/index.php","name":"iSword","origin":"http://isword.org"}}, {477b02ec-c19a-4c86-b7d7-80e510d10d1f}, {477b02ec-c19a-4c86-b7d7-80e510d10d1f}
04-26 10:38:40.930 E/[Gralloc-ERROR](   84): int gralloc_unregister_buffer(const gralloc_module_t*, const native_handle_t*):274 Trying to unregister buffer 0x4abebf10 from process 84 that was not created in current process: 84
04-26 10:38:40.970 E/[Gralloc-ERROR](   84): int gralloc_register_buffer(const gralloc_module_t*, const native_handle_t*):79 Unable to register handle 0x45bceb00 coming from different process: 84
04-26 10:38:40.970 E/[Gralloc-ERROR](   84): int gralloc_register_buffer(const gralloc_module_t*, const native_handle_t*):79 Unable to register handle 0x45bcebf0 coming from different process: 84
04-26 10:38:41.010 E/[Gralloc-ERROR](   84): int gralloc_unregister_buffer(const gralloc_module_t*, const native_handle_t*):274 Trying to unregister buffer 0x4abeb240 from process 84 that was not created in current process: 84
04-26 10:38:41.030 I/Gonk    (   84): Setting nice for pid 1214 to 18
04-26 10:38:41.030 I/Gonk    (   84): Changed nice for pid 1214 from 0 to 18.
04-26 10:38:41.050 I/Gonk    (   84): Setting nice for pid 1214 to 18
04-26 10:38:41.050 I/Gonk    (   84): Changed nice for pid 1214 from 18 to 18.
04-26 10:38:41.050 I/Gecko   (   84): [Parent 84] WARNING: waitpid failed pid:1214 errno:10: file ../../../gecko/ipc/chromium/src/base/process_util_posix.cc, line 254
04-26 10:38:41.100 I/Gecko   (   84): 1398533921111	Marionette	DEBUG	Got request: switchToFrame, data: {"to":"0","sessionId":"3-b2g","name":"switchToFrame","parameters":{"focus":true,"element":"{fb42adb4-5b3f-48ab-8567-1d37f7447aa9}"}}, id: {36e03bf7-98dc-4954-b06c-4fa78694b7e4}
04-26 10:38:41.120 I/Gecko   (   84): 1398533921123	Marionette	INFO	Switched to frame: {"frameValue":"{fb42adb4-5b3f-48ab-8567-1d37f7447aa9}"}
04-26 10:38:41.130 I/Gecko   (   84): 1398533921136	Marionette	INFO	trying remote frame 0
04-26 10:38:41.130 I/Gecko   (   84): 1398533921137	Marionette	INFO	trying remote frame 1
04-26 10:38:41.130 I/Gecko   (   84): 1398533921138	Marionette	INFO	deleting frame
04-26 10:38:41.140 I/Gecko   (   84): 1398533921143	Marionette	INFO	frame-manager load script: [object ChromeMessageSender]
04-26 10:38:41.820 E/[Gralloc-ERROR](   84): int gralloc_register_buffer(const gralloc_module_t*, const native_handle_t*):79 Unable to register handle 0x45bce5b0 coming from different process: 84
04-26 10:38:41.820 E/[Gralloc-ERROR](   84): int gralloc_register_buffer(const gralloc_module_t*, const native_handle_t*):79 Unable to register handle 0x45bce650 coming from different process: 84
04-26 10:38:41.840 E/[Gralloc-ERROR](   84): int gralloc_unregister_buffer(const gralloc_module_t*, const native_handle_t*):274 Trying to unregister buffer 0x4ae82240 from process 84 that was not created in current process: 84
04-26 10:38:41.840 E/[Gralloc-ERROR](   84): int gralloc_unregister_buffer(const gralloc_module_t*, const native_handle_t*):274 Trying to unregister buffer 0x4ae82100 from process 84 that was not created in current process: 84
04-26 10:38:41.840 E/[Gralloc-ERROR](   84): int gralloc_unregister_buffer(const gralloc_module_t*, const native_handle_t*):274 Trying to unregister buffer 0x45bcebf0 from process 84 that was not created in current process: 84
04-26 10:38:41.840 E/[Gralloc-ERROR](   84): int gralloc_unregister_buffer(const gralloc_module_t*, const native_handle_t*):274 Trying to unregister buffer 0x45bceb00 from process 84 that was not created in current process: 84
04-26 10:38:41.870 I/Gecko   (   84): 1398533921882	Marionette	INFO	sendToClient: {"from":"0","ok":true}, {36e03bf7-98dc-4954-b06c-4fa78694b7e4}, {36e03bf7-98dc-4954-b06c-4fa78694b7e4}
04-26 10:38:41.900 I/Gecko   (   84): 1398533921910	Marionette	INFO	sendToClient: {"from":"0","value":"http://isword.org/index.php#_home"}, {86d4f723-c87c-4446-9e76-d9806ce6708d}, {86d4f723-c87c-4446-9e76-d9806ce6708d}
04-26 10:38:41.910 I/Gecko   (   84): 1398533921916	Marionette	DEBUG	Got request: execute, data: {"to":"0","sessionId":"3-b2g","name":"executeScript","parameters":{"specialPowers":false,"scriptTimeout":null,"newSandbox":true,"args":[],"filename":"app_checker.py","script":"return window.document.readyState;","line":191}}, id: {0d1a137d-e813-4232-81d1-54838cc9748a}
04-26 10:38:41.950 I/Gecko   (   84): 1398533921959	Marionette	INFO	sendToClient: {"from":"0","value":"complete"}, {0d1a137d-e813-4232-81d1-54838cc9748a}, {0d1a137d-e813-4232-81d1-54838cc9748a}
04-26 10:38:41.960 I/Gecko   (   84): 1398533921967	Marionette	INFO	sendToClient: {"from":"0","value":"http://isword.org/index.php#_home"}, {1562eab0-6b15-41a0-8116-c593a2ce8c1a}, {1562eab0-6b15-41a0-8116-c593a2ce8c1a}
04-26 10:38:41.970 I/Gecko   ( 1131): Attempting load of libEGL.so
04-26 10:38:42.060 I/Gonk    (   84): Setting nice for pid 1214 to 18
04-26 10:38:42.060 I/Gonk    (   84): Changed nice for pid 1214 from 18 to 18.
04-26 10:38:42.080 D/libEGL  ( 1131): loaded /system/lib/egl/libEGL_mali.so
04-26 10:38:42.120 E/[Gralloc-ERROR](   84): int gralloc_register_buffer(const gralloc_module_t*, const native_handle_t*):79 Unable to register handle 0x45bfca10 coming from different process: 84
04-26 10:38:42.120 E/[Gralloc-ERROR](   84): int gralloc_register_buffer(const gralloc_module_t*, const native_handle_t*):79 Unable to register handle 0x45bfcab0 coming from different process: 84
04-26 10:38:42.130 E/[Gralloc-ERROR](   84): int gralloc_register_buffer(const gralloc_module_t*, const native_handle_t*):79 Unable to register handle 0x45bfcb50 coming from different process: 84
04-26 10:38:42.130 E/[Gralloc-ERROR](   84): int gralloc_register_buffer(const gralloc_module_t*, const native_handle_t*):79 Unable to register handle 0x45bfcbf0 coming from different process: 84
04-26 10:38:42.140 E/[Gralloc-ERROR](   84): int gralloc_unregister_buffer(const gralloc_module_t*, const native_handle_t*):274 Trying to unregister buffer 0x45bce650 from process 84 that was not created in current process: 84
04-26 10:38:42.140 E/[Gralloc-ERROR](   84): int gralloc_unregister_buffer(const gralloc_module_t*, const native_handle_t*):274 Trying to unregister buffer 0x45bce5b0 from process 84 that was not created in current process: 84
04-26 10:38:42.150 D/libEGL  ( 1131): loaded /system/lib/egl/libGLESv1_CM_mali.so
04-26 10:38:42.150 D/libEGL  ( 1131): loaded /system/lib/egl/libGLESv2_mali.so
04-26 10:38:42.200 I/Gecko   ( 1131): SharedSurface_Gralloc::Create -------
04-26 10:38:42.250 I/Gecko   ( 1131): SharedSurface_Gralloc::Create: success -- surface 0x43eea740, GraphicBuffer 0x43ed2280.
04-26 10:38:42.790 I/log     ( 1225): <4>0[ 264.403116] select 1214 ((Preallocated a), adj 8, size 2668, to kill 
04-26 10:38:42.980 I/Gecko   (   84): 
04-26 10:38:42.980 I/Gecko   (   84): ###!!! [Parent][MessageChannel] Error: Channel error: cannot send/recv
04-26 10:38:42.980 I/Gecko   (   84): 
04-26 10:38:43.210 I/GeckoDump(   84): Crash reporter : Can't fetch app.reportCrashes. Exception: [Exception... "Component returned failure code: 0x8000ffff (NS_ERROR_UNEXPECTED) [nsIPrefBranch.getBoolPref]"  nsresult: "0x8000ffff (NS_ERROR_UNEXPECTED)"  location: "JS frame :: chrome://browser/content/shell.js :: shell_reportCrash :: line 7"  data: no]
04-26 10:38:43.240 E/[Gralloc-ERROR](   84): int gralloc_unregister_buffer(const gralloc_module_t*, const native_handle_t*):274 Trying to unregister buffer 0x45bfcbf0 from process 84 that was not created in current process: 84
04-26 10:38:43.240 E/[Gralloc-ERROR](   84): int gralloc_unregister_buffer(const gralloc_module_t*, const native_handle_t*):274 Trying to unregister buffer 0x45bfcb50 from process 84 that was not created in current process: 84
04-26 10:38:43.240 I/Gecko   (   84): [Parent 84] WARNING: waitpid failed pid:1214 errno:10: file ../../../gecko/ipc/chromium/src/base/process_util_posix.cc, line 254
04-26 10:38:43.270 W/WifiHW  (   84): wifi_command: SIGNAL_POLL
04-26 10:38:43.590 I/Gecko   (   84): 1398533923595	Marionette	INFO	sendToClient: {"from":"0","value":"iVBORw0KGgoAAAANSUhEUgAAAUAAAAHgCAYAAADUjLREAAAgAElEQVR4nOx9eXhURfb2Ddk6K21Y0oEAHdJIhzTQQoQAooy4QHDBiASaVdthxEZFgkFUQBEdMmHTDKOIM8gwiCAqyGIgEPaAGBwUZZiZn8oiH0qMRpAd+v3+6L51T9W9HdIhqGPX+zz10F23btWpqnPec2rpoCiKAplkkkmmkExuuwVuuxluG0l2M59nN0gOMzxOC9wOLc9lM/n+9T/3lbPAZfXle5wWvm6hTpfNBJfN5CsnPGd1OCxMLo9Tq9ttN8Nt1WT2OCzwOC2+8kIbvBwmuG0mvpzDDJfNDJdVq9Nj99XlsVu4sXKR/nj8ye2XyWU0ljYzPLT/Dq09lmczTup7bAyYrAZjQGR328283KwNE19OLUvGgo4vN49WEzfWVG6X1cTXaZSIrB6nRZtzm4nV4bL654W05fJ/5sbQzj/jxtBqRj6nT7zOuGwm3xzY/HNBx9Ivi6990l/63KCf6nOPw8J0gOmCoI+6Maf1+PM4fVV1xW973Nw7BN0gdqiOsWizvrbNxF79MpLvniwLp6uc/KocIjdkWbh6XGSeXfS9y+kJ1S+1bRvhHgeZQ9aWCW6//RvZH6vDYYFClcHjoBNh4jtqkNTBViecKaxo/KrwNZGpo4ZBFt+jxiooR61kDlCXiw6sOpC2ADL4yzGlspo0Q7USR6AqGDFcj83MTSZHajZ/eWJkKpF71LpsKjn454kqgqA4HGmqnwONq2ooAsGysc4SjMtq4hTwcgoX+LPaF23s1O9GxCASHCMcwTm5bQZ6aPcboegIqGEQ3dbJaBdksPL/srmicgvz7LGLMhkkVRdtvnH3fTZpNieOt2BLOj2nukhtwaF9dtlMvraM3vWX1ezUwhKrR9VrKpuufA22aNfq4IjaoemDyAmebK0ORtS0v0QnPCzY07
04-26 10:38:43.860 I/Gecko   (   84): 1398533923867	Marionette	INFO	sendToClient: {"from":"0","ok":true}, {454d658f-4748-4a8e-a4bb-38a39b8730fe}, {454d658f-4748-4a8e-a4bb-38a39b8730fe}
04-26 10:38:43.870 I/Gecko   (   84): 1398533923879	Marionette	DEBUG	Got request: switchToFrame, data: {"to":"0","sessionId":"3-b2g","name":"switchToFrame","parameters":{"id":null,"focus":true}}, id: {23654d5f-f18f-4dcc-a94f-908222f88c2e}
04-26 10:38:43.890 I/Gecko   (   84): 1398533923896	Marionette	INFO	Switched to frame: {"frameValue":null}
04-26 10:38:44.000 I/Gecko   (   84): 1398533924006	Marionette	INFO	sendToClient: {"from":"0","ok":true}, {23654d5f-f18f-4dcc-a94f-908222f88c2e}, {23654d5f-f18f-4dcc-a94f-908222f88c2e}
04-26 10:38:44.010 I/Gecko   (   84): 1398533924013	Marionette	DEBUG	Got request: executeWithCallback, data: {"to":"0","sessionId":"3-b2g","name":"executeAsyncScript","parameters":{"specialPowers":false,"scriptTimeout":null,"newSandbox":true,"args":[],"filename":"gaia_test.py","script":"return GaiaApps.displayedApp();","line":66}}, id: {18ecca08-a6e2-4ff6-b2c9-1a930043e0b6}
04-26 10:38:44.130 I/Gecko   (   84): 1398533924140	Marionette	INFO	sendToClient: {"from":"0","value":{"frame":{"ELEMENT":"{fb42adb4-5b3f-48ab-8567-1d37f7447aa9}"},"src":"http://isword.org/index.php","name":"iSword","origin":"http://isword.org"}}, {18ecca08-a6e2-4ff6-b2c9-1a930043e0b6}, {18ecca08-a6e2-4ff6-b2c9-1a930043e0b6}
04-26 10:38:44.150 E/GeckoConsole(   84): Content JS LOG at dummy file:392 in GaiaApps.displayedApp: app with origin 'http://isword.org' is displayed
04-26 10:38:44.160 I/Gecko   (   84): 1398533924167	Marionette	DEBUG	Got request: switchToFrame, data: {"to":"0","sessionId":"3-b2g","name":"switchToFrame","parameters":{"id":null,"focus":true}}, id: {01ad3953-06f0-48c1-9220-a1376276416f}
04-26 10:38:44.160 I/Gecko   (   84): 1398533924168	Marionette	INFO	Switched to frame: {"frameValue":null}
04-26 10:38:44.260 I/Gecko   (   84): 1398533924271	Marionette	INFO	sendToClient: {"from":"0","ok":true}, {01ad3953-06f0-48c1-9220-a1376276416f}, {01ad3953-06f0-48c1-9220-a1376276416f}
04-26 10:38:44.270 I/Gecko   (   84): 1398533924278	Marionette	DEBUG	Got request: execute, data: {"to":"0","sessionId":"3-b2g","name":"executeScript","parameters":{"specialPowers":false,"scriptTimeout":null,"newSandbox":true,"args":[],"filename":"gaia_test.py","script":"window.wrappedJSObject.dispatchEvent(new Event('home'));","line":788}}, id: {6632fa05-e978-475a-9ba4-5b0a76a1f703}
04-26 10:38:44.430 I/Gonk    (   84): Setting nice for pid 1206 to 18
04-26 10:38:44.430 I/Gonk    (   84): Changed nice for pid 1206 from 18 to 18.
04-26 10:38:44.430 I/Gecko   (   84): [Parent 84] WARNING: waitpid failed pid:1206 errno:10: file ../../../gecko/ipc/chromium/src/base/process_util_posix.cc, line 254
04-26 10:38:44.430 I/Gonk    (   84): Setting nice for pid 1206 to 1
04-26 10:38:44.430 I/Gonk    (   84): Changed nice for pid 1206 from 18 to 1.
04-26 10:38:44.480 D/Sensors (   84): activate handle=0; drv=0
04-26 10:38:44.510 D/Sensors (   84): Lis3dhSensor: Control set 0
04-26 10:38:44.510 D/Sensors (   84): Lis3dhSensor: mEnabled = 0
04-26 10:38:44.600 I/Gecko   (   84): 1398533924607	Marionette	INFO	sendToClient: {"from":"0","value":null}, {6632fa05-e978-475a-9ba4-5b0a76a1f703}, {6632fa05-e978-475a-9ba4-5b0a76a1f703}
04-26 10:38:44.630 E/[Gralloc-ERROR](   84): int gralloc_register_buffer(const gralloc_module_t*, const native_handle_t*):79 Unable to register handle 0x45cb09c0 coming from different process: 84
04-26 10:38:44.640 E/[Gralloc-ERROR](   84): int gralloc_register_buffer(const gralloc_module_t*, const native_handle_t*):79 Unable to register handle 0x45cb0a60 coming from different process: 84
04-26 10:38:44.690 E/[Gralloc-ERROR](   84): int gralloc_unregister_buffer(const gralloc_module_t*, const native_handle_t*):274 Trying to unregister buffer 0x45bfcab0 from process 84 that was not created in current process: 84
04-26 10:38:44.690 E/[Gralloc-ERROR](   84): int gralloc_unregister_buffer(const gralloc_module_t*, const native_handle_t*):274 Trying to unregister buffer 0x45bfca10 from process 84 that was not created in current process: 84
04-26 10:38:44.700 I/Gecko   (   84): 1398533924704	Marionette	DEBUG	Got request: switchToFrame, data: {"to":"0","sessionId":"3-b2g","name":"switchToFrame","parameters":{"id":null,"focus":true}}, id: {cb2ff812-b158-4887-b2d4-0a09b9088726}
04-26 10:38:44.710 I/Gecko   (   84): 1398533924714	Marionette	INFO	Switched to frame: {"frameValue":null}
04-26 10:38:44.820 I/Gecko   (   84): 1398533924828	Marionette	INFO	sendToClient: {"from":"0","ok":true}, {cb2ff812-b158-4887-b2d4-0a09b9088726}, {cb2ff812-b158-4887-b2d4-0a09b9088726}
04-26 10:38:44.910 I/Gecko   (   84): 1398533924914	Marionette	DEBUG	Got request: executeWithCallback, data: {"to":"0","sessionId":"3-b2g","name":"executeAsyncScript","parameters":{"specialPowers":false,"scriptTimeout":null,"newSandbox":true,"args":[],"filename":"gaia_test.py","script":"return GaiaApps.displayedApp();","line":66}}, id: {0d6d97b5-8368-48b9-8884-bab99fe97c97}
04-26 10:38:45.050 E/GeckoConsole(   84): Content JS LOG at dummy file:392 in GaiaApps.displayedApp: app with origin 'app://homescreen.gaiamobile.org' is displayed
04-26 10:38:45.050 I/Gecko   (   84): 1398533925059	Marionette	INFO	sendToClient: {"from":"0","value":{"frame":{"ELEMENT":"{d68eaea2-923b-4c5a-b90f-d0f356bbe724}"},"src":"app://homescreen.gaiamobile.org/index.html#root","name":"Homescreen","origin":"app://homescreen.gaiamobile.org"}}, {0d6d97b5-8368-48b9-8884-bab99fe97c97}, {0d6d97b5-8368-48b9-8884-bab99fe97c97}
04-26 10:38:45.080 I/Gecko   (   84): 1398533925086	Marionette	DEBUG	Got request: switchToFrame, data: {"to":"0","sessionId":"3-b2g","name":"switchToFrame","parameters":{"id":null,"focus":true}}, id: {29e29560-efbf-481f-85ff-df24cf58f00e}
04-26 10:38:45.100 I/Gecko   (   84): 1398533925105	Marionette	INFO	Switched to frame: {"frameValue":null}
04-26 10:38:45.200 I/Gecko   (   84): 1398533925208	Marionette	INFO	sendToClient: {"from":"0","ok":true}, {29e29560-efbf-481f-85ff-df24cf58f00e}, {29e29560-efbf-481f-85ff-df24cf58f00e}
04-26 10:38:45.210 I/Gecko   (   84): 1398533925218	Marionette	DEBUG	Got request: switchToFrame, data: {"to":"0","sessionId":"3-b2g","name":"switchToFrame","parameters":{"id":null,"focus":true}}, id: {d3bdde1b-cf35-478b-abd3-c39f99614395}
04-26 10:38:45.210 I/Gecko   (   84): 1398533925220	Marionette	INFO	Switched to frame: {"frameValue":null}
04-26 10:38:45.240 I/Gecko   (   84): [Parent 84] WARNING: waitpid failed pid:1214 errno:10: file ../../../gecko/ipc/chromium/src/base/process_util_posix.cc, line 254
04-26 10:38:45.240 I/Gecko   (   84): [Parent 84] WARNING: Failed to deliver SIGKILL to 1214!(3).: file ../../../gecko/ipc/chromium/src/chrome/common/process_watcher_posix_sigchld.cc, line 118
04-26 10:38:45.320 I/Gecko   (   84): 1398533925329	Marionette	INFO	sendToClient: {"from":"0","ok":true}, {d3bdde1b-cf35-478b-abd3-c39f99614395}, {d3bdde1b-cf35-478b-abd3-c39f99614395}
04-26 10:38:45.360 I/Gecko   (   84): 1398533925363	Marionette	DEBUG	Got request: executeWithCallback, data: {"to":"0","sessionId":"3-b2g","name":"executeAsyncScript","parameters":{"specialPowers":false,"scriptTimeout":null,"newSandbox":true,"args":[],"filename":"gaia_test.py","script":"return GaiaApps.displayedApp();","line":66}}, id: {304fcb37-5be6-43d4-878a-93cd287e0790}
04-26 10:38:45.440 E/GeckoConsole(   84): Content JS LOG at dummy file:392 in GaiaApps.displayedApp: app with origin 'app://homescreen.gaiamobile.org' is displayed
04-26 10:38:45.450 I/Gecko   (   84): 1398533925454	Marionette	INFO	sendToClient: {"from":"0","value":{"frame":{"ELEMENT":"{d68eaea2-923b-4c5a-b90f-d0f356bbe724}"},"src":"app://homescreen.gaiamobile.org/index.html#root","name":"Homescreen","origin":"app://homescreen.gaiamobile.org"}}, {304fcb37-5be6-43d4-878a-93cd287e0790}, {304fcb37-5be6-43d4-878a-93cd287e0790}
04-26 10:38:45.460 I/Gecko   (   84): 1398533925464	Marionette	DEBUG	Got request: switchToFrame, data: {"to":"0","sessionId":"3-b2g","name":"switchToFrame","parameters":{"focus":true,"element":"{d68eaea2-923b-4c5a-b90f-d0f356bbe724}"}}, id: {e6cbbb3d-4e37-424c-9a29-0fa7e23b82fd}
04-26 10:38:45.480 I/Gecko   (   84): 1398533925483	Marionette	INFO	Switched to frame: {"frameValue":"{d68eaea2-923b-4c5a-b90f-d0f356bbe724}"}
04-26 10:38:45.480 I/Gecko   (   84): 1398533925492	Marionette	INFO	trying remote frame 0
04-26 10:38:45.490 I/Gecko   (   84): 1398533925494	Marionette	INFO	trying remote frame 1
04-26 10:38:45.490 I/Gecko   (   84): 1398533925495	Marionette	INFO	deleting frame
04-26 10:38:45.490 I/Gecko   (   84): 1398533925500	Marionette	INFO	frame-manager load script: [object ChromeMessageSender]
04-26 10:38:46.090 E/[Gralloc-ERROR](   84): int gralloc_unregister_buffer(const gralloc_module_t*, const native_handle_t*):274 Trying to unregister buffer 0x45cb0a60 from process 84 that was not created in current process: 84
04-26 10:38:46.090 E/[Gralloc-ERROR](   84): int gralloc_unregister_buffer(const gralloc_module_t*, const native_handle_t*):274 Trying to unregister buffer 0x45cb09c0 from process 84 that was not created in current process: 84
04-26 10:38:46.370 I/Gonk    (   84): Setting nice for pid 1131 to 18
04-26 10:38:46.380 I/Gonk    (   84): Changed nice for pid 1131 from 1 to 18.
04-26 10:38:46.840 I/Gecko   ( 1206): ###################################### forms.js loaded
04-26 10:38:46.890 I/Gecko   ( 1206): ############################### browserElementPanning.js loaded
04-26 10:38:46.910 I/Gecko   ( 1206): ######################## BrowserElementChildPreload.js loaded
04-26 10:38:47.370 I/Gecko   (   84): 
04-26 10:38:47.370 I/Gecko   (   84): ###!!! [Parent][MessageChannel] Error: Channel error: cannot send/recv
04-26 10:38:47.370 I/Gecko   (   84): 
04-26 10:38:47.450 I/GeckoDump(   84): Crash reporter : Can't fetch app.reportCrashes. Exception: [Exception... "Component returned failure code: 0x8000ffff (NS_ERROR_UNEXPECTED) [nsIPrefBranch.getBoolPref]"  nsresult: "0x8000ffff (NS_ERROR_UNEXPECTED)"  location: "JS frame :: chrome://browser/content/shell.js :: shell_reportCrash :: line 7"  data: no]
04-26 10:38:47.450 I/Gecko   (   84): [Parent 84] WARNING: waitpid failed pid:1131 errno:10: file ../../../gecko/ipc/chromium/src/base/process_util_posix.cc, line 254
04-26 10:38:47.820 I/Gecko   (   84): 1398533927831	Marionette	INFO	sendToClient: {"from":"0","ok":true}, {e6cbbb3d-4e37-424c-9a29-0fa7e23b82fd}, {e6cbbb3d-4e37-424c-9a29-0fa7e23b82fd}
04-26 10:38:48.100 I/Gecko   (   84): 1398533928111	Marionette	INFO	sendToClient: {"from":"0","value":"app://homescreen.gaiamobile.org/index.html#root"}, {0411d778-8ca5-4676-94d9-e05fb22e8af0}, {0411d778-8ca5-4676-94d9-e05fb22e8af0}
04-26 10:38:48.110 I/Gecko   (   84): 1398533928117	Marionette	DEBUG	Got request: switchToFrame, data: {"to":"0","sessionId":"3-b2g","name":"switchToFrame","parameters":{"id":null,"focus":true}}, id: {65c8ffd3-b9b4-4867-a918-07a5179b10a9}
04-26 10:38:48.120 I/Gecko   (   84): 1398533928130	Marionette	INFO	Switched to frame: {"frameValue":null}
04-26 10:38:48.230 I/Gecko   (   84): 1398533928234	Marionette	INFO	sendToClient: {"from":"0","ok":true}, {65c8ffd3-b9b4-4867-a918-07a5179b10a9}, {65c8ffd3-b9b4-4867-a918-07a5179b10a9}
04-26 10:38:48.230 I/Gecko   (   84): 1398533928240	Marionette	DEBUG	Got request: switchToFrame, data: {"to":"0","sessionId":"3-b2g","name":"switchToFrame","parameters":{"id":null,"focus":true}}, id: {c8e3685c-9822-45bf-b00d-2dd68f3b79c9}
04-26 10:38:48.230 I/Gecko   (   84): 1398533928242	Marionette	INFO	Switched to frame: {"frameValue":null}
04-26 10:38:48.310 W/WifiHW  (   84): wifi_command: SIGNAL_POLL
04-26 10:38:48.500 I/Gecko   (   84): 1398533928512	Marionette	INFO	sendToClient: {"from":"0","ok":true}, {c8e3685c-9822-45bf-b00d-2dd68f3b79c9}, {c8e3685c-9822-45bf-b00d-2dd68f3b79c9}
04-26 10:38:48.560 I/Gecko   (   84): 1398533928572	Marionette	DEBUG	Got request: executeWithCallback, data: {"to":"0","sessionId":"3-b2g","name":"executeAsyncScript","parameters":{"specialPowers":false,"scriptTimeout":null,"newSandbox":true,"args":[],"filename":"gaia_test.py","script":"GaiaApps.killAll()","line":91}}, id: {65e8a966-94d2-42f5-a2dc-e111ae8f6ac5}
04-26 10:38:48.620 I/Gecko   (   84): 1398533928626	Marionette	INFO	sendToClient: {"from":"0","value":true}, {65e8a966-94d2-42f5-a2dc-e111ae8f6ac5}, {65e8a966-94d2-42f5-a2dc-e111ae8f6ac5}
04-26 10:38:48.630 I/Gecko   (   84): 1398533928639	Marionette	DEBUG	Got request: switchToFrame, data: {"to":"0","sessionId":"3-b2g","name":"switchToFrame","parameters":{"id":null,"focus":true}}, id: {6c42626e-ed2b-4657-b43e-ff34468fe1d7}
04-26 10:38:48.630 I/Gecko   (   84): 1398533928640	Marionette	INFO	Switched to frame: {"frameValue":null}
04-26 10:38:48.740 I/Gecko   (   84): 1398533928744	Marionette	INFO	sendToClient: {"from":"0","ok":true}, {6c42626e-ed2b-4657-b43e-ff34468fe1d7}, {6c42626e-ed2b-4657-b43e-ff34468fe1d7}
04-26 10:38:48.740 I/Gecko   (   84): 1398533928750	Marionette	DEBUG	Got request: executeWithCallback, data: {"to":"0","sessionId":"3-b2g","name":"executeAsyncScript","parameters":{"specialPowers":false,"scriptTimeout":60000,"newSandbox":true,"args":[],"filename":"app_checker.py","script":"\n        GaiaApps.locateWithManifestURL('http://isword.org/manifest.webapp',\n                                       null,\n                                       function uninstall(app) {\n                                       navigator.mozApps.mgmt.uninstall(app);\n                                       marionetteScriptFinished(true);\n                                       });\n        ","line":129}}, id: {f221565b-597e-4a7c-887b-ef2b8c9fc73f}
04-26 10:38:48.790 I/Gecko   (   84): -- webapps.js uninstall http://isword.org/manifest.webapp
04-26 10:38:49.200 I/Gecko   (   84): 1398533929206	Marionette	INFO	sendToClient: {"from":"0","value":true}, {f221565b-597e-4a7c-887b-ef2b8c9fc73f}, {f221565b-597e-4a7c-887b-ef2b8c9fc73f}
04-26 10:38:49.450 I/Gecko   (   84): [Parent 84] WARNING: waitpid failed pid:1131 errno:10: file ../../../gecko/ipc/chromium/src/base/process_util_posix.cc, line 254
04-26 10:38:49.450 I/Gecko   (   84): [Parent 84] WARNING: Failed to deliver SIGKILL to 1131!(3).: file ../../../gecko/ipc/chromium/src/chrome/common/process_watcher_posix_sigchld.cc, line 118