--------- beginning of /dev/log/main
04-28 06:06:30.280 I/GeckoDump(   84): XXX FIXME : Got a mozContentEvent: inputmethod-update-layouts
04-28 06:06:30.510 I/Gecko   (   84): 1398690390523	Marionette	INFO	sendToClient: {"from":"0","ok":true}, {8c459ebd-ff27-46d7-8b2b-8c8699ca8f87}, {8c459ebd-ff27-46d7-8b2b-8c8699ca8f87}
04-28 06:06:30.590 W/WifiHW  (   84): wifi_command: SIGNAL_POLL
04-28 06:06:30.760 I/Gonk    (   84): Setting nice for pid 481 to 18
04-28 06:06:30.760 I/Gonk    (   84): Changed nice for pid 481 from 0 to 18.
04-28 06:06:30.930 I/Gecko   (   84): 1398690390940	Marionette	DEBUG	Got request: switchToFrame, data: {"to":"0","sessionId":"3-b2g","name":"switchToFrame","parameters":{"id":null,"focus":true}}, id: {13ad434b-058f-47c7-beb9-46c656353771}
04-28 06:06:30.940 I/Gecko   (   84): 1398690390954	Marionette	INFO	Switched to frame: {"frameValue":null}
04-28 06:06:31.070 I/Gecko   (   84): 1398690391084	Marionette	INFO	sendToClient: {"from":"0","ok":true}, {13ad434b-058f-47c7-beb9-46c656353771}, {13ad434b-058f-47c7-beb9-46c656353771}
04-28 06:06:31.090 I/Gecko   (   84): 1398690391104	Marionette	DEBUG	Got request: executeWithCallback, data: {"to":"0","sessionId":"3-b2g","name":"executeAsyncScript","parameters":{"specialPowers":false,"scriptTimeout":null,"newSandbox":true,"args":[],"filename":"gaia_test.py","script":"return GaiaApps.displayedApp();","line":66}}, id: {2dccdb48-4570-49ca-ae92-57ee9faa606f}
04-28 06:06:31.170 I/Gecko   (   84): 1398690391182	Marionette	INFO	sendToClient: {"from":"0","value":{"frame":{"ELEMENT":"{0f6bf66f-6923-4061-8028-7a2ba5c1109f}"},"src":"app://homescreen.gaiamobile.org/index.html#root","name":"Homescreen","origin":"app://homescreen.gaiamobile.org"}}, {2dccdb48-4570-49ca-ae92-57ee9faa606f}, {2dccdb48-4570-49ca-ae92-57ee9faa606f}
04-28 06:06:31.180 E/GeckoConsole(   84): Content JS LOG at dummy file:392 in GaiaApps.displayedApp: app with origin 'app://homescreen.gaiamobile.org' is displayed
04-28 06:06:31.190 I/Gecko   (   84): 1398690391206	Marionette	DEBUG	Got request: switchToFrame, data: {"to":"0","sessionId":"3-b2g","name":"switchToFrame","parameters":{"id":null,"focus":true}}, id: {6434c1eb-156f-44e9-a4da-ea0180f1b48a}
04-28 06:06:31.210 I/Gecko   (   84): 1398690391224	Marionette	INFO	Switched to frame: {"frameValue":null}
04-28 06:06:31.310 I/Gecko   (   84): 1398690391327	Marionette	INFO	sendToClient: {"from":"0","ok":true}, {6434c1eb-156f-44e9-a4da-ea0180f1b48a}, {6434c1eb-156f-44e9-a4da-ea0180f1b48a}
04-28 06:06:31.320 I/Gecko   (   84): 1398690391334	Marionette	DEBUG	Got request: switchToFrame, data: {"to":"0","sessionId":"3-b2g","name":"switchToFrame","parameters":{"id":null,"focus":true}}, id: {73c95503-0117-47d1-b101-36bdc22ac59e}
04-28 06:06:31.330 I/Gecko   (   84): 1398690391343	Marionette	INFO	Switched to frame: {"frameValue":null}
04-28 06:06:31.440 I/Gecko   (   84): 1398690391448	Marionette	INFO	sendToClient: {"from":"0","ok":true}, {73c95503-0117-47d1-b101-36bdc22ac59e}, {73c95503-0117-47d1-b101-36bdc22ac59e}
04-28 06:06:31.440 I/Gecko   (   84): 1398690391454	Marionette	DEBUG	Got request: executeWithCallback, data: {"to":"0","sessionId":"3-b2g","name":"executeAsyncScript","parameters":{"specialPowers":false,"scriptTimeout":null,"newSandbox":true,"args":[],"filename":"gaia_test.py","script":"return GaiaApps.displayedApp();","line":66}}, id: {182e3ac9-dad7-46de-addf-819ee3caa68b}
04-28 06:06:31.500 I/Gecko   (   84): 1398690391514	Marionette	INFO	sendToClient: {"from":"0","value":{"frame":{"ELEMENT":"{0f6bf66f-6923-4061-8028-7a2ba5c1109f}"},"src":"app://homescreen.gaiamobile.org/index.html#root","name":"Homescreen","origin":"app://homescreen.gaiamobile.org"}}, {182e3ac9-dad7-46de-addf-819ee3caa68b}, {182e3ac9-dad7-46de-addf-819ee3caa68b}
04-28 06:06:31.510 E/GeckoConsole(   84): Content JS LOG at dummy file:392 in GaiaApps.displayedApp: app with origin 'app://homescreen.gaiamobile.org' is displayed
04-28 06:06:31.510 I/Gecko   (   84): 1398690391525	Marionette	DEBUG	Got request: switchToFrame, data: {"to":"0","sessionId":"3-b2g","name":"switchToFrame","parameters":{"focus":true,"element":"{0f6bf66f-6923-4061-8028-7a2ba5c1109f}"}}, id: {e2a6a975-e379-4a36-8bab-d3408803208a}
04-28 06:06:31.520 I/Gecko   (   84): 1398690391533	Marionette	INFO	Switched to frame: {"frameValue":"{0f6bf66f-6923-4061-8028-7a2ba5c1109f}"}
04-28 06:06:31.550 I/Gecko   (   84): 1398690391568	Marionette	INFO	frame-manager load script: [object ChromeMessageSender]
04-28 06:06:32.510 I/Gecko   (   84): 1398690392521	Marionette	INFO	sendToClient: {"from":"0","ok":true}, {e2a6a975-e379-4a36-8bab-d3408803208a}, {e2a6a975-e379-4a36-8bab-d3408803208a}
04-28 06:06:32.930 I/Gecko   (   84): 1398690392943	Marionette	INFO	sendToClient: {"from":"0","value":{"ELEMENT":"{57ccd97a-ece9-4789-b5d1-f2322a538b47}"}}, {549dd363-e4ca-41e6-8c9d-47101b76a2ee}, {549dd363-e4ca-41e6-8c9d-47101b76a2ee}
04-28 06:06:32.980 E/GeckoConsole(  360): Content JS ERROR at app://homescreen.gaiamobile.org/gaia_build_defer_index.js:390 in loadSVConfFileError: Failed parsing singleVariant configuration file [js/singlevariantconf.json]:  [Exception... "File error: Not found"  nsresult: "0x80520012 (NS_ERROR_FILE_NOT_FOUND)"  location: "JS frame :: app://homescreen.gaiamobile.org/gaia_build_defer_index.js :: loadFile :: line 382"  data: no]
04-28 06:06:33.050 E/GeckoConsole(  360): [JavaScript Warning: "Use of getAttributeNode() is deprecated. Use getAttribute() instead." {file: "chrome://marionette/content/atoms.js" line: 25}]
04-28 06:06:33.050 E/GeckoConsole(  360): [JavaScript Warning: "Use of attributes' specified attribute is deprecated. It always returns true." {file: "chrome://marionette/content/atoms.js" line: 25}]
04-28 06:06:33.050 I/Gecko   (   84): 1398690393066	Marionette	INFO	sendToClient: {"from":"0","value":"normal"}, {230c4e9d-1750-44f4-a087-3885e44fce4b}, {230c4e9d-1750-44f4-a087-3885e44fce4b}
04-28 06:06:33.070 I/Gecko   (   84): 1398690393081	Marionette	DEBUG	Got request: switchToFrame, data: {"to":"0","sessionId":"3-b2g","name":"switchToFrame","parameters":{"id":null,"focus":true}}, id: {1a915b8a-1f82-4d80-abf7-671091cc3442}
04-28 06:06:33.080 I/Gecko   (   84): 1398690393097	Marionette	INFO	Switched to frame: {"frameValue":null}
04-28 06:06:33.190 I/Gecko   (   84): 1398690393204	Marionette	INFO	sendToClient: {"from":"0","ok":true}, {1a915b8a-1f82-4d80-abf7-671091cc3442}, {1a915b8a-1f82-4d80-abf7-671091cc3442}
04-28 06:06:33.200 I/Gecko   (   84): 1398690393211	Marionette	DEBUG	Got request: execute, data: {"to":"0","sessionId":"3-b2g","name":"executeScript","parameters":{"specialPowers":false,"scriptTimeout":null,"newSandbox":true,"args":[],"filename":"gaia_test.py","script":"window.wrappedJSObject.dispatchEvent(new Event('home'));","line":788}}, id: {de16d331-7fdd-467d-a8ae-6506ae859fe9}
04-28 06:06:33.280 I/Gecko   (   84): 1398690393291	Marionette	INFO	sendToClient: {"from":"0","value":null}, {de16d331-7fdd-467d-a8ae-6506ae859fe9}, {de16d331-7fdd-467d-a8ae-6506ae859fe9}
04-28 06:06:33.280 I/Gecko   (   84): 1398690393297	Marionette	DEBUG	Got request: switchToFrame, data: {"to":"0","sessionId":"3-b2g","name":"switchToFrame","parameters":{"id":null,"focus":true}}, id: {97266805-3d57-4a5c-9ccb-891cf8e65326}
04-28 06:06:33.290 I/Gecko   (   84): 1398690393300	Marionette	INFO	Switched to frame: {"frameValue":null}
04-28 06:06:33.410 I/Gecko   (   84): 1398690393421	Marionette	INFO	sendToClient: {"from":"0","ok":true}, {97266805-3d57-4a5c-9ccb-891cf8e65326}, {97266805-3d57-4a5c-9ccb-891cf8e65326}
04-28 06:06:33.420 I/Gecko   (   84): 1398690393437	Marionette	DEBUG	Got request: switchToFrame, data: {"to":"0","sessionId":"3-b2g","name":"switchToFrame","parameters":{"id":null,"focus":true}}, id: {36c7d170-b77f-444b-a353-ab29f26a88f2}
04-28 06:06:33.430 I/Gecko   (   84): 1398690393439	Marionette	INFO	Switched to frame: {"frameValue":null}
04-28 06:06:33.530 I/Gecko   (   84): 1398690393542	Marionette	INFO	sendToClient: {"from":"0","ok":true}, {36c7d170-b77f-444b-a353-ab29f26a88f2}, {36c7d170-b77f-444b-a353-ab29f26a88f2}
04-28 06:06:33.530 I/Gecko   (   84): 1398690393547	Marionette	DEBUG	Got request: executeWithCallback, data: {"to":"0","sessionId":"3-b2g","name":"executeAsyncScript","parameters":{"specialPowers":false,"scriptTimeout":null,"newSandbox":true,"args":[],"filename":"gaia_test.py","script":"return GaiaApps.displayedApp();","line":66}}, id: {13d59df0-f27a-491d-9491-f54e11d5ee3d}
04-28 06:06:33.590 I/Gecko   (   84): 1398690393602	Marionette	INFO	sendToClient: {"from":"0","value":{"frame":{"ELEMENT":"{0f6bf66f-6923-4061-8028-7a2ba5c1109f}"},"src":"app://homescreen.gaiamobile.org/index.html#rootMon%20Apr%2028%202014%2006:06:33%20GMT-0700%20(UTC)","name":"Homescreen","origin":"app://homescreen.gaiamobile.org"}}, {13d59df0-f27a-491d-9491-f54e11d5ee3d}, {13d59df0-f27a-491d-9491-f54e11d5ee3d}
04-28 06:06:33.610 E/GeckoConsole(   84): Content JS LOG at dummy file:392 in GaiaApps.displayedApp: app with origin 'app://homescreen.gaiamobile.org' is displayed
04-28 06:06:33.610 I/Gecko   (   84): 1398690393626	Marionette	DEBUG	Got request: switchToFrame, data: {"to":"0","sessionId":"3-b2g","name":"switchToFrame","parameters":{"focus":true,"element":"{0f6bf66f-6923-4061-8028-7a2ba5c1109f}"}}, id: {853f846d-cfdd-4901-af1f-7d2a9210651e}
04-28 06:06:33.630 I/Gecko   (   84): 1398690393639	Marionette	INFO	Switched to frame: {"frameValue":"{0f6bf66f-6923-4061-8028-7a2ba5c1109f}"}
04-28 06:06:33.630 I/Gecko   (   84): 1398690393641	Marionette	INFO	trying remote frame 0
04-28 06:06:33.710 I/Gecko   (   84): 1398690393718	Marionette	INFO	sendToClient: {"from":"0","ok":true}, {853f846d-cfdd-4901-af1f-7d2a9210651e}, {853f846d-cfdd-4901-af1f-7d2a9210651e}
04-28 06:06:33.710 I/Gecko   (   84): 1398690393724	Marionette	DEBUG	Got request: execute, data: {"to":"0","sessionId":"3-b2g","name":"executeScript","parameters":{"specialPowers":false,"scriptTimeout":null,"newSandbox":true,"args":[],"filename":"gaia_test.py","script":"return window.wrappedJSObject.GridManager.pageHelper.getCurrentPageNumber();","line":784}}, id: {3f75441e-e1cf-4628-8956-ceacb44501be}
04-28 06:06:33.820 I/Gecko   (   84): 1398690393837	Marionette	INFO	sendToClient: {"from":"0","value":0}, {3f75441e-e1cf-4628-8956-ceacb44501be}, {3f75441e-e1cf-4628-8956-ceacb44501be}
04-28 06:06:34.120 I/Gecko   (   84): 1398690394132	Marionette	INFO	sendToClient: {"from":"0","value":["{647fbee4-6832-4a4e-af17-e4acef42f0e4}","{7ef725b7-1d84-49b8-b7d0-95321572fccc}","{218d1307-c25d-4e61-8840-1e3d0e659e5e}","{b75b8a9e-52fe-49ac-af4b-16b4a79ccb59}","{95ca0c49-299f-408f-8ba2-43281cb99dea}","{cee6ef96-3016-4211-ba7b-3fdc966dd4aa}","{07252a7f-85ac-4de0-801a-fb8f4059aa04}","{34c77db2-e8ab-4bed-8d31-74b1c22b9753}","{75513d2c-16f6-4bab-9e95-f745fc0ff1cb}","{8e9694d5-bb1d-48e4-9edc-3c0c7c7f43ac}","{ce2802ff-c513-40cf-95c5-dfda570ad44b}","{33016e7e-e499-47e4-a459-e578955a3862}","{6e1d67d6-d4cb-4047-b702-9b003550525b}","{04e60ae1-f648-472a-89c3-2e5c6464d159}","{99c2071e-7237-4a7d-9a52-2d0a64e175fb}","{31a349ca-bc85-4536-a33a-320081bce4fb}","{0da42ec6-34e7-41e3-8194-b047dbc5911e}","{db05a33f-76f7-414f-8a6a-fbdd99f31936}","{895e46b4-238d-491c-96f1-b62e39806d02}","{5d2a832a-1ad6-453b-8594-5273965600cf}","{17dbe746-1ea1-4108-ae8d-13540c320745}","{83f68006-8227-40b9-b4aa-b29e491829b5}","{0e5f5e8a-ec7c-4c5f-8beb-219ee28769d2}","{121d37dd-6d1f
04-28 06:06:34.540 I/Gecko   (   84): 1398690394552	Marionette	INFO	sendToClient: {"from":"0","value":"app://homescreen.gaiamobile.org/index.html#rootMon%20Apr%2028%202014%2006:06:33%20GMT-0700%20(UTC)"}, {21236ab1-b17c-41bb-92c8-dc2a52dfbee4}, {21236ab1-b17c-41bb-92c8-dc2a52dfbee4}
04-28 06:06:34.540 I/Gecko   (   84): 1398690394557	Marionette	DEBUG	Got request: switchToFrame, data: {"to":"0","sessionId":"3-b2g","name":"switchToFrame","parameters":{"id":null,"focus":true}}, id: {dfd7dfe0-273e-4b34-801f-d3f7e5574629}
04-28 06:06:34.550 I/Gecko   (   84): 1398690394566	Marionette	INFO	Switched to frame: {"frameValue":null}
04-28 06:06:34.660 I/Gecko   (   84): 1398690394673	Marionette	INFO	sendToClient: {"from":"0","ok":true}, {dfd7dfe0-273e-4b34-801f-d3f7e5574629}, {dfd7dfe0-273e-4b34-801f-d3f7e5574629}
04-28 06:06:34.670 I/Gecko   (   84): 1398690394683	Marionette	DEBUG	Got request: switchToFrame, data: {"to":"0","sessionId":"3-b2g","name":"switchToFrame","parameters":{"id":null,"focus":true}}, id: {3b40e244-1262-4c36-a823-3bfa082bad3c}
04-28 06:06:34.670 I/Gecko   (   84): 1398690394687	Marionette	INFO	Switched to frame: {"frameValue":null}
04-28 06:06:34.780 I/Gecko   (   84): 1398690394794	Marionette	INFO	sendToClient: {"from":"0","ok":true}, {3b40e244-1262-4c36-a823-3bfa082bad3c}, {3b40e244-1262-4c36-a823-3bfa082bad3c}
04-28 06:06:34.790 I/Gecko   (   84): 1398690394799	Marionette	DEBUG	Got request: executeWithCallback, data: {"to":"0","sessionId":"3-b2g","name":"executeAsyncScript","parameters":{"specialPowers":false,"scriptTimeout":30000,"newSandbox":true,"args":[],"filename":"app_checker.py","script":"GaiaApps.launchWithManifestURL('http://mackapp.com.br/mobile/mackenzie.webapp')","line":106}}, id: {8f3f55bf-117a-4c83-9cf4-4c02bc985fe1}
04-28 06:06:34.840 I/Gecko   (   84): 1398690394850	Marionette	INFO	sendToClient: {"from":"0","error":{"message":"TypeError: app is null","status":17,"stacktrace":"execute_async_script @app_checker.py, line 106\ninline javascript, line 221\nsrc: \"      appName = app.manifest.name;\""}}, {8f3f55bf-117a-4c83-9cf4-4c02bc985fe1}, {8f3f55bf-117a-4c83-9cf4-4c02bc985fe1}
04-28 06:06:34.850 I/Gecko   (   84): 1398690394862	Marionette	DEBUG	Got request: switchToFrame, data: {"to":"0","sessionId":"3-b2g","name":"switchToFrame","parameters":{"id":null,"focus":true}}, id: {5a6b1ed1-9a4b-4259-ac3a-8039177ce512}
04-28 06:06:34.850 I/Gecko   (   84): 1398690394864	Marionette	INFO	Switched to frame: {"frameValue":null}
04-28 06:06:34.950 I/Gecko   (   84): 1398690394967	Marionette	INFO	sendToClient: {"from":"0","ok":true}, {5a6b1ed1-9a4b-4259-ac3a-8039177ce512}, {5a6b1ed1-9a4b-4259-ac3a-8039177ce512}
04-28 06:06:34.960 I/Gecko   (   84): 1398690394974	Marionette	DEBUG	Got request: executeWithCallback, data: {"to":"0","sessionId":"3-b2g","name":"executeAsyncScript","parameters":{"specialPowers":false,"scriptTimeout":60000,"newSandbox":true,"args":[],"filename":"app_checker.py","script":"\n        GaiaApps.locateWithManifestURL('http://mackapp.com.br/mobile/mackenzie.webapp',\n                                       null,\n                                       function uninstall(app) {\n                                       navigator.mozApps.mgmt.uninstall(app);\n                                       marionetteScriptFinished(true);\n                                       });\n        ","line":129}}, id: {ce5cb6d0-45dd-4e6b-b25c-66ba5511694e}
04-28 06:06:35.010 I/Gecko   (   84): 1398690395021	Marionette	INFO	sendToClient: {"from":"0","error":{"message":"TypeError: app is null","status":17,"stacktrace":"execute_async_script @app_checker.py, line 129\ninline javascript, line 221\nsrc: \"      appName = app.manifest.name;\""}}, {ce5cb6d0-45dd-4e6b-b25c-66ba5511694e}, {ce5cb6d0-45dd-4e6b-b25c-66ba5511694e}