--------- beginning of /dev/log/main
04-25 21:32:40.986 E/GeckoConsole( 4156): [JavaScript Warning: "Unknown property 'user-select'.  Declaration dropped." {file: "app://{e4e2a8d9-aec9-4c7d-a730-55860451a2d0}/style-100.css" line: 1527 column: 13 source: "  user-select: none;"}]
04-25 21:32:40.986 E/GeckoConsole( 4156): [JavaScript Warning: "Unknown property 'box-sizing'.  Declaration dropped." {file: "app://{e4e2a8d9-aec9-4c7d-a730-55860451a2d0}/style-100.css" line: 1552 column: 12 source: "  box-sizing: border-box;"}]
04-25 21:32:40.986 E/GeckoConsole( 4156): [JavaScript Warning: "Unknown property 'box-sizing'.  Declaration dropped." {file: "app://{e4e2a8d9-aec9-4c7d-a730-55860451a2d0}/style-100.css" line: 1578 column: 12 source: "  box-sizing: border-box;"}]
04-25 21:32:40.986 E/GeckoConsole( 4156): [JavaScript Warning: "Unknown property 'user-select'.  Declaration dropped." {file: "app://{e4e2a8d9-aec9-4c7d-a730-55860451a2d0}/style-100.css" line: 1616 column: 13 source: "  user-select: none;"}]
04-25 21:32:40.986 E/GeckoConsole( 4156): [JavaScript Warning: "Unknown property 'box-sizing'.  Declaration dropped." {file: "app://{e4e2a8d9-aec9-4c7d-a730-55860451a2d0}/style-100.css" line: 1671 column: 12 source: "  box-sizing: border-box;"}]
04-25 21:32:40.986 E/GeckoConsole( 4156): [JavaScript Warning: "Unknown property '-moz-box-shadow'.  Declaration dropped." {file: "app://{e4e2a8d9-aec9-4c7d-a730-55860451a2d0}/style-100.css" line: 1686 column: 17 source: "  -moz-box-shadow: none;"}]
04-25 21:32:40.986 E/GeckoConsole( 4156): [JavaScript Warning: "Unknown pseudo-class or pseudo-element '-webkit-input-placeholder'.  Ruleset ignored due to bad selector." {file: "app://{e4e2a8d9-aec9-4c7d-a730-55860451a2d0}/style-100.css" line: 1689 column: 20 source: ".flat-edit > input::-webkit-input-placeholder,"}]
04-25 21:32:40.986 E/GeckoConsole( 4156): [JavaScript Warning: "Unknown property '-moz-border-radius'.  Declaration dropped." {file: "app://{e4e2a8d9-aec9-4c7d-a730-55860451a2d0}/style-100.css" line: 1717 column: 20 source: "  -moz-border-radius: 50%;"}]
04-25 21:32:40.996 E/GeckoConsole( 4156): [JavaScript Warning: "Unknown property '-moz-background-clip'.  Declaration dropped." {file: "app://{e4e2a8d9-aec9-4c7d-a730-55860451a2d0}/style-100.css" line: 1720 column: 22 source: "  -moz-background-clip: padding;"}]
04-25 21:32:40.996 E/GeckoConsole( 4156): [JavaScript Warning: "Unknown property '-moz-background-size'.  Declaration dropped." {file: "app://{e4e2a8d9-aec9-4c7d-a730-55860451a2d0}/style-100.css" line: 1769 column: 22 source: "  -moz-background-size: cover;"}]
04-25 21:32:40.996 E/GeckoConsole( 4156): [JavaScript Warning: "Unknown property 'user-select'.  Declaration dropped." {file: "app://{e4e2a8d9-aec9-4c7d-a730-55860451a2d0}/style-100.css" line: 1809 column: 13 source: "  user-select: none;"}]
04-25 21:32:40.996 E/GeckoConsole( 4156): [JavaScript Warning: "Unknown property 'box-sizing'.  Declaration dropped." {file: "app://{e4e2a8d9-aec9-4c7d-a730-55860451a2d0}/style-100.css" line: 1834 column: 12 source: "  box-sizing: border-box;"}]
04-25 21:32:40.996 E/GeckoConsole( 4156): [JavaScript Warning: "Unknown property '-moz-border-radius'.  Declaration dropped." {file: "app://{e4e2a8d9-aec9-4c7d-a730-55860451a2d0}/style-100.css" line: 1875 column: 20 source: "  -moz-border-radius: 3px;"}]
04-25 21:32:40.996 E/GeckoConsole( 4156): [JavaScript Warning: "Unknown property '-moz-background-clip'.  Declaration dropped." {file: "app://{e4e2a8d9-aec9-4c7d-a730-55860451a2d0}/style-100.css" line: 1878 column: 22 source: "  -moz-background-clip: padding;"}]
04-25 21:32:40.996 E/GeckoConsole( 4156): [JavaScript Warning: "Unknown property 'box-sizing'.  Declaration dropped." {file: "app://{e4e2a8d9-aec9-4c7d-a730-55860451a2d0}/style-100.css" line: 1882 column: 12 source: "  box-sizing: border-box;"}]
04-25 21:32:40.996 E/GeckoConsole( 4156): [JavaScript Warning: "Unknown property '-moz-border-radius'.  Declaration dropped." {file: "app://{e4e2a8d9-aec9-4c7d-a730-55860451a2d0}/style-100.css" line: 1995 column: 20 source: "  -moz-border-radius: 3px;"}]
04-25 21:32:40.996 E/GeckoConsole( 4156): [JavaScript Warning: "Unknown property '-moz-background-clip'.  Declaration dropped." {file: "app://{e4e2a8d9-aec9-4c7d-a730-55860451a2d0}/style-100.css" line: 1998 column: 22 source: "  -moz-background-clip: padding;"}]
04-25 21:32:40.996 E/GeckoConsole( 4156): [JavaScript Warning: "Unknown property 'box-sizing'.  Declaration dropped." {file: "app://{e4e2a8d9-aec9-4c7d-a730-55860451a2d0}/style-100.css" line: 2005 column: 12 source: "  box-sizing: border-box;"}]
04-25 21:32:40.996 E/GeckoConsole( 4156): [JavaScript Warning: "Unknown property 'box-sizing'.  Declaration dropped." {file: "app://{e4e2a8d9-aec9-4c7d-a730-55860451a2d0}/style-100.css" line: 2026 column: 12 source: "  box-sizing: border-box;"}]
04-25 21:32:40.996 E/GeckoConsole( 4156): [JavaScript Warning: "Unknown property '-moz-border-radius'.  Declaration dropped." {file: "app://{e4e2a8d9-aec9-4c7d-a730-55860451a2d0}/style-100.css" line: 2150 column: 20 source: "  -moz-border-radius: 3px;"}]
04-25 21:32:40.996 E/GeckoConsole( 4156): [JavaScript Warning: "Unknown property '-moz-background-clip'.  Declaration dropped." {file: "app://{e4e2a8d9-aec9-4c7d-a730-55860451a2d0}/style-100.css" line: 2153 column: 22 source: "  -moz-background-clip: padding;"}]
04-25 21:32:40.996 E/GeckoConsole( 4156): [JavaScript Warning: "Unknown property '-moz-border-radius'.  Declaration dropped." {file: "app://{e4e2a8d9-aec9-4c7d-a730-55860451a2d0}/style-100.css" line: 2197 column: 20 source: "  -moz-border-radius: 3px;"}]
04-25 21:32:40.996 E/GeckoConsole( 4156): [JavaScript Warning: "Unknown property '-moz-background-clip'.  Declaration dropped." {file: "app://{e4e2a8d9-aec9-4c7d-a730-55860451a2d0}/style-100.css" line: 2200 column: 22 source: "  -moz-background-clip: padding;"}]
04-25 21:32:41.006 E/GeckoConsole( 4156): [JavaScript Warning: "Unknown property 'box-sizing'.  Declaration dropped." {file: "app://{e4e2a8d9-aec9-4c7d-a730-55860451a2d0}/style-100.css" line: 2403 column: 12 source: "  box-sizing: border-box;"}]
04-25 21:32:41.006 E/GeckoConsole( 4156): [JavaScript Warning: "Unknown property 'user-select'.  Declaration dropped." {file: "app://{e4e2a8d9-aec9-4c7d-a730-55860451a2d0}/style-120.css" line: 43 column: 13 source: "  user-select: none;"}]
04-25 21:32:41.006 E/GeckoConsole( 4156): [JavaScript Warning: "Unknown property 'user-select'.  Declaration dropped." {file: "app://{e4e2a8d9-aec9-4c7d-a730-55860451a2d0}/style-120.css" line: 64 column: 13 source: "  user-select: none;"}]
04-25 21:32:41.006 E/GeckoConsole( 4156): [JavaScript Warning: "Unknown property 'box-sizing'.  Declaration dropped." {file: "app://{e4e2a8d9-aec9-4c7d-a730-55860451a2d0}/style-120.css" line: 122 column: 12 source: "  box-sizing: border-box;"}]
04-25 21:32:41.006 E/GeckoConsole( 4156): [JavaScript Warning: "Unknown property '-moz-box-shadow'.  Declaration dropped." {file: "app://{e4e2a8d9-aec9-4c7d-a730-55860451a2d0}/style-120.css" line: 144 column: 17 source: "  -moz-box-shadow: 0 0 33.6px rgba(0, 0, 0, 0.7);"}]
04-25 21:32:41.006 E/GeckoConsole( 4156): [JavaScript Warning: "Unknown property '-moz-border-radius'.  Declaration dropped." {file: "app://{e4e2a8d9-aec9-4c7d-a730-55860451a2d0}/style-120.css" line: 147 column: 20 source: "  -moz-border-radius: 3.4px;"}]
04-25 21:32:41.006 E/GeckoConsole( 4156): [JavaScript Warning: "Unknown property '-moz-background-clip'.  Declaration dropped." {file: "app://{e4e2a8d9-aec9-4c7d-a730-55860451a2d0}/style-120.css" line: 150 column: 22 source: "  -moz-background-clip: padding;"}]
04-25 21:32:41.006 E/GeckoConsole( 4156): [JavaScript Warning: "Unknown property 'box-sizing'.  Declaration dropped." {file: "app://{e4e2a8d9-aec9-4c7d-a730-55860451a2d0}/style-120.css" line: 173 column: 12 source: "  box-sizing: border-box;"}]
04-25 21:32:41.006 E/GeckoConsole( 4156): [JavaScript Warning: "Unknown property '-moz-border-radius'.  Declaration dropped." {file: "app://{e4e2a8d9-aec9-4c7d-a730-55860451a2d0}/style-120.css" line: 203 column: 20 source: "  -moz-border-radius: 50%;"}]
04-25 21:32:41.006 E/GeckoConsole( 4156): [JavaScript Warning: "Unknown property '-moz-background-clip'.  Declaration dropped." {file: "app://{e4e2a8d9-aec9-4c7d-a730-55860451a2d0}/style-120.css" line: 206 column: 22 source: "  -moz-background-clip: padding;"}]
04-25 21:32:41.006 E/GeckoConsole( 4156): [JavaScript Warning: "Unknown property '-moz-border-radius'.  Declaration dropped." {file: "app://{e4e2a8d9-aec9-4c7d-a730-55860451a2d0}/style-120.css" line: 217 column: 20 source: "  -moz-border-radius: 50%;"}]
04-25 21:32:41.006 E/GeckoConsole( 4156): [JavaScript Warning: "Unknown property '-moz-background-clip'.  Declaration dropped." {file: "app://{e4e2a8d9-aec9-4c7d-a730-55860451a2d0}/style-120.css" line: 220 column: 22 source: "  -moz-background-clip: padding;"}]
04-25 21:32:41.016 E/GeckoConsole( 4156): [JavaScript Warning: "Unknown property '-moz-border-radius'.  Declaration dropped." {file: "app://{e4e2a8d9-aec9-4c7d-a730-55860451a2d0}/style-120.css" line: 367 column: 20 source: "  -moz-border-radius: 3.4px;"}]
04-25 21:32:41.016 E/GeckoConsole( 4156): [JavaScript Warning: "Unknown property '-moz-background-clip'.  Declaration dropped." {file: "app://{e4e2a8d9-aec9-4c7d-a730-55860451a2d0}/style-120.css" line: 370 column: 22 source: "  -moz-background-clip: padding;"}]
04-25 21:32:41.016 E/GeckoConsole( 4156): [JavaScript Warning: "Unknown property 'box-sizing'.  Declaration dropped." {file: "app://{e4e2a8d9-aec9-4c7d-a730-55860451a2d0}/style-120.css" line: 374 column: 12 source: "  box-sizing: border-box;"}]
04-25 21:32:41.016 E/GeckoConsole( 4156): [JavaScript Warning: "Expected 'none' or URL but found 'alpha('.  Error in parsing value for 'filter'.  Declaration dropped." {file: "app://{e4e2a8d9-aec9-4c7d-a730-55860451a2d0}/style-120.css" line: 403 column: 10 source: "  filter: alpha(opacity=0);"}]
04-25 21:32:41.016 E/GeckoConsole( 4156): [JavaScript Warning: "Unknown property 'box-sizing'.  Declaration dropped." {file: "app://{e4e2a8d9-aec9-4c7d-a730-55860451a2d0}/style-120.css" line: 431 column: 12 source: "  box-sizing: border-box;"}]
04-25 21:32:41.016 E/GeckoConsole( 4156): [JavaScript Warning: "Unknown property '-moz-border-radius'.  Declaration dropped." {file: "app://{e4e2a8d9-aec9-4c7d-a730-55860451a2d0}/style-120.css" line: 446 column: 20 source: "  -moz-border-radius: 50%;"}]
04-25 21:32:41.016 E/GeckoConsole( 4156): [JavaScript Warning: "Unknown property '-moz-background-clip'.  Declaration dropped." {file: "app://{e4e2a8d9-aec9-4c7d-a730-55860451a2d0}/style-120.css" line: 449 column: 22 source: "  -moz-background-clip: padding;"}]
04-25 21:32:41.016 E/GeckoConsole( 4156): [JavaScript Warning: "Unknown property 'user-select'.  Declaration dropped." {file: "app://{e4e2a8d9-aec9-4c7d-a730-55860451a2d0}/style-120.css" line: 478 column: 13 source: "  user-select: none;"}]
04-25 21:32:41.016 E/GeckoConsole( 4156): [JavaScript Warning: "Unknown property 'box-sizing'.  Declaration dropped." {file: "app://{e4e2a8d9-aec9-4c7d-a730-55860451a2d0}/style-120.css" line: 503 column: 12 source: "  box-sizing: border-box;"}]
04-25 21:32:41.016 E/GeckoConsole( 4156): [JavaScript Warning: "Unknown property 'user-select'.  Declaration dropped." {file: "app://{e4e2a8d9-aec9-4c7d-a730-55860451a2d0}/style-120.css" line: 547 column: 13 source: "  user-select: text;"}]
04-25 21:32:41.016 E/GeckoConsole( 4156): [JavaScript Warning: "Unknown property 'user-select'.  Declaration dropped." {file: "app://{e4e2a8d9-aec9-4c7d-a730-55860451a2d0}/style-120.css" line: 558 column: 13 source: "  user-select: none;"}]
04-25 21:32:41.016 E/GeckoConsole( 4156): [JavaScript Warning: "Unknown property 'box-sizing'.  Declaration dropped." {file: "app://{e4e2a8d9-aec9-4c7d-a730-55860451a2d0}/style-120.css" line: 583 column: 12 source: "  box-sizing: border-box;"}]
04-25 21:32:41.016 E/GeckoConsole( 4156): [JavaScript Warning: "Unknown property '-moz-border-radius'.  Declaration dropped." {file: "app://{e4e2a8d9-aec9-4c7d-a730-55860451a2d0}/style-120.css" line: 638 column: 20 source: "  -moz-border-radius: 3.4px;"}]
04-25 21:32:41.016 E/GeckoConsole( 4156): [JavaScript Warning: "Unknown property '-moz-background-clip'.  Declaration dropped." {file: "app://{e4e2a8d9-aec9-4c7d-a730-55860451a2d0}/style-120.css" line: 641 column: 22 source: "  -moz-background-clip: padding;"}]
04-25 21:32:41.016 E/GeckoConsole( 4156): [JavaScript Warning: "Unknown property '-moz-border-radius'.  Declaration dropped." {file: "app://{e4e2a8d9-aec9-4c7d-a730-55860451a2d0}/style-120.css" line: 652 column: 20 source: "  -moz-border-radius: 3.4px;"}]
04-25 21:32:41.026 E/GeckoConsole( 4156): [JavaScript Warning: "Unknown property '-moz-background-clip'.  Declaration dropped." {file: "app://{e4e2a8d9-aec9-4c7d-a730-55860451a2d0}/style-120.css" line: 655 column: 22 source: "  -moz-background-clip: padding;"}]
04-25 21:32:41.026 E/GeckoConsole( 4156): [JavaScript Warning: "Unknown property 'box-sizing'.  Declaration dropped." {file: "app://{e4e2a8d9-aec9-4c7d-a730-55860451a2d0}/style-120.css" line: 756 column: 12 source: "  box-sizing: border-box;"}]
04-25 21:32:41.026 E/GeckoConsole( 4156): [JavaScript Warning: "Unknown property 'box-sizing'.  Declaration dropped." {file: "app://{e4e2a8d9-aec9-4c7d-a730-55860451a2d0}/style-120.css" line: 921 column: 12 source: "  box-sizing: border-box;"}]
04-25 21:32:41.026 E/GeckoConsole( 4156): [JavaScript Warning: "Unknown property 'box-sizing'.  Declaration dropped." {file: "app://{e4e2a8d9-aec9-4c7d-a730-55860451a2d0}/style-120.css" line: 943 column: 12 source: "  box-sizing: border-box;"}]
04-25 21:32:41.026 E/GeckoConsole( 4156): [JavaScript Warning: "Unknown property '-moz-border-radius'.  Declaration dropped." {file: "app://{e4e2a8d9-aec9-4c7d-a730-55860451a2d0}/style-120.css" line: 977 column: 20 source: "  -moz-border-radius: 3.4px;"}]
04-25 21:32:41.026 E/GeckoConsole( 4156): [JavaScript Warning: "Unknown property '-moz-background-clip'.  Declaration dropped." {file: "app://{e4e2a8d9-aec9-4c7d-a730-55860451a2d0}/style-120.css" line: 980 column: 22 source: "  -moz-background-clip: padding;"}]
04-25 21:32:41.026 E/GeckoConsole( 4156): [JavaScript Warning: "Unknown property 'box-sizing'.  Declaration dropped." {file: "app://{e4e2a8d9-aec9-4c7d-a730-55860451a2d0}/style-120.css" line: 984 column: 12 source: "  box-sizing: border-box;"}]
04-25 21:32:41.026 E/GeckoConsole( 4156): [JavaScript Warning: "Unknown property '-moz-border-radius'.  Declaration dropped." {file: "app://{e4e2a8d9-aec9-4c7d-a730-55860451a2d0}/style-120.css" line: 1022 column: 20 source: "  -moz-border-radius: 50%;"}]
04-25 21:32:41.026 E/GeckoConsole( 4156): [JavaScript Warning: "Unknown property '-moz-background-clip'.  Declaration dropped." {file: "app://{e4e2a8d9-aec9-4c7d-a730-55860451a2d0}/style-120.css" line: 1025 column: 22 source: "  -moz-background-clip: padding;"}]
04-25 21:32:41.026 E/GeckoConsole( 4156): [JavaScript Warning: "Unknown property '-moz-box-shadow'.  Declaration dropped." {file: "app://{e4e2a8d9-aec9-4c7d-a730-55860451a2d0}/style-120.css" line: 1045 column: 17 source: "  -moz-box-shadow: 0 0 48px rgba(0, 0, 0, 0.65);"}]
04-25 21:32:41.026 E/GeckoConsole( 4156): [JavaScript Warning: "Unknown property '-moz-border-radius'.  Declaration dropped." {file: "app://{e4e2a8d9-aec9-4c7d-a730-55860451a2d0}/style-120.css" line: 1068 column: 20 source: "  -moz-border-radius: 3.4px;"}]
04-25 21:32:41.026 E/GeckoConsole( 4156): [JavaScript Warning: "Unknown property '-moz-background-clip'.  Declaration dropped." {file: "app://{e4e2a8d9-aec9-4c7d-a730-55860451a2d0}/style-120.css" line: 1071 column: 22 source: "  -moz-background-clip: padding;"}]
04-25 21:32:41.026 E/GeckoConsole( 4156): [JavaScript Warning: "Unknown property 'box-sizing'.  Declaration dropped." {file: "app://{e4e2a8d9-aec9-4c7d-a730-55860451a2d0}/style-120.css" line: 1075 column: 12 source: "  box-sizing: border-box;"}]
04-25 21:32:41.026 E/GeckoConsole( 4156): [JavaScript Warning: "Unknown property '-moz-border-radius'.  Declaration dropped." {file: "app://{e4e2a8d9-aec9-4c7d-a730-55860451a2d0}/style-120.css" line: 1095 column: 20 source: "  -moz-border-radius: 50%;"}]
04-25 21:32:41.026 E/GeckoConsole( 4156): [JavaScript Warning: "Unknown property '-moz-background-clip'.  Declaration dropped." {file: "app://{e4e2a8d9-aec9-4c7d-a730-55860451a2d0}/style-120.css" line: 1098 column: 22 source: "  -moz-background-clip: padding;"}]
04-25 21:32:41.026 E/GeckoConsole( 4156): [JavaScript Warning: "Unknown property '-moz-border-radius'.  Declaration dropped." {file: "app://{e4e2a8d9-aec9-4c7d-a730-55860451a2d0}/style-120.css" line: 1117 column: 20 source: "  -moz-border-radius: 50%;"}]
04-25 21:32:41.026 E/GeckoConsole( 4156): [JavaScript Warning: "Unknown property '-moz-background-clip'.  Declaration dropped." {file: "app://{e4e2a8d9-aec9-4c7d-a730-55860451a2d0}/style-120.css" line: 1120 column: 22 source: "  -moz-background-clip: padding;"}]
04-25 21:32:41.036 E/GeckoConsole( 4156): [JavaScript Warning: "Unknown property '-moz-border-radius'.  Declaration dropped." {file: "app://{e4e2a8d9-aec9-4c7d-a730-55860451a2d0}/style-120.css" line: 1214 column: 20 source: "  -moz-border-radius: 3.4px;"}]
04-25 21:32:41.036 E/GeckoConsole( 4156): [JavaScript Warning: "Unknown property '-moz-background-clip'.  Declaration dropped." {file: "app://{e4e2a8d9-aec9-4c7d-a730-55860451a2d0}/style-120.css" line: 1217 column: 22 source: "  -moz-background-clip: padding;"}]
04-25 21:32:41.036 E/GeckoConsole( 4156): [JavaScript Warning: "Unknown property 'box-sizing'.  Declaration dropped." {file: "app://{e4e2a8d9-aec9-4c7d-a730-55860451a2d0}/style-120.css" line: 1323 column: 12 source: "  box-sizing: border-box;"}]
04-25 21:32:41.036 E/GeckoConsole( 4156): [JavaScript Warning: "Unknown property '-moz-border-radius'.  Declaration dropped." {file: "app://{e4e2a8d9-aec9-4c7d-a730-55860451a2d0}/style-120.css" line: 1418 column: 20 source: "  -moz-border-radius: 3.4px;"}]
04-25 21:32:41.036 E/GeckoConsole( 4156): [JavaScript Warning: "Unknown property '-moz-background-clip'.  Declaration dropped." {file: "app://{e4e2a8d9-aec9-4c7d-a730-55860451a2d0}/style-120.css" line: 1421 column: 22 source: "  -moz-background-clip: padding;"}]
04-25 21:32:41.036 E/GeckoConsole( 4156): [JavaScript Warning: "Unknown property '-moz-border-radius'.  Declaration dropped." {file: "app://{e4e2a8d9-aec9-4c7d-a730-55860451a2d0}/style-120.css" line: 1454 column: 20 source: "  -moz-border-radius: 50%;"}]
04-25 21:32:41.036 E/GeckoConsole( 4156): [JavaScript Warning: "Unknown property '-moz-background-clip'.  Declaration dropped." {file: "app://{e4e2a8d9-aec9-4c7d-a730-55860451a2d0}/style-120.css" line: 1457 column: 22 source: "  -moz-background-clip: padding;"}]
04-25 21:32:41.036 E/GeckoConsole( 4156): [JavaScript Warning: "Unknown property 'user-select'.  Declaration dropped." {file: "app://{e4e2a8d9-aec9-4c7d-a730-55860451a2d0}/style-120.css" line: 1527 column: 13 source: "  user-select: none;"}]
04-25 21:32:41.036 E/GeckoConsole( 4156): [JavaScript Warning: "Unknown property 'box-sizing'.  Declaration dropped." {file: "app://{e4e2a8d9-aec9-4c7d-a730-55860451a2d0}/style-120.css" line: 1552 column: 12 source: "  box-sizing: border-box;"}]
04-25 21:32:41.036 E/GeckoConsole( 4156): [JavaScript Warning: "Unknown property 'box-sizing'.  Declaration dropped." {file: "app://{e4e2a8d9-aec9-4c7d-a730-55860451a2d0}/style-120.css" line: 1578 column: 12 source: "  box-sizing: border-box;"}]
04-25 21:32:41.036 E/GeckoConsole( 4156): [JavaScript Warning: "Unknown property 'user-select'.  Declaration dropped." {file: "app://{e4e2a8d9-aec9-4c7d-a730-55860451a2d0}/style-120.css" line: 1616 column: 13 source: "  user-select: none;"}]
04-25 21:32:41.036 E/GeckoConsole( 4156): [JavaScript Warning: "Unknown property 'box-sizing'.  Declaration dropped." {file: "app://{e4e2a8d9-aec9-4c7d-a730-55860451a2d0}/style-120.css" line: 1671 column: 12 source: "  box-sizing: border-box;"}]
04-25 21:32:41.046 E/GeckoConsole( 4156): [JavaScript Warning: "Unknown property '-moz-box-shadow'.  Declaration dropped." {file: "app://{e4e2a8d9-aec9-4c7d-a730-55860451a2d0}/style-120.css" line: 1686 column: 17 source: "  -moz-box-shadow: none;"}]
04-25 21:32:41.046 E/GeckoConsole( 4156): [JavaScript Warning: "Unknown pseudo-class or pseudo-element '-webkit-input-placeholder'.  Ruleset ignored due to bad selector." {file: "app://{e4e2a8d9-aec9-4c7d-a730-55860451a2d0}/style-120.css" line: 1689 column: 20 source: ".flat-edit > input::-webkit-input-placeholder,"}]
04-25 21:32:41.046 E/GeckoConsole( 4156): [JavaScript Warning: "Unknown property '-moz-border-radius'.  Declaration dropped." {file: "app://{e4e2a8d9-aec9-4c7d-a730-55860451a2d0}/style-120.css" line: 1717 column: 20 source: "  -moz-border-radius: 50%;"}]
04-25 21:32:41.046 E/GeckoConsole( 4156): [JavaScript Warning: "Unknown property '-moz-background-clip'.  Declaration dropped." {file: "app://{e4e2a8d9-aec9-4c7d-a730-55860451a2d0}/style-120.css" line: 1720 column: 22 source: "  -moz-background-clip: padding;"}]
04-25 21:32:41.046 E/GeckoConsole( 4156): [JavaScript Warning: "Unknown property '-moz-background-size'.  Declaration dropped." {file: "app://{e4e2a8d9-aec9-4c7d-a730-55860451a2d0}/style-120.css" line: 1769 column: 22 source: "  -moz-background-size: cover;"}]
04-25 21:32:41.046 E/GeckoConsole( 4156): [JavaScript Warning: "Unknown property 'user-select'.  Declaration dropped." {file: "app://{e4e2a8d9-aec9-4c7d-a730-55860451a2d0}/style-120.css" line: 1809 column: 13 source: "  user-select: none;"}]
04-25 21:32:41.046 E/GeckoConsole( 4156): [JavaScript Warning: "Unknown property 'box-sizing'.  Declaration dropped." {file: "app://{e4e2a8d9-aec9-4c7d-a730-55860451a2d0}/style-120.css" line: 1834 column: 12 source: "  box-sizing: border-box;"}]
04-25 21:32:41.046 E/GeckoConsole( 4156): [JavaScript Warning: "Unknown property '-moz-border-radius'.  Declaration dropped." {file: "app://{e4e2a8d9-aec9-4c7d-a730-55860451a2d0}/style-120.css" line: 1875 column: 20 source: "  -moz-border-radius: 3.4px;"}]
04-25 21:32:41.046 E/GeckoConsole( 4156): [JavaScript Warning: "Unknown property '-moz-background-clip'.  Declaration dropped." {file: "app://{e4e2a8d9-aec9-4c7d-a730-55860451a2d0}/style-120.css" line: 1878 column: 22 source: "  -moz-background-clip: padding;"}]
04-25 21:32:41.046 E/GeckoConsole( 4156): [JavaScript Warning: "Unknown property 'box-sizing'.  Declaration dropped." {file: "app://{e4e2a8d9-aec9-4c7d-a730-55860451a2d0}/style-120.css" line: 1882 column: 12 source: "  box-sizing: border-box;"}]
04-25 21:32:41.046 E/GeckoConsole( 4156): [JavaScript Warning: "Unknown property '-moz-border-radius'.  Declaration dropped." {file: "app://{e4e2a8d9-aec9-4c7d-a730-55860451a2d0}/style-120.css" line: 1995 column: 20 source: "  -moz-border-radius: 3.4px;"}]
04-25 21:32:41.046 E/GeckoConsole( 4156): [JavaScript Warning: "Unknown property '-moz-background-clip'.  Declaration dropped." {file: "app://{e4e2a8d9-aec9-4c7d-a730-55860451a2d0}/style-120.css" line: 1998 column: 22 source: "  -moz-background-clip: padding;"}]
04-25 21:32:41.046 E/GeckoConsole( 4156): [JavaScript Warning: "Unknown property 'box-sizing'.  Declaration dropped." {file: "app://{e4e2a8d9-aec9-4c7d-a730-55860451a2d0}/style-120.css" line: 2005 column: 12 source: "  box-sizing: border-box;"}]
04-25 21:32:41.046 E/GeckoConsole( 4156): [JavaScript Warning: "Unknown property 'box-sizing'.  Declaration dropped." {file: "app://{e4e2a8d9-aec9-4c7d-a730-55860451a2d0}/style-120.css" line: 2026 column: 12 source: "  box-sizing: border-box;"}]
04-25 21:32:41.046 E/GeckoConsole( 4156): [JavaScript Warning: "Unknown property '-moz-border-radius'.  Declaration dropped." {file: "app://{e4e2a8d9-aec9-4c7d-a730-55860451a2d0}/style-120.css" line: 2150 column: 20 source: "  -moz-border-radius: 3.4px;"}]
04-25 21:32:41.046 E/GeckoConsole( 4156): [JavaScript Warning: "Unknown property '-moz-background-clip'.  Declaration dropped." {file: "app://{e4e2a8d9-aec9-4c7d-a730-55860451a2d0}/style-120.css" line: 2153 column: 22 source: "  -moz-background-clip: padding;"}]
04-25 21:32:41.056 E/GeckoConsole( 4156): [JavaScript Warning: "Unknown property '-moz-border-radius'.  Declaration dropped." {file: "app://{e4e2a8d9-aec9-4c7d-a730-55860451a2d0}/style-120.css" line: 2197 column: 20 source: "  -moz-border-radius: 3.4px;"}]
04-25 21:32:41.056 E/GeckoConsole( 4156): [JavaScript Warning: "Unknown property '-moz-background-clip'.  Declaration dropped." {file: "app://{e4e2a8d9-aec9-4c7d-a730-55860451a2d0}/style-120.css" line: 2200 column: 22 source: "  -moz-background-clip: padding;"}]
04-25 21:32:41.056 E/GeckoConsole( 4156): [JavaScript Warning: "Unknown property 'box-sizing'.  Declaration dropped." {file: "app://{e4e2a8d9-aec9-4c7d-a730-55860451a2d0}/style-120.css" line: 2403 column: 12 source: "  box-sizing: border-box;"}]
04-25 21:32:41.066 E/GeckoConsole( 4156): [JavaScript Warning: "Unknown property 'user-select'.  Declaration dropped." {file: "app://{e4e2a8d9-aec9-4c7d-a730-55860451a2d0}/style-150.css" line: 43 column: 13 source: "  user-select: none;"}]
04-25 21:32:41.066 E/GeckoConsole( 4156): [JavaScript Warning: "Unknown property 'user-select'.  Declaration dropped." {file: "app://{e4e2a8d9-aec9-4c7d-a730-55860451a2d0}/style-150.css" line: 64 column: 13 source: "  user-select: none;"}]
04-25 21:32:41.076 E/GeckoConsole( 4156): [JavaScript Warning: "Unknown property 'box-sizing'.  Declaration dropped." {file: "app://{e4e2a8d9-aec9-4c7d-a730-55860451a2d0}/style-150.css" line: 122 column: 12 source: "  box-sizing: border-box;"}]
04-25 21:32:41.076 E/GeckoConsole( 4156): [JavaScript Warning: "Unknown property '-moz-box-shadow'.  Declaration dropped." {file: "app://{e4e2a8d9-aec9-4c7d-a730-55860451a2d0}/style-150.css" line: 144 column: 17 source: "  -moz-box-shadow: 0 0 42px rgba(0, 0, 0, 0.7);"}]
04-25 21:32:41.076 E/GeckoConsole( 4156): [JavaScript Warning: "Unknown property '-moz-border-radius'.  Declaration dropped." {file: "app://{e4e2a8d9-aec9-4c7d-a730-55860451a2d0}/style-150.css" line: 147 column: 20 source: "  -moz-border-radius: 4px;"}]
04-25 21:32:41.076 E/GeckoConsole( 4156): [JavaScript Warning: "Unknown property '-moz-background-clip'.  Declaration dropped." {file: "app://{e4e2a8d9-aec9-4c7d-a730-55860451a2d0}/style-150.css" line: 150 column: 22 source: "  -moz-background-clip: padding;"}]
04-25 21:32:41.076 E/GeckoConsole( 4156): [JavaScript Warning: "Unknown property 'box-sizing'.  Declaration dropped." {file: "app://{e4e2a8d9-aec9-4c7d-a730-55860451a2d0}/style-150.css" line: 173 column: 12 source: "  box-sizing: border-box;"}]
04-25 21:32:41.076 E/GeckoConsole( 4156): [JavaScript Warning: "Unknown property '-moz-border-radius'.  Declaration dropped." {file: "app://{e4e2a8d9-aec9-4c7d-a730-55860451a2d0}/style-150.css" line: 203 column: 20 source: "  -moz-border-radius: 50%;"}]
04-25 21:32:41.076 E/GeckoConsole( 4156): [JavaScript Warning: "Unknown property '-moz-background-clip'.  Declaration dropped." {file: "app://{e4e2a8d9-aec9-4c7d-a730-55860451a2d0}/style-150.css" line: 206 column: 22 source: "  -moz-background-clip: padding;"}]
04-25 21:32:41.076 E/GeckoConsole( 4156): [JavaScript Warning: "Unknown property '-moz-border-radius'.  Declaration dropped." {file: "app://{e4e2a8d9-aec9-4c7d-a730-55860451a2d0}/style-150.css" line: 217 column: 20 source: "  -moz-border-radius: 50%;"}]
04-25 21:32:41.076 E/GeckoConsole( 4156): [JavaScript Warning: "Unknown property '-moz-background-clip'.  Declaration dropped." {file: "app://{e4e2a8d9-aec9-4c7d-a730-55860451a2d0}/style-150.css" line: 220 column: 22 source: "  -moz-background-clip: padding;"}]
04-25 21:32:41.076 E/GeckoConsole( 4156): [JavaScript Warning: "Unknown property '-moz-border-radius'.  Declaration dropped." {file: "app://{e4e2a8d9-aec9-4c7d-a730-55860451a2d0}/style-150.css" line: 367 column: 20 source: "  -moz-border-radius: 4px;"}]
04-25 21:32:41.076 E/GeckoConsole( 4156): [JavaScript Warning: "Unknown property '-moz-background-clip'.  Declaration dropped." {file: "app://{e4e2a8d9-aec9-4c7d-a730-55860451a2d0}/style-150.css" line: 370 column: 22 source: "  -moz-background-clip: padding;"}]
04-25 21:32:41.076 E/GeckoConsole( 4156): [JavaScript Warning: "Unknown property 'box-sizing'.  Declaration dropped." {file: "app://{e4e2a8d9-aec9-4c7d-a730-55860451a2d0}/style-150.css" line: 374 column: 12 source: "  box-sizing: border-box;"}]
04-25 21:32:41.076 E/GeckoConsole( 4156): [JavaScript Warning: "Expected 'none' or URL but found 'alpha('.  Error in parsing value for 'filter'.  Declaration dropped." {file: "app://{e4e2a8d9-aec9-4c7d-a730-55860451a2d0}/style-150.css" line: 403 column: 10 source: "  filter: alpha(opacity=0);"}]
04-25 21:32:41.076 E/GeckoConsole( 4156): [JavaScript Warning: "Unknown property 'box-sizing'.  Declaration dropped." {file: "app://{e4e2a8d9-aec9-4c7d-a730-55860451a2d0}/style-150.css" line: 431 column: 12 source: "  box-sizing: border-box;"}]
04-25 21:32:41.076 E/GeckoConsole( 4156): [JavaScript Warning: "Unknown property '-moz-border-radius'.  Declaration dropped." {file: "app://{e4e2a8d9-aec9-4c7d-a730-55860451a2d0}/style-150.css" line: 446 column: 20 source: "  -moz-border-radius: 50%;"}]
04-25 21:32:41.076 E/GeckoConsole( 4156): [JavaScript Warning: "Unknown property '-moz-background-clip'.  Declaration dropped." {file: "app://{e4e2a8d9-aec9-4c7d-a730-55860451a2d0}/style-150.css" line: 449 column: 22 source: "  -moz-background-clip: padding;"}]
04-25 21:32:41.076 E/GeckoConsole( 4156): [JavaScript Warning: "Unknown property 'user-select'.  Declaration dropped." {file: "app://{e4e2a8d9-aec9-4c7d-a730-55860451a2d0}/style-150.css" line: 478 column: 13 source: "  user-select: none;"}]
04-25 21:32:41.086 E/GeckoConsole( 4156): [JavaScript Warning: "Unknown property 'box-sizing'.  Declaration dropped." {file: "app://{e4e2a8d9-aec9-4c7d-a730-55860451a2d0}/style-150.css" line: 503 column: 12 source: "  box-sizing: border-box;"}]
04-25 21:32:41.086 E/GeckoConsole( 4156): [JavaScript Warning: "Unknown property 'user-select'.  Declaration dropped." {file: "app://{e4e2a8d9-aec9-4c7d-a730-55860451a2d0}/style-150.css" line: 547 column: 13 source: "  user-select: text;"}]
04-25 21:32:41.086 E/GeckoConsole( 4156): [JavaScript Warning: "Unknown property 'user-select'.  Declaration dropped." {file: "app://{e4e2a8d9-aec9-4c7d-a730-55860451a2d0}/style-150.css" line: 558 column: 13 source: "  user-select: none;"}]
04-25 21:32:41.086 E/GeckoConsole( 4156): [JavaScript Warning: "Unknown property 'box-sizing'.  Declaration dropped." {file: "app://{e4e2a8d9-aec9-4c7d-a730-55860451a2d0}/style-150.css" line: 583 column: 12 source: "  box-sizing: border-box;"}]
04-25 21:32:41.086 E/GeckoConsole( 4156): [JavaScript Warning: "Unknown property '-moz-border-radius'.  Declaration dropped." {file: "app://{e4e2a8d9-aec9-4c7d-a730-55860451a2d0}/style-150.css" line: 638 column: 20 source: "  -moz-border-radius: 4px;"}]
04-25 21:32:41.086 E/GeckoConsole( 4156): [JavaScript Warning: "Unknown property '-moz-background-clip'.  Declaration dropped." {file: "app://{e4e2a8d9-aec9-4c7d-a730-55860451a2d0}/style-150.css" line: 641 column: 22 source: "  -moz-background-clip: padding;"}]
04-25 21:32:41.086 E/GeckoConsole( 4156): [JavaScript Warning: "Unknown property '-moz-border-radius'.  Declaration dropped." {file: "app://{e4e2a8d9-aec9-4c7d-a730-55860451a2d0}/style-150.css" line: 652 column: 20 source: "  -moz-border-radius: 4px;"}]
04-25 21:32:41.086 E/GeckoConsole( 4156): [JavaScript Warning: "Unknown property '-moz-background-clip'.  Declaration dropped." {file: "app://{e4e2a8d9-aec9-4c7d-a730-55860451a2d0}/style-150.css" line: 655 column: 22 source: "  -moz-background-clip: padding;"}]
04-25 21:32:41.086 E/GeckoConsole( 4156): [JavaScript Warning: "Unknown property 'box-sizing'.  Declaration dropped." {file: "app://{e4e2a8d9-aec9-4c7d-a730-55860451a2d0}/style-150.css" line: 756 column: 12 source: "  box-sizing: border-box;"}]
04-25 21:32:41.086 E/GeckoConsole( 4156): [JavaScript Warning: "Unknown property 'box-sizing'.  Declaration dropped." {file: "app://{e4e2a8d9-aec9-4c7d-a730-55860451a2d0}/style-150.css" line: 921 column: 12 source: "  box-sizing: border-box;"}]
04-25 21:32:41.086 E/GeckoConsole( 4156): [JavaScript Warning: "Unknown property 'box-sizing'.  Declaration dropped." {file: "app://{e4e2a8d9-aec9-4c7d-a730-55860451a2d0}/style-150.css" line: 943 column: 12 source: "  box-sizing: border-box;"}]
04-25 21:32:41.086 E/GeckoConsole( 4156): [JavaScript Warning: "Unknown property '-moz-border-radius'.  Declaration dropped." {file: "app://{e4e2a8d9-aec9-4c7d-a730-55860451a2d0}/style-150.css" line: 977 column: 20 source: "  -moz-border-radius: 4px;"}]
04-25 21:32:41.086 E/GeckoConsole( 4156): [JavaScript Warning: "Unknown property '-moz-background-clip'.  Declaration dropped." {file: "app://{e4e2a8d9-aec9-4c7d-a730-55860451a2d0}/style-150.css" line: 980 column: 22 source: "  -moz-background-clip: padding;"}]
04-25 21:32:41.096 E/GeckoConsole( 4156): [JavaScript Warning: "Unknown property 'box-sizing'.  Declaration dropped." {file: "app://{e4e2a8d9-aec9-4c7d-a730-55860451a2d0}/style-150.css" line: 984 column: 12 source: "  box-sizing: border-box;"}]
04-25 21:32:41.096 E/GeckoConsole( 4156): [JavaScript Warning: "Unknown property '-moz-border-radius'.  Declaration dropped." {file: "app://{e4e2a8d9-aec9-4c7d-a730-55860451a2d0}/style-150.css" line: 1022 column: 20 source: "  -moz-border-radius: 50%;"}]
04-25 21:32:41.096 E/GeckoConsole( 4156): [JavaScript Warning: "Unknown property '-moz-background-clip'.  Declaration dropped." {file: "app://{e4e2a8d9-aec9-4c7d-a730-55860451a2d0}/style-150.css" line: 1025 column: 22 source: "  -moz-background-clip: padding;"}]
04-25 21:32:41.096 E/GeckoConsole( 4156): [JavaScript Warning: "Unknown property '-moz-box-shadow'.  Declaration dropped." {file: "app://{e4e2a8d9-aec9-4c7d-a730-55860451a2d0}/style-150.css" line: 1045 column: 17 source: "  -moz-box-shadow: 0 0 60px rgba(0, 0, 0, 0.65);"}]
04-25 21:32:41.096 E/GeckoConsole( 4156): [JavaScript Warning: "Unknown property '-moz-border-radius'.  Declaration dropped." {file: "app://{e4e2a8d9-aec9-4c7d-a730-55860451a2d0}/style-150.css" line: 1068 column: 20 source: "  -moz-border-radius: 4px;"}]
04-25 21:32:41.096 E/GeckoConsole( 4156): [JavaScript Warning: "Unknown property '-moz-background-clip'.  Declaration dropped." {file: "app://{e4e2a8d9-aec9-4c7d-a730-55860451a2d0}/style-150.css" line: 1071 column: 22 source: "  -moz-background-clip: padding;"}]
04-25 21:32:41.096 E/GeckoConsole( 4156): [JavaScript Warning: "Unknown property 'box-sizing'.  Declaration dropped." {file: "app://{e4e2a8d9-aec9-4c7d-a730-55860451a2d0}/style-150.css" line: 1075 column: 12 source: "  box-sizing: border-box;"}]
04-25 21:32:41.096 E/GeckoConsole( 4156): [JavaScript Warning: "Unknown property '-moz-border-radius'.  Declaration dropped." {file: "app://{e4e2a8d9-aec9-4c7d-a730-55860451a2d0}/style-150.css" line: 1095 column: 20 source: "  -moz-border-radius: 50%;"}]
04-25 21:32:41.096 E/GeckoConsole( 4156): [JavaScript Warning: "Unknown property '-moz-background-clip'.  Declaration dropped." {file: "app://{e4e2a8d9-aec9-4c7d-a730-55860451a2d0}/style-150.css" line: 1098 column: 22 source: "  -moz-background-clip: padding;"}]
04-25 21:32:41.096 E/GeckoConsole( 4156): [JavaScript Warning: "Unknown property '-moz-border-radius'.  Declaration dropped." {file: "app://{e4e2a8d9-aec9-4c7d-a730-55860451a2d0}/style-150.css" line: 1117 column: 20 source: "  -moz-border-radius: 50%;"}]
04-25 21:32:41.096 E/GeckoConsole( 4156): [JavaScript Warning: "Unknown property '-moz-background-clip'.  Declaration dropped." {file: "app://{e4e2a8d9-aec9-4c7d-a730-55860451a2d0}/style-150.css" line: 1120 column: 22 source: "  -moz-background-clip: padding;"}]
04-25 21:32:41.096 E/GeckoConsole( 4156): [JavaScript Warning: "Unknown property '-moz-border-radius'.  Declaration dropped." {file: "app://{e4e2a8d9-aec9-4c7d-a730-55860451a2d0}/style-150.css" line: 1214 column: 20 source: "  -moz-border-radius: 4px;"}]
04-25 21:32:41.096 E/GeckoConsole( 4156): [JavaScript Warning: "Unknown property '-moz-background-clip'.  Declaration dropped." {file: "app://{e4e2a8d9-aec9-4c7d-a730-55860451a2d0}/style-150.css" line: 1217 column: 22 source: "  -moz-background-clip: padding;"}]
04-25 21:32:41.096 E/GeckoConsole( 4156): [JavaScript Warning: "Unknown property 'box-sizing'.  Declaration dropped." {file: "app://{e4e2a8d9-aec9-4c7d-a730-55860451a2d0}/style-150.css" line: 1323 column: 12 source: "  box-sizing: border-box;"}]
04-25 21:32:41.096 E/GeckoConsole( 4156): [JavaScript Warning: "Unknown property '-moz-border-radius'.  Declaration dropped." {file: "app://{e4e2a8d9-aec9-4c7d-a730-55860451a2d0}/style-150.css" line: 1418 column: 20 source: "  -moz-border-radius: 4px;"}]
04-25 21:32:41.096 E/GeckoConsole( 4156): [JavaScript Warning: "Unknown property '-moz-background-clip'.  Declaration dropped." {file: "app://{e4e2a8d9-aec9-4c7d-a730-55860451a2d0}/style-150.css" line: 1421 column: 22 source: "  -moz-background-clip: padding;"}]
04-25 21:32:41.106 E/GeckoConsole( 4156): [JavaScript Warning: "Unknown property '-moz-border-radius'.  Declaration dropped." {file: "app://{e4e2a8d9-aec9-4c7d-a730-55860451a2d0}/style-150.css" line: 1454 column: 20 source: "  -moz-border-radius: 50%;"}]
04-25 21:32:41.106 E/GeckoConsole( 4156): [JavaScript Warning: "Unknown property '-moz-background-clip'.  Declaration dropped." {file: "app://{e4e2a8d9-aec9-4c7d-a730-55860451a2d0}/style-150.css" line: 1457 column: 22 source: "  -moz-background-clip: padding;"}]
04-25 21:32:41.106 E/GeckoConsole( 4156): [JavaScript Warning: "Unknown property 'user-select'.  Declaration dropped." {file: "app://{e4e2a8d9-aec9-4c7d-a730-55860451a2d0}/style-150.css" line: 1527 column: 13 source: "  user-select: none;"}]
04-25 21:32:41.106 E/GeckoConsole( 4156): [JavaScript Warning: "Unknown property 'box-sizing'.  Declaration dropped." {file: "app://{e4e2a8d9-aec9-4c7d-a730-55860451a2d0}/style-150.css" line: 1552 column: 12 source: "  box-sizing: border-box;"}]
04-25 21:32:41.106 E/GeckoConsole( 4156): [JavaScript Warning: "Unknown property 'box-sizing'.  Declaration dropped." {file: "app://{e4e2a8d9-aec9-4c7d-a730-55860451a2d0}/style-150.css" line: 1578 column: 12 source: "  box-sizing: border-box;"}]
04-25 21:32:41.106 E/GeckoConsole( 4156): [JavaScript Warning: "Unknown property 'user-select'.  Declaration dropped." {file: "app://{e4e2a8d9-aec9-4c7d-a730-55860451a2d0}/style-150.css" line: 1616 column: 13 source: "  user-select: none;"}]
04-25 21:32:41.106 E/GeckoConsole( 4156): [JavaScript Warning: "Unknown property 'box-sizing'.  Declaration dropped." {file: "app://{e4e2a8d9-aec9-4c7d-a730-55860451a2d0}/style-150.css" line: 1671 column: 12 source: "  box-sizing: border-box;"}]
04-25 21:32:41.106 E/GeckoConsole( 4156): [JavaScript Warning: "Unknown property '-moz-box-shadow'.  Declaration dropped." {file: "app://{e4e2a8d9-aec9-4c7d-a730-55860451a2d0}/style-150.css" line: 1686 column: 17 source: "  -moz-box-shadow: none;"}]
04-25 21:32:41.106 E/GeckoConsole( 4156): [JavaScript Warning: "Unknown pseudo-class or pseudo-element '-webkit-input-placeholder'.  Ruleset ignored due to bad selector." {file: "app://{e4e2a8d9-aec9-4c7d-a730-55860451a2d0}/style-150.css" line: 1689 column: 20 source: ".flat-edit > input::-webkit-input-placeholder,"}]
04-25 21:32:41.106 E/GeckoConsole( 4156): [JavaScript Warning: "Unknown property '-moz-border-radius'.  Declaration dropped." {file: "app://{e4e2a8d9-aec9-4c7d-a730-55860451a2d0}/style-150.css" line: 1717 column: 20 source: "  -moz-border-radius: 50%;"}]
04-25 21:32:41.106 E/GeckoConsole( 4156): [JavaScript Warning: "Unknown property '-moz-background-clip'.  Declaration dropped." {file: "app://{e4e2a8d9-aec9-4c7d-a730-55860451a2d0}/style-150.css" line: 1720 column: 22 source: "  -moz-background-clip: padding;"}]
04-25 21:32:41.106 E/GeckoConsole( 4156): [JavaScript Warning: "Unknown property '-moz-background-size'.  Declaration dropped." {file: "app://{e4e2a8d9-aec9-4c7d-a730-55860451a2d0}/style-150.css" line: 1769 column: 22 source: "  -moz-background-size: cover;"}]
04-25 21:32:41.106 E/GeckoConsole( 4156): [JavaScript Warning: "Unknown property 'user-select'.  Declaration dropped." {file: "app://{e4e2a8d9-aec9-4c7d-a730-55860451a2d0}/style-150.css" line: 1809 column: 13 source: "  user-select: none;"}]
04-25 21:32:41.106 E/GeckoConsole( 4156): [JavaScript Warning: "Unknown property 'box-sizing'.  Declaration dropped." {file: "app://{e4e2a8d9-aec9-4c7d-a730-55860451a2d0}/style-150.css" line: 1834 column: 12 source: "  box-sizing: border-box;"}]
04-25 21:32:41.106 E/GeckoConsole( 4156): [JavaScript Warning: "Unknown property '-moz-border-radius'.  Declaration dropped." {file: "app://{e4e2a8d9-aec9-4c7d-a730-55860451a2d0}/style-150.css" line: 1875 column: 20 source: "  -moz-border-radius: 4px;"}]
04-25 21:32:41.106 E/GeckoConsole( 4156): [JavaScript Warning: "Unknown property '-moz-background-clip'.  Declaration dropped." {file: "app://{e4e2a8d9-aec9-4c7d-a730-55860451a2d0}/style-150.css" line: 1878 column: 22 source: "  -moz-background-clip: padding;"}]
04-25 21:32:41.106 E/GeckoConsole( 4156): [JavaScript Warning: "Unknown property 'box-sizing'.  Declaration dropped." {file: "app://{e4e2a8d9-aec9-4c7d-a730-55860451a2d0}/style-150.css" line: 1882 column: 12 source: "  box-sizing: border-box;"}]
04-25 21:32:41.116 E/GeckoConsole( 4156): [JavaScript Warning: "Unknown property '-moz-border-radius'.  Declaration dropped." {file: "app://{e4e2a8d9-aec9-4c7d-a730-55860451a2d0}/style-150.css" line: 1995 column: 20 source: "  -moz-border-radius: 4px;"}]
04-25 21:32:41.116 E/GeckoConsole( 4156): [JavaScript Warning: "Unknown property '-moz-background-clip'.  Declaration dropped." {file: "app://{e4e2a8d9-aec9-4c7d-a730-55860451a2d0}/style-150.css" line: 1998 column: 22 source: "  -moz-background-clip: padding;"}]
04-25 21:32:41.116 E/GeckoConsole( 4156): [JavaScript Warning: "Unknown property 'box-sizing'.  Declaration dropped." {file: "app://{e4e2a8d9-aec9-4c7d-a730-55860451a2d0}/style-150.css" line: 2005 column: 12 source: "  box-sizing: border-box;"}]
04-25 21:32:41.116 E/GeckoConsole( 4156): [JavaScript Warning: "Unknown property 'box-sizing'.  Declaration dropped." {file: "app://{e4e2a8d9-aec9-4c7d-a730-55860451a2d0}/style-150.css" line: 2026 column: 12 source: "  box-sizing: border-box;"}]
04-25 21:32:41.116 E/GeckoConsole( 4156): [JavaScript Warning: "Unknown property '-moz-border-radius'.  Declaration dropped." {file: "app://{e4e2a8d9-aec9-4c7d-a730-55860451a2d0}/style-150.css" line: 2150 column: 20 source: "  -moz-border-radius: 4px;"}]
04-25 21:32:41.116 E/GeckoConsole( 4156): [JavaScript Warning: "Unknown property '-moz-background-clip'.  Declaration dropped." {file: "app://{e4e2a8d9-aec9-4c7d-a730-55860451a2d0}/style-150.css" line: 2153 column: 22 source: "  -moz-background-clip: padding;"}]
04-25 21:32:41.116 E/GeckoConsole( 4156): [JavaScript Warning: "Unknown property '-moz-border-radius'.  Declaration dropped." {file: "app://{e4e2a8d9-aec9-4c7d-a730-55860451a2d0}/style-150.css" line: 2197 column: 20 source: "  -moz-border-radius: 4px;"}]
04-25 21:32:41.116 E/GeckoConsole( 4156): [JavaScript Warning: "Unknown property '-moz-background-clip'.  Declaration dropped." {file: "app://{e4e2a8d9-aec9-4c7d-a730-55860451a2d0}/style-150.css" line: 2200 column: 22 source: "  -moz-background-clip: padding;"}]
04-25 21:32:41.116 E/GeckoConsole( 4156): [JavaScript Warning: "Unknown property 'box-sizing'.  Declaration dropped." {file: "app://{e4e2a8d9-aec9-4c7d-a730-55860451a2d0}/style-150.css" line: 2403 column: 12 source: "  box-sizing: border-box;"}]
04-25 21:32:41.176 W/WifiHW  (   84): wifi_command: SIGNAL_POLL
04-25 21:32:41.516 E/GeckoConsole( 4156): [JavaScript Error: "downloadable font: invalid version tag (font-family: "Roboto" style:normal weight:300 stretch:normal src index:2)
04-25 21:32:41.516 E/GeckoConsole( 4156): source: app://{e4e2a8d9-aec9-4c7d-a730-55860451a2d0}/app/roboto/assets/fonts/Roboto-Light-webfont.eot" {file: "app://{e4e2a8d9-aec9-4c7d-a730-55860451a2d0}/style-120.css" line: 0 column: 0 source: "@font-face {
04-25 21:32:41.516 E/GeckoConsole( 4156):   font-family: "Roboto";
04-25 21:32:41.516 E/GeckoConsole( 4156):   font-style: normal;
04-25 21:32:41.516 E/GeckoConsole( 4156):   font-weight: 300;
04-25 21:32:41.516 E/GeckoConsole( 4156):   src: local("Roboto Light"), local("Roboto-Light"), url("app/roboto/assets/fonts/Roboto-Light-webfont.eot") format("woff"), url("app/roboto/assets/fonts/Roboto-Light-webfont.eot?#iefix") format("embedded-opentype"), url("app/roboto/assets/fonts/Roboto-Light-webfont.woff") format("woff"), url("app/roboto/assets/fonts/Roboto-Light-webfont.ttf") format("truetype"), url("app/roboto/assets/fonts/Roboto-Light-webfont.svg#robotolight") format("svg");
04-25 21:32:41.516 E/GeckoConsole( 4156): }"}]
04-25 21:32:41.526 E/GeckoConsole( 4156): [JavaScript Error: "downloadable font: rejected by sanitizer (font-family: "Roboto" style:normal weight:300 stretch:normal src index:2)
04-25 21:32:41.526 E/GeckoConsole( 4156): source: app://{e4e2a8d9-aec9-4c7d-a730-55860451a2d0}/app/roboto/assets/fonts/Roboto-Light-webfont.eot" {file: "app://{e4e2a8d9-aec9-4c7d-a730-55860451a2d0}/style-120.css" line: 0 column: 0 source: "@font-face {
04-25 21:32:41.526 E/GeckoConsole( 4156):   font-family: "Roboto";
04-25 21:32:41.526 E/GeckoConsole( 4156):   font-style: normal;
04-25 21:32:41.526 E/GeckoConsole( 4156):   font-weight: 300;
04-25 21:32:41.526 E/GeckoConsole( 4156):   src: local("Roboto Light"), local("Roboto-Light"), url("app/roboto/assets/fonts/Roboto-Light-webfont.eot") format("woff"), url("app/roboto/assets/fonts/Roboto-Light-webfont.eot?#iefix") format("embedded-opentype"), url("app/roboto/assets/fonts/Roboto-Light-webfont.woff") format("woff"), url("app/roboto/assets/fonts/Roboto-Light-webfont.ttf") format("truetype"), url("app/roboto/assets/fonts/Roboto-Light-webfont.svg#robotolight") format("svg");
04-25 21:32:41.526 E/GeckoConsole( 4156): }"}]
04-25 21:32:42.436 I/Gecko   (   84): [Parent 84] WARNING: waitpid failed pid:4146 errno:10: file ../../../gecko/ipc/chromium/src/base/process_util_posix.cc, line 254
04-25 21:32:42.436 I/Gecko   (   84): [Parent 84] WARNING: Failed to deliver SIGKILL to 4146!(3).: file ../../../gecko/ipc/chromium/src/chrome/common/process_watcher_posix_sigchld.cc, line 118
04-25 21:32:42.606 I/Gonk    (   84): Setting nice for pid 4225 to 18
04-25 21:32:42.636 I/Gonk    (   84): Changed nice for pid 4225 from 0 to 18.
04-25 21:32:46.216 W/WifiHW  (   84): wifi_command: SIGNAL_POLL
04-25 21:32:46.406 E/GeckoConsole( 4156): [JavaScript Warning: "Error in parsing value for 'height'.  Declaration dropped." {file: "app://{e4e2a8d9-aec9-4c7d-a730-55860451a2d0}/index.html" line: 0 column: 8 source: "height: {{ imgSize }}%;"}]
04-25 21:32:47.856 E/GeckoConsole( 4156): [JavaScript Warning: "Unknown property 'box-sizing'.  Declaration dropped." {file: "app://{e4e2a8d9-aec9-4c7d-a730-55860451a2d0}/index.html" line: 0 column: 67 source: "-webkit-box-sizing:border-box;-moz-box-sizing:border-box;box-sizing:border-box;position:absolute;background:rgba(0,0,0,0.5);border:1px solid rgba(255,255,255,0.9);border-radius:3px"}]
04-25 21:32:49.766 E/GeckoConsole( 4156): Content JS LOG at app://{e4e2a8d9-aec9-4c7d-a730-55860451a2d0}/app.js:19200 in anonymous: bootstrap, w 320 h 460
04-25 21:32:50.376 E/GeckoConsole( 4156): [JavaScript Warning: "Unknown property 'box-sizing'.  Declaration dropped." {file: "app://{e4e2a8d9-aec9-4c7d-a730-55860451a2d0}/index.html" line: 0 column: 10 source: "box-sizing:border-box;-moz-box-sizing:border-box;-webkit-box-sizing:border-box;padding:1px;border:1px;display:block;width:4px;margin-top:1%;position:absolute;top:1%;"}]
04-25 21:32:50.666 I/Gonk    (   84): Setting nice for pid 4225 to 18
04-25 21:32:50.676 I/Gonk    (   84): Changed nice for pid 4225 from 18 to 18.
04-25 21:32:50.676 I/Gecko   (   84): [Parent 84] WARNING: waitpid failed pid:4225 errno:10: file ../../../gecko/ipc/chromium/src/base/process_util_posix.cc, line 254
04-25 21:32:50.686 I/Gonk    (   84): Setting nice for pid 4225 to 1
04-25 21:32:50.686 I/Gonk    (   84): Changed nice for pid 4225 from 18 to 1.
04-25 21:32:50.776 I/Gonk    (   84): Setting nice for pid 4225 to 18
04-25 21:32:50.786 I/Gonk    (   84): Changed nice for pid 4225 from 1 to 18.
04-25 21:32:51.116 E/GeckoConsole(   84): Content JS LOG at dummy file:326 in GaiaApps.launch/appOpen/<: app with origin 'app://{e4e2a8d9-aec9-4c7d-a730-55860451a2d0}' has launched
04-25 21:32:51.116 I/Gecko   (   84): 1398486771120	Marionette	INFO	sendToClient: {"from":"0","value":{"frame":{"ELEMENT":"{e9f6da52-e080-4c7e-94a8-f258fed1ebfe}"},"src":"app://{e4e2a8d9-aec9-4c7d-a730-55860451a2d0}/index.html","name":"Mancala","origin":"app://{e4e2a8d9-aec9-4c7d-a730-55860451a2d0}"}}, {5872dc0c-0e95-4a07-8e3f-2a39f5040992}, {5872dc0c-0e95-4a07-8e3f-2a39f5040992}
04-25 21:32:51.116 E/[Gralloc-ERROR](   84): int gralloc_unregister_buffer(const gralloc_module_t*, const native_handle_t*):274 Trying to unregister buffer 0x45c90ec0 from process 84 that was not created in current process: 84
04-25 21:32:51.116 E/[Gralloc-ERROR](   84): int gralloc_unregister_buffer(const gralloc_module_t*, const native_handle_t*):274 Trying to unregister buffer 0x45c90dd0 from process 84 that was not created in current process: 84
04-25 21:32:51.116 E/[Gralloc-ERROR](   84): int gralloc_unregister_buffer(const gralloc_module_t*, const native_handle_t*):274 Trying to unregister buffer 0x45cb6240 from process 84 that was not created in current process: 84
04-25 21:32:51.116 E/[Gralloc-ERROR](   84): int gralloc_unregister_buffer(const gralloc_module_t*, const native_handle_t*):274 Trying to unregister buffer 0x45cb6060 from process 84 that was not created in current process: 84
04-25 21:32:51.126 I/Gecko   (   84): 1398486771136	Marionette	DEBUG	Got request: switchToFrame, data: {"to":"0","sessionId":"3-b2g","name":"switchToFrame","parameters":{"focus":true,"element":"{e9f6da52-e080-4c7e-94a8-f258fed1ebfe}"}}, id: {d971e448-eb6e-4525-be03-ccf19643a746}
04-25 21:32:51.156 I/Gecko   (   84): 1398486771163	Marionette	INFO	Switched to frame: {"frameValue":"{e9f6da52-e080-4c7e-94a8-f258fed1ebfe}"}
04-25 21:32:51.156 I/Gecko   (   84): 1398486771166	Marionette	INFO	trying remote frame 0
04-25 21:32:51.166 I/Gecko   (   84): 1398486771175	Marionette	INFO	trying remote frame 1
04-25 21:32:51.166 I/Gecko   (   84): 1398486771176	Marionette	INFO	trying remote frame 2
04-25 21:32:51.176 I/Gecko   (   84): 1398486771177	Marionette	INFO	trying remote frame 3
04-25 21:32:51.176 I/Gecko   (   84): 1398486771178	Marionette	INFO	trying remote frame 4
04-25 21:32:51.176 I/Gecko   (   84): 1398486771179	Marionette	INFO	trying remote frame 5
04-25 21:32:51.176 I/Gecko   (   84): 1398486771184	Marionette	INFO	deleting frame
04-25 21:32:51.186 I/Gecko   (   84): 1398486771193	Marionette	INFO	frame-manager load script: [object ChromeMessageSender]
04-25 21:32:51.336 W/WifiHW  (   84): wifi_command: SIGNAL_POLL
04-25 21:32:51.606 I/Gecko   (   84): [Parent 84] WARNING: pipe error (144): Connection reset by peer: file ../../../gecko/ipc/chromium/src/chrome/common/ipc_channel_posix.cc, line 446
04-25 21:32:51.606 I/Gecko   (   84): 
04-25 21:32:51.606 I/Gecko   (   84): ###!!! [Parent][MessageChannel] Error: Channel error: cannot send/recv
04-25 21:32:51.606 I/Gecko   (   84): 
04-25 21:32:51.736 I/Gecko   (   84): 1398486771742	Marionette	INFO	sendToClient: {"from":"0","ok":true}, {d971e448-eb6e-4525-be03-ccf19643a746}, {d971e448-eb6e-4525-be03-ccf19643a746}
04-25 21:32:51.746 I/Gecko   (   84): [Parent 84] WARNING: waitpid failed pid:4225 errno:10: file ../../../gecko/ipc/chromium/src/base/process_util_posix.cc, line 254
04-25 21:32:52.506 I/Gecko   (   84): 1398486772516	Marionette	INFO	sendToClient: {"from":"0","value":"app://{e4e2a8d9-aec9-4c7d-a730-55860451a2d0}/index.html"}, {13eb5dde-99ca-4968-8f36-78578621b9f6}, {13eb5dde-99ca-4968-8f36-78578621b9f6}
04-25 21:32:52.516 I/Gecko   (   84): 1398486772523	Marionette	DEBUG	Got request: execute, data: {"to":"0","sessionId":"3-b2g","name":"executeScript","parameters":{"specialPowers":false,"scriptTimeout":null,"newSandbox":true,"args":[],"filename":"app_checker.py","script":"return window.document.readyState;","line":191}}, id: {b4972485-67fd-4038-98cc-3c9d86e85af9}
04-25 21:32:52.586 I/Gecko   (   84): 1398486772590	Marionette	INFO	sendToClient: {"from":"0","value":"complete"}, {b4972485-67fd-4038-98cc-3c9d86e85af9}, {b4972485-67fd-4038-98cc-3c9d86e85af9}
04-25 21:32:52.596 I/Gecko   (   84): 1398486772598	Marionette	INFO	sendToClient: {"from":"0","value":"app://{e4e2a8d9-aec9-4c7d-a730-55860451a2d0}/index.html"}, {4e00cace-7b41-4009-9a91-af7ef6aa6ce8}, {4e00cace-7b41-4009-9a91-af7ef6aa6ce8}
04-25 21:32:52.656 I/Gecko   ( 4156): Attempting load of libEGL.so
04-25 21:32:52.796 D/libEGL  ( 4156): loaded /system/lib/egl/libEGL_mali.so
04-25 21:32:52.856 D/libEGL  ( 4156): loaded /system/lib/egl/libGLESv1_CM_mali.so
04-25 21:32:52.856 D/libEGL  ( 4156): loaded /system/lib/egl/libGLESv2_mali.so
04-25 21:32:52.976 I/Gecko   ( 4156): SharedSurface_Gralloc::Create -------
04-25 21:32:53.076 I/Gecko   ( 4156): SharedSurface_Gralloc::Create: success -- surface 0x4447aa40, GraphicBuffer 0x4521cb80.
04-25 21:32:53.746 I/Gecko   (   84): [Parent 84] WARNING: waitpid failed pid:4225 errno:10: file ../../../gecko/ipc/chromium/src/base/process_util_posix.cc, line 254
04-25 21:32:53.746 I/Gecko   (   84): [Parent 84] WARNING: Failed to deliver SIGKILL to 4225!(3).: file ../../../gecko/ipc/chromium/src/chrome/common/process_watcher_posix_sigchld.cc, line 118
04-25 21:32:54.906 I/Gecko   (   84): 1398486774884	Marionette	INFO	sendToClient: {"from":"0","value":"iVBORw0KGgoAAAANSUhEUgAAAUAAAAHMCAYAAACk4nEJAAAgAElEQVR4nNx96XriSLZtPkKdPt2nQnMECJBAgASyjWw8gJ2DXVXdXe4zdNf7v8e6P2JQRGgAnDgz+/7YXw62MYQiVuxh7bU/EEJAXALid5hDQEjP14UFIcGEEqTDEGkcYBEzFBOGIuG2ySiqeYRqSVHlDLucYZ8z7NcM+5LhY8nwUnp4Lgn2JcO+EF8/YNu5h+vMQZWR2pIz2SxElTFU0xDVlOA6I9hnBPsswD5j3NreVyn+XPG/vxxhe2n2557z37PLKG4yl3++qbCs2/h7ZbXNGR7zdnvR7Jg1P9VucoYqZ6jyIao8RZWnKPIUxWqOoiyQliukZYVhWYGVe4RXe5CNZjefQLYvmj2DbL+AbffK0s0O6eYG6aZCURbCclR5gipnuD/2/c6ZuW7CtpnXu95VRnCTEewXQfvrir2wX1O85ATPeVg/b/nsxfdeLymqjOJiKs7PhCEfM8xiinRIwKhlkTCfgPoErjyzzuFzaxujIX9Nn4D5DhhlYJQhjRnSEcNCnOcy9fjZWDJca5+zdX9fHncGXkqGlzXfhx9XAhtWEfa5o5l/4v6j5s8XHn9d8Xs+9IKfL8DxiIUMQv4wxpQgHQZIY4p5TLGchPwhTimqzEM191EtKW7kGyx0AGR4Ln18FP9WG0Ra44MF3OYMD/MQW7kZZwRVqpkNbGmHNQDQQ5UFuM48bDOCXUawz9z6YCxaFnytve81w/MRD/2z/Kzr7gN5lwX1YZsJAJz1HMTMNw7wU8bwsrBsaYLfS87wJWf4KH/3gmG/PCcADlDlI1R5IgBwhqLMkZUF0vIKaVmBlXcILywAvH4C2X4C2X4G2X4B2T6CXO/BNEs3W6SbCunmQoDfEusy/aYAeJc52C+jgwD4pQjwuNb+rxR/zxkelhGqzMdm5mOdcr
04-25 21:32:55.256 I/Gecko   (   84): 1398486775265	Marionette	INFO	sendToClient: {"from":"0","ok":true}, {f0e5a932-b8c4-4eb5-a530-8a5b57a3e24b}, {f0e5a932-b8c4-4eb5-a530-8a5b57a3e24b}
04-25 21:32:55.266 I/Gecko   (   84): 1398486775271	Marionette	DEBUG	Got request: switchToFrame, data: {"to":"0","sessionId":"3-b2g","name":"switchToFrame","parameters":{"id":null,"focus":true}}, id: {c3484b04-2b43-4f3b-ac81-2c5b022c5d59}
04-25 21:32:55.306 I/Gecko   (   84): 1398486775312	Marionette	INFO	Switched to frame: {"frameValue":null}
04-25 21:32:55.666 I/Gecko   (   84): 1398486775673	Marionette	INFO	sendToClient: {"from":"0","ok":true}, {c3484b04-2b43-4f3b-ac81-2c5b022c5d59}, {c3484b04-2b43-4f3b-ac81-2c5b022c5d59}
04-25 21:32:55.706 I/Gecko   (   84): 1398486775715	Marionette	DEBUG	Got request: executeWithCallback, data: {"to":"0","sessionId":"3-b2g","name":"executeAsyncScript","parameters":{"specialPowers":false,"scriptTimeout":null,"newSandbox":true,"args":[],"filename":"gaia_test.py","script":"return GaiaApps.displayedApp();","line":66}}, id: {ec1ddc46-7045-4a53-949b-d71849263020}
04-25 21:32:56.156 I/Gonk    (   84): Setting nice for pid 4243 to 18
04-25 21:32:56.166 I/Gonk    (   84): Changed nice for pid 4243 from 0 to 18.
04-25 21:32:56.366 I/Gecko   (   84): 1398486776372	Marionette	INFO	sendToClient: {"from":"0","value":{"frame":{"ELEMENT":"{e9f6da52-e080-4c7e-94a8-f258fed1ebfe}"},"src":"app://{e4e2a8d9-aec9-4c7d-a730-55860451a2d0}/index.html","name":"Mancala","origin":"app://{e4e2a8d9-aec9-4c7d-a730-55860451a2d0}"}}, {ec1ddc46-7045-4a53-949b-d71849263020}, {ec1ddc46-7045-4a53-949b-d71849263020}
04-25 21:32:56.386 E/GeckoConsole(   84): Content JS LOG at dummy file:392 in GaiaApps.displayedApp: app with origin 'app://{e4e2a8d9-aec9-4c7d-a730-55860451a2d0}' is displayed
04-25 21:32:56.386 W/WifiHW  (   84): wifi_command: SIGNAL_POLL
04-25 21:32:56.396 I/Gecko   (   84): 1398486776402	Marionette	DEBUG	Got request: switchToFrame, data: {"to":"0","sessionId":"3-b2g","name":"switchToFrame","parameters":{"id":null,"focus":true}}, id: {8b072d02-bb5a-4122-be88-86839779e472}
04-25 21:32:56.396 I/Gecko   (   84): 1398486776405	Marionette	INFO	Switched to frame: {"frameValue":null}
04-25 21:32:56.536 I/Gecko   (   84): 1398486776538	Marionette	INFO	sendToClient: {"from":"0","ok":true}, {8b072d02-bb5a-4122-be88-86839779e472}, {8b072d02-bb5a-4122-be88-86839779e472}
04-25 21:32:56.536 I/Gecko   (   84): 1398486776544	Marionette	DEBUG	Got request: execute, data: {"to":"0","sessionId":"3-b2g","name":"executeScript","parameters":{"specialPowers":false,"scriptTimeout":null,"newSandbox":true,"args":[],"filename":"gaia_test.py","script":"window.wrappedJSObject.dispatchEvent(new Event('home'));","line":788}}, id: {abf0cb94-9f67-4755-8f5e-4e13c9661f1d}
04-25 21:32:56.756 I/Gonk    (   84): Setting nice for pid 4243 to 18
04-25 21:32:56.756 I/Gonk    (   84): Changed nice for pid 4243 from 18 to 18.
04-25 21:32:56.756 I/Gecko   (   84): [Parent 84] WARNING: waitpid failed pid:4243 errno:10: file ../../../gecko/ipc/chromium/src/base/process_util_posix.cc, line 254
04-25 21:32:56.786 I/Gonk    (   84): Setting nice for pid 4243 to 1
04-25 21:32:56.786 I/Gonk    (   84): Changed nice for pid 4243 from 18 to 1.
04-25 21:32:56.846 D/Sensors (   84): activate handle=0; drv=0
04-25 21:32:56.846 D/Sensors (   84): Lis3dhSensor: Control set 0
04-25 21:32:56.846 D/Sensors (   84): Lis3dhSensor: mEnabled = 0
04-25 21:32:56.916 I/Gecko   (   84): 1398486776924	Marionette	INFO	sendToClient: {"from":"0","value":null}, {abf0cb94-9f67-4755-8f5e-4e13c9661f1d}, {abf0cb94-9f67-4755-8f5e-4e13c9661f1d}
04-25 21:32:56.946 I/Gecko   (   84): 1398486776951	Marionette	DEBUG	Got request: switchToFrame, data: {"to":"0","sessionId":"3-b2g","name":"switchToFrame","parameters":{"id":null,"focus":true}}, id: {5e7c044a-b10d-4b89-bf3d-451b9d38a708}
04-25 21:32:56.946 I/Gecko   (   84): 1398486776953	Marionette	INFO	Switched to frame: {"frameValue":null}
04-25 21:32:57.046 I/Gecko   (   84): 1398486777056	Marionette	INFO	sendToClient: {"from":"0","ok":true}, {5e7c044a-b10d-4b89-bf3d-451b9d38a708}, {5e7c044a-b10d-4b89-bf3d-451b9d38a708}
04-25 21:32:57.056 I/Gecko   (   84): 1398486777063	Marionette	DEBUG	Got request: executeWithCallback, data: {"to":"0","sessionId":"3-b2g","name":"executeAsyncScript","parameters":{"specialPowers":false,"scriptTimeout":null,"newSandbox":true,"args":[],"filename":"gaia_test.py","script":"return GaiaApps.displayedApp();","line":66}}, id: {a11e4e90-89b3-485a-98d8-d8835dd5b159}
04-25 21:32:57.166 I/Gecko   (   84): 1398486777174	Marionette	INFO	sendToClient: {"from":"0","value":{"frame":{"ELEMENT":"{e14fec58-f83d-4111-a1d4-0fb2c3326fcd}"},"src":"app://homescreen.gaiamobile.org/index.html#root","name":"Homescreen","origin":"app://homescreen.gaiamobile.org"}}, {a11e4e90-89b3-485a-98d8-d8835dd5b159}, {a11e4e90-89b3-485a-98d8-d8835dd5b159}
04-25 21:32:57.176 E/GeckoConsole(   84): Content JS LOG at dummy file:392 in GaiaApps.displayedApp: app with origin 'app://homescreen.gaiamobile.org' is displayed
04-25 21:32:57.196 I/Gecko   (   84): 1398486777198	Marionette	DEBUG	Got request: switchToFrame, data: {"to":"0","sessionId":"3-b2g","name":"switchToFrame","parameters":{"id":null,"focus":true}}, id: {46f9593a-3d99-44b4-9302-824687a1fda6}
04-25 21:32:57.196 I/Gecko   (   84): 1398486777202	Marionette	INFO	Switched to frame: {"frameValue":null}
04-25 21:32:57.296 I/Gecko   (   84): 1398486777305	Marionette	INFO	sendToClient: {"from":"0","ok":true}, {46f9593a-3d99-44b4-9302-824687a1fda6}, {46f9593a-3d99-44b4-9302-824687a1fda6}
04-25 21:32:57.306 I/Gecko   (   84): 1398486777311	Marionette	DEBUG	Got request: switchToFrame, data: {"to":"0","sessionId":"3-b2g","name":"switchToFrame","parameters":{"id":null,"focus":true}}, id: {7a277761-0a5d-49e8-a7e9-3118a3800d28}
04-25 21:32:57.306 I/Gecko   (   84): 1398486777313	Marionette	INFO	Switched to frame: {"frameValue":null}
04-25 21:32:57.416 I/Gecko   (   84): 1398486777420	Marionette	INFO	sendToClient: {"from":"0","ok":true}, {7a277761-0a5d-49e8-a7e9-3118a3800d28}, {7a277761-0a5d-49e8-a7e9-3118a3800d28}
04-25 21:32:57.416 I/Gecko   (   84): 1398486777425	Marionette	DEBUG	Got request: executeWithCallback, data: {"to":"0","sessionId":"3-b2g","name":"executeAsyncScript","parameters":{"specialPowers":false,"scriptTimeout":null,"newSandbox":true,"args":[],"filename":"gaia_test.py","script":"return GaiaApps.displayedApp();","line":66}}, id: {b696eb58-fa66-49d8-9c9a-05727745f61f}
04-25 21:32:57.476 I/Gecko   (   84): 1398486777482	Marionette	INFO	sendToClient: {"from":"0","value":{"frame":{"ELEMENT":"{e14fec58-f83d-4111-a1d4-0fb2c3326fcd}"},"src":"app://homescreen.gaiamobile.org/index.html#root","name":"Homescreen","origin":"app://homescreen.gaiamobile.org"}}, {b696eb58-fa66-49d8-9c9a-05727745f61f}, {b696eb58-fa66-49d8-9c9a-05727745f61f}
04-25 21:32:57.486 E/GeckoConsole(   84): Content JS LOG at dummy file:392 in GaiaApps.displayedApp: app with origin 'app://homescreen.gaiamobile.org' is displayed
04-25 21:32:57.486 I/Gecko   (   84): 1398486777493	Marionette	DEBUG	Got request: switchToFrame, data: {"to":"0","sessionId":"3-b2g","name":"switchToFrame","parameters":{"focus":true,"element":"{e14fec58-f83d-4111-a1d4-0fb2c3326fcd}"}}, id: {6227c0f9-b7f5-4c23-82fc-3f96d3874b44}
04-25 21:32:57.556 I/Gecko   (   84): 1398486777564	Marionette	INFO	Switched to frame: {"frameValue":"{e14fec58-f83d-4111-a1d4-0fb2c3326fcd}"}
04-25 21:32:57.566 I/Gecko   (   84): 1398486777569	Marionette	INFO	trying remote frame 0
04-25 21:32:57.576 I/Gecko   (   84): 1398486777584	Marionette	INFO	trying remote frame 1
04-25 21:32:57.576 I/Gecko   (   84): 1398486777586	Marionette	INFO	trying remote frame 2
04-25 21:32:57.586 I/Gecko   (   84): 1398486777588	Marionette	INFO	trying remote frame 3
04-25 21:32:57.586 I/Gecko   (   84): 1398486777589	Marionette	INFO	trying remote frame 4
04-25 21:32:57.586 I/Gecko   (   84): 1398486777590	Marionette	INFO	trying remote frame 5
04-25 21:32:57.596 I/Gecko   (   84): 1398486777600	Marionette	INFO	deleting frame
04-25 21:32:57.596 I/Gecko   (   84): 1398486777606	Marionette	INFO	frame-manager load script: [object ChromeMessageSender]
04-25 21:32:58.926 I/Gonk    (   84): Setting nice for pid 4156 to 18
04-25 21:32:58.926 I/Gonk    (   84): Changed nice for pid 4156 from 1 to 18.
04-25 21:32:59.936 I/Gecko   ( 4243): ###################################### forms.js loaded
04-25 21:33:00.016 I/Gecko   ( 4243): ############################### browserElementPanning.js loaded
04-25 21:33:00.036 I/Gecko   ( 4243): ######################## BrowserElementChildPreload.js loaded
04-25 21:33:00.716 I/Gecko   (   84): [Parent 84] WARNING: pipe error (76): Connection reset by peer: file ../../../gecko/ipc/chromium/src/chrome/common/ipc_channel_posix.cc, line 446
04-25 21:33:00.726 I/Gecko   (   84): 
04-25 21:33:00.726 I/Gecko   (   84): ###!!! [Parent][MessageChannel] Error: Channel error: cannot send/recv
04-25 21:33:00.726 I/Gecko   (   84): 
04-25 21:33:00.826 I/Gecko   (   84): [Parent 84] WARNING: waitpid failed pid:4156 errno:10: file ../../../gecko/ipc/chromium/src/base/process_util_posix.cc, line 254
04-25 21:33:01.096 I/Gecko   (   84): 1398486781098	Marionette	INFO	sendToClient: {"from":"0","ok":true}, {6227c0f9-b7f5-4c23-82fc-3f96d3874b44}, {6227c0f9-b7f5-4c23-82fc-3f96d3874b44}
04-25 21:33:01.426 W/WifiHW  (   84): wifi_command: SIGNAL_POLL
04-25 21:33:01.476 I/Gecko   (   84): 1398486781479	Marionette	INFO	sendToClient: {"from":"0","value":"app://homescreen.gaiamobile.org/index.html#root"}, {9fe70ed5-53a3-4463-a17a-26b80ed0e804}, {9fe70ed5-53a3-4463-a17a-26b80ed0e804}
04-25 21:33:01.476 I/Gecko   (   84): 1398486781484	Marionette	DEBUG	Got request: switchToFrame, data: {"to":"0","sessionId":"3-b2g","name":"switchToFrame","parameters":{"id":null,"focus":true}}, id: {e57b9b06-807b-40ce-8ae2-3b6a67b94560}
04-25 21:33:01.506 I/Gecko   (   84): 1398486781517	Marionette	INFO	Switched to frame: {"frameValue":null}
04-25 21:33:01.626 I/Gecko   (   84): 1398486781630	Marionette	INFO	sendToClient: {"from":"0","ok":true}, {e57b9b06-807b-40ce-8ae2-3b6a67b94560}, {e57b9b06-807b-40ce-8ae2-3b6a67b94560}
04-25 21:33:01.626 I/Gecko   (   84): 1398486781636	Marionette	DEBUG	Got request: switchToFrame, data: {"to":"0","sessionId":"3-b2g","name":"switchToFrame","parameters":{"id":null,"focus":true}}, id: {d3283081-5718-47c8-93fb-8b4778fbde5d}
04-25 21:33:01.656 I/Gecko   (   84): 1398486781658	Marionette	INFO	Switched to frame: {"frameValue":null}
04-25 21:33:01.756 I/Gecko   (   84): 1398486781761	Marionette	INFO	sendToClient: {"from":"0","ok":true}, {d3283081-5718-47c8-93fb-8b4778fbde5d}, {d3283081-5718-47c8-93fb-8b4778fbde5d}
04-25 21:33:01.876 I/Gecko   (   84): 1398486781879	Marionette	DEBUG	Got request: executeWithCallback, data: {"to":"0","sessionId":"3-b2g","name":"executeAsyncScript","parameters":{"specialPowers":false,"scriptTimeout":null,"newSandbox":true,"args":[],"filename":"gaia_test.py","script":"GaiaApps.killAll()","line":91}}, id: {4a485a5d-721a-480a-a053-a0f4bdb75c7f}
04-25 21:33:01.986 I/Gecko   (   84): 1398486781990	Marionette	INFO	sendToClient: {"from":"0","value":true}, {4a485a5d-721a-480a-a053-a0f4bdb75c7f}, {4a485a5d-721a-480a-a053-a0f4bdb75c7f}
04-25 21:33:01.986 I/Gecko   (   84): 1398486781995	Marionette	DEBUG	Got request: switchToFrame, data: {"to":"0","sessionId":"3-b2g","name":"switchToFrame","parameters":{"id":null,"focus":true}}, id: {a20f0a5f-9acf-46f2-a444-453dcd711d17}
04-25 21:33:02.006 I/Gecko   (   84): 1398486782009	Marionette	INFO	Switched to frame: {"frameValue":null}
04-25 21:33:02.106 I/Gecko   (   84): 1398486782111	Marionette	INFO	sendToClient: {"from":"0","ok":true}, {a20f0a5f-9acf-46f2-a444-453dcd711d17}, {a20f0a5f-9acf-46f2-a444-453dcd711d17}
04-25 21:33:02.116 I/Gecko   (   84): 1398486782117	Marionette	DEBUG	Got request: executeWithCallback, data: {"to":"0","sessionId":"3-b2g","name":"executeAsyncScript","parameters":{"specialPowers":false,"scriptTimeout":60000,"newSandbox":true,"args":[],"filename":"app_checker.py","script":"\n        GaiaApps.locateWithManifestURL('https://marketplace.firefox.com/app/824953e9-9619-45a8-a6d3-6acbdb21dc61/manifest.webapp',\n                                       null,\n                                       function uninstall(app) {\n                                       navigator.mozApps.mgmt.uninstall(app);\n                                       marionetteScriptFinished(true);\n                                       });\n        ","line":129}}, id: {beb6ee04-cf09-496c-bbe0-85863e85a971}
04-25 21:33:02.206 I/Gecko   (   84): -- webapps.js uninstall https://marketplace.firefox.com/app/824953e9-9619-45a8-a6d3-6acbdb21dc61/manifest.webapp
04-25 21:33:02.776 I/Gecko   (   84): 1398486782786	Marionette	INFO	sendToClient: {"from":"0","value":true}, {beb6ee04-cf09-496c-bbe0-85863e85a971}, {beb6ee04-cf09-496c-bbe0-85863e85a971}
04-25 21:33:02.826 I/Gecko   (   84): [Parent 84] WARNING: waitpid failed pid:4156 errno:10: file ../../../gecko/ipc/chromium/src/base/process_util_posix.cc, line 254
04-25 21:33:02.826 I/Gecko   (   84): [Parent 84] WARNING: Failed to deliver SIGKILL to 4156!(3).: file ../../../gecko/ipc/chromium/src/chrome/common/process_watcher_posix_sigchld.cc, line 118