--------- beginning of /dev/log/main
04-26 22:08:55.011 I/Gecko   (   84): 1398575335027	Marionette	INFO	sendToClient: {"from":"0","ok":true}, {5d86692a-9e7b-42f6-b3a5-745f55c16368}, {5d86692a-9e7b-42f6-b3a5-745f55c16368}
04-26 22:08:55.051 I/Gecko   (   84): 1398575335066	Marionette	DEBUG	Got request: switchToFrame, data: {"to":"0","sessionId":"3-b2g","name":"switchToFrame","parameters":{"id":null,"focus":true}}, id: {5ab9a1e5-a747-4883-88cf-45f8143470e9}
04-26 22:08:55.061 I/Gecko   (   84): 1398575335072	Marionette	INFO	Switched to frame: {"frameValue":null}
04-26 22:08:55.161 I/Gecko   (   84): 1398575335176	Marionette	INFO	sendToClient: {"from":"0","ok":true}, {5ab9a1e5-a747-4883-88cf-45f8143470e9}, {5ab9a1e5-a747-4883-88cf-45f8143470e9}
04-26 22:08:55.181 E/GeckoConsole(  811): Content JS ERROR at app://homescreen.gaiamobile.org/gaia_build_defer_index.js:390 in loadSVConfFileError: Failed parsing singleVariant configuration file [js/singlevariantconf.json]:  [Exception... "File error: Not found"  nsresult: "0x80520012 (NS_ERROR_FILE_NOT_FOUND)"  location: "JS frame :: app://homescreen.gaiamobile.org/gaia_build_defer_index.js :: loadFile :: line 382"  data: no]
04-26 22:08:55.371 I/Gecko   (   84): 1398575335388	Marionette	DEBUG	Got request: executeWithCallback, data: {"to":"0","sessionId":"3-b2g","name":"executeAsyncScript","parameters":{"specialPowers":false,"scriptTimeout":null,"newSandbox":true,"args":[],"filename":"gaia_test.py","script":"return GaiaApps.displayedApp();","line":66}}, id: {bd6f37ed-34d1-4182-a3f3-20c067606ddf}
04-26 22:08:55.521 E/GeckoConsole(   84): Content JS LOG at dummy file:392 in GaiaApps.displayedApp: app with origin 'app://homescreen.gaiamobile.org' is displayed
04-26 22:08:55.521 I/Gecko   (   84): 1398575335534	Marionette	INFO	sendToClient: {"from":"0","value":{"frame":{"ELEMENT":"{5158a8d5-dcb9-46d2-9eed-e2bff2c3ab23}"},"src":"app://homescreen.gaiamobile.org/index.html#root","name":"Homescreen","origin":"app://homescreen.gaiamobile.org"}}, {bd6f37ed-34d1-4182-a3f3-20c067606ddf}, {bd6f37ed-34d1-4182-a3f3-20c067606ddf}
04-26 22:08:55.541 I/Gecko   (   84): 1398575335552	Marionette	DEBUG	Got request: switchToFrame, data: {"to":"0","sessionId":"3-b2g","name":"switchToFrame","parameters":{"id":null,"focus":true}}, id: {924a2c2b-e8b5-4385-9411-22632aaeaf89}
04-26 22:08:55.541 I/Gecko   (   84): 1398575335554	Marionette	INFO	Switched to frame: {"frameValue":null}
04-26 22:08:55.611 V/AudioPolicyManagerBase(   89): getDeviceForStrategy() from cache strategy 0, device 2
04-26 22:08:55.651 V/AudioPolicyManagerBase(   89): getOutput() stream 1, samplingRate 0, format 0, channels 3, flags 0
04-26 22:08:55.651 I/Gecko   (   84): 1398575335670	Marionette	INFO	sendToClient: {"from":"0","ok":true}, {924a2c2b-e8b5-4385-9411-22632aaeaf89}, {924a2c2b-e8b5-4385-9411-22632aaeaf89}
04-26 22:08:55.681 I/Gecko   (   84): 1398575335691	Marionette	DEBUG	Got request: switchToFrame, data: {"to":"0","sessionId":"3-b2g","name":"switchToFrame","parameters":{"id":null,"focus":true}}, id: {a68f1ad6-6d6c-4a0b-b216-b27e61480fab}
04-26 22:08:55.681 I/Gecko   (   84): 1398575335693	Marionette	INFO	Switched to frame: {"frameValue":null}
04-26 22:08:55.781 I/Gecko   (   84): 1398575335795	Marionette	INFO	sendToClient: {"from":"0","ok":true}, {a68f1ad6-6d6c-4a0b-b216-b27e61480fab}, {a68f1ad6-6d6c-4a0b-b216-b27e61480fab}
04-26 22:08:55.791 I/Gecko   (   84): 1398575335802	Marionette	DEBUG	Got request: executeWithCallback, data: {"to":"0","sessionId":"3-b2g","name":"executeAsyncScript","parameters":{"specialPowers":false,"scriptTimeout":null,"newSandbox":true,"args":[],"filename":"gaia_test.py","script":"return GaiaApps.displayedApp();","line":66}}, id: {ff14d061-891e-4ef9-a578-69718bfd74f7}
04-26 22:08:55.811 V/AudioPolicyManagerBase(   89): startOutput() output 1, stream 1, session 2
04-26 22:08:55.811 V/AudioPolicyManagerBase(   89): startReadingThread
04-26 22:08:55.811 V/AudioPolicyManagerBase(   89): changeRefCount() stream 1, count 1
04-26 22:08:55.811 V/AudioPolicyManagerBase(   89): getDeviceForStrategy() from cache strategy 0, device 2
04-26 22:08:55.811 V/AudioPolicyManagerBase(   89): getNewDevice() selected device 2
04-26 22:08:55.811 D/AudioPolicyManagerBase(   89): setOutputDevice() output 1 device 2 delayMs 0
04-26 22:08:55.811 V/AudioPolicyManagerBase(   89): setOutputDevice() setting same device 2 or null device for output 1
04-26 22:08:55.811 E/AudioPolicyManagerBase(   89): checkAndSetVolume stream=1, index=0, output=1, device=2
04-26 22:08:55.811 E/AudioPolicyManagerBase(   89): computeVolume, streamDesc=0x1f93bb8
04-26 22:08:55.831 V/AudioPolicyManagerBase(   89): ThreadWrapper 0x1f93b40
04-26 22:08:55.831 V/AudioPolicyManagerBase(   89): threadFunc in
04-26 22:08:55.871 W/AudioFlinger(   89): Thread AudioOut_1 cannot connect to the power manager service
04-26 22:08:55.871 V/AudioPolicyManagerBase(   89): stopOutput() output 1, stream 1, session 2
04-26 22:08:55.871 V/AudioPolicyManagerBase(   89): stopReadingThread
04-26 22:08:55.891 I/Gecko   (   84): 1398575335909	Marionette	INFO	sendToClient: {"from":"0","value":{"frame":{"ELEMENT":"{5158a8d5-dcb9-46d2-9eed-e2bff2c3ab23}"},"src":"app://homescreen.gaiamobile.org/index.html#root","name":"Homescreen","origin":"app://homescreen.gaiamobile.org"}}, {ff14d061-891e-4ef9-a578-69718bfd74f7}, {ff14d061-891e-4ef9-a578-69718bfd74f7}
04-26 22:08:55.901 E/GeckoConsole(   84): Content JS LOG at dummy file:392 in GaiaApps.displayedApp: app with origin 'app://homescreen.gaiamobile.org' is displayed
04-26 22:08:55.931 V/AudioPolicyManagerBase(   89): threadFunc exit
04-26 22:08:55.931 V/AudioPolicyManagerBase(   89): changeRefCount() stream 1, count 0
04-26 22:08:55.931 V/AudioPolicyManagerBase(   89): getNewDevice() selected device 0
04-26 22:08:55.931 D/AudioPolicyManagerBase(   89): setOutputDevice() output 1 device 0 delayMs 290
04-26 22:08:55.931 V/AudioPolicyManagerBase(   89): setOutputDevice() setting same device 0 or null device for output 1
04-26 22:08:55.941 V/AudioPolicyManagerBase(   89): startOutput() output 1, stream 1, session 2
04-26 22:08:55.941 V/AudioPolicyManagerBase(   89): changeRefCount() stream 1, count 1
04-26 22:08:55.941 V/AudioPolicyManagerBase(   89): getDeviceForStrategy() from cache strategy 0, device 2
04-26 22:08:55.941 V/AudioPolicyManagerBase(   89): getNewDevice() selected device 2
04-26 22:08:55.941 D/AudioPolicyManagerBase(   89): setOutputDevice() output 1 device 2 delayMs 0
04-26 22:08:55.941 V/AudioPolicyManagerBase(   89): setOutputDevice() setting same device 2 or null device for output 1
04-26 22:08:55.941 E/AudioPolicyManagerBase(   89): checkAndSetVolume stream=1, index=0, output=1, device=2
04-26 22:08:55.941 E/AudioPolicyManagerBase(   89): computeVolume, streamDesc=0x1f93bb8
04-26 22:08:55.941 V/AudioPolicyManagerBase(   89): stopOutput() output 1, stream 1, session 2
04-26 22:08:55.941 V/AudioPolicyManagerBase(   89): changeRefCount() stream 1, count 0
04-26 22:08:55.941 V/AudioPolicyManagerBase(   89): getNewDevice() selected device 0
04-26 22:08:55.941 D/AudioPolicyManagerBase(   89): setOutputDevice() output 1 device 0 delayMs 290
04-26 22:08:55.941 V/AudioPolicyManagerBase(   89): setOutputDevice() setting same device 0 or null device for output 1
04-26 22:08:55.961 V/AudioPolicyManagerBase(   89): releaseOutput() 1
04-26 22:08:55.991 I/Gecko   (   84): 1398575336009	Marionette	DEBUG	Got request: switchToFrame, data: {"to":"0","sessionId":"3-b2g","name":"switchToFrame","parameters":{"focus":true,"element":"{5158a8d5-dcb9-46d2-9eed-e2bff2c3ab23}"}}, id: {3a927b32-742b-4563-8bd0-30716eac6b24}
04-26 22:08:56.001 I/Gecko   (   84): 1398575336017	Marionette	INFO	Switched to frame: {"frameValue":"{5158a8d5-dcb9-46d2-9eed-e2bff2c3ab23}"}
04-26 22:08:56.001 I/Gecko   (   84): 1398575336019	Marionette	INFO	trying remote frame 0
04-26 22:08:56.011 I/Gecko   (   84): 1398575336022	Marionette	INFO	deleting frame
04-26 22:08:56.011 I/Gecko   (   84): 1398575336026	Marionette	INFO	frame-manager load script: [object ChromeMessageSender]
04-26 22:08:56.611 I/Gecko   (   84): 1398575336626	Marionette	INFO	sendToClient: {"from":"0","ok":true}, {3a927b32-742b-4563-8bd0-30716eac6b24}, {3a927b32-742b-4563-8bd0-30716eac6b24}
04-26 22:08:56.691 I/Gecko   (   84): 1398575336704	Marionette	INFO	sendToClient: {"from":"0","value":{"ELEMENT":"{0ce96d67-5bfb-4880-97ad-b68c5cb9836f}"}}, {d25bb4cf-6952-4f4e-afbb-f10024902d49}, {d25bb4cf-6952-4f4e-afbb-f10024902d49}
04-26 22:08:56.971 E/GeckoConsole(  811): [JavaScript Warning: "Use of getAttributeNode() is deprecated. Use getAttribute() instead." {file: "chrome://marionette/content/atoms.js" line: 25}]
04-26 22:08:56.981 E/GeckoConsole(  811): [JavaScript Warning: "Use of attributes' specified attribute is deprecated. It always returns true." {file: "chrome://marionette/content/atoms.js" line: 25}]
04-26 22:08:56.981 I/Gecko   (   84): 1398575336998	Marionette	INFO	sendToClient: {"from":"0","value":"normal"}, {66f0992e-f0de-467e-8be5-49da4ead4337}, {66f0992e-f0de-467e-8be5-49da4ead4337}
04-26 22:08:56.991 I/Gecko   (   84): 1398575337004	Marionette	DEBUG	Got request: switchToFrame, data: {"to":"0","sessionId":"3-b2g","name":"switchToFrame","parameters":{"id":null,"focus":true}}, id: {c3240747-939e-4307-9fa5-8ff9f79f7f47}
04-26 22:08:57.031 I/Gecko   (   84): 1398575337043	Marionette	INFO	Switched to frame: {"frameValue":null}
04-26 22:08:57.131 I/Gecko   (   84): 1398575337146	Marionette	INFO	sendToClient: {"from":"0","ok":true}, {c3240747-939e-4307-9fa5-8ff9f79f7f47}, {c3240747-939e-4307-9fa5-8ff9f79f7f47}
04-26 22:08:57.141 I/Gecko   (   84): 1398575337152	Marionette	DEBUG	Got request: execute, data: {"to":"0","sessionId":"3-b2g","name":"executeScript","parameters":{"specialPowers":false,"scriptTimeout":null,"newSandbox":true,"args":[],"filename":"gaia_test.py","script":"window.wrappedJSObject.dispatchEvent(new Event('home'));","line":788}}, id: {53aba2a9-5acc-40e8-ac2d-b635415b2a3f}
04-26 22:08:57.221 I/Gecko   (   84): 1398575337235	Marionette	INFO	sendToClient: {"from":"0","value":null}, {53aba2a9-5acc-40e8-ac2d-b635415b2a3f}, {53aba2a9-5acc-40e8-ac2d-b635415b2a3f}
04-26 22:08:57.231 I/Gecko   (   84): 1398575337248	Marionette	DEBUG	Got request: switchToFrame, data: {"to":"0","sessionId":"3-b2g","name":"switchToFrame","parameters":{"id":null,"focus":true}}, id: {b52b0a29-a71f-43e3-8fc2-51f52f0cceb5}
04-26 22:08:57.241 I/Gecko   (   84): 1398575337257	Marionette	INFO	Switched to frame: {"frameValue":null}
04-26 22:08:57.351 I/Gecko   (   84): 1398575337370	Marionette	INFO	sendToClient: {"from":"0","ok":true}, {b52b0a29-a71f-43e3-8fc2-51f52f0cceb5}, {b52b0a29-a71f-43e3-8fc2-51f52f0cceb5}
04-26 22:08:57.361 I/Gecko   (   84): 1398575337376	Marionette	DEBUG	Got request: switchToFrame, data: {"to":"0","sessionId":"3-b2g","name":"switchToFrame","parameters":{"id":null,"focus":true}}, id: {3d3d3e38-298a-40cb-a075-37faf5e49bab}
04-26 22:08:57.361 I/Gecko   (   84): 1398575337378	Marionette	INFO	Switched to frame: {"frameValue":null}
04-26 22:08:57.531 I/Gecko   (   84): 1398575337544	Marionette	INFO	sendToClient: {"from":"0","ok":true}, {3d3d3e38-298a-40cb-a075-37faf5e49bab}, {3d3d3e38-298a-40cb-a075-37faf5e49bab}
04-26 22:08:57.541 I/Gecko   (   84): 1398575337554	Marionette	DEBUG	Got request: executeWithCallback, data: {"to":"0","sessionId":"3-b2g","name":"executeAsyncScript","parameters":{"specialPowers":false,"scriptTimeout":null,"newSandbox":true,"args":[],"filename":"gaia_test.py","script":"return GaiaApps.displayedApp();","line":66}}, id: {3976c5d9-9d36-4648-b40a-d5ac564f1f2e}
04-26 22:08:57.651 I/Gecko   (   84): 1398575337663	Marionette	INFO	sendToClient: {"from":"0","value":{"frame":{"ELEMENT":"{5158a8d5-dcb9-46d2-9eed-e2bff2c3ab23}"},"src":"app://homescreen.gaiamobile.org/index.html#rootSat%20Apr%2026%202014%2022:08:57%20GMT-0700%20(UTC)","name":"Homescreen","origin":"app://homescreen.gaiamobile.org"}}, {3976c5d9-9d36-4648-b40a-d5ac564f1f2e}, {3976c5d9-9d36-4648-b40a-d5ac564f1f2e}
04-26 22:08:57.671 E/GeckoConsole(   84): Content JS LOG at dummy file:392 in GaiaApps.displayedApp: app with origin 'app://homescreen.gaiamobile.org' is displayed
04-26 22:08:57.671 I/Gecko   (   84): 1398575337684	Marionette	DEBUG	Got request: switchToFrame, data: {"to":"0","sessionId":"3-b2g","name":"switchToFrame","parameters":{"focus":true,"element":"{5158a8d5-dcb9-46d2-9eed-e2bff2c3ab23}"}}, id: {f9b5e307-d0d6-4157-a673-c561131c2c3e}
04-26 22:08:57.681 I/Gecko   (   84): 1398575337697	Marionette	INFO	Switched to frame: {"frameValue":"{5158a8d5-dcb9-46d2-9eed-e2bff2c3ab23}"}
04-26 22:08:57.681 I/Gecko   (   84): 1398575337699	Marionette	INFO	trying remote frame 0
04-26 22:08:57.901 W/WifiHW  (   84): wifi_command: SIGNAL_POLL
04-26 22:08:58.231 I/Gecko   (   84): 1398575338247	Marionette	INFO	sendToClient: {"from":"0","ok":true}, {f9b5e307-d0d6-4157-a673-c561131c2c3e}, {f9b5e307-d0d6-4157-a673-c561131c2c3e}
04-26 22:08:58.241 I/Gecko   (   84): 1398575338254	Marionette	DEBUG	Got request: execute, data: {"to":"0","sessionId":"3-b2g","name":"executeScript","parameters":{"specialPowers":false,"scriptTimeout":null,"newSandbox":true,"args":[],"filename":"gaia_test.py","script":"return window.wrappedJSObject.GridManager.pageHelper.getCurrentPageNumber();","line":784}}, id: {7cdcb921-4479-4537-9ca1-ca2ed233b066}
04-26 22:08:58.341 I/Gecko   (   84): 1398575338352	Marionette	INFO	sendToClient: {"from":"0","value":0}, {7cdcb921-4479-4537-9ca1-ca2ed233b066}, {7cdcb921-4479-4537-9ca1-ca2ed233b066}
04-26 22:08:58.681 I/Gecko   (   84): 1398575338700	Marionette	INFO	sendToClient: {"from":"0","value":["{494090b5-212f-41f1-9ff7-af9af5c34705}","{fd74d6e0-a992-443c-bbc6-40db712d4e2f}","{dd875744-b7d3-4b99-aa40-2751d42670f4}","{c372a94e-ceb7-437c-bbec-080b1338a273}","{1491b0c2-31ce-4bed-907f-f36ed84b8b8b}","{fecfd65a-a18f-47a0-83b8-73d06dc716a4}","{38039c41-4e22-405e-bf04-82c539d6c853}","{092718c2-9c43-4ecc-bfe5-c4fe1d7d6554}","{5492f072-b146-4b43-8aec-0e18d8ba7f0e}","{050d8804-8a72-4051-9b7d-babe9360bfc7}","{9f39455a-3e46-48b5-bd93-95e9928db968}","{8620e464-55dc-4bec-a6b6-4145610b1556}","{bc561271-adb9-4c7a-ad9b-2c80430ea0ce}","{143c530a-f24d-477f-bb1d-3dc12d5123f1}","{f2c542b4-4fdd-47e0-93b8-18ee3fe2cdf5}","{d3b0b04d-b8fe-4c81-a02e-06377413d698}","{adedda64-72e6-46b0-aad5-b368cf175111}","{d16535fe-7873-46dd-88ef-cbabb025b088}","{18215175-e5a4-4a59-a78e-c1ae3e55d352}","{804b306e-b340-434d-a69b-ec1d42684fd1}","{273bd5c1-94c0-4edb-b745-f0a916749131}","{6db3882b-4a6c-42d7-8898-678cc015099b}","{93972635-c8c4-40f2-98cb-f9122bc249d5}","{b7902922-94e1
04-26 22:09:01.141 I/Gecko   (   84): 1398575341153	Marionette	INFO	sendToClient: {"from":"0","value":"app://homescreen.gaiamobile.org/index.html#rootSat%20Apr%2026%202014%2022:08:57%20GMT-0700%20(UTC)"}, {384ddb97-9df5-4724-8758-dc20ebb04e7a}, {384ddb97-9df5-4724-8758-dc20ebb04e7a}
04-26 22:09:01.171 I/Gecko   (   84): 1398575341186	Marionette	DEBUG	Got request: switchToFrame, data: {"to":"0","sessionId":"3-b2g","name":"switchToFrame","parameters":{"id":null,"focus":true}}, id: {85ceea0c-4c7b-4d28-a6cd-65ca2e9d3e47}
04-26 22:09:01.271 I/Gecko   (   84): 1398575341283	Marionette	INFO	Switched to frame: {"frameValue":null}
04-26 22:09:01.391 E/GeckoConsole(  811): Content JS WARN at app://homescreen.gaiamobile.org/gaia_build_defer_index.js:184 in isHiddenApp: Unexpected role when checking hidden app: undefined
04-26 22:09:01.391 E/GeckoConsole(  811): Content JS WARN at app://homescreen.gaiamobile.org/gaia_build_defer_index.js:184 in isHiddenApp: Unexpected role when checking hidden app: undefined
04-26 22:09:01.391 E/GeckoConsole(  811): Content JS WARN at app://homescreen.gaiamobile.org/gaia_build_defer_index.js:184 in isHiddenApp: Unexpected role when checking hidden app: undefined
04-26 22:09:01.401 E/GeckoConsole(  811): Content JS WARN at app://homescreen.gaiamobile.org/gaia_build_defer_index.js:184 in isHiddenApp: Unexpected role when checking hidden app: undefined
04-26 22:09:01.401 E/GeckoConsole(  811): Content JS WARN at app://homescreen.gaiamobile.org/gaia_build_defer_index.js:184 in isHiddenApp: Unexpected role when checking hidden app: undefined
04-26 22:09:01.401 E/GeckoConsole(  811): Content JS WARN at app://homescreen.gaiamobile.org/gaia_build_defer_index.js:184 in isHiddenApp: Unexpected role when checking hidden app: undefined
04-26 22:09:01.401 E/GeckoConsole(  811): Content JS WARN at app://homescreen.gaiamobile.org/gaia_build_defer_index.js:184 in isHiddenApp: Unexpected role when checking hidden app: undefined
04-26 22:09:01.401 E/GeckoConsole(  811): Content JS WARN at app://homescreen.gaiamobile.org/gaia_build_defer_index.js:184 in isHiddenApp: Unexpected role when checking hidden app: undefined
04-26 22:09:01.401 E/GeckoConsole(  811): Content JS WARN at app://homescreen.gaiamobile.org/gaia_build_defer_index.js:184 in isHiddenApp: Unexpected role when checking hidden app: undefined
04-26 22:09:01.401 E/GeckoConsole(  811): Content JS WARN at app://homescreen.gaiamobile.org/gaia_build_defer_index.js:184 in isHiddenApp: Unexpected role when checking hidden app: undefined
04-26 22:09:01.401 E/GeckoConsole(  811): Content JS WARN at app://homescreen.gaiamobile.org/gaia_build_defer_index.js:184 in isHiddenApp: Unexpected role when checking hidden app: undefined
04-26 22:09:01.401 E/GeckoConsole(  811): Content JS WARN at app://homescreen.gaiamobile.org/gaia_build_defer_index.js:184 in isHiddenApp: Unexpected role when checking hidden app: undefined
04-26 22:09:01.401 E/GeckoConsole(  811): Content JS WARN at app://homescreen.gaiamobile.org/gaia_build_defer_index.js:184 in isHiddenApp: Unexpected role when checking hidden app: undefined
04-26 22:09:01.401 E/GeckoConsole(  811): Content JS WARN at app://homescreen.gaiamobile.org/gaia_build_defer_index.js:184 in isHiddenApp: Unexpected role when checking hidden app: undefined
04-26 22:09:01.401 E/GeckoConsole(  811): Content JS WARN at app://homescreen.gaiamobile.org/gaia_build_defer_index.js:184 in isHiddenApp: Unexpected role when checking hidden app: undefined
04-26 22:09:01.401 E/GeckoConsole(  811): Content JS WARN at app://homescreen.gaiamobile.org/gaia_build_defer_index.js:184 in isHiddenApp: Unexpected role when checking hidden app: undefined
04-26 22:09:01.401 E/GeckoConsole(  811): Content JS WARN at app://homescreen.gaiamobile.org/gaia_build_defer_index.js:184 in isHiddenApp: Unexpected role when checking hidden app: undefined
04-26 22:09:01.401 E/GeckoConsole(  811): Content JS WARN at app://homescreen.gaiamobile.org/gaia_build_defer_index.js:184 in isHiddenApp: Unexpected role when checking hidden app: undefined
04-26 22:09:01.401 E/GeckoConsole(  811): Content JS WARN at app://homescreen.gaiamobile.org/gaia_build_defer_index.js:184 in isHiddenApp: Unexpected role when checking hidden app: undefined
04-26 22:09:01.401 E/GeckoConsole(  811): Content JS WARN at app://homescreen.gaiamobile.org/gaia_build_defer_index.js:184 in isHiddenApp: Unexpected role when checking hidden app: undefined
04-26 22:09:01.401 E/GeckoConsole(  811): Content JS WARN at app://homescreen.gaiamobile.org/gaia_build_defer_index.js:184 in isHiddenApp: Unexpected role when checking hidden app: undefined
04-26 22:09:01.401 E/GeckoConsole(  811): Content JS WARN at app://homescreen.gaiamobile.org/gaia_build_defer_index.js:184 in isHiddenApp: Unexpected role when checking hidden app: undefined
04-26 22:09:01.411 I/Gecko   (   84): 1398575341425	Marionette	INFO	sendToClient: {"from":"0","ok":true}, {85ceea0c-4c7b-4d28-a6cd-65ca2e9d3e47}, {85ceea0c-4c7b-4d28-a6cd-65ca2e9d3e47}
04-26 22:09:01.411 E/GeckoConsole(  811): Content JS WARN at app://homescreen.gaiamobile.org/gaia_build_defer_index.js:184 in isHiddenApp: Unexpected role when checking hidden app: undefined
04-26 22:09:01.421 I/Gecko   (   84): 1398575341432	Marionette	DEBUG	Got request: switchToFrame, data: {"to":"0","sessionId":"3-b2g","name":"switchToFrame","parameters":{"id":null,"focus":true}}, id: {d6427a18-2525-415b-9129-e1ee5327ada3}
04-26 22:09:01.421 I/Gecko   (   84): 1398575341433	Marionette	INFO	Switched to frame: {"frameValue":null}
04-26 22:09:01.421 E/GeckoConsole(  811): Content JS WARN at app://homescreen.gaiamobile.org/gaia_build_defer_index.js:184 in isHiddenApp: Unexpected role when checking hidden app: undefined
04-26 22:09:01.421 E/GeckoConsole(  811): Content JS WARN at app://homescreen.gaiamobile.org/gaia_build_defer_index.js:184 in isHiddenApp: Unexpected role when checking hidden app: undefined
04-26 22:09:01.421 E/GeckoConsole(  811): Content JS WARN at app://homescreen.gaiamobile.org/gaia_build_defer_index.js:184 in isHiddenApp: Unexpected role when checking hidden app: undefined
04-26 22:09:01.421 E/GeckoConsole(  811): Content JS WARN at app://homescreen.gaiamobile.org/gaia_build_defer_index.js:184 in isHiddenApp: Unexpected role when checking hidden app: undefined
04-26 22:09:01.421 E/GeckoConsole(  811): Content JS WARN at app://homescreen.gaiamobile.org/gaia_build_defer_index.js:184 in isHiddenApp: Unexpected role when checking hidden app: undefined
04-26 22:09:01.421 E/GeckoConsole(  811): Content JS WARN at app://homescreen.gaiamobile.org/gaia_build_defer_index.js:184 in isHiddenApp: Unexpected role when checking hidden app: undefined
04-26 22:09:01.421 E/GeckoConsole(  811): Content JS WARN at app://homescreen.gaiamobile.org/gaia_build_defer_index.js:184 in isHiddenApp: Unexpected role when checking hidden app: undefined
04-26 22:09:01.421 E/GeckoConsole(  811): Content JS WARN at app://homescreen.gaiamobile.org/gaia_build_defer_index.js:184 in isHiddenApp: Unexpected role when checking hidden app: undefined
04-26 22:09:01.421 E/GeckoConsole(  811): Content JS WARN at app://homescreen.gaiamobile.org/gaia_build_defer_index.js:184 in isHiddenApp: Unexpected role when checking hidden app: undefined
04-26 22:09:01.421 E/GeckoConsole(  811): Content JS WARN at app://homescreen.gaiamobile.org/gaia_build_defer_index.js:184 in isHiddenApp: Unexpected role when checking hidden app: undefined
04-26 22:09:01.421 E/GeckoConsole(  811): Content JS WARN at app://homescreen.gaiamobile.org/gaia_build_defer_index.js:184 in isHiddenApp: Unexpected role when checking hidden app: undefined
04-26 22:09:01.421 E/GeckoConsole(  811): Content JS WARN at app://homescreen.gaiamobile.org/gaia_build_defer_index.js:184 in isHiddenApp: Unexpected role when checking hidden app: undefined
04-26 22:09:01.421 E/GeckoConsole(  811): Content JS WARN at app://homescreen.gaiamobile.org/gaia_build_defer_index.js:184 in isHiddenApp: Unexpected role when checking hidden app: undefined
04-26 22:09:01.431 E/GeckoConsole(  811): Content JS WARN at app://homescreen.gaiamobile.org/gaia_build_defer_index.js:184 in isHiddenApp: Unexpected role when checking hidden app: undefined
04-26 22:09:01.431 E/GeckoConsole(  811): Content JS WARN at app://homescreen.gaiamobile.org/gaia_build_defer_index.js:184 in isHiddenApp: Unexpected role when checking hidden app: undefined
04-26 22:09:01.431 E/GeckoConsole(  811): Content JS WARN at app://homescreen.gaiamobile.org/gaia_build_defer_index.js:184 in isHiddenApp: Unexpected role when checking hidden app: undefined
04-26 22:09:01.431 E/GeckoConsole(  811): Content JS WARN at app://homescreen.gaiamobile.org/gaia_build_defer_index.js:184 in isHiddenApp: Unexpected role when checking hidden app: undefined
04-26 22:09:01.431 E/GeckoConsole(  811): Content JS WARN at app://homescreen.gaiamobile.org/gaia_build_defer_index.js:184 in isHiddenApp: Unexpected role when checking hidden app: undefined
04-26 22:09:01.431 E/GeckoConsole(  811): Content JS WARN at app://homescreen.gaiamobile.org/gaia_build_defer_index.js:184 in isHiddenApp: Unexpected role when checking hidden app: undefined
04-26 22:09:01.431 E/GeckoConsole(  811): Content JS WARN at app://homescreen.gaiamobile.org/gaia_build_defer_index.js:184 in isHiddenApp: Unexpected role when checking hidden app: undefined
04-26 22:09:01.431 E/GeckoConsole(  811): Content JS WARN at app://homescreen.gaiamobile.org/gaia_build_defer_index.js:184 in isHiddenApp: Unexpected role when checking hidden app: undefined
04-26 22:09:01.431 E/GeckoConsole(  811): Content JS WARN at app://homescreen.gaiamobile.org/gaia_build_defer_index.js:184 in isHiddenApp: Unexpected role when checking hidden app: undefined
04-26 22:09:01.431 E/GeckoConsole(  811): Content JS WARN at app://homescreen.gaiamobile.org/gaia_build_defer_index.js:184 in isHiddenApp: Unexpected role when checking hidden app: undefined
04-26 22:09:01.431 E/GeckoConsole(  811): Content JS WARN at app://homescreen.gaiamobile.org/gaia_build_defer_index.js:184 in isHiddenApp: Unexpected role when checking hidden app: undefined
04-26 22:09:01.431 E/GeckoConsole(  811): Content JS WARN at app://homescreen.gaiamobile.org/gaia_build_defer_index.js:184 in isHiddenApp: Unexpected role when checking hidden app: undefined
04-26 22:09:01.431 E/GeckoConsole(  811): Content JS WARN at app://homescreen.gaiamobile.org/gaia_build_defer_index.js:184 in isHiddenApp: Unexpected role when checking hidden app: undefined
04-26 22:09:01.611 I/Gecko   (   84): 1398575341622	Marionette	INFO	sendToClient: {"from":"0","ok":true}, {d6427a18-2525-415b-9129-e1ee5327ada3}, {d6427a18-2525-415b-9129-e1ee5327ada3}
04-26 22:09:01.611 I/Gecko   (   84): 1398575341629	Marionette	DEBUG	Got request: executeWithCallback, data: {"to":"0","sessionId":"3-b2g","name":"executeAsyncScript","parameters":{"specialPowers":false,"scriptTimeout":30000,"newSandbox":true,"args":[],"filename":"app_checker.py","script":"GaiaApps.launchWithManifestURL('http://marbles.justplaymobile.com/marbles.webapp')","line":106}}, id: {cfdeaa12-2d7a-43a4-8953-1ef1416253f2}
04-26 22:09:01.891 I/Gonk    (   84): Setting nice for pid 821 to 18
04-26 22:09:01.891 I/Gonk    (   84): Changed nice for pid 821 from 18 to 18.
04-26 22:09:01.891 I/Gecko   (   84): [Parent 84] WARNING: waitpid failed pid:821 errno:10: file ../../../gecko/ipc/chromium/src/base/process_util_posix.cc, line 254
04-26 22:09:01.931 I/Gonk    (   84): Setting nice for pid 821 to 1
04-26 22:09:01.931 I/Gonk    (   84): Changed nice for pid 821 from 18 to 1.
04-26 22:09:02.011 D/Sensors (   84): activate handle=0; drv=0
04-26 22:09:02.041 D/Sensors (   84): Lis3dhSensor: Control set 1
04-26 22:09:02.041 D/Sensors (   84): Lis3dhSensor: mEnabled = 1
04-26 22:09:02.731 I/InputReader(   84): Reconfiguring input devices.  changes=0x00000004
04-26 22:09:02.731 I/InputReader(   84): Device reconfigured: id=6, name='ms-msg21xx', size 320x480, orientation 1, mode 1, display id 0
04-26 22:09:02.771 E/GeckoConsole(   84): Content JS LOG at dummy file:334 in GaiaApps.launch: launching app with name 'Marbles'
04-26 22:09:02.861 E/[Gralloc-ERROR](   84): int gralloc_register_buffer(const gralloc_module_t*, const native_handle_t*):79 Unable to register handle 0x4a0f6380 coming from different process: 84
04-26 22:09:02.901 E/[Gralloc-ERROR](   84): int gralloc_register_buffer(const gralloc_module_t*, const native_handle_t*):79 Unable to register handle 0x4a0f6420 coming from different process: 84
04-26 22:09:03.021 E/[Gralloc-ERROR](   84): int gralloc_unregister_buffer(const gralloc_module_t*, const native_handle_t*):274 Trying to unregister buffer 0x49db4510 from process 84 that was not created in current process: 84
04-26 22:09:03.231 W/WifiHW  (   84): wifi_command: SIGNAL_POLL
04-26 22:09:03.281 E/[Gralloc-ERROR](   84): int gralloc_unregister_buffer(const gralloc_module_t*, const native_handle_t*):274 Trying to unregister buffer 0x49db4380 from process 84 that was not created in current process: 84
04-26 22:09:03.471 I/Gonk    (   84): Setting nice for pid 811 to 18
04-26 22:09:03.471 I/Gonk    (   84): Changed nice for pid 811 from 1 to 18.
04-26 22:09:04.161 I/log     (  906): <4>0[ 281.796297] select 811 (Homescreen), adj 8, size 7880, to kill 
04-26 22:09:04.631 I/Gecko   (  821): ###################################### forms.js loaded
04-26 22:09:04.701 I/Gecko   (  821): ############################### browserElementPanning.js loaded
04-26 22:09:04.721 I/Gecko   (  821): ######################## BrowserElementChildPreload.js loaded
04-26 22:09:06.221 I/Gecko   (   84): 
04-26 22:09:06.221 I/Gecko   (   84): ###!!! [Parent][MessageChannel] Error: Channel error: cannot send/recv
04-26 22:09:06.221 I/Gecko   (   84): 
04-26 22:09:06.301 I/GeckoDump(   84): Crash reporter : Can't fetch app.reportCrashes. Exception: [Exception... "Component returned failure code: 0x8000ffff (NS_ERROR_UNEXPECTED) [nsIPrefBranch.getBoolPref]"  nsresult: "0x8000ffff (NS_ERROR_UNEXPECTED)"  location: "JS frame :: chrome://browser/content/shell.js :: shell_reportCrash :: line 7"  data: no]
04-26 22:09:06.301 I/Gecko   (   84): [Parent 84] WARNING: waitpid failed pid:811 errno:10: file ../../../gecko/ipc/chromium/src/base/process_util_posix.cc, line 254
04-26 22:09:06.531 E/GeckoConsole(  821): [JavaScript Warning: "Unknown property 'text-aling'.  Declaration dropped." {file: "http://marbles.justplaymobile.com/" line: 57 column: 11 source: "	text-aling: center;"}]
04-26 22:09:06.531 E/GeckoConsole(  821): [JavaScript Warning: "Unknown property 'align'.  Declaration dropped." {file: "http://marbles.justplaymobile.com/" line: 58 column: 6 source: "	align: center;"}]
04-26 22:09:07.001 I/Gonk    (   84): Setting nice for pid 915 to 18
04-26 22:09:07.001 I/Gonk    (   84): Changed nice for pid 915 from 0 to 18.
04-26 22:09:07.391 I/Gonk    (   84): Setting nice for pid 915 to 18
04-26 22:09:07.391 I/Gonk    (   84): Changed nice for pid 915 from 18 to 18.
04-26 22:09:07.391 I/Gecko   (   84): [Parent 84] WARNING: waitpid failed pid:915 errno:10: file ../../../gecko/ipc/chromium/src/base/process_util_posix.cc, line 254
04-26 22:09:07.391 I/Gonk    (   84): Setting nice for pid 915 to 1
04-26 22:09:07.391 I/Gonk    (   84): Changed nice for pid 915 from 18 to 1.
04-26 22:09:07.401 I/Gonk    (   84): Setting nice for pid 915 to 18
04-26 22:09:07.401 I/Gonk    (   84): Changed nice for pid 915 from 1 to 18.
04-26 22:09:07.601 E/GeckoConsole(  821): [JavaScript Warning: "Unknown property '-moz-border-radius'.  Declaration dropped." {file: "http://marbles.justplaymobile.com/480px.htm" line: 128 column: 19 source: "	-moz-border-radius: 40px;"}]
04-26 22:09:07.611 E/GeckoConsole(  821): [JavaScript Warning: "Unknown property '-moz-box-shadow'.  Declaration dropped." {file: "http://marbles.justplaymobile.com/480px.htm" line: 134 column: 16 source: "	-moz-box-shadow: 3px 3px 10px 0 #000;"}]
04-26 22:09:07.611 E/GeckoConsole(  821): [JavaScript Warning: "Unknown property '-moz-border-radius'.  Declaration dropped." {file: "http://marbles.justplaymobile.com/480px.htm" line: 164 column: 19 source: "	-moz-border-radius: 40px;"}]
04-26 22:09:07.611 E/GeckoConsole(  821): [JavaScript Warning: "Unknown property '-moz-box-shadow'.  Declaration dropped." {file: "http://marbles.justplaymobile.com/480px.htm" line: 170 column: 16 source: "	-moz-box-shadow: 3px 3px 10px 0 #000;"}]
04-26 22:09:07.751 E/GeckoConsole(   84): Content JS LOG at dummy file:326 in GaiaApps.launch/appOpen/<: app with origin 'http://marbles.justplaymobile.com' has launched
04-26 22:09:07.761 I/Gecko   (   84): 1398575347777	Marionette	INFO	sendToClient: {"from":"0","value":{"frame":{"ELEMENT":"{f341c08b-aeff-4dcf-a8ca-058e35eb4907}"},"src":"http://marbles.justplaymobile.com/","name":"Marbles","origin":"http://marbles.justplaymobile.com"}}, {cfdeaa12-2d7a-43a4-8953-1ef1416253f2}, {cfdeaa12-2d7a-43a4-8953-1ef1416253f2}
04-26 22:09:07.861 I/log     (  923): <4>0[ 285.486083] select 915 ((Preallocated a), adj 8, size 2446, to kill 
04-26 22:09:08.051 I/Gecko   (   84): [Parent 84] WARNING: pipe error (114): Connection reset by peer: file ../../../gecko/ipc/chromium/src/chrome/common/ipc_channel_posix.cc, line 446
04-26 22:09:08.111 I/Gecko   (   84): 
04-26 22:09:08.111 I/Gecko   (   84): ###!!! [Parent][MessageChannel] Error: Channel error: cannot send/recv
04-26 22:09:08.111 I/Gecko   (   84): 
04-26 22:09:08.131 I/GeckoDump(   84): Crash reporter : Can't fetch app.reportCrashes. Exception: [Exception... "Component returned failure code: 0x8000ffff (NS_ERROR_UNEXPECTED) [nsIPrefBranch.getBoolPref]"  nsresult: "0x8000ffff (NS_ERROR_UNEXPECTED)"  location: "JS frame :: chrome://browser/content/shell.js :: shell_reportCrash :: line 7"  data: no]
04-26 22:09:08.141 I/Gecko   (   84): [Parent 84] WARNING: waitpid failed pid:915 errno:10: file ../../../gecko/ipc/chromium/src/base/process_util_posix.cc, line 254
04-26 22:09:08.191 I/Gecko   (   84): 1398575348204	Marionette	DEBUG	Got request: switchToFrame, data: {"to":"0","sessionId":"3-b2g","name":"switchToFrame","parameters":{"focus":true,"element":"{f341c08b-aeff-4dcf-a8ca-058e35eb4907}"}}, id: {ed67b966-611a-4657-8557-a3a79a13be54}
04-26 22:09:08.211 I/Gecko   (   84): 1398575348222	Marionette	INFO	Switched to frame: {"frameValue":"{f341c08b-aeff-4dcf-a8ca-058e35eb4907}"}
04-26 22:09:08.211 I/Gecko   (   84): 1398575348225	Marionette	INFO	trying remote frame 0
04-26 22:09:08.211 I/Gecko   (   84): 1398575348226	Marionette	INFO	deleting frame
04-26 22:09:08.231 I/Gecko   (   84): 1398575348231	Marionette	INFO	frame-manager load script: [object ChromeMessageSender]
04-26 22:09:08.281 W/WifiHW  (   84): wifi_command: SIGNAL_POLL
04-26 22:09:08.301 I/Gecko   (   84): [Parent 84] WARNING: waitpid failed pid:811 errno:10: file ../../../gecko/ipc/chromium/src/base/process_util_posix.cc, line 254
04-26 22:09:08.301 I/Gecko   (   84): [Parent 84] WARNING: Failed to deliver SIGKILL to 811!(3).: file ../../../gecko/ipc/chromium/src/chrome/common/process_watcher_posix_sigchld.cc, line 118
04-26 22:09:08.421 E/GeckoConsole(  821): [JavaScript Warning: "The character encoding of a framed document was not declared. The document may appear different if viewed without the document framing it." {file: "http://marbles.justplaymobile.com/480px.htm" line: 0}]
04-26 22:09:08.891 I/Gecko   (   84): 1398575348902	Marionette	INFO	sendToClient: {"from":"0","ok":true}, {ed67b966-611a-4657-8557-a3a79a13be54}, {ed67b966-611a-4657-8557-a3a79a13be54}
04-26 22:09:08.961 I/Gecko   (   84): 1398575348977	Marionette	INFO	sendToClient: {"from":"0","value":"http://marbles.justplaymobile.com/"}, {f0c16e6f-89d0-49a7-a407-cbd02ea31420}, {f0c16e6f-89d0-49a7-a407-cbd02ea31420}
04-26 22:09:08.971 I/Gecko   (   84): 1398575348983	Marionette	DEBUG	Got request: execute, data: {"to":"0","sessionId":"3-b2g","name":"executeScript","parameters":{"specialPowers":false,"scriptTimeout":null,"newSandbox":true,"args":[],"filename":"app_checker.py","script":"return window.document.readyState;","line":191}}, id: {24ba7131-1764-4034-ac27-b8d22c006c7a}
04-26 22:09:09.041 I/Gecko   (   84): 1398575349059	Marionette	INFO	sendToClient: {"from":"0","value":"complete"}, {24ba7131-1764-4034-ac27-b8d22c006c7a}, {24ba7131-1764-4034-ac27-b8d22c006c7a}
04-26 22:09:09.061 I/Gecko   (   84): 1398575349078	Marionette	INFO	sendToClient: {"from":"0","value":"http://marbles.justplaymobile.com/"}, {7b21d03e-3ef7-4dab-a37f-2c28a0e4bfeb}, {7b21d03e-3ef7-4dab-a37f-2c28a0e4bfeb}
04-26 22:09:09.401 I/Gecko   (  821): Attempting load of libEGL.so
04-26 22:09:09.441 D/libEGL  (  821): loaded /system/lib/egl/libEGL_mali.so
04-26 22:09:09.461 D/libEGL  (  821): loaded /system/lib/egl/libGLESv1_CM_mali.so
04-26 22:09:09.461 D/libEGL  (  821): loaded /system/lib/egl/libGLESv2_mali.so
04-26 22:09:09.511 I/Gecko   (  821): SharedSurface_Gralloc::Create -------
04-26 22:09:09.531 I/Gecko   (  821): SharedSurface_Gralloc::Create: success -- surface 0x44211840, GraphicBuffer 0x440ec880.
04-26 22:09:10.141 I/Gecko   (   84): [Parent 84] WARNING: waitpid failed pid:915 errno:10: file ../../../gecko/ipc/chromium/src/base/process_util_posix.cc, line 254
04-26 22:09:10.141 I/Gecko   (   84): [Parent 84] WARNING: Failed to deliver SIGKILL to 915!(3).: file ../../../gecko/ipc/chromium/src/chrome/common/process_watcher_posix_sigchld.cc, line 118
04-26 22:09:10.321 I/Gecko   (   84): 1398575350335	Marionette	INFO	sendToClient: {"from":"0","value":"iVBORw0KGgoAAAANSUhEUgAAAeAAAAFACAYAAABkyK97AAAVg0lEQVR4nO3deXSV9Z3H8dwbE3DpyKK15UwpSyBkB0UctrhUK7Uotdbajp0WbbV00KlLB057dNozVU7rUhAXQBFFxOLCUkQoWxISBZW9SASRAGEnBHADIeH5zB8PNwkhWG0P+d5nvu97zuvEBfi9ee4f3/N7nvs8NyUlJUUAAKDZmQcAAOCReQAAAB6ZBwAA4JF5AAAAHpkHAADgkXkAAAAemQcAAOCReQAAAB6ZBwAA4JF5AAAAHpkHAADgkXkAAAAemQcAAOCReQAAAB6ZBwAA4JF5AAAAHpkHAADgkXkAAAAemQcAAOCReQAAAB6ZBwAA4JF5AAAAHpkHAADgkXkAAAAemQcAAOCReQAAAB6ZBwAA4JF5AAAAHpkHAADgkXkAAAAemQcAAOCReQAAAB6ZBwAA4JF5AAAAHpkHAADgkXkAAAAemQcAAOCReQAAAB6ZBwAA4JF5AAAAHpkHAADgkXkAAAAemQcAAOCReQAAAB6ZBwAA4JF5AAAAHpkHAADgkXkAAAAemQcAAOCReQAAAB6ZBwAA4JF5AAAAHpkHAADgkXkAAAAemQcAAOCReQAAAB6ZBwAA4JF5AAAAHpkHAADgkXkAAAAemQcAAOCReQAAAB6ZBwAA4JF5AAAAHpkHAADgkXkAAAAemQcAAOCReQAAAB6ZBwAA4JF5AAAAHpkHAADgkXkAAAAemQcAAOCReQAAAB6ZBwAA4JF5AAAAHpkHAADgkXkAAAAemQcAAOCReQAAAB6ZBwAA4JF5AAAAHpkHAADgkXkAAAAemQcAAOCReQAAAB6ZBwAA4JF5AAAAHpkHAADgkXkAAAAemQcAAOCReQAAAB6ZBwAA4JF5AAAAHpkHAADgkXkAAAAemQcAAOCReQAAAB6ZBwAA4JF5AAAAHpkHAA
04-26 22:09:10.691 I/Gecko   (   84): 1398575350703	Marionette	INFO	sendToClient: {"from":"0","ok":true}, {2f08a573-368c-467d-9d18-95faf871e8da}, {2f08a573-368c-467d-9d18-95faf871e8da}
04-26 22:09:10.721 I/Gecko   (   84): 1398575350737	Marionette	DEBUG	Got request: switchToFrame, data: {"to":"0","sessionId":"3-b2g","name":"switchToFrame","parameters":{"id":null,"focus":true}}, id: {1d1ad74a-679d-45b0-869c-1cc8fc543595}
04-26 22:09:10.761 I/Gecko   (   84): 1398575350776	Marionette	INFO	Switched to frame: {"frameValue":null}
04-26 22:09:10.861 I/Gecko   (   84): 1398575350881	Marionette	INFO	sendToClient: {"from":"0","ok":true}, {1d1ad74a-679d-45b0-869c-1cc8fc543595}, {1d1ad74a-679d-45b0-869c-1cc8fc543595}
04-26 22:09:10.871 I/Gecko   (   84): 1398575350887	Marionette	DEBUG	Got request: executeWithCallback, data: {"to":"0","sessionId":"3-b2g","name":"executeAsyncScript","parameters":{"specialPowers":false,"scriptTimeout":null,"newSandbox":true,"args":[],"filename":"gaia_test.py","script":"return GaiaApps.displayedApp();","line":66}}, id: {1be2c037-0a87-431d-a344-c0e6c702b77a}
04-26 22:09:10.931 I/Gecko   (   84): 1398575350944	Marionette	INFO	sendToClient: {"from":"0","value":{"frame":{"ELEMENT":"{f341c08b-aeff-4dcf-a8ca-058e35eb4907}"},"src":"http://marbles.justplaymobile.com/","name":"Marbles","origin":"http://marbles.justplaymobile.com"}}, {1be2c037-0a87-431d-a344-c0e6c702b77a}, {1be2c037-0a87-431d-a344-c0e6c702b77a}
04-26 22:09:10.941 E/GeckoConsole(   84): Content JS LOG at dummy file:392 in GaiaApps.displayedApp: app with origin 'http://marbles.justplaymobile.com' is displayed
04-26 22:09:10.941 I/Gecko   (   84): 1398575350954	Marionette	DEBUG	Got request: switchToFrame, data: {"to":"0","sessionId":"3-b2g","name":"switchToFrame","parameters":{"id":null,"focus":true}}, id: {4b45b19e-a164-4a43-901b-b5169b651441}
04-26 22:09:10.941 I/Gecko   (   84): 1398575350956	Marionette	INFO	Switched to frame: {"frameValue":null}
04-26 22:09:11.051 I/Gecko   (   84): 1398575351063	Marionette	INFO	sendToClient: {"from":"0","ok":true}, {4b45b19e-a164-4a43-901b-b5169b651441}, {4b45b19e-a164-4a43-901b-b5169b651441}
04-26 22:09:11.051 I/Gecko   (   84): 1398575351069	Marionette	DEBUG	Got request: execute, data: {"to":"0","sessionId":"3-b2g","name":"executeScript","parameters":{"specialPowers":false,"scriptTimeout":null,"newSandbox":true,"args":[],"filename":"gaia_test.py","script":"window.wrappedJSObject.dispatchEvent(new Event('home'));","line":788}}, id: {4b4326b3-92e3-4251-afb9-454555da4f0e}
04-26 22:09:11.191 D/Sensors (   84): activate handle=0; drv=0
04-26 22:09:11.211 D/Sensors (   84): Lis3dhSensor: Control set 0
04-26 22:09:11.211 D/Sensors (   84): Lis3dhSensor: mEnabled = 0
04-26 22:09:11.551 I/InputReader(   84): Reconfiguring input devices.  changes=0x00000004
04-26 22:09:11.551 I/InputReader(   84): Device reconfigured: id=6, name='ms-msg21xx', size 320x480, orientation 0, mode 1, display id 0
04-26 22:09:11.571 E/[Gralloc-ERROR](   84): int gralloc_register_buffer(const gralloc_module_t*, const native_handle_t*):79 Unable to register handle 0x45ff3100 coming from different process: 84
04-26 22:09:11.591 E/[Gralloc-ERROR](   84): int gralloc_register_buffer(const gralloc_module_t*, const native_handle_t*):79 Unable to register handle 0x45ff31a0 coming from different process: 84
04-26 22:09:11.691 I/Gonk    (   84): Setting nice for pid 932 to 18
04-26 22:09:11.691 I/Gonk    (   84): Changed nice for pid 932 from 0 to 18.
04-26 22:09:11.701 E/[Gralloc-ERROR](   84): int gralloc_unregister_buffer(const gralloc_module_t*, const native_handle_t*):274 Trying to unregister buffer 0x4a0f6420 from process 84 that was not created in current process: 84
04-26 22:09:11.721 I/Gecko   (   84): 1398575351735	Marionette	INFO	sendToClient: {"from":"0","value":null}, {4b4326b3-92e3-4251-afb9-454555da4f0e}, {4b4326b3-92e3-4251-afb9-454555da4f0e}
04-26 22:09:11.741 E/[Gralloc-ERROR](   84): int gralloc_unregister_buffer(const gralloc_module_t*, const native_handle_t*):274 Trying to unregister buffer 0x4a0f6380 from process 84 that was not created in current process: 84
04-26 22:09:11.751 I/Gonk    (   84): Setting nice for pid 932 to 18
04-26 22:09:11.751 I/Gonk    (   84): Changed nice for pid 932 from 18 to 18.
04-26 22:09:11.751 I/Gecko   (   84): [Parent 84] WARNING: waitpid failed pid:932 errno:10: file ../../../gecko/ipc/chromium/src/base/process_util_posix.cc, line 254
04-26 22:09:11.751 I/Gonk    (   84): Setting nice for pid 932 to 1
04-26 22:09:11.751 I/Gonk    (   84): Changed nice for pid 932 from 18 to 1.
04-26 22:09:11.771 I/Gecko   (   84): 1398575351783	Marionette	DEBUG	Got request: switchToFrame, data: {"to":"0","sessionId":"3-b2g","name":"switchToFrame","parameters":{"id":null,"focus":true}}, id: {59b84fdd-9303-46c4-b27f-81d071597521}
04-26 22:09:11.771 I/Gecko   (   84): 1398575351786	Marionette	INFO	Switched to frame: {"frameValue":null}
04-26 22:09:11.881 I/Gecko   (   84): 1398575351895	Marionette	INFO	sendToClient: {"from":"0","ok":true}, {59b84fdd-9303-46c4-b27f-81d071597521}, {59b84fdd-9303-46c4-b27f-81d071597521}
04-26 22:09:11.901 I/Gecko   (   84): 1398575351913	Marionette	DEBUG	Got request: executeWithCallback, data: {"to":"0","sessionId":"3-b2g","name":"executeAsyncScript","parameters":{"specialPowers":false,"scriptTimeout":null,"newSandbox":true,"args":[],"filename":"gaia_test.py","script":"return GaiaApps.displayedApp();","line":66}}, id: {8c8e781a-2e5f-4ee3-b6b8-d639ba31ba62}
04-26 22:09:12.031 E/GeckoConsole(   84): Content JS LOG at dummy file:392 in GaiaApps.displayedApp: app with origin 'app://homescreen.gaiamobile.org' is displayed
04-26 22:09:12.031 I/Gecko   (   84): 1398575352042	Marionette	INFO	sendToClient: {"from":"0","value":{"frame":{"ELEMENT":"{f7b2fbd9-0233-4a72-8f00-61217c5e444f}"},"src":"app://homescreen.gaiamobile.org/index.html#root","name":"Homescreen","origin":"app://homescreen.gaiamobile.org"}}, {8c8e781a-2e5f-4ee3-b6b8-d639ba31ba62}, {8c8e781a-2e5f-4ee3-b6b8-d639ba31ba62}
04-26 22:09:12.061 I/Gecko   (   84): 1398575352074	Marionette	DEBUG	Got request: switchToFrame, data: {"to":"0","sessionId":"3-b2g","name":"switchToFrame","parameters":{"id":null,"focus":true}}, id: {d122cf60-9d1f-41f5-90e7-12cce2e991a9}
04-26 22:09:12.061 I/Gecko   (   84): 1398575352080	Marionette	INFO	Switched to frame: {"frameValue":null}
04-26 22:09:13.191 I/Gecko   (   84): 1398575353206	Marionette	INFO	sendToClient: {"from":"0","ok":true}, {d122cf60-9d1f-41f5-90e7-12cce2e991a9}, {d122cf60-9d1f-41f5-90e7-12cce2e991a9}
04-26 22:09:13.241 I/Gonk    (   84): Setting nice for pid 940 to 18
04-26 22:09:13.241 I/Gonk    (   84): Changed nice for pid 940 from 0 to 18.
04-26 22:09:13.361 W/WifiHW  (   84): wifi_command: SIGNAL_POLL
04-26 22:09:13.411 I/Gecko   (   84): 1398575353428	Marionette	DEBUG	Got request: switchToFrame, data: {"to":"0","sessionId":"3-b2g","name":"switchToFrame","parameters":{"id":null,"focus":true}}, id: {24bc218a-260f-4196-a1d6-6a1cec9f3cb9}
04-26 22:09:13.481 I/Gecko   (   84): 1398575353494	Marionette	INFO	Switched to frame: {"frameValue":null}
04-26 22:09:13.681 I/Gonk    (   84): Setting nice for pid 821 to 18
04-26 22:09:13.681 I/Gonk    (   84): Changed nice for pid 821 from 1 to 18.
04-26 22:09:13.691 I/Gecko   (   84): 1398575353707	Marionette	INFO	sendToClient: {"from":"0","ok":true}, {24bc218a-260f-4196-a1d6-6a1cec9f3cb9}, {24bc218a-260f-4196-a1d6-6a1cec9f3cb9}
04-26 22:09:13.721 I/Gecko   (   84): 1398575353736	Marionette	DEBUG	Got request: executeWithCallback, data: {"to":"0","sessionId":"3-b2g","name":"executeAsyncScript","parameters":{"specialPowers":false,"scriptTimeout":null,"newSandbox":true,"args":[],"filename":"gaia_test.py","script":"return GaiaApps.displayedApp();","line":66}}, id: {8ed3b5e6-a819-47bd-9eb8-6be56faf22a3}
04-26 22:09:13.811 I/Gecko   (   84): 1398575353822	Marionette	INFO	sendToClient: {"from":"0","value":{"frame":{"ELEMENT":"{f7b2fbd9-0233-4a72-8f00-61217c5e444f}"},"src":"app://homescreen.gaiamobile.org/index.html#root","name":"Homescreen","origin":"app://homescreen.gaiamobile.org"}}, {8ed3b5e6-a819-47bd-9eb8-6be56faf22a3}, {8ed3b5e6-a819-47bd-9eb8-6be56faf22a3}
04-26 22:09:13.811 E/GeckoConsole(   84): Content JS LOG at dummy file:392 in GaiaApps.displayedApp: app with origin 'app://homescreen.gaiamobile.org' is displayed
04-26 22:09:14.261 I/Gecko   (   84): 1398575354271	Marionette	DEBUG	Got request: switchToFrame, data: {"to":"0","sessionId":"3-b2g","name":"switchToFrame","parameters":{"focus":true,"element":"{f7b2fbd9-0233-4a72-8f00-61217c5e444f}"}}, id: {08c366e2-3d2b-47ca-b8d3-dcecb7846d4c}
04-26 22:09:14.321 I/Gecko   (   84): 1398575354340	Marionette	INFO	Switched to frame: {"frameValue":"{f7b2fbd9-0233-4a72-8f00-61217c5e444f}"}
04-26 22:09:14.341 I/Gecko   (   84): 1398575354354	Marionette	INFO	trying remote frame 0
04-26 22:09:14.341 I/Gecko   (   84): 1398575354356	Marionette	INFO	deleting frame
04-26 22:09:14.351 I/Gecko   (   84): 1398575354365	Marionette	INFO	frame-manager load script: [object ChromeMessageSender]
04-26 22:09:15.221 I/Gecko   (  932): ###################################### forms.js loaded
04-26 22:09:15.241 I/Gecko   (   84): 
04-26 22:09:15.241 I/Gecko   (   84): ###!!! [Parent][MessageChannel] Error: Channel error: cannot send/recv
04-26 22:09:15.241 I/Gecko   (   84): 
04-26 22:09:15.281 I/Gecko   (  932): ############################### browserElementPanning.js loaded
04-26 22:09:15.321 I/GeckoDump(   84): Crash reporter : Can't fetch app.reportCrashes. Exception: [Exception... "Component returned failure code: 0x8000ffff (NS_ERROR_UNEXPECTED) [nsIPrefBranch.getBoolPref]"  nsresult: "0x8000ffff (NS_ERROR_UNEXPECTED)"  location: "JS frame :: chrome://browser/content/shell.js :: shell_reportCrash :: line 7"  data: no]
04-26 22:09:15.331 I/Gecko   (  932): ######################## BrowserElementChildPreload.js loaded
04-26 22:09:15.341 I/Gecko   (   84): [Parent 84] WARNING: waitpid failed pid:821 errno:10: file ../../../gecko/ipc/chromium/src/base/process_util_posix.cc, line 254
04-26 22:09:16.361 I/Gecko   (   84): 1398575356377	Marionette	INFO	sendToClient: {"from":"0","ok":true}, {08c366e2-3d2b-47ca-b8d3-dcecb7846d4c}, {08c366e2-3d2b-47ca-b8d3-dcecb7846d4c}
04-26 22:09:16.631 I/Gecko   (   84): 1398575356644	Marionette	INFO	sendToClient: {"from":"0","value":"app://homescreen.gaiamobile.org/index.html#root"}, {5c29ddde-96ed-40ce-8580-c8525e37d935}, {5c29ddde-96ed-40ce-8580-c8525e37d935}
04-26 22:09:16.631 I/Gecko   (   84): 1398575356650	Marionette	DEBUG	Got request: switchToFrame, data: {"to":"0","sessionId":"3-b2g","name":"switchToFrame","parameters":{"id":null,"focus":true}}, id: {8c2eaa44-aaf1-4d5b-8ec1-ea6cfd486bac}
04-26 22:09:16.671 I/Gecko   (   84): 1398575356682	Marionette	INFO	Switched to frame: {"frameValue":null}
04-26 22:09:16.771 I/Gecko   (   84): 1398575356784	Marionette	INFO	sendToClient: {"from":"0","ok":true}, {8c2eaa44-aaf1-4d5b-8ec1-ea6cfd486bac}, {8c2eaa44-aaf1-4d5b-8ec1-ea6cfd486bac}
04-26 22:09:16.771 I/Gecko   (   84): 1398575356790	Marionette	DEBUG	Got request: switchToFrame, data: {"to":"0","sessionId":"3-b2g","name":"switchToFrame","parameters":{"id":null,"focus":true}}, id: {c4fa46dc-494c-496d-9823-efb0e6fd79db}
04-26 22:09:16.781 I/Gecko   (   84): 1398575356792	Marionette	INFO	Switched to frame: {"frameValue":null}
04-26 22:09:16.891 I/Gecko   (   84): 1398575356903	Marionette	INFO	sendToClient: {"from":"0","ok":true}, {c4fa46dc-494c-496d-9823-efb0e6fd79db}, {c4fa46dc-494c-496d-9823-efb0e6fd79db}
04-26 22:09:16.891 I/Gecko   (   84): 1398575356909	Marionette	DEBUG	Got request: executeWithCallback, data: {"to":"0","sessionId":"3-b2g","name":"executeAsyncScript","parameters":{"specialPowers":false,"scriptTimeout":null,"newSandbox":true,"args":[],"filename":"gaia_test.py","script":"GaiaApps.killAll()","line":91}}, id: {71357c26-2e3d-4369-acb3-aa582796a341}
04-26 22:09:16.941 I/Gecko   (   84): 1398575356953	Marionette	INFO	sendToClient: {"from":"0","value":true}, {71357c26-2e3d-4369-acb3-aa582796a341}, {71357c26-2e3d-4369-acb3-aa582796a341}
04-26 22:09:16.941 I/Gecko   (   84): 1398575356958	Marionette	DEBUG	Got request: switchToFrame, data: {"to":"0","sessionId":"3-b2g","name":"switchToFrame","parameters":{"id":null,"focus":true}}, id: {595bfd59-f3d3-4b16-bc2f-8bc1a0345659}
04-26 22:09:16.951 I/Gecko   (   84): 1398575356962	Marionette	INFO	Switched to frame: {"frameValue":null}
04-26 22:09:17.051 I/Gecko   (   84): 1398575357065	Marionette	INFO	sendToClient: {"from":"0","ok":true}, {595bfd59-f3d3-4b16-bc2f-8bc1a0345659}, {595bfd59-f3d3-4b16-bc2f-8bc1a0345659}
04-26 22:09:17.061 I/Gecko   (   84): 1398575357071	Marionette	DEBUG	Got request: executeWithCallback, data: {"to":"0","sessionId":"3-b2g","name":"executeAsyncScript","parameters":{"specialPowers":false,"scriptTimeout":60000,"newSandbox":true,"args":[],"filename":"app_checker.py","script":"\n        GaiaApps.locateWithManifestURL('http://marbles.justplaymobile.com/marbles.webapp',\n                                       null,\n                                       function uninstall(app) {\n                                       navigator.mozApps.mgmt.uninstall(app);\n                                       marionetteScriptFinished(true);\n                                       });\n        ","line":129}}, id: {f697fea6-2d5d-433f-8223-a1c291ef8be6}
04-26 22:09:17.111 I/Gecko   (   84): -- webapps.js uninstall http://marbles.justplaymobile.com/marbles.webapp
04-26 22:09:17.341 I/Gecko   (   84): [Parent 84] WARNING: waitpid failed pid:821 errno:10: file ../../../gecko/ipc/chromium/src/base/process_util_posix.cc, line 254
04-26 22:09:17.341 I/Gecko   (   84): [Parent 84] WARNING: Failed to deliver SIGKILL to 821!(3).: file ../../../gecko/ipc/chromium/src/chrome/common/process_watcher_posix_sigchld.cc, line 118
04-26 22:09:17.521 I/Gecko   (   84): 1398575357532	Marionette	INFO	sendToClient: {"from":"0","value":true}, {f697fea6-2d5d-433f-8223-a1c291ef8be6}, {f697fea6-2d5d-433f-8223-a1c291ef8be6}