--------- beginning of /dev/log/main
04-25 11:25:33.521 I/SprdSimpleOMXComponent(   89): fillThisBuffer, buffer: 0x65c718, header: 0x65cab0, iRefCount: 0
04-25 11:25:33.531 I/SprdSimpleOMXComponent(   89): fillThisBuffer, buffer: 0x65c720, header: 0x65cc90, iRefCount: 0
04-25 11:25:33.601 I/SprdSimpleOMXComponent(   89): fillThisBuffer, buffer: 0x65c708, header: 0x65c690, iRefCount: 0
04-25 11:25:33.601 I/SprdSimpleOMXComponent(   89): fillThisBuffer, buffer: 0x65c710, header: 0x65c8d0, iRefCount: 0
04-25 11:25:33.681 I/SprdSimpleOMXComponent(   89): fillThisBuffer, buffer: 0x65c718, header: 0x65cab0, iRefCount: 0
04-25 11:25:33.701 I/SprdSimpleOMXComponent(   89): fillThisBuffer, buffer: 0x65c720, header: 0x65cc90, iRefCount: 0
04-25 11:25:33.701 I/SprdSimpleOMXComponent(   89): fillThisBuffer, buffer: 0x65c708, header: 0x65c690, iRefCount: 0
04-25 11:25:33.761 I/SprdSimpleOMXComponent(   89): fillThisBuffer, buffer: 0x65c710, header: 0x65c8d0, iRefCount: 0
04-25 11:25:33.761 I/SprdSimpleOMXComponent(   89): fillThisBuffer, buffer: 0x65c718, header: 0x65cab0, iRefCount: 0
04-25 11:25:33.761 I/SprdSimpleOMXComponent(   89): fillThisBuffer, buffer: 0x65c720, header: 0x65cc90, iRefCount: 0
04-25 11:25:33.811 I/SprdSimpleOMXComponent(   89): fillThisBuffer, buffer: 0x65c708, header: 0x65c690, iRefCount: 0
04-25 11:25:33.831 I/SprdSimpleOMXComponent(   89): fillThisBuffer, buffer: 0x65c710, header: 0x65c8d0, iRefCount: 0
04-25 11:25:33.831 I/SprdSimpleOMXComponent(   89): fillThisBuffer, buffer: 0x65c718, header: 0x65cab0, iRefCount: 0
04-25 11:25:33.861 I/GonkMemoryPressure(   84): Checking to see if memory pressure is over.
04-25 11:25:33.861 I/GonkMemoryPressure(   84): Memory pressure is over.
04-25 11:25:33.871 I/GonkMemoryPressure( 1594): Checking to see if memory pressure is over.
04-25 11:25:33.881 I/GonkMemoryPressure( 1594): Memory pressure is over.
04-25 11:25:33.881 I/SprdSimpleOMXComponent(   89): fillThisBuffer, buffer: 0x65c720, header: 0x65cc90, iRefCount: 0
04-25 11:25:33.881 I/SprdSimpleOMXComponent(   89): fillThisBuffer, buffer: 0x65c708, header: 0x65c690, iRefCount: 0
04-25 11:25:33.891 I/SprdSimpleOMXComponent(   89): fillThisBuffer, buffer: 0x65c710, header: 0x65c8d0, iRefCount: 0
04-25 11:25:33.961 I/SprdSimpleOMXComponent(   89): fillThisBuffer, buffer: 0x65c718, header: 0x65cab0, iRefCount: 0
04-25 11:25:33.961 I/SprdSimpleOMXComponent(   89): fillThisBuffer, buffer: 0x65c720, header: 0x65cc90, iRefCount: 0
04-25 11:25:33.971 I/SprdSimpleOMXComponent(   89): fillThisBuffer, buffer: 0x65c708, header: 0x65c690, iRefCount: 0
04-25 11:25:34.031 I/SprdSimpleOMXComponent(   89): fillThisBuffer, buffer: 0x65c710, header: 0x65c8d0, iRefCount: 0
04-25 11:25:34.031 I/SprdSimpleOMXComponent(   89): fillThisBuffer, buffer: 0x65c718, header: 0x65cab0, iRefCount: 0
04-25 11:25:34.031 I/SprdSimpleOMXComponent(   89): fillThisBuffer, buffer: 0x65c720, header: 0x65cc90, iRefCount: 0
04-25 11:25:34.111 I/SprdSimpleOMXComponent(   89): fillThisBuffer, buffer: 0x65c708, header: 0x65c690, iRefCount: 0
04-25 11:25:34.111 I/SprdSimpleOMXComponent(   89): fillThisBuffer, buffer: 0x65c710, header: 0x65c8d0, iRefCount: 0
04-25 11:25:34.121 I/SprdSimpleOMXComponent(   89): fillThisBuffer, buffer: 0x65c718, header: 0x65cab0, iRefCount: 0
04-25 11:25:34.171 I/SprdSimpleOMXComponent(   89): fillThisBuffer, buffer: 0x65c720, header: 0x65cc90, iRefCount: 0
04-25 11:25:34.181 I/SprdSimpleOMXComponent(   89): fillThisBuffer, buffer: 0x65c708, header: 0x65c690, iRefCount: 0
04-25 11:25:34.251 I/SprdSimpleOMXComponent(   89): fillThisBuffer, buffer: 0x65c710, header: 0x65c8d0, iRefCount: 0
04-25 11:25:34.251 I/SprdSimpleOMXComponent(   89): fillThisBuffer, buffer: 0x65c718, header: 0x65cab0, iRefCount: 0
04-25 11:25:34.251 I/SprdSimpleOMXComponent(   89): fillThisBuffer, buffer: 0x65c720, header: 0x65cc90, iRefCount: 0
04-25 11:25:34.321 I/SprdSimpleOMXComponent(   89): fillThisBuffer, buffer: 0x65c708, header: 0x65c690, iRefCount: 0
04-25 11:25:34.321 I/SprdSimpleOMXComponent(   89): fillThisBuffer, buffer: 0x65c710, header: 0x65c8d0, iRefCount: 0
04-25 11:25:34.331 I/SprdSimpleOMXComponent(   89): fillThisBuffer, buffer: 0x65c718, header: 0x65cab0, iRefCount: 0
04-25 11:25:34.391 I/SprdSimpleOMXComponent(   89): fillThisBuffer, buffer: 0x65c720, header: 0x65cc90, iRefCount: 0
04-25 11:25:34.391 I/SprdSimpleOMXComponent(   89): fillThisBuffer, buffer: 0x65c708, header: 0x65c690, iRefCount: 0
04-25 11:25:34.391 I/SprdSimpleOMXComponent(   89): fillThisBuffer, buffer: 0x65c710, header: 0x65c8d0, iRefCount: 0
04-25 11:25:34.461 I/SprdSimpleOMXComponent(   89): fillThisBuffer, buffer: 0x65c718, header: 0x65cab0, iRefCount: 0
04-25 11:25:34.471 I/SprdSimpleOMXComponent(   89): fillThisBuffer, buffer: 0x65c720, header: 0x65cc90, iRefCount: 0
04-25 11:25:34.471 I/SprdSimpleOMXComponent(   89): fillThisBuffer, buffer: 0x65c708, header: 0x65c690, iRefCount: 0
04-25 11:25:34.571 I/SprdSimpleOMXComponent(   89): fillThisBuffer, buffer: 0x65c710, header: 0x65c8d0, iRefCount: 0
04-25 11:25:34.581 I/SprdSimpleOMXComponent(   89): fillThisBuffer, buffer: 0x65c718, header: 0x65cab0, iRefCount: 0
04-25 11:25:34.601 I/SprdSimpleOMXComponent(   89): fillThisBuffer, buffer: 0x65c720, header: 0x65cc90, iRefCount: 0
04-25 11:25:34.641 I/SprdSimpleOMXComponent(   89): fillThisBuffer, buffer: 0x65c708, header: 0x65c690, iRefCount: 0
04-25 11:25:34.651 I/SprdSimpleOMXComponent(   89): fillThisBuffer, buffer: 0x65c710, header: 0x65c8d0, iRefCount: 0
04-25 11:25:34.651 I/SprdSimpleOMXComponent(   89): fillThisBuffer, buffer: 0x65c718, header: 0x65cab0, iRefCount: 0
04-25 11:25:34.721 I/SprdSimpleOMXComponent(   89): fillThisBuffer, buffer: 0x65c720, header: 0x65cc90, iRefCount: 0
04-25 11:25:34.721 I/SprdSimpleOMXComponent(   89): fillThisBuffer, buffer: 0x65c708, header: 0x65c690, iRefCount: 0
04-25 11:25:34.801 I/SprdSimpleOMXComponent(   89): fillThisBuffer, buffer: 0x65c710, header: 0x65c8d0, iRefCount: 0
04-25 11:25:34.801 I/SprdSimpleOMXComponent(   89): fillThisBuffer, buffer: 0x65c718, header: 0x65cab0, iRefCount: 0
04-25 11:25:34.801 I/SprdSimpleOMXComponent(   89): fillThisBuffer, buffer: 0x65c720, header: 0x65cc90, iRefCount: 0
04-25 11:25:34.871 I/SprdSimpleOMXComponent(   89): fillThisBuffer, buffer: 0x65c708, header: 0x65c690, iRefCount: 0
04-25 11:25:34.871 I/SprdSimpleOMXComponent(   89): fillThisBuffer, buffer: 0x65c710, header: 0x65c8d0, iRefCount: 0
04-25 11:25:34.871 I/SprdSimpleOMXComponent(   89): fillThisBuffer, buffer: 0x65c718, header: 0x65cab0, iRefCount: 0
04-25 11:25:34.941 I/SprdSimpleOMXComponent(   89): fillThisBuffer, buffer: 0x65c720, header: 0x65cc90, iRefCount: 0
04-25 11:25:34.941 I/SprdSimpleOMXComponent(   89): fillThisBuffer, buffer: 0x65c708, header: 0x65c690, iRefCount: 0
04-25 11:25:34.941 I/SprdSimpleOMXComponent(   89): fillThisBuffer, buffer: 0x65c710, header: 0x65c8d0, iRefCount: 0
04-25 11:25:35.011 I/SprdSimpleOMXComponent(   89): fillThisBuffer, buffer: 0x65c718, header: 0x65cab0, iRefCount: 0
04-25 11:25:35.011 I/SprdSimpleOMXComponent(   89): fillThisBuffer, buffer: 0x65c720, header: 0x65cc90, iRefCount: 0
04-25 11:25:35.011 I/SprdSimpleOMXComponent(   89): fillThisBuffer, buffer: 0x65c708, header: 0x65c690, iRefCount: 0
04-25 11:25:35.111 I/SprdSimpleOMXComponent(   89): fillThisBuffer, buffer: 0x65c710, header: 0x65c8d0, iRefCount: 0
04-25 11:25:35.111 I/SprdSimpleOMXComponent(   89): fillThisBuffer, buffer: 0x65c718, header: 0x65cab0, iRefCount: 0
04-25 11:25:35.111 I/SprdSimpleOMXComponent(   89): fillThisBuffer, buffer: 0x65c720, header: 0x65cc90, iRefCount: 0
04-25 11:25:35.161 I/SprdSimpleOMXComponent(   89): fillThisBuffer, buffer: 0x65c708, header: 0x65c690, iRefCount: 0
04-25 11:25:35.161 I/SprdSimpleOMXComponent(   89): fillThisBuffer, buffer: 0x65c710, header: 0x65c8d0, iRefCount: 0
04-25 11:25:35.161 I/SprdSimpleOMXComponent(   89): fillThisBuffer, buffer: 0x65c718, header: 0x65cab0, iRefCount: 0
04-25 11:25:35.231 I/SprdSimpleOMXComponent(   89): fillThisBuffer, buffer: 0x65c720, header: 0x65cc90, iRefCount: 0
04-25 11:25:35.231 I/SprdSimpleOMXComponent(   89): fillThisBuffer, buffer: 0x65c708, header: 0x65c690, iRefCount: 0
04-25 11:25:35.231 I/SprdSimpleOMXComponent(   89): fillThisBuffer, buffer: 0x65c710, header: 0x65c8d0, iRefCount: 0
04-25 11:25:35.301 I/SprdSimpleOMXComponent(   89): fillThisBuffer, buffer: 0x65c718, header: 0x65cab0, iRefCount: 0
04-25 11:25:35.301 I/SprdSimpleOMXComponent(   89): fillThisBuffer, buffer: 0x65c720, header: 0x65cc90, iRefCount: 0
04-25 11:25:35.371 I/SprdSimpleOMXComponent(   89): fillThisBuffer, buffer: 0x65c708, header: 0x65c690, iRefCount: 0
04-25 11:25:35.371 I/SprdSimpleOMXComponent(   89): fillThisBuffer, buffer: 0x65c710, header: 0x65c8d0, iRefCount: 0
04-25 11:25:35.381 I/SprdSimpleOMXComponent(   89): fillThisBuffer, buffer: 0x65c718, header: 0x65cab0, iRefCount: 0
04-25 11:25:35.451 I/SprdSimpleOMXComponent(   89): fillThisBuffer, buffer: 0x65c720, header: 0x65cc90, iRefCount: 0
04-25 11:25:35.451 I/SprdSimpleOMXComponent(   89): fillThisBuffer, buffer: 0x65c708, header: 0x65c690, iRefCount: 0
04-25 11:25:35.451 I/SprdSimpleOMXComponent(   89): fillThisBuffer, buffer: 0x65c710, header: 0x65c8d0, iRefCount: 0
04-25 11:25:35.521 I/SprdSimpleOMXComponent(   89): fillThisBuffer, buffer: 0x65c718, header: 0x65cab0, iRefCount: 0
04-25 11:25:35.521 I/SprdSimpleOMXComponent(   89): fillThisBuffer, buffer: 0x65c720, header: 0x65cc90, iRefCount: 0
04-25 11:25:35.531 I/SprdSimpleOMXComponent(   89): fillThisBuffer, buffer: 0x65c708, header: 0x65c690, iRefCount: 0
04-25 11:25:35.621 I/SprdSimpleOMXComponent(   89): fillThisBuffer, buffer: 0x65c710, header: 0x65c8d0, iRefCount: 0
04-25 11:25:35.631 I/SprdSimpleOMXComponent(   89): fillThisBuffer, buffer: 0x65c718, header: 0x65cab0, iRefCount: 0
04-25 11:25:35.631 I/SprdSimpleOMXComponent(   89): fillThisBuffer, buffer: 0x65c720, header: 0x65cc90, iRefCount: 0
04-25 11:25:35.701 I/SprdSimpleOMXComponent(   89): fillThisBuffer, buffer: 0x65c708, header: 0x65c690, iRefCount: 0
04-25 11:25:35.701 I/SprdSimpleOMXComponent(   89): fillThisBuffer, buffer: 0x65c710, header: 0x65c8d0, iRefCount: 0
04-25 11:25:35.701 I/SprdSimpleOMXComponent(   89): fillThisBuffer, buffer: 0x65c718, header: 0x65cab0, iRefCount: 0
04-25 11:25:35.771 I/SprdSimpleOMXComponent(   89): fillThisBuffer, buffer: 0x65c720, header: 0x65cc90, iRefCount: 0
04-25 11:25:35.771 I/SprdSimpleOMXComponent(   89): fillThisBuffer, buffer: 0x65c708, header: 0x65c690, iRefCount: 0
04-25 11:25:35.781 I/SprdSimpleOMXComponent(   89): fillThisBuffer, buffer: 0x65c710, header: 0x65c8d0, iRefCount: 0
04-25 11:25:35.841 I/SprdSimpleOMXComponent(   89): fillThisBuffer, buffer: 0x65c718, header: 0x65cab0, iRefCount: 0
04-25 11:25:35.851 I/SprdSimpleOMXComponent(   89): fillThisBuffer, buffer: 0x65c720, header: 0x65cc90, iRefCount: 0
04-25 11:25:35.881 I/SprdSimpleOMXComponent(   89): fillThisBuffer, buffer: 0x65c708, header: 0x65c690, iRefCount: 0
04-25 11:25:35.921 I/SprdSimpleOMXComponent(   89): fillThisBuffer, buffer: 0x65c710, header: 0x65c8d0, iRefCount: 0
04-25 11:25:35.931 I/SprdSimpleOMXComponent(   89): fillThisBuffer, buffer: 0x65c718, header: 0x65cab0, iRefCount: 0
04-25 11:25:36.011 I/SprdSimpleOMXComponent(   89): fillThisBuffer, buffer: 0x65c720, header: 0x65cc90, iRefCount: 0
04-25 11:25:36.011 I/SprdSimpleOMXComponent(   89): fillThisBuffer, buffer: 0x65c708, header: 0x65c690, iRefCount: 0
04-25 11:25:36.011 I/SprdSimpleOMXComponent(   89): fillThisBuffer, buffer: 0x65c710, header: 0x65c8d0, iRefCount: 0
04-25 11:25:36.061 I/SprdSimpleOMXComponent(   89): fillThisBuffer, buffer: 0x65c718, header: 0x65cab0, iRefCount: 0
04-25 11:25:36.061 I/SprdSimpleOMXComponent(   89): fillThisBuffer, buffer: 0x65c720, header: 0x65cc90, iRefCount: 0
04-25 11:25:36.061 I/SprdSimpleOMXComponent(   89): fillThisBuffer, buffer: 0x65c708, header: 0x65c690, iRefCount: 0
04-25 11:25:36.131 I/SprdSimpleOMXComponent(   89): fillThisBuffer, buffer: 0x65c710, header: 0x65c8d0, iRefCount: 0
04-25 11:25:36.141 I/SprdSimpleOMXComponent(   89): fillThisBuffer, buffer: 0x65c718, header: 0x65cab0, iRefCount: 0
04-25 11:25:36.141 I/SprdSimpleOMXComponent(   89): fillThisBuffer, buffer: 0x65c720, header: 0x65cc90, iRefCount: 0
04-25 11:25:36.211 I/SprdSimpleOMXComponent(   89): fillThisBuffer, buffer: 0x65c708, header: 0x65c690, iRefCount: 0
04-25 11:25:36.221 I/SprdSimpleOMXComponent(   89): fillThisBuffer, buffer: 0x65c710, header: 0x65c8d0, iRefCount: 0
04-25 11:25:36.221 I/SprdSimpleOMXComponent(   89): fillThisBuffer, buffer: 0x65c718, header: 0x65cab0, iRefCount: 0
04-25 11:25:36.281 I/SprdSimpleOMXComponent(   89): fillThisBuffer, buffer: 0x65c720, header: 0x65cc90, iRefCount: 0
04-25 11:25:36.281 I/SprdSimpleOMXComponent(   89): fillThisBuffer, buffer: 0x65c708, header: 0x65c690, iRefCount: 0
04-25 11:25:36.281 I/SprdSimpleOMXComponent(   89): fillThisBuffer, buffer: 0x65c710, header: 0x65c8d0, iRefCount: 0
04-25 11:25:36.351 I/SprdSimpleOMXComponent(   89): fillThisBuffer, buffer: 0x65c718, header: 0x65cab0, iRefCount: 0
04-25 11:25:36.371 I/SprdSimpleOMXComponent(   89): fillThisBuffer, buffer: 0x65c720, header: 0x65cc90, iRefCount: 0
04-25 11:25:36.461 I/SprdSimpleOMXComponent(   89): fillThisBuffer, buffer: 0x65c708, header: 0x65c690, iRefCount: 0
04-25 11:25:36.461 I/SprdSimpleOMXComponent(   89): fillThisBuffer, buffer: 0x65c710, header: 0x65c8d0, iRefCount: 0
04-25 11:25:36.461 I/SprdSimpleOMXComponent(   89): fillThisBuffer, buffer: 0x65c718, header: 0x65cab0, iRefCount: 0
04-25 11:25:36.481 I/SprdSimpleOMXComponent(   89): fillThisBuffer, buffer: 0x65c720, header: 0x65cc90, iRefCount: 0
04-25 11:25:36.501 I/SprdSimpleOMXComponent(   89): fillThisBuffer, buffer: 0x65c708, header: 0x65c690, iRefCount: 0
04-25 11:25:36.501 I/SprdSimpleOMXComponent(   89): fillThisBuffer, buffer: 0x65c710, header: 0x65c8d0, iRefCount: 0
04-25 11:25:36.571 I/SprdSimpleOMXComponent(   89): fillThisBuffer, buffer: 0x65c718, header: 0x65cab0, iRefCount: 0
04-25 11:25:36.571 I/SprdSimpleOMXComponent(   89): fillThisBuffer, buffer: 0x65c720, header: 0x65cc90, iRefCount: 0
04-25 11:25:36.571 I/SprdSimpleOMXComponent(   89): fillThisBuffer, buffer: 0x65c708, header: 0x65c690, iRefCount: 0
04-25 11:25:36.641 I/SprdSimpleOMXComponent(   89): fillThisBuffer, buffer: 0x65c710, header: 0x65c8d0, iRefCount: 0
04-25 11:25:36.651 I/SprdSimpleOMXComponent(   89): fillThisBuffer, buffer: 0x65c718, header: 0x65cab0, iRefCount: 0
04-25 11:25:36.651 I/SprdSimpleOMXComponent(   89): fillThisBuffer, buffer: 0x65c720, header: 0x65cc90, iRefCount: 0
04-25 11:25:36.751 I/SprdSimpleOMXComponent(   89): fillThisBuffer, buffer: 0x65c708, header: 0x65c690, iRefCount: 0
04-25 11:25:36.751 I/SprdSimpleOMXComponent(   89): fillThisBuffer, buffer: 0x65c710, header: 0x65c8d0, iRefCount: 0
04-25 11:25:36.751 I/SprdSimpleOMXComponent(   89): fillThisBuffer, buffer: 0x65c718, header: 0x65cab0, iRefCount: 0
04-25 11:25:36.821 I/SprdSimpleOMXComponent(   89): fillThisBuffer, buffer: 0x65c720, header: 0x65cc90, iRefCount: 0
04-25 11:25:36.831 I/SprdSimpleOMXComponent(   89): fillThisBuffer, buffer: 0x65c708, header: 0x65c690, iRefCount: 0
04-25 11:25:36.831 I/SprdSimpleOMXComponent(   89): fillThisBuffer, buffer: 0x65c710, header: 0x65c8d0, iRefCount: 0
04-25 11:25:36.901 I/SprdSimpleOMXComponent(   89): fillThisBuffer, buffer: 0x65c718, header: 0x65cab0, iRefCount: 0
04-25 11:25:36.911 I/SprdSimpleOMXComponent(   89): fillThisBuffer, buffer: 0x65c720, header: 0x65cc90, iRefCount: 0
04-25 11:25:36.911 I/SprdSimpleOMXComponent(   89): fillThisBuffer, buffer: 0x65c708, header: 0x65c690, iRefCount: 0
04-25 11:25:36.971 I/SprdSimpleOMXComponent(   89): fillThisBuffer, buffer: 0x65c710, header: 0x65c8d0, iRefCount: 0
04-25 11:25:36.971 I/SprdSimpleOMXComponent(   89): fillThisBuffer, buffer: 0x65c718, header: 0x65cab0, iRefCount: 0
04-25 11:25:36.971 I/SprdSimpleOMXComponent(   89): fillThisBuffer, buffer: 0x65c720, header: 0x65cc90, iRefCount: 0
04-25 11:25:37.041 I/SprdSimpleOMXComponent(   89): fillThisBuffer, buffer: 0x65c708, header: 0x65c690, iRefCount: 0
04-25 11:25:37.041 I/SprdSimpleOMXComponent(   89): fillThisBuffer, buffer: 0x65c710, header: 0x65c8d0, iRefCount: 0
04-25 11:25:37.041 I/SprdSimpleOMXComponent(   89): fillThisBuffer, buffer: 0x65c718, header: 0x65cab0, iRefCount: 0
04-25 11:25:37.131 I/SprdSimpleOMXComponent(   89): fillThisBuffer, buffer: 0x65c720, header: 0x65cc90, iRefCount: 0
04-25 11:25:37.141 I/SprdSimpleOMXComponent(   89): fillThisBuffer, buffer: 0x65c708, header: 0x65c690, iRefCount: 0
04-25 11:25:37.191 I/SprdSimpleOMXComponent(   89): fillThisBuffer, buffer: 0x65c710, header: 0x65c8d0, iRefCount: 0
04-25 11:25:37.201 I/SprdSimpleOMXComponent(   89): fillThisBuffer, buffer: 0x65c718, header: 0x65cab0, iRefCount: 0
04-25 11:25:37.201 I/SprdSimpleOMXComponent(   89): fillThisBuffer, buffer: 0x65c720, header: 0x65cc90, iRefCount: 0
04-25 11:25:37.261 I/SprdSimpleOMXComponent(   89): fillThisBuffer, buffer: 0x65c708, header: 0x65c690, iRefCount: 0
04-25 11:25:37.261 I/SprdSimpleOMXComponent(   89): fillThisBuffer, buffer: 0x65c710, header: 0x65c8d0, iRefCount: 0
04-25 11:25:37.261 I/SprdSimpleOMXComponent(   89): fillThisBuffer, buffer: 0x65c718, header: 0x65cab0, iRefCount: 0
04-25 11:25:37.341 I/SprdSimpleOMXComponent(   89): fillThisBuffer, buffer: 0x65c720, header: 0x65cc90, iRefCount: 0
04-25 11:25:37.341 I/SprdSimpleOMXComponent(   89): fillThisBuffer, buffer: 0x65c708, header: 0x65c690, iRefCount: 0
04-25 11:25:37.341 I/SprdSimpleOMXComponent(   89): fillThisBuffer, buffer: 0x65c710, header: 0x65c8d0, iRefCount: 0
04-25 11:25:37.411 I/SprdSimpleOMXComponent(   89): fillThisBuffer, buffer: 0x65c718, header: 0x65cab0, iRefCount: 0
04-25 11:25:37.411 I/SprdSimpleOMXComponent(   89): fillThisBuffer, buffer: 0x65c720, header: 0x65cc90, iRefCount: 0
04-25 11:25:37.411 I/SprdSimpleOMXComponent(   89): fillThisBuffer, buffer: 0x65c708, header: 0x65c690, iRefCount: 0
04-25 11:25:37.481 I/SprdSimpleOMXComponent(   89): fillThisBuffer, buffer: 0x65c710, header: 0x65c8d0, iRefCount: 0
04-25 11:25:37.481 I/SprdSimpleOMXComponent(   89): fillThisBuffer, buffer: 0x65c718, header: 0x65cab0, iRefCount: 0
04-25 11:25:37.481 I/SprdSimpleOMXComponent(   89): fillThisBuffer, buffer: 0x65c720, header: 0x65cc90, iRefCount: 0
04-25 11:25:37.551 I/SprdSimpleOMXComponent(   89): fillThisBuffer, buffer: 0x65c708, header: 0x65c690, iRefCount: 0
04-25 11:25:37.551 I/SprdSimpleOMXComponent(   89): fillThisBuffer, buffer: 0x65c710, header: 0x65c8d0, iRefCount: 0
04-25 11:25:37.551 I/SprdSimpleOMXComponent(   89): fillThisBuffer, buffer: 0x65c718, header: 0x65cab0, iRefCount: 0
04-25 11:25:37.631 I/SprdSimpleOMXComponent(   89): fillThisBuffer, buffer: 0x65c720, header: 0x65cc90, iRefCount: 0
04-25 11:25:37.641 I/SprdSimpleOMXComponent(   89): fillThisBuffer, buffer: 0x65c708, header: 0x65c690, iRefCount: 0
04-25 11:25:37.641 I/SprdSimpleOMXComponent(   89): fillThisBuffer, buffer: 0x65c710, header: 0x65c8d0, iRefCount: 0
04-25 11:25:37.691 I/SprdSimpleOMXComponent(   89): fillThisBuffer, buffer: 0x65c718, header: 0x65cab0, iRefCount: 0
04-25 11:25:37.691 I/SprdSimpleOMXComponent(   89): fillThisBuffer, buffer: 0x65c720, header: 0x65cc90, iRefCount: 0
04-25 11:25:37.771 I/SprdSimpleOMXComponent(   89): fillThisBuffer, buffer: 0x65c708, header: 0x65c690, iRefCount: 0
04-25 11:25:37.771 I/SprdSimpleOMXComponent(   89): fillThisBuffer, buffer: 0x65c710, header: 0x65c8d0, iRefCount: 0
04-25 11:25:37.771 I/SprdSimpleOMXComponent(   89): fillThisBuffer, buffer: 0x65c718, header: 0x65cab0, iRefCount: 0
04-25 11:25:37.881 I/SprdSimpleOMXComponent(   89): fillThisBuffer, buffer: 0x65c720, header: 0x65cc90, iRefCount: 0
04-25 11:25:37.881 I/SprdSimpleOMXComponent(   89): fillThisBuffer, buffer: 0x65c708, header: 0x65c690, iRefCount: 0
04-25 11:25:37.881 I/SprdSimpleOMXComponent(   89): fillThisBuffer, buffer: 0x65c710, header: 0x65c8d0, iRefCount: 0
04-25 11:25:37.951 I/SprdSimpleOMXComponent(   89): fillThisBuffer, buffer: 0x65c718, header: 0x65cab0, iRefCount: 0
04-25 11:25:37.961 I/SprdSimpleOMXComponent(   89): fillThisBuffer, buffer: 0x65c720, header: 0x65cc90, iRefCount: 0
04-25 11:25:37.961 I/SprdSimpleOMXComponent(   89): fillThisBuffer, buffer: 0x65c708, header: 0x65c690, iRefCount: 0
04-25 11:25:38.021 I/SprdSimpleOMXComponent(   89): fillThisBuffer, buffer: 0x65c710, header: 0x65c8d0, iRefCount: 0
04-25 11:25:38.021 I/SprdSimpleOMXComponent(   89): fillThisBuffer, buffer: 0x65c718, header: 0x65cab0, iRefCount: 0
04-25 11:25:38.021 I/SprdSimpleOMXComponent(   89): fillThisBuffer, buffer: 0x65c720, header: 0x65cc90, iRefCount: 0
04-25 11:25:38.091 I/SprdSimpleOMXComponent(   89): fillThisBuffer, buffer: 0x65c708, header: 0x65c690, iRefCount: 0
04-25 11:25:38.101 I/SprdSimpleOMXComponent(   89): fillThisBuffer, buffer: 0x65c710, header: 0x65c8d0, iRefCount: 0
04-25 11:25:38.101 I/SprdSimpleOMXComponent(   89): fillThisBuffer, buffer: 0x65c718, header: 0x65cab0, iRefCount: 0
04-25 11:25:38.171 I/SprdSimpleOMXComponent(   89): fillThisBuffer, buffer: 0x65c720, header: 0x65cc90, iRefCount: 0
04-25 11:25:38.171 I/SprdSimpleOMXComponent(   89): fillThisBuffer, buffer: 0x65c708, header: 0x65c690, iRefCount: 0
04-25 11:25:38.171 I/SprdSimpleOMXComponent(   89): fillThisBuffer, buffer: 0x65c710, header: 0x65c8d0, iRefCount: 0
04-25 11:25:38.241 I/SprdSimpleOMXComponent(   89): fillThisBuffer, buffer: 0x65c718, header: 0x65cab0, iRefCount: 0
04-25 11:25:38.241 I/SprdSimpleOMXComponent(   89): fillThisBuffer, buffer: 0x65c720, header: 0x65cc90, iRefCount: 0
04-25 11:25:38.311 I/SprdSimpleOMXComponent(   89): fillThisBuffer, buffer: 0x65c708, header: 0x65c690, iRefCount: 0
04-25 11:25:38.311 I/SprdSimpleOMXComponent(   89): fillThisBuffer, buffer: 0x65c710, header: 0x65c8d0, iRefCount: 0
04-25 11:25:38.311 I/SprdSimpleOMXComponent(   89): fillThisBuffer, buffer: 0x65c718, header: 0x65cab0, iRefCount: 0
04-25 11:25:38.381 I/SprdSimpleOMXComponent(   89): fillThisBuffer, buffer: 0x65c720, header: 0x65cc90, iRefCount: 0
04-25 11:25:38.391 I/SprdSimpleOMXComponent(   89): fillThisBuffer, buffer: 0x65c708, header: 0x65c690, iRefCount: 0
04-25 11:25:38.391 I/SprdSimpleOMXComponent(   89): fillThisBuffer, buffer: 0x65c710, header: 0x65c8d0, iRefCount: 0
04-25 11:25:38.471 I/SprdSimpleOMXComponent(   89): fillThisBuffer, buffer: 0x65c718, header: 0x65cab0, iRefCount: 0
04-25 11:25:38.471 I/SprdSimpleOMXComponent(   89): fillThisBuffer, buffer: 0x65c720, header: 0x65cc90, iRefCount: 0
04-25 11:25:38.471 I/SprdSimpleOMXComponent(   89): fillThisBuffer, buffer: 0x65c708, header: 0x65c690, iRefCount: 0
04-25 11:25:38.531 I/SprdSimpleOMXComponent(   89): fillThisBuffer, buffer: 0x65c710, header: 0x65c8d0, iRefCount: 0
04-25 11:25:38.531 I/SprdSimpleOMXComponent(   89): fillThisBuffer, buffer: 0x65c718, header: 0x65cab0, iRefCount: 0
04-25 11:25:38.541 I/SprdSimpleOMXComponent(   89): fillThisBuffer, buffer: 0x65c720, header: 0x65cc90, iRefCount: 0
04-25 11:25:38.601 I/SprdSimpleOMXComponent(   89): fillThisBuffer, buffer: 0x65c708, header: 0x65c690, iRefCount: 0
04-25 11:25:38.601 I/SprdSimpleOMXComponent(   89): fillThisBuffer, buffer: 0x65c710, header: 0x65c8d0, iRefCount: 0
04-25 11:25:38.601 I/SprdSimpleOMXComponent(   89): fillThisBuffer, buffer: 0x65c718, header: 0x65cab0, iRefCount: 0
04-25 11:25:38.671 I/SprdSimpleOMXComponent(   89): fillThisBuffer, buffer: 0x65c720, header: 0x65cc90, iRefCount: 0
04-25 11:25:38.681 I/SprdSimpleOMXComponent(   89): fillThisBuffer, buffer: 0x65c708, header: 0x65c690, iRefCount: 0
04-25 11:25:38.681 I/SprdSimpleOMXComponent(   89): fillThisBuffer, buffer: 0x65c710, header: 0x65c8d0, iRefCount: 0
04-25 11:25:38.741 I/SprdSimpleOMXComponent(   89): fillThisBuffer, buffer: 0x65c718, header: 0x65cab0, iRefCount: 0
04-25 11:25:38.751 I/SprdSimpleOMXComponent(   89): fillThisBuffer, buffer: 0x65c720, header: 0x65cc90, iRefCount: 0
04-25 11:25:38.751 I/SprdSimpleOMXComponent(   89): fillThisBuffer, buffer: 0x65c708, header: 0x65c690, iRefCount: 0
04-25 11:25:38.821 I/SprdSimpleOMXComponent(   89): fillThisBuffer, buffer: 0x65c710, header: 0x65c8d0, iRefCount: 0
04-25 11:25:38.821 I/SprdSimpleOMXComponent(   89): fillThisBuffer, buffer: 0x65c718, header: 0x65cab0, iRefCount: 0
04-25 11:25:38.901 I/GonkMemoryPressure( 1594): Checking to see if memory pressure is over.
04-25 11:25:38.901 I/GonkMemoryPressure( 1594): Memory pressure is over.
04-25 11:25:38.901 I/GonkMemoryPressure(   84): Checking to see if memory pressure is over.
04-25 11:25:38.901 I/GonkMemoryPressure(   84): Memory pressure is over.
04-25 11:25:38.961 I/SprdSimpleOMXComponent(   89): fillThisBuffer, buffer: 0x65c720, header: 0x65cc90, iRefCount: 0
04-25 11:25:38.961 I/SprdSimpleOMXComponent(   89): fillThisBuffer, buffer: 0x65c708, header: 0x65c690, iRefCount: 0
04-25 11:25:38.961 I/SprdSimpleOMXComponent(   89): fillThisBuffer, buffer: 0x65c710, header: 0x65c8d0, iRefCount: 0
04-25 11:25:39.001 I/SprdSimpleOMXComponent(   89): fillThisBuffer, buffer: 0x65c718, header: 0x65cab0, iRefCount: 0
04-25 11:25:39.001 I/SprdSimpleOMXComponent(   89): fillThisBuffer, buffer: 0x65c720, header: 0x65cc90, iRefCount: 0
04-25 11:25:39.001 I/SprdSimpleOMXComponent(   89): fillThisBuffer, buffer: 0x65c708, header: 0x65c690, iRefCount: 0
04-25 11:25:39.071 I/SprdSimpleOMXComponent(   89): fillThisBuffer, buffer: 0x65c710, header: 0x65c8d0, iRefCount: 0
04-25 11:25:39.081 I/SprdSimpleOMXComponent(   89): fillThisBuffer, buffer: 0x65c718, header: 0x65cab0, iRefCount: 0
04-25 11:25:39.081 I/SprdSimpleOMXComponent(   89): fillThisBuffer, buffer: 0x65c720, header: 0x65cc90, iRefCount: 0
04-25 11:25:39.151 I/SprdSimpleOMXComponent(   89): fillThisBuffer, buffer: 0x65c708, header: 0x65c690, iRefCount: 0
04-25 11:25:39.151 I/SprdSimpleOMXComponent(   89): fillThisBuffer, buffer: 0x65c710, header: 0x65c8d0, iRefCount: 0
04-25 11:25:39.151 I/SprdSimpleOMXComponent(   89): fillThisBuffer, buffer: 0x65c718, header: 0x65cab0, iRefCount: 0
04-25 11:25:39.221 I/SprdSimpleOMXComponent(   89): fillThisBuffer, buffer: 0x65c720, header: 0x65cc90, iRefCount: 0
04-25 11:25:39.221 I/SprdSimpleOMXComponent(   89): fillThisBuffer, buffer: 0x65c708, header: 0x65c690, iRefCount: 0
04-25 11:25:39.221 I/SprdSimpleOMXComponent(   89): fillThisBuffer, buffer: 0x65c710, header: 0x65c8d0, iRefCount: 0
04-25 11:25:39.291 I/SprdSimpleOMXComponent(   89): fillThisBuffer, buffer: 0x65c718, header: 0x65cab0, iRefCount: 0
04-25 11:25:39.291 I/SprdSimpleOMXComponent(   89): fillThisBuffer, buffer: 0x65c720, header: 0x65cc90, iRefCount: 0
04-25 11:25:39.291 I/SprdSimpleOMXComponent(   89): fillThisBuffer, buffer: 0x65c708, header: 0x65c690, iRefCount: 0
04-25 11:25:39.361 I/SprdSimpleOMXComponent(   89): fillThisBuffer, buffer: 0x65c710, header: 0x65c8d0, iRefCount: 0
04-25 11:25:39.361 I/SprdSimpleOMXComponent(   89): fillThisBuffer, buffer: 0x65c718, header: 0x65cab0, iRefCount: 0
04-25 11:25:39.371 I/SprdSimpleOMXComponent(   89): fillThisBuffer, buffer: 0x65c720, header: 0x65cc90, iRefCount: 0
04-25 11:25:39.441 I/SprdSimpleOMXComponent(   89): fillThisBuffer, buffer: 0x65c708, header: 0x65c690, iRefCount: 0
04-25 11:25:39.441 I/SprdSimpleOMXComponent(   89): fillThisBuffer, buffer: 0x65c710, header: 0x65c8d0, iRefCount: 0
04-25 11:25:39.511 I/SprdSimpleOMXComponent(   89): fillThisBuffer, buffer: 0x65c718, header: 0x65cab0, iRefCount: 0
04-25 11:25:39.511 I/SprdSimpleOMXComponent(   89): fillThisBuffer, buffer: 0x65c720, header: 0x65cc90, iRefCount: 0
04-25 11:25:39.511 I/SprdSimpleOMXComponent(   89): fillThisBuffer, buffer: 0x65c708, header: 0x65c690, iRefCount: 0
04-25 11:25:39.581 I/SprdSimpleOMXComponent(   89): fillThisBuffer, buffer: 0x65c710, header: 0x65c8d0, iRefCount: 0
04-25 11:25:39.581 I/SprdSimpleOMXComponent(   89): fillThisBuffer, buffer: 0x65c718, header: 0x65cab0, iRefCount: 0
04-25 11:25:39.591 I/SprdSimpleOMXComponent(   89): fillThisBuffer, buffer: 0x65c720, header: 0x65cc90, iRefCount: 0
04-25 11:25:39.651 I/SprdSimpleOMXComponent(   89): fillThisBuffer, buffer: 0x65c708, header: 0x65c690, iRefCount: 0
04-25 11:25:39.661 I/SprdSimpleOMXComponent(   89): fillThisBuffer, buffer: 0x65c710, header: 0x65c8d0, iRefCount: 0
04-25 11:25:39.661 I/SprdSimpleOMXComponent(   89): fillThisBuffer, buffer: 0x65c718, header: 0x65cab0, iRefCount: 0
04-25 11:25:39.731 I/SprdSimpleOMXComponent(   89): fillThisBuffer, buffer: 0x65c720, header: 0x65cc90, iRefCount: 0
04-25 11:25:39.731 I/SprdSimpleOMXComponent(   89): fillThisBuffer, buffer: 0x65c708, header: 0x65c690, iRefCount: 0
04-25 11:25:39.731 I/SprdSimpleOMXComponent(   89): fillThisBuffer, buffer: 0x65c710, header: 0x65c8d0, iRefCount: 0
04-25 11:25:39.801 I/SprdSimpleOMXComponent(   89): fillThisBuffer, buffer: 0x65c718, header: 0x65cab0, iRefCount: 0
04-25 11:25:39.801 I/SprdSimpleOMXComponent(   89): fillThisBuffer, buffer: 0x65c720, header: 0x65cc90, iRefCount: 0
04-25 11:25:39.801 I/SprdSimpleOMXComponent(   89): fillThisBuffer, buffer: 0x65c708, header: 0x65c690, iRefCount: 0
04-25 11:25:39.871 I/SprdSimpleOMXComponent(   89): fillThisBuffer, buffer: 0x65c710, header: 0x65c8d0, iRefCount: 0
04-25 11:25:39.871 I/SprdSimpleOMXComponent(   89): fillThisBuffer, buffer: 0x65c718, header: 0x65cab0, iRefCount: 0
04-25 11:25:39.871 I/SprdSimpleOMXComponent(   89): fillThisBuffer, buffer: 0x65c720, header: 0x65cc90, iRefCount: 0
04-25 11:25:39.901 I/Gecko   (   84): 1398450339904	Marionette	INFO	sendToClient: {"from":"0","value":"iVBORw0KGgoAAAANSUhEUgAAAUAAAAHgCAYAAADUjLREAAAgAElEQVR4nOx9Z3cbR7Ztj5VYACXmgEDJHAqiQRCCBBImxAARJmxAJGQC6OqExABGBUpWsGR5HHQnXL/15r77k/f70OgmGp2qKWpGM+MPey1RbFbVCXW66tTZXRylFL/jd/yO3/GfCO6fPYDf8R8Akf3ZklT654/3311eD+P7d8dpAJQsIJgV95A+RJEvGvCQPjQpdb2yjiJftO9coijwBRT4gvr3DM8V+AIKlYL9swIFlRmFlxifc2vPy/jOG4z2yFVymCnPIFqOGjBTnkGukvNmN696phQ3yjeQLWddnytJJfgFv7OeKwXXoJEtZ5EsJ5HYTCBRTiBejiNWjiFWjqHAn9png99AqpQywaATD/16lZdSigANGMZk5VeO86PTT7vn6zmMz2BzG7sw/T3j+JKlJBLlhAHJchK8zBv8Ps/nkavkdHzDf2McC6PdOEop4uU4iETMqBGDojLlDIaFYQyLwyASgU/0YVgcxrAwjEw5Y3Dki7WLGBAGbDsu8kVwCqf3M0JHsCluOj8nEYwKo5btpctpEIngUv0SJioTjobZFDdBJGLZX6cMARrApfolDAqD2OA33OVwGJ9P9IHUiI5OfXVipbxieG6mPGM7RlZ7FPiCyak05Ct5T3bzomcNYRq2lbcT8XIcRCbok/rQJ/XBJ/gwWZm09JcQH7J17Ewlg9ul2whWggjxIcyV55AqpZAupw02t3oxTFQmMCQO2fqpU7+s8vIyjyJfRIEvYJwfR6KcwGJ5EalySv871vnByzymKlMgVQKiECyVl87FHrzCY1AY1PvoFXpNL0aWeeR1fPOleSRKCQOIRJDlT+NQkS8iSIMI0ICOXqFX9xUvdnPcAsfKMcTLccvfRctRJEtJy98tlBfgp35crF3EemXd8hltgIVyAVSk8A
04-25 11:25:39.941 I/SprdSimpleOMXComponent(   89): fillThisBuffer, buffer: 0x65c708, header: 0x65c690, iRefCount: 0
04-25 11:25:39.951 I/SprdSimpleOMXComponent(   89): fillThisBuffer, buffer: 0x65c710, header: 0x65c8d0, iRefCount: 0
04-25 11:25:39.951 I/SprdSimpleOMXComponent(   89): fillThisBuffer, buffer: 0x65c718, header: 0x65cab0, iRefCount: 0
04-25 11:25:40.091 I/SprdSimpleOMXComponent(   89): fillThisBuffer, buffer: 0x65c720, header: 0x65cc90, iRefCount: 0
04-25 11:25:40.091 I/SprdSimpleOMXComponent(   89): fillThisBuffer, buffer: 0x65c708, header: 0x65c690, iRefCount: 0
04-25 11:25:40.121 I/SprdSimpleOMXComponent(   89): fillThisBuffer, buffer: 0x65c710, header: 0x65c8d0, iRefCount: 0
04-25 11:25:40.131 I/SprdSimpleOMXComponent(   89): fillThisBuffer, buffer: 0x65c718, header: 0x65cab0, iRefCount: 0
04-25 11:25:40.131 I/SprdSimpleOMXComponent(   89): fillThisBuffer, buffer: 0x65c720, header: 0x65cc90, iRefCount: 0
04-25 11:25:40.181 I/Gecko   ( 1594): [SharedSurface_Gralloc 0x453e8640] destroyed
04-25 11:25:40.201 I/SprdSimpleOMXComponent(   89): fillThisBuffer, buffer: 0x65c708, header: 0x65c690, iRefCount: 0
04-25 11:25:40.201 I/SprdSimpleOMXComponent(   89): fillThisBuffer, buffer: 0x65c710, header: 0x65c8d0, iRefCount: 0
04-25 11:25:40.201 I/SprdSimpleOMXComponent(   89): fillThisBuffer, buffer: 0x65c718, header: 0x65cab0, iRefCount: 0
04-25 11:25:40.271 I/SprdSimpleOMXComponent(   89): fillThisBuffer, buffer: 0x65c720, header: 0x65cc90, iRefCount: 0
04-25 11:25:40.271 I/SprdSimpleOMXComponent(   89): fillThisBuffer, buffer: 0x65c708, header: 0x65c690, iRefCount: 0
04-25 11:25:40.271 I/SprdSimpleOMXComponent(   89): fillThisBuffer, buffer: 0x65c710, header: 0x65c8d0, iRefCount: 0
04-25 11:25:40.341 I/SprdSimpleOMXComponent(   89): fillThisBuffer, buffer: 0x65c718, header: 0x65cab0, iRefCount: 0
04-25 11:25:40.341 I/SprdSimpleOMXComponent(   89): fillThisBuffer, buffer: 0x65c720, header: 0x65cc90, iRefCount: 0
04-25 11:25:40.351 I/SprdSimpleOMXComponent(   89): fillThisBuffer, buffer: 0x65c708, header: 0x65c690, iRefCount: 0
04-25 11:25:40.411 I/SprdSimpleOMXComponent(   89): fillThisBuffer, buffer: 0x65c710, header: 0x65c8d0, iRefCount: 0
04-25 11:25:40.421 I/SprdSimpleOMXComponent(   89): fillThisBuffer, buffer: 0x65c718, header: 0x65cab0, iRefCount: 0
04-25 11:25:40.421 I/SprdSimpleOMXComponent(   89): fillThisBuffer, buffer: 0x65c720, header: 0x65cc90, iRefCount: 0
04-25 11:25:40.451 W/WifiHW  (   84): wifi_command: SIGNAL_POLL
04-25 11:25:40.491 I/SprdSimpleOMXComponent(   89): fillThisBuffer, buffer: 0x65c708, header: 0x65c690, iRefCount: 0
04-25 11:25:40.491 I/SprdSimpleOMXComponent(   89): fillThisBuffer, buffer: 0x65c710, header: 0x65c8d0, iRefCount: 0
04-25 11:25:40.491 I/SprdSimpleOMXComponent(   89): fillThisBuffer, buffer: 0x65c718, header: 0x65cab0, iRefCount: 0
04-25 11:25:40.561 I/SprdSimpleOMXComponent(   89): fillThisBuffer, buffer: 0x65c720, header: 0x65cc90, iRefCount: 0
04-25 11:25:40.561 I/SprdSimpleOMXComponent(   89): fillThisBuffer, buffer: 0x65c708, header: 0x65c690, iRefCount: 0
04-25 11:25:40.561 I/SprdSimpleOMXComponent(   89): fillThisBuffer, buffer: 0x65c710, header: 0x65c8d0, iRefCount: 0
04-25 11:25:40.711 I/SprdSimpleOMXComponent(   89): fillThisBuffer, buffer: 0x65c718, header: 0x65cab0, iRefCount: 0
04-25 11:25:40.711 I/SprdSimpleOMXComponent(   89): fillThisBuffer, buffer: 0x65c720, header: 0x65cc90, iRefCount: 0
04-25 11:25:40.711 I/SprdSimpleOMXComponent(   89): fillThisBuffer, buffer: 0x65c708, header: 0x65c690, iRefCount: 0
04-25 11:25:40.711 I/SprdSimpleOMXComponent(   89): fillThisBuffer, buffer: 0x65c710, header: 0x65c8d0, iRefCount: 0
04-25 11:25:40.731 I/SprdSimpleOMXComponent(   89): fillThisBuffer, buffer: 0x65c718, header: 0x65cab0, iRefCount: 0
04-25 11:25:40.781 I/SprdSimpleOMXComponent(   89): fillThisBuffer, buffer: 0x65c720, header: 0x65cc90, iRefCount: 0
04-25 11:25:40.781 I/SprdSimpleOMXComponent(   89): fillThisBuffer, buffer: 0x65c708, header: 0x65c690, iRefCount: 0
04-25 11:25:40.781 I/SprdSimpleOMXComponent(   89): fillThisBuffer, buffer: 0x65c710, header: 0x65c8d0, iRefCount: 0
04-25 11:25:40.851 I/SprdSimpleOMXComponent(   89): fillThisBuffer, buffer: 0x65c718, header: 0x65cab0, iRefCount: 0
04-25 11:25:40.851 I/SprdSimpleOMXComponent(   89): fillThisBuffer, buffer: 0x65c720, header: 0x65cc90, iRefCount: 0
04-25 11:25:40.851 I/SprdSimpleOMXComponent(   89): fillThisBuffer, buffer: 0x65c708, header: 0x65c690, iRefCount: 0
04-25 11:25:40.921 I/SprdSimpleOMXComponent(   89): fillThisBuffer, buffer: 0x65c710, header: 0x65c8d0, iRefCount: 0
04-25 11:25:40.931 I/SprdSimpleOMXComponent(   89): fillThisBuffer, buffer: 0x65c718, header: 0x65cab0, iRefCount: 0
04-25 11:25:40.931 I/SprdSimpleOMXComponent(   89): fillThisBuffer, buffer: 0x65c720, header: 0x65cc90, iRefCount: 0
04-25 11:25:40.971 I/Gonk    (   84): Setting nice for pid 1681 to 18
04-25 11:25:40.971 I/Gonk    (   84): Changed nice for pid 1681 from 0 to 18.
04-25 11:25:41.001 I/SprdSimpleOMXComponent(   89): fillThisBuffer, buffer: 0x65c708, header: 0x65c690, iRefCount: 0
04-25 11:25:41.041 I/SprdSimpleOMXComponent(   89): fillThisBuffer, buffer: 0x65c710, header: 0x65c8d0, iRefCount: 0
04-25 11:25:41.041 I/SprdSimpleOMXComponent(   89): fillThisBuffer, buffer: 0x65c718, header: 0x65cab0, iRefCount: 0
04-25 11:25:41.071 I/SprdSimpleOMXComponent(   89): fillThisBuffer, buffer: 0x65c720, header: 0x65cc90, iRefCount: 0
04-25 11:25:41.071 I/SprdSimpleOMXComponent(   89): fillThisBuffer, buffer: 0x65c708, header: 0x65c690, iRefCount: 0
04-25 11:25:41.071 I/SprdSimpleOMXComponent(   89): fillThisBuffer, buffer: 0x65c710, header: 0x65c8d0, iRefCount: 0
04-25 11:25:41.201 I/SprdSimpleOMXComponent(   89): fillThisBuffer, buffer: 0x65c718, header: 0x65cab0, iRefCount: 0
04-25 11:25:41.211 I/SprdSimpleOMXComponent(   89): fillThisBuffer, buffer: 0x65c720, header: 0x65cc90, iRefCount: 0
04-25 11:25:41.211 I/SprdSimpleOMXComponent(   89): fillThisBuffer, buffer: 0x65c708, header: 0x65c690, iRefCount: 0
04-25 11:25:41.251 I/SprdSimpleOMXComponent(   89): fillThisBuffer, buffer: 0x65c710, header: 0x65c8d0, iRefCount: 0
04-25 11:25:41.251 I/SprdSimpleOMXComponent(   89): fillThisBuffer, buffer: 0x65c718, header: 0x65cab0, iRefCount: 0
04-25 11:25:41.321 I/SprdSimpleOMXComponent(   89): fillThisBuffer, buffer: 0x65c720, header: 0x65cc90, iRefCount: 0
04-25 11:25:41.331 I/SprdSimpleOMXComponent(   89): fillThisBuffer, buffer: 0x65c708, header: 0x65c690, iRefCount: 0
04-25 11:25:41.331 I/SprdSimpleOMXComponent(   89): fillThisBuffer, buffer: 0x65c710, header: 0x65c8d0, iRefCount: 0
04-25 11:25:41.341 E/Profiler(   84): BPUnw: [1 total] thread_unregister_for_profiling(me=0x18df480)  (NOT REGISTERED) 
04-25 11:25:41.341 E/Profiler(   84): BPUnw: [1 total] thread_unregister_for_profiling(me=0x18ec4c8)  (NOT REGISTERED) 
04-25 11:25:41.341 E/Profiler(   84): BPUnw: [1 total] thread_unregister_for_profiling(me=0x18de278)  (NOT REGISTERED) 
04-25 11:25:41.351 E/Profiler(   84): BPUnw: [1 total] thread_unregister_for_profiling(me=0x18de3b8)  (NOT REGISTERED) 
04-25 11:25:41.391 I/SprdSimpleOMXComponent(   89): fillThisBuffer, buffer: 0x65c718, header: 0x65cab0, iRefCount: 0
04-25 11:25:41.401 I/SprdSimpleOMXComponent(   89): fillThisBuffer, buffer: 0x65c720, header: 0x65cc90, iRefCount: 0
04-25 11:25:41.401 I/SprdSimpleOMXComponent(   89): fillThisBuffer, buffer: 0x65c708, header: 0x65c690, iRefCount: 0
04-25 11:25:41.481 I/SprdSimpleOMXComponent(   89): fillThisBuffer, buffer: 0x65c710, header: 0x65c8d0, iRefCount: 0
04-25 11:25:41.481 I/SprdSimpleOMXComponent(   89): fillThisBuffer, buffer: 0x65c718, header: 0x65cab0, iRefCount: 0
04-25 11:25:41.481 I/SprdSimpleOMXComponent(   89): fillThisBuffer, buffer: 0x65c720, header: 0x65cc90, iRefCount: 0
04-25 11:25:41.541 I/SprdSimpleOMXComponent(   89): fillThisBuffer, buffer: 0x65c708, header: 0x65c690, iRefCount: 0
04-25 11:25:41.541 I/SprdSimpleOMXComponent(   89): fillThisBuffer, buffer: 0x65c710, header: 0x65c8d0, iRefCount: 0
04-25 11:25:41.541 I/SprdSimpleOMXComponent(   89): fillThisBuffer, buffer: 0x65c718, header: 0x65cab0, iRefCount: 0
04-25 11:25:41.561 E/Profiler(   84): BPUnw: [1 total] thread_unregister_for_profiling(me=0x18ec8a0)  (NOT REGISTERED) 
04-25 11:25:41.611 I/SprdSimpleOMXComponent(   89): fillThisBuffer, buffer: 0x65c720, header: 0x65cc90, iRefCount: 0
04-25 11:25:41.621 I/SprdSimpleOMXComponent(   89): fillThisBuffer, buffer: 0x65c708, header: 0x65c690, iRefCount: 0
04-25 11:25:41.621 I/SprdSimpleOMXComponent(   89): fillThisBuffer, buffer: 0x65c710, header: 0x65c8d0, iRefCount: 0
04-25 11:25:41.681 I/SprdSimpleOMXComponent(   89): fillThisBuffer, buffer: 0x65c718, header: 0x65cab0, iRefCount: 0
04-25 11:25:41.691 I/SprdSimpleOMXComponent(   89): fillThisBuffer, buffer: 0x65c720, header: 0x65cc90, iRefCount: 0
04-25 11:25:41.691 I/SprdSimpleOMXComponent(   89): fillThisBuffer, buffer: 0x65c708, header: 0x65c690, iRefCount: 0
04-25 11:25:41.761 I/SprdSimpleOMXComponent(   89): fillThisBuffer, buffer: 0x65c710, header: 0x65c8d0, iRefCount: 0
04-25 11:25:41.761 I/SprdSimpleOMXComponent(   89): fillThisBuffer, buffer: 0x65c718, header: 0x65cab0, iRefCount: 0
04-25 11:25:41.761 I/SprdSimpleOMXComponent(   89): fillThisBuffer, buffer: 0x65c720, header: 0x65cc90, iRefCount: 0
04-25 11:25:41.831 I/SprdSimpleOMXComponent(   89): fillThisBuffer, buffer: 0x65c708, header: 0x65c690, iRefCount: 0
04-25 11:25:41.831 I/SprdSimpleOMXComponent(   89): fillThisBuffer, buffer: 0x65c710, header: 0x65c8d0, iRefCount: 0
04-25 11:25:41.911 I/SprdSimpleOMXComponent(   89): fillThisBuffer, buffer: 0x65c718, header: 0x65cab0, iRefCount: 0
04-25 11:25:41.911 I/SprdSimpleOMXComponent(   89): fillThisBuffer, buffer: 0x65c720, header: 0x65cc90, iRefCount: 0
04-25 11:25:41.911 I/SprdSimpleOMXComponent(   89): fillThisBuffer, buffer: 0x65c708, header: 0x65c690, iRefCount: 0
04-25 11:25:41.971 I/SprdSimpleOMXComponent(   89): fillThisBuffer, buffer: 0x65c710, header: 0x65c8d0, iRefCount: 0
04-25 11:25:41.971 I/SprdSimpleOMXComponent(   89): fillThisBuffer, buffer: 0x65c718, header: 0x65cab0, iRefCount: 0
04-25 11:25:41.981 I/SprdSimpleOMXComponent(   89): fillThisBuffer, buffer: 0x65c720, header: 0x65cc90, iRefCount: 0
04-25 11:25:42.051 I/SprdSimpleOMXComponent(   89): fillThisBuffer, buffer: 0x65c708, header: 0x65c690, iRefCount: 0
04-25 11:25:42.051 I/SprdSimpleOMXComponent(   89): fillThisBuffer, buffer: 0x65c710, header: 0x65c8d0, iRefCount: 0
04-25 11:25:42.051 I/SprdSimpleOMXComponent(   89): fillThisBuffer, buffer: 0x65c718, header: 0x65cab0, iRefCount: 0
04-25 11:25:42.091 I/Gecko   (   84): 1398450342095	Marionette	INFO	sendToClient: {"from":"0","ok":true}, {9164eda0-e9cf-4e33-894b-03c9c2ba994b}, {9164eda0-e9cf-4e33-894b-03c9c2ba994b}
04-25 11:25:42.111 I/Gecko   (   84): 1398450342114	Marionette	DEBUG	Got request: switchToFrame, data: {"to":"0","sessionId":"3-b2g","name":"switchToFrame","parameters":{"id":null,"focus":true}}, id: {824ebaeb-cd98-4d63-8e64-e07a4a8446aa}
04-25 11:25:42.121 I/SprdSimpleOMXComponent(   89): fillThisBuffer, buffer: 0x65c720, header: 0x65cc90, iRefCount: 0
04-25 11:25:42.121 I/SprdSimpleOMXComponent(   89): fillThisBuffer, buffer: 0x65c708, header: 0x65c690, iRefCount: 0
04-25 11:25:42.121 I/SprdSimpleOMXComponent(   89): fillThisBuffer, buffer: 0x65c710, header: 0x65c8d0, iRefCount: 0
04-25 11:25:42.141 I/Gecko   (   84): 1398450342152	Marionette	INFO	Switched to frame: {"frameValue":null}
04-25 11:25:42.231 I/SprdSimpleOMXComponent(   89): fillThisBuffer, buffer: 0x65c718, header: 0x65cab0, iRefCount: 0
04-25 11:25:42.231 I/SprdSimpleOMXComponent(   89): fillThisBuffer, buffer: 0x65c720, header: 0x65cc90, iRefCount: 0
04-25 11:25:42.241 I/SprdSimpleOMXComponent(   89): fillThisBuffer, buffer: 0x65c708, header: 0x65c690, iRefCount: 0
04-25 11:25:42.271 I/Gecko   (   84): 1398450342280	Marionette	INFO	sendToClient: {"from":"0","ok":true}, {824ebaeb-cd98-4d63-8e64-e07a4a8446aa}, {824ebaeb-cd98-4d63-8e64-e07a4a8446aa}
04-25 11:25:42.281 I/Gecko   (   84): 1398450342289	Marionette	DEBUG	Got request: executeWithCallback, data: {"to":"0","sessionId":"3-b2g","name":"executeAsyncScript","parameters":{"specialPowers":false,"scriptTimeout":null,"newSandbox":true,"args":[],"filename":"gaia_test.py","script":"return GaiaApps.displayedApp();","line":66}}, id: {f1184cd2-7a90-4f27-9c3e-48635b3d3919}
04-25 11:25:42.301 I/SprdSimpleOMXComponent(   89): fillThisBuffer, buffer: 0x65c710, header: 0x65c8d0, iRefCount: 0
04-25 11:25:42.301 I/SprdSimpleOMXComponent(   89): fillThisBuffer, buffer: 0x65c718, header: 0x65cab0, iRefCount: 0
04-25 11:25:42.311 I/SprdSimpleOMXComponent(   89): fillThisBuffer, buffer: 0x65c720, header: 0x65cc90, iRefCount: 0
04-25 11:25:42.391 I/SprdSimpleOMXComponent(   89): fillThisBuffer, buffer: 0x65c708, header: 0x65c690, iRefCount: 0
04-25 11:25:42.401 I/SprdSimpleOMXComponent(   89): fillThisBuffer, buffer: 0x65c710, header: 0x65c8d0, iRefCount: 0
04-25 11:25:42.451 I/SprdSimpleOMXComponent(   89): fillThisBuffer, buffer: 0x65c718, header: 0x65cab0, iRefCount: 0
04-25 11:25:42.461 I/SprdSimpleOMXComponent(   89): fillThisBuffer, buffer: 0x65c720, header: 0x65cc90, iRefCount: 0
04-25 11:25:42.461 I/SprdSimpleOMXComponent(   89): fillThisBuffer, buffer: 0x65c708, header: 0x65c690, iRefCount: 0
04-25 11:25:42.521 I/SprdSimpleOMXComponent(   89): fillThisBuffer, buffer: 0x65c710, header: 0x65c8d0, iRefCount: 0
04-25 11:25:42.521 I/SprdSimpleOMXComponent(   89): fillThisBuffer, buffer: 0x65c718, header: 0x65cab0, iRefCount: 0
04-25 11:25:42.521 I/SprdSimpleOMXComponent(   89): fillThisBuffer, buffer: 0x65c720, header: 0x65cc90, iRefCount: 0
04-25 11:25:42.591 I/SprdSimpleOMXComponent(   89): fillThisBuffer, buffer: 0x65c708, header: 0x65c690, iRefCount: 0
04-25 11:25:42.591 I/SprdSimpleOMXComponent(   89): fillThisBuffer, buffer: 0x65c710, header: 0x65c8d0, iRefCount: 0
04-25 11:25:42.601 I/SprdSimpleOMXComponent(   89): fillThisBuffer, buffer: 0x65c718, header: 0x65cab0, iRefCount: 0
04-25 11:25:42.671 I/SprdSimpleOMXComponent(   89): fillThisBuffer, buffer: 0x65c720, header: 0x65cc90, iRefCount: 0
04-25 11:25:42.671 I/SprdSimpleOMXComponent(   89): fillThisBuffer, buffer: 0x65c708, header: 0x65c690, iRefCount: 0
04-25 11:25:42.671 I/SprdSimpleOMXComponent(   89): fillThisBuffer, buffer: 0x65c710, header: 0x65c8d0, iRefCount: 0
04-25 11:25:42.701 E/GeckoConsole(   84): Content JS LOG at dummy file:392 in GaiaApps.displayedApp: app with origin 'app://{b78d0533-57ac-4aac-9cc5-2d0ac097e355}' is displayed
04-25 11:25:42.701 I/Gecko   (   84): 1398450342709	Marionette	INFO	sendToClient: {"from":"0","value":{"frame":{"ELEMENT":"{94873481-0011-485b-8d63-fed53718fe42}"},"src":"app://{b78d0533-57ac-4aac-9cc5-2d0ac097e355}/main.html","name":"Matrix","origin":"app://{b78d0533-57ac-4aac-9cc5-2d0ac097e355}"}}, {f1184cd2-7a90-4f27-9c3e-48635b3d3919}, {f1184cd2-7a90-4f27-9c3e-48635b3d3919}
04-25 11:25:42.741 I/Gecko   (   84): 1398450342747	Marionette	DEBUG	Got request: switchToFrame, data: {"to":"0","sessionId":"3-b2g","name":"switchToFrame","parameters":{"id":null,"focus":true}}, id: {47965722-877a-49c6-8857-1e783273dbd0}
04-25 11:25:42.741 I/SprdSimpleOMXComponent(   89): fillThisBuffer, buffer: 0x65c718, header: 0x65cab0, iRefCount: 0
04-25 11:25:42.741 I/SprdSimpleOMXComponent(   89): fillThisBuffer, buffer: 0x65c720, header: 0x65cc90, iRefCount: 0
04-25 11:25:42.751 I/SprdSimpleOMXComponent(   89): fillThisBuffer, buffer: 0x65c708, header: 0x65c690, iRefCount: 0
04-25 11:25:42.761 I/Gecko   (   84): 1398450342773	Marionette	INFO	Switched to frame: {"frameValue":null}
04-25 11:25:42.811 I/SprdSimpleOMXComponent(   89): fillThisBuffer, buffer: 0x65c710, header: 0x65c8d0, iRefCount: 0
04-25 11:25:42.811 I/SprdSimpleOMXComponent(   89): fillThisBuffer, buffer: 0x65c718, header: 0x65cab0, iRefCount: 0
04-25 11:25:42.811 I/SprdSimpleOMXComponent(   89): fillThisBuffer, buffer: 0x65c720, header: 0x65cc90, iRefCount: 0
04-25 11:25:42.871 I/Gecko   (   84): 1398450342877	Marionette	INFO	sendToClient: {"from":"0","ok":true}, {47965722-877a-49c6-8857-1e783273dbd0}, {47965722-877a-49c6-8857-1e783273dbd0}
04-25 11:25:42.881 I/Gecko   (   84): 1398450342884	Marionette	DEBUG	Got request: execute, data: {"to":"0","sessionId":"3-b2g","name":"executeScript","parameters":{"specialPowers":false,"scriptTimeout":null,"newSandbox":true,"args":[],"filename":"gaia_test.py","script":"window.wrappedJSObject.dispatchEvent(new Event('home'));","line":788}}, id: {7fcb0a67-c1b1-499e-b71b-4d04700a0dd3}
04-25 11:25:42.881 I/SprdSimpleOMXComponent(   89): fillThisBuffer, buffer: 0x65c708, header: 0x65c690, iRefCount: 0
04-25 11:25:42.891 I/SprdSimpleOMXComponent(   89): fillThisBuffer, buffer: 0x65c710, header: 0x65c8d0, iRefCount: 0
04-25 11:25:42.891 I/SprdSimpleOMXComponent(   89): fillThisBuffer, buffer: 0x65c718, header: 0x65cab0, iRefCount: 0
04-25 11:25:42.971 I/GonkMemoryPressure( 1681): Checking to see if memory pressure is over.
04-25 11:25:42.971 I/SprdSimpleOMXComponent(   89): fillThisBuffer, buffer: 0x65c720, header: 0x65cc90, iRefCount: 0
04-25 11:25:42.981 I/SprdSimpleOMXComponent(   89): fillThisBuffer, buffer: 0x65c708, header: 0x65c690, iRefCount: 0
04-25 11:25:43.031 I/SprdSimpleOMXComponent(   89): fillThisBuffer, buffer: 0x65c710, header: 0x65c8d0, iRefCount: 0
04-25 11:25:43.031 I/SprdSimpleOMXComponent(   89): fillThisBuffer, buffer: 0x65c718, header: 0x65cab0, iRefCount: 0
04-25 11:25:43.031 I/SprdSimpleOMXComponent(   89): fillThisBuffer, buffer: 0x65c720, header: 0x65cc90, iRefCount: 0
04-25 11:25:43.061 I/GonkMemoryPressure( 1681): Memory pressure is over.
04-25 11:25:43.101 I/SprdSimpleOMXComponent(   89): fillThisBuffer, buffer: 0x65c708, header: 0x65c690, iRefCount: 0
04-25 11:25:43.101 I/SprdSimpleOMXComponent(   89): fillThisBuffer, buffer: 0x65c710, header: 0x65c8d0, iRefCount: 0
04-25 11:25:43.101 I/SprdSimpleOMXComponent(   89): fillThisBuffer, buffer: 0x65c718, header: 0x65cab0, iRefCount: 0
04-25 11:25:43.171 I/SprdSimpleOMXComponent(   89): fillThisBuffer, buffer: 0x65c720, header: 0x65cc90, iRefCount: 0
04-25 11:25:43.171 I/SprdSimpleOMXComponent(   89): fillThisBuffer, buffer: 0x65c708, header: 0x65c690, iRefCount: 0
04-25 11:25:43.181 I/SprdSimpleOMXComponent(   89): fillThisBuffer, buffer: 0x65c710, header: 0x65c8d0, iRefCount: 0
04-25 11:25:43.251 I/SprdSimpleOMXComponent(   89): fillThisBuffer, buffer: 0x65c718, header: 0x65cab0, iRefCount: 0
04-25 11:25:43.251 I/SprdSimpleOMXComponent(   89): fillThisBuffer, buffer: 0x65c720, header: 0x65cc90, iRefCount: 0
04-25 11:25:43.251 I/SprdSimpleOMXComponent(   89): fillThisBuffer, buffer: 0x65c708, header: 0x65c690, iRefCount: 0
04-25 11:25:43.351 I/Gonk    (   84): Setting nice for pid 1681 to 18
04-25 11:25:43.351 I/Gonk    (   84): Changed nice for pid 1681 from 18 to 18.
04-25 11:25:43.351 I/Gecko   (   84): [Parent 84] WARNING: waitpid failed pid:1681 errno:10: file ../../../gecko/ipc/chromium/src/base/process_util_posix.cc, line 254
04-25 11:25:43.351 I/SprdSimpleOMXComponent(   89): fillThisBuffer, buffer: 0x65c710, header: 0x65c8d0, iRefCount: 0
04-25 11:25:43.351 I/SprdSimpleOMXComponent(   89): fillThisBuffer, buffer: 0x65c718, header: 0x65cab0, iRefCount: 0
04-25 11:25:43.361 I/SprdSimpleOMXComponent(   89): fillThisBuffer, buffer: 0x65c720, header: 0x65cc90, iRefCount: 0
04-25 11:25:43.391 I/Gonk    (   84): Setting nice for pid 1681 to 1
04-25 11:25:43.391 I/Gonk    (   84): Changed nice for pid 1681 from 18 to 1.
04-25 11:25:43.431 I/SprdSimpleOMXComponent(   89): fillThisBuffer, buffer: 0x65c708, header: 0x65c690, iRefCount: 0
04-25 11:25:43.431 I/SprdSimpleOMXComponent(   89): fillThisBuffer, buffer: 0x65c710, header: 0x65c8d0, iRefCount: 0
04-25 11:25:43.431 I/SprdSimpleOMXComponent(   89): fillThisBuffer, buffer: 0x65c718, header: 0x65cab0, iRefCount: 0
04-25 11:25:43.471 D/Sensors (   84): activate handle=0; drv=0
04-25 11:25:43.481 D/Sensors (   84): Lis3dhSensor: Control set 0
04-25 11:25:43.481 D/Sensors (   84): Lis3dhSensor: mEnabled = 0
04-25 11:25:43.501 I/SprdSimpleOMXComponent(   89): fillThisBuffer, buffer: 0x65c720, header: 0x65cc90, iRefCount: 0
04-25 11:25:43.501 I/SprdSimpleOMXComponent(   89): fillThisBuffer, buffer: 0x65c708, header: 0x65c690, iRefCount: 0
04-25 11:25:43.501 I/SprdSimpleOMXComponent(   89): fillThisBuffer, buffer: 0x65c710, header: 0x65c8d0, iRefCount: 0
04-25 11:25:43.571 I/SprdSimpleOMXComponent(   89): fillThisBuffer, buffer: 0x65c718, header: 0x65cab0, iRefCount: 0
04-25 11:25:43.571 I/SprdSimpleOMXComponent(   89): fillThisBuffer, buffer: 0x65c720, header: 0x65cc90, iRefCount: 0
04-25 11:25:43.641 I/SprdSimpleOMXComponent(   89): fillThisBuffer, buffer: 0x65c708, header: 0x65c690, iRefCount: 0
04-25 11:25:43.641 I/SprdSimpleOMXComponent(   89): fillThisBuffer, buffer: 0x65c710, header: 0x65c8d0, iRefCount: 0
04-25 11:25:43.651 I/SprdSimpleOMXComponent(   89): fillThisBuffer, buffer: 0x65c718, header: 0x65cab0, iRefCount: 0
04-25 11:25:43.721 I/SprdSimpleOMXComponent(   89): fillThisBuffer, buffer: 0x65c720, header: 0x65cc90, iRefCount: 0
04-25 11:25:43.721 I/SprdSimpleOMXComponent(   89): fillThisBuffer, buffer: 0x65c708, header: 0x65c690, iRefCount: 0
04-25 11:25:43.721 I/SprdSimpleOMXComponent(   89): fillThisBuffer, buffer: 0x65c710, header: 0x65c8d0, iRefCount: 0
04-25 11:25:43.791 I/SprdSimpleOMXComponent(   89): fillThisBuffer, buffer: 0x65c718, header: 0x65cab0, iRefCount: 0
04-25 11:25:43.831 I/SprdSimpleOMXComponent(   89): fillThisBuffer, buffer: 0x65c720, header: 0x65cc90, iRefCount: 0
04-25 11:25:43.831 I/SprdSimpleOMXComponent(   89): fillThisBuffer, buffer: 0x65c708, header: 0x65c690, iRefCount: 0
04-25 11:25:43.861 I/SprdSimpleOMXComponent(   89): fillThisBuffer, buffer: 0x65c710, header: 0x65c8d0, iRefCount: 0
04-25 11:25:43.861 I/SprdSimpleOMXComponent(   89): fillThisBuffer, buffer: 0x65c718, header: 0x65cab0, iRefCount: 0
04-25 11:25:43.861 I/SprdSimpleOMXComponent(   89): fillThisBuffer, buffer: 0x65c720, header: 0x65cc90, iRefCount: 0
04-25 11:25:43.931 I/SprdSimpleOMXComponent(   89): fillThisBuffer, buffer: 0x65c708, header: 0x65c690, iRefCount: 0
04-25 11:25:43.941 I/SprdSimpleOMXComponent(   89): fillThisBuffer, buffer: 0x65c710, header: 0x65c8d0, iRefCount: 0
04-25 11:25:43.941 I/SprdSimpleOMXComponent(   89): fillThisBuffer, buffer: 0x65c718, header: 0x65cab0, iRefCount: 0
04-25 11:25:44.011 I/SprdSimpleOMXComponent(   89): fillThisBuffer, buffer: 0x65c720, header: 0x65cc90, iRefCount: 0
04-25 11:25:44.021 I/SprdSimpleOMXComponent(   89): fillThisBuffer, buffer: 0x65c708, header: 0x65c690, iRefCount: 0
04-25 11:25:44.021 I/SprdSimpleOMXComponent(   89): fillThisBuffer, buffer: 0x65c710, header: 0x65c8d0, iRefCount: 0
04-25 11:25:44.081 I/SprdSimpleOMXComponent(   89): fillThisBuffer, buffer: 0x65c718, header: 0x65cab0, iRefCount: 0
04-25 11:25:44.081 I/SprdSimpleOMXComponent(   89): fillThisBuffer, buffer: 0x65c720, header: 0x65cc90, iRefCount: 0
04-25 11:25:44.081 I/SprdSimpleOMXComponent(   89): fillThisBuffer, buffer: 0x65c708, header: 0x65c690, iRefCount: 0
04-25 11:25:44.151 I/SprdSimpleOMXComponent(   89): fillThisBuffer, buffer: 0x65c710, header: 0x65c8d0, iRefCount: 0
04-25 11:25:44.151 I/SprdSimpleOMXComponent(   89): fillThisBuffer, buffer: 0x65c718, header: 0x65cab0, iRefCount: 0
04-25 11:25:44.221 I/SprdSimpleOMXComponent(   89): fillThisBuffer, buffer: 0x65c720, header: 0x65cc90, iRefCount: 0
04-25 11:25:44.231 I/SprdSimpleOMXComponent(   89): fillThisBuffer, buffer: 0x65c708, header: 0x65c690, iRefCount: 0
04-25 11:25:44.231 I/SprdSimpleOMXComponent(   89): fillThisBuffer, buffer: 0x65c710, header: 0x65c8d0, iRefCount: 0
04-25 11:25:44.301 I/SprdSimpleOMXComponent(   89): fillThisBuffer, buffer: 0x65c718, header: 0x65cab0, iRefCount: 0
04-25 11:25:44.351 I/SprdSimpleOMXComponent(   89): fillThisBuffer, buffer: 0x65c720, header: 0x65cc90, iRefCount: 0
04-25 11:25:44.391 I/SprdSimpleOMXComponent(   89): fillThisBuffer, buffer: 0x65c708, header: 0x65c690, iRefCount: 0
04-25 11:25:44.401 I/SprdSimpleOMXComponent(   89): fillThisBuffer, buffer: 0x65c710, header: 0x65c8d0, iRefCount: 0
04-25 11:25:44.401 I/SprdSimpleOMXComponent(   89): fillThisBuffer, buffer: 0x65c718, header: 0x65cab0, iRefCount: 0
04-25 11:25:44.401 I/SprdSimpleOMXComponent(   89): fillThisBuffer, buffer: 0x65c720, header: 0x65cc90, iRefCount: 0
04-25 11:25:44.481 I/SprdSimpleOMXComponent(   89): fillThisBuffer, buffer: 0x65c708, header: 0x65c690, iRefCount: 0
04-25 11:25:44.481 I/SprdSimpleOMXComponent(   89): fillThisBuffer, buffer: 0x65c710, header: 0x65c8d0, iRefCount: 0
04-25 11:25:44.481 I/SprdSimpleOMXComponent(   89): fillThisBuffer, buffer: 0x65c718, header: 0x65cab0, iRefCount: 0
04-25 11:25:44.551 I/SprdSimpleOMXComponent(   89): fillThisBuffer, buffer: 0x65c720, header: 0x65cc90, iRefCount: 0
04-25 11:25:44.551 I/SprdSimpleOMXComponent(   89): fillThisBuffer, buffer: 0x65c708, header: 0x65c690, iRefCount: 0
04-25 11:25:44.561 I/SprdSimpleOMXComponent(   89): fillThisBuffer, buffer: 0x65c710, header: 0x65c8d0, iRefCount: 0
04-25 11:25:44.621 I/SprdSimpleOMXComponent(   89): fillThisBuffer, buffer: 0x65c718, header: 0x65cab0, iRefCount: 0
04-25 11:25:44.621 I/SprdSimpleOMXComponent(   89): fillThisBuffer, buffer: 0x65c720, header: 0x65cc90, iRefCount: 0
04-25 11:25:44.631 I/SprdSimpleOMXComponent(   89): fillThisBuffer, buffer: 0x65c708, header: 0x65c690, iRefCount: 0
04-25 11:25:44.691 I/SprdSimpleOMXComponent(   89): fillThisBuffer, buffer: 0x65c710, header: 0x65c8d0, iRefCount: 0
04-25 11:25:44.701 I/SprdSimpleOMXComponent(   89): fillThisBuffer, buffer: 0x65c718, header: 0x65cab0, iRefCount: 0
04-25 11:25:44.701 I/SprdSimpleOMXComponent(   89): fillThisBuffer, buffer: 0x65c720, header: 0x65cc90, iRefCount: 0
04-25 11:25:44.781 I/SprdSimpleOMXComponent(   89): fillThisBuffer, buffer: 0x65c708, header: 0x65c690, iRefCount: 0
04-25 11:25:44.781 I/SprdSimpleOMXComponent(   89): fillThisBuffer, buffer: 0x65c710, header: 0x65c8d0, iRefCount: 0
04-25 11:25:44.841 I/SprdSimpleOMXComponent(   89): fillThisBuffer, buffer: 0x65c718, header: 0x65cab0, iRefCount: 0
04-25 11:25:44.841 I/SprdSimpleOMXComponent(   89): fillThisBuffer, buffer: 0x65c720, header: 0x65cc90, iRefCount: 0
04-25 11:25:44.851 I/SprdSimpleOMXComponent(   89): fillThisBuffer, buffer: 0x65c708, header: 0x65c690, iRefCount: 0
04-25 11:25:44.921 I/SprdSimpleOMXComponent(   89): fillThisBuffer, buffer: 0x65c710, header: 0x65c8d0, iRefCount: 0
04-25 11:25:44.921 I/SprdSimpleOMXComponent(   89): fillThisBuffer, buffer: 0x65c718, header: 0x65cab0, iRefCount: 0
04-25 11:25:44.921 I/SprdSimpleOMXComponent(   89): fillThisBuffer, buffer: 0x65c720, header: 0x65cc90, iRefCount: 0
04-25 11:25:44.991 I/SprdSimpleOMXComponent(   89): fillThisBuffer, buffer: 0x65c708, header: 0x65c690, iRefCount: 0
04-25 11:25:44.991 I/SprdSimpleOMXComponent(   89): fillThisBuffer, buffer: 0x65c710, header: 0x65c8d0, iRefCount: 0
04-25 11:25:44.991 I/SprdSimpleOMXComponent(   89): fillThisBuffer, buffer: 0x65c718, header: 0x65cab0, iRefCount: 0
04-25 11:25:45.001 I/Gecko   (   84): 1398450345006	Marionette	INFO	sendToClient: {"from":"0","value":null}, {7fcb0a67-c1b1-499e-b71b-4d04700a0dd3}, {7fcb0a67-c1b1-499e-b71b-4d04700a0dd3}
04-25 11:25:45.061 I/SprdSimpleOMXComponent(   89): fillThisBuffer, buffer: 0x65c720, header: 0x65cc90, iRefCount: 0
04-25 11:25:45.061 I/SprdSimpleOMXComponent(   89): fillThisBuffer, buffer: 0x65c708, header: 0x65c690, iRefCount: 0
04-25 11:25:45.061 I/SprdSimpleOMXComponent(   89): fillThisBuffer, buffer: 0x65c710, header: 0x65c8d0, iRefCount: 0
04-25 11:25:45.131 I/SprdSimpleOMXComponent(   89): fillThisBuffer, buffer: 0x65c718, header: 0x65cab0, iRefCount: 0
04-25 11:25:45.131 I/SprdSimpleOMXComponent(   89): fillThisBuffer, buffer: 0x65c720, header: 0x65cc90, iRefCount: 0
04-25 11:25:45.141 I/SprdSimpleOMXComponent(   89): fillThisBuffer, buffer: 0x65c708, header: 0x65c690, iRefCount: 0
04-25 11:25:45.201 I/SprdSimpleOMXComponent(   89): fillThisBuffer, buffer: 0x65c710, header: 0x65c8d0, iRefCount: 0
04-25 11:25:45.211 I/SprdSimpleOMXComponent(   89): fillThisBuffer, buffer: 0x65c718, header: 0x65cab0, iRefCount: 0
04-25 11:25:45.211 I/SprdSimpleOMXComponent(   89): fillThisBuffer, buffer: 0x65c720, header: 0x65cc90, iRefCount: 0
04-25 11:25:45.281 I/SprdSimpleOMXComponent(   89): fillThisBuffer, buffer: 0x65c708, header: 0x65c690, iRefCount: 0
04-25 11:25:45.281 I/SprdSimpleOMXComponent(   89): fillThisBuffer, buffer: 0x65c710, header: 0x65c8d0, iRefCount: 0
04-25 11:25:45.281 I/SprdSimpleOMXComponent(   89): fillThisBuffer, buffer: 0x65c718, header: 0x65cab0, iRefCount: 0
04-25 11:25:45.351 I/SprdSimpleOMXComponent(   89): fillThisBuffer, buffer: 0x65c720, header: 0x65cc90, iRefCount: 0
04-25 11:25:45.351 I/SprdSimpleOMXComponent(   89): fillThisBuffer, buffer: 0x65c708, header: 0x65c690, iRefCount: 0
04-25 11:25:45.431 I/SprdSimpleOMXComponent(   89): fillThisBuffer, buffer: 0x65c710, header: 0x65c8d0, iRefCount: 0
04-25 11:25:45.431 I/SprdSimpleOMXComponent(   89): fillThisBuffer, buffer: 0x65c718, header: 0x65cab0, iRefCount: 0
04-25 11:25:45.431 I/SprdSimpleOMXComponent(   89): fillThisBuffer, buffer: 0x65c720, header: 0x65cc90, iRefCount: 0
04-25 11:25:45.531 I/SprdSimpleOMXComponent(   89): fillThisBuffer, buffer: 0x65c708, header: 0x65c690, iRefCount: 0
04-25 11:25:45.531 I/SprdSimpleOMXComponent(   89): fillThisBuffer, buffer: 0x65c710, header: 0x65c8d0, iRefCount: 0
04-25 11:25:45.531 I/SprdSimpleOMXComponent(   89): fillThisBuffer, buffer: 0x65c718, header: 0x65cab0, iRefCount: 0
04-25 11:25:45.601 I/SprdSimpleOMXComponent(   89): fillThisBuffer, buffer: 0x65c720, header: 0x65cc90, iRefCount: 0
04-25 11:25:45.601 I/SprdSimpleOMXComponent(   89): fillThisBuffer, buffer: 0x65c708, header: 0x65c690, iRefCount: 0
04-25 11:25:45.601 I/SprdSimpleOMXComponent(   89): fillThisBuffer, buffer: 0x65c710, header: 0x65c8d0, iRefCount: 0
04-25 11:25:45.621 W/WifiHW  (   84): wifi_command: SIGNAL_POLL
04-25 11:25:45.671 I/SprdSimpleOMXComponent(   89): fillThisBuffer, buffer: 0x65c718, header: 0x65cab0, iRefCount: 0
04-25 11:25:45.681 I/SprdSimpleOMXComponent(   89): fillThisBuffer, buffer: 0x65c720, header: 0x65cc90, iRefCount: 0
04-25 11:25:45.681 I/SprdSimpleOMXComponent(   89): fillThisBuffer, buffer: 0x65c708, header: 0x65c690, iRefCount: 0
04-25 11:25:45.701 I/Gonk    (   84): Setting nice for pid 1594 to 7
04-25 11:25:45.701 I/Gonk    (   84): Changed nice for pid 1594 from 1 to 7.
04-25 11:25:45.731 I/Gecko   (   84): 1398450345741	Marionette	DEBUG	Got request: switchToFrame, data: {"to":"0","sessionId":"3-b2g","name":"switchToFrame","parameters":{"id":null,"focus":true}}, id: {305bf6d1-2747-47ba-9bd9-8d7da6933232}
04-25 11:25:45.741 I/Gecko   (   84): 1398450345750	Marionette	INFO	Switched to frame: {"frameValue":null}
04-25 11:25:45.751 I/SprdSimpleOMXComponent(   89): fillThisBuffer, buffer: 0x65c710, header: 0x65c8d0, iRefCount: 0
04-25 11:25:45.751 I/SprdSimpleOMXComponent(   89): fillThisBuffer, buffer: 0x65c718, header: 0x65cab0, iRefCount: 0
04-25 11:25:45.761 I/SprdSimpleOMXComponent(   89): fillThisBuffer, buffer: 0x65c720, header: 0x65cc90, iRefCount: 0
04-25 11:25:45.851 I/Gecko   (   84): 1398450345859	Marionette	INFO	sendToClient: {"from":"0","ok":true}, {305bf6d1-2747-47ba-9bd9-8d7da6933232}, {305bf6d1-2747-47ba-9bd9-8d7da6933232}
04-25 11:25:45.921 I/Gecko   (   84): 1398450345929	Marionette	DEBUG	Got request: executeWithCallback, data: {"to":"0","sessionId":"3-b2g","name":"executeAsyncScript","parameters":{"specialPowers":false,"scriptTimeout":null,"newSandbox":true,"args":[],"filename":"gaia_test.py","script":"return GaiaApps.displayedApp();","line":66}}, id: {1c731d44-d5b2-4510-a930-27d2f3f0641b}
04-25 11:25:46.121 V/AudioPolicyManagerBase(   89): stopOutput() output 1, stream 1, session 6
04-25 11:25:46.131 E/OMXNodeInstance(   89): !!! Observer died. Quickly, do something, ... anything...
04-25 11:25:46.131 V/AudioPolicyManagerBase(   89): changeRefCount() stream 1, count 0
04-25 11:25:46.131 V/AudioPolicyManagerBase(   89): getNewDevice() selected device 0
04-25 11:25:46.131 D/AudioPolicyManagerBase(   89): setOutputDevice() output 1 device 0 delayMs 290
04-25 11:25:46.131 V/AudioPolicyManagerBase(   89): setOutputDevice() setting same device 0 or null device for output 1
04-25 11:25:46.131 I/Gecko   (   84): 
04-25 11:25:46.131 I/Gecko   (   84): ###!!! [Parent][MessageChannel] Error: Channel error: cannot send/recv
04-25 11:25:46.131 I/Gecko   (   84): 
04-25 11:25:46.211 V/AudioPolicyManagerBase(   89): releaseOutput() 1
04-25 11:25:46.321 I/Gecko   (   84): 1398450346325	Marionette	INFO	sendToClient: {"from":"0","value":{"frame":{"ELEMENT":"{d01af0f4-6e6d-4000-8934-9a92898ab814}"},"src":"app://homescreen.gaiamobile.org/index.html#root","name":"Homescreen","origin":"app://homescreen.gaiamobile.org"}}, {1c731d44-d5b2-4510-a930-27d2f3f0641b}, {1c731d44-d5b2-4510-a930-27d2f3f0641b}
04-25 11:25:46.331 E/GeckoConsole(   84): Content JS LOG at dummy file:392 in GaiaApps.displayedApp: app with origin 'app://homescreen.gaiamobile.org' is displayed
04-25 11:25:46.331 I/Gecko   (   84): [Parent 84] WARNING: waitpid failed pid:1594 errno:10: file ../../../gecko/ipc/chromium/src/base/process_util_posix.cc, line 254
04-25 11:25:46.361 I/Gecko   (   84): 1398450346373	Marionette	DEBUG	Got request: switchToFrame, data: {"to":"0","sessionId":"3-b2g","name":"switchToFrame","parameters":{"id":null,"focus":true}}, id: {56851a9f-0002-449f-98f3-8b71dc47f65c}
04-25 11:25:46.371 I/Gecko   (   84): 1398450346375	Marionette	INFO	Switched to frame: {"frameValue":null}
04-25 11:25:46.471 I/Gecko   (   84): 1398450346477	Marionette	INFO	sendToClient: {"from":"0","ok":true}, {56851a9f-0002-449f-98f3-8b71dc47f65c}, {56851a9f-0002-449f-98f3-8b71dc47f65c}
04-25 11:25:46.481 I/Gecko   (   84): 1398450346486	Marionette	DEBUG	Got request: switchToFrame, data: {"to":"0","sessionId":"3-b2g","name":"switchToFrame","parameters":{"id":null,"focus":true}}, id: {e991ebf0-8512-4d3e-af67-23282e523d0e}
04-25 11:25:46.491 I/Gecko   (   84): 1398450346495	Marionette	INFO	Switched to frame: {"frameValue":null}
04-25 11:25:46.591 I/Gecko   (   84): 1398450346597	Marionette	INFO	sendToClient: {"from":"0","ok":true}, {e991ebf0-8512-4d3e-af67-23282e523d0e}, {e991ebf0-8512-4d3e-af67-23282e523d0e}
04-25 11:25:46.591 I/Gecko   (   84): 1398450346603	Marionette	DEBUG	Got request: executeWithCallback, data: {"to":"0","sessionId":"3-b2g","name":"executeAsyncScript","parameters":{"specialPowers":false,"scriptTimeout":null,"newSandbox":true,"args":[],"filename":"gaia_test.py","script":"return GaiaApps.displayedApp();","line":66}}, id: {208839ce-1863-4b86-90f8-0a67dcb3ce4e}
04-25 11:25:46.681 E/GeckoConsole(   84): Content JS LOG at dummy file:392 in GaiaApps.displayedApp: app with origin 'app://homescreen.gaiamobile.org' is displayed
04-25 11:25:46.681 I/Gecko   (   84): 1398450346692	Marionette	INFO	sendToClient: {"from":"0","value":{"frame":{"ELEMENT":"{d01af0f4-6e6d-4000-8934-9a92898ab814}"},"src":"app://homescreen.gaiamobile.org/index.html#root","name":"Homescreen","origin":"app://homescreen.gaiamobile.org"}}, {208839ce-1863-4b86-90f8-0a67dcb3ce4e}, {208839ce-1863-4b86-90f8-0a67dcb3ce4e}
04-25 11:25:46.691 I/Gecko   (   84): 1398450346699	Marionette	DEBUG	Got request: switchToFrame, data: {"to":"0","sessionId":"3-b2g","name":"switchToFrame","parameters":{"focus":true,"element":"{d01af0f4-6e6d-4000-8934-9a92898ab814}"}}, id: {c0db07e6-edd2-49a0-92a1-5585cb2cfe98}
04-25 11:25:46.721 I/Gecko   (   84): 1398450346724	Marionette	INFO	Switched to frame: {"frameValue":"{d01af0f4-6e6d-4000-8934-9a92898ab814}"}
04-25 11:25:46.721 I/Gecko   (   84): 1398450346727	Marionette	INFO	trying remote frame 0
04-25 11:25:46.731 I/Gecko   (   84): 1398450346743	Marionette	INFO	trying remote frame 1
04-25 11:25:46.741 I/Gecko   (   84): 1398450346744	Marionette	INFO	trying remote frame 2
04-25 11:25:46.741 I/Gecko   (   84): 1398450346745	Marionette	INFO	deleting frame
04-25 11:25:46.741 I/Gecko   (   84): 1398450346750	Marionette	INFO	frame-manager load script: [object ChromeMessageSender]
04-25 11:25:47.181 I/Gecko   ( 1681): ###################################### forms.js loaded
04-25 11:25:47.201 I/Gecko   ( 1681): ############################### browserElementPanning.js loaded
04-25 11:25:47.211 I/Gecko   ( 1681): ######################## BrowserElementChildPreload.js loaded
04-25 11:25:48.111 I/Gecko   (   84): 1398450348121	Marionette	INFO	sendToClient: {"from":"0","ok":true}, {c0db07e6-edd2-49a0-92a1-5585cb2cfe98}, {c0db07e6-edd2-49a0-92a1-5585cb2cfe98}
04-25 11:25:48.331 I/Gecko   (   84): [Parent 84] WARNING: waitpid failed pid:1594 errno:10: file ../../../gecko/ipc/chromium/src/base/process_util_posix.cc, line 254
04-25 11:25:48.331 I/Gecko   (   84): [Parent 84] WARNING: Failed to deliver SIGKILL to 1594!(3).: file ../../../gecko/ipc/chromium/src/chrome/common/process_watcher_posix_sigchld.cc, line 118
04-25 11:25:48.431 I/Gonk    (   84): Setting nice for pid 1699 to 18
04-25 11:25:48.431 I/Gonk    (   84): Changed nice for pid 1699 from 0 to 18.
04-25 11:25:48.511 I/Gecko   (   84): 1398450348515	Marionette	INFO	sendToClient: {"from":"0","value":"app://homescreen.gaiamobile.org/index.html#root"}, {d90abf26-d99b-4202-9cdf-c7e7a858a78c}, {d90abf26-d99b-4202-9cdf-c7e7a858a78c}
04-25 11:25:48.521 I/Gecko   (   84): 1398450348531	Marionette	DEBUG	Got request: switchToFrame, data: {"to":"0","sessionId":"3-b2g","name":"switchToFrame","parameters":{"id":null,"focus":true}}, id: {afb46c9b-0ba4-4dd1-9998-b42c6fefe87b}
04-25 11:25:48.561 I/Gecko   (   84): 1398450348565	Marionette	INFO	Switched to frame: {"frameValue":null}
04-25 11:25:48.661 I/Gecko   (   84): 1398450348673	Marionette	INFO	sendToClient: {"from":"0","ok":true}, {afb46c9b-0ba4-4dd1-9998-b42c6fefe87b}, {afb46c9b-0ba4-4dd1-9998-b42c6fefe87b}
04-25 11:25:48.671 I/Gecko   (   84): 1398450348683	Marionette	DEBUG	Got request: switchToFrame, data: {"to":"0","sessionId":"3-b2g","name":"switchToFrame","parameters":{"id":null,"focus":true}}, id: {aa8c9ba6-fe9a-41a4-8c23-d16d7c6df7a7}
04-25 11:25:48.691 I/Gecko   (   84): 1398450348695	Marionette	INFO	Switched to frame: {"frameValue":null}
04-25 11:25:48.791 I/Gecko   (   84): 1398450348798	Marionette	INFO	sendToClient: {"from":"0","ok":true}, {aa8c9ba6-fe9a-41a4-8c23-d16d7c6df7a7}, {aa8c9ba6-fe9a-41a4-8c23-d16d7c6df7a7}
04-25 11:25:48.811 I/Gecko   (   84): 1398450348816	Marionette	DEBUG	Got request: executeWithCallback, data: {"to":"0","sessionId":"3-b2g","name":"executeAsyncScript","parameters":{"specialPowers":false,"scriptTimeout":null,"newSandbox":true,"args":[],"filename":"gaia_test.py","script":"GaiaApps.killAll()","line":91}}, id: {d95dc0e2-1cbb-4a5b-afc4-c80b3bf5d36b}
04-25 11:25:48.951 W/audio_hw_primary(   89): do_output_standby.mode:0 
04-25 11:25:49.111 E/GeckoConsole(   84): Content JS LOG at dummy file:266 in GaiaApps.kill: terminating app with origin 'app://browser.gaiamobile.org'
04-25 11:25:49.111 E/GeckoConsole(   84): Content JS LOG at dummy file:258 in GaiaApps.kill/gt_onAppTerminated/<: app with origin 'app://browser.gaiamobile.org' has terminated
04-25 11:25:49.321 I/Gecko   (   84): 1398450349329	Marionette	INFO	sendToClient: {"from":"0","value":true}, {d95dc0e2-1cbb-4a5b-afc4-c80b3bf5d36b}, {d95dc0e2-1cbb-4a5b-afc4-c80b3bf5d36b}