--------- beginning of /dev/log/main
04-25 17:12:59.310 I/Gecko   (   84): 1398471179320	Marionette	INFO	sendToClient: {"from":"0","ok":true}, {9d2e69e0-a4dd-457c-bf98-2d6bb055c0eb}, {9d2e69e0-a4dd-457c-bf98-2d6bb055c0eb}
04-25 17:12:59.360 I/Gecko   (   84): 1398471179374	Marionette	DEBUG	Got request: switchToFrame, data: {"to":"0","sessionId":"3-b2g","name":"switchToFrame","parameters":{"id":null,"focus":true}}, id: {05d49a3a-4234-43b6-ac60-52ec80636d86}
04-25 17:12:59.380 I/Gecko   (   84): 1398471179388	Marionette	INFO	Switched to frame: {"frameValue":null}
04-25 17:12:59.480 E/GeckoConsole( 1902): Content JS ERROR at app://homescreen.gaiamobile.org/gaia_build_defer_index.js:390 in loadSVConfFileError: Failed parsing singleVariant configuration file [js/singlevariantconf.json]:  [Exception... "File error: Not found"  nsresult: "0x80520012 (NS_ERROR_FILE_NOT_FOUND)"  location: "JS frame :: app://homescreen.gaiamobile.org/gaia_build_defer_index.js :: loadFile :: line 382"  data: no]
04-25 17:12:59.490 I/Gecko   (   84): 1398471179495	Marionette	INFO	sendToClient: {"from":"0","ok":true}, {05d49a3a-4234-43b6-ac60-52ec80636d86}, {05d49a3a-4234-43b6-ac60-52ec80636d86}
04-25 17:12:59.490 I/Gecko   (   84): 1398471179501	Marionette	DEBUG	Got request: executeWithCallback, data: {"to":"0","sessionId":"3-b2g","name":"executeAsyncScript","parameters":{"specialPowers":false,"scriptTimeout":null,"newSandbox":true,"args":[],"filename":"gaia_test.py","script":"return GaiaApps.displayedApp();","line":66}}, id: {74b66d6a-4a2b-485d-97c4-73abb088ed08}
04-25 17:12:59.570 I/Gecko   (   84): 1398471179583	Marionette	INFO	sendToClient: {"from":"0","value":{"frame":{"ELEMENT":"{e3fa9c1d-9511-4628-b647-53433b2f9a50}"},"src":"app://homescreen.gaiamobile.org/index.html#root","name":"Homescreen","origin":"app://homescreen.gaiamobile.org"}}, {74b66d6a-4a2b-485d-97c4-73abb088ed08}, {74b66d6a-4a2b-485d-97c4-73abb088ed08}
04-25 17:12:59.580 E/GeckoConsole(   84): Content JS LOG at dummy file:392 in GaiaApps.displayedApp: app with origin 'app://homescreen.gaiamobile.org' is displayed
04-25 17:12:59.600 I/Gecko   (   84): 1398471179612	Marionette	DEBUG	Got request: switchToFrame, data: {"to":"0","sessionId":"3-b2g","name":"switchToFrame","parameters":{"id":null,"focus":true}}, id: {ef525b72-722f-4a6a-ae18-b67c67481576}
04-25 17:12:59.600 I/Gecko   (   84): 1398471179614	Marionette	INFO	Switched to frame: {"frameValue":null}
04-25 17:12:59.710 I/Gecko   (   84): 1398471179716	Marionette	INFO	sendToClient: {"from":"0","ok":true}, {ef525b72-722f-4a6a-ae18-b67c67481576}, {ef525b72-722f-4a6a-ae18-b67c67481576}
04-25 17:12:59.710 I/Gecko   (   84): 1398471179721	Marionette	DEBUG	Got request: switchToFrame, data: {"to":"0","sessionId":"3-b2g","name":"switchToFrame","parameters":{"id":null,"focus":true}}, id: {a259e50f-202d-42d7-8b4c-d40610065546}
04-25 17:12:59.710 I/Gecko   (   84): 1398471179723	Marionette	INFO	Switched to frame: {"frameValue":null}
04-25 17:12:59.820 I/Gecko   (   84): 1398471179827	Marionette	INFO	sendToClient: {"from":"0","ok":true}, {a259e50f-202d-42d7-8b4c-d40610065546}, {a259e50f-202d-42d7-8b4c-d40610065546}
04-25 17:12:59.820 I/Gecko   (   84): 1398471179833	Marionette	DEBUG	Got request: executeWithCallback, data: {"to":"0","sessionId":"3-b2g","name":"executeAsyncScript","parameters":{"specialPowers":false,"scriptTimeout":null,"newSandbox":true,"args":[],"filename":"gaia_test.py","script":"return GaiaApps.displayedApp();","line":66}}, id: {ac9186f2-a8c9-4603-a128-5942b2c6a703}
04-25 17:12:59.900 E/GeckoConsole(   84): Content JS LOG at dummy file:392 in GaiaApps.displayedApp: app with origin 'app://homescreen.gaiamobile.org' is displayed
04-25 17:12:59.910 I/Gecko   (   84): 1398471179915	Marionette	INFO	sendToClient: {"from":"0","value":{"frame":{"ELEMENT":"{e3fa9c1d-9511-4628-b647-53433b2f9a50}"},"src":"app://homescreen.gaiamobile.org/index.html#root","name":"Homescreen","origin":"app://homescreen.gaiamobile.org"}}, {ac9186f2-a8c9-4603-a128-5942b2c6a703}, {ac9186f2-a8c9-4603-a128-5942b2c6a703}
04-25 17:12:59.910 I/Gecko   (   84): 1398471179920	Marionette	DEBUG	Got request: switchToFrame, data: {"to":"0","sessionId":"3-b2g","name":"switchToFrame","parameters":{"focus":true,"element":"{e3fa9c1d-9511-4628-b647-53433b2f9a50}"}}, id: {c2fc43bc-1306-4438-afa6-de56046197a8}
04-25 17:12:59.920 I/Gecko   (   84): 1398471179932	Marionette	INFO	Switched to frame: {"frameValue":"{e3fa9c1d-9511-4628-b647-53433b2f9a50}"}
04-25 17:12:59.950 I/Gecko   (   84): 1398471179955	Marionette	INFO	trying remote frame 0
04-25 17:12:59.950 I/Gecko   (   84): 1398471179956	Marionette	INFO	trying remote frame 1
04-25 17:12:59.950 I/Gecko   (   84): 1398471179957	Marionette	INFO	deleting frame
04-25 17:12:59.950 I/Gecko   (   84): 1398471179962	Marionette	INFO	frame-manager load script: [object ChromeMessageSender]
04-25 17:13:00.590 I/Gecko   (   84): 1398471180601	Marionette	INFO	sendToClient: {"from":"0","ok":true}, {c2fc43bc-1306-4438-afa6-de56046197a8}, {c2fc43bc-1306-4438-afa6-de56046197a8}
04-25 17:13:00.720 I/Gecko   (   84): 1398471180725	Marionette	INFO	sendToClient: {"from":"0","value":{"ELEMENT":"{e1367327-7371-459b-b53c-e1661bd4268f}"}}, {31d67592-3c84-4ab8-a78c-a95aa3d6feb8}, {31d67592-3c84-4ab8-a78c-a95aa3d6feb8}
04-25 17:13:00.730 W/WifiHW  (   84): wifi_command: SIGNAL_POLL
04-25 17:13:01.250 E/GeckoConsole( 1902): [JavaScript Warning: "Use of getAttributeNode() is deprecated. Use getAttribute() instead." {file: "chrome://marionette/content/atoms.js" line: 25}]
04-25 17:13:01.260 E/GeckoConsole( 1902): [JavaScript Warning: "Use of attributes' specified attribute is deprecated. It always returns true." {file: "chrome://marionette/content/atoms.js" line: 25}]
04-25 17:13:01.260 I/Gecko   (   84): 1398471181268	Marionette	INFO	sendToClient: {"from":"0","value":"normal"}, {4c260b63-0839-4937-a854-7bb6de46e002}, {4c260b63-0839-4937-a854-7bb6de46e002}
04-25 17:13:01.280 I/Gecko   (   84): 1398471181288	Marionette	DEBUG	Got request: switchToFrame, data: {"to":"0","sessionId":"3-b2g","name":"switchToFrame","parameters":{"id":null,"focus":true}}, id: {f8fb25a6-30ed-4f8c-8d04-297430cd52d8}
04-25 17:13:01.290 I/Gecko   (   84): 1398471181304	Marionette	INFO	Switched to frame: {"frameValue":null}
04-25 17:13:01.430 I/Gecko   (   84): 1398471181436	Marionette	INFO	sendToClient: {"from":"0","ok":true}, {f8fb25a6-30ed-4f8c-8d04-297430cd52d8}, {f8fb25a6-30ed-4f8c-8d04-297430cd52d8}
04-25 17:13:01.430 I/Gecko   (   84): 1398471181443	Marionette	DEBUG	Got request: execute, data: {"to":"0","sessionId":"3-b2g","name":"executeScript","parameters":{"specialPowers":false,"scriptTimeout":null,"newSandbox":true,"args":[],"filename":"gaia_test.py","script":"window.wrappedJSObject.dispatchEvent(new Event('home'));","line":788}}, id: {16068694-0a3f-4a78-9f8d-c51ea4eeb6af}
04-25 17:13:01.600 I/Gecko   (   84): 1398471181606	Marionette	INFO	sendToClient: {"from":"0","value":null}, {16068694-0a3f-4a78-9f8d-c51ea4eeb6af}, {16068694-0a3f-4a78-9f8d-c51ea4eeb6af}
04-25 17:13:01.620 I/Gecko   (   84): 1398471181626	Marionette	DEBUG	Got request: switchToFrame, data: {"to":"0","sessionId":"3-b2g","name":"switchToFrame","parameters":{"id":null,"focus":true}}, id: {7045a259-2ea4-462a-9e9c-bd83755a6ec2}
04-25 17:13:01.620 I/Gecko   (   84): 1398471181631	Marionette	INFO	Switched to frame: {"frameValue":null}
04-25 17:13:01.780 I/Gecko   (   84): 1398471181790	Marionette	INFO	sendToClient: {"from":"0","ok":true}, {7045a259-2ea4-462a-9e9c-bd83755a6ec2}, {7045a259-2ea4-462a-9e9c-bd83755a6ec2}
04-25 17:13:01.790 I/Gecko   (   84): 1398471181804	Marionette	DEBUG	Got request: switchToFrame, data: {"to":"0","sessionId":"3-b2g","name":"switchToFrame","parameters":{"id":null,"focus":true}}, id: {3dc94207-277d-4304-b2e6-475313fb7d18}
04-25 17:13:01.800 I/Gecko   (   84): 1398471181808	Marionette	INFO	Switched to frame: {"frameValue":null}
04-25 17:13:01.900 I/Gecko   (   84): 1398471181911	Marionette	INFO	sendToClient: {"from":"0","ok":true}, {3dc94207-277d-4304-b2e6-475313fb7d18}, {3dc94207-277d-4304-b2e6-475313fb7d18}
04-25 17:13:01.910 I/Gecko   (   84): 1398471181917	Marionette	DEBUG	Got request: executeWithCallback, data: {"to":"0","sessionId":"3-b2g","name":"executeAsyncScript","parameters":{"specialPowers":false,"scriptTimeout":null,"newSandbox":true,"args":[],"filename":"gaia_test.py","script":"return GaiaApps.displayedApp();","line":66}}, id: {af3506e8-5d50-44cd-8ae6-0eb5df80fa84}
04-25 17:13:01.990 E/GeckoConsole(   84): Content JS LOG at dummy file:392 in GaiaApps.displayedApp: app with origin 'app://homescreen.gaiamobile.org' is displayed
04-25 17:13:02.010 I/Gecko   (   84): 1398471182016	Marionette	INFO	sendToClient: {"from":"0","value":{"frame":{"ELEMENT":"{e3fa9c1d-9511-4628-b647-53433b2f9a50}"},"src":"app://homescreen.gaiamobile.org/index.html#rootFri%20Apr%2025%202014%2017:13:01%20GMT-0700%20(UTC)","name":"Homescreen","origin":"app://homescreen.gaiamobile.org"}}, {af3506e8-5d50-44cd-8ae6-0eb5df80fa84}, {af3506e8-5d50-44cd-8ae6-0eb5df80fa84}
04-25 17:13:02.010 I/Gecko   (   84): 1398471182021	Marionette	DEBUG	Got request: switchToFrame, data: {"to":"0","sessionId":"3-b2g","name":"switchToFrame","parameters":{"focus":true,"element":"{e3fa9c1d-9511-4628-b647-53433b2f9a50}"}}, id: {f1597c3b-7140-46cb-8a01-4ed745b13be8}
04-25 17:13:02.020 I/Gecko   (   84): 1398471182027	Marionette	INFO	Switched to frame: {"frameValue":"{e3fa9c1d-9511-4628-b647-53433b2f9a50}"}
04-25 17:13:02.020 I/Gecko   (   84): 1398471182032	Marionette	INFO	trying remote frame 0
04-25 17:13:02.020 I/Gecko   (   84): 1398471182033	Marionette	INFO	trying remote frame 1
04-25 17:13:02.250 I/Gecko   (   84): 1398471182257	Marionette	INFO	sendToClient: {"from":"0","ok":true}, {f1597c3b-7140-46cb-8a01-4ed745b13be8}, {f1597c3b-7140-46cb-8a01-4ed745b13be8}
04-25 17:13:02.250 I/Gecko   (   84): 1398471182263	Marionette	DEBUG	Got request: execute, data: {"to":"0","sessionId":"3-b2g","name":"executeScript","parameters":{"specialPowers":false,"scriptTimeout":null,"newSandbox":true,"args":[],"filename":"gaia_test.py","script":"return window.wrappedJSObject.GridManager.pageHelper.getCurrentPageNumber();","line":784}}, id: {b180fcd6-70c2-4fcd-b265-39b2d8ff288e}
04-25 17:13:02.480 I/Gecko   (   84): 1398471182493	Marionette	INFO	sendToClient: {"from":"0","value":0}, {b180fcd6-70c2-4fcd-b265-39b2d8ff288e}, {b180fcd6-70c2-4fcd-b265-39b2d8ff288e}
04-25 17:13:03.490 I/Gecko   (   84): 1398471183500	Marionette	INFO	sendToClient: {"from":"0","value":["{d8b0c546-e6bc-4640-a67d-de4d1d7ea193}","{9f1336f8-c8fb-488e-ba3d-c639b3416dcb}","{57c6969e-b779-4c67-afec-537c3545cfbc}","{44427864-1cde-4039-93a9-4e20a5ed293f}","{e9fb6f95-73a8-4bed-bcb1-035d15272c43}","{967ce359-1749-42a3-9692-cdc6d3aa6627}","{1c7cf2a5-ee41-4ced-8450-a84ca03a771e}","{8d6ca538-7bcc-483b-942b-29564ab70b17}","{770aaefc-243d-40f9-a559-6b48e4423dcc}","{4cce88cc-63b6-45ae-b6ae-1dbc72c47eda}","{155ac594-7d36-4daf-9f3b-6b35ccd2d478}","{76614bc3-5277-41f2-9c5b-9e3306f6d3cb}","{6d8defe0-cb86-4f9a-99ad-770307a61441}","{960ab473-615a-47a6-9245-a77d2aa6f342}","{3a496fd8-849d-48a7-91df-687c855343fe}","{84f98129-faf3-4b79-a6bf-b3fad3605fdf}","{27856bc9-4306-4424-8995-cf8fc623e877}","{c6b3b852-6793-4a7f-8831-fa95bdcbea66}","{f9e252fe-ee13-48ac-8768-160605ecb3c5}","{f9a9db3a-e451-4e44-b432-2779aa1010c3}","{f4484b02-1fd7-48c1-8769-d6c7e019d8ff}","{efdffccf-38ae-4c0d-9794-33f0e2c4b90f}","{a6f124b2-21fd-4ea0-a8ab-d58b5b85de06}","{f59fb1e2-90b6
04-25 17:13:03.600 E/GeckoConsole( 1902): Content JS WARN at app://homescreen.gaiamobile.org/gaia_build_defer_index.js:184 in isHiddenApp: Unexpected role when checking hidden app: undefined
04-25 17:13:03.600 E/GeckoConsole( 1902): Content JS WARN at app://homescreen.gaiamobile.org/gaia_build_defer_index.js:184 in isHiddenApp: Unexpected role when checking hidden app: undefined
04-25 17:13:03.600 E/GeckoConsole( 1902): Content JS WARN at app://homescreen.gaiamobile.org/gaia_build_defer_index.js:184 in isHiddenApp: Unexpected role when checking hidden app: undefined
04-25 17:13:03.600 E/GeckoConsole( 1902): Content JS WARN at app://homescreen.gaiamobile.org/gaia_build_defer_index.js:184 in isHiddenApp: Unexpected role when checking hidden app: undefined
04-25 17:13:03.600 E/GeckoConsole( 1902): Content JS WARN at app://homescreen.gaiamobile.org/gaia_build_defer_index.js:184 in isHiddenApp: Unexpected role when checking hidden app: undefined
04-25 17:13:03.610 E/GeckoConsole( 1902): Content JS WARN at app://homescreen.gaiamobile.org/gaia_build_defer_index.js:184 in isHiddenApp: Unexpected role when checking hidden app: undefined
04-25 17:13:03.610 E/GeckoConsole( 1902): Content JS WARN at app://homescreen.gaiamobile.org/gaia_build_defer_index.js:184 in isHiddenApp: Unexpected role when checking hidden app: undefined
04-25 17:13:03.610 E/GeckoConsole( 1902): Content JS WARN at app://homescreen.gaiamobile.org/gaia_build_defer_index.js:184 in isHiddenApp: Unexpected role when checking hidden app: undefined
04-25 17:13:03.610 E/GeckoConsole( 1902): Content JS WARN at app://homescreen.gaiamobile.org/gaia_build_defer_index.js:184 in isHiddenApp: Unexpected role when checking hidden app: undefined
04-25 17:13:03.610 E/GeckoConsole( 1902): Content JS WARN at app://homescreen.gaiamobile.org/gaia_build_defer_index.js:184 in isHiddenApp: Unexpected role when checking hidden app: undefined
04-25 17:13:03.610 E/GeckoConsole( 1902): Content JS WARN at app://homescreen.gaiamobile.org/gaia_build_defer_index.js:184 in isHiddenApp: Unexpected role when checking hidden app: undefined
04-25 17:13:03.610 E/GeckoConsole( 1902): Content JS WARN at app://homescreen.gaiamobile.org/gaia_build_defer_index.js:184 in isHiddenApp: Unexpected role when checking hidden app: undefined
04-25 17:13:03.610 E/GeckoConsole( 1902): Content JS WARN at app://homescreen.gaiamobile.org/gaia_build_defer_index.js:184 in isHiddenApp: Unexpected role when checking hidden app: undefined
04-25 17:13:03.610 E/GeckoConsole( 1902): Content JS WARN at app://homescreen.gaiamobile.org/gaia_build_defer_index.js:184 in isHiddenApp: Unexpected role when checking hidden app: undefined
04-25 17:13:03.610 E/GeckoConsole( 1902): Content JS WARN at app://homescreen.gaiamobile.org/gaia_build_defer_index.js:184 in isHiddenApp: Unexpected role when checking hidden app: undefined
04-25 17:13:03.610 E/GeckoConsole( 1902): Content JS WARN at app://homescreen.gaiamobile.org/gaia_build_defer_index.js:184 in isHiddenApp: Unexpected role when checking hidden app: undefined
04-25 17:13:03.610 E/GeckoConsole( 1902): Content JS WARN at app://homescreen.gaiamobile.org/gaia_build_defer_index.js:184 in isHiddenApp: Unexpected role when checking hidden app: undefined
04-25 17:13:03.610 E/GeckoConsole( 1902): Content JS WARN at app://homescreen.gaiamobile.org/gaia_build_defer_index.js:184 in isHiddenApp: Unexpected role when checking hidden app: undefined
04-25 17:13:03.620 E/GeckoConsole( 1902): Content JS WARN at app://homescreen.gaiamobile.org/gaia_build_defer_index.js:184 in isHiddenApp: Unexpected role when checking hidden app: undefined
04-25 17:13:03.620 E/GeckoConsole( 1902): Content JS WARN at app://homescreen.gaiamobile.org/gaia_build_defer_index.js:184 in isHiddenApp: Unexpected role when checking hidden app: undefined
04-25 17:13:03.620 E/GeckoConsole( 1902): Content JS WARN at app://homescreen.gaiamobile.org/gaia_build_defer_index.js:184 in isHiddenApp: Unexpected role when checking hidden app: undefined
04-25 17:13:03.620 E/GeckoConsole( 1902): Content JS WARN at app://homescreen.gaiamobile.org/gaia_build_defer_index.js:184 in isHiddenApp: Unexpected role when checking hidden app: undefined
04-25 17:13:03.630 E/GeckoConsole( 1902): Content JS WARN at app://homescreen.gaiamobile.org/gaia_build_defer_index.js:184 in isHiddenApp: Unexpected role when checking hidden app: undefined
04-25 17:13:03.630 E/GeckoConsole( 1902): Content JS WARN at app://homescreen.gaiamobile.org/gaia_build_defer_index.js:184 in isHiddenApp: Unexpected role when checking hidden app: undefined
04-25 17:13:03.630 E/GeckoConsole( 1902): Content JS WARN at app://homescreen.gaiamobile.org/gaia_build_defer_index.js:184 in isHiddenApp: Unexpected role when checking hidden app: undefined
04-25 17:13:03.630 E/GeckoConsole( 1902): Content JS WARN at app://homescreen.gaiamobile.org/gaia_build_defer_index.js:184 in isHiddenApp: Unexpected role when checking hidden app: undefined
04-25 17:13:03.630 E/GeckoConsole( 1902): Content JS WARN at app://homescreen.gaiamobile.org/gaia_build_defer_index.js:184 in isHiddenApp: Unexpected role when checking hidden app: undefined
04-25 17:13:03.710 I/Gecko   (   84): 1398471183714	Marionette	INFO	sendToClient: {"from":"0","value":"app://homescreen.gaiamobile.org/index.html#rootFri%20Apr%2025%202014%2017:13:01%20GMT-0700%20(UTC)"}, {8ce54ee2-ead7-49bd-a5ce-387e57ab3a4e}, {8ce54ee2-ead7-49bd-a5ce-387e57ab3a4e}
04-25 17:13:03.710 I/Gecko   (   84): 1398471183720	Marionette	DEBUG	Got request: switchToFrame, data: {"to":"0","sessionId":"3-b2g","name":"switchToFrame","parameters":{"id":null,"focus":true}}, id: {e11cbb96-492d-4f86-9565-892244f2ef16}
04-25 17:13:03.730 I/Gecko   (   84): 1398471183736	Marionette	INFO	Switched to frame: {"frameValue":null}
04-25 17:13:03.860 I/Gecko   (   84): 1398471183872	Marionette	INFO	sendToClient: {"from":"0","ok":true}, {e11cbb96-492d-4f86-9565-892244f2ef16}, {e11cbb96-492d-4f86-9565-892244f2ef16}
04-25 17:13:03.870 I/Gecko   (   84): 1398471183880	Marionette	DEBUG	Got request: switchToFrame, data: {"to":"0","sessionId":"3-b2g","name":"switchToFrame","parameters":{"id":null,"focus":true}}, id: {4898d63c-6c6e-4150-9530-6940f212286c}
04-25 17:13:03.880 I/Gecko   (   84): 1398471183886	Marionette	INFO	Switched to frame: {"frameValue":null}
04-25 17:13:04.040 I/Gecko   (   84): 1398471184053	Marionette	INFO	sendToClient: {"from":"0","ok":true}, {4898d63c-6c6e-4150-9530-6940f212286c}, {4898d63c-6c6e-4150-9530-6940f212286c}
04-25 17:13:04.050 I/Gecko   (   84): 1398471184059	Marionette	DEBUG	Got request: executeWithCallback, data: {"to":"0","sessionId":"3-b2g","name":"executeAsyncScript","parameters":{"specialPowers":false,"scriptTimeout":30000,"newSandbox":true,"args":[],"filename":"app_checker.py","script":"GaiaApps.launchWithManifestURL('https://marketplace.firefox.com/app/4328fa31-9674-4c06-95a6-c9bb2202a03d/manifest.webapp')","line":106}}, id: {070933b4-2084-44ee-b381-ba07e45cddd2}
04-25 17:13:04.190 I/Gonk    (   84): Setting nice for pid 1913 to 18
04-25 17:13:04.190 I/Gonk    (   84): Changed nice for pid 1913 from 0 to 18.
04-25 17:13:04.200 I/Gecko   (   84): [Parent 84] WARNING: waitpid failed pid:1913 errno:10: file ../../../gecko/ipc/chromium/src/base/process_util_posix.cc, line 254
04-25 17:13:04.230 I/Gonk    (   84): Setting nice for pid 1913 to 1
04-25 17:13:04.230 I/Gonk    (   84): Changed nice for pid 1913 from 18 to 1.
04-25 17:13:04.280 E/GeckoConsole(   84): Content JS LOG at dummy file:334 in GaiaApps.launch: launching app with name 'Lux meter'
04-25 17:13:04.640 E/[Gralloc-ERROR](   84): int gralloc_register_buffer(const gralloc_module_t*, const native_handle_t*):79 Unable to register handle 0x4684c510 coming from different process: 84
04-25 17:13:04.670 E/[Gralloc-ERROR](   84): int gralloc_register_buffer(const gralloc_module_t*, const native_handle_t*):79 Unable to register handle 0x46851380 coming from different process: 84
04-25 17:13:04.700 E/[Gralloc-ERROR](   84): int gralloc_register_buffer(const gralloc_module_t*, const native_handle_t*):79 Unable to register handle 0x4685a9c0 coming from different process: 84
04-25 17:13:04.700 E/[Gralloc-ERROR](   84): int gralloc_register_buffer(const gralloc_module_t*, const native_handle_t*):79 Unable to register handle 0x4686a790 coming from different process: 84
04-25 17:13:04.720 D/Sensors (   84): activate handle=0; drv=0
04-25 17:13:04.730 D/Sensors (   84): Lis3dhSensor: Control set 1
04-25 17:13:04.730 D/Sensors (   84): Lis3dhSensor: mEnabled = 1
04-25 17:13:04.920 I/Gonk    (   84): Setting nice for pid 1902 to 18
04-25 17:13:04.940 I/Gonk    (   84): Changed nice for pid 1902 from 1 to 18.
04-25 17:13:05.180 I/Gonk    (   84): Setting nice for pid 1971 to 18
04-25 17:13:05.180 I/Gonk    (   84): Changed nice for pid 1971 from 0 to 18.
04-25 17:13:05.300 V/AudioPolicyManagerBase(   89): startOutput() output 1, stream 1, session 5
04-25 17:13:05.300 V/AudioPolicyManagerBase(   89): changeRefCount() stream 1, count 1
04-25 17:13:05.300 V/AudioPolicyManagerBase(   89): getDeviceForStrategy() from cache strategy 0, device 2
04-25 17:13:05.300 V/AudioPolicyManagerBase(   89): getNewDevice() selected device 2
04-25 17:13:05.300 D/AudioPolicyManagerBase(   89): setOutputDevice() output 1 device 2 delayMs 0
04-25 17:13:05.300 V/AudioPolicyManagerBase(   89): setOutputDevice() setting same device 2 or null device for output 1
04-25 17:13:05.300 E/AudioPolicyManagerBase(   89): checkAndSetVolume stream=1, index=0, output=1, device=2
04-25 17:13:05.300 E/AudioPolicyManagerBase(   89): computeVolume, streamDesc=0x159dbb8
04-25 17:13:05.400 W/AudioFlinger(   89): Thread AudioOut_1 cannot connect to the power manager service
04-25 17:13:05.400 V/AudioPolicyManagerBase(   89): stopOutput() output 1, stream 1, session 5
04-25 17:13:05.400 V/AudioPolicyManagerBase(   89): changeRefCount() stream 1, count 0
04-25 17:13:05.400 V/AudioPolicyManagerBase(   89): getNewDevice() selected device 0
04-25 17:13:05.400 D/AudioPolicyManagerBase(   89): setOutputDevice() output 1 device 0 delayMs 290
04-25 17:13:05.400 V/AudioPolicyManagerBase(   89): setOutputDevice() setting same device 0 or null device for output 1
04-25 17:13:05.410 V/AudioPolicyManagerBase(   89): startOutput() output 1, stream 1, session 5
04-25 17:13:05.410 V/AudioPolicyManagerBase(   89): changeRefCount() stream 1, count 1
04-25 17:13:05.410 V/AudioPolicyManagerBase(   89): getDeviceForStrategy() from cache strategy 0, device 2
04-25 17:13:05.410 V/AudioPolicyManagerBase(   89): getNewDevice() selected device 2
04-25 17:13:05.410 D/AudioPolicyManagerBase(   89): setOutputDevice() output 1 device 2 delayMs 0
04-25 17:13:05.410 V/AudioPolicyManagerBase(   89): setOutputDevice() setting same device 2 or null device for output 1
04-25 17:13:05.410 E/AudioPolicyManagerBase(   89): checkAndSetVolume stream=1, index=0, output=1, device=2
04-25 17:13:05.410 E/AudioPolicyManagerBase(   89): computeVolume, streamDesc=0x159dbb8
04-25 17:13:05.420 V/AudioPolicyManagerBase(   89): stopOutput() output 1, stream 1, session 5
04-25 17:13:05.420 V/AudioPolicyManagerBase(   89): changeRefCount() stream 1, count 0
04-25 17:13:05.420 V/AudioPolicyManagerBase(   89): getNewDevice() selected device 0
04-25 17:13:05.420 D/AudioPolicyManagerBase(   89): setOutputDevice() output 1 device 0 delayMs 290
04-25 17:13:05.420 V/AudioPolicyManagerBase(   89): setOutputDevice() setting same device 0 or null device for output 1
04-25 17:13:05.430 V/AudioPolicyManagerBase(   89): releaseOutput() 1
04-25 17:13:05.720 I/Gecko   (   84): 
04-25 17:13:05.720 I/Gecko   (   84): ###!!! [Parent][MessageChannel] Error: Channel error: cannot send/recv
04-25 17:13:05.720 I/Gecko   (   84): 
04-25 17:13:05.800 I/Gecko   (   84): [Parent 84] WARNING: waitpid failed pid:1902 errno:10: file ../../../gecko/ipc/chromium/src/base/process_util_posix.cc, line 254
04-25 17:13:05.810 W/WifiHW  (   84): wifi_command: SIGNAL_POLL
04-25 17:13:05.910 E/GeckoConsole( 1913): [JavaScript Warning: "Unknown property 'box-sizing'.  Declaration dropped." {file: "app://{295443a4-25cb-486b-b07a-1b742abfbb0a}/css/slidebars.min.css" line: 2 column: 118 source: "html,body,#sb-site,.sb-slidebar{margin:0;padding:0;-webkit-box-sizing:border-box;-moz-box-sizing:border-box;box-sizing:border-box}html,body{width:100%;overflow-x:hidden}html{height:100%}body{min-height:100%;position:relative}#sb-site{width:100%;height:100%;position:relative;z-index:1;background-color:#fff}.sb-slidebar{height:100%;overflow-y:auto;position:fixed;top:0;z-index:0;visibility:hidden;}.sb-left{left:0}.sb-right{right:0}html.sb-static .sb-slidebar,.sb-slidebar.sb-static{position:absolute}.sb-slidebar.sb-active{visibility:visible}.sb-slidebar.sb-style-overlay{z-index:9999}.sb-slidebar{width:30%}.sb-width-thin{width:15%}.sb-width-wide{width:45%}@media(max-width:480px){.sb-slidebar{width:70%}.sb-width-thin{width:55%}.sb-width-wide{width:85%}}@media(min-width:481px){.sb-slidebar{width:55%}.sb-width-thin{width:40%}.sb-width-wid
04-25 17:13:05.930 E/GeckoConsole( 1913): [JavaScript Warning: "SyntaxError: Using //@ to indicate sourceMappingURL pragmas is deprecated. Use //# instead" {file: "app://{295443a4-25cb-486b-b07a-1b742abfbb0a}/js/jquery.min.js" line: 1}]
04-25 17:13:06.450 E/GeckoConsole( 1913): [JavaScript Warning: "Unknown property 'box-sizing'.  Declaration dropped." {file: "app://{295443a4-25cb-486b-b07a-1b742abfbb0a}/main.html" line: 0 column: 10 source: "box-sizing:border-box;-moz-box-sizing:border-box;-webkit-box-sizing:border-box;padding:1px;border:1px;display:block;width:4px;margin-top:1%;position:absolute;top:1%;"}]
04-25 17:13:06.450 E/GeckoConsole( 1913): [JavaScript Warning: "Unknown property 'box-sizing'.  Declaration dropped." {file: "app://{295443a4-25cb-486b-b07a-1b742abfbb0a}/main.html" line: 0 column: 52 source: "padding:0;margin:0;border:0;display:block;box-sizing:content-box;-moz-box-sizing:content-box;-webkit-box-sizing:content-box;"}]
04-25 17:13:06.450 E/GeckoConsole( 1913): [JavaScript Warning: "Unknown property 'box-sizing'.  Declaration dropped." {file: "app://{295443a4-25cb-486b-b07a-1b742abfbb0a}/main.html" line: 0 column: 52 source: "padding:0;margin:0;border:0;display:block;box-sizing:content-box;-moz-box-sizing:content-box;-webkit-box-sizing:content-box;"}]
04-25 17:13:06.730 E/GeckoConsole( 1913): [JavaScript Warning: "Use of getAttributeNode() is deprecated. Use getAttribute() instead." {file: "app://{295443a4-25cb-486b-b07a-1b742abfbb0a}/js/jquery.min.js" line: 4}]
04-25 17:13:06.910 I/Gonk    (   84): Setting nice for pid 1971 to 18
04-25 17:13:06.910 I/Gonk    (   84): Changed nice for pid 1971 from 18 to 18.
04-25 17:13:06.910 I/Gecko   (   84): [Parent 84] WARNING: waitpid failed pid:1971 errno:10: file ../../../gecko/ipc/chromium/src/base/process_util_posix.cc, line 254
04-25 17:13:06.910 I/Gonk    (   84): Setting nice for pid 1971 to 1
04-25 17:13:06.920 I/Gonk    (   84): Changed nice for pid 1971 from 18 to 1.
04-25 17:13:06.920 I/Gonk    (   84): Setting nice for pid 1971 to 18
04-25 17:13:06.930 I/Gonk    (   84): Changed nice for pid 1971 from 1 to 18.
04-25 17:13:07.080 E/[Gralloc-ERROR](   84): int gralloc_unregister_buffer(const gralloc_module_t*, const native_handle_t*):274 Trying to unregister buffer 0x46851380 from process 84 that was not created in current process: 84
04-25 17:13:07.090 I/Gecko   (   84): 1398471187096	Marionette	INFO	sendToClient: {"from":"0","value":{"frame":{"ELEMENT":"{e7341abe-713a-4448-97a7-a7e65d0acf3d}"},"src":"app://{295443a4-25cb-486b-b07a-1b742abfbb0a}/main.html","name":"Lux meter","origin":"app://{295443a4-25cb-486b-b07a-1b742abfbb0a}"}}, {070933b4-2084-44ee-b381-ba07e45cddd2}, {070933b4-2084-44ee-b381-ba07e45cddd2}
04-25 17:13:07.090 E/GeckoConsole(   84): Content JS LOG at dummy file:326 in GaiaApps.launch/appOpen/<: app with origin 'app://{295443a4-25cb-486b-b07a-1b742abfbb0a}' has launched
04-25 17:13:07.100 E/[Gralloc-ERROR](   84): int gralloc_unregister_buffer(const gralloc_module_t*, const native_handle_t*):274 Trying to unregister buffer 0x4684c510 from process 84 that was not created in current process: 84
04-25 17:13:07.100 E/[Gralloc-ERROR](   84): int gralloc_unregister_buffer(const gralloc_module_t*, const native_handle_t*):274 Trying to unregister buffer 0x4686a790 from process 84 that was not created in current process: 84
04-25 17:13:07.100 E/[Gralloc-ERROR](   84): int gralloc_unregister_buffer(const gralloc_module_t*, const native_handle_t*):274 Trying to unregister buffer 0x4685a9c0 from process 84 that was not created in current process: 84
04-25 17:13:07.140 I/Gecko   (   84): 1398471187154	Marionette	DEBUG	Got request: switchToFrame, data: {"to":"0","sessionId":"3-b2g","name":"switchToFrame","parameters":{"focus":true,"element":"{e7341abe-713a-4448-97a7-a7e65d0acf3d}"}}, id: {a52faac0-0a26-4c2d-bf5a-6940507017e5}
04-25 17:13:07.160 I/Gecko   (   84): 1398471187166	Marionette	INFO	Switched to frame: {"frameValue":"{e7341abe-713a-4448-97a7-a7e65d0acf3d}"}
04-25 17:13:07.160 I/Gecko   (   84): 1398471187174	Marionette	INFO	trying remote frame 0
04-25 17:13:07.170 I/Gecko   (   84): 1398471187175	Marionette	INFO	trying remote frame 1
04-25 17:13:07.170 I/Gecko   (   84): 1398471187179	Marionette	INFO	deleting frame
04-25 17:13:07.180 I/Gecko   (   84): 1398471187185	Marionette	INFO	frame-manager load script: [object ChromeMessageSender]
04-25 17:13:07.590 I/Gecko   (   84): 1398471187601	Marionette	INFO	sendToClient: {"from":"0","ok":true}, {a52faac0-0a26-4c2d-bf5a-6940507017e5}, {a52faac0-0a26-4c2d-bf5a-6940507017e5}
04-25 17:13:07.630 I/Gecko   (   84): 1398471187642	Marionette	INFO	sendToClient: {"from":"0","value":"app://{295443a4-25cb-486b-b07a-1b742abfbb0a}/main.html"}, {0b644d02-b727-4148-9cca-68644b7f5a26}, {0b644d02-b727-4148-9cca-68644b7f5a26}
04-25 17:13:07.640 I/Gecko   (   84): 1398471187648	Marionette	DEBUG	Got request: execute, data: {"to":"0","sessionId":"3-b2g","name":"executeScript","parameters":{"specialPowers":false,"scriptTimeout":null,"newSandbox":true,"args":[],"filename":"app_checker.py","script":"return window.document.readyState;","line":191}}, id: {a79ad20b-cd10-4d59-8223-44eafc47af45}
04-25 17:13:07.800 I/Gecko   (   84): [Parent 84] WARNING: waitpid failed pid:1902 errno:10: file ../../../gecko/ipc/chromium/src/base/process_util_posix.cc, line 254
04-25 17:13:07.800 I/Gecko   (   84): [Parent 84] WARNING: Failed to deliver SIGKILL to 1902!(3).: file ../../../gecko/ipc/chromium/src/chrome/common/process_watcher_posix_sigchld.cc, line 118
04-25 17:13:07.910 I/Gecko   (   84): 1398471187916	Marionette	INFO	sendToClient: {"from":"0","value":"complete"}, {a79ad20b-cd10-4d59-8223-44eafc47af45}, {a79ad20b-cd10-4d59-8223-44eafc47af45}
04-25 17:13:07.950 I/Gecko   (   84): 1398471187958	Marionette	INFO	sendToClient: {"from":"0","value":"app://{295443a4-25cb-486b-b07a-1b742abfbb0a}/main.html"}, {31846708-d321-4652-b468-7b3ea28bc8df}, {31846708-d321-4652-b468-7b3ea28bc8df}
04-25 17:13:07.970 I/Gecko   ( 1913): Attempting load of libEGL.so
04-25 17:13:07.990 D/libEGL  ( 1913): loaded /system/lib/egl/libEGL_mali.so
04-25 17:13:08.010 D/libEGL  ( 1913): loaded /system/lib/egl/libGLESv1_CM_mali.so
04-25 17:13:08.010 D/libEGL  ( 1913): loaded /system/lib/egl/libGLESv2_mali.so
04-25 17:13:08.050 I/Gecko   ( 1913): SharedSurface_Gralloc::Create -------
04-25 17:13:08.110 I/Gecko   ( 1913): SharedSurface_Gralloc::Create: success -- surface 0x43fbef80, GraphicBuffer 0x43fbaf00.
04-25 17:13:09.380 I/log     ( 1987): <4>0[ 857.907425] select 1971 ((Preallocated a), adj 8, size 2901, to kill 
04-25 17:13:10.340 I/Gecko   (   84): 1398471190341	Marionette	INFO	sendToClient: {"from":"0","value":"iVBORw0KGgoAAAANSUhEUgAAAUAAAAHMCAYAAACk4nEJAAAgAElEQVR4nO2deXhU5cG3/ecBsXWrWrUqbbWubbUtagX9VFDU4kYVtVWLWn31RUXeihAKgoi2Iooii6BE2QxbSEJIIKzKko0tYQ0EyJ5MZrKdyTLJZLbf98cxE4ZMkpNkJs/MPL/7uu7rMnPOzDxzDuf2nDlnZs4CIYQoylmyB0AIIbJgAAkhysIAEkKUhQEkhCgLA0gIURYGkBCiLAwgIURZGEBCiLIwgIQQZWEACSHKwgASQkKKkXvrIeKrIeKr8bfMuqA+FwNICAkpWuLXosMdvOdiAAkhIcWZAbQ6PEF7LgaQEBJSnBnAYNJpAPft24d58+bh+PHjQR1IZ88/b948WCwWv/McOHDAO09paWkvj5AQEmj6xlejb3w1XMHb+QNgIID/+c9/IITAkiVLgjuSTp5fCIFPPvnE7zyPPfaYd56tW7d263mmTZuGgwcP9mSohJAwI2wCePnll+PWW29tM91isaBfv3647LLLuh3AY8eOQQiBuLi4QAyZEBImBCSAH374IUaOHAmr1epz+0svvYTx48cDADZt2oSRI0di/vz5PvO8++67GDlyZLuH2C3P//LLL0MI0Wa+OXPmQAiBV155pd0AHjt2DK+99hruuecePPLII1iwYAHcbv3UUk5ODoYOHQohBAYPHoyRI0di6tSphu4LAF988QXee+89OJ1OTJ8+HUOGDMHcuXPbXVaEkNAhIAG85557IIRAeXm5z+1nn302rr/+egBAU1MTfve736Ffv37IysoCAMTExEAIgREjRnT6/GvXroUQwidOADBw4ED8+c9/xgcffOA3gJmZmTj//PNx8cUX4/nnn8ddd90FIQTefPNNAMCUKVNw9dVXQwiBm2++Gffddx9GjRpl6L4A8MQTT+CSSy7BCy+8ACEELrnkEs
04-25 17:13:10.700 I/Gecko   (   84): 1398471190708	Marionette	INFO	sendToClient: {"from":"0","ok":true}, {713775d8-b7bb-4a04-a3f2-984bf1d07522}, {713775d8-b7bb-4a04-a3f2-984bf1d07522}
04-25 17:13:10.750 I/Gecko   (   84): 
04-25 17:13:10.750 I/Gecko   (   84): ###!!! [Parent][MessageChannel] Error: Channel error: cannot send/recv
04-25 17:13:10.750 I/Gecko   (   84): 
04-25 17:13:10.910 I/Gecko   (   84): [Parent 84] WARNING: waitpid failed pid:1971 errno:10: file ../../../gecko/ipc/chromium/src/base/process_util_posix.cc, line 254
04-25 17:13:10.960 W/WifiHW  (   84): wifi_command: SIGNAL_POLL
04-25 17:13:11.050 I/Gecko   (   84): 1398471191057	Marionette	DEBUG	Got request: switchToFrame, data: {"to":"0","sessionId":"3-b2g","name":"switchToFrame","parameters":{"id":null,"focus":true}}, id: {2caa2938-0d1f-46b4-9c91-960676fc85db}
04-25 17:13:11.080 I/Gecko   (   84): 1398471191088	Marionette	INFO	Switched to frame: {"frameValue":null}
04-25 17:13:11.190 I/Gecko   (   84): 1398471191195	Marionette	INFO	sendToClient: {"from":"0","ok":true}, {2caa2938-0d1f-46b4-9c91-960676fc85db}, {2caa2938-0d1f-46b4-9c91-960676fc85db}
04-25 17:13:11.190 I/Gecko   (   84): 1398471191201	Marionette	DEBUG	Got request: executeWithCallback, data: {"to":"0","sessionId":"3-b2g","name":"executeAsyncScript","parameters":{"specialPowers":false,"scriptTimeout":null,"newSandbox":true,"args":[],"filename":"gaia_test.py","script":"return GaiaApps.displayedApp();","line":66}}, id: {0152d12e-ca4c-4cb5-b4f2-962cc9a1b4da}
04-25 17:13:11.240 I/Gecko   (   84): 1398471191250	Marionette	INFO	sendToClient: {"from":"0","value":{"frame":{"ELEMENT":"{e7341abe-713a-4448-97a7-a7e65d0acf3d}"},"src":"app://{295443a4-25cb-486b-b07a-1b742abfbb0a}/main.html","name":"Lux meter","origin":"app://{295443a4-25cb-486b-b07a-1b742abfbb0a}"}}, {0152d12e-ca4c-4cb5-b4f2-962cc9a1b4da}, {0152d12e-ca4c-4cb5-b4f2-962cc9a1b4da}
04-25 17:13:11.250 I/Gecko   (   84): 1398471191256	Marionette	DEBUG	Got request: switchToFrame, data: {"to":"0","sessionId":"3-b2g","name":"switchToFrame","parameters":{"id":null,"focus":true}}, id: {cd1a1570-1eb0-4126-86db-c7a4f495cc5f}
04-25 17:13:11.250 E/GeckoConsole(   84): Content JS LOG at dummy file:392 in GaiaApps.displayedApp: app with origin 'app://{295443a4-25cb-486b-b07a-1b742abfbb0a}' is displayed
04-25 17:13:11.250 I/Gecko   (   84): 1398471191260	Marionette	INFO	Switched to frame: {"frameValue":null}
04-25 17:13:11.350 I/Gecko   (   84): 1398471191363	Marionette	INFO	sendToClient: {"from":"0","ok":true}, {cd1a1570-1eb0-4126-86db-c7a4f495cc5f}, {cd1a1570-1eb0-4126-86db-c7a4f495cc5f}
04-25 17:13:11.360 I/Gecko   (   84): 1398471191370	Marionette	DEBUG	Got request: execute, data: {"to":"0","sessionId":"3-b2g","name":"executeScript","parameters":{"specialPowers":false,"scriptTimeout":null,"newSandbox":true,"args":[],"filename":"gaia_test.py","script":"window.wrappedJSObject.dispatchEvent(new Event('home'));","line":788}}, id: {e55935e5-b1da-4cde-9f41-ee2ac05f949c}
04-25 17:13:11.520 D/Sensors (   84): activate handle=0; drv=0
04-25 17:13:11.520 D/Sensors (   84): Lis3dhSensor: Control set 0
04-25 17:13:11.520 D/Sensors (   84): Lis3dhSensor: mEnabled = 0
04-25 17:13:11.750 I/Gonk    (   84): Setting nice for pid 1990 to 18
04-25 17:13:11.750 I/Gonk    (   84): Changed nice for pid 1990 from 0 to 18.
04-25 17:13:11.770 I/Gecko   (   84): 1398471191781	Marionette	INFO	sendToClient: {"from":"0","value":null}, {e55935e5-b1da-4cde-9f41-ee2ac05f949c}, {e55935e5-b1da-4cde-9f41-ee2ac05f949c}
04-25 17:13:11.870 I/Gonk    (   84): Setting nice for pid 1990 to 18
04-25 17:13:11.870 I/Gonk    (   84): Changed nice for pid 1990 from 18 to 18.
04-25 17:13:11.870 I/Gecko   (   84): [Parent 84] WARNING: waitpid failed pid:1990 errno:10: file ../../../gecko/ipc/chromium/src/base/process_util_posix.cc, line 254
04-25 17:13:11.870 I/Gonk    (   84): Setting nice for pid 1990 to 1
04-25 17:13:11.870 I/Gonk    (   84): Changed nice for pid 1990 from 18 to 1.
04-25 17:13:12.060 I/Gonk    (   84): Setting nice for pid 1998 to 18
04-25 17:13:12.060 I/Gonk    (   84): Changed nice for pid 1998 from 0 to 18.
04-25 17:13:12.080 I/Gecko   (   84): 1398471192085	Marionette	DEBUG	Got request: switchToFrame, data: {"to":"0","sessionId":"3-b2g","name":"switchToFrame","parameters":{"id":null,"focus":true}}, id: {a89ff4af-2b91-4418-84ef-f0c67f99fc8b}
04-25 17:13:12.120 I/Gecko   (   84): 1398471192134	Marionette	INFO	Switched to frame: {"frameValue":null}
04-25 17:13:12.300 I/Gecko   (   84): 1398471192310	Marionette	INFO	sendToClient: {"from":"0","ok":true}, {a89ff4af-2b91-4418-84ef-f0c67f99fc8b}, {a89ff4af-2b91-4418-84ef-f0c67f99fc8b}
04-25 17:13:12.310 I/Gecko   (   84): 1398471192317	Marionette	DEBUG	Got request: executeWithCallback, data: {"to":"0","sessionId":"3-b2g","name":"executeAsyncScript","parameters":{"specialPowers":false,"scriptTimeout":null,"newSandbox":true,"args":[],"filename":"gaia_test.py","script":"return GaiaApps.displayedApp();","line":66}}, id: {231612bf-5d79-494a-85be-57aa705b6a8c}
04-25 17:13:12.410 E/GeckoConsole(   84): Content JS LOG at dummy file:392 in GaiaApps.displayedApp: app with origin 'app://homescreen.gaiamobile.org' is displayed
04-25 17:13:12.410 I/Gecko   (   84): 1398471192418	Marionette	INFO	sendToClient: {"from":"0","value":{"frame":{"ELEMENT":"{ab23de1d-ab40-440b-821b-802e815c54a8}"},"src":"app://homescreen.gaiamobile.org/index.html#root","name":"Homescreen","origin":"app://homescreen.gaiamobile.org"}}, {231612bf-5d79-494a-85be-57aa705b6a8c}, {231612bf-5d79-494a-85be-57aa705b6a8c}
04-25 17:13:12.440 I/Gecko   (   84): 1398471192454	Marionette	DEBUG	Got request: switchToFrame, data: {"to":"0","sessionId":"3-b2g","name":"switchToFrame","parameters":{"id":null,"focus":true}}, id: {c751b4f1-e6be-4c29-82d9-05ff32a42966}
04-25 17:13:12.450 I/Gecko   (   84): 1398471192456	Marionette	INFO	Switched to frame: {"frameValue":null}
04-25 17:13:12.910 I/Gecko   (   84): [Parent 84] WARNING: waitpid failed pid:1971 errno:10: file ../../../gecko/ipc/chromium/src/base/process_util_posix.cc, line 254
04-25 17:13:12.910 I/Gecko   (   84): [Parent 84] WARNING: Failed to deliver SIGKILL to 1971!(3).: file ../../../gecko/ipc/chromium/src/chrome/common/process_watcher_posix_sigchld.cc, line 118
04-25 17:13:13.030 I/Gecko   (   84): 1398471193038	Marionette	INFO	sendToClient: {"from":"0","ok":true}, {c751b4f1-e6be-4c29-82d9-05ff32a42966}, {c751b4f1-e6be-4c29-82d9-05ff32a42966}
04-25 17:13:13.380 I/Gecko   (   84): 1398471193387	Marionette	DEBUG	Got request: switchToFrame, data: {"to":"0","sessionId":"3-b2g","name":"switchToFrame","parameters":{"id":null,"focus":true}}, id: {ea14ae2d-7075-4338-84c8-b257e861569d}
04-25 17:13:13.470 I/Gecko   (   84): 1398471193476	Marionette	INFO	Switched to frame: {"frameValue":null}
04-25 17:13:13.470 I/Gonk    (   84): Setting nice for pid 1913 to 18
04-25 17:13:13.480 I/Gonk    (   84): Changed nice for pid 1913 from 1 to 18.
04-25 17:13:14.050 I/Gecko   (   84): 1398471194064	Marionette	INFO	sendToClient: {"from":"0","ok":true}, {ea14ae2d-7075-4338-84c8-b257e861569d}, {ea14ae2d-7075-4338-84c8-b257e861569d}
04-25 17:13:14.310 I/Gecko   (   84): 1398471194324	Marionette	DEBUG	Got request: executeWithCallback, data: {"to":"0","sessionId":"3-b2g","name":"executeAsyncScript","parameters":{"specialPowers":false,"scriptTimeout":null,"newSandbox":true,"args":[],"filename":"gaia_test.py","script":"return GaiaApps.displayedApp();","line":66}}, id: {89bf234b-cbd0-436d-afcc-65c9962c3a68}
04-25 17:13:14.420 E/GeckoConsole(   84): Content JS LOG at dummy file:392 in GaiaApps.displayedApp: app with origin 'app://homescreen.gaiamobile.org' is displayed
04-25 17:13:14.420 I/Gecko   (   84): 1398471194433	Marionette	INFO	sendToClient: {"from":"0","value":{"frame":{"ELEMENT":"{ab23de1d-ab40-440b-821b-802e815c54a8}"},"src":"app://homescreen.gaiamobile.org/index.html#root","name":"Homescreen","origin":"app://homescreen.gaiamobile.org"}}, {89bf234b-cbd0-436d-afcc-65c9962c3a68}, {89bf234b-cbd0-436d-afcc-65c9962c3a68}
04-25 17:13:14.430 I/Gecko   (   84): 1398471194439	Marionette	DEBUG	Got request: switchToFrame, data: {"to":"0","sessionId":"3-b2g","name":"switchToFrame","parameters":{"focus":true,"element":"{ab23de1d-ab40-440b-821b-802e815c54a8}"}}, id: {5762cbd3-cae4-4557-8489-8f0f9ae77f85}
04-25 17:13:14.470 I/Gecko   (   84): 1398471194479	Marionette	INFO	Switched to frame: {"frameValue":"{ab23de1d-ab40-440b-821b-802e815c54a8}"}
04-25 17:13:14.490 I/Gecko   (   84): 1398471194497	Marionette	INFO	trying remote frame 0
04-25 17:13:14.500 I/Gecko   (   84): 1398471194514	Marionette	INFO	trying remote frame 1
04-25 17:13:14.520 I/Gecko   (   84): 1398471194526	Marionette	INFO	deleting frame
04-25 17:13:14.520 I/Gecko   (   84): 1398471194531	Marionette	INFO	frame-manager load script: [object ChromeMessageSender]
04-25 17:13:15.020 I/Gecko   (   84): [Parent 84] WARNING: pipe error (152): Connection reset by peer: file ../../../gecko/ipc/chromium/src/chrome/common/ipc_channel_posix.cc, line 446
04-25 17:13:15.030 I/Gecko   (   84): 
04-25 17:13:15.030 I/Gecko   (   84): ###!!! [Parent][MessageChannel] Error: Channel error: cannot send/recv
04-25 17:13:15.030 I/Gecko   (   84): 
04-25 17:13:15.070 I/Gecko   (   84): [Parent 84] WARNING: waitpid failed pid:1913 errno:10: file ../../../gecko/ipc/chromium/src/base/process_util_posix.cc, line 254
04-25 17:13:15.200 I/Gecko   ( 1990): ###################################### forms.js loaded
04-25 17:13:15.220 I/Gecko   ( 1990): ############################### browserElementPanning.js loaded
04-25 17:13:15.250 I/Gecko   ( 1990): ######################## BrowserElementChildPreload.js loaded
04-25 17:13:16.080 W/WifiHW  (   84): wifi_command: SIGNAL_POLL
04-25 17:13:16.640 I/Gecko   (   84): 1398471196650	Marionette	INFO	sendToClient: {"from":"0","ok":true}, {5762cbd3-cae4-4557-8489-8f0f9ae77f85}, {5762cbd3-cae4-4557-8489-8f0f9ae77f85}
04-25 17:13:17.050 I/Gecko   (   84): 1398471197063	Marionette	INFO	sendToClient: {"from":"0","value":"app://homescreen.gaiamobile.org/index.html#root"}, {8d21cb7b-a5c5-49cc-a1cd-6293ae768520}, {8d21cb7b-a5c5-49cc-a1cd-6293ae768520}
04-25 17:13:17.060 I/Gecko   (   84): 1398471197068	Marionette	DEBUG	Got request: switchToFrame, data: {"to":"0","sessionId":"3-b2g","name":"switchToFrame","parameters":{"id":null,"focus":true}}, id: {d7ac17a9-7468-432f-85af-6447f5080fbf}
04-25 17:13:17.070 I/Gecko   (   84): [Parent 84] WARNING: waitpid failed pid:1913 errno:10: file ../../../gecko/ipc/chromium/src/base/process_util_posix.cc, line 254
04-25 17:13:17.070 I/Gecko   (   84): [Parent 84] WARNING: Failed to deliver SIGKILL to 1913!(3).: file ../../../gecko/ipc/chromium/src/chrome/common/process_watcher_posix_sigchld.cc, line 118
04-25 17:13:17.080 I/Gecko   (   84): 1398471197090	Marionette	INFO	Switched to frame: {"frameValue":null}
04-25 17:13:17.180 I/Gecko   (   84): 1398471197193	Marionette	INFO	sendToClient: {"from":"0","ok":true}, {d7ac17a9-7468-432f-85af-6447f5080fbf}, {d7ac17a9-7468-432f-85af-6447f5080fbf}
04-25 17:13:17.190 I/Gecko   (   84): 1398471197198	Marionette	DEBUG	Got request: switchToFrame, data: {"to":"0","sessionId":"3-b2g","name":"switchToFrame","parameters":{"id":null,"focus":true}}, id: {525359a9-da3a-405f-ac26-1084c630b65e}
04-25 17:13:17.190 I/Gecko   (   84): 1398471197200	Marionette	INFO	Switched to frame: {"frameValue":null}
04-25 17:13:17.300 I/Gecko   (   84): 1398471197307	Marionette	INFO	sendToClient: {"from":"0","ok":true}, {525359a9-da3a-405f-ac26-1084c630b65e}, {525359a9-da3a-405f-ac26-1084c630b65e}
04-25 17:13:17.300 I/Gecko   (   84): 1398471197313	Marionette	DEBUG	Got request: executeWithCallback, data: {"to":"0","sessionId":"3-b2g","name":"executeAsyncScript","parameters":{"specialPowers":false,"scriptTimeout":null,"newSandbox":true,"args":[],"filename":"gaia_test.py","script":"GaiaApps.killAll()","line":91}}, id: {9b0159d4-c650-421f-898e-934e82463841}
04-25 17:13:17.360 I/Gecko   (   84): 1398471197367	Marionette	INFO	sendToClient: {"from":"0","value":true}, {9b0159d4-c650-421f-898e-934e82463841}, {9b0159d4-c650-421f-898e-934e82463841}
04-25 17:13:17.360 I/Gecko   (   84): 1398471197372	Marionette	DEBUG	Got request: switchToFrame, data: {"to":"0","sessionId":"3-b2g","name":"switchToFrame","parameters":{"id":null,"focus":true}}, id: {e5b47b19-05be-4575-b9af-1e7ccc4afbf6}
04-25 17:13:17.360 I/Gecko   (   84): 1398471197374	Marionette	INFO	Switched to frame: {"frameValue":null}
04-25 17:13:17.470 I/Gecko   (   84): 1398471197476	Marionette	INFO	sendToClient: {"from":"0","ok":true}, {e5b47b19-05be-4575-b9af-1e7ccc4afbf6}, {e5b47b19-05be-4575-b9af-1e7ccc4afbf6}
04-25 17:13:17.470 I/Gecko   (   84): 1398471197482	Marionette	DEBUG	Got request: executeWithCallback, data: {"to":"0","sessionId":"3-b2g","name":"executeAsyncScript","parameters":{"specialPowers":false,"scriptTimeout":60000,"newSandbox":true,"args":[],"filename":"app_checker.py","script":"\n        GaiaApps.locateWithManifestURL('https://marketplace.firefox.com/app/4328fa31-9674-4c06-95a6-c9bb2202a03d/manifest.webapp',\n                                       null,\n                                       function uninstall(app) {\n                                       navigator.mozApps.mgmt.uninstall(app);\n                                       marionetteScriptFinished(true);\n                                       });\n        ","line":129}}, id: {526c4f40-71be-43de-b2f4-75c54214865d}
04-25 17:13:17.520 I/Gecko   (   84): -- webapps.js uninstall https://marketplace.firefox.com/app/4328fa31-9674-4c06-95a6-c9bb2202a03d/manifest.webapp
04-25 17:13:17.910 I/Gecko   (   84): 1398471197921	Marionette	INFO	sendToClient: {"from":"0","value":true}, {526c4f40-71be-43de-b2f4-75c54214865d}, {526c4f40-71be-43de-b2f4-75c54214865d}