--------- beginning of /dev/log/main
04-25 16:47:30.756 E/Profiler(   84): BPUnw: [1 total] thread_unregister_for_profiling(me=0x1cb1e08)  (NOT REGISTERED) 
04-25 16:47:30.916 I/Gecko   (   84): 1398469650933	Marionette	INFO	sendToClient: {"from":"0","ok":true}, {e15e8c22-c9cd-4a1d-a85e-50bb00dd1b1a}, {e15e8c22-c9cd-4a1d-a85e-50bb00dd1b1a}
04-25 16:47:30.956 I/Gecko   (   84): 1398469650969	Marionette	DEBUG	Got request: switchToFrame, data: {"to":"0","sessionId":"3-b2g","name":"switchToFrame","parameters":{"id":null,"focus":true}}, id: {f9903345-28eb-43d2-9d8a-a50e242fd9ce}
04-25 16:47:30.956 I/Gecko   (   84): 1398469650971	Marionette	INFO	Switched to frame: {"frameValue":null}
04-25 16:47:31.066 I/Gecko   (   84): 1398469651079	Marionette	INFO	sendToClient: {"from":"0","ok":true}, {f9903345-28eb-43d2-9d8a-a50e242fd9ce}, {f9903345-28eb-43d2-9d8a-a50e242fd9ce}
04-25 16:47:31.066 I/Gecko   (   84): 1398469651085	Marionette	DEBUG	Got request: executeWithCallback, data: {"to":"0","sessionId":"3-b2g","name":"executeAsyncScript","parameters":{"specialPowers":false,"scriptTimeout":null,"newSandbox":true,"args":[],"filename":"gaia_test.py","script":"return GaiaApps.displayedApp();","line":66}}, id: {cd40dab2-e091-41a7-904c-45f672bfe8a6}
04-25 16:47:31.166 E/GeckoConsole(   84): Content JS LOG at dummy file:392 in GaiaApps.displayedApp: app with origin 'app://homescreen.gaiamobile.org' is displayed
04-25 16:47:31.176 I/Gecko   (   84): 1398469651189	Marionette	INFO	sendToClient: {"from":"0","value":{"frame":{"ELEMENT":"{e9777931-1a8c-4079-a7af-fd9e0653744f}"},"src":"app://homescreen.gaiamobile.org/index.html#root","name":"Homescreen","origin":"app://homescreen.gaiamobile.org"}}, {cd40dab2-e091-41a7-904c-45f672bfe8a6}, {cd40dab2-e091-41a7-904c-45f672bfe8a6}
04-25 16:47:31.196 I/Gecko   (   84): 1398469651206	Marionette	DEBUG	Got request: switchToFrame, data: {"to":"0","sessionId":"3-b2g","name":"switchToFrame","parameters":{"id":null,"focus":true}}, id: {845ca4fa-e665-481e-9454-3c2605bc6c27}
04-25 16:47:31.206 I/Gecko   (   84): 1398469651217	Marionette	INFO	Switched to frame: {"frameValue":null}
04-25 16:47:31.216 E/GeckoConsole(  855): Content JS ERROR at app://homescreen.gaiamobile.org/gaia_build_defer_index.js:390 in loadSVConfFileError: Failed parsing singleVariant configuration file [js/singlevariantconf.json]:  [Exception... "File error: Not found"  nsresult: "0x80520012 (NS_ERROR_FILE_NOT_FOUND)"  location: "JS frame :: app://homescreen.gaiamobile.org/gaia_build_defer_index.js :: loadFile :: line 382"  data: no]
04-25 16:47:31.306 I/Gecko   (   84): 1398469651320	Marionette	INFO	sendToClient: {"from":"0","ok":true}, {845ca4fa-e665-481e-9454-3c2605bc6c27}, {845ca4fa-e665-481e-9454-3c2605bc6c27}
04-25 16:47:31.316 I/Gecko   (   84): 1398469651330	Marionette	DEBUG	Got request: switchToFrame, data: {"to":"0","sessionId":"3-b2g","name":"switchToFrame","parameters":{"id":null,"focus":true}}, id: {08f06314-777c-4126-8836-29219c4778fd}
04-25 16:47:31.336 I/Gecko   (   84): 1398469651348	Marionette	INFO	Switched to frame: {"frameValue":null}
04-25 16:47:31.406 I/Gecko   (   84): [Parent 84] WARNING: waitpid failed pid:818 errno:10: file ../../../gecko/ipc/chromium/src/base/process_util_posix.cc, line 254
04-25 16:47:31.406 I/Gecko   (   84): [Parent 84] WARNING: Failed to deliver SIGKILL to 818!(3).: file ../../../gecko/ipc/chromium/src/chrome/common/process_watcher_posix_sigchld.cc, line 118
04-25 16:47:31.536 I/Gonk    (   84): Setting nice for pid 883 to 18
04-25 16:47:31.536 I/Gonk    (   84): Changed nice for pid 883 from 0 to 18.
04-25 16:47:31.546 I/Gecko   (   84): 1398469651558	Marionette	INFO	sendToClient: {"from":"0","ok":true}, {08f06314-777c-4126-8836-29219c4778fd}, {08f06314-777c-4126-8836-29219c4778fd}
04-25 16:47:31.576 I/Gecko   (   84): 1398469651588	Marionette	DEBUG	Got request: executeWithCallback, data: {"to":"0","sessionId":"3-b2g","name":"executeAsyncScript","parameters":{"specialPowers":false,"scriptTimeout":null,"newSandbox":true,"args":[],"filename":"gaia_test.py","script":"return GaiaApps.displayedApp();","line":66}}, id: {b0670c8a-e2e3-42fe-ac2a-6615b01446fd}
04-25 16:47:31.696 E/GeckoConsole(   84): Content JS LOG at dummy file:392 in GaiaApps.displayedApp: app with origin 'app://homescreen.gaiamobile.org' is displayed
04-25 16:47:31.696 I/Gecko   (   84): 1398469651709	Marionette	INFO	sendToClient: {"from":"0","value":{"frame":{"ELEMENT":"{e9777931-1a8c-4079-a7af-fd9e0653744f}"},"src":"app://homescreen.gaiamobile.org/index.html#root","name":"Homescreen","origin":"app://homescreen.gaiamobile.org"}}, {b0670c8a-e2e3-42fe-ac2a-6615b01446fd}, {b0670c8a-e2e3-42fe-ac2a-6615b01446fd}
04-25 16:47:31.726 I/Gecko   (   84): 1398469651740	Marionette	DEBUG	Got request: switchToFrame, data: {"to":"0","sessionId":"3-b2g","name":"switchToFrame","parameters":{"focus":true,"element":"{e9777931-1a8c-4079-a7af-fd9e0653744f}"}}, id: {a9e8f544-8a35-4216-a2f3-f39e226b2c7f}
04-25 16:47:31.736 I/Gecko   (   84): 1398469651750	Marionette	INFO	Switched to frame: {"frameValue":"{e9777931-1a8c-4079-a7af-fd9e0653744f}"}
04-25 16:47:31.736 I/Gecko   (   84): 1398469651754	Marionette	INFO	trying remote frame 0
04-25 16:47:31.756 I/Gecko   (   84): 1398469651767	Marionette	INFO	deleting frame
04-25 16:47:31.756 I/Gecko   (   84): 1398469651772	Marionette	INFO	frame-manager load script: [object ChromeMessageSender]
04-25 16:47:32.216 I/Gecko   (   84): 1398469652235	Marionette	INFO	sendToClient: {"from":"0","ok":true}, {a9e8f544-8a35-4216-a2f3-f39e226b2c7f}, {a9e8f544-8a35-4216-a2f3-f39e226b2c7f}
04-25 16:47:32.456 I/Gecko   (   84): 1398469652472	Marionette	INFO	sendToClient: {"from":"0","value":{"ELEMENT":"{95db8ca6-a6f1-4cb9-b299-27a97604dc7d}"}}, {ab235a18-8953-46a8-9745-f121051d32a6}, {ab235a18-8953-46a8-9745-f121051d32a6}
04-25 16:47:32.796 E/GeckoConsole(  855): [JavaScript Warning: "Use of getAttributeNode() is deprecated. Use getAttribute() instead." {file: "chrome://marionette/content/atoms.js" line: 25}]
04-25 16:47:32.806 E/GeckoConsole(  855): [JavaScript Warning: "Use of attributes' specified attribute is deprecated. It always returns true." {file: "chrome://marionette/content/atoms.js" line: 25}]
04-25 16:47:32.806 I/Gecko   (   84): 1398469652819	Marionette	INFO	sendToClient: {"from":"0","value":"normal"}, {48146a3b-6bc9-40ed-aaeb-e3660de9a11c}, {48146a3b-6bc9-40ed-aaeb-e3660de9a11c}
04-25 16:47:32.836 I/Gecko   (   84): 1398469652847	Marionette	DEBUG	Got request: switchToFrame, data: {"to":"0","sessionId":"3-b2g","name":"switchToFrame","parameters":{"id":null,"focus":true}}, id: {c3fec669-84b6-4ac9-8403-01eb87322fa3}
04-25 16:47:32.846 I/Gecko   (   84): 1398469652862	Marionette	INFO	Switched to frame: {"frameValue":null}
04-25 16:47:32.926 V/AudioPolicyManagerBase(   89): getDeviceForStrategy() from cache strategy 0, device 2
04-25 16:47:32.926 V/AudioPolicyManagerBase(   89): getOutput() stream 1, samplingRate 0, format 0, channels 3, flags 0
04-25 16:47:32.956 I/Gecko   (   84): 1398469652973	Marionette	INFO	sendToClient: {"from":"0","ok":true}, {c3fec669-84b6-4ac9-8403-01eb87322fa3}, {c3fec669-84b6-4ac9-8403-01eb87322fa3}
04-25 16:47:32.966 I/Gecko   (   84): 1398469652979	Marionette	DEBUG	Got request: execute, data: {"to":"0","sessionId":"3-b2g","name":"executeScript","parameters":{"specialPowers":false,"scriptTimeout":null,"newSandbox":true,"args":[],"filename":"gaia_test.py","script":"window.wrappedJSObject.dispatchEvent(new Event('home'));","line":788}}, id: {6304c6f5-32d9-4f50-852a-274e5a4d3bb0}
04-25 16:47:32.996 V/AudioPolicyManagerBase(   89): startOutput() output 1, stream 1, session 2
04-25 16:47:32.996 V/AudioPolicyManagerBase(   89): startReadingThread
04-25 16:47:32.996 V/AudioPolicyManagerBase(   89): changeRefCount() stream 1, count 1
04-25 16:47:32.996 V/AudioPolicyManagerBase(   89): getDeviceForStrategy() from cache strategy 0, device 2
04-25 16:47:32.996 V/AudioPolicyManagerBase(   89): getNewDevice() selected device 2
04-25 16:47:32.996 D/AudioPolicyManagerBase(   89): setOutputDevice() output 1 device 2 delayMs 0
04-25 16:47:32.996 V/AudioPolicyManagerBase(   89): setOutputDevice() setting same device 2 or null device for output 1
04-25 16:47:32.996 E/AudioPolicyManagerBase(   89): checkAndSetVolume stream=1, index=0, output=1, device=2
04-25 16:47:32.996 E/AudioPolicyManagerBase(   89): computeVolume, streamDesc=0x1c3abb8
04-25 16:47:33.016 V/AudioPolicyManagerBase(   89): ThreadWrapper 0x1c3ab40
04-25 16:47:33.016 V/AudioPolicyManagerBase(   89): threadFunc in
04-25 16:47:33.036 W/AudioFlinger(   89): Thread AudioOut_1 cannot connect to the power manager service
04-25 16:47:33.036 V/AudioPolicyManagerBase(   89): stopOutput() output 1, stream 1, session 2
04-25 16:47:33.036 V/AudioPolicyManagerBase(   89): stopReadingThread
04-25 16:47:33.056 I/Gecko   (   84): 1398469653068	Marionette	INFO	sendToClient: {"from":"0","value":null}, {6304c6f5-32d9-4f50-852a-274e5a4d3bb0}, {6304c6f5-32d9-4f50-852a-274e5a4d3bb0}
04-25 16:47:33.056 I/Gecko   (   84): 1398469653074	Marionette	DEBUG	Got request: switchToFrame, data: {"to":"0","sessionId":"3-b2g","name":"switchToFrame","parameters":{"id":null,"focus":true}}, id: {228d16c4-e8cc-4231-912d-287aeddb3d11}
04-25 16:47:33.066 I/Gecko   (   84): 1398469653079	Marionette	INFO	Switched to frame: {"frameValue":null}
04-25 16:47:33.116 V/AudioPolicyManagerBase(   89): threadFunc exit
04-25 16:47:33.116 V/AudioPolicyManagerBase(   89): changeRefCount() stream 1, count 0
04-25 16:47:33.116 V/AudioPolicyManagerBase(   89): getNewDevice() selected device 0
04-25 16:47:33.116 D/AudioPolicyManagerBase(   89): setOutputDevice() output 1 device 0 delayMs 290
04-25 16:47:33.116 V/AudioPolicyManagerBase(   89): setOutputDevice() setting same device 0 or null device for output 1
04-25 16:47:33.126 V/AudioPolicyManagerBase(   89): releaseOutput() 1
04-25 16:47:33.176 I/Gecko   (   84): 1398469653188	Marionette	INFO	sendToClient: {"from":"0","ok":true}, {228d16c4-e8cc-4231-912d-287aeddb3d11}, {228d16c4-e8cc-4231-912d-287aeddb3d11}
04-25 16:47:33.176 I/Gecko   (   84): 1398469653194	Marionette	DEBUG	Got request: switchToFrame, data: {"to":"0","sessionId":"3-b2g","name":"switchToFrame","parameters":{"id":null,"focus":true}}, id: {07445125-a353-4bbd-aeac-26209e42938d}
04-25 16:47:33.186 I/Gecko   (   84): 1398469653197	Marionette	INFO	Switched to frame: {"frameValue":null}
04-25 16:47:33.286 I/Gecko   (   84): 1398469653300	Marionette	INFO	sendToClient: {"from":"0","ok":true}, {07445125-a353-4bbd-aeac-26209e42938d}, {07445125-a353-4bbd-aeac-26209e42938d}
04-25 16:47:33.296 I/Gecko   (   84): 1398469653306	Marionette	DEBUG	Got request: executeWithCallback, data: {"to":"0","sessionId":"3-b2g","name":"executeAsyncScript","parameters":{"specialPowers":false,"scriptTimeout":null,"newSandbox":true,"args":[],"filename":"gaia_test.py","script":"return GaiaApps.displayedApp();","line":66}}, id: {b3a7de9e-6cc4-4709-838f-19ed8f68d619}
04-25 16:47:33.346 I/Gecko   (   84): 1398469653359	Marionette	INFO	sendToClient: {"from":"0","value":{"frame":{"ELEMENT":"{e9777931-1a8c-4079-a7af-fd9e0653744f}"},"src":"app://homescreen.gaiamobile.org/index.html#rootFri%20Apr%2025%202014%2016:47:33%20GMT-0700%20(UTC)","name":"Homescreen","origin":"app://homescreen.gaiamobile.org"}}, {b3a7de9e-6cc4-4709-838f-19ed8f68d619}, {b3a7de9e-6cc4-4709-838f-19ed8f68d619}
04-25 16:47:33.356 E/GeckoConsole(   84): Content JS LOG at dummy file:392 in GaiaApps.displayedApp: app with origin 'app://homescreen.gaiamobile.org' is displayed
04-25 16:47:33.366 I/Gecko   (   84): 1398469653381	Marionette	DEBUG	Got request: switchToFrame, data: {"to":"0","sessionId":"3-b2g","name":"switchToFrame","parameters":{"focus":true,"element":"{e9777931-1a8c-4079-a7af-fd9e0653744f}"}}, id: {c11bc1cd-411d-4b6e-ae2f-53b3e00d2069}
04-25 16:47:33.376 I/Gecko   (   84): 1398469653390	Marionette	INFO	Switched to frame: {"frameValue":"{e9777931-1a8c-4079-a7af-fd9e0653744f}"}
04-25 16:47:33.386 I/Gecko   (   84): 1398469653401	Marionette	INFO	trying remote frame 0
04-25 16:47:33.636 I/Gecko   (   84): 1398469653653	Marionette	INFO	sendToClient: {"from":"0","ok":true}, {c11bc1cd-411d-4b6e-ae2f-53b3e00d2069}, {c11bc1cd-411d-4b6e-ae2f-53b3e00d2069}
04-25 16:47:33.646 I/Gecko   (   84): 1398469653660	Marionette	DEBUG	Got request: execute, data: {"to":"0","sessionId":"3-b2g","name":"executeScript","parameters":{"specialPowers":false,"scriptTimeout":null,"newSandbox":true,"args":[],"filename":"gaia_test.py","script":"return window.wrappedJSObject.GridManager.pageHelper.getCurrentPageNumber();","line":784}}, id: {8715f481-a65f-4253-a645-d38ab17366d1}
04-25 16:47:33.786 I/Gecko   (   84): 1398469653804	Marionette	INFO	sendToClient: {"from":"0","value":0}, {8715f481-a65f-4253-a645-d38ab17366d1}, {8715f481-a65f-4253-a645-d38ab17366d1}
04-25 16:47:34.006 I/Gecko   (   84): 1398469654025	Marionette	INFO	sendToClient: {"from":"0","value":["{2bc67b17-2308-40ba-9c8d-edc755027763}","{69c01cf4-a115-40c0-b495-14c763216928}","{777a7ed9-2e37-4786-9a1a-8340ab20c21c}","{a0108795-f7d9-4e8f-8eb5-92c9d78f7263}","{0ec22b12-42fc-41c3-8311-edef2fba3d11}","{26d87dd3-9f5a-4227-bc8b-4504bf63b434}","{5dd24cff-4f00-4381-b6d8-fb621b432dc5}","{6a41484b-2ec0-40d7-a833-44b0d8944c79}","{b407d1c5-b131-4489-b0ef-5ceee1c9287e}","{94e546b4-073b-456c-ac6b-cf3b1b73bf7b}","{79acec3b-5cae-4ee3-b428-1037c723a9e8}","{eb48c32f-4736-439c-8d3c-077cad1385dd}","{9387ac68-ff64-48f0-a199-93d7c5aa1d41}","{cd71a896-0d8a-4557-860c-66a1dbd78457}","{936a8263-dc1c-4779-b733-51fa7e076cab}","{db5e327a-c2c7-44f9-86e7-b6d064a04c97}","{3a5a87a4-5ae1-4818-a0dc-50502b8827d8}","{1696382c-2ced-4770-af02-839e232820f9}","{fab18b57-1daf-48b2-9c02-67b3dab8b436}","{0f1d40af-f836-48dc-9ed7-24c3c1388168}","{8264d4f4-4fb1-4314-8155-f4bab3ea886b}","{750fff67-952d-4538-9173-b0db5927f03c}","{06b8efc9-9431-47c6-be42-72bb6ed81997}","{dc19e43a-19d5
04-25 16:47:34.086 W/WifiHW  (   84): wifi_command: SIGNAL_POLL
04-25 16:47:35.356 I/Gecko   (   84): 1398469655366	Marionette	INFO	sendToClient: {"from":"0","value":"app://homescreen.gaiamobile.org/index.html#rootFri%20Apr%2025%202014%2016:47:33%20GMT-0700%20(UTC)"}, {041c3314-f53e-4bb7-8ad3-bf07c6409765}, {041c3314-f53e-4bb7-8ad3-bf07c6409765}
04-25 16:47:35.366 I/Gecko   (   84): 1398469655377	Marionette	DEBUG	Got request: switchToFrame, data: {"to":"0","sessionId":"3-b2g","name":"switchToFrame","parameters":{"id":null,"focus":true}}, id: {4a0389d9-1cc5-4525-9c05-30e1b703106d}
04-25 16:47:35.396 I/Gecko   (   84): 1398469655407	Marionette	INFO	Switched to frame: {"frameValue":null}
04-25 16:47:35.456 E/GeckoConsole(  855): Content JS WARN at app://homescreen.gaiamobile.org/gaia_build_defer_index.js:184 in isHiddenApp: Unexpected role when checking hidden app: undefined
04-25 16:47:35.456 E/GeckoConsole(  855): Content JS WARN at app://homescreen.gaiamobile.org/gaia_build_defer_index.js:184 in isHiddenApp: Unexpected role when checking hidden app: undefined
04-25 16:47:35.466 E/GeckoConsole(  855): Content JS WARN at app://homescreen.gaiamobile.org/gaia_build_defer_index.js:184 in isHiddenApp: Unexpected role when checking hidden app: undefined
04-25 16:47:35.466 E/GeckoConsole(  855): Content JS WARN at app://homescreen.gaiamobile.org/gaia_build_defer_index.js:184 in isHiddenApp: Unexpected role when checking hidden app: undefined
04-25 16:47:35.466 E/GeckoConsole(  855): Content JS WARN at app://homescreen.gaiamobile.org/gaia_build_defer_index.js:184 in isHiddenApp: Unexpected role when checking hidden app: undefined
04-25 16:47:35.466 E/GeckoConsole(  855): Content JS WARN at app://homescreen.gaiamobile.org/gaia_build_defer_index.js:184 in isHiddenApp: Unexpected role when checking hidden app: undefined
04-25 16:47:35.466 E/GeckoConsole(  855): Content JS WARN at app://homescreen.gaiamobile.org/gaia_build_defer_index.js:184 in isHiddenApp: Unexpected role when checking hidden app: undefined
04-25 16:47:35.466 E/GeckoConsole(  855): Content JS WARN at app://homescreen.gaiamobile.org/gaia_build_defer_index.js:184 in isHiddenApp: Unexpected role when checking hidden app: undefined
04-25 16:47:35.466 E/GeckoConsole(  855): Content JS WARN at app://homescreen.gaiamobile.org/gaia_build_defer_index.js:184 in isHiddenApp: Unexpected role when checking hidden app: undefined
04-25 16:47:35.466 E/GeckoConsole(  855): Content JS WARN at app://homescreen.gaiamobile.org/gaia_build_defer_index.js:184 in isHiddenApp: Unexpected role when checking hidden app: undefined
04-25 16:47:35.466 E/GeckoConsole(  855): Content JS WARN at app://homescreen.gaiamobile.org/gaia_build_defer_index.js:184 in isHiddenApp: Unexpected role when checking hidden app: undefined
04-25 16:47:35.466 E/GeckoConsole(  855): Content JS WARN at app://homescreen.gaiamobile.org/gaia_build_defer_index.js:184 in isHiddenApp: Unexpected role when checking hidden app: undefined
04-25 16:47:35.466 E/GeckoConsole(  855): Content JS WARN at app://homescreen.gaiamobile.org/gaia_build_defer_index.js:184 in isHiddenApp: Unexpected role when checking hidden app: undefined
04-25 16:47:35.466 E/GeckoConsole(  855): Content JS WARN at app://homescreen.gaiamobile.org/gaia_build_defer_index.js:184 in isHiddenApp: Unexpected role when checking hidden app: undefined
04-25 16:47:35.466 E/GeckoConsole(  855): Content JS WARN at app://homescreen.gaiamobile.org/gaia_build_defer_index.js:184 in isHiddenApp: Unexpected role when checking hidden app: undefined
04-25 16:47:35.466 E/GeckoConsole(  855): Content JS WARN at app://homescreen.gaiamobile.org/gaia_build_defer_index.js:184 in isHiddenApp: Unexpected role when checking hidden app: undefined
04-25 16:47:35.476 E/GeckoConsole(  855): Content JS WARN at app://homescreen.gaiamobile.org/gaia_build_defer_index.js:184 in isHiddenApp: Unexpected role when checking hidden app: undefined
04-25 16:47:35.476 E/GeckoConsole(  855): Content JS WARN at app://homescreen.gaiamobile.org/gaia_build_defer_index.js:184 in isHiddenApp: Unexpected role when checking hidden app: undefined
04-25 16:47:35.476 E/GeckoConsole(  855): Content JS WARN at app://homescreen.gaiamobile.org/gaia_build_defer_index.js:184 in isHiddenApp: Unexpected role when checking hidden app: undefined
04-25 16:47:35.476 E/GeckoConsole(  855): Content JS WARN at app://homescreen.gaiamobile.org/gaia_build_defer_index.js:184 in isHiddenApp: Unexpected role when checking hidden app: undefined
04-25 16:47:35.476 E/GeckoConsole(  855): Content JS WARN at app://homescreen.gaiamobile.org/gaia_build_defer_index.js:184 in isHiddenApp: Unexpected role when checking hidden app: undefined
04-25 16:47:35.476 E/GeckoConsole(  855): Content JS WARN at app://homescreen.gaiamobile.org/gaia_build_defer_index.js:184 in isHiddenApp: Unexpected role when checking hidden app: undefined
04-25 16:47:35.476 E/GeckoConsole(  855): Content JS WARN at app://homescreen.gaiamobile.org/gaia_build_defer_index.js:184 in isHiddenApp: Unexpected role when checking hidden app: undefined
04-25 16:47:35.476 E/GeckoConsole(  855): Content JS WARN at app://homescreen.gaiamobile.org/gaia_build_defer_index.js:184 in isHiddenApp: Unexpected role when checking hidden app: undefined
04-25 16:47:35.476 E/GeckoConsole(  855): Content JS WARN at app://homescreen.gaiamobile.org/gaia_build_defer_index.js:184 in isHiddenApp: Unexpected role when checking hidden app: undefined
04-25 16:47:35.476 E/GeckoConsole(  855): Content JS WARN at app://homescreen.gaiamobile.org/gaia_build_defer_index.js:184 in isHiddenApp: Unexpected role when checking hidden app: undefined
04-25 16:47:35.476 E/GeckoConsole(  855): Content JS WARN at app://homescreen.gaiamobile.org/gaia_build_defer_index.js:184 in isHiddenApp: Unexpected role when checking hidden app: undefined
04-25 16:47:35.496 I/Gecko   (   84): 1398469655510	Marionette	INFO	sendToClient: {"from":"0","ok":true}, {4a0389d9-1cc5-4525-9c05-30e1b703106d}, {4a0389d9-1cc5-4525-9c05-30e1b703106d}
04-25 16:47:35.516 I/Gecko   (   84): 1398469655528	Marionette	DEBUG	Got request: switchToFrame, data: {"to":"0","sessionId":"3-b2g","name":"switchToFrame","parameters":{"id":null,"focus":true}}, id: {d7e9fa6a-58c1-43aa-b082-0b069c436237}
04-25 16:47:35.516 I/Gecko   (   84): 1398469655532	Marionette	INFO	Switched to frame: {"frameValue":null}
04-25 16:47:35.626 I/Gecko   (   84): 1398469655638	Marionette	INFO	sendToClient: {"from":"0","ok":true}, {d7e9fa6a-58c1-43aa-b082-0b069c436237}, {d7e9fa6a-58c1-43aa-b082-0b069c436237}
04-25 16:47:35.626 I/Gecko   (   84): 1398469655645	Marionette	DEBUG	Got request: executeWithCallback, data: {"to":"0","sessionId":"3-b2g","name":"executeAsyncScript","parameters":{"specialPowers":false,"scriptTimeout":30000,"newSandbox":true,"args":[],"filename":"app_checker.py","script":"GaiaApps.launchWithManifestURL('http://keyboardchords.github.io/manifest.webapp')","line":106}}, id: {ad414872-ab96-4107-a8df-6ad218161bd6}
04-25 16:47:35.886 I/Gonk    (   84): Setting nice for pid 883 to 18
04-25 16:47:35.886 I/Gonk    (   84): Changed nice for pid 883 from 18 to 18.
04-25 16:47:35.886 I/Gecko   (   84): [Parent 84] WARNING: waitpid failed pid:883 errno:10: file ../../../gecko/ipc/chromium/src/base/process_util_posix.cc, line 254
04-25 16:47:35.926 I/Gonk    (   84): Setting nice for pid 883 to 1
04-25 16:47:35.926 I/Gonk    (   84): Changed nice for pid 883 from 18 to 1.
04-25 16:47:35.956 E/GeckoConsole(   84): Content JS LOG at dummy file:334 in GaiaApps.launch: launching app with name 'Music Chords'
04-25 16:47:36.106 E/[Gralloc-ERROR](   84): int gralloc_register_buffer(const gralloc_module_t*, const native_handle_t*):79 Unable to register handle 0x46c74470 coming from different process: 84
04-25 16:47:36.136 E/[Gralloc-ERROR](   84): int gralloc_register_buffer(const gralloc_module_t*, const native_handle_t*):79 Unable to register handle 0x47352470 coming from different process: 84
04-25 16:47:36.176 E/[Gralloc-ERROR](   84): int gralloc_register_buffer(const gralloc_module_t*, const native_handle_t*):79 Unable to register handle 0x473932e0 coming from different process: 84
04-25 16:47:36.176 E/[Gralloc-ERROR](   84): int gralloc_register_buffer(const gralloc_module_t*, const native_handle_t*):79 Unable to register handle 0x473936a0 coming from different process: 84
04-25 16:47:36.306 D/Sensors (   84): activate handle=0; drv=0
04-25 16:47:36.306 D/Sensors (   84): Lis3dhSensor: Control set 1
04-25 16:47:36.306 D/Sensors (   84): Lis3dhSensor: mEnabled = 1
04-25 16:47:36.366 I/Gonk    (   84): Setting nice for pid 855 to 18
04-25 16:47:36.366 I/Gonk    (   84): Changed nice for pid 855 from 1 to 18.
04-25 16:47:37.456 I/Gecko   (   84): 
04-25 16:47:37.456 I/Gecko   (   84): ###!!! [Parent][MessageChannel] Error: Channel error: cannot send/recv
04-25 16:47:37.456 I/Gecko   (   84): 
04-25 16:47:37.556 I/Gecko   (   84): [Parent 84] WARNING: waitpid failed pid:855 errno:10: file ../../../gecko/ipc/chromium/src/base/process_util_posix.cc, line 254
04-25 16:47:38.026 I/Gecko   (  883): ###################################### forms.js loaded
04-25 16:47:38.046 I/Gecko   (  883): ############################### browserElementPanning.js loaded
04-25 16:47:38.076 I/Gecko   (  883): ######################## BrowserElementChildPreload.js loaded
04-25 16:47:38.836 E/GeckoConsole(  883): [JavaScript Warning: "Expected end of selector or a user action pseudo-class after pseudo-element but found ':'.  Ruleset ignored due to bad selector." {file: "http://keyboardchords.github.io/style/media_icons.css" line: 83 column: 25 source: ".media-artistfilter:after:before { background-position:  -0px -575px; }"}]
04-25 16:47:39.026 W/WifiHW  (   84): wifi_command: SIGNAL_POLL
04-25 16:47:39.556 I/Gecko   (   84): [Parent 84] WARNING: waitpid failed pid:855 errno:10: file ../../../gecko/ipc/chromium/src/base/process_util_posix.cc, line 254
04-25 16:47:39.556 I/Gecko   (   84): [Parent 84] WARNING: Failed to deliver SIGKILL to 855!(3).: file ../../../gecko/ipc/chromium/src/chrome/common/process_watcher_posix_sigchld.cc, line 118
04-25 16:47:40.596 E/GeckoConsole(  883): [JavaScript Warning: "Unknown property '-moz-outline-style'.  Declaration dropped." {file: "https://www.facebook.com/plugins/like.php?href=http%3A%2F%2Fkeyboardchords.github.io%2F&width&layout=standard&action=like&show_faces=true&share=true&height=80" line: 3 column: 482 source: "body.plugin{background:transparent;overflow:hidden;-moz-text-size-adjust:none}body{background:#fff;color:#333;line-height:1.28;margin:0;padding:0;text-align:left;direction:ltr;unicode-bidi:embed}body,button,input,label,select,td,textarea{font-family:'lucida grande',tahoma,verdana,arial,sans-serif;font-size:11px}h1,h2,h3,h4,h5,h6{font-size:13px;color:#333;margin:0;padding:0}h1{font-size:14px}h4,h5,h6{font-size:11px}p{margin:1em 0}a{color:#3b5998;cursor:pointer;-moz-outline-style:none;text-decoration:none}button{margin:0}a:hover{text-decoration:underline}img{border:0}td,td.label{text-align:left}dd{color:#000}dt{color:#777}ul{list-style-type:none;margin:0;padding:0}abbr{border-bottom:none}hr{background:#d9d9d9;border-width:0;color:#d9d
04-25 16:47:40.596 E/GeckoConsole(  883): [JavaScript Warning: "Unknown property 'zoom'.  Declaration dropped." {file: "https://www.facebook.com/plugins/like.php?href=http%3A%2F%2Fkeyboardchords.github.io%2F&width&layout=standard&action=like&show_faces=true&share=true&height=80" line: 3 column: 877 source: "body.plugin{background:transparent;overflow:hidden;-moz-text-size-adjust:none}body{background:#fff;color:#333;line-height:1.28;margin:0;padding:0;text-align:left;direction:ltr;unicode-bidi:embed}body,button,input,label,select,td,textarea{font-family:'lucida grande',tahoma,verdana,arial,sans-serif;font-size:11px}h1,h2,h3,h4,h5,h6{font-size:13px;color:#333;margin:0;padding:0}h1{font-size:14px}h4,h5,h6{font-size:11px}p{margin:1em 0}a{color:#3b5998;cursor:pointer;-moz-outline-style:none;text-decoration:none}button{margin:0}a:hover{text-decoration:underline}img{border:0}td,td.label{text-align:left}dd{color:#000}dt{color:#777}ul{list-style-type:none;margin:0;padding:0}abbr{border-bottom:none}hr{background:#d9d9d9;border-width:0;color:#d9d9d9;height:1px
04-25 16:47:40.626 E/GeckoConsole(  883): [JavaScript Warning: "Expected color but found 'invert'.  Error in parsing value for 'outline-color'.  Declaration dropped." {file: "https://www.facebook.com/plugins/like.php?href=http%3A%2F%2Fkeyboardchords.github.io%2F&width&layout=standard&action=like&show_faces=true&share=true&height=80" line: 3 column: 8508 source: "body.plugin{background:transparent;overflow:hidden;-moz-text-size-adjust:none}body{background:#fff;color:#333;line-height:1.28;margin:0;padding:0;text-align:left;direction:ltr;unicode-bidi:embed}body,button,input,label,select,td,textarea{font-family:'lucida grande',tahoma,verdana,arial,sans-serif;font-size:11px}h1,h2,h3,h4,h5,h6{font-size:13px;color:#333;margin:0;padding:0}h1{font-size:14px}h4,h5,h6{font-size:11px}p{margin:1em 0}a{color:#3b5998;cursor:pointer;-moz-outline-style:none;text-decoration:none}button{margin:0}a:hover{text-decoration:underline}img{border:0}td,td.label{text-align:left}dd{color:#000}dt{color:#777}ul{list-style-type:none;margin:0;padding:0}abbr{border-bottom:none}hr{ba
04-25 16:47:40.626 E/GeckoConsole(  883): [JavaScript Warning: "Expected color but found 'invert'.  Error in parsing value for 'outline-color'.  Declaration dropped." {file: "https://www.facebook.com/plugins/like.php?href=http%3A%2F%2Fkeyboardchords.github.io%2F&width&layout=standard&action=like&show_faces=true&share=true&height=80" line: 3 column: 8744 source: "body.plugin{background:transparent;overflow:hidden;-moz-text-size-adjust:none}body{background:#fff;color:#333;line-height:1.28;margin:0;padding:0;text-align:left;direction:ltr;unicode-bidi:embed}body,button,input,label,select,td,textarea{font-family:'lucida grande',tahoma,verdana,arial,sans-serif;font-size:11px}h1,h2,h3,h4,h5,h6{font-size:13px;color:#333;margin:0;padding:0}h1{font-size:14px}h4,h5,h6{font-size:11px}p{margin:1em 0}a{color:#3b5998;cursor:pointer;-moz-outline-style:none;text-decoration:none}button{margin:0}a:hover{text-decoration:underline}img{border:0}td,td.label{text-align:left}dd{color:#000}dt{color:#777}ul{list-style-type:none;margin:0;padding:0}abbr{border-bottom:none}hr{ba
04-25 16:47:41.346 I/Gonk    (   84): Setting nice for pid 940 to 18
04-25 16:47:41.346 I/Gonk    (   84): Changed nice for pid 940 from 0 to 18.
04-25 16:47:42.566 I/Gonk    (   84): Setting nice for pid 940 to 18
04-25 16:47:42.566 I/Gonk    (   84): Changed nice for pid 940 from 18 to 18.
04-25 16:47:42.566 I/Gecko   (   84): [Parent 84] WARNING: waitpid failed pid:940 errno:10: file ../../../gecko/ipc/chromium/src/base/process_util_posix.cc, line 254
04-25 16:47:42.566 I/Gonk    (   84): Setting nice for pid 940 to 1
04-25 16:47:42.566 I/Gonk    (   84): Changed nice for pid 940 from 18 to 1.
04-25 16:47:42.596 I/Gonk    (   84): Setting nice for pid 940 to 18
04-25 16:47:42.596 I/Gonk    (   84): Changed nice for pid 940 from 1 to 18.
04-25 16:47:42.786 E/GeckoConsole(   84): Content JS LOG at dummy file:326 in GaiaApps.launch/appOpen/<: app with origin 'http://keyboardchords.github.io' has launched
04-25 16:47:42.786 I/Gecko   (   84): 1398469662797	Marionette	INFO	sendToClient: {"from":"0","value":{"frame":{"ELEMENT":"{694647fd-8751-41dd-aa11-7cb94fcdfe61}"},"src":"http://keyboardchords.github.io/","name":"Music Chords","origin":"http://keyboardchords.github.io"}}, {ad414872-ab96-4107-a8df-6ad218161bd6}, {ad414872-ab96-4107-a8df-6ad218161bd6}
04-25 16:47:42.806 E/[Gralloc-ERROR](   84): int gralloc_unregister_buffer(const gralloc_module_t*, const native_handle_t*):274 Trying to unregister buffer 0x47352470 from process 84 that was not created in current process: 84
04-25 16:47:42.806 E/[Gralloc-ERROR](   84): int gralloc_unregister_buffer(const gralloc_module_t*, const native_handle_t*):274 Trying to unregister buffer 0x46c74470 from process 84 that was not created in current process: 84
04-25 16:47:42.806 E/[Gralloc-ERROR](   84): int gralloc_unregister_buffer(const gralloc_module_t*, const native_handle_t*):274 Trying to unregister buffer 0x473936a0 from process 84 that was not created in current process: 84
04-25 16:47:42.806 E/[Gralloc-ERROR](   84): int gralloc_unregister_buffer(const gralloc_module_t*, const native_handle_t*):274 Trying to unregister buffer 0x473932e0 from process 84 that was not created in current process: 84
04-25 16:47:42.946 E/GeckoConsole(   84): Offline cache doesn't need to update, URL=http://keyboardchords.github.io/manifest.appcache
04-25 16:47:42.956 I/Gecko   (   84): 1398469662969	Marionette	DEBUG	Got request: switchToFrame, data: {"to":"0","sessionId":"3-b2g","name":"switchToFrame","parameters":{"focus":true,"element":"{694647fd-8751-41dd-aa11-7cb94fcdfe61}"}}, id: {4d08b6a3-70cb-4ec2-ae90-e6e818fb17ae}
04-25 16:47:42.996 I/Gecko   (   84): 1398469663012	Marionette	INFO	Switched to frame: {"frameValue":"{694647fd-8751-41dd-aa11-7cb94fcdfe61}"}
04-25 16:47:43.016 I/Gecko   (   84): 1398469663034	Marionette	INFO	trying remote frame 0
04-25 16:47:43.026 I/Gecko   (   84): 1398469663036	Marionette	INFO	deleting frame
04-25 16:47:43.026 I/Gecko   (   84): 1398469663041	Marionette	INFO	frame-manager load script: [object ChromeMessageSender]
04-25 16:47:43.556 I/Gecko   (   84): 1398469663575	Marionette	INFO	sendToClient: {"from":"0","ok":true}, {4d08b6a3-70cb-4ec2-ae90-e6e818fb17ae}, {4d08b6a3-70cb-4ec2-ae90-e6e818fb17ae}
04-25 16:47:43.576 I/Gecko   (   84): 1398469663589	Marionette	INFO	sendToClient: {"from":"0","value":"http://keyboardchords.github.io/#chord-of-the-day"}, {5828878b-4b52-4bcf-8cf1-a628de231d79}, {5828878b-4b52-4bcf-8cf1-a628de231d79}
04-25 16:47:43.576 I/Gecko   (   84): 1398469663595	Marionette	DEBUG	Got request: execute, data: {"to":"0","sessionId":"3-b2g","name":"executeScript","parameters":{"specialPowers":false,"scriptTimeout":null,"newSandbox":true,"args":[],"filename":"app_checker.py","script":"return window.document.readyState;","line":191}}, id: {4284b1ea-59e8-4b73-9047-4002cfca3e39}
04-25 16:47:43.676 I/Gecko   (   84): 1398469663691	Marionette	INFO	sendToClient: {"from":"0","value":"complete"}, {4284b1ea-59e8-4b73-9047-4002cfca3e39}, {4284b1ea-59e8-4b73-9047-4002cfca3e39}
04-25 16:47:43.696 I/Gecko   (   84): 1398469663707	Marionette	INFO	sendToClient: {"from":"0","value":"http://keyboardchords.github.io/#chord-of-the-day"}, {4eefbba0-b175-4951-8bfd-c90d44427df7}, {4eefbba0-b175-4951-8bfd-c90d44427df7}
04-25 16:47:43.706 I/Gecko   (  883): Attempting load of libEGL.so
04-25 16:47:43.766 D/libEGL  (  883): loaded /system/lib/egl/libEGL_mali.so
04-25 16:47:43.816 D/libEGL  (  883): loaded /system/lib/egl/libGLESv1_CM_mali.so
04-25 16:47:43.826 D/libEGL  (  883): loaded /system/lib/egl/libGLESv2_mali.so
04-25 16:47:43.856 I/Gecko   (  883): SharedSurface_Gralloc::Create -------
04-25 16:47:43.866 I/Gecko   (  883): SharedSurface_Gralloc::Create: success -- surface 0x44385d00, GraphicBuffer 0x4437af80.
04-25 16:47:44.076 W/WifiHW  (   84): wifi_command: SIGNAL_POLL
04-25 16:47:45.066 I/Gecko   (   84): 1398469665075	Marionette	INFO	sendToClient: {"from":"0","value":"iVBORw0KGgoAAAANSUhEUgAAAUAAAAHMCAYAAACk4nEJAAAgAElEQVR4nOy9eXQU14G+fSUBwgYhVoEkJCR2DFrRgoT2Xa19AwlJSALtK9p6V/ex54w/x7FPJpN4cjJO7Mx4bJzkZHHsE2cST5w4TiaJ88uGdzDecOwBY+J4Adug9/ujXSW1elG3kOiGep9znmNTffvWrdtVb9etW9USer0elFKqRIWnG0AppZ6SAUgpVawMQEqpYmUAUkoVKwOQUqpYGYCUUsXKAKSUKlYGIKVUsTIAKaWKlQFIKVWsDEBKqWJlAFJKvUK1Wo32jk4cPNSI6roDqK47gIOHGtHe0Qm1Wr0g62QAUko9pk6nQ0tbGzJz83BLbBx2xcRiz94ERCcmISYpGTFJyYhOTEJUQiIyc/PQ0tYGnU43b+tnAFJKPWJXdzeS09KxKyYWUQmJiE9NQ1JGllP3pqYhNSsbXd3d89IGBuAc1Gg0Hm+DI8fGxnD4cBvGxsY93hZ37O7uRUdHl8fbQa+NNXUHcEtMHPbsTUBCWjrScvNR13AI3b19GFerYTQaYTQaMa5Wo7u3D3UNh5CWm4/kzCwkZ2YhMT0DdfUNV90OrwjA8XE1RkdHXQqW0dFRjI6OzutpsDs2NrYgL0+FgYGha95H3d29aG/vQnd3L8bGxuyW6+8fRG5uMY4dG/b45+qODQ3NKC2t8ng76MJbUlGBXTGxiE3eh5TsHNQ3NUOn08FoNMJgMMBgMNi8x2AwQKvVor6pGanZOUjOzEZyZhYqa+uuqi1eEYC1tfXIzS1GfX2j03KDg8eQm1uM3NxijIyMeqStbW3tUKkqMDw8ck3WNz6uxsGDjfJ2FxaWyv9fW1tv0w8MQOrNVtcdwK7YOMSlpCKrsBjHRkbk4NPr9dBotcgrKkZ0QiKiExJRVFoK7YyTncGhIWQVFiE5KxvJWdk4cMh5bj
04-25 16:47:45.216 I/Gecko   (   84): 1398469665235	Marionette	INFO	sendToClient: {"from":"0","ok":true}, {6ecae542-678e-4c33-ae3a-da9909c3d742}, {6ecae542-678e-4c33-ae3a-da9909c3d742}
04-25 16:47:45.826 I/Gecko   (   84): 
04-25 16:47:45.826 I/Gecko   (   84): ###!!! [Parent][MessageChannel] Error: Channel error: cannot send/recv
04-25 16:47:45.826 I/Gecko   (   84): 
04-25 16:47:45.926 I/Gecko   (   84): [Parent 84] WARNING: waitpid failed pid:940 errno:10: file ../../../gecko/ipc/chromium/src/base/process_util_posix.cc, line 254
04-25 16:47:45.986 I/Gecko   (   84): 1398469666000	Marionette	DEBUG	Got request: switchToFrame, data: {"to":"0","sessionId":"3-b2g","name":"switchToFrame","parameters":{"id":null,"focus":true}}, id: {7d1a17c3-0757-4076-819d-213540a09c68}
04-25 16:47:46.026 I/Gecko   (   84): 1398469666040	Marionette	INFO	Switched to frame: {"frameValue":null}
04-25 16:47:46.136 I/Gecko   (   84): 1398469666150	Marionette	INFO	sendToClient: {"from":"0","ok":true}, {7d1a17c3-0757-4076-819d-213540a09c68}, {7d1a17c3-0757-4076-819d-213540a09c68}
04-25 16:47:46.146 I/Gecko   (   84): 1398469666157	Marionette	DEBUG	Got request: executeWithCallback, data: {"to":"0","sessionId":"3-b2g","name":"executeAsyncScript","parameters":{"specialPowers":false,"scriptTimeout":null,"newSandbox":true,"args":[],"filename":"gaia_test.py","script":"return GaiaApps.displayedApp();","line":66}}, id: {e4a8724b-ef82-4a3c-b05d-a52d4f39fa33}
04-25 16:47:46.186 I/Gecko   (   84): 1398469666197	Marionette	INFO	sendToClient: {"from":"0","value":{"frame":{"ELEMENT":"{694647fd-8751-41dd-aa11-7cb94fcdfe61}"},"src":"http://keyboardchords.github.io/","name":"Music Chords","origin":"http://keyboardchords.github.io"}}, {e4a8724b-ef82-4a3c-b05d-a52d4f39fa33}, {e4a8724b-ef82-4a3c-b05d-a52d4f39fa33}
04-25 16:47:46.186 I/Gecko   (   84): 1398469666202	Marionette	DEBUG	Got request: switchToFrame, data: {"to":"0","sessionId":"3-b2g","name":"switchToFrame","parameters":{"id":null,"focus":true}}, id: {26fb2e87-b95e-40bb-8cf3-a396a74810a8}
04-25 16:47:46.186 I/Gecko   (   84): 1398469666204	Marionette	INFO	Switched to frame: {"frameValue":null}
04-25 16:47:46.196 E/GeckoConsole(   84): Content JS LOG at dummy file:392 in GaiaApps.displayedApp: app with origin 'http://keyboardchords.github.io' is displayed
04-25 16:47:46.296 I/Gecko   (   84): 1398469666307	Marionette	INFO	sendToClient: {"from":"0","ok":true}, {26fb2e87-b95e-40bb-8cf3-a396a74810a8}, {26fb2e87-b95e-40bb-8cf3-a396a74810a8}
04-25 16:47:46.296 I/Gecko   (   84): 1398469666313	Marionette	DEBUG	Got request: execute, data: {"to":"0","sessionId":"3-b2g","name":"executeScript","parameters":{"specialPowers":false,"scriptTimeout":null,"newSandbox":true,"args":[],"filename":"gaia_test.py","script":"window.wrappedJSObject.dispatchEvent(new Event('home'));","line":788}}, id: {5ee6aaee-bd51-4655-adf9-b5a85c7673e9}
04-25 16:47:46.516 D/Sensors (   84): activate handle=0; drv=0
04-25 16:47:46.516 D/Sensors (   84): Lis3dhSensor: Control set 0
04-25 16:47:46.516 D/Sensors (   84): Lis3dhSensor: mEnabled = 0
04-25 16:47:46.696 I/Gonk    (   84): Setting nice for pid 956 to 18
04-25 16:47:46.696 I/Gonk    (   84): Changed nice for pid 956 from 0 to 18.
04-25 16:47:46.696 I/Gecko   (   84): 1398469666714	Marionette	INFO	sendToClient: {"from":"0","value":null}, {5ee6aaee-bd51-4655-adf9-b5a85c7673e9}, {5ee6aaee-bd51-4655-adf9-b5a85c7673e9}
04-25 16:47:46.736 I/Gonk    (   84): Setting nice for pid 956 to 18
04-25 16:47:46.736 I/Gonk    (   84): Changed nice for pid 956 from 18 to 18.
04-25 16:47:46.736 I/Gecko   (   84): [Parent 84] WARNING: waitpid failed pid:956 errno:10: file ../../../gecko/ipc/chromium/src/base/process_util_posix.cc, line 254
04-25 16:47:46.746 I/Gonk    (   84): Setting nice for pid 956 to 1
04-25 16:47:46.746 I/Gonk    (   84): Changed nice for pid 956 from 18 to 1.
04-25 16:47:46.766 I/Gecko   (   84): 1398469666776	Marionette	DEBUG	Got request: switchToFrame, data: {"to":"0","sessionId":"3-b2g","name":"switchToFrame","parameters":{"id":null,"focus":true}}, id: {296932f7-bfa3-4034-aa1f-53de6f059d28}
04-25 16:47:46.826 I/Gecko   (   84): 1398469666836	Marionette	INFO	Switched to frame: {"frameValue":null}
04-25 16:47:47.076 I/Gecko   (   84): 1398469667087	Marionette	INFO	sendToClient: {"from":"0","ok":true}, {296932f7-bfa3-4034-aa1f-53de6f059d28}, {296932f7-bfa3-4034-aa1f-53de6f059d28}
04-25 16:47:47.086 I/Gecko   (   84): 1398469667102	Marionette	DEBUG	Got request: executeWithCallback, data: {"to":"0","sessionId":"3-b2g","name":"executeAsyncScript","parameters":{"specialPowers":false,"scriptTimeout":null,"newSandbox":true,"args":[],"filename":"gaia_test.py","script":"return GaiaApps.displayedApp();","line":66}}, id: {bde0f9c9-15bb-49da-97ad-9063c43c4bc1}
04-25 16:47:47.246 E/GeckoConsole(   84): Content JS LOG at dummy file:392 in GaiaApps.displayedApp: app with origin 'app://homescreen.gaiamobile.org' is displayed
04-25 16:47:47.246 I/Gecko   (   84): 1398469667258	Marionette	INFO	sendToClient: {"from":"0","value":{"frame":{"ELEMENT":"{f9876a4c-7d53-4e76-80b4-7b1d3423c8f4}"},"src":"app://homescreen.gaiamobile.org/index.html#root","name":"Homescreen","origin":"app://homescreen.gaiamobile.org"}}, {bde0f9c9-15bb-49da-97ad-9063c43c4bc1}, {bde0f9c9-15bb-49da-97ad-9063c43c4bc1}
04-25 16:47:47.246 I/Gecko   (   84): 1398469667264	Marionette	DEBUG	Got request: switchToFrame, data: {"to":"0","sessionId":"3-b2g","name":"switchToFrame","parameters":{"id":null,"focus":true}}, id: {a4fe0129-ea94-4bf3-a1dc-9263e124de54}
04-25 16:47:47.256 I/Gecko   (   84): 1398469667273	Marionette	INFO	Switched to frame: {"frameValue":null}
04-25 16:47:47.576 I/Gecko   (   84): 1398469667588	Marionette	INFO	sendToClient: {"from":"0","ok":true}, {a4fe0129-ea94-4bf3-a1dc-9263e124de54}, {a4fe0129-ea94-4bf3-a1dc-9263e124de54}
04-25 16:47:47.926 I/Gecko   (   84): [Parent 84] WARNING: waitpid failed pid:940 errno:10: file ../../../gecko/ipc/chromium/src/base/process_util_posix.cc, line 254
04-25 16:47:47.926 I/Gecko   (   84): [Parent 84] WARNING: Failed to deliver SIGKILL to 940!(3).: file ../../../gecko/ipc/chromium/src/chrome/common/process_watcher_posix_sigchld.cc, line 118
04-25 16:47:47.946 I/Gonk    (   84): Setting nice for pid 964 to 18
04-25 16:47:47.946 I/Gonk    (   84): Changed nice for pid 964 from 0 to 18.
04-25 16:47:48.536 I/Gecko   (   84): 1398469668547	Marionette	DEBUG	Got request: switchToFrame, data: {"to":"0","sessionId":"3-b2g","name":"switchToFrame","parameters":{"id":null,"focus":true}}, id: {078023d1-36a8-4b87-9c59-b19cfa30baef}
04-25 16:47:48.606 I/Gecko   (   84): 1398469668616	Marionette	INFO	Switched to frame: {"frameValue":null}
04-25 16:47:48.986 I/Gonk    (   84): Setting nice for pid 883 to 18
04-25 16:47:49.006 I/Gonk    (   84): Changed nice for pid 883 from 1 to 18.
04-25 16:47:49.006 I/Gecko   (   84): 1398469669019	Marionette	INFO	sendToClient: {"from":"0","ok":true}, {078023d1-36a8-4b87-9c59-b19cfa30baef}, {078023d1-36a8-4b87-9c59-b19cfa30baef}
04-25 16:47:49.086 I/Gecko   (   84): 1398469669104	Marionette	DEBUG	Got request: executeWithCallback, data: {"to":"0","sessionId":"3-b2g","name":"executeAsyncScript","parameters":{"specialPowers":false,"scriptTimeout":null,"newSandbox":true,"args":[],"filename":"gaia_test.py","script":"return GaiaApps.displayedApp();","line":66}}, id: {e60286c2-a344-4bc0-a84a-1913a79a6291}
04-25 16:47:49.276 E/GeckoConsole(   84): Content JS LOG at dummy file:392 in GaiaApps.displayedApp: app with origin 'app://homescreen.gaiamobile.org' is displayed
04-25 16:47:49.276 W/WifiHW  (   84): wifi_command: SIGNAL_POLL
04-25 16:47:49.306 I/Gecko   (   84): 1398469669317	Marionette	INFO	sendToClient: {"from":"0","value":{"frame":{"ELEMENT":"{f9876a4c-7d53-4e76-80b4-7b1d3423c8f4}"},"src":"app://homescreen.gaiamobile.org/index.html#root","name":"Homescreen","origin":"app://homescreen.gaiamobile.org"}}, {e60286c2-a344-4bc0-a84a-1913a79a6291}, {e60286c2-a344-4bc0-a84a-1913a79a6291}
04-25 16:47:49.316 I/Gecko   (   84): 1398469669332	Marionette	DEBUG	Got request: switchToFrame, data: {"to":"0","sessionId":"3-b2g","name":"switchToFrame","parameters":{"focus":true,"element":"{f9876a4c-7d53-4e76-80b4-7b1d3423c8f4}"}}, id: {b21fe4f0-5f53-488f-848c-4ce8e18a2883}
04-25 16:47:49.346 I/Gecko   (   84): 1398469669358	Marionette	INFO	Switched to frame: {"frameValue":"{f9876a4c-7d53-4e76-80b4-7b1d3423c8f4}"}
04-25 16:47:49.346 I/log     (  972): <4>0[ 349.264144] select 883 (Music Chords), adj 10, size 7402, to kill 
04-25 16:47:49.346 I/Gecko   (   84): 1398469669362	Marionette	INFO	trying remote frame 0
04-25 16:47:49.356 I/Gecko   (   84): 1398469669368	Marionette	INFO	deleting frame
04-25 16:47:49.356 I/Gecko   (   84): 1398469669373	Marionette	INFO	frame-manager load script: [object ChromeMessageSender]
04-25 16:47:49.896 I/Gecko   (   84): 
04-25 16:47:49.896 I/Gecko   (   84): ###!!! [Parent][MessageChannel] Error: Channel error: cannot send/recv
04-25 16:47:49.896 I/Gecko   (   84): 
04-25 16:47:49.956 I/Gecko   (  956): ###################################### forms.js loaded
04-25 16:47:50.016 I/Gecko   (   84): [Parent 84] WARNING: waitpid failed pid:883 errno:10: file ../../../gecko/ipc/chromium/src/base/process_util_posix.cc, line 254
04-25 16:47:50.026 I/Gecko   (  956): ############################### browserElementPanning.js loaded
04-25 16:47:50.076 I/Gecko   (  956): ######################## BrowserElementChildPreload.js loaded
04-25 16:47:50.996 I/Gecko   (   84): 1398469671014	Marionette	INFO	sendToClient: {"from":"0","ok":true}, {b21fe4f0-5f53-488f-848c-4ce8e18a2883}, {b21fe4f0-5f53-488f-848c-4ce8e18a2883}
04-25 16:47:51.366 I/Gecko   (   84): 1398469671379	Marionette	INFO	sendToClient: {"from":"0","value":"app://homescreen.gaiamobile.org/index.html#root"}, {aaac721b-e43a-49a5-b36c-14a37e8803f2}, {aaac721b-e43a-49a5-b36c-14a37e8803f2}
04-25 16:47:51.366 I/Gecko   (   84): 1398469671384	Marionette	DEBUG	Got request: switchToFrame, data: {"to":"0","sessionId":"3-b2g","name":"switchToFrame","parameters":{"id":null,"focus":true}}, id: {20dd1ae7-f45b-4244-bea5-b9a77684ac47}
04-25 16:47:51.396 I/Gecko   (   84): 1398469671409	Marionette	INFO	Switched to frame: {"frameValue":null}
04-25 16:47:51.496 I/Gecko   (   84): 1398469671514	Marionette	INFO	sendToClient: {"from":"0","ok":true}, {20dd1ae7-f45b-4244-bea5-b9a77684ac47}, {20dd1ae7-f45b-4244-bea5-b9a77684ac47}
04-25 16:47:51.506 I/Gecko   (   84): 1398469671519	Marionette	DEBUG	Got request: switchToFrame, data: {"to":"0","sessionId":"3-b2g","name":"switchToFrame","parameters":{"id":null,"focus":true}}, id: {6eb1ef4b-e44e-451d-ba8d-32e5f2565369}
04-25 16:47:51.506 I/Gecko   (   84): 1398469671521	Marionette	INFO	Switched to frame: {"frameValue":null}
04-25 16:47:51.606 I/Gecko   (   84): 1398469671624	Marionette	INFO	sendToClient: {"from":"0","ok":true}, {6eb1ef4b-e44e-451d-ba8d-32e5f2565369}, {6eb1ef4b-e44e-451d-ba8d-32e5f2565369}
04-25 16:47:51.616 I/Gecko   (   84): 1398469671630	Marionette	DEBUG	Got request: executeWithCallback, data: {"to":"0","sessionId":"3-b2g","name":"executeAsyncScript","parameters":{"specialPowers":false,"scriptTimeout":null,"newSandbox":true,"args":[],"filename":"gaia_test.py","script":"GaiaApps.killAll()","line":91}}, id: {565e6b7b-f5e8-4c64-99c0-0f5ef43dc081}
04-25 16:47:51.656 I/Gecko   (   84): 1398469671675	Marionette	INFO	sendToClient: {"from":"0","value":true}, {565e6b7b-f5e8-4c64-99c0-0f5ef43dc081}, {565e6b7b-f5e8-4c64-99c0-0f5ef43dc081}
04-25 16:47:51.666 I/Gecko   (   84): 1398469671681	Marionette	DEBUG	Got request: switchToFrame, data: {"to":"0","sessionId":"3-b2g","name":"switchToFrame","parameters":{"id":null,"focus":true}}, id: {4e72cd67-44c6-42fe-8842-61f7361837ed}
04-25 16:47:51.676 I/Gecko   (   84): 1398469671686	Marionette	INFO	Switched to frame: {"frameValue":null}
04-25 16:47:51.776 I/Gecko   (   84): 1398469671789	Marionette	INFO	sendToClient: {"from":"0","ok":true}, {4e72cd67-44c6-42fe-8842-61f7361837ed}, {4e72cd67-44c6-42fe-8842-61f7361837ed}
04-25 16:47:51.786 I/Gecko   (   84): 1398469671796	Marionette	DEBUG	Got request: executeWithCallback, data: {"to":"0","sessionId":"3-b2g","name":"executeAsyncScript","parameters":{"specialPowers":false,"scriptTimeout":60000,"newSandbox":true,"args":[],"filename":"app_checker.py","script":"\n        GaiaApps.locateWithManifestURL('http://keyboardchords.github.io/manifest.webapp',\n                                       null,\n                                       function uninstall(app) {\n                                       navigator.mozApps.mgmt.uninstall(app);\n                                       marionetteScriptFinished(true);\n                                       });\n        ","line":129}}, id: {fa333ca7-6ded-41c0-98ef-23b0f4ce1f44}
04-25 16:47:51.836 I/Gecko   (   84): -- webapps.js uninstall http://keyboardchords.github.io/manifest.webapp
04-25 16:47:52.026 I/Gecko   (   84): [Parent 84] WARNING: waitpid failed pid:883 errno:10: file ../../../gecko/ipc/chromium/src/base/process_util_posix.cc, line 254
04-25 16:47:52.026 I/Gecko   (   84): [Parent 84] WARNING: Failed to deliver SIGKILL to 883!(3).: file ../../../gecko/ipc/chromium/src/chrome/common/process_watcher_posix_sigchld.cc, line 118
04-25 16:47:52.626 I/Gecko   (   84): 1398469672638	Marionette	INFO	sendToClient: {"from":"0","value":true}, {fa333ca7-6ded-41c0-98ef-23b0f4ce1f44}, {fa333ca7-6ded-41c0-98ef-23b0f4ce1f44}