--------- beginning of /dev/log/system
04-26 16:19:12.810 I/Vold    (   78): Vold 2.1 (the revenge) firing up
04-26 16:19:12.840 D/Vold    (   78): Volume sdcard state changing -1 (Initializing) -> 0 (No-Media)
04-26 16:19:12.910 D/Vold    (   78): Volume sdcard state changing 0 (No-Media) -> 2 (Pending)
04-26 16:19:12.910 D/Vold    (   78): Volume sdcard state changing 2 (Pending) -> 1 (Idle-Unmounted)
04-26 16:19:17.840 D/VoldCmdListener(   78): volume list
04-26 16:19:17.850 D/VoldCmdListener(   78): volume mount sdcard
04-26 16:19:17.850 I/Vold    (   78): /dev/block/vold/179:1 being considered for volume sdcard
04-26 16:19:17.850 D/Vold    (   78): Volume sdcard state changing 1 (Idle-Unmounted) -> 3 (Checking)
04-26 16:19:17.850 W/Vold    (   78): Skipping fs checks
04-26 16:19:17.900 I/Vold    (   78): Device /dev/block/vold/179:1, target /mnt/sdcard mounted @ /mnt/secure/staging
04-26 16:19:17.900 D/Vold    (   78): Volume sdcard state changing 3 (Checking) -> 4 (Mounted)
--------- beginning of /dev/log/main
04-26 16:19:19.150 D/SPRDENG (  160): 2b
04-26 16:19:19.150 D/SPRDENG (  160): 53
04-26 16:19:19.150 D/SPRDENG (  160): 4e
04-26 16:19:19.150 D/SPRDENG (  160): 56
04-26 16:19:19.150 D/SPRDENG (  160): 4d
04-26 16:19:19.150 D/SPRDENG (  160): 3d
04-26 16:19:19.150 D/SPRDENG (  160): 30
04-26 16:19:19.150 D/SPRDENG (  160): 2c
04-26 16:19:19.150 D/SPRDENG (  160): 34
04-26 16:19:19.150 D/SPRDENG (  160): 30
04-26 16:19:19.150 D/SPRDENG (  160): 31
04-26 16:19:19.150 D/SPRDENG (  160): eng_modem2server: use SIM1 /dev/CHNPTY13
04-26 16:19:19.150 D/SPRDENG (  160): AT < 
04-26 16:19:19.150 D/SPRDENG (  160): +SNVM: 8,FFFFFFFFFFFF2500
04-26 16:19:19.150 D/SPRDENG (  160): 
04-26 16:19:19.150 D/SPRDENG (  160): OK
04-26 16:19:19.150 D/SPRDENG (  160): 
04-26 16:19:19.150 D/BTWIFIMAC(   94): recv_from_modem: Receive 1 Modem Response
04-26 16:19:19.150 D/BTWIFIMAC(   94): read_btwifimac_from_modem: BT timeout=35, response=
04-26 16:19:19.150 D/BTWIFIMAC(   94): +SNVM: 8,FFFFFFFFFFFF2500
04-26 16:19:19.150 D/BTWIFIMAC(   94): 
04-26 16:19:19.150 D/BTWIFIMAC(   94): OK
04-26 16:19:19.150 D/BTWIFIMAC(   94): 
04-26 16:19:19.190 E/eng_rf_nv_update(  100): [set_rf_nvconf]: NV updated flag is 0xA5, don't need to update NV
04-26 16:19:19.190 E/eng_rf_nv_update(  100): [eng_rf_nv_update]: end eng rf nv update!
04-26 16:19:19.200 I/logwrapper(   83): /system/bin/eng_rf_nv_update terminated by exit(0)
04-26 16:19:19.250 D/BTWIFIMAC(   94): get_macaddress: mac address is FF:FF:FF:FF:FF:FF
04-26 16:19:19.250 D/BTWIFIMAC(   94): ===========WIFI MAC===========
04-26 16:19:19.250 D/BTWIFIMAC(   94): read_btwifimac_from_modem: send 39,1,AT+SNVM=0,409
04-26 16:19:19.250 D/BTWIFIMAC(   94): send_to_modem
04-26 16:19:19.250 D/BTWIFIMAC(   94): recv_from_modem: Waiting modem response ... fd=7
04-26 16:19:19.250 D/SPRDENG (  160): eng_servermodem_comm: use SIM1 /dev/CHNPTY13
04-26 16:19:19.250 D/SPRDENG (  160): AT > AT+SNVM=0,409
04-26 16:19:19.250 D/SPRDENG (  160): 41
04-26 16:19:19.250 D/SPRDENG (  160): 54
04-26 16:19:19.250 D/SPRDENG (  160): 2b
04-26 16:19:19.250 D/SPRDENG (  160): 53
04-26 16:19:19.250 D/SPRDENG (  160): 4e
04-26 16:19:19.250 D/SPRDENG (  160): 56
04-26 16:19:19.250 D/SPRDENG (  160): 4d
04-26 16:19:19.250 D/SPRDENG (  160): 3d
04-26 16:19:19.250 D/SPRDENG (  160): 30
04-26 16:19:19.250 D/SPRDENG (  160): 2c
04-26 16:19:19.250 D/SPRDENG (  160): 34
04-26 16:19:19.250 D/SPRDENG (  160): 30
04-26 16:19:19.250 D/SPRDENG (  160): 39
04-26 16:19:19.260 D/SPRDENG (  160): eng_modem2server: use SIM1 /dev/CHNPTY13
04-26 16:19:19.260 D/SPRDENG (  160): AT < 
04-26 16:19:19.260 D/SPRDENG (  160): +SNVM: 20,FFFFFFFFFFFF0000000000000000000000000000
04-26 16:19:19.260 D/SPRDENG (  160): 
04-26 16:19:19.260 D/SPRDENG (  160): OK
04-26 16:19:19.260 D/SPRDENG (  160): 
04-26 16:19:19.260 D/BTWIFIMAC(   94): recv_from_modem: Receive 1 Modem Response
04-26 16:19:19.260 D/BTWIFIMAC(   94): read_btwifimac_from_modem: WIFI timeout=60, response=
04-26 16:19:19.260 D/BTWIFIMAC(   94): +SNVM: 20,FFFFFFFFFFFF0000000000000000000000000000
04-26 16:19:19.260 D/BTWIFIMAC(   94): 
04-26 16:19:19.260 D/BTWIFIMAC(   94): OK
04-26 16:19:19.260 D/BTWIFIMAC(   94): 
04-26 16:19:19.260 D/BTWIFIMAC(   94): get_macaddress: mac address is FF:FF:FF:FF:FF:FF
04-26 16:19:19.260 D/BTWIFIMAC(   94): bt_ok:0 wifi_ok:0 
04-26 16:19:19.260 D/BTWIFIMAC(   94): +mac_rand+
04-26 16:19:19.260 D/BTWIFIMAC(   94): mac_rand: /data/rand_mac.txt exists
04-26 16:19:19.260 D/BTWIFIMAC(   94): mac_rand: read /data/rand_mac.txt 00:65:51:4d:eb:0e;00:df:2e:66:ac:0a
04-26 16:19:19.260 D/BTWIFIMAC(   94): mac_rand: read btmac=00:65:51:4d:eb:0e, wifimac=00:df:2e:66:ac:0a
04-26 16:19:19.260 D/BTWIFIMAC(   94): property ro.mac.wifi=00:df:2e:66:ac:0a, ro.mac.bluetooth=00:65:51:4d:eb:0e
04-26 16:19:19.260 D/BTWIFIMAC(   94): write_mac2file: mac=00:df:2e:66:ac:0a, fd[/data/wifimac.txt]=9
04-26 16:19:19.260 D/BTWIFIMAC(   94): write_mac2file: mac=00:65:51:4d:eb:0e, fd[/data/btmac.txt]=9
04-26 16:19:19.260 D/BTWIFIMAC(   94): begin to run  trout_genpskey
04-26 16:19:19.260 D/BTWIFIMAC(   94): run trout_genpskey, ret=0
04-26 16:19:19.280 D/pskey_bt(  329): set BT mac
04-26 16:19:19.280 D/pskey_bt(  329): main, bt_mac from nv:
04-26 16:19:19.280 D/pskey_bt(  329): get_pskey_from_file
04-26 16:19:19.280 D/pskey_bt(  329): open bt pskey structure file fd=7
04-26 16:19:19.300 D/pskey_bt(  329): buf from pskey file:2048
04-26 16:19:19.300 D/pskey_bt(  329): parser_pskey_info
04-26 16:19:19.300 D/pskey_bt(  329): char:0, 0
04-26 16:19:19.300 D/pskey_bt(  329): get_one_item(data) = 0x0
04-26 16:19:19.300 D/pskey_bt(  329): get_next_u8: here:0
04-26 16:19:19.300 D/pskey_bt(  329): char:1, 1
04-26 16:19:19.300 D/pskey_bt(  329): get_one_item(data) = 0x1
04-26 16:19:19.300 D/pskey_bt(  329): get_next_u8: here:1
04-26 16:19:19.300 D/pskey_bt(  329): char:1, 1
04-26 16:19:19.300 D/pskey_bt(  329): get_one_item(data) = 0x1
04-26 16:19:19.300 D/pskey_bt(  329): get_next_u8: here:1
04-26 16:19:19.300 D/pskey_bt(  329): char:1, 1
04-26 16:19:19.300 D/pskey_bt(  329): get_one_item(data) = 0x1
04-26 16:19:19.300 D/pskey_bt(  329): get_next_u8: here:1
04-26 16:19:19.300 D/pskey_bt(  329): char:0, 0
04-26 16:19:19.300 D/pskey_bt(  329): char:1, 1
04-26 16:19:19.300 D/pskey_bt(  329): char:8, 8
04-26 16:19:19.300 D/pskey_bt(  329): char:C, C
04-26 16:19:19.300 D/pskey_bt(  329): char:B, B
04-26 16:19:19.300 D/pskey_bt(  329): char:A, A
04-26 16:19:19.300 D/pskey_bt(  329): char:8, 8
04-26 16:19:19.300 D/pskey_bt(  329): char:0, 0
04-26 16:19:19.300 D/pskey_bt(  329): get_one_item(data) = 0x18cba80
04-26 16:19:19.300 D/pskey_bt(  329): get_next_u32: here:18cba80
04-26 16:19:19.300 D/pskey_bt(  329): char:1, 1
04-26 16:19:19.300 D/pskey_bt(  329): char:f, f
04-26 16:19:19.300 D/pskey_bt(  329): char:0, 0
04-26 16:19:19.300 D/pskey_bt(  329): char:0, 0
04-26 16:19:19.300 D/pskey_bt(  329): get_one_item(data) = 0x1f00
04-26 16:19:19.300 D/pskey_bt(  329): get_next_u32: here:1f00
04-26 16:19:19.300 D/pskey_bt(  329): char:1, 1
04-26 16:19:19.300 D/pskey_bt(  329): char:E, E
04-26 16:19:19.300 D/pskey_bt(  329): get_one_item(data) = 0x1e
04-26 16:19:19.300 D/pskey_bt(  329): get_next_u32: here:1e
04-26 16:19:19.300 D/pskey_bt(  329): char:7, 7
04-26 16:19:19.300 D/pskey_bt(  329): char:B, B
04-26 16:19:19.300 D/pskey_bt(  329): char:0, 0
04-26 16:19:19.300 D/pskey_bt(  329): char:0, 0
04-26 16:19:19.300 D/pskey_bt(  329): char:7, 7
04-26 16:19:19.300 D/pskey_bt(  329): char:C, C
04-26 16:19:19.300 D/pskey_bt(  329): get_one_item(data) = 0x7b007c
04-26 16:19:19.300 D/pskey_bt(  329): get_next_u32: here:7b007c
04-26 16:19:19.300 D/pskey_bt(  329): char:3, 3
04-26 16:19:19.300 D/pskey_bt(  329): char:7, 7
04-26 16:19:19.300 D/pskey_bt(  329): char:0, 0
04-26 16:19:19.300 D/pskey_bt(  329): char:0, 0
04-26 16:19:19.300 D/pskey_bt(  329): char:7, 7
04-26 16:19:19.300 D/pskey_bt(  329): char:A, A
04-26 16:19:19.300 D/pskey_bt(  329): get_one_item(data) = 0x37007a
04-26 16:19:19.300 D/pskey_bt(  329): get_next_u32: here:37007a
04-26 16:19:19.300 D/pskey_bt(  329): char:3, 3
04-26 16:19:19.300 D/pskey_bt(  329): char:5, 5
04-26 16:19:19.300 D/pskey_bt(  329): char:0, 0
04-26 16:19:19.300 D/pskey_bt(  329): char:0, 0
04-26 16:19:19.300 D/pskey_bt(  329): char:3, 3
04-26 16:19:19.300 D/pskey_bt(  329): char:6, 6
04-26 16:19:19.300 D/pskey_bt(  329): get_one_item(data) = 0x350036
04-26 16:19:19.300 D/pskey_bt(  329): get_next_u32: here:350036
04-26 16:19:19.300 D/pskey_bt(  329): char:2, 2
04-26 16:19:19.300 D/pskey_bt(  329): char:9, 9
04-26 16:19:19.300 D/pskey_bt(  329): char:0, 0
04-26 16:19:19.300 D/pskey_bt(  329): char:0, 0
04-26 16:19:19.300 D/pskey_bt(  329): char:3, 3
04-26 16:19:19.300 D/pskey_bt(  329): char:4, 4
04-26 16:19:19.300 D/pskey_bt(  329): get_one_item(data) = 0x290034
04-26 16:19:19.300 D/pskey_bt(  329): get_next_u32: here:290034
04-26 16:19:19.300 D/pskey_bt(  329): char:0, 0
04-26 16:19:19.300 D/pskey_bt(  329): char:A, A
04-26 16:19:19.300 D/pskey_bt(  329): char:0, 0
04-26 16:19:19.300 D/pskey_bt(  329): char:0, 0
04-26 16:19:19.300 D/pskey_bt(  329): char:2, 2
04-26 16:19:19.300 D/pskey_bt(  329): char:8, 8
04-26 16:19:19.300 D/pskey_bt(  329): get_one_item(data) = 0xa0028
04-26 16:19:19.300 D/pskey_bt(  329): get_next_u32: here:a0028
04-26 16:19:19.300 D/pskey_bt(  329): char:0, 0
04-26 16:19:19.300 D/pskey_bt(  329): char:0, 0
04-26 16:19:19.300 D/pskey_bt(  329): char:0, 0
04-26 16:19:19.300 D/pskey_bt(  329): char:6, 6
04-26 16:19:19.300 D/pskey_bt(  329): char:0, 0
04-26 16:19:19.300 D/pskey_bt(  329): char:0, 0
04-26 16:19:19.300 D/pskey_bt(  329): char:0, 0
04-26 16:19:19.300 D/pskey_bt(  329): char:9, 9
04-26 16:19:19.300 D/pskey_bt(  329): get_one_item(data) = 0x60009
04-26 16:19:19.300 D/pskey_bt(  329): get_next_u32: here:60009
04-26 16:19:19.300 D/pskey_bt(  329): end of buff, str=},
04-26 16:19:19.300 D/pskey_bt(  329): {0x0B,0x0A,0x09, 0x08, 0x07},
04-26 16:19:19.300 D/pskey_bt(  329): {0xFF, 0xFF, 0x8D, 0xFE, 0x9B, 0x3F, 0x79, 0x83,
04-26 16:19:19.300 D/pskey_bt(  329):   0xFF, 0xA7, 0xFF, 0x7F, 0x00, 0xE0, 0xF7, 0x3E},
04-26 16:19:19.300 D/pskey_bt(  329): {0xFF, 0xFF, 0xFF, 0xFF, 0xFF, 0xFF},
04-26 16:19:19.300 D/pskey_bt(  329): 0,
04-26 16:19:19.300 D/pskey_bt(  329): 1,
04-26 16:19:19.300 D/pskey_bt(  329): 5,
04-26 16:19:19.300 D/pskey_bt(  329): 0xE,
04-26 16:19:19.300 D/pskey_bt(  329): 1,
04-26 16:19:19.300 D/pskey_bt(  329): 1,
04-26 16:19:19.300 D/pskey_bt(  329): 0x50000000,
04-26 16:19:19.300 D/pskey_bt(  329): 0x50000150,
04-26 16:19:19.300 D/pskey_bt(  329): 0x50000150,
04-26 16:19:19.300 D/pskey_bt(  329): 0x50000154,
04-26 16:19:19.300 D/pskey_bt(  329): 0xFFFFFFFF,
04-26 16:19:19.300 D/pskey_bt(  329): 0x100,
04-26 16:19:19.300 D/pskey_bt(  329): 0xA0,
04-26 16:19:19.300 D/pskey_bt(  329): 0xDC,
04-26 16:19:19.300 D/pskey_bt(  329): 0x20,
04-26 16:19:19.300 D/pskey_bt(  329): 0x55,
04-26 16:19:19.300 D/pskey_bt(  329): 0x64,
04-26 16:19:19.300 D/pskey_bt(  329): 0,
04-26 16:19:19.300 D/pskey_bt(  329): 0x8,
04-26 16:19:19.300 D/pskey_bt(  329): 0x13C,
04-26 16:19:19.300 D/pskey_bt(  329): 0x2,
04-26 16:19:19.300 D/pskey_bt(  329): 0xD704,
04-26 16:19:19.300 D/pskey_bt(  329): 0x88888888,
04-26 16:19:19.300 D/pskey_bt(  329): 0x6,
04-26 16:19:19.300 D/pskey_bt(  329): 0x0,
04-26 16:19:19.300 D/pskey_bt(  329): {0x0001,0x0000,0x0000,0x0000,0x0000,0x0000,0x0000,0x0000,0x0000
04-26 16:19:19.300 D/pskey_bt(  329): char:0, 0
04-26 16:19:19.300 D/pskey_bt(  329): char:B, B
04-26 16:19:19.300 D/pskey_bt(  329): get_one_item(data) = 0xb
04-26 16:19:19.300 D/pskey_bt(  329): get_next_u32: here:b
04-26 16:19:19.300 D/pskey_bt(  329): char:0, 0
04-26 16:19:19.300 D/pskey_bt(  329): char:A, A
04-26 16:19:19.300 D/pskey_bt(  329): get_one_item(data) = 0xa
04-26 16:19:19.300 D/pskey_bt(  329): get_next_u32: here:a
04-26 16:19:19.300 D/pskey_bt(  329): char:0, 0
04-26 16:19:19.300 D/pskey_bt(  329): char:9, 9
04-26 16:19:19.300 D/pskey_bt(  329): get_one_item(data) = 0x9
04-26 16:19:19.300 D/pskey_bt(  329): get_next_u32: here:9
04-26 16:19:19.300 D/pskey_bt(  329): char:0, 0
04-26 16:19:19.300 D/pskey_bt(  329): char:8, 8
04-26 16:19:19.300 D/pskey_bt(  329): get_one_item(data) = 0x8
04-26 16:19:19.300 D/pskey_bt(  329): get_next_u32: here:8
04-26 16:19:19.300 D/pskey_bt(  329): char:0, 0
04-26 16:19:19.300 D/pskey_bt(  329): char:7, 7
04-26 16:19:19.300 D/pskey_bt(  329): get_one_item(data) = 0x7
04-26 16:19:19.300 D/pskey_bt(  329): get_next_u32: here:7
04-26 16:19:19.300 D/pskey_bt(  329): end of buff, str=},
04-26 16:19:19.300 D/pskey_bt(  329): {0xFF, 0xFF, 0x8D, 0xFE, 0x9B, 0x3F, 0x79, 0x83,
04-26 16:19:19.300 D/pskey_bt(  329):   0xFF, 0xA7, 0xFF, 0x7F, 0x00, 0xE0, 0xF7, 0x3E},
04-26 16:19:19.300 D/pskey_bt(  329): {0xFF, 0xFF, 0xFF, 0xFF, 0xFF, 0xFF},
04-26 16:19:19.300 D/pskey_bt(  329): 0,
04-26 16:19:19.300 D/pskey_bt(  329): 1,
04-26 16:19:19.300 D/pskey_bt(  329): 5,
04-26 16:19:19.300 D/pskey_bt(  329): 0xE,
04-26 16:19:19.300 D/pskey_bt(  329): 1,
04-26 16:19:19.300 D/pskey_bt(  329): 1,
04-26 16:19:19.300 D/pskey_bt(  329): 0x50000000,
04-26 16:19:19.300 D/pskey_bt(  329): 0x50000150,
04-26 16:19:19.300 D/pskey_bt(  329): 0x50000150,
04-26 16:19:19.300 D/pskey_bt(  329): 0x50000154,
04-26 16:19:19.300 D/pskey_bt(  329): 0xFFFFFFFF,
04-26 16:19:19.300 D/pskey_bt(  329): 0x100,
04-26 16:19:19.300 D/pskey_bt(  329): 0xA0,
04-26 16:19:19.300 D/pskey_bt(  329): 0xDC,
04-26 16:19:19.300 D/pskey_bt(  329): 0x20,
04-26 16:19:19.300 D/pskey_bt(  329): 0x55,
04-26 16:19:19.300 D/pskey_bt(  329): 0x64,
04-26 16:19:19.300 D/pskey_bt(  329): 0,
04-26 16:19:19.300 D/pskey_bt(  329): 0x8,
04-26 16:19:19.300 D/pskey_bt(  329): 0x13C,
04-26 16:19:19.300 D/pskey_bt(  329): 0x2,
04-26 16:19:19.300 D/pskey_bt(  329): 0xD704,
04-26 16:19:19.300 D/pskey_bt(  329): 0x88888888,
04-26 16:19:19.300 D/pskey_bt(  329): 0x6,
04-26 16:19:19.300 D/pskey_bt(  329): 0x0,
04-26 16:19:19.300 D/pskey_bt(  329): {0x0001,0x0000,0x0000,0x0000,0x0000,0x0000,0x0000,0x0000,0x0000
04-26 16:19:19.300 D/pskey_bt(  329): char:F, F
04-26 16:19:19.300 D/pskey_bt(  329): char:F, F
04-26 16:19:19.300 D/pskey_bt(  329): get_one_item(data) = 0xff
04-26 16:19:19.300 D/pskey_bt(  329): get_next_u8: here:ff
04-26 16:19:19.300 D/pskey_bt(  329): char:F, F
04-26 16:19:19.300 D/pskey_bt(  329): char:F, F
04-26 16:19:19.300 D/pskey_bt(  329): get_one_item(data) = 0xff
04-26 16:19:19.300 D/pskey_bt(  329): get_next_u8: here:ff
04-26 16:19:19.300 D/pskey_bt(  329): char:8, 8
04-26 16:19:19.300 D/pskey_bt(  329): char:D, D
04-26 16:19:19.300 D/pskey_bt(  329): get_one_item(data) = 0x8d
04-26 16:19:19.300 D/pskey_bt(  329): get_next_u8: here:8d
04-26 16:19:19.300 D/pskey_bt(  329): char:F, F
04-26 16:19:19.300 D/pskey_bt(  329): char:E, E
04-26 16:19:19.300 D/pskey_bt(  329): get_one_item(data) = 0xfe
04-26 16:19:19.300 D/pskey_bt(  329): get_next_u8: here:fe
04-26 16:19:19.300 D/pskey_bt(  329): char:9, 9
04-26 16:19:19.300 D/pskey_bt(  329): char:B, B
04-26 16:19:19.300 D/pskey_bt(  329): get_one_item(data) = 0x9b
04-26 16:19:19.300 D/pskey_bt(  329): get_next_u8: here:9b
04-26 16:19:19.300 D/pskey_bt(  329): char:3, 3
04-26 16:19:19.300 D/pskey_bt(  329): char:F, F
04-26 16:19:19.300 D/pskey_bt(  329): get_one_item(data) = 0x3f
04-26 16:19:19.300 D/pskey_bt(  329): get_next_u8: here:3f
04-26 16:19:19.300 D/pskey_bt(  329): char:7, 7
04-26 16:19:19.300 D/pskey_bt(  329): char:9, 9
04-26 16:19:19.300 D/pskey_bt(  329): get_one_item(data) = 0x79
04-26 16:19:19.300 D/pskey_bt(  329): get_next_u8: here:79
04-26 16:19:19.300 D/pskey_bt(  329): char:8, 8
04-26 16:19:19.300 D/pskey_bt(  329): char:3, 3
04-26 16:19:19.300 D/pskey_bt(  329): get_one_item(data) = 0x83
04-26 16:19:19.300 D/pskey_bt(  329): get_next_u8: here:83
04-26 16:19:19.300 D/pskey_bt(  329): char:F, F
04-26 16:19:19.300 D/pskey_bt(  329): char:F, F
04-26 16:19:19.300 D/pskey_bt(  329): get_one_item(data) = 0xff
04-26 16:19:19.300 D/pskey_bt(  329): get_next_u8: here:ff
04-26 16:19:19.300 D/pskey_bt(  329): char:A, A
04-26 16:19:19.300 D/pskey_bt(  329): char:7, 7
04-26 16:19:19.300 D/pskey_bt(  329): get_one_item(data) = 0xa7
04-26 16:19:19.300 D/pskey_bt(  329): get_next_u8: here:a7
04-26 16:19:19.300 D/pskey_bt(  329): char:F, F
04-26 16:19:19.300 D/pskey_bt(  329): char:F, F
04-26 16:19:19.300 D/pskey_bt(  329): get_one_item(data) = 0xff
04-26 16:19:19.300 D/pskey_bt(  329): get_next_u8: here:ff
04-26 16:19:19.300 D/pskey_bt(  329): char:7, 7
04-26 16:19:19.300 D/pskey_bt(  329): char:F, F
04-26 16:19:19.300 D/pskey_bt(  329): get_one_item(data) = 0x7f
04-26 16:19:19.300 D/pskey_bt(  329): get_next_u8: here:7f
04-26 16:19:19.300 D/pskey_bt(  329): char:0, 0
04-26 16:19:19.300 D/pskey_bt(  329): char:0, 0
04-26 16:19:19.300 D/pskey_bt(  329): get_one_item(data) = 0x0
04-26 16:19:19.300 D/pskey_bt(  329): get_next_u8: here:0
04-26 16:19:19.300 D/pskey_bt(  329): char:E, E
04-26 16:19:19.300 D/pskey_bt(  329): char:0, 0
04-26 16:19:19.300 D/pskey_bt(  329): get_one_item(data) = 0xe0
04-26 16:19:19.300 D/pskey_bt(  329): get_next_u8: here:e0
04-26 16:19:19.300 D/pskey_bt(  329): char:F, F
04-26 16:19:19.300 D/pskey_bt(  329): char:7, 7
04-26 16:19:19.300 D/pskey_bt(  329): get_one_item(data) = 0xf7
04-26 16:19:19.300 D/pskey_bt(  329): get_next_u8: here:f7
04-26 16:19:19.300 D/pskey_bt(  329): char:3, 3
04-26 16:19:19.300 D/pskey_bt(  329): char:E, E
04-26 16:19:19.300 D/pskey_bt(  329): get_one_item(data) = 0x3e
04-26 16:19:19.300 D/pskey_bt(  329): get_next_u8: here:3e
04-26 16:19:19.300 D/pskey_bt(  329): end of buff, str=},
04-26 16:19:19.300 D/pskey_bt(  329): {0xFF, 0xFF, 0xFF, 0xFF, 0xFF, 0xFF},
04-26 16:19:19.300 D/pskey_bt(  329): 0,
04-26 16:19:19.300 D/pskey_bt(  329): 1,
04-26 16:19:19.300 D/pskey_bt(  329): 5,
04-26 16:19:19.300 D/pskey_bt(  329): 0xE,
04-26 16:19:19.300 D/pskey_bt(  329): 1,
04-26 16:19:19.300 D/pskey_bt(  329): 1,
04-26 16:19:19.300 D/pskey_bt(  329): 0x50000000,
04-26 16:19:19.300 D/pskey_bt(  329): 0x50000150,
04-26 16:19:19.300 D/pskey_bt(  329): 0x50000150,
04-26 16:19:19.300 D/pskey_bt(  329): 0x50000154,
04-26 16:19:19.300 D/pskey_bt(  329): 0xFFFFFFFF,
04-26 16:19:19.300 D/pskey_bt(  329): 0x100,
04-26 16:19:19.300 D/pskey_bt(  329): 0xA0,
04-26 16:19:19.300 D/pskey_bt(  329): 0xDC,
04-26 16:19:19.300 D/pskey_bt(  329): 0x20,
04-26 16:19:19.300 D/pskey_bt(  329): 0x55,
04-26 16:19:19.300 D/pskey_bt(  329): 0x64,
04-26 16:19:19.300 D/pskey_bt(  329): 0,
04-26 16:19:19.300 D/pskey_bt(  329): 0x8,
04-26 16:19:19.300 D/pskey_bt(  329): 0x13C,
04-26 16:19:19.300 D/pskey_bt(  329): 0x2,
04-26 16:19:19.300 D/pskey_bt(  329): 0xD704,
04-26 16:19:19.300 D/pskey_bt(  329): 0x88888888,
04-26 16:19:19.300 D/pskey_bt(  329): 0x6,
04-26 16:19:19.300 D/pskey_bt(  329): 0x0,
04-26 16:19:19.300 D/pskey_bt(  329): {0x0001,0x0000,0x0000,0x0000,0x0000,0x0000,0x0000,0x0000,0x0000
04-26 16:19:19.300 D/pskey_bt(  329): char:F, F
04-26 16:19:19.300 D/pskey_bt(  329): char:F, F
04-26 16:19:19.300 D/pskey_bt(  329): get_one_item(data) = 0xff
04-26 16:19:19.300 D/pskey_bt(  329): get_next_u8: here:ff
04-26 16:19:19.300 D/pskey_bt(  329): char:F, F
04-26 16:19:19.300 D/pskey_bt(  329): char:F, F
04-26 16:19:19.300 D/pskey_bt(  329): get_one_item(data) = 0xff
04-26 16:19:19.300 D/pskey_bt(  329): get_next_u8: here:ff
04-26 16:19:19.300 D/pskey_bt(  329): char:F, F
04-26 16:19:19.300 D/pskey_bt(  329): char:F, F
04-26 16:19:19.300 D/pskey_bt(  329): get_one_item(data) = 0xff
04-26 16:19:19.300 D/pskey_bt(  329): get_next_u8: here:ff
04-26 16:19:19.300 D/pskey_bt(  329): char:F, F
04-26 16:19:19.300 D/pskey_bt(  329): char:F, F
04-26 16:19:19.300 D/pskey_bt(  329): get_one_item(data) = 0xff
04-26 16:19:19.300 D/pskey_bt(  329): get_next_u8: here:ff
04-26 16:19:19.300 D/pskey_bt(  329): char:F, F
04-26 16:19:19.300 D/pskey_bt(  329): char:F, F
04-26 16:19:19.300 D/pskey_bt(  329): get_one_item(data) = 0xff
04-26 16:19:19.300 D/pskey_bt(  329): get_next_u8: here:ff
04-26 16:19:19.300 D/pskey_bt(  329): char:F, F
04-26 16:19:19.300 D/pskey_bt(  329): char:F, F
04-26 16:19:19.300 D/pskey_bt(  329): get_one_item(data) = 0xff
04-26 16:19:19.300 D/pskey_bt(  329): get_next_u8: here:ff
04-26 16:19:19.300 D/pskey_bt(  329): end of buff, str=},
04-26 16:19:19.300 D/pskey_bt(  329): 0,
04-26 16:19:19.300 D/pskey_bt(  329): 1,
04-26 16:19:19.300 D/pskey_bt(  329): 5,
04-26 16:19:19.300 D/pskey_bt(  329): 0xE,
04-26 16:19:19.300 D/pskey_bt(  329): 1,
04-26 16:19:19.300 D/pskey_bt(  329): 1,
04-26 16:19:19.300 D/pskey_bt(  329): 0x50000000,
04-26 16:19:19.300 D/pskey_bt(  329): 0x50000150,
04-26 16:19:19.300 D/pskey_bt(  329): 0x50000150,
04-26 16:19:19.300 D/pskey_bt(  329): 0x50000154,
04-26 16:19:19.300 D/pskey_bt(  329): 0xFFFFFFFF,
04-26 16:19:19.300 D/pskey_bt(  329): 0x100,
04-26 16:19:19.300 D/pskey_bt(  329): 0xA0,
04-26 16:19:19.300 D/pskey_bt(  329): 0xDC,
04-26 16:19:19.300 D/pskey_bt(  329): 0x20,
04-26 16:19:19.300 D/pskey_bt(  329): 0x55,
04-26 16:19:19.300 D/pskey_bt(  329): 0x64,
04-26 16:19:19.300 D/pskey_bt(  329): 0,
04-26 16:19:19.300 D/pskey_bt(  329): 0x8,
04-26 16:19:19.300 D/pskey_bt(  329): 0x13C,
04-26 16:19:19.300 D/pskey_bt(  329): 0x2,
04-26 16:19:19.300 D/pskey_bt(  329): 0xD704,
04-26 16:19:19.300 D/pskey_bt(  329): 0x88888888,
04-26 16:19:19.300 D/pskey_bt(  329): 0x6,
04-26 16:19:19.300 D/pskey_bt(  329): 0x0,
04-26 16:19:19.300 D/pskey_bt(  329): {0x0001,0x0000,0x0000,0x0000,0x0000,0x0000,0x0000,0x0000,0x0000
04-26 16:19:19.300 D/pskey_bt(  329): char:0, 0
04-26 16:19:19.300 D/pskey_bt(  329): get_one_item(data) = 0x0
04-26 16:19:19.300 D/pskey_bt(  329): get_next_u8: here:0
04-26 16:19:19.300 D/pskey_bt(  329): char:1, 1
04-26 16:19:19.300 D/pskey_bt(  329): get_one_item(data) = 0x1
04-26 16:19:19.300 D/pskey_bt(  329): get_next_u8: here:1
04-26 16:19:19.300 D/pskey_bt(  329): char:5, 5
04-26 16:19:19.300 D/pskey_bt(  329): get_one_item(data) = 0x5
04-26 16:19:19.300 D/pskey_bt(  329): get_next_u8: here:5
04-26 16:19:19.300 D/pskey_bt(  329): char:E, E
04-26 16:19:19.300 D/pskey_bt(  329): get_one_item(data) = 0xe
04-26 16:19:19.300 D/pskey_bt(  329): get_next_u8: here:e
04-26 16:19:19.300 D/pskey_bt(  329): char:1, 1
04-26 16:19:19.300 D/pskey_bt(  329): get_one_item(data) = 0x1
04-26 16:19:19.300 D/pskey_bt(  329): get_next_u8: here:1
04-26 16:19:19.300 D/pskey_bt(  329): char:1, 1
04-26 16:19:19.300 D/pskey_bt(  329): get_one_item(data) = 0x1
04-26 16:19:19.300 D/pskey_bt(  329): get_next_u8: here:1
04-26 16:19:19.300 D/pskey_bt(  329): char:5, 5
04-26 16:19:19.300 D/pskey_bt(  329): char:0, 0
04-26 16:19:19.300 D/pskey_bt(  329): char:0, 0
04-26 16:19:19.300 D/pskey_bt(  329): char:0, 0
04-26 16:19:19.300 D/pskey_bt(  329): char:0, 0
04-26 16:19:19.300 D/pskey_bt(  329): char:0, 0
04-26 16:19:19.300 D/pskey_bt(  329): char:0, 0
04-26 16:19:19.300 D/pskey_bt(  329): char:0, 0
04-26 16:19:19.300 D/pskey_bt(  329): get_one_item(data) = 0x50000000
04-26 16:19:19.300 D/pskey_bt(  329): get_next_u32: here:50000000
04-26 16:19:19.300 D/pskey_bt(  329): char:5, 5
04-26 16:19:19.300 D/pskey_bt(  329): char:0, 0
04-26 16:19:19.300 D/pskey_bt(  329): char:0, 0
04-26 16:19:19.300 D/pskey_bt(  329): char:0, 0
04-26 16:19:19.300 D/pskey_bt(  329): char:0, 0
04-26 16:19:19.300 D/pskey_bt(  329): char:1, 1
04-26 16:19:19.300 D/pskey_bt(  329): char:5, 5
04-26 16:19:19.300 D/pskey_bt(  329): char:0, 0
04-26 16:19:19.300 D/pskey_bt(  329): get_one_item(data) = 0x50000150
04-26 16:19:19.300 D/pskey_bt(  329): get_next_u32: here:50000150
04-26 16:19:19.300 D/pskey_bt(  329): char:5, 5
04-26 16:19:19.300 D/pskey_bt(  329): char:0, 0
04-26 16:19:19.300 D/pskey_bt(  329): char:0, 0
04-26 16:19:19.300 D/pskey_bt(  329): char:0, 0
04-26 16:19:19.300 D/pskey_bt(  329): char:0, 0
04-26 16:19:19.300 D/pskey_bt(  329): char:1, 1
04-26 16:19:19.300 D/pskey_bt(  329): char:5, 5
04-26 16:19:19.300 D/pskey_bt(  329): char:0, 0
04-26 16:19:19.300 D/pskey_bt(  329): get_one_item(data) = 0x50000150
04-26 16:19:19.300 D/pskey_bt(  329): get_next_u32: here:50000150
04-26 16:19:19.300 D/pskey_bt(  329): char:5, 5
04-26 16:19:19.300 D/pskey_bt(  329): char:0, 0
04-26 16:19:19.300 D/pskey_bt(  329): char:0, 0
04-26 16:19:19.300 D/pskey_bt(  329): char:0, 0
04-26 16:19:19.300 D/pskey_bt(  329): char:0, 0
04-26 16:19:19.300 D/pskey_bt(  329): char:1, 1
04-26 16:19:19.300 D/pskey_bt(  329): char:5, 5
04-26 16:19:19.300 D/pskey_bt(  329): char:4, 4
04-26 16:19:19.300 D/pskey_bt(  329): get_one_item(data) = 0x50000154
04-26 16:19:19.300 D/pskey_bt(  329): get_next_u32: here:50000154
04-26 16:19:19.300 D/pskey_bt(  329): char:F, F
04-26 16:19:19.300 D/pskey_bt(  329): char:F, F
04-26 16:19:19.300 D/pskey_bt(  329): char:F, F
04-26 16:19:19.300 D/pskey_bt(  329): char:F, F
04-26 16:19:19.300 D/pskey_bt(  329): char:F, F
04-26 16:19:19.300 D/pskey_bt(  329): char:F, F
04-26 16:19:19.300 D/pskey_bt(  329): char:F, F
04-26 16:19:19.300 D/pskey_bt(  329): char:F, F
04-26 16:19:19.300 D/pskey_bt(  329): get_one_item(data) = 0xffffffff
04-26 16:19:19.300 D/pskey_bt(  329): get_next_u32: here:ffffffff
04-26 16:19:19.300 D/pskey_bt(  329): char:1, 1
04-26 16:19:19.300 D/pskey_bt(  329): char:0, 0
04-26 16:19:19.300 D/pskey_bt(  329): char:0, 0
04-26 16:19:19.300 D/pskey_bt(  329): get_one_item(data) = 0x100
04-26 16:19:19.300 D/pskey_bt(  329): get_next_u16: here:100
04-26 16:19:19.300 D/pskey_bt(  329): char:A, A
04-26 16:19:19.300 D/pskey_bt(  329): char:0, 0
04-26 16:19:19.300 D/pskey_bt(  329): get_one_item(data) = 0xa0
04-26 16:19:19.300 D/pskey_bt(  329): get_next_u16: here:a0
04-26 16:19:19.300 D/pskey_bt(  329): char:D, D
04-26 16:19:19.300 D/pskey_bt(  329): char:C, C
04-26 16:19:19.300 D/pskey_bt(  329): get_one_item(data) = 0xdc
04-26 16:19:19.300 D/pskey_bt(  329): get_next_u16: here:dc
04-26 16:19:19.300 D/pskey_bt(  329): char:2, 2
04-26 16:19:19.300 D/pskey_bt(  329): char:0, 0
04-26 16:19:19.300 D/pskey_bt(  329): get_one_item(data) = 0x20
04-26 16:19:19.300 D/pskey_bt(  329): get_next_u16: here:20
04-26 16:19:19.300 D/pskey_bt(  329): char:5, 5
04-26 16:19:19.300 D/pskey_bt(  329): char:5, 5
04-26 16:19:19.300 D/pskey_bt(  329): get_one_item(data) = 0x55
04-26 16:19:19.300 D/pskey_bt(  329): get_next_u16: here:55
04-26 16:19:19.300 D/pskey_bt(  329): char:6, 6
04-26 16:19:19.300 D/pskey_bt(  329): char:4, 4
04-26 16:19:19.300 D/pskey_bt(  329): get_one_item(data) = 0x64
04-26 16:19:19.300 D/pskey_bt(  329): get_next_u16: here:64
04-26 16:19:19.300 D/pskey_bt(  329): char:0, 0
04-26 16:19:19.300 D/pskey_bt(  329): get_one_item(data) = 0x0
04-26 16:19:19.300 D/pskey_bt(  329): get_next_u32: here:0
04-26 16:19:19.300 D/pskey_bt(  329): char:8, 8
04-26 16:19:19.300 D/pskey_bt(  329): get_one_item(data) = 0x8
04-26 16:19:19.300 D/pskey_bt(  329): get_next_u16: here:8
04-26 16:19:19.300 D/pskey_bt(  329): char:1, 1
04-26 16:19:19.300 D/pskey_bt(  329): char:3, 3
04-26 16:19:19.300 D/pskey_bt(  329): char:C, C
04-26 16:19:19.300 D/pskey_bt(  329): get_one_item(data) = 0x13c
04-26 16:19:19.300 D/pskey_bt(  329): get_next_u16: here:13c
04-26 16:19:19.300 D/pskey_bt(  329): char:2, 2
04-26 16:19:19.300 D/pskey_bt(  329): get_one_item(data) = 0x2
04-26 16:19:19.300 D/pskey_bt(  329): get_next_u16: here:2
04-26 16:19:19.300 D/pskey_bt(  329): char:D, D
04-26 16:19:19.300 D/pskey_bt(  329): char:7, 7
04-26 16:19:19.300 D/pskey_bt(  329): char:0, 0
04-26 16:19:19.300 D/pskey_bt(  329): char:4, 4
04-26 16:19:19.300 D/pskey_bt(  329): get_one_item(data) = 0xd704
04-26 16:19:19.300 D/pskey_bt(  329): get_next_u16: here:d704
04-26 16:19:19.300 D/pskey_bt(  329): char:8, 8
04-26 16:19:19.300 D/pskey_bt(  329): char:8, 8
04-26 16:19:19.300 D/pskey_bt(  329): char:8, 8
04-26 16:19:19.300 D/pskey_bt(  329): char:8, 8
04-26 16:19:19.300 D/pskey_bt(  329): char:8, 8
04-26 16:19:19.300 D/pskey_bt(  329): char:8, 8
04-26 16:19:19.300 D/pskey_bt(  329): char:8, 8
04-26 16:19:19.300 D/pskey_bt(  329): char:8, 8
04-26 16:19:19.300 D/pskey_bt(  329): get_one_item(data) = 0x88888888
04-26 16:19:19.300 D/pskey_bt(  329): get_next_u32: here:88888888
04-26 16:19:19.300 D/pskey_bt(  329): char:6, 6
04-26 16:19:19.300 D/pskey_bt(  329): get_one_item(data) = 0x6
04-26 16:19:19.300 D/pskey_bt(  329): get_next_u16: here:6
04-26 16:19:19.300 D/pskey_bt(  329): char:0, 0
04-26 16:19:19.300 D/pskey_bt(  329): get_one_item(data) = 0x0
04-26 16:19:19.300 D/pskey_bt(  329): get_next_u16: here:0
04-26 16:19:19.300 D/pskey_bt(  329): char:0, 0
04-26 16:19:19.300 D/pskey_bt(  329): char:0, 0
04-26 16:19:19.300 D/pskey_bt(  329): char:0, 0
04-26 16:19:19.300 D/pskey_bt(  329): char:1, 1
04-26 16:19:19.300 D/pskey_bt(  329): get_one_item(data) = 0x1
04-26 16:19:19.300 D/pskey_bt(  329): get_next_u32: here:1
04-26 16:19:19.300 D/pskey_bt(  329): char:0, 0
04-26 16:19:19.300 D/pskey_bt(  329): char:0, 0
04-26 16:19:19.300 D/pskey_bt(  329): char:0, 0
04-26 16:19:19.300 D/pskey_bt(  329): char:0, 0
04-26 16:19:19.300 D/pskey_bt(  329): get_one_item(data) = 0x0
04-26 16:19:19.300 D/pskey_bt(  329): get_next_u32: here:0
04-26 16:19:19.300 D/pskey_bt(  329): char:0, 0
04-26 16:19:19.300 D/pskey_bt(  329): char:0, 0
04-26 16:19:19.300 D/pskey_bt(  329): char:0, 0
04-26 16:19:19.300 D/pskey_bt(  329): char:0, 0
04-26 16:19:19.300 D/pskey_bt(  329): get_one_item(data) = 0x0
04-26 16:19:19.300 D/pskey_bt(  329): get_next_u32: here:0
04-26 16:19:19.300 D/pskey_bt(  329): char:0, 0
04-26 16:19:19.300 D/pskey_bt(  329): char:0, 0
04-26 16:19:19.300 D/pskey_bt(  329): char:0, 0
04-26 16:19:19.300 D/pskey_bt(  329): char:0, 0
04-26 16:19:19.300 D/pskey_bt(  329): get_one_item(data) = 0x0
04-26 16:19:19.300 D/pskey_bt(  329): get_next_u32: here:0
04-26 16:19:19.300 D/pskey_bt(  329): char:0, 0
04-26 16:19:19.300 D/pskey_bt(  329): char:0, 0
04-26 16:19:19.300 D/pskey_bt(  329): char:0, 0
04-26 16:19:19.300 D/pskey_bt(  329): char:0, 0
04-26 16:19:19.300 D/pskey_bt(  329): get_one_item(data) = 0x0
04-26 16:19:19.300 D/pskey_bt(  329): get_next_u32: here:0
04-26 16:19:19.300 D/pskey_bt(  329): char:0, 0
04-26 16:19:19.300 D/pskey_bt(  329): char:0, 0
04-26 16:19:19.300 D/pskey_bt(  329): char:0, 0
04-26 16:19:19.300 D/pskey_bt(  329): char:0, 0
04-26 16:19:19.300 D/pskey_bt(  329): get_one_item(data) = 0x0
04-26 16:19:19.300 D/pskey_bt(  329): get_next_u32: here:0
04-26 16:19:19.300 D/pskey_bt(  329): char:0, 0
04-26 16:19:19.300 D/pskey_bt(  329): char:0, 0
04-26 16:19:19.300 D/pskey_bt(  329): char:0, 0
04-26 16:19:19.300 D/pskey_bt(  329): char:0, 0
04-26 16:19:19.300 D/pskey_bt(  329): get_one_item(data) = 0x0
04-26 16:19:19.300 D/pskey_bt(  329): get_next_u32: here:0
04-26 16:19:19.300 D/pskey_bt(  329): char:0, 0
04-26 16:19:19.300 D/pskey_bt(  329): char:0, 0
04-26 16:19:19.300 D/pskey_bt(  329): char:0, 0
04-26 16:19:19.300 D/pskey_bt(  329): char:0, 0
04-26 16:19:19.300 D/pskey_bt(  329): get_one_item(data) = 0x0
04-26 16:19:19.300 D/pskey_bt(  329): get_next_u32: here:0
04-26 16:19:19.300 D/pskey_bt(  329): char:0, 0
04-26 16:19:19.300 D/pskey_bt(  329): char:0, 0
04-26 16:19:19.300 D/pskey_bt(  329): char:0, 0
04-26 16:19:19.300 D/pskey_bt(  329): char:0, 0
04-26 16:19:19.300 D/pskey_bt(  329): get_one_item(data) = 0x0
04-26 16:19:19.300 D/pskey_bt(  329): get_next_u32: here:0
04-26 16:19:19.300 D/pskey_bt(  329): get_one_item(data) = 0x0
04-26 16:19:19.300 D/pskey_bt(  329): get_next_u32: here:0
04-26 16:19:19.300 D/pskey_bt(  329): leave out tmp_buff=
04-26 16:19:19.300 D/pskey_bt(  329): parse pskey success, tmp_buff=0x1b73120
04-26 16:19:19.300 D/pskey_bt(  329): ret get pskey from file =0
04-26 16:19:19.300 D/pskey_bt(  329): data/btmac.txt does not exist 0 
04-26 16:19:19.400 D/pskey_bt(  329): tmp_mac:0065514deb0e
04-26 16:19:19.400 D/pskey_bt(  329): e  
04-26 16:19:19.400 D/pskey_bt(  329): eb  
04-26 16:19:19.400 D/pskey_bt(  329): 4d  
04-26 16:19:19.400 D/pskey_bt(  329): 51  
04-26 16:19:19.400 D/pskey_bt(  329): 65  
04-26 16:19:19.400 D/pskey_bt(  329): 0  
04-26 16:19:19.760 I/nsVolume(   84): nsVolume: sdcard state Mounted @ '/mnt/sdcard' gen 1 locked 0 fake 0 media 1 sharing 0 formatting 0
04-26 16:19:19.760 I/AutoMounter(   84): UpdateState: umsAvail:1 umsEnabled:1 mode:0 usbCablePluggedIn:1 tryToShare:0
04-26 16:19:19.760 I/AutoMounter(   84): UpdateState: Volume sdcard is Mounted and inserted @ /mnt/sdcard gen 1 locked 0 sharing n
04-26 16:19:19.760 I/AutoMounter(   84): UpdateState: umsAvail:1 umsEnabled:1 mode:0 usbCablePluggedIn:1 tryToShare:0
04-26 16:19:19.760 I/AutoMounter(   84): UpdateState: Volume sdcard is Mounted and inserted @ /mnt/sdcard gen 1 locked 0 sharing n
04-26 16:19:19.870 I/Gonk    (   84): RIL[0]: OnConnectSuccess
04-26 16:19:20.050 I/Gonk    (   84): RIL[1]: OnConnectSuccess
04-26 16:19:20.260 I/Gecko   (   84): 1398554360266	Marionette	DEBUG	accepted connection on 127.0.0.1:38503
04-26 16:19:20.570 E/bluedroid(   84): test bt_is_enabled
04-26 16:19:21.290 D/NetUtils(   84): failed to remove default route for wlan0: No such device
04-26 16:19:21.300 W/WifiHW  (   84): wifi_load_driver enter 262
04-26 16:19:21.300 W/WifiHW  (   84): DRIVER_MODULE_PATH= DRIVER_MODULE_ARG= 
04-26 16:19:21.300 W/WifiHW  (   84): driver insmod complete 
04-26 16:19:21.300 W/WifiHW  (   84): Driver() loaded succesffuly
04-26 16:19:21.600 W/WifiHW  (   87): wifi_change_fw_path: /system/lib/modules/itm_sta.ko
04-26 16:19:21.600 D/WifiHW  (   87): Unable to unload driver module "itm_ap.ko": No such file or directory
04-26 16:19:21.800 D/WifiHW  (   87): Unable to unload driver module "itm_sta.ko": No such file or directory
04-26 16:19:22.000 W/WifiHW  (   87): insmod filename=/system/lib/modules/itm_sta.ko args= 
04-26 16:19:22.350 V/AudioPolicyManagerBase(   89): setStreamVolumeIndex() stream 3, index 0
04-26 16:19:22.350 E/AudioPolicyManagerBase(   89): checkAndSetVolume stream=3, index=0, output=1, device=2
04-26 16:19:22.350 E/AudioPolicyManagerBase(   89): computeVolume, streamDesc=0x1f5bbf0
04-26 16:19:22.350 V/AudioPolicyManagerBase(   89): setStreamVolume() for output 1 stream 3, volume 0.000000, delay 0
04-26 16:19:22.350 V/AudioPolicyManagerBase(   89): setStreamVolumeIndex() stream 1, index 0
04-26 16:19:22.350 E/AudioPolicyManagerBase(   89): checkAndSetVolume stream=1, index=0, output=1, device=2
04-26 16:19:22.350 E/AudioPolicyManagerBase(   89): computeVolume, streamDesc=0x1f5bbb8
04-26 16:19:22.350 V/AudioPolicyManagerBase(   89): setStreamVolume() for output 1 stream 1, volume 0.000000, delay 0
04-26 16:19:22.350 V/AudioPolicyManagerBase(   89): setStreamVolumeIndex() stream 5, index 0
04-26 16:19:22.350 E/AudioPolicyManagerBase(   89): checkAndSetVolume stream=5, index=0, output=1, device=2
04-26 16:19:22.350 E/AudioPolicyManagerBase(   89): computeVolume, streamDesc=0x1f5bc28
04-26 16:19:22.350 V/AudioPolicyManagerBase(   89): setStreamVolume() for output 1 stream 5, volume 0.000000, delay 0
04-26 16:19:22.350 V/AudioPolicyManagerBase(   89): setStreamVolumeIndex() stream 2, index 0
04-26 16:19:22.350 E/AudioPolicyManagerBase(   89): checkAndSetVolume stream=2, index=0, output=1, device=2
04-26 16:19:22.350 E/AudioPolicyManagerBase(   89): computeVolume, streamDesc=0x1f5bbd4
04-26 16:19:22.350 V/AudioPolicyManagerBase(   89): setStreamVolume() for output 1 stream 2, volume 0.000000, delay 0
04-26 16:19:22.350 V/AudioPolicyManagerBase(   89): setStreamVolumeIndex() stream 4, index 15
04-26 16:19:22.350 E/AudioPolicyManagerBase(   89): checkAndSetVolume stream=4, index=15, output=1, device=2
04-26 16:19:22.350 E/AudioPolicyManagerBase(   89): computeVolume, streamDesc=0x1f5bc0c
04-26 16:19:22.350 V/AudioPolicyManagerBase(   89): VOLUME vol index=[66 100 100], dB=[-10.2 0.0 0.0] ampl=1.00000
04-26 16:19:22.360 V/AudioPolicyManagerBase(   89): setStreamVolumeIndex() stream 0, index 5
04-26 16:19:22.360 E/AudioPolicyManagerBase(   89): checkAndSetVolume stream=0, index=5, output=1, device=2
04-26 16:19:22.360 E/AudioPolicyManagerBase(   89): computeVolume, streamDesc=0x1f5bb9c
04-26 16:19:22.360 V/AudioPolicyManagerBase(   89): VOLUME vol index=[66 100 100], dB=[-17.0 0.0 0.0] ampl=1.00000
04-26 16:19:22.360 V/AudioPolicyManagerBase(   89): setStreamVolumeIndex() stream 6, index 15
04-26 16:19:22.360 V/AudioPolicyManagerBase(   89): checkAndSetVolume() cannot set stream 6 volume with force use = 0 for comm
04-26 16:19:22.620 I/Gecko   (   84): -*- RadioInterface[0]: _lastKnownHomeNetwork: 310-410
04-26 16:19:22.620 I/Gecko   (   84): -*- RadioInterface[1]: _lastKnownHomeNetwork: 214-07
04-26 16:19:23.090 E/Profiler(  345): BEGIN mozilla_sampler_init
04-26 16:19:23.090 E/Profiler(  345): BPUnw: [1 total] thread_register_for_profiling(me=0x4013f488, stacktop=0xbedb89b7)
04-26 16:19:23.090 E/Profiler(  345): SPS:
04-26 16:19:23.090 E/Profiler(  345): SPS: Unwind mode       = pseudo
04-26 16:19:23.090 E/Profiler(  345): SPS: Sampling interval = 0 ms (zero means "platform default")
04-26 16:19:23.090 E/Profiler(  345): SPS: Entry store size  = 0 (zero means "platform default")
04-26 16:19:23.090 E/Profiler(  345): SPS: UnwindStackScan   = 0 (max dubious frames per unwind).
04-26 16:19:23.090 E/Profiler(  345): SPS: Use env var MOZ_PROFILER_MODE=help for further information.
04-26 16:19:23.090 E/Profiler(  345): SPS:
04-26 16:19:23.090 E/Profiler(  345): Registering start signal
04-26 16:19:23.400 I/Gecko   (   84): -*- RadioInterface[0]: _lastKnownHomeNetwork: 310-410
04-26 16:19:23.430 I/VolumeManager(   84): SetSharingMode for volume sdcard to 1 canBeShared = 1
04-26 16:19:23.430 I/AutoMounter(   84): UpdateState: umsAvail:1 umsEnabled:1 mode:0 usbCablePluggedIn:1 tryToShare:0
04-26 16:19:23.430 I/AutoMounter(   84): UpdateState: Volume sdcard is Mounted and inserted @ /mnt/sdcard gen 1 locked 0 sharing y
04-26 16:19:23.580 E/GeckoConsole(  345): Could not read chrome manifest 'file:///system/b2g/chrome.manifest'.
04-26 16:19:23.780 I/Gecko   (   84): ###################################### forms.js loaded
04-26 16:19:23.800 I/Gecko   (   84): ############################### browserElementPanning.js loaded
04-26 16:19:23.880 I/Gecko   (   84): ######################## BrowserElementChildPreload.js loaded
04-26 16:19:23.970 I/Gecko   (   84): *** UTM:SVC TimerManager:registerTimer - id: user-agent-updates-timer
04-26 16:19:23.970 E/GeckoConsole(   84): UTM:SVC TimerManager:registerTimer - id: user-agent-updates-timer
04-26 16:19:24.280 E/Profiler(   84): BPUnw: [1 total] thread_unregister_for_profiling(me=0xa742f8)  (NOT REGISTERED) 
04-26 16:19:24.630 I/GeckoDump(   84): Crash reporter : Can't fetch app.reportCrashes. Exception: [Exception... "Component returned failure code: 0x8000ffff (NS_ERROR_UNEXPECTED) [nsIPrefBranch.getBoolPref]"  nsresult: "0x8000ffff (NS_ERROR_UNEXPECTED)"  location: "JS frame :: chrome://browser/content/shell.js :: shell_reportCrash :: line 7"  data: no]
04-26 16:19:25.020 D/SoftapController(   87): Softap fwReload - Ok
04-26 16:19:25.020 E/BandwidthController(   87): No such iface wlan0 to delete
04-26 16:19:25.420 E/GeckoConsole(   84): [JavaScript Warning: "Error in parsing value for 'font-weight'.  Declaration dropped." {file: "app://system.gaiamobile.org/style/shrinking_ui/shrinking_ui.css" line: 9 column: 15 source: "  font-weight: medium;"}]
04-26 16:19:25.870 D/Sensors (   84): activate handle=0; drv=0
04-26 16:19:25.870 D/Sensors (   84): Lis3dhSensor: Control set 0
04-26 16:19:25.870 D/Sensors (   84): Lis3dhSensor: mEnabled = 0
04-26 16:19:25.880 I/Gecko   (   84): MobileConnection initialized
04-26 16:19:25.880 I/Gecko   (   84): MobileConnection initialized
04-26 16:19:26.430 I/Gecko   (   84): Attempting load of libEGL.so
04-26 16:19:26.490 D/libEGL  (   84): loaded /system/lib/egl/libEGL_mali.so
04-26 16:19:26.530 D/libEGL  (   84): loaded /system/lib/egl/libGLESv1_CM_mali.so
04-26 16:19:26.530 D/libEGL  (   84): loaded /system/lib/egl/libGLESv2_mali.so
04-26 16:19:26.550 I/HWComposer(   84): Creating new instance
04-26 16:19:26.550 E/HWComposer(   84): Failed to initialize hwc
04-26 16:19:26.620 E/GeckoConsole(   84): OpenGL compositor Initialized Succesfully.
04-26 16:19:26.620 E/GeckoConsole(   84): Version: OpenGL ES 2.0 Spreadtrum Build
04-26 16:19:26.620 E/GeckoConsole(   84): Vendor: ARM
04-26 16:19:26.620 E/GeckoConsole(   84): Renderer: Mali-300
04-26 16:19:26.620 E/GeckoConsole(   84): FBO Texture Target: TEXTURE_2D
04-26 16:19:27.100 I/Gonk    (   84): Setting nice for pid 361 to 18
04-26 16:19:27.100 I/Gonk    (   84): Changed nice for pid 361 from 0 to 18.
04-26 16:19:27.340 I/Gecko   (   84): 1398554367344	Marionette	DEBUG	accepted connection on 127.0.0.1:38504
04-26 16:19:27.510 E/WifiHW  (   84): Leo ensure_config_file_exists config_file=/data/misc/wifi/wpa_supplicant.conf
04-26 16:19:27.520 E/WifiHW  (   84): daemon_cmd=wpa_supplicant:-iwlan0 -c/data/misc/wifi/wpa_supplicant.conf
04-26 16:19:28.350 E/slog    (  317): handle_top_logdir: slog use external storage [17]
04-26 16:19:29.800 I/power   (   84): *** set_screen_state 1
04-26 16:19:29.800 D/Sensors (   84): activate handle=3; drv=1
04-26 16:19:29.800 D/Sensors (   84): SensorTMD2771::setEnable=0= en=1; newState=1; what=0; mEnabled=0
04-26 16:19:29.950 D/Sensors (   84): taos ---Light::TAOS_IOCTL_ALS_ON=== err=0
04-26 16:19:29.950 D/Sensors (   84): SensorTMD2771::setEnable=1= en=1; newState=1; what=0; mEnabled=1
04-26 16:19:29.950 D/Sensors (   84): SensorTMD2771::getEnable===mEnabled=0x1; enable=1
04-26 16:19:29.970 I/GeckoDump(   84): XXX FIXME : Got a mozContentEvent: nfc-hardware-state-change
04-26 16:19:30.020 I/Gecko   (   84): ############################### browserElementPanning.js loaded
04-26 16:19:30.050 I/Gecko   (   84): ######################## BrowserElementChildPreload.js loaded
04-26 16:19:30.080 I/GeckoDump(   84): XXX FIXME : Got a mozContentEvent: system-message-listener-ready
04-26 16:19:30.130 W/WifiHW  (   84): wifi_command: LOG_LEVEL
04-26 16:19:30.130 W/WifiHW  (   84): wifi_command: STATUS
04-26 16:19:30.420 D/Sensors (   84): SensorTMD2771::readEvents()======data_fd=53,count=16
04-26 16:19:30.420 D/Sensors (   84): SensorTMD2771::processEvent()=====code=40::value=634 
04-26 16:19:30.420 D/Sensors (   84): SensorTMD2771: mPendingEvents[Light].light = 634.000000
04-26 16:19:30.570 W/WifiHW  (   84): wifi_command: LIST_NETWORKS
04-26 16:19:30.570 W/WifiHW  (   84): wifi_command: DRIVER MACADDR
04-26 16:19:31.230 E/Profiler(   84): BPUnw: [1 total] thread_unregister_for_profiling(me=0xa77610)  (NOT REGISTERED) 
04-26 16:19:31.240 W/WifiHW  (   84): wifi_command: GET_NETWORK 0 ssid
04-26 16:19:31.240 W/WifiHW  (   84): wifi_command: GET_NETWORK 0 bssid
04-26 16:19:31.240 W/WifiHW  (   84): wifi_command: GET_NETWORK 0 psk
04-26 16:19:31.250 W/WifiHW  (   84): wifi_command: GET_NETWORK 0 wep_key0
04-26 16:19:31.250 W/WifiHW  (   84): wifi_command: GET_NETWORK 0 wep_key1
04-26 16:19:31.250 W/WifiHW  (   84): wifi_command: GET_NETWORK 0 wep_key2
04-26 16:19:31.250 W/WifiHW  (   84): wifi_command: GET_NETWORK 0 wep_key3
04-26 16:19:31.250 W/WifiHW  (   84): wifi_command: GET_NETWORK 0 wep_tx_keyidx
04-26 16:19:31.250 W/WifiHW  (   84): wifi_command: GET_NETWORK 0 priority
04-26 16:19:31.250 W/WifiHW  (   84): wifi_command: GET_NETWORK 0 key_mgmt
04-26 16:19:31.250 W/WifiHW  (   84): wifi_command: GET_NETWORK 0 scan_ssid
04-26 16:19:31.250 W/WifiHW  (   84): wifi_command: GET_NETWORK 0 disabled
04-26 16:19:31.250 W/WifiHW  (   84): wifi_command: GET_NETWORK 0 identity
04-26 16:19:31.250 W/WifiHW  (   84): wifi_command: GET_NETWORK 0 password
04-26 16:19:31.250 W/WifiHW  (   84): wifi_command: GET_NETWORK 0 auth_alg
04-26 16:19:31.250 W/WifiHW  (   84): wifi_command: GET_NETWORK 0 phase1
04-26 16:19:31.250 W/WifiHW  (   84): wifi_command: GET_NETWORK 0 phase2
04-26 16:19:31.260 W/WifiHW  (   84): wifi_command: GET_NETWORK 0 eap
04-26 16:19:31.260 W/WifiHW  (   84): wifi_command: GET_NETWORK 0 pin
04-26 16:19:31.260 W/WifiHW  (   84): wifi_command: GET_NETWORK 0 pcsc
04-26 16:19:31.450 I/Gecko   (   84): 1398554371453	Marionette	INFO	loaded marionette-listener.js
04-26 16:19:31.450 I/Gecko   (   84): 1398554371455	Marionette	INFO	sendToClient: {"from":"0","value":"3-b2g"}, {c847f578-034f-4249-9aa9-a6777b58b7c0}, {c847f578-034f-4249-9aa9-a6777b58b7c0}
04-26 16:19:31.470 E/Profiler(   84): BPUnw: [1 total] thread_unregister_for_profiling(me=0xa77650)  (NOT REGISTERED) 
04-26 16:19:31.600 E/GeckoConsole(   84): [JavaScript Warning: "Error in parsing value for 'padding'.  Declaration dropped." {file: "app://callscreen.gaiamobile.org/style/oncall.css" line: 280 column: 13 source: "    padding: none;"}]
04-26 16:19:31.810 I/Gecko   (   84): MobileConnection initialized
04-26 16:19:31.810 I/Gecko   (   84): MobileConnection initialized
04-26 16:19:31.830 W/WifiHW  (   84): wifi_command: ENABLE_NETWORK 0
04-26 16:19:31.840 W/WifiHW  (   84): wifi_command: AP_SCAN 1
04-26 16:19:32.100 V/AudioPolicyManagerBase(   89): getDeviceForStrategy() from cache strategy 0, device 2
04-26 16:19:32.100 V/AudioPolicyManagerBase(   89): getOutput() stream 3, samplingRate 0, format 0, channels 3, flags 0
04-26 16:19:32.130 W/WifiHW  (   84): wifi_command: SAVE_CONFIG
04-26 16:19:32.690 I/Gecko   (   84): 1398554372694	Marionette	INFO	sendToClient: {"from":"0","value":{"ELEMENT":"{87343b58-304d-4cca-89e8-c03da61ea072}"}}, {f77a6c71-21c4-489e-ab28-4966d5a08761}, {f77a6c71-21c4-489e-ab28-4966d5a08761}
04-26 16:19:32.780 I/Gecko   (   84): 1398554372788	Marionette	INFO	sendToClient: {"from":"0","value":false}, {7564aa9d-87f3-46c1-8c5a-1dff843f3147}, {7564aa9d-87f3-46c1-8c5a-1dff843f3147}
04-26 16:19:32.940 I/Gecko   (   84): 1398554372950	Marionette	INFO	sendToClient: {"from":"0","value":{"ELEMENT":"{87343b58-304d-4cca-89e8-c03da61ea072}"}}, {3956b74b-9345-41a3-a1c3-7ec44b8ef405}, {3956b74b-9345-41a3-a1c3-7ec44b8ef405}
04-26 16:19:33.050 I/Gecko   (   84): 1398554373054	Marionette	INFO	sendToClient: {"from":"0","value":false}, {aeb7f337-9095-4fba-a6ab-c0941f7c83eb}, {aeb7f337-9095-4fba-a6ab-c0941f7c83eb}
04-26 16:19:33.970 I/Gecko   (   84): 1398554373974	Marionette	INFO	sendToClient: {"from":"0","value":{"ELEMENT":"{87343b58-304d-4cca-89e8-c03da61ea072}"}}, {d5b1f914-8077-4b7c-8bdb-1369cfbb024f}, {d5b1f914-8077-4b7c-8bdb-1369cfbb024f}
04-26 16:19:34.040 I/Gecko   (   84): 1398554374052	Marionette	INFO	sendToClient: {"from":"0","value":false}, {191997bb-f4f4-466a-badf-811c61695126}, {191997bb-f4f4-466a-badf-811c61695126}
04-26 16:19:34.190 I/Gecko   (   84): 1398554374198	Marionette	INFO	sendToClient: {"from":"0","value":{"ELEMENT":"{87343b58-304d-4cca-89e8-c03da61ea072}"}}, {49a14d25-4c49-4c4d-be26-af3912f08238}, {49a14d25-4c49-4c4d-be26-af3912f08238}
04-26 16:19:34.250 I/Gecko   (   84): 1398554374259	Marionette	INFO	sendToClient: {"from":"0","value":false}, {43cbdffb-83c8-4d24-88d8-16dc53814013}, {43cbdffb-83c8-4d24-88d8-16dc53814013}
04-26 16:19:34.370 I/GeckoDump(   84): XXX FIXME : Got a mozContentEvent: accessibility-screenreader
04-26 16:19:34.400 I/GeckoDump(   84): XXX FIXME : Got a mozContentEvent: nfc-hardware-state-change
04-26 16:19:34.700 W/WifiHW  (   84): wifi_command: DRIVER SCAN-ACTIVE
04-26 16:19:34.870 W/WifiHW  (   84): wifi_command: SCAN
04-26 16:19:34.930 W/WifiHW  (   84): wifi_command: DRIVER SCAN-PASSIVE
04-26 16:19:34.940 I/Gecko   (   84): 1398554374947	Marionette	INFO	sendToClient: {"from":"0","value":{"ELEMENT":"{87343b58-304d-4cca-89e8-c03da61ea072}"}}, {0cd13270-0043-43c5-965a-a762804d540b}, {0cd13270-0043-43c5-965a-a762804d540b}
04-26 16:19:35.180 I/Gecko   (   84): 1398554375185	Marionette	INFO	sendToClient: {"from":"0","value":true}, {8d8d4469-733f-4804-b302-9a10ba812d7a}, {8d8d4469-733f-4804-b302-9a10ba812d7a}
04-26 16:19:35.480 I/FMRadio (   84): FMRadio is initialized.
04-26 16:19:35.500 E/GeckoConsole(   84): Content JS ERROR at app://system.gaiamobile.org/js/telephony_settings.js:23 in set_vpm_error: Error setting voice privacy.
04-26 16:19:35.500 E/GeckoConsole(   84): Content JS ERROR at app://system.gaiamobile.org/js/telephony_settings.js:23 in set_vpm_error: Error setting voice privacy.
04-26 16:19:35.790 E/GeckoConsole(   84): Content JS ERROR at app://system.gaiamobile.org/js/telephony_settings.js:42 in set_vpm_error: Error roaming preference.
04-26 16:19:35.800 E/GeckoConsole(   84): Content JS ERROR at app://system.gaiamobile.org/js/telephony_settings.js:42 in set_vpm_error: Error roaming preference.
04-26 16:19:36.330 E/Profiler(   84): BPUnw: [1 total] thread_unregister_for_profiling(me=0xa77590)  (NOT REGISTERED) 
04-26 16:19:36.610 I/GeckoDump(   84): XXX FIXME : Got a mozContentEvent: inputmethod-update-layouts
04-26 16:19:36.710 I/Gecko   (   84): ############################### browserElementPanning.js loaded
04-26 16:19:36.750 I/Gecko   (   84): ######################## BrowserElementChildPreload.js loaded
04-26 16:19:36.830 I/GeckoDump(   84): XXX FIXME : Got a mozContentEvent: inputmethod-update-layouts
04-26 16:19:37.600 E/GeckoConsole(   84): [JavaScript Warning: "Error in parsing value for 'font-weight'.  Declaration dropped." {file: "app://keyboard.gaiamobile.org/style/keyboard.css" line: 133 column: 15 source: "  font-weight: medium;"}]
04-26 16:19:37.830 I/Gecko   (   84): 1398554377840	Marionette	INFO	sendToClient: {"from":"0","ok":true}, {a9bcf9c4-f93c-46f4-83fe-238cc7fa12d5}, {a9bcf9c4-f93c-46f4-83fe-238cc7fa12d5}
04-26 16:19:37.900 I/Gecko   (   84): 1398554377910	Marionette	DEBUG	Got request: switchToFrame, data: {"to":"0","sessionId":"3-b2g","name":"switchToFrame","parameters":{"id":null,"focus":true}}, id: {3f2a0b0c-6506-4fca-a21c-455a891de95f}
04-26 16:19:37.910 I/Gecko   (   84): 1398554377921	Marionette	INFO	Switched to frame: {"frameValue":null}
04-26 16:19:38.020 I/Gecko   (   84): 1398554378032	Marionette	INFO	sendToClient: {"from":"0","ok":true}, {3f2a0b0c-6506-4fca-a21c-455a891de95f}, {3f2a0b0c-6506-4fca-a21c-455a891de95f}
04-26 16:19:38.040 W/WifiHW  (   84): wifi_command: SCAN_RESULTS
04-26 16:19:38.070 W/WifiHW  (   84): wifi_command: DRIVER SCAN-PASSIVE
04-26 16:19:38.080 I/Gecko   (   84): 1398554378084	Marionette	DEBUG	Got request: executeWithCallback, data: {"to":"0","sessionId":"3-b2g","name":"executeAsyncScript","parameters":{"specialPowers":false,"scriptTimeout":null,"newSandbox":true,"args":[],"filename":"gaia_test.py","script":"GaiaLockScreen.unlock()","line":810}}, id: {f95ce389-28c0-4a1a-ae42-a487ced55309}
04-26 16:19:38.140 I/Gonk    (   84): Setting nice for pid 361 to 18
04-26 16:19:38.140 I/Gonk    (   84): Changed nice for pid 361 from 18 to 18.
04-26 16:19:38.140 I/Gecko   (   84): [Parent 84] WARNING: waitpid failed pid:361 errno:10: file ../../../gecko/ipc/chromium/src/base/process_util_posix.cc, line 254
04-26 16:19:38.140 I/Gonk    (   84): Setting nice for pid 361 to 1
04-26 16:19:38.140 I/Gonk    (   84): Changed nice for pid 361 from 18 to 1.
04-26 16:19:38.290 W/WifiHW  (   84): wifi_command: GET_NETWORK 0 ssid
04-26 16:19:38.290 W/WifiHW  (   84): wifi_command: GET_NETWORK 0 bssid
04-26 16:19:38.310 W/WifiHW  (   84): wifi_command: GET_NETWORK 0 psk
04-26 16:19:38.310 W/WifiHW  (   84): wifi_command: GET_NETWORK 0 wep_key0
04-26 16:19:38.310 W/WifiHW  (   84): wifi_command: GET_NETWORK 0 wep_key1
04-26 16:19:38.310 W/WifiHW  (   84): wifi_command: GET_NETWORK 0 wep_key2
04-26 16:19:38.310 W/WifiHW  (   84): wifi_command: GET_NETWORK 0 wep_key3
04-26 16:19:38.310 W/WifiHW  (   84): wifi_command: GET_NETWORK 0 wep_tx_keyidx
04-26 16:19:38.310 W/WifiHW  (   84): wifi_command: GET_NETWORK 0 priority
04-26 16:19:38.310 W/WifiHW  (   84): wifi_command: GET_NETWORK 0 key_mgmt
04-26 16:19:38.310 W/WifiHW  (   84): wifi_command: GET_NETWORK 0 scan_ssid
04-26 16:19:38.310 W/WifiHW  (   84): wifi_command: GET_NETWORK 0 disabled
04-26 16:19:38.320 W/WifiHW  (   84): wifi_command: GET_NETWORK 0 identity
04-26 16:19:38.320 W/WifiHW  (   84): wifi_command: GET_NETWORK 0 password
04-26 16:19:38.320 W/WifiHW  (   84): wifi_command: GET_NETWORK 0 auth_alg
04-26 16:19:38.320 W/WifiHW  (   84): wifi_command: GET_NETWORK 0 phase1
04-26 16:19:38.320 W/WifiHW  (   84): wifi_command: GET_NETWORK 0 phase2
04-26 16:19:38.320 W/WifiHW  (   84): wifi_command: GET_NETWORK 0 eap
04-26 16:19:38.320 W/WifiHW  (   84): wifi_command: GET_NETWORK 0 pin
04-26 16:19:38.320 W/WifiHW  (   84): wifi_command: GET_NETWORK 0 pcsc
04-26 16:19:38.420 I/Gecko   (   84): 1398554378429	Marionette	INFO	sendToClient: {"from":"0","value":{"passed":0,"failed":0,"failures":[]}}, {f95ce389-28c0-4a1a-ae42-a487ced55309}, {f95ce389-28c0-4a1a-ae42-a487ced55309}
04-26 16:19:38.490 W/WifiHW  (   84): wifi_command: SIGNAL_POLL
04-26 16:19:38.490 W/WifiHW  (   84): wifi_command: GET_NETWORK 0 ssid
04-26 16:19:38.490 W/WifiHW  (   84): wifi_command: GET_NETWORK 0 bssid
04-26 16:19:38.490 W/WifiHW  (   84): wifi_command: GET_NETWORK 0 psk
04-26 16:19:38.490 W/WifiHW  (   84): wifi_command: GET_NETWORK 0 wep_key0
04-26 16:19:38.490 W/WifiHW  (   84): wifi_command: GET_NETWORK 0 wep_key1
04-26 16:19:38.490 W/WifiHW  (   84): wifi_command: GET_NETWORK 0 wep_key2
04-26 16:19:38.500 W/WifiHW  (   84): wifi_command: GET_NETWORK 0 wep_key3
04-26 16:19:38.500 W/WifiHW  (   84): wifi_command: GET_NETWORK 0 wep_tx_keyidx
04-26 16:19:38.500 W/WifiHW  (   84): wifi_command: GET_NETWORK 0 priority
04-26 16:19:38.500 W/WifiHW  (   84): wifi_command: GET_NETWORK 0 key_mgmt
04-26 16:19:38.500 W/WifiHW  (   84): wifi_command: GET_NETWORK 0 scan_ssid
04-26 16:19:38.500 W/WifiHW  (   84): wifi_command: GET_NETWORK 0 disabled
04-26 16:19:38.500 W/WifiHW  (   84): wifi_command: GET_NETWORK 0 identity
04-26 16:19:38.500 W/WifiHW  (   84): wifi_command: GET_NETWORK 0 password
04-26 16:19:38.500 W/WifiHW  (   84): wifi_command: GET_NETWORK 0 auth_alg
04-26 16:19:38.500 W/WifiHW  (   84): wifi_command: GET_NETWORK 0 phase1
04-26 16:19:38.500 W/WifiHW  (   84): wifi_command: GET_NETWORK 0 phase2
04-26 16:19:38.510 W/WifiHW  (   84): wifi_command: GET_NETWORK 0 eap
04-26 16:19:38.510 W/WifiHW  (   84): wifi_command: GET_NETWORK 0 pin
04-26 16:19:38.510 W/WifiHW  (   84): wifi_command: GET_NETWORK 0 pcsc
04-26 16:19:38.580 I/GeckoDump(   84): FTU manifest cannot be found skipping.
04-26 16:19:38.830 I/Gecko   (   84): 1398554378837	Marionette	INFO	sendToClient: {"from":"0","ok":true}, {5fa14373-1a86-48fc-bb81-bdf6124ae68f}, {5fa14373-1a86-48fc-bb81-bdf6124ae68f}
04-26 16:19:39.130 E/[Gralloc-ERROR](   84): int gralloc_register_buffer(const gralloc_module_t*, const native_handle_t*):79 Unable to register handle 0x436efb00 coming from different process: 84
04-26 16:19:39.150 E/[Gralloc-ERROR](   84): int gralloc_register_buffer(const gralloc_module_t*, const native_handle_t*):79 Unable to register handle 0x436efba0 coming from different process: 84
04-26 16:19:39.340 E/[Gralloc-ERROR](   84): int gralloc_register_buffer(const gralloc_module_t*, const native_handle_t*):79 Unable to register handle 0x436eff60 coming from different process: 84
04-26 16:19:39.340 E/[Gralloc-ERROR](   84): int gralloc_register_buffer(const gralloc_module_t*, const native_handle_t*):79 Unable to register handle 0x43c0a060 coming from different process: 84
04-26 16:19:39.490 I/GeckoDump(   84): XXX FIXME : Got a mozContentEvent: nfc-hardware-state-change
04-26 16:19:39.520 I/GeckoDump(   84): XXX FIXME : Got a mozContentEvent: nfc-hardware-state-change
04-26 16:19:39.700 E/Profiler(   84): BPUnw: [1 total] thread_unregister_for_profiling(me=0xa75480)  (NOT REGISTERED) 
04-26 16:19:39.880 E/[Gralloc-ERROR](   84): int gralloc_unregister_buffer(const gralloc_module_t*, const native_handle_t*):274 Trying to unregister buffer 0x436efba0 from process 84 that was not created in current process: 84
04-26 16:19:39.880 E/[Gralloc-ERROR](   84): int gralloc_unregister_buffer(const gralloc_module_t*, const native_handle_t*):274 Trying to unregister buffer 0x436efb00 from process 84 that was not created in current process: 84
04-26 16:19:39.880 E/[Gralloc-ERROR](   84): int gralloc_unregister_buffer(const gralloc_module_t*, const native_handle_t*):274 Trying to unregister buffer 0x43c0a060 from process 84 that was not created in current process: 84
04-26 16:19:39.880 E/[Gralloc-ERROR](   84): int gralloc_unregister_buffer(const gralloc_module_t*, const native_handle_t*):274 Trying to unregister buffer 0x436eff60 from process 84 that was not created in current process: 84
04-26 16:19:39.910 I/Gecko   (   84): 1398554379913	Marionette	DEBUG	Got request: switchToFrame, data: {"to":"0","sessionId":"3-b2g","name":"switchToFrame","parameters":{"id":null,"focus":true}}, id: {59595026-393a-4ec7-b753-13051ccb0bb5}
04-26 16:19:40.000 I/Gecko   (   84): 1398554380008	Marionette	INFO	Switched to frame: {"frameValue":null}
04-26 16:19:40.550 I/Gecko   (   84): 1398554380564	Marionette	INFO	sendToClient: {"from":"0","ok":true}, {59595026-393a-4ec7-b753-13051ccb0bb5}, {59595026-393a-4ec7-b753-13051ccb0bb5}
04-26 16:19:40.859 I/Gecko   (   84): 1398554380870	Marionette	DEBUG	Got request: executeWithCallback, data: {"to":"0","sessionId":"3-b2g","name":"executeAsyncScript","parameters":{"specialPowers":false,"scriptTimeout":60000,"newSandbox":true,"args":[],"filename":"app_checker.py","script":"\n        GaiaApps.locateWithManifestURL('http://popsy.justplaymobile.com/popsy.webapp',\n                                       null,\n                                       function uninstall(app) {\n                                       navigator.mozApps.mgmt.uninstall(app);\n                                       marionetteScriptFinished(true);\n                                       });\n        ","line":129}}, id: {06a4a945-c0e9-4d4f-9317-3f3e07943545}
04-26 16:19:40.919 I/Gecko   (   84): -- webapps.js uninstall http://popsy.justplaymobile.com/popsy.webapp
04-26 16:19:40.949 I/Gecko   (  361): ###################################### forms.js loaded
04-26 16:19:40.999 I/Gecko   (  361): ############################### browserElementPanning.js loaded
04-26 16:19:41.049 I/Gecko   (  361): ######################## BrowserElementChildPreload.js loaded
04-26 16:19:41.119 I/Gecko   (   84): 1398554381132	Marionette	INFO	sendToClient: {"from":"0","value":true}, {06a4a945-c0e9-4d4f-9317-3f3e07943545}, {06a4a945-c0e9-4d4f-9317-3f3e07943545}