--------- beginning of /dev/log/system
04-28 07:53:58.810 I/Vold    (   78): Vold 2.1 (the revenge) firing up
04-28 07:53:58.810 D/Vold    (   78): Volume sdcard state changing -1 (Initializing) -> 0 (No-Media)
04-28 07:53:58.930 D/Vold    (   78): Volume sdcard state changing 0 (No-Media) -> 2 (Pending)
04-28 07:53:58.930 D/Vold    (   78): Volume sdcard state changing 2 (Pending) -> 1 (Idle-Unmounted)
04-28 07:54:03.890 D/VoldCmdListener(   78): volume list
04-28 07:54:03.900 D/VoldCmdListener(   78): volume mount sdcard
04-28 07:54:03.900 I/Vold    (   78): /dev/block/vold/179:1 being considered for volume sdcard
04-28 07:54:03.900 D/Vold    (   78): Volume sdcard state changing 1 (Idle-Unmounted) -> 3 (Checking)
04-28 07:54:03.900 W/Vold    (   78): Skipping fs checks
04-28 07:54:03.940 I/Vold    (   78): Device /dev/block/vold/179:1, target /mnt/sdcard mounted @ /mnt/secure/staging
04-28 07:54:03.940 D/Vold    (   78): Volume sdcard state changing 3 (Checking) -> 4 (Mounted)
--------- beginning of /dev/log/main
04-28 07:54:05.280 D/SPRDENG (  160): 56
04-28 07:54:05.280 D/SPRDENG (  160): 4d
04-28 07:54:05.280 D/SPRDENG (  160): 3d
04-28 07:54:05.280 D/SPRDENG (  160): 30
04-28 07:54:05.280 D/SPRDENG (  160): 2c
04-28 07:54:05.280 D/SPRDENG (  160): 34
04-28 07:54:05.280 D/SPRDENG (  160): 30
04-28 07:54:05.280 D/SPRDENG (  160): 31
04-28 07:54:05.280 D/SPRDENG (  160): eng_modem2server: use SIM1 /dev/CHNPTY13
04-28 07:54:05.280 D/SPRDENG (  160): AT < 
04-28 07:54:05.280 D/SPRDENG (  160): +SNVM: 8,FFFFFFFFFFFF2500
04-28 07:54:05.280 D/SPRDENG (  160): 
04-28 07:54:05.280 D/SPRDENG (  160): OK
04-28 07:54:05.280 D/SPRDENG (  160): 
04-28 07:54:05.280 D/BTWIFIMAC(   94): recv_from_modem: Receive 1 Modem Response
04-28 07:54:05.280 D/BTWIFIMAC(   94): read_btwifimac_from_modem: BT timeout=35, response=
04-28 07:54:05.280 D/BTWIFIMAC(   94): +SNVM: 8,FFFFFFFFFFFF2500
04-28 07:54:05.280 D/BTWIFIMAC(   94): 
04-28 07:54:05.280 D/BTWIFIMAC(   94): OK
04-28 07:54:05.280 D/BTWIFIMAC(   94): 
04-28 07:54:05.380 D/BTWIFIMAC(   94): get_macaddress: mac address is FF:FF:FF:FF:FF:FF
04-28 07:54:05.380 D/BTWIFIMAC(   94): ===========WIFI MAC===========
04-28 07:54:05.380 D/BTWIFIMAC(   94): read_btwifimac_from_modem: send 39,1,AT+SNVM=0,409
04-28 07:54:05.380 D/BTWIFIMAC(   94): send_to_modem
04-28 07:54:05.380 D/BTWIFIMAC(   94): recv_from_modem: Waiting modem response ... fd=7
04-28 07:54:05.380 D/SPRDENG (  160): eng_servermodem_comm: use SIM1 /dev/CHNPTY13
04-28 07:54:05.380 D/SPRDENG (  160): AT > AT+SNVM=0,409
04-28 07:54:05.380 D/SPRDENG (  160): 41
04-28 07:54:05.380 D/SPRDENG (  160): 54
04-28 07:54:05.380 D/SPRDENG (  160): 2b
04-28 07:54:05.380 D/SPRDENG (  160): 53
04-28 07:54:05.380 D/SPRDENG (  160): 4e
04-28 07:54:05.380 D/SPRDENG (  160): 56
04-28 07:54:05.380 D/SPRDENG (  160): 4d
04-28 07:54:05.380 D/SPRDENG (  160): 3d
04-28 07:54:05.380 D/SPRDENG (  160): 30
04-28 07:54:05.380 D/SPRDENG (  160): 2c
04-28 07:54:05.380 D/SPRDENG (  160): 34
04-28 07:54:05.380 D/SPRDENG (  160): 30
04-28 07:54:05.380 D/SPRDENG (  160): 39
04-28 07:54:05.380 D/SPRDENG (  160): eng_modem2server: use SIM1 /dev/CHNPTY13
04-28 07:54:05.380 D/SPRDENG (  160): AT < 
04-28 07:54:05.380 D/SPRDENG (  160): +SNVM: 20,FFFFFFFFFFFF0000000000000000000000000000
04-28 07:54:05.380 D/SPRDENG (  160): 
04-28 07:54:05.380 D/SPRDENG (  160): OK
04-28 07:54:05.380 D/SPRDENG (  160): 
04-28 07:54:05.380 D/BTWIFIMAC(   94): recv_from_modem: Receive 1 Modem Response
04-28 07:54:05.380 D/BTWIFIMAC(   94): read_btwifimac_from_modem: WIFI timeout=60, response=
04-28 07:54:05.380 D/BTWIFIMAC(   94): +SNVM: 20,FFFFFFFFFFFF0000000000000000000000000000
04-28 07:54:05.380 D/BTWIFIMAC(   94): 
04-28 07:54:05.380 D/BTWIFIMAC(   94): OK
04-28 07:54:05.380 D/BTWIFIMAC(   94): 
04-28 07:54:05.380 D/BTWIFIMAC(   94): get_macaddress: mac address is FF:FF:FF:FF:FF:FF
04-28 07:54:05.380 D/BTWIFIMAC(   94): bt_ok:0 wifi_ok:0 
04-28 07:54:05.380 D/BTWIFIMAC(   94): +mac_rand+
04-28 07:54:05.380 D/BTWIFIMAC(   94): mac_rand: /data/rand_mac.txt exists
04-28 07:54:05.380 D/BTWIFIMAC(   94): mac_rand: read /data/rand_mac.txt 00:65:51:4d:eb:0e;00:df:2e:66:ac:0a
04-28 07:54:05.380 D/BTWIFIMAC(   94): mac_rand: read btmac=00:65:51:4d:eb:0e, wifimac=00:df:2e:66:ac:0a
04-28 07:54:05.380 D/BTWIFIMAC(   94): property ro.mac.wifi=00:df:2e:66:ac:0a, ro.mac.bluetooth=00:65:51:4d:eb:0e
04-28 07:54:05.380 D/BTWIFIMAC(   94): write_mac2file: mac=00:df:2e:66:ac:0a, fd[/data/wifimac.txt]=9
04-28 07:54:05.390 D/BTWIFIMAC(   94): write_mac2file: mac=00:65:51:4d:eb:0e, fd[/data/btmac.txt]=9
04-28 07:54:05.390 D/BTWIFIMAC(   94): begin to run  trout_genpskey
04-28 07:54:05.390 D/BTWIFIMAC(   94): run trout_genpskey, ret=0
04-28 07:54:05.410 D/pskey_bt(  329): set BT mac
04-28 07:54:05.410 D/pskey_bt(  329): main, bt_mac from nv:
04-28 07:54:05.410 D/pskey_bt(  329): get_pskey_from_file
04-28 07:54:05.410 D/pskey_bt(  329): open bt pskey structure file fd=7
04-28 07:54:05.410 D/pskey_bt(  329): buf from pskey file:2048
04-28 07:54:05.410 D/pskey_bt(  329): parser_pskey_info
04-28 07:54:05.410 D/pskey_bt(  329): char:0, 0
04-28 07:54:05.410 D/pskey_bt(  329): get_one_item(data) = 0x0
04-28 07:54:05.410 D/pskey_bt(  329): get_next_u8: here:0
04-28 07:54:05.410 D/pskey_bt(  329): char:1, 1
04-28 07:54:05.410 D/pskey_bt(  329): get_one_item(data) = 0x1
04-28 07:54:05.410 D/pskey_bt(  329): get_next_u8: here:1
04-28 07:54:05.410 D/pskey_bt(  329): char:1, 1
04-28 07:54:05.410 D/pskey_bt(  329): get_one_item(data) = 0x1
04-28 07:54:05.410 D/pskey_bt(  329): get_next_u8: here:1
04-28 07:54:05.410 D/pskey_bt(  329): char:1, 1
04-28 07:54:05.410 D/pskey_bt(  329): get_one_item(data) = 0x1
04-28 07:54:05.410 D/pskey_bt(  329): get_next_u8: here:1
04-28 07:54:05.410 D/pskey_bt(  329): char:0, 0
04-28 07:54:05.410 D/pskey_bt(  329): char:1, 1
04-28 07:54:05.410 D/pskey_bt(  329): char:8, 8
04-28 07:54:05.410 D/pskey_bt(  329): char:C, C
04-28 07:54:05.410 D/pskey_bt(  329): char:B, B
04-28 07:54:05.410 D/pskey_bt(  329): char:A, A
04-28 07:54:05.410 D/pskey_bt(  329): char:8, 8
04-28 07:54:05.410 D/pskey_bt(  329): char:0, 0
04-28 07:54:05.410 D/pskey_bt(  329): get_one_item(data) = 0x18cba80
04-28 07:54:05.410 D/pskey_bt(  329): get_next_u32: here:18cba80
04-28 07:54:05.410 D/pskey_bt(  329): char:1, 1
04-28 07:54:05.410 D/pskey_bt(  329): char:f, f
04-28 07:54:05.410 D/pskey_bt(  329): char:0, 0
04-28 07:54:05.410 D/pskey_bt(  329): char:0, 0
04-28 07:54:05.410 D/pskey_bt(  329): get_one_item(data) = 0x1f00
04-28 07:54:05.410 D/pskey_bt(  329): get_next_u32: here:1f00
04-28 07:54:05.410 D/pskey_bt(  329): char:1, 1
04-28 07:54:05.410 D/pskey_bt(  329): char:E, E
04-28 07:54:05.410 D/pskey_bt(  329): get_one_item(data) = 0x1e
04-28 07:54:05.410 D/pskey_bt(  329): get_next_u32: here:1e
04-28 07:54:05.410 D/pskey_bt(  329): char:7, 7
04-28 07:54:05.410 D/pskey_bt(  329): char:B, B
04-28 07:54:05.410 D/pskey_bt(  329): char:0, 0
04-28 07:54:05.410 D/pskey_bt(  329): char:0, 0
04-28 07:54:05.410 D/pskey_bt(  329): char:7, 7
04-28 07:54:05.410 D/pskey_bt(  329): char:C, C
04-28 07:54:05.410 D/pskey_bt(  329): get_one_item(data) = 0x7b007c
04-28 07:54:05.410 D/pskey_bt(  329): get_next_u32: here:7b007c
04-28 07:54:05.410 D/pskey_bt(  329): char:3, 3
04-28 07:54:05.410 D/pskey_bt(  329): char:7, 7
04-28 07:54:05.410 D/pskey_bt(  329): char:0, 0
04-28 07:54:05.410 D/pskey_bt(  329): char:0, 0
04-28 07:54:05.410 D/pskey_bt(  329): char:7, 7
04-28 07:54:05.410 D/pskey_bt(  329): char:A, A
04-28 07:54:05.410 D/pskey_bt(  329): get_one_item(data) = 0x37007a
04-28 07:54:05.410 D/pskey_bt(  329): get_next_u32: here:37007a
04-28 07:54:05.410 D/pskey_bt(  329): char:3, 3
04-28 07:54:05.410 D/pskey_bt(  329): char:5, 5
04-28 07:54:05.410 D/pskey_bt(  329): char:0, 0
04-28 07:54:05.410 D/pskey_bt(  329): char:0, 0
04-28 07:54:05.410 D/pskey_bt(  329): char:3, 3
04-28 07:54:05.410 D/pskey_bt(  329): char:6, 6
04-28 07:54:05.410 D/pskey_bt(  329): get_one_item(data) = 0x350036
04-28 07:54:05.410 D/pskey_bt(  329): get_next_u32: here:350036
04-28 07:54:05.410 D/pskey_bt(  329): char:2, 2
04-28 07:54:05.410 D/pskey_bt(  329): char:9, 9
04-28 07:54:05.410 D/pskey_bt(  329): char:0, 0
04-28 07:54:05.410 D/pskey_bt(  329): char:0, 0
04-28 07:54:05.410 D/pskey_bt(  329): char:3, 3
04-28 07:54:05.410 D/pskey_bt(  329): char:4, 4
04-28 07:54:05.410 D/pskey_bt(  329): get_one_item(data) = 0x290034
04-28 07:54:05.410 D/pskey_bt(  329): get_next_u32: here:290034
04-28 07:54:05.410 D/pskey_bt(  329): char:0, 0
04-28 07:54:05.410 D/pskey_bt(  329): char:A, A
04-28 07:54:05.410 D/pskey_bt(  329): char:0, 0
04-28 07:54:05.410 D/pskey_bt(  329): char:0, 0
04-28 07:54:05.410 D/pskey_bt(  329): char:2, 2
04-28 07:54:05.410 D/pskey_bt(  329): char:8, 8
04-28 07:54:05.410 D/pskey_bt(  329): get_one_item(data) = 0xa0028
04-28 07:54:05.410 D/pskey_bt(  329): get_next_u32: here:a0028
04-28 07:54:05.410 D/pskey_bt(  329): char:0, 0
04-28 07:54:05.410 D/pskey_bt(  329): char:0, 0
04-28 07:54:05.410 D/pskey_bt(  329): char:0, 0
04-28 07:54:05.410 D/pskey_bt(  329): char:6, 6
04-28 07:54:05.410 D/pskey_bt(  329): char:0, 0
04-28 07:54:05.410 D/pskey_bt(  329): char:0, 0
04-28 07:54:05.410 D/pskey_bt(  329): char:0, 0
04-28 07:54:05.410 D/pskey_bt(  329): char:9, 9
04-28 07:54:05.410 D/pskey_bt(  329): get_one_item(data) = 0x60009
04-28 07:54:05.410 D/pskey_bt(  329): get_next_u32: here:60009
04-28 07:54:05.410 D/pskey_bt(  329): end of buff, str=},
04-28 07:54:05.410 D/pskey_bt(  329): {0x0B,0x0A,0x09, 0x08, 0x07},
04-28 07:54:05.410 D/pskey_bt(  329): {0xFF, 0xFF, 0x8D, 0xFE, 0x9B, 0x3F, 0x79, 0x83,
04-28 07:54:05.410 D/pskey_bt(  329):   0xFF, 0xA7, 0xFF, 0x7F, 0x00, 0xE0, 0xF7, 0x3E},
04-28 07:54:05.410 D/pskey_bt(  329): {0xFF, 0xFF, 0xFF, 0xFF, 0xFF, 0xFF},
04-28 07:54:05.410 D/pskey_bt(  329): 0,
04-28 07:54:05.410 D/pskey_bt(  329): 1,
04-28 07:54:05.410 D/pskey_bt(  329): 5,
04-28 07:54:05.410 D/pskey_bt(  329): 0xE,
04-28 07:54:05.410 D/pskey_bt(  329): 1,
04-28 07:54:05.410 D/pskey_bt(  329): 1,
04-28 07:54:05.410 D/pskey_bt(  329): 0x50000000,
04-28 07:54:05.410 D/pskey_bt(  329): 0x50000150,
04-28 07:54:05.410 D/pskey_bt(  329): 0x50000150,
04-28 07:54:05.410 D/pskey_bt(  329): 0x50000154,
04-28 07:54:05.410 D/pskey_bt(  329): 0xFFFFFFFF,
04-28 07:54:05.410 D/pskey_bt(  329): 0x100,
04-28 07:54:05.410 D/pskey_bt(  329): 0xA0,
04-28 07:54:05.410 D/pskey_bt(  329): 0xDC,
04-28 07:54:05.410 D/pskey_bt(  329): 0x20,
04-28 07:54:05.410 D/pskey_bt(  329): 0x55,
04-28 07:54:05.410 D/pskey_bt(  329): 0x64,
04-28 07:54:05.410 D/pskey_bt(  329): 0,
04-28 07:54:05.410 D/pskey_bt(  329): 0x8,
04-28 07:54:05.410 D/pskey_bt(  329): 0x13C,
04-28 07:54:05.410 D/pskey_bt(  329): 0x2,
04-28 07:54:05.410 D/pskey_bt(  329): 0xD704,
04-28 07:54:05.410 D/pskey_bt(  329): 0x88888888,
04-28 07:54:05.410 D/pskey_bt(  329): 0x6,
04-28 07:54:05.410 D/pskey_bt(  329): 0x0,
04-28 07:54:05.410 D/pskey_bt(  329): {0x0001,0x0000,0x0000,0x0000,0x0000,0x0000,0x0000,0x0000,0x0000
04-28 07:54:05.410 D/pskey_bt(  329): char:0, 0
04-28 07:54:05.410 D/pskey_bt(  329): char:B, B
04-28 07:54:05.410 D/pskey_bt(  329): get_one_item(data) = 0xb
04-28 07:54:05.410 D/pskey_bt(  329): get_next_u32: here:b
04-28 07:54:05.410 D/pskey_bt(  329): char:0, 0
04-28 07:54:05.410 D/pskey_bt(  329): char:A, A
04-28 07:54:05.410 D/pskey_bt(  329): get_one_item(data) = 0xa
04-28 07:54:05.410 D/pskey_bt(  329): get_next_u32: here:a
04-28 07:54:05.410 D/pskey_bt(  329): char:0, 0
04-28 07:54:05.410 D/pskey_bt(  329): char:9, 9
04-28 07:54:05.410 D/pskey_bt(  329): get_one_item(data) = 0x9
04-28 07:54:05.410 D/pskey_bt(  329): get_next_u32: here:9
04-28 07:54:05.410 D/pskey_bt(  329): char:0, 0
04-28 07:54:05.410 D/pskey_bt(  329): char:8, 8
04-28 07:54:05.410 D/pskey_bt(  329): get_one_item(data) = 0x8
04-28 07:54:05.410 D/pskey_bt(  329): get_next_u32: here:8
04-28 07:54:05.410 D/pskey_bt(  329): char:0, 0
04-28 07:54:05.410 D/pskey_bt(  329): char:7, 7
04-28 07:54:05.410 D/pskey_bt(  329): get_one_item(data) = 0x7
04-28 07:54:05.410 D/pskey_bt(  329): get_next_u32: here:7
04-28 07:54:05.410 D/pskey_bt(  329): end of buff, str=},
04-28 07:54:05.410 D/pskey_bt(  329): {0xFF, 0xFF, 0x8D, 0xFE, 0x9B, 0x3F, 0x79, 0x83,
04-28 07:54:05.410 D/pskey_bt(  329):   0xFF, 0xA7, 0xFF, 0x7F, 0x00, 0xE0, 0xF7, 0x3E},
04-28 07:54:05.410 D/pskey_bt(  329): {0xFF, 0xFF, 0xFF, 0xFF, 0xFF, 0xFF},
04-28 07:54:05.410 D/pskey_bt(  329): 0,
04-28 07:54:05.410 D/pskey_bt(  329): 1,
04-28 07:54:05.410 D/pskey_bt(  329): 5,
04-28 07:54:05.410 D/pskey_bt(  329): 0xE,
04-28 07:54:05.410 D/pskey_bt(  329): 1,
04-28 07:54:05.410 D/pskey_bt(  329): 1,
04-28 07:54:05.410 D/pskey_bt(  329): 0x50000000,
04-28 07:54:05.410 D/pskey_bt(  329): 0x50000150,
04-28 07:54:05.410 D/pskey_bt(  329): 0x50000150,
04-28 07:54:05.410 D/pskey_bt(  329): 0x50000154,
04-28 07:54:05.410 D/pskey_bt(  329): 0xFFFFFFFF,
04-28 07:54:05.410 D/pskey_bt(  329): 0x100,
04-28 07:54:05.410 D/pskey_bt(  329): 0xA0,
04-28 07:54:05.410 D/pskey_bt(  329): 0xDC,
04-28 07:54:05.410 D/pskey_bt(  329): 0x20,
04-28 07:54:05.410 D/pskey_bt(  329): 0x55,
04-28 07:54:05.410 D/pskey_bt(  329): 0x64,
04-28 07:54:05.410 D/pskey_bt(  329): 0,
04-28 07:54:05.410 D/pskey_bt(  329): 0x8,
04-28 07:54:05.410 D/pskey_bt(  329): 0x13C,
04-28 07:54:05.410 D/pskey_bt(  329): 0x2,
04-28 07:54:05.410 D/pskey_bt(  329): 0xD704,
04-28 07:54:05.410 D/pskey_bt(  329): 0x88888888,
04-28 07:54:05.410 D/pskey_bt(  329): 0x6,
04-28 07:54:05.410 D/pskey_bt(  329): 0x0,
04-28 07:54:05.410 D/pskey_bt(  329): {0x0001,0x0000,0x0000,0x0000,0x0000,0x0000,0x0000,0x0000,0x0000
04-28 07:54:05.410 D/pskey_bt(  329): char:F, F
04-28 07:54:05.410 D/pskey_bt(  329): char:F, F
04-28 07:54:05.410 D/pskey_bt(  329): get_one_item(data) = 0xff
04-28 07:54:05.410 D/pskey_bt(  329): get_next_u8: here:ff
04-28 07:54:05.410 D/pskey_bt(  329): char:F, F
04-28 07:54:05.410 D/pskey_bt(  329): char:F, F
04-28 07:54:05.410 D/pskey_bt(  329): get_one_item(data) = 0xff
04-28 07:54:05.410 D/pskey_bt(  329): get_next_u8: here:ff
04-28 07:54:05.410 D/pskey_bt(  329): char:8, 8
04-28 07:54:05.410 D/pskey_bt(  329): char:D, D
04-28 07:54:05.410 D/pskey_bt(  329): get_one_item(data) = 0x8d
04-28 07:54:05.410 D/pskey_bt(  329): get_next_u8: here:8d
04-28 07:54:05.410 D/pskey_bt(  329): char:F, F
04-28 07:54:05.410 D/pskey_bt(  329): char:E, E
04-28 07:54:05.410 D/pskey_bt(  329): get_one_item(data) = 0xfe
04-28 07:54:05.410 D/pskey_bt(  329): get_next_u8: here:fe
04-28 07:54:05.410 D/pskey_bt(  329): char:9, 9
04-28 07:54:05.410 D/pskey_bt(  329): char:B, B
04-28 07:54:05.410 D/pskey_bt(  329): get_one_item(data) = 0x9b
04-28 07:54:05.410 D/pskey_bt(  329): get_next_u8: here:9b
04-28 07:54:05.410 D/pskey_bt(  329): char:3, 3
04-28 07:54:05.410 D/pskey_bt(  329): char:F, F
04-28 07:54:05.410 D/pskey_bt(  329): get_one_item(data) = 0x3f
04-28 07:54:05.410 D/pskey_bt(  329): get_next_u8: here:3f
04-28 07:54:05.410 D/pskey_bt(  329): char:7, 7
04-28 07:54:05.410 D/pskey_bt(  329): char:9, 9
04-28 07:54:05.410 D/pskey_bt(  329): get_one_item(data) = 0x79
04-28 07:54:05.410 D/pskey_bt(  329): get_next_u8: here:79
04-28 07:54:05.410 D/pskey_bt(  329): char:8, 8
04-28 07:54:05.410 D/pskey_bt(  329): char:3, 3
04-28 07:54:05.410 D/pskey_bt(  329): get_one_item(data) = 0x83
04-28 07:54:05.410 D/pskey_bt(  329): get_next_u8: here:83
04-28 07:54:05.410 D/pskey_bt(  329): char:F, F
04-28 07:54:05.410 D/pskey_bt(  329): char:F, F
04-28 07:54:05.410 D/pskey_bt(  329): get_one_item(data) = 0xff
04-28 07:54:05.410 D/pskey_bt(  329): get_next_u8: here:ff
04-28 07:54:05.410 D/pskey_bt(  329): char:A, A
04-28 07:54:05.410 D/pskey_bt(  329): char:7, 7
04-28 07:54:05.410 D/pskey_bt(  329): get_one_item(data) = 0xa7
04-28 07:54:05.410 D/pskey_bt(  329): get_next_u8: here:a7
04-28 07:54:05.410 D/pskey_bt(  329): char:F, F
04-28 07:54:05.410 D/pskey_bt(  329): char:F, F
04-28 07:54:05.410 D/pskey_bt(  329): get_one_item(data) = 0xff
04-28 07:54:05.410 D/pskey_bt(  329): get_next_u8: here:ff
04-28 07:54:05.410 D/pskey_bt(  329): char:7, 7
04-28 07:54:05.410 D/pskey_bt(  329): char:F, F
04-28 07:54:05.410 D/pskey_bt(  329): get_one_item(data) = 0x7f
04-28 07:54:05.410 D/pskey_bt(  329): get_next_u8: here:7f
04-28 07:54:05.410 D/pskey_bt(  329): char:0, 0
04-28 07:54:05.410 D/pskey_bt(  329): char:0, 0
04-28 07:54:05.410 D/pskey_bt(  329): get_one_item(data) = 0x0
04-28 07:54:05.410 D/pskey_bt(  329): get_next_u8: here:0
04-28 07:54:05.410 D/pskey_bt(  329): char:E, E
04-28 07:54:05.410 D/pskey_bt(  329): char:0, 0
04-28 07:54:05.410 D/pskey_bt(  329): get_one_item(data) = 0xe0
04-28 07:54:05.410 D/pskey_bt(  329): get_next_u8: here:e0
04-28 07:54:05.410 D/pskey_bt(  329): char:F, F
04-28 07:54:05.410 D/pskey_bt(  329): char:7, 7
04-28 07:54:05.410 D/pskey_bt(  329): get_one_item(data) = 0xf7
04-28 07:54:05.410 D/pskey_bt(  329): get_next_u8: here:f7
04-28 07:54:05.410 D/pskey_bt(  329): char:3, 3
04-28 07:54:05.410 D/pskey_bt(  329): char:E, E
04-28 07:54:05.410 D/pskey_bt(  329): get_one_item(data) = 0x3e
04-28 07:54:05.410 D/pskey_bt(  329): get_next_u8: here:3e
04-28 07:54:05.410 D/pskey_bt(  329): end of buff, str=},
04-28 07:54:05.410 D/pskey_bt(  329): {0xFF, 0xFF, 0xFF, 0xFF, 0xFF, 0xFF},
04-28 07:54:05.410 D/pskey_bt(  329): 0,
04-28 07:54:05.410 D/pskey_bt(  329): 1,
04-28 07:54:05.410 D/pskey_bt(  329): 5,
04-28 07:54:05.410 D/pskey_bt(  329): 0xE,
04-28 07:54:05.410 D/pskey_bt(  329): 1,
04-28 07:54:05.410 D/pskey_bt(  329): 1,
04-28 07:54:05.410 D/pskey_bt(  329): 0x50000000,
04-28 07:54:05.410 D/pskey_bt(  329): 0x50000150,
04-28 07:54:05.410 D/pskey_bt(  329): 0x50000150,
04-28 07:54:05.410 D/pskey_bt(  329): 0x50000154,
04-28 07:54:05.410 D/pskey_bt(  329): 0xFFFFFFFF,
04-28 07:54:05.410 D/pskey_bt(  329): 0x100,
04-28 07:54:05.410 D/pskey_bt(  329): 0xA0,
04-28 07:54:05.410 D/pskey_bt(  329): 0xDC,
04-28 07:54:05.410 D/pskey_bt(  329): 0x20,
04-28 07:54:05.410 D/pskey_bt(  329): 0x55,
04-28 07:54:05.410 D/pskey_bt(  329): 0x64,
04-28 07:54:05.410 D/pskey_bt(  329): 0,
04-28 07:54:05.410 D/pskey_bt(  329): 0x8,
04-28 07:54:05.410 D/pskey_bt(  329): 0x13C,
04-28 07:54:05.410 D/pskey_bt(  329): 0x2,
04-28 07:54:05.410 D/pskey_bt(  329): 0xD704,
04-28 07:54:05.410 D/pskey_bt(  329): 0x88888888,
04-28 07:54:05.410 D/pskey_bt(  329): 0x6,
04-28 07:54:05.410 D/pskey_bt(  329): 0x0,
04-28 07:54:05.410 D/pskey_bt(  329): {0x0001,0x0000,0x0000,0x0000,0x0000,0x0000,0x0000,0x0000,0x0000
04-28 07:54:05.410 D/pskey_bt(  329): char:F, F
04-28 07:54:05.410 D/pskey_bt(  329): char:F, F
04-28 07:54:05.410 D/pskey_bt(  329): get_one_item(data) = 0xff
04-28 07:54:05.410 D/pskey_bt(  329): get_next_u8: here:ff
04-28 07:54:05.410 D/pskey_bt(  329): char:F, F
04-28 07:54:05.410 D/pskey_bt(  329): char:F, F
04-28 07:54:05.410 D/pskey_bt(  329): get_one_item(data) = 0xff
04-28 07:54:05.410 D/pskey_bt(  329): get_next_u8: here:ff
04-28 07:54:05.410 D/pskey_bt(  329): char:F, F
04-28 07:54:05.410 D/pskey_bt(  329): char:F, F
04-28 07:54:05.410 D/pskey_bt(  329): get_one_item(data) = 0xff
04-28 07:54:05.410 D/pskey_bt(  329): get_next_u8: here:ff
04-28 07:54:05.420 D/pskey_bt(  329): char:F, F
04-28 07:54:05.420 D/pskey_bt(  329): char:F, F
04-28 07:54:05.420 D/pskey_bt(  329): get_one_item(data) = 0xff
04-28 07:54:05.420 D/pskey_bt(  329): get_next_u8: here:ff
04-28 07:54:05.420 D/pskey_bt(  329): char:F, F
04-28 07:54:05.420 D/pskey_bt(  329): char:F, F
04-28 07:54:05.420 D/pskey_bt(  329): get_one_item(data) = 0xff
04-28 07:54:05.420 D/pskey_bt(  329): get_next_u8: here:ff
04-28 07:54:05.420 D/pskey_bt(  329): char:F, F
04-28 07:54:05.420 D/pskey_bt(  329): char:F, F
04-28 07:54:05.420 D/pskey_bt(  329): get_one_item(data) = 0xff
04-28 07:54:05.420 D/pskey_bt(  329): get_next_u8: here:ff
04-28 07:54:05.420 D/pskey_bt(  329): end of buff, str=},
04-28 07:54:05.420 D/pskey_bt(  329): 0,
04-28 07:54:05.420 D/pskey_bt(  329): 1,
04-28 07:54:05.420 D/pskey_bt(  329): 5,
04-28 07:54:05.420 D/pskey_bt(  329): 0xE,
04-28 07:54:05.420 D/pskey_bt(  329): 1,
04-28 07:54:05.420 D/pskey_bt(  329): 1,
04-28 07:54:05.420 D/pskey_bt(  329): 0x50000000,
04-28 07:54:05.420 D/pskey_bt(  329): 0x50000150,
04-28 07:54:05.420 D/pskey_bt(  329): 0x50000150,
04-28 07:54:05.420 D/pskey_bt(  329): 0x50000154,
04-28 07:54:05.420 D/pskey_bt(  329): 0xFFFFFFFF,
04-28 07:54:05.420 D/pskey_bt(  329): 0x100,
04-28 07:54:05.420 D/pskey_bt(  329): 0xA0,
04-28 07:54:05.420 D/pskey_bt(  329): 0xDC,
04-28 07:54:05.420 D/pskey_bt(  329): 0x20,
04-28 07:54:05.420 D/pskey_bt(  329): 0x55,
04-28 07:54:05.420 D/pskey_bt(  329): 0x64,
04-28 07:54:05.420 D/pskey_bt(  329): 0,
04-28 07:54:05.420 D/pskey_bt(  329): 0x8,
04-28 07:54:05.420 D/pskey_bt(  329): 0x13C,
04-28 07:54:05.420 D/pskey_bt(  329): 0x2,
04-28 07:54:05.420 D/pskey_bt(  329): 0xD704,
04-28 07:54:05.420 D/pskey_bt(  329): 0x88888888,
04-28 07:54:05.420 D/pskey_bt(  329): 0x6,
04-28 07:54:05.420 D/pskey_bt(  329): 0x0,
04-28 07:54:05.420 D/pskey_bt(  329): {0x0001,0x0000,0x0000,0x0000,0x0000,0x0000,0x0000,0x0000,0x0000
04-28 07:54:05.420 D/pskey_bt(  329): char:0, 0
04-28 07:54:05.420 D/pskey_bt(  329): get_one_item(data) = 0x0
04-28 07:54:05.420 D/pskey_bt(  329): get_next_u8: here:0
04-28 07:54:05.420 D/pskey_bt(  329): char:1, 1
04-28 07:54:05.420 D/pskey_bt(  329): get_one_item(data) = 0x1
04-28 07:54:05.420 D/pskey_bt(  329): get_next_u8: here:1
04-28 07:54:05.420 D/pskey_bt(  329): char:5, 5
04-28 07:54:05.420 D/pskey_bt(  329): get_one_item(data) = 0x5
04-28 07:54:05.420 D/pskey_bt(  329): get_next_u8: here:5
04-28 07:54:05.420 D/pskey_bt(  329): char:E, E
04-28 07:54:05.420 D/pskey_bt(  329): get_one_item(data) = 0xe
04-28 07:54:05.420 D/pskey_bt(  329): get_next_u8: here:e
04-28 07:54:05.420 D/pskey_bt(  329): char:1, 1
04-28 07:54:05.420 D/pskey_bt(  329): get_one_item(data) = 0x1
04-28 07:54:05.420 D/pskey_bt(  329): get_next_u8: here:1
04-28 07:54:05.420 D/pskey_bt(  329): char:1, 1
04-28 07:54:05.420 D/pskey_bt(  329): get_one_item(data) = 0x1
04-28 07:54:05.420 D/pskey_bt(  329): get_next_u8: here:1
04-28 07:54:05.420 D/pskey_bt(  329): char:5, 5
04-28 07:54:05.420 D/pskey_bt(  329): char:0, 0
04-28 07:54:05.420 D/pskey_bt(  329): char:0, 0
04-28 07:54:05.420 D/pskey_bt(  329): char:0, 0
04-28 07:54:05.420 D/pskey_bt(  329): char:0, 0
04-28 07:54:05.420 D/pskey_bt(  329): char:0, 0
04-28 07:54:05.420 D/pskey_bt(  329): char:0, 0
04-28 07:54:05.420 D/pskey_bt(  329): char:0, 0
04-28 07:54:05.420 D/pskey_bt(  329): get_one_item(data) = 0x50000000
04-28 07:54:05.420 D/pskey_bt(  329): get_next_u32: here:50000000
04-28 07:54:05.420 D/pskey_bt(  329): char:5, 5
04-28 07:54:05.420 D/pskey_bt(  329): char:0, 0
04-28 07:54:05.420 D/pskey_bt(  329): char:0, 0
04-28 07:54:05.420 D/pskey_bt(  329): char:0, 0
04-28 07:54:05.420 D/pskey_bt(  329): char:0, 0
04-28 07:54:05.420 D/pskey_bt(  329): char:1, 1
04-28 07:54:05.420 D/pskey_bt(  329): char:5, 5
04-28 07:54:05.420 D/pskey_bt(  329): char:0, 0
04-28 07:54:05.420 D/pskey_bt(  329): get_one_item(data) = 0x50000150
04-28 07:54:05.420 D/pskey_bt(  329): get_next_u32: here:50000150
04-28 07:54:05.420 D/pskey_bt(  329): char:5, 5
04-28 07:54:05.420 D/pskey_bt(  329): char:0, 0
04-28 07:54:05.420 D/pskey_bt(  329): char:0, 0
04-28 07:54:05.420 D/pskey_bt(  329): char:0, 0
04-28 07:54:05.420 D/pskey_bt(  329): char:0, 0
04-28 07:54:05.420 D/pskey_bt(  329): char:1, 1
04-28 07:54:05.420 D/pskey_bt(  329): char:5, 5
04-28 07:54:05.420 D/pskey_bt(  329): char:0, 0
04-28 07:54:05.420 D/pskey_bt(  329): get_one_item(data) = 0x50000150
04-28 07:54:05.420 D/pskey_bt(  329): get_next_u32: here:50000150
04-28 07:54:05.420 D/pskey_bt(  329): char:5, 5
04-28 07:54:05.420 D/pskey_bt(  329): char:0, 0
04-28 07:54:05.420 D/pskey_bt(  329): char:0, 0
04-28 07:54:05.420 D/pskey_bt(  329): char:0, 0
04-28 07:54:05.420 D/pskey_bt(  329): char:0, 0
04-28 07:54:05.420 D/pskey_bt(  329): char:1, 1
04-28 07:54:05.420 D/pskey_bt(  329): char:5, 5
04-28 07:54:05.420 D/pskey_bt(  329): char:4, 4
04-28 07:54:05.420 D/pskey_bt(  329): get_one_item(data) = 0x50000154
04-28 07:54:05.420 D/pskey_bt(  329): get_next_u32: here:50000154
04-28 07:54:05.420 D/pskey_bt(  329): char:F, F
04-28 07:54:05.420 D/pskey_bt(  329): char:F, F
04-28 07:54:05.420 D/pskey_bt(  329): char:F, F
04-28 07:54:05.420 D/pskey_bt(  329): char:F, F
04-28 07:54:05.420 D/pskey_bt(  329): char:F, F
04-28 07:54:05.420 D/pskey_bt(  329): char:F, F
04-28 07:54:05.420 D/pskey_bt(  329): char:F, F
04-28 07:54:05.420 D/pskey_bt(  329): char:F, F
04-28 07:54:05.420 D/pskey_bt(  329): get_one_item(data) = 0xffffffff
04-28 07:54:05.420 D/pskey_bt(  329): get_next_u32: here:ffffffff
04-28 07:54:05.420 D/pskey_bt(  329): char:1, 1
04-28 07:54:05.420 D/pskey_bt(  329): char:0, 0
04-28 07:54:05.420 D/pskey_bt(  329): char:0, 0
04-28 07:54:05.420 D/pskey_bt(  329): get_one_item(data) = 0x100
04-28 07:54:05.420 D/pskey_bt(  329): get_next_u16: here:100
04-28 07:54:05.420 D/pskey_bt(  329): char:A, A
04-28 07:54:05.420 D/pskey_bt(  329): char:0, 0
04-28 07:54:05.420 D/pskey_bt(  329): get_one_item(data) = 0xa0
04-28 07:54:05.420 D/pskey_bt(  329): get_next_u16: here:a0
04-28 07:54:05.420 D/pskey_bt(  329): char:D, D
04-28 07:54:05.420 D/pskey_bt(  329): char:C, C
04-28 07:54:05.420 D/pskey_bt(  329): get_one_item(data) = 0xdc
04-28 07:54:05.420 D/pskey_bt(  329): get_next_u16: here:dc
04-28 07:54:05.420 D/pskey_bt(  329): char:2, 2
04-28 07:54:05.420 D/pskey_bt(  329): char:0, 0
04-28 07:54:05.420 D/pskey_bt(  329): get_one_item(data) = 0x20
04-28 07:54:05.420 D/pskey_bt(  329): get_next_u16: here:20
04-28 07:54:05.420 D/pskey_bt(  329): char:5, 5
04-28 07:54:05.420 D/pskey_bt(  329): char:5, 5
04-28 07:54:05.420 D/pskey_bt(  329): get_one_item(data) = 0x55
04-28 07:54:05.420 D/pskey_bt(  329): get_next_u16: here:55
04-28 07:54:05.420 D/pskey_bt(  329): char:6, 6
04-28 07:54:05.420 D/pskey_bt(  329): char:4, 4
04-28 07:54:05.420 D/pskey_bt(  329): get_one_item(data) = 0x64
04-28 07:54:05.420 D/pskey_bt(  329): get_next_u16: here:64
04-28 07:54:05.420 D/pskey_bt(  329): char:0, 0
04-28 07:54:05.420 D/pskey_bt(  329): get_one_item(data) = 0x0
04-28 07:54:05.420 D/pskey_bt(  329): get_next_u32: here:0
04-28 07:54:05.420 D/pskey_bt(  329): char:8, 8
04-28 07:54:05.420 D/pskey_bt(  329): get_one_item(data) = 0x8
04-28 07:54:05.420 D/pskey_bt(  329): get_next_u16: here:8
04-28 07:54:05.420 D/pskey_bt(  329): char:1, 1
04-28 07:54:05.420 D/pskey_bt(  329): char:3, 3
04-28 07:54:05.420 D/pskey_bt(  329): char:C, C
04-28 07:54:05.420 D/pskey_bt(  329): get_one_item(data) = 0x13c
04-28 07:54:05.420 D/pskey_bt(  329): get_next_u16: here:13c
04-28 07:54:05.420 D/pskey_bt(  329): char:2, 2
04-28 07:54:05.420 D/pskey_bt(  329): get_one_item(data) = 0x2
04-28 07:54:05.420 D/pskey_bt(  329): get_next_u16: here:2
04-28 07:54:05.420 D/pskey_bt(  329): char:D, D
04-28 07:54:05.420 D/pskey_bt(  329): char:7, 7
04-28 07:54:05.420 D/pskey_bt(  329): char:0, 0
04-28 07:54:05.420 D/pskey_bt(  329): char:4, 4
04-28 07:54:05.420 D/pskey_bt(  329): get_one_item(data) = 0xd704
04-28 07:54:05.420 D/pskey_bt(  329): get_next_u16: here:d704
04-28 07:54:05.420 D/pskey_bt(  329): char:8, 8
04-28 07:54:05.420 D/pskey_bt(  329): char:8, 8
04-28 07:54:05.420 D/pskey_bt(  329): char:8, 8
04-28 07:54:05.420 D/pskey_bt(  329): char:8, 8
04-28 07:54:05.420 D/pskey_bt(  329): char:8, 8
04-28 07:54:05.420 D/pskey_bt(  329): char:8, 8
04-28 07:54:05.420 D/pskey_bt(  329): char:8, 8
04-28 07:54:05.420 D/pskey_bt(  329): char:8, 8
04-28 07:54:05.420 D/pskey_bt(  329): get_one_item(data) = 0x88888888
04-28 07:54:05.420 D/pskey_bt(  329): get_next_u32: here:88888888
04-28 07:54:05.420 D/pskey_bt(  329): char:6, 6
04-28 07:54:05.420 D/pskey_bt(  329): get_one_item(data) = 0x6
04-28 07:54:05.420 D/pskey_bt(  329): get_next_u16: here:6
04-28 07:54:05.420 D/pskey_bt(  329): char:0, 0
04-28 07:54:05.420 D/pskey_bt(  329): get_one_item(data) = 0x0
04-28 07:54:05.420 D/pskey_bt(  329): get_next_u16: here:0
04-28 07:54:05.420 D/pskey_bt(  329): char:0, 0
04-28 07:54:05.420 D/pskey_bt(  329): char:0, 0
04-28 07:54:05.420 D/pskey_bt(  329): char:0, 0
04-28 07:54:05.420 D/pskey_bt(  329): char:1, 1
04-28 07:54:05.420 D/pskey_bt(  329): get_one_item(data) = 0x1
04-28 07:54:05.420 D/pskey_bt(  329): get_next_u32: here:1
04-28 07:54:05.420 D/pskey_bt(  329): char:0, 0
04-28 07:54:05.420 D/pskey_bt(  329): char:0, 0
04-28 07:54:05.420 D/pskey_bt(  329): char:0, 0
04-28 07:54:05.420 D/pskey_bt(  329): char:0, 0
04-28 07:54:05.420 D/pskey_bt(  329): get_one_item(data) = 0x0
04-28 07:54:05.420 D/pskey_bt(  329): get_next_u32: here:0
04-28 07:54:05.420 D/pskey_bt(  329): char:0, 0
04-28 07:54:05.420 D/pskey_bt(  329): char:0, 0
04-28 07:54:05.420 D/pskey_bt(  329): char:0, 0
04-28 07:54:05.420 D/pskey_bt(  329): char:0, 0
04-28 07:54:05.420 D/pskey_bt(  329): get_one_item(data) = 0x0
04-28 07:54:05.420 D/pskey_bt(  329): get_next_u32: here:0
04-28 07:54:05.420 D/pskey_bt(  329): char:0, 0
04-28 07:54:05.420 D/pskey_bt(  329): char:0, 0
04-28 07:54:05.420 D/pskey_bt(  329): char:0, 0
04-28 07:54:05.420 D/pskey_bt(  329): char:0, 0
04-28 07:54:05.420 D/pskey_bt(  329): get_one_item(data) = 0x0
04-28 07:54:05.420 D/pskey_bt(  329): get_next_u32: here:0
04-28 07:54:05.420 D/pskey_bt(  329): char:0, 0
04-28 07:54:05.420 D/pskey_bt(  329): char:0, 0
04-28 07:54:05.420 D/pskey_bt(  329): char:0, 0
04-28 07:54:05.420 D/pskey_bt(  329): char:0, 0
04-28 07:54:05.420 D/pskey_bt(  329): get_one_item(data) = 0x0
04-28 07:54:05.420 D/pskey_bt(  329): get_next_u32: here:0
04-28 07:54:05.420 D/pskey_bt(  329): char:0, 0
04-28 07:54:05.420 D/pskey_bt(  329): char:0, 0
04-28 07:54:05.420 D/pskey_bt(  329): char:0, 0
04-28 07:54:05.420 D/pskey_bt(  329): char:0, 0
04-28 07:54:05.430 D/pskey_bt(  329): get_one_item(data) = 0x0
04-28 07:54:05.430 D/pskey_bt(  329): get_next_u32: here:0
04-28 07:54:05.430 D/pskey_bt(  329): char:0, 0
04-28 07:54:05.430 D/pskey_bt(  329): char:0, 0
04-28 07:54:05.430 D/pskey_bt(  329): char:0, 0
04-28 07:54:05.430 D/pskey_bt(  329): char:0, 0
04-28 07:54:05.430 D/pskey_bt(  329): get_one_item(data) = 0x0
04-28 07:54:05.430 D/pskey_bt(  329): get_next_u32: here:0
04-28 07:54:05.430 D/pskey_bt(  329): char:0, 0
04-28 07:54:05.430 D/pskey_bt(  329): char:0, 0
04-28 07:54:05.430 D/pskey_bt(  329): char:0, 0
04-28 07:54:05.430 D/pskey_bt(  329): char:0, 0
04-28 07:54:05.430 D/pskey_bt(  329): get_one_item(data) = 0x0
04-28 07:54:05.430 D/pskey_bt(  329): get_next_u32: here:0
04-28 07:54:05.430 D/pskey_bt(  329): char:0, 0
04-28 07:54:05.430 D/pskey_bt(  329): char:0, 0
04-28 07:54:05.430 D/pskey_bt(  329): char:0, 0
04-28 07:54:05.430 D/pskey_bt(  329): char:0, 0
04-28 07:54:05.430 D/pskey_bt(  329): get_one_item(data) = 0x0
04-28 07:54:05.430 D/pskey_bt(  329): get_next_u32: here:0
04-28 07:54:05.430 D/pskey_bt(  329): get_one_item(data) = 0x0
04-28 07:54:05.430 D/pskey_bt(  329): get_next_u32: here:0
04-28 07:54:05.430 D/pskey_bt(  329): leave out tmp_buff=
04-28 07:54:05.430 D/pskey_bt(  329): parse pskey success, tmp_buff=0x1bee120
04-28 07:54:05.430 D/pskey_bt(  329): ret get pskey from file =0
04-28 07:54:05.430 D/pskey_bt(  329): data/btmac.txt does not exist 0 
04-28 07:54:05.530 D/pskey_bt(  329): tmp_mac:0065514deb0e
04-28 07:54:05.530 D/pskey_bt(  329): e  
04-28 07:54:05.530 D/pskey_bt(  329): eb  
04-28 07:54:05.530 D/pskey_bt(  329): 4d  
04-28 07:54:05.530 D/pskey_bt(  329): 51  
04-28 07:54:05.530 D/pskey_bt(  329): 65  
04-28 07:54:05.530 D/pskey_bt(  329): 0  
04-28 07:54:05.750 I/nsVolume(   84): nsVolume: sdcard state Mounted @ '/mnt/sdcard' gen 1 locked 0 fake 0 media 1 sharing 0 formatting 0
04-28 07:54:05.750 I/AutoMounter(   84): UpdateState: umsAvail:1 umsEnabled:1 mode:0 usbCablePluggedIn:1 tryToShare:0
04-28 07:54:05.750 I/AutoMounter(   84): UpdateState: Volume sdcard is Mounted and inserted @ /mnt/sdcard gen 1 locked 0 sharing n
04-28 07:54:05.760 I/AutoMounter(   84): UpdateState: umsAvail:1 umsEnabled:1 mode:0 usbCablePluggedIn:1 tryToShare:0
04-28 07:54:05.760 I/AutoMounter(   84): UpdateState: Volume sdcard is Mounted and inserted @ /mnt/sdcard gen 1 locked 0 sharing n
04-28 07:54:05.860 I/Gonk    (   84): RIL[0]: OnConnectSuccess
04-28 07:54:06.040 I/Gonk    (   84): RIL[1]: OnConnectSuccess
04-28 07:54:06.250 I/Gecko   (   84): 1398696846257	Marionette	DEBUG	accepted connection on 127.0.0.1:50239
04-28 07:54:06.530 E/bluedroid(   84): test bt_is_enabled
04-28 07:54:07.300 D/NetUtils(   84): failed to remove default route for wlan0: No such device
04-28 07:54:07.310 W/WifiHW  (   84): wifi_load_driver enter 262
04-28 07:54:07.310 W/WifiHW  (   84): DRIVER_MODULE_PATH= DRIVER_MODULE_ARG= 
04-28 07:54:07.310 W/WifiHW  (   84): driver insmod complete 
04-28 07:54:07.310 W/WifiHW  (   84): Driver() loaded succesffuly
04-28 07:54:07.890 W/WifiHW  (   87): wifi_change_fw_path: /system/lib/modules/itm_sta.ko
04-28 07:54:07.890 D/WifiHW  (   87): Unable to unload driver module "itm_ap.ko": No such file or directory
04-28 07:54:08.090 D/WifiHW  (   87): Unable to unload driver module "itm_sta.ko": No such file or directory
04-28 07:54:08.290 W/WifiHW  (   87): insmod filename=/system/lib/modules/itm_sta.ko args= 
04-28 07:54:08.770 V/AudioPolicyManagerBase(   89): setStreamVolumeIndex() stream 3, index 0
04-28 07:54:08.770 E/AudioPolicyManagerBase(   89): checkAndSetVolume stream=3, index=0, output=1, device=2
04-28 07:54:08.770 E/AudioPolicyManagerBase(   89): computeVolume, streamDesc=0x17bf0
04-28 07:54:08.770 V/AudioPolicyManagerBase(   89): setStreamVolume() for output 1 stream 3, volume 0.000000, delay 0
04-28 07:54:08.770 V/AudioPolicyManagerBase(   89): setStreamVolumeIndex() stream 1, index 0
04-28 07:54:08.770 E/AudioPolicyManagerBase(   89): checkAndSetVolume stream=1, index=0, output=1, device=2
04-28 07:54:08.770 E/AudioPolicyManagerBase(   89): computeVolume, streamDesc=0x17bb8
04-28 07:54:08.770 V/AudioPolicyManagerBase(   89): setStreamVolume() for output 1 stream 1, volume 0.000000, delay 0
04-28 07:54:08.770 V/AudioPolicyManagerBase(   89): setStreamVolumeIndex() stream 5, index 0
04-28 07:54:08.770 E/AudioPolicyManagerBase(   89): checkAndSetVolume stream=5, index=0, output=1, device=2
04-28 07:54:08.770 E/AudioPolicyManagerBase(   89): computeVolume, streamDesc=0x17c28
04-28 07:54:08.770 V/AudioPolicyManagerBase(   89): setStreamVolume() for output 1 stream 5, volume 0.000000, delay 0
04-28 07:54:08.780 V/AudioPolicyManagerBase(   89): setStreamVolumeIndex() stream 2, index 0
04-28 07:54:08.780 E/AudioPolicyManagerBase(   89): checkAndSetVolume stream=2, index=0, output=1, device=2
04-28 07:54:08.780 E/AudioPolicyManagerBase(   89): computeVolume, streamDesc=0x17bd4
04-28 07:54:08.780 V/AudioPolicyManagerBase(   89): setStreamVolume() for output 1 stream 2, volume 0.000000, delay 0
04-28 07:54:08.780 V/AudioPolicyManagerBase(   89): setStreamVolumeIndex() stream 4, index 15
04-28 07:54:08.780 E/AudioPolicyManagerBase(   89): checkAndSetVolume stream=4, index=15, output=1, device=2
04-28 07:54:08.780 E/AudioPolicyManagerBase(   89): computeVolume, streamDesc=0x17c0c
04-28 07:54:08.780 V/AudioPolicyManagerBase(   89): VOLUME vol index=[66 100 100], dB=[-10.2 0.0 0.0] ampl=1.00000
04-28 07:54:08.780 V/AudioPolicyManagerBase(   89): setStreamVolumeIndex() stream 0, index 5
04-28 07:54:08.780 E/AudioPolicyManagerBase(   89): checkAndSetVolume stream=0, index=5, output=1, device=2
04-28 07:54:08.780 E/AudioPolicyManagerBase(   89): computeVolume, streamDesc=0x17b9c
04-28 07:54:08.780 V/AudioPolicyManagerBase(   89): VOLUME vol index=[66 100 100], dB=[-17.0 0.0 0.0] ampl=1.00000
04-28 07:54:08.790 V/AudioPolicyManagerBase(   89): setStreamVolumeIndex() stream 6, index 15
04-28 07:54:08.790 V/AudioPolicyManagerBase(   89): checkAndSetVolume() cannot set stream 6 volume with force use = 0 for comm
04-28 07:54:09.270 I/Gecko   (   84): -*- RadioInterface[0]: _lastKnownHomeNetwork: 310-410
04-28 07:54:09.320 I/Gecko   (   84): -*- RadioInterface[1]: _lastKnownHomeNetwork: 214-07
04-28 07:54:09.320 I/VolumeManager(   84): SetSharingMode for volume sdcard to 1 canBeShared = 1
04-28 07:54:09.320 I/AutoMounter(   84): UpdateState: umsAvail:1 umsEnabled:1 mode:0 usbCablePluggedIn:1 tryToShare:0
04-28 07:54:09.320 I/AutoMounter(   84): UpdateState: Volume sdcard is Mounted and inserted @ /mnt/sdcard gen 1 locked 0 sharing y
04-28 07:54:09.590 E/Profiler(  342): BEGIN mozilla_sampler_init
04-28 07:54:09.590 E/Profiler(  342): BPUnw: [1 total] thread_register_for_profiling(me=0x400f2488, stacktop=0xbec009b7)
04-28 07:54:09.590 E/Profiler(  342): SPS:
04-28 07:54:09.590 E/Profiler(  342): SPS: Unwind mode       = pseudo
04-28 07:54:09.590 E/Profiler(  342): SPS: Sampling interval = 0 ms (zero means "platform default")
04-28 07:54:09.590 E/Profiler(  342): SPS: Entry store size  = 0 (zero means "platform default")
04-28 07:54:09.590 E/Profiler(  342): SPS: UnwindStackScan   = 0 (max dubious frames per unwind).
04-28 07:54:09.590 E/Profiler(  342): SPS: Use env var MOZ_PROFILER_MODE=help for further information.
04-28 07:54:09.590 E/Profiler(  342): SPS:
04-28 07:54:09.590 E/Profiler(  342): Registering start signal
04-28 07:54:09.670 I/Gecko   (   84): ###################################### forms.js loaded
04-28 07:54:09.700 I/Gecko   (   84): ############################### browserElementPanning.js loaded
04-28 07:54:09.770 I/Gecko   (   84): ######################## BrowserElementChildPreload.js loaded
04-28 07:54:09.850 I/Gecko   (   84): *** UTM:SVC TimerManager:registerTimer - id: user-agent-updates-timer
04-28 07:54:09.850 E/GeckoConsole(   84): UTM:SVC TimerManager:registerTimer - id: user-agent-updates-timer
04-28 07:54:10.630 E/Profiler(   84): BPUnw: [1 total] thread_unregister_for_profiling(me=0x1a03f48)  (NOT REGISTERED) 
04-28 07:54:10.790 I/GeckoDump(   84): Crash reporter : Can't fetch app.reportCrashes. Exception: [Exception... "Component returned failure code: 0x8000ffff (NS_ERROR_UNEXPECTED) [nsIPrefBranch.getBoolPref]"  nsresult: "0x8000ffff (NS_ERROR_UNEXPECTED)"  location: "JS frame :: chrome://browser/content/shell.js :: shell_reportCrash :: line 7"  data: no]
04-28 07:54:10.830 D/SoftapController(   87): Softap fwReload - Ok
04-28 07:54:10.830 E/BandwidthController(   87): No such iface wlan0 to delete
04-28 07:54:11.080 E/GeckoConsole(  342): Could not read chrome manifest 'file:///system/b2g/chrome.manifest'.
04-28 07:54:11.290 I/Gecko   (   84): -*- RadioInterface[0]: _lastKnownHomeNetwork: 310-410
04-28 07:54:11.610 E/GeckoConsole(   84): [JavaScript Warning: "Error in parsing value for 'font-weight'.  Declaration dropped." {file: "app://system.gaiamobile.org/style/shrinking_ui/shrinking_ui.css" line: 9 column: 15 source: "  font-weight: medium;"}]
04-28 07:54:12.130 D/Sensors (   84): activate handle=0; drv=0
04-28 07:54:12.130 D/Sensors (   84): Lis3dhSensor: Control set 0
04-28 07:54:12.130 D/Sensors (   84): Lis3dhSensor: mEnabled = 0
04-28 07:54:12.140 I/Gecko   (   84): MobileConnection initialized
04-28 07:54:12.140 I/Gecko   (   84): MobileConnection initialized
04-28 07:54:12.810 I/Gecko   (   84): Attempting load of libEGL.so
04-28 07:54:12.850 D/libEGL  (   84): loaded /system/lib/egl/libEGL_mali.so
04-28 07:54:12.890 D/libEGL  (   84): loaded /system/lib/egl/libGLESv1_CM_mali.so
04-28 07:54:12.890 D/libEGL  (   84): loaded /system/lib/egl/libGLESv2_mali.so
04-28 07:54:12.910 I/HWComposer(   84): Creating new instance
04-28 07:54:12.910 E/HWComposer(   84): Failed to initialize hwc
04-28 07:54:12.970 E/GeckoConsole(   84): OpenGL compositor Initialized Succesfully.
04-28 07:54:12.970 E/GeckoConsole(   84): Version: OpenGL ES 2.0 Spreadtrum Build
04-28 07:54:12.970 E/GeckoConsole(   84): Vendor: ARM
04-28 07:54:12.970 E/GeckoConsole(   84): Renderer: Mali-300
04-28 07:54:12.970 E/GeckoConsole(   84): FBO Texture Target: TEXTURE_2D
04-28 07:54:13.510 I/Gecko   (   84): 1398696853518	Marionette	DEBUG	accepted connection on 127.0.0.1:50240
04-28 07:54:13.760 E/WifiHW  (   84): Leo ensure_config_file_exists config_file=/data/misc/wifi/wpa_supplicant.conf
04-28 07:54:13.760 E/WifiHW  (   84): daemon_cmd=wpa_supplicant:-iwlan0 -c/data/misc/wifi/wpa_supplicant.conf
04-28 07:54:14.280 I/Gonk    (   84): Setting nice for pid 365 to 18
04-28 07:54:14.280 I/Gonk    (   84): Changed nice for pid 365 from 0 to 18.
04-28 07:54:14.330 E/slog    (  317): handle_top_logdir: slog use external storage [17]
04-28 07:54:17.160 W/WifiHW  (   84): wifi_command: LOG_LEVEL
04-28 07:54:17.160 W/WifiHW  (   84): wifi_command: STATUS
04-28 07:54:17.200 I/power   (   84): *** set_screen_state 1
04-28 07:54:17.200 D/Sensors (   84): activate handle=3; drv=1
04-28 07:54:17.200 D/Sensors (   84): SensorTMD2771::setEnable=0= en=1; newState=1; what=0; mEnabled=0
04-28 07:54:17.310 D/Sensors (   84): taos ---Light::TAOS_IOCTL_ALS_ON=== err=0
04-28 07:54:17.310 D/Sensors (   84): SensorTMD2771::setEnable=1= en=1; newState=1; what=0; mEnabled=1
04-28 07:54:17.310 D/Sensors (   84): SensorTMD2771::getEnable===mEnabled=0x1; enable=1
04-28 07:54:17.320 I/GeckoDump(   84): XXX FIXME : Got a mozContentEvent: nfc-hardware-state-change
04-28 07:54:17.370 I/Gecko   (   84): ############################### browserElementPanning.js loaded
04-28 07:54:17.400 I/Gecko   (   84): ######################## BrowserElementChildPreload.js loaded
04-28 07:54:17.430 I/GeckoDump(   84): XXX FIXME : Got a mozContentEvent: system-message-listener-ready
04-28 07:54:17.700 W/WifiHW  (   84): wifi_command: LIST_NETWORKS
04-28 07:54:17.700 W/WifiHW  (   84): wifi_command: DRIVER MACADDR
04-28 07:54:17.810 D/Sensors (   84): SensorTMD2771::readEvents()======data_fd=53,count=16
04-28 07:54:17.810 D/Sensors (   84): SensorTMD2771::processEvent()=====code=40::value=607 
04-28 07:54:17.810 D/Sensors (   84): SensorTMD2771: mPendingEvents[Light].light = 607.000000
04-28 07:54:18.090 W/WifiHW  (   84): wifi_command: GET_NETWORK 0 ssid
04-28 07:54:18.090 W/WifiHW  (   84): wifi_command: GET_NETWORK 0 bssid
04-28 07:54:18.090 W/WifiHW  (   84): wifi_command: GET_NETWORK 0 psk
04-28 07:54:18.090 W/WifiHW  (   84): wifi_command: GET_NETWORK 0 wep_key0
04-28 07:54:18.090 W/WifiHW  (   84): wifi_command: GET_NETWORK 0 wep_key1
04-28 07:54:18.090 W/WifiHW  (   84): wifi_command: GET_NETWORK 0 wep_key2
04-28 07:54:18.090 W/WifiHW  (   84): wifi_command: GET_NETWORK 0 wep_key3
04-28 07:54:18.090 W/WifiHW  (   84): wifi_command: GET_NETWORK 0 wep_tx_keyidx
04-28 07:54:18.090 W/WifiHW  (   84): wifi_command: GET_NETWORK 0 priority
04-28 07:54:18.090 W/WifiHW  (   84): wifi_command: GET_NETWORK 0 key_mgmt
04-28 07:54:18.090 W/WifiHW  (   84): wifi_command: GET_NETWORK 0 scan_ssid
04-28 07:54:18.090 W/WifiHW  (   84): wifi_command: GET_NETWORK 0 disabled
04-28 07:54:18.090 W/WifiHW  (   84): wifi_command: GET_NETWORK 0 identity
04-28 07:54:18.090 W/WifiHW  (   84): wifi_command: GET_NETWORK 0 password
04-28 07:54:18.090 W/WifiHW  (   84): wifi_command: GET_NETWORK 0 auth_alg
04-28 07:54:18.090 W/WifiHW  (   84): wifi_command: GET_NETWORK 0 phase1
04-28 07:54:18.100 W/WifiHW  (   84): wifi_command: GET_NETWORK 0 phase2
04-28 07:54:18.100 W/WifiHW  (   84): wifi_command: GET_NETWORK 0 eap
04-28 07:54:18.100 W/WifiHW  (   84): wifi_command: GET_NETWORK 0 pin
04-28 07:54:18.100 W/WifiHW  (   84): wifi_command: GET_NETWORK 0 pcsc
04-28 07:54:19.360 I/Gecko   (   84): 1398696859369	Marionette	INFO	loaded marionette-listener.js
04-28 07:54:19.360 I/Gecko   (   84): 1398696859371	Marionette	INFO	sendToClient: {"from":"0","value":"3-b2g"}, {bf029d66-17a1-4707-978e-beb22eeab450}, {bf029d66-17a1-4707-978e-beb22eeab450}
04-28 07:54:19.410 W/WifiHW  (   84): wifi_command: ENABLE_NETWORK 0
04-28 07:54:19.410 W/WifiHW  (   84): wifi_command: AP_SCAN 1
04-28 07:54:19.650 E/GeckoConsole(   84): [JavaScript Warning: "Error in parsing value for 'padding'.  Declaration dropped." {file: "app://callscreen.gaiamobile.org/style/oncall.css" line: 280 column: 13 source: "    padding: none;"}]
04-28 07:54:19.850 I/Gecko   (   84): MobileConnection initialized
04-28 07:54:19.850 I/Gecko   (   84): MobileConnection initialized
04-28 07:54:19.860 E/Profiler(   84): BPUnw: [1 total] thread_unregister_for_profiling(me=0x1a03e88)  (NOT REGISTERED) 
04-28 07:54:19.870 W/WifiHW  (   84): wifi_command: SAVE_CONFIG
04-28 07:54:20.250 V/AudioPolicyManagerBase(   89): getDeviceForStrategy() from cache strategy 0, device 2
04-28 07:54:20.250 V/AudioPolicyManagerBase(   89): getOutput() stream 3, samplingRate 0, format 0, channels 3, flags 0
04-28 07:54:21.700 I/Gecko   (   84): 1398696861705	Marionette	INFO	sendToClient: {"from":"0","value":{"ELEMENT":"{332c124c-f1ef-4bd9-8202-6f06a62d291d}"}}, {38ba91d7-a734-43ad-a2f2-19265dd397d1}, {38ba91d7-a734-43ad-a2f2-19265dd397d1}
04-28 07:54:21.870 I/Gecko   (   84): 1398696861883	Marionette	INFO	sendToClient: {"from":"0","value":false}, {4ae1c967-984a-4f6b-99bc-8a2fd0776caf}, {4ae1c967-984a-4f6b-99bc-8a2fd0776caf}
04-28 07:54:22.080 I/Gecko   (   84): 1398696862087	Marionette	INFO	sendToClient: {"from":"0","value":{"ELEMENT":"{332c124c-f1ef-4bd9-8202-6f06a62d291d}"}}, {2eae52b9-9d82-4d5a-98f4-1175bc9786b0}, {2eae52b9-9d82-4d5a-98f4-1175bc9786b0}
04-28 07:54:22.340 I/Gecko   (   84): 1398696862352	Marionette	INFO	sendToClient: {"from":"0","value":false}, {2a05a6e6-cff9-47ac-a021-aebd9b944287}, {2a05a6e6-cff9-47ac-a021-aebd9b944287}
04-28 07:54:22.580 I/Gecko   (   84): 1398696862591	Marionette	INFO	sendToClient: {"from":"0","value":{"ELEMENT":"{332c124c-f1ef-4bd9-8202-6f06a62d291d}"}}, {3d68c4b8-51b7-47e6-80ab-8b946eccea8b}, {3d68c4b8-51b7-47e6-80ab-8b946eccea8b}
04-28 07:54:24.040 I/Gecko   (   84): 1398696864048	Marionette	INFO	sendToClient: {"from":"0","value":false}, {54488c7b-6ca8-41fe-9936-285929892622}, {54488c7b-6ca8-41fe-9936-285929892622}
04-28 07:54:24.220 I/Gecko   (   84): 1398696864230	Marionette	INFO	sendToClient: {"from":"0","value":{"ELEMENT":"{332c124c-f1ef-4bd9-8202-6f06a62d291d}"}}, {a78fae85-cae0-4bab-83cc-1d4b3e579fe8}, {a78fae85-cae0-4bab-83cc-1d4b3e579fe8}
04-28 07:54:24.290 I/Gecko   (   84): 1398696864294	Marionette	INFO	sendToClient: {"from":"0","value":false}, {67928a3c-acb6-4aa8-91c4-ba07f05c9023}, {67928a3c-acb6-4aa8-91c4-ba07f05c9023}
04-28 07:54:24.300 W/WifiHW  (   84): wifi_command: SCAN_RESULTS
04-28 07:54:24.320 W/WifiHW  (   84): wifi_command: DRIVER SCAN-PASSIVE
04-28 07:54:24.350 W/WifiHW  (   84): wifi_command: GET_NETWORK 0 ssid
04-28 07:54:24.350 W/WifiHW  (   84): wifi_command: GET_NETWORK 0 bssid
04-28 07:54:24.350 W/WifiHW  (   84): wifi_command: GET_NETWORK 0 psk
04-28 07:54:24.350 W/WifiHW  (   84): wifi_command: GET_NETWORK 0 wep_key0
04-28 07:54:24.350 W/WifiHW  (   84): wifi_command: GET_NETWORK 0 wep_key1
04-28 07:54:24.360 W/WifiHW  (   84): wifi_command: GET_NETWORK 0 wep_key2
04-28 07:54:24.360 W/WifiHW  (   84): wifi_command: GET_NETWORK 0 wep_key3
04-28 07:54:24.360 W/WifiHW  (   84): wifi_command: GET_NETWORK 0 wep_tx_keyidx
04-28 07:54:24.360 W/WifiHW  (   84): wifi_command: GET_NETWORK 0 priority
04-28 07:54:24.360 W/WifiHW  (   84): wifi_command: GET_NETWORK 0 key_mgmt
04-28 07:54:24.360 W/WifiHW  (   84): wifi_command: GET_NETWORK 0 scan_ssid
04-28 07:54:24.360 W/WifiHW  (   84): wifi_command: GET_NETWORK 0 disabled
04-28 07:54:24.360 W/WifiHW  (   84): wifi_command: GET_NETWORK 0 identity
04-28 07:54:24.360 W/WifiHW  (   84): wifi_command: GET_NETWORK 0 password
04-28 07:54:24.360 W/WifiHW  (   84): wifi_command: GET_NETWORK 0 auth_alg
04-28 07:54:24.360 W/WifiHW  (   84): wifi_command: GET_NETWORK 0 phase1
04-28 07:54:24.360 W/WifiHW  (   84): wifi_command: GET_NETWORK 0 phase2
04-28 07:54:24.360 W/WifiHW  (   84): wifi_command: GET_NETWORK 0 eap
04-28 07:54:24.360 W/WifiHW  (   84): wifi_command: GET_NETWORK 0 pin
04-28 07:54:24.370 W/WifiHW  (   84): wifi_command: GET_NETWORK 0 pcsc
04-28 07:54:24.410 W/WifiHW  (   84): wifi_command: SIGNAL_POLL
04-28 07:54:24.420 W/WifiHW  (   84): wifi_command: GET_NETWORK 0 ssid
04-28 07:54:24.420 W/WifiHW  (   84): wifi_command: GET_NETWORK 0 bssid
04-28 07:54:24.420 W/WifiHW  (   84): wifi_command: GET_NETWORK 0 psk
04-28 07:54:24.420 W/WifiHW  (   84): wifi_command: GET_NETWORK 0 wep_key0
04-28 07:54:24.420 W/WifiHW  (   84): wifi_command: GET_NETWORK 0 wep_key1
04-28 07:54:24.420 W/WifiHW  (   84): wifi_command: GET_NETWORK 0 wep_key2
04-28 07:54:24.420 W/WifiHW  (   84): wifi_command: GET_NETWORK 0 wep_key3
04-28 07:54:24.420 W/WifiHW  (   84): wifi_command: GET_NETWORK 0 wep_tx_keyidx
04-28 07:54:24.420 W/WifiHW  (   84): wifi_command: GET_NETWORK 0 priority
04-28 07:54:24.420 W/WifiHW  (   84): wifi_command: GET_NETWORK 0 key_mgmt
04-28 07:54:24.420 W/WifiHW  (   84): wifi_command: GET_NETWORK 0 scan_ssid
04-28 07:54:24.420 W/WifiHW  (   84): wifi_command: GET_NETWORK 0 disabled
04-28 07:54:24.420 W/WifiHW  (   84): wifi_command: GET_NETWORK 0 identity
04-28 07:54:24.420 W/WifiHW  (   84): wifi_command: GET_NETWORK 0 password
04-28 07:54:24.420 W/WifiHW  (   84): wifi_command: GET_NETWORK 0 auth_alg
04-28 07:54:24.430 W/WifiHW  (   84): wifi_command: GET_NETWORK 0 phase1
04-28 07:54:24.430 W/WifiHW  (   84): wifi_command: GET_NETWORK 0 phase2
04-28 07:54:24.430 W/WifiHW  (   84): wifi_command: GET_NETWORK 0 eap
04-28 07:54:24.430 W/WifiHW  (   84): wifi_command: GET_NETWORK 0 pin
04-28 07:54:24.430 W/WifiHW  (   84): wifi_command: GET_NETWORK 0 pcsc
04-28 07:54:24.490 I/Gecko   (   84): 1398696864500	Marionette	INFO	sendToClient: {"from":"0","value":{"ELEMENT":"{332c124c-f1ef-4bd9-8202-6f06a62d291d}"}}, {84c1ca9a-0218-4c38-8714-2e678ea87463}, {84c1ca9a-0218-4c38-8714-2e678ea87463}
04-28 07:54:24.570 I/Gecko   (   84): 1398696864581	Marionette	INFO	sendToClient: {"from":"0","value":false}, {ddf73a96-5e86-49b5-9b7c-9db248789d24}, {ddf73a96-5e86-49b5-9b7c-9db248789d24}
04-28 07:54:24.750 I/GeckoDump(   84): XXX FIXME : Got a mozContentEvent: accessibility-screenreader
04-28 07:54:24.800 I/GeckoDump(   84): XXX FIXME : Got a mozContentEvent: nfc-hardware-state-change
04-28 07:54:25.240 I/Gecko   (   84): 1398696865246	Marionette	INFO	sendToClient: {"from":"0","value":{"ELEMENT":"{332c124c-f1ef-4bd9-8202-6f06a62d291d}"}}, {29e0d907-563f-4f4d-aceb-d2447a5e1830}, {29e0d907-563f-4f4d-aceb-d2447a5e1830}
04-28 07:54:25.300 I/Gecko   (   84): 1398696865303	Marionette	INFO	sendToClient: {"from":"0","value":true}, {8b1ba393-ba2f-4598-944e-5860b7b0d717}, {8b1ba393-ba2f-4598-944e-5860b7b0d717}
04-28 07:54:25.760 E/GeckoConsole(   84): Content JS ERROR at app://system.gaiamobile.org/js/telephony_settings.js:23 in set_vpm_error: Error setting voice privacy.
04-28 07:54:25.770 E/GeckoConsole(   84): Content JS ERROR at app://system.gaiamobile.org/js/telephony_settings.js:23 in set_vpm_error: Error setting voice privacy.
04-28 07:54:25.780 I/FMRadio (   84): FMRadio is initialized.
04-28 07:54:25.790 E/GeckoConsole(   84): Content JS ERROR at app://system.gaiamobile.org/js/telephony_settings.js:42 in set_vpm_error: Error roaming preference.
04-28 07:54:25.790 E/GeckoConsole(   84): Content JS ERROR at app://system.gaiamobile.org/js/telephony_settings.js:42 in set_vpm_error: Error roaming preference.
04-28 07:54:26.560 E/Profiler(   84): BPUnw: [1 total] thread_unregister_for_profiling(me=0x1a0b608)  (NOT REGISTERED) 
04-28 07:54:26.950 I/GeckoDump(   84): XXX FIXME : Got a mozContentEvent: inputmethod-update-layouts
04-28 07:54:27.020 I/Gecko   (   84): ############################### browserElementPanning.js loaded
04-28 07:54:27.040 I/Gecko   (   84): ######################## BrowserElementChildPreload.js loaded
04-28 07:54:27.090 I/GeckoDump(   84): XXX FIXME : Got a mozContentEvent: inputmethod-update-layouts
04-28 07:54:27.700 E/GeckoConsole(   84): [JavaScript Warning: "Error in parsing value for 'font-weight'.  Declaration dropped." {file: "app://keyboard.gaiamobile.org/style/keyboard.css" line: 133 column: 15 source: "  font-weight: medium;"}]
04-28 07:54:27.840 I/Gecko   (   84): 1398696867852	Marionette	INFO	sendToClient: {"from":"0","ok":true}, {b36e9cee-0aae-4cd7-8ae1-e942ae9f4429}, {b36e9cee-0aae-4cd7-8ae1-e942ae9f4429}
04-28 07:54:27.870 I/Gecko   (   84): 1398696867881	Marionette	DEBUG	Got request: switchToFrame, data: {"to":"0","sessionId":"3-b2g","name":"switchToFrame","parameters":{"id":null,"focus":true}}, id: {d1fc4b95-d6cc-4ca8-b01f-e5e69fd00abf}
04-28 07:54:27.890 I/Gecko   (   84): 1398696867900	Marionette	INFO	Switched to frame: {"frameValue":null}
04-28 07:54:28.010 I/Gecko   (   84): 1398696868013	Marionette	INFO	sendToClient: {"from":"0","ok":true}, {d1fc4b95-d6cc-4ca8-b01f-e5e69fd00abf}, {d1fc4b95-d6cc-4ca8-b01f-e5e69fd00abf}
04-28 07:54:28.040 I/Gecko   (   84): 1398696868046	Marionette	DEBUG	Got request: executeWithCallback, data: {"to":"0","sessionId":"3-b2g","name":"executeAsyncScript","parameters":{"specialPowers":false,"scriptTimeout":null,"newSandbox":true,"args":[],"filename":"gaia_test.py","script":"GaiaLockScreen.unlock()","line":810}}, id: {97704fca-3862-4c35-825d-4559b22f6438}
04-28 07:54:28.100 I/Gonk    (   84): Setting nice for pid 365 to 18
04-28 07:54:28.100 I/Gonk    (   84): Changed nice for pid 365 from 18 to 18.
04-28 07:54:28.100 I/Gecko   (   84): [Parent 84] WARNING: waitpid failed pid:365 errno:10: file ../../../gecko/ipc/chromium/src/base/process_util_posix.cc, line 254
04-28 07:54:28.110 I/Gonk    (   84): Setting nice for pid 365 to 1
04-28 07:54:28.110 I/Gonk    (   84): Changed nice for pid 365 from 18 to 1.
04-28 07:54:28.270 I/Gecko   (   84): 1398696868273	Marionette	INFO	sendToClient: {"from":"0","value":{"passed":0,"failed":0,"failures":[]}}, {97704fca-3862-4c35-825d-4559b22f6438}, {97704fca-3862-4c35-825d-4559b22f6438}
04-28 07:54:28.310 I/GeckoDump(   84): FTU manifest cannot be found skipping.
04-28 07:54:28.460 I/Gecko   (   84): 1398696868469	Marionette	INFO	sendToClient: {"from":"0","ok":true}, {bd6123b2-9318-480e-b25d-819d027e6a72}, {bd6123b2-9318-480e-b25d-819d027e6a72}
04-28 07:54:28.530 I/Gecko   (   84): 1398696868534	Marionette	DEBUG	Got request: switchToFrame, data: {"to":"0","sessionId":"3-b2g","name":"switchToFrame","parameters":{"id":null,"focus":true}}, id: {8ea745b3-8d6d-408d-885b-25c03aa26b40}
04-28 07:54:28.540 I/Gecko   (   84): 1398696868552	Marionette	INFO	Switched to frame: {"frameValue":null}
04-28 07:54:28.800 I/Gecko   (   84): 1398696868813	Marionette	INFO	sendToClient: {"from":"0","ok":true}, {8ea745b3-8d6d-408d-885b-25c03aa26b40}, {8ea745b3-8d6d-408d-885b-25c03aa26b40}
04-28 07:54:28.940 E/[Gralloc-ERROR](   84): int gralloc_register_buffer(const gralloc_module_t*, const native_handle_t*):79 Unable to register handle 0x4693edd0 coming from different process: 84
04-28 07:54:28.960 E/[Gralloc-ERROR](   84): int gralloc_register_buffer(const gralloc_module_t*, const native_handle_t*):79 Unable to register handle 0x4693ee70 coming from different process: 84
04-28 07:54:29.080 E/[Gralloc-ERROR](   84): int gralloc_register_buffer(const gralloc_module_t*, const native_handle_t*):79 Unable to register handle 0x46198bf0 coming from different process: 84
04-28 07:54:29.080 E/[Gralloc-ERROR](   84): int gralloc_register_buffer(const gralloc_module_t*, const native_handle_t*):79 Unable to register handle 0x4633ec40 coming from different process: 84
04-28 07:54:29.350 I/GeckoDump(   84): XXX FIXME : Got a mozContentEvent: nfc-hardware-state-change
04-28 07:54:29.370 I/GeckoDump(   84): XXX FIXME : Got a mozContentEvent: nfc-hardware-state-change
04-28 07:54:29.900 E/Profiler(   84): BPUnw: [1 total] thread_unregister_for_profiling(me=0x1a04088)  (NOT REGISTERED) 
04-28 07:54:29.900 W/WifiHW  (   84): wifi_command: SIGNAL_POLL
04-28 07:54:29.950 E/[Gralloc-ERROR](   84): int gralloc_unregister_buffer(const gralloc_module_t*, const native_handle_t*):274 Trying to unregister buffer 0x4693ee70 from process 84 that was not created in current process: 84
04-28 07:54:29.950 E/[Gralloc-ERROR](   84): int gralloc_unregister_buffer(const gralloc_module_t*, const native_handle_t*):274 Trying to unregister buffer 0x4693edd0 from process 84 that was not created in current process: 84
04-28 07:54:29.950 E/[Gralloc-ERROR](   84): int gralloc_unregister_buffer(const gralloc_module_t*, const native_handle_t*):274 Trying to unregister buffer 0x4633ec40 from process 84 that was not created in current process: 84
04-28 07:54:29.950 E/[Gralloc-ERROR](   84): int gralloc_unregister_buffer(const gralloc_module_t*, const native_handle_t*):274 Trying to unregister buffer 0x46198bf0 from process 84 that was not created in current process: 84
04-28 07:54:29.950 I/Gecko   (   84): 1398696869959	Marionette	DEBUG	Got request: executeWithCallback, data: {"to":"0","sessionId":"3-b2g","name":"executeAsyncScript","parameters":{"specialPowers":false,"scriptTimeout":60000,"newSandbox":true,"args":[],"filename":"app_checker.py","script":"\n        GaiaApps.locateWithManifestURL('https://marketplace.firefox.com/app/3b9df4f4-444e-43b8-ab04-73e291e96ec0/manifest.webapp',\n                                       null,\n                                       function uninstall(app) {\n                                       navigator.mozApps.mgmt.uninstall(app);\n                                       marionetteScriptFinished(true);\n                                       });\n        ","line":129}}, id: {0a9822c6-374f-4891-85c3-224ef0975612}
04-28 07:54:30.190 I/Gecko   (   84): -- webapps.js uninstall https://marketplace.firefox.com/app/3b9df4f4-444e-43b8-ab04-73e291e96ec0/manifest.webapp
04-28 07:54:30.530 I/Gecko   (   84): 1398696870542	Marionette	INFO	sendToClient: {"from":"0","value":true}, {0a9822c6-374f-4891-85c3-224ef0975612}, {0a9822c6-374f-4891-85c3-224ef0975612}
04-28 07:54:30.570 E/[Gralloc-ERROR](   84): int gralloc_register_buffer(const gralloc_module_t*, const native_handle_t*):79 Unable to register handle 0x47c2ce20 coming from different process: 84
04-28 07:54:30.590 E/[Gralloc-ERROR](   84): int gralloc_register_buffer(const gralloc_module_t*, const native_handle_t*):79 Unable to register handle 0x47c2cec0 coming from different process: 84
04-28 07:54:30.590 I/Gecko   (  365): ###################################### forms.js loaded
04-28 07:54:34.893 I/Gecko   (  365): ############################### browserElementPanning.js loaded
04-28 07:54:34.923 I/Gecko   (  365): ######################## BrowserElementChildPreload.js loaded