--------- beginning of /dev/log/main
04-26 03:58:44.220 I/Gecko   (   84): 1398509924230	Marionette	INFO	sendToClient: {"from":"0","ok":true}, {4cc61100-4e22-47f7-bc37-0c8010358c15}, {4cc61100-4e22-47f7-bc37-0c8010358c15}
04-26 03:58:44.240 I/Gecko   (   84): 1398509924252	Marionette	DEBUG	Got request: switchToFrame, data: {"to":"0","sessionId":"3-b2g","name":"switchToFrame","parameters":{"id":null,"focus":true}}, id: {ee4a6bdb-899f-4855-b22b-374840f1a4c6}
04-26 03:58:44.240 I/Gecko   (   84): 1398509924254	Marionette	INFO	Switched to frame: {"frameValue":null}
04-26 03:58:44.340 I/Gecko   (   84): 1398509924356	Marionette	INFO	sendToClient: {"from":"0","ok":true}, {ee4a6bdb-899f-4855-b22b-374840f1a4c6}, {ee4a6bdb-899f-4855-b22b-374840f1a4c6}
04-26 03:58:44.360 I/Gecko   (   84): 1398509924375	Marionette	DEBUG	Got request: executeWithCallback, data: {"to":"0","sessionId":"3-b2g","name":"executeAsyncScript","parameters":{"specialPowers":false,"scriptTimeout":null,"newSandbox":true,"args":[],"filename":"gaia_test.py","script":"return GaiaApps.displayedApp();","line":66}}, id: {f804e815-1037-43a8-9706-23a4fa8627fa}
04-26 03:58:44.490 E/GeckoConsole(   84): Content JS LOG at dummy file:392 in GaiaApps.displayedApp: app with origin 'app://homescreen.gaiamobile.org' is displayed
04-26 03:58:44.510 I/Gecko   (   84): 1398509924523	Marionette	INFO	sendToClient: {"from":"0","value":{"frame":{"ELEMENT":"{514bccba-5bdc-416a-a69e-e871cd0e945e}"},"src":"app://homescreen.gaiamobile.org/index.html#root","name":"Homescreen","origin":"app://homescreen.gaiamobile.org"}}, {f804e815-1037-43a8-9706-23a4fa8627fa}, {f804e815-1037-43a8-9706-23a4fa8627fa}
04-26 03:58:44.520 I/Gecko   (   84): 1398509924538	Marionette	DEBUG	Got request: switchToFrame, data: {"to":"0","sessionId":"3-b2g","name":"switchToFrame","parameters":{"id":null,"focus":true}}, id: {8336a012-0036-4434-99ba-046af96f8a64}
04-26 03:58:44.530 I/Gecko   (   84): 1398509924541	Marionette	INFO	Switched to frame: {"frameValue":null}
04-26 03:58:44.630 I/Gecko   (   84): 1398509924646	Marionette	INFO	sendToClient: {"from":"0","ok":true}, {8336a012-0036-4434-99ba-046af96f8a64}, {8336a012-0036-4434-99ba-046af96f8a64}
04-26 03:58:44.640 I/Gecko   (   84): 1398509924657	Marionette	DEBUG	Got request: switchToFrame, data: {"to":"0","sessionId":"3-b2g","name":"switchToFrame","parameters":{"id":null,"focus":true}}, id: {ed3bf634-4792-4375-b03c-8506956e0337}
04-26 03:58:44.640 I/Gecko   (   84): 1398509924659	Marionette	INFO	Switched to frame: {"frameValue":null}
04-26 03:58:44.770 I/Gecko   (   84): 1398509924783	Marionette	INFO	sendToClient: {"from":"0","ok":true}, {ed3bf634-4792-4375-b03c-8506956e0337}, {ed3bf634-4792-4375-b03c-8506956e0337}
04-26 03:58:44.770 I/Gecko   (   84): 1398509924789	Marionette	DEBUG	Got request: executeWithCallback, data: {"to":"0","sessionId":"3-b2g","name":"executeAsyncScript","parameters":{"specialPowers":false,"scriptTimeout":null,"newSandbox":true,"args":[],"filename":"gaia_test.py","script":"return GaiaApps.displayedApp();","line":66}}, id: {53c737ba-76bc-42b3-9c72-a63fd5b6d21a}
04-26 03:58:44.910 E/GeckoConsole( 2746): Content JS ERROR at app://homescreen.gaiamobile.org/gaia_build_defer_index.js:390 in loadSVConfFileError: Failed parsing singleVariant configuration file [js/singlevariantconf.json]:  [Exception... "File error: Not found"  nsresult: "0x80520012 (NS_ERROR_FILE_NOT_FOUND)"  location: "JS frame :: app://homescreen.gaiamobile.org/gaia_build_defer_index.js :: loadFile :: line 382"  data: no]
04-26 03:58:44.950 I/Gecko   (   84): 1398509924968	Marionette	INFO	sendToClient: {"from":"0","value":{"frame":{"ELEMENT":"{514bccba-5bdc-416a-a69e-e871cd0e945e}"},"src":"app://homescreen.gaiamobile.org/index.html#root","name":"Homescreen","origin":"app://homescreen.gaiamobile.org"}}, {53c737ba-76bc-42b3-9c72-a63fd5b6d21a}, {53c737ba-76bc-42b3-9c72-a63fd5b6d21a}
04-26 03:58:44.960 E/GeckoConsole(   84): Content JS LOG at dummy file:392 in GaiaApps.displayedApp: app with origin 'app://homescreen.gaiamobile.org' is displayed
04-26 03:58:44.970 I/Gecko   (   84): 1398509924982	Marionette	DEBUG	Got request: switchToFrame, data: {"to":"0","sessionId":"3-b2g","name":"switchToFrame","parameters":{"focus":true,"element":"{514bccba-5bdc-416a-a69e-e871cd0e945e}"}}, id: {1094291e-0623-445d-a2cd-5f9ea03b2e3b}
04-26 03:58:44.980 I/Gecko   (   84): 1398509924998	Marionette	INFO	Switched to frame: {"frameValue":"{514bccba-5bdc-416a-a69e-e871cd0e945e}"}
04-26 03:58:45.000 I/Gecko   (   84): 1398509925013	Marionette	INFO	trying remote frame 0
04-26 03:58:45.010 I/Gecko   (   84): 1398509925028	Marionette	INFO	trying remote frame 1
04-26 03:58:45.020 I/Gecko   (   84): 1398509925030	Marionette	INFO	trying remote frame 2
04-26 03:58:45.020 I/Gecko   (   84): 1398509925031	Marionette	INFO	trying remote frame 3
04-26 03:58:45.020 I/Gecko   (   84): 1398509925034	Marionette	INFO	deleting frame
04-26 03:58:45.030 I/Gecko   (   84): 1398509925044	Marionette	INFO	frame-manager load script: [object ChromeMessageSender]
04-26 03:58:45.330 I/Gecko   (   84): 1398509925342	Marionette	INFO	sendToClient: {"from":"0","ok":true}, {1094291e-0623-445d-a2cd-5f9ea03b2e3b}, {1094291e-0623-445d-a2cd-5f9ea03b2e3b}
04-26 03:58:45.410 I/Gecko   (   84): 1398509925423	Marionette	INFO	sendToClient: {"from":"0","value":{"ELEMENT":"{928c0b68-e98e-4852-a29d-793f29dd5470}"}}, {746a173d-5120-4be4-a359-62dd614efd18}, {746a173d-5120-4be4-a359-62dd614efd18}
04-26 03:58:45.540 E/GeckoConsole( 2746): [JavaScript Warning: "Use of getAttributeNode() is deprecated. Use getAttribute() instead." {file: "chrome://marionette/content/atoms.js" line: 25}]
04-26 03:58:45.550 E/GeckoConsole( 2746): [JavaScript Warning: "Use of attributes' specified attribute is deprecated. It always returns true." {file: "chrome://marionette/content/atoms.js" line: 25}]
04-26 03:58:45.560 I/Gecko   (   84): 1398509925575	Marionette	INFO	sendToClient: {"from":"0","value":"normal"}, {9291afd1-f587-4f97-84b9-4d772f373d24}, {9291afd1-f587-4f97-84b9-4d772f373d24}
04-26 03:58:45.570 I/Gecko   (   84): 1398509925581	Marionette	DEBUG	Got request: switchToFrame, data: {"to":"0","sessionId":"3-b2g","name":"switchToFrame","parameters":{"id":null,"focus":true}}, id: {a470e6aa-c62a-4c31-aca4-bedd9a762465}
04-26 03:58:45.590 I/Gecko   (   84): 1398509925602	Marionette	INFO	Switched to frame: {"frameValue":null}
04-26 03:58:45.690 I/Gecko   (   84): 1398509925705	Marionette	INFO	sendToClient: {"from":"0","ok":true}, {a470e6aa-c62a-4c31-aca4-bedd9a762465}, {a470e6aa-c62a-4c31-aca4-bedd9a762465}
04-26 03:58:45.700 I/Gecko   (   84): 1398509925711	Marionette	DEBUG	Got request: execute, data: {"to":"0","sessionId":"3-b2g","name":"executeScript","parameters":{"specialPowers":false,"scriptTimeout":null,"newSandbox":true,"args":[],"filename":"gaia_test.py","script":"window.wrappedJSObject.dispatchEvent(new Event('home'));","line":788}}, id: {db9ab233-bbf4-44cf-a317-fd295fa7c918}
04-26 03:58:45.750 I/Gecko   (   84): 1398509925766	Marionette	INFO	sendToClient: {"from":"0","value":null}, {db9ab233-bbf4-44cf-a317-fd295fa7c918}, {db9ab233-bbf4-44cf-a317-fd295fa7c918}
04-26 03:58:45.760 I/Gecko   (   84): 1398509925772	Marionette	DEBUG	Got request: switchToFrame, data: {"to":"0","sessionId":"3-b2g","name":"switchToFrame","parameters":{"id":null,"focus":true}}, id: {61915567-4135-4f44-9ec3-85a5c1fcc864}
04-26 03:58:45.760 I/Gecko   (   84): 1398509925773	Marionette	INFO	Switched to frame: {"frameValue":null}
04-26 03:58:45.860 I/Gecko   (   84): 1398509925875	Marionette	INFO	sendToClient: {"from":"0","ok":true}, {61915567-4135-4f44-9ec3-85a5c1fcc864}, {61915567-4135-4f44-9ec3-85a5c1fcc864}
04-26 03:58:45.870 I/Gecko   (   84): 1398509925881	Marionette	DEBUG	Got request: switchToFrame, data: {"to":"0","sessionId":"3-b2g","name":"switchToFrame","parameters":{"id":null,"focus":true}}, id: {17901e08-3ac6-40d2-84c4-b6b111b68bfc}
04-26 03:58:45.870 I/Gecko   (   84): 1398509925883	Marionette	INFO	Switched to frame: {"frameValue":null}
04-26 03:58:45.980 I/Gecko   (   84): 1398509925992	Marionette	INFO	sendToClient: {"from":"0","ok":true}, {17901e08-3ac6-40d2-84c4-b6b111b68bfc}, {17901e08-3ac6-40d2-84c4-b6b111b68bfc}
04-26 03:58:45.980 I/Gecko   (   84): 1398509925997	Marionette	DEBUG	Got request: executeWithCallback, data: {"to":"0","sessionId":"3-b2g","name":"executeAsyncScript","parameters":{"specialPowers":false,"scriptTimeout":null,"newSandbox":true,"args":[],"filename":"gaia_test.py","script":"return GaiaApps.displayedApp();","line":66}}, id: {7a1f321b-7fe1-4d62-98e0-55511a9ffbdc}
04-26 03:58:46.050 I/Gecko   (   84): 1398509926068	Marionette	INFO	sendToClient: {"from":"0","value":{"frame":{"ELEMENT":"{514bccba-5bdc-416a-a69e-e871cd0e945e}"},"src":"app://homescreen.gaiamobile.org/index.html#rootSat%20Apr%2026%202014%2003:58:45%20GMT-0700%20(UTC)","name":"Homescreen","origin":"app://homescreen.gaiamobile.org"}}, {7a1f321b-7fe1-4d62-98e0-55511a9ffbdc}, {7a1f321b-7fe1-4d62-98e0-55511a9ffbdc}
04-26 03:58:46.060 E/GeckoConsole(   84): Content JS LOG at dummy file:392 in GaiaApps.displayedApp: app with origin 'app://homescreen.gaiamobile.org' is displayed
04-26 03:58:46.070 I/Gecko   (   84): 1398509926087	Marionette	DEBUG	Got request: switchToFrame, data: {"to":"0","sessionId":"3-b2g","name":"switchToFrame","parameters":{"focus":true,"element":"{514bccba-5bdc-416a-a69e-e871cd0e945e}"}}, id: {fe7378f8-b822-4175-b019-7447a501d356}
04-26 03:58:46.080 I/Gecko   (   84): 1398509926093	Marionette	INFO	Switched to frame: {"frameValue":"{514bccba-5bdc-416a-a69e-e871cd0e945e}"}
04-26 03:58:46.090 I/Gecko   (   84): 1398509926101	Marionette	INFO	trying remote frame 0
04-26 03:58:46.090 I/Gecko   (   84): 1398509926104	Marionette	INFO	trying remote frame 1
04-26 03:58:46.090 I/Gecko   (   84): 1398509926106	Marionette	INFO	trying remote frame 2
04-26 03:58:46.090 I/Gecko   (   84): 1398509926108	Marionette	INFO	trying remote frame 3
04-26 03:58:46.210 I/Gecko   (   84): 1398509926221	Marionette	INFO	sendToClient: {"from":"0","ok":true}, {fe7378f8-b822-4175-b019-7447a501d356}, {fe7378f8-b822-4175-b019-7447a501d356}
04-26 03:58:46.210 I/Gecko   (   84): 1398509926228	Marionette	DEBUG	Got request: execute, data: {"to":"0","sessionId":"3-b2g","name":"executeScript","parameters":{"specialPowers":false,"scriptTimeout":null,"newSandbox":true,"args":[],"filename":"gaia_test.py","script":"return window.wrappedJSObject.GridManager.pageHelper.getCurrentPageNumber();","line":784}}, id: {199b85fa-0ee5-4713-b2c3-8f7ce28c9b87}
04-26 03:58:46.340 I/Gecko   (   84): 1398509926354	Marionette	INFO	sendToClient: {"from":"0","value":0}, {199b85fa-0ee5-4713-b2c3-8f7ce28c9b87}, {199b85fa-0ee5-4713-b2c3-8f7ce28c9b87}
04-26 03:58:46.680 I/Gecko   (   84): 1398509926697	Marionette	INFO	sendToClient: {"from":"0","value":["{100f5d62-9e9a-4457-b78c-3dfd70ff3212}","{01e433b9-e4b1-4eb3-b987-0a2930f4084b}","{690ae4d5-fbc7-4fb0-852e-81876f487e3c}","{1c344514-a7a6-46d0-95e5-7670444cb559}","{fe802ba7-f748-4ce3-82e5-200cb85e071d}","{e0cfd778-7766-4ec0-9f24-dcbfd9646055}","{0d974291-48e0-439b-8b36-e52217166adc}","{6a76e111-2372-4339-94d4-e28fad0ffe63}","{76b1b723-32c8-4664-a50c-6b7d6dcee653}","{96d8a0b1-25e0-446a-acfc-ed090ed6cfce}","{64c349d6-f640-49d4-ba3d-9a9524191196}","{a6ab18a8-603a-4476-a3a8-10d2d6918b69}","{f282d5c4-c8e2-4776-b391-679ca662472e}","{1ed93bb3-c21f-407c-8550-0e8d7fbcaed8}","{1d12aa83-8ee6-4e60-9c9a-26c9e2e14ac5}","{5f01b3ab-66d7-4fb8-ab5b-5f16391bd8db}","{9f8b1a22-542b-4468-b51a-673824fa3819}","{554df03d-b536-40a1-b7ee-04fd170a44e4}","{604d223d-bb7c-4c6b-ac7a-3fc6d72e6ad1}","{a31066ed-cdda-47dd-971a-1068b3d5fd40}","{77d2dc29-882f-47fd-96e4-7600b54786be}","{35386914-a176-4270-b83d-c562af1925b0}","{9895ef66-9d2a-40db-b3e9-237e009821f2}","{7deeaf0c-3c9e
04-26 03:58:47.420 I/Gecko   (   84): 1398509927435	Marionette	INFO	sendToClient: {"from":"0","value":"app://homescreen.gaiamobile.org/index.html#rootSat%20Apr%2026%202014%2003:58:45%20GMT-0700%20(UTC)"}, {f15ccb18-3278-4799-9111-50df912049d8}, {f15ccb18-3278-4799-9111-50df912049d8}
04-26 03:58:47.460 I/Gecko   (   84): 1398509927471	Marionette	DEBUG	Got request: switchToFrame, data: {"to":"0","sessionId":"3-b2g","name":"switchToFrame","parameters":{"id":null,"focus":true}}, id: {d5b6b45a-d9b4-458b-b599-11c1f3d4d3b0}
04-26 03:58:47.480 I/Gecko   (   84): 1398509927493	Marionette	INFO	Switched to frame: {"frameValue":null}
04-26 03:58:47.580 I/Gecko   (   84): 1398509927598	Marionette	INFO	sendToClient: {"from":"0","ok":true}, {d5b6b45a-d9b4-458b-b599-11c1f3d4d3b0}, {d5b6b45a-d9b4-458b-b599-11c1f3d4d3b0}
04-26 03:58:47.590 I/Gecko   (   84): 1398509927605	Marionette	DEBUG	Got request: switchToFrame, data: {"to":"0","sessionId":"3-b2g","name":"switchToFrame","parameters":{"id":null,"focus":true}}, id: {cbf5226b-bd07-4079-9486-3d4fe9a8affd}
04-26 03:58:47.590 I/Gecko   (   84): 1398509927607	Marionette	INFO	Switched to frame: {"frameValue":null}
04-26 03:58:47.720 I/Gecko   (   84): 1398509927733	Marionette	INFO	sendToClient: {"from":"0","ok":true}, {cbf5226b-bd07-4079-9486-3d4fe9a8affd}, {cbf5226b-bd07-4079-9486-3d4fe9a8affd}
04-26 03:58:47.730 I/Gecko   (   84): 1398509927739	Marionette	DEBUG	Got request: executeWithCallback, data: {"to":"0","sessionId":"3-b2g","name":"executeAsyncScript","parameters":{"specialPowers":false,"scriptTimeout":30000,"newSandbox":true,"args":[],"filename":"app_checker.py","script":"GaiaApps.launchWithManifestURL('http://www.songkick.com/firefox-marketplace/manifest.webapp')","line":106}}, id: {72ed61a3-ff39-4917-aa18-461d16aabd09}
04-26 03:58:47.840 E/GeckoConsole(   84): Content JS LOG at dummy file:334 in GaiaApps.launch: launching app with name 'Songkick Concerts'
04-26 03:58:48.020 I/Gonk    (   84): Setting nice for pid 2760 to 18
04-26 03:58:48.030 I/Gonk    (   84): Changed nice for pid 2760 from 18 to 18.
04-26 03:58:48.030 I/Gecko   (   84): [Parent 84] WARNING: waitpid failed pid:2760 errno:10: file ../../../gecko/ipc/chromium/src/base/process_util_posix.cc, line 254
04-26 03:58:48.040 I/Gonk    (   84): Setting nice for pid 2760 to 1
04-26 03:58:48.040 I/Gonk    (   84): Changed nice for pid 2760 from 18 to 1.
04-26 03:58:48.400 E/[Gralloc-ERROR](   84): int gralloc_register_buffer(const gralloc_module_t*, const native_handle_t*):79 Unable to register handle 0x45373d30 coming from different process: 84
04-26 03:58:48.470 E/[Gralloc-ERROR](   84): int gralloc_register_buffer(const gralloc_module_t*, const native_handle_t*):79 Unable to register handle 0x45373e70 coming from different process: 84
04-26 03:58:48.510 E/[Gralloc-ERROR](   84): int gralloc_register_buffer(const gralloc_module_t*, const native_handle_t*):79 Unable to register handle 0x45373dd0 coming from different process: 84
04-26 03:58:48.510 E/[Gralloc-ERROR](   84): int gralloc_register_buffer(const gralloc_module_t*, const native_handle_t*):79 Unable to register handle 0x45373f10 coming from different process: 84
04-26 03:58:48.580 D/Sensors (   84): activate handle=0; drv=0
04-26 03:58:48.580 D/Sensors (   84): Lis3dhSensor: Control set 1
04-26 03:58:48.590 D/Sensors (   84): Lis3dhSensor: mEnabled = 1
04-26 03:58:48.680 I/Gonk    (   84): Setting nice for pid 2746 to 18
04-26 03:58:48.680 I/Gonk    (   84): Changed nice for pid 2746 from 1 to 18.
04-26 03:58:48.700 W/WifiHW  (   84): wifi_command: SIGNAL_POLL
04-26 03:58:50.110 I/Gecko   (   84): [Parent 84] WARNING: pipe error (98): Connection reset by peer: file ../../../gecko/ipc/chromium/src/chrome/common/ipc_channel_posix.cc, line 446
04-26 03:58:50.110 I/Gecko   (   84): 
04-26 03:58:50.110 I/Gecko   (   84): ###!!! [Parent][MessageChannel] Error: Channel error: cannot send/recv
04-26 03:58:50.110 I/Gecko   (   84): 
04-26 03:58:50.170 I/GeckoDump(   84): Crash reporter : Can't fetch app.reportCrashes. Exception: [Exception... "Component returned failure code: 0x8000ffff (NS_ERROR_UNEXPECTED) [nsIPrefBranch.getBoolPref]"  nsresult: "0x8000ffff (NS_ERROR_UNEXPECTED)"  location: "JS frame :: chrome://browser/content/shell.js :: shell_reportCrash :: line 7"  data: no]
04-26 03:58:50.180 I/Gecko   (   84): [Parent 84] WARNING: waitpid failed pid:2746 errno:10: file ../../../gecko/ipc/chromium/src/base/process_util_posix.cc, line 254
04-26 03:58:50.300 I/Gecko   ( 2760): ###################################### forms.js loaded
04-26 03:58:50.320 I/Gecko   ( 2760): ############################### browserElementPanning.js loaded
04-26 03:58:50.340 I/Gecko   ( 2760): ######################## BrowserElementChildPreload.js loaded
04-26 03:58:51.570 V/AudioPolicyManagerBase(   91): startOutput() output 1, stream 1, session 8
04-26 03:58:51.570 V/AudioPolicyManagerBase(   91): changeRefCount() stream 1, count 1
04-26 03:58:51.570 V/AudioPolicyManagerBase(   91): getDeviceForStrategy() from cache strategy 0, device 2
04-26 03:58:51.570 V/AudioPolicyManagerBase(   91): getNewDevice() selected device 2
04-26 03:58:51.570 D/AudioPolicyManagerBase(   91): setOutputDevice() output 1 device 2 delayMs 0
04-26 03:58:51.570 V/AudioPolicyManagerBase(   91): setOutputDevice() setting same device 2 or null device for output 1
04-26 03:58:51.570 E/AudioPolicyManagerBase(   91): checkAndSetVolume stream=1, index=0, output=1, device=2
04-26 03:58:51.570 E/AudioPolicyManagerBase(   91): computeVolume, streamDesc=0xd66bb8
04-26 03:58:51.600 W/AudioFlinger(   91): Thread AudioOut_1 cannot connect to the power manager service
04-26 03:58:51.600 V/AudioPolicyManagerBase(   91): stopOutput() output 1, stream 1, session 8
04-26 03:58:51.600 V/AudioPolicyManagerBase(   91): changeRefCount() stream 1, count 0
04-26 03:58:51.600 V/AudioPolicyManagerBase(   91): getNewDevice() selected device 0
04-26 03:58:51.600 D/AudioPolicyManagerBase(   91): setOutputDevice() output 1 device 0 delayMs 290
04-26 03:58:51.600 V/AudioPolicyManagerBase(   91): setOutputDevice() setting same device 0 or null device for output 1
04-26 03:58:51.610 V/AudioPolicyManagerBase(   91): startOutput() output 1, stream 1, session 8
04-26 03:58:51.610 V/AudioPolicyManagerBase(   91): changeRefCount() stream 1, count 1
04-26 03:58:51.610 V/AudioPolicyManagerBase(   91): getDeviceForStrategy() from cache strategy 0, device 2
04-26 03:58:51.610 V/AudioPolicyManagerBase(   91): getNewDevice() selected device 2
04-26 03:58:51.610 D/AudioPolicyManagerBase(   91): setOutputDevice() output 1 device 2 delayMs 0
04-26 03:58:51.610 V/AudioPolicyManagerBase(   91): setOutputDevice() setting same device 2 or null device for output 1
04-26 03:58:51.610 E/AudioPolicyManagerBase(   91): checkAndSetVolume stream=1, index=0, output=1, device=2
04-26 03:58:51.610 E/AudioPolicyManagerBase(   91): computeVolume, streamDesc=0xd66bb8
04-26 03:58:51.610 V/AudioPolicyManagerBase(   91): stopOutput() output 1, stream 1, session 8
04-26 03:58:51.610 V/AudioPolicyManagerBase(   91): changeRefCount() stream 1, count 0
04-26 03:58:51.610 V/AudioPolicyManagerBase(   91): getNewDevice() selected device 0
04-26 03:58:51.610 D/AudioPolicyManagerBase(   91): setOutputDevice() output 1 device 0 delayMs 290
04-26 03:58:51.610 V/AudioPolicyManagerBase(   91): setOutputDevice() setting same device 0 or null device for output 1
04-26 03:58:51.630 V/AudioPolicyManagerBase(   91): releaseOutput() 1
04-26 03:58:51.830 E/GeckoConsole( 2760): [JavaScript Warning: "Error in parsing value for 'background-image'.  Declaration dropped." {file: "http://www1.sk-static.com/assets/homepage-688569d.css" line: 1 column: 1671 source: "*{padding:0;margin:0;border:0;background-repeat:no-repeat;text-decoration:none}small{font-size:100%;font-weight:300}th{text-align:left}table{border-collapse:collapse;border-spacing:0}body{color:#3a3a3a;font-size:13px;line-height:18px;font-family:'helvetica neue',helvetica,arial,sans-serif;position:relative}a,a:visited{color:#0277ad}a:hover,a strong:hover{text-decoration:underline}p{margin-bottom:16px}li{list-style-type:none}h1,h2,h3,h4,h5,h6{line-height:1.3;color:#3a3a3a;font-weight:700}h1{font-size:27px}h1,h2{font-weight:200}h2,h3{font-size:20px}h4{font-size:16px}h5,h6{font-size:13px}h2,h5{border-bottom:1px solid #c4c4c4;padding-bottom:5px}h2{border-bottom-width:5px;border-bottom-color:#f1f1f1}h1+h2,h2+h2,h2+h3,h2+p,h2+form{margin-top:20px}h1+h6,h2+h6,h6+h1,h6+h6{margin-top:16px}#page{background-image:url(nw/furniture/columns
04-26 03:58:51.920 E/GeckoConsole( 2760): [JavaScript Warning: "Error in parsing value for 'background-image'.  Declaration dropped." {file: "http://www1.sk-static.com/assets/homepage-688569d.css" line: 1 column: 1831 source: "*{padding:0;margin:0;border:0;background-repeat:no-repeat;text-decoration:none}small{font-size:100%;font-weight:300}th{text-align:left}table{border-collapse:collapse;border-spacing:0}body{color:#3a3a3a;font-size:13px;line-height:18px;font-family:'helvetica neue',helvetica,arial,sans-serif;position:relative}a,a:visited{color:#0277ad}a:hover,a strong:hover{text-decoration:underline}p{margin-bottom:16px}li{list-style-type:none}h1,h2,h3,h4,h5,h6{line-height:1.3;color:#3a3a3a;font-weight:700}h1{font-size:27px}h1,h2{font-weight:200}h2,h3{font-size:20px}h4{font-size:16px}h5,h6{font-size:13px}h2,h5{border-bottom:1px solid #c4c4c4;padding-bottom:5px}h2{border-bottom-width:5px;border-bottom-color:#f1f1f1}h1+h2,h2+h2,h2+h3,h2+p,h2+form{margin-top:20px}h1+h6,h2+h6,h6+h1,h6+h6{margin-top:16px}#page{background-image:url(nw/furniture/columns
04-26 03:58:51.930 E/GeckoConsole( 2760): [JavaScript Warning: "Error in parsing value for 'background-image'.  Declaration dropped." {file: "http://www1.sk-static.com/assets/homepage-688569d.css" line: 1 column: 1909 source: "*{padding:0;margin:0;border:0;background-repeat:no-repeat;text-decoration:none}small{font-size:100%;font-weight:300}th{text-align:left}table{border-collapse:collapse;border-spacing:0}body{color:#3a3a3a;font-size:13px;line-height:18px;font-family:'helvetica neue',helvetica,arial,sans-serif;position:relative}a,a:visited{color:#0277ad}a:hover,a strong:hover{text-decoration:underline}p{margin-bottom:16px}li{list-style-type:none}h1,h2,h3,h4,h5,h6{line-height:1.3;color:#3a3a3a;font-weight:700}h1{font-size:27px}h1,h2{font-weight:200}h2,h3{font-size:20px}h4{font-size:16px}h5,h6{font-size:13px}h2,h5{border-bottom:1px solid #c4c4c4;padding-bottom:5px}h2{border-bottom-width:5px;border-bottom-color:#f1f1f1}h1+h2,h2+h2,h2+h3,h2+p,h2+form{margin-top:20px}h1+h6,h2+h6,h6+h1,h6+h6{margin-top:16px}#page{background-image:url(nw/furniture/columns
04-26 03:58:51.960 E/GeckoConsole( 2760): [JavaScript Warning: "Unknown property '-moz-border-radius'.  Declaration dropped." {file: "http://www1.sk-static.com/assets/homepage-688569d.css" line: 1 column: 12360 source: "*{padding:0;margin:0;border:0;background-repeat:no-repeat;text-decoration:none}small{font-size:100%;font-weight:300}th{text-align:left}table{border-collapse:collapse;border-spacing:0}body{color:#3a3a3a;font-size:13px;line-height:18px;font-family:'helvetica neue',helvetica,arial,sans-serif;position:relative}a,a:visited{color:#0277ad}a:hover,a strong:hover{text-decoration:underline}p{margin-bottom:16px}li{list-style-type:none}h1,h2,h3,h4,h5,h6{line-height:1.3;color:#3a3a3a;font-weight:700}h1{font-size:27px}h1,h2{font-weight:200}h2,h3{font-size:20px}h4{font-size:16px}h5,h6{font-size:13px}h2,h5{border-bottom:1px solid #c4c4c4;padding-bottom:5px}h2{border-bottom-width:5px;border-bottom-color:#f1f1f1}h1+h2,h2+h2,h2+h3,h2+p,h2+form{margin-top:20px}h1+h6,h2+h6,h6+h1,h6+h6{margin-top:16px}#page{background-image:url(nw/furniture/columns-73c6eb
04-26 03:58:51.970 E/GeckoConsole( 2760): [JavaScript Warning: "Unknown property '-moz-box-shadow'.  Declaration dropped." {file: "http://www1.sk-static.com/assets/homepage-688569d.css" line: 1 column: 12433 source: "*{padding:0;margin:0;border:0;background-repeat:no-repeat;text-decoration:none}small{font-size:100%;font-weight:300}th{text-align:left}table{border-collapse:collapse;border-spacing:0}body{color:#3a3a3a;font-size:13px;line-height:18px;font-family:'helvetica neue',helvetica,arial,sans-serif;position:relative}a,a:visited{color:#0277ad}a:hover,a strong:hover{text-decoration:underline}p{margin-bottom:16px}li{list-style-type:none}h1,h2,h3,h4,h5,h6{line-height:1.3;color:#3a3a3a;font-weight:700}h1{font-size:27px}h1,h2{font-weight:200}h2,h3{font-size:20px}h4{font-size:16px}h5,h6{font-size:13px}h2,h5{border-bottom:1px solid #c4c4c4;padding-bottom:5px}h2{border-bottom-width:5px;border-bottom-color:#f1f1f1}h1+h2,h2+h2,h2+h3,h2+p,h2+form{margin-top:20px}h1+h6,h2+h6,h6+h1,h6+h6{margin-top:16px}#page{background-image:url(nw/furniture/columns-73c6ebb.g
04-26 03:58:51.980 E/GeckoConsole( 2760): [JavaScript Warning: "Unknown property '-moz-box-shadow'.  Declaration dropped." {file: "http://www1.sk-static.com/assets/homepage-688569d.css" line: 1 column: 20071 source: "*{padding:0;margin:0;border:0;background-repeat:no-repeat;text-decoration:none}small{font-size:100%;font-weight:300}th{text-align:left}table{border-collapse:collapse;border-spacing:0}body{color:#3a3a3a;font-size:13px;line-height:18px;font-family:'helvetica neue',helvetica,arial,sans-serif;position:relative}a,a:visited{color:#0277ad}a:hover,a strong:hover{text-decoration:underline}p{margin-bottom:16px}li{list-style-type:none}h1,h2,h3,h4,h5,h6{line-height:1.3;color:#3a3a3a;font-weight:700}h1{font-size:27px}h1,h2{font-weight:200}h2,h3{font-size:20px}h4{font-size:16px}h5,h6{font-size:13px}h2,h5{border-bottom:1px solid #c4c4c4;padding-bottom:5px}h2{border-bottom-width:5px;border-bottom-color:#f1f1f1}h1+h2,h2+h2,h2+h3,h2+p,h2+form{margin-top:20px}h1+h6,h2+h6,h6+h1,h6+h6{margin-top:16px}#page{background-image:url(nw/furniture/columns-73c6ebb.g
04-26 03:58:52.010 E/GeckoConsole( 2760): [JavaScript Warning: "Unknown property '-moz-font-smoothing'.  Declaration dropped." {file: "http://www1.sk-static.com/assets/homepage-688569d.css" line: 1 column: 21004 source: "*{padding:0;margin:0;border:0;background-repeat:no-repeat;text-decoration:none}small{font-size:100%;font-weight:300}th{text-align:left}table{border-collapse:collapse;border-spacing:0}body{color:#3a3a3a;font-size:13px;line-height:18px;font-family:'helvetica neue',helvetica,arial,sans-serif;position:relative}a,a:visited{color:#0277ad}a:hover,a strong:hover{text-decoration:underline}p{margin-bottom:16px}li{list-style-type:none}h1,h2,h3,h4,h5,h6{line-height:1.3;color:#3a3a3a;font-weight:700}h1{font-size:27px}h1,h2{font-weight:200}h2,h3{font-size:20px}h4{font-size:16px}h5,h6{font-size:13px}h2,h5{border-bottom:1px solid #c4c4c4;padding-bottom:5px}h2{border-bottom-width:5px;border-bottom-color:#f1f1f1}h1+h2,h2+h2,h2+h3,h2+p,h2+form{margin-top:20px}h1+h6,h2+h6,h6+h1,h6+h6{margin-top:16px}#page{background-image:url(nw/furniture/columns-73c6e
04-26 03:58:52.010 E/GeckoConsole( 2760): [JavaScript Warning: "Unknown property 'font-smoothing'.  Declaration dropped." {file: "http://www1.sk-static.com/assets/homepage-688569d.css" line: 1 column: 21031 source: "*{padding:0;margin:0;border:0;background-repeat:no-repeat;text-decoration:none}small{font-size:100%;font-weight:300}th{text-align:left}table{border-collapse:collapse;border-spacing:0}body{color:#3a3a3a;font-size:13px;line-height:18px;font-family:'helvetica neue',helvetica,arial,sans-serif;position:relative}a,a:visited{color:#0277ad}a:hover,a strong:hover{text-decoration:underline}p{margin-bottom:16px}li{list-style-type:none}h1,h2,h3,h4,h5,h6{line-height:1.3;color:#3a3a3a;font-weight:700}h1{font-size:27px}h1,h2{font-weight:200}h2,h3{font-size:20px}h4{font-size:16px}h5,h6{font-size:13px}h2,h5{border-bottom:1px solid #c4c4c4;padding-bottom:5px}h2{border-bottom-width:5px;border-bottom-color:#f1f1f1}h1+h2,h2+h2,h2+h3,h2+p,h2+form{margin-top:20px}h1+h6,h2+h6,h6+h1,h6+h6{margin-top:16px}#page{background-image:url(nw/furniture/columns-73c6ebb.gi
04-26 03:58:52.040 E/GeckoConsole( 2760): [JavaScript Warning: "Selector expected.  Ruleset ignored due to bad selector." {file: "http://www1.sk-static.com/assets/homepage-688569d.css" line: 1 column: 22853 source: "*{padding:0;margin:0;border:0;background-repeat:no-repeat;text-decoration:none}small{font-size:100%;font-weight:300}th{text-align:left}table{border-collapse:collapse;border-spacing:0}body{color:#3a3a3a;font-size:13px;line-height:18px;font-family:'helvetica neue',helvetica,arial,sans-serif;position:relative}a,a:visited{color:#0277ad}a:hover,a strong:hover{text-decoration:underline}p{margin-bottom:16px}li{list-style-type:none}h1,h2,h3,h4,h5,h6{line-height:1.3;color:#3a3a3a;font-weight:700}h1{font-size:27px}h1,h2{font-weight:200}h2,h3{font-size:20px}h4{font-size:16px}h5,h6{font-size:13px}h2,h5{border-bottom:1px solid #c4c4c4;padding-bottom:5px}h2{border-bottom-width:5px;border-bottom-color:#f1f1f1}h1+h2,h2+h2,h2+h3,h2+p,h2+form{margin-top:20px}h1+h6,h2+h6,h6+h1,h6+h6{margin-top:16px}#page{background-image:url(nw/furniture/columns-73c6ebb.gi
04-26 03:58:52.190 I/Gecko   (   84): [Parent 84] WARNING: waitpid failed pid:2746 errno:10: file ../../../gecko/ipc/chromium/src/base/process_util_posix.cc, line 254
04-26 03:58:52.190 I/Gecko   (   84): [Parent 84] WARNING: Failed to deliver SIGKILL to 2746!(3).: file ../../../gecko/ipc/chromium/src/chrome/common/process_watcher_posix_sigchld.cc, line 118
04-26 03:58:53.230 I/Gonk    (   84): Setting nice for pid 2831 to 18
04-26 03:58:53.230 I/Gonk    (   84): Changed nice for pid 2831 from 0 to 18.
04-26 03:58:53.700 W/WifiHW  (   84): wifi_command: SIGNAL_POLL
04-26 03:58:53.850 E/GeckoConsole( 2760): [JavaScript Warning: "SyntaxError: Using //@ to indicate sourceMappingURL pragmas is deprecated. Use //# instead" {file: "http://www2.sk-static.com/assets/manifests-11c1a2d.js" line: 2 column: 0 source: "//@ sourceMappingURL=manifests-c4e121d.js.map"}]
04-26 03:58:53.850 E/GeckoConsole( 2760): [JavaScript Warning: "Error: http://www2.sk-static.com/assets/manifests-11c1a2d.js is being assigned a //# sourceMappingURL, but already has one"]
04-26 03:58:53.900 E/GeckoConsole( 2760): [JavaScript Warning: "SyntaxError: Using //@ to indicate sourceMappingURL pragmas is deprecated. Use //# instead" {file: "http://www1.sk-static.com/assets/app-f2f43c2.js" line: 3 column: 0 source: "//@ sourceMappingURL=app-d71f12e.js.map"}]
04-26 03:58:53.900 E/GeckoConsole( 2760): [JavaScript Warning: "Error: http://www1.sk-static.com/assets/app-f2f43c2.js is being assigned a //# sourceMappingURL, but already has one"]
04-26 03:58:57.310 E/GeckoConsole( 2760): [JavaScript Warning: "Content Security Policy: allow directive is deprecated, use the equivalent default-src directive instead"]
04-26 03:58:57.390 E/GeckoConsole( 2760): [JavaScript Warning: "The X-Content-Security-Policy and X-Content-Security-Report-Only headers will be deprecated in the future. Please use the Content-Security-Policy and Content-Security-Report-Only headers with CSP spec compliant syntax instead." {file: "https://s-static.ak.facebook.com/connect/xd_arbiter/dgdTycPTSRj.js?version=40#channel=f334ae5440ba328&origin=http%3A%2F%2Fwww.songkick.com" line: 0}]
04-26 03:58:58.720 W/WifiHW  (   84): wifi_command: SIGNAL_POLL
04-26 03:58:58.760 E/GeckoConsole( 2760): [JavaScript Warning: "Unknown property '-moz-border-radius'.  Declaration dropped." {file: "http://www.songkick.com/" line: 2 column: 184 source: ".fb_dialog{background:rgba(82, 82, 82, .7);position:absolute;top:-10000px;z-index:10001}.fb_reset .fb_dialog_legacy{overflow:visible}.fb_dialog_advanced{padding:10px;-moz-border-radius:8px;-webkit-border-radius:8px;border-radius:8px}.fb_dialog_content{background:#fff;color:#333}.fb_dialog_close_icon{background:url(http://static.ak.fbcdn.net/rsrc.php/v2/yq/r/IE9JII6Z1Ys.png) no-repeat scroll 0 0 transparent;_background-image:url(http://static.ak.fbcdn.net/rsrc.php/v2/yL/r/s816eWC-2sl.gif);cursor:pointer;display:block;height:15px;position:absolute;right:18px;top:17px;width:15px}.fb_dialog_mobile .fb_dialog_close_icon{top:5px;left:5px;right:auto}.fb_dialog_padding{background-color:transparent;position:absolute;width:1px;z-index:-1}.fb_dialog_close_icon:hover{background:url(http://static.ak.fbcdn.net/rsrc.php/v2/yq/r/IE9JII6Z1Ys.png) no-repeat scroll 0 -15px transpare
04-26 03:58:58.770 E/GeckoConsole( 2760): [JavaScript Warning: "Expected 'none' or URL but found 'alpha('.  Error in parsing value for 'filter'.  Declaration dropped." {file: "http://www.songkick.com/" line: 2 column: 2112 source: ".fb_dialog{background:rgba(82, 82, 82, .7);position:absolute;top:-10000px;z-index:10001}.fb_reset .fb_dialog_legacy{overflow:visible}.fb_dialog_advanced{padding:10px;-moz-border-radius:8px;-webkit-border-radius:8px;border-radius:8px}.fb_dialog_content{background:#fff;color:#333}.fb_dialog_close_icon{background:url(http://static.ak.fbcdn.net/rsrc.php/v2/yq/r/IE9JII6Z1Ys.png) no-repeat scroll 0 0 transparent;_background-image:url(http://static.ak.fbcdn.net/rsrc.php/v2/yL/r/s816eWC-2sl.gif);cursor:pointer;display:block;height:15px;position:absolute;right:18px;top:17px;width:15px}.fb_dialog_mobile .fb_dialog_close_icon{top:5px;left:5px;right:auto}.fb_dialog_padding{background-color:transparent;position:absolute;width:1px;z-index:-1}.fb_dialog_close_icon:hover{background:url(http://static.ak.fbcdn.net/rsrc.php/v2/yq/r/IE9JII6Z
04-26 03:58:58.780 E/GeckoConsole( 2760): [JavaScript Warning: "Error in parsing value for 'background'.  Declaration dropped." {file: "http://www.songkick.com/" line: 2 column: 3578 source: ".fb_dialog{background:rgba(82, 82, 82, .7);position:absolute;top:-10000px;z-index:10001}.fb_reset .fb_dialog_legacy{overflow:visible}.fb_dialog_advanced{padding:10px;-moz-border-radius:8px;-webkit-border-radius:8px;border-radius:8px}.fb_dialog_content{background:#fff;color:#333}.fb_dialog_close_icon{background:url(http://static.ak.fbcdn.net/rsrc.php/v2/yq/r/IE9JII6Z1Ys.png) no-repeat scroll 0 0 transparent;_background-image:url(http://static.ak.fbcdn.net/rsrc.php/v2/yL/r/s816eWC-2sl.gif);cursor:pointer;display:block;height:15px;position:absolute;right:18px;top:17px;width:15px}.fb_dialog_mobile .fb_dialog_close_icon{top:5px;left:5px;right:auto}.fb_dialog_padding{background-color:transparent;position:absolute;width:1px;z-index:-1}.fb_dialog_close_icon:hover{background:url(http://static.ak.fbcdn.net/rsrc.php/v2/yq/r/IE9JII6Z1Ys.png) no-repeat scroll 0 -15px transp
04-26 03:58:58.820 E/GeckoConsole( 2760): [JavaScript Warning: "Error in parsing value for 'background'.  Declaration dropped." {file: "http://www.songkick.com/" line: 2 column: 4247 source: ".fb_dialog{background:rgba(82, 82, 82, .7);position:absolute;top:-10000px;z-index:10001}.fb_reset .fb_dialog_legacy{overflow:visible}.fb_dialog_advanced{padding:10px;-moz-border-radius:8px;-webkit-border-radius:8px;border-radius:8px}.fb_dialog_content{background:#fff;color:#333}.fb_dialog_close_icon{background:url(http://static.ak.fbcdn.net/rsrc.php/v2/yq/r/IE9JII6Z1Ys.png) no-repeat scroll 0 0 transparent;_background-image:url(http://static.ak.fbcdn.net/rsrc.php/v2/yL/r/s816eWC-2sl.gif);cursor:pointer;display:block;height:15px;position:absolute;right:18px;top:17px;width:15px}.fb_dialog_mobile .fb_dialog_close_icon{top:5px;left:5px;right:auto}.fb_dialog_padding{background-color:transparent;position:absolute;width:1px;z-index:-1}.fb_dialog_close_icon:hover{background:url(http://static.ak.fbcdn.net/rsrc.php/v2/yq/r/IE9JII6Z1Ys.png) no-repeat scroll 0 -15px transp
04-26 03:58:58.830 E/GeckoConsole( 2760): [JavaScript Warning: "Unknown property 'zoom'.  Declaration dropped." {file: "http://www.songkick.com/" line: 3 column: 475 source: ".fb_iframe_widget{display:inline-block;position:relative}.fb_iframe_widget span{display:inline-block;position:relative;text-align:justify}.fb_iframe_widget iframe{position:absolute}.fb_iframe_widget_lift{z-index:1}.fb_hide_iframes iframe{position:relative;left:-10000px}.fb_iframe_widget_loader{position:relative;display:inline-block}.fb_iframe_widget_fluid{display:inline}.fb_iframe_widget_fluid span{width:100%}.fb_iframe_widget_loader iframe{min-height:32px;z-index:2;zoom:1}.fb_iframe_widget_loader .FB_Loader{background:url(http://static.ak.fbcdn.net/rsrc.php/v2/y9/r/jKEcVPZFk-2.gif) no-repeat;height:32px;width:32px;margin-left:-16px;position:absolute;left:50%;z-index:4}"}]
04-26 03:58:58.830 E/GeckoConsole( 2760): [JavaScript Warning: "Error in parsing value for 'top'.  Declaration dropped." {file: "http://www.songkick.com/" line: 4 column: 845 source: ".fb_connect_bar_container div,.fb_connect_bar_container span,.fb_connect_bar_container a,.fb_connect_bar_container img,.fb_connect_bar_container strong{background:none;border-spacing:0;border:0;direction:ltr;font-style:normal;font-variant:normal;letter-spacing:normal;line-height:1;margin:0;overflow:visible;padding:0;text-align:left;text-decoration:none;text-indent:0;text-shadow:none;text-transform:none;visibility:visible;white-space:normal;word-spacing:normal;vertical-align:baseline}.fb_connect_bar_container{position:fixed;left:0 !important;right:0 !important;height:42px !important;padding:0 25px !important;margin:0 !important;vertical-align:middle !important;border-bottom:1px solid #333 !important;background:#3b5998 !important;z-index:99999999 !important;overflow:hidden !important}.fb_connect_bar_container_ie6{position:absolute;top:expression(document.compatMode=="CSS
04-26 03:58:59.380 I/Gonk    (   84): Setting nice for pid 2831 to 18
04-26 03:58:59.380 I/Gonk    (   84): Changed nice for pid 2831 from 18 to 18.
04-26 03:58:59.380 I/Gecko   (   84): [Parent 84] WARNING: waitpid failed pid:2831 errno:10: file ../../../gecko/ipc/chromium/src/base/process_util_posix.cc, line 254
04-26 03:58:59.380 I/Gonk    (   84): Setting nice for pid 2831 to 1
04-26 03:58:59.380 I/Gonk    (   84): Changed nice for pid 2831 from 18 to 1.
04-26 03:58:59.390 I/Gonk    (   84): Setting nice for pid 2831 to 18
04-26 03:58:59.390 I/Gonk    (   84): Changed nice for pid 2831 from 1 to 18.
04-26 03:58:59.640 E/[Gralloc-ERROR](   84): int gralloc_unregister_buffer(const gralloc_module_t*, const native_handle_t*):274 Trying to unregister buffer 0x45373e70 from process 84 that was not created in current process: 84
04-26 03:58:59.670 E/GeckoConsole(   84): Content JS LOG at dummy file:326 in GaiaApps.launch/appOpen/<: app with origin 'http://www.songkick.com' has launched
04-26 03:58:59.670 I/Gecko   (   84): 1398509939689	Marionette	INFO	sendToClient: {"from":"0","value":{"frame":{"ELEMENT":"{400afcc5-e499-4e5d-a74b-9a0d51970b40}"},"src":"http://www.songkick.com/","name":"Songkick Concerts","origin":"http://www.songkick.com"}}, {72ed61a3-ff39-4917-aa18-461d16aabd09}, {72ed61a3-ff39-4917-aa18-461d16aabd09}
04-26 03:58:59.690 E/[Gralloc-ERROR](   84): int gralloc_unregister_buffer(const gralloc_module_t*, const native_handle_t*):274 Trying to unregister buffer 0x45373d30 from process 84 that was not created in current process: 84
04-26 03:58:59.690 E/[Gralloc-ERROR](   84): int gralloc_unregister_buffer(const gralloc_module_t*, const native_handle_t*):274 Trying to unregister buffer 0x45373f10 from process 84 that was not created in current process: 84
04-26 03:58:59.690 E/[Gralloc-ERROR](   84): int gralloc_unregister_buffer(const gralloc_module_t*, const native_handle_t*):274 Trying to unregister buffer 0x45373dd0 from process 84 that was not created in current process: 84
04-26 03:58:59.730 I/Gecko   (   84): 1398509939743	Marionette	DEBUG	Got request: switchToFrame, data: {"to":"0","sessionId":"3-b2g","name":"switchToFrame","parameters":{"focus":true,"element":"{400afcc5-e499-4e5d-a74b-9a0d51970b40}"}}, id: {840a9233-763f-4ea7-90d3-962084dcc54a}
04-26 03:58:59.740 I/Gecko   (   84): 1398509939757	Marionette	INFO	Switched to frame: {"frameValue":"{400afcc5-e499-4e5d-a74b-9a0d51970b40}"}
04-26 03:58:59.740 I/Gecko   (   84): 1398509939759	Marionette	INFO	trying remote frame 0
04-26 03:58:59.750 I/Gecko   (   84): 1398509939768	Marionette	INFO	trying remote frame 1
04-26 03:58:59.760 I/Gecko   (   84): 1398509939769	Marionette	INFO	trying remote frame 2
04-26 03:58:59.760 I/Gecko   (   84): 1398509939771	Marionette	INFO	trying remote frame 3
04-26 03:58:59.760 I/Gecko   (   84): 1398509939772	Marionette	INFO	deleting frame
04-26 03:58:59.760 I/Gecko   (   84): 1398509939777	Marionette	INFO	frame-manager load script: [object ChromeMessageSender]
04-26 03:58:59.850 I/Gecko   (   84): [Parent 84] WARNING: pipe error (134): Connection reset by peer: file ../../../gecko/ipc/chromium/src/chrome/common/ipc_channel_posix.cc, line 446
04-26 03:58:59.850 I/Gecko   (   84): 
04-26 03:58:59.850 I/Gecko   (   84): ###!!! [Parent][MessageChannel] Error: Channel error: cannot send/recv
04-26 03:58:59.850 I/Gecko   (   84): 
04-26 03:58:59.960 I/GeckoDump(   84): Crash reporter : Can't fetch app.reportCrashes. Exception: [Exception... "Component returned failure code: 0x8000ffff (NS_ERROR_UNEXPECTED) [nsIPrefBranch.getBoolPref]"  nsresult: "0x8000ffff (NS_ERROR_UNEXPECTED)"  location: "JS frame :: chrome://browser/content/shell.js :: shell_reportCrash :: line 7"  data: no]
04-26 03:58:59.970 I/Gecko   (   84): [Parent 84] WARNING: waitpid failed pid:2831 errno:10: file ../../../gecko/ipc/chromium/src/base/process_util_posix.cc, line 254
04-26 03:59:00.450 I/Gecko   (   84): 1398509940461	Marionette	INFO	sendToClient: {"from":"0","ok":true}, {840a9233-763f-4ea7-90d3-962084dcc54a}, {840a9233-763f-4ea7-90d3-962084dcc54a}
04-26 03:59:00.890 I/Gecko   (   84): 1398509940905	Marionette	INFO	sendToClient: {"from":"0","value":"http://www.songkick.com/"}, {81dad6f7-ce35-4274-b0f4-c95cb8b03f15}, {81dad6f7-ce35-4274-b0f4-c95cb8b03f15}
04-26 03:59:00.960 I/Gecko   (   84): 1398509940979	Marionette	DEBUG	Got request: execute, data: {"to":"0","sessionId":"3-b2g","name":"executeScript","parameters":{"specialPowers":false,"scriptTimeout":null,"newSandbox":true,"args":[],"filename":"app_checker.py","script":"return window.document.readyState;","line":191}}, id: {25381aff-c209-4ccf-a9f9-95a19a7c9efe}
04-26 03:59:01.010 I/Gecko   (   84): 1398509941020	Marionette	INFO	sendToClient: {"from":"0","value":"complete"}, {25381aff-c209-4ccf-a9f9-95a19a7c9efe}, {25381aff-c209-4ccf-a9f9-95a19a7c9efe}
04-26 03:59:01.010 I/Gecko   (   84): 1398509941028	Marionette	INFO	sendToClient: {"from":"0","value":"http://www.songkick.com/"}, {50565ab5-999f-42bd-a1d5-6fe67dc170c8}, {50565ab5-999f-42bd-a1d5-6fe67dc170c8}
04-26 03:59:01.030 I/Gecko   ( 2760): Attempting load of libEGL.so
04-26 03:59:01.130 D/libEGL  ( 2760): loaded /system/lib/egl/libEGL_mali.so
04-26 03:59:01.150 D/libEGL  ( 2760): loaded /system/lib/egl/libGLESv1_CM_mali.so
04-26 03:59:01.150 D/libEGL  ( 2760): loaded /system/lib/egl/libGLESv2_mali.so
04-26 03:59:01.200 I/Gecko   ( 2760): SharedSurface_Gralloc::Create -------
04-26 03:59:01.230 I/Gecko   ( 2760): SharedSurface_Gralloc::Create: success -- surface 0x44634900, GraphicBuffer 0x44632800.
04-26 03:59:01.970 I/Gecko   (   84): [Parent 84] WARNING: waitpid failed pid:2831 errno:10: file ../../../gecko/ipc/chromium/src/base/process_util_posix.cc, line 254
04-26 03:59:01.970 I/Gecko   (   84): [Parent 84] WARNING: Failed to deliver SIGKILL to 2831!(3).: file ../../../gecko/ipc/chromium/src/chrome/common/process_watcher_posix_sigchld.cc, line 118
04-26 03:59:02.190 I/Gecko   (   84): 1398509942172	Marionette	INFO	sendToClient: {"from":"0","value":"iVBORw0KGgoAAAANSUhEUgAAAUAAAAHMCAYAAACk4nEJAAAgAElEQVR4nO3deXwM9/8H8N0UCeI+W6UJSomzelHqjhZVStVRmrrrq7TOouooUTeVsq46SlFXQpxF3GeI+0qCHEIOuY/NXq/fH/nt2M3O7s5sdvPZ7Lw/j8fz8WD2MzPvz2dmX9l7ZEqZLwghRIpkrAsghBBWKAAJIZJFAUgIkSwKQEKIZFEAEkIkiwKQECJZFICEEMmiACSESBYFICFEsigACSGSRQFICJEsWS3veiCEECmiACSESBYFICFEsigACSGSRQFICJEsCkBCiGRRAIq0a/de5G9it8HXHFFrYe2HkKKKAlAkCkBCXAcFoEgUgIS4DgpAkewRgOnp6SYcUSsFICGWUQCKZI8ALCwUgIRYVqAA/GnCZERFRQMAcnNzEbj/ABo0ai54/SlTf0FiYiIA4MnTp/hu6EhR+69dtwGOnzjJ3bmP/XcC3nUbiNrGt98Nx9OoKABATEwsRn7/g8X+QgNw2fKVJoTcZkm9Bk1w+MhRZGZmIikpCUuWrbDYX0gAdvu8l831EFLU2RSAL5OTee9chs3SnejOnbsW193w12arNVhr1tZfv2GTxfUjIiJ51xMSgHwt7MZNi7dbqvUdn6Y2jVdIP77WsPG7zE9MQgqD6AAU07Kzs21e/2VyMu/+6ze0Hgb6VqeeD+82hAS4vuVf11oABu4/YHU7Qvaj17P31zbXaksdly5fYX5SElJYRAXg1m3bBd8ZtVqtyfqnz5wVvD4AjBg1xmQbYlv+9X8YO17U+uHhEUbrWwrA2m83FFSDkD72GK+l24/9d0JUHYS4IlEByNf69vuGu335igAA/OFnbv1Nm/9Go6bv4fKVq1bvkGvXbeDt073Hl+jRsw/vbWvX/2W1hpBTZ9Co6XtYtXqt1RosBSBfGz1mnKB54Juv6OgY3r
04-26 03:59:02.640 I/Gecko   (   84): 1398509942656	Marionette	INFO	sendToClient: {"from":"0","ok":true}, {f8f429ec-3670-42cc-9679-71bc3d05442d}, {f8f429ec-3670-42cc-9679-71bc3d05442d}
04-26 03:59:02.660 I/Gecko   (   84): 1398509942675	Marionette	DEBUG	Got request: switchToFrame, data: {"to":"0","sessionId":"3-b2g","name":"switchToFrame","parameters":{"id":null,"focus":true}}, id: {adf97ece-9ab2-4948-8924-94a9db3ab237}
04-26 03:59:02.740 I/Gecko   (   84): 1398509942758	Marionette	INFO	Switched to frame: {"frameValue":null}
04-26 03:59:02.780 I/Gecko   ( 2760): [SharedSurface_Gralloc 0x44634900] destroyed
04-26 03:59:02.870 I/Gecko   (   84): 1398509942885	Marionette	INFO	sendToClient: {"from":"0","ok":true}, {adf97ece-9ab2-4948-8924-94a9db3ab237}, {adf97ece-9ab2-4948-8924-94a9db3ab237}
04-26 03:59:02.880 I/Gecko   (   84): 1398509942891	Marionette	DEBUG	Got request: executeWithCallback, data: {"to":"0","sessionId":"3-b2g","name":"executeAsyncScript","parameters":{"specialPowers":false,"scriptTimeout":null,"newSandbox":true,"args":[],"filename":"gaia_test.py","script":"return GaiaApps.displayedApp();","line":66}}, id: {3e783d22-d318-4153-8a24-fb37af14a669}
04-26 03:59:02.960 I/Gecko   (   84): 1398509942978	Marionette	INFO	sendToClient: {"from":"0","value":{"frame":{"ELEMENT":"{400afcc5-e499-4e5d-a74b-9a0d51970b40}"},"src":"http://www.songkick.com/","name":"Songkick Concerts","origin":"http://www.songkick.com"}}, {3e783d22-d318-4153-8a24-fb37af14a669}, {3e783d22-d318-4153-8a24-fb37af14a669}
04-26 03:59:02.970 E/GeckoConsole(   84): Content JS LOG at dummy file:392 in GaiaApps.displayedApp: app with origin 'http://www.songkick.com' is displayed
04-26 03:59:02.970 I/Gecko   (   84): 1398509942988	Marionette	DEBUG	Got request: switchToFrame, data: {"to":"0","sessionId":"3-b2g","name":"switchToFrame","parameters":{"id":null,"focus":true}}, id: {84adb664-4a81-4b1b-94fb-16338510d7ef}
04-26 03:59:02.980 I/Gecko   (   84): 1398509942990	Marionette	INFO	Switched to frame: {"frameValue":null}
04-26 03:59:03.080 I/Gecko   (   84): 1398509943092	Marionette	INFO	sendToClient: {"from":"0","ok":true}, {84adb664-4a81-4b1b-94fb-16338510d7ef}, {84adb664-4a81-4b1b-94fb-16338510d7ef}
04-26 03:59:03.080 I/Gecko   (   84): 1398509943097	Marionette	DEBUG	Got request: execute, data: {"to":"0","sessionId":"3-b2g","name":"executeScript","parameters":{"specialPowers":false,"scriptTimeout":null,"newSandbox":true,"args":[],"filename":"gaia_test.py","script":"window.wrappedJSObject.dispatchEvent(new Event('home'));","line":788}}, id: {cd511ab3-17a9-4784-a217-1ddfa1b8522f}
04-26 03:59:03.200 D/Sensors (   84): activate handle=0; drv=0
04-26 03:59:03.210 D/Sensors (   84): Lis3dhSensor: Control set 0
04-26 03:59:03.210 D/Sensors (   84): Lis3dhSensor: mEnabled = 0
04-26 03:59:03.370 I/Gonk    (   84): Setting nice for pid 2848 to 18
04-26 03:59:03.370 I/Gonk    (   84): Changed nice for pid 2848 from 0 to 18.
04-26 03:59:03.380 I/Gecko   (   84): 1398509943391	Marionette	INFO	sendToClient: {"from":"0","value":null}, {cd511ab3-17a9-4784-a217-1ddfa1b8522f}, {cd511ab3-17a9-4784-a217-1ddfa1b8522f}
04-26 03:59:03.410 I/Gonk    (   84): Setting nice for pid 2848 to 18
04-26 03:59:03.410 I/Gonk    (   84): Changed nice for pid 2848 from 18 to 18.
04-26 03:59:03.410 I/Gecko   (   84): [Parent 84] WARNING: waitpid failed pid:2848 errno:10: file ../../../gecko/ipc/chromium/src/base/process_util_posix.cc, line 254
04-26 03:59:03.410 I/Gonk    (   84): Setting nice for pid 2848 to 1
04-26 03:59:03.420 I/Gonk    (   84): Changed nice for pid 2848 from 18 to 1.
04-26 03:59:03.430 I/Gecko   (   84): 1398509943445	Marionette	DEBUG	Got request: switchToFrame, data: {"to":"0","sessionId":"3-b2g","name":"switchToFrame","parameters":{"id":null,"focus":true}}, id: {9f271639-a7d9-480e-93d6-c5192765a029}
04-26 03:59:03.430 I/Gecko   (   84): 1398509943447	Marionette	INFO	Switched to frame: {"frameValue":null}
04-26 03:59:03.540 I/Gecko   (   84): 1398509943551	Marionette	INFO	sendToClient: {"from":"0","ok":true}, {9f271639-a7d9-480e-93d6-c5192765a029}, {9f271639-a7d9-480e-93d6-c5192765a029}
04-26 03:59:03.540 I/Gecko   (   84): 1398509943557	Marionette	DEBUG	Got request: executeWithCallback, data: {"to":"0","sessionId":"3-b2g","name":"executeAsyncScript","parameters":{"specialPowers":false,"scriptTimeout":null,"newSandbox":true,"args":[],"filename":"gaia_test.py","script":"return GaiaApps.displayedApp();","line":66}}, id: {9d841e20-dbb4-43de-8e08-a67f632dea0c}
04-26 03:59:03.610 E/GeckoConsole(   84): Content JS LOG at dummy file:392 in GaiaApps.displayedApp: app with origin 'app://homescreen.gaiamobile.org' is displayed
04-26 03:59:03.620 I/Gecko   (   84): 1398509943630	Marionette	INFO	sendToClient: {"from":"0","value":{"frame":{"ELEMENT":"{f105d59a-89b3-4feb-a9e7-15a1e3012788}"},"src":"app://homescreen.gaiamobile.org/index.html#root","name":"Homescreen","origin":"app://homescreen.gaiamobile.org"}}, {9d841e20-dbb4-43de-8e08-a67f632dea0c}, {9d841e20-dbb4-43de-8e08-a67f632dea0c}
04-26 03:59:03.620 I/Gecko   (   84): 1398509943636	Marionette	DEBUG	Got request: switchToFrame, data: {"to":"0","sessionId":"3-b2g","name":"switchToFrame","parameters":{"id":null,"focus":true}}, id: {a204ce33-0958-42f1-9051-fa83bdf97805}
04-26 03:59:03.620 I/Gecko   (   84): 1398509943637	Marionette	INFO	Switched to frame: {"frameValue":null}
04-26 03:59:03.730 W/WifiHW  (   84): wifi_command: SIGNAL_POLL
04-26 03:59:03.760 I/Gecko   (   84): 1398509943771	Marionette	INFO	sendToClient: {"from":"0","ok":true}, {a204ce33-0958-42f1-9051-fa83bdf97805}, {a204ce33-0958-42f1-9051-fa83bdf97805}
04-26 03:59:03.760 I/Gecko   (   84): 1398509943777	Marionette	DEBUG	Got request: switchToFrame, data: {"to":"0","sessionId":"3-b2g","name":"switchToFrame","parameters":{"id":null,"focus":true}}, id: {eafaab0b-26cd-4f9d-a115-d59ae61ac3a7}
04-26 03:59:03.760 I/Gecko   (   84): 1398509943779	Marionette	INFO	Switched to frame: {"frameValue":null}
04-26 03:59:03.880 I/Gecko   (   84): 1398509943891	Marionette	INFO	sendToClient: {"from":"0","ok":true}, {eafaab0b-26cd-4f9d-a115-d59ae61ac3a7}, {eafaab0b-26cd-4f9d-a115-d59ae61ac3a7}
04-26 03:59:03.890 I/Gecko   (   84): 1398509943904	Marionette	DEBUG	Got request: executeWithCallback, data: {"to":"0","sessionId":"3-b2g","name":"executeAsyncScript","parameters":{"specialPowers":false,"scriptTimeout":null,"newSandbox":true,"args":[],"filename":"gaia_test.py","script":"return GaiaApps.displayedApp();","line":66}}, id: {ebb34891-4aa3-4c63-9872-027339e5b524}
04-26 03:59:03.980 E/GeckoConsole(   84): Content JS LOG at dummy file:392 in GaiaApps.displayedApp: app with origin 'app://homescreen.gaiamobile.org' is displayed
04-26 03:59:03.980 I/Gecko   (   84): 1398509943997	Marionette	INFO	sendToClient: {"from":"0","value":{"frame":{"ELEMENT":"{f105d59a-89b3-4feb-a9e7-15a1e3012788}"},"src":"app://homescreen.gaiamobile.org/index.html#root","name":"Homescreen","origin":"app://homescreen.gaiamobile.org"}}, {ebb34891-4aa3-4c63-9872-027339e5b524}, {ebb34891-4aa3-4c63-9872-027339e5b524}
04-26 03:59:03.990 I/Gecko   (   84): 1398509944003	Marionette	DEBUG	Got request: switchToFrame, data: {"to":"0","sessionId":"3-b2g","name":"switchToFrame","parameters":{"focus":true,"element":"{f105d59a-89b3-4feb-a9e7-15a1e3012788}"}}, id: {c6f0f41a-10b6-4d5c-ab7b-68480856c502}
04-26 03:59:04.000 I/Gecko   (   84): 1398509944018	Marionette	INFO	Switched to frame: {"frameValue":"{f105d59a-89b3-4feb-a9e7-15a1e3012788}"}
04-26 03:59:04.010 I/Gecko   (   84): 1398509944022	Marionette	INFO	trying remote frame 0
04-26 03:59:04.010 I/Gecko   (   84): 1398509944027	Marionette	INFO	trying remote frame 1
04-26 03:59:04.020 I/Gecko   (   84): 1398509944032	Marionette	INFO	trying remote frame 2
04-26 03:59:04.020 I/Gecko   (   84): 1398509944035	Marionette	INFO	trying remote frame 3
04-26 03:59:04.030 I/Gecko   (   84): 1398509944040	Marionette	INFO	deleting frame
04-26 03:59:04.030 I/Gecko   (   84): 1398509944047	Marionette	INFO	frame-manager load script: [object ChromeMessageSender]
04-26 03:59:04.530 E/[Gralloc-ERROR](   84): int gralloc_register_buffer(const gralloc_module_t*, const native_handle_t*):79 Unable to register handle 0x44553830 coming from different process: 84
04-26 03:59:04.540 E/[Gralloc-ERROR](   84): int gralloc_register_buffer(const gralloc_module_t*, const native_handle_t*):79 Unable to register handle 0x445538d0 coming from different process: 84
04-26 03:59:04.950 I/Gonk    (   84): Setting nice for pid 2856 to 18
04-26 03:59:04.950 I/Gonk    (   84): Changed nice for pid 2856 from 0 to 18.
04-26 03:59:06.710 E/[Gralloc-ERROR](   84): int gralloc_unregister_buffer(const gralloc_module_t*, const native_handle_t*):274 Trying to unregister buffer 0x445538d0 from process 84 that was not created in current process: 84
04-26 03:59:06.730 E/[Gralloc-ERROR](   84): int gralloc_unregister_buffer(const gralloc_module_t*, const native_handle_t*):274 Trying to unregister buffer 0x44553830 from process 84 that was not created in current process: 84
04-26 03:59:06.740 I/Gonk    (   84): Setting nice for pid 2760 to 18
04-26 03:59:06.740 I/Gonk    (   84): Changed nice for pid 2760 from 1 to 18.
04-26 03:59:07.480 I/Gecko   ( 2848): ###################################### forms.js loaded
04-26 03:59:07.550 I/Gecko   ( 2848): ############################### browserElementPanning.js loaded
04-26 03:59:07.610 I/Gecko   ( 2848): ######################## BrowserElementChildPreload.js loaded
04-26 03:59:08.260 I/Gecko   (   84): [Parent 84] WARNING: pipe error (114): Connection reset by peer: file ../../../gecko/ipc/chromium/src/chrome/common/ipc_channel_posix.cc, line 446
04-26 03:59:08.260 I/Gecko   (   84): 
04-26 03:59:08.260 I/Gecko   (   84): ###!!! [Parent][MessageChannel] Error: Channel error: cannot send/recv
04-26 03:59:08.260 I/Gecko   (   84): 
04-26 03:59:08.360 I/GeckoDump(   84): Crash reporter : Can't fetch app.reportCrashes. Exception: [Exception... "Component returned failure code: 0x8000ffff (NS_ERROR_UNEXPECTED) [nsIPrefBranch.getBoolPref]"  nsresult: "0x8000ffff (NS_ERROR_UNEXPECTED)"  location: "JS frame :: chrome://browser/content/shell.js :: shell_reportCrash :: line 7"  data: no]
04-26 03:59:08.390 I/Gecko   (   84): [Parent 84] WARNING: waitpid failed pid:2760 errno:10: file ../../../gecko/ipc/chromium/src/base/process_util_posix.cc, line 254
04-26 03:59:08.760 W/WifiHW  (   84): wifi_command: SIGNAL_POLL
04-26 03:59:09.090 I/Gecko   (   84): 1398509949105	Marionette	INFO	sendToClient: {"from":"0","ok":true}, {c6f0f41a-10b6-4d5c-ab7b-68480856c502}, {c6f0f41a-10b6-4d5c-ab7b-68480856c502}
04-26 03:59:09.450 I/Gecko   (   84): 1398509949467	Marionette	INFO	sendToClient: {"from":"0","value":"app://homescreen.gaiamobile.org/index.html#root"}, {30479e0c-9391-4fc5-8616-4ba5f7c32095}, {30479e0c-9391-4fc5-8616-4ba5f7c32095}
04-26 03:59:09.460 I/Gecko   (   84): 1398509949474	Marionette	DEBUG	Got request: switchToFrame, data: {"to":"0","sessionId":"3-b2g","name":"switchToFrame","parameters":{"id":null,"focus":true}}, id: {8e650ef2-6faf-4c69-b747-bda563f2cd87}
04-26 03:59:09.470 I/Gecko   (   84): 1398509949489	Marionette	INFO	Switched to frame: {"frameValue":null}
04-26 03:59:09.580 I/Gecko   (   84): 1398509949592	Marionette	INFO	sendToClient: {"from":"0","ok":true}, {8e650ef2-6faf-4c69-b747-bda563f2cd87}, {8e650ef2-6faf-4c69-b747-bda563f2cd87}
04-26 03:59:09.580 I/Gecko   (   84): 1398509949598	Marionette	DEBUG	Got request: switchToFrame, data: {"to":"0","sessionId":"3-b2g","name":"switchToFrame","parameters":{"id":null,"focus":true}}, id: {2b6d2ce2-4823-4f9f-b237-6dfdc1f5349a}
04-26 03:59:09.600 I/Gecko   (   84): 1398509949610	Marionette	INFO	Switched to frame: {"frameValue":null}
04-26 03:59:09.700 I/Gecko   (   84): 1398509949713	Marionette	INFO	sendToClient: {"from":"0","ok":true}, {2b6d2ce2-4823-4f9f-b237-6dfdc1f5349a}, {2b6d2ce2-4823-4f9f-b237-6dfdc1f5349a}
04-26 03:59:09.700 I/Gecko   (   84): 1398509949719	Marionette	DEBUG	Got request: executeWithCallback, data: {"to":"0","sessionId":"3-b2g","name":"executeAsyncScript","parameters":{"specialPowers":false,"scriptTimeout":null,"newSandbox":true,"args":[],"filename":"gaia_test.py","script":"GaiaApps.killAll()","line":91}}, id: {9607cee3-9df4-4ac4-be1e-d3da0f33b44d}
04-26 03:59:09.760 I/Gecko   (   84): 1398509949776	Marionette	INFO	sendToClient: {"from":"0","value":true}, {9607cee3-9df4-4ac4-be1e-d3da0f33b44d}, {9607cee3-9df4-4ac4-be1e-d3da0f33b44d}
04-26 03:59:09.770 I/Gecko   (   84): 1398509949785	Marionette	DEBUG	Got request: switchToFrame, data: {"to":"0","sessionId":"3-b2g","name":"switchToFrame","parameters":{"id":null,"focus":true}}, id: {8454cf01-91c1-489a-80db-2f3d5e963c93}
04-26 03:59:09.770 I/Gecko   (   84): 1398509949787	Marionette	INFO	Switched to frame: {"frameValue":null}
04-26 03:59:09.880 I/Gecko   (   84): 1398509949892	Marionette	INFO	sendToClient: {"from":"0","ok":true}, {8454cf01-91c1-489a-80db-2f3d5e963c93}, {8454cf01-91c1-489a-80db-2f3d5e963c93}
04-26 03:59:09.880 I/Gecko   (   84): 1398509949898	Marionette	DEBUG	Got request: executeWithCallback, data: {"to":"0","sessionId":"3-b2g","name":"executeAsyncScript","parameters":{"specialPowers":false,"scriptTimeout":60000,"newSandbox":true,"args":[],"filename":"app_checker.py","script":"\n        GaiaApps.locateWithManifestURL('http://www.songkick.com/firefox-marketplace/manifest.webapp',\n                                       null,\n                                       function uninstall(app) {\n                                       navigator.mozApps.mgmt.uninstall(app);\n                                       marionetteScriptFinished(true);\n                                       });\n        ","line":129}}, id: {0ac9a791-886c-4870-8d5a-539418894d45}
04-26 03:59:09.930 I/Gecko   (   84): -- webapps.js uninstall http://www.songkick.com/firefox-marketplace/manifest.webapp
04-26 03:59:10.390 I/Gecko   (   84): [Parent 84] WARNING: waitpid failed pid:2760 errno:10: file ../../../gecko/ipc/chromium/src/base/process_util_posix.cc, line 254
04-26 03:59:10.390 I/Gecko   (   84): [Parent 84] WARNING: Failed to deliver SIGKILL to 2760!(3).: file ../../../gecko/ipc/chromium/src/chrome/common/process_watcher_posix_sigchld.cc, line 118
04-26 03:59:10.460 I/Gecko   (   84): 1398509950479	Marionette	INFO	sendToClient: {"from":"0","value":true}, {0ac9a791-886c-4870-8d5a-539418894d45}, {0ac9a791-886c-4870-8d5a-539418894d45}