--------- beginning of /dev/log/system
04-27 01:00:14.820 I/Vold    (   78): Vold 2.1 (the revenge) firing up
04-27 01:00:14.820 D/Vold    (   78): Volume sdcard state changing -1 (Initializing) -> 0 (No-Media)
04-27 01:00:14.920 D/Vold    (   78): Volume sdcard state changing 0 (No-Media) -> 2 (Pending)
04-27 01:00:14.920 D/Vold    (   78): Volume sdcard state changing 2 (Pending) -> 1 (Idle-Unmounted)
04-27 01:00:19.960 D/VoldCmdListener(   78): volume list
04-27 01:00:19.960 D/VoldCmdListener(   78): volume mount sdcard
04-27 01:00:19.960 I/Vold    (   78): /dev/block/vold/179:1 being considered for volume sdcard
04-27 01:00:19.960 D/Vold    (   78): Volume sdcard state changing 1 (Idle-Unmounted) -> 3 (Checking)
04-27 01:00:19.960 W/Vold    (   78): Skipping fs checks
04-27 01:00:20.000 I/Vold    (   78): Device /dev/block/vold/179:1, target /mnt/sdcard mounted @ /mnt/secure/staging
04-27 01:00:20.010 D/Vold    (   78): Volume sdcard state changing 3 (Checking) -> 4 (Mounted)
--------- beginning of /dev/log/main
04-27 01:00:21.400 D/pskey_bt(  329): get_one_item(data) = 0xa0028
04-27 01:00:21.400 D/pskey_bt(  329): get_next_u32: here:a0028
04-27 01:00:21.400 D/pskey_bt(  329): char:0, 0
04-27 01:00:21.400 D/pskey_bt(  329): char:0, 0
04-27 01:00:21.400 D/pskey_bt(  329): char:0, 0
04-27 01:00:21.400 D/pskey_bt(  329): char:6, 6
04-27 01:00:21.400 D/pskey_bt(  329): char:0, 0
04-27 01:00:21.400 D/pskey_bt(  329): char:0, 0
04-27 01:00:21.400 D/pskey_bt(  329): char:0, 0
04-27 01:00:21.400 D/pskey_bt(  329): char:9, 9
04-27 01:00:21.400 D/pskey_bt(  329): get_one_item(data) = 0x60009
04-27 01:00:21.400 D/pskey_bt(  329): get_next_u32: here:60009
04-27 01:00:21.400 D/pskey_bt(  329): end of buff, str=},
04-27 01:00:21.400 D/pskey_bt(  329): {0x0B,0x0A,0x09, 0x08, 0x07},
04-27 01:00:21.400 D/pskey_bt(  329): {0xFF, 0xFF, 0x8D, 0xFE, 0x9B, 0x3F, 0x79, 0x83,
04-27 01:00:21.400 D/pskey_bt(  329):   0xFF, 0xA7, 0xFF, 0x7F, 0x00, 0xE0, 0xF7, 0x3E},
04-27 01:00:21.400 D/pskey_bt(  329): {0xFF, 0xFF, 0xFF, 0xFF, 0xFF, 0xFF},
04-27 01:00:21.400 D/pskey_bt(  329): 0,
04-27 01:00:21.400 D/pskey_bt(  329): 1,
04-27 01:00:21.400 D/pskey_bt(  329): 5,
04-27 01:00:21.400 D/pskey_bt(  329): 0xE,
04-27 01:00:21.400 D/pskey_bt(  329): 1,
04-27 01:00:21.400 D/pskey_bt(  329): 1,
04-27 01:00:21.400 D/pskey_bt(  329): 0x50000000,
04-27 01:00:21.400 D/pskey_bt(  329): 0x50000150,
04-27 01:00:21.400 D/pskey_bt(  329): 0x50000150,
04-27 01:00:21.400 D/pskey_bt(  329): 0x50000154,
04-27 01:00:21.400 D/pskey_bt(  329): 0xFFFFFFFF,
04-27 01:00:21.400 D/pskey_bt(  329): 0x100,
04-27 01:00:21.400 D/pskey_bt(  329): 0xA0,
04-27 01:00:21.400 D/pskey_bt(  329): 0xDC,
04-27 01:00:21.400 D/pskey_bt(  329): 0x20,
04-27 01:00:21.400 D/pskey_bt(  329): 0x55,
04-27 01:00:21.400 D/pskey_bt(  329): 0x64,
04-27 01:00:21.400 D/pskey_bt(  329): 0,
04-27 01:00:21.400 D/pskey_bt(  329): 0x8,
04-27 01:00:21.400 D/pskey_bt(  329): 0x13C,
04-27 01:00:21.400 D/pskey_bt(  329): 0x2,
04-27 01:00:21.400 D/pskey_bt(  329): 0xD704,
04-27 01:00:21.400 D/pskey_bt(  329): 0x88888888,
04-27 01:00:21.400 D/pskey_bt(  329): 0x6,
04-27 01:00:21.400 D/pskey_bt(  329): 0x0,
04-27 01:00:21.400 D/pskey_bt(  329): {0x0001,0x0000,0x0000,0x0000,0x0000,0x0000,0x0000,0x0000,0x0000
04-27 01:00:21.400 D/pskey_bt(  329): char:0, 0
04-27 01:00:21.400 D/pskey_bt(  329): char:B, B
04-27 01:00:21.400 D/pskey_bt(  329): get_one_item(data) = 0xb
04-27 01:00:21.400 D/pskey_bt(  329): get_next_u32: here:b
04-27 01:00:21.400 D/pskey_bt(  329): char:0, 0
04-27 01:00:21.400 D/pskey_bt(  329): char:A, A
04-27 01:00:21.400 D/pskey_bt(  329): get_one_item(data) = 0xa
04-27 01:00:21.400 D/pskey_bt(  329): get_next_u32: here:a
04-27 01:00:21.400 D/pskey_bt(  329): char:0, 0
04-27 01:00:21.400 D/pskey_bt(  329): char:9, 9
04-27 01:00:21.400 D/pskey_bt(  329): get_one_item(data) = 0x9
04-27 01:00:21.400 D/pskey_bt(  329): get_next_u32: here:9
04-27 01:00:21.400 D/pskey_bt(  329): char:0, 0
04-27 01:00:21.400 D/pskey_bt(  329): char:8, 8
04-27 01:00:21.400 D/pskey_bt(  329): get_one_item(data) = 0x8
04-27 01:00:21.400 D/pskey_bt(  329): get_next_u32: here:8
04-27 01:00:21.400 D/pskey_bt(  329): char:0, 0
04-27 01:00:21.400 D/pskey_bt(  329): char:7, 7
04-27 01:00:21.400 D/pskey_bt(  329): get_one_item(data) = 0x7
04-27 01:00:21.400 D/pskey_bt(  329): get_next_u32: here:7
04-27 01:00:21.400 D/pskey_bt(  329): end of buff, str=},
04-27 01:00:21.400 D/pskey_bt(  329): {0xFF, 0xFF, 0x8D, 0xFE, 0x9B, 0x3F, 0x79, 0x83,
04-27 01:00:21.400 D/pskey_bt(  329):   0xFF, 0xA7, 0xFF, 0x7F, 0x00, 0xE0, 0xF7, 0x3E},
04-27 01:00:21.400 D/pskey_bt(  329): {0xFF, 0xFF, 0xFF, 0xFF, 0xFF, 0xFF},
04-27 01:00:21.400 D/pskey_bt(  329): 0,
04-27 01:00:21.400 D/pskey_bt(  329): 1,
04-27 01:00:21.400 D/pskey_bt(  329): 5,
04-27 01:00:21.400 D/pskey_bt(  329): 0xE,
04-27 01:00:21.400 D/pskey_bt(  329): 1,
04-27 01:00:21.400 D/pskey_bt(  329): 1,
04-27 01:00:21.400 D/pskey_bt(  329): 0x50000000,
04-27 01:00:21.400 D/pskey_bt(  329): 0x50000150,
04-27 01:00:21.400 D/pskey_bt(  329): 0x50000150,
04-27 01:00:21.400 D/pskey_bt(  329): 0x50000154,
04-27 01:00:21.400 D/pskey_bt(  329): 0xFFFFFFFF,
04-27 01:00:21.400 D/pskey_bt(  329): 0x100,
04-27 01:00:21.400 D/pskey_bt(  329): 0xA0,
04-27 01:00:21.400 D/pskey_bt(  329): 0xDC,
04-27 01:00:21.400 D/pskey_bt(  329): 0x20,
04-27 01:00:21.400 D/pskey_bt(  329): 0x55,
04-27 01:00:21.400 D/pskey_bt(  329): 0x64,
04-27 01:00:21.400 D/pskey_bt(  329): 0,
04-27 01:00:21.400 D/pskey_bt(  329): 0x8,
04-27 01:00:21.400 D/pskey_bt(  329): 0x13C,
04-27 01:00:21.400 D/pskey_bt(  329): 0x2,
04-27 01:00:21.400 D/pskey_bt(  329): 0xD704,
04-27 01:00:21.400 D/pskey_bt(  329): 0x88888888,
04-27 01:00:21.400 D/pskey_bt(  329): 0x6,
04-27 01:00:21.400 D/pskey_bt(  329): 0x0,
04-27 01:00:21.400 D/pskey_bt(  329): {0x0001,0x0000,0x0000,0x0000,0x0000,0x0000,0x0000,0x0000,0x0000
04-27 01:00:21.400 D/pskey_bt(  329): char:F, F
04-27 01:00:21.400 D/pskey_bt(  329): char:F, F
04-27 01:00:21.400 D/pskey_bt(  329): get_one_item(data) = 0xff
04-27 01:00:21.400 D/pskey_bt(  329): get_next_u8: here:ff
04-27 01:00:21.400 D/pskey_bt(  329): char:F, F
04-27 01:00:21.400 D/pskey_bt(  329): char:F, F
04-27 01:00:21.400 D/pskey_bt(  329): get_one_item(data) = 0xff
04-27 01:00:21.400 D/pskey_bt(  329): get_next_u8: here:ff
04-27 01:00:21.400 D/pskey_bt(  329): char:8, 8
04-27 01:00:21.400 D/pskey_bt(  329): char:D, D
04-27 01:00:21.400 D/pskey_bt(  329): get_one_item(data) = 0x8d
04-27 01:00:21.400 D/pskey_bt(  329): get_next_u8: here:8d
04-27 01:00:21.400 D/pskey_bt(  329): char:F, F
04-27 01:00:21.400 D/pskey_bt(  329): char:E, E
04-27 01:00:21.400 D/pskey_bt(  329): get_one_item(data) = 0xfe
04-27 01:00:21.400 D/pskey_bt(  329): get_next_u8: here:fe
04-27 01:00:21.400 D/pskey_bt(  329): char:9, 9
04-27 01:00:21.400 D/pskey_bt(  329): char:B, B
04-27 01:00:21.400 D/pskey_bt(  329): get_one_item(data) = 0x9b
04-27 01:00:21.400 D/pskey_bt(  329): get_next_u8: here:9b
04-27 01:00:21.400 D/pskey_bt(  329): char:3, 3
04-27 01:00:21.400 D/pskey_bt(  329): char:F, F
04-27 01:00:21.400 D/pskey_bt(  329): get_one_item(data) = 0x3f
04-27 01:00:21.400 D/pskey_bt(  329): get_next_u8: here:3f
04-27 01:00:21.400 D/pskey_bt(  329): char:7, 7
04-27 01:00:21.400 D/pskey_bt(  329): char:9, 9
04-27 01:00:21.400 D/pskey_bt(  329): get_one_item(data) = 0x79
04-27 01:00:21.400 D/pskey_bt(  329): get_next_u8: here:79
04-27 01:00:21.400 D/pskey_bt(  329): char:8, 8
04-27 01:00:21.400 D/pskey_bt(  329): char:3, 3
04-27 01:00:21.400 D/pskey_bt(  329): get_one_item(data) = 0x83
04-27 01:00:21.400 D/pskey_bt(  329): get_next_u8: here:83
04-27 01:00:21.400 D/pskey_bt(  329): char:F, F
04-27 01:00:21.400 D/pskey_bt(  329): char:F, F
04-27 01:00:21.400 D/pskey_bt(  329): get_one_item(data) = 0xff
04-27 01:00:21.400 D/pskey_bt(  329): get_next_u8: here:ff
04-27 01:00:21.400 D/pskey_bt(  329): char:A, A
04-27 01:00:21.400 D/pskey_bt(  329): char:7, 7
04-27 01:00:21.400 D/pskey_bt(  329): get_one_item(data) = 0xa7
04-27 01:00:21.400 D/pskey_bt(  329): get_next_u8: here:a7
04-27 01:00:21.400 D/pskey_bt(  329): char:F, F
04-27 01:00:21.400 D/pskey_bt(  329): char:F, F
04-27 01:00:21.400 D/pskey_bt(  329): get_one_item(data) = 0xff
04-27 01:00:21.400 D/pskey_bt(  329): get_next_u8: here:ff
04-27 01:00:21.400 D/pskey_bt(  329): char:7, 7
04-27 01:00:21.400 D/pskey_bt(  329): char:F, F
04-27 01:00:21.400 D/pskey_bt(  329): get_one_item(data) = 0x7f
04-27 01:00:21.400 D/pskey_bt(  329): get_next_u8: here:7f
04-27 01:00:21.400 D/pskey_bt(  329): char:0, 0
04-27 01:00:21.400 D/pskey_bt(  329): char:0, 0
04-27 01:00:21.400 D/pskey_bt(  329): get_one_item(data) = 0x0
04-27 01:00:21.400 D/pskey_bt(  329): get_next_u8: here:0
04-27 01:00:21.400 D/pskey_bt(  329): char:E, E
04-27 01:00:21.400 D/pskey_bt(  329): char:0, 0
04-27 01:00:21.400 D/pskey_bt(  329): get_one_item(data) = 0xe0
04-27 01:00:21.400 D/pskey_bt(  329): get_next_u8: here:e0
04-27 01:00:21.400 D/pskey_bt(  329): char:F, F
04-27 01:00:21.400 D/pskey_bt(  329): char:7, 7
04-27 01:00:21.400 D/pskey_bt(  329): get_one_item(data) = 0xf7
04-27 01:00:21.400 D/pskey_bt(  329): get_next_u8: here:f7
04-27 01:00:21.400 D/pskey_bt(  329): char:3, 3
04-27 01:00:21.400 D/pskey_bt(  329): char:E, E
04-27 01:00:21.400 D/pskey_bt(  329): get_one_item(data) = 0x3e
04-27 01:00:21.400 D/pskey_bt(  329): get_next_u8: here:3e
04-27 01:00:21.400 D/pskey_bt(  329): end of buff, str=},
04-27 01:00:21.400 D/pskey_bt(  329): {0xFF, 0xFF, 0xFF, 0xFF, 0xFF, 0xFF},
04-27 01:00:21.400 D/pskey_bt(  329): 0,
04-27 01:00:21.400 D/pskey_bt(  329): 1,
04-27 01:00:21.400 D/pskey_bt(  329): 5,
04-27 01:00:21.400 D/pskey_bt(  329): 0xE,
04-27 01:00:21.400 D/pskey_bt(  329): 1,
04-27 01:00:21.400 D/pskey_bt(  329): 1,
04-27 01:00:21.400 D/pskey_bt(  329): 0x50000000,
04-27 01:00:21.400 D/pskey_bt(  329): 0x50000150,
04-27 01:00:21.400 D/pskey_bt(  329): 0x50000150,
04-27 01:00:21.400 D/pskey_bt(  329): 0x50000154,
04-27 01:00:21.400 D/pskey_bt(  329): 0xFFFFFFFF,
04-27 01:00:21.400 D/pskey_bt(  329): 0x100,
04-27 01:00:21.400 D/pskey_bt(  329): 0xA0,
04-27 01:00:21.400 D/pskey_bt(  329): 0xDC,
04-27 01:00:21.400 D/pskey_bt(  329): 0x20,
04-27 01:00:21.400 D/pskey_bt(  329): 0x55,
04-27 01:00:21.400 D/pskey_bt(  329): 0x64,
04-27 01:00:21.400 D/pskey_bt(  329): 0,
04-27 01:00:21.400 D/pskey_bt(  329): 0x8,
04-27 01:00:21.400 D/pskey_bt(  329): 0x13C,
04-27 01:00:21.400 D/pskey_bt(  329): 0x2,
04-27 01:00:21.400 D/pskey_bt(  329): 0xD704,
04-27 01:00:21.400 D/pskey_bt(  329): 0x88888888,
04-27 01:00:21.400 D/pskey_bt(  329): 0x6,
04-27 01:00:21.400 D/pskey_bt(  329): 0x0,
04-27 01:00:21.400 D/pskey_bt(  329): {0x0001,0x0000,0x0000,0x0000,0x0000,0x0000,0x0000,0x0000,0x0000
04-27 01:00:21.400 D/pskey_bt(  329): char:F, F
04-27 01:00:21.400 D/pskey_bt(  329): char:F, F
04-27 01:00:21.400 D/pskey_bt(  329): get_one_item(data) = 0xff
04-27 01:00:21.400 D/pskey_bt(  329): get_next_u8: here:ff
04-27 01:00:21.400 D/pskey_bt(  329): char:F, F
04-27 01:00:21.400 D/pskey_bt(  329): char:F, F
04-27 01:00:21.400 D/pskey_bt(  329): get_one_item(data) = 0xff
04-27 01:00:21.400 D/pskey_bt(  329): get_next_u8: here:ff
04-27 01:00:21.400 D/pskey_bt(  329): char:F, F
04-27 01:00:21.400 D/pskey_bt(  329): char:F, F
04-27 01:00:21.400 D/pskey_bt(  329): get_one_item(data) = 0xff
04-27 01:00:21.400 D/pskey_bt(  329): get_next_u8: here:ff
04-27 01:00:21.400 D/pskey_bt(  329): char:F, F
04-27 01:00:21.400 D/pskey_bt(  329): char:F, F
04-27 01:00:21.400 D/pskey_bt(  329): get_one_item(data) = 0xff
04-27 01:00:21.400 D/pskey_bt(  329): get_next_u8: here:ff
04-27 01:00:21.400 D/pskey_bt(  329): char:F, F
04-27 01:00:21.400 D/pskey_bt(  329): char:F, F
04-27 01:00:21.400 D/pskey_bt(  329): get_one_item(data) = 0xff
04-27 01:00:21.400 D/pskey_bt(  329): get_next_u8: here:ff
04-27 01:00:21.400 D/pskey_bt(  329): char:F, F
04-27 01:00:21.400 D/pskey_bt(  329): char:F, F
04-27 01:00:21.400 D/pskey_bt(  329): get_one_item(data) = 0xff
04-27 01:00:21.400 D/pskey_bt(  329): get_next_u8: here:ff
04-27 01:00:21.400 D/pskey_bt(  329): end of buff, str=},
04-27 01:00:21.400 D/pskey_bt(  329): 0,
04-27 01:00:21.400 D/pskey_bt(  329): 1,
04-27 01:00:21.400 D/pskey_bt(  329): 5,
04-27 01:00:21.400 D/pskey_bt(  329): 0xE,
04-27 01:00:21.400 D/pskey_bt(  329): 1,
04-27 01:00:21.400 D/pskey_bt(  329): 1,
04-27 01:00:21.400 D/pskey_bt(  329): 0x50000000,
04-27 01:00:21.400 D/pskey_bt(  329): 0x50000150,
04-27 01:00:21.400 D/pskey_bt(  329): 0x50000150,
04-27 01:00:21.400 D/pskey_bt(  329): 0x50000154,
04-27 01:00:21.400 D/pskey_bt(  329): 0xFFFFFFFF,
04-27 01:00:21.400 D/pskey_bt(  329): 0x100,
04-27 01:00:21.400 D/pskey_bt(  329): 0xA0,
04-27 01:00:21.400 D/pskey_bt(  329): 0xDC,
04-27 01:00:21.400 D/pskey_bt(  329): 0x20,
04-27 01:00:21.400 D/pskey_bt(  329): 0x55,
04-27 01:00:21.400 D/pskey_bt(  329): 0x64,
04-27 01:00:21.400 D/pskey_bt(  329): 0,
04-27 01:00:21.400 D/pskey_bt(  329): 0x8,
04-27 01:00:21.400 D/pskey_bt(  329): 0x13C,
04-27 01:00:21.400 D/pskey_bt(  329): 0x2,
04-27 01:00:21.400 D/pskey_bt(  329): 0xD704,
04-27 01:00:21.400 D/pskey_bt(  329): 0x88888888,
04-27 01:00:21.400 D/pskey_bt(  329): 0x6,
04-27 01:00:21.400 D/pskey_bt(  329): 0x0,
04-27 01:00:21.400 D/pskey_bt(  329): {0x0001,0x0000,0x0000,0x0000,0x0000,0x0000,0x0000,0x0000,0x0000
04-27 01:00:21.400 D/pskey_bt(  329): char:0, 0
04-27 01:00:21.400 D/pskey_bt(  329): get_one_item(data) = 0x0
04-27 01:00:21.400 D/pskey_bt(  329): get_next_u8: here:0
04-27 01:00:21.400 D/pskey_bt(  329): char:1, 1
04-27 01:00:21.400 D/pskey_bt(  329): get_one_item(data) = 0x1
04-27 01:00:21.400 D/pskey_bt(  329): get_next_u8: here:1
04-27 01:00:21.400 D/pskey_bt(  329): char:5, 5
04-27 01:00:21.400 D/pskey_bt(  329): get_one_item(data) = 0x5
04-27 01:00:21.400 D/pskey_bt(  329): get_next_u8: here:5
04-27 01:00:21.400 D/pskey_bt(  329): char:E, E
04-27 01:00:21.400 D/pskey_bt(  329): get_one_item(data) = 0xe
04-27 01:00:21.400 D/pskey_bt(  329): get_next_u8: here:e
04-27 01:00:21.400 D/pskey_bt(  329): char:1, 1
04-27 01:00:21.400 D/pskey_bt(  329): get_one_item(data) = 0x1
04-27 01:00:21.400 D/pskey_bt(  329): get_next_u8: here:1
04-27 01:00:21.400 D/pskey_bt(  329): char:1, 1
04-27 01:00:21.400 D/pskey_bt(  329): get_one_item(data) = 0x1
04-27 01:00:21.400 D/pskey_bt(  329): get_next_u8: here:1
04-27 01:00:21.400 D/pskey_bt(  329): char:5, 5
04-27 01:00:21.400 D/pskey_bt(  329): char:0, 0
04-27 01:00:21.400 D/pskey_bt(  329): char:0, 0
04-27 01:00:21.400 D/pskey_bt(  329): char:0, 0
04-27 01:00:21.400 D/pskey_bt(  329): char:0, 0
04-27 01:00:21.400 D/pskey_bt(  329): char:0, 0
04-27 01:00:21.400 D/pskey_bt(  329): char:0, 0
04-27 01:00:21.400 D/pskey_bt(  329): char:0, 0
04-27 01:00:21.400 D/pskey_bt(  329): get_one_item(data) = 0x50000000
04-27 01:00:21.400 D/pskey_bt(  329): get_next_u32: here:50000000
04-27 01:00:21.400 D/pskey_bt(  329): char:5, 5
04-27 01:00:21.400 D/pskey_bt(  329): char:0, 0
04-27 01:00:21.400 D/pskey_bt(  329): char:0, 0
04-27 01:00:21.400 D/pskey_bt(  329): char:0, 0
04-27 01:00:21.400 D/pskey_bt(  329): char:0, 0
04-27 01:00:21.400 D/pskey_bt(  329): char:1, 1
04-27 01:00:21.400 D/pskey_bt(  329): char:5, 5
04-27 01:00:21.400 D/pskey_bt(  329): char:0, 0
04-27 01:00:21.400 D/pskey_bt(  329): get_one_item(data) = 0x50000150
04-27 01:00:21.400 D/pskey_bt(  329): get_next_u32: here:50000150
04-27 01:00:21.400 D/pskey_bt(  329): char:5, 5
04-27 01:00:21.400 D/pskey_bt(  329): char:0, 0
04-27 01:00:21.400 D/pskey_bt(  329): char:0, 0
04-27 01:00:21.400 D/pskey_bt(  329): char:0, 0
04-27 01:00:21.400 D/pskey_bt(  329): char:0, 0
04-27 01:00:21.400 D/pskey_bt(  329): char:1, 1
04-27 01:00:21.400 D/pskey_bt(  329): char:5, 5
04-27 01:00:21.400 D/pskey_bt(  329): char:0, 0
04-27 01:00:21.400 D/pskey_bt(  329): get_one_item(data) = 0x50000150
04-27 01:00:21.400 D/pskey_bt(  329): get_next_u32: here:50000150
04-27 01:00:21.400 D/pskey_bt(  329): char:5, 5
04-27 01:00:21.400 D/pskey_bt(  329): char:0, 0
04-27 01:00:21.400 D/pskey_bt(  329): char:0, 0
04-27 01:00:21.400 D/pskey_bt(  329): char:0, 0
04-27 01:00:21.400 D/pskey_bt(  329): char:0, 0
04-27 01:00:21.400 D/pskey_bt(  329): char:1, 1
04-27 01:00:21.400 D/pskey_bt(  329): char:5, 5
04-27 01:00:21.400 D/pskey_bt(  329): char:4, 4
04-27 01:00:21.400 D/pskey_bt(  329): get_one_item(data) = 0x50000154
04-27 01:00:21.400 D/pskey_bt(  329): get_next_u32: here:50000154
04-27 01:00:21.400 D/pskey_bt(  329): char:F, F
04-27 01:00:21.400 D/pskey_bt(  329): char:F, F
04-27 01:00:21.400 D/pskey_bt(  329): char:F, F
04-27 01:00:21.400 D/pskey_bt(  329): char:F, F
04-27 01:00:21.400 D/pskey_bt(  329): char:F, F
04-27 01:00:21.400 D/pskey_bt(  329): char:F, F
04-27 01:00:21.400 D/pskey_bt(  329): char:F, F
04-27 01:00:21.400 D/pskey_bt(  329): char:F, F
04-27 01:00:21.400 D/pskey_bt(  329): get_one_item(data) = 0xffffffff
04-27 01:00:21.400 D/pskey_bt(  329): get_next_u32: here:ffffffff
04-27 01:00:21.400 D/pskey_bt(  329): char:1, 1
04-27 01:00:21.400 D/pskey_bt(  329): char:0, 0
04-27 01:00:21.400 D/pskey_bt(  329): char:0, 0
04-27 01:00:21.400 D/pskey_bt(  329): get_one_item(data) = 0x100
04-27 01:00:21.400 D/pskey_bt(  329): get_next_u16: here:100
04-27 01:00:21.400 D/pskey_bt(  329): char:A, A
04-27 01:00:21.400 D/pskey_bt(  329): char:0, 0
04-27 01:00:21.400 D/pskey_bt(  329): get_one_item(data) = 0xa0
04-27 01:00:21.400 D/pskey_bt(  329): get_next_u16: here:a0
04-27 01:00:21.400 D/pskey_bt(  329): char:D, D
04-27 01:00:21.400 D/pskey_bt(  329): char:C, C
04-27 01:00:21.400 D/pskey_bt(  329): get_one_item(data) = 0xdc
04-27 01:00:21.400 D/pskey_bt(  329): get_next_u16: here:dc
04-27 01:00:21.400 D/pskey_bt(  329): char:2, 2
04-27 01:00:21.400 D/pskey_bt(  329): char:0, 0
04-27 01:00:21.400 D/pskey_bt(  329): get_one_item(data) = 0x20
04-27 01:00:21.400 D/pskey_bt(  329): get_next_u16: here:20
04-27 01:00:21.400 D/pskey_bt(  329): char:5, 5
04-27 01:00:21.400 D/pskey_bt(  329): char:5, 5
04-27 01:00:21.400 D/pskey_bt(  329): get_one_item(data) = 0x55
04-27 01:00:21.400 D/pskey_bt(  329): get_next_u16: here:55
04-27 01:00:21.400 D/pskey_bt(  329): char:6, 6
04-27 01:00:21.400 D/pskey_bt(  329): char:4, 4
04-27 01:00:21.400 D/pskey_bt(  329): get_one_item(data) = 0x64
04-27 01:00:21.400 D/pskey_bt(  329): get_next_u16: here:64
04-27 01:00:21.400 D/pskey_bt(  329): char:0, 0
04-27 01:00:21.400 D/pskey_bt(  329): get_one_item(data) = 0x0
04-27 01:00:21.400 D/pskey_bt(  329): get_next_u32: here:0
04-27 01:00:21.400 D/pskey_bt(  329): char:8, 8
04-27 01:00:21.400 D/pskey_bt(  329): get_one_item(data) = 0x8
04-27 01:00:21.400 D/pskey_bt(  329): get_next_u16: here:8
04-27 01:00:21.400 D/pskey_bt(  329): char:1, 1
04-27 01:00:21.400 D/pskey_bt(  329): char:3, 3
04-27 01:00:21.400 D/pskey_bt(  329): char:C, C
04-27 01:00:21.400 D/pskey_bt(  329): get_one_item(data) = 0x13c
04-27 01:00:21.400 D/pskey_bt(  329): get_next_u16: here:13c
04-27 01:00:21.400 D/pskey_bt(  329): char:2, 2
04-27 01:00:21.400 D/pskey_bt(  329): get_one_item(data) = 0x2
04-27 01:00:21.400 D/pskey_bt(  329): get_next_u16: here:2
04-27 01:00:21.400 D/pskey_bt(  329): char:D, D
04-27 01:00:21.400 D/pskey_bt(  329): char:7, 7
04-27 01:00:21.400 D/pskey_bt(  329): char:0, 0
04-27 01:00:21.400 D/pskey_bt(  329): char:4, 4
04-27 01:00:21.400 D/pskey_bt(  329): get_one_item(data) = 0xd704
04-27 01:00:21.400 D/pskey_bt(  329): get_next_u16: here:d704
04-27 01:00:21.400 D/pskey_bt(  329): char:8, 8
04-27 01:00:21.400 D/pskey_bt(  329): char:8, 8
04-27 01:00:21.400 D/pskey_bt(  329): char:8, 8
04-27 01:00:21.400 D/pskey_bt(  329): char:8, 8
04-27 01:00:21.400 D/pskey_bt(  329): char:8, 8
04-27 01:00:21.400 D/pskey_bt(  329): char:8, 8
04-27 01:00:21.400 D/pskey_bt(  329): char:8, 8
04-27 01:00:21.400 D/pskey_bt(  329): char:8, 8
04-27 01:00:21.400 D/pskey_bt(  329): get_one_item(data) = 0x88888888
04-27 01:00:21.400 D/pskey_bt(  329): get_next_u32: here:88888888
04-27 01:00:21.400 D/pskey_bt(  329): char:6, 6
04-27 01:00:21.400 D/pskey_bt(  329): get_one_item(data) = 0x6
04-27 01:00:21.400 D/pskey_bt(  329): get_next_u16: here:6
04-27 01:00:21.400 D/pskey_bt(  329): char:0, 0
04-27 01:00:21.400 D/pskey_bt(  329): get_one_item(data) = 0x0
04-27 01:00:21.400 D/pskey_bt(  329): get_next_u16: here:0
04-27 01:00:21.400 D/pskey_bt(  329): char:0, 0
04-27 01:00:21.400 D/pskey_bt(  329): char:0, 0
04-27 01:00:21.400 D/pskey_bt(  329): char:0, 0
04-27 01:00:21.400 D/pskey_bt(  329): char:1, 1
04-27 01:00:21.400 D/pskey_bt(  329): get_one_item(data) = 0x1
04-27 01:00:21.400 D/pskey_bt(  329): get_next_u32: here:1
04-27 01:00:21.400 D/pskey_bt(  329): char:0, 0
04-27 01:00:21.400 D/pskey_bt(  329): char:0, 0
04-27 01:00:21.400 D/pskey_bt(  329): char:0, 0
04-27 01:00:21.400 D/pskey_bt(  329): char:0, 0
04-27 01:00:21.400 D/pskey_bt(  329): get_one_item(data) = 0x0
04-27 01:00:21.400 D/pskey_bt(  329): get_next_u32: here:0
04-27 01:00:21.400 D/pskey_bt(  329): char:0, 0
04-27 01:00:21.400 D/pskey_bt(  329): char:0, 0
04-27 01:00:21.400 D/pskey_bt(  329): char:0, 0
04-27 01:00:21.400 D/pskey_bt(  329): char:0, 0
04-27 01:00:21.400 D/pskey_bt(  329): get_one_item(data) = 0x0
04-27 01:00:21.400 D/pskey_bt(  329): get_next_u32: here:0
04-27 01:00:21.400 D/pskey_bt(  329): char:0, 0
04-27 01:00:21.400 D/pskey_bt(  329): char:0, 0
04-27 01:00:21.400 D/pskey_bt(  329): char:0, 0
04-27 01:00:21.400 D/pskey_bt(  329): char:0, 0
04-27 01:00:21.400 D/pskey_bt(  329): get_one_item(data) = 0x0
04-27 01:00:21.400 D/pskey_bt(  329): get_next_u32: here:0
04-27 01:00:21.400 D/pskey_bt(  329): char:0, 0
04-27 01:00:21.400 D/pskey_bt(  329): char:0, 0
04-27 01:00:21.400 D/pskey_bt(  329): char:0, 0
04-27 01:00:21.400 D/pskey_bt(  329): char:0, 0
04-27 01:00:21.400 D/pskey_bt(  329): get_one_item(data) = 0x0
04-27 01:00:21.400 D/pskey_bt(  329): get_next_u32: here:0
04-27 01:00:21.400 D/pskey_bt(  329): char:0, 0
04-27 01:00:21.400 D/pskey_bt(  329): char:0, 0
04-27 01:00:21.400 D/pskey_bt(  329): char:0, 0
04-27 01:00:21.400 D/pskey_bt(  329): char:0, 0
04-27 01:00:21.400 D/pskey_bt(  329): get_one_item(data) = 0x0
04-27 01:00:21.400 D/pskey_bt(  329): get_next_u32: here:0
04-27 01:00:21.400 D/pskey_bt(  329): char:0, 0
04-27 01:00:21.400 D/pskey_bt(  329): char:0, 0
04-27 01:00:21.400 D/pskey_bt(  329): char:0, 0
04-27 01:00:21.400 D/pskey_bt(  329): char:0, 0
04-27 01:00:21.400 D/pskey_bt(  329): get_one_item(data) = 0x0
04-27 01:00:21.400 D/pskey_bt(  329): get_next_u32: here:0
04-27 01:00:21.400 D/pskey_bt(  329): char:0, 0
04-27 01:00:21.400 D/pskey_bt(  329): char:0, 0
04-27 01:00:21.400 D/pskey_bt(  329): char:0, 0
04-27 01:00:21.400 D/pskey_bt(  329): char:0, 0
04-27 01:00:21.400 D/pskey_bt(  329): get_one_item(data) = 0x0
04-27 01:00:21.400 D/pskey_bt(  329): get_next_u32: here:0
04-27 01:00:21.400 D/pskey_bt(  329): char:0, 0
04-27 01:00:21.400 D/pskey_bt(  329): char:0, 0
04-27 01:00:21.400 D/pskey_bt(  329): char:0, 0
04-27 01:00:21.400 D/pskey_bt(  329): char:0, 0
04-27 01:00:21.400 D/pskey_bt(  329): get_one_item(data) = 0x0
04-27 01:00:21.400 D/pskey_bt(  329): get_next_u32: here:0
04-27 01:00:21.400 D/pskey_bt(  329): get_one_item(data) = 0x0
04-27 01:00:21.400 D/pskey_bt(  329): get_next_u32: here:0
04-27 01:00:21.400 D/pskey_bt(  329): leave out tmp_buff=
04-27 01:00:21.400 D/pskey_bt(  329): parse pskey success, tmp_buff=0x19a6120
04-27 01:00:21.400 D/pskey_bt(  329): ret get pskey from file =0
04-27 01:00:21.400 D/pskey_bt(  329): data/btmac.txt does not exist 0 
04-27 01:00:21.500 D/pskey_bt(  329): tmp_mac:0065514deb0e
04-27 01:00:21.500 D/pskey_bt(  329): e  
04-27 01:00:21.500 D/pskey_bt(  329): eb  
04-27 01:00:21.500 D/pskey_bt(  329): 4d  
04-27 01:00:21.500 D/pskey_bt(  329): 51  
04-27 01:00:21.500 D/pskey_bt(  329): 65  
04-27 01:00:21.500 D/pskey_bt(  329): 0  
04-27 01:00:21.790 I/nsVolume(   84): nsVolume: sdcard state Mounted @ '/mnt/sdcard' gen 1 locked 0 fake 0 media 1 sharing 0 formatting 0
04-27 01:00:21.790 I/AutoMounter(   84): UpdateState: umsAvail:1 umsEnabled:1 mode:0 usbCablePluggedIn:1 tryToShare:0
04-27 01:00:21.790 I/AutoMounter(   84): UpdateState: Volume sdcard is Mounted and inserted @ /mnt/sdcard gen 1 locked 0 sharing n
04-27 01:00:21.790 I/AutoMounter(   84): UpdateState: umsAvail:1 umsEnabled:1 mode:0 usbCablePluggedIn:1 tryToShare:0
04-27 01:00:21.790 I/AutoMounter(   84): UpdateState: Volume sdcard is Mounted and inserted @ /mnt/sdcard gen 1 locked 0 sharing n
04-27 01:00:21.910 I/Gonk    (   84): RIL[0]: OnConnectSuccess
04-27 01:00:22.080 I/Gonk    (   84): RIL[1]: OnConnectSuccess
04-27 01:00:22.290 I/Gecko   (   84): 1398585622301	Marionette	DEBUG	accepted connection on 127.0.0.1:35580
04-27 01:00:22.600 E/bluedroid(   84): test bt_is_enabled
04-27 01:00:23.300 D/NetUtils(   84): failed to remove default route for wlan0: No such device
04-27 01:00:23.310 W/WifiHW  (   84): wifi_load_driver enter 262
04-27 01:00:23.310 W/WifiHW  (   84): DRIVER_MODULE_PATH= DRIVER_MODULE_ARG= 
04-27 01:00:23.310 W/WifiHW  (   84): driver insmod complete 
04-27 01:00:23.310 W/WifiHW  (   84): Driver() loaded succesffuly
04-27 01:00:23.660 W/WifiHW  (   87): wifi_change_fw_path: /system/lib/modules/itm_sta.ko
04-27 01:00:23.660 D/WifiHW  (   87): Unable to unload driver module "itm_ap.ko": No such file or directory
04-27 01:00:23.860 D/WifiHW  (   87): Unable to unload driver module "itm_sta.ko": No such file or directory
04-27 01:00:24.060 W/WifiHW  (   87): insmod filename=/system/lib/modules/itm_sta.ko args= 
04-27 01:00:24.460 V/AudioPolicyManagerBase(   91): setStreamVolumeIndex() stream 3, index 0
04-27 01:00:24.460 E/AudioPolicyManagerBase(   91): checkAndSetVolume stream=3, index=0, output=1, device=2
04-27 01:00:24.460 E/AudioPolicyManagerBase(   91): computeVolume, streamDesc=0x1b50bf0
04-27 01:00:24.460 V/AudioPolicyManagerBase(   91): setStreamVolume() for output 1 stream 3, volume 0.000000, delay 0
04-27 01:00:24.460 V/AudioPolicyManagerBase(   91): setStreamVolumeIndex() stream 1, index 0
04-27 01:00:24.460 E/AudioPolicyManagerBase(   91): checkAndSetVolume stream=1, index=0, output=1, device=2
04-27 01:00:24.460 E/AudioPolicyManagerBase(   91): computeVolume, streamDesc=0x1b50bb8
04-27 01:00:24.460 V/AudioPolicyManagerBase(   91): setStreamVolume() for output 1 stream 1, volume 0.000000, delay 0
04-27 01:00:24.470 V/AudioPolicyManagerBase(   91): setStreamVolumeIndex() stream 5, index 0
04-27 01:00:24.470 E/AudioPolicyManagerBase(   91): checkAndSetVolume stream=5, index=0, output=1, device=2
04-27 01:00:24.470 E/AudioPolicyManagerBase(   91): computeVolume, streamDesc=0x1b50c28
04-27 01:00:24.470 V/AudioPolicyManagerBase(   91): setStreamVolume() for output 1 stream 5, volume 0.000000, delay 0
04-27 01:00:24.470 V/AudioPolicyManagerBase(   91): setStreamVolumeIndex() stream 2, index 0
04-27 01:00:24.470 E/AudioPolicyManagerBase(   91): checkAndSetVolume stream=2, index=0, output=1, device=2
04-27 01:00:24.470 E/AudioPolicyManagerBase(   91): computeVolume, streamDesc=0x1b50bd4
04-27 01:00:24.470 V/AudioPolicyManagerBase(   91): setStreamVolume() for output 1 stream 2, volume 0.000000, delay 0
04-27 01:00:24.470 V/AudioPolicyManagerBase(   91): setStreamVolumeIndex() stream 4, index 15
04-27 01:00:24.470 E/AudioPolicyManagerBase(   91): checkAndSetVolume stream=4, index=15, output=1, device=2
04-27 01:00:24.470 E/AudioPolicyManagerBase(   91): computeVolume, streamDesc=0x1b50c0c
04-27 01:00:24.470 V/AudioPolicyManagerBase(   91): VOLUME vol index=[66 100 100], dB=[-10.2 0.0 0.0] ampl=1.00000
04-27 01:00:24.480 V/AudioPolicyManagerBase(   91): setStreamVolumeIndex() stream 0, index 5
04-27 01:00:24.480 E/AudioPolicyManagerBase(   91): checkAndSetVolume stream=0, index=5, output=1, device=2
04-27 01:00:24.480 E/AudioPolicyManagerBase(   91): computeVolume, streamDesc=0x1b50b9c
04-27 01:00:24.480 V/AudioPolicyManagerBase(   91): VOLUME vol index=[66 100 100], dB=[-17.0 0.0 0.0] ampl=1.00000
04-27 01:00:24.490 V/AudioPolicyManagerBase(   91): setStreamVolumeIndex() stream 6, index 15
04-27 01:00:24.490 V/AudioPolicyManagerBase(   91): checkAndSetVolume() cannot set stream 6 volume with force use = 0 for comm
04-27 01:00:24.670 I/Gecko   (   84): -*- RadioInterface[1]: _lastKnownHomeNetwork: 214-07
04-27 01:00:24.740 I/Gecko   (   84): -*- RadioInterface[0]: _lastKnownHomeNetwork: 310-410
04-27 01:00:25.150 E/Profiler(  347): BEGIN mozilla_sampler_init
04-27 01:00:25.150 E/Profiler(  347): BPUnw: [1 total] thread_register_for_profiling(me=0x40171488, stacktop=0xbed4d9b7)
04-27 01:00:25.150 E/Profiler(  347): SPS:
04-27 01:00:25.150 E/Profiler(  347): SPS: Unwind mode       = pseudo
04-27 01:00:25.150 E/Profiler(  347): SPS: Sampling interval = 0 ms (zero means "platform default")
04-27 01:00:25.150 E/Profiler(  347): SPS: Entry store size  = 0 (zero means "platform default")
04-27 01:00:25.150 E/Profiler(  347): SPS: UnwindStackScan   = 0 (max dubious frames per unwind).
04-27 01:00:25.150 E/Profiler(  347): SPS: Use env var MOZ_PROFILER_MODE=help for further information.
04-27 01:00:25.150 E/Profiler(  347): SPS:
04-27 01:00:25.150 E/Profiler(  347): Registering start signal
04-27 01:00:25.420 I/Gecko   (   84): -*- RadioInterface[0]: _lastKnownHomeNetwork: 310-410
04-27 01:00:25.630 I/VolumeManager(   84): SetSharingMode for volume sdcard to 1 canBeShared = 1
04-27 01:00:25.630 I/AutoMounter(   84): UpdateState: umsAvail:1 umsEnabled:1 mode:0 usbCablePluggedIn:1 tryToShare:0
04-27 01:00:25.630 I/AutoMounter(   84): UpdateState: Volume sdcard is Mounted and inserted @ /mnt/sdcard gen 1 locked 0 sharing y
04-27 01:00:25.690 E/GeckoConsole(  347): Could not read chrome manifest 'file:///system/b2g/chrome.manifest'.
04-27 01:00:26.000 I/Gecko   (   84): ###################################### forms.js loaded
04-27 01:00:26.030 I/Gecko   (   84): ############################### browserElementPanning.js loaded
04-27 01:00:26.120 I/Gecko   (   84): ######################## BrowserElementChildPreload.js loaded
04-27 01:00:26.210 I/Gecko   (   84): *** UTM:SVC TimerManager:registerTimer - id: user-agent-updates-timer
04-27 01:00:26.210 E/GeckoConsole(   84): UTM:SVC TimerManager:registerTimer - id: user-agent-updates-timer
04-27 01:00:26.490 E/Profiler(   84): BPUnw: [1 total] thread_unregister_for_profiling(me=0x13c0f48)  (NOT REGISTERED) 
04-27 01:00:26.810 I/GeckoDump(   84): Crash reporter : Can't fetch app.reportCrashes. Exception: [Exception... "Component returned failure code: 0x8000ffff (NS_ERROR_UNEXPECTED) [nsIPrefBranch.getBoolPref]"  nsresult: "0x8000ffff (NS_ERROR_UNEXPECTED)"  location: "JS frame :: chrome://browser/content/shell.js :: shell_reportCrash :: line 7"  data: no]
04-27 01:00:27.030 D/SoftapController(   87): Softap fwReload - Ok
04-27 01:00:27.040 E/BandwidthController(   87): No such iface wlan0 to delete
04-27 01:00:27.510 E/GeckoConsole(   84): [JavaScript Warning: "Error in parsing value for 'font-weight'.  Declaration dropped." {file: "app://system.gaiamobile.org/style/shrinking_ui/shrinking_ui.css" line: 9 column: 15 source: "  font-weight: medium;"}]
04-27 01:00:27.970 D/Sensors (   84): activate handle=0; drv=0
04-27 01:00:27.970 D/Sensors (   84): Lis3dhSensor: Control set 0
04-27 01:00:27.970 D/Sensors (   84): Lis3dhSensor: mEnabled = 0
04-27 01:00:27.970 I/Gecko   (   84): MobileConnection initialized
04-27 01:00:27.970 I/Gecko   (   84): MobileConnection initialized
04-27 01:00:28.530 I/Gecko   (   84): Attempting load of libEGL.so
04-27 01:00:28.570 D/libEGL  (   84): loaded /system/lib/egl/libEGL_mali.so
04-27 01:00:28.610 D/libEGL  (   84): loaded /system/lib/egl/libGLESv1_CM_mali.so
04-27 01:00:28.610 D/libEGL  (   84): loaded /system/lib/egl/libGLESv2_mali.so
04-27 01:00:28.630 I/HWComposer(   84): Creating new instance
04-27 01:00:28.630 E/HWComposer(   84): Failed to initialize hwc
04-27 01:00:28.700 E/GeckoConsole(   84): OpenGL compositor Initialized Succesfully.
04-27 01:00:28.700 E/GeckoConsole(   84): Version: OpenGL ES 2.0 Spreadtrum Build
04-27 01:00:28.700 E/GeckoConsole(   84): Vendor: ARM
04-27 01:00:28.700 E/GeckoConsole(   84): Renderer: Mali-300
04-27 01:00:28.700 E/GeckoConsole(   84): FBO Texture Target: TEXTURE_2D
04-27 01:00:29.320 I/Gonk    (   84): Setting nice for pid 363 to 18
04-27 01:00:29.320 I/Gonk    (   84): Changed nice for pid 363 from 0 to 18.
04-27 01:00:29.520 I/Gecko   (   84): 1398585629528	Marionette	DEBUG	accepted connection on 127.0.0.1:35581
04-27 01:00:29.620 E/WifiHW  (   84): Leo ensure_config_file_exists config_file=/data/misc/wifi/wpa_supplicant.conf
04-27 01:00:29.620 E/WifiHW  (   84): daemon_cmd=wpa_supplicant:-iwlan0 -c/data/misc/wifi/wpa_supplicant.conf
04-27 01:00:30.400 E/slog    (  317): handle_top_logdir: slog use external storage [17]
04-27 01:00:32.210 I/power   (   84): *** set_screen_state 1
04-27 01:00:32.210 D/Sensors (   84): activate handle=3; drv=1
04-27 01:00:32.210 D/Sensors (   84): SensorTMD2771::setEnable=0= en=1; newState=1; what=0; mEnabled=0
04-27 01:00:32.330 D/Sensors (   84): taos ---Light::TAOS_IOCTL_ALS_ON=== err=0
04-27 01:00:32.330 D/Sensors (   84): SensorTMD2771::setEnable=1= en=1; newState=1; what=0; mEnabled=1
04-27 01:00:32.330 D/Sensors (   84): SensorTMD2771::getEnable===mEnabled=0x1; enable=1
04-27 01:00:32.350 I/GeckoDump(   84): XXX FIXME : Got a mozContentEvent: nfc-hardware-state-change
04-27 01:00:32.400 I/Gecko   (   84): ############################### browserElementPanning.js loaded
04-27 01:00:32.440 I/Gecko   (   84): ######################## BrowserElementChildPreload.js loaded
04-27 01:00:32.470 I/GeckoDump(   84): XXX FIXME : Got a mozContentEvent: system-message-listener-ready
04-27 01:00:32.520 W/WifiHW  (   84): wifi_command: LOG_LEVEL
04-27 01:00:32.520 W/WifiHW  (   84): wifi_command: STATUS
04-27 01:00:32.820 D/Sensors (   84): SensorTMD2771::readEvents()======data_fd=53,count=16
04-27 01:00:32.820 D/Sensors (   84): SensorTMD2771::processEvent()=====code=40::value=1 
04-27 01:00:32.820 D/Sensors (   84): SensorTMD2771: mPendingEvents[Light].light = 1.000000
04-27 01:00:32.870 W/WifiHW  (   84): wifi_command: LIST_NETWORKS
04-27 01:00:32.870 W/WifiHW  (   84): wifi_command: DRIVER MACADDR
04-27 01:00:33.650 E/Profiler(   84): BPUnw: [1 total] thread_unregister_for_profiling(me=0x13c8648)  (NOT REGISTERED) 
04-27 01:00:33.760 I/Gecko   (   84): 1398585633767	Marionette	INFO	loaded marionette-listener.js
04-27 01:00:33.760 I/Gecko   (   84): 1398585633769	Marionette	INFO	sendToClient: {"from":"0","value":"3-b2g"}, {8a0964fa-996b-4cc9-8f21-13579a883565}, {8a0964fa-996b-4cc9-8f21-13579a883565}
04-27 01:00:33.780 W/WifiHW  (   84): wifi_command: GET_NETWORK 0 ssid
04-27 01:00:33.780 W/WifiHW  (   84): wifi_command: GET_NETWORK 0 bssid
04-27 01:00:33.780 W/WifiHW  (   84): wifi_command: GET_NETWORK 0 psk
04-27 01:00:33.780 W/WifiHW  (   84): wifi_command: GET_NETWORK 0 wep_key0
04-27 01:00:33.780 W/WifiHW  (   84): wifi_command: GET_NETWORK 0 wep_key1
04-27 01:00:33.780 W/WifiHW  (   84): wifi_command: GET_NETWORK 0 wep_key2
04-27 01:00:33.780 W/WifiHW  (   84): wifi_command: GET_NETWORK 0 wep_key3
04-27 01:00:33.780 W/WifiHW  (   84): wifi_command: GET_NETWORK 0 wep_tx_keyidx
04-27 01:00:33.780 W/WifiHW  (   84): wifi_command: GET_NETWORK 0 priority
04-27 01:00:33.780 W/WifiHW  (   84): wifi_command: GET_NETWORK 0 key_mgmt
04-27 01:00:33.780 W/WifiHW  (   84): wifi_command: GET_NETWORK 0 scan_ssid
04-27 01:00:33.780 W/WifiHW  (   84): wifi_command: GET_NETWORK 0 disabled
04-27 01:00:33.790 W/WifiHW  (   84): wifi_command: GET_NETWORK 0 identity
04-27 01:00:33.790 W/WifiHW  (   84): wifi_command: GET_NETWORK 0 password
04-27 01:00:33.790 W/WifiHW  (   84): wifi_command: GET_NETWORK 0 auth_alg
04-27 01:00:33.790 W/WifiHW  (   84): wifi_command: GET_NETWORK 0 phase1
04-27 01:00:33.800 W/WifiHW  (   84): wifi_command: GET_NETWORK 0 phase2
04-27 01:00:33.800 W/WifiHW  (   84): wifi_command: GET_NETWORK 0 eap
04-27 01:00:33.800 W/WifiHW  (   84): wifi_command: GET_NETWORK 0 pin
04-27 01:00:33.800 W/WifiHW  (   84): wifi_command: GET_NETWORK 0 pcsc
04-27 01:00:33.800 E/Profiler(   84): BPUnw: [1 total] thread_unregister_for_profiling(me=0x13c8688)  (NOT REGISTERED) 
04-27 01:00:33.920 E/GeckoConsole(   84): [JavaScript Warning: "Error in parsing value for 'padding'.  Declaration dropped." {file: "app://callscreen.gaiamobile.org/style/oncall.css" line: 280 column: 13 source: "    padding: none;"}]
04-27 01:00:34.130 I/Gecko   (   84): MobileConnection initialized
04-27 01:00:34.130 I/Gecko   (   84): MobileConnection initialized
04-27 01:00:34.230 W/WifiHW  (   84): wifi_command: ENABLE_NETWORK 0
04-27 01:00:34.230 W/WifiHW  (   84): wifi_command: AP_SCAN 1
04-27 01:00:34.460 V/AudioPolicyManagerBase(   91): getDeviceForStrategy() from cache strategy 0, device 2
04-27 01:00:34.460 V/AudioPolicyManagerBase(   91): getOutput() stream 3, samplingRate 0, format 0, channels 3, flags 0
04-27 01:00:34.500 W/WifiHW  (   84): wifi_command: SAVE_CONFIG
04-27 01:00:35.150 I/Gecko   (   84): 1398585635156	Marionette	INFO	sendToClient: {"from":"0","value":{"ELEMENT":"{36fa31ed-29d1-4925-b031-ddd94366878d}"}}, {3e7c9ff2-7b35-4768-a7fd-dfde3d67a9a3}, {3e7c9ff2-7b35-4768-a7fd-dfde3d67a9a3}
04-27 01:00:35.250 I/Gecko   (   84): 1398585635252	Marionette	INFO	sendToClient: {"from":"0","value":false}, {9ab728d5-e536-4621-a2ab-bb6f67343381}, {9ab728d5-e536-4621-a2ab-bb6f67343381}
04-27 01:00:35.420 I/Gecko   (   84): 1398585635428	Marionette	INFO	sendToClient: {"from":"0","value":{"ELEMENT":"{36fa31ed-29d1-4925-b031-ddd94366878d}"}}, {c63376d5-57b7-4389-ba95-c76a2a4760a0}, {c63376d5-57b7-4389-ba95-c76a2a4760a0}
04-27 01:00:35.560 I/Gecko   (   84): 1398585635568	Marionette	INFO	sendToClient: {"from":"0","value":false}, {a628984f-396a-4b33-b819-32c3eeb1b8e9}, {a628984f-396a-4b33-b819-32c3eeb1b8e9}
04-27 01:00:36.410 I/Gecko   (   84): 1398585636416	Marionette	INFO	sendToClient: {"from":"0","value":{"ELEMENT":"{36fa31ed-29d1-4925-b031-ddd94366878d}"}}, {f909bf30-5b40-4fa0-80ec-fced0cfdcf96}, {f909bf30-5b40-4fa0-80ec-fced0cfdcf96}
04-27 01:00:36.470 I/Gecko   (   84): 1398585636480	Marionette	INFO	sendToClient: {"from":"0","value":false}, {8f5afb49-47a3-4531-9f8b-73e09e978fa7}, {8f5afb49-47a3-4531-9f8b-73e09e978fa7}
04-27 01:00:36.610 I/Gecko   (   84): 1398585636619	Marionette	INFO	sendToClient: {"from":"0","value":{"ELEMENT":"{36fa31ed-29d1-4925-b031-ddd94366878d}"}}, {843a5d5e-a1d9-457e-a61e-2636b28ba40c}, {843a5d5e-a1d9-457e-a61e-2636b28ba40c}
04-27 01:00:36.660 I/Gecko   (   84): 1398585636669	Marionette	INFO	sendToClient: {"from":"0","value":false}, {a1ff393a-d51e-4dea-b2c4-7028f9d182d3}, {a1ff393a-d51e-4dea-b2c4-7028f9d182d3}
04-27 01:00:36.780 I/GeckoDump(   84): XXX FIXME : Got a mozContentEvent: accessibility-screenreader
04-27 01:00:36.830 I/GeckoDump(   84): XXX FIXME : Got a mozContentEvent: nfc-hardware-state-change
04-27 01:00:37.050 W/WifiHW  (   84): wifi_command: DRIVER SCAN-ACTIVE
04-27 01:00:37.460 W/WifiHW  (   84): wifi_command: SCAN
04-27 01:00:37.550 W/WifiHW  (   84): wifi_command: DRIVER SCAN-PASSIVE
04-27 01:00:37.550 I/Gecko   (   84): 1398585637556	Marionette	INFO	sendToClient: {"from":"0","value":{"ELEMENT":"{36fa31ed-29d1-4925-b031-ddd94366878d}"}}, {5741972d-5189-4fe8-afb0-ad19ff0aa72a}, {5741972d-5189-4fe8-afb0-ad19ff0aa72a}
04-27 01:00:37.880 I/Gecko   (   84): 1398585637891	Marionette	INFO	sendToClient: {"from":"0","value":true}, {434f8bbe-75ea-4160-96be-c339b5e40d26}, {434f8bbe-75ea-4160-96be-c339b5e40d26}
04-27 01:00:38.220 I/FMRadio (   84): FMRadio is initialized.
04-27 01:00:38.230 E/GeckoConsole(   84): Content JS ERROR at app://system.gaiamobile.org/js/telephony_settings.js:23 in set_vpm_error: Error setting voice privacy.
04-27 01:00:38.240 E/GeckoConsole(   84): Content JS ERROR at app://system.gaiamobile.org/js/telephony_settings.js:23 in set_vpm_error: Error setting voice privacy.
04-27 01:00:38.240 E/GeckoConsole(   84): Content JS ERROR at app://system.gaiamobile.org/js/telephony_settings.js:42 in set_vpm_error: Error roaming preference.
04-27 01:00:38.250 E/GeckoConsole(   84): Content JS ERROR at app://system.gaiamobile.org/js/telephony_settings.js:42 in set_vpm_error: Error roaming preference.
04-27 01:00:38.980 E/Profiler(   84): BPUnw: [1 total] thread_unregister_for_profiling(me=0x13c8708)  (NOT REGISTERED) 
04-27 01:00:39.250 W/WifiHW  (   84): wifi_command: SCAN_RESULTS
04-27 01:00:39.300 I/GeckoDump(   84): XXX FIXME : Got a mozContentEvent: inputmethod-update-layouts
04-27 01:00:39.400 I/Gecko   (   84): ############################### browserElementPanning.js loaded
04-27 01:00:39.470 I/Gecko   (   84): ######################## BrowserElementChildPreload.js loaded
04-27 01:00:39.580 I/GeckoDump(   84): XXX FIXME : Got a mozContentEvent: inputmethod-update-layouts
04-27 01:00:39.640 W/WifiHW  (   84): wifi_command: DRIVER SCAN-PASSIVE
04-27 01:00:40.340 W/WifiHW  (   84): wifi_command: GET_NETWORK 0 ssid
04-27 01:00:40.340 W/WifiHW  (   84): wifi_command: GET_NETWORK 0 bssid
04-27 01:00:40.340 W/WifiHW  (   84): wifi_command: GET_NETWORK 0 psk
04-27 01:00:40.350 W/WifiHW  (   84): wifi_command: GET_NETWORK 0 wep_key0
04-27 01:00:40.350 W/WifiHW  (   84): wifi_command: GET_NETWORK 0 wep_key1
04-27 01:00:40.360 W/WifiHW  (   84): wifi_command: GET_NETWORK 0 wep_key2
04-27 01:00:40.360 W/WifiHW  (   84): wifi_command: GET_NETWORK 0 wep_key3
04-27 01:00:40.360 W/WifiHW  (   84): wifi_command: GET_NETWORK 0 wep_tx_keyidx
04-27 01:00:40.360 W/WifiHW  (   84): wifi_command: GET_NETWORK 0 priority
04-27 01:00:40.360 W/WifiHW  (   84): wifi_command: GET_NETWORK 0 key_mgmt
04-27 01:00:40.360 W/WifiHW  (   84): wifi_command: GET_NETWORK 0 scan_ssid
04-27 01:00:40.360 W/WifiHW  (   84): wifi_command: GET_NETWORK 0 disabled
04-27 01:00:40.370 W/WifiHW  (   84): wifi_command: GET_NETWORK 0 identity
04-27 01:00:40.370 W/WifiHW  (   84): wifi_command: GET_NETWORK 0 password
04-27 01:00:40.370 W/WifiHW  (   84): wifi_command: GET_NETWORK 0 auth_alg
04-27 01:00:40.370 W/WifiHW  (   84): wifi_command: GET_NETWORK 0 phase1
04-27 01:00:40.370 W/WifiHW  (   84): wifi_command: GET_NETWORK 0 phase2
04-27 01:00:40.370 W/WifiHW  (   84): wifi_command: GET_NETWORK 0 eap
04-27 01:00:40.380 W/WifiHW  (   84): wifi_command: GET_NETWORK 0 pin
04-27 01:00:40.380 W/WifiHW  (   84): wifi_command: GET_NETWORK 0 pcsc
04-27 01:00:40.710 E/GeckoConsole(   84): [JavaScript Warning: "Error in parsing value for 'font-weight'.  Declaration dropped." {file: "app://keyboard.gaiamobile.org/style/keyboard.css" line: 133 column: 15 source: "  font-weight: medium;"}]
04-27 01:00:40.880 W/WifiHW  (   84): wifi_command: SIGNAL_POLL
04-27 01:00:40.880 W/WifiHW  (   84): wifi_command: GET_NETWORK 0 ssid
04-27 01:00:40.880 W/WifiHW  (   84): wifi_command: GET_NETWORK 0 bssid
04-27 01:00:40.880 W/WifiHW  (   84): wifi_command: GET_NETWORK 0 psk
04-27 01:00:40.880 W/WifiHW  (   84): wifi_command: GET_NETWORK 0 wep_key0
04-27 01:00:40.880 W/WifiHW  (   84): wifi_command: GET_NETWORK 0 wep_key1
04-27 01:00:40.880 W/WifiHW  (   84): wifi_command: GET_NETWORK 0 wep_key2
04-27 01:00:40.880 W/WifiHW  (   84): wifi_command: GET_NETWORK 0 wep_key3
04-27 01:00:40.880 W/WifiHW  (   84): wifi_command: GET_NETWORK 0 wep_tx_keyidx
04-27 01:00:40.880 W/WifiHW  (   84): wifi_command: GET_NETWORK 0 priority
04-27 01:00:40.880 W/WifiHW  (   84): wifi_command: GET_NETWORK 0 key_mgmt
04-27 01:00:40.880 W/WifiHW  (   84): wifi_command: GET_NETWORK 0 scan_ssid
04-27 01:00:40.880 W/WifiHW  (   84): wifi_command: GET_NETWORK 0 disabled
04-27 01:00:40.880 W/WifiHW  (   84): wifi_command: GET_NETWORK 0 identity
04-27 01:00:40.880 W/WifiHW  (   84): wifi_command: GET_NETWORK 0 password
04-27 01:00:40.880 W/WifiHW  (   84): wifi_command: GET_NETWORK 0 auth_alg
04-27 01:00:40.880 W/WifiHW  (   84): wifi_command: GET_NETWORK 0 phase1
04-27 01:00:40.880 W/WifiHW  (   84): wifi_command: GET_NETWORK 0 phase2
04-27 01:00:40.880 W/WifiHW  (   84): wifi_command: GET_NETWORK 0 eap
04-27 01:00:40.890 W/WifiHW  (   84): wifi_command: GET_NETWORK 0 pin
04-27 01:00:40.890 W/WifiHW  (   84): wifi_command: GET_NETWORK 0 pcsc
04-27 01:00:40.900 I/Gecko   (   84): 1398585640904	Marionette	INFO	sendToClient: {"from":"0","ok":true}, {bcef17e8-8274-472e-8e83-9a45d4937a3d}, {bcef17e8-8274-472e-8e83-9a45d4937a3d}
04-27 01:00:41.180 I/Gecko   (   84): 1398585641183	Marionette	DEBUG	Got request: switchToFrame, data: {"to":"0","sessionId":"3-b2g","name":"switchToFrame","parameters":{"id":null,"focus":true}}, id: {7f07f7d0-1dc8-4398-93b8-594df18c5d84}
04-27 01:00:41.250 I/Gecko   (   84): 1398585641253	Marionette	INFO	Switched to frame: {"frameValue":null}
04-27 01:00:41.400 I/Gecko   (   84): 1398585641411	Marionette	INFO	sendToClient: {"from":"0","ok":true}, {7f07f7d0-1dc8-4398-93b8-594df18c5d84}, {7f07f7d0-1dc8-4398-93b8-594df18c5d84}
04-27 01:00:41.480 I/Gecko   (   84): 1398585641483	Marionette	DEBUG	Got request: executeWithCallback, data: {"to":"0","sessionId":"3-b2g","name":"executeAsyncScript","parameters":{"specialPowers":false,"scriptTimeout":null,"newSandbox":true,"args":[],"filename":"gaia_test.py","script":"GaiaLockScreen.unlock()","line":810}}, id: {411997ca-412b-4ffc-bb93-b61e76511fe2}
04-27 01:00:41.520 E/Profiler(   84): BPUnw: [1 total] thread_unregister_for_profiling(me=0x13c01c8)  (NOT REGISTERED) 
04-27 01:00:41.580 I/Gonk    (   84): Setting nice for pid 363 to 18
04-27 01:00:41.580 I/Gonk    (   84): Changed nice for pid 363 from 18 to 18.
04-27 01:00:41.580 I/Gecko   (   84): [Parent 84] WARNING: waitpid failed pid:363 errno:10: file ../../../gecko/ipc/chromium/src/base/process_util_posix.cc, line 254
04-27 01:00:41.610 I/Gonk    (   84): Setting nice for pid 363 to 1
04-27 01:00:41.610 I/Gonk    (   84): Changed nice for pid 363 from 18 to 1.
04-27 01:00:41.920 I/Gecko   (   84): 1398585641922	Marionette	INFO	sendToClient: {"from":"0","value":{"passed":0,"failed":0,"failures":[]}}, {411997ca-412b-4ffc-bb93-b61e76511fe2}, {411997ca-412b-4ffc-bb93-b61e76511fe2}
04-27 01:00:42.020 I/GeckoDump(   84): FTU manifest cannot be found skipping.
04-27 01:00:42.080 I/Gecko   (   84): 1398585642091	Marionette	INFO	sendToClient: {"from":"0","ok":true}, {a72f62e8-3822-4d40-9a3d-227f7b8c44fc}, {a72f62e8-3822-4d40-9a3d-227f7b8c44fc}
04-27 01:00:42.260 I/Gecko   (   84): 1398585642265	Marionette	DEBUG	Got request: switchToFrame, data: {"to":"0","sessionId":"3-b2g","name":"switchToFrame","parameters":{"id":null,"focus":true}}, id: {a7c0f02f-0343-4c26-8ff2-9a8579210464}
04-27 01:00:42.300 I/Gecko   (   84): 1398585642303	Marionette	INFO	Switched to frame: {"frameValue":null}
04-27 01:00:42.690 E/[Gralloc-ERROR](   84): int gralloc_register_buffer(const gralloc_module_t*, const native_handle_t*):79 Unable to register handle 0x4677ac40 coming from different process: 84
04-27 01:00:42.700 E/[Gralloc-ERROR](   84): int gralloc_register_buffer(const gralloc_module_t*, const native_handle_t*):79 Unable to register handle 0x469ff240 coming from different process: 84
04-27 01:00:42.890 E/[Gralloc-ERROR](   84): int gralloc_register_buffer(const gralloc_module_t*, const native_handle_t*):79 Unable to register handle 0x47611d30 coming from different process: 84
04-27 01:00:42.890 E/[Gralloc-ERROR](   84): int gralloc_register_buffer(const gralloc_module_t*, const native_handle_t*):79 Unable to register handle 0x47611dd0 coming from different process: 84
04-27 01:00:42.970 I/GeckoDump(   84): XXX FIXME : Got a mozContentEvent: nfc-hardware-state-change
04-27 01:00:43.000 I/GeckoDump(   84): XXX FIXME : Got a mozContentEvent: nfc-hardware-state-change
04-27 01:00:43.210 I/Gecko   (   84): 1398585643218	Marionette	INFO	sendToClient: {"from":"0","ok":true}, {a7c0f02f-0343-4c26-8ff2-9a8579210464}, {a7c0f02f-0343-4c26-8ff2-9a8579210464}
04-27 01:00:43.380 I/Gecko   (   84): 1398585643383	Marionette	DEBUG	Got request: executeWithCallback, data: {"to":"0","sessionId":"3-b2g","name":"executeAsyncScript","parameters":{"specialPowers":false,"scriptTimeout":60000,"newSandbox":true,"args":[],"filename":"app_checker.py","script":"\n        GaiaApps.locateWithManifestURL('https://marketplace.firefox.com/app/a3067976-4470-4d9d-a500-98e36cffc597/manifest.webapp',\n                                       null,\n                                       function uninstall(app) {\n                                       navigator.mozApps.mgmt.uninstall(app);\n                                       marionetteScriptFinished(true);\n                                       });\n        ","line":129}}, id: {c0c7594b-7d26-4c4d-adf7-46d72496fc46}
04-27 01:00:43.540 I/Gecko   (   84): -- webapps.js uninstall https://marketplace.firefox.com/app/a3067976-4470-4d9d-a500-98e36cffc597/manifest.webapp
04-27 01:00:43.760 I/Gecko   (   84): 1398585643770	Marionette	INFO	sendToClient: {"from":"0","value":true}, {c0c7594b-7d26-4c4d-adf7-46d72496fc46}, {c0c7594b-7d26-4c4d-adf7-46d72496fc46}
04-27 01:00:43.770 E/[Gralloc-ERROR](   84): int gralloc_unregister_buffer(const gralloc_module_t*, const native_handle_t*):274 Trying to unregister buffer 0x469ff240 from process 84 that was not created in current process: 84
04-27 01:00:43.770 E/[Gralloc-ERROR](   84): int gralloc_unregister_buffer(const gralloc_module_t*, const native_handle_t*):274 Trying to unregister buffer 0x4677ac40 from process 84 that was not created in current process: 84
04-27 01:00:43.770 E/[Gralloc-ERROR](   84): int gralloc_unregister_buffer(const gralloc_module_t*, const native_handle_t*):274 Trying to unregister buffer 0x47611dd0 from process 84 that was not created in current process: 84
04-27 01:00:43.770 E/[Gralloc-ERROR](   84): int gralloc_unregister_buffer(const gralloc_module_t*, const native_handle_t*):274 Trying to unregister buffer 0x47611d30 from process 84 that was not created in current process: 84