--------- beginning of /dev/log/main
04-25 23:26:34.770 I/Gecko   (   84): 1398493594778	Marionette	INFO	sendToClient: {"from":"0","ok":true}, {fd63159d-57da-4067-8958-85bab4b8d92c}, {fd63159d-57da-4067-8958-85bab4b8d92c}
04-25 23:26:34.810 I/Gecko   (   84): 1398493594816	Marionette	DEBUG	Got request: switchToFrame, data: {"to":"0","sessionId":"3-b2g","name":"switchToFrame","parameters":{"id":null,"focus":true}}, id: {98bc8fac-fe54-43ce-809a-6cf820cbfb7a}
04-25 23:26:34.810 I/Gecko   (   84): 1398493594818	Marionette	INFO	Switched to frame: {"frameValue":null}
04-25 23:26:34.920 I/Gecko   (   84): 1398493594926	Marionette	INFO	sendToClient: {"from":"0","ok":true}, {98bc8fac-fe54-43ce-809a-6cf820cbfb7a}, {98bc8fac-fe54-43ce-809a-6cf820cbfb7a}
04-25 23:26:34.930 I/Gecko   (   84): 1398493594933	Marionette	DEBUG	Got request: executeWithCallback, data: {"to":"0","sessionId":"3-b2g","name":"executeAsyncScript","parameters":{"specialPowers":false,"scriptTimeout":null,"newSandbox":true,"args":[],"filename":"gaia_test.py","script":"return GaiaApps.displayedApp();","line":66}}, id: {30805ca8-2abd-4367-9f38-9c2a8c96c453}
04-25 23:26:35.020 I/Gecko   (   84): 1398493595030	Marionette	INFO	sendToClient: {"from":"0","value":{"frame":{"ELEMENT":"{c1f734df-b7c6-4c2b-816f-bbf69482ef22}"},"src":"app://homescreen.gaiamobile.org/index.html#root","name":"Homescreen","origin":"app://homescreen.gaiamobile.org"}}, {30805ca8-2abd-4367-9f38-9c2a8c96c453}, {30805ca8-2abd-4367-9f38-9c2a8c96c453}
04-25 23:26:35.020 E/GeckoConsole(   84): Content JS LOG at dummy file:392 in GaiaApps.displayedApp: app with origin 'app://homescreen.gaiamobile.org' is displayed
04-25 23:26:35.050 I/Gecko   (   84): 1398493595055	Marionette	DEBUG	Got request: switchToFrame, data: {"to":"0","sessionId":"3-b2g","name":"switchToFrame","parameters":{"id":null,"focus":true}}, id: {1e52ed38-ce69-41ed-884e-6e225fb8e49e}
04-25 23:26:35.050 I/Gecko   (   84): 1398493595057	Marionette	INFO	Switched to frame: {"frameValue":null}
04-25 23:26:35.150 I/Gecko   (   84): 1398493595159	Marionette	INFO	sendToClient: {"from":"0","ok":true}, {1e52ed38-ce69-41ed-884e-6e225fb8e49e}, {1e52ed38-ce69-41ed-884e-6e225fb8e49e}
04-25 23:26:35.160 I/Gecko   (   84): 1398493595168	Marionette	DEBUG	Got request: switchToFrame, data: {"to":"0","sessionId":"3-b2g","name":"switchToFrame","parameters":{"id":null,"focus":true}}, id: {1ec6ccac-70ff-40ae-985e-3a80bb42a88f}
04-25 23:26:35.170 I/Gecko   (   84): 1398493595173	Marionette	INFO	Switched to frame: {"frameValue":null}
04-25 23:26:35.270 I/Gecko   (   84): 1398493595277	Marionette	INFO	sendToClient: {"from":"0","ok":true}, {1ec6ccac-70ff-40ae-985e-3a80bb42a88f}, {1ec6ccac-70ff-40ae-985e-3a80bb42a88f}
04-25 23:26:35.280 I/Gecko   (   84): 1398493595284	Marionette	DEBUG	Got request: executeWithCallback, data: {"to":"0","sessionId":"3-b2g","name":"executeAsyncScript","parameters":{"specialPowers":false,"scriptTimeout":null,"newSandbox":true,"args":[],"filename":"gaia_test.py","script":"return GaiaApps.displayedApp();","line":66}}, id: {ad8b9b11-b2ce-45bc-9919-2d562752df83}
04-25 23:26:35.340 I/Gecko   (   84): 1398493595351	Marionette	INFO	sendToClient: {"from":"0","value":{"frame":{"ELEMENT":"{c1f734df-b7c6-4c2b-816f-bbf69482ef22}"},"src":"app://homescreen.gaiamobile.org/index.html#root","name":"Homescreen","origin":"app://homescreen.gaiamobile.org"}}, {ad8b9b11-b2ce-45bc-9919-2d562752df83}, {ad8b9b11-b2ce-45bc-9919-2d562752df83}
04-25 23:26:35.360 E/GeckoConsole(   84): Content JS LOG at dummy file:392 in GaiaApps.displayedApp: app with origin 'app://homescreen.gaiamobile.org' is displayed
04-25 23:26:35.360 E/GeckoConsole( 3275): Content JS ERROR at app://homescreen.gaiamobile.org/gaia_build_defer_index.js:390 in loadSVConfFileError: Failed parsing singleVariant configuration file [js/singlevariantconf.json]:  [Exception... "File error: Not found"  nsresult: "0x80520012 (NS_ERROR_FILE_NOT_FOUND)"  location: "JS frame :: app://homescreen.gaiamobile.org/gaia_build_defer_index.js :: loadFile :: line 382"  data: no]
04-25 23:26:35.380 I/Gecko   (   84): 1398493595390	Marionette	DEBUG	Got request: switchToFrame, data: {"to":"0","sessionId":"3-b2g","name":"switchToFrame","parameters":{"focus":true,"element":"{c1f734df-b7c6-4c2b-816f-bbf69482ef22}"}}, id: {b101151f-fe2a-4a88-9dc9-b06a8bb40a7f}
04-25 23:26:35.390 I/Gecko   (   84): 1398493595398	Marionette	INFO	Switched to frame: {"frameValue":"{c1f734df-b7c6-4c2b-816f-bbf69482ef22}"}
04-25 23:26:35.400 I/Gecko   (   84): 1398493595409	Marionette	INFO	trying remote frame 0
04-25 23:26:35.410 I/Gecko   (   84): 1398493595421	Marionette	INFO	trying remote frame 1
04-25 23:26:35.420 I/Gecko   (   84): 1398493595429	Marionette	INFO	trying remote frame 2
04-25 23:26:35.420 I/Gecko   (   84): 1398493595430	Marionette	INFO	trying remote frame 3
04-25 23:26:35.420 I/Gecko   (   84): 1398493595430	Marionette	INFO	deleting frame
04-25 23:26:35.440 I/Gecko   (   84): 1398493595443	Marionette	INFO	frame-manager load script: [object ChromeMessageSender]
04-25 23:26:35.760 I/Gecko   (   84): 1398493595764	Marionette	INFO	sendToClient: {"from":"0","ok":true}, {b101151f-fe2a-4a88-9dc9-b06a8bb40a7f}, {b101151f-fe2a-4a88-9dc9-b06a8bb40a7f}
04-25 23:26:35.860 I/Gecko   (   84): 1398493595872	Marionette	INFO	sendToClient: {"from":"0","value":{"ELEMENT":"{9ac10b25-9c57-4bba-af0c-e587556d8b23}"}}, {63ea46ef-ab0c-41ea-94d1-451593af7b60}, {63ea46ef-ab0c-41ea-94d1-451593af7b60}
04-25 23:26:36.060 E/GeckoConsole( 3275): [JavaScript Warning: "Use of getAttributeNode() is deprecated. Use getAttribute() instead." {file: "chrome://marionette/content/atoms.js" line: 25}]
04-25 23:26:36.070 E/GeckoConsole( 3275): [JavaScript Warning: "Use of attributes' specified attribute is deprecated. It always returns true." {file: "chrome://marionette/content/atoms.js" line: 25}]
04-25 23:26:36.070 I/Gecko   (   84): 1398493596077	Marionette	INFO	sendToClient: {"from":"0","value":"normal"}, {61cd8681-89a4-4f10-8100-5653adb7cdc7}, {61cd8681-89a4-4f10-8100-5653adb7cdc7}
04-25 23:26:36.080 I/Gecko   (   84): 1398493596084	Marionette	DEBUG	Got request: switchToFrame, data: {"to":"0","sessionId":"3-b2g","name":"switchToFrame","parameters":{"id":null,"focus":true}}, id: {ca4c265d-9686-4f0f-8cea-4b08bd0dace7}
04-25 23:26:36.090 I/Gecko   (   84): 1398493596094	Marionette	INFO	Switched to frame: {"frameValue":null}
04-25 23:26:36.200 I/Gecko   (   84): 1398493596207	Marionette	INFO	sendToClient: {"from":"0","ok":true}, {ca4c265d-9686-4f0f-8cea-4b08bd0dace7}, {ca4c265d-9686-4f0f-8cea-4b08bd0dace7}
04-25 23:26:36.220 I/Gecko   (   84): 1398493596223	Marionette	DEBUG	Got request: execute, data: {"to":"0","sessionId":"3-b2g","name":"executeScript","parameters":{"specialPowers":false,"scriptTimeout":null,"newSandbox":true,"args":[],"filename":"gaia_test.py","script":"window.wrappedJSObject.dispatchEvent(new Event('home'));","line":788}}, id: {4287343e-868e-4806-9c87-14c2d434dafa}
04-25 23:26:36.290 I/Gecko   (   84): 1398493596293	Marionette	INFO	sendToClient: {"from":"0","value":null}, {4287343e-868e-4806-9c87-14c2d434dafa}, {4287343e-868e-4806-9c87-14c2d434dafa}
04-25 23:26:36.320 I/Gecko   (   84): 1398493596324	Marionette	DEBUG	Got request: switchToFrame, data: {"to":"0","sessionId":"3-b2g","name":"switchToFrame","parameters":{"id":null,"focus":true}}, id: {59229f70-6d79-4ec0-bf6d-c2d13aa446ff}
04-25 23:26:36.320 I/Gecko   (   84): 1398493596326	Marionette	INFO	Switched to frame: {"frameValue":null}
04-25 23:26:36.430 I/Gecko   (   84): 1398493596441	Marionette	INFO	sendToClient: {"from":"0","ok":true}, {59229f70-6d79-4ec0-bf6d-c2d13aa446ff}, {59229f70-6d79-4ec0-bf6d-c2d13aa446ff}
04-25 23:26:36.450 I/Gecko   (   84): 1398493596458	Marionette	DEBUG	Got request: switchToFrame, data: {"to":"0","sessionId":"3-b2g","name":"switchToFrame","parameters":{"id":null,"focus":true}}, id: {aa37b5c0-68d6-4ca8-be86-d3c2991204b5}
04-25 23:26:36.450 I/Gecko   (   84): 1398493596460	Marionette	INFO	Switched to frame: {"frameValue":null}
04-25 23:26:36.550 I/Gecko   (   84): 1398493596562	Marionette	INFO	sendToClient: {"from":"0","ok":true}, {aa37b5c0-68d6-4ca8-be86-d3c2991204b5}, {aa37b5c0-68d6-4ca8-be86-d3c2991204b5}
04-25 23:26:36.560 I/Gecko   (   84): 1398493596568	Marionette	DEBUG	Got request: executeWithCallback, data: {"to":"0","sessionId":"3-b2g","name":"executeAsyncScript","parameters":{"specialPowers":false,"scriptTimeout":null,"newSandbox":true,"args":[],"filename":"gaia_test.py","script":"return GaiaApps.displayedApp();","line":66}}, id: {164fee34-d2ed-42db-b6fe-06eabfebe97f}
04-25 23:26:36.640 E/GeckoConsole(   84): Content JS LOG at dummy file:392 in GaiaApps.displayedApp: app with origin 'app://homescreen.gaiamobile.org' is displayed
04-25 23:26:36.640 I/Gecko   (   84): 1398493596651	Marionette	INFO	sendToClient: {"from":"0","value":{"frame":{"ELEMENT":"{c1f734df-b7c6-4c2b-816f-bbf69482ef22}"},"src":"app://homescreen.gaiamobile.org/index.html#rootFri%20Apr%2025%202014%2023:26:36%20GMT-0700%20(UTC)","name":"Homescreen","origin":"app://homescreen.gaiamobile.org"}}, {164fee34-d2ed-42db-b6fe-06eabfebe97f}, {164fee34-d2ed-42db-b6fe-06eabfebe97f}
04-25 23:26:36.650 I/Gecko   (   84): 1398493596658	Marionette	DEBUG	Got request: switchToFrame, data: {"to":"0","sessionId":"3-b2g","name":"switchToFrame","parameters":{"focus":true,"element":"{c1f734df-b7c6-4c2b-816f-bbf69482ef22}"}}, id: {83e60629-2cf2-4c79-b286-1215658d4150}
04-25 23:26:36.660 I/Gecko   (   84): 1398493596668	Marionette	INFO	Switched to frame: {"frameValue":"{c1f734df-b7c6-4c2b-816f-bbf69482ef22}"}
04-25 23:26:36.670 I/Gecko   (   84): 1398493596675	Marionette	INFO	trying remote frame 0
04-25 23:26:36.670 I/Gecko   (   84): 1398493596676	Marionette	INFO	trying remote frame 1
04-25 23:26:36.670 I/Gecko   (   84): 1398493596677	Marionette	INFO	trying remote frame 2
04-25 23:26:36.670 I/Gecko   (   84): 1398493596678	Marionette	INFO	trying remote frame 3
04-25 23:26:36.740 I/Gecko   (   84): 1398493596749	Marionette	INFO	sendToClient: {"from":"0","ok":true}, {83e60629-2cf2-4c79-b286-1215658d4150}, {83e60629-2cf2-4c79-b286-1215658d4150}
04-25 23:26:36.750 I/Gecko   (   84): 1398493596756	Marionette	DEBUG	Got request: execute, data: {"to":"0","sessionId":"3-b2g","name":"executeScript","parameters":{"specialPowers":false,"scriptTimeout":null,"newSandbox":true,"args":[],"filename":"gaia_test.py","script":"return window.wrappedJSObject.GridManager.pageHelper.getCurrentPageNumber();","line":784}}, id: {a0d48e1a-c2e1-4ce3-be2b-2ed32d9fcb1a}
04-25 23:26:37.110 I/Gecko   (   84): 1398493597114	Marionette	INFO	sendToClient: {"from":"0","value":0}, {a0d48e1a-c2e1-4ce3-be2b-2ed32d9fcb1a}, {a0d48e1a-c2e1-4ce3-be2b-2ed32d9fcb1a}
04-25 23:26:37.470 W/WifiHW  (   84): wifi_command: SIGNAL_POLL
04-25 23:26:37.610 I/Gecko   (   84): 1398493597614	Marionette	INFO	sendToClient: {"from":"0","value":["{3e76d0f3-4275-44b6-8394-b95fbf8226c2}","{3a268ab9-417a-4b4f-9871-37c58272f91d}","{7a0e661b-4e79-40dc-aa00-6f867b8e95f9}","{63b98721-a5e3-4a35-8337-e29cc9d4a886}","{41292ca8-c7dc-46b1-9f21-840db7a48c95}","{54a446b0-a1e8-4521-be2f-4e48de3d1bba}","{2a4b89d3-867b-497c-b655-25d5dfd21be1}","{87a49d1e-06f9-44bb-b20e-0934f33ccc41}","{b0cdd613-0559-4ae3-8506-d688b5bd8ff3}","{7caa5b32-fe68-48f9-ba38-2048f05b1cf1}","{a487cdc1-9205-4d58-a6fc-4cac92604bec}","{c951374b-dc1a-4069-9b5d-d79d7544e355}","{1b5bc1a5-4307-4098-8d99-b4bdd508db40}","{25504214-f1e6-45ec-b606-aa7de0eb5d2e}","{29a12d14-c5b6-4339-a1c2-cc3a92f1787b}","{dad3f60b-f377-4e69-ac22-93b993af0944}","{ea41d804-a92e-475c-a1e7-5e2c4b954c62}","{63816f36-a1a1-4ac7-97f5-ffdc61a43b8e}","{8caabfdb-6623-464e-aebe-736d8f506f19}","{ab3eedba-4971-4f59-8ea9-feb2efba9443}","{c80a09d6-37a1-4a15-8167-c11384dee07e}","{95e6c7f2-f6a4-4961-abc5-0d4737b105bf}","{afd95f5e-92bf-4992-aa0d-b73c5846f7df}","{8054f6dc-a63b
04-25 23:26:37.880 I/Gecko   (   84): 1398493597884	Marionette	INFO	sendToClient: {"from":"0","value":"app://homescreen.gaiamobile.org/index.html#rootFri%20Apr%2025%202014%2023:26:36%20GMT-0700%20(UTC)"}, {45d10dc9-4c3c-4daf-b927-0496596cbf8e}, {45d10dc9-4c3c-4daf-b927-0496596cbf8e}
04-25 23:26:37.950 I/Gecko   (   84): 1398493597959	Marionette	DEBUG	Got request: switchToFrame, data: {"to":"0","sessionId":"3-b2g","name":"switchToFrame","parameters":{"id":null,"focus":true}}, id: {930ab748-1580-473c-980d-dfe28c97f5d8}
04-25 23:26:37.970 I/Gecko   (   84): 1398493597982	Marionette	INFO	Switched to frame: {"frameValue":null}
04-25 23:26:38.150 I/Gecko   (   84): 1398493598162	Marionette	INFO	sendToClient: {"from":"0","ok":true}, {930ab748-1580-473c-980d-dfe28c97f5d8}, {930ab748-1580-473c-980d-dfe28c97f5d8}
04-25 23:26:38.200 I/Gecko   (   84): 1398493598210	Marionette	DEBUG	Got request: switchToFrame, data: {"to":"0","sessionId":"3-b2g","name":"switchToFrame","parameters":{"id":null,"focus":true}}, id: {29b70112-82ec-4d3a-94f2-0723c211128d}
04-25 23:26:38.220 I/Gecko   (   84): 1398493598226	Marionette	INFO	Switched to frame: {"frameValue":null}
04-25 23:26:38.290 V/AudioPolicyManagerBase(   91): startOutput() output 1, stream 1, session 10
04-25 23:26:38.290 V/AudioPolicyManagerBase(   91): changeRefCount() stream 1, count 1
04-25 23:26:38.290 V/AudioPolicyManagerBase(   91): getDeviceForStrategy() from cache strategy 0, device 2
04-25 23:26:38.290 V/AudioPolicyManagerBase(   91): getNewDevice() selected device 2
04-25 23:26:38.290 D/AudioPolicyManagerBase(   91): setOutputDevice() output 1 device 2 delayMs 0
04-25 23:26:38.290 V/AudioPolicyManagerBase(   91): setOutputDevice() setting same device 2 or null device for output 1
04-25 23:26:38.290 E/AudioPolicyManagerBase(   91): checkAndSetVolume stream=1, index=0, output=1, device=2
04-25 23:26:38.290 E/AudioPolicyManagerBase(   91): computeVolume, streamDesc=0x13eebb8
04-25 23:26:38.320 W/AudioFlinger(   91): Thread AudioOut_1 cannot connect to the power manager service
04-25 23:26:38.330 I/Gecko   (   84): 1398493598335	Marionette	INFO	sendToClient: {"from":"0","ok":true}, {29b70112-82ec-4d3a-94f2-0723c211128d}, {29b70112-82ec-4d3a-94f2-0723c211128d}
04-25 23:26:38.330 V/AudioPolicyManagerBase(   91): stopOutput() output 1, stream 1, session 10
04-25 23:26:38.330 V/AudioPolicyManagerBase(   91): changeRefCount() stream 1, count 0
04-25 23:26:38.330 V/AudioPolicyManagerBase(   91): getNewDevice() selected device 0
04-25 23:26:38.330 D/AudioPolicyManagerBase(   91): setOutputDevice() output 1 device 0 delayMs 290
04-25 23:26:38.330 V/AudioPolicyManagerBase(   91): setOutputDevice() setting same device 0 or null device for output 1
04-25 23:26:38.340 I/Gecko   (   84): 1398493598343	Marionette	DEBUG	Got request: executeWithCallback, data: {"to":"0","sessionId":"3-b2g","name":"executeAsyncScript","parameters":{"specialPowers":false,"scriptTimeout":30000,"newSandbox":true,"args":[],"filename":"app_checker.py","script":"GaiaApps.launchWithManifestURL('https://marketplace.firefox.com/app/b85de837-f5c2-4606-b3e9-5d5c38dc016b/manifest.webapp')","line":106}}, id: {2da6be4a-2e27-4bc3-b7b8-9e7d1505d6ce}
04-25 23:26:38.360 V/AudioPolicyManagerBase(   91): startOutput() output 1, stream 1, session 10
04-25 23:26:38.360 V/AudioPolicyManagerBase(   91): changeRefCount() stream 1, count 1
04-25 23:26:38.360 V/AudioPolicyManagerBase(   91): getDeviceForStrategy() from cache strategy 0, device 2
04-25 23:26:38.360 V/AudioPolicyManagerBase(   91): getNewDevice() selected device 2
04-25 23:26:38.360 D/AudioPolicyManagerBase(   91): setOutputDevice() output 1 device 2 delayMs 0
04-25 23:26:38.360 V/AudioPolicyManagerBase(   91): setOutputDevice() setting same device 2 or null device for output 1
04-25 23:26:38.360 E/AudioPolicyManagerBase(   91): checkAndSetVolume stream=1, index=0, output=1, device=2
04-25 23:26:38.360 E/AudioPolicyManagerBase(   91): computeVolume, streamDesc=0x13eebb8
04-25 23:26:38.360 V/AudioPolicyManagerBase(   91): stopOutput() output 1, stream 1, session 10
04-25 23:26:38.360 V/AudioPolicyManagerBase(   91): changeRefCount() stream 1, count 0
04-25 23:26:38.360 V/AudioPolicyManagerBase(   91): getNewDevice() selected device 0
04-25 23:26:38.360 D/AudioPolicyManagerBase(   91): setOutputDevice() output 1 device 0 delayMs 290
04-25 23:26:38.360 V/AudioPolicyManagerBase(   91): setOutputDevice() setting same device 0 or null device for output 1
04-25 23:26:38.370 V/AudioPolicyManagerBase(   91): releaseOutput() 1
04-25 23:26:38.890 I/Gonk    (   84): Setting nice for pid 3291 to 18
04-25 23:26:38.890 I/Gonk    (   84): Changed nice for pid 3291 from 18 to 18.
04-25 23:26:38.890 I/Gecko   (   84): [Parent 84] WARNING: waitpid failed pid:3291 errno:10: file ../../../gecko/ipc/chromium/src/base/process_util_posix.cc, line 254
04-25 23:26:38.940 I/Gonk    (   84): Setting nice for pid 3291 to 1
04-25 23:26:38.940 I/Gonk    (   84): Changed nice for pid 3291 from 18 to 1.
04-25 23:26:38.990 E/GeckoConsole(   84): Content JS LOG at dummy file:334 in GaiaApps.launch: launching app with name 'Wifislax'
04-25 23:26:39.340 E/[Gralloc-ERROR](   84): int gralloc_register_buffer(const gralloc_module_t*, const native_handle_t*):79 Unable to register handle 0x45e9fec0 coming from different process: 84
04-25 23:26:39.340 E/[Gralloc-ERROR](   84): int gralloc_register_buffer(const gralloc_module_t*, const native_handle_t*):79 Unable to register handle 0x45eb4060 coming from different process: 84
04-25 23:26:39.450 D/Sensors (   84): activate handle=0; drv=0
04-25 23:26:39.470 D/Sensors (   84): Lis3dhSensor: Control set 1
04-25 23:26:39.470 D/Sensors (   84): Lis3dhSensor: mEnabled = 1
04-25 23:26:39.510 I/Gonk    (   84): Setting nice for pid 3275 to 18
04-25 23:26:39.510 I/Gonk    (   84): Changed nice for pid 3275 from 1 to 18.
04-25 23:26:40.150 I/Gecko   (   84): 
04-25 23:26:40.150 I/Gecko   (   84): ###!!! [Parent][MessageChannel] Error: Channel error: cannot send/recv
04-25 23:26:40.150 I/Gecko   (   84): 
04-25 23:26:40.240 I/Gecko   (   84): [Parent 84] WARNING: waitpid failed pid:3275 errno:10: file ../../../gecko/ipc/chromium/src/base/process_util_posix.cc, line 254
04-25 23:26:40.400 I/Gecko   ( 3291): ###################################### forms.js loaded
04-25 23:26:40.420 I/Gecko   ( 3291): ############################### browserElementPanning.js loaded
04-25 23:26:40.430 I/Gecko   ( 3291): ######################## BrowserElementChildPreload.js loaded
04-25 23:26:40.840 E/GeckoConsole( 3291): [JavaScript Warning: "Unknown property '-moz-border-radius'.  Declaration dropped." {file: "app://{03e1e97c-27ed-4072-8cca-800749569a4a}/css/main.css" line: 2 column: 107 source: ".example{background:#FFF;width:825px;border:1px #000 solid;margin:20px auto;padding:15px;-moz-border-radius: 3px;-webkit-border-radius: 3px}"}]
04-25 23:26:40.840 E/GeckoConsole( 3291): [JavaScript Warning: "Error in parsing value for 'background'.  Declaration dropped." {file: "app://{03e1e97c-27ed-4072-8cca-800749569a4a}/css/main.css" line: 19 column: 16 source: "    background: -webkit-gradient(linear, left top, left bottom, color-stop(0%,#555555), color-stop(100%,#444444)); /* Chrome,Safari4+ */"}]
04-25 23:26:40.840 E/GeckoConsole( 3291): [JavaScript Warning: "Error in parsing value for 'background'.  Declaration dropped." {file: "app://{03e1e97c-27ed-4072-8cca-800749569a4a}/css/main.css" line: 20 column: 16 source: "    background: -webkit-linear-gradient(top, #555555 0%,#444444 100%); /* Chrome10+,Safari5.1+ */"}]
04-25 23:26:40.840 E/GeckoConsole( 3291): [JavaScript Warning: "Error in parsing value for 'background'.  Declaration dropped." {file: "app://{03e1e97c-27ed-4072-8cca-800749569a4a}/css/main.css" line: 21 column: 16 source: "    background: -o-linear-gradient(top, #555555 0%,#444444 100%); /* Opera11.10+ */"}]
04-25 23:26:40.840 E/GeckoConsole( 3291): [JavaScript Warning: "Error in parsing value for 'background'.  Declaration dropped." {file: "app://{03e1e97c-27ed-4072-8cca-800749569a4a}/css/main.css" line: 22 column: 16 source: "    background: -ms-linear-gradient(top, #555555 0%,#444444 100%); /* IE10+ */"}]
04-25 23:26:40.840 E/GeckoConsole( 3291): [JavaScript Warning: "Expected 'none' or URL but found 'progid'.  Error in parsing value for 'filter'.  Declaration dropped." {file: "app://{03e1e97c-27ed-4072-8cca-800749569a4a}/css/main.css" line: 23 column: 12 source: "    filter: progid:DXImageTransform.Microsoft.gradient( startColorstr='#555555', endColorstr='#444444',GradientType=0 ); /* IE6-9 */"}]
04-25 23:26:40.840 E/GeckoConsole( 3291): [JavaScript Warning: "Expected color but found 'top'.  Error in parsing value for 'background'.  Declaration dropped." {file: "app://{03e1e97c-27ed-4072-8cca-800749569a4a}/css/main.css" line: 24 column: 32 source: "    background: linear-gradient(top, #555555 0%,#444444 100%); /* W3C */"}]
04-25 23:26:40.860 E/GeckoConsole( 3291): [JavaScript Error: "The character encoding of the HTML document was not declared. The document will render with garbled text in some browser configurations if the document contains characters from outside the US-ASCII range. The character encoding of the page must be declared in the document or in the transfer protocol." {file: "app://{03e1e97c-27ed-4072-8cca-800749569a4a}/index.html" line: 0}]
04-25 23:26:41.480 I/Gonk    (   84): Setting nice for pid 3354 to 18
04-25 23:26:41.480 I/Gonk    (   84): Changed nice for pid 3354 from 0 to 18.
04-25 23:26:41.480 E/GeckoConsole(   84): Content JS LOG at dummy file:326 in GaiaApps.launch/appOpen/<: app with origin 'app://{03e1e97c-27ed-4072-8cca-800749569a4a}' has launched
04-25 23:26:41.500 E/[Gralloc-ERROR](   84): int gralloc_unregister_buffer(const gralloc_module_t*, const native_handle_t*):274 Trying to unregister buffer 0x45eb4060 from process 84 that was not created in current process: 84
04-25 23:26:41.510 I/Gecko   (   84): 1398493601515	Marionette	INFO	sendToClient: {"from":"0","value":{"frame":{"ELEMENT":"{d39bcfd4-00b4-4cdb-8d61-e78e9ddd8f32}"},"src":"app://{03e1e97c-27ed-4072-8cca-800749569a4a}/index.html","name":"Wifislax","origin":"app://{03e1e97c-27ed-4072-8cca-800749569a4a}"}}, {2da6be4a-2e27-4bc3-b7b8-9e7d1505d6ce}, {2da6be4a-2e27-4bc3-b7b8-9e7d1505d6ce}
04-25 23:26:41.560 E/[Gralloc-ERROR](   84): int gralloc_unregister_buffer(const gralloc_module_t*, const native_handle_t*):274 Trying to unregister buffer 0x45e9fec0 from process 84 that was not created in current process: 84
04-25 23:26:41.610 I/Gonk    (   84): Setting nice for pid 3354 to 18
04-25 23:26:41.630 I/Gonk    (   84): Changed nice for pid 3354 from 18 to 18.
04-25 23:26:41.640 I/Gecko   (   84): [Parent 84] WARNING: waitpid failed pid:3354 errno:10: file ../../../gecko/ipc/chromium/src/base/process_util_posix.cc, line 254
04-25 23:26:41.680 I/Gecko   (   84): 1398493601691	Marionette	DEBUG	Got request: switchToFrame, data: {"to":"0","sessionId":"3-b2g","name":"switchToFrame","parameters":{"focus":true,"element":"{d39bcfd4-00b4-4cdb-8d61-e78e9ddd8f32}"}}, id: {b1a03d34-1447-4389-8d6b-2f7656637f89}
04-25 23:26:41.700 I/Gecko   (   84): 1398493601709	Marionette	INFO	Switched to frame: {"frameValue":"{d39bcfd4-00b4-4cdb-8d61-e78e9ddd8f32}"}
04-25 23:26:41.700 I/Gecko   (   84): 1398493601712	Marionette	INFO	trying remote frame 0
04-25 23:26:41.710 I/Gecko   (   84): 1398493601719	Marionette	INFO	trying remote frame 1
04-25 23:26:41.720 I/Gecko   (   84): 1398493601724	Marionette	INFO	trying remote frame 2
04-25 23:26:41.720 I/Gecko   (   84): 1398493601725	Marionette	INFO	trying remote frame 3
04-25 23:26:41.720 I/Gecko   (   84): 1398493601726	Marionette	INFO	deleting frame
04-25 23:26:41.720 I/Gecko   (   84): 1398493601732	Marionette	INFO	frame-manager load script: [object ChromeMessageSender]
04-25 23:26:42.240 I/Gecko   (   84): [Parent 84] WARNING: waitpid failed pid:3275 errno:10: file ../../../gecko/ipc/chromium/src/base/process_util_posix.cc, line 254
04-25 23:26:42.240 I/Gecko   (   84): [Parent 84] WARNING: Failed to deliver SIGKILL to 3275!(3).: file ../../../gecko/ipc/chromium/src/chrome/common/process_watcher_posix_sigchld.cc, line 118
04-25 23:26:42.510 W/WifiHW  (   84): wifi_command: SIGNAL_POLL
04-25 23:26:42.680 I/Gonk    (   84): Setting nice for pid 3354 to 18
04-25 23:26:42.680 I/Gonk    (   84): Changed nice for pid 3354 from 18 to 18.
04-25 23:26:43.020 I/Gecko   (   84): 1398493603031	Marionette	INFO	sendToClient: {"from":"0","ok":true}, {b1a03d34-1447-4389-8d6b-2f7656637f89}, {b1a03d34-1447-4389-8d6b-2f7656637f89}
04-25 23:26:43.070 I/Gecko   (   84): 1398493603080	Marionette	INFO	sendToClient: {"from":"0","value":"app://{03e1e97c-27ed-4072-8cca-800749569a4a}/index.html"}, {047ae367-b3e4-475a-b015-35d859ff17a6}, {047ae367-b3e4-475a-b015-35d859ff17a6}
04-25 23:26:43.080 I/Gecko   (   84): 1398493603087	Marionette	DEBUG	Got request: execute, data: {"to":"0","sessionId":"3-b2g","name":"executeScript","parameters":{"specialPowers":false,"scriptTimeout":null,"newSandbox":true,"args":[],"filename":"app_checker.py","script":"return window.document.readyState;","line":191}}, id: {fe4c2e04-1505-4156-a0ff-1cc13bf3b579}
04-25 23:26:43.210 I/Gonk    (   84): Setting nice for pid 3364 to 18
04-25 23:26:43.210 I/Gonk    (   84): Changed nice for pid 3364 from 0 to 18.
04-25 23:26:43.230 I/Gecko   (   84): 1398493603234	Marionette	INFO	sendToClient: {"from":"0","value":"complete"}, {fe4c2e04-1505-4156-a0ff-1cc13bf3b579}, {fe4c2e04-1505-4156-a0ff-1cc13bf3b579}
04-25 23:26:43.290 I/Gecko   (   84): 1398493603296	Marionette	INFO	sendToClient: {"from":"0","value":"app://{03e1e97c-27ed-4072-8cca-800749569a4a}/index.html"}, {d6da3c7a-c728-4d1a-891b-bccc040b5409}, {d6da3c7a-c728-4d1a-891b-bccc040b5409}
04-25 23:26:43.320 I/Gecko   ( 3291): Attempting load of libEGL.so
04-25 23:26:43.400 D/libEGL  ( 3291): loaded /system/lib/egl/libEGL_mali.so
04-25 23:26:43.460 D/libEGL  ( 3291): loaded /system/lib/egl/libGLESv1_CM_mali.so
04-25 23:26:43.470 D/libEGL  ( 3291): loaded /system/lib/egl/libGLESv2_mali.so
04-25 23:26:43.490 I/Gecko   ( 3291): SharedSurface_Gralloc::Create -------
04-25 23:26:43.520 I/Gecko   ( 3291): SharedSurface_Gralloc::Create: success -- surface 0x43d847c0, GraphicBuffer 0x43d82800.
04-25 23:26:43.710 I/Gecko   (   84): 
04-25 23:26:43.710 I/Gecko   (   84): ###!!! [Parent][MessageChannel] Error: Channel error: cannot send/recv
04-25 23:26:43.710 I/Gecko   (   84): 
04-25 23:26:43.840 I/Gecko   (   84): [Parent 84] WARNING: waitpid failed pid:3354 errno:10: file ../../../gecko/ipc/chromium/src/base/process_util_posix.cc, line 254
04-25 23:26:45.270 I/Gecko   (   84): 1398493605259	Marionette	INFO	sendToClient: {"from":"0","value":"iVBORw0KGgoAAAANSUhEUgAAAUAAAAHMCAYAAACk4nEJAAAgAElEQVR4nOy9+VtT197+//njnnOAkGlnh4QQwxQIiRBGEeehDiBSnGcc0drKYAAVZ8UBlDAZICDJ7rG2tj1trW192tNyqPf3B757PdlJ9gTRgFle1+u6TNb0nta9d3Zg8f9+/vlnUCgUSiry/5JtAIVCoSQLKoAUCiVloQJIoVBSFiqAFAolZYkrgP/zP/9DoVAoy4qECqDZbKZQKJRlARVACoWSslABpFAoKQsVQAqFkrJQAaRQKCkLFUAKhZKyJFwAWZalUCiUZQEVQAqFkrJQAaRQKCkLFUAKhZKyUAGkUCgpCxVACoWSsiRcAE0mE2WRsCyLo0ePYu/evUm3hbL0ofWycKgAJoGioiKMjo7iX//6F4qLi2PaN2/eDP5fRUVF0u0Vo6qqCoFAAF9//TWsVmvS7SkqKsLY2BhevnwJl8uVdHs+FImql6WWzw/BRymAJSUlmJ2dxezsLN68eUOSOTIygtnZWRw5ciSp9nm9XlKwbrc7pt3tduOPP/7AL7/8AofDkfR4irFlyxbix1LYMHJx/VhJVL0stXx+CD5KAXS73Yj8t3v3bphMJgQCAQDAsWPHkmqfko1qt9uRnZ2d9FhKsdQ2TKoKoMmUmHpZavn8EHzUAvjXX38BAIaGhmAyCQXQbrfj6tWrePHiBX777Te8evUK3d3dsNlsMJlMcLlcGBoawu3bt7Fx40ZMTU3h9evXuHjxIlnHZrOhq6sLL1++xA8//IC+vj4UFRWRdqvVis7OTnz11Vf48ccf8eDBA7jdbsFG3bdvX8zcHo8HQ0NDGBoaQm5uLrHl3r17aGhowIsXL/Dq1SucPn06rv85OTno7e3Fd999h1evXsHn85GCVuKX0rnkNoyY/3LzlpSUEH/LysoQDofR2dkpOy4yrkePHsWXX3
04-25 23:26:45.470 I/Gecko   (   84): 1398493605479	Marionette	INFO	sendToClient: {"from":"0","ok":true}, {0b59e293-d693-44d7-b79b-79417dda5de2}, {0b59e293-d693-44d7-b79b-79417dda5de2}
04-25 23:26:45.500 I/Gecko   (   84): 1398493605505	Marionette	DEBUG	Got request: switchToFrame, data: {"to":"0","sessionId":"3-b2g","name":"switchToFrame","parameters":{"id":null,"focus":true}}, id: {b734c9ab-3342-4d4f-9a4f-8ae4a2459c9b}
04-25 23:26:45.520 I/Gecko   (   84): 1398493605530	Marionette	INFO	Switched to frame: {"frameValue":null}
04-25 23:26:45.650 I/Gecko   (   84): 1398493605656	Marionette	INFO	sendToClient: {"from":"0","ok":true}, {b734c9ab-3342-4d4f-9a4f-8ae4a2459c9b}, {b734c9ab-3342-4d4f-9a4f-8ae4a2459c9b}
04-25 23:26:45.650 I/Gecko   (   84): 1398493605662	Marionette	DEBUG	Got request: executeWithCallback, data: {"to":"0","sessionId":"3-b2g","name":"executeAsyncScript","parameters":{"specialPowers":false,"scriptTimeout":null,"newSandbox":true,"args":[],"filename":"gaia_test.py","script":"return GaiaApps.displayedApp();","line":66}}, id: {cabf0b4a-4f0b-41fd-9814-983a5fe6d51d}
04-25 23:26:45.730 I/Gecko   (   84): 1398493605736	Marionette	INFO	sendToClient: {"from":"0","value":{"frame":{"ELEMENT":"{d39bcfd4-00b4-4cdb-8d61-e78e9ddd8f32}"},"src":"app://{03e1e97c-27ed-4072-8cca-800749569a4a}/index.html","name":"Wifislax","origin":"app://{03e1e97c-27ed-4072-8cca-800749569a4a}"}}, {cabf0b4a-4f0b-41fd-9814-983a5fe6d51d}, {cabf0b4a-4f0b-41fd-9814-983a5fe6d51d}
04-25 23:26:45.730 I/Gecko   (   84): 1398493605742	Marionette	DEBUG	Got request: switchToFrame, data: {"to":"0","sessionId":"3-b2g","name":"switchToFrame","parameters":{"id":null,"focus":true}}, id: {3ec296fb-1780-444e-8026-a6dadbe66af2}
04-25 23:26:45.740 E/GeckoConsole(   84): Content JS LOG at dummy file:392 in GaiaApps.displayedApp: app with origin 'app://{03e1e97c-27ed-4072-8cca-800749569a4a}' is displayed
04-25 23:26:45.740 I/Gecko   (   84): 1398493605746	Marionette	INFO	Switched to frame: {"frameValue":null}
04-25 23:26:45.850 I/Gecko   (   84): [Parent 84] WARNING: waitpid failed pid:3354 errno:10: file ../../../gecko/ipc/chromium/src/base/process_util_posix.cc, line 254
04-25 23:26:45.850 I/Gecko   (   84): [Parent 84] WARNING: Failed to deliver SIGKILL to 3354!(3).: file ../../../gecko/ipc/chromium/src/chrome/common/process_watcher_posix_sigchld.cc, line 118
04-25 23:26:45.850 I/Gecko   (   84): 1398493605855	Marionette	INFO	sendToClient: {"from":"0","ok":true}, {3ec296fb-1780-444e-8026-a6dadbe66af2}, {3ec296fb-1780-444e-8026-a6dadbe66af2}
04-25 23:26:45.850 I/Gecko   (   84): 1398493605861	Marionette	DEBUG	Got request: execute, data: {"to":"0","sessionId":"3-b2g","name":"executeScript","parameters":{"specialPowers":false,"scriptTimeout":null,"newSandbox":true,"args":[],"filename":"gaia_test.py","script":"window.wrappedJSObject.dispatchEvent(new Event('home'));","line":788}}, id: {d67a921d-e5a5-405b-935d-1099bde71de0}
04-25 23:26:45.990 I/Gonk    (   84): Setting nice for pid 3364 to 18
04-25 23:26:45.990 I/Gonk    (   84): Changed nice for pid 3364 from 18 to 18.
04-25 23:26:45.990 I/Gecko   (   84): [Parent 84] WARNING: waitpid failed pid:3364 errno:10: file ../../../gecko/ipc/chromium/src/base/process_util_posix.cc, line 254
04-25 23:26:46.000 I/Gonk    (   84): Setting nice for pid 3364 to 1
04-25 23:26:46.000 I/Gonk    (   84): Changed nice for pid 3364 from 18 to 1.
04-25 23:26:46.070 D/Sensors (   84): activate handle=0; drv=0
04-25 23:26:46.070 D/Sensors (   84): Lis3dhSensor: Control set 0
04-25 23:26:46.070 D/Sensors (   84): Lis3dhSensor: mEnabled = 0
04-25 23:26:46.170 I/Gecko   (   84): 1398493606177	Marionette	INFO	sendToClient: {"from":"0","value":null}, {d67a921d-e5a5-405b-935d-1099bde71de0}, {d67a921d-e5a5-405b-935d-1099bde71de0}
04-25 23:26:46.180 I/Gecko   (   84): 1398493606187	Marionette	DEBUG	Got request: switchToFrame, data: {"to":"0","sessionId":"3-b2g","name":"switchToFrame","parameters":{"id":null,"focus":true}}, id: {a765e548-2388-4759-a611-6bcb8cd99440}
04-25 23:26:46.180 I/Gecko   (   84): 1398493606189	Marionette	INFO	Switched to frame: {"frameValue":null}
04-25 23:26:46.290 I/Gecko   (   84): 1398493606293	Marionette	INFO	sendToClient: {"from":"0","ok":true}, {a765e548-2388-4759-a611-6bcb8cd99440}, {a765e548-2388-4759-a611-6bcb8cd99440}
04-25 23:26:46.290 I/Gecko   (   84): 1398493606299	Marionette	DEBUG	Got request: executeWithCallback, data: {"to":"0","sessionId":"3-b2g","name":"executeAsyncScript","parameters":{"specialPowers":false,"scriptTimeout":null,"newSandbox":true,"args":[],"filename":"gaia_test.py","script":"return GaiaApps.displayedApp();","line":66}}, id: {35064b82-4629-419b-a675-ef5670b5e9ef}
04-25 23:26:46.370 E/GeckoConsole(   84): Content JS LOG at dummy file:392 in GaiaApps.displayedApp: app with origin 'app://homescreen.gaiamobile.org' is displayed
04-25 23:26:46.400 I/Gecko   (   84): 1398493606404	Marionette	INFO	sendToClient: {"from":"0","value":{"frame":{"ELEMENT":"{ea21673c-355d-4aca-8f28-0b28f81d9775}"},"src":"app://homescreen.gaiamobile.org/index.html#root","name":"Homescreen","origin":"app://homescreen.gaiamobile.org"}}, {35064b82-4629-419b-a675-ef5670b5e9ef}, {35064b82-4629-419b-a675-ef5670b5e9ef}
04-25 23:26:46.410 I/Gecko   (   84): 1398493606414	Marionette	DEBUG	Got request: switchToFrame, data: {"to":"0","sessionId":"3-b2g","name":"switchToFrame","parameters":{"id":null,"focus":true}}, id: {1f56c7e2-5d59-4cbe-94f5-948a43e0266c}
04-25 23:26:46.420 I/Gecko   (   84): 1398493606424	Marionette	INFO	Switched to frame: {"frameValue":null}
04-25 23:26:46.520 I/Gecko   (   84): 1398493606531	Marionette	INFO	sendToClient: {"from":"0","ok":true}, {1f56c7e2-5d59-4cbe-94f5-948a43e0266c}, {1f56c7e2-5d59-4cbe-94f5-948a43e0266c}
04-25 23:26:46.530 I/Gecko   (   84): 1398493606536	Marionette	DEBUG	Got request: switchToFrame, data: {"to":"0","sessionId":"3-b2g","name":"switchToFrame","parameters":{"id":null,"focus":true}}, id: {ab91d531-8efd-4af4-96be-a127c19849e1}
04-25 23:26:46.540 I/Gecko   (   84): 1398493606539	Marionette	INFO	Switched to frame: {"frameValue":null}
04-25 23:26:46.670 I/Gecko   (   84): 1398493606680	Marionette	INFO	sendToClient: {"from":"0","ok":true}, {ab91d531-8efd-4af4-96be-a127c19849e1}, {ab91d531-8efd-4af4-96be-a127c19849e1}
04-25 23:26:46.690 I/Gecko   (   84): 1398493606699	Marionette	DEBUG	Got request: executeWithCallback, data: {"to":"0","sessionId":"3-b2g","name":"executeAsyncScript","parameters":{"specialPowers":false,"scriptTimeout":null,"newSandbox":true,"args":[],"filename":"gaia_test.py","script":"return GaiaApps.displayedApp();","line":66}}, id: {5c8a234c-4961-4823-95e0-1143a673a9f4}
04-25 23:26:46.870 I/Gonk    (   84): Setting nice for pid 3377 to 18
04-25 23:26:46.870 I/Gonk    (   84): Changed nice for pid 3377 from 0 to 18.
04-25 23:26:46.890 E/GeckoConsole(   84): Content JS LOG at dummy file:392 in GaiaApps.displayedApp: app with origin 'app://homescreen.gaiamobile.org' is displayed
04-25 23:26:46.890 I/Gecko   (   84): 1398493606895	Marionette	INFO	sendToClient: {"from":"0","value":{"frame":{"ELEMENT":"{ea21673c-355d-4aca-8f28-0b28f81d9775}"},"src":"app://homescreen.gaiamobile.org/index.html#root","name":"Homescreen","origin":"app://homescreen.gaiamobile.org"}}, {5c8a234c-4961-4823-95e0-1143a673a9f4}, {5c8a234c-4961-4823-95e0-1143a673a9f4}
04-25 23:26:46.960 I/Gecko   (   84): 1398493606966	Marionette	DEBUG	Got request: switchToFrame, data: {"to":"0","sessionId":"3-b2g","name":"switchToFrame","parameters":{"focus":true,"element":"{ea21673c-355d-4aca-8f28-0b28f81d9775}"}}, id: {7a51ffef-2e5a-4e7c-86bb-4c34658b7cb5}
04-25 23:26:46.990 I/Gecko   (   84): 1398493606996	Marionette	INFO	Switched to frame: {"frameValue":"{ea21673c-355d-4aca-8f28-0b28f81d9775}"}
04-25 23:26:46.990 I/Gecko   (   84): 1398493606999	Marionette	INFO	trying remote frame 0
04-25 23:26:47.010 I/Gecko   (   84): 1398493607018	Marionette	INFO	trying remote frame 1
04-25 23:26:47.010 I/Gecko   (   84): 1398493607019	Marionette	INFO	trying remote frame 2
04-25 23:26:47.010 I/Gecko   (   84): 1398493607020	Marionette	INFO	trying remote frame 3
04-25 23:26:47.020 I/Gecko   (   84): 1398493607023	Marionette	INFO	deleting frame
04-25 23:26:47.020 I/Gecko   (   84): 1398493607030	Marionette	INFO	frame-manager load script: [object ChromeMessageSender]
04-25 23:26:48.280 W/WifiHW  (   84): wifi_command: SIGNAL_POLL
04-25 23:26:49.010 I/Gonk    (   84): Setting nice for pid 3291 to 18
04-25 23:26:49.010 I/Gonk    (   84): Changed nice for pid 3291 from 1 to 18.
04-25 23:26:49.470 I/Gecko   ( 3364): ###################################### forms.js loaded
04-25 23:26:49.510 I/Gecko   ( 3364): ############################### browserElementPanning.js loaded
04-25 23:26:49.530 I/Gecko   ( 3364): ######################## BrowserElementChildPreload.js loaded
04-25 23:26:50.090 I/Gecko   (   84): 
04-25 23:26:50.090 I/Gecko   (   84): ###!!! [Parent][MessageChannel] Error: Channel error: cannot send/recv
04-25 23:26:50.090 I/Gecko   (   84): 
04-25 23:26:50.180 I/Gecko   (   84): [Parent 84] WARNING: waitpid failed pid:3291 errno:10: file ../../../gecko/ipc/chromium/src/base/process_util_posix.cc, line 254
04-25 23:26:50.650 I/Gecko   (   84): 1398493610656	Marionette	INFO	sendToClient: {"from":"0","ok":true}, {7a51ffef-2e5a-4e7c-86bb-4c34658b7cb5}, {7a51ffef-2e5a-4e7c-86bb-4c34658b7cb5}
04-25 23:26:51.030 I/Gecko   (   84): 1398493611036	Marionette	INFO	sendToClient: {"from":"0","value":"app://homescreen.gaiamobile.org/index.html#root"}, {f8d458bf-b731-450d-8fc6-c552a55cf1d3}, {f8d458bf-b731-450d-8fc6-c552a55cf1d3}
04-25 23:26:51.040 I/Gecko   (   84): 1398493611042	Marionette	DEBUG	Got request: switchToFrame, data: {"to":"0","sessionId":"3-b2g","name":"switchToFrame","parameters":{"id":null,"focus":true}}, id: {19fd8078-3d6f-4e7a-8c55-f9978d22ce3b}
04-25 23:26:51.070 I/Gecko   (   84): 1398493611073	Marionette	INFO	Switched to frame: {"frameValue":null}
04-25 23:26:51.170 I/Gecko   (   84): 1398493611176	Marionette	INFO	sendToClient: {"from":"0","ok":true}, {19fd8078-3d6f-4e7a-8c55-f9978d22ce3b}, {19fd8078-3d6f-4e7a-8c55-f9978d22ce3b}
04-25 23:26:51.170 I/Gecko   (   84): 1398493611182	Marionette	DEBUG	Got request: switchToFrame, data: {"to":"0","sessionId":"3-b2g","name":"switchToFrame","parameters":{"id":null,"focus":true}}, id: {e1ca79c3-1554-4ad6-87aa-eee13db41a9b}
04-25 23:26:51.180 I/Gecko   (   84): 1398493611184	Marionette	INFO	Switched to frame: {"frameValue":null}
04-25 23:26:51.290 I/Gecko   (   84): 1398493611295	Marionette	INFO	sendToClient: {"from":"0","ok":true}, {e1ca79c3-1554-4ad6-87aa-eee13db41a9b}, {e1ca79c3-1554-4ad6-87aa-eee13db41a9b}
04-25 23:26:51.290 I/Gecko   (   84): 1398493611302	Marionette	DEBUG	Got request: executeWithCallback, data: {"to":"0","sessionId":"3-b2g","name":"executeAsyncScript","parameters":{"specialPowers":false,"scriptTimeout":null,"newSandbox":true,"args":[],"filename":"gaia_test.py","script":"GaiaApps.killAll()","line":91}}, id: {472b6bf1-32f9-4615-9ff4-7380770e80a2}
04-25 23:26:51.370 I/Gecko   (   84): 1398493611383	Marionette	INFO	sendToClient: {"from":"0","value":true}, {472b6bf1-32f9-4615-9ff4-7380770e80a2}, {472b6bf1-32f9-4615-9ff4-7380770e80a2}
04-25 23:26:51.380 I/Gecko   (   84): 1398493611389	Marionette	DEBUG	Got request: switchToFrame, data: {"to":"0","sessionId":"3-b2g","name":"switchToFrame","parameters":{"id":null,"focus":true}}, id: {cbca5b21-8e08-43b4-a037-186650ed1c11}
04-25 23:26:51.380 I/Gecko   (   84): 1398493611390	Marionette	INFO	Switched to frame: {"frameValue":null}
04-25 23:26:51.490 I/Gecko   (   84): 1398493611496	Marionette	INFO	sendToClient: {"from":"0","ok":true}, {cbca5b21-8e08-43b4-a037-186650ed1c11}, {cbca5b21-8e08-43b4-a037-186650ed1c11}
04-25 23:26:51.520 I/Gecko   (   84): 1398493611526	Marionette	DEBUG	Got request: executeWithCallback, data: {"to":"0","sessionId":"3-b2g","name":"executeAsyncScript","parameters":{"specialPowers":false,"scriptTimeout":60000,"newSandbox":true,"args":[],"filename":"app_checker.py","script":"\n        GaiaApps.locateWithManifestURL('https://marketplace.firefox.com/app/b85de837-f5c2-4606-b3e9-5d5c38dc016b/manifest.webapp',\n                                       null,\n                                       function uninstall(app) {\n                                       navigator.mozApps.mgmt.uninstall(app);\n                                       marionetteScriptFinished(true);\n                                       });\n        ","line":129}}, id: {395453b6-db1d-4dc9-b485-c14f5f203b8a}
04-25 23:26:51.600 I/Gecko   (   84): -- webapps.js uninstall https://marketplace.firefox.com/app/b85de837-f5c2-4606-b3e9-5d5c38dc016b/manifest.webapp
04-25 23:26:51.950 I/Gecko   (   84): 1398493611954	Marionette	INFO	sendToClient: {"from":"0","value":true}, {395453b6-db1d-4dc9-b485-c14f5f203b8a}, {395453b6-db1d-4dc9-b485-c14f5f203b8a}
04-25 23:26:52.190 I/Gecko   (   84): [Parent 84] WARNING: waitpid failed pid:3291 errno:10: file ../../../gecko/ipc/chromium/src/base/process_util_posix.cc, line 254
04-25 23:26:52.190 I/Gecko   (   84): [Parent 84] WARNING: Failed to deliver SIGKILL to 3291!(3).: file ../../../gecko/ipc/chromium/src/chrome/common/process_watcher_posix_sigchld.cc, line 118