--------- beginning of /dev/log/system
04-26 03:18:23.790 I/Vold    (   78): Vold 2.1 (the revenge) firing up
04-26 03:18:23.790 D/Vold    (   78): Volume sdcard state changing -1 (Initializing) -> 0 (No-Media)
04-26 03:18:23.860 D/Vold    (   78): Volume sdcard state changing 0 (No-Media) -> 2 (Pending)
04-26 03:18:23.860 D/Vold    (   78): Volume sdcard state changing 2 (Pending) -> 1 (Idle-Unmounted)
--------- beginning of /dev/log/main
04-26 03:18:26.510 E/        (  103): nvcal_recv_from_modem: Waiting modem response ... fd=7
04-26 03:18:26.510 E/        (  103): nvcal_recv_from_modem: Receive 1 Modem Response
04-26 03:18:26.510 E/        (  103): read_rf_nvconf_cmd:  timeout=7, response=[desterr]
04-26 03:18:26.510 I//system/bin/eng_rf_nv_config(   82): recv from modem timeout=7, cmdbuf=[desterr]
04-26 03:18:26.610 E/        (  103): read_rf_nvconf_cmd: send [39,1,AT+SNVM=0,415]
04-26 03:18:26.610 E/        (  103): nvcal_send_to_modem
04-26 03:18:26.610 E/        (  103): nvcal_recv_from_modem: Waiting modem response ... fd=7
04-26 03:18:26.620 E/        (  103): nvcal_recv_from_modem: Receive 1 Modem Response
04-26 03:18:26.620 E/        (  103): read_rf_nvconf_cmd:  timeout=7, response=[desterr]
04-26 03:18:26.620 I//system/bin/eng_rf_nv_config(   82): recv from modem timeout=7, cmdbuf=[desterr]
04-26 03:18:26.720 E/        (  103): read_rf_nvconf_cmd: send [39,1,AT+SNVM=0,415]
04-26 03:18:26.720 E/        (  103): nvcal_send_to_modem
04-26 03:18:26.720 E/        (  103): nvcal_recv_from_modem: Waiting modem response ... fd=7
04-26 03:18:26.720 E/        (  103): nvcal_recv_from_modem: Receive 1 Modem Response
04-26 03:18:26.720 E/        (  103): read_rf_nvconf_cmd:  timeout=7, response=[desterr]
04-26 03:18:26.720 I//system/bin/eng_rf_nv_config(   82): recv from modem timeout=7, cmdbuf=[desterr]
04-26 03:18:26.740 E/eng_rf_nv_update(   98): [set_rf_nvconf]: waiting rf finish self calibration!
04-26 03:18:26.820 E/        (  103): read_rf_nvconf_cmd: send [39,1,AT+SNVM=0,415]
04-26 03:18:26.820 E/        (  103): nvcal_send_to_modem
04-26 03:18:26.820 E/        (  103): nvcal_recv_from_modem: Waiting modem response ... fd=7
04-26 03:18:26.820 E/        (  103): nvcal_recv_from_modem: Receive 1 Modem Response
04-26 03:18:26.820 E/        (  103): read_rf_nvconf_cmd:  timeout=7, response=[desterr]
04-26 03:18:26.820 I//system/bin/eng_rf_nv_config(   82): recv from modem timeout=7, cmdbuf=[desterr]
04-26 03:18:26.920 E/        (  103): read_rf_nvconf_cmd: send [39,1,AT+SNVM=0,415]
04-26 03:18:26.920 E/        (  103): nvcal_send_to_modem
04-26 03:18:26.920 E/        (  103): nvcal_recv_from_modem: Waiting modem response ... fd=7
04-26 03:18:26.920 E/        (  103): nvcal_recv_from_modem: Receive 1 Modem Response
04-26 03:18:26.920 E/        (  103): read_rf_nvconf_cmd:  timeout=7, response=[desterr]
04-26 03:18:26.920 I//system/bin/eng_rf_nv_config(   82): recv from modem timeout=7, cmdbuf=[desterr]
04-26 03:18:27.020 E/        (  103): read_rf_nvconf_cmd: send [39,1,AT+SNVM=0,415]
04-26 03:18:27.020 E/        (  103): nvcal_send_to_modem
04-26 03:18:27.020 E/        (  103): nvcal_recv_from_modem: Waiting modem response ... fd=7
04-26 03:18:27.020 E/        (  103): nvcal_recv_from_modem: Receive 1 Modem Response
04-26 03:18:27.020 E/        (  103): read_rf_nvconf_cmd:  timeout=7, response=[desterr]
04-26 03:18:27.020 I//system/bin/eng_rf_nv_config(   82): recv from modem timeout=7, cmdbuf=[desterr]
04-26 03:18:27.120 E/        (  103): read_rf_nvconf_cmd: send [39,1,AT+SNVM=0,415]
04-26 03:18:27.120 E/        (  103): nvcal_send_to_modem
04-26 03:18:27.120 E/        (  103): nvcal_recv_from_modem: Waiting modem response ... fd=7
04-26 03:18:27.120 E/        (  103): nvcal_recv_from_modem: Receive 1 Modem Response
04-26 03:18:27.120 E/        (  103): read_rf_nvconf_cmd:  timeout=7, response=[desterr]
04-26 03:18:27.120 I//system/bin/eng_rf_nv_config(   82): recv from modem timeout=7, cmdbuf=[desterr]
04-26 03:18:27.220 E/        (  103): read_rf_nvconf_cmd: send [39,1,AT+SNVM=0,415]
04-26 03:18:27.220 E/        (  103): nvcal_send_to_modem
04-26 03:18:27.220 E/        (  103): nvcal_recv_from_modem: Waiting modem response ... fd=7
04-26 03:18:27.220 E/        (  103): nvcal_recv_from_modem: Receive 1 Modem Response
04-26 03:18:27.220 E/        (  103): read_rf_nvconf_cmd:  timeout=7, response=[desterr]
04-26 03:18:27.220 I//system/bin/eng_rf_nv_config(   82): recv from modem timeout=7, cmdbuf=[desterr]
04-26 03:18:27.240 E/eng_rf_nv_update(   98): [set_rf_nvconf]: waiting rf finish self calibration!
04-26 03:18:27.320 D/SPRDENG (  168): eng_mcinit: open /dev/CHNPTY13 OK
04-26 03:18:27.320 D/SPRDENG (  168): eng_mcinit: open /dev/CHNPTY14 OK
04-26 03:18:27.320 E/        (  103): read_rf_nvconf_cmd: send [39,1,AT+SNVM=0,415]
04-26 03:18:27.320 E/        (  103): nvcal_send_to_modem
04-26 03:18:27.320 E/        (  103): nvcal_recv_from_modem: Waiting modem response ... fd=7
04-26 03:18:27.740 E/eng_rf_nv_update(   98): [set_rf_nvconf]: waiting rf finish self calibration!
04-26 03:18:27.820 I/power   (   84): *** set_screen_state 1
04-26 03:18:27.830 I/[Gralloc](   84): using (fd=13)
04-26 03:18:27.830 I/[Gralloc](   84): id           = sc8810fb
04-26 03:18:27.830 I/[Gralloc](   84): xres         = 320 px
04-26 03:18:27.830 I/[Gralloc](   84): yres         = 480 px
04-26 03:18:27.830 I/[Gralloc](   84): xres_virtual = 320 px
04-26 03:18:27.830 I/[Gralloc](   84): yres_virtual = 960 px
04-26 03:18:27.830 I/[Gralloc](   84): bpp          = 16
04-26 03:18:27.830 I/[Gralloc](   84): r            = 11:5
04-26 03:18:27.830 I/[Gralloc](   84): g            =  5:6
04-26 03:18:27.830 I/[Gralloc](   84): b            =  0:5
04-26 03:18:27.830 I/[Gralloc](   84): width        = 45 mm (180.622223 dpi)
04-26 03:18:27.830 I/[Gralloc](   84): height       = 75 mm (162.559998 dpi)
04-26 03:18:27.830 I/[Gralloc](   84): refresh rate = 60.28 Hz
04-26 03:18:27.830 W/        (   84): hwcomposer module not found
04-26 03:18:27.830 E/Profiler(   84): BEGIN mozilla_sampler_init
04-26 03:18:27.830 E/Profiler(   84): BPUnw: [1 total] thread_register_for_profiling(me=0x4018d488, stacktop=0xbeb7e9ef)
04-26 03:18:27.830 E/Profiler(   84): SPS:
04-26 03:18:27.830 E/Profiler(   84): SPS: Unwind mode       = pseudo
04-26 03:18:27.830 E/Profiler(   84): SPS: Sampling interval = 0 ms (zero means "platform default")
04-26 03:18:27.830 E/Profiler(   84): SPS: Entry store size  = 0 (zero means "platform default")
04-26 03:18:27.830 E/Profiler(   84): SPS: UnwindStackScan   = 0 (max dubious frames per unwind).
04-26 03:18:27.830 E/Profiler(   84): SPS: Use env var MOZ_PROFILER_MODE=help for further information.
04-26 03:18:27.830 E/Profiler(   84): SPS:
04-26 03:18:27.830 E/Profiler(   84): Registering start signal
04-26 03:18:27.850 W/Gonk    (   84): Could not open boot animation
04-26 03:18:28.210 E/GeckoConsole(   84): Could not read chrome manifest 'file:///system/b2g/chrome.manifest'.
04-26 03:18:28.240 E/eng_rf_nv_update(   98): [set_rf_nvconf]: waiting rf finish self calibration!
04-26 03:18:28.410 I/Gonk    (   84): Setting nice for pid 84 to 0
04-26 03:18:28.410 I/Gonk    (   84): Changed nice for pid 84 from 0 to 0.
04-26 03:18:28.740 E/eng_rf_nv_update(   98): [set_rf_nvconf]: waiting rf finish self calibration!
04-26 03:18:28.910 I/AutoMounter(   84): Unable to open volume configuration file '/system/etc/volume.cfg' - ignoring
04-26 03:18:28.910 I/VolumeManager(   84): changing state from 'Uninitialized' to 'Starting'
04-26 03:18:28.910 I/VolumeManager(   84): Connected to vold
04-26 03:18:28.910 I/VolumeManager(   84): Volume sdcard: changing state from Init to Idle (1 observers)
04-26 03:18:28.910 I/VolumeManager(   84): changing state from 'Starting' to 'Volumes Ready'
04-26 03:18:28.910 D/VoldCmdListener(   78): volume list
04-26 03:18:28.920 I/AutoMounter(   84): UpdateState: umsAvail:1 umsEnabled:1 mode:0 usbCablePluggedIn:1 tryToShare:0
04-26 03:18:28.920 I/AutoMounter(   84): UpdateState: Volume sdcard is Idle and inserted
04-26 03:18:28.920 I/AutoMounter(   84): UpdateState: Mounting sdcard
04-26 03:18:28.920 D/VoldCmdListener(   78): volume mount sdcard
04-26 03:18:28.920 I/Vold    (   78): /dev/block/vold/179:1 being considered for volume sdcard
04-26 03:18:28.920 D/Vold    (   78): Volume sdcard state changing 1 (Idle-Unmounted) -> 3 (Checking)
04-26 03:18:28.920 W/Vold    (   78): Skipping fs checks
04-26 03:18:28.930 I/VolumeManager(   84): Volume sdcard: changing state from Idle to Checking (3 observers)
04-26 03:18:28.950 I/Gonk    (   84): Connected to netd
04-26 03:18:28.960 V/AudioPolicyManagerBase(   89): initStreamVolume() stream 0, min 0, max 5
04-26 03:18:28.960 V/AudioPolicyManagerBase(   89): initStreamVolume() stream 1, min 0, max 15
04-26 03:18:28.960 I/Vold    (   78): Device /dev/block/vold/179:1, target /mnt/sdcard mounted @ /mnt/secure/staging
04-26 03:18:28.960 D/Vold    (   78): Volume sdcard state changing 3 (Checking) -> 4 (Mounted)
04-26 03:18:28.970 V/AudioPolicyManagerBase(   89): initStreamVolume() stream 2, min 0, max 15
04-26 03:18:28.970 V/AudioPolicyManagerBase(   89): initStreamVolume() stream 3, min 0, max 15
04-26 03:18:28.970 V/AudioPolicyManagerBase(   89): initStreamVolume() stream 4, min 0, max 15
04-26 03:18:28.970 V/AudioPolicyManagerBase(   89): initStreamVolume() stream 5, min 0, max 15
04-26 03:18:28.970 V/AudioPolicyManagerBase(   89): initStreamVolume() stream 6, min 0, max 15
04-26 03:18:28.970 V/AudioPolicyManagerBase(   89): initStreamVolume() stream 7, min 0, max 15
04-26 03:18:28.970 I/VolumeManager(   84): Volume sdcard: changing state from Checking to Mounted @ '/mnt/sdcard' (3 observers) mountGeneration = 1, locked = 1
04-26 03:18:28.970 I/AutoMounter(   84): UpdateState: umsAvail:1 umsEnabled:1 mode:0 usbCablePluggedIn:1 tryToShare:0
04-26 03:18:28.970 I/AutoMounter(   84): UpdateState: Volume sdcard is Mounted and inserted @ /mnt/sdcard gen 1 locked 1 sharing n
04-26 03:18:28.970 V/AudioPolicyManagerBase(   89): initStreamVolume() stream 8, min 0, max 15
04-26 03:18:28.970 V/AudioPolicyManagerBase(   89): initStreamVolume() stream 9, min 0, max 15
04-26 03:18:28.970 V/AudioPolicyManagerBase(   89): initStreamVolume() stream 10, min 0, max 15
04-26 03:18:28.970 V/AudioPolicyManagerBase(   89): setStreamVolumeIndex() stream 7, index 15
04-26 03:18:28.970 E/AudioPolicyManagerBase(   89): checkAndSetVolume stream=7, index=15, output=1, device=2
04-26 03:18:28.970 E/AudioPolicyManagerBase(   89): computeVolume, streamDesc=0x9aec60
04-26 03:18:28.970 V/AudioPolicyManagerBase(   89): VOLUME vol index=[66 100 100], dB=[-10.2 0.0 0.0] ampl=1.00000
04-26 03:18:28.970 W/AudioFlinger(   89): Thread AudioOut_1 cannot connect to the power manager service
04-26 03:18:28.970 W/audio_hw_primary(   89): adev_set_master_volume in...devices:0x2 ,volume:1.000000 
04-26 03:18:28.980 W/audio_hw_primary(   89): GetAudio_pga_nv, dac_pga_gain_l:0xc3 adc_pga_gain_l:0xc fm_pga_gain_l:0xff fm_pga_gain_r:0xff device:0x2 vol_level:0x1 
04-26 03:18:28.980 D/audio_pga(   89): 'speaker-l' apply
04-26 03:18:28.980 I/audio_pga(   89): 'Master Playback Volume' set to 12
04-26 03:18:28.980 I/audio_pga(   89): 'Inter PA Playback Volume' set to 12
04-26 03:18:28.980 I/audio_pga(   89): 'VBC DACL DG Set' set to 0
04-26 03:18:28.980 I/audio_pga(   89): 'VBC DACL DG Switch' set to 0
04-26 03:18:28.980 D/audio_pga(   89): 'speaker-r' apply
04-26 03:18:28.980 I/audio_pga(   89): 'Master Playback Volume' set to 12
04-26 03:18:28.980 I/audio_pga(   89): 'Inter PA Playback Volume' set to 12
04-26 03:18:28.980 I/audio_pga(   89): 'VBC DACR DG Set' set to 0
04-26 03:18:28.980 I/audio_pga(   89): 'VBC DACR DG Switch' set to 0
04-26 03:18:28.980 W/audio_hw_primary(   89): SetAudio_gain_by_devices out, devices:0x2 
04-26 03:18:29.240 E/slog    (   99): sig_handler1: get a signal 15. [17]
04-26 03:18:29.240 E/eng_rf_nv_update(   98): [set_rf_nvconf]: waiting rf finish self calibration!
04-26 03:18:29.240 I/Gecko   (   84): 1398507509248	Marionette	INFO	marionette enabled via build flag and pref
04-26 03:18:29.270 E/slog    (  317): main: Slog begin to work. [2]
04-26 03:18:29.460 E/GeckoConsole(   84): While creating services from category 'profile-after-change', could not create service for entry 'Nfc', contract ID '@mozilla.org/nfc;1'
04-26 03:18:29.480 E/GeckoConsole(   84): While creating services from category 'profile-after-change', could not create service for entry 'NfcContentHelper', contract ID '@mozilla.org/nfc/content-helper;1'
04-26 03:18:29.480 E/GeckoConsole(   84): While creating services from category 'profile-after-change', service for entry 'Pico Speech Synth', contract ID '@mozilla.org/synthpico;1' does not implement nsIObserver.
04-26 03:18:29.650 I/Gecko   (   84): -*- RadioInterfaceLayer: 2 interfaces
04-26 03:18:29.740 E/eng_rf_nv_update(   98): [set_rf_nvconf]: waiting rf finish self calibration!
04-26 03:18:29.830 I/Gecko   (   84): 1398507509840	Marionette	INFO	marionette-server.js loaded
04-26 03:18:29.900 I/Gecko   (   84): 1398507509906	Marionette	INFO	B2G emulator: no
04-26 03:18:29.900 I/Gecko   (   84): 1398507509907	Marionette	INFO	Device detected is sp6821a_gonk
04-26 03:18:29.900 I/Gecko   (   84): 1398507509909	Marionette	INFO	Listening on port 2828
04-26 03:18:29.900 I/Gecko   (   84): 
04-26 03:18:29.900 I/Gecko   (   84): 1398507509909	Marionette	INFO	Marionette server ready
04-26 03:18:30.000 D/EventHub(   84): No input device configuration file found for device 'light sensor'.
04-26 03:18:30.060 D/Sensors (   84): activate handle=0; drv=0
04-26 03:18:30.060 D/Sensors (   84): Lis3dhSensor: mEnabled = 0
04-26 03:18:30.060 D/Sensors (   84): activate handle=3; drv=1
04-26 03:18:30.060 D/Sensors (   84): SensorTMD2771::setEnable=0= en=0; newState=0; what=0; mEnabled=0
04-26 03:18:30.060 D/EventHub(   84): No input device configuration file found for device 'headset-keyboard'.
04-26 03:18:30.070 W/EventHub(   84): Unable to disable kernel key repeat for /dev/input/event4: Function not implemented
04-26 03:18:30.070 I/EventHub(   84): New device: id=2, fd=50, path='/dev/input/event4', name='headset-keyboard', classes=0x1, configuration='', keyLayout='/system/usr/keylayout/Generic.kl', keyCharacterMap='/system/usr/keychars/Generic.kcm', builtinKeyboard=false, usingSuspendBlockIoctl=false, usingClockIoctl=false
04-26 03:18:30.080 D/Sensors (   84): taos ---Light::TAOS_IOCTL_ALS_OFF=== err=0
04-26 03:18:30.080 D/Sensors (   84): SensorTMD2771::setEnable=1= en=0; newState=0; what=0; mEnabled=0
04-26 03:18:30.080 D/Sensors (   84): activate handle=4; drv=1
04-26 03:18:30.080 D/Sensors (   84): SensorTMD2771::setEnable=0= en=0; newState=0; what=1; mEnabled=0
04-26 03:18:30.080 D/EventHub(   84): No input device configuration file found for device 'accelerometer'.
04-26 03:18:30.080 D/Sensors (   84): taos ---Proximity::TAOS_IOCTL_PROX_OFF=== err=0
04-26 03:18:30.080 D/Sensors (   84): SensorTMD2771::setEnable=1= en=0; newState=0; what=1; mEnabled=0
04-26 03:18:30.080 D/Sensors (   84): activate handle=0; drv=0
04-26 03:18:30.080 D/Sensors (   84): Lis3dhSensor: Control set 1
04-26 03:18:30.080 D/Sensors (   84): Lis3dhSensor: mEnabled = 1
04-26 03:18:30.100 D/EventHub(   84): No input device configuration file found for device 'sprd-keypad'.
04-26 03:18:30.100 W/EventHub(   84): Unable to disable kernel key repeat for /dev/input/event0: Function not implemented
04-26 03:18:30.100 I/EventHub(   84): New device: id=4, fd=55, path='/dev/input/event0', name='sprd-keypad', classes=0x1, configuration='', keyLayout='/system/usr/keylayout/sprd-keypad.kl', keyCharacterMap='/system/usr/keychars/Generic.kcm', builtinKeyboard=true, usingSuspendBlockIoctl=false, usingClockIoctl=false
04-26 03:18:30.100 D/EventHub(   84): No input device configuration file found for device 'rohm_proximity'.
04-26 03:18:30.150 E/filemap (   84): mmap(0,4096) failed: No such device
04-26 03:18:30.160 W/EventHub(   84): Unable to disable kernel key repeat for /dev/input/event1: Function not implemented
04-26 03:18:30.160 I/EventHub(   84): New device: id=6, fd=56, path='/dev/input/event1', name='ms-msg21xx', classes=0x15, configuration='/system/usr/idc/ms-msg21xx.idc', keyLayout='/system/usr/keylayout/Generic.kl', keyCharacterMap='/system/usr/keychars/Generic.kcm', builtinKeyboard=false, usingSuspendBlockIoctl=false, usingClockIoctl=false
04-26 03:18:30.190 I/InputReader(   84): Device added: id=-1, name='Virtual', sources=0x00000301
04-26 03:18:30.190 I/InputReader(   84): Device reconfigured: id=6, name='ms-msg21xx', size 320x480, orientation 0, mode 1, display id 0
04-26 03:18:30.190 I/InputReader(   84): Device added: id=6, name='ms-msg21xx', sources=0x00001103
04-26 03:18:30.190 I/InputReader(   84): Device added: id=0, name='sprd-keypad', sources=0x00000101
04-26 03:18:30.190 I/InputReader(   84): Device added: id=2, name='headset-keyboard', sources=0x00000101
04-26 03:18:30.240 E/eng_rf_nv_update(   98): [set_rf_nvconf]: waiting rf finish self calibration!
04-26 03:18:30.260 D/BTWIFIMAC(   94): read_btwifimac_from_modem
04-26 03:18:30.260 D/BTWIFIMAC(   94): read_btwifimac_from_modem modem_fd=7
04-26 03:18:30.260 D/BTWIFIMAC(   94): ===========BT MAC===========
04-26 03:18:30.260 D/BTWIFIMAC(   94): read_btwifimac_from_modem: send 39,1,AT+SNVM=0,401
04-26 03:18:30.260 D/BTWIFIMAC(   94): send_to_modem
04-26 03:18:30.260 D/BTWIFIMAC(   94): recv_from_modem: Waiting modem response ... fd=7
04-26 03:18:30.260 D/SPRDENG (  168): eng_servermodem_comm: use SIM1 /dev/CHNPTY13
04-26 03:18:30.260 D/SPRDENG (  168): AT > AT+SNVM=0,401
04-26 03:18:30.260 D/SPRDENG (  168): 41
04-26 03:18:30.260 D/SPRDENG (  168): 54
04-26 03:18:30.260 D/SPRDENG (  168): 2b
04-26 03:18:30.260 D/SPRDENG (  168): 53
04-26 03:18:30.270 D/SPRDENG (  168): 4e
04-26 03:18:30.270 D/SPRDENG (  168): 56
04-26 03:18:30.270 D/SPRDENG (  168): 4d
04-26 03:18:30.270 D/SPRDENG (  168): 3d
04-26 03:18:30.270 D/SPRDENG (  168): 30
04-26 03:18:30.270 D/SPRDENG (  168): 2c
04-26 03:18:30.270 D/SPRDENG (  168): 34
04-26 03:18:30.270 D/SPRDENG (  168): 30
04-26 03:18:30.270 D/SPRDENG (  168): 31
04-26 03:18:30.270 D/SPRDENG (  168): eng_modem2server: use SIM1 /dev/CHNPTY13
04-26 03:18:30.270 D/SPRDENG (  168): AT < 
04-26 03:18:30.270 D/SPRDENG (  168): +SNVM: 8,FFFFFFFFFFFF2500
04-26 03:18:30.270 D/SPRDENG (  168): 
04-26 03:18:30.270 D/SPRDENG (  168): OK
04-26 03:18:30.270 D/SPRDENG (  168): 
04-26 03:18:30.270 D/BTWIFIMAC(   94): recv_from_modem: Receive 1 Modem Response
04-26 03:18:30.270 D/BTWIFIMAC(   94): read_btwifimac_from_modem: BT timeout=35, response=
04-26 03:18:30.270 D/BTWIFIMAC(   94): +SNVM: 8,FFFFFFFFFFFF2500
04-26 03:18:30.270 D/BTWIFIMAC(   94): 
04-26 03:18:30.270 D/BTWIFIMAC(   94): OK
04-26 03:18:30.270 D/BTWIFIMAC(   94): 
04-26 03:18:30.370 D/BTWIFIMAC(   94): get_macaddress: mac address is FF:FF:FF:FF:FF:FF
04-26 03:18:30.370 D/BTWIFIMAC(   94): ===========WIFI MAC===========
04-26 03:18:30.370 D/BTWIFIMAC(   94): read_btwifimac_from_modem: send 39,1,AT+SNVM=0,409
04-26 03:18:30.370 D/BTWIFIMAC(   94): send_to_modem
04-26 03:18:30.370 D/BTWIFIMAC(   94): recv_from_modem: Waiting modem response ... fd=7
04-26 03:18:30.370 D/SPRDENG (  168): eng_servermodem_comm: use SIM1 /dev/CHNPTY13
04-26 03:18:30.370 D/SPRDENG (  168): AT > AT+SNVM=0,409
04-26 03:18:30.370 D/SPRDENG (  168): 41
04-26 03:18:30.370 D/SPRDENG (  168): 54
04-26 03:18:30.370 D/SPRDENG (  168): 2b
04-26 03:18:30.370 D/SPRDENG (  168): 53
04-26 03:18:30.370 D/SPRDENG (  168): 4e
04-26 03:18:30.370 D/SPRDENG (  168): 56
04-26 03:18:30.370 D/SPRDENG (  168): 4d
04-26 03:18:30.370 D/SPRDENG (  168): 3d
04-26 03:18:30.370 D/SPRDENG (  168): 30
04-26 03:18:30.370 D/SPRDENG (  168): 2c
04-26 03:18:30.370 D/SPRDENG (  168): 34
04-26 03:18:30.370 D/SPRDENG (  168): 30
04-26 03:18:30.370 D/SPRDENG (  168): 39
04-26 03:18:30.370 D/SPRDENG (  168): eng_modem2server: use SIM1 /dev/CHNPTY13
04-26 03:18:30.370 D/SPRDENG (  168): AT < 
04-26 03:18:30.370 D/SPRDENG (  168): +SNVM: 20,FFFFFFFFFFFF0000000000000000000000000000
04-26 03:18:30.370 D/SPRDENG (  168): 
04-26 03:18:30.370 D/SPRDENG (  168): OK
04-26 03:18:30.370 D/SPRDENG (  168): 
04-26 03:18:30.370 D/BTWIFIMAC(   94): recv_from_modem: Receive 1 Modem Response
04-26 03:18:30.370 D/BTWIFIMAC(   94): read_btwifimac_from_modem: WIFI timeout=60, response=
04-26 03:18:30.370 D/BTWIFIMAC(   94): +SNVM: 20,FFFFFFFFFFFF0000000000000000000000000000
04-26 03:18:30.370 D/BTWIFIMAC(   94): 
04-26 03:18:30.370 D/BTWIFIMAC(   94): OK
04-26 03:18:30.370 D/BTWIFIMAC(   94): 
04-26 03:18:30.370 D/BTWIFIMAC(   94): get_macaddress: mac address is FF:FF:FF:FF:FF:FF
04-26 03:18:30.370 D/BTWIFIMAC(   94): bt_ok:0 wifi_ok:0 
04-26 03:18:30.370 D/BTWIFIMAC(   94): +mac_rand+
04-26 03:18:30.370 D/BTWIFIMAC(   94): mac_rand: /data/rand_mac.txt exists
04-26 03:18:30.370 D/BTWIFIMAC(   94): mac_rand: read /data/rand_mac.txt 00:65:51:4d:eb:0e;00:df:2e:66:ac:0a
04-26 03:18:30.370 D/BTWIFIMAC(   94): mac_rand: read btmac=00:65:51:4d:eb:0e, wifimac=00:df:2e:66:ac:0a
04-26 03:18:30.370 D/BTWIFIMAC(   94): property ro.mac.wifi=00:df:2e:66:ac:0a, ro.mac.bluetooth=00:65:51:4d:eb:0e
04-26 03:18:30.370 D/BTWIFIMAC(   94): write_mac2file: mac=00:df:2e:66:ac:0a, fd[/data/wifimac.txt]=9
04-26 03:18:30.370 D/BTWIFIMAC(   94): write_mac2file: mac=00:65:51:4d:eb:0e, fd[/data/btmac.txt]=9
04-26 03:18:30.380 D/BTWIFIMAC(   94): begin to run  trout_genpskey
04-26 03:18:30.380 D/BTWIFIMAC(   94): run trout_genpskey, ret=0
04-26 03:18:30.390 D/pskey_bt(  329): set BT mac
04-26 03:18:30.390 D/pskey_bt(  329): main, bt_mac from nv:
04-26 03:18:30.390 D/pskey_bt(  329): get_pskey_from_file
04-26 03:18:30.390 D/pskey_bt(  329): open bt pskey structure file fd=7
04-26 03:18:30.410 D/pskey_bt(  329): buf from pskey file:2048
04-26 03:18:30.410 D/pskey_bt(  329): parser_pskey_info
04-26 03:18:30.410 D/pskey_bt(  329): char:0, 0
04-26 03:18:30.410 D/pskey_bt(  329): get_one_item(data) = 0x0
04-26 03:18:30.410 D/pskey_bt(  329): get_next_u8: here:0
04-26 03:18:30.410 D/pskey_bt(  329): char:1, 1
04-26 03:18:30.410 D/pskey_bt(  329): get_one_item(data) = 0x1
04-26 03:18:30.410 D/pskey_bt(  329): get_next_u8: here:1
04-26 03:18:30.410 D/pskey_bt(  329): char:1, 1
04-26 03:18:30.410 D/pskey_bt(  329): get_one_item(data) = 0x1
04-26 03:18:30.410 D/pskey_bt(  329): get_next_u8: here:1
04-26 03:18:30.410 D/pskey_bt(  329): char:1, 1
04-26 03:18:30.410 D/pskey_bt(  329): get_one_item(data) = 0x1
04-26 03:18:30.410 D/pskey_bt(  329): get_next_u8: here:1
04-26 03:18:30.410 D/pskey_bt(  329): char:0, 0
04-26 03:18:30.410 D/pskey_bt(  329): char:1, 1
04-26 03:18:30.410 D/pskey_bt(  329): char:8, 8
04-26 03:18:30.410 D/pskey_bt(  329): char:C, C
04-26 03:18:30.410 D/pskey_bt(  329): char:B, B
04-26 03:18:30.410 D/pskey_bt(  329): char:A, A
04-26 03:18:30.410 D/pskey_bt(  329): char:8, 8
04-26 03:18:30.410 D/pskey_bt(  329): char:0, 0
04-26 03:18:30.410 D/pskey_bt(  329): get_one_item(data) = 0x18cba80
04-26 03:18:30.410 D/pskey_bt(  329): get_next_u32: here:18cba80
04-26 03:18:30.410 D/pskey_bt(  329): char:1, 1
04-26 03:18:30.410 D/pskey_bt(  329): char:f, f
04-26 03:18:30.410 D/pskey_bt(  329): char:0, 0
04-26 03:18:30.410 D/pskey_bt(  329): char:0, 0
04-26 03:18:30.410 D/pskey_bt(  329): get_one_item(data) = 0x1f00
04-26 03:18:30.410 D/pskey_bt(  329): get_next_u32: here:1f00
04-26 03:18:30.410 D/pskey_bt(  329): char:1, 1
04-26 03:18:30.410 D/pskey_bt(  329): char:E, E
04-26 03:18:30.410 D/pskey_bt(  329): get_one_item(data) = 0x1e
04-26 03:18:30.410 D/pskey_bt(  329): get_next_u32: here:1e
04-26 03:18:30.410 D/pskey_bt(  329): char:7, 7
04-26 03:18:30.410 D/pskey_bt(  329): char:B, B
04-26 03:18:30.410 D/pskey_bt(  329): char:0, 0
04-26 03:18:30.410 D/pskey_bt(  329): char:0, 0
04-26 03:18:30.410 D/pskey_bt(  329): char:7, 7
04-26 03:18:30.410 D/pskey_bt(  329): char:C, C
04-26 03:18:30.410 D/pskey_bt(  329): get_one_item(data) = 0x7b007c
04-26 03:18:30.410 D/pskey_bt(  329): get_next_u32: here:7b007c
04-26 03:18:30.410 D/pskey_bt(  329): char:3, 3
04-26 03:18:30.410 D/pskey_bt(  329): char:7, 7
04-26 03:18:30.410 D/pskey_bt(  329): char:0, 0
04-26 03:18:30.410 D/pskey_bt(  329): char:0, 0
04-26 03:18:30.410 D/pskey_bt(  329): char:7, 7
04-26 03:18:30.410 D/pskey_bt(  329): char:A, A
04-26 03:18:30.410 D/pskey_bt(  329): get_one_item(data) = 0x37007a
04-26 03:18:30.410 D/pskey_bt(  329): get_next_u32: here:37007a
04-26 03:18:30.410 D/pskey_bt(  329): char:3, 3
04-26 03:18:30.410 D/pskey_bt(  329): char:5, 5
04-26 03:18:30.410 D/pskey_bt(  329): char:0, 0
04-26 03:18:30.410 D/pskey_bt(  329): char:0, 0
04-26 03:18:30.410 D/pskey_bt(  329): char:3, 3
04-26 03:18:30.410 D/pskey_bt(  329): char:6, 6
04-26 03:18:30.410 D/pskey_bt(  329): get_one_item(data) = 0x350036
04-26 03:18:30.410 D/pskey_bt(  329): get_next_u32: here:350036
04-26 03:18:30.410 D/pskey_bt(  329): char:2, 2
04-26 03:18:30.410 D/pskey_bt(  329): char:9, 9
04-26 03:18:30.410 D/pskey_bt(  329): char:0, 0
04-26 03:18:30.410 D/pskey_bt(  329): char:0, 0
04-26 03:18:30.410 D/pskey_bt(  329): char:3, 3
04-26 03:18:30.410 D/pskey_bt(  329): char:4, 4
04-26 03:18:30.410 D/pskey_bt(  329): get_one_item(data) = 0x290034
04-26 03:18:30.410 D/pskey_bt(  329): get_next_u32: here:290034
04-26 03:18:30.410 D/pskey_bt(  329): char:0, 0
04-26 03:18:30.410 D/pskey_bt(  329): char:A, A
04-26 03:18:30.410 D/pskey_bt(  329): char:0, 0
04-26 03:18:30.410 D/pskey_bt(  329): char:0, 0
04-26 03:18:30.410 D/pskey_bt(  329): char:2, 2
04-26 03:18:30.410 D/pskey_bt(  329): char:8, 8
04-26 03:18:30.410 D/pskey_bt(  329): get_one_item(data) = 0xa0028
04-26 03:18:30.410 D/pskey_bt(  329): get_next_u32: here:a0028
04-26 03:18:30.410 D/pskey_bt(  329): char:0, 0
04-26 03:18:30.410 D/pskey_bt(  329): char:0, 0
04-26 03:18:30.410 D/pskey_bt(  329): char:0, 0
04-26 03:18:30.410 D/pskey_bt(  329): char:6, 6
04-26 03:18:30.410 D/pskey_bt(  329): char:0, 0
04-26 03:18:30.410 D/pskey_bt(  329): char:0, 0
04-26 03:18:30.410 D/pskey_bt(  329): char:0, 0
04-26 03:18:30.410 D/pskey_bt(  329): char:9, 9
04-26 03:18:30.410 D/pskey_bt(  329): get_one_item(data) = 0x60009
04-26 03:18:30.410 D/pskey_bt(  329): get_next_u32: here:60009
04-26 03:18:30.410 D/pskey_bt(  329): end of buff, str=},
04-26 03:18:30.410 D/pskey_bt(  329): {0x0B,0x0A,0x09, 0x08, 0x07},
04-26 03:18:30.410 D/pskey_bt(  329): {0xFF, 0xFF, 0x8D, 0xFE, 0x9B, 0x3F, 0x79, 0x83,
04-26 03:18:30.410 D/pskey_bt(  329):   0xFF, 0xA7, 0xFF, 0x7F, 0x00, 0xE0, 0xF7, 0x3E},
04-26 03:18:30.410 D/pskey_bt(  329): {0xFF, 0xFF, 0xFF, 0xFF, 0xFF, 0xFF},
04-26 03:18:30.410 D/pskey_bt(  329): 0,
04-26 03:18:30.410 D/pskey_bt(  329): 1,
04-26 03:18:30.410 D/pskey_bt(  329): 5,
04-26 03:18:30.410 D/pskey_bt(  329): 0xE,
04-26 03:18:30.410 D/pskey_bt(  329): 1,
04-26 03:18:30.410 D/pskey_bt(  329): 1,
04-26 03:18:30.410 D/pskey_bt(  329): 0x50000000,
04-26 03:18:30.410 D/pskey_bt(  329): 0x50000150,
04-26 03:18:30.410 D/pskey_bt(  329): 0x50000150,
04-26 03:18:30.410 D/pskey_bt(  329): 0x50000154,
04-26 03:18:30.410 D/pskey_bt(  329): 0xFFFFFFFF,
04-26 03:18:30.410 D/pskey_bt(  329): 0x100,
04-26 03:18:30.410 D/pskey_bt(  329): 0xA0,
04-26 03:18:30.410 D/pskey_bt(  329): 0xDC,
04-26 03:18:30.410 D/pskey_bt(  329): 0x20,
04-26 03:18:30.410 D/pskey_bt(  329): 0x55,
04-26 03:18:30.410 D/pskey_bt(  329): 0x64,
04-26 03:18:30.410 D/pskey_bt(  329): 0,
04-26 03:18:30.410 D/pskey_bt(  329): 0x8,
04-26 03:18:30.410 D/pskey_bt(  329): 0x13C,
04-26 03:18:30.410 D/pskey_bt(  329): 0x2,
04-26 03:18:30.410 D/pskey_bt(  329): 0xD704,
04-26 03:18:30.410 D/pskey_bt(  329): 0x88888888,
04-26 03:18:30.410 D/pskey_bt(  329): 0x6,
04-26 03:18:30.410 D/pskey_bt(  329): 0x0,
04-26 03:18:30.410 D/pskey_bt(  329): {0x0001,0x0000,0x0000,0x0000,0x0000,0x0000,0x0000,0x0000,0x0000
04-26 03:18:30.410 D/pskey_bt(  329): char:0, 0
04-26 03:18:30.410 D/pskey_bt(  329): char:B, B
04-26 03:18:30.410 D/pskey_bt(  329): get_one_item(data) = 0xb
04-26 03:18:30.410 D/pskey_bt(  329): get_next_u32: here:b
04-26 03:18:30.410 D/pskey_bt(  329): char:0, 0
04-26 03:18:30.410 D/pskey_bt(  329): char:A, A
04-26 03:18:30.410 D/pskey_bt(  329): get_one_item(data) = 0xa
04-26 03:18:30.410 D/pskey_bt(  329): get_next_u32: here:a
04-26 03:18:30.410 D/pskey_bt(  329): char:0, 0
04-26 03:18:30.410 D/pskey_bt(  329): char:9, 9
04-26 03:18:30.410 D/pskey_bt(  329): get_one_item(data) = 0x9
04-26 03:18:30.410 D/pskey_bt(  329): get_next_u32: here:9
04-26 03:18:30.410 D/pskey_bt(  329): char:0, 0
04-26 03:18:30.410 D/pskey_bt(  329): char:8, 8
04-26 03:18:30.410 D/pskey_bt(  329): get_one_item(data) = 0x8
04-26 03:18:30.410 D/pskey_bt(  329): get_next_u32: here:8
04-26 03:18:30.410 D/pskey_bt(  329): char:0, 0
04-26 03:18:30.410 D/pskey_bt(  329): char:7, 7
04-26 03:18:30.410 D/pskey_bt(  329): get_one_item(data) = 0x7
04-26 03:18:30.410 D/pskey_bt(  329): get_next_u32: here:7
04-26 03:18:30.410 D/pskey_bt(  329): end of buff, str=},
04-26 03:18:30.410 D/pskey_bt(  329): {0xFF, 0xFF, 0x8D, 0xFE, 0x9B, 0x3F, 0x79, 0x83,
04-26 03:18:30.410 D/pskey_bt(  329):   0xFF, 0xA7, 0xFF, 0x7F, 0x00, 0xE0, 0xF7, 0x3E},
04-26 03:18:30.410 D/pskey_bt(  329): {0xFF, 0xFF, 0xFF, 0xFF, 0xFF, 0xFF},
04-26 03:18:30.410 D/pskey_bt(  329): 0,
04-26 03:18:30.410 D/pskey_bt(  329): 1,
04-26 03:18:30.410 D/pskey_bt(  329): 5,
04-26 03:18:30.410 D/pskey_bt(  329): 0xE,
04-26 03:18:30.410 D/pskey_bt(  329): 1,
04-26 03:18:30.410 D/pskey_bt(  329): 1,
04-26 03:18:30.410 D/pskey_bt(  329): 0x50000000,
04-26 03:18:30.410 D/pskey_bt(  329): 0x50000150,
04-26 03:18:30.410 D/pskey_bt(  329): 0x50000150,
04-26 03:18:30.410 D/pskey_bt(  329): 0x50000154,
04-26 03:18:30.410 D/pskey_bt(  329): 0xFFFFFFFF,
04-26 03:18:30.410 D/pskey_bt(  329): 0x100,
04-26 03:18:30.410 D/pskey_bt(  329): 0xA0,
04-26 03:18:30.410 D/pskey_bt(  329): 0xDC,
04-26 03:18:30.410 D/pskey_bt(  329): 0x20,
04-26 03:18:30.410 D/pskey_bt(  329): 0x55,
04-26 03:18:30.410 D/pskey_bt(  329): 0x64,
04-26 03:18:30.410 D/pskey_bt(  329): 0,
04-26 03:18:30.410 D/pskey_bt(  329): 0x8,
04-26 03:18:30.410 D/pskey_bt(  329): 0x13C,
04-26 03:18:30.410 D/pskey_bt(  329): 0x2,
04-26 03:18:30.410 D/pskey_bt(  329): 0xD704,
04-26 03:18:30.410 D/pskey_bt(  329): 0x88888888,
04-26 03:18:30.410 D/pskey_bt(  329): 0x6,
04-26 03:18:30.410 D/pskey_bt(  329): 0x0,
04-26 03:18:30.410 D/pskey_bt(  329): {0x0001,0x0000,0x0000,0x0000,0x0000,0x0000,0x0000,0x0000,0x0000
04-26 03:18:30.410 D/pskey_bt(  329): char:F, F
04-26 03:18:30.410 D/pskey_bt(  329): char:F, F
04-26 03:18:30.410 D/pskey_bt(  329): get_one_item(data) = 0xff
04-26 03:18:30.410 D/pskey_bt(  329): get_next_u8: here:ff
04-26 03:18:30.410 D/pskey_bt(  329): char:F, F
04-26 03:18:30.410 D/pskey_bt(  329): char:F, F
04-26 03:18:30.410 D/pskey_bt(  329): get_one_item(data) = 0xff
04-26 03:18:30.410 D/pskey_bt(  329): get_next_u8: here:ff
04-26 03:18:30.410 D/pskey_bt(  329): char:8, 8
04-26 03:18:30.410 D/pskey_bt(  329): char:D, D
04-26 03:18:30.410 D/pskey_bt(  329): get_one_item(data) = 0x8d
04-26 03:18:30.410 D/pskey_bt(  329): get_next_u8: here:8d
04-26 03:18:30.410 D/pskey_bt(  329): char:F, F
04-26 03:18:30.410 D/pskey_bt(  329): char:E, E
04-26 03:18:30.410 D/pskey_bt(  329): get_one_item(data) = 0xfe
04-26 03:18:30.410 D/pskey_bt(  329): get_next_u8: here:fe
04-26 03:18:30.410 D/pskey_bt(  329): char:9, 9
04-26 03:18:30.410 D/pskey_bt(  329): char:B, B
04-26 03:18:30.410 D/pskey_bt(  329): get_one_item(data) = 0x9b
04-26 03:18:30.410 D/pskey_bt(  329): get_next_u8: here:9b
04-26 03:18:30.410 D/pskey_bt(  329): char:3, 3
04-26 03:18:30.410 D/pskey_bt(  329): char:F, F
04-26 03:18:30.410 D/pskey_bt(  329): get_one_item(data) = 0x3f
04-26 03:18:30.410 D/pskey_bt(  329): get_next_u8: here:3f
04-26 03:18:30.410 D/pskey_bt(  329): char:7, 7
04-26 03:18:30.410 D/pskey_bt(  329): char:9, 9
04-26 03:18:30.410 D/pskey_bt(  329): get_one_item(data) = 0x79
04-26 03:18:30.410 D/pskey_bt(  329): get_next_u8: here:79
04-26 03:18:30.410 D/pskey_bt(  329): char:8, 8
04-26 03:18:30.410 D/pskey_bt(  329): char:3, 3
04-26 03:18:30.410 D/pskey_bt(  329): get_one_item(data) = 0x83
04-26 03:18:30.410 D/pskey_bt(  329): get_next_u8: here:83
04-26 03:18:30.410 D/pskey_bt(  329): char:F, F
04-26 03:18:30.410 D/pskey_bt(  329): char:F, F
04-26 03:18:30.410 D/pskey_bt(  329): get_one_item(data) = 0xff
04-26 03:18:30.410 D/pskey_bt(  329): get_next_u8: here:ff
04-26 03:18:30.410 D/pskey_bt(  329): char:A, A
04-26 03:18:30.410 D/pskey_bt(  329): char:7, 7
04-26 03:18:30.410 D/pskey_bt(  329): get_one_item(data) = 0xa7
04-26 03:18:30.410 D/pskey_bt(  329): get_next_u8: here:a7
04-26 03:18:30.410 D/pskey_bt(  329): char:F, F
04-26 03:18:30.410 D/pskey_bt(  329): char:F, F
04-26 03:18:30.410 D/pskey_bt(  329): get_one_item(data) = 0xff
04-26 03:18:30.410 D/pskey_bt(  329): get_next_u8: here:ff
04-26 03:18:30.410 D/pskey_bt(  329): char:7, 7
04-26 03:18:30.410 D/pskey_bt(  329): char:F, F
04-26 03:18:30.410 D/pskey_bt(  329): get_one_item(data) = 0x7f
04-26 03:18:30.410 D/pskey_bt(  329): get_next_u8: here:7f
04-26 03:18:30.410 D/pskey_bt(  329): char:0, 0
04-26 03:18:30.410 D/pskey_bt(  329): char:0, 0
04-26 03:18:30.410 D/pskey_bt(  329): get_one_item(data) = 0x0
04-26 03:18:30.410 D/pskey_bt(  329): get_next_u8: here:0
04-26 03:18:30.410 D/pskey_bt(  329): char:E, E
04-26 03:18:30.410 D/pskey_bt(  329): char:0, 0
04-26 03:18:30.410 D/pskey_bt(  329): get_one_item(data) = 0xe0
04-26 03:18:30.410 D/pskey_bt(  329): get_next_u8: here:e0
04-26 03:18:30.410 D/pskey_bt(  329): char:F, F
04-26 03:18:30.410 D/pskey_bt(  329): char:7, 7
04-26 03:18:30.410 D/pskey_bt(  329): get_one_item(data) = 0xf7
04-26 03:18:30.410 D/pskey_bt(  329): get_next_u8: here:f7
04-26 03:18:30.410 D/pskey_bt(  329): char:3, 3
04-26 03:18:30.410 D/pskey_bt(  329): char:E, E
04-26 03:18:30.410 D/pskey_bt(  329): get_one_item(data) = 0x3e
04-26 03:18:30.410 D/pskey_bt(  329): get_next_u8: here:3e
04-26 03:18:30.410 D/pskey_bt(  329): end of buff, str=},
04-26 03:18:30.410 D/pskey_bt(  329): {0xFF, 0xFF, 0xFF, 0xFF, 0xFF, 0xFF},
04-26 03:18:30.410 D/pskey_bt(  329): 0,
04-26 03:18:30.410 D/pskey_bt(  329): 1,
04-26 03:18:30.410 D/pskey_bt(  329): 5,
04-26 03:18:30.410 D/pskey_bt(  329): 0xE,
04-26 03:18:30.410 D/pskey_bt(  329): 1,
04-26 03:18:30.410 D/pskey_bt(  329): 1,
04-26 03:18:30.410 D/pskey_bt(  329): 0x50000000,
04-26 03:18:30.410 D/pskey_bt(  329): 0x50000150,
04-26 03:18:30.410 D/pskey_bt(  329): 0x50000150,
04-26 03:18:30.410 D/pskey_bt(  329): 0x50000154,
04-26 03:18:30.410 D/pskey_bt(  329): 0xFFFFFFFF,
04-26 03:18:30.410 D/pskey_bt(  329): 0x100,
04-26 03:18:30.410 D/pskey_bt(  329): 0xA0,
04-26 03:18:30.410 D/pskey_bt(  329): 0xDC,
04-26 03:18:30.410 D/pskey_bt(  329): 0x20,
04-26 03:18:30.410 D/pskey_bt(  329): 0x55,
04-26 03:18:30.410 D/pskey_bt(  329): 0x64,
04-26 03:18:30.410 D/pskey_bt(  329): 0,
04-26 03:18:30.410 D/pskey_bt(  329): 0x8,
04-26 03:18:30.410 D/pskey_bt(  329): 0x13C,
04-26 03:18:30.410 D/pskey_bt(  329): 0x2,
04-26 03:18:30.410 D/pskey_bt(  329): 0xD704,
04-26 03:18:30.410 D/pskey_bt(  329): 0x88888888,
04-26 03:18:30.410 D/pskey_bt(  329): 0x6,
04-26 03:18:30.410 D/pskey_bt(  329): 0x0,
04-26 03:18:30.410 D/pskey_bt(  329): {0x0001,0x0000,0x0000,0x0000,0x0000,0x0000,0x0000,0x0000,0x0000
04-26 03:18:30.410 D/pskey_bt(  329): char:F, F
04-26 03:18:30.410 D/pskey_bt(  329): char:F, F
04-26 03:18:30.410 D/pskey_bt(  329): get_one_item(data) = 0xff
04-26 03:18:30.410 D/pskey_bt(  329): get_next_u8: here:ff
04-26 03:18:30.410 D/pskey_bt(  329): char:F, F
04-26 03:18:30.410 D/pskey_bt(  329): char:F, F
04-26 03:18:30.410 D/pskey_bt(  329): get_one_item(data) = 0xff
04-26 03:18:30.410 D/pskey_bt(  329): get_next_u8: here:ff
04-26 03:18:30.410 D/pskey_bt(  329): char:F, F
04-26 03:18:30.410 D/pskey_bt(  329): char:F, F
04-26 03:18:30.410 D/pskey_bt(  329): get_one_item(data) = 0xff
04-26 03:18:30.410 D/pskey_bt(  329): get_next_u8: here:ff
04-26 03:18:30.410 D/pskey_bt(  329): char:F, F
04-26 03:18:30.410 D/pskey_bt(  329): char:F, F
04-26 03:18:30.410 D/pskey_bt(  329): get_one_item(data) = 0xff
04-26 03:18:30.410 D/pskey_bt(  329): get_next_u8: here:ff
04-26 03:18:30.410 D/pskey_bt(  329): char:F, F
04-26 03:18:30.410 D/pskey_bt(  329): char:F, F
04-26 03:18:30.410 D/pskey_bt(  329): get_one_item(data) = 0xff
04-26 03:18:30.410 D/pskey_bt(  329): get_next_u8: here:ff
04-26 03:18:30.410 D/pskey_bt(  329): char:F, F
04-26 03:18:30.410 D/pskey_bt(  329): char:F, F
04-26 03:18:30.410 D/pskey_bt(  329): get_one_item(data) = 0xff
04-26 03:18:30.410 D/pskey_bt(  329): get_next_u8: here:ff
04-26 03:18:30.410 D/pskey_bt(  329): end of buff, str=},
04-26 03:18:30.410 D/pskey_bt(  329): 0,
04-26 03:18:30.410 D/pskey_bt(  329): 1,
04-26 03:18:30.410 D/pskey_bt(  329): 5,
04-26 03:18:30.410 D/pskey_bt(  329): 0xE,
04-26 03:18:30.410 D/pskey_bt(  329): 1,
04-26 03:18:30.410 D/pskey_bt(  329): 1,
04-26 03:18:30.410 D/pskey_bt(  329): 0x50000000,
04-26 03:18:30.410 D/pskey_bt(  329): 0x50000150,
04-26 03:18:30.410 D/pskey_bt(  329): 0x50000150,
04-26 03:18:30.410 D/pskey_bt(  329): 0x50000154,
04-26 03:18:30.410 D/pskey_bt(  329): 0xFFFFFFFF,
04-26 03:18:30.410 D/pskey_bt(  329): 0x100,
04-26 03:18:30.410 D/pskey_bt(  329): 0xA0,
04-26 03:18:30.410 D/pskey_bt(  329): 0xDC,
04-26 03:18:30.410 D/pskey_bt(  329): 0x20,
04-26 03:18:30.410 D/pskey_bt(  329): 0x55,
04-26 03:18:30.410 D/pskey_bt(  329): 0x64,
04-26 03:18:30.410 D/pskey_bt(  329): 0,
04-26 03:18:30.410 D/pskey_bt(  329): 0x8,
04-26 03:18:30.410 D/pskey_bt(  329): 0x13C,
04-26 03:18:30.410 D/pskey_bt(  329): 0x2,
04-26 03:18:30.410 D/pskey_bt(  329): 0xD704,
04-26 03:18:30.410 D/pskey_bt(  329): 0x88888888,
04-26 03:18:30.410 D/pskey_bt(  329): 0x6,
04-26 03:18:30.410 D/pskey_bt(  329): 0x0,
04-26 03:18:30.410 D/pskey_bt(  329): {0x0001,0x0000,0x0000,0x0000,0x0000,0x0000,0x0000,0x0000,0x0000
04-26 03:18:30.410 D/pskey_bt(  329): char:0, 0
04-26 03:18:30.410 D/pskey_bt(  329): get_one_item(data) = 0x0
04-26 03:18:30.410 D/pskey_bt(  329): get_next_u8: here:0
04-26 03:18:30.410 D/pskey_bt(  329): char:1, 1
04-26 03:18:30.410 D/pskey_bt(  329): get_one_item(data) = 0x1
04-26 03:18:30.410 D/pskey_bt(  329): get_next_u8: here:1
04-26 03:18:30.410 D/pskey_bt(  329): char:5, 5
04-26 03:18:30.410 D/pskey_bt(  329): get_one_item(data) = 0x5
04-26 03:18:30.410 D/pskey_bt(  329): get_next_u8: here:5
04-26 03:18:30.410 D/pskey_bt(  329): char:E, E
04-26 03:18:30.410 D/pskey_bt(  329): get_one_item(data) = 0xe
04-26 03:18:30.410 D/pskey_bt(  329): get_next_u8: here:e
04-26 03:18:30.410 D/pskey_bt(  329): char:1, 1
04-26 03:18:30.410 D/pskey_bt(  329): get_one_item(data) = 0x1
04-26 03:18:30.410 D/pskey_bt(  329): get_next_u8: here:1
04-26 03:18:30.410 D/pskey_bt(  329): char:1, 1
04-26 03:18:30.410 D/pskey_bt(  329): get_one_item(data) = 0x1
04-26 03:18:30.410 D/pskey_bt(  329): get_next_u8: here:1
04-26 03:18:30.410 D/pskey_bt(  329): char:5, 5
04-26 03:18:30.410 D/pskey_bt(  329): char:0, 0
04-26 03:18:30.410 D/pskey_bt(  329): char:0, 0
04-26 03:18:30.410 D/pskey_bt(  329): char:0, 0
04-26 03:18:30.410 D/pskey_bt(  329): char:0, 0
04-26 03:18:30.410 D/pskey_bt(  329): char:0, 0
04-26 03:18:30.410 D/pskey_bt(  329): char:0, 0
04-26 03:18:30.410 D/pskey_bt(  329): char:0, 0
04-26 03:18:30.410 D/pskey_bt(  329): get_one_item(data) = 0x50000000
04-26 03:18:30.410 D/pskey_bt(  329): get_next_u32: here:50000000
04-26 03:18:30.410 D/pskey_bt(  329): char:5, 5
04-26 03:18:30.410 D/pskey_bt(  329): char:0, 0
04-26 03:18:30.410 D/pskey_bt(  329): char:0, 0
04-26 03:18:30.410 D/pskey_bt(  329): char:0, 0
04-26 03:18:30.410 D/pskey_bt(  329): char:0, 0
04-26 03:18:30.410 D/pskey_bt(  329): char:1, 1
04-26 03:18:30.410 D/pskey_bt(  329): char:5, 5
04-26 03:18:30.410 D/pskey_bt(  329): char:0, 0
04-26 03:18:30.410 D/pskey_bt(  329): get_one_item(data) = 0x50000150
04-26 03:18:30.410 D/pskey_bt(  329): get_next_u32: here:50000150
04-26 03:18:30.410 D/pskey_bt(  329): char:5, 5
04-26 03:18:30.410 D/pskey_bt(  329): char:0, 0
04-26 03:18:30.410 D/pskey_bt(  329): char:0, 0
04-26 03:18:30.410 D/pskey_bt(  329): char:0, 0
04-26 03:18:30.410 D/pskey_bt(  329): char:0, 0
04-26 03:18:30.410 D/pskey_bt(  329): char:1, 1
04-26 03:18:30.410 D/pskey_bt(  329): char:5, 5
04-26 03:18:30.410 D/pskey_bt(  329): char:0, 0
04-26 03:18:30.410 D/pskey_bt(  329): get_one_item(data) = 0x50000150
04-26 03:18:30.410 D/pskey_bt(  329): get_next_u32: here:50000150
04-26 03:18:30.410 D/pskey_bt(  329): char:5, 5
04-26 03:18:30.410 D/pskey_bt(  329): char:0, 0
04-26 03:18:30.410 D/pskey_bt(  329): char:0, 0
04-26 03:18:30.410 D/pskey_bt(  329): char:0, 0
04-26 03:18:30.410 D/pskey_bt(  329): char:0, 0
04-26 03:18:30.410 D/pskey_bt(  329): char:1, 1
04-26 03:18:30.410 D/pskey_bt(  329): char:5, 5
04-26 03:18:30.410 D/pskey_bt(  329): char:4, 4
04-26 03:18:30.410 D/pskey_bt(  329): get_one_item(data) = 0x50000154
04-26 03:18:30.410 D/pskey_bt(  329): get_next_u32: here:50000154
04-26 03:18:30.410 D/pskey_bt(  329): char:F, F
04-26 03:18:30.410 D/pskey_bt(  329): char:F, F
04-26 03:18:30.410 D/pskey_bt(  329): char:F, F
04-26 03:18:30.410 D/pskey_bt(  329): char:F, F
04-26 03:18:30.410 D/pskey_bt(  329): char:F, F
04-26 03:18:30.410 D/pskey_bt(  329): char:F, F
04-26 03:18:30.410 D/pskey_bt(  329): char:F, F
04-26 03:18:30.410 D/pskey_bt(  329): char:F, F
04-26 03:18:30.410 D/pskey_bt(  329): get_one_item(data) = 0xffffffff
04-26 03:18:30.410 D/pskey_bt(  329): get_next_u32: here:ffffffff
04-26 03:18:30.410 D/pskey_bt(  329): char:1, 1
04-26 03:18:30.410 D/pskey_bt(  329): char:0, 0
04-26 03:18:30.410 D/pskey_bt(  329): char:0, 0
04-26 03:18:30.410 D/pskey_bt(  329): get_one_item(data) = 0x100
04-26 03:18:30.410 D/pskey_bt(  329): get_next_u16: here:100
04-26 03:18:30.410 D/pskey_bt(  329): char:A, A
04-26 03:18:30.410 D/pskey_bt(  329): char:0, 0
04-26 03:18:30.410 D/pskey_bt(  329): get_one_item(data) = 0xa0
04-26 03:18:30.410 D/pskey_bt(  329): get_next_u16: here:a0
04-26 03:18:30.410 D/pskey_bt(  329): char:D, D
04-26 03:18:30.410 D/pskey_bt(  329): char:C, C
04-26 03:18:30.410 D/pskey_bt(  329): get_one_item(data) = 0xdc
04-26 03:18:30.410 D/pskey_bt(  329): get_next_u16: here:dc
04-26 03:18:30.410 D/pskey_bt(  329): char:2, 2
04-26 03:18:30.410 D/pskey_bt(  329): char:0, 0
04-26 03:18:30.410 D/pskey_bt(  329): get_one_item(data) = 0x20
04-26 03:18:30.410 D/pskey_bt(  329): get_next_u16: here:20
04-26 03:18:30.410 D/pskey_bt(  329): char:5, 5
04-26 03:18:30.410 D/pskey_bt(  329): char:5, 5
04-26 03:18:30.410 D/pskey_bt(  329): get_one_item(data) = 0x55
04-26 03:18:30.410 D/pskey_bt(  329): get_next_u16: here:55
04-26 03:18:30.410 D/pskey_bt(  329): char:6, 6
04-26 03:18:30.410 D/pskey_bt(  329): char:4, 4
04-26 03:18:30.410 D/pskey_bt(  329): get_one_item(data) = 0x64
04-26 03:18:30.410 D/pskey_bt(  329): get_next_u16: here:64
04-26 03:18:30.410 D/pskey_bt(  329): char:0, 0
04-26 03:18:30.410 D/pskey_bt(  329): get_one_item(data) = 0x0
04-26 03:18:30.410 D/pskey_bt(  329): get_next_u32: here:0
04-26 03:18:30.410 D/pskey_bt(  329): char:8, 8
04-26 03:18:30.410 D/pskey_bt(  329): get_one_item(data) = 0x8
04-26 03:18:30.410 D/pskey_bt(  329): get_next_u16: here:8
04-26 03:18:30.410 D/pskey_bt(  329): char:1, 1
04-26 03:18:30.410 D/pskey_bt(  329): char:3, 3
04-26 03:18:30.410 D/pskey_bt(  329): char:C, C
04-26 03:18:30.410 D/pskey_bt(  329): get_one_item(data) = 0x13c
04-26 03:18:30.410 D/pskey_bt(  329): get_next_u16: here:13c
04-26 03:18:30.410 D/pskey_bt(  329): char:2, 2
04-26 03:18:30.410 D/pskey_bt(  329): get_one_item(data) = 0x2
04-26 03:18:30.410 D/pskey_bt(  329): get_next_u16: here:2
04-26 03:18:30.410 D/pskey_bt(  329): char:D, D
04-26 03:18:30.410 D/pskey_bt(  329): char:7, 7
04-26 03:18:30.410 D/pskey_bt(  329): char:0, 0
04-26 03:18:30.410 D/pskey_bt(  329): char:4, 4
04-26 03:18:30.410 D/pskey_bt(  329): get_one_item(data) = 0xd704
04-26 03:18:30.410 D/pskey_bt(  329): get_next_u16: here:d704
04-26 03:18:30.410 D/pskey_bt(  329): char:8, 8
04-26 03:18:30.410 D/pskey_bt(  329): char:8, 8
04-26 03:18:30.410 D/pskey_bt(  329): char:8, 8
04-26 03:18:30.410 D/pskey_bt(  329): char:8, 8
04-26 03:18:30.410 D/pskey_bt(  329): char:8, 8
04-26 03:18:30.410 D/pskey_bt(  329): char:8, 8
04-26 03:18:30.410 D/pskey_bt(  329): char:8, 8
04-26 03:18:30.410 D/pskey_bt(  329): char:8, 8
04-26 03:18:30.410 D/pskey_bt(  329): get_one_item(data) = 0x88888888
04-26 03:18:30.410 D/pskey_bt(  329): get_next_u32: here:88888888
04-26 03:18:30.410 D/pskey_bt(  329): char:6, 6
04-26 03:18:30.410 D/pskey_bt(  329): get_one_item(data) = 0x6
04-26 03:18:30.410 D/pskey_bt(  329): get_next_u16: here:6
04-26 03:18:30.410 D/pskey_bt(  329): char:0, 0
04-26 03:18:30.410 D/pskey_bt(  329): get_one_item(data) = 0x0
04-26 03:18:30.410 D/pskey_bt(  329): get_next_u16: here:0
04-26 03:18:30.410 D/pskey_bt(  329): char:0, 0
04-26 03:18:30.410 D/pskey_bt(  329): char:0, 0
04-26 03:18:30.410 D/pskey_bt(  329): char:0, 0
04-26 03:18:30.410 D/pskey_bt(  329): char:1, 1
04-26 03:18:30.410 D/pskey_bt(  329): get_one_item(data) = 0x1
04-26 03:18:30.410 D/pskey_bt(  329): get_next_u32: here:1
04-26 03:18:30.410 D/pskey_bt(  329): char:0, 0
04-26 03:18:30.410 D/pskey_bt(  329): char:0, 0
04-26 03:18:30.410 D/pskey_bt(  329): char:0, 0
04-26 03:18:30.410 D/pskey_bt(  329): char:0, 0
04-26 03:18:30.410 D/pskey_bt(  329): get_one_item(data) = 0x0
04-26 03:18:30.410 D/pskey_bt(  329): get_next_u32: here:0
04-26 03:18:30.410 D/pskey_bt(  329): char:0, 0
04-26 03:18:30.410 D/pskey_bt(  329): char:0, 0
04-26 03:18:30.410 D/pskey_bt(  329): char:0, 0
04-26 03:18:30.410 D/pskey_bt(  329): char:0, 0
04-26 03:18:30.410 D/pskey_bt(  329): get_one_item(data) = 0x0
04-26 03:18:30.410 D/pskey_bt(  329): get_next_u32: here:0
04-26 03:18:30.410 D/pskey_bt(  329): char:0, 0
04-26 03:18:30.410 D/pskey_bt(  329): char:0, 0
04-26 03:18:30.410 D/pskey_bt(  329): char:0, 0
04-26 03:18:30.410 D/pskey_bt(  329): char:0, 0
04-26 03:18:30.410 D/pskey_bt(  329): get_one_item(data) = 0x0
04-26 03:18:30.410 D/pskey_bt(  329): get_next_u32: here:0
04-26 03:18:30.410 D/pskey_bt(  329): char:0, 0
04-26 03:18:30.410 D/pskey_bt(  329): char:0, 0
04-26 03:18:30.410 D/pskey_bt(  329): char:0, 0
04-26 03:18:30.410 D/pskey_bt(  329): char:0, 0
04-26 03:18:30.410 D/pskey_bt(  329): get_one_item(data) = 0x0
04-26 03:18:30.410 D/pskey_bt(  329): get_next_u32: here:0
04-26 03:18:30.410 D/pskey_bt(  329): char:0, 0
04-26 03:18:30.410 D/pskey_bt(  329): char:0, 0
04-26 03:18:30.410 D/pskey_bt(  329): char:0, 0
04-26 03:18:30.410 D/pskey_bt(  329): char:0, 0
04-26 03:18:30.410 D/pskey_bt(  329): get_one_item(data) = 0x0
04-26 03:18:30.410 D/pskey_bt(  329): get_next_u32: here:0
04-26 03:18:30.410 D/pskey_bt(  329): char:0, 0
04-26 03:18:30.410 D/pskey_bt(  329): char:0, 0
04-26 03:18:30.410 D/pskey_bt(  329): char:0, 0
04-26 03:18:30.410 D/pskey_bt(  329): char:0, 0
04-26 03:18:30.410 D/pskey_bt(  329): get_one_item(data) = 0x0
04-26 03:18:30.410 D/pskey_bt(  329): get_next_u32: here:0
04-26 03:18:30.410 D/pskey_bt(  329): char:0, 0
04-26 03:18:30.410 D/pskey_bt(  329): char:0, 0
04-26 03:18:30.410 D/pskey_bt(  329): char:0, 0
04-26 03:18:30.410 D/pskey_bt(  329): char:0, 0
04-26 03:18:30.410 D/pskey_bt(  329): get_one_item(data) = 0x0
04-26 03:18:30.410 D/pskey_bt(  329): get_next_u32: here:0
04-26 03:18:30.410 D/pskey_bt(  329): char:0, 0
04-26 03:18:30.410 D/pskey_bt(  329): char:0, 0
04-26 03:18:30.410 D/pskey_bt(  329): char:0, 0
04-26 03:18:30.410 D/pskey_bt(  329): char:0, 0
04-26 03:18:30.410 D/pskey_bt(  329): get_one_item(data) = 0x0
04-26 03:18:30.410 D/pskey_bt(  329): get_next_u32: here:0
04-26 03:18:30.410 D/pskey_bt(  329): get_one_item(data) = 0x0
04-26 03:18:30.410 D/pskey_bt(  329): get_next_u32: here:0
04-26 03:18:30.410 D/pskey_bt(  329): leave out tmp_buff=
04-26 03:18:30.410 D/pskey_bt(  329): parse pskey success, tmp_buff=0x7b2120
04-26 03:18:30.410 D/pskey_bt(  329): ret get pskey from file =0
04-26 03:18:30.410 D/pskey_bt(  329): data/btmac.txt does not exist 0 
04-26 03:18:30.510 D/pskey_bt(  329): tmp_mac:0065514deb0e
04-26 03:18:30.510 D/pskey_bt(  329): e  
04-26 03:18:30.510 D/pskey_bt(  329): eb  
04-26 03:18:30.510 D/pskey_bt(  329): 4d  
04-26 03:18:30.510 D/pskey_bt(  329): 51  
04-26 03:18:30.510 D/pskey_bt(  329): 65  
04-26 03:18:30.510 D/pskey_bt(  329): 0  
04-26 03:18:30.740 E/eng_rf_nv_update(   98): [set_rf_nvconf]: waiting rf finish self calibration!
04-26 03:18:30.840 I/nsVolume(   84): nsVolume: sdcard state Mounted @ '/mnt/sdcard' gen 1 locked 0 fake 0 media 1 sharing 0 formatting 0
04-26 03:18:30.840 I/AutoMounter(   84): UpdateState: umsAvail:1 umsEnabled:1 mode:0 usbCablePluggedIn:1 tryToShare:0
04-26 03:18:30.840 I/AutoMounter(   84): UpdateState: Volume sdcard is Mounted and inserted @ /mnt/sdcard gen 1 locked 0 sharing n
04-26 03:18:30.840 I/AutoMounter(   84): UpdateState: umsAvail:1 umsEnabled:1 mode:0 usbCablePluggedIn:1 tryToShare:0
04-26 03:18:30.840 I/AutoMounter(   84): UpdateState: Volume sdcard is Mounted and inserted @ /mnt/sdcard gen 1 locked 0 sharing n
04-26 03:18:30.920 I/Gonk    (   84): RIL[0]: OnConnectSuccess
04-26 03:18:31.110 I/Gonk    (   84): RIL[1]: OnConnectSuccess
04-26 03:18:31.240 E/eng_rf_nv_update(   98): [set_rf_nvconf]: waiting rf finish self calibration!
04-26 03:18:31.310 I/Gecko   (   84): 1398507511319	Marionette	DEBUG	accepted connection on 127.0.0.1:34147
04-26 03:18:31.610 E/bluedroid(   84): test bt_is_enabled
04-26 03:18:31.740 E/eng_rf_nv_update(   98): [set_rf_nvconf]: waiting rf finish self calibration!
04-26 03:18:32.240 E/eng_rf_nv_update(   98): [set_rf_nvconf]: waiting rf finish self calibration!
04-26 03:18:32.360 D/NetUtils(   84): failed to remove default route for wlan0: No such device
04-26 03:18:32.370 W/WifiHW  (   84): wifi_load_driver enter 262
04-26 03:18:32.370 W/WifiHW  (   84): DRIVER_MODULE_PATH= DRIVER_MODULE_ARG= 
04-26 03:18:32.370 W/WifiHW  (   84): driver insmod complete 
04-26 03:18:32.370 W/WifiHW  (   84): Driver() loaded succesffuly
04-26 03:18:32.650 W/WifiHW  (   87): wifi_change_fw_path: /system/lib/modules/itm_sta.ko
04-26 03:18:32.650 D/WifiHW  (   87): Unable to unload driver module "itm_ap.ko": No such file or directory
04-26 03:18:32.750 E/eng_rf_nv_update(   98): [set_rf_nvconf]: waiting rf finish self calibration!
04-26 03:18:32.850 D/WifiHW  (   87): Unable to unload driver module "itm_sta.ko": No such file or directory
04-26 03:18:33.050 W/WifiHW  (   87): insmod filename=/system/lib/modules/itm_sta.ko args= 
04-26 03:18:33.190 V/AudioPolicyManagerBase(   89): setStreamVolumeIndex() stream 3, index 0
04-26 03:18:33.190 E/AudioPolicyManagerBase(   89): checkAndSetVolume stream=3, index=0, output=1, device=2
04-26 03:18:33.190 E/AudioPolicyManagerBase(   89): computeVolume, streamDesc=0x9aebf0
04-26 03:18:33.190 V/AudioPolicyManagerBase(   89): setStreamVolume() for output 1 stream 3, volume 0.000000, delay 0
04-26 03:18:33.200 V/AudioPolicyManagerBase(   89): setStreamVolumeIndex() stream 1, index 0
04-26 03:18:33.200 E/AudioPolicyManagerBase(   89): checkAndSetVolume stream=1, index=0, output=1, device=2
04-26 03:18:33.200 E/AudioPolicyManagerBase(   89): computeVolume, streamDesc=0x9aebb8
04-26 03:18:33.200 V/AudioPolicyManagerBase(   89): setStreamVolume() for output 1 stream 1, volume 0.000000, delay 0
04-26 03:18:33.210 V/AudioPolicyManagerBase(   89): setStreamVolumeIndex() stream 5, index 0
04-26 03:18:33.210 E/AudioPolicyManagerBase(   89): checkAndSetVolume stream=5, index=0, output=1, device=2
04-26 03:18:33.210 E/AudioPolicyManagerBase(   89): computeVolume, streamDesc=0x9aec28
04-26 03:18:33.210 V/AudioPolicyManagerBase(   89): setStreamVolume() for output 1 stream 5, volume 0.000000, delay 0
04-26 03:18:33.210 V/AudioPolicyManagerBase(   89): setStreamVolumeIndex() stream 2, index 0
04-26 03:18:33.210 E/AudioPolicyManagerBase(   89): checkAndSetVolume stream=2, index=0, output=1, device=2
04-26 03:18:33.210 E/AudioPolicyManagerBase(   89): computeVolume, streamDesc=0x9aebd4
04-26 03:18:33.210 V/AudioPolicyManagerBase(   89): setStreamVolume() for output 1 stream 2, volume 0.000000, delay 0
04-26 03:18:33.210 V/AudioPolicyManagerBase(   89): setStreamVolumeIndex() stream 4, index 15
04-26 03:18:33.210 E/AudioPolicyManagerBase(   89): checkAndSetVolume stream=4, index=15, output=1, device=2
04-26 03:18:33.210 E/AudioPolicyManagerBase(   89): computeVolume, streamDesc=0x9aec0c
04-26 03:18:33.210 V/AudioPolicyManagerBase(   89): VOLUME vol index=[66 100 100], dB=[-10.2 0.0 0.0] ampl=1.00000
04-26 03:18:33.210 V/AudioPolicyManagerBase(   89): setStreamVolumeIndex() stream 0, index 5
04-26 03:18:33.210 E/AudioPolicyManagerBase(   89): checkAndSetVolume stream=0, index=5, output=1, device=2
04-26 03:18:33.210 E/AudioPolicyManagerBase(   89): computeVolume, streamDesc=0x9aeb9c
04-26 03:18:33.210 V/AudioPolicyManagerBase(   89): VOLUME vol index=[66 100 100], dB=[-17.0 0.0 0.0] ampl=1.00000
04-26 03:18:33.230 V/AudioPolicyManagerBase(   89): setStreamVolumeIndex() stream 6, index 15
04-26 03:18:33.230 V/AudioPolicyManagerBase(   89): checkAndSetVolume() cannot set stream 6 volume with force use = 0 for comm
04-26 03:18:33.250 E/eng_rf_nv_update(   98): [set_rf_nvconf]: waiting rf finish self calibration!
04-26 03:18:33.470 I/Gecko   (   84): -*- RadioInterface[0]: _lastKnownHomeNetwork: 310-410
04-26 03:18:33.560 I/Gecko   (   84): -*- RadioInterface[1]: _lastKnownHomeNetwork: 214-07
04-26 03:18:33.750 E/eng_rf_nv_update(   98): [set_rf_nvconf]: waiting rf finish self calibration!
04-26 03:18:34.060 E/Profiler(  349): BEGIN mozilla_sampler_init
04-26 03:18:34.060 E/Profiler(  349): BPUnw: [1 total] thread_register_for_profiling(me=0x400ae488, stacktop=0xbed889b7)
04-26 03:18:34.060 E/Profiler(  349): SPS:
04-26 03:18:34.060 E/Profiler(  349): SPS: Unwind mode       = pseudo
04-26 03:18:34.060 E/Profiler(  349): SPS: Sampling interval = 0 ms (zero means "platform default")
04-26 03:18:34.060 E/Profiler(  349): SPS: Entry store size  = 0 (zero means "platform default")
04-26 03:18:34.060 E/Profiler(  349): SPS: UnwindStackScan   = 0 (max dubious frames per unwind).
04-26 03:18:34.060 E/Profiler(  349): SPS: Use env var MOZ_PROFILER_MODE=help for further information.
04-26 03:18:34.060 E/Profiler(  349): SPS:
04-26 03:18:34.060 E/Profiler(  349): Registering start signal
04-26 03:18:34.250 E/eng_rf_nv_update(   98): [set_rf_nvconf]: waiting rf finish self calibration!
04-26 03:18:34.300 I/Gecko   (   84): -*- RadioInterface[0]: _lastKnownHomeNetwork: 310-410
04-26 03:18:34.490 I/VolumeManager(   84): SetSharingMode for volume sdcard to 1 canBeShared = 1
04-26 03:18:34.490 I/AutoMounter(   84): UpdateState: umsAvail:1 umsEnabled:1 mode:0 usbCablePluggedIn:1 tryToShare:0
04-26 03:18:34.490 I/AutoMounter(   84): UpdateState: Volume sdcard is Mounted and inserted @ /mnt/sdcard gen 1 locked 0 sharing y
04-26 03:18:34.580 E/GeckoConsole(  349): Could not read chrome manifest 'file:///system/b2g/chrome.manifest'.
04-26 03:18:34.750 E/eng_rf_nv_update(   98): [set_rf_nvconf]: waiting rf finish self calibration!
04-26 03:18:34.750 I/Gecko   (   84): ###################################### forms.js loaded
04-26 03:18:34.760 I/Gecko   (   84): ############################### browserElementPanning.js loaded
04-26 03:18:34.790 I/Gecko   (   84): ######################## BrowserElementChildPreload.js loaded
04-26 03:18:34.810 I/Gecko   (   84): *** UTM:SVC TimerManager:registerTimer - id: user-agent-updates-timer
04-26 03:18:34.810 E/GeckoConsole(   84): UTM:SVC TimerManager:registerTimer - id: user-agent-updates-timer
04-26 03:18:35.180 I/GeckoDump(   84): Crash reporter : Can't fetch app.reportCrashes. Exception: [Exception... "Component returned failure code: 0x8000ffff (NS_ERROR_UNEXPECTED) [nsIPrefBranch.getBoolPref]"  nsresult: "0x8000ffff (NS_ERROR_UNEXPECTED)"  location: "JS frame :: chrome://browser/content/shell.js :: shell_reportCrash :: line 7"  data: no]
04-26 03:18:35.250 E/eng_rf_nv_update(   98): [set_rf_nvconf]: waiting rf finish self calibration!
04-26 03:18:35.560 D/SoftapController(   87): Softap fwReload - Ok
04-26 03:18:35.560 E/BandwidthController(   87): No such iface wlan0 to delete
04-26 03:18:35.700 E/Profiler(   84): BPUnw: [1 total] thread_unregister_for_profiling(me=0x1c73f48)  (NOT REGISTERED) 
04-26 03:18:35.750 E/eng_rf_nv_update(   98): [set_rf_nvconf]: waiting rf finish self calibration!
04-26 03:18:35.900 E/GeckoConsole(   84): [JavaScript Warning: "Error in parsing value for 'font-weight'.  Declaration dropped." {file: "app://system.gaiamobile.org/style/shrinking_ui/shrinking_ui.css" line: 9 column: 15 source: "  font-weight: medium;"}]
04-26 03:18:36.250 E/eng_rf_nv_update(   98): [set_rf_nvconf]: waiting rf finish self calibration!
04-26 03:18:36.380 D/Sensors (   84): activate handle=0; drv=0
04-26 03:18:36.380 D/Sensors (   84): Lis3dhSensor: Control set 0
04-26 03:18:36.380 D/Sensors (   84): Lis3dhSensor: mEnabled = 0
04-26 03:18:36.390 I/Gecko   (   84): MobileConnection initialized
04-26 03:18:36.390 I/Gecko   (   84): MobileConnection initialized
04-26 03:18:36.750 E/eng_rf_nv_update(   98): [set_rf_nvconf]: waiting rf finish self calibration!
04-26 03:18:36.950 I/Gecko   (   84): Attempting load of libEGL.so
04-26 03:18:36.990 D/libEGL  (   84): loaded /system/lib/egl/libEGL_mali.so
04-26 03:18:37.020 D/libEGL  (   84): loaded /system/lib/egl/libGLESv1_CM_mali.so
04-26 03:18:37.030 D/libEGL  (   84): loaded /system/lib/egl/libGLESv2_mali.so
04-26 03:18:37.050 I/HWComposer(   84): Creating new instance
04-26 03:18:37.050 E/HWComposer(   84): Failed to initialize hwc
04-26 03:18:37.110 E/GeckoConsole(   84): OpenGL compositor Initialized Succesfully.
04-26 03:18:37.110 E/GeckoConsole(   84): Version: OpenGL ES 2.0 Spreadtrum Build
04-26 03:18:37.110 E/GeckoConsole(   84): Vendor: ARM
04-26 03:18:37.110 E/GeckoConsole(   84): Renderer: Mali-300
04-26 03:18:37.110 E/GeckoConsole(   84): FBO Texture Target: TEXTURE_2D
04-26 03:18:37.250 E/eng_rf_nv_update(   98): [set_rf_nvconf]: waiting rf finish self calibration!
04-26 03:18:37.570 I/Gonk    (   84): Setting nice for pid 359 to 18
04-26 03:18:37.570 I/Gonk    (   84): Changed nice for pid 359 from 0 to 18.
04-26 03:18:37.750 E/eng_rf_nv_update(   98): [set_rf_nvconf]: waiting rf finish self calibration!
04-26 03:18:37.830 I/Gecko   (   84): 1398507517831	Marionette	DEBUG	accepted connection on 127.0.0.1:34148
04-26 03:18:37.960 E/WifiHW  (   84): Leo ensure_config_file_exists config_file=/data/misc/wifi/wpa_supplicant.conf
04-26 03:18:37.970 E/WifiHW  (   84): daemon_cmd=wpa_supplicant:-iwlan0 -c/data/misc/wifi/wpa_supplicant.conf
04-26 03:18:38.250 E/eng_rf_nv_update(   98): [set_rf_nvconf]: waiting rf finish self calibration!
04-26 03:18:38.750 E/eng_rf_nv_update(   98): [set_rf_nvconf]: waiting rf finish self calibration!
04-26 03:18:39.110 I/power   (   84): *** set_screen_state 1
04-26 03:18:39.110 D/Sensors (   84): activate handle=3; drv=1
04-26 03:18:39.110 D/Sensors (   84): SensorTMD2771::setEnable=0= en=1; newState=1; what=0; mEnabled=0
04-26 03:18:39.230 D/Sensors (   84): taos ---Light::TAOS_IOCTL_ALS_ON=== err=0
04-26 03:18:39.230 D/Sensors (   84): SensorTMD2771::setEnable=1= en=1; newState=1; what=0; mEnabled=1
04-26 03:18:39.230 D/Sensors (   84): SensorTMD2771::getEnable===mEnabled=0x1; enable=1
04-26 03:18:39.250 I/GeckoDump(   84): XXX FIXME : Got a mozContentEvent: nfc-hardware-state-change
04-26 03:18:39.250 E/eng_rf_nv_update(   98): [set_rf_nvconf]: waiting rf finish self calibration!
04-26 03:18:39.300 I/Gecko   (   84): ############################### browserElementPanning.js loaded
04-26 03:18:39.330 E/slog    (  317): handle_top_logdir: slog use external storage [17]
04-26 03:18:39.360 I/Gecko   (   84): ######################## BrowserElementChildPreload.js loaded
04-26 03:18:39.410 I/GeckoDump(   84): XXX FIXME : Got a mozContentEvent: system-message-listener-ready
04-26 03:18:39.720 D/Sensors (   84): SensorTMD2771::readEvents()======data_fd=53,count=16
04-26 03:18:39.720 D/Sensors (   84): SensorTMD2771::processEvent()=====code=40::value=1 
04-26 03:18:39.720 D/Sensors (   84): SensorTMD2771: mPendingEvents[Light].light = 1.000000
04-26 03:18:39.750 E/eng_rf_nv_update(   98): [set_rf_nvconf]: waiting rf finish self calibration!
04-26 03:18:40.250 E/eng_rf_nv_update(   98): [set_rf_nvconf]: waiting rf finish self calibration!
04-26 03:18:40.650 I/Gecko   (   84): 1398507520653	Marionette	INFO	loaded marionette-listener.js
04-26 03:18:40.650 I/Gecko   (   84): 1398507520655	Marionette	INFO	sendToClient: {"from":"0","value":"3-b2g"}, {b2c6af1e-95f1-4add-b1f4-dcb2cf4176ae}, {b2c6af1e-95f1-4add-b1f4-dcb2cf4176ae}
04-26 03:18:40.760 E/eng_rf_nv_update(   98): [set_rf_nvconf]: waiting rf finish self calibration!
04-26 03:18:40.790 E/GeckoConsole(   84): [JavaScript Warning: "Error in parsing value for 'padding'.  Declaration dropped." {file: "app://callscreen.gaiamobile.org/style/oncall.css" line: 280 column: 13 source: "    padding: none;"}]
04-26 03:18:40.990 I/Gecko   (   84): MobileConnection initialized
04-26 03:18:40.990 I/Gecko   (   84): MobileConnection initialized
04-26 03:18:41.060 E/Profiler(   84): BPUnw: [1 total] thread_unregister_for_profiling(me=0x1c73e88)  (NOT REGISTERED) 
04-26 03:18:41.260 E/eng_rf_nv_update(   98): [set_rf_nvconf]: waiting rf finish self calibration!
04-26 03:18:41.380 V/AudioPolicyManagerBase(   89): getDeviceForStrategy() from cache strategy 0, device 2
04-26 03:18:41.380 V/AudioPolicyManagerBase(   89): getOutput() stream 3, samplingRate 0, format 0, channels 3, flags 0
04-26 03:18:41.760 E/eng_rf_nv_update(   98): [set_rf_nvconf]: waiting rf finish self calibration!
04-26 03:18:41.960 I/Gecko   (   84): 1398507521962	Marionette	INFO	sendToClient: {"from":"0","value":{"ELEMENT":"{c2965101-f339-4c33-bd2b-7f2c46262896}"}}, {c1fdcef0-f23e-4558-a2c4-73076dc2e77d}, {c1fdcef0-f23e-4558-a2c4-73076dc2e77d}
04-26 03:18:42.060 I/Gecko   (   84): 1398507522067	Marionette	INFO	sendToClient: {"from":"0","value":false}, {c0c011f7-0511-4ee8-8199-b5d28dc0c6c2}, {c0c011f7-0511-4ee8-8199-b5d28dc0c6c2}
04-26 03:18:42.210 I/Gecko   (   84): 1398507522220	Marionette	INFO	sendToClient: {"from":"0","value":{"ELEMENT":"{c2965101-f339-4c33-bd2b-7f2c46262896}"}}, {7f43c644-d0c6-4535-b84e-0e3f6affa906}, {7f43c644-d0c6-4535-b84e-0e3f6affa906}
04-26 03:18:42.260 E/eng_rf_nv_update(   98): [set_rf_nvconf]: waiting rf finish self calibration!
04-26 03:18:42.300 I/Gecko   (   84): 1398507522305	Marionette	INFO	sendToClient: {"from":"0","value":false}, {8577b161-e67b-4c9d-8b14-b2b36a2ea2d1}, {8577b161-e67b-4c9d-8b14-b2b36a2ea2d1}
04-26 03:18:42.760 E/eng_rf_nv_update(   98): [set_rf_nvconf]: waiting rf finish self calibration!
04-26 03:18:43.140 I/Gecko   (   84): 1398507523147	Marionette	INFO	sendToClient: {"from":"0","value":{"ELEMENT":"{c2965101-f339-4c33-bd2b-7f2c46262896}"}}, {44bf49be-1f4a-4421-ad60-23f4800ea5dc}, {44bf49be-1f4a-4421-ad60-23f4800ea5dc}
04-26 03:18:43.230 I/Gecko   (   84): 1398507523237	Marionette	INFO	sendToClient: {"from":"0","value":false}, {4b39d77b-cde9-490f-bdbc-357b98f231f9}, {4b39d77b-cde9-490f-bdbc-357b98f231f9}
04-26 03:18:43.260 E/eng_rf_nv_update(   98): [set_rf_nvconf]: waiting rf finish self calibration!
04-26 03:18:43.370 I/Gecko   (   84): 1398507523374	Marionette	INFO	sendToClient: {"from":"0","value":{"ELEMENT":"{c2965101-f339-4c33-bd2b-7f2c46262896}"}}, {5f500eaa-7743-4bdc-9317-c4a4250e672e}, {5f500eaa-7743-4bdc-9317-c4a4250e672e}
04-26 03:18:43.440 I/Gecko   (   84): 1398507523443	Marionette	INFO	sendToClient: {"from":"0","value":false}, {0f1d76f4-16e8-4bfc-8456-043cafef9886}, {0f1d76f4-16e8-4bfc-8456-043cafef9886}
04-26 03:18:43.560 I/GeckoDump(   84): XXX FIXME : Got a mozContentEvent: accessibility-screenreader
04-26 03:18:43.610 I/GeckoDump(   84): XXX FIXME : Got a mozContentEvent: nfc-hardware-state-change
04-26 03:18:43.760 E/eng_rf_nv_update(   98): [set_rf_nvconf]: waiting rf finish self calibration!
04-26 03:18:44.130 I/Gecko   (   84): 1398507524139	Marionette	INFO	sendToClient: {"from":"0","value":{"ELEMENT":"{c2965101-f339-4c33-bd2b-7f2c46262896}"}}, {e26ae240-ba32-47c2-b8a2-d7e40e4a030e}, {e26ae240-ba32-47c2-b8a2-d7e40e4a030e}
04-26 03:18:44.260 E/eng_rf_nv_update(   98): [set_rf_nvconf]: waiting rf finish self calibration!
04-26 03:18:44.300 I/Gecko   (   84): 1398507524308	Marionette	INFO	sendToClient: {"from":"0","value":true}, {656c8f80-0398-4cc1-920e-236e8f967ad6}, {656c8f80-0398-4cc1-920e-236e8f967ad6}
04-26 03:18:44.500 I/FMRadio (   84): FMRadio is initialized.
04-26 03:18:44.620 E/GeckoConsole(   84): Content JS ERROR at app://system.gaiamobile.org/js/telephony_settings.js:23 in set_vpm_error: Error setting voice privacy.
04-26 03:18:44.620 E/GeckoConsole(   84): Content JS ERROR at app://system.gaiamobile.org/js/telephony_settings.js:23 in set_vpm_error: Error setting voice privacy.
04-26 03:18:44.680 E/GeckoConsole(   84): Content JS ERROR at app://system.gaiamobile.org/js/telephony_settings.js:42 in set_vpm_error: Error roaming preference.
04-26 03:18:44.700 E/GeckoConsole(   84): Content JS ERROR at app://system.gaiamobile.org/js/telephony_settings.js:42 in set_vpm_error: Error roaming preference.
04-26 03:18:44.760 E/eng_rf_nv_update(   98): [set_rf_nvconf]: waiting rf finish self calibration!
04-26 03:18:45.200 E/Profiler(   84): BPUnw: [1 total] thread_unregister_for_profiling(me=0x1c7b648)  (NOT REGISTERED) 
04-26 03:18:45.260 E/eng_rf_nv_update(   98): [set_rf_nvconf]: waiting rf finish self calibration!
04-26 03:18:45.450 I/GeckoDump(   84): XXX FIXME : Got a mozContentEvent: inputmethod-update-layouts
04-26 03:18:45.480 I/Gecko   (   84): ############################### browserElementPanning.js loaded
04-26 03:18:45.510 I/Gecko   (   84): ######################## BrowserElementChildPreload.js loaded
04-26 03:18:45.560 I/GeckoDump(   84): XXX FIXME : Got a mozContentEvent: inputmethod-update-layouts
04-26 03:18:45.770 E/eng_rf_nv_update(   98): [set_rf_nvconf]: waiting rf finish self calibration!
04-26 03:18:45.920 E/GeckoConsole(   84): [JavaScript Warning: "Error in parsing value for 'font-weight'.  Declaration dropped." {file: "app://keyboard.gaiamobile.org/style/keyboard.css" line: 133 column: 15 source: "  font-weight: medium;"}]
04-26 03:18:46.240 I/GeckoDump(   84): FTU manifest cannot be found skipping.
04-26 03:18:46.270 E/eng_rf_nv_update(   98): [set_rf_nvconf]: waiting rf finish self calibration!
04-26 03:18:46.270 I/Gonk    (   84): Setting nice for pid 359 to 18
04-26 03:18:46.270 I/Gonk    (   84): Changed nice for pid 359 from 18 to 18.
04-26 03:18:46.270 I/Gecko   (   84): [Parent 84] WARNING: waitpid failed pid:359 errno:10: file ../../../gecko/ipc/chromium/src/base/process_util_posix.cc, line 254
04-26 03:18:46.280 I/Gonk    (   84): Setting nice for pid 359 to 1
04-26 03:18:46.280 I/Gonk    (   84): Changed nice for pid 359 from 18 to 1.
04-26 03:18:46.440 I/Gecko   (   84): 1398507526447	Marionette	INFO	sendToClient: {"from":"0","ok":true}, {917fc3f9-d661-44e1-a558-244410638420}, {917fc3f9-d661-44e1-a558-244410638420}
04-26 03:18:46.510 I/Gecko   (   84): 1398507526516	Marionette	DEBUG	Got request: switchToFrame, data: {"to":"0","sessionId":"3-b2g","name":"switchToFrame","parameters":{"id":null,"focus":true}}, id: {9bc4f664-5ca4-494b-9b5c-7b6261c96b9a}
04-26 03:18:46.520 I/Gecko   (   84): 1398507526526	Marionette	INFO	Switched to frame: {"frameValue":null}
04-26 03:18:46.640 I/Gecko   (   84): 1398507526647	Marionette	INFO	sendToClient: {"from":"0","ok":true}, {9bc4f664-5ca4-494b-9b5c-7b6261c96b9a}, {9bc4f664-5ca4-494b-9b5c-7b6261c96b9a}
04-26 03:18:46.680 I/Gecko   (   84): 1398507526682	Marionette	DEBUG	Got request: executeWithCallback, data: {"to":"0","sessionId":"3-b2g","name":"executeAsyncScript","parameters":{"specialPowers":false,"scriptTimeout":null,"newSandbox":true,"args":[],"filename":"gaia_test.py","script":"GaiaLockScreen.unlock()","line":810}}, id: {56840bdd-a7b7-4e5a-bd07-f0c763264d91}
04-26 03:18:46.770 E/eng_rf_nv_update(   98): [set_rf_nvconf]: waiting rf finish self calibration!
04-26 03:18:47.020 I/Gecko   (   84): 1398507527026	Marionette	INFO	sendToClient: {"from":"0","value":{"passed":0,"failed":0,"failures":[]}}, {56840bdd-a7b7-4e5a-bd07-f0c763264d91}, {56840bdd-a7b7-4e5a-bd07-f0c763264d91}
04-26 03:18:47.270 E/eng_rf_nv_update(   98): [set_rf_nvconf]: waiting rf finish self calibration!
04-26 03:18:47.340 E/        (  103): nvcal_recv_from_modem: select n=0, retry 1
04-26 03:18:47.340 E/        (  103): nvcal_recv_from_modem: select n=0, retry 2
04-26 03:18:47.340 E/        (  103): nvcal_recv_from_modem: select n=0, retry 3
04-26 03:18:47.340 E/        (  103): nvcal_recv_from_modem: select n=0, retry 4
04-26 03:18:47.340 E/        (  103): nvcal_recv_from_modem: Receive 0 Modem Response
04-26 03:18:47.340 E/        (  103): read_rf_nvconf_cmd:  timeout=-1, response=[]
04-26 03:18:47.340 I//system/bin/eng_rf_nv_config(   82): recv from modem timeout=-1, cmdbuf=[]
04-26 03:18:47.360 I/Gecko   (  359): ###################################### forms.js loaded
04-26 03:18:47.410 I/Gecko   (  359): ############################### browserElementPanning.js loaded
04-26 03:18:47.440 E/        (  103): read_rf_nvconf_cmd: Get info from modem fail
04-26 03:18:47.440 E/        (  103): read_rf_nvconf_from_modem: read part1 data failed
04-26 03:18:47.440 E/eng_rf_nv_config(  103): [get_rf_nvconf] Error: get nv from modem failed! retry!
04-26 03:18:47.470 E/[Gralloc-ERROR](   84): int gralloc_register_buffer(const gralloc_module_t*, const native_handle_t*):79 Unable to register handle 0x475482e0 coming from different process: 84
04-26 03:18:47.480 E/[Gralloc-ERROR](   84): int gralloc_register_buffer(const gralloc_module_t*, const native_handle_t*):79 Unable to register handle 0x475486f0 coming from different process: 84
04-26 03:18:47.490 I/Gecko   (  359): ######################## BrowserElementChildPreload.js loaded
04-26 03:18:47.540 E/        (  103): read_rf_nvconf_from_modem: part1=[0xbed59364,976]; part2=[0xbed59734,880]; part3=[0xbed59aa4,400];
04-26 03:18:47.540 E/        (  103): read_rf_nvconf_cmd 
04-26 03:18:47.550 E/        (  103): read_rf_nvconf_cmd: send [39,1,AT+SNVM=0,415]
04-26 03:18:47.550 E/        (  103): nvcal_send_to_modem
04-26 03:18:47.550 E/        (  103): nvcal_recv_from_modem: Waiting modem response ... fd=7
04-26 03:18:47.550 D/SPRDENG (  168): eng_servermodem_comm: use SIM1 /dev/CHNPTY13
04-26 03:18:47.550 D/SPRDENG (  168): AT > AT+SNVM=0,415
04-26 03:18:47.550 D/SPRDENG (  168): 41
04-26 03:18:47.550 D/SPRDENG (  168): 54
04-26 03:18:47.550 D/SPRDENG (  168): 2b
04-26 03:18:47.550 D/SPRDENG (  168): 53
04-26 03:18:47.550 D/SPRDENG (  168): 4e
04-26 03:18:47.550 D/SPRDENG (  168): 56
04-26 03:18:47.550 D/SPRDENG (  168): 4d
04-26 03:18:47.550 D/SPRDENG (  168): 3d
04-26 03:18:47.550 D/SPRDENG (  168): 30
04-26 03:18:47.550 D/SPRDENG (  168): 2c
04-26 03:18:47.550 D/SPRDENG (  168): 34
04-26 03:18:47.550 D/SPRDENG (  168): 31
04-26 03:18:47.550 D/SPRDENG (  168): 35
04-26 03:18:47.550 D/SPRDENG (  168): eng_modem2server: use SIM1 /dev/CHNPTY13
04-26 03:18:47.680 E/[Gralloc-ERROR](   84): int gralloc_register_buffer(const gralloc_module_t*, const native_handle_t*):79 Unable to register handle 0x477d4790 coming from different process: 84
04-26 03:18:47.680 E/[Gralloc-ERROR](   84): int gralloc_register_buffer(const gralloc_module_t*, const native_handle_t*):79 Unable to register handle 0x477d4830 coming from different process: 84
04-26 03:18:47.760 I/Gecko   (   84): 1398507527771	Marionette	INFO	sendToClient: {"from":"0","ok":true}, {f6b2b332-6661-4236-ba43-05bbfdfa6e0d}, {f6b2b332-6661-4236-ba43-05bbfdfa6e0d}
04-26 03:18:47.770 E/eng_rf_nv_update(   98): [set_rf_nvconf]: waiting rf finish self calibration!
04-26 03:18:47.790 I/GeckoDump(   84): XXX FIXME : Got a mozContentEvent: nfc-hardware-state-change
04-26 03:18:47.820 I/GeckoDump(   84): XXX FIXME : Got a mozContentEvent: nfc-hardware-state-change
04-26 03:18:48.000 E/[Gralloc-ERROR](   84): int gralloc_unregister_buffer(const gralloc_module_t*, const native_handle_t*):274 Trying to unregister buffer 0x475486f0 from process 84 that was not created in current process: 84
04-26 03:18:48.000 E/[Gralloc-ERROR](   84): int gralloc_unregister_buffer(const gralloc_module_t*, const native_handle_t*):274 Trying to unregister buffer 0x475482e0 from process 84 that was not created in current process: 84
04-26 03:18:48.000 E/[Gralloc-ERROR](   84): int gralloc_unregister_buffer(const gralloc_module_t*, const native_handle_t*):274 Trying to unregister buffer 0x477d4830 from process 84 that was not created in current process: 84
04-26 03:18:48.000 E/[Gralloc-ERROR](   84): int gralloc_unregister_buffer(const gralloc_module_t*, const native_handle_t*):274 Trying to unregister buffer 0x477d4790 from process 84 that was not created in current process: 84
04-26 03:18:48.020 I/Gecko   (   84): 1398507528021	Marionette	DEBUG	Got request: switchToFrame, data: {"to":"0","sessionId":"3-b2g","name":"switchToFrame","parameters":{"id":null,"focus":true}}, id: {1bf743c7-673f-4c8b-92df-ccbcc9df02bf}
04-26 03:18:48.020 I/Gecko   (   84): 1398507528028	Marionette	INFO	Switched to frame: {"frameValue":null}
04-26 03:18:48.130 I/Gecko   (   84): 1398507528134	Marionette	INFO	sendToClient: {"from":"0","ok":true}, {1bf743c7-673f-4c8b-92df-ccbcc9df02bf}, {1bf743c7-673f-4c8b-92df-ccbcc9df02bf}
04-26 03:18:48.200 I/Gecko   (   84): 1398507528203	Marionette	DEBUG	Got request: executeWithCallback, data: {"to":"0","sessionId":"3-b2g","name":"executeAsyncScript","parameters":{"specialPowers":false,"scriptTimeout":60000,"newSandbox":true,"args":[],"filename":"app_checker.py","script":"\n        GaiaApps.locateWithManifestURL('http://www.zirma.net/firefox.webapp',\n                                       null,\n                                       function uninstall(app) {\n                                       navigator.mozApps.mgmt.uninstall(app);\n                                       marionetteScriptFinished(true);\n                                       });\n        ","line":129}}, id: {6c37bfd9-4f46-45b7-b2a6-d3148bf68535}
04-26 03:18:48.250 I/Gecko   (   84): -- webapps.js uninstall http://www.zirma.net/firefox.webapp
04-26 03:18:48.250 E/Profiler(   84): BPUnw: [1 total] thread_unregister_for_profiling(me=0x1c731c8)  (NOT REGISTERED) 
04-26 03:18:48.270 E/eng_rf_nv_update(   98): [set_rf_nvconf]: waiting rf finish self calibration!
04-26 03:18:48.440 I/Gecko   (   84): 1398507528443	Marionette	INFO	sendToClient: {"from":"0","value":true}, {6c37bfd9-4f46-45b7-b2a6-d3148bf68535}, {6c37bfd9-4f46-45b7-b2a6-d3148bf68535}
04-26 03:18:48.520 E/[Gralloc-ERROR](   84): int gralloc_register_buffer(const gralloc_module_t*, const native_handle_t*):79 Unable to register handle 0x47578510 coming from different process: 84
04-26 03:18:48.520 E/[Gralloc-ERROR](   84): int gralloc_register_buffer(const gralloc_module_t*, const native_handle_t*):79 Unable to register handle 0x47719600 coming from different process: 84
04-26 03:18:48.770 E/eng_rf_nv_update(   98): [set_rf_nvconf]: waiting rf finish self calibration!