--------- beginning of /dev/log/system
04-25 11:16:47.250 I/Vold    (   78): Vold 2.1 (the revenge) firing up
04-25 11:16:47.250 D/Vold    (   78): Volume sdcard state changing -1 (Initializing) -> 0 (No-Media)
04-25 11:16:47.360 D/Vold    (   78): Volume sdcard state changing 0 (No-Media) -> 2 (Pending)
04-25 11:16:47.360 D/Vold    (   78): Volume sdcard state changing 2 (Pending) -> 1 (Idle-Unmounted)
04-25 11:16:52.360 D/VoldCmdListener(   78): volume list
04-25 11:16:52.360 D/VoldCmdListener(   78): volume mount sdcard
04-25 11:16:52.360 I/Vold    (   78): /dev/block/vold/179:1 being considered for volume sdcard
04-25 11:16:52.360 D/Vold    (   78): Volume sdcard state changing 1 (Idle-Unmounted) -> 3 (Checking)
04-25 11:16:52.360 W/Vold    (   78): Skipping fs checks
04-25 11:16:52.420 I/Vold    (   78): Device /dev/block/vold/179:1, target /mnt/sdcard mounted @ /mnt/secure/staging
04-25 11:16:52.430 D/Vold    (   78): Volume sdcard state changing 3 (Checking) -> 4 (Mounted)
--------- beginning of /dev/log/main
04-25 11:16:53.820 D/pskey_bt(  329): get_next_u32: here:37007a
04-25 11:16:53.820 D/pskey_bt(  329): char:3, 3
04-25 11:16:53.820 D/pskey_bt(  329): char:5, 5
04-25 11:16:53.820 D/pskey_bt(  329): char:0, 0
04-25 11:16:53.820 D/pskey_bt(  329): char:0, 0
04-25 11:16:53.820 D/pskey_bt(  329): char:3, 3
04-25 11:16:53.820 D/pskey_bt(  329): char:6, 6
04-25 11:16:53.820 D/pskey_bt(  329): get_one_item(data) = 0x350036
04-25 11:16:53.820 D/pskey_bt(  329): get_next_u32: here:350036
04-25 11:16:53.820 D/pskey_bt(  329): char:2, 2
04-25 11:16:53.820 D/pskey_bt(  329): char:9, 9
04-25 11:16:53.820 D/pskey_bt(  329): char:0, 0
04-25 11:16:53.820 D/pskey_bt(  329): char:0, 0
04-25 11:16:53.820 D/pskey_bt(  329): char:3, 3
04-25 11:16:53.820 D/pskey_bt(  329): char:4, 4
04-25 11:16:53.820 D/pskey_bt(  329): get_one_item(data) = 0x290034
04-25 11:16:53.820 D/pskey_bt(  329): get_next_u32: here:290034
04-25 11:16:53.820 D/pskey_bt(  329): char:0, 0
04-25 11:16:53.820 D/pskey_bt(  329): char:A, A
04-25 11:16:53.820 D/pskey_bt(  329): char:0, 0
04-25 11:16:53.820 D/pskey_bt(  329): char:0, 0
04-25 11:16:53.820 D/pskey_bt(  329): char:2, 2
04-25 11:16:53.820 D/pskey_bt(  329): char:8, 8
04-25 11:16:53.820 D/pskey_bt(  329): get_one_item(data) = 0xa0028
04-25 11:16:53.820 D/pskey_bt(  329): get_next_u32: here:a0028
04-25 11:16:53.820 D/pskey_bt(  329): char:0, 0
04-25 11:16:53.820 D/pskey_bt(  329): char:0, 0
04-25 11:16:53.820 D/pskey_bt(  329): char:0, 0
04-25 11:16:53.820 D/pskey_bt(  329): char:6, 6
04-25 11:16:53.820 D/pskey_bt(  329): char:0, 0
04-25 11:16:53.820 D/pskey_bt(  329): char:0, 0
04-25 11:16:53.820 D/pskey_bt(  329): char:0, 0
04-25 11:16:53.820 D/pskey_bt(  329): char:9, 9
04-25 11:16:53.820 D/pskey_bt(  329): get_one_item(data) = 0x60009
04-25 11:16:53.820 D/pskey_bt(  329): get_next_u32: here:60009
04-25 11:16:53.820 D/pskey_bt(  329): end of buff, str=},
04-25 11:16:53.820 D/pskey_bt(  329): {0x0B,0x0A,0x09, 0x08, 0x07},
04-25 11:16:53.820 D/pskey_bt(  329): {0xFF, 0xFF, 0x8D, 0xFE, 0x9B, 0x3F, 0x79, 0x83,
04-25 11:16:53.820 D/pskey_bt(  329):   0xFF, 0xA7, 0xFF, 0x7F, 0x00, 0xE0, 0xF7, 0x3E},
04-25 11:16:53.820 D/pskey_bt(  329): {0xFF, 0xFF, 0xFF, 0xFF, 0xFF, 0xFF},
04-25 11:16:53.820 D/pskey_bt(  329): 0,
04-25 11:16:53.820 D/pskey_bt(  329): 1,
04-25 11:16:53.820 D/pskey_bt(  329): 5,
04-25 11:16:53.820 D/pskey_bt(  329): 0xE,
04-25 11:16:53.820 D/pskey_bt(  329): 1,
04-25 11:16:53.820 D/pskey_bt(  329): 1,
04-25 11:16:53.820 D/pskey_bt(  329): 0x50000000,
04-25 11:16:53.820 D/pskey_bt(  329): 0x50000150,
04-25 11:16:53.820 D/pskey_bt(  329): 0x50000150,
04-25 11:16:53.820 D/pskey_bt(  329): 0x50000154,
04-25 11:16:53.820 D/pskey_bt(  329): 0xFFFFFFFF,
04-25 11:16:53.820 D/pskey_bt(  329): 0x100,
04-25 11:16:53.820 D/pskey_bt(  329): 0xA0,
04-25 11:16:53.820 D/pskey_bt(  329): 0xDC,
04-25 11:16:53.820 D/pskey_bt(  329): 0x20,
04-25 11:16:53.820 D/pskey_bt(  329): 0x55,
04-25 11:16:53.820 D/pskey_bt(  329): 0x64,
04-25 11:16:53.820 D/pskey_bt(  329): 0,
04-25 11:16:53.820 D/pskey_bt(  329): 0x8,
04-25 11:16:53.820 D/pskey_bt(  329): 0x13C,
04-25 11:16:53.820 D/pskey_bt(  329): 0x2,
04-25 11:16:53.820 D/pskey_bt(  329): 0xD704,
04-25 11:16:53.820 D/pskey_bt(  329): 0x88888888,
04-25 11:16:53.820 D/pskey_bt(  329): 0x6,
04-25 11:16:53.820 D/pskey_bt(  329): 0x0,
04-25 11:16:53.820 D/pskey_bt(  329): {0x0001,0x0000,0x0000,0x0000,0x0000,0x0000,0x0000,0x0000,0x0000
04-25 11:16:53.820 D/pskey_bt(  329): char:0, 0
04-25 11:16:53.820 D/pskey_bt(  329): char:B, B
04-25 11:16:53.820 D/pskey_bt(  329): get_one_item(data) = 0xb
04-25 11:16:53.820 D/pskey_bt(  329): get_next_u32: here:b
04-25 11:16:53.820 D/pskey_bt(  329): char:0, 0
04-25 11:16:53.820 D/pskey_bt(  329): char:A, A
04-25 11:16:53.820 D/pskey_bt(  329): get_one_item(data) = 0xa
04-25 11:16:53.830 D/pskey_bt(  329): get_next_u32: here:a
04-25 11:16:53.830 D/pskey_bt(  329): char:0, 0
04-25 11:16:53.830 D/pskey_bt(  329): char:9, 9
04-25 11:16:53.830 D/pskey_bt(  329): get_one_item(data) = 0x9
04-25 11:16:53.830 D/pskey_bt(  329): get_next_u32: here:9
04-25 11:16:53.830 D/pskey_bt(  329): char:0, 0
04-25 11:16:53.830 D/pskey_bt(  329): char:8, 8
04-25 11:16:53.830 D/pskey_bt(  329): get_one_item(data) = 0x8
04-25 11:16:53.830 D/pskey_bt(  329): get_next_u32: here:8
04-25 11:16:53.830 D/pskey_bt(  329): char:0, 0
04-25 11:16:53.830 D/pskey_bt(  329): char:7, 7
04-25 11:16:53.830 D/pskey_bt(  329): get_one_item(data) = 0x7
04-25 11:16:53.830 D/pskey_bt(  329): get_next_u32: here:7
04-25 11:16:53.830 D/pskey_bt(  329): end of buff, str=},
04-25 11:16:53.830 D/pskey_bt(  329): {0xFF, 0xFF, 0x8D, 0xFE, 0x9B, 0x3F, 0x79, 0x83,
04-25 11:16:53.830 D/pskey_bt(  329):   0xFF, 0xA7, 0xFF, 0x7F, 0x00, 0xE0, 0xF7, 0x3E},
04-25 11:16:53.830 D/pskey_bt(  329): {0xFF, 0xFF, 0xFF, 0xFF, 0xFF, 0xFF},
04-25 11:16:53.830 D/pskey_bt(  329): 0,
04-25 11:16:53.830 D/pskey_bt(  329): 1,
04-25 11:16:53.830 D/pskey_bt(  329): 5,
04-25 11:16:53.830 D/pskey_bt(  329): 0xE,
04-25 11:16:53.830 D/pskey_bt(  329): 1,
04-25 11:16:53.830 D/pskey_bt(  329): 1,
04-25 11:16:53.830 D/pskey_bt(  329): 0x50000000,
04-25 11:16:53.830 D/pskey_bt(  329): 0x50000150,
04-25 11:16:53.830 D/pskey_bt(  329): 0x50000150,
04-25 11:16:53.830 D/pskey_bt(  329): 0x50000154,
04-25 11:16:53.830 D/pskey_bt(  329): 0xFFFFFFFF,
04-25 11:16:53.830 D/pskey_bt(  329): 0x100,
04-25 11:16:53.830 D/pskey_bt(  329): 0xA0,
04-25 11:16:53.830 D/pskey_bt(  329): 0xDC,
04-25 11:16:53.830 D/pskey_bt(  329): 0x20,
04-25 11:16:53.830 D/pskey_bt(  329): 0x55,
04-25 11:16:53.830 D/pskey_bt(  329): 0x64,
04-25 11:16:53.830 D/pskey_bt(  329): 0,
04-25 11:16:53.830 D/pskey_bt(  329): 0x8,
04-25 11:16:53.830 D/pskey_bt(  329): 0x13C,
04-25 11:16:53.830 D/pskey_bt(  329): 0x2,
04-25 11:16:53.830 D/pskey_bt(  329): 0xD704,
04-25 11:16:53.830 D/pskey_bt(  329): 0x88888888,
04-25 11:16:53.830 D/pskey_bt(  329): 0x6,
04-25 11:16:53.830 D/pskey_bt(  329): 0x0,
04-25 11:16:53.830 D/pskey_bt(  329): {0x0001,0x0000,0x0000,0x0000,0x0000,0x0000,0x0000,0x0000,0x0000
04-25 11:16:53.830 D/pskey_bt(  329): char:F, F
04-25 11:16:53.830 D/pskey_bt(  329): char:F, F
04-25 11:16:53.830 D/pskey_bt(  329): get_one_item(data) = 0xff
04-25 11:16:53.830 D/pskey_bt(  329): get_next_u8: here:ff
04-25 11:16:53.830 D/pskey_bt(  329): char:F, F
04-25 11:16:53.830 D/pskey_bt(  329): char:F, F
04-25 11:16:53.830 D/pskey_bt(  329): get_one_item(data) = 0xff
04-25 11:16:53.830 D/pskey_bt(  329): get_next_u8: here:ff
04-25 11:16:53.830 D/pskey_bt(  329): char:8, 8
04-25 11:16:53.830 D/pskey_bt(  329): char:D, D
04-25 11:16:53.830 D/pskey_bt(  329): get_one_item(data) = 0x8d
04-25 11:16:53.830 D/pskey_bt(  329): get_next_u8: here:8d
04-25 11:16:53.830 D/pskey_bt(  329): char:F, F
04-25 11:16:53.830 D/pskey_bt(  329): char:E, E
04-25 11:16:53.830 D/pskey_bt(  329): get_one_item(data) = 0xfe
04-25 11:16:53.830 D/pskey_bt(  329): get_next_u8: here:fe
04-25 11:16:53.830 D/pskey_bt(  329): char:9, 9
04-25 11:16:53.830 D/pskey_bt(  329): char:B, B
04-25 11:16:53.830 D/pskey_bt(  329): get_one_item(data) = 0x9b
04-25 11:16:53.830 D/pskey_bt(  329): get_next_u8: here:9b
04-25 11:16:53.830 D/pskey_bt(  329): char:3, 3
04-25 11:16:53.830 D/pskey_bt(  329): char:F, F
04-25 11:16:53.830 D/pskey_bt(  329): get_one_item(data) = 0x3f
04-25 11:16:53.830 D/pskey_bt(  329): get_next_u8: here:3f
04-25 11:16:53.830 D/pskey_bt(  329): char:7, 7
04-25 11:16:53.830 D/pskey_bt(  329): char:9, 9
04-25 11:16:53.830 D/pskey_bt(  329): get_one_item(data) = 0x79
04-25 11:16:53.830 D/pskey_bt(  329): get_next_u8: here:79
04-25 11:16:53.830 D/pskey_bt(  329): char:8, 8
04-25 11:16:53.830 D/pskey_bt(  329): char:3, 3
04-25 11:16:53.830 D/pskey_bt(  329): get_one_item(data) = 0x83
04-25 11:16:53.830 D/pskey_bt(  329): get_next_u8: here:83
04-25 11:16:53.830 D/pskey_bt(  329): char:F, F
04-25 11:16:53.830 D/pskey_bt(  329): char:F, F
04-25 11:16:53.830 D/pskey_bt(  329): get_one_item(data) = 0xff
04-25 11:16:53.830 D/pskey_bt(  329): get_next_u8: here:ff
04-25 11:16:53.830 D/pskey_bt(  329): char:A, A
04-25 11:16:53.830 D/pskey_bt(  329): char:7, 7
04-25 11:16:53.830 D/pskey_bt(  329): get_one_item(data) = 0xa7
04-25 11:16:53.830 D/pskey_bt(  329): get_next_u8: here:a7
04-25 11:16:53.830 D/pskey_bt(  329): char:F, F
04-25 11:16:53.830 D/pskey_bt(  329): char:F, F
04-25 11:16:53.830 D/pskey_bt(  329): get_one_item(data) = 0xff
04-25 11:16:53.830 D/pskey_bt(  329): get_next_u8: here:ff
04-25 11:16:53.830 D/pskey_bt(  329): char:7, 7
04-25 11:16:53.830 D/pskey_bt(  329): char:F, F
04-25 11:16:53.830 D/pskey_bt(  329): get_one_item(data) = 0x7f
04-25 11:16:53.830 D/pskey_bt(  329): get_next_u8: here:7f
04-25 11:16:53.830 D/pskey_bt(  329): char:0, 0
04-25 11:16:53.830 D/pskey_bt(  329): char:0, 0
04-25 11:16:53.830 D/pskey_bt(  329): get_one_item(data) = 0x0
04-25 11:16:53.830 D/pskey_bt(  329): get_next_u8: here:0
04-25 11:16:53.830 D/pskey_bt(  329): char:E, E
04-25 11:16:53.830 D/pskey_bt(  329): char:0, 0
04-25 11:16:53.830 D/pskey_bt(  329): get_one_item(data) = 0xe0
04-25 11:16:53.830 D/pskey_bt(  329): get_next_u8: here:e0
04-25 11:16:53.830 D/pskey_bt(  329): char:F, F
04-25 11:16:53.830 D/pskey_bt(  329): char:7, 7
04-25 11:16:53.830 D/pskey_bt(  329): get_one_item(data) = 0xf7
04-25 11:16:53.830 D/pskey_bt(  329): get_next_u8: here:f7
04-25 11:16:53.830 D/pskey_bt(  329): char:3, 3
04-25 11:16:53.830 D/pskey_bt(  329): char:E, E
04-25 11:16:53.830 D/pskey_bt(  329): get_one_item(data) = 0x3e
04-25 11:16:53.830 D/pskey_bt(  329): get_next_u8: here:3e
04-25 11:16:53.830 D/pskey_bt(  329): end of buff, str=},
04-25 11:16:53.830 D/pskey_bt(  329): {0xFF, 0xFF, 0xFF, 0xFF, 0xFF, 0xFF},
04-25 11:16:53.830 D/pskey_bt(  329): 0,
04-25 11:16:53.830 D/pskey_bt(  329): 1,
04-25 11:16:53.830 D/pskey_bt(  329): 5,
04-25 11:16:53.830 D/pskey_bt(  329): 0xE,
04-25 11:16:53.830 D/pskey_bt(  329): 1,
04-25 11:16:53.830 D/pskey_bt(  329): 1,
04-25 11:16:53.830 D/pskey_bt(  329): 0x50000000,
04-25 11:16:53.830 D/pskey_bt(  329): 0x50000150,
04-25 11:16:53.830 D/pskey_bt(  329): 0x50000150,
04-25 11:16:53.830 D/pskey_bt(  329): 0x50000154,
04-25 11:16:53.830 D/pskey_bt(  329): 0xFFFFFFFF,
04-25 11:16:53.830 D/pskey_bt(  329): 0x100,
04-25 11:16:53.830 D/pskey_bt(  329): 0xA0,
04-25 11:16:53.830 D/pskey_bt(  329): 0xDC,
04-25 11:16:53.830 D/pskey_bt(  329): 0x20,
04-25 11:16:53.830 D/pskey_bt(  329): 0x55,
04-25 11:16:53.830 D/pskey_bt(  329): 0x64,
04-25 11:16:53.830 D/pskey_bt(  329): 0,
04-25 11:16:53.830 D/pskey_bt(  329): 0x8,
04-25 11:16:53.830 D/pskey_bt(  329): 0x13C,
04-25 11:16:53.830 D/pskey_bt(  329): 0x2,
04-25 11:16:53.830 D/pskey_bt(  329): 0xD704,
04-25 11:16:53.830 D/pskey_bt(  329): 0x88888888,
04-25 11:16:53.830 D/pskey_bt(  329): 0x6,
04-25 11:16:53.830 D/pskey_bt(  329): 0x0,
04-25 11:16:53.830 D/pskey_bt(  329): {0x0001,0x0000,0x0000,0x0000,0x0000,0x0000,0x0000,0x0000,0x0000
04-25 11:16:53.830 D/pskey_bt(  329): char:F, F
04-25 11:16:53.830 D/pskey_bt(  329): char:F, F
04-25 11:16:53.830 D/pskey_bt(  329): get_one_item(data) = 0xff
04-25 11:16:53.830 D/pskey_bt(  329): get_next_u8: here:ff
04-25 11:16:53.830 D/pskey_bt(  329): char:F, F
04-25 11:16:53.830 D/pskey_bt(  329): char:F, F
04-25 11:16:53.830 D/pskey_bt(  329): get_one_item(data) = 0xff
04-25 11:16:53.830 D/pskey_bt(  329): get_next_u8: here:ff
04-25 11:16:53.830 D/pskey_bt(  329): char:F, F
04-25 11:16:53.830 D/pskey_bt(  329): char:F, F
04-25 11:16:53.830 D/pskey_bt(  329): get_one_item(data) = 0xff
04-25 11:16:53.830 D/pskey_bt(  329): get_next_u8: here:ff
04-25 11:16:53.830 D/pskey_bt(  329): char:F, F
04-25 11:16:53.830 D/pskey_bt(  329): char:F, F
04-25 11:16:53.830 D/pskey_bt(  329): get_one_item(data) = 0xff
04-25 11:16:53.830 D/pskey_bt(  329): get_next_u8: here:ff
04-25 11:16:53.830 D/pskey_bt(  329): char:F, F
04-25 11:16:53.830 D/pskey_bt(  329): char:F, F
04-25 11:16:53.830 D/pskey_bt(  329): get_one_item(data) = 0xff
04-25 11:16:53.830 D/pskey_bt(  329): get_next_u8: here:ff
04-25 11:16:53.830 D/pskey_bt(  329): char:F, F
04-25 11:16:53.830 D/pskey_bt(  329): char:F, F
04-25 11:16:53.830 D/pskey_bt(  329): get_one_item(data) = 0xff
04-25 11:16:53.830 D/pskey_bt(  329): get_next_u8: here:ff
04-25 11:16:53.830 D/pskey_bt(  329): end of buff, str=},
04-25 11:16:53.830 D/pskey_bt(  329): 0,
04-25 11:16:53.830 D/pskey_bt(  329): 1,
04-25 11:16:53.830 D/pskey_bt(  329): 5,
04-25 11:16:53.830 D/pskey_bt(  329): 0xE,
04-25 11:16:53.830 D/pskey_bt(  329): 1,
04-25 11:16:53.830 D/pskey_bt(  329): 1,
04-25 11:16:53.830 D/pskey_bt(  329): 0x50000000,
04-25 11:16:53.830 D/pskey_bt(  329): 0x50000150,
04-25 11:16:53.830 D/pskey_bt(  329): 0x50000150,
04-25 11:16:53.830 D/pskey_bt(  329): 0x50000154,
04-25 11:16:53.830 D/pskey_bt(  329): 0xFFFFFFFF,
04-25 11:16:53.830 D/pskey_bt(  329): 0x100,
04-25 11:16:53.830 D/pskey_bt(  329): 0xA0,
04-25 11:16:53.830 D/pskey_bt(  329): 0xDC,
04-25 11:16:53.830 D/pskey_bt(  329): 0x20,
04-25 11:16:53.830 D/pskey_bt(  329): 0x55,
04-25 11:16:53.830 D/pskey_bt(  329): 0x64,
04-25 11:16:53.830 D/pskey_bt(  329): 0,
04-25 11:16:53.830 D/pskey_bt(  329): 0x8,
04-25 11:16:53.830 D/pskey_bt(  329): 0x13C,
04-25 11:16:53.830 D/pskey_bt(  329): 0x2,
04-25 11:16:53.830 D/pskey_bt(  329): 0xD704,
04-25 11:16:53.830 D/pskey_bt(  329): 0x88888888,
04-25 11:16:53.830 D/pskey_bt(  329): 0x6,
04-25 11:16:53.830 D/pskey_bt(  329): 0x0,
04-25 11:16:53.830 D/pskey_bt(  329): {0x0001,0x0000,0x0000,0x0000,0x0000,0x0000,0x0000,0x0000,0x0000
04-25 11:16:53.830 D/pskey_bt(  329): char:0, 0
04-25 11:16:53.830 D/pskey_bt(  329): get_one_item(data) = 0x0
04-25 11:16:53.830 D/pskey_bt(  329): get_next_u8: here:0
04-25 11:16:53.830 D/pskey_bt(  329): char:1, 1
04-25 11:16:53.830 D/pskey_bt(  329): get_one_item(data) = 0x1
04-25 11:16:53.830 D/pskey_bt(  329): get_next_u8: here:1
04-25 11:16:53.830 D/pskey_bt(  329): char:5, 5
04-25 11:16:53.830 D/pskey_bt(  329): get_one_item(data) = 0x5
04-25 11:16:53.830 D/pskey_bt(  329): get_next_u8: here:5
04-25 11:16:53.830 D/pskey_bt(  329): char:E, E
04-25 11:16:53.830 D/pskey_bt(  329): get_one_item(data) = 0xe
04-25 11:16:53.830 D/pskey_bt(  329): get_next_u8: here:e
04-25 11:16:53.830 D/pskey_bt(  329): char:1, 1
04-25 11:16:53.830 D/pskey_bt(  329): get_one_item(data) = 0x1
04-25 11:16:53.830 D/pskey_bt(  329): get_next_u8: here:1
04-25 11:16:53.830 D/pskey_bt(  329): char:1, 1
04-25 11:16:53.830 D/pskey_bt(  329): get_one_item(data) = 0x1
04-25 11:16:53.830 D/pskey_bt(  329): get_next_u8: here:1
04-25 11:16:53.830 D/pskey_bt(  329): char:5, 5
04-25 11:16:53.830 D/pskey_bt(  329): char:0, 0
04-25 11:16:53.830 D/pskey_bt(  329): char:0, 0
04-25 11:16:53.830 D/pskey_bt(  329): char:0, 0
04-25 11:16:53.830 D/pskey_bt(  329): char:0, 0
04-25 11:16:53.830 D/pskey_bt(  329): char:0, 0
04-25 11:16:53.830 D/pskey_bt(  329): char:0, 0
04-25 11:16:53.830 D/pskey_bt(  329): char:0, 0
04-25 11:16:53.830 D/pskey_bt(  329): get_one_item(data) = 0x50000000
04-25 11:16:53.830 D/pskey_bt(  329): get_next_u32: here:50000000
04-25 11:16:53.830 D/pskey_bt(  329): char:5, 5
04-25 11:16:53.830 D/pskey_bt(  329): char:0, 0
04-25 11:16:53.830 D/pskey_bt(  329): char:0, 0
04-25 11:16:53.830 D/pskey_bt(  329): char:0, 0
04-25 11:16:53.830 D/pskey_bt(  329): char:0, 0
04-25 11:16:53.830 D/pskey_bt(  329): char:1, 1
04-25 11:16:53.830 D/pskey_bt(  329): char:5, 5
04-25 11:16:53.830 D/pskey_bt(  329): char:0, 0
04-25 11:16:53.830 D/pskey_bt(  329): get_one_item(data) = 0x50000150
04-25 11:16:53.830 D/pskey_bt(  329): get_next_u32: here:50000150
04-25 11:16:53.830 D/pskey_bt(  329): char:5, 5
04-25 11:16:53.830 D/pskey_bt(  329): char:0, 0
04-25 11:16:53.830 D/pskey_bt(  329): char:0, 0
04-25 11:16:53.830 D/pskey_bt(  329): char:0, 0
04-25 11:16:53.830 D/pskey_bt(  329): char:0, 0
04-25 11:16:53.830 D/pskey_bt(  329): char:1, 1
04-25 11:16:53.830 D/pskey_bt(  329): char:5, 5
04-25 11:16:53.830 D/pskey_bt(  329): char:0, 0
04-25 11:16:53.830 D/pskey_bt(  329): get_one_item(data) = 0x50000150
04-25 11:16:53.830 D/pskey_bt(  329): get_next_u32: here:50000150
04-25 11:16:53.830 D/pskey_bt(  329): char:5, 5
04-25 11:16:53.830 D/pskey_bt(  329): char:0, 0
04-25 11:16:53.830 D/pskey_bt(  329): char:0, 0
04-25 11:16:53.830 D/pskey_bt(  329): char:0, 0
04-25 11:16:53.830 D/pskey_bt(  329): char:0, 0
04-25 11:16:53.830 D/pskey_bt(  329): char:1, 1
04-25 11:16:53.830 D/pskey_bt(  329): char:5, 5
04-25 11:16:53.830 D/pskey_bt(  329): char:4, 4
04-25 11:16:53.830 D/pskey_bt(  329): get_one_item(data) = 0x50000154
04-25 11:16:53.830 D/pskey_bt(  329): get_next_u32: here:50000154
04-25 11:16:53.830 D/pskey_bt(  329): char:F, F
04-25 11:16:53.830 D/pskey_bt(  329): char:F, F
04-25 11:16:53.830 D/pskey_bt(  329): char:F, F
04-25 11:16:53.830 D/pskey_bt(  329): char:F, F
04-25 11:16:53.830 D/pskey_bt(  329): char:F, F
04-25 11:16:53.830 D/pskey_bt(  329): char:F, F
04-25 11:16:53.830 D/pskey_bt(  329): char:F, F
04-25 11:16:53.830 D/pskey_bt(  329): char:F, F
04-25 11:16:53.830 D/pskey_bt(  329): get_one_item(data) = 0xffffffff
04-25 11:16:53.830 D/pskey_bt(  329): get_next_u32: here:ffffffff
04-25 11:16:53.830 D/pskey_bt(  329): char:1, 1
04-25 11:16:53.830 D/pskey_bt(  329): char:0, 0
04-25 11:16:53.830 D/pskey_bt(  329): char:0, 0
04-25 11:16:53.830 D/pskey_bt(  329): get_one_item(data) = 0x100
04-25 11:16:53.830 D/pskey_bt(  329): get_next_u16: here:100
04-25 11:16:53.830 D/pskey_bt(  329): char:A, A
04-25 11:16:53.830 D/pskey_bt(  329): char:0, 0
04-25 11:16:53.830 D/pskey_bt(  329): get_one_item(data) = 0xa0
04-25 11:16:53.830 D/pskey_bt(  329): get_next_u16: here:a0
04-25 11:16:53.830 D/pskey_bt(  329): char:D, D
04-25 11:16:53.830 D/pskey_bt(  329): char:C, C
04-25 11:16:53.830 D/pskey_bt(  329): get_one_item(data) = 0xdc
04-25 11:16:53.830 D/pskey_bt(  329): get_next_u16: here:dc
04-25 11:16:53.830 D/pskey_bt(  329): char:2, 2
04-25 11:16:53.830 D/pskey_bt(  329): char:0, 0
04-25 11:16:53.830 D/pskey_bt(  329): get_one_item(data) = 0x20
04-25 11:16:53.830 D/pskey_bt(  329): get_next_u16: here:20
04-25 11:16:53.830 D/pskey_bt(  329): char:5, 5
04-25 11:16:53.830 D/pskey_bt(  329): char:5, 5
04-25 11:16:53.830 D/pskey_bt(  329): get_one_item(data) = 0x55
04-25 11:16:53.830 D/pskey_bt(  329): get_next_u16: here:55
04-25 11:16:53.830 D/pskey_bt(  329): char:6, 6
04-25 11:16:53.830 D/pskey_bt(  329): char:4, 4
04-25 11:16:53.830 D/pskey_bt(  329): get_one_item(data) = 0x64
04-25 11:16:53.830 D/pskey_bt(  329): get_next_u16: here:64
04-25 11:16:53.830 D/pskey_bt(  329): char:0, 0
04-25 11:16:53.830 D/pskey_bt(  329): get_one_item(data) = 0x0
04-25 11:16:53.830 D/pskey_bt(  329): get_next_u32: here:0
04-25 11:16:53.830 D/pskey_bt(  329): char:8, 8
04-25 11:16:53.830 D/pskey_bt(  329): get_one_item(data) = 0x8
04-25 11:16:53.830 D/pskey_bt(  329): get_next_u16: here:8
04-25 11:16:53.830 D/pskey_bt(  329): char:1, 1
04-25 11:16:53.830 D/pskey_bt(  329): char:3, 3
04-25 11:16:53.830 D/pskey_bt(  329): char:C, C
04-25 11:16:53.830 D/pskey_bt(  329): get_one_item(data) = 0x13c
04-25 11:16:53.830 D/pskey_bt(  329): get_next_u16: here:13c
04-25 11:16:53.830 D/pskey_bt(  329): char:2, 2
04-25 11:16:53.830 D/pskey_bt(  329): get_one_item(data) = 0x2
04-25 11:16:53.830 D/pskey_bt(  329): get_next_u16: here:2
04-25 11:16:53.830 D/pskey_bt(  329): char:D, D
04-25 11:16:53.830 D/pskey_bt(  329): char:7, 7
04-25 11:16:53.830 D/pskey_bt(  329): char:0, 0
04-25 11:16:53.830 D/pskey_bt(  329): char:4, 4
04-25 11:16:53.830 D/pskey_bt(  329): get_one_item(data) = 0xd704
04-25 11:16:53.830 D/pskey_bt(  329): get_next_u16: here:d704
04-25 11:16:53.830 D/pskey_bt(  329): char:8, 8
04-25 11:16:53.830 D/pskey_bt(  329): char:8, 8
04-25 11:16:53.830 D/pskey_bt(  329): char:8, 8
04-25 11:16:53.830 D/pskey_bt(  329): char:8, 8
04-25 11:16:53.830 D/pskey_bt(  329): char:8, 8
04-25 11:16:53.830 D/pskey_bt(  329): char:8, 8
04-25 11:16:53.830 D/pskey_bt(  329): char:8, 8
04-25 11:16:53.830 D/pskey_bt(  329): char:8, 8
04-25 11:16:53.830 D/pskey_bt(  329): get_one_item(data) = 0x88888888
04-25 11:16:53.830 D/pskey_bt(  329): get_next_u32: here:88888888
04-25 11:16:53.830 D/pskey_bt(  329): char:6, 6
04-25 11:16:53.830 D/pskey_bt(  329): get_one_item(data) = 0x6
04-25 11:16:53.830 D/pskey_bt(  329): get_next_u16: here:6
04-25 11:16:53.830 D/pskey_bt(  329): char:0, 0
04-25 11:16:53.830 D/pskey_bt(  329): get_one_item(data) = 0x0
04-25 11:16:53.830 D/pskey_bt(  329): get_next_u16: here:0
04-25 11:16:53.830 D/pskey_bt(  329): char:0, 0
04-25 11:16:53.830 D/pskey_bt(  329): char:0, 0
04-25 11:16:53.830 D/pskey_bt(  329): char:0, 0
04-25 11:16:53.830 D/pskey_bt(  329): char:1, 1
04-25 11:16:53.830 D/pskey_bt(  329): get_one_item(data) = 0x1
04-25 11:16:53.830 D/pskey_bt(  329): get_next_u32: here:1
04-25 11:16:53.830 D/pskey_bt(  329): char:0, 0
04-25 11:16:53.830 D/pskey_bt(  329): char:0, 0
04-25 11:16:53.830 D/pskey_bt(  329): char:0, 0
04-25 11:16:53.830 D/pskey_bt(  329): char:0, 0
04-25 11:16:53.830 D/pskey_bt(  329): get_one_item(data) = 0x0
04-25 11:16:53.830 D/pskey_bt(  329): get_next_u32: here:0
04-25 11:16:53.830 D/pskey_bt(  329): char:0, 0
04-25 11:16:53.830 D/pskey_bt(  329): char:0, 0
04-25 11:16:53.830 D/pskey_bt(  329): char:0, 0
04-25 11:16:53.830 D/pskey_bt(  329): char:0, 0
04-25 11:16:53.830 D/pskey_bt(  329): get_one_item(data) = 0x0
04-25 11:16:53.830 D/pskey_bt(  329): get_next_u32: here:0
04-25 11:16:53.830 D/pskey_bt(  329): char:0, 0
04-25 11:16:53.830 D/pskey_bt(  329): char:0, 0
04-25 11:16:53.830 D/pskey_bt(  329): char:0, 0
04-25 11:16:53.830 D/pskey_bt(  329): char:0, 0
04-25 11:16:53.830 D/pskey_bt(  329): get_one_item(data) = 0x0
04-25 11:16:53.830 D/pskey_bt(  329): get_next_u32: here:0
04-25 11:16:53.830 D/pskey_bt(  329): char:0, 0
04-25 11:16:53.830 D/pskey_bt(  329): char:0, 0
04-25 11:16:53.830 D/pskey_bt(  329): char:0, 0
04-25 11:16:53.830 D/pskey_bt(  329): char:0, 0
04-25 11:16:53.830 D/pskey_bt(  329): get_one_item(data) = 0x0
04-25 11:16:53.830 D/pskey_bt(  329): get_next_u32: here:0
04-25 11:16:53.830 D/pskey_bt(  329): char:0, 0
04-25 11:16:53.830 D/pskey_bt(  329): char:0, 0
04-25 11:16:53.830 D/pskey_bt(  329): char:0, 0
04-25 11:16:53.830 D/pskey_bt(  329): char:0, 0
04-25 11:16:53.830 D/pskey_bt(  329): get_one_item(data) = 0x0
04-25 11:16:53.830 D/pskey_bt(  329): get_next_u32: here:0
04-25 11:16:53.830 D/pskey_bt(  329): char:0, 0
04-25 11:16:53.830 D/pskey_bt(  329): char:0, 0
04-25 11:16:53.830 D/pskey_bt(  329): char:0, 0
04-25 11:16:53.830 D/pskey_bt(  329): char:0, 0
04-25 11:16:53.830 D/pskey_bt(  329): get_one_item(data) = 0x0
04-25 11:16:53.830 D/pskey_bt(  329): get_next_u32: here:0
04-25 11:16:53.830 D/pskey_bt(  329): char:0, 0
04-25 11:16:53.830 D/pskey_bt(  329): char:0, 0
04-25 11:16:53.830 D/pskey_bt(  329): char:0, 0
04-25 11:16:53.830 D/pskey_bt(  329): char:0, 0
04-25 11:16:53.830 D/pskey_bt(  329): get_one_item(data) = 0x0
04-25 11:16:53.830 D/pskey_bt(  329): get_next_u32: here:0
04-25 11:16:53.830 D/pskey_bt(  329): char:0, 0
04-25 11:16:53.830 D/pskey_bt(  329): char:0, 0
04-25 11:16:53.830 D/pskey_bt(  329): char:0, 0
04-25 11:16:53.830 D/pskey_bt(  329): char:0, 0
04-25 11:16:53.830 D/pskey_bt(  329): get_one_item(data) = 0x0
04-25 11:16:53.830 D/pskey_bt(  329): get_next_u32: here:0
04-25 11:16:53.830 D/pskey_bt(  329): get_one_item(data) = 0x0
04-25 11:16:53.830 D/pskey_bt(  329): get_next_u32: here:0
04-25 11:16:53.830 D/pskey_bt(  329): leave out tmp_buff=
04-25 11:16:53.830 D/pskey_bt(  329): parse pskey success, tmp_buff=0xe4d120
04-25 11:16:53.830 D/pskey_bt(  329): ret get pskey from file =0
04-25 11:16:53.830 D/pskey_bt(  329): data/btmac.txt does not exist 0 
04-25 11:16:53.930 D/pskey_bt(  329): tmp_mac:0065514deb0e
04-25 11:16:53.930 D/pskey_bt(  329): e  
04-25 11:16:53.930 D/pskey_bt(  329): eb  
04-25 11:16:53.930 D/pskey_bt(  329): 4d  
04-25 11:16:53.930 D/pskey_bt(  329): 51  
04-25 11:16:53.930 D/pskey_bt(  329): 65  
04-25 11:16:53.930 D/pskey_bt(  329): 0  
04-25 11:16:54.220 I/nsVolume(   84): nsVolume: sdcard state Mounted @ '/mnt/sdcard' gen 1 locked 0 fake 0 media 1 sharing 0 formatting 0
04-25 11:16:54.220 I/AutoMounter(   84): UpdateState: umsAvail:1 umsEnabled:1 mode:0 usbCablePluggedIn:1 tryToShare:0
04-25 11:16:54.220 I/AutoMounter(   84): UpdateState: Volume sdcard is Mounted and inserted @ /mnt/sdcard gen 1 locked 0 sharing n
04-25 11:16:54.220 I/AutoMounter(   84): UpdateState: umsAvail:1 umsEnabled:1 mode:0 usbCablePluggedIn:1 tryToShare:0
04-25 11:16:54.220 I/AutoMounter(   84): UpdateState: Volume sdcard is Mounted and inserted @ /mnt/sdcard gen 1 locked 0 sharing n
04-25 11:16:54.280 I/Gonk    (   84): RIL[0]: OnConnectSuccess
04-25 11:16:54.470 I/Gonk    (   84): RIL[1]: OnConnectSuccess
04-25 11:16:54.750 I/Gecko   (   84): 1398449814768	Marionette	DEBUG	accepted connection on 127.0.0.1:33206
04-25 11:16:54.950 E/bluedroid(   84): test bt_is_enabled
04-25 11:16:55.690 D/NetUtils(   84): failed to remove default route for wlan0: No such device
04-25 11:16:55.700 W/WifiHW  (   84): wifi_load_driver enter 262
04-25 11:16:55.700 W/WifiHW  (   84): DRIVER_MODULE_PATH= DRIVER_MODULE_ARG= 
04-25 11:16:55.700 W/WifiHW  (   84): driver insmod complete 
04-25 11:16:55.700 W/WifiHW  (   84): Driver() loaded succesffuly
04-25 11:16:55.950 W/WifiHW  (   87): wifi_change_fw_path: /system/lib/modules/itm_sta.ko
04-25 11:16:55.950 D/WifiHW  (   87): Unable to unload driver module "itm_ap.ko": No such file or directory
04-25 11:16:56.150 D/WifiHW  (   87): Unable to unload driver module "itm_sta.ko": No such file or directory
04-25 11:16:56.360 W/WifiHW  (   87): insmod filename=/system/lib/modules/itm_sta.ko args= 
04-25 11:16:56.470 V/AudioPolicyManagerBase(   89): setStreamVolumeIndex() stream 3, index 0
04-25 11:16:56.470 E/AudioPolicyManagerBase(   89): checkAndSetVolume stream=3, index=0, output=1, device=2
04-25 11:16:56.470 E/AudioPolicyManagerBase(   89): computeVolume, streamDesc=0x61abf0
04-25 11:16:56.470 V/AudioPolicyManagerBase(   89): setStreamVolume() for output 1 stream 3, volume 0.000000, delay 0
04-25 11:16:56.480 V/AudioPolicyManagerBase(   89): setStreamVolumeIndex() stream 1, index 0
04-25 11:16:56.480 E/AudioPolicyManagerBase(   89): checkAndSetVolume stream=1, index=0, output=1, device=2
04-25 11:16:56.480 E/AudioPolicyManagerBase(   89): computeVolume, streamDesc=0x61abb8
04-25 11:16:56.480 V/AudioPolicyManagerBase(   89): setStreamVolume() for output 1 stream 1, volume 0.000000, delay 0
04-25 11:16:56.500 V/AudioPolicyManagerBase(   89): setStreamVolumeIndex() stream 5, index 0
04-25 11:16:56.500 E/AudioPolicyManagerBase(   89): checkAndSetVolume stream=5, index=0, output=1, device=2
04-25 11:16:56.500 E/AudioPolicyManagerBase(   89): computeVolume, streamDesc=0x61ac28
04-25 11:16:56.500 V/AudioPolicyManagerBase(   89): setStreamVolume() for output 1 stream 5, volume 0.000000, delay 0
04-25 11:16:56.500 V/AudioPolicyManagerBase(   89): setStreamVolumeIndex() stream 2, index 0
04-25 11:16:56.500 E/AudioPolicyManagerBase(   89): checkAndSetVolume stream=2, index=0, output=1, device=2
04-25 11:16:56.500 E/AudioPolicyManagerBase(   89): computeVolume, streamDesc=0x61abd4
04-25 11:16:56.500 V/AudioPolicyManagerBase(   89): setStreamVolume() for output 1 stream 2, volume 0.000000, delay 0
04-25 11:16:56.500 V/AudioPolicyManagerBase(   89): setStreamVolumeIndex() stream 4, index 15
04-25 11:16:56.500 E/AudioPolicyManagerBase(   89): checkAndSetVolume stream=4, index=15, output=1, device=2
04-25 11:16:56.500 E/AudioPolicyManagerBase(   89): computeVolume, streamDesc=0x61ac0c
04-25 11:16:56.500 V/AudioPolicyManagerBase(   89): VOLUME vol index=[66 100 100], dB=[-10.2 0.0 0.0] ampl=1.00000
04-25 11:16:56.500 V/AudioPolicyManagerBase(   89): setStreamVolumeIndex() stream 0, index 5
04-25 11:16:56.500 E/AudioPolicyManagerBase(   89): checkAndSetVolume stream=0, index=5, output=1, device=2
04-25 11:16:56.500 E/AudioPolicyManagerBase(   89): computeVolume, streamDesc=0x61ab9c
04-25 11:16:56.500 V/AudioPolicyManagerBase(   89): VOLUME vol index=[66 100 100], dB=[-17.0 0.0 0.0] ampl=1.00000
04-25 11:16:56.500 V/AudioPolicyManagerBase(   89): setStreamVolumeIndex() stream 6, index 15
04-25 11:16:56.500 V/AudioPolicyManagerBase(   89): checkAndSetVolume() cannot set stream 6 volume with force use = 0 for comm
04-25 11:16:56.870 I/Gecko   (   84): -*- RadioInterface[0]: _lastKnownHomeNetwork: 310-410
04-25 11:16:57.410 E/Profiler(  349): BEGIN mozilla_sampler_init
04-25 11:16:57.410 E/Profiler(  349): BPUnw: [1 total] thread_register_for_profiling(me=0x4012f488, stacktop=0xbeb0e9b7)
04-25 11:16:57.410 E/Profiler(  349): SPS:
04-25 11:16:57.410 E/Profiler(  349): SPS: Unwind mode       = pseudo
04-25 11:16:57.410 E/Profiler(  349): SPS: Sampling interval = 0 ms (zero means "platform default")
04-25 11:16:57.410 E/Profiler(  349): SPS: Entry store size  = 0 (zero means "platform default")
04-25 11:16:57.410 E/Profiler(  349): SPS: UnwindStackScan   = 0 (max dubious frames per unwind).
04-25 11:16:57.410 E/Profiler(  349): SPS: Use env var MOZ_PROFILER_MODE=help for further information.
04-25 11:16:57.410 E/Profiler(  349): SPS:
04-25 11:16:57.410 E/Profiler(  349): Registering start signal
04-25 11:16:57.480 I/Gecko   (   84): -*- RadioInterface[1]: _lastKnownHomeNetwork: 214-07
04-25 11:16:57.680 I/Gecko   (   84): -*- RadioInterface[0]: _lastKnownHomeNetwork: 310-410
04-25 11:16:57.730 I/VolumeManager(   84): SetSharingMode for volume sdcard to 1 canBeShared = 1
04-25 11:16:57.730 I/AutoMounter(   84): UpdateState: umsAvail:1 umsEnabled:1 mode:0 usbCablePluggedIn:1 tryToShare:0
04-25 11:16:57.730 I/AutoMounter(   84): UpdateState: Volume sdcard is Mounted and inserted @ /mnt/sdcard gen 1 locked 0 sharing y
04-25 11:16:57.860 E/GeckoConsole(  349): Could not read chrome manifest 'file:///system/b2g/chrome.manifest'.
04-25 11:16:57.980 I/Gecko   (   84): ###################################### forms.js loaded
04-25 11:16:58.000 I/Gecko   (   84): ############################### browserElementPanning.js loaded
04-25 11:16:58.050 I/Gecko   (   84): ######################## BrowserElementChildPreload.js loaded
04-25 11:16:58.130 I/Gecko   (   84): *** UTM:SVC TimerManager:registerTimer - id: user-agent-updates-timer
04-25 11:16:58.130 E/GeckoConsole(   84): UTM:SVC TimerManager:registerTimer - id: user-agent-updates-timer
04-25 11:16:58.980 E/Profiler(   84): BPUnw: [1 total] thread_unregister_for_profiling(me=0x18de2f8)  (NOT REGISTERED) 
04-25 11:16:59.560 D/SoftapController(   87): Softap fwReload - Ok
04-25 11:16:59.560 E/BandwidthController(   87): No such iface wlan0 to delete
04-25 11:16:59.730 E/GeckoConsole(   84): [JavaScript Warning: "Error in parsing value for 'font-weight'.  Declaration dropped." {file: "app://system.gaiamobile.org/style/shrinking_ui/shrinking_ui.css" line: 9 column: 15 source: "  font-weight: medium;"}]
04-25 11:17:00.170 D/Sensors (   84): activate handle=0; drv=0
04-25 11:17:00.170 D/Sensors (   84): Lis3dhSensor: Control set 0
04-25 11:17:00.170 D/Sensors (   84): Lis3dhSensor: mEnabled = 0
04-25 11:17:00.170 I/Gecko   (   84): MobileConnection initialized
04-25 11:17:00.170 I/Gecko   (   84): MobileConnection initialized
04-25 11:17:00.720 I/Gecko   (   84): Attempting load of libEGL.so
04-25 11:17:00.770 D/libEGL  (   84): loaded /system/lib/egl/libEGL_mali.so
04-25 11:17:00.810 D/libEGL  (   84): loaded /system/lib/egl/libGLESv1_CM_mali.so
04-25 11:17:00.810 D/libEGL  (   84): loaded /system/lib/egl/libGLESv2_mali.so
04-25 11:17:00.830 I/HWComposer(   84): Creating new instance
04-25 11:17:00.830 E/HWComposer(   84): Failed to initialize hwc
04-25 11:17:00.890 E/GeckoConsole(   84): OpenGL compositor Initialized Succesfully.
04-25 11:17:00.890 E/GeckoConsole(   84): Version: OpenGL ES 2.0 Spreadtrum Build
04-25 11:17:00.890 E/GeckoConsole(   84): Vendor: ARM
04-25 11:17:00.890 E/GeckoConsole(   84): Renderer: Mali-300
04-25 11:17:00.890 E/GeckoConsole(   84): FBO Texture Target: TEXTURE_2D
04-25 11:17:01.340 I/Gonk    (   84): Setting nice for pid 361 to 18
04-25 11:17:01.340 I/Gonk    (   84): Changed nice for pid 361 from 0 to 18.
04-25 11:17:01.550 I/Gecko   (   84): 1398449821565	Marionette	DEBUG	accepted connection on 127.0.0.1:33207
04-25 11:17:02.090 E/WifiHW  (   84): Leo ensure_config_file_exists config_file=/data/misc/wifi/wpa_supplicant.conf
04-25 11:17:02.100 E/WifiHW  (   84): daemon_cmd=wpa_supplicant:-iwlan0 -c/data/misc/wifi/wpa_supplicant.conf
04-25 11:17:02.180 I/power   (   84): *** set_screen_state 1
04-25 11:17:02.180 D/Sensors (   84): activate handle=3; drv=1
04-25 11:17:02.180 D/Sensors (   84): SensorTMD2771::setEnable=0= en=1; newState=1; what=0; mEnabled=0
04-25 11:17:02.390 D/Sensors (   84): taos ---Light::TAOS_IOCTL_ALS_ON=== err=0
04-25 11:17:02.390 D/Sensors (   84): SensorTMD2771::setEnable=1= en=1; newState=1; what=0; mEnabled=1
04-25 11:17:02.390 D/Sensors (   84): SensorTMD2771::getEnable===mEnabled=0x1; enable=1
04-25 11:17:02.390 I/GeckoDump(   84): XXX FIXME : Got a mozContentEvent: nfc-hardware-state-change
04-25 11:17:02.500 I/Gecko   (   84): ############################### browserElementPanning.js loaded
04-25 11:17:02.580 I/Gecko   (   84): ######################## BrowserElementChildPreload.js loaded
04-25 11:17:02.680 I/GeckoDump(   84): XXX FIXME : Got a mozContentEvent: system-message-listener-ready
04-25 11:17:02.870 E/slog    (  317): handle_top_logdir: slog use external storage [17]
04-25 11:17:03.000 D/Sensors (   84): SensorTMD2771::readEvents()======data_fd=53,count=16
04-25 11:17:03.000 D/Sensors (   84): SensorTMD2771::processEvent()=====code=40::value=311 
04-25 11:17:03.000 D/Sensors (   84): SensorTMD2771: mPendingEvents[Light].light = 311.000000
04-25 11:17:04.840 W/WifiHW  (   84): wifi_command: LOG_LEVEL
04-25 11:17:04.840 W/WifiHW  (   84): wifi_command: STATUS
04-25 11:17:05.020 E/GeckoConsole(   84): [JavaScript Warning: "Error in parsing value for 'padding'.  Declaration dropped." {file: "app://callscreen.gaiamobile.org/style/oncall.css" line: 280 column: 13 source: "    padding: none;"}]
04-25 11:17:05.280 I/Gecko   (   84): MobileConnection initialized
04-25 11:17:05.280 I/Gecko   (   84): MobileConnection initialized
04-25 11:17:05.290 E/Profiler(   84): BPUnw: [1 total] thread_unregister_for_profiling(me=0x18de238)  (NOT REGISTERED) 
04-25 11:17:05.400 I/Gecko   (   84): 1398449825415	Marionette	INFO	loaded marionette-listener.js
04-25 11:17:05.400 I/Gecko   (   84): 1398449825417	Marionette	INFO	sendToClient: {"from":"0","value":"3-b2g"}, {c7d8091d-a465-4854-8411-b6c67d639b38}, {c7d8091d-a465-4854-8411-b6c67d639b38}
04-25 11:17:05.420 W/WifiHW  (   84): wifi_command: LIST_NETWORKS
04-25 11:17:05.430 W/WifiHW  (   84): wifi_command: DRIVER MACADDR
04-25 11:17:05.780 V/AudioPolicyManagerBase(   89): getDeviceForStrategy() from cache strategy 0, device 2
04-25 11:17:05.780 V/AudioPolicyManagerBase(   89): getOutput() stream 3, samplingRate 0, format 0, channels 3, flags 0
04-25 11:17:05.810 W/WifiHW  (   84): wifi_command: GET_NETWORK 0 ssid
04-25 11:17:05.810 W/WifiHW  (   84): wifi_command: GET_NETWORK 0 bssid
04-25 11:17:05.810 W/WifiHW  (   84): wifi_command: GET_NETWORK 0 psk
04-25 11:17:05.810 W/WifiHW  (   84): wifi_command: GET_NETWORK 0 wep_key0
04-25 11:17:05.810 W/WifiHW  (   84): wifi_command: GET_NETWORK 0 wep_key1
04-25 11:17:05.810 W/WifiHW  (   84): wifi_command: GET_NETWORK 0 wep_key2
04-25 11:17:05.810 W/WifiHW  (   84): wifi_command: GET_NETWORK 0 wep_key3
04-25 11:17:05.810 W/WifiHW  (   84): wifi_command: GET_NETWORK 0 wep_tx_keyidx
04-25 11:17:05.810 W/WifiHW  (   84): wifi_command: GET_NETWORK 0 priority
04-25 11:17:05.810 W/WifiHW  (   84): wifi_command: GET_NETWORK 0 key_mgmt
04-25 11:17:05.810 W/WifiHW  (   84): wifi_command: GET_NETWORK 0 scan_ssid
04-25 11:17:05.810 W/WifiHW  (   84): wifi_command: GET_NETWORK 0 disabled
04-25 11:17:05.820 W/WifiHW  (   84): wifi_command: GET_NETWORK 0 identity
04-25 11:17:05.820 W/WifiHW  (   84): wifi_command: GET_NETWORK 0 password
04-25 11:17:05.820 W/WifiHW  (   84): wifi_command: GET_NETWORK 0 auth_alg
04-25 11:17:05.820 W/WifiHW  (   84): wifi_command: GET_NETWORK 0 phase1
04-25 11:17:05.820 W/WifiHW  (   84): wifi_command: GET_NETWORK 0 phase2
04-25 11:17:05.820 W/WifiHW  (   84): wifi_command: GET_NETWORK 0 eap
04-25 11:17:05.820 W/WifiHW  (   84): wifi_command: GET_NETWORK 0 pin
04-25 11:17:05.820 W/WifiHW  (   84): wifi_command: GET_NETWORK 0 pcsc
04-25 11:17:06.200 W/WifiHW  (   84): wifi_command: ENABLE_NETWORK 0
04-25 11:17:06.200 W/WifiHW  (   84): wifi_command: AP_SCAN 1
04-25 11:17:06.330 W/WifiHW  (   84): wifi_command: SAVE_CONFIG
04-25 11:17:06.360 I/Gecko   (   84): 1398449826375	Marionette	INFO	sendToClient: {"from":"0","value":{"ELEMENT":"{f3b012a3-b2c5-4c86-af6c-b31ca84b0b24}"}}, {968b97e8-d7f6-42bb-991d-b90bd5b46dc9}, {968b97e8-d7f6-42bb-991d-b90bd5b46dc9}
04-25 11:17:06.430 I/Gecko   (   84): 1398449826448	Marionette	INFO	sendToClient: {"from":"0","value":false}, {348b89e7-7346-4947-9647-67323312b2c4}, {348b89e7-7346-4947-9647-67323312b2c4}
04-25 11:17:06.600 I/Gecko   (   84): 1398449826612	Marionette	INFO	sendToClient: {"from":"0","value":{"ELEMENT":"{f3b012a3-b2c5-4c86-af6c-b31ca84b0b24}"}}, {7280654a-a923-4963-8d90-f2c9b326cec3}, {7280654a-a923-4963-8d90-f2c9b326cec3}
04-25 11:17:06.700 I/Gecko   (   84): 1398449826717	Marionette	INFO	sendToClient: {"from":"0","value":false}, {90ccfc54-952f-46cd-a598-54c7934ca419}, {90ccfc54-952f-46cd-a598-54c7934ca419}
04-25 11:17:07.560 I/Gecko   (   84): 1398449827576	Marionette	INFO	sendToClient: {"from":"0","value":{"ELEMENT":"{f3b012a3-b2c5-4c86-af6c-b31ca84b0b24}"}}, {4aa815dd-99ab-4aaf-ac37-f885d40ce39c}, {4aa815dd-99ab-4aaf-ac37-f885d40ce39c}
04-25 11:17:07.640 I/Gecko   (   84): 1398449827656	Marionette	INFO	sendToClient: {"from":"0","value":false}, {56962c24-3452-49ad-bfa9-0869df5ca06b}, {56962c24-3452-49ad-bfa9-0869df5ca06b}
04-25 11:17:07.770 I/Gecko   (   84): 1398449827781	Marionette	INFO	sendToClient: {"from":"0","value":{"ELEMENT":"{f3b012a3-b2c5-4c86-af6c-b31ca84b0b24}"}}, {0d6c7bc5-d8af-4ecd-a759-a8b8e9dda10e}, {0d6c7bc5-d8af-4ecd-a759-a8b8e9dda10e}
04-25 11:17:07.820 I/Gecko   (   84): 1398449827832	Marionette	INFO	sendToClient: {"from":"0","value":false}, {73bbd9f1-638b-4664-8818-f4372aa085c2}, {73bbd9f1-638b-4664-8818-f4372aa085c2}
04-25 11:17:08.010 I/Gecko   (   84): 1398449828020	Marionette	INFO	sendToClient: {"from":"0","value":{"ELEMENT":"{f3b012a3-b2c5-4c86-af6c-b31ca84b0b24}"}}, {35890a7a-cf1c-478b-b166-bbcbc42ab174}, {35890a7a-cf1c-478b-b166-bbcbc42ab174}
04-25 11:17:08.100 I/GeckoDump(   84): XXX FIXME : Got a mozContentEvent: accessibility-screenreader
04-25 11:17:08.350 I/GeckoDump(   84): XXX FIXME : Got a mozContentEvent: nfc-hardware-state-change
04-25 11:17:08.440 I/Gecko   (   84): 1398449828456	Marionette	INFO	sendToClient: {"from":"0","value":true}, {66a8c774-fac1-485e-a816-92cb1bafe8bd}, {66a8c774-fac1-485e-a816-92cb1bafe8bd}
04-25 11:17:08.470 W/WifiHW  (   84): wifi_command: DRIVER SCAN-ACTIVE
04-25 11:17:08.600 W/WifiHW  (   84): wifi_command: SCAN
04-25 11:17:08.650 W/WifiHW  (   84): wifi_command: DRIVER SCAN-PASSIVE
04-25 11:17:09.150 I/FMRadio (   84): FMRadio is initialized.
04-25 11:17:09.180 E/GeckoConsole(   84): Content JS ERROR at app://system.gaiamobile.org/js/telephony_settings.js:23 in set_vpm_error: Error setting voice privacy.
04-25 11:17:09.180 E/GeckoConsole(   84): Content JS ERROR at app://system.gaiamobile.org/js/telephony_settings.js:23 in set_vpm_error: Error setting voice privacy.
04-25 11:17:09.180 E/GeckoConsole(   84): Content JS ERROR at app://system.gaiamobile.org/js/telephony_settings.js:42 in set_vpm_error: Error roaming preference.
04-25 11:17:09.180 E/GeckoConsole(   84): Content JS ERROR at app://system.gaiamobile.org/js/telephony_settings.js:42 in set_vpm_error: Error roaming preference.
04-25 11:17:10.060 I/GeckoDump(   84): XXX FIXME : Got a mozContentEvent: inputmethod-update-layouts
04-25 11:17:10.120 I/Gecko   (   84): ############################### browserElementPanning.js loaded
04-25 11:17:10.150 I/Gecko   (   84): ######################## BrowserElementChildPreload.js loaded
04-25 11:17:10.240 I/GeckoDump(   84): XXX FIXME : Got a mozContentEvent: inputmethod-update-layouts
04-25 11:17:11.090 E/GeckoConsole(   84): [JavaScript Warning: "Error in parsing value for 'font-weight'.  Declaration dropped." {file: "app://keyboard.gaiamobile.org/style/keyboard.css" line: 133 column: 15 source: "  font-weight: medium;"}]
04-25 11:17:11.260 I/Gecko   (   84): 1398449831270	Marionette	INFO	sendToClient: {"from":"0","ok":true}, {03ca6340-1bb7-4923-b151-aae525d20d31}, {03ca6340-1bb7-4923-b151-aae525d20d31}
04-25 11:17:11.300 I/Gecko   (   84): 1398449831313	Marionette	DEBUG	Got request: switchToFrame, data: {"to":"0","sessionId":"3-b2g","name":"switchToFrame","parameters":{"id":null,"focus":true}}, id: {f98734c3-c9db-453b-8b48-da3b21b993d9}
04-25 11:17:11.300 I/Gecko   (   84): 1398449831318	Marionette	INFO	Switched to frame: {"frameValue":null}
04-25 11:17:11.400 W/WifiHW  (   84): wifi_command: SCAN_RESULTS
04-25 11:17:11.410 W/WifiHW  (   84): wifi_command: DRIVER SCAN-PASSIVE
04-25 11:17:11.420 I/Gecko   (   84): 1398449831436	Marionette	INFO	sendToClient: {"from":"0","ok":true}, {f98734c3-c9db-453b-8b48-da3b21b993d9}, {f98734c3-c9db-453b-8b48-da3b21b993d9}
04-25 11:17:11.490 W/WifiHW  (   84): wifi_command: GET_NETWORK 0 ssid
04-25 11:17:11.490 W/WifiHW  (   84): wifi_command: GET_NETWORK 0 bssid
04-25 11:17:11.490 W/WifiHW  (   84): wifi_command: GET_NETWORK 0 psk
04-25 11:17:11.500 W/WifiHW  (   84): wifi_command: GET_NETWORK 0 wep_key0
04-25 11:17:11.500 W/WifiHW  (   84): wifi_command: GET_NETWORK 0 wep_key1
04-25 11:17:11.500 W/WifiHW  (   84): wifi_command: GET_NETWORK 0 wep_key2
04-25 11:17:11.500 W/WifiHW  (   84): wifi_command: GET_NETWORK 0 wep_key3
04-25 11:17:11.500 W/WifiHW  (   84): wifi_command: GET_NETWORK 0 wep_tx_keyidx
04-25 11:17:11.500 W/WifiHW  (   84): wifi_command: GET_NETWORK 0 priority
04-25 11:17:11.500 W/WifiHW  (   84): wifi_command: GET_NETWORK 0 key_mgmt
04-25 11:17:11.510 W/WifiHW  (   84): wifi_command: GET_NETWORK 0 scan_ssid
04-25 11:17:11.510 W/WifiHW  (   84): wifi_command: GET_NETWORK 0 disabled
04-25 11:17:11.510 W/WifiHW  (   84): wifi_command: GET_NETWORK 0 identity
04-25 11:17:11.520 W/WifiHW  (   84): wifi_command: GET_NETWORK 0 password
04-25 11:17:11.520 W/WifiHW  (   84): wifi_command: GET_NETWORK 0 auth_alg
04-25 11:17:11.520 W/WifiHW  (   84): wifi_command: GET_NETWORK 0 phase1
04-25 11:17:11.520 W/WifiHW  (   84): wifi_command: GET_NETWORK 0 phase2
04-25 11:17:11.520 W/WifiHW  (   84): wifi_command: GET_NETWORK 0 eap
04-25 11:17:11.520 W/WifiHW  (   84): wifi_command: GET_NETWORK 0 pin
04-25 11:17:11.520 W/WifiHW  (   84): wifi_command: GET_NETWORK 0 pcsc
04-25 11:17:11.600 I/Gecko   (   84): 1398449831610	Marionette	DEBUG	Got request: executeWithCallback, data: {"to":"0","sessionId":"3-b2g","name":"executeAsyncScript","parameters":{"specialPowers":false,"scriptTimeout":null,"newSandbox":true,"args":[],"filename":"gaia_test.py","script":"GaiaLockScreen.unlock()","line":810}}, id: {1012e6ab-9328-4c8a-871f-9a1192361d6c}
04-25 11:17:11.760 I/Gonk    (   84): Setting nice for pid 361 to 18
04-25 11:17:11.760 I/Gonk    (   84): Changed nice for pid 361 from 18 to 18.
04-25 11:17:11.760 I/Gecko   (   84): [Parent 84] WARNING: waitpid failed pid:361 errno:10: file ../../../gecko/ipc/chromium/src/base/process_util_posix.cc, line 254
04-25 11:17:11.790 I/Gonk    (   84): Setting nice for pid 361 to 1
04-25 11:17:11.790 I/Gonk    (   84): Changed nice for pid 361 from 18 to 1.
04-25 11:17:12.260 W/WifiHW  (   84): wifi_command: SIGNAL_POLL
04-25 11:17:12.260 W/WifiHW  (   84): wifi_command: GET_NETWORK 0 ssid
04-25 11:17:12.260 W/WifiHW  (   84): wifi_command: GET_NETWORK 0 bssid
04-25 11:17:12.260 W/WifiHW  (   84): wifi_command: GET_NETWORK 0 psk
04-25 11:17:12.260 W/WifiHW  (   84): wifi_command: GET_NETWORK 0 wep_key0
04-25 11:17:12.260 W/WifiHW  (   84): wifi_command: GET_NETWORK 0 wep_key1
04-25 11:17:12.260 W/WifiHW  (   84): wifi_command: GET_NETWORK 0 wep_key2
04-25 11:17:12.260 W/WifiHW  (   84): wifi_command: GET_NETWORK 0 wep_key3
04-25 11:17:12.280 W/WifiHW  (   84): wifi_command: GET_NETWORK 0 wep_tx_keyidx
04-25 11:17:12.290 W/WifiHW  (   84): wifi_command: GET_NETWORK 0 priority
04-25 11:17:12.290 W/WifiHW  (   84): wifi_command: GET_NETWORK 0 key_mgmt
04-25 11:17:12.290 W/WifiHW  (   84): wifi_command: GET_NETWORK 0 scan_ssid
04-25 11:17:12.290 W/WifiHW  (   84): wifi_command: GET_NETWORK 0 disabled
04-25 11:17:12.290 W/WifiHW  (   84): wifi_command: GET_NETWORK 0 identity
04-25 11:17:12.290 W/WifiHW  (   84): wifi_command: GET_NETWORK 0 password
04-25 11:17:12.290 W/WifiHW  (   84): wifi_command: GET_NETWORK 0 auth_alg
04-25 11:17:12.300 W/WifiHW  (   84): wifi_command: GET_NETWORK 0 phase1
04-25 11:17:12.300 W/WifiHW  (   84): wifi_command: GET_NETWORK 0 phase2
04-25 11:17:12.300 W/WifiHW  (   84): wifi_command: GET_NETWORK 0 eap
04-25 11:17:12.300 W/WifiHW  (   84): wifi_command: GET_NETWORK 0 pin
04-25 11:17:12.300 W/WifiHW  (   84): wifi_command: GET_NETWORK 0 pcsc
04-25 11:17:12.420 I/Gecko   (   84): 1398449832431	Marionette	INFO	sendToClient: {"from":"0","value":{"passed":0,"failed":0,"failures":[]}}, {1012e6ab-9328-4c8a-871f-9a1192361d6c}, {1012e6ab-9328-4c8a-871f-9a1192361d6c}
04-25 11:17:12.890 E/Profiler(   84): BPUnw: [1 total] thread_unregister_for_profiling(me=0x18df480)  (NOT REGISTERED) 
04-25 11:17:13.210 E/[Gralloc-ERROR](   84): int gralloc_register_buffer(const gralloc_module_t*, const native_handle_t*):79 Unable to register handle 0x45b9ae70 coming from different process: 84
04-25 11:17:13.210 E/[Gralloc-ERROR](   84): int gralloc_register_buffer(const gralloc_module_t*, const native_handle_t*):79 Unable to register handle 0x45b9af10 coming from different process: 84
04-25 11:17:13.480 I/GeckoDump(   84): XXX FIXME : Got a mozContentEvent: nfc-hardware-state-change
04-25 11:17:13.500 I/GeckoDump(   84): XXX FIXME : Got a mozContentEvent: nfc-hardware-state-change
04-25 11:17:13.830 I/Gecko   (   84): 1398449833842	Marionette	INFO	sendToClient: {"from":"0","ok":true}, {e626aec1-d4f9-4681-8d35-1af08260de68}, {e626aec1-d4f9-4681-8d35-1af08260de68}
04-25 11:17:13.890 E/[Gralloc-ERROR](   84): int gralloc_unregister_buffer(const gralloc_module_t*, const native_handle_t*):274 Trying to unregister buffer 0x45b9af10 from process 84 that was not created in current process: 84
04-25 11:17:13.890 E/[Gralloc-ERROR](   84): int gralloc_unregister_buffer(const gralloc_module_t*, const native_handle_t*):274 Trying to unregister buffer 0x45b9ae70 from process 84 that was not created in current process: 84
04-25 11:17:14.010 I/GeckoDump(   84): FTU manifest cannot be found skipping.
04-25 11:17:14.100 I/Gecko   (   84): 1398449834114	Marionette	DEBUG	Got request: switchToFrame, data: {"to":"0","sessionId":"3-b2g","name":"switchToFrame","parameters":{"id":null,"focus":true}}, id: {a1819483-e65a-4113-b77a-30fec7a38033}
04-25 11:17:14.270 I/Gecko   (   84): 1398449834281	Marionette	INFO	Switched to frame: {"frameValue":null}
04-25 11:17:14.430 I/Gecko   (  361): ###################################### forms.js loaded
04-25 11:17:14.510 I/Gecko   (  361): ############################### browserElementPanning.js loaded
04-25 11:17:14.550 I/Gecko   (   84): 1398449834566	Marionette	INFO	sendToClient: {"from":"0","ok":true}, {a1819483-e65a-4113-b77a-30fec7a38033}, {a1819483-e65a-4113-b77a-30fec7a38033}
04-25 11:17:14.590 I/Gecko   (  361): ######################## BrowserElementChildPreload.js loaded
04-25 11:17:14.700 I/Gecko   (   84): 1398449834714	Marionette	DEBUG	Got request: executeWithCallback, data: {"to":"0","sessionId":"3-b2g","name":"executeAsyncScript","parameters":{"specialPowers":false,"scriptTimeout":60000,"newSandbox":true,"args":[],"filename":"app_checker.py","script":"\n        GaiaApps.locateWithManifestURL('http://zombies-cant-jump.tresensa.com/manifest.webapp',\n                                       null,\n                                       function uninstall(app) {\n                                       navigator.mozApps.mgmt.uninstall(app);\n                                       marionetteScriptFinished(true);\n                                       });\n        ","line":129}}, id: {52c615c8-3b08-483b-8386-8f49ca1c3055}
04-25 11:17:14.770 I/Gecko   (   84): -- webapps.js uninstall http://zombies-cant-jump.tresensa.com/manifest.webapp
04-25 11:17:15.330 I/Gecko   (   84): 1398449835343	Marionette	INFO	sendToClient: {"from":"0","value":true}, {52c615c8-3b08-483b-8386-8f49ca1c3055}, {52c615c8-3b08-483b-8386-8f49ca1c3055}